NCAPTC: : NetCDF: Variable not found
Warning: ieee_overflow is signaling
Warning: ieee_underflow is signaling
Warning: ieee_inexact is signaling
FORTRAN STOP
 solver
 /global/common/software/atom/perlmutter/data/greentable/
 /global/common/software/atom/perlmutter/data/greentable/

          EFITD Version  07/09/2014


 type mode (2=file, 3=snap, 4=time, 5=input, 6=com file, 7=snap_ext):

 number of time slices?

 type input file names:
 #
 table_dir = </global/common/software/atom/perlmutter/data/greentable/>

  ----- time =     1 ms ----- ( 0)
 it=  1 chi2=0.00E+00 zm= 7.50E-03 err=4.533E+00 dz= 7.499E-03 chigam= 0.00E+00
 it=  2 chi2=0.00E+00 zm= 1.04E-02 err=9.505E-01 dz= 2.874E-03 chigam= 0.00E+00
 it=  3 chi2=0.00E+00 zm= 1.25E-02 err=5.202E-01 dz= 2.176E-03 chigam= 0.00E+00
 it=  4 chi2=0.00E+00 zm= 1.41E-02 err=2.839E-01 dz= 1.599E-03 chigam= 0.00E+00
 it=  5 chi2=0.00E+00 zm= 1.53E-02 err=1.576E-01 dz= 1.151E-03 chigam= 0.00E+00
 it=  6 chi2=0.00E+00 zm= 1.61E-02 err=8.768E-02 dz= 8.068E-04 chigam= 0.00E+00
 it=  7 chi2=0.00E+00 zm= 1.67E-02 err=5.030E-02 dz= 5.689E-04 chigam= 0.00E+00
 it=  8 chi2=0.00E+00 zm= 1.71E-02 err=2.911E-02 dz= 3.988E-04 chigam= 0.00E+00
 it=  9 chi2=0.00E+00 zm= 1.74E-02 err=1.794E-02 dz= 2.779E-04 chigam= 0.00E+00
 it= 10 chi2=0.00E+00 zm= 1.75E-02 err=1.150E-02 dz= 1.938E-04 chigam= 0.00E+00
 it= 11 chi2=0.00E+00 zm= 1.77E-02 err=7.430E-03 dz= 1.350E-04 chigam= 0.00E+00
 it= 12 chi2=0.00E+00 zm= 1.78E-02 err=4.902E-03 dz= 9.418E-05 chigam= 0.00E+00
 it= 13 chi2=0.00E+00 zm= 1.78E-02 err=3.066E-03 dz= 6.531E-05 chigam= 0.00E+00
 it= 14 chi2=0.00E+00 zm= 1.79E-02 err=2.163E-03 dz= 4.577E-05 chigam= 0.00E+00
 it= 15 chi2=0.00E+00 zm= 1.79E-02 err=1.280E-03 dz= 3.161E-05 chigam= 0.00E+00
 it= 16 chi2=0.00E+00 zm= 1.79E-02 err=8.160E-04 dz= 2.190E-05 chigam= 0.00E+00
 it= 17 chi2=0.00E+00 zm= 1.80E-02 err=7.303E-04 dz= 1.564E-05 chigam= 0.00E+00
 it= 18 chi2=0.00E+00 zm= 1.80E-02 err=3.614E-04 dz= 1.072E-05 chigam= 0.00E+00
 it= 19 chi2=0.00E+00 zm= 1.80E-02 err=1.850E-04 dz= 7.321E-06 chigam= 0.00E+00
 it= 20 chi2=0.00E+00 zm= 1.80E-02 err=9.915E-05 dz= 4.992E-06 chigam= 0.00E+00

      ******************** EFITD129 x 129  output ********************

       data used:   
  0 flux loops
  0 magnetic probes(i)
  0 full rogowski
  0 diamagnetic loop


 shot #   =          1 time(ms) =          1 chi**2   =  0.000E+00
 betat(%) =      0.965 betap    =      0.612 li       =      0.872
 vol(cm3) =  0.927E+07 rout(cm) =    170.930 zout(cm) =     -0.339
 elong    =      1.398 utriang  =     -0.519 ltriang  =     -0.490
 a(cm)    =     44.875 lin(cm)  = ********** lout(cm) =      0.902
 ltop(cm) = ********** q*       =      3.050 rc(cm)   =    176.862
 zc(cm)   =      1.423 bt0(t)   =      2.000 qout     =      2.896
