NCAPTC: : NetCDF: Variable not found
Warning: ieee_overflow is signaling
Warning: ieee_underflow is signaling
Warning: ieee_inexact is signaling
FORTRAN STOP
 solver
 /global/common/software/atom/perlmutter/data/greentable/
 /global/common/software/atom/perlmutter/data/greentable/

          EFITD Version  07/09/2014


 type mode (2=file, 3=snap, 4=time, 5=input, 6=com file, 7=snap_ext):

 number of time slices?

 type input file names:
 #
 table_dir = </global/common/software/atom/perlmutter/data/greentable/>

  ----- time =     0 ms ----- ( 0)
 it=  1 chi2=0.00E+00 zm= 7.53E-03 err=5.202E+00 dz= 7.535E-03 chigam= 0.00E+00
 it=  2 chi2=0.00E+00 zm= 1.06E-02 err=8.547E-01 dz= 3.106E-03 chigam= 0.00E+00
 it=  3 chi2=0.00E+00 zm= 1.29E-02 err=4.608E-01 dz= 2.308E-03 chigam= 0.00E+00
 it=  4 chi2=0.00E+00 zm= 1.47E-02 err=2.643E-01 dz= 1.719E-03 chigam= 0.00E+00
 it=  5 chi2=0.00E+00 zm= 1.60E-02 err=1.568E-01 dz= 1.296E-03 chigam= 0.00E+00
 it=  6 chi2=0.00E+00 zm= 1.69E-02 err=9.801E-02 dz= 9.853E-04 chigam= 0.00E+00
 it=  7 chi2=0.00E+00 zm= 1.77E-02 err=6.202E-02 dz= 7.511E-04 chigam= 0.00E+00
 it=  8 chi2=0.00E+00 zm= 1.83E-02 err=3.889E-02 dz= 5.694E-04 chigam= 0.00E+00
 it=  9 chi2=0.00E+00 zm= 1.87E-02 err=2.197E-02 dz= 4.205E-04 chigam= 0.00E+00
 it= 10 chi2=0.00E+00 zm= 1.90E-02 err=1.417E-02 dz= 3.103E-04 chigam= 0.00E+00
 it= 11 chi2=0.00E+00 zm= 1.92E-02 err=5.951E-03 dz= 2.246E-04 chigam= 0.00E+00
 it= 12 chi2=0.00E+00 zm= 1.94E-02 err=3.384E-03 dz= 1.649E-04 chigam= 0.00E+00
 it= 13 chi2=0.00E+00 zm= 1.95E-02 err=2.319E-03 dz= 1.206E-04 chigam= 0.00E+00
 it= 14 chi2=0.00E+00 zm= 1.96E-02 err=1.735E-03 dz= 8.811E-05 chigam= 0.00E+00
 it= 15 chi2=0.00E+00 zm= 1.97E-02 err=2.067E-03 dz= 6.788E-05 chigam= 0.00E+00
 it= 16 chi2=0.00E+00 zm= 1.97E-02 err=1.334E-03 dz= 5.011E-05 chigam= 0.00E+00
 it= 17 chi2=0.00E+00 zm= 1.98E-02 err=8.820E-04 dz= 3.689E-05 chigam= 0.00E+00
 it= 18 chi2=0.00E+00 zm= 1.98E-02 err=5.942E-04 dz= 2.709E-05 chigam= 0.00E+00
 it= 19 chi2=0.00E+00 zm= 1.98E-02 err=4.063E-04 dz= 1.986E-05 chigam= 0.00E+00
 it= 20 chi2=0.00E+00 zm= 1.98E-02 err=2.813E-04 dz= 1.453E-05 chigam= 0.00E+00
 it= 21 chi2=0.00E+00 zm= 1.98E-02 err=1.965E-04 dz= 1.062E-05 chigam= 0.00E+00
 it= 22 chi2=0.00E+00 zm= 1.98E-02 err=1.381E-04 dz= 7.758E-06 chigam= 0.00E+00
 it= 23 chi2=0.00E+00 zm= 1.98E-02 err=9.761E-05 dz= 5.660E-06 chigam= 0.00E+00

      ******************** EFITD129 x 129  output ********************

       data used:   
  0 flux loops
  0 magnetic probes(i)
  0 full rogowski
  0 diamagnetic loop


 shot #   =          1 time(ms) =          0 chi**2   =  0.000E+00
 betat(%) =      1.031 betap    =      0.520 li       =      0.854
 vol(cm3) =  0.776E+07 rout(cm) =    172.157 zout(cm) =      0.792
 elong    =      1.346 utriang  =     -0.373 ltriang  =     -0.309
 a(cm)    =     41.388 lin(cm)  = ********** lout(cm) =     10.632
 ltop(cm) = ********** q*       =      2.307 rc(cm)   =    176.498
 zc(cm)   =      1.778 bt0(t)   =      2.000 qout     =      2.199
