NCAPTC: : NetCDF: Variable not found
Warning: ieee_overflow is signaling
Warning: ieee_underflow is signaling
Warning: ieee_inexact is signaling
FORTRAN STOP
 solver
 /global/common/software/atom/perlmutter/data/greentable/
 /global/common/software/atom/perlmutter/data/greentable/

          EFITD Version  07/09/2014


 type mode (2=file, 3=snap, 4=time, 5=input, 6=com file, 7=snap_ext):

 number of time slices?

 type input file names:
 #
 table_dir = </global/common/software/atom/perlmutter/data/greentable/>

  ----- time =     1 ms ----- ( 0)
 it=  1 chi2=0.00E+00 zm= 7.53E-03 err=5.202E+00 dz= 7.535E-03 chigam= 0.00E+00
 it=  2 chi2=0.00E+00 zm= 1.07E-02 err=8.031E-01 dz= 3.203E-03 chigam= 0.00E+00
 it=  3 chi2=0.00E+00 zm= 1.32E-02 err=4.674E-01 dz= 2.433E-03 chigam= 0.00E+00
 it=  4 chi2=0.00E+00 zm= 1.50E-02 err=2.832E-01 dz= 1.867E-03 chigam= 0.00E+00
 it=  5 chi2=0.00E+00 zm= 1.65E-02 err=1.725E-01 dz= 1.441E-03 chigam= 0.00E+00
 it=  6 chi2=0.00E+00 zm= 1.76E-02 err=1.060E-01 dz= 1.110E-03 chigam= 0.00E+00
 it=  7 chi2=0.00E+00 zm= 1.84E-02 err=6.629E-02 dz= 8.499E-04 chigam= 0.00E+00
 it=  8 chi2=0.00E+00 zm= 1.91E-02 err=4.232E-02 dz= 6.449E-04 chigam= 0.00E+00
 it=  9 chi2=0.00E+00 zm= 1.96E-02 err=2.750E-02 dz= 4.869E-04 chigam= 0.00E+00
 it= 10 chi2=0.00E+00 zm= 1.99E-02 err=2.028E-02 dz= 3.694E-04 chigam= 0.00E+00
 it= 11 chi2=0.00E+00 zm= 2.02E-02 err=1.367E-02 dz= 2.788E-04 chigam= 0.00E+00
 it= 12 chi2=0.00E+00 zm= 2.04E-02 err=8.773E-03 dz= 2.071E-04 chigam= 0.00E+00
 it= 13 chi2=0.00E+00 zm= 2.06E-02 err=5.774E-03 dz= 1.538E-04 chigam= 0.00E+00
 it= 14 chi2=0.00E+00 zm= 2.07E-02 err=3.854E-03 dz= 1.140E-04 chigam= 0.00E+00
 it= 15 chi2=0.00E+00 zm= 2.08E-02 err=2.603E-03 dz= 8.425E-05 chigam= 0.00E+00
 it= 16 chi2=0.00E+00 zm= 2.08E-02 err=2.256E-03 dz= 6.109E-05 chigam= 0.00E+00
 it= 17 chi2=0.00E+00 zm= 2.09E-02 err=1.486E-03 dz= 4.490E-05 chigam= 0.00E+00
 it= 18 chi2=0.00E+00 zm= 2.09E-02 err=9.940E-04 dz= 3.300E-05 chigam= 0.00E+00
 it= 19 chi2=0.00E+00 zm= 2.09E-02 err=6.736E-04 dz= 2.425E-05 chigam= 0.00E+00
 it= 20 chi2=0.00E+00 zm= 2.10E-02 err=4.617E-04 dz= 1.782E-05 chigam= 0.00E+00
 it= 21 chi2=0.00E+00 zm= 2.10E-02 err=3.195E-04 dz= 1.310E-05 chigam= 0.00E+00
 it= 22 chi2=0.00E+00 zm= 2.10E-02 err=2.229E-04 dz= 9.626E-06 chigam= 0.00E+00
 it= 23 chi2=0.00E+00 zm= 2.10E-02 err=1.565E-04 dz= 7.076E-06 chigam= 0.00E+00
 it= 24 chi2=0.00E+00 zm= 2.10E-02 err=1.105E-04 dz= 5.202E-06 chigam= 0.00E+00
 it= 25 chi2=0.00E+00 zm= 2.10E-02 err=7.851E-05 dz= 3.824E-06 chigam= 0.00E+00

      ******************** EFITD129 x 129  output ********************

       data used:   
  0 flux loops
  0 magnetic probes(i)
  0 full rogowski
  0 diamagnetic loop


 shot #   =          1 time(ms) =          1 chi**2   =  0.000E+00
 betat(%) =      0.898 betap    =      0.449 li       =      0.864
 vol(cm3) =  0.771E+07 rout(cm) =    172.129 zout(cm) =      0.852
 elong    =      1.339 utriang  =     -0.342 ltriang  =     -0.310
 a(cm)    =     41.360 lin(cm)  = ********** lout(cm) =     10.687
 ltop(cm) = ********** q*       =      2.276 rc(cm)   =    176.004
 zc(cm)   =      1.851 bt0(t)   =      2.000 qout     =      2.186
