NCAPTC: : NetCDF: Variable not found
Warning: ieee_overflow is signaling
Warning: ieee_underflow is signaling
Warning: ieee_inexact is signaling
FORTRAN STOP
 solver
 /global/common/software/atom/perlmutter/data/greentable/
 /global/common/software/atom/perlmutter/data/greentable/

          EFITD Version  07/09/2014


 type mode (2=file, 3=snap, 4=time, 5=input, 6=com file, 7=snap_ext):

 number of time slices?

 type input file names:
 #
 table_dir = </global/common/software/atom/perlmutter/data/greentable/>

  ----- time =     1 ms ----- ( 0)
 it=  1 chi2=0.00E+00 zm= 7.53E-03 err=5.202E+00 dz= 7.535E-03 chigam= 0.00E+00
 it=  2 chi2=0.00E+00 zm= 1.07E-02 err=8.547E-01 dz= 3.159E-03 chigam= 0.00E+00
 it=  3 chi2=0.00E+00 zm= 1.31E-02 err=4.864E-01 dz= 2.381E-03 chigam= 0.00E+00
 it=  4 chi2=0.00E+00 zm= 1.49E-02 err=2.854E-01 dz= 1.803E-03 chigam= 0.00E+00
 it=  5 chi2=0.00E+00 zm= 1.62E-02 err=1.703E-01 dz= 1.370E-03 chigam= 0.00E+00
 it=  6 chi2=0.00E+00 zm= 1.73E-02 err=1.046E-01 dz= 1.048E-03 chigam= 0.00E+00
 it=  7 chi2=0.00E+00 zm= 1.81E-02 err=6.769E-02 dz= 8.005E-04 chigam= 0.00E+00
 it=  8 chi2=0.00E+00 zm= 1.87E-02 err=3.977E-02 dz= 5.969E-04 chigam= 0.00E+00
 it=  9 chi2=0.00E+00 zm= 1.91E-02 err=2.170E-02 dz= 4.401E-04 chigam= 0.00E+00
 it= 10 chi2=0.00E+00 zm= 1.95E-02 err=1.145E-02 dz= 3.218E-04 chigam= 0.00E+00
 it= 11 chi2=0.00E+00 zm= 1.97E-02 err=7.826E-03 dz= 2.363E-04 chigam= 0.00E+00
 it= 12 chi2=0.00E+00 zm= 1.99E-02 err=4.442E-03 dz= 1.734E-04 chigam= 0.00E+00
 it= 13 chi2=0.00E+00 zm= 2.00E-02 err=3.161E-03 dz= 1.267E-04 chigam= 0.00E+00
 it= 14 chi2=0.00E+00 zm= 2.01E-02 err=6.806E-03 dz= 1.012E-04 chigam= 0.00E+00
 it= 15 chi2=0.00E+00 zm= 2.02E-02 err=3.727E-03 dz= 7.488E-05 chigam= 0.00E+00
 it= 16 chi2=0.00E+00 zm= 2.02E-02 err=2.152E-03 dz= 5.508E-05 chigam= 0.00E+00
 it= 17 chi2=0.00E+00 zm= 2.03E-02 err=1.277E-03 dz= 4.036E-05 chigam= 0.00E+00
 it= 18 chi2=0.00E+00 zm= 2.03E-02 err=7.888E-04 dz= 2.792E-05 chigam= 0.00E+00
 it= 19 chi2=0.00E+00 zm= 2.03E-02 err=4.526E-04 dz= 1.991E-05 chigam= 0.00E+00
 it= 20 chi2=0.00E+00 zm= 2.03E-02 err=2.642E-04 dz= 1.419E-05 chigam= 0.00E+00
 it= 21 chi2=0.00E+00 zm= 2.03E-02 err=1.572E-04 dz= 1.011E-05 chigam= 0.00E+00
 it= 22 chi2=0.00E+00 zm= 2.03E-02 err=1.045E-04 dz= 7.210E-06 chigam= 0.00E+00
 it= 23 chi2=0.00E+00 zm= 2.03E-02 err=7.340E-05 dz= 5.145E-06 chigam= 0.00E+00

      ******************** EFITD129 x 129  output ********************

       data used:   
  0 flux loops
  0 magnetic probes(i)
  0 full rogowski
  0 diamagnetic loop


 shot #   =          1 time(ms) =          1 chi**2   =  0.000E+00
 betat(%) =      1.097 betap    =      0.554 li       =      0.859
 vol(cm3) =  0.776E+07 rout(cm) =    172.169 zout(cm) =      0.806
 elong    =      1.346 utriang  =     -0.373 ltriang  =     -0.308
 a(cm)    =     41.399 lin(cm)  = ********** lout(cm) =     10.608
 ltop(cm) = ********** q*       =      2.312 rc(cm)   =    176.620
 zc(cm)   =      1.822 bt0(t)   =      2.000 qout     =      2.206
