========================================================================
= FASTRAN

nonlinear model = 0
ichi = 0
ineo = 0
reading state...
read formatted input, inprof...
init geometry...
read formatted input, inmetric...
nrho in inmetric = 101
rhob in inmetric = 1.261306e+00
solve avg grad-shafranv...
solve_avg_gs::Ip_temp = 9.989985e+00 
solve_avg_gs::Ip      = 1.000000e+01 
>>> tau_he = 5.000000, nhe(0)=2.366100e+00

 plasma volume = 147.957384
 stored energy(e,i,b) = 4.902918e+01 4.331319e+01 0.000000e+00
 betan = 1.052226
*power
 Pnb(e,i) = 0.000000e+00 0.000000e+00
 Prf(e,i) = 1.202661e+01 2.799210e+01
 Prad     = -3.628703e+01 
 Pei      = 3.410420e+00 
 Pfuse    = 3.921863e+01 
 Pfusi    = 1.198403e+01 
 Poh      = 0.000000e+00 
*confinement time
 taut, tauITER98y2, H98y2 : 1.680959e+00 1.978976e+00 8.494083e-01
 taue, taui : 2.669180e+00 5.051921e+00
 taut, tau89, H89 : 1.680959e+00 9.294855e-01 1.808483e+00
*temperature
 nea, nebar : 1.864736e+01 2.143589e+01 
 tea, tia : 6.365274e+00 6.471513e+00 (9.835835e-01)
 te0, ti0 : 1.915001e+01 2.155768e+01 (8.883152e-01)
 Sn : 0.000000e+00 
*current balance
 Ip,Ibs,Inb,Irf: 1.000000e+01 1.709730e+00 0.000000e+00 1.480563e-01
 fni,fbs: 0.186 0.171

Time advancing...
rho_bdry 0.950000 ...
te_bdry = 1.923139
ti_bdry = 1.923358
ne_bdry = 11.710562
rv_bdry = 100.762170
nrho_tr_bdry = 19
drho_bdry = 0.000000e+00
nrhob = 95
 [    0] t = 0.0000 
>>> tau_he = 5.000000, nhe(0)=2.345314e+00
 5     -0.001   4.35e-03   1.42e-01   2.12e-03  -6.91e-03   0.00e+00 (  7.30e-01,  4.69e+01)
10     -0.000   1.31e-02   5.25e-02  -2.17e-03  -2.07e-03   0.00e+00 (  3.99e+00,  8.80e+01)
15      0.010   3.03e-02  -3.35e-02  -1.00e-02   6.99e-02   0.00e+00 (  1.28e+01,  1.22e+02)
20      0.024   7.50e-02   1.63e-03   1.24e-02   2.00e-01   0.00e+00 (  3.87e+01,  1.45e+02)
25      0.034   1.34e-01   1.12e-01   2.69e-02   3.18e-01   0.00e+00 (  7.75e+01,  1.62e+02)
30      0.045   1.76e-01   1.77e-01   4.79e-02   4.65e-01   0.00e+00 (  1.07e+02,  1.69e+02)
35      0.051   1.95e-01   2.14e-01   9.20e-02   5.69e-01   0.00e+00 (  1.09e+02,  1.67e+02)
40      0.085   2.61e-01   3.40e-01   1.50e-01   1.02e+00   0.00e+00 (  1.31e+02,  1.60e+02)
45      0.107   2.89e-01   4.20e-01   1.71e-01   1.36e+00   0.00e+00 (  1.27e+02,  1.48e+02)
50      0.131   3.21e-01   5.19e-01   2.12e-01   1.74e+00   0.00e+00 (  1.21e+02,  1.34e+02)
55      0.153   3.59e-01   6.34e-01   3.26e-01   2.12e+00   0.00e+00 (  1.17e+02,  1.20e+02)
60      0.159   3.75e-01   6.76e-01   4.15e-01   2.27e+00   0.00e+00 (  1.09e+02,  1.07e+02)
65      0.170   4.00e-01   7.51e-01   5.22e-01   2.51e+00   0.00e+00 (  1.01e+02,  9.43e+01)
70      0.190   4.42e-01   8.69e-01   6.59e-01   2.86e+00   0.00e+00 (  9.59e+01,  8.36e+01)
75      0.189   4.51e-01   8.84e-01   7.17e-01   2.91e+00   0.00e+00 (  8.75e+01,  7.47e+01)
80      0.178   4.44e-01   8.60e-01   7.26e-01   2.87e+00   0.00e+00 (  7.92e+01,  6.75e+01)
85      0.174   4.34e-01   8.16e-01   6.79e-01   3.39e+00   0.00e+00 (  7.33e+01,  6.20e+01)
90      0.196   4.59e-01   7.22e-01   5.01e-01   6.96e+00   0.00e+00 (  7.87e+01,  5.77e+01)
95      0.179   3.70e-01   5.40e-01   3.74e-01   1.12e+01   0.00e+00 (  1.30e+02,  5.35e+01)
 0 e: 4.520e-07 i: 3.893e-06 :: e: 0.000e+00 i: 0.000e+00 :: n: 2.762e+01 e:19.150 i:21.558 v:4.993e+03
>>> tau_he = 5.000000, nhe(0)=2.338205e+00
 5     -0.001   4.62e-03   1.79e-01   2.33e-03  -5.89e-03   0.00e+00 (  7.77e-01,  4.69e+01)
10      0.000   3.44e-03  -1.55e-03   2.59e-04   2.86e-03   0.00e+00 (  1.06e+00,  8.80e+01)
15      0.009   3.40e-02  -3.24e-02  -9.42e-03   6.42e-02   0.00e+00 (  1.46e+01,  1.22e+02)
20      0.026   7.85e-02   5.88e-03   1.36e-02   2.16e-01   0.00e+00 (  4.07e+01,  1.45e+02)
25      0.034   1.34e-01   1.12e-01   2.69e-02   3.14e-01   0.00e+00 (  7.75e+01,  1.62e+02)
30      0.044   1.75e-01   1.74e-01   6.54e-02   4.58e-01   0.00e+00 (  1.05e+02,  1.69e+02)
35      0.082   2.36e-01   2.95e-01   1.21e-01   9.17e-01   0.00e+00 (  1.33e+02,  1.67e+02)
40      0.084   2.59e-01   3.38e-01   1.49e-01   1.01e+00   0.00e+00 (  1.30e+02,  1.60e+02)
45      0.107   2.89e-01   4.20e-01   1.71e-01   1.36e+00   0.00e+00 (  1.27e+02,  1.48e+02)
50      0.132   3.21e-01   5.22e-01   2.13e-01   1.76e+00   0.00e+00 (  1.21e+02,  1.34e+02)
55      0.153   3.59e-01   6.35e-01   3.27e-01   2.12e+00   0.00e+00 (  1.17e+02,  1.20e+02)
60      0.157   3.73e-01   6.71e-01   4.12e-01   2.25e+00   0.00e+00 (  1.08e+02,  1.07e+02)
65      0.171   4.01e-01   7.53e-01   5.23e-01   2.51e+00   0.00e+00 (  1.01e+02,  9.43e+01)
70      0.189   4.40e-01   8.65e-01   6.55e-01   2.84e+00   0.00e+00 (  9.54e+01,  8.36e+01)
75      0.188   4.50e-01   8.80e-01   7.14e-01   2.89e+00   0.00e+00 (  8.71e+01,  7.47e+01)
80      0.179   4.45e-01   8.62e-01   7.27e-01   2.88e+00   0.00e+00 (  7.95e+01,  6.75e+01)
85      0.176   4.40e-01   8.28e-01   6.90e-01   3.44e+00   0.00e+00 (  7.52e+01,  6.20e+01)
90      0.197   4.58e-01   7.27e-01   5.08e-01   6.98e+00   0.00e+00 (  8.05e+01,  5.77e+01)
95      0.179   3.70e-01   5.40e-01   3.72e-01   1.12e+01   0.00e+00 (  1.27e+02,  5.35e+01)
 1 e: 1.948e-02 i: 6.932e-02 :: e: 1.001e-02 i: 1.641e-02 :: n: 2.762e+01 e:19.173 i:21.478 v:4.993e+03
>>> tau_he = 5.000000, nhe(0)=2.580259e+00
 5     -0.007   6.04e-03   4.45e-01   4.27e-03  -3.40e-02   0.00e+00 (  2.08e+00,  4.69e+01)
10     -0.020   3.06e-02   8.16e-02   6.13e-03  -1.19e-01   0.00e+00 (  2.01e+01,  8.80e+01)
15     -0.011   1.16e-01   8.21e-02   7.33e-03  -7.69e-02   0.00e+00 (  9.61e+01,  1.22e+02)
20      0.070   2.04e-01   2.76e-01   6.80e-02   5.84e-01   0.00e+00 (  1.54e+02,  1.45e+02)
25      0.046   1.53e-01   1.47e-01   2.21e-02   4.30e-01   0.00e+00 (  1.02e+02,  1.62e+02)
30      0.048   1.73e-01   1.77e-01   4.53e-02   4.98e-01   0.00e+00 (  1.05e+02,  1.69e+02)
35      0.082   2.28e-01   2.84e-01   1.21e-01   9.16e-01   0.00e+00 (  1.28e+02,  1.67e+02)
40      0.088   2.40e-01   3.38e-01   1.67e-01   1.06e+00   0.00e+00 (  1.14e+02,  1.60e+02)
45      0.113   2.74e-01   4.27e-01   1.74e-01   1.44e+00   0.00e+00 (  1.13e+02,  1.48e+02)
50      0.133   3.04e-01   5.29e-01   2.21e-01   1.77e+00   0.00e+00 (  1.08e+02,  1.34e+02)
55      0.146   3.34e-01   6.17e-01   3.20e-01   2.03e+00   0.00e+00 (  1.02e+02,  1.20e+02)
60      0.144   3.40e-01   6.24e-01   3.86e-01   2.06e+00   0.00e+00 (  9.17e+01,  1.07e+02)
65      0.155   3.66e-01   6.93e-01   4.83e-01   2.28e+00   0.00e+00 (  8.63e+01,  9.43e+01)
70      0.172   4.03e-01   7.97e-01   6.06e-01   2.60e+00   0.00e+00 (  8.24e+01,  8.36e+01)
75      0.174   4.19e-01   8.24e-01   6.70e-01   2.68e+00   0.00e+00 (  7.81e+01,  7.47e+01)
80      0.169   4.27e-01   8.28e-01   7.02e-01   2.72e+00   0.00e+00 (  7.56e+01,  6.75e+01)
85      0.165   4.21e-01   7.92e-01   6.64e-01   3.22e+00   0.00e+00 (  7.23e+01,  6.20e+01)
90      0.176   4.13e-01   6.50e-01   4.54e-01   6.23e+00   0.00e+00 (  6.60e+01,  5.77e+01)
95      0.178   3.69e-01   5.40e-01   3.69e-01   1.12e+01   0.00e+00 (  1.21e+02,  5.35e+01)
 2 e: 2.867e-03 i: 2.039e-03 :: e: 7.777e-02 i: 8.658e-02 :: n: 2.762e+01 e:21.544 i:24.435 v:4.993e+03
>>> tau_he = 5.000000, nhe(0)=2.602114e+00
 5     -0.009   6.19e-03   4.30e-01   4.80e-03  -4.41e-02   0.00e+00 (  2.44e+00,  4.69e+01)
10     -0.061   4.23e-02   1.16e-01   6.96e-03  -3.64e-01   0.00e+00 (  3.20e+01,  8.80e+01)
15     -0.024   1.09e-01   4.49e-02   3.67e-03  -1.70e-01   0.00e+00 (  1.01e+02,  1.22e+02)
20      0.056   2.15e-01   2.96e-01   8.25e-02   4.64e-01   0.00e+00 (  1.81e+02,  1.45e+02)
25      0.036   1.61e-01   1.42e-01   2.84e-02   3.41e-01   0.00e+00 (  1.19e+02,  1.62e+02)
30      0.045   1.86e-01   1.82e-01   4.16e-02   4.62e-01   0.00e+00 (  1.23e+02,  1.69e+02)
35      0.080   2.31e-01   2.93e-01   1.23e-01   8.98e-01   0.00e+00 (  1.35e+02,  1.67e+02)
40      0.089   2.46e-01   3.50e-01   1.74e-01   1.06e+00   0.00e+00 (  1.20e+02,  1.60e+02)
45      0.114   2.73e-01   4.35e-01   1.76e-01   1.44e+00   0.00e+00 (  1.13e+02,  1.48e+02)
50      0.130   2.96e-01   5.25e-01   2.20e-01   1.73e+00   0.00e+00 (  1.04e+02,  1.34e+02)
55      0.105   2.75e-01   4.63e-01   2.57e-01   1.46e+00   0.00e+00 (  8.17e+01,  1.20e+02)
60      0.138   3.23e-01   6.01e-01   3.74e-01   1.98e+00   0.00e+00 (  8.41e+01,  1.07e+02)
65      0.148   3.45e-01   6.58e-01   4.60e-01   2.18e+00   0.00e+00 (  7.78e+01,  9.43e+01)
70      0.164   3.77e-01   7.51e-01   5.73e-01   2.47e+00   0.00e+00 (  7.34e+01,  8.36e+01)
75      0.165   3.91e-01   7.71e-01   6.29e-01   2.54e+00   0.00e+00 (  6.92e+01,  7.47e+01)
80      0.160   3.98e-01   7.74e-01   6.57e-01   2.58e+00   0.00e+00 (  6.68e+01,  6.75e+01)
85      0.156   3.92e-01   7.39e-01   6.20e-01   3.04e+00   0.00e+00 (  6.35e+01,  6.20e+01)
90      0.166   3.92e-01   6.10e-01   4.23e-01   5.86e+00   0.00e+00 (  5.83e+01,  5.77e+01)
95      0.178   3.69e-01   5.39e-01   3.68e-01   1.12e+01   0.00e+00 (  1.19e+02,  5.35e+01)
 3 e: 7.196e-04 i: 7.608e-04 :: e: 1.093e-01 i: 1.178e-01 :: n: 2.762e+01 e:22.493 i:24.769 v:4.993e+03
>>> tau_he = 5.000000, nhe(0)=2.601768e+00
 5     -0.010   6.16e-03   4.26e-01   4.76e-03  -4.57e-02   0.00e+00 (  2.46e+00,  4.69e+01)
10     -0.061   4.28e-02   1.15e-01   7.15e-03  -3.64e-01   0.00e+00 (  3.21e+01,  8.80e+01)
15     -0.022   1.05e-01   4.34e-02   1.82e-03  -1.54e-01   0.00e+00 (  9.41e+01,  1.22e+02)
20      0.053   2.05e-01   2.76e-01   7.11e-02   4.41e-01   0.00e+00 (  1.66e+02,  1.45e+02)
25      0.081   2.22e-01   2.74e-01   9.82e-02   7.54e-01   0.00e+00 (  1.63e+02,  1.62e+02)
30      0.090   2.29e-01   2.95e-01   1.16e-01   9.26e-01   0.00e+00 (  1.52e+02,  1.69e+02)
35      0.081   2.28e-01   2.92e-01   1.23e-01   9.11e-01   0.00e+00 (  1.33e+02,  1.67e+02)
40      0.094   2.40e-01   3.54e-01   1.48e-01   1.13e+00   0.00e+00 (  1.17e+02,  1.60e+02)
45      0.117   2.70e-01   4.40e-01   1.78e-01   1.48e+00   0.00e+00 (  1.11e+02,  1.48e+02)
50      0.132   2.93e-01   5.31e-01   2.22e-01   1.76e+00   0.00e+00 (  1.02e+02,  1.34e+02)
55      0.145   3.18e-01   6.10e-01   3.17e-01   2.01e+00   0.00e+00 (  9.33e+01,  1.20e+02)
60      0.139   3.17e-01   5.99e-01   3.74e-01   1.99e+00   0.00e+00 (  8.06e+01,  1.07e+02)
65      0.146   3.34e-01   6.44e-01   4.52e-01   2.14e+00   0.00e+00 (  7.32e+01,  9.43e+01)
70      0.159   3.62e-01   7.25e-01   5.55e-01   2.39e+00   0.00e+00 (  6.82e+01,  8.36e+01)
75      0.158   3.72e-01   7.37e-01   6.02e-01   2.44e+00   0.00e+00 (  6.34e+01,  7.47e+01)
80      0.153   3.76e-01   7.33e-01   6.24e-01   2.46e+00   0.00e+00 (  6.05e+01,  6.75e+01)
85      0.148   3.71e-01   6.99e-01   5.87e-01   2.89e+00   0.00e+00 (  5.74e+01,  6.20e+01)
90      0.159   3.78e-01   5.83e-01   4.00e-01   5.63e+00   0.00e+00 (  5.36e+01,  5.77e+01)
95      0.178   3.69e-01   5.39e-01   3.67e-01   1.11e+01   0.00e+00 (  1.18e+02,  5.35e+01)
 4 e: 3.058e-04 i: 8.250e-04 :: e: 1.210e-01 i: 1.242e-01 :: n: 2.762e+01 e:22.114 i:24.767 v:4.993e+03
>>> tau_he = 5.000000, nhe(0)=2.563189e+00
 5     -0.010   5.86e-03   4.09e-01   4.78e-03  -4.51e-02   0.00e+00 (  2.38e+00,  4.69e+01)
10     -0.047   4.19e-02   1.11e-01   7.97e-03  -2.83e-01   0.00e+00 (  3.14e+01,  8.80e+01)
15     -0.044   1.21e-01   1.05e-01  -4.67e-02  -3.18e-01   0.00e+00 (  1.07e+02,  1.22e+02)
20      0.011   1.32e-01   1.13e-01   1.06e-02   9.32e-02   0.00e+00 (  1.04e+02,  1.45e+02)
25      0.036   1.56e-01   1.37e-01   2.86e-02   3.33e-01   0.00e+00 (  1.13e+02,  1.62e+02)
30      0.076   2.25e-01   2.57e-01   9.46e-02   7.84e-01   0.00e+00 (  1.49e+02,  1.69e+02)
35      0.080   2.27e-01   2.96e-01   1.25e-01   9.01e-01   0.00e+00 (  1.33e+02,  1.67e+02)
40      0.093   2.46e-01   3.64e-01   1.53e-01   1.12e+00   0.00e+00 (  1.21e+02,  1.60e+02)
45      0.118   2.71e-01   4.49e-01   1.81e-01   1.49e+00   0.00e+00 (  1.12e+02,  1.48e+02)
50      0.132   2.92e-01   5.37e-01   2.26e-01   1.76e+00   0.00e+00 (  1.02e+02,  1.34e+02)
55      0.143   3.15e-01   6.11e-01   3.19e-01   1.98e+00   0.00e+00 (  9.25e+01,  1.20e+02)
60      0.137   3.13e-01   5.98e-01   3.74e-01   1.96e+00   0.00e+00 (  7.93e+01,  1.07e+02)
65      0.143   3.28e-01   6.35e-01   4.47e-01   2.10e+00   0.00e+00 (  7.11e+01,  9.43e+01)
70      0.155   3.52e-01   7.08e-01   5.42e-01   2.33e+00   0.00e+00 (  6.53e+01,  8.36e+01)
75      0.153   3.59e-01   7.12e-01   5.82e-01   2.36e+00   0.00e+00 (  5.98e+01,  7.47e+01)
80      0.147   3.61e-01   7.04e-01   6.00e-01   2.37e+00   0.00e+00 (  5.64e+01,  6.75e+01)
85      0.143   3.56e-01   6.71e-01   5.62e-01   2.79e+00   0.00e+00 (  5.31e+01,  6.20e+01)
90      0.153   3.67e-01   5.60e-01   3.82e-01   5.42e+00   0.00e+00 (  5.01e+01,  5.77e+01)
95      0.178   3.69e-01   5.38e-01   3.66e-01   1.11e+01   0.00e+00 (  1.17e+02,  5.35e+01)
 5 e: 4.297e-04 i: 2.279e-04 :: e: 1.043e-01 i: 1.050e-01 :: n: 2.762e+01 e:21.959 i:24.233 v:4.993e+03
>>> tau_he = 5.000000, nhe(0)=2.543671e+00
 5     -0.009   5.71e-03   4.02e-01   4.61e-03  -4.34e-02   0.00e+00 (  2.30e+00,  4.69e+01)
10     -0.042   3.69e-02   1.03e-01   7.73e-03  -2.50e-01   0.00e+00 (  2.69e+01,  8.80e+01)
15     -0.043   9.11e-02   4.58e-02   2.47e-03  -3.08e-01   0.00e+00 (  7.68e+01,  1.22e+02)
20      0.035   1.25e-01   1.06e-01   1.18e-02   2.87e-01   0.00e+00 (  9.54e+01,  1.45e+02)
25      0.036   1.52e-01   1.33e-01   2.85e-02   3.40e-01   0.00e+00 (  1.07e+02,  1.62e+02)
30      0.044   1.76e-01   1.77e-01   4.38e-02   4.58e-01   0.00e+00 (  1.13e+02,  1.69e+02)
35      0.079   2.20e-01   2.87e-01   1.23e-01   8.82e-01   0.00e+00 (  1.27e+02,  1.67e+02)
40      0.094   2.37e-01   3.56e-01   1.48e-01   1.12e+00   0.00e+00 (  1.14e+02,  1.60e+02)
45      0.117   2.63e-01   4.42e-01   1.80e-01   1.48e+00   0.00e+00 (  1.07e+02,  1.48e+02)
50      0.130   2.85e-01   5.27e-01   2.22e-01   1.73e+00   0.00e+00 (  9.78e+01,  1.34e+02)
55      0.141   3.08e-01   6.00e-01   3.13e-01   1.96e+00   0.00e+00 (  8.91e+01,  1.20e+02)
60      0.136   3.07e-01   5.88e-01   3.69e-01   1.95e+00   0.00e+00 (  7.65e+01,  1.07e+02)
65      0.141   3.21e-01   6.24e-01   4.40e-01   2.08e+00   0.00e+00 (  6.85e+01,  9.43e+01)
70      0.153   3.44e-01   6.93e-01   5.32e-01   2.30e+00   0.00e+00 (  6.26e+01,  8.36e+01)
75      0.151   3.49e-01   6.94e-01   5.68e-01   2.32e+00   0.00e+00 (  5.70e+01,  7.47e+01)
80      0.143   3.52e-01   6.80e-01   5.77e-01   2.31e+00   0.00e+00 (  5.36e+01,  6.75e+01)
85      0.140   3.45e-01   6.50e-01   5.45e-01   2.73e+00   0.00e+00 (  5.01e+01,  6.20e+01)
90      0.150   3.60e-01   5.47e-01   3.71e-01   5.31e+00   0.00e+00 (  4.77e+01,  5.77e+01)
95      0.178   3.69e-01   5.39e-01   3.68e-01   1.11e+01   0.00e+00 (  1.17e+02,  5.35e+01)
 6 e: 5.823e-05 i: 2.429e-04 :: e: 9.757e-02 i: 9.421e-02 :: n: 2.762e+01 e:21.470 i:23.967 v:4.993e+03
>>> tau_he = 5.000000, nhe(0)=2.518794e+00
 5     -0.009   5.52e-03   3.95e-01   4.68e-03  -4.29e-02   0.00e+00 (  2.23e+00,  4.69e+01)
10     -0.039   3.78e-02   9.93e-02   8.03e-03  -2.34e-01   0.00e+00 (  2.73e+01,  8.80e+01)
15     -0.040   8.91e-02   4.65e-02   2.21e-03  -2.84e-01   0.00e+00 (  7.40e+01,  1.22e+02)
20      0.034   1.23e-01   1.06e-01   1.21e-02   2.86e-01   0.00e+00 (  9.31e+01,  1.45e+02)
25      0.037   1.47e-01   1.34e-01   2.93e-02   3.42e-01   0.00e+00 (  1.03e+02,  1.62e+02)
30      0.045   1.75e-01   1.79e-01   4.60e-02   4.63e-01   0.00e+00 (  1.12e+02,  1.69e+02)
35      0.078   2.18e-01   2.89e-01   1.25e-01   8.73e-01   0.00e+00 (  1.25e+02,  1.67e+02)
40      0.093   2.36e-01   3.60e-01   1.51e-01   1.12e+00   0.00e+00 (  1.14e+02,  1.60e+02)
45      0.116   2.65e-01   4.46e-01   1.80e-01   1.47e+00   0.00e+00 (  1.08e+02,  1.48e+02)
50      0.129   2.86e-01   5.30e-01   2.24e-01   1.72e+00   0.00e+00 (  9.75e+01,  1.34e+02)
55      0.140   3.06e-01   6.00e-01   3.14e-01   1.94e+00   0.00e+00 (  8.80e+01,  1.20e+02)
60      0.135   3.03e-01   5.88e-01   3.71e-01   1.93e+00   0.00e+00 (  7.53e+01,  1.07e+02)
65      0.140   3.18e-01   6.21e-01   4.39e-01   2.05e+00   0.00e+00 (  6.75e+01,  9.43e+01)
70      0.150   3.39e-01   6.87e-01   5.28e-01   2.26e+00   0.00e+00 (  6.14e+01,  8.36e+01)
75      0.148   3.43e-01   6.84e-01   5.60e-01   2.27e+00   0.00e+00 (  5.56e+01,  7.47e+01)
80      0.141   3.44e-01   6.71e-01   5.72e-01   2.28e+00   0.00e+00 (  5.17e+01,  6.75e+01)
85      0.137   3.38e-01   6.38e-01   5.34e-01   2.67e+00   0.00e+00 (  4.83e+01,  6.20e+01)
90      0.147   3.54e-01   5.36e-01   3.63e-01   5.21e+00   0.00e+00 (  4.62e+01,  5.77e+01)
95      0.178   3.69e-01   5.39e-01   3.67e-01   1.11e+01   0.00e+00 (  1.16e+02,  5.35e+01)
 7 e: 1.749e-04 i: 7.216e-05 :: e: 9.342e-02 i: 8.908e-02 :: n: 2.762e+01 e:21.347 i:23.639 v:4.993e+03
>>> tau_he = 5.000000, nhe(0)=2.509067e+00
 5     -0.009   5.45e-03   3.94e-01   4.62e-03  -4.24e-02   0.00e+00 (  2.19e+00,  4.69e+01)
10     -0.032   3.81e-02   9.62e-02   8.40e-03  -1.89e-01   0.00e+00 (  2.71e+01,  8.80e+01)
15     -0.034   8.71e-02   4.49e-02   3.52e-04  -2.46e-01   0.00e+00 (  7.11e+01,  1.22e+02)
20      0.033   1.19e-01   1.03e-01   1.20e-02   2.71e-01   0.00e+00 (  8.90e+01,  1.45e+02)
25      0.036   1.44e-01   1.31e-01   2.90e-02   3.40e-01   0.00e+00 (  1.00e+02,  1.62e+02)
30      0.045   1.72e-01   1.76e-01   4.60e-02   4.59e-01   0.00e+00 (  1.09e+02,  1.69e+02)
35      0.076   2.13e-01   2.81e-01   1.22e-01   8.51e-01   0.00e+00 (  1.20e+02,  1.67e+02)
40      0.091   2.31e-01   3.51e-01   1.49e-01   1.09e+00   0.00e+00 (  1.09e+02,  1.60e+02)
45      0.112   2.58e-01   4.34e-01   1.76e-01   1.43e+00   0.00e+00 (  1.03e+02,  1.48e+02)
50      0.126   2.79e-01   5.15e-01   2.17e-01   1.68e+00   0.00e+00 (  9.35e+01,  1.34e+02)
55      0.103   2.56e-01   4.51e-01   2.50e-01   1.43e+00   0.00e+00 (  7.24e+01,  1.20e+02)
60      0.133   2.97e-01   5.74e-01   3.63e-01   1.90e+00   0.00e+00 (  7.25e+01,  1.07e+02)
65      0.138   3.12e-01   6.08e-01   4.30e-01   2.03e+00   0.00e+00 (  6.52e+01,  9.43e+01)
70      0.149   3.33e-01   6.74e-01   5.18e-01   2.24e+00   0.00e+00 (  5.94e+01,  8.36e+01)
75      0.146   3.37e-01   6.71e-01   5.50e-01   2.25e+00   0.00e+00 (  5.37e+01,  7.47e+01)
80      0.139   3.38e-01   6.54e-01   5.56e-01   2.24e+00   0.00e+00 (  5.00e+01,  6.75e+01)
85      0.135   3.32e-01   6.25e-01   5.23e-01   2.64e+00   0.00e+00 (  4.65e+01,  6.20e+01)
90      0.146   3.51e-01   5.29e-01   3.57e-01   5.15e+00   0.00e+00 (  4.48e+01,  5.77e+01)
95      0.178   3.69e-01   5.38e-01   3.67e-01   1.11e+01   0.00e+00 (  1.16e+02,  5.35e+01)
 8 e: 1.653e-05 i: 1.230e-04 :: e: 1.015e-01 i: 9.985e-02 :: n: 2.762e+01 e:21.056 i:23.511 v:4.993e+03
>>> tau_he = 5.000000, nhe(0)=2.493117e+00
 5     -0.009   5.34e-03   3.90e-01   4.62e-03  -4.19e-02   0.00e+00 (  2.15e+00,  4.69e+01)
10     -0.031   3.68e-02   9.45e-02   8.24e-03  -1.82e-01   0.00e+00 (  2.60e+01,  8.80e+01)
15     -0.032   8.62e-02   4.60e-02   5.84e-05  -2.33e-01   0.00e+00 (  6.97e+01,  1.22e+02)
20      0.033   1.18e-01   1.04e-01   1.22e-02   2.70e-01   0.00e+00 (  8.80e+01,  1.45e+02)
25      0.036   1.43e-01   1.33e-01   2.98e-02   3.37e-01   0.00e+00 (  1.00e+02,  1.62e+02)
30      0.045   1.72e-01   1.79e-01   4.41e-02   4.67e-01   0.00e+00 (  1.09e+02,  1.69e+02)
35      0.076   2.12e-01   2.84e-01   1.24e-01   8.50e-01   0.00e+00 (  1.19e+02,  1.67e+02)
40      0.091   2.30e-01   3.55e-01   1.51e-01   1.09e+00   0.00e+00 (  1.09e+02,  1.60e+02)
45      0.112   2.58e-01   4.38e-01   1.77e-01   1.42e+00   0.00e+00 (  1.03e+02,  1.48e+02)
50      0.126   2.79e-01   5.20e-01   2.19e-01   1.68e+00   0.00e+00 (  9.33e+01,  1.34e+02)
55      0.105   2.58e-01   4.59e-01   2.55e-01   1.45e+00   0.00e+00 (  7.32e+01,  1.20e+02)
60      0.133   2.97e-01   5.79e-01   3.66e-01   1.90e+00   0.00e+00 (  7.25e+01,  1.07e+02)
65      0.137   3.11e-01   6.09e-01   4.31e-01   2.02e+00   0.00e+00 (  6.48e+01,  9.43e+01)
70      0.147   3.31e-01   6.73e-01   5.17e-01   2.22e+00   0.00e+00 (  5.89e+01,  8.36e+01)
75      0.145   3.35e-01   6.68e-01   5.48e-01   2.23e+00   0.00e+00 (  5.32e+01,  7.47e+01)
80      0.137   3.35e-01   6.49e-01   5.51e-01   2.21e+00   0.00e+00 (  4.93e+01,  6.75e+01)
85      0.133   3.28e-01   6.19e-01   5.18e-01   2.60e+00   0.00e+00 (  4.57e+01,  6.20e+01)
90      0.144   3.48e-01   5.22e-01   3.52e-01   5.09e+00   0.00e+00 (  4.41e+01,  5.77e+01)
95      0.178   3.69e-01   5.38e-01   3.67e-01   1.11e+01   0.00e+00 (  1.16e+02,  5.35e+01)
 9 e: 8.483e-05 i: 3.831e-05 :: e: 9.339e-02 i: 8.989e-02 :: n: 2.762e+01 e:21.009 i:23.308 v:4.993e+03
>>> tau_he = 5.000000, nhe(0)=2.489417e+00
 5     -0.009   5.32e-03   3.91e-01   4.59e-03  -4.16e-02   0.00e+00 (  2.13e+00,  4.69e+01)
10     -0.029   3.59e-02   9.11e-02   8.18e-03  -1.73e-01   0.00e+00 (  2.51e+01,  8.80e+01)
15     -0.030   8.48e-02   4.48e-02   3.82e-04  -2.13e-01   0.00e+00 (  6.76e+01,  1.22e+02)
20      0.033   1.16e-01   1.01e-01   1.23e-02   2.71e-01   0.00e+00 (  8.61e+01,  1.45e+02)
25      0.036   1.42e-01   1.31e-01   2.94e-02   3.35e-01   0.00e+00 (  9.83e+01,  1.62e+02)
30      0.045   1.69e-01   1.76e-01   4.36e-02   4.61e-01   0.00e+00 (  1.07e+02,  1.69e+02)
35      0.074   2.09e-01   2.77e-01   1.22e-01   8.29e-01   0.00e+00 (  1.15e+02,  1.67e+02)
40      0.082   2.23e-01   3.25e-01   1.72e-01   9.84e-01   0.00e+00 (  1.05e+02,  1.60e+02)
45      0.109   2.53e-01   4.25e-01   1.72e-01   1.38e+00   0.00e+00 (  9.98e+01,  1.48e+02)
50      0.123   2.73e-01   5.05e-01   2.15e-01   1.64e+00   0.00e+00 (  9.05e+01,  1.34e+02)
55      0.105   2.55e-01   4.54e-01   2.53e-01   1.45e+00   0.00e+00 (  7.20e+01,  1.20e+02)
60      0.131   2.93e-01   5.67e-01   3.59e-01   1.88e+00   0.00e+00 (  7.07e+01,  1.07e+02)
65      0.136   3.06e-01   5.97e-01   4.22e-01   2.00e+00   0.00e+00 (  6.30e+01,  9.43e+01)
70      0.146   3.27e-01   6.62e-01   5.09e-01   2.20e+00   0.00e+00 (  5.75e+01,  8.36e+01)
75      0.144   3.30e-01   6.58e-01   5.39e-01   2.22e+00   0.00e+00 (  5.19e+01,  7.47e+01)
80      0.137   3.31e-01   6.40e-01   5.44e-01   2.21e+00   0.00e+00 (  4.81e+01,  6.75e+01)
85      0.133   3.24e-01   6.11e-01   5.12e-01   2.59e+00   0.00e+00 (  4.46e+01,  6.20e+01)
90      0.143   3.45e-01   5.19e-01   3.50e-01   5.08e+00   0.00e+00 (  4.30e+01,  5.77e+01)
95      0.178   3.69e-01   5.38e-01   3.67e-01   1.11e+01   0.00e+00 (  1.15e+02,  5.35e+01)
10 e: 8.039e-06 i: 5.618e-05 :: e: 9.288e-02 i: 8.979e-02 :: n: 2.762e+01 e:20.818 i:23.259 v:4.993e+03
>>> tau_he = 5.000000, nhe(0)=2.480047e+00
 5     -0.009   5.26e-03   3.89e-01   4.60e-03  -4.13e-02   0.00e+00 (  2.11e+00,  4.69e+01)
10     -0.028   3.51e-02   9.04e-02   8.07e-03  -1.69e-01   0.00e+00 (  2.44e+01,  8.80e+01)
15     -0.029   8.44e-02   4.59e-02   2.16e-04  -2.05e-01   0.00e+00 (  6.70e+01,  1.22e+02)
20      0.033   1.16e-01   1.03e-01   1.24e-02   2.70e-01   0.00e+00 (  8.58e+01,  1.45e+02)
25      0.036   1.42e-01   1.32e-01   3.00e-02   3.35e-01   0.00e+00 (  9.85e+01,  1.62e+02)
30      0.046   1.70e-01   1.79e-01   4.18e-02   4.70e-01   0.00e+00 (  1.07e+02,  1.69e+02)
35      0.074   2.09e-01   2.80e-01   1.24e-01   8.33e-01   0.00e+00 (  1.16e+02,  1.67e+02)
40      0.083   2.24e-01   3.31e-01   1.73e-01   9.95e-01   0.00e+00 (  1.05e+02,  1.60e+02)
45      0.110   2.54e-01   4.31e-01   1.75e-01   1.39e+00   0.00e+00 (  1.00e+02,  1.48e+02)
50      0.124   2.75e-01   5.13e-01   2.19e-01   1.65e+00   0.00e+00 (  9.14e+01,  1.34e+02)
55      0.141   3.02e-01   6.03e-01   3.18e-01   1.95e+00   0.00e+00 (  8.57e+01,  1.20e+02)
60      0.132   2.95e-01   5.75e-01   3.64e-01   1.89e+00   0.00e+00 (  7.14e+01,  1.07e+02)
65      0.136   3.07e-01   6.02e-01   4.26e-01   2.00e+00   0.00e+00 (  6.34e+01,  9.43e+01)
70      0.146   3.27e-01   6.66e-01   5.12e-01   2.20e+00   0.00e+00 (  5.78e+01,  8.36e+01)
75      0.143   3.30e-01   6.59e-01   5.41e-01   2.20e+00   0.00e+00 (  5.20e+01,  7.47e+01)
80      0.135   3.30e-01   6.39e-01   5.43e-01   2.19e+00   0.00e+00 (  4.80e+01,  6.75e+01)
85      0.131   3.22e-01   6.08e-01   5.09e-01   2.56e+00   0.00e+00 (  4.44e+01,  6.20e+01)
90      0.142   3.44e-01   5.15e-01   3.45e-01   5.02e+00   0.00e+00 (  4.29e+01,  5.77e+01)
95      0.178   3.69e-01   5.38e-01   3.66e-01   1.11e+01   0.00e+00 (  1.15e+02,  5.35e+01)
11 e: 3.503e-05 i: 1.969e-05 :: e: 7.475e-02 i: 6.995e-02 :: n: 2.762e+01 e:20.832 i:23.142 v:4.993e+03
>>> tau_he = 5.000000, nhe(0)=2.481313e+00
 5     -0.009   5.27e-03   3.91e-01   4.58e-03  -4.13e-02   0.00e+00 (  2.11e+00,  4.69e+01)
10     -0.027   3.45e-02   8.76e-02   7.99e-03  -1.63e-01   0.00e+00 (  2.39e+01,  8.80e+01)
15     -0.027   8.36e-02   4.48e-02   5.11e-04  -1.92e-01   0.00e+00 (  6.57e+01,  1.22e+02)
20      0.033   1.15e-01   1.01e-01   1.24e-02   2.71e-01   0.00e+00 (  8.47e+01,  1.45e+02)
25      0.036   1.41e-01   1.30e-01   2.96e-02   3.34e-01   0.00e+00 (  9.76e+01,  1.62e+02)
30      0.045   1.69e-01   1.77e-01   4.10e-02   4.65e-01   0.00e+00 (  1.06e+02,  1.69e+02)
35      0.073   2.07e-01   2.74e-01   1.22e-01   8.17e-01   0.00e+00 (  1.14e+02,  1.67e+02)
40      0.082   2.22e-01   3.25e-01   1.71e-01   9.80e-01   0.00e+00 (  1.04e+02,  1.60e+02)
45      0.107   2.51e-01   4.22e-01   1.71e-01   1.36e+00   0.00e+00 (  9.86e+01,  1.48e+02)
50      0.122   2.71e-01   5.01e-01   2.13e-01   1.62e+00   0.00e+00 (  8.95e+01,  1.34e+02)
55      0.104   2.54e-01   4.52e-01   2.52e-01   1.44e+00   0.00e+00 (  7.16e+01,  1.20e+02)
60      0.130   2.91e-01   5.64e-01   3.57e-01   1.87e+00   0.00e+00 (  7.01e+01,  1.07e+02)
65      0.135   3.04e-01   5.94e-01   4.20e-01   1.99e+00   0.00e+00 (  6.25e+01,  9.43e+01)
70      0.146   3.25e-01   6.59e-01   5.07e-01   2.20e+00   0.00e+00 (  5.70e+01,  8.36e+01)
75      0.143   3.28e-01   6.54e-01   5.36e-01   2.21e+00   0.00e+00 (  5.13e+01,  7.47e+01)
80      0.136   3.28e-01   6.35e-01   5.39e-01   2.19e+00   0.00e+00 (  4.73e+01,  6.75e+01)
85      0.132   3.21e-01   6.05e-01   5.06e-01   2.57e+00   0.00e+00 (  4.37e+01,  6.20e+01)
90      0.142   3.42e-01   5.14e-01   3.46e-01   5.03e+00   0.00e+00 (  4.22e+01,  5.77e+01)
95      0.178   3.69e-01   5.38e-01   3.66e-01   1.11e+01   0.00e+00 (  1.15e+02,  5.35e+01)
12 e: 1.622e-05 i: 2.759e-05 :: e: 7.996e-02 i: 7.731e-02 :: n: 2.762e+01 e:20.711 i:23.157 v:4.993e+03
>>> tau_he = 5.000000, nhe(0)=2.476650e+00
 5     -0.009   5.24e-03   3.91e-01   4.60e-03  -4.11e-02   0.00e+00 (  2.10e+00,  4.69e+01)
10     -0.027   3.39e-02   8.80e-02   7.98e-03  -1.61e-01   0.00e+00 (  2.34e+01,  8.80e+01)
15     -0.026   8.37e-02   4.60e-02   3.82e-04  -1.87e-01   0.00e+00 (  6.56e+01,  1.22e+02)
20      0.033   1.15e-01   1.02e-01   1.25e-02   2.71e-01   0.00e+00 (  8.50e+01,  1.45e+02)
25      0.036   1.42e-01   1.32e-01   3.01e-02   3.35e-01   0.00e+00 (  9.82e+01,  1.62e+02)
30      0.075   2.08e-01   2.49e-01   9.03e-02   7.73e-01   0.00e+00 (  1.31e+02,  1.69e+02)
35      0.072   2.10e-01   2.78e-01   1.22e-01   8.10e-01   0.00e+00 (  1.16e+02,  1.67e+02)
40      0.083   2.24e-01   3.30e-01   1.73e-01   9.93e-01   0.00e+00 (  1.05e+02,  1.60e+02)
45      0.108   2.53e-01   4.29e-01   1.74e-01   1.38e+00   0.00e+00 (  9.99e+01,  1.48e+02)
50      0.123   2.74e-01   5.09e-01   2.17e-01   1.64e+00   0.00e+00 (  9.08e+01,  1.34e+02)
55      0.141   3.01e-01   6.01e-01   3.17e-01   1.95e+00   0.00e+00 (  8.56e+01,  1.20e+02)
60      0.132   2.94e-01   5.74e-01   3.64e-01   1.89e+00   0.00e+00 (  7.13e+01,  1.07e+02)
65      0.136   3.07e-01   6.03e-01   4.27e-01   2.00e+00   0.00e+00 (  6.34e+01,  9.43e+01)
70      0.146   3.28e-01   6.66e-01   5.13e-01   2.20e+00   0.00e+00 (  5.78e+01,  8.36e+01)
75      0.143   3.30e-01   6.60e-01   5.41e-01   2.21e+00   0.00e+00 (  5.19e+01,  7.47e+01)
80      0.135   3.29e-01   6.38e-01   5.42e-01   2.18e+00   0.00e+00 (  4.78e+01,  6.75e+01)
85      0.131   3.21e-01   6.05e-01   5.07e-01   2.55e+00   0.00e+00 (  4.40e+01,  6.20e+01)
90      0.142   3.41e-01   5.13e-01   3.44e-01   5.01e+00   0.00e+00 (  4.23e+01,  5.77e+01)
95      0.178   3.69e-01   5.38e-01   3.66e-01   1.11e+01   0.00e+00 (  1.15e+02,  5.35e+01)
13 e: 2.266e-05 i: 3.893e-05 :: e: 6.332e-02 i: 6.230e-02 :: n: 2.762e+01 e:20.769 i:23.099 v:4.993e+03
>>> tau_he = 5.000000, nhe(0)=2.479951e+00
 5     -0.009   5.26e-03   3.94e-01   4.59e-03  -4.13e-02   0.00e+00 (  2.11e+00,  4.69e+01)
10     -0.026   3.37e-02   8.65e-02   7.94e-03  -1.57e-01   0.00e+00 (  2.31e+01,  8.80e+01)
15     -0.025   8.33e-02   4.52e-02   5.80e-04  -1.78e-01   0.00e+00 (  6.48e+01,  1.22e+02)
20      0.033   1.15e-01   1.01e-01   1.25e-02   2.72e-01   0.00e+00 (  8.44e+01,  1.45e+02)
25      0.036   1.41e-01   1.30e-01   2.96e-02   3.34e-01   0.00e+00 (  9.75e+01,  1.62e+02)
30      0.044   1.68e-01   1.74e-01   4.77e-02   4.54e-01   0.00e+00 (  1.05e+02,  1.69e+02)
35      0.071   2.08e-01   2.72e-01   1.20e-01   7.96e-01   0.00e+00 (  1.14e+02,  1.67e+02)
40      0.082   2.23e-01   3.25e-01   1.71e-01   9.81e-01   0.00e+00 (  1.04e+02,  1.60e+02)
45      0.107   2.51e-01   4.20e-01   1.71e-01   1.35e+00   0.00e+00 (  9.89e+01,  1.48e+02)
50      0.121   2.71e-01   4.99e-01   2.12e-01   1.62e+00   0.00e+00 (  8.97e+01,  1.34e+02)
55      0.104   2.55e-01   4.53e-01   2.52e-01   1.44e+00   0.00e+00 (  7.21e+01,  1.20e+02)
60      0.131   2.92e-01   5.65e-01   3.57e-01   1.87e+00   0.00e+00 (  7.06e+01,  1.07e+02)
65      0.136   3.05e-01   5.96e-01   4.22e-01   2.00e+00   0.00e+00 (  6.30e+01,  9.43e+01)
70      0.147   3.27e-01   6.62e-01   5.09e-01   2.21e+00   0.00e+00 (  5.75e+01,  8.36e+01)
75      0.144   3.30e-01   6.57e-01   5.39e-01   2.22e+00   0.00e+00 (  5.17e+01,  7.47e+01)
80      0.136   3.29e-01   6.36e-01   5.41e-01   2.20e+00   0.00e+00 (  4.75e+01,  6.75e+01)
85      0.132   3.21e-01   6.05e-01   5.06e-01   2.57e+00   0.00e+00 (  4.37e+01,  6.20e+01)
90      0.142   3.42e-01   5.13e-01   3.45e-01   5.03e+00   0.00e+00 (  4.21e+01,  5.77e+01)
95      0.178   3.69e-01   5.38e-01   3.66e-01   1.11e+01   0.00e+00 (  1.15e+02,  5.35e+01)
14 e: 2.968e-05 i: 1.729e-05 :: e: 6.504e-02 i: 6.442e-02 :: n: 2.762e+01 e:20.684 i:23.139 v:4.993e+03
>>> tau_he = 5.000000, nhe(0)=2.477915e+00
 5     -0.009   5.26e-03   3.95e-01   4.61e-03  -4.12e-02   0.00e+00 (  2.11e+00,  4.69e+01)
10     -0.026   3.32e-02   8.66e-02   7.93e-03  -1.56e-01   0.00e+00 (  2.28e+01,  8.80e+01)
15     -0.024   8.00e-02   4.64e-02   4.38e-04  -1.74e-01   0.00e+00 (  6.21e+01,  1.22e+02)
20      0.033   1.15e-01   1.02e-01   1.26e-02   2.73e-01   0.00e+00 (  8.48e+01,  1.45e+02)
25      0.036   1.42e-01   1.32e-01   3.01e-02   3.37e-01   0.00e+00 (  9.82e+01,  1.62e+02)
30      0.045   1.69e-01   1.78e-01   4.47e-02   4.64e-01   0.00e+00 (  1.06e+02,  1.69e+02)
35      0.072   2.10e-01   2.76e-01   1.22e-01   8.05e-01   0.00e+00 (  1.15e+02,  1.67e+02)
40      0.083   2.25e-01   3.31e-01   1.73e-01   9.94e-01   0.00e+00 (  1.06e+02,  1.60e+02)
45      0.108   2.54e-01   4.27e-01   1.73e-01   1.37e+00   0.00e+00 (  1.00e+02,  1.48e+02)
50      0.123   2.75e-01   5.08e-01   2.16e-01   1.64e+00   0.00e+00 (  9.15e+01,  1.34e+02)
55      0.141   3.03e-01   6.03e-01   3.18e-01   1.96e+00   0.00e+00 (  8.66e+01,  1.20e+02)
60      0.132   2.96e-01   5.77e-01   3.65e-01   1.90e+00   0.00e+00 (  7.22e+01,  1.07e+02)
65      0.137   3.09e-01   6.07e-01   4.30e-01   2.02e+00   0.00e+00 (  6.43e+01,  9.43e+01)
70      0.148   3.30e-01   6.72e-01   5.18e-01   2.22e+00   0.00e+00 (  5.87e+01,  8.36e+01)
75      0.144   3.33e-01   6.65e-01   5.46e-01   2.22e+00   0.00e+00 (  5.27e+01,  7.47e+01)
80      0.136   3.31e-01   6.42e-01   5.46e-01   2.20e+00   0.00e+00 (  4.84e+01,  6.75e+01)
85      0.131   3.22e-01   6.08e-01   5.09e-01   2.56e+00   0.00e+00 (  4.43e+01,  6.20e+01)
90      0.142   3.42e-01   5.14e-01   3.46e-01   5.03e+00   0.00e+00 (  4.25e+01,  5.77e+01)
95      0.178   3.69e-01   5.38e-01   3.66e-01   1.11e+01   0.00e+00 (  1.15e+02,  5.35e+01)
15 e: 4.514e-06 i: 3.048e-05 :: e: 4.562e-02 i: 4.664e-02 :: n: 2.762e+01 e:20.762 i:23.114 v:4.993e+03
>>> tau_he = 5.000000, nhe(0)=2.484628e+00
 5     -0.009   5.30e-03   3.99e-01   4.60e-03  -4.14e-02   0.00e+00 (  2.13e+00,  4.69e+01)
10     -0.026   3.30e-02   8.55e-02   7.79e-03  -1.53e-01   0.00e+00 (  2.26e+01,  8.80e+01)
15     -0.023   7.98e-02   4.55e-02   6.78e-04  -1.68e-01   0.00e+00 (  6.17e+01,  1.22e+02)
20      0.033   1.15e-01   1.00e-01   1.26e-02   2.74e-01   0.00e+00 (  8.45e+01,  1.45e+02)
25      0.036   1.42e-01   1.31e-01   2.95e-02   3.37e-01   0.00e+00 (  9.81e+01,  1.62e+02)
30      0.044   1.69e-01   1.75e-01   4.74e-02   4.59e-01   0.00e+00 (  1.06e+02,  1.69e+02)
35      0.071   2.09e-01   2.72e-01   1.20e-01   7.93e-01   0.00e+00 (  1.14e+02,  1.67e+02)
40      0.082   2.24e-01   3.25e-01   1.72e-01   9.80e-01   0.00e+00 (  1.05e+02,  1.60e+02)
45      0.106   2.52e-01   4.19e-01   1.70e-01   1.35e+00   0.00e+00 (  9.97e+01,  1.48e+02)
50      0.121   2.72e-01   4.98e-01   2.11e-01   1.61e+00   0.00e+00 (  9.06e+01,  1.34e+02)
55      0.105   2.57e-01   4.54e-01   2.53e-01   1.45e+00   0.00e+00 (  7.31e+01,  1.20e+02)
60      0.132   2.94e-01   5.68e-01   3.59e-01   1.88e+00   0.00e+00 (  7.17e+01,  1.07e+02)
65      0.137   3.08e-01   6.01e-01   4.25e-01   2.02e+00   0.00e+00 (  6.41e+01,  9.43e+01)
70      0.148   3.30e-01   6.69e-01   5.15e-01   2.23e+00   0.00e+00 (  5.86e+01,  8.36e+01)
75      0.146   3.34e-01   6.64e-01   5.45e-01   2.24e+00   0.00e+00 (  5.27e+01,  7.47e+01)
80      0.138   3.32e-01   6.43e-01   5.46e-01   2.22e+00   0.00e+00 (  4.84e+01,  6.75e+01)
85      0.133   3.23e-01   6.10e-01   5.11e-01   2.59e+00   0.00e+00 (  4.44e+01,  6.20e+01)
90      0.143   3.44e-01   5.16e-01   3.48e-01   5.06e+00   0.00e+00 (  4.25e+01,  5.77e+01)
95      0.178   3.69e-01   5.38e-01   3.66e-01   1.11e+01   0.00e+00 (  1.15e+02,  5.35e+01)
16 e: 4.258e-05 i: 1.280e-05 :: e: 4.872e-02 i: 5.107e-02 :: n: 2.762e+01 e:20.719 i:23.198 v:4.993e+03
>>> tau_he = 5.000000, nhe(0)=2.485419e+00
 5     -0.009   5.31e-03   4.01e-01   4.63e-03  -4.14e-02   0.00e+00 (  2.14e+00,  4.69e+01)
10     -0.026   3.27e-02   8.59e-02   7.79e-03  -1.53e-01   0.00e+00 (  2.24e+01,  8.80e+01)
15     -0.023   8.06e-02   4.66e-02   5.35e-04  -1.68e-01   0.00e+00 (  6.23e+01,  1.22e+02)
20      0.033   1.16e-01   1.02e-01   1.26e-02   2.76e-01   0.00e+00 (  8.52e+01,  1.45e+02)
25      0.036   1.43e-01   1.33e-01   2.99e-02   3.40e-01   0.00e+00 (  9.92e+01,  1.62e+02)
30      0.045   1.71e-01   1.79e-01   4.43e-02   4.68e-01   0.00e+00 (  1.07e+02,  1.69e+02)
35      0.072   2.11e-01   2.76e-01   1.22e-01   8.03e-01   0.00e+00 (  1.16e+02,  1.67e+02)
40      0.090   2.30e-01   3.52e-01   1.50e-01   1.07e+00   0.00e+00 (  1.09e+02,  1.60e+02)
45      0.108   2.55e-01   4.26e-01   1.73e-01   1.37e+00   0.00e+00 (  1.02e+02,  1.48e+02)
50      0.123   2.75e-01   5.08e-01   2.15e-01   1.64e+00   0.00e+00 (  9.21e+01,  1.34e+02)
55      0.142   3.06e-01   6.06e-01   3.19e-01   1.97e+00   0.00e+00 (  8.81e+01,  1.20e+02)
60      0.134   2.99e-01   5.81e-01   3.67e-01   1.91e+00   0.00e+00 (  7.35e+01,  1.07e+02)
65      0.139   3.13e-01   6.13e-01   4.34e-01   2.04e+00   0.00e+00 (  6.57e+01,  9.43e+01)
70      0.149   3.35e-01   6.80e-01   5.24e-01   2.25e+00   0.00e+00 (  6.00e+01,  8.36e+01)
75      0.146   3.38e-01   6.74e-01   5.53e-01   2.25e+00   0.00e+00 (  5.40e+01,  7.47e+01)
80      0.138   3.35e-01   6.50e-01   5.53e-01   2.22e+00   0.00e+00 (  4.94e+01,  6.75e+01)
85      0.133   3.26e-01   6.15e-01   5.15e-01   2.59e+00   0.00e+00 (  4.52e+01,  6.20e+01)
90      0.143   3.45e-01   5.18e-01   3.48e-01   5.05e+00   0.00e+00 (  4.32e+01,  5.77e+01)
95      0.178   3.69e-01   5.38e-01   3.66e-01   1.11e+01   0.00e+00 (  1.15e+02,  5.35e+01)
17 e: 2.047e-06 i: 3.774e-05 :: e: 3.243e-02 i: 3.616e-02 :: n: 2.762e+01 e:20.827 i:23.208 v:4.993e+03
>>> tau_he = 5.000000, nhe(0)=2.493820e+00
 5     -0.009   5.38e-03   4.07e-01   4.55e-03  -4.12e-02   0.00e+00 (  2.16e+00,  4.69e+01)
10     -0.025   3.26e-02   8.51e-02   7.67e-03  -1.50e-01   0.00e+00 (  2.22e+01,  8.80e+01)
15     -0.023   8.06e-02   4.58e-02   7.59e-04  -1.64e-01   0.00e+00 (  6.21e+01,  1.22e+02)
20      0.034   1.16e-01   1.01e-01   1.26e-02   2.78e-01   0.00e+00 (  8.51e+01,  1.45e+02)
25      0.037   1.43e-01   1.32e-01   2.94e-02   3.41e-01   0.00e+00 (  9.93e+01,  1.62e+02)
30      0.045   1.71e-01   1.76e-01   4.70e-02   4.64e-01   0.00e+00 (  1.07e+02,  1.69e+02)
35      0.071   2.10e-01   2.72e-01   1.20e-01   7.94e-01   0.00e+00 (  1.16e+02,  1.67e+02)
40      0.087   2.28e-01   3.44e-01   1.61e-01   1.05e+00   0.00e+00 (  1.08e+02,  1.60e+02)
45      0.106   2.54e-01   4.18e-01   1.70e-01   1.35e+00   0.00e+00 (  1.01e+02,  1.48e+02)
50      0.122   2.75e-01   4.99e-01   2.11e-01   1.62e+00   0.00e+00 (  9.22e+01,  1.34e+02)
55      0.105   2.60e-01   4.56e-01   2.53e-01   1.46e+00   0.00e+00 (  7.48e+01,  1.20e+02)
60      0.133   2.98e-01   5.73e-01   3.62e-01   1.90e+00   0.00e+00 (  7.33e+01,  1.07e+02)
65      0.139   3.13e-01   6.09e-01   4.30e-01   2.04e+00   0.00e+00 (  6.57e+01,  9.43e+01)
70      0.150   3.35e-01   6.78e-01   5.22e-01   2.26e+00   0.00e+00 (  6.02e+01,  8.36e+01)
75      0.148   3.39e-01   6.74e-01   5.53e-01   2.27e+00   0.00e+00 (  5.42e+01,  7.47e+01)
80      0.139   3.37e-01   6.52e-01   5.54e-01   2.25e+00   0.00e+00 (  4.97e+01,  6.75e+01)
85      0.134   3.28e-01   6.16e-01   5.16e-01   2.61e+00   0.00e+00 (  4.55e+01,  6.20e+01)
90      0.144   3.46e-01   5.22e-01   3.52e-01   5.11e+00   0.00e+00 (  4.33e+01,  5.77e+01)
95      0.178   3.69e-01   5.38e-01   3.67e-01   1.11e+01   0.00e+00 (  1.15e+02,  5.35e+01)
18 e: 5.080e-05 i: 1.255e-05 :: e: 3.353e-02 i: 3.839e-02 :: n: 2.762e+01 e:20.806 i:23.314 v:4.993e+03
>>> tau_he = 5.000000, nhe(0)=2.495897e+00
 5     -0.009   5.39e-03   4.09e-01   4.66e-03  -4.19e-02   0.00e+00 (  2.17e+00,  4.69e+01)
10     -0.025   3.20e-02   8.57e-02   7.68e-03  -1.50e-01   0.00e+00 (  2.19e+01,  8.80e+01)
15     -0.023   8.15e-02   4.68e-02   6.01e-04  -1.65e-01   0.00e+00 (  6.29e+01,  1.22e+02)
20      0.034   1.17e-01   1.02e-01   1.26e-02   2.81e-01   0.00e+00 (  8.61e+01,  1.45e+02)
25      0.037   1.44e-01   1.34e-01   2.97e-02   3.45e-01   0.00e+00 (  1.01e+02,  1.62e+02)
30      0.046   1.72e-01   1.80e-01   4.39e-02   4.74e-01   0.00e+00 (  1.09e+02,  1.69e+02)
35      0.072   2.13e-01   2.76e-01   1.21e-01   8.04e-01   0.00e+00 (  1.18e+02,  1.67e+02)
40      0.086   2.35e-01   3.50e-01   1.66e-01   1.04e+00   0.00e+00 (  1.12e+02,  1.60e+02)
45      0.108   2.57e-01   4.25e-01   1.72e-01   1.36e+00   0.00e+00 (  1.03e+02,  1.48e+02)
50      0.124   2.77e-01   5.09e-01   2.15e-01   1.65e+00   0.00e+00 (  9.38e+01,  1.34e+02)
55      0.143   3.10e-01   6.09e-01   3.19e-01   1.99e+00   0.00e+00 (  9.02e+01,  1.20e+02)
60      0.135   3.03e-01   5.86e-01   3.70e-01   1.93e+00   0.00e+00 (  7.53e+01,  1.07e+02)
65      0.140   3.18e-01   6.21e-01   4.39e-01   2.07e+00   0.00e+00 (  6.74e+01,  9.43e+01)
70      0.152   3.40e-01   6.90e-01   5.31e-01   2.28e+00   0.00e+00 (  6.17e+01,  8.36e+01)
75      0.149   3.43e-01   6.85e-01   5.62e-01   2.29e+00   0.00e+00 (  5.56e+01,  7.47e+01)
80      0.140   3.41e-01   6.61e-01   5.62e-01   2.26e+00   0.00e+00 (  5.09e+01,  6.75e+01)
85      0.135   3.31e-01   6.24e-01   5.23e-01   2.62e+00   0.00e+00 (  4.65e+01,  6.20e+01)
90      0.144   3.48e-01   5.24e-01   3.53e-01   5.11e+00   0.00e+00 (  4.41e+01,  5.77e+01)
95      0.178   3.69e-01   5.38e-01   3.67e-01   1.11e+01   0.00e+00 (  1.16e+02,  5.35e+01)
19 e: 2.018e-06 i: 4.057e-05 :: e: 2.125e-02 i: 2.611e-02 :: n: 2.762e+01 e:20.924 i:23.341 v:4.993e+03
>>> tau_he = 5.000000, nhe(0)=2.504921e+00
 5     -0.009   5.47e-03   4.15e-01   4.58e-03  -4.17e-02   0.00e+00 (  2.20e+00,  4.69e+01)
10     -0.025   3.20e-02   8.50e-02   7.57e-03  -1.48e-01   0.00e+00 (  2.18e+01,  8.80e+01)
15     -0.022   8.16e-02   4.61e-02   8.29e-04  -1.61e-01   0.00e+00 (  6.28e+01,  1.22e+02)
20      0.034   1.17e-01   1.01e-01   1.27e-02   2.83e-01   0.00e+00 (  8.60e+01,  1.45e+02)
25      0.037   1.45e-01   1.32e-01   2.92e-02   3.47e-01   0.00e+00 (  1.01e+02,  1.62e+02)
30      0.046   1.73e-01   1.78e-01   4.64e-02   4.70e-01   0.00e+00 (  1.09e+02,  1.69e+02)
35      0.071   2.12e-01   2.72e-01   1.19e-01   7.96e-01   0.00e+00 (  1.17e+02,  1.67e+02)
40      0.085   2.34e-01   3.43e-01   1.78e-01   1.02e+00   0.00e+00 (  1.11e+02,  1.60e+02)
45      0.106   2.56e-01   4.18e-01   1.70e-01   1.35e+00   0.00e+00 (  1.03e+02,  1.48e+02)
50      0.122   2.78e-01   5.01e-01   2.11e-01   1.63e+00   0.00e+00 (  9.42e+01,  1.34e+02)
55      0.141   3.07e-01   5.97e-01   3.12e-01   1.96e+00   0.00e+00 (  8.94e+01,  1.20e+02)
60      0.134   3.02e-01   5.79e-01   3.65e-01   1.92e+00   0.00e+00 (  7.52e+01,  1.07e+02)
65      0.141   3.18e-01   6.17e-01   4.36e-01   2.07e+00   0.00e+00 (  6.75e+01,  9.43e+01)
70      0.153   3.41e-01   6.89e-01   5.30e-01   2.30e+00   0.00e+00 (  6.20e+01,  8.36e+01)
75      0.150   3.45e-01   6.86e-01   5.62e-01   2.31e+00   0.00e+00 (  5.59e+01,  7.47e+01)
80      0.142   3.43e-01   6.63e-01   5.63e-01   2.28e+00   0.00e+00 (  5.12e+01,  6.75e+01)
85      0.136   3.33e-01   6.26e-01   5.25e-01   2.65e+00   0.00e+00 (  4.68e+01,  6.20e+01)
90      0.146   3.51e-01   5.28e-01   3.57e-01   5.16e+00   0.00e+00 (  4.45e+01,  5.77e+01)
95      0.178   3.69e-01   5.38e-01   3.67e-01   1.11e+01   0.00e+00 (  1.16e+02,  5.35e+01)
20 e: 5.317e-05 i: 9.808e-06 :: e: 1.743e-02 i: 2.365e-02 :: n: 2.762e+01 e:20.913 i:23.456 v:4.993e+03
>>> tau_he = 5.000000, nhe(0)=2.507336e+00
 5     -0.009   5.49e-03   4.18e-01   4.61e-03  -4.18e-02   0.00e+00 (  2.21e+00,  4.69e+01)
10     -0.025   3.24e-02   8.58e-02   7.60e-03  -1.50e-01   0.00e+00 (  2.22e+01,  8.80e+01)
15     -0.023   8.25e-02   4.72e-02   6.53e-04  -1.63e-01   0.00e+00 (  6.36e+01,  1.22e+02)
20      0.034   1.18e-01   1.03e-01   1.27e-02   2.86e-01   0.00e+00 (  8.70e+01,  1.45e+02)
25      0.038   1.46e-01   1.35e-01   2.95e-02   3.51e-01   0.00e+00 (  1.02e+02,  1.62e+02)
30      0.046   1.75e-01   1.80e-01   4.69e-02   4.79e-01   0.00e+00 (  1.11e+02,  1.69e+02)
35      0.072   2.15e-01   2.76e-01   1.21e-01   8.08e-01   0.00e+00 (  1.19e+02,  1.67e+02)
40      0.086   2.37e-01   3.49e-01   1.80e-01   1.03e+00   0.00e+00 (  1.13e+02,  1.60e+02)
45      0.108   2.60e-01   4.27e-01   1.73e-01   1.37e+00   0.00e+00 (  1.05e+02,  1.48e+02)
50      0.124   2.80e-01   5.11e-01   2.16e-01   1.65e+00   0.00e+00 (  9.57e+01,  1.34e+02)
55      0.142   3.11e-01   6.05e-01   3.16e-01   1.97e+00   0.00e+00 (  9.10e+01,  1.20e+02)
60      0.136   3.08e-01   5.90e-01   3.70e-01   1.94e+00   0.00e+00 (  7.74e+01,  1.07e+02)
65      0.143   3.23e-01   6.30e-01   4.45e-01   2.10e+00   0.00e+00 (  6.95e+01,  9.43e+01)
70      0.154   3.47e-01   7.02e-01   5.40e-01   2.32e+00   0.00e+00 (  6.37e+01,  8.36e+01)
75      0.151   3.50e-01   6.98e-01   5.72e-01   2.33e+00   0.00e+00 (  5.74e+01,  7.47e+01)
80      0.142   3.48e-01   6.73e-01   5.72e-01   2.29e+00   0.00e+00 (  5.26e+01,  6.75e+01)
85      0.136   3.37e-01   6.34e-01   5.31e-01   2.66e+00   0.00e+00 (  4.80e+01,  6.20e+01)
90      0.146   3.52e-01   5.32e-01   3.59e-01   5.18e+00   0.00e+00 (  4.53e+01,  5.77e+01)
95      0.178   3.69e-01   5.38e-01   3.67e-01   1.11e+01   0.00e+00 (  1.16e+02,  5.35e+01)
21 e: 1.805e-06 i: 3.815e-05 :: e: 1.143e-02 i: 1.616e-02 :: n: 2.762e+01 e:21.033 i:23.487 v:4.993e+03
>>> tau_he = 5.000000, nhe(0)=2.516257e+00
 5     -0.009   5.56e-03   4.23e-01   4.61e-03  -4.22e-02   0.00e+00 (  2.24e+00,  4.69e+01)
10     -0.025   3.21e-02   8.51e-02   7.49e-03  -1.47e-01   0.00e+00 (  2.19e+01,  8.80e+01)
15     -0.022   8.27e-02   4.64e-02   8.87e-04  -1.59e-01   0.00e+00 (  6.35e+01,  1.22e+02)
20      0.035   1.18e-01   1.02e-01   1.27e-02   2.88e-01   0.00e+00 (  8.70e+01,  1.45e+02)
25      0.038   1.46e-01   1.33e-01   2.90e-02   3.52e-01   0.00e+00 (  1.02e+02,  1.62e+02)
30      0.046   1.75e-01   1.79e-01   4.57e-02   4.76e-01   0.00e+00 (  1.11e+02,  1.69e+02)
35      0.071   2.14e-01   2.73e-01   1.19e-01   8.00e-01   0.00e+00 (  1.19e+02,  1.67e+02)
40      0.085   2.36e-01   3.43e-01   1.78e-01   1.02e+00   0.00e+00 (  1.13e+02,  1.60e+02)
45      0.107   2.59e-01   4.19e-01   1.70e-01   1.36e+00   0.00e+00 (  1.05e+02,  1.48e+02)
50      0.123   2.79e-01   5.02e-01   2.11e-01   1.64e+00   0.00e+00 (  9.53e+01,  1.34e+02)
55      0.105   2.65e-01   4.57e-01   2.52e-01   1.46e+00   0.00e+00 (  7.73e+01,  1.20e+02)
60      0.135   3.07e-01   5.82e-01   3.65e-01   1.94e+00   0.00e+00 (  7.72e+01,  1.07e+02)
65      0.143   3.23e-01   6.26e-01   4.42e-01   2.10e+00   0.00e+00 (  6.96e+01,  9.43e+01)
70      0.155   3.48e-01   7.00e-01   5.38e-01   2.33e+00   0.00e+00 (  6.40e+01,  8.36e+01)
75      0.153   3.52e-01   6.98e-01   5.73e-01   2.35e+00   0.00e+00 (  5.78e+01,  7.47e+01)
80      0.144   3.50e-01   6.76e-01   5.74e-01   2.32e+00   0.00e+00 (  5.30e+01,  6.75e+01)
85      0.138   3.39e-01   6.38e-01   5.35e-01   2.70e+00   0.00e+00 (  4.85e+01,  6.20e+01)
90      0.148   3.56e-01   5.39e-01   3.66e-01   5.26e+00   0.00e+00 (  4.59e+01,  5.77e+01)
95      0.178   3.69e-01   5.38e-01   3.67e-01   1.11e+01   0.00e+00 (  1.16e+02,  5.35e+01)
22 e: 5.234e-05 i: 1.376e-05 :: e: 1.217e-02 i: 1.991e-02 :: n: 2.762e+01 e:21.021 i:23.602 v:4.993e+03
>>> tau_he = 5.000000, nhe(0)=2.518711e+00
 5     -0.009   5.58e-03   4.26e-01   4.64e-03  -4.23e-02   0.00e+00 (  2.25e+00,  4.69e+01)
10     -0.025   3.25e-02   8.58e-02   7.53e-03  -1.49e-01   0.00e+00 (  2.22e+01,  8.80e+01)
15     -0.022   8.36e-02   4.75e-02   7.14e-04  -1.60e-01   0.00e+00 (  6.43e+01,  1.22e+02)
20      0.035   1.19e-01   1.03e-01   1.27e-02   2.91e-01   0.00e+00 (  8.79e+01,  1.45e+02)
25      0.038   1.47e-01   1.35e-01   2.93e-02   3.56e-01   0.00e+00 (  1.03e+02,  1.62e+02)
30      0.047   1.76e-01   1.81e-01   4.62e-02   4.84e-01   0.00e+00 (  1.13e+02,  1.69e+02)
35      0.072   2.17e-01   2.77e-01   1.21e-01   8.11e-01   0.00e+00 (  1.21e+02,  1.67e+02)
40      0.086   2.38e-01   3.48e-01   1.79e-01   1.03e+00   0.00e+00 (  1.15e+02,  1.60e+02)
45      0.108   2.62e-01   4.26e-01   1.73e-01   1.37e+00   0.00e+00 (  1.07e+02,  1.48e+02)
50      0.125   2.83e-01   5.12e-01   2.16e-01   1.66e+00   0.00e+00 (  9.77e+01,  1.34e+02)
55      0.144   3.16e-01   6.12e-01   3.19e-01   2.00e+00   0.00e+00 (  9.34e+01,  1.20e+02)
60      0.137   3.12e-01   5.96e-01   3.73e-01   1.97e+00   0.00e+00 (  7.93e+01,  1.07e+02)
65      0.144   3.28e-01   6.38e-01   4.50e-01   2.12e+00   0.00e+00 (  7.13e+01,  9.43e+01)
70      0.156   3.52e-01   7.12e-01   5.46e-01   2.35e+00   0.00e+00 (  6.56e+01,  8.36e+01)
75      0.154   3.57e-01   7.09e-01   5.82e-01   2.36e+00   0.00e+00 (  5.92e+01,  7.47e+01)
80      0.144   3.54e-01   6.85e-01   5.82e-01   2.33e+00   0.00e+00 (  5.43e+01,  6.75e+01)
85      0.139   3.43e-01   6.45e-01   5.41e-01   2.70e+00   0.00e+00 (  4.96e+01,  6.20e+01)
90      0.148   3.56e-01   5.40e-01   3.66e-01   5.25e+00   0.00e+00 (  4.66e+01,  5.77e+01)
95      0.178   3.69e-01   5.39e-01   3.67e-01   1.11e+01   0.00e+00 (  1.16e+02,  5.35e+01)
23 e: 1.620e-06 i: 3.598e-05 :: e: 9.338e-03 i: 1.435e-02 :: n: 2.762e+01 e:21.139 i:23.635 v:4.993e+03
>>> tau_he = 5.000000, nhe(0)=2.527445e+00
 5     -0.009   5.65e-03   4.32e-01   4.64e-03  -4.26e-02   0.00e+00 (  2.28e+00,  4.69e+01)
10     -0.025   3.25e-02   8.51e-02   7.42e-03  -1.47e-01   0.00e+00 (  2.22e+01,  8.80e+01)
15     -0.022   8.37e-02   4.67e-02   9.56e-04  -1.57e-01   0.00e+00 (  6.42e+01,  1.22e+02)
20      0.035   1.19e-01   1.02e-01   1.28e-02   2.93e-01   0.00e+00 (  8.79e+01,  1.45e+02)
25      0.038   1.48e-01   1.34e-01   2.88e-02   3.58e-01   0.00e+00 (  1.03e+02,  1.62e+02)
30      0.047   1.76e-01   1.79e-01   4.51e-02   4.81e-01   0.00e+00 (  1.13e+02,  1.69e+02)
35      0.072   2.16e-01   2.73e-01   1.19e-01   8.04e-01   0.00e+00 (  1.20e+02,  1.67e+02)
40      0.085   2.38e-01   3.43e-01   1.77e-01   1.02e+00   0.00e+00 (  1.15e+02,  1.60e+02)
45      0.107   2.61e-01   4.20e-01   1.70e-01   1.36e+00   0.00e+00 (  1.07e+02,  1.48e+02)
50      0.124   2.82e-01   5.04e-01   2.12e-01   1.65e+00   0.00e+00 (  9.74e+01,  1.34e+02)
55      0.142   3.13e-01   6.00e-01   3.13e-01   1.97e+00   0.00e+00 (  9.27e+01,  1.20e+02)
60      0.137   3.11e-01   5.89e-01   3.69e-01   1.96e+00   0.00e+00 (  7.92e+01,  1.07e+02)
65      0.145   3.28e-01   6.34e-01   4.47e-01   2.13e+00   0.00e+00 (  7.14e+01,  9.43e+01)
70      0.157   3.53e-01   7.10e-01   5.45e-01   2.36e+00   0.00e+00 (  6.58e+01,  8.36e+01)
75      0.155   3.58e-01   7.10e-01   5.82e-01   2.38e+00   0.00e+00 (  5.95e+01,  7.47e+01)
80      0.146   3.56e-01   6.88e-01   5.84e-01   2.36e+00   0.00e+00 (  5.46e+01,  6.75e+01)
85      0.140   3.45e-01   6.49e-01   5.44e-01   2.74e+00   0.00e+00 (  5.00e+01,  6.20e+01)
90      0.150   3.61e-01   5.47e-01   3.72e-01   5.33e+00   0.00e+00 (  4.72e+01,  5.77e+01)
95      0.178   3.69e-01   5.39e-01   3.68e-01   1.11e+01   0.00e+00 (  1.16e+02,  5.35e+01)
24 e: 4.622e-05 i: 7.593e-06 :: e: 7.780e-03 i: 1.106e-02 :: n: 2.762e+01 e:21.128 i:23.749 v:4.993e+03
>>> tau_he = 5.000000, nhe(0)=2.529588e+00
 5     -0.009   5.67e-03   4.34e-01   4.67e-03  -4.28e-02   0.00e+00 (  2.29e+00,  4.69e+01)
10     -0.025   3.27e-02   8.59e-02   7.46e-03  -1.48e-01   0.00e+00 (  2.23e+01,  8.80e+01)
15     -0.022   8.52e-02   4.78e-02   7.73e-04  -1.58e-01   0.00e+00 (  6.54e+01,  1.22e+02)
20      0.026   1.17e-01   1.02e-01   7.60e-03   2.12e-01   0.00e+00 (  8.66e+01,  1.45e+02)
25      0.039   1.49e-01   1.36e-01   2.91e-02   3.62e-01   0.00e+00 (  1.04e+02,  1.62e+02)
30      0.047   1.78e-01   1.82e-01   4.56e-02   4.90e-01   0.00e+00 (  1.14e+02,  1.69e+02)
35      0.073   2.19e-01   2.77e-01   1.20e-01   8.16e-01   0.00e+00 (  1.22e+02,  1.67e+02)
40      0.086   2.40e-01   3.49e-01   1.79e-01   1.03e+00   0.00e+00 (  1.17e+02,  1.60e+02)
45      0.109   2.65e-01   4.28e-01   1.73e-01   1.39e+00   0.00e+00 (  1.09e+02,  1.48e+02)
50      0.126   2.86e-01   5.14e-01   2.17e-01   1.67e+00   0.00e+00 (  9.96e+01,  1.34e+02)
55      0.143   3.17e-01   6.09e-01   3.17e-01   1.99e+00   0.00e+00 (  9.43e+01,  1.20e+02)
60      0.139   3.16e-01   6.00e-01   3.76e-01   1.98e+00   0.00e+00 (  8.11e+01,  1.07e+02)
65      0.146   3.33e-01   6.46e-01   4.56e-01   2.15e+00   0.00e+00 (  7.32e+01,  9.43e+01)
70      0.158   3.58e-01   7.22e-01   5.54e-01   2.38e+00   0.00e+00 (  6.74e+01,  8.36e+01)
75      0.156   3.63e-01   7.21e-01   5.91e-01   2.40e+00   0.00e+00 (  6.10e+01,  7.47e+01)
80      0.147   3.60e-01   6.97e-01   5.91e-01   2.37e+00   0.00e+00 (  5.60e+01,  6.75e+01)
85      0.141   3.49e-01   6.56e-01   5.50e-01   2.74e+00   0.00e+00 (  5.12e+01,  6.20e+01)
90      0.151   3.62e-01   5.51e-01   3.75e-01   5.35e+00   0.00e+00 (  4.80e+01,  5.77e+01)
95      0.178   3.69e-01   5.39e-01   3.68e-01   1.11e+01   0.00e+00 (  1.17e+02,  5.35e+01)
25 e: 1.195e-06 i: 3.036e-05 :: e: 1.343e-02 i: 1.629e-02 :: n: 2.762e+01 e:21.240 i:23.777 v:4.993e+03
>>> tau_he = 5.000000, nhe(0)=2.537707e+00
 5     -0.009   5.73e-03   4.40e-01   4.67e-03  -4.31e-02   0.00e+00 (  2.32e+00,  4.69e+01)
10     -0.024   3.26e-02   8.51e-02   7.41e-03  -1.46e-01   0.00e+00 (  2.23e+01,  8.80e+01)
15     -0.022   8.53e-02   4.70e-02   1.01e-03  -1.55e-01   0.00e+00 (  6.53e+01,  1.22e+02)
20      0.036   1.20e-01   1.03e-01   1.28e-02   2.98e-01   0.00e+00 (  8.88e+01,  1.45e+02)
25      0.039   1.49e-01   1.35e-01   2.86e-02   3.63e-01   0.00e+00 (  1.04e+02,  1.62e+02)
30      0.047   1.78e-01   1.80e-01   4.45e-02   4.86e-01   0.00e+00 (  1.14e+02,  1.69e+02)
35      0.072   2.18e-01   2.74e-01   1.19e-01   8.09e-01   0.00e+00 (  1.22e+02,  1.67e+02)
40      0.085   2.40e-01   3.43e-01   1.75e-01   1.02e+00   0.00e+00 (  1.16e+02,  1.60e+02)
45      0.108   2.64e-01   4.21e-01   1.71e-01   1.37e+00   0.00e+00 (  1.09e+02,  1.48e+02)
50      0.124   2.85e-01   5.06e-01   2.13e-01   1.66e+00   0.00e+00 (  9.91e+01,  1.34e+02)
55      0.142   3.15e-01   5.98e-01   3.11e-01   1.96e+00   0.00e+00 (  9.35e+01,  1.20e+02)
60      0.138   3.15e-01   5.93e-01   3.71e-01   1.97e+00   0.00e+00 (  8.07e+01,  1.07e+02)
65      0.146   3.33e-01   6.41e-01   4.52e-01   2.15e+00   0.00e+00 (  7.31e+01,  9.43e+01)
70      0.159   3.59e-01   7.20e-01   5.52e-01   2.39e+00   0.00e+00 (  6.76e+01,  8.36e+01)
75      0.157   3.64e-01   7.21e-01   5.90e-01   2.42e+00   0.00e+00 (  6.12e+01,  7.47e+01)
80      0.148   3.62e-01   6.99e-01   5.93e-01   2.39e+00   0.00e+00 (  5.63e+01,  6.75e+01)
85      0.142   3.51e-01   6.60e-01   5.53e-01   2.78e+00   0.00e+00 (  5.16e+01,  6.20e+01)
90      0.152   3.64e-01   5.55e-01   3.79e-01   5.40e+00   0.00e+00 (  4.84e+01,  5.77e+01)
95      0.178   3.69e-01   5.39e-01   3.68e-01   1.12e+01   0.00e+00 (  1.17e+02,  5.35e+01)
26 e: 3.884e-05 i: 5.900e-06 :: e: 1.265e-02 i: 1.310e-02 :: n: 2.762e+01 e:21.223 i:23.884 v:4.993e+03
>>> tau_he = 5.000000, nhe(0)=2.539190e+00
 5     -0.009   5.75e-03   4.42e-01   4.70e-03  -4.33e-02   0.00e+00 (  2.33e+00,  4.69e+01)
10     -0.025   3.28e-02   8.59e-02   7.45e-03  -1.47e-01   0.00e+00 (  2.25e+01,  8.80e+01)
15     -0.022   8.61e-02   4.81e-02   8.08e-04  -1.56e-01   0.00e+00 (  6.61e+01,  1.22e+02)
20      0.026   1.18e-01   1.02e-01   7.49e-03   2.14e-01   0.00e+00 (  8.74e+01,  1.45e+02)
25      0.039   1.50e-01   1.37e-01   2.89e-02   3.67e-01   0.00e+00 (  1.05e+02,  1.62e+02)
30      0.048   1.80e-01   1.83e-01   4.50e-02   4.95e-01   0.00e+00 (  1.16e+02,  1.69e+02)
35      0.073   2.20e-01   2.78e-01   1.20e-01   8.21e-01   0.00e+00 (  1.24e+02,  1.67e+02)
40      0.087   2.42e-01   3.49e-01   1.77e-01   1.04e+00   0.00e+00 (  1.18e+02,  1.60e+02)
45      0.110   2.67e-01   4.30e-01   1.74e-01   1.40e+00   0.00e+00 (  1.11e+02,  1.48e+02)
50      0.126   2.89e-01   5.16e-01   2.17e-01   1.68e+00   0.00e+00 (  1.01e+02,  1.34e+02)
55      0.143   3.18e-01   6.07e-01   3.16e-01   1.98e+00   0.00e+00 (  9.51e+01,  1.20e+02)
60      0.140   3.19e-01   6.04e-01   3.78e-01   2.00e+00   0.00e+00 (  8.25e+01,  1.07e+02)
65      0.148   3.37e-01   6.53e-01   4.60e-01   2.17e+00   0.00e+00 (  7.48e+01,  9.43e+01)
70      0.160   3.63e-01   7.31e-01   5.60e-01   2.41e+00   0.00e+00 (  6.90e+01,  8.36e+01)
75      0.158   3.68e-01   7.31e-01   5.99e-01   2.43e+00   0.00e+00 (  6.26e+01,  7.47e+01)
80      0.149   3.66e-01   7.07e-01   6.00e-01   2.40e+00   0.00e+00 (  5.75e+01,  6.75e+01)
85      0.143   3.54e-01   6.66e-01   5.59e-01   2.78e+00   0.00e+00 (  5.26e+01,  6.20e+01)
90      0.153   3.66e-01   5.58e-01   3.81e-01   5.42e+00   0.00e+00 (  4.92e+01,  5.77e+01)
95      0.178   3.69e-01   5.38e-01   3.66e-01   1.11e+01   0.00e+00 (  1.17e+02,  5.35e+01)
27 e: 1.182e-06 i: 2.443e-05 :: e: 1.755e-02 i: 1.875e-02 :: n: 2.762e+01 e:21.327 i:23.905 v:4.993e+03
>>> tau_he = 5.000000, nhe(0)=2.546480e+00
 5     -0.009   5.80e-03   4.47e-01   4.69e-03  -4.36e-02   0.00e+00 (  2.35e+00,  4.69e+01)
10     -0.024   3.27e-02   8.52e-02   7.36e-03  -1.45e-01   0.00e+00 (  2.24e+01,  8.80e+01)
15     -0.021   8.62e-02   4.74e-02   1.04e-03  -1.52e-01   0.00e+00 (  6.59e+01,  1.22e+02)
20      0.026   1.18e-01   1.01e-01   7.53e-03   2.15e-01   0.00e+00 (  8.74e+01,  1.45e+02)
25      0.039   1.50e-01   1.35e-01   2.85e-02   3.68e-01   0.00e+00 (  1.05e+02,  1.62e+02)
30      0.048   1.79e-01   1.81e-01   4.40e-02   4.91e-01   0.00e+00 (  1.15e+02,  1.69e+02)
35      0.073   2.20e-01   2.75e-01   1.18e-01   8.14e-01   0.00e+00 (  1.23e+02,  1.67e+02)
40      0.086   2.41e-01   3.44e-01   1.74e-01   1.03e+00   0.00e+00 (  1.17e+02,  1.60e+02)
45      0.109   2.66e-01   4.23e-01   1.71e-01   1.38e+00   0.00e+00 (  1.10e+02,  1.48e+02)
50      0.125   2.87e-01   5.08e-01   2.13e-01   1.67e+00   0.00e+00 (  1.00e+02,  1.34e+02)
55      0.105   2.71e-01   4.59e-01   2.53e-01   1.46e+00   0.00e+00 (  8.08e+01,  1.20e+02)
60      0.139   3.18e-01   5.97e-01   3.73e-01   1.99e+00   0.00e+00 (  8.21e+01,  1.07e+02)
65      0.148   3.36e-01   6.47e-01   4.56e-01   2.17e+00   0.00e+00 (  7.46e+01,  9.43e+01)
70      0.161   3.63e-01   7.28e-01   5.57e-01   2.42e+00   0.00e+00 (  6.90e+01,  8.36e+01)
75      0.159   3.69e-01   7.30e-01   5.98e-01   2.44e+00   0.00e+00 (  6.26e+01,  7.47e+01)
80      0.150   3.67e-01   7.08e-01   6.01e-01   2.42e+00   0.00e+00 (  5.76e+01,  6.75e+01)
85      0.144   3.56e-01   6.69e-01   5.61e-01   2.81e+00   0.00e+00 (  5.29e+01,  6.20e+01)
90      0.154   3.68e-01   5.62e-01   3.84e-01   5.46e+00   0.00e+00 (  4.95e+01,  5.77e+01)
95      0.178   3.69e-01   5.38e-01   3.66e-01   1.11e+01   0.00e+00 (  1.17e+02,  5.35e+01)
28 e: 3.447e-05 i: 1.567e-05 :: e: 1.836e-02 i: 2.171e-02 :: n: 2.762e+01 e:21.301 i:24.002 v:4.993e+03
>>> tau_he = 5.000000, nhe(0)=2.547539e+00
 5     -0.009   5.82e-03   4.48e-01   4.72e-03  -4.37e-02   0.00e+00 (  2.36e+00,  4.69e+01)
10     -0.025   3.29e-02   8.59e-02   7.39e-03  -1.47e-01   0.00e+00 (  2.26e+01,  8.80e+01)
15     -0.021   8.69e-02   4.84e-02   8.43e-04  -1.53e-01   0.00e+00 (  6.66e+01,  1.22e+02)
20      0.026   1.19e-01   1.03e-01   7.40e-03   2.16e-01   0.00e+00 (  8.82e+01,  1.45e+02)
25      0.040   1.51e-01   1.37e-01   2.88e-02   3.72e-01   0.00e+00 (  1.06e+02,  1.62e+02)
30      0.048   1.81e-01   1.83e-01   4.45e-02   4.98e-01   0.00e+00 (  1.17e+02,  1.69e+02)
35      0.074   2.22e-01   2.78e-01   1.20e-01   8.24e-01   0.00e+00 (  1.25e+02,  1.67e+02)
40      0.087   2.43e-01   3.49e-01   1.76e-01   1.04e+00   0.00e+00 (  1.19e+02,  1.60e+02)
45      0.110   2.69e-01   4.29e-01   1.74e-01   1.40e+00   0.00e+00 (  1.12e+02,  1.48e+02)
50      0.127   2.91e-01   5.18e-01   2.17e-01   1.69e+00   0.00e+00 (  1.03e+02,  1.34e+02)
55      0.146   3.23e-01   6.16e-01   3.20e-01   2.02e+00   0.00e+00 (  9.75e+01,  1.20e+02)
60      0.141   3.22e-01   6.09e-01   3.80e-01   2.02e+00   0.00e+00 (  8.39e+01,  1.07e+02)
65      0.149   3.40e-01   6.57e-01   4.63e-01   2.19e+00   0.00e+00 (  7.59e+01,  9.43e+01)
70      0.162   3.67e-01   7.37e-01   5.65e-01   2.43e+00   0.00e+00 (  7.02e+01,  8.36e+01)
75      0.159   3.72e-01   7.38e-01   6.04e-01   2.45e+00   0.00e+00 (  6.37e+01,  7.47e+01)
80      0.150   3.70e-01   7.15e-01   6.07e-01   2.42e+00   0.00e+00 (  5.86e+01,  6.75e+01)
85      0.144   3.58e-01   6.74e-01   5.66e-01   2.81e+00   0.00e+00 (  5.38e+01,  6.20e+01)
90      0.155   3.69e-01   5.64e-01   3.86e-01   5.47e+00   0.00e+00 (  5.02e+01,  5.77e+01)
95      0.178   3.69e-01   5.38e-01   3.66e-01   1.11e+01   0.00e+00 (  1.17e+02,  5.35e+01)
29 e: 1.579e-06 i: 2.072e-05 :: e: 2.061e-02 i: 2.145e-02 :: n: 2.762e+01 e:21.399 i:24.017 v:4.993e+03
>>> tau_he = 5.000000, nhe(0)=2.554218e+00
 5     -0.009   5.87e-03   4.53e-01   4.71e-03  -4.40e-02   0.00e+00 (  2.38e+00,  4.69e+01)
10     -0.024   3.28e-02   8.52e-02   7.31e-03  -1.45e-01   0.00e+00 (  2.25e+01,  8.80e+01)
15     -0.021   8.69e-02   4.77e-02   1.07e-03  -1.50e-01   0.00e+00 (  6.64e+01,  1.22e+02)
20      0.026   1.19e-01   1.02e-01   7.44e-03   2.17e-01   0.00e+00 (  8.81e+01,  1.45e+02)
25      0.040   1.51e-01   1.36e-01   2.84e-02   3.73e-01   0.00e+00 (  1.06e+02,  1.62e+02)
30      0.048   1.80e-01   1.82e-01   4.35e-02   4.95e-01   0.00e+00 (  1.16e+02,  1.69e+02)
35      0.073   2.21e-01   2.75e-01   1.18e-01   8.17e-01   0.00e+00 (  1.24e+02,  1.67e+02)
40      0.086   2.42e-01   3.44e-01   1.73e-01   1.03e+00   0.00e+00 (  1.18e+02,  1.60e+02)
45      0.109   2.68e-01   4.23e-01   1.72e-01   1.38e+00   0.00e+00 (  1.11e+02,  1.48e+02)
50      0.126   2.89e-01   5.10e-01   2.14e-01   1.68e+00   0.00e+00 (  1.02e+02,  1.34e+02)
55      0.144   3.21e-01   6.05e-01   3.14e-01   1.99e+00   0.00e+00 (  9.66e+01,  1.20e+02)
60      0.140   3.21e-01   6.02e-01   3.76e-01   2.01e+00   0.00e+00 (  8.35e+01,  1.07e+02)
65      0.149   3.39e-01   6.52e-01   4.59e-01   2.19e+00   0.00e+00 (  7.57e+01,  9.43e+01)
70      0.162   3.66e-01   7.33e-01   5.61e-01   2.44e+00   0.00e+00 (  7.01e+01,  8.36e+01)
75      0.160   3.72e-01   7.36e-01   6.03e-01   2.46e+00   0.00e+00 (  6.36e+01,  7.47e+01)
80      0.151   3.71e-01   7.15e-01   6.06e-01   2.44e+00   0.00e+00 (  5.86e+01,  6.75e+01)
85      0.146   3.60e-01   6.76e-01   5.67e-01   2.84e+00   0.00e+00 (  5.39e+01,  6.20e+01)
90      0.156   3.71e-01   5.67e-01   3.89e-01   5.51e+00   0.00e+00 (  5.04e+01,  5.77e+01)
95      0.178   3.69e-01   5.38e-01   3.66e-01   1.11e+01   0.00e+00 (  1.17e+02,  5.35e+01)
30 e: 2.543e-05 i: 5.230e-06 :: e: 1.774e-02 i: 1.631e-02 :: n: 2.762e+01 e:21.370 i:24.106 v:4.993e+03
>>> tau_he = 5.000000, nhe(0)=2.554619e+00
 5     -0.009   5.88e-03   4.54e-01   4.74e-03  -4.41e-02   0.00e+00 (  2.39e+00,  4.69e+01)
10     -0.024   3.30e-02   8.59e-02   7.35e-03  -1.46e-01   0.00e+00 (  2.26e+01,  8.80e+01)
15     -0.021   8.76e-02   4.87e-02   8.56e-04  -1.51e-01   0.00e+00 (  6.71e+01,  1.22e+02)
20      0.026   1.20e-01   1.03e-01   7.31e-03   2.17e-01   0.00e+00 (  8.89e+01,  1.45e+02)
25      0.040   1.52e-01   1.38e-01   2.87e-02   3.76e-01   0.00e+00 (  1.07e+02,  1.62e+02)
30      0.049   1.82e-01   1.84e-01   4.41e-02   5.03e-01   0.00e+00 (  1.18e+02,  1.69e+02)
35      0.074   2.23e-01   2.79e-01   1.20e-01   8.29e-01   0.00e+00 (  1.26e+02,  1.67e+02)
40      0.087   2.45e-01   3.50e-01   1.75e-01   1.04e+00   0.00e+00 (  1.20e+02,  1.60e+02)
45      0.111   2.71e-01   4.31e-01   1.75e-01   1.41e+00   0.00e+00 (  1.13e+02,  1.48e+02)
50      0.128   2.93e-01   5.20e-01   2.18e-01   1.70e+00   0.00e+00 (  1.04e+02,  1.34e+02)
55      0.145   3.24e-01   6.14e-01   3.19e-01   2.01e+00   0.00e+00 (  9.79e+01,  1.20e+02)
60      0.141   3.25e-01   6.12e-01   3.82e-01   2.03e+00   0.00e+00 (  8.50e+01,  1.07e+02)
65      0.150   3.43e-01   6.62e-01   4.66e-01   2.20e+00   0.00e+00 (  7.71e+01,  9.43e+01)
70      0.163   3.70e-01   7.43e-01   5.69e-01   2.45e+00   0.00e+00 (  7.13e+01,  8.36e+01)
75      0.161   3.76e-01   7.44e-01   6.09e-01   2.47e+00   0.00e+00 (  6.47e+01,  7.47e+01)
80      0.151   3.74e-01   7.22e-01   6.12e-01   2.44e+00   0.00e+00 (  5.96e+01,  6.75e+01)
85      0.146   3.62e-01   6.81e-01   5.71e-01   2.84e+00   0.00e+00 (  5.47e+01,  6.20e+01)
90      0.156   3.72e-01   5.69e-01   3.90e-01   5.52e+00   0.00e+00 (  5.11e+01,  5.77e+01)
95      0.178   3.69e-01   5.38e-01   3.66e-01   1.11e+01   0.00e+00 (  1.17e+02,  5.35e+01)
31 e: 2.679e-06 i: 1.574e-05 :: e: 2.130e-02 i: 2.150e-02 :: n: 2.762e+01 e:21.459 i:24.112 v:4.993e+03
>>> tau_he = 5.000000, nhe(0)=2.560340e+00
 5     -0.009   5.92e-03   4.58e-01   4.73e-03  -4.43e-02   0.00e+00 (  2.41e+00,  4.69e+01)
10     -0.024   3.29e-02   8.52e-02   7.27e-03  -1.44e-01   0.00e+00 (  2.26e+01,  8.80e+01)
15     -0.021   8.76e-02   4.80e-02   1.07e-03  -1.48e-01   0.00e+00 (  6.69e+01,  1.22e+02)
20      0.026   1.20e-01   1.02e-01   7.36e-03   2.18e-01   0.00e+00 (  8.87e+01,  1.45e+02)
25      0.040   1.52e-01   1.36e-01   2.83e-02   3.76e-01   0.00e+00 (  1.07e+02,  1.62e+02)
30      0.048   1.81e-01   1.82e-01   4.32e-02   4.99e-01   0.00e+00 (  1.17e+02,  1.69e+02)
35      0.073   2.22e-01   2.76e-01   1.18e-01   8.22e-01   0.00e+00 (  1.25e+02,  1.67e+02)
40      0.085   2.43e-01   3.44e-01   1.73e-01   1.02e+00   0.00e+00 (  1.19e+02,  1.60e+02)
45      0.110   2.69e-01   4.25e-01   1.72e-01   1.39e+00   0.00e+00 (  1.12e+02,  1.48e+02)
50      0.126   2.91e-01   5.12e-01   2.14e-01   1.68e+00   0.00e+00 (  1.03e+02,  1.34e+02)
55      0.143   3.21e-01   6.03e-01   3.13e-01   1.98e+00   0.00e+00 (  9.68e+01,  1.20e+02)
60      0.141   3.23e-01   6.04e-01   3.77e-01   2.01e+00   0.00e+00 (  8.43e+01,  1.07e+02)
65      0.149   3.42e-01   6.56e-01   4.61e-01   2.20e+00   0.00e+00 (  7.66e+01,  9.43e+01)
70      0.163   3.69e-01   7.38e-01   5.65e-01   2.45e+00   0.00e+00 (  7.10e+01,  8.36e+01)
75      0.161   3.75e-01   7.42e-01   6.07e-01   2.48e+00   0.00e+00 (  6.45e+01,  7.47e+01)
80      0.152   3.74e-01   7.21e-01   6.11e-01   2.46e+00   0.00e+00 (  5.95e+01,  6.75e+01)
85      0.147   3.63e-01   6.82e-01   5.72e-01   2.86e+00   0.00e+00 (  5.48e+01,  6.20e+01)
90      0.157   3.73e-01   5.72e-01   3.92e-01   5.55e+00   0.00e+00 (  5.12e+01,  5.77e+01)
95      0.178   3.69e-01   5.38e-01   3.67e-01   1.11e+01   0.00e+00 (  1.17e+02,  5.35e+01)
32 e: 1.931e-05 i: 4.774e-06 :: e: 1.767e-02 i: 1.560e-02 :: n: 2.762e+01 e:21.421 i:24.189 v:4.993e+03
>>> tau_he = 5.000000, nhe(0)=2.559875e+00
 5     -0.009   5.92e-03   4.59e-01   4.75e-03  -4.44e-02   0.00e+00 (  2.41e+00,  4.69e+01)
10     -0.024   3.31e-02   8.59e-02   7.31e-03  -1.46e-01   0.00e+00 (  2.27e+01,  8.80e+01)
15     -0.021   8.82e-02   4.90e-02   8.45e-04  -1.49e-01   0.00e+00 (  6.74e+01,  1.22e+02)
20      0.026   1.20e-01   1.04e-01   7.23e-03   2.19e-01   0.00e+00 (  8.94e+01,  1.45e+02)
25      0.041   1.52e-01   1.38e-01   2.86e-02   3.79e-01   0.00e+00 (  1.07e+02,  1.62e+02)
30      0.081   2.25e-01   2.59e-01   9.51e-02   8.35e-01   0.00e+00 (  1.46e+02,  1.69e+02)
35      0.074   2.24e-01   2.79e-01   1.20e-01   8.33e-01   0.00e+00 (  1.26e+02,  1.67e+02)
40      0.088   2.46e-01   3.50e-01   1.74e-01   1.05e+00   0.00e+00 (  1.21e+02,  1.60e+02)
45      0.111   2.72e-01   4.32e-01   1.75e-01   1.41e+00   0.00e+00 (  1.14e+02,  1.48e+02)
50      0.128   2.94e-01   5.21e-01   2.19e-01   1.71e+00   0.00e+00 (  1.05e+02,  1.34e+02)
55      0.144   3.24e-01   6.12e-01   3.17e-01   2.00e+00   0.00e+00 (  9.81e+01,  1.20e+02)
60      0.142   3.26e-01   6.13e-01   3.83e-01   2.03e+00   0.00e+00 (  8.57e+01,  1.07e+02)
65      0.151   3.45e-01   6.65e-01   4.68e-01   2.21e+00   0.00e+00 (  7.79e+01,  9.43e+01)
70      0.164   3.72e-01   7.47e-01   5.72e-01   2.46e+00   0.00e+00 (  7.21e+01,  8.36e+01)
75      0.161   3.78e-01   7.49e-01   6.13e-01   2.48e+00   0.00e+00 (  6.55e+01,  7.47e+01)
80      0.152   3.76e-01   7.27e-01   6.16e-01   2.45e+00   0.00e+00 (  6.03e+01,  6.75e+01)
85      0.147   3.65e-01   6.86e-01   5.76e-01   2.86e+00   0.00e+00 (  5.55e+01,  6.20e+01)
90      0.157   3.74e-01   5.73e-01   3.93e-01   5.55e+00   0.00e+00 (  5.18e+01,  5.77e+01)
95      0.178   3.69e-01   5.39e-01   3.67e-01   1.11e+01   0.00e+00 (  1.18e+02,  5.35e+01)
33 e: 1.694e-05 i: 3.845e-05 :: e: 2.650e-02 i: 2.614e-02 :: n: 2.762e+01 e:21.499 i:24.184 v:4.993e+03
>>> tau_he = 5.000000, nhe(0)=2.563268e+00
 5     -0.009   5.94e-03   4.61e-01   4.74e-03  -4.46e-02   0.00e+00 (  2.42e+00,  4.69e+01)
10     -0.024   3.30e-02   8.54e-02   7.27e-03  -1.45e-01   0.00e+00 (  2.27e+01,  8.80e+01)
15     -0.020   8.80e-02   4.85e-02   9.57e-04  -1.46e-01   0.00e+00 (  6.72e+01,  1.22e+02)
20      0.026   1.20e-01   1.03e-01   7.23e-03   2.19e-01   0.00e+00 (  8.91e+01,  1.45e+02)
25      0.041   1.52e-01   1.36e-01   2.83e-02   3.78e-01   0.00e+00 (  1.07e+02,  1.62e+02)
30      0.048   1.80e-01   1.81e-01   4.31e-02   4.92e-01   0.00e+00 (  1.15e+02,  1.69e+02)
35      0.074   2.23e-01   2.76e-01   1.18e-01   8.24e-01   0.00e+00 (  1.25e+02,  1.67e+02)
40      0.085   2.44e-01   3.45e-01   1.72e-01   1.02e+00   0.00e+00 (  1.20e+02,  1.60e+02)
45      0.110   2.71e-01   4.26e-01   1.73e-01   1.40e+00   0.00e+00 (  1.13e+02,  1.48e+02)
50      0.127   2.92e-01   5.13e-01   2.15e-01   1.69e+00   0.00e+00 (  1.04e+02,  1.34e+02)
55      0.143   3.21e-01   6.02e-01   3.12e-01   1.98e+00   0.00e+00 (  9.70e+01,  1.20e+02)
60      0.141   3.24e-01   6.06e-01   3.78e-01   2.02e+00   0.00e+00 (  8.49e+01,  1.07e+02)
65      0.150   3.43e-01   6.59e-01   4.63e-01   2.21e+00   0.00e+00 (  7.73e+01,  9.43e+01)
70      0.164   3.71e-01   7.42e-01   5.68e-01   2.46e+00   0.00e+00 (  7.17e+01,  8.36e+01)
75      0.162   3.77e-01   7.46e-01   6.10e-01   2.49e+00   0.00e+00 (  6.52e+01,  7.47e+01)
80      0.153   3.76e-01   7.25e-01   6.15e-01   2.47e+00   0.00e+00 (  6.01e+01,  6.75e+01)
85      0.148   3.65e-01   6.86e-01   5.76e-01   2.88e+00   0.00e+00 (  5.54e+01,  6.20e+01)
90      0.158   3.75e-01   5.75e-01   3.95e-01   5.58e+00   0.00e+00 (  5.18e+01,  5.77e+01)
95      0.178   3.69e-01   5.39e-01   3.67e-01   1.11e+01   0.00e+00 (  1.18e+02,  5.35e+01)
34 e: 1.426e-05 i: 5.295e-06 :: e: 1.654e-02 i: 1.490e-02 :: n: 2.762e+01 e:21.441 i:24.229 v:4.993e+03
>>> tau_he = 5.000000, nhe(0)=2.561449e+00
 5     -0.009   5.93e-03   4.61e-01   4.76e-03  -4.45e-02   0.00e+00 (  2.42e+00,  4.69e+01)
10     -0.024   3.31e-02   8.59e-02   7.31e-03  -1.46e-01   0.00e+00 (  2.28e+01,  8.80e+01)
15     -0.007   8.81e-02   4.81e-02  -1.35e-04  -4.84e-02   0.00e+00 (  6.73e+01,  1.22e+02)
20      0.027   1.21e-01   1.04e-01   7.16e-03   2.20e-01   0.00e+00 (  8.95e+01,  1.45e+02)
25      0.041   1.52e-01   1.38e-01   2.86e-02   3.81e-01   0.00e+00 (  1.07e+02,  1.62e+02)
30      0.049   1.81e-01   1.83e-01   4.37e-02   5.00e-01   0.00e+00 (  1.16e+02,  1.69e+02)
35      0.075   2.24e-01   2.79e-01   1.20e-01   8.35e-01   0.00e+00 (  1.26e+02,  1.67e+02)
40      0.088   2.46e-01   3.51e-01   1.73e-01   1.05e+00   0.00e+00 (  1.21e+02,  1.60e+02)
45      0.112   2.73e-01   4.34e-01   1.75e-01   1.42e+00   0.00e+00 (  1.15e+02,  1.48e+02)
50      0.129   2.95e-01   5.22e-01   2.19e-01   1.71e+00   0.00e+00 (  1.05e+02,  1.34e+02)
55      0.144   3.24e-01   6.11e-01   3.17e-01   1.99e+00   0.00e+00 (  9.82e+01,  1.20e+02)
60      0.142   3.27e-01   6.15e-01   3.83e-01   2.04e+00   0.00e+00 (  8.62e+01,  1.07e+02)
65      0.151   3.46e-01   6.68e-01   4.70e-01   2.22e+00   0.00e+00 (  7.84e+01,  9.43e+01)
70      0.164   3.74e-01   7.49e-01   5.74e-01   2.47e+00   0.00e+00 (  7.26e+01,  8.36e+01)
75      0.162   3.80e-01   7.52e-01   6.16e-01   2.49e+00   0.00e+00 (  6.60e+01,  7.47e+01)
80      0.153   3.78e-01   7.30e-01   6.19e-01   2.46e+00   0.00e+00 (  6.09e+01,  6.75e+01)
85      0.147   3.67e-01   6.90e-01   5.79e-01   2.87e+00   0.00e+00 (  5.60e+01,  6.20e+01)
90      0.158   3.75e-01   5.76e-01   3.96e-01   5.58e+00   0.00e+00 (  5.23e+01,  5.77e+01)
95      0.178   3.69e-01   5.39e-01   3.67e-01   1.11e+01   0.00e+00 (  1.18e+02,  5.35e+01)
35 e: 6.666e-06 i: 8.561e-06 :: e: 1.856e-02 i: 1.917e-02 :: n: 2.762e+01 e:21.501 i:24.205 v:4.993e+03
>>> tau_he = 5.000000, nhe(0)=2.565333e+00
 5     -0.009   5.96e-03   4.64e-01   4.75e-03  -4.47e-02   0.00e+00 (  2.43e+00,  4.69e+01)
10     -0.024   3.30e-02   8.51e-02   7.23e-03  -1.44e-01   0.00e+00 (  2.26e+01,  8.80e+01)
15     -0.020   8.82e-02   4.86e-02   9.62e-04  -1.43e-01   0.00e+00 (  6.72e+01,  1.22e+02)
20      0.027   1.20e-01   1.03e-01   7.25e-03   2.21e-01   0.00e+00 (  8.91e+01,  1.45e+02)
25      0.041   1.52e-01   1.36e-01   2.83e-02   3.81e-01   0.00e+00 (  1.07e+02,  1.62e+02)
30      0.048   1.81e-01   1.81e-01   4.30e-02   4.96e-01   0.00e+00 (  1.16e+02,  1.69e+02)
35      0.074   2.23e-01   2.76e-01   1.18e-01   8.27e-01   0.00e+00 (  1.25e+02,  1.67e+02)
40      0.085   2.44e-01   3.45e-01   1.72e-01   1.02e+00   0.00e+00 (  1.20e+02,  1.60e+02)
45      0.111   2.71e-01   4.27e-01   1.73e-01   1.40e+00   0.00e+00 (  1.13e+02,  1.48e+02)
50      0.127   2.93e-01   5.13e-01   2.15e-01   1.69e+00   0.00e+00 (  1.04e+02,  1.34e+02)
55      0.143   3.21e-01   6.01e-01   3.11e-01   1.97e+00   0.00e+00 (  9.69e+01,  1.20e+02)
60      0.141   3.25e-01   6.06e-01   3.78e-01   2.02e+00   0.00e+00 (  8.52e+01,  1.07e+02)
65      0.150   3.44e-01   6.60e-01   4.64e-01   2.21e+00   0.00e+00 (  7.76e+01,  9.43e+01)
70      0.164   3.72e-01   7.43e-01   5.69e-01   2.47e+00   0.00e+00 (  7.20e+01,  8.36e+01)
75      0.162   3.79e-01   7.48e-01   6.12e-01   2.50e+00   0.00e+00 (  6.55e+01,  7.47e+01)
80      0.153   3.78e-01   7.28e-01   6.17e-01   2.48e+00   0.00e+00 (  6.05e+01,  6.75e+01)
85      0.148   3.67e-01   6.89e-01   5.78e-01   2.89e+00   0.00e+00 (  5.58e+01,  6.20e+01)
90      0.158   3.76e-01   5.78e-01   3.97e-01   5.60e+00   0.00e+00 (  5.22e+01,  5.77e+01)
95      0.178   3.69e-01   5.39e-01   3.67e-01   1.11e+01   0.00e+00 (  1.18e+02,  5.35e+01)
36 e: 1.116e-05 i: 5.592e-06 :: e: 1.424e-02 i: 1.278e-02 :: n: 2.762e+01 e:21.446 i:24.258 v:4.993e+03
>>> tau_he = 5.000000, nhe(0)=2.563536e+00
 5     -0.009   5.95e-03   4.63e-01   4.77e-03  -4.47e-02   0.00e+00 (  2.43e+00,  4.69e+01)
10     -0.024   3.31e-02   8.57e-02   7.28e-03  -1.46e-01   0.00e+00 (  2.28e+01,  8.80e+01)
15     -0.006   8.83e-02   4.82e-02  -1.53e-04  -4.62e-02   0.00e+00 (  6.73e+01,  1.22e+02)
20      0.027   1.21e-01   1.04e-01   7.15e-03   2.21e-01   0.00e+00 (  8.96e+01,  1.45e+02)
25      0.041   1.52e-01   1.38e-01   2.86e-02   3.83e-01   0.00e+00 (  1.07e+02,  1.62e+02)
30      0.049   1.82e-01   1.83e-01   4.36e-02   5.04e-01   0.00e+00 (  1.17e+02,  1.69e+02)
35      0.075   2.24e-01   2.79e-01   1.20e-01   8.37e-01   0.00e+00 (  1.26e+02,  1.67e+02)
40      0.088   2.46e-01   3.51e-01   1.73e-01   1.05e+00   0.00e+00 (  1.21e+02,  1.60e+02)
45      0.112   2.73e-01   4.34e-01   1.76e-01   1.42e+00   0.00e+00 (  1.15e+02,  1.48e+02)
50      0.129   2.95e-01   5.22e-01   2.19e-01   1.71e+00   0.00e+00 (  1.05e+02,  1.34e+02)
55      0.144   3.24e-01   6.09e-01   3.16e-01   1.99e+00   0.00e+00 (  9.80e+01,  1.20e+02)
60      0.142   3.27e-01   6.15e-01   3.83e-01   2.04e+00   0.00e+00 (  8.62e+01,  1.07e+02)
65      0.151   3.47e-01   6.68e-01   4.70e-01   2.22e+00   0.00e+00 (  7.86e+01,  9.43e+01)
70      0.164   3.74e-01   7.50e-01   5.74e-01   2.47e+00   0.00e+00 (  7.28e+01,  8.36e+01)
75      0.162   3.80e-01   7.53e-01   6.16e-01   2.50e+00   0.00e+00 (  6.62e+01,  7.47e+01)
80      0.153   3.79e-01   7.32e-01   6.20e-01   2.47e+00   0.00e+00 (  6.11e+01,  6.75e+01)
85      0.148   3.68e-01   6.92e-01   5.80e-01   2.88e+00   0.00e+00 (  5.63e+01,  6.20e+01)
90      0.158   3.76e-01   5.78e-01   3.97e-01   5.60e+00   0.00e+00 (  5.26e+01,  5.77e+01)
95      0.178   3.69e-01   5.39e-01   3.67e-01   1.11e+01   0.00e+00 (  1.18e+02,  5.35e+01)
37 e: 8.106e-06 i: 6.385e-06 :: e: 1.596e-02 i: 1.670e-02 :: n: 2.762e+01 e:21.509 i:24.234 v:4.993e+03
>>> tau_he = 5.000000, nhe(0)=2.567185e+00
 5     -0.010   5.98e-03   4.66e-01   4.75e-03  -4.48e-02   0.00e+00 (  2.44e+00,  4.69e+01)
10     -0.024   3.28e-02   8.52e-02   6.44e-03  -1.44e-01   0.00e+00 (  2.25e+01,  8.80e+01)
15     -0.020   8.84e-02   4.88e-02   9.34e-04  -1.42e-01   0.00e+00 (  6.72e+01,  1.22e+02)
20      0.027   1.21e-01   1.03e-01   7.22e-03   2.21e-01   0.00e+00 (  8.92e+01,  1.45e+02)
25      0.041   1.52e-01   1.37e-01   2.83e-02   3.82e-01   0.00e+00 (  1.07e+02,  1.62e+02)
30      0.048   1.81e-01   1.82e-01   4.29e-02   5.00e-01   0.00e+00 (  1.16e+02,  1.69e+02)
35      0.074   2.23e-01   2.76e-01   1.18e-01   8.29e-01   0.00e+00 (  1.25e+02,  1.67e+02)
40      0.086   2.45e-01   3.45e-01   1.72e-01   1.03e+00   0.00e+00 (  1.20e+02,  1.60e+02)
45      0.111   2.71e-01   4.27e-01   1.73e-01   1.41e+00   0.00e+00 (  1.14e+02,  1.48e+02)
50      0.127   2.93e-01   5.14e-01   2.15e-01   1.69e+00   0.00e+00 (  1.04e+02,  1.34e+02)
55      0.142   3.21e-01   6.00e-01   3.10e-01   1.97e+00   0.00e+00 (  9.67e+01,  1.20e+02)
60      0.141   3.25e-01   6.06e-01   3.78e-01   2.02e+00   0.00e+00 (  8.52e+01,  1.07e+02)
65      0.150   3.44e-01   6.60e-01   4.64e-01   2.21e+00   0.00e+00 (  7.77e+01,  9.43e+01)
70      0.164   3.72e-01   7.44e-01   5.69e-01   2.47e+00   0.00e+00 (  7.21e+01,  8.36e+01)
75      0.162   3.79e-01   7.48e-01   6.12e-01   2.50e+00   0.00e+00 (  6.56e+01,  7.47e+01)
80      0.154   3.78e-01   7.29e-01   6.17e-01   2.48e+00   0.00e+00 (  6.06e+01,  6.75e+01)
85      0.148   3.67e-01   6.90e-01   5.79e-01   2.89e+00   0.00e+00 (  5.60e+01,  6.20e+01)
90      0.158   3.77e-01   5.79e-01   3.98e-01   5.61e+00   0.00e+00 (  5.24e+01,  5.77e+01)
95      0.178   3.69e-01   5.39e-01   3.67e-01   1.11e+01   0.00e+00 (  1.18e+02,  5.35e+01)
38 e: 8.877e-06 i: 5.791e-06 :: e: 1.155e-02 i: 1.049e-02 :: n: 2.762e+01 e:21.453 i:24.283 v:4.993e+03
>>> tau_he = 5.000000, nhe(0)=2.565026e+00
 5     -0.010   5.97e-03   4.65e-01   4.77e-03  -4.48e-02   0.00e+00 (  2.44e+00,  4.69e+01)
10     -0.024   3.31e-02   8.56e-02   7.26e-03  -1.46e-01   0.00e+00 (  2.28e+01,  8.80e+01)
15     -0.006   8.85e-02   4.84e-02  -1.87e-04  -4.46e-02   0.00e+00 (  6.74e+01,  1.22e+02)
20      0.027   1.21e-01   1.04e-01   7.12e-03   2.21e-01   0.00e+00 (  8.96e+01,  1.45e+02)
25      0.041   1.52e-01   1.38e-01   2.86e-02   3.83e-01   0.00e+00 (  1.07e+02,  1.62e+02)
30      0.049   1.82e-01   1.84e-01   4.36e-02   5.06e-01   0.00e+00 (  1.17e+02,  1.69e+02)
35      0.075   2.24e-01   2.79e-01   1.20e-01   8.38e-01   0.00e+00 (  1.26e+02,  1.67e+02)
40      0.088   2.46e-01   3.51e-01   1.73e-01   1.06e+00   0.00e+00 (  1.21e+02,  1.60e+02)
45      0.112   2.73e-01   4.34e-01   1.76e-01   1.43e+00   0.00e+00 (  1.15e+02,  1.48e+02)
50      0.129   2.95e-01   5.22e-01   2.19e-01   1.71e+00   0.00e+00 (  1.05e+02,  1.34e+02)
55      0.143   3.23e-01   6.08e-01   3.15e-01   1.98e+00   0.00e+00 (  9.78e+01,  1.20e+02)
60      0.142   3.27e-01   6.15e-01   3.83e-01   2.04e+00   0.00e+00 (  8.62e+01,  1.07e+02)
65      0.151   3.47e-01   6.68e-01   4.70e-01   2.22e+00   0.00e+00 (  7.85e+01,  9.43e+01)
70      0.164   3.74e-01   7.50e-01   5.74e-01   2.47e+00   0.00e+00 (  7.27e+01,  8.36e+01)
75      0.162   3.80e-01   7.53e-01   6.16e-01   2.50e+00   0.00e+00 (  6.61e+01,  7.47e+01)
80      0.153   3.79e-01   7.32e-01   6.20e-01   2.47e+00   0.00e+00 (  6.11e+01,  6.75e+01)
85      0.148   3.68e-01   6.92e-01   5.81e-01   2.88e+00   0.00e+00 (  5.64e+01,  6.20e+01)
90      0.158   3.77e-01   5.79e-01   3.98e-01   5.60e+00   0.00e+00 (  5.27e+01,  5.77e+01)
95      0.178   3.69e-01   5.39e-01   3.67e-01   1.11e+01   0.00e+00 (  1.18e+02,  5.35e+01)
39 e: 9.320e-06 i: 4.813e-06 :: e: 1.324e-02 i: 1.420e-02 :: n: 2.762e+01 e:21.512 i:24.254 v:4.993e+03
>>> tau_he = 5.000000, nhe(0)=2.568271e+00
 5     -0.010   5.99e-03   4.67e-01   4.76e-03  -4.49e-02   0.00e+00 (  2.45e+00,  4.69e+01)
10     -0.024   3.28e-02   8.52e-02   6.43e-03  -1.44e-01   0.00e+00 (  2.25e+01,  8.80e+01)
15     -0.006   8.82e-02   4.77e-02   9.53e-06  -4.22e-02   0.00e+00 (  6.70e+01,  1.22e+02)
20      0.027   1.21e-01   1.03e-01   7.20e-03   2.22e-01   0.00e+00 (  8.92e+01,  1.45e+02)
25      0.041   1.52e-01   1.37e-01   2.83e-02   3.83e-01   0.00e+00 (  1.07e+02,  1.62e+02)
30      0.049   1.81e-01   1.82e-01   4.29e-02   5.02e-01   0.00e+00 (  1.17e+02,  1.69e+02)
35      0.074   2.23e-01   2.76e-01   1.18e-01   8.30e-01   0.00e+00 (  1.25e+02,  1.67e+02)
40      0.086   2.45e-01   3.46e-01   1.72e-01   1.03e+00   0.00e+00 (  1.20e+02,  1.60e+02)
45      0.111   2.71e-01   4.28e-01   1.73e-01   1.41e+00   0.00e+00 (  1.14e+02,  1.48e+02)
50      0.127   2.93e-01   5.14e-01   2.15e-01   1.69e+00   0.00e+00 (  1.04e+02,  1.34e+02)
55      0.105   2.75e-01   4.60e-01   2.53e-01   1.46e+00   0.00e+00 (  8.27e+01,  1.20e+02)
60      0.141   3.24e-01   6.06e-01   3.78e-01   2.02e+00   0.00e+00 (  8.51e+01,  1.07e+02)
65      0.150   3.44e-01   6.60e-01   4.64e-01   2.21e+00   0.00e+00 (  7.76e+01,  9.43e+01)
70      0.164   3.72e-01   7.43e-01   5.69e-01   2.47e+00   0.00e+00 (  7.20e+01,  8.36e+01)
75      0.162   3.79e-01   7.48e-01   6.12e-01   2.50e+00   0.00e+00 (  6.55e+01,  7.47e+01)
80      0.154   3.78e-01   7.28e-01   6.17e-01   2.48e+00   0.00e+00 (  6.06e+01,  6.75e+01)
85      0.148   3.67e-01   6.90e-01   5.79e-01   2.89e+00   0.00e+00 (  5.60e+01,  6.20e+01)
90      0.158   3.77e-01   5.79e-01   3.98e-01   5.61e+00   0.00e+00 (  5.25e+01,  5.77e+01)
95      0.178   3.69e-01   5.39e-01   3.67e-01   1.11e+01   0.00e+00 (  1.18e+02,  5.35e+01)
40 e: 1.140e-05 i: 2.124e-05 :: e: 1.408e-02 i: 1.818e-02 :: n: 2.762e+01 e:21.452 i:24.298 v:4.993e+03
>>> tau_he = 5.000000, nhe(0)=2.566089e+00
 5     -0.010   5.98e-03   4.66e-01   4.77e-03  -4.49e-02   0.00e+00 (  2.44e+00,  4.69e+01)
10     -0.024   3.31e-02   8.55e-02   7.25e-03  -1.45e-01   0.00e+00 (  2.28e+01,  8.80e+01)
15     -0.006   8.86e-02   4.86e-02  -2.21e-04  -4.33e-02   0.00e+00 (  6.74e+01,  1.22e+02)
20      0.027   1.21e-01   1.04e-01   7.11e-03   2.22e-01   0.00e+00 (  8.97e+01,  1.45e+02)
25      0.041   1.52e-01   1.38e-01   2.85e-02   3.84e-01   0.00e+00 (  1.07e+02,  1.62e+02)
30      0.049   1.82e-01   1.84e-01   4.35e-02   5.08e-01   0.00e+00 (  1.18e+02,  1.69e+02)
35      0.075   2.24e-01   2.79e-01   1.19e-01   8.38e-01   0.00e+00 (  1.26e+02,  1.67e+02)
40      0.088   2.46e-01   3.50e-01   1.73e-01   1.05e+00   0.00e+00 (  1.21e+02,  1.60e+02)
45      0.112   2.73e-01   4.33e-01   1.75e-01   1.42e+00   0.00e+00 (  1.15e+02,  1.48e+02)
50      0.129   2.95e-01   5.22e-01   2.19e-01   1.72e+00   0.00e+00 (  1.05e+02,  1.34e+02)
55      0.146   3.26e-01   6.16e-01   3.20e-01   2.02e+00   0.00e+00 (  9.91e+01,  1.20e+02)
60      0.143   3.27e-01   6.16e-01   3.84e-01   2.04e+00   0.00e+00 (  8.62e+01,  1.07e+02)
65      0.151   3.46e-01   6.66e-01   4.69e-01   2.22e+00   0.00e+00 (  7.82e+01,  9.43e+01)
70      0.164   3.73e-01   7.48e-01   5.73e-01   2.47e+00   0.00e+00 (  7.24e+01,  8.36e+01)
75      0.162   3.80e-01   7.52e-01   6.15e-01   2.49e+00   0.00e+00 (  6.59e+01,  7.47e+01)
80      0.153   3.79e-01   7.31e-01   6.19e-01   2.47e+00   0.00e+00 (  6.09e+01,  6.75e+01)
85      0.148   3.68e-01   6.91e-01   5.80e-01   2.88e+00   0.00e+00 (  5.62e+01,  6.20e+01)
90      0.158   3.76e-01   5.79e-01   3.98e-01   5.60e+00   0.00e+00 (  5.27e+01,  5.77e+01)
95      0.178   3.69e-01   5.39e-01   3.67e-01   1.11e+01   0.00e+00 (  1.18e+02,  5.35e+01)
41 e: 8.965e-06 i: 4.537e-06 :: e: 1.156e-02 i: 1.325e-02 :: n: 2.762e+01 e:21.510 i:24.269 v:4.993e+03
>>> tau_he = 5.000000, nhe(0)=2.569187e+00
 5     -0.010   6.00e-03   4.68e-01   4.76e-03  -4.50e-02   0.00e+00 (  2.45e+00,  4.69e+01)
10     -0.024   3.28e-02   8.51e-02   6.42e-03  -1.43e-01   0.00e+00 (  2.25e+01,  8.80e+01)
15     -0.006   8.83e-02   4.79e-02  -2.99e-05  -4.09e-02   0.00e+00 (  6.71e+01,  1.22e+02)
20      0.027   1.21e-01   1.03e-01   7.18e-03   2.22e-01   0.00e+00 (  8.92e+01,  1.45e+02)
25      0.041   1.52e-01   1.37e-01   2.82e-02   3.83e-01   0.00e+00 (  1.07e+02,  1.62e+02)
30      0.049   1.82e-01   1.82e-01   4.29e-02   5.04e-01   0.00e+00 (  1.17e+02,  1.69e+02)
35      0.074   2.23e-01   2.76e-01   1.18e-01   8.31e-01   0.00e+00 (  1.25e+02,  1.67e+02)
40      0.086   2.44e-01   3.46e-01   1.72e-01   1.03e+00   0.00e+00 (  1.20e+02,  1.60e+02)
45      0.111   2.71e-01   4.27e-01   1.73e-01   1.41e+00   0.00e+00 (  1.13e+02,  1.48e+02)
50      0.128   2.93e-01   5.15e-01   2.16e-01   1.70e+00   0.00e+00 (  1.04e+02,  1.34e+02)
55      0.144   3.23e-01   6.07e-01   3.14e-01   2.00e+00   0.00e+00 (  9.78e+01,  1.20e+02)
60      0.142   3.25e-01   6.08e-01   3.79e-01   2.03e+00   0.00e+00 (  8.53e+01,  1.07e+02)
65      0.150   3.44e-01   6.59e-01   4.63e-01   2.21e+00   0.00e+00 (  7.74e+01,  9.43e+01)
70      0.164   3.71e-01   7.42e-01   5.68e-01   2.46e+00   0.00e+00 (  7.17e+01,  8.36e+01)
75      0.162   3.78e-01   7.46e-01   6.10e-01   2.49e+00   0.00e+00 (  6.53e+01,  7.47e+01)
80      0.153   3.77e-01   7.27e-01   6.16e-01   2.47e+00   0.00e+00 (  6.03e+01,  6.75e+01)
85      0.148   3.67e-01   6.89e-01   5.78e-01   2.89e+00   0.00e+00 (  5.58e+01,  6.20e+01)
90      0.158   3.76e-01   5.79e-01   3.98e-01   5.61e+00   0.00e+00 (  5.24e+01,  5.77e+01)
95      0.178   3.69e-01   5.39e-01   3.67e-01   1.11e+01   0.00e+00 (  1.18e+02,  5.35e+01)
42 e: 6.773e-06 i: 5.810e-06 :: e: 7.344e-03 i: 7.647e-03 :: n: 2.762e+01 e:21.454 i:24.311 v:4.993e+03
>>> tau_he = 5.000000, nhe(0)=2.566866e+00
 5     -0.010   5.98e-03   4.67e-01   4.78e-03  -4.50e-02   0.00e+00 (  2.45e+00,  4.69e+01)
10     -0.024   3.29e-02   8.57e-02   6.45e-03  -1.45e-01   0.00e+00 (  2.27e+01,  8.80e+01)
15     -0.006   8.87e-02   4.87e-02  -2.63e-04  -4.22e-02   0.00e+00 (  6.75e+01,  1.22e+02)
20      0.027   1.21e-01   1.04e-01   7.09e-03   2.22e-01   0.00e+00 (  8.97e+01,  1.45e+02)
25      0.041   1.52e-01   1.38e-01   2.85e-02   3.84e-01   0.00e+00 (  1.07e+02,  1.62e+02)
30      0.049   1.82e-01   1.84e-01   4.35e-02   5.10e-01   0.00e+00 (  1.18e+02,  1.69e+02)
35      0.075   2.24e-01   2.79e-01   1.20e-01   8.40e-01   0.00e+00 (  1.26e+02,  1.67e+02)
40      0.088   2.46e-01   3.51e-01   1.73e-01   1.06e+00   0.00e+00 (  1.21e+02,  1.60e+02)
45      0.112   2.73e-01   4.34e-01   1.76e-01   1.43e+00   0.00e+00 (  1.15e+02,  1.48e+02)
50      0.129   2.95e-01   5.23e-01   2.20e-01   1.72e+00   0.00e+00 (  1.05e+02,  1.34e+02)
55      0.145   3.25e-01   6.14e-01   3.18e-01   2.01e+00   0.00e+00 (  9.86e+01,  1.20e+02)
60      0.142   3.27e-01   6.16e-01   3.84e-01   2.04e+00   0.00e+00 (  8.62e+01,  1.07e+02)
65      0.151   3.46e-01   6.67e-01   4.69e-01   2.22e+00   0.00e+00 (  7.82e+01,  9.43e+01)
70      0.164   3.73e-01   7.48e-01   5.73e-01   2.46e+00   0.00e+00 (  7.23e+01,  8.36e+01)
75      0.162   3.79e-01   7.51e-01   6.14e-01   2.49e+00   0.00e+00 (  6.58e+01,  7.47e+01)
80      0.153   3.78e-01   7.29e-01   6.18e-01   2.46e+00   0.00e+00 (  6.07e+01,  6.75e+01)
85      0.147   3.67e-01   6.90e-01   5.79e-01   2.87e+00   0.00e+00 (  5.61e+01,  6.20e+01)
90      0.158   3.76e-01   5.78e-01   3.97e-01   5.60e+00   0.00e+00 (  5.26e+01,  5.77e+01)
95      0.178   3.69e-01   5.39e-01   3.67e-01   1.11e+01   0.00e+00 (  1.18e+02,  5.35e+01)
43 e: 9.292e-06 i: 3.611e-06 :: e: 9.270e-03 i: 1.098e-02 :: n: 2.762e+01 e:21.507 i:24.279 v:4.993e+03
>>> tau_he = 5.000000, nhe(0)=2.569544e+00
 5     -0.010   6.00e-03   4.69e-01   4.76e-03  -4.51e-02   0.00e+00 (  2.45e+00,  4.69e+01)
10     -0.024   3.28e-02   8.50e-02   6.42e-03  -1.44e-01   0.00e+00 (  2.26e+01,  8.80e+01)
15     -0.006   8.84e-02   4.80e-02  -7.88e-05  -4.01e-02   0.00e+00 (  6.71e+01,  1.22e+02)
20      0.027   1.21e-01   1.03e-01   7.16e-03   2.23e-01   0.00e+00 (  8.93e+01,  1.45e+02)
25      0.041   1.52e-01   1.37e-01   2.82e-02   3.83e-01   0.00e+00 (  1.07e+02,  1.62e+02)
30      0.049   1.82e-01   1.82e-01   4.29e-02   5.06e-01   0.00e+00 (  1.17e+02,  1.69e+02)
35      0.074   2.23e-01   2.76e-01   1.18e-01   8.32e-01   0.00e+00 (  1.25e+02,  1.67e+02)
40      0.086   2.44e-01   3.46e-01   1.73e-01   1.03e+00   0.00e+00 (  1.20e+02,  1.60e+02)
45      0.111   2.71e-01   4.28e-01   1.73e-01   1.41e+00   0.00e+00 (  1.13e+02,  1.48e+02)
50      0.128   2.93e-01   5.15e-01   2.16e-01   1.70e+00   0.00e+00 (  1.04e+02,  1.34e+02)
55      0.143   3.22e-01   6.04e-01   3.13e-01   1.98e+00   0.00e+00 (  9.72e+01,  1.20e+02)
60      0.141   3.24e-01   6.07e-01   3.79e-01   2.02e+00   0.00e+00 (  8.51e+01,  1.07e+02)
65      0.150   3.43e-01   6.59e-01   4.63e-01   2.21e+00   0.00e+00 (  7.73e+01,  9.43e+01)
70      0.163   3.71e-01   7.42e-01   5.67e-01   2.46e+00   0.00e+00 (  7.16e+01,  8.36e+01)
75      0.162   3.77e-01   7.46e-01   6.10e-01   2.49e+00   0.00e+00 (  6.52e+01,  7.47e+01)
80      0.153   3.77e-01   7.26e-01   6.15e-01   2.47e+00   0.00e+00 (  6.02e+01,  6.75e+01)
85      0.148   3.66e-01   6.88e-01   5.77e-01   2.88e+00   0.00e+00 (  5.57e+01,  6.20e+01)
90      0.158   3.76e-01   5.78e-01   3.97e-01   5.60e+00   0.00e+00 (  5.23e+01,  5.77e+01)
95      0.178   3.69e-01   5.39e-01   3.67e-01   1.11e+01   0.00e+00 (  1.18e+02,  5.35e+01)
44 e: 5.870e-06 i: 5.476e-06 :: e: 5.146e-03 i: 5.523e-03 :: n: 2.762e+01 e:21.449 i:24.315 v:4.993e+03
>>> tau_he = 5.000000, nhe(0)=2.566934e+00
 5     -0.010   5.98e-03   4.68e-01   4.78e-03  -4.50e-02   0.00e+00 (  2.45e+00,  4.69e+01)
10     -0.024   3.30e-02   8.56e-02   6.45e-03  -1.45e-01   0.00e+00 (  2.27e+01,  8.80e+01)
15     -0.006   8.87e-02   4.89e-02  -3.07e-04  -4.14e-02   0.00e+00 (  6.75e+01,  1.22e+02)
20      0.027   1.21e-01   1.04e-01   7.07e-03   2.22e-01   0.00e+00 (  8.97e+01,  1.45e+02)
25      0.041   1.52e-01   1.38e-01   2.86e-02   3.84e-01   0.00e+00 (  1.07e+02,  1.62e+02)
30      0.082   2.25e-01   2.59e-01   9.48e-02   8.41e-01   0.00e+00 (  1.46e+02,  1.69e+02)
35      0.075   2.24e-01   2.80e-01   1.20e-01   8.40e-01   0.00e+00 (  1.26e+02,  1.67e+02)
40      0.088   2.46e-01   3.51e-01   1.74e-01   1.06e+00   0.00e+00 (  1.21e+02,  1.60e+02)
45      0.113   2.73e-01   4.35e-01   1.76e-01   1.43e+00   0.00e+00 (  1.15e+02,  1.48e+02)
50      0.129   2.95e-01   5.23e-01   2.20e-01   1.72e+00   0.00e+00 (  1.05e+02,  1.34e+02)
55      0.144   3.24e-01   6.11e-01   3.17e-01   1.99e+00   0.00e+00 (  9.79e+01,  1.20e+02)
60      0.142   3.27e-01   6.15e-01   3.83e-01   2.04e+00   0.00e+00 (  8.59e+01,  1.07e+02)
65      0.151   3.45e-01   6.66e-01   4.68e-01   2.21e+00   0.00e+00 (  7.80e+01,  9.43e+01)
70      0.164   3.73e-01   7.47e-01   5.72e-01   2.46e+00   0.00e+00 (  7.22e+01,  8.36e+01)
75      0.162   3.79e-01   7.50e-01   6.14e-01   2.49e+00   0.00e+00 (  6.56e+01,  7.47e+01)
80      0.153   3.78e-01   7.28e-01   6.18e-01   2.46e+00   0.00e+00 (  6.06e+01,  6.75e+01)
85      0.147   3.67e-01   6.89e-01   5.78e-01   2.87e+00   0.00e+00 (  5.59e+01,  6.20e+01)
90      0.158   3.76e-01   5.78e-01   3.97e-01   5.59e+00   0.00e+00 (  5.25e+01,  5.77e+01)
95      0.178   3.69e-01   5.39e-01   3.67e-01   1.11e+01   0.00e+00 (  1.18e+02,  5.35e+01)
45 e: 2.119e-05 i: 2.936e-05 :: e: 1.314e-02 i: 1.440e-02 :: n: 2.762e+01 e:21.499 i:24.280 v:4.993e+03
>>> tau_he = 5.000000, nhe(0)=2.567882e+00
 5     -0.010   5.99e-03   4.68e-01   4.76e-03  -4.51e-02   0.00e+00 (  2.45e+00,  4.69e+01)
10     -0.024   3.29e-02   8.52e-02   6.44e-03  -1.44e-01   0.00e+00 (  2.26e+01,  8.80e+01)
15     -0.006   8.84e-02   4.84e-02  -2.15e-04  -4.02e-02   0.00e+00 (  6.71e+01,  1.22e+02)
20      0.027   1.21e-01   1.03e-01   7.07e-03   2.22e-01   0.00e+00 (  8.93e+01,  1.45e+02)
25      0.041   1.52e-01   1.37e-01   2.83e-02   3.82e-01   0.00e+00 (  1.07e+02,  1.62e+02)
30      0.048   1.80e-01   1.81e-01   4.32e-02   4.97e-01   0.00e+00 (  1.15e+02,  1.69e+02)
35      0.074   2.23e-01   2.76e-01   1.18e-01   8.31e-01   0.00e+00 (  1.25e+02,  1.67e+02)
40      0.086   2.45e-01   3.47e-01   1.73e-01   1.03e+00   0.00e+00 (  1.20e+02,  1.60e+02)
45      0.111   2.71e-01   4.29e-01   1.74e-01   1.41e+00   0.00e+00 (  1.13e+02,  1.48e+02)
50      0.128   2.93e-01   5.15e-01   2.16e-01   1.70e+00   0.00e+00 (  1.04e+02,  1.34e+02)
55      0.143   3.21e-01   6.02e-01   3.12e-01   1.98e+00   0.00e+00 (  9.67e+01,  1.20e+02)
60      0.141   3.24e-01   6.07e-01   3.78e-01   2.02e+00   0.00e+00 (  8.49e+01,  1.07e+02)
65      0.150   3.43e-01   6.59e-01   4.63e-01   2.21e+00   0.00e+00 (  7.72e+01,  9.43e+01)
70      0.163   3.71e-01   7.41e-01   5.67e-01   2.46e+00   0.00e+00 (  7.15e+01,  8.36e+01)
75      0.162   3.77e-01   7.45e-01   6.09e-01   2.49e+00   0.00e+00 (  6.50e+01,  7.47e+01)
80      0.153   3.76e-01   7.25e-01   6.15e-01   2.47e+00   0.00e+00 (  6.01e+01,  6.75e+01)
85      0.148   3.66e-01   6.88e-01   5.77e-01   2.88e+00   0.00e+00 (  5.56e+01,  6.20e+01)
90      0.158   3.76e-01   5.78e-01   3.97e-01   5.60e+00   0.00e+00 (  5.23e+01,  5.77e+01)
95      0.178   3.69e-01   5.39e-01   3.67e-01   1.11e+01   0.00e+00 (  1.18e+02,  5.35e+01)
46 e: 5.022e-06 i: 6.157e-06 :: e: 4.165e-03 i: 4.690e-03 :: n: 2.762e+01 e:21.429 i:24.293 v:4.993e+03
>>> tau_he = 5.000000, nhe(0)=2.564503e+00
 5     -0.010   5.96e-03   4.66e-01   4.77e-03  -4.49e-02   0.00e+00 (  2.44e+00,  4.69e+01)
10     -0.024   3.32e-02   8.54e-02   7.25e-03  -1.46e-01   0.00e+00 (  2.28e+01,  8.80e+01)
15     -0.006   8.86e-02   4.91e-02  -4.02e-04  -4.07e-02   0.00e+00 (  6.73e+01,  1.22e+02)
20      0.027   1.21e-01   1.04e-01   7.04e-03   2.22e-01   0.00e+00 (  8.94e+01,  1.45e+02)
25      0.041   1.52e-01   1.38e-01   2.86e-02   3.84e-01   0.00e+00 (  1.07e+02,  1.62e+02)
30      0.049   1.80e-01   1.83e-01   4.30e-02   5.05e-01   0.00e+00 (  1.15e+02,  1.69e+02)
35      0.075   2.24e-01   2.79e-01   1.20e-01   8.40e-01   0.00e+00 (  1.26e+02,  1.67e+02)
40      0.088   2.46e-01   3.51e-01   1.74e-01   1.06e+00   0.00e+00 (  1.21e+02,  1.60e+02)
45      0.113   2.73e-01   4.35e-01   1.76e-01   1.43e+00   0.00e+00 (  1.14e+02,  1.48e+02)
50      0.129   2.95e-01   5.23e-01   2.20e-01   1.72e+00   0.00e+00 (  1.05e+02,  1.34e+02)
55      0.144   3.23e-01   6.09e-01   3.16e-01   1.99e+00   0.00e+00 (  9.75e+01,  1.20e+02)
60      0.142   3.26e-01   6.14e-01   3.83e-01   2.03e+00   0.00e+00 (  8.57e+01,  1.07e+02)
65      0.150   3.45e-01   6.66e-01   4.68e-01   2.21e+00   0.00e+00 (  7.79e+01,  9.43e+01)
70      0.163   3.72e-01   7.47e-01   5.72e-01   2.46e+00   0.00e+00 (  7.21e+01,  8.36e+01)
75      0.161   3.78e-01   7.49e-01   6.13e-01   2.48e+00   0.00e+00 (  6.55e+01,  7.47e+01)
80      0.152   3.77e-01   7.28e-01   6.17e-01   2.46e+00   0.00e+00 (  6.04e+01,  6.75e+01)
85      0.147   3.66e-01   6.89e-01   5.78e-01   2.87e+00   0.00e+00 (  5.58e+01,  6.20e+01)
90      0.158   3.76e-01   5.77e-01   3.96e-01   5.59e+00   0.00e+00 (  5.24e+01,  5.77e+01)
95      0.178   3.69e-01   5.39e-01   3.67e-01   1.11e+01   0.00e+00 (  1.18e+02,  5.35e+01)
47 e: 1.030e-05 i: 2.913e-06 :: e: 6.037e-03 i: 7.661e-03 :: n: 2.762e+01 e:21.466 i:24.247 v:4.993e+03
>>> tau_he = 5.000000, nhe(0)=2.566484e+00
 5     -0.010   5.98e-03   4.68e-01   4.75e-03  -4.50e-02   0.00e+00 (  2.44e+00,  4.69e+01)
10     -0.024   3.28e-02   8.50e-02   6.43e-03  -1.44e-01   0.00e+00 (  2.26e+01,  8.80e+01)
15     -0.005   8.82e-02   4.84e-02  -2.06e-04  -3.86e-02   0.00e+00 (  6.69e+01,  1.22e+02)
20      0.027   1.20e-01   1.03e-01   7.13e-03   2.23e-01   0.00e+00 (  8.89e+01,  1.45e+02)
25      0.041   1.51e-01   1.37e-01   2.83e-02   3.82e-01   0.00e+00 (  1.06e+02,  1.62e+02)
30      0.048   1.80e-01   1.81e-01   4.32e-02   5.00e-01   0.00e+00 (  1.15e+02,  1.69e+02)
35      0.074   2.22e-01   2.76e-01   1.18e-01   8.31e-01   0.00e+00 (  1.25e+02,  1.67e+02)
40      0.087   2.44e-01   3.47e-01   1.72e-01   1.05e+00   0.00e+00 (  1.20e+02,  1.60e+02)
45      0.111   2.71e-01   4.28e-01   1.73e-01   1.41e+00   0.00e+00 (  1.13e+02,  1.48e+02)
50      0.127   2.92e-01   5.15e-01   2.16e-01   1.70e+00   0.00e+00 (  1.03e+02,  1.34e+02)
55      0.142   3.20e-01   6.00e-01   3.11e-01   1.97e+00   0.00e+00 (  9.61e+01,  1.20e+02)
60      0.141   3.23e-01   6.06e-01   3.78e-01   2.02e+00   0.00e+00 (  8.46e+01,  1.07e+02)
65      0.150   3.43e-01   6.58e-01   4.63e-01   2.20e+00   0.00e+00 (  7.70e+01,  9.43e+01)
70      0.163   3.70e-01   7.40e-01   5.66e-01   2.45e+00   0.00e+00 (  7.13e+01,  8.36e+01)
75      0.161   3.76e-01   7.44e-01   6.09e-01   2.48e+00   0.00e+00 (  6.49e+01,  7.47e+01)
80      0.153   3.76e-01   7.24e-01   6.14e-01   2.46e+00   0.00e+00 (  5.99e+01,  6.75e+01)
85      0.148   3.65e-01   6.87e-01   5.76e-01   2.88e+00   0.00e+00 (  5.54e+01,  6.20e+01)
90      0.158   3.76e-01   5.77e-01   3.96e-01   5.59e+00   0.00e+00 (  5.22e+01,  5.77e+01)
95      0.178   3.69e-01   5.39e-01   3.67e-01   1.11e+01   0.00e+00 (  1.18e+02,  5.35e+01)
48 e: 5.226e-06 i: 5.559e-06 :: e: 2.278e-03 i: 3.616e-03 :: n: 2.762e+01 e:21.405 i:24.274 v:4.993e+03
>>> tau_he = 5.000000, nhe(0)=2.563662e+00
 5     -0.010   5.96e-03   4.66e-01   4.77e-03  -4.49e-02   0.00e+00 (  2.44e+00,  4.69e+01)
10     -0.024   3.31e-02   8.53e-02   7.24e-03  -1.46e-01   0.00e+00 (  2.28e+01,  8.80e+01)
15     -0.006   8.85e-02   4.91e-02  -4.06e-04  -3.98e-02   0.00e+00 (  6.72e+01,  1.22e+02)
20      0.027   1.21e-01   1.04e-01   7.06e-03   2.22e-01   0.00e+00 (  8.93e+01,  1.45e+02)
25      0.041   1.52e-01   1.38e-01   2.86e-02   3.83e-01   0.00e+00 (  1.07e+02,  1.62e+02)
30      0.049   1.81e-01   1.83e-01   4.38e-02   5.06e-01   0.00e+00 (  1.16e+02,  1.69e+02)
35      0.075   2.23e-01   2.79e-01   1.20e-01   8.39e-01   0.00e+00 (  1.25e+02,  1.67e+02)
40      0.088   2.46e-01   3.51e-01   1.74e-01   1.06e+00   0.00e+00 (  1.20e+02,  1.60e+02)
45      0.113   2.72e-01   4.35e-01   1.76e-01   1.43e+00   0.00e+00 (  1.14e+02,  1.48e+02)
50      0.129   2.94e-01   5.22e-01   2.19e-01   1.71e+00   0.00e+00 (  1.04e+02,  1.34e+02)
55      0.143   3.22e-01   6.07e-01   3.15e-01   1.98e+00   0.00e+00 (  9.69e+01,  1.20e+02)
60      0.142   3.25e-01   6.13e-01   3.82e-01   2.03e+00   0.00e+00 (  8.53e+01,  1.07e+02)
65      0.150   3.44e-01   6.64e-01   4.67e-01   2.21e+00   0.00e+00 (  7.76e+01,  9.43e+01)
70      0.163   3.72e-01   7.45e-01   5.71e-01   2.46e+00   0.00e+00 (  7.18e+01,  8.36e+01)
75      0.161   3.78e-01   7.48e-01   6.12e-01   2.48e+00   0.00e+00 (  6.53e+01,  7.47e+01)
80      0.152   3.76e-01   7.26e-01   6.16e-01   2.45e+00   0.00e+00 (  6.02e+01,  6.75e+01)
85      0.147   3.66e-01   6.88e-01   5.77e-01   2.86e+00   0.00e+00 (  5.57e+01,  6.20e+01)
90      0.158   3.75e-01   5.77e-01   3.96e-01   5.58e+00   0.00e+00 (  5.23e+01,  5.77e+01)
95      0.178   3.69e-01   5.39e-01   3.67e-01   1.11e+01   0.00e+00 (  1.18e+02,  5.35e+01)
49 e: 9.658e-06 i: 2.583e-06 :: e: 3.999e-03 i: 5.731e-03 :: n: 2.762e+01 e:21.452 i:24.235 v:4.993e+03
 plasma volume = 147.957384
 stored energy(e,i,b) = 4.521824e+01 4.054754e+01 0.000000e+00
 betan = 0.977287
*power
 Pnb(e,i) = 0.000000e+00 0.000000e+00
 Prf(e,i) = 1.202661e+01 2.799210e+01
 Prad     = -3.504664e+01 
 Pei      = 7.846761e+00 
 Pfuse    = 3.636068e+01 
 Pfusi    = 1.117637e+01 
 Poh      = 0.000000e+00 
*confinement time
 taut, tauITER98y2, H98y2 : 1.633350e+00 2.041601e+00 8.000338e-01
 taue, taui : 2.134203e+00 1.217786e+01
 taut, tau89, H89 : 1.633350e+00 9.507081e-01 1.718035e+00
*temperature
 nea, nebar : 1.864736e+01 2.143589e+01 
 tea, tia : 5.860562e+00 6.041768e+00 (9.700079e-01)
 te0, ti0 : 1.847871e+01 2.116228e+01 (8.731911e-01)
 Sn : 0.000000e+00 
*current balance
 Ip,Ibs,Inb,Irf: 1.000000e+01 1.573105e+00 0.000000e+00 1.480563e-01
 fni,fbs: 0.172 0.157

 plasma volume = 147.957384
 stored energy(e,i,b) = 4.521824e+01 4.054754e+01 0.000000e+00
 betan = 0.977287
*power
 Pnb(e,i) = 0.000000e+00 0.000000e+00
 Prf(e,i) = 1.202661e+01 2.799210e+01
 Prad     = -3.504664e+01 
 Pei      = 7.846761e+00 
 Pfuse    = 3.636068e+01 
 Pfusi    = 1.117637e+01 
 Poh      = 0.000000e+00 
*confinement time
 taut, tauITER98y2, H98y2 : 1.633350e+00 2.041601e+00 8.000338e-01
 taue, taui : 2.134203e+00 1.217786e+01
 taut, tau89, H89 : 1.633350e+00 9.507081e-01 1.718035e+00
*temperature
 nea, nebar : 1.864736e+01 2.143589e+01 
 tea, tia : 5.860562e+00 6.041768e+00 (9.700079e-01)
 te0, ti0 : 1.847871e+01 2.116228e+01 (8.731911e-01)
 Sn : 0.000000e+00 
*current balance
 Ip,Ibs,Inb,Irf: 1.000000e+01 1.573105e+00 0.000000e+00 1.480563e-01
 fni,fbs: 0.172 0.157
 ELAPASED TIME = 1766 sec
