NCAPTC: : NetCDF: Variable not found
Warning: ieee_overflow is signaling
Warning: ieee_underflow is signaling
Warning: ieee_inexact is signaling
FORTRAN STOP
 solver
 /global/common/software/atom/perlmutter/data/greentable/
 /global/common/software/atom/perlmutter/data/greentable/

          EFITD Version  07/09/2014


 type mode (2=file, 3=snap, 4=time, 5=input, 6=com file, 7=snap_ext):

 number of time slices?

 type input file names:
 #
 table_dir = </global/common/software/atom/perlmutter/data/greentable/>

  ----- time =     1 ms ----- ( 0)
 it=  1 chi2=0.00E+00 zm= 7.53E-03 err=5.202E+00 dz= 7.535E-03 chigam= 0.00E+00
 it=  2 chi2=0.00E+00 zm= 1.07E-02 err=8.832E-01 dz= 3.143E-03 chigam= 0.00E+00
 it=  3 chi2=0.00E+00 zm= 1.30E-02 err=4.897E-01 dz= 2.344E-03 chigam= 0.00E+00
 it=  4 chi2=0.00E+00 zm= 1.48E-02 err=2.838E-01 dz= 1.760E-03 chigam= 0.00E+00
 it=  5 chi2=0.00E+00 zm= 1.61E-02 err=1.667E-01 dz= 1.333E-03 chigam= 0.00E+00
 it=  6 chi2=0.00E+00 zm= 1.71E-02 err=1.073E-01 dz= 1.027E-03 chigam= 0.00E+00
 it=  7 chi2=0.00E+00 zm= 1.79E-02 err=6.118E-02 dz= 7.657E-04 chigam= 0.00E+00
 it=  8 chi2=0.00E+00 zm= 1.85E-02 err=3.342E-02 dz= 5.662E-04 chigam= 0.00E+00
 it=  9 chi2=0.00E+00 zm= 1.89E-02 err=2.461E-02 dz= 4.222E-04 chigam= 0.00E+00
 it= 10 chi2=0.00E+00 zm= 1.92E-02 err=1.815E-02 dz= 3.079E-04 chigam= 0.00E+00
 it= 11 chi2=0.00E+00 zm= 1.94E-02 err=1.219E-02 dz= 2.209E-04 chigam= 0.00E+00
 it= 12 chi2=0.00E+00 zm= 1.96E-02 err=6.901E-03 dz= 1.607E-04 chigam= 0.00E+00
 it= 13 chi2=0.00E+00 zm= 1.97E-02 err=4.021E-03 dz= 1.162E-04 chigam= 0.00E+00
 it= 14 chi2=0.00E+00 zm= 1.98E-02 err=2.358E-03 dz= 8.387E-05 chigam= 0.00E+00
 it= 15 chi2=0.00E+00 zm= 1.98E-02 err=1.391E-03 dz= 6.047E-05 chigam= 0.00E+00
 it= 16 chi2=0.00E+00 zm= 1.99E-02 err=8.315E-04 dz= 4.355E-05 chigam= 0.00E+00
 it= 17 chi2=0.00E+00 zm= 1.99E-02 err=5.869E-04 dz= 3.136E-05 chigam= 0.00E+00
 it= 18 chi2=0.00E+00 zm= 1.99E-02 err=4.135E-04 dz= 2.257E-05 chigam= 0.00E+00
 it= 19 chi2=0.00E+00 zm= 2.00E-02 err=2.909E-04 dz= 1.624E-05 chigam= 0.00E+00
 it= 20 chi2=0.00E+00 zm= 2.00E-02 err=2.046E-04 dz= 1.169E-05 chigam= 0.00E+00
 it= 21 chi2=0.00E+00 zm= 2.00E-02 err=1.440E-04 dz= 8.413E-06 chigam= 0.00E+00
 it= 22 chi2=0.00E+00 zm= 2.00E-02 err=1.014E-04 dz= 6.057E-06 chigam= 0.00E+00
 it= 23 chi2=0.00E+00 zm= 2.00E-02 err=7.141E-05 dz= 4.361E-06 chigam= 0.00E+00

      ******************** EFITD129 x 129  output ********************

       data used:   
  0 flux loops
  0 magnetic probes(i)
  0 full rogowski
  0 diamagnetic loop


 shot #   =          1 time(ms) =          1 chi**2   =  0.000E+00
 betat(%) =      1.198 betap    =      0.607 li       =      0.856
 vol(cm3) =  0.780E+07 rout(cm) =    172.200 zout(cm) =      0.747
 elong    =      1.350 utriang  =     -0.372 ltriang  =     -0.307
 a(cm)    =     41.431 lin(cm)  = ********** lout(cm) =     10.544
 ltop(cm) = ********** q*       =      2.334 rc(cm)   =    176.974
 zc(cm)   =      1.800 bt0(t)   =      2.000 qout     =      2.218
