NCAPTC: : NetCDF: Variable not found
Warning: ieee_overflow is signaling
Warning: ieee_underflow is signaling
Warning: ieee_inexact is signaling
FORTRAN STOP
 solver
 /global/common/software/atom/perlmutter/data/greentable/
 /global/common/software/atom/perlmutter/data/greentable/

          EFITD Version  07/09/2014


 type mode (2=file, 3=snap, 4=time, 5=input, 6=com file, 7=snap_ext):

 number of time slices?

 type input file names:
 #
 table_dir = </global/common/software/atom/perlmutter/data/greentable/>

  ----- time =     1 ms ----- ( 0)
 it=  1 chi2=0.00E+00 zm= 7.53E-03 err=5.202E+00 dz= 7.535E-03 chigam= 0.00E+00
 it=  2 chi2=0.00E+00 zm= 1.07E-02 err=8.585E-01 dz= 3.175E-03 chigam= 0.00E+00
 it=  3 chi2=0.00E+00 zm= 1.31E-02 err=4.913E-01 dz= 2.393E-03 chigam= 0.00E+00
 it=  4 chi2=0.00E+00 zm= 1.49E-02 err=2.875E-01 dz= 1.814E-03 chigam= 0.00E+00
 it=  5 chi2=0.00E+00 zm= 1.63E-02 err=1.723E-01 dz= 1.381E-03 chigam= 0.00E+00
 it=  6 chi2=0.00E+00 zm= 1.74E-02 err=1.046E-01 dz= 1.056E-03 chigam= 0.00E+00
 it=  7 chi2=0.00E+00 zm= 1.82E-02 err=6.825E-02 dz= 8.037E-04 chigam= 0.00E+00
 it=  8 chi2=0.00E+00 zm= 1.88E-02 err=4.010E-02 dz= 5.992E-04 chigam= 0.00E+00
 it=  9 chi2=0.00E+00 zm= 1.92E-02 err=2.185E-02 dz= 4.415E-04 chigam= 0.00E+00
 it= 10 chi2=0.00E+00 zm= 1.95E-02 err=1.156E-02 dz= 3.226E-04 chigam= 0.00E+00
 it= 11 chi2=0.00E+00 zm= 1.98E-02 err=1.048E-02 dz= 2.411E-04 chigam= 0.00E+00
 it= 12 chi2=0.00E+00 zm= 1.99E-02 err=7.237E-03 dz= 1.794E-04 chigam= 0.00E+00
 it= 13 chi2=0.00E+00 zm= 2.01E-02 err=4.597E-03 dz= 1.316E-04 chigam= 0.00E+00
 it= 14 chi2=0.00E+00 zm= 2.02E-02 err=2.974E-03 dz= 9.625E-05 chigam= 0.00E+00
 it= 15 chi2=0.00E+00 zm= 2.02E-02 err=1.096E-03 dz= 7.090E-05 chigam= 0.00E+00
 it= 16 chi2=0.00E+00 zm= 2.03E-02 err=8.189E-04 dz= 5.176E-05 chigam= 0.00E+00
 it= 17 chi2=0.00E+00 zm= 2.03E-02 err=6.241E-04 dz= 3.773E-05 chigam= 0.00E+00
 it= 18 chi2=0.00E+00 zm= 2.04E-02 err=4.749E-04 dz= 2.746E-05 chigam= 0.00E+00
 it= 19 chi2=0.00E+00 zm= 2.04E-02 err=3.522E-04 dz= 1.997E-05 chigam= 0.00E+00
 it= 20 chi2=0.00E+00 zm= 2.04E-02 err=2.571E-04 dz= 1.451E-05 chigam= 0.00E+00
 it= 21 chi2=0.00E+00 zm= 2.04E-02 err=1.859E-04 dz= 1.054E-05 chigam= 0.00E+00
 it= 22 chi2=0.00E+00 zm= 2.04E-02 err=1.336E-04 dz= 7.651E-06 chigam= 0.00E+00
 it= 23 chi2=0.00E+00 zm= 2.04E-02 err=9.572E-05 dz= 5.552E-06 chigam= 0.00E+00

      ******************** EFITD129 x 129  output ********************

       data used:   
  0 flux loops
  0 magnetic probes(i)
  0 full rogowski
  0 diamagnetic loop


 shot #   =          1 time(ms) =          1 chi**2   =  0.000E+00
 betat(%) =      1.122 betap    =      0.566 li       =      0.860
 vol(cm3) =  0.777E+07 rout(cm) =    172.175 zout(cm) =      0.805
 elong    =      1.346 utriang  =     -0.372 ltriang  =     -0.308
 a(cm)    =     41.406 lin(cm)  = ********** lout(cm) =     10.595
 ltop(cm) = ********** q*       =      2.315 rc(cm)   =    176.691
 zc(cm)   =      1.828 bt0(t)   =      2.000 qout     =      2.208
