========================================================================
= FASTRAN

nonlinear model = 1
ichi = 0
ineo = 0
reading state...
read formatted input, inprof...
init geometry...
read formatted input, inmetric...
nrho in inmetric = 101
rhob in inmetric = 1.382602e+00
solve avg grad-shafranv...
solve_avg_gs::Ip_temp = 3.267013e+00 
solve_avg_gs::Ip      = 1.000000e+01 
>>> tau_he = 5.000000, nhe(0)=2.394764e+00

 plasma volume = 177.763938
 stored energy(e,i,b) = 6.060380e+01 5.677300e+01 0.000000e+00
 betan = 1.208178
*power
 Pnb(e,i) = 0.000000e+00 0.000000e+00
 Prf(e,i) = 4.560360e+00 2.823506e+01
 Prad     = -2.204313e+01 
 Pei      = 3.194567e+00 
 Pfuse    = 5.942488e+01 
 Pfusi    = 1.915015e+01 
 Poh      = 0.000000e+00 
*confinement time
 taut, tauITER98y2, H98y2 : 1.314008e+00 1.542016e+00 8.521361e-01
 taue, taui : 1.342673e+00 3.558191e+00
 taut, tau89, H89 : 1.314008e+00 7.637508e-01 1.720467e+00
*temperature
 nea, nebar : 1.919014e+01 2.177240e+01 
 tea, tia : 6.348669e+00 6.408327e+00 (9.906906e-01)
 te0, ti0 : 1.880903e+01 1.900901e+01 (9.894799e-01)
 Sn : 0.000000e+00 
*current balance
 Ip,Ibs,Inb,Irf: 1.000000e+01 2.188645e+00 0.000000e+00 0.000000e+00
 fni,fbs: 0.219 0.219

 plasma volume = 177.763938
 stored energy(e,i,b) = 6.060380e+01 5.677300e+01 0.000000e+00
 betan = 1.208178
*power
 Pnb(e,i) = 0.000000e+00 0.000000e+00
 Prf(e,i) = 4.560360e+00 2.823506e+01
 Prad     = -2.204313e+01 
 Pei      = 3.194567e+00 
 Pfuse    = 5.942488e+01 
 Pfusi    = 1.915015e+01 
 Poh      = 0.000000e+00 
*confinement time
 taut, tauITER98y2, H98y2 : 1.314008e+00 1.542016e+00 8.521361e-01
 taue, taui : 1.342673e+00 3.558191e+00
 taut, tau89, H89 : 1.314008e+00 7.637508e-01 1.720467e+00
*temperature
 nea, nebar : 1.919014e+01 2.177240e+01 
 tea, tia : 6.348669e+00 6.408327e+00 (9.906906e-01)
 te0, ti0 : 1.880903e+01 1.900901e+01 (9.894799e-01)
 Sn : 0.000000e+00 
*current balance
 Ip,Ibs,Inb,Irf: 1.000000e+01 2.188645e+00 0.000000e+00 0.000000e+00
 fni,fbs: 0.219 0.219
 ELAPASED TIME = 0 sec
