========================================================================
= FASTRAN

nonlinear model = 1
ichi = 1
ineo = 0
reading state...
read formatted input, inprof...
init geometry...
read formatted input, inmetric...
nrho in inmetric = 101
rhob in inmetric = 1.260138e+00
solve avg grad-shafranv...
solve_avg_gs::Ip_temp = 2.690228e+00 
solve_avg_gs::Ip      = 1.000000e+01 
>>> tau_he = 5.000000, nhe(0)=2.530408e+00

 plasma volume = 147.564155
 stored energy(e,i,b,a) = 4.431306e+01 4.293397e+01 0.000000e+00 0.000000e+00
 betan = 0.996784
*power
 Pnb(e,i) = 0.000000e+00 0.000000e+00
 Prf(e,i) = 0.000000e+00 0.000000e+00
 Prad     = -7.817504e+00 
 Pei      = 2.198253e+00 
 Pfuse    = 4.564519e+01 
 Pfusi    = 1.508637e+01 
 Poh      = 0.000000e+00 
*confinement time
 taut, tauITER98y2, H98y2 : 1.648844e+00 1.999846e+00 8.244855e-01
 taue, taui : 1.107109e+00 3.331283e+00
 taut, tau89, H89 : 1.648844e+00 9.427643e-01 1.748946e+00
*temperature
 nea, nebar : 1.773979e+01 2.074979e+01 
 tea, tia : 5.741206e+00 5.794650e+00 (9.907771e-01)
 te0, ti0 : 1.879515e+01 1.899462e+01 (9.894984e-01)
 Sn : 0.000000e+00 
*current balance
 Ip,Ibs,Inb,Irf: 1.000000e+01 1.626902e+00 0.000000e+00 0.000000e+00
 fni,fbs: 0.163 0.163

 plasma volume = 147.564155
 stored energy(e,i,b,a) = 4.431306e+01 4.293397e+01 0.000000e+00 0.000000e+00
 betan = 0.996784
*power
 Pnb(e,i) = 0.000000e+00 0.000000e+00
 Prf(e,i) = 0.000000e+00 0.000000e+00
 Prad     = -7.817504e+00 
 Pei      = 2.198253e+00 
 Pfuse    = 4.564519e+01 
 Pfusi    = 1.508637e+01 
 Poh      = 0.000000e+00 
*confinement time
 taut, tauITER98y2, H98y2 : 1.648844e+00 1.999846e+00 8.244855e-01
 taue, taui : 1.107109e+00 3.331283e+00
 taut, tau89, H89 : 1.648844e+00 9.427643e-01 1.748946e+00
*temperature
 nea, nebar : 1.773979e+01 2.074979e+01 
 tea, tia : 5.741206e+00 5.794650e+00 (9.907771e-01)
 te0, ti0 : 1.879515e+01 1.899462e+01 (9.894984e-01)
 Sn : 0.000000e+00 
*current balance
 Ip,Ibs,Inb,Irf: 1.000000e+01 1.626902e+00 0.000000e+00 0.000000e+00
 fni,fbs: 0.163 0.163
 ELAPASED TIME = 0 sec

finalize
