NCAPTC: : NetCDF: Variable not found
Warning: ieee_overflow is signaling
Warning: ieee_underflow is signaling
Warning: ieee_inexact is signaling
FORTRAN STOP
 solver
 /global/common/software/atom/perlmutter/data/greentable/
 /global/common/software/atom/perlmutter/data/greentable/

          EFITD Version  07/09/2014


 type mode (2=file, 3=snap, 4=time, 5=input, 6=com file, 7=snap_ext):

 number of time slices?

 type input file names:
 #
 table_dir = </global/common/software/atom/perlmutter/data/greentable/>

  ----- time =     0 ms ----- ( 0)
 it=  1 chi2=0.00E+00 zm= 7.53E-03 err=5.202E+00 dz= 7.535E-03 chigam= 0.00E+00
 it=  2 chi2=0.00E+00 zm= 1.07E-02 err=7.866E-01 dz= 3.173E-03 chigam= 0.00E+00
 it=  3 chi2=0.00E+00 zm= 1.31E-02 err=4.440E-01 dz= 2.387E-03 chigam= 0.00E+00
 it=  4 chi2=0.00E+00 zm= 1.49E-02 err=2.691E-01 dz= 1.824E-03 chigam= 0.00E+00
 it=  5 chi2=0.00E+00 zm= 1.63E-02 err=1.641E-01 dz= 1.397E-03 chigam= 0.00E+00
 it=  6 chi2=0.00E+00 zm= 1.74E-02 err=1.006E-01 dz= 1.077E-03 chigam= 0.00E+00
 it=  7 chi2=0.00E+00 zm= 1.82E-02 err=6.170E-02 dz= 8.167E-04 chigam= 0.00E+00
 it=  8 chi2=0.00E+00 zm= 1.88E-02 err=4.098E-02 dz= 6.304E-04 chigam= 0.00E+00
 it=  9 chi2=0.00E+00 zm= 1.93E-02 err=2.598E-02 dz= 4.784E-04 chigam= 0.00E+00
 it= 10 chi2=0.00E+00 zm= 1.97E-02 err=1.717E-02 dz= 3.608E-04 chigam= 0.00E+00
 it= 11 chi2=0.00E+00 zm= 2.00E-02 err=1.147E-02 dz= 2.716E-04 chigam= 0.00E+00
 it= 12 chi2=0.00E+00 zm= 2.02E-02 err=7.747E-03 dz= 2.033E-04 chigam= 0.00E+00
 it= 13 chi2=0.00E+00 zm= 2.03E-02 err=4.694E-03 dz= 1.487E-04 chigam= 0.00E+00
 it= 14 chi2=0.00E+00 zm= 2.04E-02 err=3.283E-03 dz= 1.101E-04 chigam= 0.00E+00
 it= 15 chi2=0.00E+00 zm= 2.05E-02 err=2.300E-03 dz= 8.145E-05 chigam= 0.00E+00
 it= 16 chi2=0.00E+00 zm= 2.06E-02 err=1.615E-03 dz= 6.018E-05 chigam= 0.00E+00
 it= 17 chi2=0.00E+00 zm= 2.06E-02 err=1.137E-03 dz= 4.442E-05 chigam= 0.00E+00
 it= 18 chi2=0.00E+00 zm= 2.06E-02 err=8.017E-04 dz= 3.277E-05 chigam= 0.00E+00
 it= 19 chi2=0.00E+00 zm= 2.07E-02 err=5.668E-04 dz= 2.416E-05 chigam= 0.00E+00
 it= 20 chi2=0.00E+00 zm= 2.07E-02 err=4.018E-04 dz= 1.780E-05 chigam= 0.00E+00
 it= 21 chi2=0.00E+00 zm= 2.07E-02 err=2.855E-04 dz= 1.312E-05 chigam= 0.00E+00
 it= 22 chi2=0.00E+00 zm= 2.07E-02 err=2.033E-04 dz= 9.659E-06 chigam= 0.00E+00
 it= 23 chi2=0.00E+00 zm= 2.07E-02 err=1.451E-04 dz= 7.112E-06 chigam= 0.00E+00
 it= 24 chi2=0.00E+00 zm= 2.07E-02 err=1.039E-04 dz= 5.238E-06 chigam= 0.00E+00
 it= 25 chi2=0.00E+00 zm= 2.07E-02 err=7.447E-05 dz= 3.855E-06 chigam= 0.00E+00

      ******************** EFITD129 x 129  output ********************

       data used:   
  0 flux loops
  0 magnetic probes(i)
  0 full rogowski
  0 diamagnetic loop


 shot #   =          1 time(ms) =          0 chi**2   =  0.000E+00
 betat(%) =      0.778 betap    =      0.388 li       =      0.862
 vol(cm3) =  0.768E+07 rout(cm) =    172.098 zout(cm) =      0.854
 elong    =      1.337 utriang  =     -0.343 ltriang  =     -0.311
 a(cm)    =     41.329 lin(cm)  = ********** lout(cm) =     10.749
 ltop(cm) = ********** q*       =      2.261 rc(cm)   =    175.671
 zc(cm)   =      1.818 bt0(t)   =      2.000 qout     =      2.176
