NCAPTC: : NetCDF: Variable not found
Warning: ieee_overflow is signaling
Warning: ieee_underflow is signaling
Warning: ieee_inexact is signaling
FORTRAN STOP
 solver
 /global/common/software/atom/perlmutter/data/greentable/
 /global/common/software/atom/perlmutter/data/greentable/

          EFITD Version  07/09/2014


 type mode (2=file, 3=snap, 4=time, 5=input, 6=com file, 7=snap_ext):

 number of time slices?

 type input file names:
 #
 table_dir = </global/common/software/atom/perlmutter/data/greentable/>

  ----- time =     1 ms ----- ( 0)
 it=  1 chi2=0.00E+00 zm= 7.53E-03 err=5.202E+00 dz= 7.535E-03 chigam= 0.00E+00
 it=  2 chi2=0.00E+00 zm= 1.08E-02 err=8.601E-01 dz= 3.260E-03 chigam= 0.00E+00
 it=  3 chi2=0.00E+00 zm= 1.33E-02 err=4.929E-01 dz= 2.459E-03 chigam= 0.00E+00
 it=  4 chi2=0.00E+00 zm= 1.51E-02 err=2.893E-01 dz= 1.859E-03 chigam= 0.00E+00
 it=  5 chi2=0.00E+00 zm= 1.65E-02 err=1.742E-01 dz= 1.413E-03 chigam= 0.00E+00
 it=  6 chi2=0.00E+00 zm= 1.76E-02 err=1.064E-01 dz= 1.083E-03 chigam= 0.00E+00
 it=  7 chi2=0.00E+00 zm= 1.84E-02 err=7.044E-02 dz= 8.272E-04 chigam= 0.00E+00
 it=  8 chi2=0.00E+00 zm= 1.91E-02 err=4.134E-02 dz= 6.181E-04 chigam= 0.00E+00
 it=  9 chi2=0.00E+00 zm= 1.95E-02 err=2.229E-02 dz= 4.566E-04 chigam= 0.00E+00
 it= 10 chi2=0.00E+00 zm= 1.98E-02 err=1.164E-02 dz= 3.346E-04 chigam= 0.00E+00
 it= 11 chi2=0.00E+00 zm= 2.01E-02 err=1.147E-02 dz= 2.538E-04 chigam= 0.00E+00
 it= 12 chi2=0.00E+00 zm= 2.03E-02 err=8.043E-03 dz= 1.907E-04 chigam= 0.00E+00
 it= 13 chi2=0.00E+00 zm= 2.04E-02 err=3.683E-03 dz= 1.401E-04 chigam= 0.00E+00
 it= 14 chi2=0.00E+00 zm= 2.05E-02 err=2.595E-03 dz= 1.029E-04 chigam= 0.00E+00
 it= 15 chi2=0.00E+00 zm= 2.06E-02 err=1.825E-03 dz= 7.544E-05 chigam= 0.00E+00
 it= 16 chi2=0.00E+00 zm= 2.07E-02 err=1.283E-03 dz= 5.518E-05 chigam= 0.00E+00
 it= 17 chi2=0.00E+00 zm= 2.07E-02 err=9.022E-04 dz= 4.032E-05 chigam= 0.00E+00
 it= 18 chi2=0.00E+00 zm= 2.07E-02 err=6.351E-04 dz= 2.942E-05 chigam= 0.00E+00
 it= 19 chi2=0.00E+00 zm= 2.08E-02 err=4.476E-04 dz= 2.146E-05 chigam= 0.00E+00
 it= 20 chi2=0.00E+00 zm= 2.08E-02 err=3.159E-04 dz= 1.564E-05 chigam= 0.00E+00
 it= 21 chi2=0.00E+00 zm= 2.08E-02 err=2.234E-04 dz= 1.140E-05 chigam= 0.00E+00
 it= 22 chi2=0.00E+00 zm= 2.08E-02 err=1.582E-04 dz= 8.301E-06 chigam= 0.00E+00
 it= 23 chi2=0.00E+00 zm= 2.08E-02 err=1.122E-04 dz= 6.047E-06 chigam= 0.00E+00
 it= 24 chi2=0.00E+00 zm= 2.08E-02 err=7.976E-05 dz= 4.406E-06 chigam= 0.00E+00

      ******************** EFITD129 x 129  output ********************

       data used:   
  0 flux loops
  0 magnetic probes(i)
  0 full rogowski
  0 diamagnetic loop


 shot #   =          1 time(ms) =          1 chi**2   =  0.000E+00
 betat(%) =      1.125 betap    =      0.568 li       =      0.859
 vol(cm3) =  0.777E+07 rout(cm) =    172.180 zout(cm) =      0.809
 elong    =      1.346 utriang  =     -0.372 ltriang  =     -0.308
 a(cm)    =     41.411 lin(cm)  = ********** lout(cm) =     10.584
 ltop(cm) = ********** q*       =      2.315 rc(cm)   =    176.683
 zc(cm)   =      1.839 bt0(t)   =      2.000 qout     =      2.209
