NCAPTC: : NetCDF: Variable not found
Warning: ieee_overflow is signaling
Warning: ieee_underflow is signaling
Warning: ieee_inexact is signaling
FORTRAN STOP
 solver
 /global/common/software/atom/perlmutter/data/greentable/
 /global/common/software/atom/perlmutter/data/greentable/

          EFITD Version  07/09/2014


 type mode (2=file, 3=snap, 4=time, 5=input, 6=com file, 7=snap_ext):

 number of time slices?

 type input file names:
 #
 table_dir = </global/common/software/atom/perlmutter/data/greentable/>

  ----- time =     0 ms ----- ( 0)
 it=  1 chi2=0.00E+00 zm= 7.53E-03 err=5.202E+00 dz= 7.535E-03 chigam= 0.00E+00
 it=  2 chi2=0.00E+00 zm= 1.06E-02 err=8.495E-01 dz= 3.091E-03 chigam= 0.00E+00
 it=  3 chi2=0.00E+00 zm= 1.29E-02 err=4.572E-01 dz= 2.296E-03 chigam= 0.00E+00
 it=  4 chi2=0.00E+00 zm= 1.46E-02 err=2.597E-01 dz= 1.702E-03 chigam= 0.00E+00
 it=  5 chi2=0.00E+00 zm= 1.59E-02 err=1.558E-01 dz= 1.289E-03 chigam= 0.00E+00
 it=  6 chi2=0.00E+00 zm= 1.69E-02 err=9.656E-02 dz= 9.773E-04 chigam= 0.00E+00
 it=  7 chi2=0.00E+00 zm= 1.76E-02 err=6.106E-02 dz= 7.453E-04 chigam= 0.00E+00
 it=  8 chi2=0.00E+00 zm= 1.82E-02 err=4.274E-02 dz= 5.713E-04 chigam= 0.00E+00
 it=  9 chi2=0.00E+00 zm= 1.86E-02 err=2.357E-02 dz= 4.209E-04 chigam= 0.00E+00
 it= 10 chi2=0.00E+00 zm= 1.89E-02 err=1.133E-02 dz= 3.087E-04 chigam= 0.00E+00
 it= 11 chi2=0.00E+00 zm= 1.92E-02 err=7.688E-03 dz= 2.261E-04 chigam= 0.00E+00
 it= 12 chi2=0.00E+00 zm= 1.93E-02 err=5.411E-03 dz= 1.661E-04 chigam= 0.00E+00
 it= 13 chi2=0.00E+00 zm= 1.95E-02 err=3.811E-03 dz= 1.218E-04 chigam= 0.00E+00
 it= 14 chi2=0.00E+00 zm= 1.95E-02 err=1.817E-03 dz= 8.452E-05 chigam= 0.00E+00
 it= 15 chi2=0.00E+00 zm= 1.96E-02 err=1.168E-03 dz= 6.099E-05 chigam= 0.00E+00
 it= 16 chi2=0.00E+00 zm= 1.96E-02 err=1.146E-03 dz= 4.464E-05 chigam= 0.00E+00
 it= 17 chi2=0.00E+00 zm= 1.97E-02 err=5.636E-04 dz= 3.239E-05 chigam= 0.00E+00
 it= 18 chi2=0.00E+00 zm= 1.97E-02 err=3.662E-04 dz= 2.352E-05 chigam= 0.00E+00
 it= 19 chi2=0.00E+00 zm= 1.97E-02 err=2.552E-04 dz= 1.708E-05 chigam= 0.00E+00
 it= 20 chi2=0.00E+00 zm= 1.97E-02 err=1.783E-04 dz= 1.241E-05 chigam= 0.00E+00
 it= 21 chi2=0.00E+00 zm= 1.97E-02 err=1.269E-04 dz= 9.021E-06 chigam= 0.00E+00
 it= 22 chi2=0.00E+00 zm= 1.97E-02 err=9.338E-05 dz= 6.559E-06 chigam= 0.00E+00

      ******************** EFITD129 x 129  output ********************

       data used:   
  0 flux loops
  0 magnetic probes(i)
  0 full rogowski
  0 diamagnetic loop


 shot #   =          1 time(ms) =          0 chi**2   =  0.000E+00
 betat(%) =      0.997 betap    =      0.502 li       =      0.853
 vol(cm3) =  0.775E+07 rout(cm) =    172.147 zout(cm) =      0.790
 elong    =      1.345 utriang  =     -0.373 ltriang  =     -0.309
 a(cm)    =     41.378 lin(cm)  = ********** lout(cm) =     10.651
 ltop(cm) = ********** q*       =      2.302 rc(cm)   =    176.400
 zc(cm)   =      1.765 bt0(t)   =      2.000 qout     =      2.196
