fastran_init.init() started
state_files: s000001.00001 g000001.00001 i000001.00001
create null s000001.00001
create null g000001.00001
create null i000001.00001
fastran_init.step() started
tokamak_id = FPP
shot_number = 000001
INPUT_DIR = /pscratch/sd/h/hswils/github_repos/MANTA_DBSCANS/tnbdry_scan/input
model_beam = 0
start dakota update
update_namelist called
instate R0 updated
instate A0 updated
instate KAPPA updated
instate DELTA updated
instate B0 updated
instate IP updated
instate NE_AXIS updated
instate NE_PED updated
instate NE_SEP updated
instate TE_AXIS updated
instate TE_PED updated
instate TI_AXIS updated
instate TI_PED updated
instate XMID updated
instate XWID updated
instate H98_TARGET updated
instate_method: model
Shape from instate data array
ne from model profile, ped
te from model profile, ped
ti from model profile, ped
density_beam from model profile, parab
j_tot from model profile, parab
omega from model profile, parab
zeff from model profile, const
tbeami from model profile, const
density_alpha from model profile, zero
walpha from model profile, zero
wbeam from the model profile
density_model = 1: impurity = f*ne
init from instate: instate
usng analytic volume
end
rho_rad prad 100 100
integrated :  0.0
rho pohme 100 100
integrated :  0.0
Icurt=2.888e+00MA
rho_nbi pbe 100 100
integrated :  0.0
rho_nbi pbi 100 100
integrated :  0.0
rho_nbi sbedep 100 100
integrated :  0.0
rho_nbi tqbe 100 100
integrated :  0.0
Icurbeam=0.000e+00MA
rho_ecrf peech 100 100
integrated :  0.0
rho_icrf picrf_totals 6 100
integrated :  0.0
rho_icrf picrf_totals 6 100
integrated :  0.0
Icurech=0.000e+00MA
Icurich=0.000e+00MA
fastran_init.finalize() called
********************************************************************************
FASTRAN DIRVER INIT
PORTS (all) = ['INIT', 'DRIVER', 'EQ0', 'TR0', 'IC', 'EQ', 'TR']
PORTS = ['INIT', 'DRIVER', 'EQ0', 'TR0', 'IC', 'EQ', 'TR']
SIMULATION_MODE = NORMAL
*** t0 = 0
EQ0 init ********
>>> efit.init() started
INPUT: SCALE found 1 , mapped value =  enabled
INPUT: R0_SCALE found 1.7 , mapped value =  1.7
INPUT: B0_SCALE found 2.0 , mapped value =  2.0
efit time = 1
init_run =  1
force free
scaled  1.7 2.0
NCAPTC: : NetCDF: Variable not found
Warning: ieee_overflow is signaling
Warning: ieee_underflow is signaling
Warning: ieee_inexact is signaling
FORTRAN STOP
ps_update disabled
Icurt=2.862e+00MA
TR0 init ********
fastran.init() entered
IC init ********
toric.init() called
('touching ', 'torica.inp')
('touching ', 'machine.inp')
('touching ', 'log.toric')
('touching ', 'toric.nc')
('touching ', 'profstat.dat')
('touching ', 'equigs.data')
('touching ', 'equidt.data')
('touching ', 'toric_cfg.nc')
EQ init ********
>>> efit.init() started
INPUT: SCALE found 1 , mapped value =  enabled
INPUT: R0_SCALE found 1.7 , mapped value =  1.7
INPUT: B0_SCALE found 2.0 , mapped value =  2.0
efit time = 2
init_run =  0
TR init ********
fastran.init() entered
nstep_pre: 1

========================================================================
= fastran driver: preprocess iteration number =  0

EQ0 step
>>> efit.step() started
INPUT: PRESSURE found kinetic , mapped value =  kinetic
INPUT: RELAX_PROFILE not found, use default value: 0
INPUT: RELAX_METRIC not found, use default value: 0.5
INPUT: BETAN_TARGET not found, use default value: -1.0
model_pressure = kinetic
betan = 1.0945249631592169
INPUT: TOPOLOGY found DN , mapped value =  DN
INPUT: ERROR not found, use default value: 1.0e-4
INPUT: MAX_EFIT_ERROR not found, use default value: 0.1
init_run_step = 0
niter =  10
*** generate kfile 0
r0 = 4.55
b0 = 11.0
ip = 9999999.995
ip, ip cal, ip/(ip cal) = 10.000 2.863 3.493
weigting upper xpoint: [2, 3, 4, 5]
weigting lower xpoint: [9, 10, 11, 12]
run efit
efit, subprocess
elapsed time =  0.403  1.449
error_efit = 8.343e-05
*** generate kfile 1
apply underrelaxation
r0 = 4.55
b0 = 11.0
ip = 9999999.995
inmtric under-relax: 0.5
ip, ip cal, ip/(ip cal) = 10.000 2.807 3.562
weigting upper xpoint: [2, 3, 4, 5]
weigting lower xpoint: [9, 10, 11, 12]
diff_p = 0.11984770866105772
diff_f = 0.4100579506737445
run efit
efit, subprocess
elapsed time =  0.508  1.289
error_efit = 7.673e-05
*** generate kfile 2
apply underrelaxation
r0 = 4.55
b0 = 11.0
ip = 9999999.995
inmtric under-relax: 0.5
ip, ip cal, ip/(ip cal) = 10.000 2.770 3.610
weigting upper xpoint: [2, 3, 4, 5]
weigting lower xpoint: [9, 10, 11, 12]
diff_p = 0.10844992967538297
diff_f = 0.28832981643439126
run efit
efit, subprocess
elapsed time =  0.492  1.241
error_efit = 7.608e-05
*** generate kfile 3
apply underrelaxation
r0 = 4.55
b0 = 11.0
ip = 9999999.995
inmtric under-relax: 0.5
ip, ip cal, ip/(ip cal) = 10.000 2.744 3.645
weigting upper xpoint: [2, 3, 4, 5]
weigting lower xpoint: [9, 10, 11, 12]
diff_p = 0.07459283262865284
diff_f = 0.16164273840249826
run efit
efit, subprocess
elapsed time =  0.488  1.215
error_efit = 8.927e-05
*** generate kfile 4
apply underrelaxation
r0 = 4.55
b0 = 11.0
ip = 9999999.995
  ps_init_tag: Plasma State v2.055 f90 module initialization.
  %ps_update_fromxplasma: allocating nr,nz  =          129 ,         129
  %ps_update_fromxplasma: allocating nlim   =            5
  %ps_mhdeq_derive: compute <1/R^2> and <|grad(rho)|^2/R^2>.
  %ps_mhdeq_derive: compute metric averages <1/R>, <|grad(rho)|>, etc.
  %ps_mhdeq_derive: compute R & Z minmax profiles; triangularity, etc.
  %ps_mhdeq_derive: compute <1/B^2>, NCLASS moments, etc.
  %ps_mhdeq_nclass: allocating 16 Pfirsch-Schlutter moments profiles.
  %ps_mhdeq_derive: compute NC sqrt-singular flux surface averages.
  %ps_mhdeq_derive: compute profiles of Bmin, Bmax.
  %ps_update_fromxplasma: allocating nr,nz  =          129 ,         129
  %ps_update_fromxplasma: allocating nlim   =            5
  %ps_mhdeq_derive: compute <1/R^2> and <|grad(rho)|^2/R^2>.
  %ps_mhdeq_derive: compute metric averages <1/R>, <|grad(rho)|>, etc.
  %ps_mhdeq_derive: compute R & Z minmax profiles; triangularity, etc.
  %ps_mhdeq_derive: compute <1/B^2>, NCLASS moments, etc.
  %ps_mhdeq_nclass: allocating 16 Pfirsch-Schlutter moments profiles.
  %ps_mhdeq_derive: compute NC sqrt-singular flux surface averages.
  %ps_mhdeq_derive: compute profiles of Bmin, Bmax.
  %ps_update_fromxplasma: allocating nr,nz  =          129 ,         129
  %ps_update_fromxplasma: allocating nlim   =            5
  %ps_mhdeq_derive: compute <1/R^2> and <|grad(rho)|^2/R^2>.
  %ps_mhdeq_derive: compute metric averages <1/R>, <|grad(rho)|>, etc.
  %ps_mhdeq_derive: compute R & Z minmax profiles; triangularity, etc.
  %ps_mhdeq_derive: compute <1/B^2>, NCLASS moments, etc.
  %ps_mhdeq_nclass: allocating 16 Pfirsch-Schlutter moments profiles.
  %ps_mhdeq_derive: compute NC sqrt-singular flux surface averages.
  %ps_mhdeq_derive: compute profiles of Bmin, Bmax.
  %ps_update_fromxplasma: allocating nr,nz  =          129 ,         129
  %ps_update_fromxplasma: allocating nlim   =            5
  %ps_mhdeq_derive: compute <1/R^2> and <|grad(rho)|^2/R^2>.
  %ps_mhdeq_derive: compute metric averages <1/R>, <|grad(rho)|>, etc.
  %ps_mhdeq_derive: compute R & Z minmax profiles; triangularity, etc.
  %ps_mhdeq_derive: compute <1/B^2>, NCLASS moments, etc.
  %ps_mhdeq_nclass: allocating 16 Pfirsch-Schlutter moments profiles.
  %ps_mhdeq_derive: compute NC sqrt-singular flux surface averages.
  %ps_mhdeq_derive: compute profiles of Bmin, Bmax.
  %ps_update_fromxplasma: allocating nr,nz  =          129 ,         129
  %ps_update_fromxplasma: allocating nlim   =            5
  %ps_mhdeq_derive: compute <1/R^2> and <|grad(rho)|^2/R^2>.
  %ps_mhdeq_derive: compute metric averages <1/R>, <|grad(rho)|>, etc.
  %ps_mhdeq_derive: compute R & Z minmax profiles; triangularity, etc.
  %ps_mhdeq_derive: compute <1/B^2>, NCLASS moments, etc.
  %ps_mhdeq_nclass: allocating 16 Pfirsch-Schlutter moments profiles.
  %ps_mhdeq_derive: compute NC sqrt-singular flux surface averages.
  %ps_mhdeq_derive: compute profiles of Bmin, Bmax.
  %ps_update_fromxplasma: allocating nr,nz  =          129 ,         129
  %ps_update_fromxplasma: allocating nlim   =            5
  %ps_mhdeq_derive: compute <1/R^2> and <|grad(rho)|^2/R^2>.
  %ps_mhdeq_derive: compute metric averages <1/R>, <|grad(rho)|>, etc.
  %ps_mhdeq_derive: compute R & Z minmax profiles; triangularity, etc.
  %ps_mhdeq_derive: compute <1/B^2>, NCLASS moments, etc.
  %ps_mhdeq_nclass: allocating 16 Pfirsch-Schlutter moments profiles.
  %ps_mhdeq_derive: compute NC sqrt-singular flux surface averages.
  %ps_mhdeq_derive: compute profiles of Bmin, Bmax.
  %ps_update_fromxplasma: allocating nr,nz  =          129 ,         129
  %ps_update_fromxplasma: allocating nlim   =            5
  %ps_mhdeq_derive: compute <1/R^2> and <|grad(rho)|^2/R^2>.
  %ps_mhdeq_derive: compute metric averages <1/R>, <|grad(rho)|>, etc.
  %ps_mhdeq_derive: compute R & Z minmax profiles; triangularity, etc.
  %ps_mhdeq_derive: compute <1/B^2>, NCLASS moments, etc.
  %ps_mhdeq_nclass: allocating 16 Pfirsch-Schlutter moments profiles.
  %ps_mhdeq_derive: compute NC sqrt-singular flux surface averages.
  %ps_mhdeq_derive: compute profiles of Bmin, Bmax.
inmtric under-relax: 0.5
ip, ip cal, ip/(ip cal) = 10.000 2.726 3.669
weigting upper xpoint: [2, 3, 4, 5]
weigting lower xpoint: [9, 10, 11, 12]
diff_p = 0.04499227453363997
diff_f = 0.08657377331243857
run efit
efit, subprocess
elapsed time =  0.503  1.267
error_efit = 8.286e-05
*** generate kfile 5
apply underrelaxation
r0 = 4.55
b0 = 11.0
ip = 9999999.995
inmtric under-relax: 0.5
ip, ip cal, ip/(ip cal) = 10.000 2.714 3.685
weigting upper xpoint: [2, 3, 4, 5]
weigting lower xpoint: [9, 10, 11, 12]
diff_p = 0.024949711997035457
diff_f = 0.04563837878694728
run efit
efit, subprocess
elapsed time =  0.452  1.258
error_efit = 8.062e-05
*** generate kfile 6
apply underrelaxation
r0 = 4.55
b0 = 11.0
ip = 9999999.995
inmtric under-relax: 0.5
ip, ip cal, ip/(ip cal) = 10.000 2.706 3.696
weigting upper xpoint: [2, 3, 4, 5]
weigting lower xpoint: [9, 10, 11, 12]
diff_p = 0.012972025519077219
diff_f = 0.023600207319352945
run efit
efit, subprocess
elapsed time =  0.422  1.326
error_efit = 7.195e-05
*** generate kfile 7
apply underrelaxation
r0 = 4.55
b0 = 11.0
ip = 9999999.995
inmtric under-relax: 0.5
ip, ip cal, ip/(ip cal) = 10.000 2.701 3.702
weigting upper xpoint: [2, 3, 4, 5]
weigting lower xpoint: [9, 10, 11, 12]
diff_p = 0.006423388029724318
diff_f = 0.011998168265915935
run efit
efit, subprocess
elapsed time =  0.449  1.289
error_efit = 7.851e-05
*** generate kfile 8
apply underrelaxation
r0 = 4.55
b0 = 11.0
ip = 9999999.995
inmtric under-relax: 0.5
ip, ip cal, ip/(ip cal) = 10.000 2.698 3.706
weigting upper xpoint: [2, 3, 4, 5]
weigting lower xpoint: [9, 10, 11, 12]
diff_p = 0.003050048037617162
diff_f = 0.0060361657001104215
converged
Icurt=2.696e+00MA
EQ0 step finished
TR0 step
fastran.step() entered
update_next = disabled
update_instate =  True
[1, 1, 74]
['D', 'T', 'W']
ion D
ion T
imp W
model_beam = 0
dump_vol_profile : rho_nbi pbe 0.0
dump_vol_profile : rho_nbi pbi 0.0
dump_vol_profile : rho_nbi pbth 0.0
dump_vol_profile : rho_nbi pbth 0.0
dump_vol_profile : rho_fus pfuse 0.0
dump_vol_profile : rho_fus pfusi 0.0
dump_vol_profile : rho_fus pfusth 0.0
dump_vol_profile : rho_ecrf peech 0.0
dump_vol_profile : rho_icrf picrf_totals 0.0
dump_vol_profile : rho_lhrf pelh 0.0
S_name =  ['e                               ' 'D                               '
 'T                               ' 'W                               ']
0 e                               
1 D                               
processing 1 D                               
dump_vol_profile : rho_icrf picrf_totals 0.0
2 T                               
processing 2 T                               
dump_vol_profile : rho_icrf picrf_totals 0.0
3 W                               
processing 3 W                               
dump_vol_profile : rho_icrf picrf_totals 0.0
dump_vol_profile : rho_lhrf pilh 0.0
dump_vol_profile : rho_nbi tqbe 0.0
dump_vol_profile : rho_nbi tqbi 0.0
dump_vol_profile : rho_nbi tqbjxb 0.0
dump_vol_profile : rho_nbi tqbth 0.0
dump_vol_profile : rho_nbi sbedep 0.0
dump_vol_profile : rho_nbi sbehalo 0.0
dump_vol_profile : rho sn_trans 0.0
dump_vol_profile : rho_rad prad 0.0
dump_vol_profile : rho pohme 0.0
/global/common/software/atom/perlmutter/binaries/fastran/default/xfastran_ver1.06
ncpu =  1
n1d  =  1
nky  =  1
[1, 1, 74]
['D', 'T', 'W']
ion D
ion T
imp W
nspec_th = 3
Icurt=1.000e+01MA
Icurr_bootstrap=1.621e+00MA
Icurr_ohmic=0.000e+00MA
rho_fus pfuse 100 100
integrated :  47985232.41627663
rho_fus pfusi 100 100
integrated :  15724684.472332101
model_beam = 0
density_model = 1: impurity = f*ne
TR0 step finished
number of iteration : 5

========================================================================
= fastran driver: iteration number =  0

IC step
toric.step() called
cur_state_file =  s000001.00001
('Total IC power = ', 40000000.0)
power =  40000000.0
 using s000001.00001 as default state.
  ps_init_tag: Plasma State v2.055 f90 module initialization.
 Prepare toric input reading machine.inp
 ps%ns(1,0)   2.7621763590000001E+020
 <n_e(m-3)-PS> =   1.8947516227982600E+020
 <n_e(m-3)-Interpolated> =   1.9025743856578150E+020
 Thermal ion name, A, Z, dens, temp = 
 D           2           1   1.3760898372839516E+020   18.994622240000002     
 Thermal ion name, A, Z, dens, temp = 
 T           3           1   1.3760898372839516E+020   18.994622240000002     
 Thermal ion name, A, Z, dens, temp = 
 W         182          74   13509033016347184.        18.994622240000002     
 Fast ion name, A, Z = D_beam           2           1
 Fast ion name, A, Z = He4_fusn           4           2
('prepare_eqdsk', '/global/common/software/atom/perlmutter/binaries/geqxpl/default/geqxpl', 'g000001.00001')
Note: The following floating-point exceptions are signalling: IEEE_UNDERFLOW_FLAG IEEE_DENORMAL
  
  G-EQdsk data accepted, maximum rel. GS error:    6.1302044112085449E-003
  
  Bphi is counter-clockwise viewed from above (nsnccwb = 1)
  
  Jphi is counter-clockwise viewed from above (nsnccwi = 1)
  
 equigs_write completion code (0=normal):           0
('toric processors = ', '24')
