NCAPTC: : NetCDF: Variable not found
Warning: ieee_overflow is signaling
Warning: ieee_underflow is signaling
Warning: ieee_inexact is signaling
FORTRAN STOP
 solver
 /global/common/software/atom/perlmutter/data/greentable/
 /global/common/software/atom/perlmutter/data/greentable/

          EFITD Version  07/09/2014


 type mode (2=file, 3=snap, 4=time, 5=input, 6=com file, 7=snap_ext):

 number of time slices?

 type input file names:
 #
 table_dir = </global/common/software/atom/perlmutter/data/greentable/>

  ----- time =     1 ms ----- ( 0)
 it=  1 chi2=0.00E+00 zm= 7.50E-03 err=4.533E+00 dz= 7.499E-03 chigam= 0.00E+00
 it=  2 chi2=0.00E+00 zm= 1.04E-02 err=9.379E-01 dz= 2.882E-03 chigam= 0.00E+00
 it=  3 chi2=0.00E+00 zm= 1.26E-02 err=5.136E-01 dz= 2.185E-03 chigam= 0.00E+00
 it=  4 chi2=0.00E+00 zm= 1.42E-02 err=2.802E-01 dz= 1.606E-03 chigam= 0.00E+00
 it=  5 chi2=0.00E+00 zm= 1.53E-02 err=1.564E-01 dz= 1.159E-03 chigam= 0.00E+00
 it=  6 chi2=0.00E+00 zm= 1.61E-02 err=8.599E-02 dz= 8.142E-04 chigam= 0.00E+00
 it=  7 chi2=0.00E+00 zm= 1.67E-02 err=4.947E-02 dz= 5.734E-04 chigam= 0.00E+00
 it=  8 chi2=0.00E+00 zm= 1.71E-02 err=2.897E-02 dz= 4.027E-04 chigam= 0.00E+00
 it=  9 chi2=0.00E+00 zm= 1.74E-02 err=1.850E-02 dz= 2.824E-04 chigam= 0.00E+00
 it= 10 chi2=0.00E+00 zm= 1.76E-02 err=1.136E-02 dz= 1.965E-04 chigam= 0.00E+00
 it= 11 chi2=0.00E+00 zm= 1.77E-02 err=7.380E-03 dz= 1.371E-04 chigam= 0.00E+00
 it= 12 chi2=0.00E+00 zm= 1.78E-02 err=4.889E-03 dz= 9.584E-05 chigam= 0.00E+00
 it= 13 chi2=0.00E+00 zm= 1.79E-02 err=3.068E-03 dz= 6.658E-05 chigam= 0.00E+00
 it= 14 chi2=0.00E+00 zm= 1.79E-02 err=2.171E-03 dz= 4.674E-05 chigam= 0.00E+00
 it= 15 chi2=0.00E+00 zm= 1.80E-02 err=1.289E-03 dz= 3.235E-05 chigam= 0.00E+00
 it= 16 chi2=0.00E+00 zm= 1.80E-02 err=8.108E-04 dz= 2.242E-05 chigam= 0.00E+00
 it= 17 chi2=0.00E+00 zm= 1.80E-02 err=5.238E-04 dz= 1.554E-05 chigam= 0.00E+00
 it= 18 chi2=0.00E+00 zm= 1.80E-02 err=5.431E-04 dz= 1.125E-05 chigam= 0.00E+00
 it= 19 chi2=0.00E+00 zm= 1.80E-02 err=2.406E-04 dz= 7.680E-06 chigam= 0.00E+00
 it= 20 chi2=0.00E+00 zm= 1.80E-02 err=1.070E-04 dz= 5.225E-06 chigam= 0.00E+00
 it= 21 chi2=0.00E+00 zm= 1.80E-02 err=5.178E-05 dz= 3.543E-06 chigam= 0.00E+00

      ******************** EFITD129 x 129  output ********************

       data used:   
  0 flux loops
  0 magnetic probes(i)
  0 full rogowski
  0 diamagnetic loop


 shot #   =          1 time(ms) =          1 chi**2   =  0.000E+00
 betat(%) =      0.925 betap    =      0.586 li       =      0.873
 vol(cm3) =  0.927E+07 rout(cm) =    170.926 zout(cm) =     -0.342
 elong    =      1.397 utriang  =     -0.519 ltriang  =     -0.490
 a(cm)    =     44.883 lin(cm)  = ********** lout(cm) =      0.898
 ltop(cm) = ********** q*       =      3.046 rc(cm)   =    176.713
 zc(cm)   =      1.425 bt0(t)   =      2.000 qout     =      2.900
