NCAPTC: : NetCDF: Variable not found
Warning: ieee_overflow is signaling
Warning: ieee_underflow is signaling
Warning: ieee_inexact is signaling
FORTRAN STOP
 solver
 /global/common/software/atom/perlmutter/data/greentable/
 /global/common/software/atom/perlmutter/data/greentable/

          EFITD Version  07/09/2014


 type mode (2=file, 3=snap, 4=time, 5=input, 6=com file, 7=snap_ext):

 number of time slices?

 type input file names:
 #
 table_dir = </global/common/software/atom/perlmutter/data/greentable/>

  ----- time =     1 ms ----- ( 0)
 it=  1 chi2=0.00E+00 zm= 7.50E-03 err=4.533E+00 dz= 7.499E-03 chigam= 0.00E+00
 it=  2 chi2=0.00E+00 zm= 1.03E-02 err=9.671E-01 dz= 2.832E-03 chigam= 0.00E+00
 it=  3 chi2=0.00E+00 zm= 1.25E-02 err=5.255E-01 dz= 2.136E-03 chigam= 0.00E+00
 it=  4 chi2=0.00E+00 zm= 1.40E-02 err=2.854E-01 dz= 1.571E-03 chigam= 0.00E+00
 it=  5 chi2=0.00E+00 zm= 1.52E-02 err=1.560E-01 dz= 1.115E-03 chigam= 0.00E+00
 it=  6 chi2=0.00E+00 zm= 1.59E-02 err=8.778E-02 dz= 7.916E-04 chigam= 0.00E+00
 it=  7 chi2=0.00E+00 zm= 1.65E-02 err=5.010E-02 dz= 5.584E-04 chigam= 0.00E+00
 it=  8 chi2=0.00E+00 zm= 1.69E-02 err=2.884E-02 dz= 3.898E-04 chigam= 0.00E+00
 it=  9 chi2=0.00E+00 zm= 1.72E-02 err=1.806E-02 dz= 2.720E-04 chigam= 0.00E+00
 it= 10 chi2=0.00E+00 zm= 1.74E-02 err=1.113E-02 dz= 1.888E-04 chigam= 0.00E+00
 it= 11 chi2=0.00E+00 zm= 1.75E-02 err=7.227E-03 dz= 1.314E-04 chigam= 0.00E+00
 it= 12 chi2=0.00E+00 zm= 1.76E-02 err=5.715E-03 dz= 9.148E-05 chigam= 0.00E+00
 it= 13 chi2=0.00E+00 zm= 1.76E-02 err=3.434E-03 dz= 6.330E-05 chigam= 0.00E+00
 it= 14 chi2=0.00E+00 zm= 1.77E-02 err=2.373E-03 dz= 4.433E-05 chigam= 0.00E+00
 it= 15 chi2=0.00E+00 zm= 1.77E-02 err=1.353E-03 dz= 3.055E-05 chigam= 0.00E+00
 it= 16 chi2=0.00E+00 zm= 1.77E-02 err=8.266E-04 dz= 2.109E-05 chigam= 0.00E+00
 it= 17 chi2=0.00E+00 zm= 1.78E-02 err=5.229E-04 dz= 1.457E-05 chigam= 0.00E+00
 it= 18 chi2=0.00E+00 zm= 1.78E-02 err=5.798E-04 dz= 1.058E-05 chigam= 0.00E+00
 it= 19 chi2=0.00E+00 zm= 1.78E-02 err=2.348E-04 dz= 7.174E-06 chigam= 0.00E+00
 it= 20 chi2=0.00E+00 zm= 1.78E-02 err=9.039E-05 dz= 4.848E-06 chigam= 0.00E+00

      ******************** EFITD129 x 129  output ********************

       data used:   
  0 flux loops
  0 magnetic probes(i)
  0 full rogowski
  0 diamagnetic loop


 shot #   =          1 time(ms) =          1 chi**2   =  0.000E+00
 betat(%) =      1.003 betap    =      0.636 li       =      0.871
 vol(cm3) =  0.927E+07 rout(cm) =    170.934 zout(cm) =     -0.345
 elong    =      1.398 utriang  =     -0.519 ltriang  =     -0.490
 a(cm)    =     44.871 lin(cm)  = ********** lout(cm) =      0.902
 ltop(cm) = ********** q*       =      3.055 rc(cm)   =    177.029
 zc(cm)   =      1.403 bt0(t)   =      2.000 qout     =      2.885
