NCAPTC: : NetCDF: Variable not found
Warning: ieee_overflow is signaling
Warning: ieee_underflow is signaling
Warning: ieee_inexact is signaling
FORTRAN STOP
 solver
 /global/common/software/atom/perlmutter/data/greentable/
 /global/common/software/atom/perlmutter/data/greentable/

          EFITD Version  07/09/2014


 type mode (2=file, 3=snap, 4=time, 5=input, 6=com file, 7=snap_ext):

 number of time slices?

 type input file names:
 #
 table_dir = </global/common/software/atom/perlmutter/data/greentable/>

  ----- time =     1 ms ----- ( 0)
 it=  1 chi2=0.00E+00 zm= 7.53E-03 err=5.202E+00 dz= 7.535E-03 chigam= 0.00E+00
 it=  2 chi2=0.00E+00 zm= 1.07E-02 err=8.350E-01 dz= 3.188E-03 chigam= 0.00E+00
 it=  3 chi2=0.00E+00 zm= 1.31E-02 err=4.801E-01 dz= 2.416E-03 chigam= 0.00E+00
 it=  4 chi2=0.00E+00 zm= 1.50E-02 err=2.842E-01 dz= 1.834E-03 chigam= 0.00E+00
 it=  5 chi2=0.00E+00 zm= 1.64E-02 err=1.734E-01 dz= 1.409E-03 chigam= 0.00E+00
 it=  6 chi2=0.00E+00 zm= 1.75E-02 err=1.050E-01 dz= 1.072E-03 chigam= 0.00E+00
 it=  7 chi2=0.00E+00 zm= 1.83E-02 err=6.496E-02 dz= 8.146E-04 chigam= 0.00E+00
 it=  8 chi2=0.00E+00 zm= 1.89E-02 err=4.422E-02 dz= 6.195E-04 chigam= 0.00E+00
 it=  9 chi2=0.00E+00 zm= 1.94E-02 err=2.862E-02 dz= 4.638E-04 chigam= 0.00E+00
 it= 10 chi2=0.00E+00 zm= 1.97E-02 err=1.560E-02 dz= 3.431E-04 chigam= 0.00E+00
 it= 11 chi2=0.00E+00 zm= 2.00E-02 err=1.043E-02 dz= 2.543E-04 chigam= 0.00E+00
 it= 12 chi2=0.00E+00 zm= 2.01E-02 err=4.047E-03 dz= 1.838E-04 chigam= 0.00E+00
 it= 13 chi2=0.00E+00 zm= 2.03E-02 err=3.167E-03 dz= 1.348E-04 chigam= 0.00E+00
 it= 14 chi2=0.00E+00 zm= 2.04E-02 err=2.384E-03 dz= 9.869E-05 chigam= 0.00E+00
 it= 15 chi2=0.00E+00 zm= 2.04E-02 err=1.753E-03 dz= 7.219E-05 chigam= 0.00E+00
 it= 16 chi2=0.00E+00 zm= 2.05E-02 err=1.270E-03 dz= 5.275E-05 chigam= 0.00E+00
 it= 17 chi2=0.00E+00 zm= 2.05E-02 err=9.106E-04 dz= 3.853E-05 chigam= 0.00E+00
 it= 18 chi2=0.00E+00 zm= 2.06E-02 err=6.490E-04 dz= 2.813E-05 chigam= 0.00E+00
 it= 19 chi2=0.00E+00 zm= 2.06E-02 err=4.609E-04 dz= 2.053E-05 chigam= 0.00E+00
 it= 20 chi2=0.00E+00 zm= 2.06E-02 err=3.266E-04 dz= 1.498E-05 chigam= 0.00E+00
 it= 21 chi2=0.00E+00 zm= 2.06E-02 err=2.314E-04 dz= 1.093E-05 chigam= 0.00E+00
 it= 22 chi2=0.00E+00 zm= 2.06E-02 err=1.639E-04 dz= 7.978E-06 chigam= 0.00E+00
 it= 23 chi2=0.00E+00 zm= 2.06E-02 err=1.162E-04 dz= 5.822E-06 chigam= 0.00E+00
 it= 24 chi2=0.00E+00 zm= 2.06E-02 err=8.251E-05 dz= 4.248E-06 chigam= 0.00E+00

      ******************** EFITD129 x 129  output ********************

       data used:   
  0 flux loops
  0 magnetic probes(i)
  0 full rogowski
  0 diamagnetic loop


 shot #   =          1 time(ms) =          1 chi**2   =  0.000E+00
 betat(%) =      1.029 betap    =      0.517 li       =      0.862
 vol(cm3) =  0.774E+07 rout(cm) =    172.157 zout(cm) =      0.821
 elong    =      1.343 utriang  =     -0.373 ltriang  =     -0.309
 a(cm)    =     41.388 lin(cm)  = ********** lout(cm) =     10.631
 ltop(cm) = ********** q*       =      2.299 rc(cm)   =    176.411
 zc(cm)   =      1.830 bt0(t)   =      2.000 qout     =      2.198
