NCAPTC: : NetCDF: Variable not found
Warning: ieee_overflow is signaling
Warning: ieee_underflow is signaling
Warning: ieee_inexact is signaling
FORTRAN STOP
 solver
 /global/common/software/atom/perlmutter/data/greentable/
 /global/common/software/atom/perlmutter/data/greentable/

          EFITD Version  07/09/2014


 type mode (2=file, 3=snap, 4=time, 5=input, 6=com file, 7=snap_ext):

 number of time slices?

 type input file names:
 #
 table_dir = </global/common/software/atom/perlmutter/data/greentable/>

  ----- time =     0 ms ----- ( 0)
 it=  1 chi2=0.00E+00 zm= 7.53E-03 err=5.202E+00 dz= 7.535E-03 chigam= 0.00E+00
 it=  2 chi2=0.00E+00 zm= 1.07E-02 err=7.886E-01 dz= 3.178E-03 chigam= 0.00E+00
 it=  3 chi2=0.00E+00 zm= 1.31E-02 err=4.486E-01 dz= 2.397E-03 chigam= 0.00E+00
 it=  4 chi2=0.00E+00 zm= 1.49E-02 err=2.727E-01 dz= 1.836E-03 chigam= 0.00E+00
 it=  5 chi2=0.00E+00 zm= 1.64E-02 err=1.651E-01 dz= 1.406E-03 chigam= 0.00E+00
 it=  6 chi2=0.00E+00 zm= 1.74E-02 err=1.013E-01 dz= 1.083E-03 chigam= 0.00E+00
 it=  7 chi2=0.00E+00 zm= 1.83E-02 err=6.159E-02 dz= 8.242E-04 chigam= 0.00E+00
 it=  8 chi2=0.00E+00 zm= 1.89E-02 err=4.150E-02 dz= 6.317E-04 chigam= 0.00E+00
 it=  9 chi2=0.00E+00 zm= 1.94E-02 err=2.644E-02 dz= 4.808E-04 chigam= 0.00E+00
 it= 10 chi2=0.00E+00 zm= 1.97E-02 err=1.689E-02 dz= 3.603E-04 chigam= 0.00E+00
 it= 11 chi2=0.00E+00 zm= 2.00E-02 err=1.132E-02 dz= 2.701E-04 chigam= 0.00E+00
 it= 12 chi2=0.00E+00 zm= 2.02E-02 err=7.653E-03 dz= 2.017E-04 chigam= 0.00E+00
 it= 13 chi2=0.00E+00 zm= 2.04E-02 err=5.214E-03 dz= 1.502E-04 chigam= 0.00E+00
 it= 14 chi2=0.00E+00 zm= 2.05E-02 err=3.577E-03 dz= 1.116E-04 chigam= 0.00E+00
 it= 15 chi2=0.00E+00 zm= 2.05E-02 err=2.468E-03 dz= 8.275E-05 chigam= 0.00E+00
 it= 16 chi2=0.00E+00 zm= 2.06E-02 err=1.713E-03 dz= 6.126E-05 chigam= 0.00E+00
 it= 17 chi2=0.00E+00 zm= 2.07E-02 err=1.194E-03 dz= 4.529E-05 chigam= 0.00E+00
 it= 18 chi2=0.00E+00 zm= 2.07E-02 err=8.364E-04 dz= 3.345E-05 chigam= 0.00E+00
 it= 19 chi2=0.00E+00 zm= 2.07E-02 err=5.882E-04 dz= 2.469E-05 chigam= 0.00E+00
 it= 20 chi2=0.00E+00 zm= 2.07E-02 err=4.152E-04 dz= 1.821E-05 chigam= 0.00E+00
 it= 21 chi2=0.00E+00 zm= 2.07E-02 err=2.942E-04 dz= 1.342E-05 chigam= 0.00E+00
 it= 22 chi2=0.00E+00 zm= 2.08E-02 err=2.091E-04 dz= 9.891E-06 chigam= 0.00E+00
 it= 23 chi2=0.00E+00 zm= 2.08E-02 err=1.490E-04 dz= 7.286E-06 chigam= 0.00E+00
 it= 24 chi2=0.00E+00 zm= 2.08E-02 err=1.065E-04 dz= 5.366E-06 chigam= 0.00E+00
 it= 25 chi2=0.00E+00 zm= 2.08E-02 err=7.633E-05 dz= 3.952E-06 chigam= 0.00E+00

      ******************** EFITD129 x 129  output ********************

       data used:   
  0 flux loops
  0 magnetic probes(i)
  0 full rogowski
  0 diamagnetic loop


 shot #   =          1 time(ms) =          0 chi**2   =  0.000E+00
 betat(%) =      0.796 betap    =      0.397 li       =      0.863
 vol(cm3) =  0.769E+07 rout(cm) =    172.103 zout(cm) =      0.855
 elong    =      1.337 utriang  =     -0.343 ltriang  =     -0.311
 a(cm)    =     41.334 lin(cm)  = ********** lout(cm) =     10.739
 ltop(cm) = ********** q*       =      2.263 rc(cm)   =    175.722
 zc(cm)   =      1.825 bt0(t)   =      2.000 qout     =      2.177
