NCAPTC: : NetCDF: Variable not found
Warning: ieee_overflow is signaling
Warning: ieee_underflow is signaling
Warning: ieee_inexact is signaling
FORTRAN STOP
 solver
 /global/common/software/atom/perlmutter/data/greentable/
 /global/common/software/atom/perlmutter/data/greentable/

          EFITD Version  07/09/2014


 type mode (2=file, 3=snap, 4=time, 5=input, 6=com file, 7=snap_ext):

 number of time slices?

 type input file names:
 #
 table_dir = </global/common/software/atom/perlmutter/data/greentable/>

  ----- time =     1 ms ----- ( 0)
 it=  1 chi2=0.00E+00 zm= 7.53E-03 err=5.202E+00 dz= 7.535E-03 chigam= 0.00E+00
 it=  2 chi2=0.00E+00 zm= 1.07E-02 err=8.826E-01 dz= 3.152E-03 chigam= 0.00E+00
 it=  3 chi2=0.00E+00 zm= 1.30E-02 err=4.911E-01 dz= 2.350E-03 chigam= 0.00E+00
 it=  4 chi2=0.00E+00 zm= 1.48E-02 err=2.845E-01 dz= 1.766E-03 chigam= 0.00E+00
 it=  5 chi2=0.00E+00 zm= 1.61E-02 err=1.689E-01 dz= 1.341E-03 chigam= 0.00E+00
 it=  6 chi2=0.00E+00 zm= 1.72E-02 err=1.066E-01 dz= 1.028E-03 chigam= 0.00E+00
 it=  7 chi2=0.00E+00 zm= 1.79E-02 err=6.167E-02 dz= 7.669E-04 chigam= 0.00E+00
 it=  8 chi2=0.00E+00 zm= 1.85E-02 err=3.417E-02 dz= 5.674E-04 chigam= 0.00E+00
 it=  9 chi2=0.00E+00 zm= 1.89E-02 err=2.452E-02 dz= 4.227E-04 chigam= 0.00E+00
 it= 10 chi2=0.00E+00 zm= 1.92E-02 err=1.688E-02 dz= 3.088E-04 chigam= 0.00E+00
 it= 11 chi2=0.00E+00 zm= 1.95E-02 err=1.111E-02 dz= 2.230E-04 chigam= 0.00E+00
 it= 12 chi2=0.00E+00 zm= 1.96E-02 err=6.470E-03 dz= 1.617E-04 chigam= 0.00E+00
 it= 13 chi2=0.00E+00 zm= 1.97E-02 err=3.793E-03 dz= 1.169E-04 chigam= 0.00E+00
 it= 14 chi2=0.00E+00 zm= 1.98E-02 err=2.237E-03 dz= 8.440E-05 chigam= 0.00E+00
 it= 15 chi2=0.00E+00 zm= 1.99E-02 err=1.327E-03 dz= 6.084E-05 chigam= 0.00E+00
 it= 16 chi2=0.00E+00 zm= 1.99E-02 err=8.870E-04 dz= 4.382E-05 chigam= 0.00E+00
 it= 17 chi2=0.00E+00 zm= 2.00E-02 err=6.121E-04 dz= 3.154E-05 chigam= 0.00E+00
 it= 18 chi2=0.00E+00 zm= 2.00E-02 err=4.240E-04 dz= 2.270E-05 chigam= 0.00E+00
 it= 19 chi2=0.00E+00 zm= 2.00E-02 err=2.946E-04 dz= 1.633E-05 chigam= 0.00E+00
 it= 20 chi2=0.00E+00 zm= 2.00E-02 err=2.054E-04 dz= 1.175E-05 chigam= 0.00E+00
 it= 21 chi2=0.00E+00 zm= 2.00E-02 err=1.435E-04 dz= 8.457E-06 chigam= 0.00E+00
 it= 22 chi2=0.00E+00 zm= 2.00E-02 err=1.005E-04 dz= 6.089E-06 chigam= 0.00E+00
 it= 23 chi2=0.00E+00 zm= 2.00E-02 err=7.061E-05 dz= 4.383E-06 chigam= 0.00E+00

      ******************** EFITD129 x 129  output ********************

       data used:   
  0 flux loops
  0 magnetic probes(i)
  0 full rogowski
  0 diamagnetic loop


 shot #   =          1 time(ms) =          1 chi**2   =  0.000E+00
 betat(%) =      1.207 betap    =      0.612 li       =      0.858
 vol(cm3) =  0.780E+07 rout(cm) =    172.203 zout(cm) =      0.751
 elong    =      1.350 utriang  =     -0.371 ltriang  =     -0.307
 a(cm)    =     41.434 lin(cm)  = ********** lout(cm) =     10.539
 ltop(cm) = ********** q*       =      2.334 rc(cm)   =    177.008
 zc(cm)   =      1.804 bt0(t)   =      2.000 qout     =      2.218
