========================================================================
= FASTRAN

nonlinear model = 0
ichi = 1
ineo = 0
reading state...
read formatted input, inprof...
init geometry...
read formatted input, inmetric...
nrho in inmetric = 101
rhob in inmetric = 1.263987e+00
solve avg grad-shafranv...
solve_avg_gs::Ip_temp = 9.998662e+00 
solve_avg_gs::Ip      = 1.000000e+01 
>>> tau_he = 5.000000, nhe(0)=2.625391e+00

 plasma volume = 148.885150
 stored energy(e,i,b,a) = 5.866931e+01 5.588416e+01 0.000000e+00 0.000000e+00
 betan = 1.298818
*power
 Pnb(e,i) = 0.000000e+00 0.000000e+00
 Prf(e,i) = 1.239775e+01 2.761598e+01
 Prad     = -1.338548e+01 
 Pei      = -6.208605e-01 
 Pfuse    = 5.907896e+01 
 Pfusi    = 1.968530e+01 
 Poh      = 0.000000e+00 
*confinement time
 taut, tauITER98y2, H98y2 : 1.086922e+00 1.266539e+00 8.581830e-01
 taue, taui : 1.020862e+00 2.752079e+00
 taut, tau89, H89 : 1.086922e+00 6.724426e-01 1.616379e+00
*temperature
 nea, nebar : 1.865671e+01 2.142930e+01 
 tea, tia : 7.669858e+00 7.656122e+00 (1.001794e+00)
 te0, ti0 : 1.932520e+01 1.996913e+01 (9.677536e-01)
 Sn : 0.000000e+00 
*current balance
 Ip,Ibs,Inb,Irf: 1.000000e+01 2.019977e+00 0.000000e+00 3.273120e-01
 fni,fbs: 0.235 0.202

Time advancing...
rho_bdry 0.900000 ...
te_bdry = 3.746797
ti_bdry = 3.746714
ne_bdry = 14.498656
rv_bdry = 279.463030
nrho_tr_bdry = 18
drho_bdry = 0.000000e+00
nrhob = 90
 [    0] t = 0.0000 
>>> tau_he = 5.000000, nhe(0)=2.615165e+00
 5     -0.002   4.56e-03   1.38e-01   2.49e-03  -1.08e-02   0.00e+00 (  8.42e-01,  5.50e+01)
10      0.000   1.66e-03  -2.75e-03  -3.85e-04   2.29e-03   0.00e+00 (  4.29e-01,  1.07e+02)
15     -0.002   3.56e-04  -5.33e-03  -3.78e-03  -1.75e-02   0.00e+00 (  1.14e-01,  1.48e+02)
20      0.003   1.18e-02  -3.74e-02  -3.60e-03   2.42e-02   0.00e+00 (  4.38e+00,  1.79e+02)
25      0.031   8.52e-02  -1.08e-02   5.71e-03   2.90e-01   0.00e+00 (  3.49e+01,  2.07e+02)
30      0.046   1.50e-01   4.80e-02   2.88e-02   4.74e-01   0.00e+00 (  6.52e+01,  2.28e+02)
35      0.053   1.99e-01   1.15e-01   5.05e-02   5.92e-01   0.00e+00 (  8.74e+01,  2.42e+02)
40      0.064   2.55e-01   1.77e-01   6.34e-02   7.61e-01   0.00e+00 (  1.11e+02,  2.50e+02)
45      0.098   3.38e-01   3.26e-01   1.13e-01   1.23e+00   0.00e+00 (  1.40e+02,  2.53e+02)
50      0.148   4.39e-01   5.25e-01   2.49e-01   1.95e+00   0.00e+00 (  1.70e+02,  2.51e+02)
55      0.217   5.64e-01   8.23e-01   4.08e-01   2.99e+00   0.00e+00 (  2.04e+02,  2.45e+02)
60      0.274   6.71e-01   1.10e+00   6.39e-01   3.92e+00   0.00e+00 (  2.23e+02,  2.36e+02)
65      0.321   7.64e-01   1.36e+00   8.91e-01   4.71e+00   0.00e+00 (  2.31e+02,  2.26e+02)
70      0.348   8.42e-01   1.56e+00   1.11e+00   5.23e+00   0.00e+00 (  2.29e+02,  2.15e+02)
75      0.348   8.73e-01   1.64e+00   1.25e+00   5.37e+00   0.00e+00 (  2.10e+02,  2.04e+02)
80      0.331   8.33e-01   1.59e+00   1.24e+00   5.35e+00   0.00e+00 (  1.76e+02,  1.93e+02)
85      0.358   8.62e-01   1.56e+00   1.16e+00   6.99e+00   0.00e+00 (  1.62e+02,  1.83e+02)
90      0.622   1.37e+00   2.00e+00   1.30e+00   2.21e+01   0.00e+00 (  3.80e+02,  1.74e+02)
95      0.642   1.12e+00   1.61e+00   1.29e+00   4.06e+01   0.00e+00 (  5.90e+02,  1.65e+02)
 0 e: 1.417e-06 i: 1.260e-05 :: e: 0.000e+00 i: 0.000e+00 :: n: 2.762e+01 e:19.312 i:19.866 v:4.993e+03
>>> tau_he = 5.000000, nhe(0)=2.602821e+00
 5     -0.002   5.20e-03   2.21e-01   3.31e-03  -8.09e-03   0.00e+00 (  9.24e-01,  5.50e+01)
10      0.001   2.74e-03  -3.63e-03  -4.13e-04   3.11e-03   0.00e+00 (  7.10e-01,  1.07e+02)
15     -0.003   3.56e-04  -5.52e-03  -4.18e-03  -1.89e-02   0.00e+00 (  1.16e-01,  1.48e+02)
20      0.002   1.06e-02  -3.55e-02  -3.80e-03   1.63e-02   0.00e+00 (  3.98e+00,  1.79e+02)
25      0.033   8.76e-02  -9.53e-03   6.18e-03   3.02e-01   0.00e+00 (  3.61e+01,  2.07e+02)
30      0.047   1.51e-01   5.04e-02   2.94e-02   4.85e-01   0.00e+00 (  6.56e+01,  2.28e+02)
35      0.053   2.00e-01   1.17e-01   4.70e-02   5.92e-01   0.00e+00 (  8.83e+01,  2.42e+02)
40      0.087   2.95e-01   2.56e-01   7.76e-02   1.04e+00   0.00e+00 (  1.29e+02,  2.50e+02)
45      0.101   3.44e-01   3.37e-01   1.21e-01   1.28e+00   0.00e+00 (  1.43e+02,  2.53e+02)
50      0.154   4.49e-01   5.62e-01   2.64e-01   2.04e+00   0.00e+00 (  1.75e+02,  2.51e+02)
55      0.218   5.64e-01   8.31e-01   4.12e-01   3.00e+00   0.00e+00 (  2.03e+02,  2.45e+02)
60      0.269   6.66e-01   1.09e+00   6.35e-01   3.84e+00   0.00e+00 (  2.20e+02,  2.36e+02)
65      0.307   7.52e-01   1.32e+00   8.60e-01   4.51e+00   0.00e+00 (  2.26e+02,  2.26e+02)
70      0.345   8.35e-01   1.54e+00   1.10e+00   5.19e+00   0.00e+00 (  2.25e+02,  2.15e+02)
75      0.348   8.69e-01   1.63e+00   1.24e+00   5.35e+00   0.00e+00 (  2.07e+02,  2.04e+02)
80      0.320   8.30e-01   1.58e+00   1.22e+00   5.17e+00   0.00e+00 (  1.79e+02,  1.93e+02)
85      0.357   8.77e-01   1.60e+00   1.20e+00   6.99e+00   0.00e+00 (  1.76e+02,  1.83e+02)
90      0.619   1.36e+00   1.97e+00   1.28e+00   2.20e+01   0.00e+00 (  3.48e+02,  1.74e+02)
95      0.642   1.12e+00   1.61e+00   1.29e+00   4.06e+01   0.00e+00 (  5.90e+02,  1.65e+02)
 1 e: 6.557e-02 i: 2.888e-01 :: e: 1.136e-02 i: 2.107e-02 :: n: 2.762e+01 e:26.043 i:32.921 v:4.993e+03
>>> tau_he = 5.000000, nhe(0)=3.553513e+00
 5     -0.012   1.74e-02   8.05e-01   5.81e-03  -5.75e-02   0.00e+00 (  5.04e+00,  5.50e+01)
10     -0.066   1.42e-01   2.64e-02   1.98e-02  -3.93e-01   0.00e+00 (  9.92e+01,  1.07e+02)
15     -0.247   6.19e-01   7.41e-01   3.35e-01  -1.76e+00   0.00e+00 (  6.34e+02,  1.48e+02)
20      0.030   5.72e-01   6.55e-01   4.02e-01   2.49e-01   0.00e+00 (  6.00e+02,  1.79e+02)
25      0.627   6.22e-01   6.83e-01   4.12e-01   5.82e+00   0.00e+00 (  5.16e+02,  2.07e+02)
30      0.545   5.46e-01   6.21e-01   3.56e-01   5.57e+00   0.00e+00 (  3.90e+02,  2.28e+02)
35      0.316   4.46e-01   6.05e-01   2.79e-01   3.51e+00   0.00e+00 (  2.91e+02,  2.42e+02)
40      0.295   4.53e-01   7.58e-01   3.01e-01   3.51e+00   0.00e+00 (  2.64e+02,  2.50e+02)
45      0.301   5.17e-01   9.82e-01   4.11e-01   3.80e+00   0.00e+00 (  2.57e+02,  2.53e+02)
50      0.246   5.49e-01   1.10e+00   4.80e-01   3.26e+00   0.00e+00 (  2.27e+02,  2.51e+02)
55      0.188   5.41e-01   1.03e+00   5.16e-01   2.59e+00   0.00e+00 (  1.85e+02,  2.45e+02)
60      0.155   5.50e-01   9.57e-01   5.34e-01   2.21e+00   0.00e+00 (  1.61e+02,  2.36e+02)
65      0.116   5.20e-01   7.92e-01   4.97e-01   1.71e+00   0.00e+00 (  1.33e+02,  2.26e+02)
70      0.176   6.29e-01   1.06e+00   7.31e-01   2.64e+00   0.00e+00 (  1.45e+02,  2.15e+02)
75      0.177   6.69e-01   1.11e+00   8.22e-01   2.73e+00   0.00e+00 (  1.43e+02,  2.04e+02)
80      0.157   6.79e-01   1.07e+00   7.94e-01   2.53e+00   0.00e+00 (  1.42e+02,  1.93e+02)
85      0.239   7.09e-01   1.15e+00   8.12e-01   4.66e+00   0.00e+00 (  1.30e+02,  1.83e+02)
90      0.592   1.35e+00   1.88e+00   1.19e+00   2.11e+01   0.00e+00 (  3.16e+02,  1.74e+02)
95      0.642   1.12e+00   1.61e+00   1.29e+00   4.06e+01   0.00e+00 (  5.90e+02,  1.65e+02)
 2 e: 4.108e-02 i: 1.420e-02 :: e: 3.519e-01 i: 4.393e-01 :: n: 2.762e+01 e:30.025 i:37.459 v:4.993e+03
>>> tau_he = 5.000000, nhe(0)=3.731687e+00
 5     -0.048   2.44e-02   8.48e-01   8.37e-03  -2.26e-01   0.00e+00 (  1.32e+01,  5.50e+01)
10     -0.845   1.76e-01   1.77e-02  -3.93e-02  -5.04e+00   0.00e+00 (  1.90e+02,  1.07e+02)
15     -0.556   8.44e-01   1.09e+00   6.66e-01  -3.98e+00   0.00e+00 (  1.04e+03,  1.48e+02)
20     -0.222   7.88e-01   9.37e-01   7.72e-01  -1.83e+00   0.00e+00 (  1.01e+03,  1.79e+02)
25      0.658   7.45e-01   8.27e-01   7.26e-01   6.10e+00   0.00e+00 (  8.20e+02,  2.07e+02)
30      0.591   5.83e-01   6.27e-01   5.46e-01   6.05e+00   0.00e+00 (  5.65e+02,  2.28e+02)
35      0.335   4.59e-01   5.71e-01   3.79e-01   3.71e+00   0.00e+00 (  3.94e+02,  2.42e+02)
40      0.256   4.45e-01   6.33e-01   2.86e-01   3.04e+00   0.00e+00 (  3.17e+02,  2.50e+02)
45      0.217   4.60e-01   7.20e-01   2.78e-01   2.73e+00   0.00e+00 (  2.56e+02,  2.53e+02)
50      0.216   4.98e-01   8.74e-01   3.76e-01   2.86e+00   0.00e+00 (  2.12e+02,  2.51e+02)
55      0.179   4.86e-01   8.42e-01   4.27e-01   2.47e+00   0.00e+00 (  1.59e+02,  2.45e+02)
60      0.127   4.12e-01   6.50e-01   3.74e-01   1.81e+00   0.00e+00 (  1.09e+02,  2.36e+02)
65      0.135   4.20e-01   6.66e-01   4.21e-01   1.98e+00   0.00e+00 (  9.23e+01,  2.26e+02)
70      0.197   5.12e-01   9.01e-01   6.26e-01   2.96e+00   0.00e+00 (  9.64e+01,  2.15e+02)
75      0.209   5.44e-01   9.68e-01   7.17e-01   3.22e+00   0.00e+00 (  9.27e+01,  2.04e+02)
80      0.203   5.54e-01   9.81e-01   7.39e-01   3.28e+00   0.00e+00 (  9.03e+01,  1.93e+02)
85      0.271   6.45e-01   1.12e+00   7.98e-01   5.31e+00   0.00e+00 (  9.10e+01,  1.83e+02)
90      0.595   1.36e+00   1.87e+00   1.19e+00   2.12e+01   0.00e+00 (  2.95e+02,  1.74e+02)
95      0.642   1.12e+00   1.61e+00   1.29e+00   4.06e+01   0.00e+00 (  5.90e+02,  1.65e+02)
 3 e: 2.263e-02 i: 1.451e-02 :: e: 4.326e-01 i: 4.655e-01 :: n: 2.762e+01 e:28.904 i:38.418 v:4.993e+03
>>> tau_he = 5.000000, nhe(0)=3.766414e+00
 5     -0.059   2.52e-02   7.43e-01   6.59e-03  -2.77e-01   0.00e+00 (  1.44e+01,  5.50e+01)
10     -0.731   2.22e-01   6.18e-02  -7.49e-02  -4.36e+00   0.00e+00 (  2.20e+02,  1.07e+02)
15      0.072   8.07e-01   9.33e-01   3.91e-01   5.18e-01   0.00e+00 (  7.51e+02,  1.48e+02)
20      0.163   7.35e-01   8.20e-01   5.09e-01   1.34e+00   0.00e+00 (  7.33e+02,  1.79e+02)
25      0.727   8.00e-01   8.77e-01   6.05e-01   6.75e+00   0.00e+00 (  7.72e+02,  2.07e+02)
30      0.710   7.03e-01   7.48e-01   5.89e-01   7.27e+00   0.00e+00 (  6.57e+02,  2.28e+02)
35      0.562   5.35e-01   6.04e-01   4.88e-01   6.24e+00   0.00e+00 (  4.72e+02,  2.42e+02)
40      0.327   4.96e-01   6.87e-01   3.42e-01   3.89e+00   0.00e+00 (  3.74e+02,  2.50e+02)
45      0.294   5.23e-01   8.70e-01   2.39e-01   3.70e+00   0.00e+00 (  3.14e+02,  2.53e+02)
50      0.262   5.61e-01   1.03e+00   4.50e-01   3.47e+00   0.00e+00 (  2.60e+02,  2.51e+02)
55      0.216   5.59e-01   1.04e+00   5.25e-01   2.98e+00   0.00e+00 (  2.02e+02,  2.45e+02)
60      0.195   5.51e-01   1.01e+00   5.81e-01   2.79e+00   0.00e+00 (  1.61e+02,  2.36e+02)
65      0.152   4.91e-01   8.23e-01   5.26e-01   2.24e+00   0.00e+00 (  1.19e+02,  2.26e+02)
70      0.201   5.65e-01   1.01e+00   7.00e-01   3.02e+00   0.00e+00 (  1.16e+02,  2.15e+02)
75      0.200   5.77e-01   1.02e+00   7.54e-01   3.09e+00   0.00e+00 (  1.06e+02,  2.04e+02)
80      0.186   5.71e-01   9.81e-01   7.28e-01   3.00e+00   0.00e+00 (  9.97e+01,  1.93e+02)
85      0.251   6.25e-01   1.07e+00   7.55e-01   4.91e+00   0.00e+00 (  9.31e+01,  1.83e+02)
90      0.589   1.35e+00   1.86e+00   1.17e+00   2.10e+01   0.00e+00 (  2.97e+02,  1.74e+02)
95      0.642   1.12e+00   1.61e+00   1.29e+00   4.06e+01   0.00e+00 (  5.90e+02,  1.65e+02)
 4 e: 9.858e-03 i: 1.373e-02 :: e: 3.654e-01 i: 3.814e-01 :: n: 2.762e+01 e:27.907 i:37.041 v:4.993e+03
>>> tau_he = 5.000000, nhe(0)=3.728453e+00
 5     -0.064   2.43e-02   6.69e-01   7.40e-03  -3.04e-01   0.00e+00 (  1.47e+01,  5.50e+01)
10     -0.567   2.13e-01   6.32e-02  -7.77e-02  -3.38e+00   0.00e+00 (  1.95e+02,  1.07e+02)
15     -0.149   2.19e-01   6.17e-02  -5.93e-02  -1.06e+00   0.00e+00 (  1.71e+02,  1.48e+02)
20     -0.092   2.49e-01   1.80e-01  -6.31e-03  -7.63e-01   0.00e+00 (  2.09e+02,  1.79e+02)
25      0.585   6.98e-01   7.49e-01   4.37e-01   5.43e+00   0.00e+00 (  5.89e+02,  2.07e+02)
30      0.670   6.52e-01   7.09e-01   4.72e-01   6.85e+00   0.00e+00 (  5.59e+02,  2.28e+02)
35      0.495   5.37e-01   6.01e-01   4.22e-01   5.50e+00   0.00e+00 (  4.60e+02,  2.42e+02)
40      0.298   5.02e-01   6.72e-01   3.06e-01   3.54e+00   0.00e+00 (  3.82e+02,  2.50e+02)
45      0.243   5.11e-01   7.75e-01   2.42e-01   3.06e+00   0.00e+00 (  3.15e+02,  2.53e+02)
50      0.255   5.68e-01   9.76e-01   4.14e-01   3.37e+00   0.00e+00 (  2.75e+02,  2.51e+02)
55      0.219   5.82e-01   1.02e+00   5.10e-01   3.02e+00   0.00e+00 (  2.22e+02,  2.45e+02)
60      0.208   5.84e-01   1.04e+00   6.00e-01   2.97e+00   0.00e+00 (  1.81e+02,  2.36e+02)
65      0.173   5.33e-01   8.99e-01   5.79e-01   2.54e+00   0.00e+00 (  1.37e+02,  2.26e+02)
70      0.222   6.09e-01   1.09e+00   7.61e-01   3.34e+00   0.00e+00 (  1.32e+02,  2.15e+02)
75      0.223   6.22e-01   1.11e+00   8.25e-01   3.44e+00   0.00e+00 (  1.20e+02,  2.04e+02)
80      0.208   6.17e-01   1.08e+00   8.11e-01   3.36e+00   0.00e+00 (  1.11e+02,  1.93e+02)
85      0.274   6.65e-01   1.16e+00   8.36e-01   5.36e+00   0.00e+00 (  1.01e+02,  1.83e+02)
90      0.596   1.36e+00   1.88e+00   1.19e+00   2.12e+01   0.00e+00 (  2.98e+02,  1.74e+02)
95      0.642   1.12e+00   1.61e+00   1.29e+00   4.06e+01   0.00e+00 (  5.90e+02,  1.65e+02)
 5 e: 5.449e-03 i: 1.284e-02 :: e: 2.300e-01 i: 2.666e-01 :: n: 2.762e+01 e:27.481 i:36.569 v:4.993e+03
>>> tau_he = 5.000000, nhe(0)=3.712297e+00
 5     -0.064   2.39e-02   6.58e-01   7.64e-03  -3.03e-01   0.00e+00 (  1.48e+01,  5.50e+01)
10     -0.472   2.07e-01   5.48e-02  -8.55e-02  -2.82e+00   0.00e+00 (  1.79e+02,  1.07e+02)
15      0.415   7.62e-01   8.08e-01   2.79e-01   2.97e+00   0.00e+00 (  5.85e+02,  1.48e+02)
20      0.315   6.37e-01   7.07e-01   3.17e-01   2.60e+00   0.00e+00 (  5.15e+02,  1.79e+02)
25      0.496   6.18e-01   6.55e-01   3.42e-01   4.61e+00   0.00e+00 (  4.67e+02,  2.07e+02)
30      0.547   6.22e-01   6.57e-01   3.66e-01   5.59e+00   0.00e+00 (  4.81e+02,  2.28e+02)
35      0.443   5.38e-01   5.96e-01   3.62e-01   4.92e+00   0.00e+00 (  4.30e+02,  2.42e+02)
40      0.277   5.02e-01   6.87e-01   2.95e-01   3.29e+00   0.00e+00 (  3.68e+02,  2.50e+02)
45      0.269   5.43e-01   8.48e-01   2.86e-01   3.39e+00   0.00e+00 (  3.32e+02,  2.53e+02)
50      0.256   5.86e-01   9.94e-01   4.19e-01   3.39e+00   0.00e+00 (  2.87e+02,  2.51e+02)
55      0.227   6.11e-01   1.07e+00   5.29e-01   3.14e+00   0.00e+00 (  2.41e+02,  2.45e+02)
60      0.220   6.27e-01   1.12e+00   6.43e-01   3.15e+00   0.00e+00 (  2.05e+02,  2.36e+02)
65      0.225   6.45e-01   1.16e+00   7.47e-01   3.30e+00   0.00e+00 (  1.79e+02,  2.26e+02)
70      0.234   6.66e-01   1.20e+00   8.37e-01   3.52e+00   0.00e+00 (  1.56e+02,  2.15e+02)
75      0.232   6.79e-01   1.21e+00   9.01e-01   3.57e+00   0.00e+00 (  1.41e+02,  2.04e+02)
80      0.212   6.70e-01   1.17e+00   8.79e-01   3.43e+00   0.00e+00 (  1.31e+02,  1.93e+02)
85      0.281   6.94e-01   1.22e+00   8.88e-01   5.49e+00   0.00e+00 (  1.13e+02,  1.83e+02)
90      0.598   1.36e+00   1.89e+00   1.20e+00   2.13e+01   0.00e+00 (  3.03e+02,  1.74e+02)
95      0.642   1.12e+00   1.61e+00   1.29e+00   4.06e+01   0.00e+00 (  5.90e+02,  1.65e+02)
 6 e: 4.752e-03 i: 5.284e-03 :: e: 2.280e-01 i: 2.255e-01 :: n: 2.762e+01 e:26.546 i:35.717 v:4.993e+03
>>> tau_he = 5.000000, nhe(0)=3.683909e+00
 5     -0.068   2.34e-02   6.15e-01   7.54e-03  -3.22e-01   0.00e+00 (  1.47e+01,  5.50e+01)
10     -0.406   2.15e-01   6.27e-02  -8.73e-02  -2.42e+00   0.00e+00 (  1.74e+02,  1.07e+02)
15      0.013   3.03e-01   2.37e-01  -2.43e-01   9.28e-02   0.00e+00 (  2.04e+02,  1.48e+02)
20      0.060   2.25e-01   1.66e-01  -7.79e-03   4.95e-01   0.00e+00 (  1.61e+02,  1.79e+02)
25      0.405   5.50e-01   5.75e-01   2.69e-01   3.76e+00   0.00e+00 (  3.83e+02,  2.07e+02)
30      0.452   5.51e-01   5.88e-01   3.23e-01   4.63e+00   0.00e+00 (  3.95e+02,  2.28e+02)
35      0.302   5.00e-01   6.04e-01   2.91e-01   3.36e+00   0.00e+00 (  3.75e+02,  2.42e+02)
40      0.253   4.97e-01   6.66e-01   2.47e-01   3.01e+00   0.00e+00 (  3.49e+02,  2.50e+02)
45      0.249   5.41e-01   8.13e-01   2.93e-01   3.14e+00   0.00e+00 (  3.22e+02,  2.53e+02)
50      0.247   5.82e-01   9.53e-01   3.96e-01   3.27e+00   0.00e+00 (  2.82e+02,  2.51e+02)
55      0.228   6.15e-01   1.05e+00   5.16e-01   3.15e+00   0.00e+00 (  2.44e+02,  2.45e+02)
60      0.227   6.41e-01   1.12e+00   6.45e-01   3.24e+00   0.00e+00 (  2.14e+02,  2.36e+02)
65      0.235   6.69e-01   1.19e+00   7.68e-01   3.46e+00   0.00e+00 (  1.90e+02,  2.26e+02)
70      0.247   6.99e-01   1.25e+00   8.76e-01   3.71e+00   0.00e+00 (  1.69e+02,  2.15e+02)
75      0.246   7.17e-01   1.28e+00   9.55e-01   3.79e+00   0.00e+00 (  1.56e+02,  2.04e+02)
80      0.230   7.05e-01   1.26e+00   9.50e-01   3.71e+00   0.00e+00 (  1.43e+02,  1.93e+02)
85      0.295   7.28e-01   1.29e+00   9.50e-01   5.77e+00   0.00e+00 (  1.24e+02,  1.83e+02)
90      0.603   1.36e+00   1.90e+00   1.22e+00   2.15e+01   0.00e+00 (  3.07e+02,  1.74e+02)
95      0.642   1.12e+00   1.61e+00   1.29e+00   4.06e+01   0.00e+00 (  5.90e+02,  1.65e+02)
 7 e: 1.308e-03 i: 3.442e-03 :: e: 1.238e-01 i: 1.446e-01 :: n: 2.762e+01 e:26.351 i:35.214 v:4.993e+03
>>> tau_he = 5.000000, nhe(0)=3.665662e+00
 5     -0.068   2.30e-02   6.04e-01   7.72e-03  -3.19e-01   0.00e+00 (  1.47e+01,  5.50e+01)
10     -0.364   2.11e-01   5.65e-02  -8.41e-02  -2.17e+00   0.00e+00 (  1.65e+02,  1.07e+02)
15     -0.011   2.28e-01   1.30e-01  -4.75e-02  -7.54e-02   0.00e+00 (  1.52e+02,  1.48e+02)
20      0.006   2.29e-01   1.82e-01  -2.61e-03   4.63e-02   0.00e+00 (  1.63e+02,  1.79e+02)
25      0.107   2.51e-01   2.31e-01   6.87e-03   9.92e-01   0.00e+00 (  1.67e+02,  2.07e+02)
30      0.398   5.12e-01   5.52e-01   2.93e-01   4.08e+00   0.00e+00 (  3.49e+02,  2.28e+02)
35      0.270   4.80e-01   5.93e-01   2.81e-01   3.00e+00   0.00e+00 (  3.44e+02,  2.42e+02)
40      0.237   4.90e-01   6.62e-01   2.33e-01   2.82e+00   0.00e+00 (  3.33e+02,  2.50e+02)
45      0.240   5.40e-01   8.10e-01   3.13e-01   3.02e+00   0.00e+00 (  3.15e+02,  2.53e+02)
50      0.241   5.85e-01   9.51e-01   3.96e-01   3.19e+00   0.00e+00 (  2.82e+02,  2.51e+02)
55      0.228   6.25e-01   1.06e+00   5.16e-01   3.14e+00   0.00e+00 (  2.50e+02,  2.45e+02)
60      0.230   6.58e-01   1.15e+00   6.58e-01   3.28e+00   0.00e+00 (  2.24e+02,  2.36e+02)
65      0.239   6.92e-01   1.23e+00   7.91e-01   3.51e+00   0.00e+00 (  2.03e+02,  2.26e+02)
70      0.250   7.27e-01   1.30e+00   9.09e-01   3.76e+00   0.00e+00 (  1.83e+02,  2.15e+02)
75      0.249   7.48e-01   1.34e+00   9.94e-01   3.83e+00   0.00e+00 (  1.69e+02,  2.04e+02)
80      0.232   7.36e-01   1.31e+00   9.92e-01   3.75e+00   0.00e+00 (  1.57e+02,  1.93e+02)
85      0.299   7.48e-01   1.33e+00   9.85e-01   5.85e+00   0.00e+00 (  1.33e+02,  1.83e+02)
90      0.605   1.36e+00   1.91e+00   1.22e+00   2.15e+01   0.00e+00 (  3.11e+02,  1.74e+02)
95      0.642   1.12e+00   1.61e+00   1.29e+00   4.06e+01   0.00e+00 (  5.90e+02,  1.65e+02)
 8 e: 9.670e-04 i: 2.819e-03 :: e: 9.503e-02 i: 1.259e-01 :: n: 2.762e+01 e:26.092 i:35.317 v:4.993e+03
>>> tau_he = 5.000000, nhe(0)=3.668651e+00
 5     -0.068   2.32e-02   6.13e-01   7.77e-03  -3.20e-01   0.00e+00 (  1.49e+01,  5.50e+01)
10     -0.238   2.02e-01   4.62e-02  -9.24e-02  -1.42e+00   0.00e+00 (  1.53e+02,  1.07e+02)
15      0.500   7.31e-01   7.27e-01   2.21e-01   3.58e+00   0.00e+00 (  4.88e+02,  1.48e+02)
20      0.340   5.78e-01   6.32e-01   2.46e-01   2.80e+00   0.00e+00 (  4.13e+02,  1.79e+02)
25      0.382   5.07e-01   5.41e-01   2.48e-01   3.54e+00   0.00e+00 (  3.39e+02,  2.07e+02)
30      0.356   4.76e-01   5.19e-01   2.63e-01   3.64e+00   0.00e+00 (  3.14e+02,  2.28e+02)
35      0.247   4.69e-01   5.69e-01   2.54e-01   2.74e+00   0.00e+00 (  3.22e+02,  2.42e+02)
40      0.215   4.87e-01   6.29e-01   2.44e-01   2.56e+00   0.00e+00 (  3.18e+02,  2.50e+02)
45      0.226   5.26e-01   7.76e-01   3.21e-01   2.85e+00   0.00e+00 (  2.97e+02,  2.53e+02)
50      0.233   5.72e-01   9.11e-01   3.79e-01   3.08e+00   0.00e+00 (  2.70e+02,  2.51e+02)
55      0.225   6.18e-01   1.03e+00   5.01e-01   3.10e+00   0.00e+00 (  2.44e+02,  2.45e+02)
60      0.231   6.56e-01   1.13e+00   6.49e-01   3.30e+00   0.00e+00 (  2.22e+02,  2.36e+02)
65      0.242   6.95e-01   1.23e+00   7.90e-01   3.56e+00   0.00e+00 (  2.04e+02,  2.26e+02)
70      0.255   7.36e-01   1.31e+00   9.17e-01   3.83e+00   0.00e+00 (  1.86e+02,  2.15e+02)
75      0.254   7.60e-01   1.36e+00   1.01e+00   3.92e+00   0.00e+00 (  1.74e+02,  2.04e+02)
80      0.240   7.52e-01   1.34e+00   1.02e+00   3.87e+00   0.00e+00 (  1.62e+02,  1.93e+02)
85      0.307   7.63e-01   1.36e+00   1.01e+00   6.00e+00   0.00e+00 (  1.38e+02,  1.83e+02)
90      0.607   1.37e+00   1.92e+00   1.23e+00   2.16e+01   0.00e+00 (  3.12e+02,  1.74e+02)
95      0.642   1.12e+00   1.61e+00   1.29e+00   4.06e+01   0.00e+00 (  5.90e+02,  1.65e+02)
 9 e: 1.817e-03 i: 3.013e-03 :: e: 1.330e-01 i: 1.292e-01 :: n: 2.762e+01 e:25.695 i:34.854 v:4.993e+03
>>> tau_he = 5.000000, nhe(0)=3.652380e+00
 5     -0.072   2.30e-02   5.86e-01   7.68e-03  -3.39e-01   0.00e+00 (  1.50e+01,  5.50e+01)
10     -0.194   2.10e-01   5.80e-02  -8.27e-02  -1.16e+00   0.00e+00 (  1.53e+02,  1.07e+02)
15      0.025   2.22e-01   1.23e-01  -4.22e-02   1.81e-01   0.00e+00 (  1.36e+02,  1.48e+02)
20      0.060   2.15e-01   1.67e-01  -1.13e-02   4.92e-01   0.00e+00 (  1.43e+02,  1.79e+02)
25      0.110   2.41e-01   2.26e-01   4.00e-03   1.02e+00   0.00e+00 (  1.56e+02,  2.07e+02)
30      0.337   4.62e-01   5.06e-01   2.51e-01   3.45e+00   0.00e+00 (  2.99e+02,  2.28e+02)
35      0.239   4.63e-01   5.62e-01   2.57e-01   2.65e+00   0.00e+00 (  3.12e+02,  2.42e+02)
40      0.217   4.74e-01   6.33e-01   2.29e-01   2.58e+00   0.00e+00 (  3.04e+02,  2.50e+02)
45      0.226   5.22e-01   7.67e-01   3.25e-01   2.84e+00   0.00e+00 (  2.91e+02,  2.53e+02)
50      0.231   5.71e-01   9.06e-01   3.77e-01   3.06e+00   0.00e+00 (  2.67e+02,  2.51e+02)
55      0.226   6.20e-01   1.03e+00   5.02e-01   3.12e+00   0.00e+00 (  2.45e+02,  2.45e+02)
60      0.233   6.61e-01   1.14e+00   6.53e-01   3.33e+00   0.00e+00 (  2.25e+02,  2.36e+02)
65      0.245   7.02e-01   1.25e+00   7.98e-01   3.59e+00   0.00e+00 (  2.08e+02,  2.26e+02)
70      0.257   7.46e-01   1.33e+00   9.29e-01   3.86e+00   0.00e+00 (  1.91e+02,  2.15e+02)
75      0.256   7.72e-01   1.38e+00   1.03e+00   3.94e+00   0.00e+00 (  1.79e+02,  2.04e+02)
80      0.241   7.64e-01   1.36e+00   1.04e+00   3.90e+00   0.00e+00 (  1.67e+02,  1.93e+02)
85      0.309   7.72e-01   1.38e+00   1.03e+00   6.04e+00   0.00e+00 (  1.42e+02,  1.83e+02)
90      0.608   1.37e+00   1.92e+00   1.23e+00   2.16e+01   0.00e+00 (  3.14e+02,  1.74e+02)
95      0.642   1.12e+00   1.61e+00   1.29e+00   4.06e+01   0.00e+00 (  5.90e+02,  1.65e+02)
10 e: 4.105e-04 i: 1.938e-03 :: e: 8.043e-02 i: 9.924e-02 :: n: 2.762e+01 e:25.621 i:34.842 v:4.993e+03
>>> tau_he = 5.000000, nhe(0)=3.651457e+00
 5     -0.071   2.30e-02   5.93e-01   7.91e-03  -3.33e-01   0.00e+00 (  1.51e+01,  5.50e+01)
10     -0.182   2.04e-01   4.92e-02  -7.55e-02  -1.09e+00   0.00e+00 (  1.46e+02,  1.07e+02)
15      0.521   6.79e-01   7.19e-01   1.84e-01   3.73e+00   0.00e+00 (  4.20e+02,  1.48e+02)
20      0.340   5.58e-01   5.98e-01   2.20e-01   2.81e+00   0.00e+00 (  3.77e+02,  1.79e+02)
25      0.377   4.93e-01   5.28e-01   2.41e-01   3.50e+00   0.00e+00 (  3.24e+02,  2.07e+02)
30      0.321   4.46e-01   4.89e-01   2.39e-01   3.28e+00   0.00e+00 (  2.85e+02,  2.28e+02)
35      0.228   4.47e-01   5.49e-01   2.38e-01   2.53e+00   0.00e+00 (  2.94e+02,  2.42e+02)
40      0.206   4.67e-01   6.20e-01   2.16e-01   2.45e+00   0.00e+00 (  2.93e+02,  2.50e+02)
45      0.217   5.14e-01   7.51e-01   3.18e-01   2.74e+00   0.00e+00 (  2.82e+02,  2.53e+02)
50      0.225   5.67e-01   8.90e-01   3.73e-01   2.97e+00   0.00e+00 (  2.63e+02,  2.51e+02)
55      0.224   6.17e-01   1.02e+00   4.97e-01   3.08e+00   0.00e+00 (  2.42e+02,  2.45e+02)
60      0.232   6.60e-01   1.14e+00   6.50e-01   3.32e+00   0.00e+00 (  2.24e+02,  2.36e+02)
65      0.245   7.03e-01   1.24e+00   7.97e-01   3.59e+00   0.00e+00 (  2.08e+02,  2.26e+02)
70      0.257   7.49e-01   1.33e+00   9.30e-01   3.86e+00   0.00e+00 (  1.93e+02,  2.15e+02)
75      0.256   7.76e-01   1.39e+00   1.03e+00   3.95e+00   0.00e+00 (  1.81e+02,  2.04e+02)
80      0.243   7.69e-01   1.37e+00   1.04e+00   3.93e+00   0.00e+00 (  1.69e+02,  1.93e+02)
85      0.311   7.78e-01   1.39e+00   1.04e+00   6.09e+00   0.00e+00 (  1.44e+02,  1.83e+02)
90      0.609   1.37e+00   1.92e+00   1.24e+00   2.17e+01   0.00e+00 (  3.15e+02,  1.74e+02)
95      0.642   1.12e+00   1.61e+00   1.29e+00   4.06e+01   0.00e+00 (  5.90e+02,  1.65e+02)
11 e: 1.100e-03 i: 2.524e-03 :: e: 1.077e-01 i: 1.060e-01 :: n: 2.762e+01 e:25.248 i:34.442 v:4.993e+03
>>> tau_he = 5.000000, nhe(0)=3.636747e+00
 5     -0.073   2.27e-02   5.70e-01   7.60e-03  -3.46e-01   0.00e+00 (  1.50e+01,  5.50e+01)
10     -0.236   2.13e-01   5.81e-02  -7.89e-02  -1.41e+00   0.00e+00 (  1.48e+02,  1.07e+02)
15      0.044   2.16e-01   1.17e-01  -3.60e-02   3.12e-01   0.00e+00 (  1.25e+02,  1.48e+02)
20      0.070   2.10e-01   1.61e-01  -8.62e-03   5.79e-01   0.00e+00 (  1.34e+02,  1.79e+02)
25      0.110   2.36e-01   2.23e-01   2.36e-03   1.02e+00   0.00e+00 (  1.51e+02,  2.07e+02)
30      0.232   4.55e-01   4.92e-01   1.92e-01   2.37e+00   0.00e+00 (  2.87e+02,  2.28e+02)
35      0.222   4.42e-01   5.39e-01   2.29e-01   2.47e+00   0.00e+00 (  2.86e+02,  2.42e+02)
40      0.202   4.55e-01   6.09e-01   2.09e-01   2.40e+00   0.00e+00 (  2.81e+02,  2.50e+02)
45      0.214   5.02e-01   7.38e-01   3.12e-01   2.69e+00   0.00e+00 (  2.72e+02,  2.53e+02)
50      0.223   5.62e-01   8.79e-01   3.68e-01   2.96e+00   0.00e+00 (  2.58e+02,  2.51e+02)
55      0.225   6.13e-01   1.01e+00   5.00e-01   3.10e+00   0.00e+00 (  2.40e+02,  2.45e+02)
60      0.234   6.59e-01   1.13e+00   6.48e-01   3.33e+00   0.00e+00 (  2.23e+02,  2.36e+02)
65      0.246   7.03e-01   1.24e+00   7.96e-01   3.61e+00   0.00e+00 (  2.08e+02,  2.26e+02)
70      0.258   7.50e-01   1.33e+00   9.31e-01   3.88e+00   0.00e+00 (  1.93e+02,  2.15e+02)
75      0.258   7.78e-01   1.39e+00   1.03e+00   3.97e+00   0.00e+00 (  1.82e+02,  2.04e+02)
80      0.245   7.73e-01   1.38e+00   1.05e+00   3.97e+00   0.00e+00 (  1.70e+02,  1.93e+02)
85      0.313   7.78e-01   1.39e+00   1.03e+00   6.12e+00   0.00e+00 (  1.44e+02,  1.83e+02)
90      0.610   1.37e+00   1.92e+00   1.24e+00   2.17e+01   0.00e+00 (  3.15e+02,  1.74e+02)
95      0.642   1.12e+00   1.61e+00   1.29e+00   4.06e+01   0.00e+00 (  5.90e+02,  1.65e+02)
12 e: 3.023e-04 i: 1.692e-03 :: e: 7.150e-02 i: 8.295e-02 :: n: 2.762e+01 e:25.247 i:34.408 v:4.993e+03
>>> tau_he = 5.000000, nhe(0)=3.635080e+00
 5     -0.071   2.26e-02   5.77e-01   7.87e-03  -3.37e-01   0.00e+00 (  1.50e+01,  5.50e+01)
10     -0.145   2.03e-01   4.87e-02  -7.35e-02  -8.63e-01   0.00e+00 (  1.39e+02,  1.07e+02)
15      0.506   6.53e-01   6.77e-01   1.60e-01   3.62e+00   0.00e+00 (  3.83e+02,  1.48e+02)
20      0.021   2.17e-01   1.76e-01  -4.64e-03   1.74e-01   0.00e+00 (  1.41e+02,  1.79e+02)
25      0.373   4.81e-01   5.17e-01   2.35e-01   3.46e+00   0.00e+00 (  3.12e+02,  2.07e+02)
30      0.227   4.47e-01   4.85e-01   1.89e-01   2.33e+00   0.00e+00 (  2.80e+02,  2.28e+02)
35      0.216   4.51e-01   5.39e-01   2.46e-01   2.40e+00   0.00e+00 (  2.88e+02,  2.42e+02)
40      0.196   4.51e-01   6.03e-01   2.02e-01   2.33e+00   0.00e+00 (  2.75e+02,  2.50e+02)
45      0.209   4.98e-01   7.31e-01   3.06e-01   2.63e+00   0.00e+00 (  2.67e+02,  2.53e+02)
50      0.220   5.59e-01   8.75e-01   3.67e-01   2.91e+00   0.00e+00 (  2.55e+02,  2.51e+02)
55      0.223   6.12e-01   1.01e+00   5.00e-01   3.08e+00   0.00e+00 (  2.38e+02,  2.45e+02)
60      0.232   6.58e-01   1.13e+00   6.47e-01   3.31e+00   0.00e+00 (  2.22e+02,  2.36e+02)
65      0.244   7.04e-01   1.24e+00   7.90e-01   3.58e+00   0.00e+00 (  2.08e+02,  2.26e+02)
70      0.256   7.50e-01   1.33e+00   9.30e-01   3.85e+00   0.00e+00 (  1.94e+02,  2.15e+02)
75      0.256   7.79e-01   1.39e+00   1.03e+00   3.94e+00   0.00e+00 (  1.83e+02,  2.04e+02)
80      0.245   7.74e-01   1.38e+00   1.05e+00   3.95e+00   0.00e+00 (  1.71e+02,  1.93e+02)
85      0.313   7.82e-01   1.40e+00   1.05e+00   6.11e+00   0.00e+00 (  1.46e+02,  1.83e+02)
90      0.610   1.37e+00   1.92e+00   1.24e+00   2.17e+01   0.00e+00 (  3.16e+02,  1.74e+02)
95      0.642   1.12e+00   1.61e+00   1.29e+00   4.06e+01   0.00e+00 (  5.90e+02,  1.65e+02)
13 e: 6.587e-04 i: 2.374e-03 :: e: 7.768e-02 i: 7.993e-02 :: n: 2.762e+01 e:25.012 i:34.258 v:4.993e+03
>>> tau_he = 5.000000, nhe(0)=3.629388e+00
 5     -0.073   2.26e-02   5.62e-01   7.65e-03  -3.45e-01   0.00e+00 (  1.50e+01,  5.50e+01)
10     -0.115   2.09e-01   5.47e-02  -7.82e-02  -6.89e-01   0.00e+00 (  1.39e+02,  1.07e+02)
15      0.055   2.16e-01   1.16e-01  -3.75e-02   3.95e-01   0.00e+00 (  1.21e+02,  1.48e+02)
20      0.351   5.43e-01   5.75e-01   2.06e-01   2.89e+00   0.00e+00 (  3.53e+02,  1.79e+02)
25      0.355   4.63e-01   4.98e-01   2.22e-01   3.30e+00   0.00e+00 (  2.97e+02,  2.07e+02)
30      0.222   4.39e-01   4.75e-01   1.81e-01   2.27e+00   0.00e+00 (  2.72e+02,  2.28e+02)
35      0.206   4.38e-01   5.25e-01   2.31e-01   2.29e+00   0.00e+00 (  2.77e+02,  2.42e+02)
40      0.192   4.45e-01   5.92e-01   1.97e-01   2.28e+00   0.00e+00 (  2.69e+02,  2.50e+02)
45      0.205   4.92e-01   7.18e-01   3.00e-01   2.58e+00   0.00e+00 (  2.61e+02,  2.53e+02)
50      0.218   5.53e-01   8.62e-01   3.62e-01   2.89e+00   0.00e+00 (  2.51e+02,  2.51e+02)
55      0.222   6.07e-01   9.97e-01   4.95e-01   3.07e+00   0.00e+00 (  2.35e+02,  2.45e+02)
60      0.232   6.54e-01   1.12e+00   6.42e-01   3.31e+00   0.00e+00 (  2.20e+02,  2.36e+02)
65      0.245   6.99e-01   1.23e+00   7.90e-01   3.60e+00   0.00e+00 (  2.05e+02,  2.26e+02)
70      0.257   7.47e-01   1.33e+00   9.25e-01   3.86e+00   0.00e+00 (  1.92e+02,  2.15e+02)
75      0.257   7.76e-01   1.38e+00   1.03e+00   3.96e+00   0.00e+00 (  1.81e+02,  2.04e+02)
80      0.247   7.72e-01   1.38e+00   1.05e+00   3.98e+00   0.00e+00 (  1.70e+02,  1.93e+02)
85      0.314   7.79e-01   1.40e+00   1.03e+00   6.14e+00   0.00e+00 (  1.45e+02,  1.83e+02)
90      0.610   1.37e+00   1.92e+00   1.24e+00   2.17e+01   0.00e+00 (  3.16e+02,  1.74e+02)
95      0.642   1.12e+00   1.61e+00   1.29e+00   4.06e+01   0.00e+00 (  5.90e+02,  1.65e+02)
14 e: 7.712e-04 i: 3.869e-03 :: e: 6.844e-02 i: 7.064e-02 :: n: 2.762e+01 e:24.895 i:34.021 v:4.993e+03
>>> tau_he = 5.000000, nhe(0)=3.620205e+00
 5     -0.072   2.23e-02   5.62e-01   7.81e-03  -3.40e-01   0.00e+00 (  1.49e+01,  5.50e+01)
10     -0.110   2.02e-01   4.85e-02  -7.46e-02  -6.59e-01   0.00e+00 (  1.34e+02,  1.07e+02)
15      0.502   6.35e-01   6.52e-01   1.40e-01   3.59e+00   0.00e+00 (  3.61e+02,  1.48e+02)
20      0.069   2.08e-01   1.64e-01  -8.85e-03   5.71e-01   0.00e+00 (  1.30e+02,  1.79e+02)
25      0.098   2.32e-01   2.15e-01   7.71e-03   9.07e-01   0.00e+00 (  1.45e+02,  2.07e+02)
30      0.219   4.33e-01   4.68e-01   1.77e-01   2.24e+00   0.00e+00 (  2.66e+02,  2.28e+02)
35      0.204   4.32e-01   5.20e-01   2.26e-01   2.26e+00   0.00e+00 (  2.71e+02,  2.42e+02)
40      0.189   4.42e-01   5.88e-01   1.94e-01   2.25e+00   0.00e+00 (  2.65e+02,  2.50e+02)
45      0.203   4.89e-01   7.15e-01   2.97e-01   2.56e+00   0.00e+00 (  2.58e+02,  2.53e+02)
50      0.217   5.51e-01   8.61e-01   3.62e-01   2.87e+00   0.00e+00 (  2.49e+02,  2.51e+02)
55      0.222   6.06e-01   9.97e-01   4.95e-01   3.07e+00   0.00e+00 (  2.34e+02,  2.45e+02)
60      0.232   6.53e-01   1.12e+00   6.42e-01   3.31e+00   0.00e+00 (  2.19e+02,  2.36e+02)
65      0.244   6.99e-01   1.23e+00   7.85e-01   3.58e+00   0.00e+00 (  2.05e+02,  2.26e+02)
70      0.255   7.47e-01   1.33e+00   9.24e-01   3.84e+00   0.00e+00 (  1.92e+02,  2.15e+02)
75      0.256   7.76e-01   1.38e+00   1.03e+00   3.94e+00   0.00e+00 (  1.81e+02,  2.04e+02)
80      0.246   7.72e-01   1.38e+00   1.05e+00   3.97e+00   0.00e+00 (  1.70e+02,  1.93e+02)
85      0.313   7.83e-01   1.40e+00   1.05e+00   6.13e+00   0.00e+00 (  1.46e+02,  1.83e+02)
90      0.610   1.37e+00   1.92e+00   1.24e+00   2.17e+01   0.00e+00 (  3.16e+02,  1.74e+02)
95      0.642   1.12e+00   1.61e+00   1.29e+00   4.06e+01   0.00e+00 (  5.90e+02,  1.65e+02)
15 e: 1.011e-03 i: 3.946e-03 :: e: 6.755e-02 i: 6.536e-02 :: n: 2.762e+01 e:24.755 i:33.916 v:4.993e+03
>>> tau_he = 5.000000, nhe(0)=3.615893e+00
 5     -0.073   2.23e-02   5.51e-01   7.63e-03  -3.43e-01   0.00e+00 (  1.48e+01,  5.50e+01)
10     -0.085   2.06e-01   5.24e-02  -7.70e-02  -5.05e-01   0.00e+00 (  1.33e+02,  1.07e+02)
15      0.061   2.14e-01   1.13e-01  -3.44e-02   4.38e-01   0.00e+00 (  1.16e+02,  1.48e+02)
20      0.030   2.13e-01   1.72e-01  -3.31e-03   2.45e-01   0.00e+00 (  1.34e+02,  1.79e+02)
25      0.352   4.55e-01   4.91e-01   2.20e-01   3.27e+00   0.00e+00 (  2.90e+02,  2.07e+02)
30      0.216   4.28e-01   4.64e-01   1.76e-01   2.22e+00   0.00e+00 (  2.63e+02,  2.28e+02)
35      0.200   4.27e-01   5.13e-01   2.21e-01   2.22e+00   0.00e+00 (  2.65e+02,  2.42e+02)
40      0.186   4.37e-01   5.81e-01   1.90e-01   2.21e+00   0.00e+00 (  2.60e+02,  2.50e+02)
45      0.199   4.84e-01   7.06e-01   2.93e-01   2.51e+00   0.00e+00 (  2.54e+02,  2.53e+02)
50      0.215   5.47e-01   8.52e-01   3.59e-01   2.84e+00   0.00e+00 (  2.45e+02,  2.51e+02)
55      0.221   6.02e-01   9.90e-01   4.91e-01   3.05e+00   0.00e+00 (  2.31e+02,  2.45e+02)
60      0.231   6.50e-01   1.12e+00   6.38e-01   3.30e+00   0.00e+00 (  2.17e+02,  2.36e+02)
65      0.243   6.96e-01   1.22e+00   7.80e-01   3.57e+00   0.00e+00 (  2.03e+02,  2.26e+02)
70      0.255   7.43e-01   1.32e+00   9.20e-01   3.83e+00   0.00e+00 (  1.91e+02,  2.15e+02)
75      0.255   7.73e-01   1.37e+00   1.02e+00   3.94e+00   0.00e+00 (  1.80e+02,  2.04e+02)
80      0.246   7.69e-01   1.38e+00   1.05e+00   3.98e+00   0.00e+00 (  1.69e+02,  1.93e+02)
85      0.313   7.78e-01   1.39e+00   1.03e+00   6.12e+00   0.00e+00 (  1.44e+02,  1.83e+02)
90      0.610   1.37e+00   1.92e+00   1.24e+00   2.17e+01   0.00e+00 (  3.15e+02,  1.74e+02)
95      0.642   1.12e+00   1.61e+00   1.29e+00   4.06e+01   0.00e+00 (  5.90e+02,  1.65e+02)
16 e: 2.974e-04 i: 2.209e-03 :: e: 4.601e-02 i: 5.160e-02 :: n: 2.762e+01 e:24.756 i:33.952 v:4.993e+03
>>> tau_he = 5.000000, nhe(0)=3.617191e+00
 5     -0.072   2.22e-02   5.60e-01   7.79e-03  -3.39e-01   0.00e+00 (  1.48e+01,  5.50e+01)
10     -0.090   2.02e-01   4.63e-02  -7.21e-02  -5.40e-01   0.00e+00 (  1.30e+02,  1.07e+02)
15      0.508   6.37e-01   6.48e-01   1.37e-01   3.63e+00   0.00e+00 (  3.54e+02,  1.48e+02)
20      0.370   5.45e-01   5.74e-01   2.07e-01   3.05e+00   0.00e+00 (  3.49e+02,  1.79e+02)
25      0.329   4.49e-01   4.75e-01   2.08e-01   3.05e+00   0.00e+00 (  2.84e+02,  2.07e+02)
30      0.211   4.21e-01   4.58e-01   1.88e-01   2.16e+00   0.00e+00 (  2.57e+02,  2.28e+02)
35      0.197   4.23e-01   5.08e-01   2.18e-01   2.19e+00   0.00e+00 (  2.61e+02,  2.42e+02)
40      0.183   4.34e-01   5.77e-01   1.88e-01   2.17e+00   0.00e+00 (  2.57e+02,  2.50e+02)
45      0.197   4.82e-01   7.03e-01   2.90e-01   2.49e+00   0.00e+00 (  2.51e+02,  2.53e+02)
50      0.213   5.45e-01   8.49e-01   3.58e-01   2.82e+00   0.00e+00 (  2.43e+02,  2.51e+02)
55      0.220   6.00e-01   9.87e-01   4.90e-01   3.04e+00   0.00e+00 (  2.30e+02,  2.45e+02)
60      0.230   6.48e-01   1.11e+00   6.36e-01   3.29e+00   0.00e+00 (  2.15e+02,  2.36e+02)
65      0.242   6.94e-01   1.22e+00   7.78e-01   3.56e+00   0.00e+00 (  2.02e+02,  2.26e+02)
70      0.254   7.41e-01   1.31e+00   9.16e-01   3.82e+00   0.00e+00 (  1.90e+02,  2.15e+02)
75      0.254   7.70e-01   1.37e+00   1.02e+00   3.92e+00   0.00e+00 (  1.79e+02,  2.04e+02)
80      0.245   7.67e-01   1.37e+00   1.04e+00   3.97e+00   0.00e+00 (  1.68e+02,  1.93e+02)
85      0.313   7.80e-01   1.40e+00   1.04e+00   6.12e+00   0.00e+00 (  1.44e+02,  1.83e+02)
90      0.610   1.37e+00   1.92e+00   1.24e+00   2.17e+01   0.00e+00 (  3.15e+02,  1.74e+02)
95      0.642   1.12e+00   1.61e+00   1.29e+00   4.06e+01   0.00e+00 (  5.90e+02,  1.65e+02)
17 e: 6.243e-04 i: 2.079e-03 :: e: 6.125e-02 i: 5.460e-02 :: n: 2.762e+01 e:24.529 i:33.656 v:4.993e+03
>>> tau_he = 5.000000, nhe(0)=3.605630e+00
 5     -0.073   2.10e-02   5.37e-01   7.41e-03  -3.43e-01   0.00e+00 (  1.40e+01,  5.50e+01)
10     -0.072   2.05e-01   5.28e-02  -7.69e-02  -4.28e-01   0.00e+00 (  1.30e+02,  1.07e+02)
15      0.067   2.11e-01   1.12e-01  -3.35e-02   4.76e-01   0.00e+00 (  1.12e+02,  1.48e+02)
20      0.074   2.04e-01   1.61e-01  -6.97e-03   6.14e-01   0.00e+00 (  1.25e+02,  1.79e+02)
25      0.096   2.28e-01   2.11e-01   8.06e-03   8.94e-01   0.00e+00 (  1.41e+02,  2.07e+02)
30      0.210   4.19e-01   4.55e-01   1.86e-01   2.15e+00   0.00e+00 (  2.54e+02,  2.28e+02)
35      0.196   4.21e-01   5.05e-01   2.16e-01   2.17e+00   0.00e+00 (  2.59e+02,  2.42e+02)
40      0.182   4.32e-01   5.73e-01   1.86e-01   2.16e+00   0.00e+00 (  2.54e+02,  2.50e+02)
45      0.196   4.79e-01   6.97e-01   2.88e-01   2.47e+00   0.00e+00 (  2.49e+02,  2.53e+02)
50      0.213   5.42e-01   8.44e-01   3.56e-01   2.82e+00   0.00e+00 (  2.41e+02,  2.51e+02)
55      0.220   5.98e-01   9.83e-01   4.88e-01   3.04e+00   0.00e+00 (  2.28e+02,  2.45e+02)
60      0.231   6.46e-01   1.11e+00   6.34e-01   3.29e+00   0.00e+00 (  2.14e+02,  2.36e+02)
65      0.243   6.90e-01   1.22e+00   7.80e-01   3.57e+00   0.00e+00 (  2.00e+02,  2.26e+02)
70      0.254   7.39e-01   1.31e+00   9.14e-01   3.82e+00   0.00e+00 (  1.88e+02,  2.15e+02)
75      0.255   7.68e-01   1.37e+00   1.02e+00   3.93e+00   0.00e+00 (  1.78e+02,  2.04e+02)
80      0.246   7.65e-01   1.37e+00   1.04e+00   3.98e+00   0.00e+00 (  1.67e+02,  1.93e+02)
85      0.313   7.76e-01   1.39e+00   1.03e+00   6.12e+00   0.00e+00 (  1.43e+02,  1.83e+02)
90      0.610   1.37e+00   1.92e+00   1.24e+00   2.17e+01   0.00e+00 (  3.15e+02,  1.74e+02)
95      0.642   1.12e+00   1.61e+00   1.29e+00   4.06e+01   0.00e+00 (  5.90e+02,  1.65e+02)
18 e: 2.176e-04 i: 1.262e-03 :: e: 4.871e-02 i: 4.691e-02 :: n: 2.762e+01 e:24.591 i:33.711 v:4.993e+03
>>> tau_he = 5.000000, nhe(0)=3.607522e+00
 5     -0.072   2.09e-02   5.52e-01   7.89e-03  -3.37e-01   0.00e+00 (  1.40e+01,  5.50e+01)
10     -0.075   2.00e-01   4.49e-02  -7.12e-02  -4.49e-01   0.00e+00 (  1.26e+02,  1.07e+02)
15      0.067   2.18e-01   1.21e-01  -4.73e-02   4.78e-01   0.00e+00 (  1.18e+02,  1.48e+02)
20      0.348   5.25e-01   5.52e-01   1.92e-01   2.87e+00   0.00e+00 (  3.28e+02,  1.79e+02)
25      0.331   4.48e-01   4.76e-01   2.09e-01   3.08e+00   0.00e+00 (  2.83e+02,  2.07e+02)
30      0.208   4.16e-01   4.54e-01   1.86e-01   2.13e+00   0.00e+00 (  2.53e+02,  2.28e+02)
35      0.193   4.18e-01   5.02e-01   2.13e-01   2.14e+00   0.00e+00 (  2.55e+02,  2.42e+02)
40      0.179   4.30e-01   5.71e-01   1.84e-01   2.13e+00   0.00e+00 (  2.52e+02,  2.50e+02)
45      0.194   4.78e-01   6.97e-01   2.87e-01   2.45e+00   0.00e+00 (  2.48e+02,  2.53e+02)
50      0.212   5.41e-01   8.45e-01   3.56e-01   2.80e+00   0.00e+00 (  2.40e+02,  2.51e+02)
55      0.219   5.97e-01   9.83e-01   4.89e-01   3.02e+00   0.00e+00 (  2.27e+02,  2.45e+02)
60      0.229   6.45e-01   1.11e+00   6.34e-01   3.27e+00   0.00e+00 (  2.14e+02,  2.36e+02)
65      0.241   6.90e-01   1.22e+00   7.74e-01   3.54e+00   0.00e+00 (  2.00e+02,  2.26e+02)
70      0.252   7.38e-01   1.31e+00   9.12e-01   3.79e+00   0.00e+00 (  1.88e+02,  2.15e+02)
75      0.253   7.67e-01   1.36e+00   1.01e+00   3.90e+00   0.00e+00 (  1.77e+02,  2.04e+02)
80      0.245   7.64e-01   1.37e+00   1.04e+00   3.96e+00   0.00e+00 (  1.66e+02,  1.93e+02)
85      0.312   7.78e-01   1.39e+00   1.04e+00   6.10e+00   0.00e+00 (  1.43e+02,  1.83e+02)
90      0.609   1.37e+00   1.92e+00   1.24e+00   2.17e+01   0.00e+00 (  3.15e+02,  1.74e+02)
95      0.642   1.12e+00   1.61e+00   1.29e+00   4.06e+01   0.00e+00 (  5.90e+02,  1.65e+02)
19 e: 6.251e-04 i: 3.202e-03 :: e: 4.589e-02 i: 4.318e-02 :: n: 2.762e+01 e:24.507 i:33.742 v:4.993e+03
>>> tau_he = 5.000000, nhe(0)=3.608801e+00
 5     -0.071   2.11e-02   5.57e-01   8.01e-03  -3.36e-01   0.00e+00 (  1.42e+01,  5.50e+01)
10     -0.084   1.96e-01   4.21e-02  -6.83e-02  -5.04e-01   0.00e+00 (  1.25e+02,  1.07e+02)
15      0.554   6.57e-01   6.62e-01   1.36e-01   3.96e+00   0.00e+00 (  3.66e+02,  1.48e+02)
20      0.074   2.04e-01   1.62e-01  -7.33e-03   6.13e-01   0.00e+00 (  1.24e+02,  1.79e+02)
25      0.097   2.27e-01   2.11e-01   2.96e-03   8.98e-01   0.00e+00 (  1.41e+02,  2.07e+02)
30      0.207   4.13e-01   4.49e-01   1.83e-01   2.12e+00   0.00e+00 (  2.50e+02,  2.28e+02)
35      0.192   4.15e-01   4.97e-01   2.11e-01   2.13e+00   0.00e+00 (  2.53e+02,  2.42e+02)
40      0.178   4.27e-01   5.65e-01   1.83e-01   2.12e+00   0.00e+00 (  2.49e+02,  2.50e+02)
45      0.193   4.74e-01   6.89e-01   2.84e-01   2.43e+00   0.00e+00 (  2.45e+02,  2.53e+02)
50      0.211   5.38e-01   8.36e-01   3.53e-01   2.79e+00   0.00e+00 (  2.37e+02,  2.51e+02)
55      0.219   5.94e-01   9.75e-01   4.85e-01   3.02e+00   0.00e+00 (  2.25e+02,  2.45e+02)
60      0.230   6.40e-01   1.10e+00   6.30e-01   3.28e+00   0.00e+00 (  2.11e+02,  2.36e+02)
65      0.242   6.86e-01   1.21e+00   7.75e-01   3.56e+00   0.00e+00 (  1.98e+02,  2.26e+02)
70      0.253   7.34e-01   1.30e+00   9.08e-01   3.80e+00   0.00e+00 (  1.86e+02,  2.15e+02)
75      0.254   7.64e-01   1.36e+00   1.01e+00   3.91e+00   0.00e+00 (  1.76e+02,  2.04e+02)
80      0.246   7.61e-01   1.36e+00   1.04e+00   3.98e+00   0.00e+00 (  1.65e+02,  1.93e+02)
85      0.313   7.73e-01   1.38e+00   1.02e+00   6.11e+00   0.00e+00 (  1.42e+02,  1.83e+02)
90      0.610   1.37e+00   1.92e+00   1.24e+00   2.17e+01   0.00e+00 (  3.15e+02,  1.74e+02)
95      0.642   1.12e+00   1.61e+00   1.29e+00   4.06e+01   0.00e+00 (  5.90e+02,  1.65e+02)
20 e: 9.591e-04 i: 4.168e-03 :: e: 5.583e-02 i: 4.526e-02 :: n: 2.762e+01 e:24.517 i:33.820 v:4.993e+03
>>> tau_he = 5.000000, nhe(0)=3.611874e+00
 5     -0.074   2.13e-02   5.52e-01   7.76e-03  -3.48e-01   0.00e+00 (  1.43e+01,  5.50e+01)
10     -0.062   2.05e-01   4.94e-02  -7.41e-02  -3.72e-01   0.00e+00 (  1.28e+02,  1.07e+02)
15      0.073   2.19e-01   1.19e-01  -4.46e-02   5.21e-01   0.00e+00 (  1.17e+02,  1.48e+02)
20      0.350   5.25e-01   5.48e-01   1.88e-01   2.88e+00   0.00e+00 (  3.23e+02,  1.79e+02)
25      0.354   4.53e-01   4.88e-01   2.20e-01   3.29e+00   0.00e+00 (  2.89e+02,  2.07e+02)
30      0.214   4.13e-01   4.57e-01   1.91e-01   2.19e+00   0.00e+00 (  2.52e+02,  2.28e+02)
35      0.192   4.16e-01   4.98e-01   2.12e-01   2.13e+00   0.00e+00 (  2.54e+02,  2.42e+02)
40      0.178   4.28e-01   5.67e-01   1.83e-01   2.12e+00   0.00e+00 (  2.50e+02,  2.50e+02)
45      0.194   4.76e-01   6.93e-01   2.85e-01   2.44e+00   0.00e+00 (  2.46e+02,  2.53e+02)
50      0.212   5.39e-01   8.41e-01   3.55e-01   2.80e+00   0.00e+00 (  2.38e+02,  2.51e+02)
55      0.220   5.95e-01   9.81e-01   4.88e-01   3.03e+00   0.00e+00 (  2.26e+02,  2.45e+02)
60      0.230   6.43e-01   1.11e+00   6.33e-01   3.28e+00   0.00e+00 (  2.12e+02,  2.36e+02)
65      0.242   6.87e-01   1.21e+00   7.77e-01   3.55e+00   0.00e+00 (  1.99e+02,  2.26e+02)
70      0.252   7.36e-01   1.30e+00   9.09e-01   3.79e+00   0.00e+00 (  1.87e+02,  2.15e+02)
75      0.253   7.64e-01   1.36e+00   1.01e+00   3.90e+00   0.00e+00 (  1.76e+02,  2.04e+02)
80      0.245   7.61e-01   1.36e+00   1.04e+00   3.97e+00   0.00e+00 (  1.65e+02,  1.93e+02)
85      0.312   7.76e-01   1.39e+00   1.04e+00   6.10e+00   0.00e+00 (  1.43e+02,  1.83e+02)
90      0.609   1.37e+00   1.92e+00   1.24e+00   2.17e+01   0.00e+00 (  3.15e+02,  1.74e+02)
95      0.642   1.12e+00   1.61e+00   1.29e+00   4.06e+01   0.00e+00 (  5.90e+02,  1.65e+02)
21 e: 6.133e-04 i: 3.217e-03 :: e: 4.607e-02 i: 4.148e-02 :: n: 2.762e+01 e:24.479 i:33.783 v:4.993e+03
>>> tau_he = 5.000000, nhe(0)=3.610503e+00
 5     -0.073   2.13e-02   5.56e-01   7.95e-03  -3.43e-01   0.00e+00 (  1.44e+01,  5.50e+01)
10     -0.070   2.00e-01   4.47e-02  -7.05e-02  -4.17e-01   0.00e+00 (  1.25e+02,  1.07e+02)
15      0.540   6.48e-01   6.51e-01   1.40e-01   3.86e+00   0.00e+00 (  3.53e+02,  1.48e+02)
20      0.078   2.05e-01   1.61e-01  -6.16e-03   6.47e-01   0.00e+00 (  1.23e+02,  1.79e+02)
25      0.325   4.42e-01   4.67e-01   2.02e-01   3.02e+00   0.00e+00 (  2.76e+02,  2.07e+02)
30      0.213   4.12e-01   4.54e-01   1.88e-01   2.18e+00   0.00e+00 (  2.51e+02,  2.28e+02)
35      0.191   4.15e-01   4.97e-01   2.11e-01   2.12e+00   0.00e+00 (  2.53e+02,  2.42e+02)
40      0.177   4.27e-01   5.64e-01   1.82e-01   2.11e+00   0.00e+00 (  2.49e+02,  2.50e+02)
45      0.193   4.75e-01   6.89e-01   2.84e-01   2.43e+00   0.00e+00 (  2.45e+02,  2.53e+02)
50      0.212   5.39e-01   8.38e-01   3.53e-01   2.80e+00   0.00e+00 (  2.38e+02,  2.51e+02)
55      0.220   5.95e-01   9.78e-01   4.86e-01   3.03e+00   0.00e+00 (  2.26e+02,  2.45e+02)
60      0.230   6.42e-01   1.10e+00   6.31e-01   3.29e+00   0.00e+00 (  2.12e+02,  2.36e+02)
65      0.242   6.86e-01   1.21e+00   7.76e-01   3.56e+00   0.00e+00 (  1.98e+02,  2.26e+02)
70      0.253   7.35e-01   1.30e+00   9.09e-01   3.80e+00   0.00e+00 (  1.87e+02,  2.15e+02)
75      0.254   7.64e-01   1.36e+00   1.01e+00   3.91e+00   0.00e+00 (  1.76e+02,  2.04e+02)
80      0.247   7.61e-01   1.36e+00   1.04e+00   3.99e+00   0.00e+00 (  1.65e+02,  1.93e+02)
85      0.313   7.73e-01   1.38e+00   1.02e+00   6.11e+00   0.00e+00 (  1.42e+02,  1.83e+02)
90      0.610   1.37e+00   1.92e+00   1.24e+00   2.17e+01   0.00e+00 (  3.14e+02,  1.74e+02)
95      0.642   1.12e+00   1.61e+00   1.29e+00   4.06e+01   0.00e+00 (  5.90e+02,  1.65e+02)
22 e: 4.795e-04 i: 2.594e-03 :: e: 4.644e-02 i: 3.857e-02 :: n: 2.762e+01 e:24.431 i:33.737 v:4.993e+03
>>> tau_he = 5.000000, nhe(0)=3.608672e+00
 5     -0.074   2.08e-02   5.42e-01   7.35e-03  -3.48e-01   0.00e+00 (  1.40e+01,  5.50e+01)
10     -0.051   2.07e-01   5.15e-02  -7.54e-02  -3.06e-01   0.00e+00 (  1.27e+02,  1.07e+02)
15      0.078   2.18e-01   1.18e-01  -4.26e-02   5.58e-01   0.00e+00 (  1.14e+02,  1.48e+02)
20      0.344   5.18e-01   5.36e-01   1.81e-01   2.84e+00   0.00e+00 (  3.13e+02,  1.79e+02)
25      0.220   4.24e-01   4.49e-01   1.25e-01   2.04e+00   0.00e+00 (  2.64e+02,  2.07e+02)
30      0.213   4.13e-01   4.55e-01   1.88e-01   2.18e+00   0.00e+00 (  2.51e+02,  2.28e+02)
35      0.192   4.16e-01   4.98e-01   2.11e-01   2.13e+00   0.00e+00 (  2.54e+02,  2.42e+02)
40      0.178   4.28e-01   5.66e-01   1.83e-01   2.11e+00   0.00e+00 (  2.50e+02,  2.50e+02)
45      0.194   4.76e-01   6.91e-01   2.85e-01   2.44e+00   0.00e+00 (  2.46e+02,  2.53e+02)
50      0.212   5.40e-01   8.41e-01   3.55e-01   2.81e+00   0.00e+00 (  2.39e+02,  2.51e+02)
55      0.221   5.97e-01   9.82e-01   4.88e-01   3.04e+00   0.00e+00 (  2.27e+02,  2.45e+02)
60      0.231   6.44e-01   1.11e+00   6.34e-01   3.29e+00   0.00e+00 (  2.13e+02,  2.36e+02)
65      0.243   6.89e-01   1.22e+00   7.79e-01   3.56e+00   0.00e+00 (  1.99e+02,  2.26e+02)
70      0.253   7.37e-01   1.31e+00   9.11e-01   3.80e+00   0.00e+00 (  1.88e+02,  2.15e+02)
75      0.254   7.66e-01   1.36e+00   1.01e+00   3.91e+00   0.00e+00 (  1.77e+02,  2.04e+02)
80      0.246   7.63e-01   1.37e+00   1.04e+00   3.98e+00   0.00e+00 (  1.66e+02,  1.93e+02)
85      0.312   7.74e-01   1.39e+00   1.02e+00   6.10e+00   0.00e+00 (  1.42e+02,  1.83e+02)
90      0.610   1.37e+00   1.92e+00   1.24e+00   2.17e+01   0.00e+00 (  3.15e+02,  1.74e+02)
95      0.642   1.12e+00   1.61e+00   1.29e+00   4.06e+01   0.00e+00 (  5.90e+02,  1.65e+02)
23 e: 5.185e-04 i: 2.662e-03 :: e: 4.163e-02 i: 3.616e-02 :: n: 2.762e+01 e:24.393 i:33.638 v:4.993e+03
>>> tau_he = 5.000000, nhe(0)=3.604691e+00
 5     -0.073   2.12e-02   5.50e-01   7.90e-03  -3.44e-01   0.00e+00 (  1.43e+01,  5.50e+01)
10     -0.060   2.00e-01   4.54e-02  -7.11e-02  -3.56e-01   0.00e+00 (  1.24e+02,  1.07e+02)
15      0.531   6.41e-01   6.37e-01   1.33e-01   3.80e+00   0.00e+00 (  3.42e+02,  1.48e+02)
20      0.091   2.20e-01   1.89e-01  -2.79e-02   7.50e-01   0.00e+00 (  1.30e+02,  1.79e+02)
25      0.097   2.24e-01   2.10e-01   1.28e-02   8.99e-01   0.00e+00 (  1.37e+02,  2.07e+02)
30      0.212   4.11e-01   4.52e-01   1.86e-01   2.17e+00   0.00e+00 (  2.49e+02,  2.28e+02)
35      0.191   4.15e-01   4.96e-01   2.10e-01   2.12e+00   0.00e+00 (  2.53e+02,  2.42e+02)
40      0.177   4.27e-01   5.64e-01   1.82e-01   2.11e+00   0.00e+00 (  2.49e+02,  2.50e+02)
45      0.193   4.75e-01   6.89e-01   2.84e-01   2.43e+00   0.00e+00 (  2.45e+02,  2.53e+02)
50      0.212   5.40e-01   8.39e-01   3.54e-01   2.81e+00   0.00e+00 (  2.39e+02,  2.51e+02)
55      0.221   5.96e-01   9.80e-01   4.87e-01   3.04e+00   0.00e+00 (  2.27e+02,  2.45e+02)
60      0.231   6.44e-01   1.11e+00   6.33e-01   3.29e+00   0.00e+00 (  2.13e+02,  2.36e+02)
65      0.243   6.88e-01   1.21e+00   7.78e-01   3.57e+00   0.00e+00 (  1.99e+02,  2.26e+02)
70      0.253   7.37e-01   1.31e+00   9.11e-01   3.81e+00   0.00e+00 (  1.88e+02,  2.15e+02)
75      0.254   7.66e-01   1.36e+00   1.01e+00   3.91e+00   0.00e+00 (  1.77e+02,  2.04e+02)
80      0.247   7.63e-01   1.37e+00   1.04e+00   3.99e+00   0.00e+00 (  1.66e+02,  1.93e+02)
85      0.313   7.74e-01   1.39e+00   1.02e+00   6.12e+00   0.00e+00 (  1.42e+02,  1.83e+02)
90      0.610   1.37e+00   1.92e+00   1.24e+00   2.17e+01   0.00e+00 (  3.15e+02,  1.74e+02)
95      0.642   1.12e+00   1.61e+00   1.29e+00   4.06e+01   0.00e+00 (  5.90e+02,  1.65e+02)
24 e: 7.995e-04 i: 3.634e-03 :: e: 5.086e-02 i: 4.043e-02 :: n: 2.762e+01 e:24.376 i:33.646 v:4.993e+03
>>> tau_he = 5.000000, nhe(0)=3.604910e+00
 5     -0.074   2.07e-02   5.38e-01   7.34e-03  -3.47e-01   0.00e+00 (  1.39e+01,  5.50e+01)
10     -0.042   2.07e-01   5.07e-02  -7.47e-02  -2.50e-01   0.00e+00 (  1.25e+02,  1.07e+02)
15      0.083   2.16e-01   1.15e-01  -3.91e-02   5.92e-01   0.00e+00 (  1.11e+02,  1.48e+02)
20      0.081   2.07e-01   1.63e-01  -5.86e-03   6.70e-01   0.00e+00 (  1.23e+02,  1.79e+02)
25      0.331   4.46e-01   4.73e-01   2.07e-01   3.07e+00   0.00e+00 (  2.80e+02,  2.07e+02)
30      0.212   4.12e-01   4.54e-01   1.88e-01   2.17e+00   0.00e+00 (  2.51e+02,  2.28e+02)
35      0.190   4.15e-01   4.95e-01   2.09e-01   2.11e+00   0.00e+00 (  2.52e+02,  2.42e+02)
40      0.177   4.27e-01   5.63e-01   1.81e-01   2.10e+00   0.00e+00 (  2.49e+02,  2.50e+02)
45      0.193   4.75e-01   6.89e-01   2.84e-01   2.43e+00   0.00e+00 (  2.45e+02,  2.53e+02)
50      0.212   5.40e-01   8.40e-01   3.54e-01   2.81e+00   0.00e+00 (  2.39e+02,  2.51e+02)
55      0.220   5.97e-01   9.81e-01   4.88e-01   3.04e+00   0.00e+00 (  2.27e+02,  2.45e+02)
60      0.231   6.45e-01   1.11e+00   6.34e-01   3.29e+00   0.00e+00 (  2.13e+02,  2.36e+02)
65      0.243   6.89e-01   1.22e+00   7.79e-01   3.57e+00   0.00e+00 (  2.00e+02,  2.26e+02)
70      0.253   7.38e-01   1.31e+00   9.12e-01   3.80e+00   0.00e+00 (  1.88e+02,  2.15e+02)
75      0.254   7.67e-01   1.36e+00   1.01e+00   3.91e+00   0.00e+00 (  1.77e+02,  2.04e+02)
80      0.247   7.64e-01   1.37e+00   1.04e+00   3.99e+00   0.00e+00 (  1.66e+02,  1.93e+02)
85      0.313   7.75e-01   1.39e+00   1.02e+00   6.11e+00   0.00e+00 (  1.43e+02,  1.83e+02)
90      0.610   1.37e+00   1.92e+00   1.24e+00   2.17e+01   0.00e+00 (  3.15e+02,  1.74e+02)
95      0.642   1.12e+00   1.61e+00   1.29e+00   4.06e+01   0.00e+00 (  5.90e+02,  1.65e+02)
25 e: 3.095e-04 i: 1.908e-03 :: e: 3.889e-02 i: 3.429e-02 :: n: 2.762e+01 e:24.439 i:33.741 v:4.993e+03
>>> tau_he = 5.000000, nhe(0)=3.608691e+00
 5     -0.073   2.12e-02   5.53e-01   7.90e-03  -3.44e-01   0.00e+00 (  1.43e+01,  5.50e+01)
10     -0.049   2.02e-01   4.45e-02  -7.04e-02  -2.95e-01   0.00e+00 (  1.23e+02,  1.07e+02)
15      0.533   6.43e-01   6.42e-01   1.35e-01   3.81e+00   0.00e+00 (  3.40e+02,  1.48e+02)
20      0.366   5.34e-01   5.53e-01   1.92e-01   3.02e+00   0.00e+00 (  3.26e+02,  1.79e+02)
25      0.220   4.23e-01   4.50e-01   1.27e-01   2.04e+00   0.00e+00 (  2.64e+02,  2.07e+02)
30      0.210   4.10e-01   4.51e-01   1.86e-01   2.15e+00   0.00e+00 (  2.49e+02,  2.28e+02)
35      0.189   4.14e-01   4.94e-01   2.08e-01   2.10e+00   0.00e+00 (  2.52e+02,  2.42e+02)
40      0.175   4.26e-01   5.62e-01   1.81e-01   2.09e+00   0.00e+00 (  2.48e+02,  2.50e+02)
45      0.192   4.74e-01   6.88e-01   2.83e-01   2.42e+00   0.00e+00 (  2.45e+02,  2.53e+02)
50      0.211   5.39e-01   8.38e-01   3.54e-01   2.80e+00   0.00e+00 (  2.38e+02,  2.51e+02)
55      0.220   5.96e-01   9.80e-01   4.87e-01   3.03e+00   0.00e+00 (  2.26e+02,  2.45e+02)
60      0.230   6.44e-01   1.11e+00   6.33e-01   3.29e+00   0.00e+00 (  2.13e+02,  2.36e+02)
65      0.242   6.88e-01   1.21e+00   7.78e-01   3.56e+00   0.00e+00 (  1.99e+02,  2.26e+02)
70      0.253   7.38e-01   1.31e+00   9.11e-01   3.80e+00   0.00e+00 (  1.88e+02,  2.15e+02)
75      0.254   7.66e-01   1.36e+00   1.01e+00   3.91e+00   0.00e+00 (  1.77e+02,  2.04e+02)
80      0.247   7.63e-01   1.37e+00   1.04e+00   3.99e+00   0.00e+00 (  1.66e+02,  1.93e+02)
85      0.313   7.74e-01   1.39e+00   1.02e+00   6.11e+00   0.00e+00 (  1.43e+02,  1.83e+02)
90      0.610   1.37e+00   1.92e+00   1.24e+00   2.17e+01   0.00e+00 (  3.15e+02,  1.74e+02)
95      0.642   1.12e+00   1.61e+00   1.29e+00   4.06e+01   0.00e+00 (  5.90e+02,  1.65e+02)
26 e: 4.603e-04 i: 1.939e-03 :: e: 4.651e-02 i: 3.700e-02 :: n: 2.762e+01 e:24.301 i:33.564 v:4.993e+03
>>> tau_he = 5.000000, nhe(0)=3.601778e+00
 5     -0.074   2.07e-02   5.35e-01   7.31e-03  -3.49e-01   0.00e+00 (  1.40e+01,  5.50e+01)
10     -0.036   2.07e-01   5.18e-02  -7.53e-02  -2.16e-01   0.00e+00 (  1.25e+02,  1.07e+02)
15      0.085   2.15e-01   1.14e-01  -3.81e-02   6.05e-01   0.00e+00 (  1.09e+02,  1.48e+02)
20      0.093   2.22e-01   1.90e-01  -2.89e-02   7.65e-01   0.00e+00 (  1.30e+02,  1.79e+02)
25      0.097   2.26e-01   2.11e-01   6.84e-03   9.02e-01   0.00e+00 (  1.40e+02,  2.07e+02)
30      0.211   4.11e-01   4.51e-01   1.86e-01   2.16e+00   0.00e+00 (  2.50e+02,  2.28e+02)
35      0.190   4.15e-01   4.94e-01   2.09e-01   2.11e+00   0.00e+00 (  2.52e+02,  2.42e+02)
40      0.176   4.27e-01   5.61e-01   1.81e-01   2.10e+00   0.00e+00 (  2.48e+02,  2.50e+02)
45      0.193   4.75e-01   6.87e-01   2.83e-01   2.43e+00   0.00e+00 (  2.45e+02,  2.53e+02)
50      0.212   5.39e-01   8.37e-01   3.53e-01   2.81e+00   0.00e+00 (  2.38e+02,  2.51e+02)
55      0.221   5.96e-01   9.79e-01   4.87e-01   3.05e+00   0.00e+00 (  2.26e+02,  2.45e+02)
60      0.231   6.44e-01   1.11e+00   6.33e-01   3.30e+00   0.00e+00 (  2.13e+02,  2.36e+02)
65      0.243   6.88e-01   1.21e+00   7.78e-01   3.57e+00   0.00e+00 (  1.99e+02,  2.26e+02)
70      0.253   7.38e-01   1.31e+00   9.12e-01   3.81e+00   0.00e+00 (  1.88e+02,  2.15e+02)
75      0.254   7.66e-01   1.36e+00   1.01e+00   3.92e+00   0.00e+00 (  1.77e+02,  2.04e+02)
80      0.248   7.64e-01   1.37e+00   1.04e+00   4.00e+00   0.00e+00 (  1.66e+02,  1.93e+02)
85      0.313   7.75e-01   1.39e+00   1.03e+00   6.13e+00   0.00e+00 (  1.43e+02,  1.83e+02)
90      0.610   1.37e+00   1.92e+00   1.24e+00   2.17e+01   0.00e+00 (  3.15e+02,  1.74e+02)
95      0.642   1.12e+00   1.61e+00   1.29e+00   4.06e+01   0.00e+00 (  5.90e+02,  1.65e+02)
27 e: 2.060e-04 i: 1.084e-03 :: e: 4.538e-02 i: 3.673e-02 :: n: 2.762e+01 e:24.406 i:33.649 v:4.993e+03
>>> tau_he = 5.000000, nhe(0)=3.604958e+00
 5     -0.073   2.11e-02   5.50e-01   7.90e-03  -3.43e-01   0.00e+00 (  1.42e+01,  5.50e+01)
10     -0.043   2.02e-01   4.42e-02  -7.03e-02  -2.56e-01   0.00e+00 (  1.22e+02,  1.07e+02)
15      0.083   2.22e-01   1.23e-01  -4.47e-02   5.93e-01   0.00e+00 (  1.16e+02,  1.48e+02)
20      0.352   5.22e-01   5.40e-01   1.83e-01   2.91e+00   0.00e+00 (  3.13e+02,  1.79e+02)
25      0.331   4.45e-01   4.73e-01   2.08e-01   3.07e+00   0.00e+00 (  2.80e+02,  2.07e+02)
30      0.210   4.10e-01   4.52e-01   1.87e-01   2.15e+00   0.00e+00 (  2.50e+02,  2.28e+02)
35      0.189   4.13e-01   4.94e-01   2.08e-01   2.09e+00   0.00e+00 (  2.51e+02,  2.42e+02)
40      0.175   4.26e-01   5.62e-01   1.80e-01   2.08e+00   0.00e+00 (  2.48e+02,  2.50e+02)
45      0.192   4.75e-01   6.89e-01   2.83e-01   2.42e+00   0.00e+00 (  2.45e+02,  2.53e+02)
50      0.211   5.40e-01   8.40e-01   3.44e-01   2.79e+00   0.00e+00 (  2.39e+02,  2.51e+02)
55      0.220   5.97e-01   9.82e-01   4.88e-01   3.03e+00   0.00e+00 (  2.27e+02,  2.45e+02)
60      0.230   6.45e-01   1.11e+00   6.34e-01   3.29e+00   0.00e+00 (  2.13e+02,  2.36e+02)
65      0.242   6.90e-01   1.21e+00   7.74e-01   3.55e+00   0.00e+00 (  2.00e+02,  2.26e+02)
70      0.252   7.38e-01   1.31e+00   9.12e-01   3.79e+00   0.00e+00 (  1.89e+02,  2.15e+02)
75      0.253   7.67e-01   1.36e+00   1.01e+00   3.90e+00   0.00e+00 (  1.78e+02,  2.04e+02)
80      0.246   7.64e-01   1.37e+00   1.04e+00   3.98e+00   0.00e+00 (  1.66e+02,  1.93e+02)
85      0.313   7.78e-01   1.39e+00   1.04e+00   6.11e+00   0.00e+00 (  1.43e+02,  1.83e+02)
90      0.610   1.37e+00   1.92e+00   1.24e+00   2.17e+01   0.00e+00 (  3.15e+02,  1.74e+02)
95      0.642   1.12e+00   1.61e+00   1.29e+00   4.06e+01   0.00e+00 (  5.90e+02,  1.65e+02)
28 e: 5.717e-04 i: 2.936e-03 :: e: 4.131e-02 i: 3.472e-02 :: n: 2.762e+01 e:24.360 i:33.712 v:4.993e+03
>>> tau_he = 5.000000, nhe(0)=3.607538e+00
 5     -0.072   2.12e-02   5.56e-01   8.01e-03  -3.41e-01   0.00e+00 (  1.43e+01,  5.50e+01)
10     -0.052   1.98e-01   4.13e-02  -6.77e-02  -3.11e-01   0.00e+00 (  1.20e+02,  1.07e+02)
15      0.578   6.71e-01   6.65e-01   1.36e-01   4.13e+00   0.00e+00 (  3.59e+02,  1.48e+02)
20      0.083   2.05e-01   1.61e-01  -5.10e-03   6.86e-01   0.00e+00 (  1.20e+02,  1.79e+02)
25      0.098   2.27e-01   2.11e-01   2.51e-03   9.07e-01   0.00e+00 (  1.40e+02,  2.07e+02)
30      0.209   4.09e-01   4.49e-01   1.85e-01   2.14e+00   0.00e+00 (  2.48e+02,  2.28e+02)
35      0.188   4.13e-01   4.91e-01   2.07e-01   2.09e+00   0.00e+00 (  2.50e+02,  2.42e+02)
40      0.175   4.25e-01   5.59e-01   1.80e-01   2.08e+00   0.00e+00 (  2.47e+02,  2.50e+02)
45      0.192   4.73e-01   6.84e-01   2.81e-01   2.41e+00   0.00e+00 (  2.43e+02,  2.53e+02)
50      0.211   5.37e-01   8.34e-01   3.52e-01   2.80e+00   0.00e+00 (  2.37e+02,  2.51e+02)
55      0.220   5.94e-01   9.76e-01   4.85e-01   3.04e+00   0.00e+00 (  2.25e+02,  2.45e+02)
60      0.231   6.42e-01   1.10e+00   6.31e-01   3.29e+00   0.00e+00 (  2.12e+02,  2.36e+02)
65      0.243   6.87e-01   1.21e+00   7.76e-01   3.57e+00   0.00e+00 (  1.98e+02,  2.26e+02)
70      0.253   7.36e-01   1.30e+00   9.10e-01   3.81e+00   0.00e+00 (  1.88e+02,  2.15e+02)
75      0.254   7.65e-01   1.36e+00   1.01e+00   3.92e+00   0.00e+00 (  1.77e+02,  2.04e+02)
80      0.248   7.63e-01   1.37e+00   1.04e+00   4.01e+00   0.00e+00 (  1.65e+02,  1.93e+02)
85      0.313   7.75e-01   1.39e+00   1.03e+00   6.13e+00   0.00e+00 (  1.42e+02,  1.83e+02)
90      0.610   1.37e+00   1.92e+00   1.24e+00   2.17e+01   0.00e+00 (  3.15e+02,  1.74e+02)
95      0.642   1.12e+00   1.61e+00   1.29e+00   4.06e+01   0.00e+00 (  5.90e+02,  1.65e+02)
29 e: 9.006e-04 i: 4.321e-03 :: e: 5.343e-02 i: 4.165e-02 :: n: 2.762e+01 e:24.400 i:33.848 v:4.993e+03
>>> tau_he = 5.000000, nhe(0)=3.612945e+00
 5     -0.075   2.15e-02   5.51e-01   7.80e-03  -3.52e-01   0.00e+00 (  1.45e+01,  5.50e+01)
10     -0.034   2.08e-01   4.93e-02  -7.36e-02  -2.03e-01   0.00e+00 (  1.25e+02,  1.07e+02)
15      0.088   2.22e-01   1.21e-01  -4.19e-02   6.29e-01   0.00e+00 (  1.14e+02,  1.48e+02)
20      0.357   5.27e-01   5.43e-01   1.83e-01   2.95e+00   0.00e+00 (  3.14e+02,  1.79e+02)
25      0.356   4.55e-01   4.90e-01   2.21e-01   3.31e+00   0.00e+00 (  2.89e+02,  2.07e+02)
30      0.215   4.17e-01   4.53e-01   1.90e-01   2.20e+00   0.00e+00 (  2.55e+02,  2.28e+02)
35      0.189   4.14e-01   4.94e-01   2.08e-01   2.10e+00   0.00e+00 (  2.52e+02,  2.42e+02)
40      0.176   4.27e-01   5.62e-01   1.81e-01   2.09e+00   0.00e+00 (  2.48e+02,  2.50e+02)
45      0.193   4.75e-01   6.88e-01   2.83e-01   2.43e+00   0.00e+00 (  2.45e+02,  2.53e+02)
50      0.213   5.40e-01   8.40e-01   3.54e-01   2.81e+00   0.00e+00 (  2.38e+02,  2.51e+02)
55      0.221   5.97e-01   9.82e-01   4.88e-01   3.05e+00   0.00e+00 (  2.27e+02,  2.45e+02)
60      0.231   6.45e-01   1.11e+00   6.34e-01   3.30e+00   0.00e+00 (  2.13e+02,  2.36e+02)
65      0.243   6.89e-01   1.22e+00   7.79e-01   3.57e+00   0.00e+00 (  2.00e+02,  2.26e+02)
70      0.253   7.38e-01   1.31e+00   9.12e-01   3.80e+00   0.00e+00 (  1.89e+02,  2.15e+02)
75      0.254   7.67e-01   1.36e+00   1.01e+00   3.91e+00   0.00e+00 (  1.78e+02,  2.04e+02)
80      0.247   7.64e-01   1.37e+00   1.04e+00   3.99e+00   0.00e+00 (  1.66e+02,  1.93e+02)
85      0.313   7.75e-01   1.39e+00   1.03e+00   6.11e+00   0.00e+00 (  1.43e+02,  1.83e+02)
90      0.610   1.37e+00   1.92e+00   1.24e+00   2.17e+01   0.00e+00 (  3.15e+02,  1.74e+02)
95      0.642   1.12e+00   1.61e+00   1.29e+00   4.06e+01   0.00e+00 (  5.90e+02,  1.65e+02)
30 e: 5.857e-04 i: 3.083e-03 :: e: 4.378e-02 i: 3.634e-02 :: n: 2.762e+01 e:24.393 i:33.819 v:4.993e+03
>>> tau_he = 5.000000, nhe(0)=3.611960e+00
 5     -0.074   2.14e-02   5.57e-01   7.94e-03  -3.48e-01   0.00e+00 (  1.45e+01,  5.50e+01)
10     -0.044   2.03e-01   4.45e-02  -7.02e-02  -2.62e-01   0.00e+00 (  1.22e+02,  1.07e+02)
15      0.571   6.71e-01   6.58e-01   1.32e-01   4.08e+00   0.00e+00 (  3.53e+02,  1.48e+02)
20      0.086   2.07e-01   1.61e-01  -4.97e-03   7.07e-01   0.00e+00 (  1.20e+02,  1.79e+02)
25      0.327   4.44e-01   4.69e-01   2.03e-01   3.04e+00   0.00e+00 (  2.77e+02,  2.07e+02)
30      0.215   4.17e-01   4.52e-01   1.88e-01   2.20e+00   0.00e+00 (  2.55e+02,  2.28e+02)
35      0.190   4.15e-01   4.94e-01   2.08e-01   2.10e+00   0.00e+00 (  2.53e+02,  2.42e+02)
40      0.176   4.27e-01   5.61e-01   1.81e-01   2.09e+00   0.00e+00 (  2.49e+02,  2.50e+02)
45      0.193   4.75e-01   6.87e-01   2.83e-01   2.43e+00   0.00e+00 (  2.45e+02,  2.53e+02)
50      0.213   5.40e-01   8.38e-01   3.53e-01   2.82e+00   0.00e+00 (  2.39e+02,  2.51e+02)
55      0.221   5.97e-01   9.81e-01   4.87e-01   3.05e+00   0.00e+00 (  2.27e+02,  2.45e+02)
60      0.232   6.45e-01   1.11e+00   6.34e-01   3.31e+00   0.00e+00 (  2.13e+02,  2.36e+02)
65      0.244   6.89e-01   1.22e+00   7.79e-01   3.58e+00   0.00e+00 (  2.00e+02,  2.26e+02)
70      0.254   7.39e-01   1.31e+00   9.13e-01   3.81e+00   0.00e+00 (  1.89e+02,  2.15e+02)
75      0.255   7.67e-01   1.36e+00   1.01e+00   3.92e+00   0.00e+00 (  1.78e+02,  2.04e+02)
80      0.248   7.64e-01   1.37e+00   1.04e+00   4.01e+00   0.00e+00 (  1.66e+02,  1.93e+02)
85      0.314   7.76e-01   1.39e+00   1.03e+00   6.13e+00   0.00e+00 (  1.43e+02,  1.83e+02)
90      0.610   1.37e+00   1.92e+00   1.24e+00   2.17e+01   0.00e+00 (  3.15e+02,  1.74e+02)
95      0.642   1.12e+00   1.61e+00   1.29e+00   4.06e+01   0.00e+00 (  5.90e+02,  1.65e+02)
31 e: 5.022e-04 i: 2.787e-03 :: e: 4.574e-02 i: 3.664e-02 :: n: 2.762e+01 e:24.355 i:33.809 v:4.993e+03
>>> tau_he = 5.000000, nhe(0)=3.611541e+00
 5     -0.075   2.10e-02   5.44e-01   7.32e-03  -3.54e-01   0.00e+00 (  1.42e+01,  5.50e+01)
10     -0.027   2.11e-01   5.18e-02  -7.52e-02  -1.59e-01   0.00e+00 (  1.25e+02,  1.07e+02)
15      0.096   2.20e-01   1.19e-01  -3.89e-02   6.87e-01   0.00e+00 (  1.12e+02,  1.48e+02)
20      0.089   2.14e-01   1.67e-01  -4.35e-03   7.36e-01   0.00e+00 (  1.26e+02,  1.79e+02)
25      0.222   4.26e-01   4.51e-01   1.25e-01   2.06e+00   0.00e+00 (  2.65e+02,  2.07e+02)
30      0.212   4.13e-01   4.54e-01   1.88e-01   2.17e+00   0.00e+00 (  2.53e+02,  2.28e+02)
35      0.190   4.17e-01   4.96e-01   2.09e-01   2.11e+00   0.00e+00 (  2.54e+02,  2.42e+02)
40      0.177   4.28e-01   5.63e-01   1.81e-01   2.10e+00   0.00e+00 (  2.50e+02,  2.50e+02)
45      0.194   4.77e-01   6.90e-01   2.84e-01   2.44e+00   0.00e+00 (  2.47e+02,  2.53e+02)
50      0.214   5.42e-01   8.42e-01   3.55e-01   2.83e+00   0.00e+00 (  2.40e+02,  2.51e+02)
55      0.222   5.99e-01   9.85e-01   4.89e-01   3.06e+00   0.00e+00 (  2.28e+02,  2.45e+02)
60      0.232   6.47e-01   1.11e+00   6.36e-01   3.31e+00   0.00e+00 (  2.15e+02,  2.36e+02)
65      0.244   6.92e-01   1.22e+00   7.82e-01   3.58e+00   0.00e+00 (  2.01e+02,  2.26e+02)
70      0.254   7.41e-01   1.31e+00   9.16e-01   3.82e+00   0.00e+00 (  1.90e+02,  2.15e+02)
75      0.255   7.70e-01   1.37e+00   1.02e+00   3.92e+00   0.00e+00 (  1.79e+02,  2.04e+02)
80      0.248   7.66e-01   1.37e+00   1.04e+00   4.01e+00   0.00e+00 (  1.67e+02,  1.93e+02)
85      0.314   7.77e-01   1.39e+00   1.03e+00   6.13e+00   0.00e+00 (  1.44e+02,  1.83e+02)
90      0.610   1.37e+00   1.92e+00   1.24e+00   2.17e+01   0.00e+00 (  3.15e+02,  1.74e+02)
95      0.642   1.12e+00   1.61e+00   1.29e+00   4.06e+01   0.00e+00 (  5.90e+02,  1.65e+02)
32 e: 2.789e-04 i: 1.660e-03 :: e: 3.742e-02 i: 3.198e-02 :: n: 2.762e+01 e:24.423 i:33.868 v:4.993e+03
>>> tau_he = 5.000000, nhe(0)=3.613800e+00
 5     -0.074   2.14e-02   5.58e-01   7.91e-03  -3.49e-01   0.00e+00 (  1.45e+01,  5.50e+01)
10     -0.035   2.05e-01   4.50e-02  -7.07e-02  -2.12e-01   0.00e+00 (  1.22e+02,  1.07e+02)
15      0.576   6.77e-01   6.62e-01   1.33e-01   4.12e+00   0.00e+00 (  3.53e+02,  1.48e+02)
20      0.378   5.43e-01   5.59e-01   1.94e-01   3.12e+00   0.00e+00 (  3.27e+02,  1.79e+02)
25      0.098   2.28e-01   2.12e-01   3.70e-03   9.08e-01   0.00e+00 (  1.41e+02,  2.07e+02)
30      0.210   4.12e-01   4.52e-01   1.86e-01   2.15e+00   0.00e+00 (  2.51e+02,  2.28e+02)
35      0.189   4.16e-01   4.95e-01   2.09e-01   2.10e+00   0.00e+00 (  2.53e+02,  2.42e+02)
40      0.176   4.28e-01   5.62e-01   1.81e-01   2.09e+00   0.00e+00 (  2.50e+02,  2.50e+02)
45      0.193   4.76e-01   6.89e-01   2.83e-01   2.43e+00   0.00e+00 (  2.47e+02,  2.53e+02)
50      0.213   5.42e-01   8.41e-01   3.55e-01   2.82e+00   0.00e+00 (  2.40e+02,  2.51e+02)
55      0.221   5.99e-01   9.84e-01   4.89e-01   3.05e+00   0.00e+00 (  2.28e+02,  2.45e+02)
60      0.232   6.47e-01   1.11e+00   6.36e-01   3.31e+00   0.00e+00 (  2.15e+02,  2.36e+02)
65      0.244   6.92e-01   1.22e+00   7.82e-01   3.58e+00   0.00e+00 (  2.01e+02,  2.26e+02)
70      0.254   7.42e-01   1.31e+00   9.16e-01   3.81e+00   0.00e+00 (  1.90e+02,  2.15e+02)
75      0.254   7.70e-01   1.37e+00   1.02e+00   3.92e+00   0.00e+00 (  1.79e+02,  2.04e+02)
80      0.248   7.67e-01   1.37e+00   1.04e+00   4.01e+00   0.00e+00 (  1.67e+02,  1.93e+02)
85      0.314   7.77e-01   1.39e+00   1.03e+00   6.13e+00   0.00e+00 (  1.44e+02,  1.83e+02)
90      0.610   1.37e+00   1.92e+00   1.24e+00   2.17e+01   0.00e+00 (  3.15e+02,  1.74e+02)
95      0.642   1.12e+00   1.61e+00   1.29e+00   4.06e+01   0.00e+00 (  5.90e+02,  1.65e+02)
33 e: 8.062e-04 i: 3.633e-03 :: e: 5.837e-02 i: 4.557e-02 :: n: 2.762e+01 e:24.318 i:33.790 v:4.993e+03
>>> tau_he = 5.000000, nhe(0)=3.610831e+00
 5     -0.076   2.10e-02   5.42e-01   7.29e-03  -3.55e-01   0.00e+00 (  1.42e+01,  5.50e+01)
10     -0.021   2.11e-01   5.22e-02  -7.53e-02  -1.25e-01   0.00e+00 (  1.25e+02,  1.07e+02)
15      0.098   2.19e-01   1.16e-01  -3.59e-02   6.99e-01   0.00e+00 (  1.09e+02,  1.48e+02)
20      0.088   2.09e-01   1.62e-01  -4.91e-03   7.25e-01   0.00e+00 (  1.21e+02,  1.79e+02)
25      0.335   4.50e-01   4.77e-01   2.08e-01   3.11e+00   0.00e+00 (  2.82e+02,  2.07e+02)
30      0.215   4.18e-01   4.53e-01   1.88e-01   2.20e+00   0.00e+00 (  2.56e+02,  2.28e+02)
35      0.190   4.16e-01   4.94e-01   2.08e-01   2.11e+00   0.00e+00 (  2.53e+02,  2.42e+02)
40      0.176   4.28e-01   5.61e-01   1.81e-01   2.10e+00   0.00e+00 (  2.49e+02,  2.50e+02)
45      0.193   4.76e-01   6.87e-01   2.83e-01   2.44e+00   0.00e+00 (  2.46e+02,  2.53e+02)
50      0.214   5.41e-01   8.39e-01   3.54e-01   2.83e+00   0.00e+00 (  2.39e+02,  2.51e+02)
55      0.222   5.98e-01   9.82e-01   4.88e-01   3.06e+00   0.00e+00 (  2.28e+02,  2.45e+02)
60      0.233   6.47e-01   1.11e+00   6.35e-01   3.32e+00   0.00e+00 (  2.14e+02,  2.36e+02)
65      0.245   6.92e-01   1.22e+00   7.81e-01   3.59e+00   0.00e+00 (  2.01e+02,  2.26e+02)
70      0.254   7.41e-01   1.31e+00   9.16e-01   3.83e+00   0.00e+00 (  1.90e+02,  2.15e+02)
75      0.255   7.70e-01   1.37e+00   1.02e+00   3.93e+00   0.00e+00 (  1.79e+02,  2.04e+02)
80      0.249   7.67e-01   1.38e+00   1.05e+00   4.02e+00   0.00e+00 (  1.67e+02,  1.93e+02)
85      0.315   7.78e-01   1.40e+00   1.03e+00   6.15e+00   0.00e+00 (  1.44e+02,  1.83e+02)
90      0.611   1.37e+00   1.92e+00   1.24e+00   2.17e+01   0.00e+00 (  3.15e+02,  1.74e+02)
95      0.642   1.12e+00   1.61e+00   1.29e+00   4.06e+01   0.00e+00 (  5.90e+02,  1.65e+02)
34 e: 3.245e-04 i: 1.869e-03 :: e: 4.220e-02 i: 3.413e-02 :: n: 2.762e+01 e:24.408 i:33.802 v:4.993e+03
>>> tau_he = 5.000000, nhe(0)=3.611220e+00
 5     -0.074   2.14e-02   5.55e-01   7.89e-03  -3.49e-01   0.00e+00 (  1.45e+01,  5.50e+01)
10     -0.030   2.06e-01   4.54e-02  -7.10e-02  -1.78e-01   0.00e+00 (  1.22e+02,  1.07e+02)
15      0.552   6.55e-01   6.46e-01   1.25e-01   3.94e+00   0.00e+00 (  3.36e+02,  1.48e+02)
20      0.367   5.33e-01   5.50e-01   1.88e-01   3.03e+00   0.00e+00 (  3.16e+02,  1.79e+02)
25      0.222   4.27e-01   4.53e-01   1.28e-01   2.06e+00   0.00e+00 (  2.66e+02,  2.07e+02)
30      0.211   4.13e-01   4.54e-01   1.87e-01   2.16e+00   0.00e+00 (  2.52e+02,  2.28e+02)
35      0.189   4.16e-01   4.95e-01   2.09e-01   2.10e+00   0.00e+00 (  2.54e+02,  2.42e+02)
40      0.176   4.28e-01   5.63e-01   1.81e-01   2.09e+00   0.00e+00 (  2.50e+02,  2.50e+02)
45      0.193   4.77e-01   6.91e-01   2.84e-01   2.43e+00   0.00e+00 (  2.47e+02,  2.53e+02)
50      0.213   5.43e-01   8.44e-01   3.56e-01   2.82e+00   0.00e+00 (  2.41e+02,  2.51e+02)
55      0.222   6.00e-01   9.87e-01   4.90e-01   3.06e+00   0.00e+00 (  2.29e+02,  2.45e+02)
60      0.232   6.48e-01   1.11e+00   6.37e-01   3.31e+00   0.00e+00 (  2.15e+02,  2.36e+02)
65      0.244   6.93e-01   1.22e+00   7.83e-01   3.58e+00   0.00e+00 (  2.02e+02,  2.26e+02)
70      0.253   7.43e-01   1.31e+00   9.17e-01   3.81e+00   0.00e+00 (  1.91e+02,  2.15e+02)
75      0.254   7.71e-01   1.37e+00   1.02e+00   3.91e+00   0.00e+00 (  1.80e+02,  2.04e+02)
80      0.248   7.68e-01   1.38e+00   1.05e+00   4.00e+00   0.00e+00 (  1.67e+02,  1.93e+02)
85      0.314   7.78e-01   1.39e+00   1.03e+00   6.13e+00   0.00e+00 (  1.44e+02,  1.83e+02)
90      0.610   1.37e+00   1.92e+00   1.24e+00   2.17e+01   0.00e+00 (  3.15e+02,  1.74e+02)
95      0.642   1.12e+00   1.61e+00   1.29e+00   4.06e+01   0.00e+00 (  5.90e+02,  1.65e+02)
35 e: 4.175e-04 i: 1.914e-03 :: e: 4.551e-02 i: 3.705e-02 :: n: 2.762e+01 e:24.238 i:33.633 v:4.993e+03
>>> tau_he = 5.000000, nhe(0)=3.604559e+00
 5     -0.075   2.08e-02   5.37e-01   7.26e-03  -3.54e-01   0.00e+00 (  1.41e+01,  5.50e+01)
10     -0.017   2.11e-01   5.23e-02  -7.52e-02  -1.04e-01   0.00e+00 (  1.23e+02,  1.07e+02)
15      0.098   2.17e-01   1.14e-01  -3.46e-02   7.02e-01   0.00e+00 (  1.07e+02,  1.48e+02)
20      0.099   2.22e-01   1.81e-01  -5.39e-03   8.20e-01   0.00e+00 (  1.27e+02,  1.79e+02)
25      0.098   2.27e-01   2.11e-01   8.45e-03   9.12e-01   0.00e+00 (  1.39e+02,  2.07e+02)
30      0.211   4.12e-01   4.52e-01   1.85e-01   2.16e+00   0.00e+00 (  2.51e+02,  2.28e+02)
35      0.190   4.16e-01   4.93e-01   2.08e-01   2.11e+00   0.00e+00 (  2.53e+02,  2.42e+02)
40      0.176   4.28e-01   5.60e-01   1.81e-01   2.10e+00   0.00e+00 (  2.49e+02,  2.50e+02)
45      0.193   4.76e-01   6.86e-01   2.83e-01   2.44e+00   0.00e+00 (  2.46e+02,  2.53e+02)
50      0.213   5.41e-01   8.38e-01   3.53e-01   2.83e+00   0.00e+00 (  2.39e+02,  2.51e+02)
55      0.222   5.98e-01   9.81e-01   4.87e-01   3.06e+00   0.00e+00 (  2.28e+02,  2.45e+02)
60      0.233   6.47e-01   1.11e+00   6.35e-01   3.32e+00   0.00e+00 (  2.14e+02,  2.36e+02)
65      0.245   6.91e-01   1.22e+00   7.81e-01   3.59e+00   0.00e+00 (  2.01e+02,  2.26e+02)
70      0.255   7.41e-01   1.31e+00   9.15e-01   3.83e+00   0.00e+00 (  1.90e+02,  2.15e+02)
75      0.256   7.70e-01   1.37e+00   1.02e+00   3.94e+00   0.00e+00 (  1.79e+02,  2.04e+02)
80      0.249   7.67e-01   1.38e+00   1.05e+00   4.03e+00   0.00e+00 (  1.67e+02,  1.93e+02)
85      0.315   7.79e-01   1.40e+00   1.03e+00   6.16e+00   0.00e+00 (  1.44e+02,  1.83e+02)
90      0.611   1.37e+00   1.93e+00   1.24e+00   2.17e+01   0.00e+00 (  3.15e+02,  1.74e+02)
95      0.642   1.12e+00   1.61e+00   1.29e+00   4.06e+01   0.00e+00 (  5.90e+02,  1.65e+02)
36 e: 2.296e-04 i: 1.115e-03 :: e: 4.776e-02 i: 3.810e-02 :: n: 2.762e+01 e:24.363 i:33.684 v:4.993e+03
>>> tau_he = 5.000000, nhe(0)=3.606423e+00
 5     -0.074   2.12e-02   5.51e-01   7.88e-03  -3.46e-01   0.00e+00 (  1.44e+01,  5.50e+01)
10     -0.026   2.05e-01   4.46e-02  -7.04e-02  -1.56e-01   0.00e+00 (  1.20e+02,  1.07e+02)
15      0.098   2.23e-01   1.23e-01  -4.08e-02   7.01e-01   0.00e+00 (  1.13e+02,  1.48e+02)
20      0.055   2.19e-01   1.73e-01   1.51e-03   4.54e-01   0.00e+00 (  1.28e+02,  1.79e+02)
25      0.333   4.48e-01   4.76e-01   2.09e-01   3.09e+00   0.00e+00 (  2.81e+02,  2.07e+02)
30      0.214   4.16e-01   4.52e-01   1.89e-01   2.19e+00   0.00e+00 (  2.54e+02,  2.28e+02)
35      0.189   4.15e-01   4.94e-01   2.08e-01   2.10e+00   0.00e+00 (  2.52e+02,  2.42e+02)
40      0.175   4.27e-01   5.63e-01   1.80e-01   2.09e+00   0.00e+00 (  2.49e+02,  2.50e+02)
45      0.193   4.77e-01   6.91e-01   2.84e-01   2.43e+00   0.00e+00 (  2.47e+02,  2.53e+02)
50      0.213   5.42e-01   8.43e-01   3.56e-01   2.82e+00   0.00e+00 (  2.40e+02,  2.51e+02)
55      0.221   5.99e-01   9.86e-01   4.90e-01   3.05e+00   0.00e+00 (  2.29e+02,  2.45e+02)
60      0.231   6.48e-01   1.11e+00   6.37e-01   3.30e+00   0.00e+00 (  2.15e+02,  2.36e+02)
65      0.243   6.94e-01   1.22e+00   7.78e-01   3.57e+00   0.00e+00 (  2.02e+02,  2.26e+02)
70      0.253   7.42e-01   1.31e+00   9.16e-01   3.80e+00   0.00e+00 (  1.91e+02,  2.15e+02)
75      0.253   7.71e-01   1.37e+00   1.02e+00   3.91e+00   0.00e+00 (  1.79e+02,  2.04e+02)
80      0.247   7.67e-01   1.37e+00   1.04e+00   3.99e+00   0.00e+00 (  1.67e+02,  1.93e+02)
85      0.314   7.81e-01   1.40e+00   1.05e+00   6.13e+00   0.00e+00 (  1.45e+02,  1.83e+02)
90      0.610   1.37e+00   1.92e+00   1.24e+00   2.17e+01   0.00e+00 (  3.15e+02,  1.74e+02)
95      0.642   1.12e+00   1.61e+00   1.29e+00   4.06e+01   0.00e+00 (  5.90e+02,  1.65e+02)
37 e: 3.521e-04 i: 1.885e-03 :: e: 3.770e-02 i: 3.163e-02 :: n: 2.762e+01 e:24.379 i:33.916 v:4.993e+03
>>> tau_he = 5.000000, nhe(0)=3.615546e+00
 5     -0.073   2.14e-02   5.63e-01   8.00e-03  -3.45e-01   0.00e+00 (  1.45e+01,  5.50e+01)
10     -0.035   2.02e-01   4.06e-02  -6.75e-02  -2.06e-01   0.00e+00 (  1.19e+02,  1.07e+02)
15      0.605   6.94e-01   6.82e-01   1.43e-01   4.32e+00   0.00e+00 (  3.64e+02,  1.48e+02)
20      0.384   5.46e-01   5.62e-01   1.95e-01   3.17e+00   0.00e+00 (  3.28e+02,  1.79e+02)
25      0.221   4.24e-01   4.50e-01   1.27e-01   2.05e+00   0.00e+00 (  2.64e+02,  2.07e+02)
30      0.212   4.13e-01   4.47e-01   1.85e-01   2.17e+00   0.00e+00 (  2.52e+02,  2.28e+02)
35      0.187   4.13e-01   4.90e-01   2.06e-01   2.08e+00   0.00e+00 (  2.50e+02,  2.42e+02)
40      0.174   4.25e-01   5.58e-01   1.79e-01   2.07e+00   0.00e+00 (  2.47e+02,  2.50e+02)
45      0.191   4.74e-01   6.84e-01   2.81e-01   2.41e+00   0.00e+00 (  2.44e+02,  2.53e+02)
50      0.212   5.39e-01   8.35e-01   3.52e-01   2.80e+00   0.00e+00 (  2.38e+02,  2.51e+02)
55      0.221   5.96e-01   9.78e-01   4.86e-01   3.04e+00   0.00e+00 (  2.26e+02,  2.45e+02)
60      0.231   6.44e-01   1.11e+00   6.32e-01   3.30e+00   0.00e+00 (  2.13e+02,  2.36e+02)
65      0.243   6.89e-01   1.21e+00   7.78e-01   3.57e+00   0.00e+00 (  2.00e+02,  2.26e+02)
70      0.253   7.39e-01   1.31e+00   9.12e-01   3.81e+00   0.00e+00 (  1.89e+02,  2.15e+02)
75      0.255   7.68e-01   1.36e+00   1.01e+00   3.92e+00   0.00e+00 (  1.78e+02,  2.04e+02)
80      0.248   7.65e-01   1.37e+00   1.04e+00   4.02e+00   0.00e+00 (  1.66e+02,  1.93e+02)
85      0.314   7.77e-01   1.39e+00   1.03e+00   6.14e+00   0.00e+00 (  1.43e+02,  1.83e+02)
90      0.610   1.37e+00   1.92e+00   1.24e+00   2.17e+01   0.00e+00 (  3.15e+02,  1.74e+02)
95      0.642   1.12e+00   1.61e+00   1.29e+00   4.06e+01   0.00e+00 (  5.90e+02,  1.65e+02)
38 e: 5.362e-04 i: 2.522e-03 :: e: 4.912e-02 i: 3.932e-02 :: n: 2.762e+01 e:24.299 i:33.830 v:4.993e+03
>>> tau_he = 5.000000, nhe(0)=3.612433e+00
 5     -0.076   2.11e-02   5.45e-01   7.35e-03  -3.56e-01   0.00e+00 (  1.43e+01,  5.50e+01)
10     -0.021   2.11e-01   5.12e-02  -7.46e-02  -1.24e-01   0.00e+00 (  1.24e+02,  1.07e+02)
15      0.099   2.22e-01   1.21e-01  -3.93e-02   7.10e-01   0.00e+00 (  1.12e+02,  1.48e+02)
20      0.089   2.09e-01   1.64e-01  -4.60e-03   7.31e-01   0.00e+00 (  1.21e+02,  1.79e+02)
25      0.099   2.29e-01   2.13e-01   2.23e-03   9.20e-01   0.00e+00 (  1.41e+02,  2.07e+02)
30      0.211   4.13e-01   4.53e-01   1.87e-01   2.16e+00   0.00e+00 (  2.52e+02,  2.28e+02)
35      0.190   4.16e-01   4.94e-01   2.09e-01   2.11e+00   0.00e+00 (  2.53e+02,  2.42e+02)
40      0.177   4.28e-01   5.62e-01   1.81e-01   2.10e+00   0.00e+00 (  2.49e+02,  2.50e+02)
45      0.194   4.76e-01   6.89e-01   2.84e-01   2.44e+00   0.00e+00 (  2.46e+02,  2.53e+02)
50      0.214   5.41e-01   8.41e-01   3.54e-01   2.83e+00   0.00e+00 (  2.39e+02,  2.51e+02)
55      0.222   5.98e-01   9.83e-01   4.89e-01   3.07e+00   0.00e+00 (  2.28e+02,  2.45e+02)
60      0.233   6.46e-01   1.11e+00   6.36e-01   3.32e+00   0.00e+00 (  2.14e+02,  2.36e+02)
65      0.244   6.91e-01   1.22e+00   7.81e-01   3.59e+00   0.00e+00 (  2.01e+02,  2.26e+02)
70      0.254   7.41e-01   1.31e+00   9.15e-01   3.82e+00   0.00e+00 (  1.90e+02,  2.15e+02)
75      0.255   7.69e-01   1.37e+00   1.02e+00   3.92e+00   0.00e+00 (  1.78e+02,  2.04e+02)
80      0.248   7.66e-01   1.37e+00   1.04e+00   4.01e+00   0.00e+00 (  1.67e+02,  1.93e+02)
85      0.314   7.77e-01   1.39e+00   1.03e+00   6.14e+00   0.00e+00 (  1.44e+02,  1.83e+02)
90      0.610   1.37e+00   1.92e+00   1.24e+00   2.17e+01   0.00e+00 (  3.15e+02,  1.74e+02)
95      0.642   1.12e+00   1.61e+00   1.29e+00   4.06e+01   0.00e+00 (  5.90e+02,  1.65e+02)
39 e: 2.265e-04 i: 1.100e-03 :: e: 4.626e-02 i: 3.674e-02 :: n: 2.762e+01 e:24.421 i:33.945 v:4.993e+03
>>> tau_he = 5.000000, nhe(0)=3.616831e+00
 5     -0.074   2.15e-02   5.62e-01   7.95e-03  -3.50e-01   0.00e+00 (  1.46e+01,  5.50e+01)
10     -0.029   2.06e-01   4.38e-02  -6.98e-02  -1.70e-01   0.00e+00 (  1.21e+02,  1.07e+02)
15      0.586   6.84e-01   6.68e-01   1.36e-01   4.19e+00   0.00e+00 (  3.53e+02,  1.48e+02)
20      0.380   5.46e-01   5.59e-01   1.92e-01   3.14e+00   0.00e+00 (  3.24e+02,  1.79e+02)
25      0.341   4.57e-01   4.83e-01   2.14e-01   3.16e+00   0.00e+00 (  2.88e+02,  2.07e+02)
30      0.214   4.17e-01   4.53e-01   1.89e-01   2.19e+00   0.00e+00 (  2.56e+02,  2.28e+02)
35      0.189   4.15e-01   4.94e-01   2.08e-01   2.10e+00   0.00e+00 (  2.53e+02,  2.42e+02)
40      0.175   4.28e-01   5.62e-01   1.81e-01   2.09e+00   0.00e+00 (  2.49e+02,  2.50e+02)
45      0.193   4.76e-01   6.90e-01   2.83e-01   2.43e+00   0.00e+00 (  2.47e+02,  2.53e+02)
50      0.213   5.41e-01   8.42e-01   3.55e-01   2.82e+00   0.00e+00 (  2.40e+02,  2.51e+02)
55      0.221   5.99e-01   9.85e-01   4.89e-01   3.05e+00   0.00e+00 (  2.28e+02,  2.45e+02)
60      0.232   6.47e-01   1.11e+00   6.36e-01   3.31e+00   0.00e+00 (  2.15e+02,  2.36e+02)
65      0.243   6.91e-01   1.22e+00   7.81e-01   3.57e+00   0.00e+00 (  2.01e+02,  2.26e+02)
70      0.253   7.41e-01   1.31e+00   9.15e-01   3.81e+00   0.00e+00 (  1.90e+02,  2.15e+02)
75      0.254   7.70e-01   1.37e+00   1.02e+00   3.91e+00   0.00e+00 (  1.79e+02,  2.04e+02)
80      0.248   7.66e-01   1.37e+00   1.04e+00   4.00e+00   0.00e+00 (  1.67e+02,  1.93e+02)
85      0.314   7.77e-01   1.39e+00   1.03e+00   6.13e+00   0.00e+00 (  1.44e+02,  1.83e+02)
90      0.610   1.37e+00   1.92e+00   1.24e+00   2.17e+01   0.00e+00 (  3.15e+02,  1.74e+02)
95      0.642   1.12e+00   1.61e+00   1.29e+00   4.06e+01   0.00e+00 (  5.90e+02,  1.65e+02)
40 e: 4.705e-04 i: 2.071e-03 :: e: 5.033e-02 i: 3.950e-02 :: n: 2.762e+01 e:24.273 i:33.844 v:4.993e+03
>>> tau_he = 5.000000, nhe(0)=3.613017e+00
 5     -0.076   2.11e-02   5.44e-01   7.28e-03  -3.59e-01   0.00e+00 (  1.43e+01,  5.50e+01)
10     -0.015   2.13e-01   5.26e-02  -7.54e-02  -8.77e-02   0.00e+00 (  1.24e+02,  1.07e+02)
15      0.101   2.21e-01   1.18e-01  -3.62e-02   7.24e-01   0.00e+00 (  1.09e+02,  1.48e+02)
20      0.101   2.28e-01   1.84e-01  -5.38e-03   8.33e-01   0.00e+00 (  1.30e+02,  1.79e+02)
25      0.223   4.28e-01   4.53e-01   1.25e-01   2.07e+00   0.00e+00 (  2.66e+02,  2.07e+02)
30      0.215   4.19e-01   4.53e-01   1.88e-01   2.21e+00   0.00e+00 (  2.56e+02,  2.28e+02)
35      0.190   4.17e-01   4.94e-01   2.09e-01   2.11e+00   0.00e+00 (  2.54e+02,  2.42e+02)
40      0.177   4.28e-01   5.61e-01   1.81e-01   2.10e+00   0.00e+00 (  2.50e+02,  2.50e+02)
45      0.194   4.76e-01   6.87e-01   2.83e-01   2.45e+00   0.00e+00 (  2.46e+02,  2.53e+02)
50      0.214   5.41e-01   8.39e-01   3.53e-01   2.83e+00   0.00e+00 (  2.40e+02,  2.51e+02)
55      0.223   5.98e-01   9.82e-01   4.88e-01   3.07e+00   0.00e+00 (  2.28e+02,  2.45e+02)
60      0.233   6.47e-01   1.11e+00   6.35e-01   3.33e+00   0.00e+00 (  2.14e+02,  2.36e+02)
65      0.245   6.91e-01   1.22e+00   7.81e-01   3.60e+00   0.00e+00 (  2.01e+02,  2.26e+02)
70      0.255   7.41e-01   1.31e+00   9.15e-01   3.83e+00   0.00e+00 (  1.90e+02,  2.15e+02)
75      0.256   7.70e-01   1.37e+00   1.02e+00   3.94e+00   0.00e+00 (  1.79e+02,  2.04e+02)
80      0.249   7.67e-01   1.38e+00   1.05e+00   4.03e+00   0.00e+00 (  1.67e+02,  1.93e+02)
85      0.315   7.79e-01   1.40e+00   1.03e+00   6.16e+00   0.00e+00 (  1.44e+02,  1.83e+02)
90      0.611   1.37e+00   1.93e+00   1.24e+00   2.17e+01   0.00e+00 (  3.15e+02,  1.74e+02)
95      0.642   1.12e+00   1.61e+00   1.29e+00   4.06e+01   0.00e+00 (  5.90e+02,  1.65e+02)
41 e: 2.818e-04 i: 1.597e-03 :: e: 3.762e-02 i: 2.977e-02 :: n: 2.762e+01 e:24.373 i:33.807 v:4.993e+03
>>> tau_he = 5.000000, nhe(0)=3.611484e+00
 5     -0.075   2.14e-02   5.55e-01   7.90e-03  -3.51e-01   0.00e+00 (  1.46e+01,  5.50e+01)
10     -0.024   2.07e-01   4.56e-02  -7.10e-02  -1.45e-01   0.00e+00 (  1.21e+02,  1.07e+02)
15      0.573   6.67e-01   6.52e-01   1.30e-01   4.10e+00   0.00e+00 (  3.40e+02,  1.48e+02)
20      0.364   5.31e-01   5.41e-01   1.83e-01   3.01e+00   0.00e+00 (  3.10e+02,  1.79e+02)
25      0.099   2.30e-01   2.14e-01   2.37e-03   9.21e-01   0.00e+00 (  1.42e+02,  2.07e+02)
30      0.211   4.13e-01   4.54e-01   1.87e-01   2.16e+00   0.00e+00 (  2.52e+02,  2.28e+02)
35      0.190   4.17e-01   4.96e-01   2.09e-01   2.11e+00   0.00e+00 (  2.54e+02,  2.42e+02)
40      0.176   4.29e-01   5.64e-01   1.81e-01   2.10e+00   0.00e+00 (  2.51e+02,  2.50e+02)
45      0.194   4.78e-01   6.93e-01   2.85e-01   2.44e+00   0.00e+00 (  2.48e+02,  2.53e+02)
50      0.214   5.44e-01   8.46e-01   3.56e-01   2.83e+00   0.00e+00 (  2.41e+02,  2.51e+02)
55      0.222   6.01e-01   9.89e-01   4.91e-01   3.07e+00   0.00e+00 (  2.30e+02,  2.45e+02)
60      0.232   6.49e-01   1.12e+00   6.39e-01   3.31e+00   0.00e+00 (  2.16e+02,  2.36e+02)
65      0.244   6.94e-01   1.22e+00   7.84e-01   3.58e+00   0.00e+00 (  2.02e+02,  2.26e+02)
70      0.253   7.44e-01   1.32e+00   9.18e-01   3.81e+00   0.00e+00 (  1.91e+02,  2.15e+02)
75      0.254   7.72e-01   1.37e+00   1.02e+00   3.91e+00   0.00e+00 (  1.80e+02,  2.04e+02)
80      0.248   7.68e-01   1.38e+00   1.05e+00   4.00e+00   0.00e+00 (  1.68e+02,  1.93e+02)
85      0.314   7.82e-01   1.40e+00   1.05e+00   6.14e+00   0.00e+00 (  1.45e+02,  1.83e+02)
90      0.610   1.37e+00   1.92e+00   1.24e+00   2.17e+01   0.00e+00 (  3.16e+02,  1.74e+02)
95      0.642   1.12e+00   1.61e+00   1.29e+00   4.06e+01   0.00e+00 (  5.90e+02,  1.65e+02)
42 e: 6.856e-04 i: 3.220e-03 :: e: 5.364e-02 i: 4.295e-02 :: n: 2.762e+01 e:24.232 i:33.744 v:4.993e+03
>>> tau_he = 5.000000, nhe(0)=3.608958e+00
 5     -0.076   2.09e-02   5.40e-01   7.26e-03  -3.56e-01   0.00e+00 (  1.42e+01,  5.50e+01)
10     -0.011   2.12e-01   5.19e-02  -7.48e-02  -6.52e-02   0.00e+00 (  1.23e+02,  1.07e+02)
15      0.101   2.17e-01   1.14e-01  -2.64e-02   7.19e-01   0.00e+00 (  1.06e+02,  1.48e+02)
20      0.103   2.26e-01   1.80e-01  -5.08e-03   8.47e-01   0.00e+00 (  1.28e+02,  1.79e+02)
25      0.336   4.51e-01   4.77e-01   2.08e-01   3.11e+00   0.00e+00 (  2.81e+02,  2.07e+02)
30      0.215   4.18e-01   4.52e-01   1.88e-01   2.20e+00   0.00e+00 (  2.56e+02,  2.28e+02)
35      0.190   4.16e-01   4.93e-01   2.08e-01   2.11e+00   0.00e+00 (  2.53e+02,  2.42e+02)
40      0.176   4.28e-01   5.60e-01   1.80e-01   2.10e+00   0.00e+00 (  2.49e+02,  2.50e+02)
45      0.193   4.76e-01   6.86e-01   2.83e-01   2.44e+00   0.00e+00 (  2.46e+02,  2.53e+02)
50      0.214   5.41e-01   8.38e-01   3.53e-01   2.83e+00   0.00e+00 (  2.39e+02,  2.51e+02)
55      0.222   5.98e-01   9.81e-01   4.87e-01   3.07e+00   0.00e+00 (  2.28e+02,  2.45e+02)
60      0.233   6.47e-01   1.11e+00   6.35e-01   3.32e+00   0.00e+00 (  2.14e+02,  2.36e+02)
65      0.245   6.91e-01   1.22e+00   7.81e-01   3.60e+00   0.00e+00 (  2.01e+02,  2.26e+02)
70      0.255   7.41e-01   1.31e+00   9.16e-01   3.83e+00   0.00e+00 (  1.90e+02,  2.15e+02)
75      0.256   7.70e-01   1.37e+00   1.02e+00   3.94e+00   0.00e+00 (  1.79e+02,  2.04e+02)
80      0.250   7.68e-01   1.38e+00   1.05e+00   4.04e+00   0.00e+00 (  1.67e+02,  1.93e+02)
85      0.315   7.79e-01   1.40e+00   1.03e+00   6.16e+00   0.00e+00 (  1.44e+02,  1.83e+02)
90      0.611   1.37e+00   1.93e+00   1.24e+00   2.17e+01   0.00e+00 (  3.15e+02,  1.74e+02)
95      0.642   1.12e+00   1.61e+00   1.29e+00   4.06e+01   0.00e+00 (  5.90e+02,  1.65e+02)
43 e: 3.439e-04 i: 1.863e-03 :: e: 4.112e-02 i: 3.293e-02 :: n: 2.762e+01 e:24.341 i:33.723 v:4.993e+03
>>> tau_he = 5.000000, nhe(0)=3.608061e+00
 5     -0.074   2.13e-02   5.52e-01   7.88e-03  -3.50e-01   0.00e+00 (  1.45e+01,  5.50e+01)
10     -0.021   2.06e-01   4.53e-02  -7.08e-02  -1.27e-01   0.00e+00 (  1.20e+02,  1.07e+02)
15      0.103   2.26e-01   1.25e-01  -5.24e-02   7.38e-01   0.00e+00 (  1.14e+02,  1.48e+02)
20      0.093   2.17e-01   1.67e-01  -3.24e-03   7.68e-01   0.00e+00 (  1.26e+02,  1.79e+02)
25      0.224   4.27e-01   4.53e-01   1.28e-01   2.08e+00   0.00e+00 (  2.65e+02,  2.07e+02)
30      0.211   4.13e-01   4.54e-01   1.88e-01   2.16e+00   0.00e+00 (  2.52e+02,  2.28e+02)
35      0.189   4.16e-01   4.95e-01   2.09e-01   2.10e+00   0.00e+00 (  2.54e+02,  2.42e+02)
40      0.176   4.29e-01   5.64e-01   1.81e-01   2.09e+00   0.00e+00 (  2.50e+02,  2.50e+02)
45      0.194   4.78e-01   6.92e-01   2.85e-01   2.44e+00   0.00e+00 (  2.48e+02,  2.53e+02)
50      0.214   5.43e-01   8.45e-01   3.56e-01   2.83e+00   0.00e+00 (  2.41e+02,  2.51e+02)
55      0.222   6.01e-01   9.88e-01   4.91e-01   3.06e+00   0.00e+00 (  2.29e+02,  2.45e+02)
60      0.232   6.49e-01   1.12e+00   6.38e-01   3.31e+00   0.00e+00 (  2.16e+02,  2.36e+02)
65      0.244   6.94e-01   1.22e+00   7.84e-01   3.58e+00   0.00e+00 (  2.02e+02,  2.26e+02)
70      0.253   7.43e-01   1.32e+00   9.18e-01   3.81e+00   0.00e+00 (  1.91e+02,  2.15e+02)
75      0.254   7.72e-01   1.37e+00   1.02e+00   3.91e+00   0.00e+00 (  1.80e+02,  2.04e+02)
80      0.247   7.68e-01   1.38e+00   1.05e+00   4.00e+00   0.00e+00 (  1.68e+02,  1.93e+02)
85      0.314   7.82e-01   1.40e+00   1.05e+00   6.13e+00   0.00e+00 (  1.45e+02,  1.83e+02)
90      0.610   1.37e+00   1.92e+00   1.24e+00   2.17e+01   0.00e+00 (  3.16e+02,  1.74e+02)
95      0.642   1.12e+00   1.61e+00   1.29e+00   4.06e+01   0.00e+00 (  5.90e+02,  1.65e+02)
44 e: 3.200e-04 i: 1.708e-03 :: e: 3.610e-02 i: 3.026e-02 :: n: 2.762e+01 e:24.342 i:33.931 v:4.993e+03
>>> tau_he = 5.000000, nhe(0)=3.616160e+00
 5     -0.074   2.15e-02   5.64e-01   8.00e-03  -3.46e-01   0.00e+00 (  1.46e+01,  5.50e+01)
10     -0.030   2.02e-01   4.07e-02  -6.75e-02  -1.77e-01   0.00e+00 (  1.19e+02,  1.07e+02)
15      0.614   7.00e-01   6.86e-01   1.45e-01   4.39e+00   0.00e+00 (  3.64e+02,  1.48e+02)
20      0.383   5.47e-01   5.57e-01   1.92e-01   3.16e+00   0.00e+00 (  3.24e+02,  1.79e+02)
25      0.099   2.28e-01   2.12e-01   2.39e-03   9.14e-01   0.00e+00 (  1.41e+02,  2.07e+02)
30      0.212   4.14e-01   4.47e-01   1.84e-01   2.17e+00   0.00e+00 (  2.51e+02,  2.28e+02)
35      0.188   4.13e-01   4.91e-01   2.06e-01   2.09e+00   0.00e+00 (  2.51e+02,  2.42e+02)
40      0.175   4.26e-01   5.59e-01   1.79e-01   2.08e+00   0.00e+00 (  2.48e+02,  2.50e+02)
45      0.192   4.74e-01   6.85e-01   2.82e-01   2.42e+00   0.00e+00 (  2.45e+02,  2.53e+02)
50      0.212   5.39e-01   8.36e-01   3.53e-01   2.81e+00   0.00e+00 (  2.38e+02,  2.51e+02)
55      0.221   5.97e-01   9.79e-01   4.87e-01   3.05e+00   0.00e+00 (  2.27e+02,  2.45e+02)
60      0.232   6.45e-01   1.11e+00   6.33e-01   3.31e+00   0.00e+00 (  2.13e+02,  2.36e+02)
65      0.244   6.90e-01   1.22e+00   7.79e-01   3.58e+00   0.00e+00 (  2.00e+02,  2.26e+02)
70      0.254   7.40e-01   1.31e+00   9.13e-01   3.82e+00   0.00e+00 (  1.89e+02,  2.15e+02)
75      0.255   7.69e-01   1.37e+00   1.02e+00   3.93e+00   0.00e+00 (  1.78e+02,  2.04e+02)
80      0.249   7.66e-01   1.37e+00   1.04e+00   4.02e+00   0.00e+00 (  1.66e+02,  1.93e+02)
85      0.314   7.78e-01   1.39e+00   1.03e+00   6.15e+00   0.00e+00 (  1.44e+02,  1.83e+02)
90      0.611   1.37e+00   1.92e+00   1.24e+00   2.17e+01   0.00e+00 (  3.15e+02,  1.74e+02)
95      0.642   1.12e+00   1.61e+00   1.29e+00   4.06e+01   0.00e+00 (  5.90e+02,  1.65e+02)
45 e: 8.374e-04 i: 4.065e-03 :: e: 5.762e-02 i: 4.569e-02 :: n: 2.762e+01 e:24.308 i:33.936 v:4.993e+03
>>> tau_he = 5.000000, nhe(0)=3.616575e+00
 5     -0.076   2.12e-02   5.49e-01   7.35e-03  -3.58e-01   0.00e+00 (  1.44e+01,  5.50e+01)
10     -0.015   2.12e-01   5.08e-02  -7.43e-02  -9.14e-02   0.00e+00 (  1.24e+02,  1.07e+02)
15      0.103   2.24e-01   1.21e-01  -3.82e-02   7.34e-01   0.00e+00 (  1.12e+02,  1.48e+02)
20      0.091   2.13e-01   1.64e-01  -4.29e-03   7.54e-01   0.00e+00 (  1.22e+02,  1.79e+02)
25      0.343   4.59e-01   4.83e-01   2.13e-01   3.18e+00   0.00e+00 (  2.88e+02,  2.07e+02)
30      0.216   4.19e-01   4.54e-01   1.89e-01   2.21e+00   0.00e+00 (  2.57e+02,  2.28e+02)
35      0.190   4.16e-01   4.94e-01   2.08e-01   2.11e+00   0.00e+00 (  2.53e+02,  2.42e+02)
40      0.177   4.28e-01   5.62e-01   1.81e-01   2.10e+00   0.00e+00 (  2.49e+02,  2.50e+02)
45      0.194   4.76e-01   6.89e-01   2.84e-01   2.45e+00   0.00e+00 (  2.46e+02,  2.53e+02)
50      0.214   5.41e-01   8.41e-01   3.54e-01   2.84e+00   0.00e+00 (  2.40e+02,  2.51e+02)
55      0.223   5.99e-01   9.84e-01   4.89e-01   3.07e+00   0.00e+00 (  2.28e+02,  2.45e+02)
60      0.233   6.47e-01   1.11e+00   6.36e-01   3.32e+00   0.00e+00 (  2.14e+02,  2.36e+02)
65      0.244   6.92e-01   1.22e+00   7.82e-01   3.59e+00   0.00e+00 (  2.01e+02,  2.26e+02)
70      0.254   7.41e-01   1.31e+00   9.16e-01   3.82e+00   0.00e+00 (  1.90e+02,  2.15e+02)
75      0.255   7.70e-01   1.37e+00   1.02e+00   3.92e+00   0.00e+00 (  1.79e+02,  2.04e+02)
80      0.248   7.67e-01   1.38e+00   1.04e+00   4.02e+00   0.00e+00 (  1.67e+02,  1.93e+02)
85      0.314   7.78e-01   1.39e+00   1.03e+00   6.14e+00   0.00e+00 (  1.44e+02,  1.83e+02)
90      0.610   1.37e+00   1.92e+00   1.24e+00   2.17e+01   0.00e+00 (  3.15e+02,  1.74e+02)
95      0.642   1.12e+00   1.61e+00   1.29e+00   4.06e+01   0.00e+00 (  5.90e+02,  1.65e+02)
46 e: 3.318e-04 i: 1.819e-03 :: e: 4.089e-02 i: 3.184e-02 :: n: 2.762e+01 e:24.395 i:33.984 v:4.993e+03
>>> tau_he = 5.000000, nhe(0)=3.618435e+00
 5     -0.075   2.16e-02   5.63e-01   7.94e-03  -3.53e-01   0.00e+00 (  1.47e+01,  5.50e+01)
10     -0.024   2.07e-01   4.45e-02  -7.02e-02  -1.46e-01   0.00e+00 (  1.21e+02,  1.07e+02)
15      0.598   6.92e-01   6.74e-01   1.39e-01   4.27e+00   0.00e+00 (  3.55e+02,  1.48e+02)
20      0.382   5.48e-01   5.56e-01   1.90e-01   3.15e+00   0.00e+00 (  3.22e+02,  1.79e+02)
25      0.331   4.47e-01   4.73e-01   2.06e-01   3.07e+00   0.00e+00 (  2.79e+02,  2.07e+02)
30      0.215   4.18e-01   4.53e-01   1.88e-01   2.20e+00   0.00e+00 (  2.56e+02,  2.28e+02)
35      0.189   4.16e-01   4.95e-01   2.09e-01   2.10e+00   0.00e+00 (  2.54e+02,  2.42e+02)
40      0.176   4.29e-01   5.63e-01   1.81e-01   2.09e+00   0.00e+00 (  2.50e+02,  2.50e+02)
45      0.194   4.77e-01   6.90e-01   2.84e-01   2.44e+00   0.00e+00 (  2.47e+02,  2.53e+02)
50      0.214   5.42e-01   8.43e-01   3.55e-01   2.83e+00   0.00e+00 (  2.41e+02,  2.51e+02)
55      0.222   6.00e-01   9.86e-01   4.90e-01   3.06e+00   0.00e+00 (  2.29e+02,  2.45e+02)
60      0.232   6.48e-01   1.11e+00   6.37e-01   3.31e+00   0.00e+00 (  2.15e+02,  2.36e+02)
65      0.244   6.92e-01   1.22e+00   7.82e-01   3.58e+00   0.00e+00 (  2.02e+02,  2.26e+02)
70      0.254   7.42e-01   1.31e+00   9.16e-01   3.81e+00   0.00e+00 (  1.90e+02,  2.15e+02)
75      0.254   7.71e-01   1.37e+00   1.02e+00   3.92e+00   0.00e+00 (  1.79e+02,  2.04e+02)
80      0.248   7.67e-01   1.38e+00   1.05e+00   4.01e+00   0.00e+00 (  1.67e+02,  1.93e+02)
85      0.314   7.78e-01   1.39e+00   1.03e+00   6.14e+00   0.00e+00 (  1.44e+02,  1.83e+02)
90      0.610   1.37e+00   1.92e+00   1.24e+00   2.17e+01   0.00e+00 (  3.16e+02,  1.74e+02)
95      0.642   1.12e+00   1.61e+00   1.29e+00   4.06e+01   0.00e+00 (  5.90e+02,  1.65e+02)
47 e: 4.845e-04 i: 2.236e-03 :: e: 4.845e-02 i: 3.799e-02 :: n: 2.762e+01 e:24.239 i:33.856 v:4.993e+03
>>> tau_he = 5.000000, nhe(0)=3.613527e+00
 5     -0.077   2.11e-02   5.44e-01   7.26e-03  -3.61e-01   0.00e+00 (  1.44e+01,  5.50e+01)
10     -0.010   2.13e-01   5.30e-02  -7.56e-02  -6.24e-02   0.00e+00 (  1.24e+02,  1.07e+02)
15      0.104   2.22e-01   1.18e-01  -3.59e-02   7.42e-01   0.00e+00 (  1.09e+02,  1.48e+02)
20      0.103   2.28e-01   1.83e-01  -4.97e-03   8.53e-01   0.00e+00 (  1.29e+02,  1.79e+02)
25      0.100   2.29e-01   2.13e-01   5.38e-03   9.31e-01   0.00e+00 (  1.41e+02,  2.07e+02)
30      0.212   4.15e-01   4.54e-01   1.86e-01   2.17e+00   0.00e+00 (  2.53e+02,  2.28e+02)
35      0.191   4.17e-01   4.95e-01   2.09e-01   2.12e+00   0.00e+00 (  2.55e+02,  2.42e+02)
40      0.177   4.29e-01   5.62e-01   1.81e-01   2.11e+00   0.00e+00 (  2.51e+02,  2.50e+02)
45      0.195   4.77e-01   6.88e-01   2.84e-01   2.45e+00   0.00e+00 (  2.47e+02,  2.53e+02)
50      0.215   5.42e-01   8.40e-01   3.54e-01   2.84e+00   0.00e+00 (  2.40e+02,  2.51e+02)
55      0.223   6.00e-01   9.84e-01   4.89e-01   3.08e+00   0.00e+00 (  2.28e+02,  2.45e+02)
60      0.233   6.48e-01   1.11e+00   6.36e-01   3.33e+00   0.00e+00 (  2.15e+02,  2.36e+02)
65      0.245   6.93e-01   1.22e+00   7.82e-01   3.60e+00   0.00e+00 (  2.01e+02,  2.26e+02)
70      0.255   7.42e-01   1.31e+00   9.17e-01   3.84e+00   0.00e+00 (  1.90e+02,  2.15e+02)
75      0.256   7.71e-01   1.37e+00   1.02e+00   3.94e+00   0.00e+00 (  1.79e+02,  2.04e+02)
80      0.250   7.68e-01   1.38e+00   1.05e+00   4.04e+00   0.00e+00 (  1.67e+02,  1.93e+02)
85      0.315   7.80e-01   1.40e+00   1.03e+00   6.16e+00   0.00e+00 (  1.44e+02,  1.83e+02)
90      0.611   1.37e+00   1.93e+00   1.24e+00   2.17e+01   0.00e+00 (  3.16e+02,  1.74e+02)
95      0.642   1.12e+00   1.61e+00   1.29e+00   4.06e+01   0.00e+00 (  5.90e+02,  1.65e+02)
48 e: 2.307e-04 i: 1.064e-03 :: e: 4.739e-02 i: 3.709e-02 :: n: 2.762e+01 e:24.378 i:33.891 v:4.993e+03
>>> tau_he = 5.000000, nhe(0)=3.614772e+00
 5     -0.075   2.15e-02   5.58e-01   7.90e-03  -3.53e-01   0.00e+00 (  1.47e+01,  5.50e+01)
10     -0.020   2.07e-01   4.52e-02  -7.07e-02  -1.18e-01   0.00e+00 (  1.21e+02,  1.07e+02)
15      0.575   6.71e-01   6.53e-01   1.29e-01   4.11e+00   0.00e+00 (  3.39e+02,  1.48e+02)
20      0.370   5.36e-01   5.45e-01   1.84e-01   3.05e+00   0.00e+00 (  3.11e+02,  1.79e+02)
25      0.342   4.57e-01   4.82e-01   2.12e-01   3.17e+00   0.00e+00 (  2.86e+02,  2.07e+02)
30      0.212   4.14e-01   4.56e-01   1.89e-01   2.17e+00   0.00e+00 (  2.54e+02,  2.28e+02)
35      0.190   4.17e-01   4.96e-01   2.09e-01   2.11e+00   0.00e+00 (  2.54e+02,  2.42e+02)
40      0.176   4.29e-01   5.64e-01   1.81e-01   2.10e+00   0.00e+00 (  2.51e+02,  2.50e+02)
45      0.194   4.78e-01   6.93e-01   2.85e-01   2.45e+00   0.00e+00 (  2.48e+02,  2.53e+02)
50      0.214   5.44e-01   8.46e-01   3.56e-01   2.83e+00   0.00e+00 (  2.42e+02,  2.51e+02)
55      0.222   6.01e-01   9.89e-01   4.91e-01   3.07e+00   0.00e+00 (  2.30e+02,  2.45e+02)
60      0.232   6.50e-01   1.12e+00   6.39e-01   3.32e+00   0.00e+00 (  2.16e+02,  2.36e+02)
65      0.244   6.94e-01   1.23e+00   7.85e-01   3.58e+00   0.00e+00 (  2.03e+02,  2.26e+02)
70      0.253   7.44e-01   1.32e+00   9.19e-01   3.81e+00   0.00e+00 (  1.92e+02,  2.15e+02)
75      0.254   7.73e-01   1.37e+00   1.02e+00   3.91e+00   0.00e+00 (  1.80e+02,  2.04e+02)
80      0.248   7.69e-01   1.38e+00   1.05e+00   4.00e+00   0.00e+00 (  1.68e+02,  1.93e+02)
85      0.314   7.83e-01   1.40e+00   1.05e+00   6.14e+00   0.00e+00 (  1.45e+02,  1.83e+02)
90      0.610   1.37e+00   1.93e+00   1.24e+00   2.17e+01   0.00e+00 (  3.16e+02,  1.74e+02)
95      0.642   1.12e+00   1.61e+00   1.29e+00   4.06e+01   0.00e+00 (  5.90e+02,  1.65e+02)
49 e: 3.856e-04 i: 1.774e-03 :: e: 4.715e-02 i: 3.804e-02 :: n: 2.762e+01 e:24.205 i:33.767 v:4.993e+03
 plasma volume = 148.885150
 stored energy(e,i,b,a) = 6.013211e+01 5.663008e+01 0.000000e+00 0.000000e+00
 betan = 1.323861
*power
 Pnb(e,i) = 0.000000e+00 0.000000e+00
 Prf(e,i) = 1.239775e+01 2.761598e+01
 Prad     = -1.365583e+01 
 Pei      = -4.830820e+00 
 Pfuse    = 6.084025e+01 
 Pfusi    = 2.242623e+01 
 Poh      = 0.000000e+00 
*confinement time
 taut, tauITER98y2, H98y2 : 1.065112e+00 1.232598e+00 8.641194e-01
 taue, taui : 1.098276e+00 2.077631e+00
 taut, tau89, H89 : 1.065112e+00 6.593356e-01 1.615432e+00
*temperature
 nea, nebar : 1.865671e+01 2.142930e+01 
 tea, tia : 7.799270e+00 7.735439e+00 (1.008252e+00)
 te0, ti0 : 2.150981e+01 2.521045e+01 (8.532100e-01)
 Sn : 0.000000e+00 
*current balance
 Ip,Ibs,Inb,Irf: 1.000000e+01 2.087072e+00 0.000000e+00 3.273120e-01
 fni,fbs: 0.241 0.209

 plasma volume = 148.885150
 stored energy(e,i,b,a) = 6.013211e+01 5.663008e+01 0.000000e+00 0.000000e+00
 betan = 1.323861
*power
 Pnb(e,i) = 0.000000e+00 0.000000e+00
 Prf(e,i) = 1.239775e+01 2.761598e+01
 Prad     = -1.365583e+01 
 Pei      = -4.830820e+00 
 Pfuse    = 6.084025e+01 
 Pfusi    = 2.242623e+01 
 Poh      = 0.000000e+00 
*confinement time
 taut, tauITER98y2, H98y2 : 1.065112e+00 1.232598e+00 8.641194e-01
 taue, taui : 1.098276e+00 2.077631e+00
 taut, tau89, H89 : 1.065112e+00 6.593356e-01 1.615432e+00
*temperature
 nea, nebar : 1.865671e+01 2.142930e+01 
 tea, tia : 7.799270e+00 7.735439e+00 (1.008252e+00)
 te0, ti0 : 2.150981e+01 2.521045e+01 (8.532100e-01)
 Sn : 0.000000e+00 
*current balance
 Ip,Ibs,Inb,Irf: 1.000000e+01 2.087072e+00 0.000000e+00 3.273120e-01
 fni,fbs: 0.241 0.209
 ELAPASED TIME = 1926 sec

finalize
