========================================================================
= FASTRAN

nonlinear model = 0
ichi = 0
ineo = 0
reading state...
read formatted input, inprof...
init geometry...
read formatted input, inmetric...
nrho in inmetric = 101
rhob in inmetric = 1.263058e+00
solve avg grad-shafranv...
solve_avg_gs::Ip_temp = 9.981564e+00 
solve_avg_gs::Ip      = 1.000000e+01 
>>> tau_he = 5.000000, nhe(0)=2.339347e+00

 plasma volume = 148.576852
 stored energy(e,i,b) = 5.637798e+01 5.097821e+01 0.000000e+00
 betan = 1.219246
*power
 Pnb(e,i) = 0.000000e+00 0.000000e+00
 Prf(e,i) = 1.264159e+01 2.737826e+01
 Prad     = -2.897483e+01 
 Pei      = 1.358693e+00 
 Pfuse    = 5.080400e+01 
 Pfusi    = 1.597365e+01 
 Poh      = 0.000000e+00 
*confinement time
 taut, tauITER98y2, H98y2 : 1.379498e+00 1.559602e+00 8.845187e-01
 taue, taui : 1.573509e+00 3.488084e+00
 taut, tau89, H89 : 1.379498e+00 7.820049e-01 1.764052e+00
*temperature
 nea, nebar : 1.865313e+01 2.143003e+01 
 tea, tia : 7.371930e+00 7.417716e+00 (9.938275e-01)
 te0, ti0 : 1.900807e+01 1.976396e+01 (9.617539e-01)
 Sn : 0.000000e+00 
*current balance
 Ip,Ibs,Inb,Irf: 1.000000e+01 1.904543e+00 0.000000e+00 1.948719e-01
 fni,fbs: 0.210 0.190

Time advancing...
rho_bdry 0.950000 ...
te_bdry = 1.923139
ti_bdry = 1.923358
ne_bdry = 11.710562
rv_bdry = 100.762170
nrho_tr_bdry = 19
drho_bdry = 0.000000e+00
nrhob = 95
 [    0] t = 0.0000 
>>> tau_he = 5.000000, nhe(0)=2.319232e+00
 5     -0.002   3.66e-03   1.28e-01   2.34e-03  -9.35e-03   0.00e+00 (  6.91e-01,  4.52e+01)
10      0.000   1.30e-03  -1.85e-03  -1.33e-04   1.99e-03   0.00e+00 (  3.46e-01,  8.65e+01)
15     -0.002   2.66e-04  -4.05e-03  -3.00e-03  -1.12e-02   0.00e+00 (  8.82e-02,  1.19e+02)
20      0.003   1.00e-02  -3.36e-02  -3.32e-03   2.56e-02   0.00e+00 (  3.85e+00,  1.42e+02)
25      0.024   7.27e-02  -1.64e-02   6.02e-03   2.20e-01   0.00e+00 (  3.06e+01,  1.63e+02)
30      0.039   1.28e-01   4.30e-02   2.73e-02   3.99e-01   0.00e+00 (  5.67e+01,  1.77e+02)
35      0.046   1.69e-01   9.39e-02   4.33e-02   5.08e-01   0.00e+00 (  7.46e+01,  1.85e+02)
40      0.055   2.17e-01   1.45e-01   4.98e-02   6.53e-01   0.00e+00 (  9.29e+01,  1.90e+02)
45      0.071   2.61e-01   2.35e-01   1.06e-01   8.99e-01   0.00e+00 (  1.06e+02,  1.89e+02)
50      0.120   3.56e-01   4.17e-01   2.00e-01   1.59e+00   0.00e+00 (  1.36e+02,  1.84e+02)
55      0.179   4.53e-01   6.57e-01   3.28e-01   2.47e+00   0.00e+00 (  1.60e+02,  1.77e+02)
60      0.165   4.43e-01   6.53e-01   4.18e-01   2.35e+00   0.00e+00 (  1.45e+02,  1.68e+02)
65      0.241   5.69e-01   9.80e-01   6.57e-01   3.53e+00   0.00e+00 (  1.69e+02,  1.57e+02)
70      0.293   6.71e-01   1.26e+00   9.27e-01   4.41e+00   0.00e+00 (  1.78e+02,  1.47e+02)
75      0.295   6.96e-01   1.32e+00   1.04e+00   4.53e+00   0.00e+00 (  1.63e+02,  1.36e+02)
80      0.276   6.68e-01   1.28e+00   1.04e+00   4.46e+00   0.00e+00 (  1.38e+02,  1.27e+02)
85      0.280   6.69e-01   1.25e+00   9.86e-01   5.47e+00   0.00e+00 (  1.27e+02,  1.18e+02)
90      0.406   9.04e-01   1.40e+00   9.48e-01   1.44e+01   0.00e+00 (  2.37e+02,  1.10e+02)
95      0.199   3.96e-01   5.78e-01   4.17e-01   1.26e+01   0.00e+00 (  1.88e+02,  1.03e+02)
 0 e: 1.002e-06 i: 1.047e-05 :: e: 0.000e+00 i: 0.000e+00 :: n: 2.762e+01 e:19.008 i:19.764 v:4.993e+03
>>> tau_he = 5.000000, nhe(0)=2.307163e+00
 5     -0.001   4.20e-03   2.02e-01   2.92e-03  -7.02e-03   0.00e+00 (  7.62e-01,  4.52e+01)
10      0.000   2.22e-03  -2.44e-03  -2.65e-05   2.97e-03   0.00e+00 (  5.92e-01,  8.65e+01)
15     -0.002   2.61e-04  -4.60e-03  -3.53e-03  -1.38e-02   0.00e+00 (  8.77e-02,  1.19e+02)
20      0.003   9.53e-03  -3.27e-02  -3.42e-03   2.14e-02   0.00e+00 (  3.69e+00,  1.42e+02)
25      0.024   7.37e-02  -1.59e-02   6.38e-03   2.25e-01   0.00e+00 (  3.11e+01,  1.63e+02)
30      0.040   1.28e-01   4.45e-02   2.77e-02   4.07e-01   0.00e+00 (  5.67e+01,  1.77e+02)
35      0.046   1.70e-01   9.49e-02   4.39e-02   5.10e-01   0.00e+00 (  7.51e+01,  1.85e+02)
40      0.056   2.18e-01   1.49e-01   5.08e-02   6.69e-01   0.00e+00 (  9.37e+01,  1.90e+02)
45      0.074   2.65e-01   2.47e-01   1.12e-01   9.39e-01   0.00e+00 (  1.09e+02,  1.89e+02)
50      0.121   3.58e-01   4.35e-01   2.07e-01   1.60e+00   0.00e+00 (  1.36e+02,  1.84e+02)
55      0.174   4.46e-01   6.42e-01   3.21e-01   2.40e+00   0.00e+00 (  1.57e+02,  1.77e+02)
60      0.245   5.51e-01   9.35e-01   5.54e-01   3.50e+00   0.00e+00 (  1.82e+02,  1.68e+02)
65      0.238   5.66e-01   9.75e-01   6.53e-01   3.49e+00   0.00e+00 (  1.67e+02,  1.57e+02)
70      0.281   6.57e-01   1.22e+00   8.95e-01   4.23e+00   0.00e+00 (  1.72e+02,  1.47e+02)
75      0.288   6.86e-01   1.30e+00   1.02e+00   4.43e+00   0.00e+00 (  1.60e+02,  1.36e+02)
80      0.284   6.83e-01   1.31e+00   1.07e+00   4.58e+00   0.00e+00 (  1.43e+02,  1.27e+02)
85      0.308   7.31e-01   1.38e+00   1.11e+00   6.01e+00   0.00e+00 (  1.54e+02,  1.18e+02)
90      0.404   8.72e-01   1.39e+00   9.75e-01   1.43e+01   0.00e+00 (  2.52e+02,  1.10e+02)
95      0.204   4.07e-01   5.92e-01   4.21e-01   1.28e+01   0.00e+00 (  1.72e+02,  1.03e+02)
 1 e: 6.182e-02 i: 2.116e-01 :: e: 2.855e-02 i: 4.239e-02 :: n: 2.762e+01 e:18.985 i:19.654 v:4.993e+03
>>> tau_he = 5.000000, nhe(0)=3.042365e+00
 5     -0.005   1.10e-02   6.01e-01   3.72e-03  -2.17e-02   0.00e+00 (  2.55e+00,  4.52e+01)
10     -0.030   6.52e-02   3.16e-02   8.70e-03  -1.80e-01   0.00e+00 (  3.79e+01,  8.65e+01)
15     -0.059   1.45e-01   9.35e-02   9.08e-06  -4.24e-01   0.00e+00 (  1.24e+02,  1.19e+02)
20      0.002   1.91e-01   1.00e-01   1.21e-02   1.38e-02   0.00e+00 (  1.70e+02,  1.42e+02)
25      0.145   3.05e-01   3.63e-01   1.43e-01   1.35e+00   0.00e+00 (  2.23e+02,  1.63e+02)
30      0.207   3.23e-01   4.02e-01   1.79e-01   2.12e+00   0.00e+00 (  2.07e+02,  1.77e+02)
35      0.192   3.16e-01   4.34e-01   1.74e-01   2.13e+00   0.00e+00 (  1.87e+02,  1.85e+02)
40      0.219   3.51e-01   5.59e-01   2.16e-01   2.60e+00   0.00e+00 (  1.90e+02,  1.90e+02)
45      0.246   4.02e-01   7.03e-01   2.90e-01   3.10e+00   0.00e+00 (  1.93e+02,  1.89e+02)
50      0.243   4.54e-01   9.07e-01   4.11e-01   3.22e+00   0.00e+00 (  1.80e+02,  1.84e+02)
55      0.228   4.81e-01   1.00e+00   5.30e-01   3.15e+00   0.00e+00 (  1.64e+02,  1.77e+02)
60      0.254   5.53e-01   1.21e+00   7.43e-01   3.62e+00   0.00e+00 (  1.76e+02,  1.68e+02)
65      0.221   5.45e-01   1.17e+00   8.02e-01   3.24e+00   0.00e+00 (  1.48e+02,  1.57e+02)
70      0.199   5.38e-01   1.12e+00   8.34e-01   3.00e+00   0.00e+00 (  1.27e+02,  1.47e+02)
75      0.195   5.65e-01   1.15e+00   9.23e-01   3.00e+00   0.00e+00 (  1.27e+02,  1.36e+02)
80      0.188   5.69e-01   1.17e+00   9.70e-01   3.04e+00   0.00e+00 (  1.29e+02,  1.27e+02)
85      0.181   5.47e-01   1.05e+00   8.68e-01   3.53e+00   0.00e+00 (  1.20e+02,  1.18e+02)
90      0.208   5.00e-01   7.74e-01   5.35e-01   7.38e+00   0.00e+00 (  9.31e+01,  1.10e+02)
95      0.205   4.17e-01   5.99e-01   4.08e-01   1.29e+01   0.00e+00 (  1.43e+02,  1.03e+02)
 2 e: 4.847e-02 i: 1.229e-02 :: e: 2.472e-01 i: 3.019e-01 :: n: 2.762e+01 e:23.386 i:28.976 v:4.993e+03
>>> tau_he = 5.000000, nhe(0)=3.174854e+00
 5     -0.016   1.31e-02   6.91e-01   6.37e-03  -7.36e-02   0.00e+00 (  5.25e+00,  4.52e+01)
10     -0.291   1.05e-01   5.91e-02   2.31e-02  -1.74e+00   0.00e+00 (  9.46e+01,  8.65e+01)
15     -1.041   3.83e-01   3.96e-01   2.32e-01  -7.45e+00   0.00e+00 (  4.77e+02,  1.19e+02)
20     -0.251   4.61e-01   5.03e-01   3.87e-01  -2.07e+00   0.00e+00 (  5.88e+02,  1.42e+02)
25      0.318   4.42e-01   4.71e-01   3.21e-01   2.95e+00   0.00e+00 (  4.62e+02,  1.63e+02)
30      0.336   3.90e-01   4.14e-01   2.70e-01   3.44e+00   0.00e+00 (  3.52e+02,  1.77e+02)
35      0.187   3.53e-01   4.36e-01   2.29e-01   2.08e+00   0.00e+00 (  2.81e+02,  1.85e+02)
40      0.182   3.45e-01   5.03e-01   2.33e-01   2.17e+00   0.00e+00 (  2.35e+02,  1.90e+02)
45      0.203   3.68e-01   6.00e-01   2.27e-01   2.56e+00   0.00e+00 (  2.05e+02,  1.89e+02)
50      0.197   3.98e-01   7.39e-01   3.26e-01   2.61e+00   0.00e+00 (  1.68e+02,  1.84e+02)
55      0.184   4.04e-01   7.85e-01   4.14e-01   2.53e+00   0.00e+00 (  1.36e+02,  1.77e+02)
60      0.200   4.36e-01   8.94e-01   5.54e-01   2.86e+00   0.00e+00 (  1.27e+02,  1.68e+02)
65      0.161   3.91e-01   7.60e-01   5.33e-01   2.37e+00   0.00e+00 (  9.19e+01,  1.57e+02)
70      0.170   4.08e-01   8.12e-01   6.16e-01   2.56e+00   0.00e+00 (  8.00e+01,  1.47e+02)
75      0.172   4.23e-01   8.35e-01   6.78e-01   2.65e+00   0.00e+00 (  7.56e+01,  1.36e+02)
80      0.170   4.32e-01   8.52e-01   7.19e-01   2.74e+00   0.00e+00 (  7.52e+01,  1.27e+02)
85      0.168   4.19e-01   7.96e-01   6.63e-01   3.28e+00   0.00e+00 (  6.86e+01,  1.18e+02)
90      0.176   4.17e-01   6.21e-01   4.22e-01   6.24e+00   0.00e+00 (  5.61e+01,  1.10e+02)
95      0.205   4.18e-01   5.97e-01   4.05e-01   1.29e+01   0.00e+00 (  1.34e+02,  1.03e+02)
 3 e: 6.173e-03 i: 5.532e-03 :: e: 3.830e-01 i: 3.965e-01 :: n: 2.762e+01 e:27.792 i:31.812 v:4.993e+03
>>> tau_he = 5.000000, nhe(0)=3.201903e+00
 5     -0.020   1.36e-02   6.57e-01   6.04e-03  -9.32e-02   0.00e+00 (  5.76e+00,  4.52e+01)
10     -0.266   1.08e-01   5.60e-02   2.23e-02  -1.59e+00   0.00e+00 (  9.42e+01,  8.65e+01)
15     -0.387   1.81e-01   1.05e-01  -1.14e-01  -2.77e+00   0.00e+00 (  1.90e+02,  1.19e+02)
20     -0.183   4.28e-01   5.62e-01   2.58e-01  -1.51e+00   0.00e+00 (  4.58e+02,  1.42e+02)
25      0.345   4.37e-01   4.66e-01   2.79e-01   3.20e+00   0.00e+00 (  4.19e+02,  1.63e+02)
30      0.385   4.04e-01   4.33e-01   2.80e-01   3.94e+00   0.00e+00 (  3.54e+02,  1.77e+02)
35      0.236   3.51e-01   4.57e-01   2.63e-01   2.62e+00   0.00e+00 (  2.80e+02,  1.85e+02)
40      0.216   3.54e-01   5.32e-01   2.76e-01   2.58e+00   0.00e+00 (  2.44e+02,  1.90e+02)
45      0.251   3.93e-01   6.96e-01   3.32e-01   3.17e+00   0.00e+00 (  2.21e+02,  1.89e+02)
50      0.231   4.19e-01   8.46e-01   4.13e-01   3.05e+00   0.00e+00 (  1.80e+02,  1.84e+02)
55      0.211   4.27e-01   9.08e-01   4.82e-01   2.91e+00   0.00e+00 (  1.45e+02,  1.77e+02)
60      0.215   4.49e-01   9.90e-01   6.25e-01   3.07e+00   0.00e+00 (  1.31e+02,  1.68e+02)
65      0.172   4.07e-01   8.51e-01   6.03e-01   2.52e+00   0.00e+00 (  9.59e+01,  1.57e+02)
70      0.169   4.10e-01   8.59e-01   6.58e-01   2.54e+00   0.00e+00 (  8.01e+01,  1.47e+02)
75      0.161   4.09e-01   8.37e-01   6.82e-01   2.48e+00   0.00e+00 (  7.21e+01,  1.36e+02)
80      0.153   4.00e-01   8.16e-01   6.87e-01   2.46e+00   0.00e+00 (  6.77e+01,  1.27e+02)
85      0.147   3.84e-01   7.39e-01   6.17e-01   2.86e+00   0.00e+00 (  6.06e+01,  1.18e+02)
90      0.159   3.89e-01   5.63e-01   3.75e-01   5.65e+00   0.00e+00 (  5.05e+01,  1.10e+02)
95      0.205   4.19e-01   5.98e-01   4.02e-01   1.29e+01   0.00e+00 (  1.33e+02,  1.03e+02)
 4 e: 2.779e-03 i: 5.644e-03 :: e: 3.413e-01 i: 3.658e-01 :: n: 2.762e+01 e:26.569 i:32.459 v:4.993e+03
>>> tau_he = 5.000000, nhe(0)=3.144209e+00
 5     -0.021   1.25e-02   5.96e-01   6.43e-03  -9.83e-02   0.00e+00 (  5.69e+00,  4.52e+01)
10     -0.232   9.81e-02   3.38e-02   3.81e-03  -1.39e+00   0.00e+00 (  8.67e+01,  8.65e+01)
15     -0.289   3.59e-01   4.10e-01   1.39e-01  -2.07e+00   0.00e+00 (  3.67e+02,  1.19e+02)
20      0.014   3.73e-01   4.71e-01   1.78e-01   1.13e-01   0.00e+00 (  3.64e+02,  1.42e+02)
25      0.148   3.56e-01   4.33e-01   2.18e-01   1.38e+00   0.00e+00 (  3.20e+02,  1.63e+02)
30      0.226   3.64e-01   4.32e-01   2.46e-01   2.31e+00   0.00e+00 (  3.10e+02,  1.77e+02)
35      0.197   3.51e-01   4.44e-01   2.43e-01   2.19e+00   0.00e+00 (  2.80e+02,  1.85e+02)
40      0.189   3.44e-01   5.12e-01   2.38e-01   2.26e+00   0.00e+00 (  2.39e+02,  1.90e+02)
45      0.227   3.76e-01   6.52e-01   2.68e-01   2.86e+00   0.00e+00 (  2.13e+02,  1.89e+02)
50      0.207   4.02e-01   7.80e-01   3.72e-01   2.74e+00   0.00e+00 (  1.75e+02,  1.84e+02)
55      0.192   4.07e-01   8.31e-01   4.40e-01   2.64e+00   0.00e+00 (  1.40e+02,  1.77e+02)
60      0.197   4.24e-01   8.98e-01   5.64e-01   2.81e+00   0.00e+00 (  1.23e+02,  1.68e+02)
65      0.162   3.84e-01   7.75e-01   5.49e-01   2.37e+00   0.00e+00 (  8.92e+01,  1.57e+02)
70      0.163   3.87e-01   7.90e-01   6.06e-01   2.45e+00   0.00e+00 (  7.36e+01,  1.47e+02)
75      0.158   3.84e-01   7.69e-01   6.28e-01   2.43e+00   0.00e+00 (  6.45e+01,  1.36e+02)
80      0.150   3.78e-01   7.51e-01   6.37e-01   2.43e+00   0.00e+00 (  5.98e+01,  1.27e+02)
85      0.147   3.63e-01   6.92e-01   5.77e-01   2.87e+00   0.00e+00 (  5.26e+01,  1.18e+02)
90      0.156   3.78e-01   5.45e-01   3.62e-01   5.55e+00   0.00e+00 (  4.48e+01,  1.10e+02)
95      0.205   4.19e-01   5.97e-01   4.02e-01   1.29e+01   0.00e+00 (  1.31e+02,  1.03e+02)
 5 e: 3.310e-03 i: 3.222e-03 :: e: 3.291e-01 i: 3.506e-01 :: n: 2.762e+01 e:26.038 i:31.118 v:4.993e+03
>>> tau_he = 5.000000, nhe(0)=3.094333e+00
 5     -0.020   1.13e-02   5.27e-01   6.06e-03  -9.54e-02   0.00e+00 (  5.13e+00,  4.52e+01)
10     -0.187   9.33e-02   2.27e-02  -2.87e-03  -1.12e+00   0.00e+00 (  7.77e+01,  8.65e+01)
15     -0.172   1.76e-01   1.50e-01  -1.70e-01  -1.23e+00   0.00e+00 (  1.57e+02,  1.19e+02)
20     -0.014   1.70e-01   1.17e-01   1.27e-02  -1.17e-01   0.00e+00 (  1.46e+02,  1.42e+02)
25      0.133   3.18e-01   3.80e-01   1.70e-01   1.24e+00   0.00e+00 (  2.60e+02,  1.63e+02)
30      0.196   3.34e-01   4.06e-01   1.98e-01   2.01e+00   0.00e+00 (  2.64e+02,  1.77e+02)
35      0.190   3.22e-01   4.30e-01   2.08e-01   2.11e+00   0.00e+00 (  2.41e+02,  1.85e+02)
40      0.185   3.37e-01   5.15e-01   2.37e-01   2.20e+00   0.00e+00 (  2.23e+02,  1.90e+02)
45      0.224   3.72e-01   6.60e-01   2.76e-01   2.83e+00   0.00e+00 (  2.03e+02,  1.89e+02)
50      0.209   4.02e-01   7.92e-01   3.80e-01   2.77e+00   0.00e+00 (  1.70e+02,  1.84e+02)
55      0.197   4.11e-01   8.53e-01   4.54e-01   2.72e+00   0.00e+00 (  1.39e+02,  1.77e+02)
60      0.201   4.29e-01   9.23e-01   5.82e-01   2.87e+00   0.00e+00 (  1.23e+02,  1.68e+02)
65      0.169   3.95e-01   8.14e-01   5.78e-01   2.48e+00   0.00e+00 (  9.21e+01,  1.57e+02)
70      0.168   3.98e-01   8.27e-01   6.35e-01   2.52e+00   0.00e+00 (  7.65e+01,  1.47e+02)
75      0.159   3.91e-01   7.95e-01   6.50e-01   2.45e+00   0.00e+00 (  6.67e+01,  1.36e+02)
80      0.149   3.80e-01   7.62e-01   6.44e-01   2.40e+00   0.00e+00 (  6.07e+01,  1.27e+02)
85      0.144   3.62e-01   6.93e-01   5.78e-01   2.80e+00   0.00e+00 (  5.31e+01,  1.18e+02)
90      0.155   3.79e-01   5.41e-01   3.58e-01   5.50e+00   0.00e+00 (  4.58e+01,  1.10e+02)
95      0.205   4.19e-01   5.97e-01   4.02e-01   1.29e+01   0.00e+00 (  1.31e+02,  1.03e+02)
 6 e: 6.313e-04 i: 2.157e-03 :: e: 2.497e-01 i: 2.815e-01 :: n: 2.762e+01 e:24.688 i:30.061 v:4.993e+03
>>> tau_he = 5.000000, nhe(0)=3.051701e+00
 5     -0.020   1.06e-02   4.92e-01   6.05e-03  -9.22e-02   0.00e+00 (  4.89e+00,  4.52e+01)
10     -0.157   8.62e-02   2.64e-02  -9.65e-03  -9.38e-01   0.00e+00 (  7.02e+01,  8.65e+01)
15     -0.151   1.28e-01   7.21e-02  -1.83e-02  -1.08e+00   0.00e+00 (  1.11e+02,  1.19e+02)
20     -0.008   1.62e-01   1.17e-01   1.57e-02  -6.35e-02   0.00e+00 (  1.36e+02,  1.42e+02)
25      0.122   2.90e-01   3.44e-01   1.52e-01   1.14e+00   0.00e+00 (  2.26e+02,  1.63e+02)
30      0.162   3.06e-01   3.81e-01   1.87e-01   1.66e+00   0.00e+00 (  2.30e+02,  1.77e+02)
35      0.159   3.13e-01   4.20e-01   2.22e-01   1.77e+00   0.00e+00 (  2.25e+02,  1.85e+02)
40      0.172   3.29e-01   5.05e-01   2.18e-01   2.05e+00   0.00e+00 (  2.10e+02,  1.90e+02)
45      0.188   3.52e-01   5.98e-01   2.46e-01   2.37e+00   0.00e+00 (  1.86e+02,  1.89e+02)
50      0.193   3.86e-01   7.46e-01   3.35e-01   2.55e+00   0.00e+00 (  1.60e+02,  1.84e+02)
55      0.186   3.96e-01   8.06e-01   4.31e-01   2.56e+00   0.00e+00 (  1.32e+02,  1.77e+02)
60      0.191   4.16e-01   8.77e-01   5.49e-01   2.73e+00   0.00e+00 (  1.18e+02,  1.68e+02)
65      0.164   3.86e-01   7.82e-01   5.55e-01   2.41e+00   0.00e+00 (  8.97e+01,  1.57e+02)
70      0.167   3.94e-01   8.09e-01   6.21e-01   2.51e+00   0.00e+00 (  7.56e+01,  1.47e+02)
75      0.160   3.89e-01   7.83e-01   6.40e-01   2.47e+00   0.00e+00 (  6.59e+01,  1.36e+02)
80      0.151   3.79e-01   7.54e-01   6.39e-01   2.43e+00   0.00e+00 (  5.99e+01,  1.27e+02)
85      0.146   3.62e-01   6.90e-01   5.75e-01   2.86e+00   0.00e+00 (  5.24e+01,  1.18e+02)
90      0.157   3.79e-01   5.47e-01   3.63e-01   5.56e+00   0.00e+00 (  4.52e+01,  1.10e+02)
95      0.205   4.19e-01   5.97e-01   4.02e-01   1.29e+01   0.00e+00 (  1.31e+02,  1.03e+02)
 7 e: 7.244e-04 i: 1.239e-03 :: e: 2.154e-01 i: 2.437e-01 :: n: 2.762e+01 e:24.099 i:29.219 v:4.993e+03
>>> tau_he = 5.000000, nhe(0)=3.022138e+00
 5     -0.019   1.01e-02   4.69e-01   5.94e-03  -9.03e-02   0.00e+00 (  4.66e+00,  4.52e+01)
10     -0.160   8.19e-02   2.73e-02  -9.32e-03  -9.56e-01   0.00e+00 (  6.51e+01,  8.65e+01)
15     -0.136   2.76e-01   4.11e-01   6.22e-02  -9.73e-01   0.00e+00 (  2.34e+02,  1.19e+02)
20      0.060   2.71e-01   3.53e-01   1.02e-01   4.99e-01   0.00e+00 (  2.22e+02,  1.42e+02)
25      0.115   2.73e-01   3.26e-01   1.35e-01   1.07e+00   0.00e+00 (  2.03e+02,  1.63e+02)
30      0.149   2.91e-01   3.66e-01   1.74e-01   1.53e+00   0.00e+00 (  2.08e+02,  1.77e+02)
35      0.149   3.03e-01   4.07e-01   1.87e-01   1.65e+00   0.00e+00 (  2.07e+02,  1.85e+02)
40      0.161   3.22e-01   4.97e-01   2.03e-01   1.91e+00   0.00e+00 (  1.96e+02,  1.90e+02)
45      0.179   3.44e-01   5.86e-01   2.42e-01   2.26e+00   0.00e+00 (  1.74e+02,  1.89e+02)
50      0.187   3.79e-01   7.33e-01   3.28e-01   2.47e+00   0.00e+00 (  1.52e+02,  1.84e+02)
55      0.183   3.91e-01   7.96e-01   4.25e-01   2.52e+00   0.00e+00 (  1.27e+02,  1.77e+02)
60      0.140   3.49e-01   6.63e-01   4.37e-01   2.00e+00   0.00e+00 (  9.69e+01,  1.68e+02)
65      0.166   3.89e-01   7.89e-01   5.59e-01   2.44e+00   0.00e+00 (  8.98e+01,  1.57e+02)
70      0.170   4.00e-01   8.25e-01   6.33e-01   2.55e+00   0.00e+00 (  7.71e+01,  1.47e+02)
75      0.163   3.96e-01   8.00e-01   6.54e-01   2.51e+00   0.00e+00 (  6.77e+01,  1.36e+02)
80      0.152   3.85e-01   7.67e-01   6.50e-01   2.45e+00   0.00e+00 (  6.14e+01,  1.27e+02)
85      0.147   3.67e-01   7.01e-01   5.84e-01   2.87e+00   0.00e+00 (  5.40e+01,  1.18e+02)
90      0.157   3.83e-01   5.53e-01   3.67e-01   5.59e+00   0.00e+00 (  4.68e+01,  1.10e+02)
95      0.205   4.19e-01   5.97e-01   4.02e-01   1.29e+01   0.00e+00 (  1.32e+02,  1.03e+02)
 8 e: 6.539e-04 i: 1.524e-03 :: e: 2.183e-01 i: 2.366e-01 :: n: 2.762e+01 e:23.534 i:28.664 v:4.993e+03
>>> tau_he = 5.000000, nhe(0)=2.987629e+00
 5     -0.019   9.54e-03   4.34e-01   5.80e-03  -8.92e-02   0.00e+00 (  4.45e+00,  4.52e+01)
10     -0.113   8.00e-02   2.40e-02  -1.09e-02  -6.77e-01   0.00e+00 (  6.23e+01,  8.65e+01)
15     -0.100   1.16e-01   7.14e-02  -1.50e-02  -7.19e-01   0.00e+00 (  9.25e+01,  1.19e+02)
20      0.037   1.48e-01   1.18e-01   7.29e-05   3.04e-01   0.00e+00 (  1.15e+02,  1.42e+02)
25      0.109   2.57e-01   3.11e-01   1.23e-01   1.01e+00   0.00e+00 (  1.85e+02,  1.63e+02)
30      0.135   2.79e-01   3.51e-01   1.61e-01   1.39e+00   0.00e+00 (  1.93e+02,  1.77e+02)
35      0.137   2.91e-01   3.95e-01   1.79e-01   1.53e+00   0.00e+00 (  1.91e+02,  1.85e+02)
40      0.151   3.14e-01   4.84e-01   1.99e-01   1.80e+00   0.00e+00 (  1.85e+02,  1.90e+02)
45      0.166   3.33e-01   5.62e-01   2.32e-01   2.10e+00   0.00e+00 (  1.64e+02,  1.89e+02)
50      0.177   3.67e-01   6.99e-01   3.03e-01   2.34e+00   0.00e+00 (  1.44e+02,  1.84e+02)
55      0.176   3.83e-01   7.67e-01   4.07e-01   2.43e+00   0.00e+00 (  1.22e+02,  1.77e+02)
60      0.139   3.45e-01   6.48e-01   4.30e-01   1.98e+00   0.00e+00 (  9.49e+01,  1.68e+02)
65      0.165   3.85e-01   7.73e-01   5.47e-01   2.42e+00   0.00e+00 (  8.83e+01,  1.57e+02)
70      0.170   3.99e-01   8.18e-01   6.27e-01   2.56e+00   0.00e+00 (  7.68e+01,  1.47e+02)
75      0.165   3.97e-01   7.99e-01   6.53e-01   2.53e+00   0.00e+00 (  6.79e+01,  1.36e+02)
80      0.154   3.87e-01   7.70e-01   6.52e-01   2.49e+00   0.00e+00 (  6.18e+01,  1.27e+02)
85      0.150   3.71e-01   7.08e-01   5.90e-01   2.92e+00   0.00e+00 (  5.48e+01,  1.18e+02)
90      0.160   3.88e-01   5.63e-01   3.76e-01   5.70e+00   0.00e+00 (  4.78e+01,  1.10e+02)
95      0.205   4.19e-01   5.97e-01   4.02e-01   1.29e+01   0.00e+00 (  1.32e+02,  1.03e+02)
 9 e: 2.336e-04 i: 6.342e-04 :: e: 1.673e-01 i: 1.899e-01 :: n: 2.762e+01 e:22.975 i:28.048 v:4.993e+03
>>> tau_he = 5.000000, nhe(0)=2.963438e+00
 5     -0.018   9.19e-03   4.20e-01   5.76e-03  -8.69e-02   0.00e+00 (  4.28e+00,  4.52e+01)
10     -0.107   7.74e-02   2.31e-02  -1.08e-02  -6.41e-01   0.00e+00 (  5.93e+01,  8.65e+01)
15     -0.084   2.51e-01   3.69e-01   4.50e-02  -5.99e-01   0.00e+00 (  1.99e+02,  1.19e+02)
20      0.037   1.46e-01   1.20e-01   3.25e-04   3.09e-01   0.00e+00 (  1.12e+02,  1.42e+02)
25      0.105   2.48e-01   3.03e-01   1.17e-01   9.72e-01   0.00e+00 (  1.75e+02,  1.63e+02)
30      0.125   2.66e-01   3.43e-01   1.50e-01   1.29e+00   0.00e+00 (  1.79e+02,  1.77e+02)
35      0.131   2.84e-01   3.90e-01   1.67e-01   1.45e+00   0.00e+00 (  1.81e+02,  1.85e+02)
40      0.147   3.10e-01   4.81e-01   1.98e-01   1.75e+00   0.00e+00 (  1.77e+02,  1.90e+02)
45      0.159   3.29e-01   5.52e-01   2.27e-01   2.01e+00   0.00e+00 (  1.58e+02,  1.89e+02)
50      0.171   3.63e-01   6.90e-01   2.97e-01   2.27e+00   0.00e+00 (  1.40e+02,  1.84e+02)
55      0.174   3.81e-01   7.61e-01   4.03e-01   2.39e+00   0.00e+00 (  1.21e+02,  1.77e+02)
60      0.139   3.46e-01   6.51e-01   4.32e-01   1.99e+00   0.00e+00 (  9.52e+01,  1.68e+02)
65      0.165   3.87e-01   7.79e-01   5.50e-01   2.43e+00   0.00e+00 (  8.90e+01,  1.57e+02)
70      0.172   4.04e-01   8.28e-01   6.34e-01   2.58e+00   0.00e+00 (  7.81e+01,  1.47e+02)
75      0.166   4.03e-01   8.11e-01   6.62e-01   2.56e+00   0.00e+00 (  6.95e+01,  1.36e+02)
80      0.156   3.93e-01   7.81e-01   6.61e-01   2.51e+00   0.00e+00 (  6.33e+01,  1.27e+02)
85      0.151   3.77e-01   7.18e-01   5.99e-01   2.95e+00   0.00e+00 (  5.64e+01,  1.18e+02)
90      0.162   3.92e-01   5.73e-01   3.83e-01   5.77e+00   0.00e+00 (  4.94e+01,  1.10e+02)
95      0.205   4.19e-01   5.97e-01   4.03e-01   1.29e+01   0.00e+00 (  1.32e+02,  1.03e+02)
10 e: 3.272e-04 i: 6.070e-04 :: e: 1.563e-01 i: 1.719e-01 :: n: 2.762e+01 e:22.722 i:27.631 v:4.993e+03
>>> tau_he = 5.000000, nhe(0)=2.950185e+00
 5     -0.018   8.96e-03   4.04e-01   5.62e-03  -8.66e-02   0.00e+00 (  4.18e+00,  4.52e+01)
10     -0.105   7.40e-02   2.36e-02  -1.08e-02  -6.27e-01   0.00e+00 (  5.55e+01,  8.65e+01)
15     -0.081   1.11e-01   6.74e-02  -1.45e-02  -5.79e-01   0.00e+00 (  8.42e+01,  1.19e+02)
20      0.072   2.39e-01   3.12e-01   8.35e-02   5.94e-01   0.00e+00 (  1.81e+02,  1.42e+02)
25      0.051   1.64e-01   1.46e-01   2.47e-02   4.74e-01   0.00e+00 (  1.13e+02,  1.63e+02)
30      0.120   2.58e-01   3.31e-01   1.46e-01   1.22e+00   0.00e+00 (  1.69e+02,  1.77e+02)
35      0.123   2.75e-01   3.77e-01   1.57e-01   1.36e+00   0.00e+00 (  1.71e+02,  1.85e+02)
40      0.140   3.03e-01   4.66e-01   1.89e-01   1.66e+00   0.00e+00 (  1.69e+02,  1.90e+02)
45      0.151   3.20e-01   5.29e-01   2.17e-01   1.91e+00   0.00e+00 (  1.50e+02,  1.89e+02)
50      0.165   3.55e-01   6.64e-01   2.84e-01   2.18e+00   0.00e+00 (  1.34e+02,  1.84e+02)
55      0.170   3.74e-01   7.39e-01   3.90e-01   2.34e+00   0.00e+00 (  1.17e+02,  1.77e+02)
60      0.139   3.44e-01   6.41e-01   4.25e-01   1.98e+00   0.00e+00 (  9.39e+01,  1.68e+02)
65      0.165   3.85e-01   7.69e-01   5.43e-01   2.43e+00   0.00e+00 (  8.82e+01,  1.57e+02)
70      0.173   4.04e-01   8.25e-01   6.31e-01   2.61e+00   0.00e+00 (  7.81e+01,  1.47e+02)
75      0.168   4.05e-01   8.14e-01   6.64e-01   2.59e+00   0.00e+00 (  6.99e+01,  1.36e+02)
80      0.158   3.96e-01   7.86e-01   6.65e-01   2.55e+00   0.00e+00 (  6.40e+01,  1.27e+02)
85      0.154   3.81e-01   7.27e-01   6.05e-01   3.00e+00   0.00e+00 (  5.73e+01,  1.18e+02)
90      0.165   3.97e-01   5.83e-01   3.92e-01   5.88e+00   0.00e+00 (  5.06e+01,  1.10e+02)
95      0.205   4.19e-01   5.97e-01   4.03e-01   1.29e+01   0.00e+00 (  1.32e+02,  1.03e+02)
11 e: 1.292e-04 i: 3.875e-04 :: e: 1.415e-01 i: 1.500e-01 :: n: 2.762e+01 e:22.354 i:27.407 v:4.993e+03
>>> tau_he = 5.000000, nhe(0)=2.932092e+00
 5     -0.018   8.75e-03   3.97e-01   5.64e-03  -8.51e-02   0.00e+00 (  4.10e+00,  4.52e+01)
10     -0.103   7.29e-02   2.33e-02  -1.09e-02  -6.17e-01   0.00e+00 (  5.45e+01,  8.65e+01)
15     -0.080   1.11e-01   6.96e-02  -1.56e-02  -5.70e-01   0.00e+00 (  8.40e+01,  1.19e+02)
20      0.041   1.39e-01   1.16e-01   1.17e-03   3.40e-01   0.00e+00 (  1.03e+02,  1.42e+02)
25      0.104   2.41e-01   2.97e-01   1.15e-01   9.65e-01   0.00e+00 (  1.66e+02,  1.63e+02)
30      0.117   2.55e-01   3.30e-01   1.45e-01   1.20e+00   0.00e+00 (  1.66e+02,  1.77e+02)
35      0.120   2.73e-01   3.76e-01   1.51e-01   1.33e+00   0.00e+00 (  1.68e+02,  1.85e+02)
40      0.136   3.02e-01   4.65e-01   1.88e-01   1.61e+00   0.00e+00 (  1.66e+02,  1.90e+02)
45      0.148   3.19e-01   5.27e-01   2.16e-01   1.86e+00   0.00e+00 (  1.48e+02,  1.89e+02)
50      0.162   3.54e-01   6.62e-01   2.83e-01   2.15e+00   0.00e+00 (  1.33e+02,  1.84e+02)
55      0.169   3.76e-01   7.40e-01   3.90e-01   2.33e+00   0.00e+00 (  1.18e+02,  1.77e+02)
60      0.140   3.47e-01   6.47e-01   4.29e-01   1.99e+00   0.00e+00 (  9.53e+01,  1.68e+02)
65      0.166   3.89e-01   7.78e-01   5.49e-01   2.44e+00   0.00e+00 (  8.97e+01,  1.57e+02)
70      0.175   4.10e-01   8.37e-01   6.40e-01   2.63e+00   0.00e+00 (  8.00e+01,  1.47e+02)
75      0.170   4.11e-01   8.27e-01   6.74e-01   2.61e+00   0.00e+00 (  7.18e+01,  1.36e+02)
80      0.159   4.02e-01   7.98e-01   6.75e-01   2.57e+00   0.00e+00 (  6.57e+01,  1.27e+02)
85      0.155   3.87e-01   7.38e-01   6.14e-01   3.02e+00   0.00e+00 (  5.90e+01,  1.18e+02)
90      0.168   4.02e-01   5.92e-01   3.99e-01   5.95e+00   0.00e+00 (  5.23e+01,  1.10e+02)
95      0.205   4.19e-01   5.97e-01   4.03e-01   1.29e+01   0.00e+00 (  1.33e+02,  1.03e+02)
12 e: 1.043e-04 i: 3.013e-04 :: e: 1.117e-01 i: 1.236e-01 :: n: 2.762e+01 e:22.313 i:27.110 v:4.993e+03
>>> tau_he = 5.000000, nhe(0)=2.927875e+00
 5     -0.018   8.69e-03   3.96e-01   5.60e-03  -8.44e-02   0.00e+00 (  4.05e+00,  4.52e+01)
10     -0.110   7.12e-02   2.42e-02  -1.04e-02  -6.57e-01   0.00e+00 (  5.26e+01,  8.65e+01)
15     -0.062   2.36e-01   3.44e-01   3.76e-02  -4.41e-01   0.00e+00 (  1.79e+02,  1.19e+02)
20      0.042   1.38e-01   1.17e-01   1.31e-03   3.45e-01   0.00e+00 (  1.02e+02,  1.42e+02)
25      0.050   1.58e-01   1.45e-01   2.76e-02   4.67e-01   0.00e+00 (  1.07e+02,  1.63e+02)
30      0.111   2.50e-01   3.21e-01   1.36e-01   1.14e+00   0.00e+00 (  1.60e+02,  1.77e+02)
35      0.112   2.75e-01   3.65e-01   1.50e-01   1.25e+00   0.00e+00 (  1.66e+02,  1.85e+02)
40      0.129   2.96e-01   4.50e-01   1.82e-01   1.53e+00   0.00e+00 (  1.59e+02,  1.90e+02)
45      0.141   3.12e-01   5.08e-01   2.09e-01   1.78e+00   0.00e+00 (  1.43e+02,  1.89e+02)
50      0.157   3.47e-01   6.39e-01   2.67e-01   2.08e+00   0.00e+00 (  1.29e+02,  1.84e+02)
55      0.166   3.71e-01   7.22e-01   3.79e-01   2.29e+00   0.00e+00 (  1.15e+02,  1.77e+02)
60      0.140   3.46e-01   6.39e-01   4.24e-01   1.99e+00   0.00e+00 (  9.45e+01,  1.68e+02)
65      0.166   3.88e-01   7.70e-01   5.42e-01   2.44e+00   0.00e+00 (  8.93e+01,  1.57e+02)
70      0.176   4.11e-01   8.36e-01   6.38e-01   2.65e+00   0.00e+00 (  8.02e+01,  1.47e+02)
75      0.172   4.14e-01   8.30e-01   6.76e-01   2.65e+00   0.00e+00 (  7.24e+01,  1.36e+02)
80      0.162   4.05e-01   8.03e-01   6.79e-01   2.61e+00   0.00e+00 (  6.64e+01,  1.27e+02)
85      0.157   3.91e-01   7.45e-01   6.18e-01   3.07e+00   0.00e+00 (  6.00e+01,  1.18e+02)
90      0.170   4.07e-01   6.02e-01   4.07e-01   6.06e+00   0.00e+00 (  5.36e+01,  1.10e+02)
95      0.205   4.19e-01   5.97e-01   4.04e-01   1.29e+01   0.00e+00 (  1.33e+02,  1.03e+02)
13 e: 2.229e-04 i: 7.077e-04 :: e: 1.149e-01 i: 1.180e-01 :: n: 2.762e+01 e:22.131 i:27.040 v:4.993e+03
>>> tau_he = 5.000000, nhe(0)=2.923314e+00
 5     -0.018   8.62e-03   3.89e-01   5.56e-03  -8.46e-02   0.00e+00 (  4.02e+00,  4.52e+01)
10     -0.054   7.00e-02   2.07e-02  -5.79e-03  -3.23e-01   0.00e+00 (  5.11e+01,  8.65e+01)
15     -0.069   1.08e-01   6.64e-02  -1.45e-02  -4.96e-01   0.00e+00 (  7.93e+01,  1.19e+02)
20      0.078   2.32e-01   3.05e-01   8.26e-02   6.41e-01   0.00e+00 (  1.71e+02,  1.42e+02)
25      0.104   2.37e-01   2.96e-01   1.15e-01   9.71e-01   0.00e+00 (  1.63e+02,  1.63e+02)
30      0.111   2.49e-01   3.22e-01   1.36e-01   1.14e+00   0.00e+00 (  1.59e+02,  1.77e+02)
35      0.111   2.66e-01   3.62e-01   1.41e-01   1.24e+00   0.00e+00 (  1.59e+02,  1.85e+02)
40      0.127   2.95e-01   4.50e-01   1.82e-01   1.52e+00   0.00e+00 (  1.57e+02,  1.90e+02)
45      0.140   3.12e-01   5.07e-01   2.08e-01   1.77e+00   0.00e+00 (  1.42e+02,  1.89e+02)
50      0.157   3.49e-01   6.41e-01   2.76e-01   2.08e+00   0.00e+00 (  1.30e+02,  1.84e+02)
55      0.166   3.74e-01   7.27e-01   3.82e-01   2.30e+00   0.00e+00 (  1.17e+02,  1.77e+02)
60      0.141   3.50e-01   6.47e-01   4.29e-01   2.01e+00   0.00e+00 (  9.63e+01,  1.68e+02)
65      0.168   3.93e-01   7.81e-01   5.50e-01   2.46e+00   0.00e+00 (  9.12e+01,  1.57e+02)
70      0.178   4.17e-01   8.49e-01   6.48e-01   2.67e+00   0.00e+00 (  8.22e+01,  1.47e+02)
75      0.174   4.21e-01   8.43e-01   6.87e-01   2.67e+00   0.00e+00 (  7.44e+01,  1.36e+02)
80      0.163   4.11e-01   8.16e-01   6.89e-01   2.63e+00   0.00e+00 (  6.82e+01,  1.27e+02)
85      0.159   3.97e-01   7.56e-01   6.27e-01   3.10e+00   0.00e+00 (  6.18e+01,  1.18e+02)
90      0.173   4.12e-01   6.11e-01   4.14e-01   6.13e+00   0.00e+00 (  5.53e+01,  1.10e+02)
95      0.205   4.19e-01   5.97e-01   4.04e-01   1.29e+01   0.00e+00 (  1.34e+02,  1.03e+02)
14 e: 6.870e-05 i: 3.479e-04 :: e: 9.156e-02 i: 9.687e-02 :: n: 2.762e+01 e:22.097 i:26.967 v:4.993e+03
>>> tau_he = 5.000000, nhe(0)=2.917116e+00
 5     -0.018   8.55e-03   3.87e-01   5.57e-03  -8.42e-02   0.00e+00 (  4.00e+00,  4.52e+01)
10     -0.053   6.94e-02   2.05e-02  -5.78e-03  -3.19e-01   0.00e+00 (  5.06e+01,  8.65e+01)
15     -0.070   1.08e-01   6.81e-02  -1.53e-02  -4.98e-01   0.00e+00 (  7.98e+01,  1.19e+02)
20      0.044   1.36e-01   1.15e-01   1.71e-03   3.62e-01   0.00e+00 (  9.83e+01,  1.42e+02)
25      0.050   1.58e-01   1.46e-01   2.72e-02   4.69e-01   0.00e+00 (  1.07e+02,  1.63e+02)
30      0.107   2.49e-01   3.18e-01   1.31e-01   1.09e+00   0.00e+00 (  1.58e+02,  1.77e+02)
35      0.108   2.64e-01   3.56e-01   1.43e-01   1.20e+00   0.00e+00 (  1.57e+02,  1.85e+02)
40      0.122   2.92e-01   4.37e-01   1.58e-01   1.45e+00   0.00e+00 (  1.55e+02,  1.90e+02)
45      0.135   3.12e-01   4.95e-01   2.02e-01   1.70e+00   0.00e+00 (  1.41e+02,  1.89e+02)
50      0.154   3.45e-01   6.29e-01   2.70e-01   2.04e+00   0.00e+00 (  1.28e+02,  1.84e+02)
55      0.165   3.71e-01   7.16e-01   3.75e-01   2.28e+00   0.00e+00 (  1.16e+02,  1.77e+02)
60      0.141   3.50e-01   6.44e-01   4.26e-01   2.01e+00   0.00e+00 (  9.68e+01,  1.68e+02)
65      0.168   3.94e-01   7.78e-01   5.47e-01   2.47e+00   0.00e+00 (  9.17e+01,  1.57e+02)
70      0.179   4.20e-01   8.50e-01   6.48e-01   2.70e+00   0.00e+00 (  8.31e+01,  1.47e+02)
75      0.176   4.24e-01   8.48e-01   6.90e-01   2.71e+00   0.00e+00 (  7.54e+01,  1.36e+02)
80      0.165   4.15e-01   8.22e-01   6.94e-01   2.67e+00   0.00e+00 (  6.92e+01,  1.27e+02)
85      0.161   4.02e-01   7.64e-01   6.34e-01   3.15e+00   0.00e+00 (  6.29e+01,  1.18e+02)
90      0.175   4.17e-01   6.21e-01   4.22e-01   6.23e+00   0.00e+00 (  5.66e+01,  1.10e+02)
95      0.205   4.18e-01   5.97e-01   4.05e-01   1.29e+01   0.00e+00 (  1.34e+02,  1.03e+02)
15 e: 6.984e-05 i: 1.421e-04 :: e: 8.045e-02 i: 8.264e-02 :: n: 2.762e+01 e:22.048 i:26.868 v:4.993e+03
>>> tau_he = 5.000000, nhe(0)=2.919470e+00
 5     -0.018   8.58e-03   3.91e-01   5.59e-03  -8.38e-02   0.00e+00 (  4.00e+00,  4.52e+01)
10     -0.075   6.86e-02   2.17e-02  -5.58e-03  -4.48e-01   0.00e+00 (  4.97e+01,  8.65e+01)
15     -0.070   1.10e-01   7.00e-02  -1.61e-02  -5.02e-01   0.00e+00 (  8.12e+01,  1.19e+02)
20      0.044   1.37e-01   1.18e-01   1.53e-03   3.66e-01   0.00e+00 (  9.96e+01,  1.42e+02)
25      0.104   2.35e-01   2.95e-01   1.14e-01   9.67e-01   0.00e+00 (  1.60e+02,  1.63e+02)
30      0.105   2.59e-01   3.10e-01   1.24e-01   1.08e+00   0.00e+00 (  1.63e+02,  1.77e+02)
35      0.107   2.64e-01   3.54e-01   1.50e-01   1.19e+00   0.00e+00 (  1.55e+02,  1.85e+02)
40      0.120   2.91e-01   4.36e-01   1.58e-01   1.43e+00   0.00e+00 (  1.54e+02,  1.90e+02)
45      0.134   3.12e-01   4.94e-01   2.02e-01   1.69e+00   0.00e+00 (  1.41e+02,  1.89e+02)
50      0.154   3.46e-01   6.30e-01   2.70e-01   2.04e+00   0.00e+00 (  1.29e+02,  1.84e+02)
55      0.166   3.75e-01   7.21e-01   3.78e-01   2.28e+00   0.00e+00 (  1.17e+02,  1.77e+02)
60      0.142   3.55e-01   6.52e-01   4.31e-01   2.03e+00   0.00e+00 (  9.86e+01,  1.68e+02)
65      0.170   3.99e-01   7.88e-01   5.54e-01   2.49e+00   0.00e+00 (  9.37e+01,  1.57e+02)
70      0.181   4.26e-01   8.63e-01   6.57e-01   2.72e+00   0.00e+00 (  8.51e+01,  1.47e+02)
75      0.178   4.31e-01   8.62e-01   7.01e-01   2.73e+00   0.00e+00 (  7.74e+01,  1.36e+02)
80      0.167   4.21e-01   8.35e-01   7.04e-01   2.69e+00   0.00e+00 (  7.10e+01,  1.27e+02)
85      0.163   4.08e-01   7.76e-01   6.44e-01   3.18e+00   0.00e+00 (  6.47e+01,  1.18e+02)
90      0.177   4.21e-01   6.30e-01   4.29e-01   6.30e+00   0.00e+00 (  5.84e+01,  1.10e+02)
95      0.205   4.18e-01   5.98e-01   4.05e-01   1.29e+01   0.00e+00 (  1.34e+02,  1.03e+02)
16 e: 4.272e-05 i: 2.138e-04 :: e: 6.340e-02 i: 6.633e-02 :: n: 2.762e+01 e:22.086 i:26.904 v:4.993e+03
>>> tau_he = 5.000000, nhe(0)=2.922344e+00
 5     -0.018   8.64e-03   3.95e-01   5.62e-03  -8.42e-02   0.00e+00 (  4.04e+00,  4.52e+01)
10     -0.075   6.85e-02   2.15e-02  -5.49e-03  -4.47e-01   0.00e+00 (  4.96e+01,  8.65e+01)
15     -0.050   2.37e-01   3.45e-01   3.94e-02  -3.61e-01   0.00e+00 (  1.78e+02,  1.19e+02)
20      0.080   2.30e-01   3.03e-01   8.31e-02   6.60e-01   0.00e+00 (  1.68e+02,  1.42e+02)
25      0.050   1.57e-01   1.47e-01   2.79e-02   4.69e-01   0.00e+00 (  1.06e+02,  1.63e+02)
30      0.057   1.95e-01   1.95e-01   4.18e-02   5.88e-01   0.00e+00 (  1.22e+02,  1.77e+02)
35      0.105   2.63e-01   3.50e-01   1.47e-01   1.17e+00   0.00e+00 (  1.54e+02,  1.85e+02)
40      0.118   2.90e-01   4.29e-01   1.57e-01   1.40e+00   0.00e+00 (  1.52e+02,  1.90e+02)
45      0.131   3.11e-01   4.86e-01   1.99e-01   1.66e+00   0.00e+00 (  1.40e+02,  1.89e+02)
50      0.152   3.45e-01   6.22e-01   2.65e-01   2.01e+00   0.00e+00 (  1.28e+02,  1.84e+02)
55      0.165   3.74e-01   7.14e-01   3.73e-01   2.27e+00   0.00e+00 (  1.18e+02,  1.77e+02)
60      0.143   3.56e-01   6.50e-01   4.29e-01   2.04e+00   0.00e+00 (  9.93e+01,  1.68e+02)
65      0.170   4.01e-01   7.87e-01   5.53e-01   2.50e+00   0.00e+00 (  9.44e+01,  1.57e+02)
70      0.182   4.29e-01   8.66e-01   6.59e-01   2.74e+00   0.00e+00 (  8.61e+01,  1.47e+02)
75      0.179   4.34e-01   8.67e-01   7.05e-01   2.76e+00   0.00e+00 (  7.85e+01,  1.36e+02)
80      0.169   4.25e-01   8.42e-01   7.10e-01   2.73e+00   0.00e+00 (  7.21e+01,  1.27e+02)
85      0.165   4.13e-01   7.84e-01   6.50e-01   3.22e+00   0.00e+00 (  6.59e+01,  1.18e+02)
90      0.180   4.26e-01   6.39e-01   4.36e-01   6.39e+00   0.00e+00 (  5.97e+01,  1.10e+02)
95      0.205   4.18e-01   5.98e-01   4.05e-01   1.29e+01   0.00e+00 (  1.34e+02,  1.03e+02)
17 e: 2.491e-04 i: 9.621e-04 :: e: 7.935e-02 i: 7.889e-02 :: n: 2.762e+01 e:22.110 i:26.950 v:4.993e+03
>>> tau_he = 5.000000, nhe(0)=2.924320e+00
 5     -0.018   8.64e-03   3.90e-01   5.57e-03  -8.50e-02   0.00e+00 (  4.04e+00,  4.52e+01)
10     -0.060   6.93e-02   2.23e-02  -5.58e-03  -3.58e-01   0.00e+00 (  4.98e+01,  8.65e+01)
15     -0.052   1.23e-01   9.22e-02  -1.54e-02  -3.72e-01   0.00e+00 (  8.89e+01,  1.19e+02)
20      0.046   1.36e-01   1.16e-01   1.65e-03   3.84e-01   0.00e+00 (  9.78e+01,  1.42e+02)
25      0.105   2.37e-01   2.97e-01   1.14e-01   9.80e-01   0.00e+00 (  1.62e+02,  1.63e+02)
30      0.109   2.52e-01   3.21e-01   1.32e-01   1.11e+00   0.00e+00 (  1.59e+02,  1.77e+02)
35      0.106   2.64e-01   3.51e-01   1.47e-01   1.18e+00   0.00e+00 (  1.55e+02,  1.85e+02)
40      0.118   2.91e-01   4.28e-01   1.56e-01   1.40e+00   0.00e+00 (  1.52e+02,  1.90e+02)
45      0.132   3.12e-01   4.86e-01   1.99e-01   1.66e+00   0.00e+00 (  1.40e+02,  1.89e+02)
50      0.153   3.48e-01   6.24e-01   2.66e-01   2.02e+00   0.00e+00 (  1.29e+02,  1.84e+02)
55      0.166   3.78e-01   7.20e-01   3.76e-01   2.29e+00   0.00e+00 (  1.19e+02,  1.77e+02)
60      0.145   3.60e-01   6.57e-01   4.33e-01   2.06e+00   0.00e+00 (  1.01e+02,  1.68e+02)
65      0.172   4.06e-01   7.97e-01   5.59e-01   2.53e+00   0.00e+00 (  9.63e+01,  1.57e+02)
70      0.185   4.34e-01   8.77e-01   6.67e-01   2.77e+00   0.00e+00 (  8.81e+01,  1.47e+02)
75      0.181   4.40e-01   8.79e-01   7.14e-01   2.79e+00   0.00e+00 (  8.03e+01,  1.36e+02)
80      0.171   4.31e-01   8.53e-01   7.19e-01   2.76e+00   0.00e+00 (  7.38e+01,  1.27e+02)
85      0.167   4.18e-01   7.95e-01   6.59e-01   3.25e+00   0.00e+00 (  6.76e+01,  1.18e+02)
90      0.182   4.30e-01   6.48e-01   4.43e-01   6.47e+00   0.00e+00 (  6.13e+01,  1.10e+02)
95      0.205   4.18e-01   5.98e-01   4.05e-01   1.29e+01   0.00e+00 (  1.35e+02,  1.03e+02)
18 e: 4.772e-05 i: 1.932e-04 :: e: 4.549e-02 i: 5.007e-02 :: n: 2.762e+01 e:22.086 i:26.982 v:4.993e+03
>>> tau_he = 5.000000, nhe(0)=2.926848e+00
 5     -0.018   8.68e-03   3.94e-01   5.61e-03  -8.49e-02   0.00e+00 (  4.06e+00,  4.52e+01)
10     -0.072   6.88e-02   2.20e-02  -5.59e-03  -4.28e-01   0.00e+00 (  4.93e+01,  8.65e+01)
15     -0.064   1.10e-01   6.90e-02  -1.58e-02  -4.55e-01   0.00e+00 (  8.01e+01,  1.19e+02)
20      0.046   1.38e-01   1.19e-01   1.39e-03   3.84e-01   0.00e+00 (  9.97e+01,  1.42e+02)
25      0.052   1.60e-01   1.49e-01   2.68e-02   4.81e-01   0.00e+00 (  1.09e+02,  1.63e+02)
30      0.106   2.63e-01   3.13e-01   1.23e-01   1.09e+00   0.00e+00 (  1.67e+02,  1.77e+02)
35      0.105   2.66e-01   3.51e-01   1.47e-01   1.17e+00   0.00e+00 (  1.56e+02,  1.85e+02)
40      0.116   2.92e-01   4.27e-01   1.61e-01   1.38e+00   0.00e+00 (  1.54e+02,  1.90e+02)
45      0.150   3.30e-01   5.42e-01   2.21e-01   1.89e+00   0.00e+00 (  1.50e+02,  1.89e+02)
50      0.152   3.50e-01   6.23e-01   2.65e-01   2.02e+00   0.00e+00 (  1.31e+02,  1.84e+02)
55      0.166   3.81e-01   7.21e-01   3.78e-01   2.29e+00   0.00e+00 (  1.21e+02,  1.77e+02)
60      0.145   3.63e-01   6.60e-01   4.35e-01   2.07e+00   0.00e+00 (  1.03e+02,  1.68e+02)
65      0.173   4.10e-01   8.02e-01   5.62e-01   2.54e+00   0.00e+00 (  9.80e+01,  1.57e+02)
70      0.186   4.39e-01   8.84e-01   6.72e-01   2.80e+00   0.00e+00 (  8.97e+01,  1.47e+02)
75      0.183   4.45e-01   8.88e-01   7.21e-01   2.82e+00   0.00e+00 (  8.19e+01,  1.36e+02)
80      0.172   4.36e-01   8.62e-01   7.26e-01   2.78e+00   0.00e+00 (  7.52e+01,  1.27e+02)
85      0.169   4.23e-01   8.04e-01   6.67e-01   3.29e+00   0.00e+00 (  6.90e+01,  1.18e+02)
90      0.184   4.34e-01   6.57e-01   4.50e-01   6.55e+00   0.00e+00 (  6.27e+01,  1.10e+02)
95      0.205   4.18e-01   5.98e-01   4.06e-01   1.30e+01   0.00e+00 (  1.35e+02,  1.03e+02)
19 e: 5.599e-05 i: 1.448e-04 :: e: 4.345e-02 i: 4.740e-02 :: n: 2.762e+01 e:22.184 i:27.023 v:4.993e+03
>>> tau_he = 5.000000, nhe(0)=2.935968e+00
 5     -0.018   8.81e-03   4.02e-01   5.65e-03  -8.54e-02   0.00e+00 (  4.12e+00,  4.52e+01)
10     -0.071   6.87e-02   2.18e-02  -5.38e-03  -4.24e-01   0.00e+00 (  4.91e+01,  8.65e+01)
15     -0.065   1.12e-01   7.07e-02  -1.66e-02  -4.69e-01   0.00e+00 (  8.21e+01,  1.19e+02)
20      0.083   2.35e-01   3.10e-01   8.36e-02   6.87e-01   0.00e+00 (  1.71e+02,  1.42e+02)
25      0.106   2.40e-01   3.00e-01   1.16e-01   9.88e-01   0.00e+00 (  1.64e+02,  1.63e+02)
30      0.059   1.99e-01   1.97e-01   4.07e-02   6.04e-01   0.00e+00 (  1.25e+02,  1.77e+02)
35      0.105   2.66e-01   3.49e-01   1.46e-01   1.16e+00   0.00e+00 (  1.56e+02,  1.85e+02)
40      0.115   2.92e-01   4.24e-01   1.61e-01   1.37e+00   0.00e+00 (  1.53e+02,  1.90e+02)
45      0.148   3.30e-01   5.37e-01   2.19e-01   1.87e+00   0.00e+00 (  1.49e+02,  1.89e+02)
50      0.152   3.51e-01   6.22e-01   2.64e-01   2.02e+00   0.00e+00 (  1.32e+02,  1.84e+02)
55      0.167   3.84e-01   7.23e-01   3.79e-01   2.31e+00   0.00e+00 (  1.23e+02,  1.77e+02)
60      0.147   3.67e-01   6.65e-01   4.37e-01   2.09e+00   0.00e+00 (  1.05e+02,  1.68e+02)
65      0.175   4.14e-01   8.09e-01   5.66e-01   2.57e+00   0.00e+00 (  9.98e+01,  1.57e+02)
70      0.188   4.44e-01   8.94e-01   6.79e-01   2.83e+00   0.00e+00 (  9.15e+01,  1.47e+02)
75      0.185   4.51e-01   8.98e-01   7.29e-01   2.85e+00   0.00e+00 (  8.36e+01,  1.36e+02)
80      0.174   4.41e-01   8.72e-01   7.35e-01   2.81e+00   0.00e+00 (  7.68e+01,  1.27e+02)
85      0.170   4.28e-01   8.14e-01   6.75e-01   3.33e+00   0.00e+00 (  7.06e+01,  1.18e+02)
90      0.187   4.39e-01   6.65e-01   4.56e-01   6.63e+00   0.00e+00 (  6.43e+01,  1.10e+02)
95      0.205   4.18e-01   5.98e-01   4.06e-01   1.30e+01   0.00e+00 (  1.35e+02,  1.03e+02)
20 e: 1.193e-04 i: 4.673e-04 :: e: 4.272e-02 i: 4.791e-02 :: n: 2.762e+01 e:22.247 i:27.170 v:4.993e+03
>>> tau_he = 5.000000, nhe(0)=2.935827e+00
 5     -0.018   8.83e-03   4.03e-01   5.69e-03  -8.58e-02   0.00e+00 (  4.15e+00,  4.52e+01)
10     -0.072   6.90e-02   2.20e-02  -5.50e-03  -4.31e-01   0.00e+00 (  4.96e+01,  8.65e+01)
15     -0.043   2.44e-01   3.51e-01   4.00e-02  -3.07e-01   0.00e+00 (  1.80e+02,  1.19e+02)
20      0.047   1.38e-01   1.18e-01   1.51e-03   3.92e-01   0.00e+00 (  9.90e+01,  1.42e+02)
25      0.052   1.60e-01   1.49e-01   2.85e-02   4.86e-01   0.00e+00 (  1.09e+02,  1.63e+02)
30      0.108   2.66e-01   3.17e-01   1.25e-01   1.11e+00   0.00e+00 (  1.70e+02,  1.77e+02)
35      0.105   2.68e-01   3.51e-01   1.46e-01   1.17e+00   0.00e+00 (  1.57e+02,  1.85e+02)
40      0.115   2.93e-01   4.23e-01   1.60e-01   1.36e+00   0.00e+00 (  1.54e+02,  1.90e+02)
45      0.146   3.30e-01   5.34e-01   2.18e-01   1.85e+00   0.00e+00 (  1.49e+02,  1.89e+02)
50      0.152   3.53e-01   6.21e-01   2.55e-01   2.02e+00   0.00e+00 (  1.33e+02,  1.84e+02)
55      0.168   3.86e-01   7.25e-01   3.80e-01   2.32e+00   0.00e+00 (  1.24e+02,  1.77e+02)
60      0.148   3.70e-01   6.69e-01   4.39e-01   2.11e+00   0.00e+00 (  1.06e+02,  1.68e+02)
65      0.176   4.18e-01   8.15e-01   5.70e-01   2.59e+00   0.00e+00 (  1.01e+02,  1.57e+02)
70      0.189   4.48e-01   9.01e-01   6.84e-01   2.85e+00   0.00e+00 (  9.32e+01,  1.47e+02)
75      0.187   4.56e-01   9.07e-01   7.36e-01   2.88e+00   0.00e+00 (  8.52e+01,  1.36e+02)
80      0.176   4.46e-01   8.82e-01   7.42e-01   2.84e+00   0.00e+00 (  7.83e+01,  1.27e+02)
85      0.172   4.33e-01   8.23e-01   6.83e-01   3.36e+00   0.00e+00 (  7.21e+01,  1.18e+02)
90      0.189   4.43e-01   6.73e-01   4.63e-01   6.71e+00   0.00e+00 (  6.57e+01,  1.10e+02)
95      0.205   4.18e-01   5.98e-01   4.06e-01   1.30e+01   0.00e+00 (  1.36e+02,  1.03e+02)
21 e: 1.796e-04 i: 6.691e-04 :: e: 3.985e-02 i: 4.381e-02 :: n: 2.762e+01 e:22.318 i:27.169 v:4.993e+03
>>> tau_he = 5.000000, nhe(0)=2.944974e+00
 5     -0.018   8.91e-03   4.03e-01   5.63e-03  -8.67e-02   0.00e+00 (  4.17e+00,  4.52e+01)
10     -0.069   6.94e-02   2.23e-02  -5.40e-03  -4.12e-01   0.00e+00 (  4.93e+01,  8.65e+01)
15     -0.047   1.27e-01   9.36e-02  -1.58e-02  -3.35e-01   0.00e+00 (  9.05e+01,  1.19e+02)
20      0.043   1.35e-01   1.21e-01   8.04e-04   3.57e-01   0.00e+00 (  9.66e+01,  1.42e+02)
25      0.109   2.42e-01   3.04e-01   1.17e-01   1.01e+00   0.00e+00 (  1.66e+02,  1.63e+02)
30      0.110   2.67e-01   3.17e-01   1.24e-01   1.12e+00   0.00e+00 (  1.70e+02,  1.77e+02)
35      0.106   2.69e-01   3.50e-01   1.45e-01   1.17e+00   0.00e+00 (  1.58e+02,  1.85e+02)
40      0.115   2.94e-01   4.21e-01   1.60e-01   1.37e+00   0.00e+00 (  1.54e+02,  1.90e+02)
45      0.146   3.31e-01   5.29e-01   2.16e-01   1.84e+00   0.00e+00 (  1.49e+02,  1.89e+02)
50      0.153   3.55e-01   6.20e-01   2.54e-01   2.03e+00   0.00e+00 (  1.35e+02,  1.84e+02)
55      0.169   3.89e-01   7.27e-01   3.77e-01   2.33e+00   0.00e+00 (  1.26e+02,  1.77e+02)
60      0.149   3.73e-01   6.73e-01   4.41e-01   2.13e+00   0.00e+00 (  1.08e+02,  1.68e+02)
65      0.178   4.21e-01   8.21e-01   5.74e-01   2.61e+00   0.00e+00 (  1.03e+02,  1.57e+02)
70      0.191   4.53e-01   9.09e-01   6.90e-01   2.88e+00   0.00e+00 (  9.47e+01,  1.47e+02)
75      0.189   4.61e-01   9.17e-01   7.43e-01   2.91e+00   0.00e+00 (  8.68e+01,  1.36e+02)
80      0.178   4.51e-01   8.91e-01   7.50e-01   2.87e+00   0.00e+00 (  7.97e+01,  1.27e+02)
85      0.174   4.38e-01   8.32e-01   6.90e-01   3.40e+00   0.00e+00 (  7.36e+01,  1.18e+02)
90      0.191   4.47e-01   6.81e-01   4.69e-01   6.78e+00   0.00e+00 (  6.72e+01,  1.10e+02)
95      0.206   4.17e-01   5.98e-01   4.06e-01   1.30e+01   0.00e+00 (  1.36e+02,  1.03e+02)
22 e: 7.523e-05 i: 1.960e-04 :: e: 2.244e-02 i: 2.676e-02 :: n: 2.762e+01 e:22.289 i:27.318 v:4.993e+03
>>> tau_he = 5.000000, nhe(0)=2.947470e+00
 5     -0.018   8.98e-03   4.06e-01   5.69e-03  -8.71e-02   0.00e+00 (  4.22e+00,  4.52e+01)
10     -0.069   6.97e-02   2.25e-02  -5.50e-03  -4.15e-01   0.00e+00 (  4.97e+01,  8.65e+01)
15     -0.060   1.14e-01   7.05e-02  -1.65e-02  -4.31e-01   0.00e+00 (  8.20e+01,  1.19e+02)
20      0.040   1.37e-01   1.30e-01  -1.09e-02   3.34e-01   0.00e+00 (  9.94e+01,  1.42e+02)
25      0.054   1.62e-01   1.52e-01   2.62e-02   4.99e-01   0.00e+00 (  1.11e+02,  1.63e+02)
30      0.060   2.03e-01   2.00e-01   3.94e-02   6.17e-01   0.00e+00 (  1.29e+02,  1.77e+02)
35      0.106   2.71e-01   3.52e-01   1.46e-01   1.18e+00   0.00e+00 (  1.60e+02,  1.85e+02)
40      0.115   2.96e-01   4.24e-01   1.60e-01   1.37e+00   0.00e+00 (  1.57e+02,  1.90e+02)
45      0.145   3.33e-01   5.31e-01   2.17e-01   1.83e+00   0.00e+00 (  1.52e+02,  1.89e+02)
50      0.154   3.59e-01   6.24e-01   2.56e-01   2.04e+00   0.00e+00 (  1.37e+02,  1.84e+02)
55      0.170   3.93e-01   7.33e-01   3.81e-01   2.35e+00   0.00e+00 (  1.28e+02,  1.77e+02)
60      0.205   4.49e-01   9.01e-01   5.57e-01   2.93e+00   0.00e+00 (  1.31e+02,  1.68e+02)
65      0.179   4.26e-01   8.30e-01   5.79e-01   2.63e+00   0.00e+00 (  1.05e+02,  1.57e+02)
70      0.193   4.58e-01   9.19e-01   6.97e-01   2.90e+00   0.00e+00 (  9.68e+01,  1.47e+02)
75      0.190   4.66e-01   9.27e-01   7.51e-01   2.93e+00   0.00e+00 (  8.86e+01,  1.36e+02)
80      0.179   4.56e-01   9.00e-01   7.58e-01   2.89e+00   0.00e+00 (  8.14e+01,  1.27e+02)
85      0.175   4.43e-01   8.42e-01   6.98e-01   3.42e+00   0.00e+00 (  7.51e+01,  1.18e+02)
90      0.193   4.51e-01   6.88e-01   4.74e-01   6.85e+00   0.00e+00 (  6.87e+01,  1.10e+02)
95      0.206   4.17e-01   5.98e-01   4.07e-01   1.30e+01   0.00e+00 (  1.36e+02,  1.03e+02)
23 e: 3.885e-05 i: 1.692e-04 :: e: 3.530e-02 i: 4.458e-02 :: n: 2.762e+01 e:22.433 i:27.360 v:4.993e+03
>>> tau_he = 5.000000, nhe(0)=2.959173e+00
 5     -0.019   9.14e-03   4.17e-01   5.73e-03  -8.78e-02   0.00e+00 (  4.29e+00,  4.52e+01)
10     -0.069   6.91e-02   2.22e-02  -5.19e-03  -4.10e-01   0.00e+00 (  4.91e+01,  8.65e+01)
15     -0.062   1.16e-01   7.18e-02  -1.71e-02  -4.44e-01   0.00e+00 (  8.40e+01,  1.19e+02)
20      0.086   2.44e-01   3.21e-01   8.69e-02   7.11e-01   0.00e+00 (  1.78e+02,  1.42e+02)
25      0.110   2.46e-01   3.07e-01   1.19e-01   1.02e+00   0.00e+00 (  1.70e+02,  1.63e+02)
30      0.111   2.71e-01   3.21e-01   1.25e-01   1.14e+00   0.00e+00 (  1.73e+02,  1.77e+02)
35      0.106   2.71e-01   3.51e-01   1.45e-01   1.18e+00   0.00e+00 (  1.60e+02,  1.85e+02)
40      0.114   2.95e-01   4.21e-01   1.59e-01   1.36e+00   0.00e+00 (  1.56e+02,  1.90e+02)
45      0.144   3.32e-01   5.27e-01   2.15e-01   1.82e+00   0.00e+00 (  1.51e+02,  1.89e+02)
50      0.154   3.60e-01   6.23e-01   2.55e-01   2.04e+00   0.00e+00 (  1.38e+02,  1.84e+02)
55      0.170   3.94e-01   7.32e-01   3.82e-01   2.35e+00   0.00e+00 (  1.29e+02,  1.77e+02)
60      0.147   3.74e-01   6.69e-01   4.36e-01   2.09e+00   0.00e+00 (  1.09e+02,  1.68e+02)
65      0.180   4.28e-01   8.29e-01   5.78e-01   2.64e+00   0.00e+00 (  1.06e+02,  1.57e+02)
70      0.194   4.62e-01   9.24e-01   7.00e-01   2.92e+00   0.00e+00 (  9.81e+01,  1.47e+02)
75      0.192   4.70e-01   9.34e-01   7.56e-01   2.96e+00   0.00e+00 (  8.99e+01,  1.36e+02)
80      0.181   4.60e-01   9.08e-01   7.64e-01   2.92e+00   0.00e+00 (  8.26e+01,  1.27e+02)
85      0.177   4.47e-01   8.50e-01   7.04e-01   3.46e+00   0.00e+00 (  7.64e+01,  1.18e+02)
90      0.195   4.55e-01   6.96e-01   4.80e-01   6.92e+00   0.00e+00 (  6.99e+01,  1.10e+02)
95      0.206   4.17e-01   5.98e-01   4.07e-01   1.30e+01   0.00e+00 (  1.36e+02,  1.03e+02)
24 e: 8.589e-05 i: 3.666e-04 :: e: 3.265e-02 i: 3.772e-02 :: n: 2.762e+01 e:22.482 i:27.555 v:4.993e+03
>>> tau_he = 5.000000, nhe(0)=2.956050e+00
 5     -0.019   9.13e-03   4.16e-01   5.77e-03  -8.82e-02   0.00e+00 (  4.31e+00,  4.52e+01)
10     -0.070   6.96e-02   2.26e-02  -5.45e-03  -4.21e-01   0.00e+00 (  4.98e+01,  8.65e+01)
15     -0.064   1.17e-01   7.46e-02  -1.82e-02  -4.60e-01   0.00e+00 (  8.58e+01,  1.19e+02)
20      0.043   1.37e-01   1.23e-01   6.66e-04   3.56e-01   0.00e+00 (  9.85e+01,  1.42e+02)
25      0.054   1.63e-01   1.52e-01   2.83e-02   5.01e-01   0.00e+00 (  1.12e+02,  1.63e+02)
30      0.061   2.05e-01   2.02e-01   3.86e-02   6.28e-01   0.00e+00 (  1.31e+02,  1.77e+02)
35      0.106   2.73e-01   3.53e-01   1.46e-01   1.18e+00   0.00e+00 (  1.62e+02,  1.85e+02)
40      0.115   2.97e-01   4.23e-01   1.59e-01   1.36e+00   0.00e+00 (  1.58e+02,  1.90e+02)
45      0.140   3.34e-01   5.29e-01   2.14e-01   1.77e+00   0.00e+00 (  1.52e+02,  1.89e+02)
50      0.155   3.63e-01   6.27e-01   2.56e-01   2.05e+00   0.00e+00 (  1.40e+02,  1.84e+02)
55      0.172   3.97e-01   7.37e-01   3.82e-01   2.37e+00   0.00e+00 (  1.31e+02,  1.77e+02)
60      0.148   3.78e-01   6.76e-01   4.41e-01   2.12e+00   0.00e+00 (  1.11e+02,  1.68e+02)
65      0.181   4.31e-01   8.37e-01   5.83e-01   2.65e+00   0.00e+00 (  1.07e+02,  1.57e+02)
70      0.196   4.66e-01   9.33e-01   7.06e-01   2.94e+00   0.00e+00 (  9.96e+01,  1.47e+02)
75      0.193   4.75e-01   9.43e-01   7.63e-01   2.98e+00   0.00e+00 (  9.14e+01,  1.36e+02)
80      0.182   4.65e-01   9.17e-01   7.71e-01   2.94e+00   0.00e+00 (  8.40e+01,  1.27e+02)
85      0.178   4.51e-01   8.58e-01   7.11e-01   3.48e+00   0.00e+00 (  7.78e+01,  1.18e+02)
90      0.196   4.58e-01   7.02e-01   4.85e-01   6.97e+00   0.00e+00 (  7.13e+01,  1.10e+02)
95      0.206   4.17e-01   5.98e-01   4.07e-01   1.30e+01   0.00e+00 (  1.37e+02,  1.03e+02)
25 e: 1.951e-05 i: 1.087e-04 :: e: 2.972e-02 i: 3.409e-02 :: n: 2.762e+01 e:22.557 i:27.504 v:4.993e+03
>>> tau_he = 5.000000, nhe(0)=2.965294e+00
 5     -0.019   9.25e-03   4.24e-01   5.79e-03  -8.84e-02   0.00e+00 (  4.35e+00,  4.52e+01)
10     -0.069   6.94e-02   2.23e-02  -5.10e-03  -4.13e-01   0.00e+00 (  4.94e+01,  8.65e+01)
15     -0.039   2.55e-01   3.67e-01   4.28e-02  -2.80e-01   0.00e+00 (  1.88e+02,  1.19e+02)
20      0.043   1.38e-01   1.25e-01   3.43e-04   3.58e-01   0.00e+00 (  1.00e+02,  1.42e+02)
25      0.110   2.47e-01   3.08e-01   1.18e-01   1.02e+00   0.00e+00 (  1.71e+02,  1.63e+02)
30      0.113   2.72e-01   3.24e-01   1.27e-01   1.16e+00   0.00e+00 (  1.74e+02,  1.77e+02)
35      0.106   2.73e-01   3.51e-01   1.45e-01   1.18e+00   0.00e+00 (  1.61e+02,  1.85e+02)
40      0.114   2.97e-01   4.20e-01   1.59e-01   1.35e+00   0.00e+00 (  1.57e+02,  1.90e+02)
45      0.139   3.33e-01   5.24e-01   2.12e-01   1.75e+00   0.00e+00 (  1.51e+02,  1.89e+02)
50      0.155   3.62e-01   6.23e-01   2.55e-01   2.05e+00   0.00e+00 (  1.39e+02,  1.84e+02)
55      0.172   3.98e-01   7.35e-01   3.83e-01   2.37e+00   0.00e+00 (  1.31e+02,  1.77e+02)
60      0.149   3.80e-01   6.77e-01   4.41e-01   2.13e+00   0.00e+00 (  1.12e+02,  1.68e+02)
65      0.181   4.33e-01   8.37e-01   5.83e-01   2.66e+00   0.00e+00 (  1.08e+02,  1.57e+02)
70      0.196   4.67e-01   9.34e-01   7.07e-01   2.95e+00   0.00e+00 (  1.00e+02,  1.47e+02)
75      0.194   4.77e-01   9.46e-01   7.65e-01   2.99e+00   0.00e+00 (  9.20e+01,  1.36e+02)
80      0.183   4.67e-01   9.21e-01   7.74e-01   2.96e+00   0.00e+00 (  8.47e+01,  1.27e+02)
85      0.180   4.54e-01   8.63e-01   7.15e-01   3.51e+00   0.00e+00 (  7.86e+01,  1.18e+02)
90      0.198   4.61e-01   7.07e-01   4.89e-01   7.03e+00   0.00e+00 (  7.22e+01,  1.10e+02)
95      0.206   4.17e-01   5.98e-01   4.07e-01   1.30e+01   0.00e+00 (  1.37e+02,  1.03e+02)
26 e: 1.055e-04 i: 3.683e-04 :: e: 3.798e-02 i: 4.241e-02 :: n: 2.762e+01 e:22.575 i:27.658 v:4.993e+03
>>> tau_he = 5.000000, nhe(0)=2.969155e+00
 5     -0.019   9.29e-03   4.18e-01   5.74e-03  -8.98e-02   0.00e+00 (  4.39e+00,  4.52e+01)
10     -0.068   7.07e-02   2.30e-02  -5.33e-03  -4.07e-01   0.00e+00 (  5.02e+01,  8.65e+01)
15     -0.057   1.17e-01   7.12e-02  -1.67e-02  -4.08e-01   0.00e+00 (  8.34e+01,  1.19e+02)
20      0.042   1.41e-01   1.32e-01  -1.19e-02   3.46e-01   0.00e+00 (  1.02e+02,  1.42e+02)
25      0.055   1.65e-01   1.53e-01   2.55e-02   5.15e-01   0.00e+00 (  1.14e+02,  1.63e+02)
30      0.113   2.73e-01   3.24e-01   1.24e-01   1.16e+00   0.00e+00 (  1.75e+02,  1.77e+02)
35      0.107   2.75e-01   3.53e-01   1.46e-01   1.19e+00   0.00e+00 (  1.63e+02,  1.85e+02)
40      0.115   2.99e-01   4.21e-01   1.59e-01   1.37e+00   0.00e+00 (  1.58e+02,  1.90e+02)
45      0.140   3.34e-01   5.25e-01   2.13e-01   1.76e+00   0.00e+00 (  1.53e+02,  1.89e+02)
50      0.156   3.65e-01   6.27e-01   2.56e-01   2.07e+00   0.00e+00 (  1.41e+02,  1.84e+02)
55      0.173   4.00e-01   7.40e-01   3.83e-01   2.39e+00   0.00e+00 (  1.33e+02,  1.77e+02)
60      0.207   4.57e-01   9.08e-01   5.58e-01   2.95e+00   0.00e+00 (  1.35e+02,  1.68e+02)
65      0.183   4.36e-01   8.44e-01   5.88e-01   2.68e+00   0.00e+00 (  1.09e+02,  1.57e+02)
70      0.197   4.71e-01   9.41e-01   7.12e-01   2.97e+00   0.00e+00 (  1.01e+02,  1.47e+02)
75      0.195   4.80e-01   9.52e-01   7.71e-01   3.01e+00   0.00e+00 (  9.31e+01,  1.36e+02)
80      0.184   4.70e-01   9.27e-01   7.79e-01   2.97e+00   0.00e+00 (  8.57e+01,  1.27e+02)
85      0.181   4.57e-01   8.69e-01   7.20e-01   3.53e+00   0.00e+00 (  7.96e+01,  1.18e+02)
90      0.199   4.63e-01   7.12e-01   4.93e-01   7.07e+00   0.00e+00 (  7.32e+01,  1.10e+02)
95      0.206   4.17e-01   5.98e-01   4.07e-01   1.30e+01   0.00e+00 (  1.37e+02,  1.03e+02)
27 e: 4.437e-05 i: 1.392e-04 :: e: 3.705e-02 i: 4.372e-02 :: n: 2.762e+01 e:22.586 i:27.725 v:4.993e+03
>>> tau_he = 5.000000, nhe(0)=2.974673e+00
 5     -0.019   9.38e-03   4.25e-01   5.79e-03  -9.01e-02   0.00e+00 (  4.43e+00,  4.52e+01)
10     -0.068   7.08e-02   2.29e-02  -5.19e-03  -4.06e-01   0.00e+00 (  5.03e+01,  8.65e+01)
15     -0.059   1.19e-01   7.34e-02  -1.78e-02  -4.24e-01   0.00e+00 (  8.57e+01,  1.19e+02)
20      0.082   2.46e-01   3.32e-01   9.09e-02   6.82e-01   0.00e+00 (  1.80e+02,  1.42e+02)
25      0.112   2.51e-01   3.13e-01   1.22e-01   1.04e+00   0.00e+00 (  1.75e+02,  1.63e+02)
30      0.063   2.05e-01   2.03e-01   3.65e-02   6.42e-01   0.00e+00 (  1.31e+02,  1.77e+02)
35      0.107   2.76e-01   3.54e-01   1.46e-01   1.19e+00   0.00e+00 (  1.63e+02,  1.85e+02)
40      0.114   3.00e-01   4.21e-01   1.59e-01   1.36e+00   0.00e+00 (  1.60e+02,  1.90e+02)
45      0.140   3.36e-01   5.28e-01   2.14e-01   1.77e+00   0.00e+00 (  1.54e+02,  1.89e+02)
50      0.157   3.67e-01   6.31e-01   2.58e-01   2.08e+00   0.00e+00 (  1.43e+02,  1.84e+02)
55      0.174   4.02e-01   7.43e-01   3.84e-01   2.39e+00   0.00e+00 (  1.34e+02,  1.77e+02)
60      0.148   3.81e-01   6.75e-01   4.40e-01   2.11e+00   0.00e+00 (  1.12e+02,  1.68e+02)
65      0.183   4.37e-01   8.45e-01   5.88e-01   2.68e+00   0.00e+00 (  1.10e+02,  1.57e+02)
70      0.198   4.74e-01   9.46e-01   7.15e-01   2.98e+00   0.00e+00 (  1.03e+02,  1.47e+02)
75      0.196   4.83e-01   9.58e-01   7.75e-01   3.02e+00   0.00e+00 (  9.42e+01,  1.36e+02)
80      0.185   4.73e-01   9.32e-01   7.83e-01   2.99e+00   0.00e+00 (  8.66e+01,  1.27e+02)
85      0.182   4.60e-01   8.74e-01   7.24e-01   3.55e+00   0.00e+00 (  8.04e+01,  1.18e+02)
90      0.200   4.66e-01   7.17e-01   4.96e-01   7.11e+00   0.00e+00 (  7.41e+01,  1.10e+02)
95      0.206   4.17e-01   5.98e-01   4.08e-01   1.30e+01   0.00e+00 (  1.37e+02,  1.03e+02)
28 e: 1.248e-04 i: 5.839e-04 :: e: 3.937e-02 i: 4.499e-02 :: n: 2.762e+01 e:22.679 i:27.819 v:4.993e+03
>>> tau_he = 5.000000, nhe(0)=2.973527e+00
 5     -0.019   9.39e-03   4.26e-01   5.81e-03  -9.04e-02   0.00e+00 (  4.45e+00,  4.52e+01)
10     -0.069   7.08e-02   2.29e-02  -5.25e-03  -4.12e-01   0.00e+00 (  5.04e+01,  8.65e+01)
15     -0.061   1.19e-01   7.51e-02  -1.85e-02  -4.33e-01   0.00e+00 (  8.67e+01,  1.19e+02)
20      0.044   1.39e-01   1.24e-01   3.46e-04   3.67e-01   0.00e+00 (  1.00e+02,  1.42e+02)
25      0.055   1.66e-01   1.53e-01   2.78e-02   5.15e-01   0.00e+00 (  1.14e+02,  1.63e+02)
30      0.116   2.75e-01   3.27e-01   1.28e-01   1.19e+00   0.00e+00 (  1.77e+02,  1.77e+02)
35      0.107   2.76e-01   3.54e-01   1.46e-01   1.19e+00   0.00e+00 (  1.64e+02,  1.85e+02)
40      0.114   3.00e-01   4.20e-01   1.58e-01   1.36e+00   0.00e+00 (  1.60e+02,  1.90e+02)
45      0.140   3.36e-01   5.25e-01   2.13e-01   1.76e+00   0.00e+00 (  1.54e+02,  1.89e+02)
50      0.157   3.67e-01   6.30e-01   2.57e-01   2.08e+00   0.00e+00 (  1.43e+02,  1.84e+02)
55      0.174   4.03e-01   7.43e-01   3.84e-01   2.40e+00   0.00e+00 (  1.34e+02,  1.77e+02)
60      0.206   4.57e-01   9.03e-01   5.54e-01   2.93e+00   0.00e+00 (  1.35e+02,  1.68e+02)
65      0.184   4.39e-01   8.48e-01   5.90e-01   2.69e+00   0.00e+00 (  1.11e+02,  1.57e+02)
70      0.199   4.75e-01   9.49e-01   7.17e-01   2.99e+00   0.00e+00 (  1.03e+02,  1.47e+02)
75      0.197   4.85e-01   9.61e-01   7.77e-01   3.03e+00   0.00e+00 (  9.47e+01,  1.36e+02)
80      0.186   4.75e-01   9.37e-01   7.87e-01   3.00e+00   0.00e+00 (  8.72e+01,  1.27e+02)
85      0.182   4.62e-01   8.78e-01   7.28e-01   3.56e+00   0.00e+00 (  8.11e+01,  1.18e+02)
90      0.201   4.68e-01   7.21e-01   4.99e-01   7.15e+00   0.00e+00 (  7.49e+01,  1.10e+02)
95      0.206   4.17e-01   5.98e-01   4.08e-01   1.30e+01   0.00e+00 (  1.38e+02,  1.03e+02)
29 e: 3.185e-05 i: 1.418e-04 :: e: 3.698e-02 i: 4.406e-02 :: n: 2.762e+01 e:22.677 i:27.800 v:4.993e+03
>>> tau_he = 5.000000, nhe(0)=2.977500e+00
 5     -0.019   9.45e-03   4.31e-01   5.83e-03  -9.03e-02   0.00e+00 (  4.47e+00,  4.52e+01)
10     -0.068   7.08e-02   2.28e-02  -5.09e-03  -4.09e-01   0.00e+00 (  5.03e+01,  8.65e+01)
15     -0.034   2.61e-01   3.74e-01   4.48e-02  -2.44e-01   0.00e+00 (  1.91e+02,  1.19e+02)
20      0.044   1.41e-01   1.27e-01   2.10e-06   3.65e-01   0.00e+00 (  1.02e+02,  1.42e+02)
25      0.112   2.51e-01   3.13e-01   1.20e-01   1.04e+00   0.00e+00 (  1.74e+02,  1.63e+02)
30      0.114   2.74e-01   3.25e-01   1.25e-01   1.17e+00   0.00e+00 (  1.76e+02,  1.77e+02)
35      0.107   2.76e-01   3.54e-01   1.46e-01   1.19e+00   0.00e+00 (  1.64e+02,  1.85e+02)
40      0.115   3.00e-01   4.22e-01   1.59e-01   1.37e+00   0.00e+00 (  1.60e+02,  1.90e+02)
45      0.140   3.37e-01   5.28e-01   2.14e-01   1.77e+00   0.00e+00 (  1.55e+02,  1.89e+02)
50      0.158   3.69e-01   6.34e-01   2.59e-01   2.09e+00   0.00e+00 (  1.44e+02,  1.84e+02)
55      0.174   4.04e-01   7.46e-01   3.86e-01   2.40e+00   0.00e+00 (  1.35e+02,  1.77e+02)
60      0.146   3.80e-01   6.71e-01   4.37e-01   2.09e+00   0.00e+00 (  1.12e+02,  1.68e+02)
65      0.183   4.40e-01   8.48e-01   5.90e-01   2.69e+00   0.00e+00 (  1.11e+02,  1.57e+02)
70      0.200   4.77e-01   9.53e-01   7.20e-01   3.00e+00   0.00e+00 (  1.04e+02,  1.47e+02)
75      0.197   4.87e-01   9.65e-01   7.81e-01   3.04e+00   0.00e+00 (  9.55e+01,  1.36e+02)
80      0.186   4.77e-01   9.40e-01   7.90e-01   3.01e+00   0.00e+00 (  8.79e+01,  1.27e+02)
85      0.183   4.64e-01   8.82e-01   7.31e-01   3.57e+00   0.00e+00 (  8.18e+01,  1.18e+02)
90      0.202   4.69e-01   7.24e-01   5.01e-01   7.18e+00   0.00e+00 (  7.56e+01,  1.10e+02)
95      0.206   4.17e-01   5.98e-01   4.08e-01   1.30e+01   0.00e+00 (  1.38e+02,  1.03e+02)
30 e: 1.009e-04 i: 3.873e-04 :: e: 4.194e-02 i: 4.793e-02 :: n: 2.762e+01 e:22.719 i:27.868 v:4.993e+03
>>> tau_he = 5.000000, nhe(0)=2.981203e+00
 5     -0.019   9.47e-03   4.25e-01   5.76e-03  -9.17e-02   0.00e+00 (  4.49e+00,  4.52e+01)
10     -0.067   7.17e-02   2.33e-02  -5.20e-03  -3.99e-01   0.00e+00 (  5.07e+01,  8.65e+01)
15     -0.054   1.18e-01   7.17e-02  -1.69e-02  -3.83e-01   0.00e+00 (  8.36e+01,  1.19e+02)
20      0.043   1.42e-01   1.34e-01  -1.34e-02   3.55e-01   0.00e+00 (  1.03e+02,  1.42e+02)
25      0.056   1.67e-01   1.54e-01   2.58e-02   5.25e-01   0.00e+00 (  1.15e+02,  1.63e+02)
30      0.064   2.01e-01   2.02e-01   3.53e-02   6.55e-01   0.00e+00 (  1.28e+02,  1.77e+02)
35      0.108   2.77e-01   3.53e-01   1.45e-01   1.20e+00   0.00e+00 (  1.64e+02,  1.85e+02)
40      0.115   3.00e-01   4.20e-01   1.58e-01   1.37e+00   0.00e+00 (  1.60e+02,  1.90e+02)
45      0.140   3.36e-01   5.24e-01   2.13e-01   1.77e+00   0.00e+00 (  1.54e+02,  1.89e+02)
50      0.158   3.69e-01   6.31e-01   2.57e-01   2.10e+00   0.00e+00 (  1.44e+02,  1.84e+02)
55      0.175   4.04e-01   7.44e-01   3.85e-01   2.41e+00   0.00e+00 (  1.35e+02,  1.77e+02)
60      0.148   3.82e-01   6.74e-01   4.39e-01   2.12e+00   0.00e+00 (  1.13e+02,  1.68e+02)
65      0.184   4.40e-01   8.49e-01   5.90e-01   2.70e+00   0.00e+00 (  1.11e+02,  1.57e+02)
70      0.200   4.78e-01   9.53e-01   7.20e-01   3.01e+00   0.00e+00 (  1.04e+02,  1.47e+02)
75      0.198   4.88e-01   9.66e-01   7.81e-01   3.05e+00   0.00e+00 (  9.56e+01,  1.36e+02)
80      0.187   4.78e-01   9.42e-01   7.91e-01   3.02e+00   0.00e+00 (  8.81e+01,  1.27e+02)
85      0.184   4.66e-01   8.85e-01   7.33e-01   3.59e+00   0.00e+00 (  8.21e+01,  1.18e+02)
90      0.203   4.71e-01   7.27e-01   5.03e-01   7.21e+00   0.00e+00 (  7.61e+01,  1.10e+02)
95      0.206   4.17e-01   5.98e-01   4.08e-01   1.30e+01   0.00e+00 (  1.38e+02,  1.03e+02)
31 e: 4.690e-05 i: 9.804e-05 :: e: 3.291e-02 i: 3.679e-02 :: n: 2.762e+01 e:22.643 i:27.932 v:4.993e+03
>>> tau_he = 5.000000, nhe(0)=2.984932e+00
 5     -0.019   9.55e-03   4.31e-01   5.83e-03  -9.18e-02   0.00e+00 (  4.53e+00,  4.52e+01)
10     -0.067   7.19e-02   2.33e-02  -5.12e-03  -4.01e-01   0.00e+00 (  5.09e+01,  8.65e+01)
15     -0.056   1.20e-01   7.42e-02  -1.81e-02  -4.01e-01   0.00e+00 (  8.62e+01,  1.19e+02)
20      0.084   2.50e-01   3.37e-01   9.23e-02   6.95e-01   0.00e+00 (  1.83e+02,  1.42e+02)
25      0.116   2.54e-01   3.17e-01   1.25e-01   1.08e+00   0.00e+00 (  1.77e+02,  1.63e+02)
30      0.118   2.76e-01   3.30e-01   1.29e-01   1.21e+00   0.00e+00 (  1.79e+02,  1.77e+02)
35      0.108   2.78e-01   3.56e-01   1.47e-01   1.20e+00   0.00e+00 (  1.65e+02,  1.85e+02)
40      0.115   3.02e-01   4.24e-01   1.59e-01   1.37e+00   0.00e+00 (  1.61e+02,  1.90e+02)
45      0.141   3.38e-01   5.29e-01   2.14e-01   1.77e+00   0.00e+00 (  1.56e+02,  1.89e+02)
50      0.159   3.71e-01   6.37e-01   2.60e-01   2.10e+00   0.00e+00 (  1.45e+02,  1.84e+02)
55      0.176   4.07e-01   7.51e-01   3.88e-01   2.42e+00   0.00e+00 (  1.36e+02,  1.77e+02)
60      0.206   4.60e-01   9.10e-01   5.58e-01   2.94e+00   0.00e+00 (  1.37e+02,  1.68e+02)
65      0.184   4.43e-01   8.56e-01   5.95e-01   2.71e+00   0.00e+00 (  1.13e+02,  1.57e+02)
70      0.200   4.80e-01   9.57e-01   7.23e-01   3.01e+00   0.00e+00 (  1.05e+02,  1.47e+02)
75      0.198   4.89e-01   9.70e-01   7.84e-01   3.05e+00   0.00e+00 (  9.63e+01,  1.36e+02)
80      0.187   4.79e-01   9.45e-01   7.94e-01   3.02e+00   0.00e+00 (  8.87e+01,  1.27e+02)
85      0.184   4.67e-01   8.87e-01   7.35e-01   3.59e+00   0.00e+00 (  8.27e+01,  1.18e+02)
90      0.203   4.72e-01   7.29e-01   5.05e-01   7.22e+00   0.00e+00 (  7.67e+01,  1.10e+02)
95      0.206   4.17e-01   5.98e-01   4.08e-01   1.30e+01   0.00e+00 (  1.38e+02,  1.03e+02)
32 e: 8.904e-05 i: 4.493e-04 :: e: 4.503e-02 i: 5.257e-02 :: n: 2.762e+01 e:22.780 i:27.997 v:4.993e+03
>>> tau_he = 5.000000, nhe(0)=2.982293e+00
 5     -0.019   9.52e-03   4.30e-01   5.82e-03  -9.19e-02   0.00e+00 (  4.53e+00,  4.52e+01)
10     -0.068   7.16e-02   2.32e-02  -5.17e-03  -4.06e-01   0.00e+00 (  5.08e+01,  8.65e+01)
15     -0.058   1.21e-01   7.57e-02  -1.89e-02  -4.13e-01   0.00e+00 (  8.71e+01,  1.19e+02)
20      0.045   1.41e-01   1.25e-01   1.75e-04   3.74e-01   0.00e+00 (  1.01e+02,  1.42e+02)
25      0.056   1.67e-01   1.54e-01   2.77e-02   5.21e-01   0.00e+00 (  1.15e+02,  1.63e+02)
30      0.114   2.76e-01   3.25e-01   1.23e-01   1.17e+00   0.00e+00 (  1.77e+02,  1.77e+02)
35      0.108   2.78e-01   3.54e-01   1.45e-01   1.20e+00   0.00e+00 (  1.65e+02,  1.85e+02)
40      0.115   3.01e-01   4.21e-01   1.57e-01   1.37e+00   0.00e+00 (  1.61e+02,  1.90e+02)
45      0.140   3.37e-01   5.25e-01   2.13e-01   1.77e+00   0.00e+00 (  1.55e+02,  1.89e+02)
50      0.159   3.70e-01   6.33e-01   2.58e-01   2.11e+00   0.00e+00 (  1.45e+02,  1.84e+02)
55      0.175   4.05e-01   7.45e-01   3.85e-01   2.42e+00   0.00e+00 (  1.36e+02,  1.77e+02)
60      0.147   3.81e-01   6.70e-01   4.36e-01   2.09e+00   0.00e+00 (  1.13e+02,  1.68e+02)
65      0.184   4.41e-01   8.50e-01   5.91e-01   2.70e+00   0.00e+00 (  1.12e+02,  1.57e+02)
70      0.201   4.79e-01   9.55e-01   7.22e-01   3.02e+00   0.00e+00 (  1.05e+02,  1.47e+02)
75      0.199   4.89e-01   9.69e-01   7.83e-01   3.06e+00   0.00e+00 (  9.62e+01,  1.36e+02)
80      0.188   4.80e-01   9.45e-01   7.93e-01   3.03e+00   0.00e+00 (  8.86e+01,  1.27e+02)
85      0.185   4.68e-01   8.88e-01   7.36e-01   3.61e+00   0.00e+00 (  8.27e+01,  1.18e+02)
90      0.204   4.73e-01   7.30e-01   5.06e-01   7.24e+00   0.00e+00 (  7.68e+01,  1.10e+02)
95      0.206   4.17e-01   5.98e-01   4.08e-01   1.30e+01   0.00e+00 (  1.38e+02,  1.03e+02)
33 e: 2.880e-05 i: 1.124e-04 :: e: 3.006e-02 i: 3.436e-02 :: n: 2.762e+01 e:22.716 i:27.951 v:4.993e+03
>>> tau_he = 5.000000, nhe(0)=2.983221e+00
 5     -0.019   9.55e-03   4.34e-01   5.85e-03  -9.16e-02   0.00e+00 (  4.54e+00,  4.52e+01)
10     -0.068   7.14e-02   2.30e-02  -5.07e-03  -4.05e-01   0.00e+00 (  5.06e+01,  8.65e+01)
15     -0.030   2.64e-01   3.77e-01   4.53e-02  -2.15e-01   0.00e+00 (  1.91e+02,  1.19e+02)
20      0.045   1.42e-01   1.28e-01  -1.11e-04   3.71e-01   0.00e+00 (  1.03e+02,  1.42e+02)
25      0.113   2.52e-01   3.15e-01   1.21e-01   1.05e+00   0.00e+00 (  1.75e+02,  1.63e+02)
30      0.064   2.01e-01   2.04e-01   3.59e-02   6.55e-01   0.00e+00 (  1.29e+02,  1.77e+02)
35      0.108   2.78e-01   3.55e-01   1.46e-01   1.20e+00   0.00e+00 (  1.65e+02,  1.85e+02)
40      0.116   3.02e-01   4.24e-01   1.59e-01   1.38e+00   0.00e+00 (  1.61e+02,  1.90e+02)
45      0.141   3.39e-01   5.30e-01   2.15e-01   1.78e+00   0.00e+00 (  1.56e+02,  1.89e+02)
50      0.160   3.72e-01   6.38e-01   2.60e-01   2.11e+00   0.00e+00 (  1.46e+02,  1.84e+02)
55      0.176   4.08e-01   7.52e-01   3.89e-01   2.43e+00   0.00e+00 (  1.37e+02,  1.77e+02)
60      0.205   4.59e-01   9.06e-01   5.55e-01   2.93e+00   0.00e+00 (  1.36e+02,  1.68e+02)
65      0.185   4.44e-01   8.57e-01   5.96e-01   2.71e+00   0.00e+00 (  1.13e+02,  1.57e+02)
70      0.201   4.81e-01   9.60e-01   7.25e-01   3.02e+00   0.00e+00 (  1.05e+02,  1.47e+02)
75      0.198   4.91e-01   9.73e-01   7.86e-01   3.06e+00   0.00e+00 (  9.68e+01,  1.36e+02)
80      0.187   4.81e-01   9.49e-01   7.96e-01   3.02e+00   0.00e+00 (  8.92e+01,  1.27e+02)
85      0.184   4.69e-01   8.91e-01   7.38e-01   3.60e+00   0.00e+00 (  8.32e+01,  1.18e+02)
90      0.204   4.74e-01   7.32e-01   5.07e-01   7.25e+00   0.00e+00 (  7.74e+01,  1.10e+02)
95      0.206   4.17e-01   5.98e-01   4.08e-01   1.30e+01   0.00e+00 (  1.38e+02,  1.03e+02)
34 e: 1.043e-04 i: 3.825e-04 :: e: 4.787e-02 i: 5.551e-02 :: n: 2.762e+01 e:22.760 i:27.967 v:4.993e+03
>>> tau_he = 5.000000, nhe(0)=2.988230e+00
 5     -0.020   9.58e-03   4.28e-01   5.76e-03  -9.29e-02   0.00e+00 (  4.55e+00,  4.52e+01)
10     -0.066   7.21e-02   2.34e-02  -5.08e-03  -3.93e-01   0.00e+00 (  5.08e+01,  8.65e+01)
15     -0.051   1.18e-01   7.18e-02  -1.69e-02  -3.63e-01   0.00e+00 (  8.33e+01,  1.19e+02)
20      0.046   1.43e-01   1.29e-01  -2.81e-04   3.78e-01   0.00e+00 (  1.03e+02,  1.42e+02)
25      0.057   1.68e-01   1.54e-01   2.54e-02   5.31e-01   0.00e+00 (  1.16e+02,  1.63e+02)
30      0.118   2.76e-01   3.27e-01   1.26e-01   1.21e+00   0.00e+00 (  1.77e+02,  1.77e+02)
35      0.109   2.78e-01   3.53e-01   1.45e-01   1.21e+00   0.00e+00 (  1.64e+02,  1.85e+02)
40      0.116   3.01e-01   4.20e-01   1.57e-01   1.38e+00   0.00e+00 (  1.60e+02,  1.90e+02)
45      0.141   3.37e-01   5.25e-01   2.13e-01   1.78e+00   0.00e+00 (  1.55e+02,  1.89e+02)
50      0.160   3.70e-01   6.34e-01   2.58e-01   2.11e+00   0.00e+00 (  1.45e+02,  1.84e+02)
55      0.175   4.05e-01   7.45e-01   3.85e-01   2.42e+00   0.00e+00 (  1.35e+02,  1.77e+02)
60      0.146   3.79e-01   6.66e-01   4.34e-01   2.08e+00   0.00e+00 (  1.12e+02,  1.68e+02)
65      0.184   4.41e-01   8.49e-01   5.90e-01   2.70e+00   0.00e+00 (  1.12e+02,  1.57e+02)
70      0.201   4.80e-01   9.56e-01   7.22e-01   3.02e+00   0.00e+00 (  1.05e+02,  1.47e+02)
75      0.199   4.90e-01   9.69e-01   7.83e-01   3.07e+00   0.00e+00 (  9.63e+01,  1.36e+02)
80      0.188   4.80e-01   9.46e-01   7.94e-01   3.04e+00   0.00e+00 (  8.88e+01,  1.27e+02)
85      0.185   4.69e-01   8.90e-01   7.37e-01   3.62e+00   0.00e+00 (  8.29e+01,  1.18e+02)
90      0.204   4.74e-01   7.33e-01   5.08e-01   7.26e+00   0.00e+00 (  7.73e+01,  1.10e+02)
95      0.206   4.17e-01   5.98e-01   4.08e-01   1.30e+01   0.00e+00 (  1.38e+02,  1.03e+02)
35 e: 4.844e-05 i: 1.178e-04 :: e: 2.925e-02 i: 3.375e-02 :: n: 2.762e+01 e:22.660 i:28.054 v:4.993e+03
>>> tau_he = 5.000000, nhe(0)=2.988753e+00
 5     -0.020   9.62e-03   4.33e-01   5.84e-03  -9.29e-02   0.00e+00 (  4.59e+00,  4.52e+01)
10     -0.067   7.23e-02   2.35e-02  -5.12e-03  -3.98e-01   0.00e+00 (  5.11e+01,  8.65e+01)
15     -0.054   1.21e-01   7.49e-02  -1.85e-02  -3.86e-01   0.00e+00 (  8.62e+01,  1.19e+02)
20      0.085   2.51e-01   3.40e-01   9.37e-02   7.06e-01   0.00e+00 (  1.84e+02,  1.42e+02)
25      0.116   2.54e-01   3.18e-01   1.25e-01   1.08e+00   0.00e+00 (  1.78e+02,  1.63e+02)
30      0.118   2.76e-01   3.29e-01   1.27e-01   1.21e+00   0.00e+00 (  1.78e+02,  1.77e+02)
35      0.109   2.79e-01   3.57e-01   1.47e-01   1.21e+00   0.00e+00 (  1.66e+02,  1.85e+02)
40      0.117   3.03e-01   4.26e-01   1.59e-01   1.39e+00   0.00e+00 (  1.62e+02,  1.90e+02)
45      0.142   3.40e-01   5.32e-01   2.16e-01   1.79e+00   0.00e+00 (  1.57e+02,  1.89e+02)
50      0.160   3.73e-01   6.42e-01   2.62e-01   2.12e+00   0.00e+00 (  1.46e+02,  1.84e+02)
55      0.177   4.08e-01   7.54e-01   3.90e-01   2.43e+00   0.00e+00 (  1.37e+02,  1.77e+02)
60      0.204   4.58e-01   9.04e-01   5.54e-01   2.91e+00   0.00e+00 (  1.36e+02,  1.68e+02)
65      0.185   4.44e-01   8.58e-01   5.96e-01   2.71e+00   0.00e+00 (  1.13e+02,  1.57e+02)
70      0.201   4.82e-01   9.62e-01   7.27e-01   3.02e+00   0.00e+00 (  1.05e+02,  1.47e+02)
75      0.199   4.91e-01   9.74e-01   7.87e-01   3.06e+00   0.00e+00 (  9.69e+01,  1.36e+02)
80      0.187   4.82e-01   9.50e-01   7.97e-01   3.03e+00   0.00e+00 (  8.93e+01,  1.27e+02)
85      0.184   4.69e-01   8.92e-01   7.39e-01   3.60e+00   0.00e+00 (  8.34e+01,  1.18e+02)
90      0.204   4.74e-01   7.33e-01   5.08e-01   7.26e+00   0.00e+00 (  7.77e+01,  1.10e+02)
95      0.206   4.17e-01   5.98e-01   4.08e-01   1.30e+01   0.00e+00 (  1.38e+02,  1.03e+02)
36 e: 1.052e-04 i: 4.602e-04 :: e: 4.076e-02 i: 4.811e-02 :: n: 2.762e+01 e:22.799 i:28.064 v:4.993e+03
>>> tau_he = 5.000000, nhe(0)=2.985105e+00
 5     -0.020   9.57e-03   4.31e-01   5.82e-03  -9.29e-02   0.00e+00 (  4.57e+00,  4.52e+01)
10     -0.067   7.17e-02   2.33e-02  -5.12e-03  -4.03e-01   0.00e+00 (  5.08e+01,  8.65e+01)
15     -0.055   1.21e-01   7.59e-02  -1.90e-02  -3.97e-01   0.00e+00 (  8.69e+01,  1.19e+02)
20      0.046   1.41e-01   1.26e-01   1.40e-04   3.79e-01   0.00e+00 (  1.01e+02,  1.42e+02)
25      0.056   1.67e-01   1.53e-01   2.77e-02   5.23e-01   0.00e+00 (  1.15e+02,  1.63e+02)
30      0.063   2.05e-01   2.02e-01   3.50e-02   6.45e-01   0.00e+00 (  1.31e+02,  1.77e+02)
35      0.108   2.78e-01   3.53e-01   1.45e-01   1.20e+00   0.00e+00 (  1.65e+02,  1.85e+02)
40      0.116   3.02e-01   4.21e-01   1.57e-01   1.38e+00   0.00e+00 (  1.61e+02,  1.90e+02)
45      0.141   3.38e-01   5.25e-01   2.13e-01   1.78e+00   0.00e+00 (  1.55e+02,  1.89e+02)
50      0.160   3.71e-01   6.35e-01   2.58e-01   2.12e+00   0.00e+00 (  1.45e+02,  1.84e+02)
55      0.176   4.05e-01   7.45e-01   3.86e-01   2.42e+00   0.00e+00 (  1.35e+02,  1.77e+02)
60      0.145   3.78e-01   6.63e-01   4.32e-01   2.07e+00   0.00e+00 (  1.11e+02,  1.68e+02)
65      0.184   4.41e-01   8.48e-01   5.89e-01   2.70e+00   0.00e+00 (  1.12e+02,  1.57e+02)
70      0.201   4.80e-01   9.56e-01   7.22e-01   3.02e+00   0.00e+00 (  1.05e+02,  1.47e+02)
75      0.199   4.90e-01   9.69e-01   7.83e-01   3.07e+00   0.00e+00 (  9.63e+01,  1.36e+02)
80      0.188   4.81e-01   9.46e-01   7.94e-01   3.04e+00   0.00e+00 (  8.88e+01,  1.27e+02)
85      0.185   4.69e-01   8.90e-01   7.37e-01   3.62e+00   0.00e+00 (  8.30e+01,  1.18e+02)
90      0.205   4.75e-01   7.34e-01   5.09e-01   7.27e+00   0.00e+00 (  7.75e+01,  1.10e+02)
95      0.206   4.17e-01   5.98e-01   4.08e-01   1.30e+01   0.00e+00 (  1.38e+02,  1.03e+02)
37 e: 2.384e-05 i: 9.346e-05 :: e: 2.994e-02 i: 3.506e-02 :: n: 2.762e+01 e:22.690 i:28.000 v:4.993e+03
>>> tau_he = 5.000000, nhe(0)=2.985769e+00
 5     -0.020   9.59e-03   4.35e-01   5.86e-03  -9.23e-02   0.00e+00 (  4.57e+00,  4.52e+01)
10     -0.067   7.15e-02   2.31e-02  -5.03e-03  -4.01e-01   0.00e+00 (  5.06e+01,  8.65e+01)
15     -0.031   2.67e-01   3.77e-01   4.50e-02  -2.21e-01   0.00e+00 (  1.93e+02,  1.19e+02)
20      0.045   1.42e-01   1.29e-01  -1.23e-04   3.75e-01   0.00e+00 (  1.03e+02,  1.42e+02)
25      0.113   2.53e-01   3.15e-01   1.22e-01   1.05e+00   0.00e+00 (  1.76e+02,  1.63e+02)
30      0.118   2.76e-01   3.29e-01   1.28e-01   1.21e+00   0.00e+00 (  1.78e+02,  1.77e+02)
35      0.109   2.78e-01   3.56e-01   1.47e-01   1.21e+00   0.00e+00 (  1.65e+02,  1.85e+02)
40      0.116   3.02e-01   4.25e-01   1.59e-01   1.38e+00   0.00e+00 (  1.61e+02,  1.90e+02)
45      0.141   3.39e-01   5.31e-01   2.15e-01   1.78e+00   0.00e+00 (  1.56e+02,  1.89e+02)
50      0.160   3.72e-01   6.41e-01   2.62e-01   2.12e+00   0.00e+00 (  1.46e+02,  1.84e+02)
55      0.176   4.08e-01   7.54e-01   3.90e-01   2.43e+00   0.00e+00 (  1.36e+02,  1.77e+02)
60      0.147   3.82e-01   6.75e-01   4.40e-01   2.09e+00   0.00e+00 (  1.13e+02,  1.68e+02)
65      0.185   4.43e-01   8.57e-01   5.95e-01   2.71e+00   0.00e+00 (  1.13e+02,  1.57e+02)
70      0.201   4.81e-01   9.61e-01   7.26e-01   3.02e+00   0.00e+00 (  1.05e+02,  1.47e+02)
75      0.198   4.91e-01   9.74e-01   7.87e-01   3.05e+00   0.00e+00 (  9.67e+01,  1.36e+02)
80      0.187   4.81e-01   9.49e-01   7.97e-01   3.02e+00   0.00e+00 (  8.92e+01,  1.27e+02)
85      0.184   4.69e-01   8.92e-01   7.39e-01   3.60e+00   0.00e+00 (  8.33e+01,  1.18e+02)
90      0.204   4.75e-01   7.34e-01   5.09e-01   7.26e+00   0.00e+00 (  7.79e+01,  1.10e+02)
95      0.206   4.17e-01   5.98e-01   4.08e-01   1.30e+01   0.00e+00 (  1.38e+02,  1.03e+02)
38 e: 1.165e-04 i: 4.156e-04 :: e: 3.727e-02 i: 4.402e-02 :: n: 2.762e+01 e:22.758 i:28.011 v:4.993e+03
>>> tau_he = 5.000000, nhe(0)=2.989736e+00
 5     -0.020   9.61e-03   4.28e-01   5.76e-03  -9.37e-02   0.00e+00 (  4.58e+00,  4.52e+01)
10     -0.065   7.22e-02   2.35e-02  -5.05e-03  -3.90e-01   0.00e+00 (  5.08e+01,  8.65e+01)
15     -0.049   1.18e-01   7.20e-02  -1.71e-02  -3.50e-01   0.00e+00 (  8.29e+01,  1.19e+02)
20      0.044   1.43e-01   1.34e-01  -1.43e-02   3.66e-01   0.00e+00 (  1.04e+02,  1.42e+02)
25      0.057   1.67e-01   1.54e-01   2.53e-02   5.31e-01   0.00e+00 (  1.15e+02,  1.63e+02)
30      0.117   2.74e-01   3.24e-01   1.24e-01   1.20e+00   0.00e+00 (  1.75e+02,  1.77e+02)
35      0.108   2.77e-01   3.52e-01   1.45e-01   1.20e+00   0.00e+00 (  1.64e+02,  1.85e+02)
40      0.116   3.01e-01   4.19e-01   1.57e-01   1.38e+00   0.00e+00 (  1.60e+02,  1.90e+02)
45      0.140   3.36e-01   5.23e-01   2.12e-01   1.77e+00   0.00e+00 (  1.54e+02,  1.89e+02)
50      0.159   3.69e-01   6.31e-01   2.57e-01   2.11e+00   0.00e+00 (  1.44e+02,  1.84e+02)
55      0.176   4.05e-01   7.44e-01   3.85e-01   2.42e+00   0.00e+00 (  1.35e+02,  1.77e+02)
60      0.148   3.82e-01   6.72e-01   4.38e-01   2.11e+00   0.00e+00 (  1.13e+02,  1.68e+02)
65      0.184   4.41e-01   8.48e-01   5.90e-01   2.71e+00   0.00e+00 (  1.12e+02,  1.57e+02)
70      0.200   4.78e-01   9.52e-01   7.19e-01   3.01e+00   0.00e+00 (  1.04e+02,  1.47e+02)
75      0.199   4.88e-01   9.66e-01   7.81e-01   3.06e+00   0.00e+00 (  9.56e+01,  1.36e+02)
80      0.188   4.79e-01   9.44e-01   7.92e-01   3.03e+00   0.00e+00 (  8.82e+01,  1.27e+02)
85      0.185   4.68e-01   8.89e-01   7.36e-01   3.61e+00   0.00e+00 (  8.26e+01,  1.18e+02)
90      0.205   4.74e-01   7.33e-01   5.08e-01   7.27e+00   0.00e+00 (  7.74e+01,  1.10e+02)
95      0.206   4.17e-01   5.98e-01   4.08e-01   1.30e+01   0.00e+00 (  1.38e+02,  1.03e+02)
39 e: 5.133e-05 i: 1.003e-04 :: e: 2.351e-02 i: 2.704e-02 :: n: 2.762e+01 e:22.628 i:28.081 v:4.993e+03
>>> tau_he = 5.000000, nhe(0)=2.988470e+00
 5     -0.020   9.62e-03   4.32e-01   5.83e-03  -9.33e-02   0.00e+00 (  4.60e+00,  4.52e+01)
10     -0.066   7.24e-02   2.35e-02  -5.14e-03  -3.96e-01   0.00e+00 (  5.11e+01,  8.65e+01)
15     -0.055   1.23e-01   7.52e-02  -1.86e-02  -3.97e-01   0.00e+00 (  8.74e+01,  1.19e+02)
20      0.086   2.51e-01   3.40e-01   9.38e-02   7.11e-01   0.00e+00 (  1.84e+02,  1.42e+02)
25      0.116   2.54e-01   3.18e-01   1.25e-01   1.08e+00   0.00e+00 (  1.77e+02,  1.63e+02)
30      0.115   2.72e-01   3.27e-01   1.24e-01   1.18e+00   0.00e+00 (  1.74e+02,  1.77e+02)
35      0.109   2.79e-01   3.57e-01   1.47e-01   1.21e+00   0.00e+00 (  1.65e+02,  1.85e+02)
40      0.118   3.04e-01   4.28e-01   1.60e-01   1.40e+00   0.00e+00 (  1.63e+02,  1.90e+02)
45      0.142   3.40e-01   5.33e-01   2.16e-01   1.79e+00   0.00e+00 (  1.57e+02,  1.89e+02)
50      0.161   3.73e-01   6.43e-01   2.62e-01   2.13e+00   0.00e+00 (  1.46e+02,  1.84e+02)
55      0.177   4.09e-01   7.57e-01   3.92e-01   2.44e+00   0.00e+00 (  1.37e+02,  1.77e+02)
60      0.207   4.61e-01   9.14e-01   5.60e-01   2.95e+00   0.00e+00 (  1.38e+02,  1.68e+02)
65      0.185   4.45e-01   8.61e-01   5.98e-01   2.72e+00   0.00e+00 (  1.13e+02,  1.57e+02)
70      0.200   4.81e-01   9.61e-01   7.26e-01   3.01e+00   0.00e+00 (  1.05e+02,  1.47e+02)
75      0.198   4.90e-01   9.72e-01   7.86e-01   3.05e+00   0.00e+00 (  9.65e+01,  1.36e+02)
80      0.187   4.80e-01   9.48e-01   7.95e-01   3.02e+00   0.00e+00 (  8.88e+01,  1.27e+02)
85      0.184   4.68e-01   8.90e-01   7.37e-01   3.59e+00   0.00e+00 (  8.30e+01,  1.18e+02)
90      0.204   4.74e-01   7.33e-01   5.08e-01   7.25e+00   0.00e+00 (  7.78e+01,  1.10e+02)
95      0.206   4.17e-01   5.98e-01   4.08e-01   1.30e+01   0.00e+00 (  1.38e+02,  1.03e+02)
40 e: 1.162e-04 i: 4.641e-04 :: e: 3.623e-02 i: 4.516e-02 :: n: 2.762e+01 e:22.772 i:28.059 v:4.993e+03
>>> tau_he = 5.000000, nhe(0)=2.984826e+00
 5     -0.020   9.57e-03   4.30e-01   5.81e-03  -9.32e-02   0.00e+00 (  4.58e+00,  4.52e+01)
10     -0.067   7.16e-02   2.32e-02  -5.09e-03  -3.99e-01   0.00e+00 (  5.06e+01,  8.65e+01)
15     -0.057   1.23e-01   7.58e-02  -1.90e-02  -4.08e-01   0.00e+00 (  8.79e+01,  1.19e+02)
20      0.046   1.41e-01   1.26e-01   1.91e-04   3.81e-01   0.00e+00 (  1.01e+02,  1.42e+02)
25      0.056   1.66e-01   1.53e-01   2.77e-02   5.22e-01   0.00e+00 (  1.14e+02,  1.63e+02)
30      0.063   2.02e-01   2.01e-01   3.52e-02   6.45e-01   0.00e+00 (  1.28e+02,  1.77e+02)
35      0.108   2.77e-01   3.52e-01   1.44e-01   1.20e+00   0.00e+00 (  1.64e+02,  1.85e+02)
40      0.116   3.01e-01   4.20e-01   1.57e-01   1.38e+00   0.00e+00 (  1.61e+02,  1.90e+02)
45      0.141   3.37e-01   5.24e-01   2.13e-01   1.77e+00   0.00e+00 (  1.55e+02,  1.89e+02)
50      0.160   3.70e-01   6.33e-01   2.58e-01   2.11e+00   0.00e+00 (  1.44e+02,  1.84e+02)
55      0.176   4.05e-01   7.45e-01   3.85e-01   2.42e+00   0.00e+00 (  1.35e+02,  1.77e+02)
60      0.146   3.80e-01   6.67e-01   4.35e-01   2.09e+00   0.00e+00 (  1.12e+02,  1.68e+02)
65      0.184   4.41e-01   8.48e-01   5.89e-01   2.70e+00   0.00e+00 (  1.12e+02,  1.57e+02)
70      0.200   4.78e-01   9.52e-01   7.19e-01   3.01e+00   0.00e+00 (  1.04e+02,  1.47e+02)
75      0.199   4.88e-01   9.65e-01   7.80e-01   3.06e+00   0.00e+00 (  9.56e+01,  1.36e+02)
80      0.188   4.79e-01   9.43e-01   7.91e-01   3.03e+00   0.00e+00 (  8.81e+01,  1.27e+02)
85      0.185   4.67e-01   8.88e-01   7.35e-01   3.61e+00   0.00e+00 (  8.24e+01,  1.18e+02)
90      0.205   4.74e-01   7.33e-01   5.08e-01   7.27e+00   0.00e+00 (  7.73e+01,  1.10e+02)
95      0.206   4.17e-01   5.98e-01   4.08e-01   1.30e+01   0.00e+00 (  1.38e+02,  1.03e+02)
41 e: 2.832e-05 i: 9.316e-05 :: e: 2.624e-02 i: 3.059e-02 :: n: 2.762e+01 e:22.643 i:27.996 v:4.993e+03
>>> tau_he = 5.000000, nhe(0)=2.984501e+00
 5     -0.020   9.58e-03   4.33e-01   5.86e-03  -9.26e-02   0.00e+00 (  4.57e+00,  4.52e+01)
10     -0.067   7.15e-02   2.31e-02  -5.03e-03  -3.99e-01   0.00e+00 (  5.05e+01,  8.65e+01)
15     -0.028   2.66e-01   3.76e-01   4.48e-02  -1.99e-01   0.00e+00 (  1.91e+02,  1.19e+02)
20      0.046   1.42e-01   1.29e-01  -6.57e-05   3.77e-01   0.00e+00 (  1.02e+02,  1.42e+02)
25      0.113   2.52e-01   3.15e-01   1.21e-01   1.05e+00   0.00e+00 (  1.75e+02,  1.63e+02)
30      0.115   2.76e-01   3.27e-01   1.26e-01   1.18e+00   0.00e+00 (  1.77e+02,  1.77e+02)
35      0.108   2.77e-01   3.56e-01   1.46e-01   1.21e+00   0.00e+00 (  1.64e+02,  1.85e+02)
40      0.117   3.02e-01   4.27e-01   1.60e-01   1.39e+00   0.00e+00 (  1.61e+02,  1.90e+02)
45      0.142   3.38e-01   5.32e-01   2.15e-01   1.78e+00   0.00e+00 (  1.56e+02,  1.89e+02)
50      0.161   3.72e-01   6.42e-01   2.62e-01   2.13e+00   0.00e+00 (  1.45e+02,  1.84e+02)
55      0.177   4.08e-01   7.56e-01   3.91e-01   2.44e+00   0.00e+00 (  1.36e+02,  1.77e+02)
60      0.205   4.58e-01   9.07e-01   5.56e-01   2.92e+00   0.00e+00 (  1.36e+02,  1.68e+02)
65      0.185   4.43e-01   8.58e-01   5.96e-01   2.71e+00   0.00e+00 (  1.13e+02,  1.57e+02)
70      0.200   4.80e-01   9.60e-01   7.25e-01   3.01e+00   0.00e+00 (  1.05e+02,  1.47e+02)
75      0.198   4.89e-01   9.71e-01   7.85e-01   3.04e+00   0.00e+00 (  9.62e+01,  1.36e+02)
80      0.187   4.80e-01   9.47e-01   7.95e-01   3.01e+00   0.00e+00 (  8.86e+01,  1.27e+02)
85      0.184   4.68e-01   8.90e-01   7.37e-01   3.59e+00   0.00e+00 (  8.29e+01,  1.18e+02)
90      0.204   4.74e-01   7.33e-01   5.08e-01   7.25e+00   0.00e+00 (  7.77e+01,  1.10e+02)
95      0.206   4.17e-01   5.98e-01   4.08e-01   1.30e+01   0.00e+00 (  1.38e+02,  1.03e+02)
42 e: 1.227e-04 i: 4.263e-04 :: e: 3.667e-02 i: 4.538e-02 :: n: 2.762e+01 e:22.724 i:27.990 v:4.993e+03
>>> tau_he = 5.000000, nhe(0)=2.988618e+00
 5     -0.020   9.59e-03   4.27e-01   5.75e-03  -9.39e-02   0.00e+00 (  4.58e+00,  4.52e+01)
10     -0.065   7.20e-02   2.34e-02  -5.03e-03  -3.88e-01   0.00e+00 (  5.05e+01,  8.65e+01)
15     -0.051   1.20e-01   7.20e-02  -1.71e-02  -3.62e-01   0.00e+00 (  8.39e+01,  1.19e+02)
20      0.044   1.43e-01   1.34e-01  -1.48e-02   3.67e-01   0.00e+00 (  1.03e+02,  1.42e+02)
25      0.057   1.67e-01   1.54e-01   2.53e-02   5.30e-01   0.00e+00 (  1.15e+02,  1.63e+02)
30      0.064   2.05e-01   2.02e-01   3.48e-02   6.51e-01   0.00e+00 (  1.31e+02,  1.77e+02)
35      0.108   2.76e-01   3.51e-01   1.44e-01   1.20e+00   0.00e+00 (  1.63e+02,  1.85e+02)
40      0.117   3.01e-01   4.21e-01   1.58e-01   1.39e+00   0.00e+00 (  1.60e+02,  1.90e+02)
45      0.141   3.36e-01   5.23e-01   2.12e-01   1.77e+00   0.00e+00 (  1.54e+02,  1.89e+02)
50      0.160   3.69e-01   6.32e-01   2.57e-01   2.12e+00   0.00e+00 (  1.44e+02,  1.84e+02)
55      0.175   4.04e-01   7.43e-01   3.84e-01   2.42e+00   0.00e+00 (  1.34e+02,  1.77e+02)
60      0.145   3.77e-01   6.62e-01   4.32e-01   2.07e+00   0.00e+00 (  1.10e+02,  1.68e+02)
65      0.184   4.39e-01   8.44e-01   5.87e-01   2.70e+00   0.00e+00 (  1.11e+02,  1.57e+02)
70      0.200   4.77e-01   9.50e-01   7.18e-01   3.01e+00   0.00e+00 (  1.04e+02,  1.47e+02)
75      0.198   4.87e-01   9.63e-01   7.78e-01   3.05e+00   0.00e+00 (  9.51e+01,  1.36e+02)
80      0.188   4.78e-01   9.41e-01   7.90e-01   3.03e+00   0.00e+00 (  8.77e+01,  1.27e+02)
85      0.185   4.67e-01   8.86e-01   7.34e-01   3.61e+00   0.00e+00 (  8.21e+01,  1.18e+02)
90      0.204   4.74e-01   7.32e-01   5.08e-01   7.26e+00   0.00e+00 (  7.72e+01,  1.10e+02)
95      0.206   4.17e-01   5.98e-01   4.08e-01   1.30e+01   0.00e+00 (  1.38e+02,  1.03e+02)
43 e: 5.834e-05 i: 1.001e-04 :: e: 2.443e-02 i: 3.022e-02 :: n: 2.762e+01 e:22.578 i:28.061 v:4.993e+03
>>> tau_he = 5.000000, nhe(0)=2.988254e+00
 5     -0.020   9.62e-03   4.31e-01   5.83e-03  -9.35e-02   0.00e+00 (  4.61e+00,  4.52e+01)
10     -0.066   7.23e-02   2.35e-02  -5.10e-03  -3.93e-01   0.00e+00 (  5.09e+01,  8.65e+01)
15     -0.054   1.23e-01   7.50e-02  -1.85e-02  -3.84e-01   0.00e+00 (  8.67e+01,  1.19e+02)
20      0.086   2.50e-01   3.39e-01   9.30e-02   7.11e-01   0.00e+00 (  1.83e+02,  1.42e+02)
25      0.116   2.54e-01   3.18e-01   1.25e-01   1.08e+00   0.00e+00 (  1.77e+02,  1.63e+02)
30      0.119   2.65e-01   3.39e-01   1.38e-01   1.22e+00   0.00e+00 (  1.71e+02,  1.77e+02)
35      0.109   2.78e-01   3.57e-01   1.47e-01   1.21e+00   0.00e+00 (  1.65e+02,  1.85e+02)
40      0.118   3.03e-01   4.29e-01   1.60e-01   1.40e+00   0.00e+00 (  1.62e+02,  1.90e+02)
45      0.142   3.39e-01   5.34e-01   2.16e-01   1.79e+00   0.00e+00 (  1.56e+02,  1.89e+02)
50      0.161   3.72e-01   6.44e-01   2.63e-01   2.13e+00   0.00e+00 (  1.46e+02,  1.84e+02)
55      0.177   4.08e-01   7.56e-01   3.92e-01   2.44e+00   0.00e+00 (  1.36e+02,  1.77e+02)
60      0.204   4.57e-01   9.03e-01   5.53e-01   2.90e+00   0.00e+00 (  1.35e+02,  1.68e+02)
65      0.184   4.43e-01   8.57e-01   5.96e-01   2.71e+00   0.00e+00 (  1.12e+02,  1.57e+02)
70      0.200   4.80e-01   9.59e-01   7.25e-01   3.01e+00   0.00e+00 (  1.05e+02,  1.47e+02)
75      0.197   4.89e-01   9.70e-01   7.84e-01   3.04e+00   0.00e+00 (  9.60e+01,  1.36e+02)
80      0.186   4.79e-01   9.45e-01   7.94e-01   3.01e+00   0.00e+00 (  8.84e+01,  1.27e+02)
85      0.184   4.67e-01   8.88e-01   7.36e-01   3.58e+00   0.00e+00 (  8.26e+01,  1.18e+02)
90      0.204   4.74e-01   7.32e-01   5.07e-01   7.24e+00   0.00e+00 (  7.76e+01,  1.10e+02)
95      0.206   4.17e-01   5.98e-01   4.08e-01   1.30e+01   0.00e+00 (  1.38e+02,  1.03e+02)
44 e: 1.168e-04 i: 4.312e-04 :: e: 3.180e-02 i: 4.215e-02 :: n: 2.762e+01 e:22.746 i:28.055 v:4.993e+03
>>> tau_he = 5.000000, nhe(0)=2.985167e+00
 5     -0.020   9.58e-03   4.30e-01   5.81e-03  -9.34e-02   0.00e+00 (  4.59e+00,  4.52e+01)
10     -0.066   7.15e-02   2.32e-02  -5.05e-03  -3.97e-01   0.00e+00 (  5.05e+01,  8.65e+01)
15     -0.055   1.23e-01   7.57e-02  -1.90e-02  -3.97e-01   0.00e+00 (  8.74e+01,  1.19e+02)
20      0.046   1.40e-01   1.25e-01   2.15e-04   3.82e-01   0.00e+00 (  1.01e+02,  1.42e+02)
25      0.056   1.66e-01   1.53e-01   2.76e-02   5.21e-01   0.00e+00 (  1.15e+02,  1.63e+02)
30      0.113   2.75e-01   3.23e-01   1.24e-01   1.16e+00   0.00e+00 (  1.77e+02,  1.77e+02)
35      0.108   2.76e-01   3.52e-01   1.45e-01   1.20e+00   0.00e+00 (  1.64e+02,  1.85e+02)
40      0.116   3.00e-01   4.20e-01   1.58e-01   1.38e+00   0.00e+00 (  1.60e+02,  1.90e+02)
45      0.140   3.36e-01   5.23e-01   2.12e-01   1.77e+00   0.00e+00 (  1.54e+02,  1.89e+02)
50      0.160   3.69e-01   6.33e-01   2.58e-01   2.11e+00   0.00e+00 (  1.44e+02,  1.84e+02)
55      0.175   4.03e-01   7.42e-01   3.84e-01   2.41e+00   0.00e+00 (  1.34e+02,  1.77e+02)
60      0.144   3.75e-01   6.59e-01   4.30e-01   2.06e+00   0.00e+00 (  1.10e+02,  1.68e+02)
65      0.183   4.38e-01   8.42e-01   5.85e-01   2.69e+00   0.00e+00 (  1.10e+02,  1.57e+02)
70      0.200   4.76e-01   9.48e-01   7.16e-01   3.01e+00   0.00e+00 (  1.03e+02,  1.47e+02)
75      0.198   4.86e-01   9.61e-01   7.77e-01   3.05e+00   0.00e+00 (  9.48e+01,  1.36e+02)
80      0.187   4.77e-01   9.39e-01   7.88e-01   3.03e+00   0.00e+00 (  8.74e+01,  1.27e+02)
85      0.185   4.66e-01   8.85e-01   7.33e-01   3.60e+00   0.00e+00 (  8.18e+01,  1.18e+02)
90      0.204   4.73e-01   7.31e-01   5.07e-01   7.25e+00   0.00e+00 (  7.70e+01,  1.10e+02)
95      0.206   4.17e-01   5.98e-01   4.08e-01   1.30e+01   0.00e+00 (  1.38e+02,  1.03e+02)
45 e: 3.599e-05 i: 1.139e-04 :: e: 2.151e-02 i: 2.744e-02 :: n: 2.762e+01 e:22.622 i:28.001 v:4.993e+03
>>> tau_he = 5.000000, nhe(0)=2.982804e+00
 5     -0.020   9.56e-03   4.32e-01   5.85e-03  -9.27e-02   0.00e+00 (  4.57e+00,  4.52e+01)
10     -0.067   7.14e-02   2.31e-02  -5.07e-03  -3.98e-01   0.00e+00 (  5.04e+01,  8.65e+01)
15     -0.026   2.65e-01   3.75e-01   4.49e-02  -1.84e-01   0.00e+00 (  1.90e+02,  1.19e+02)
20      0.044   1.42e-01   1.34e-01  -1.32e-02   3.63e-01   0.00e+00 (  1.03e+02,  1.42e+02)
25      0.113   2.52e-01   3.14e-01   1.22e-01   1.05e+00   0.00e+00 (  1.75e+02,  1.63e+02)
30      0.064   2.01e-01   2.04e-01   3.63e-02   6.55e-01   0.00e+00 (  1.29e+02,  1.77e+02)
35      0.108   2.77e-01   3.55e-01   1.46e-01   1.20e+00   0.00e+00 (  1.64e+02,  1.85e+02)
40      0.117   3.02e-01   4.28e-01   1.60e-01   1.40e+00   0.00e+00 (  1.61e+02,  1.90e+02)
45      0.142   3.38e-01   5.33e-01   2.16e-01   1.79e+00   0.00e+00 (  1.55e+02,  1.89e+02)
50      0.161   3.72e-01   6.43e-01   2.62e-01   2.13e+00   0.00e+00 (  1.45e+02,  1.84e+02)
55      0.176   4.06e-01   7.55e-01   3.91e-01   2.43e+00   0.00e+00 (  1.36e+02,  1.77e+02)
60      0.146   3.80e-01   6.74e-01   4.39e-01   2.09e+00   0.00e+00 (  1.12e+02,  1.68e+02)
65      0.184   4.42e-01   8.55e-01   5.95e-01   2.70e+00   0.00e+00 (  1.12e+02,  1.57e+02)
70      0.200   4.79e-01   9.57e-01   7.23e-01   3.00e+00   0.00e+00 (  1.04e+02,  1.47e+02)
75      0.197   4.88e-01   9.68e-01   7.83e-01   3.04e+00   0.00e+00 (  9.56e+01,  1.36e+02)
80      0.186   4.78e-01   9.44e-01   7.92e-01   3.01e+00   0.00e+00 (  8.81e+01,  1.27e+02)
85      0.183   4.66e-01   8.87e-01   7.35e-01   3.58e+00   0.00e+00 (  8.24e+01,  1.18e+02)
90      0.204   4.73e-01   7.31e-01   5.07e-01   7.23e+00   0.00e+00 (  7.74e+01,  1.10e+02)
95      0.206   4.17e-01   5.98e-01   4.08e-01   1.30e+01   0.00e+00 (  1.38e+02,  1.03e+02)
46 e: 1.152e-04 i: 3.884e-04 :: e: 3.391e-02 i: 4.086e-02 :: n: 2.762e+01 e:22.692 i:27.960 v:4.993e+03
>>> tau_he = 5.000000, nhe(0)=2.988294e+00
 5     -0.020   9.59e-03   4.27e-01   5.75e-03  -9.39e-02   0.00e+00 (  4.58e+00,  4.52e+01)
10     -0.064   7.19e-02   2.34e-02  -4.99e-03  -3.85e-01   0.00e+00 (  5.03e+01,  8.65e+01)
15     -0.049   1.20e-01   7.18e-02  -1.70e-02  -3.53e-01   0.00e+00 (  8.34e+01,  1.19e+02)
20      0.045   1.42e-01   1.33e-01  -1.29e-02   3.68e-01   0.00e+00 (  1.02e+02,  1.42e+02)
25      0.057   1.67e-01   1.53e-01   2.49e-02   5.29e-01   0.00e+00 (  1.15e+02,  1.63e+02)
30      0.117   2.74e-01   3.24e-01   1.26e-01   1.20e+00   0.00e+00 (  1.76e+02,  1.77e+02)
35      0.108   2.76e-01   3.51e-01   1.44e-01   1.20e+00   0.00e+00 (  1.62e+02,  1.85e+02)
40      0.116   2.99e-01   4.20e-01   1.58e-01   1.38e+00   0.00e+00 (  1.59e+02,  1.90e+02)
45      0.140   3.34e-01   5.21e-01   2.11e-01   1.76e+00   0.00e+00 (  1.53e+02,  1.89e+02)
50      0.159   3.67e-01   6.29e-01   2.56e-01   2.10e+00   0.00e+00 (  1.42e+02,  1.84e+02)
55      0.175   4.02e-01   7.41e-01   3.83e-01   2.41e+00   0.00e+00 (  1.33e+02,  1.77e+02)
60      0.147   3.79e-01   6.68e-01   4.35e-01   2.10e+00   0.00e+00 (  1.11e+02,  1.68e+02)
65      0.183   4.38e-01   8.43e-01   5.86e-01   2.69e+00   0.00e+00 (  1.10e+02,  1.57e+02)
70      0.199   4.74e-01   9.45e-01   7.14e-01   3.00e+00   0.00e+00 (  1.03e+02,  1.47e+02)
75      0.197   4.84e-01   9.58e-01   7.74e-01   3.04e+00   0.00e+00 (  9.42e+01,  1.36e+02)
80      0.187   4.75e-01   9.36e-01   7.86e-01   3.02e+00   0.00e+00 (  8.69e+01,  1.27e+02)
85      0.184   4.65e-01   8.82e-01   7.31e-01   3.60e+00   0.00e+00 (  8.14e+01,  1.18e+02)
90      0.204   4.73e-01   7.30e-01   5.06e-01   7.24e+00   0.00e+00 (  7.67e+01,  1.10e+02)
95      0.206   4.17e-01   5.98e-01   4.08e-01   1.30e+01   0.00e+00 (  1.38e+02,  1.03e+02)
47 e: 6.518e-05 i: 1.041e-04 :: e: 2.142e-02 i: 2.657e-02 :: n: 2.762e+01 e:22.548 i:28.055 v:4.993e+03
>>> tau_he = 5.000000, nhe(0)=2.986351e+00
 5     -0.020   9.60e-03   4.30e-01   5.83e-03  -9.35e-02   0.00e+00 (  4.60e+00,  4.52e+01)
10     -0.066   7.22e-02   2.35e-02  -5.14e-03  -3.92e-01   0.00e+00 (  5.08e+01,  8.65e+01)
15     -0.053   1.22e-01   7.52e-02  -1.87e-02  -3.77e-01   0.00e+00 (  8.64e+01,  1.19e+02)
20      0.086   2.50e-01   3.38e-01   9.33e-02   7.12e-01   0.00e+00 (  1.82e+02,  1.42e+02)
25      0.116   2.53e-01   3.17e-01   1.25e-01   1.08e+00   0.00e+00 (  1.77e+02,  1.63e+02)
30      0.117   2.75e-01   3.29e-01   1.28e-01   1.20e+00   0.00e+00 (  1.77e+02,  1.77e+02)
35      0.109   2.78e-01   3.57e-01   1.47e-01   1.21e+00   0.00e+00 (  1.65e+02,  1.85e+02)
40      0.118   3.02e-01   4.29e-01   1.60e-01   1.40e+00   0.00e+00 (  1.62e+02,  1.90e+02)
45      0.142   3.38e-01   5.33e-01   2.16e-01   1.79e+00   0.00e+00 (  1.56e+02,  1.89e+02)
50      0.161   3.72e-01   6.43e-01   2.62e-01   2.13e+00   0.00e+00 (  1.45e+02,  1.84e+02)
55      0.177   4.07e-01   7.57e-01   3.92e-01   2.44e+00   0.00e+00 (  1.36e+02,  1.77e+02)
60      0.206   4.59e-01   9.11e-01   5.59e-01   2.94e+00   0.00e+00 (  1.36e+02,  1.68e+02)
65      0.184   4.42e-01   8.58e-01   5.96e-01   2.71e+00   0.00e+00 (  1.12e+02,  1.57e+02)
70      0.199   4.78e-01   9.56e-01   7.22e-01   2.99e+00   0.00e+00 (  1.04e+02,  1.47e+02)
75      0.197   4.87e-01   9.66e-01   7.81e-01   3.03e+00   0.00e+00 (  9.53e+01,  1.36e+02)
80      0.186   4.77e-01   9.41e-01   7.90e-01   3.00e+00   0.00e+00 (  8.77e+01,  1.27e+02)
85      0.183   4.65e-01   8.85e-01   7.33e-01   3.57e+00   0.00e+00 (  8.20e+01,  1.18e+02)
90      0.203   4.72e-01   7.30e-01   5.05e-01   7.22e+00   0.00e+00 (  7.71e+01,  1.10e+02)
95      0.206   4.17e-01   5.98e-01   4.08e-01   1.30e+01   0.00e+00 (  1.38e+02,  1.03e+02)
48 e: 1.233e-04 i: 4.447e-04 :: e: 3.139e-02 i: 4.013e-02 :: n: 2.762e+01 e:22.723 i:28.022 v:4.993e+03
>>> tau_he = 5.000000, nhe(0)=2.983548e+00
 5     -0.020   9.55e-03   4.29e-01   5.80e-03  -9.34e-02   0.00e+00 (  4.57e+00,  4.52e+01)
10     -0.066   7.13e-02   2.31e-02  -5.04e-03  -3.95e-01   0.00e+00 (  5.03e+01,  8.65e+01)
15     -0.054   1.23e-01   7.56e-02  -1.90e-02  -3.90e-01   0.00e+00 (  8.69e+01,  1.19e+02)
20      0.046   1.40e-01   1.25e-01   2.76e-04   3.82e-01   0.00e+00 (  1.00e+02,  1.42e+02)
25      0.056   1.66e-01   1.53e-01   2.77e-02   5.19e-01   0.00e+00 (  1.14e+02,  1.63e+02)
30      0.063   2.04e-01   2.01e-01   3.52e-02   6.40e-01   0.00e+00 (  1.31e+02,  1.77e+02)
35      0.108   2.76e-01   3.51e-01   1.44e-01   1.20e+00   0.00e+00 (  1.63e+02,  1.85e+02)
40      0.116   3.00e-01   4.21e-01   1.58e-01   1.38e+00   0.00e+00 (  1.59e+02,  1.90e+02)
45      0.140   3.35e-01   5.22e-01   2.12e-01   1.77e+00   0.00e+00 (  1.53e+02,  1.89e+02)
50      0.159   3.68e-01   6.31e-01   2.57e-01   2.11e+00   0.00e+00 (  1.43e+02,  1.84e+02)
55      0.175   4.03e-01   7.42e-01   3.84e-01   2.41e+00   0.00e+00 (  1.34e+02,  1.77e+02)
60      0.146   3.77e-01   6.64e-01   4.33e-01   2.08e+00   0.00e+00 (  1.11e+02,  1.68e+02)
65      0.183   4.38e-01   8.42e-01   5.86e-01   2.69e+00   0.00e+00 (  1.10e+02,  1.57e+02)
70      0.199   4.75e-01   9.45e-01   7.15e-01   3.00e+00   0.00e+00 (  1.03e+02,  1.47e+02)
75      0.197   4.84e-01   9.58e-01   7.74e-01   3.04e+00   0.00e+00 (  9.42e+01,  1.36e+02)
80      0.187   4.75e-01   9.36e-01   7.85e-01   3.02e+00   0.00e+00 (  8.68e+01,  1.27e+02)
85      0.184   4.64e-01   8.82e-01   7.30e-01   3.59e+00   0.00e+00 (  8.12e+01,  1.18e+02)
90      0.204   4.72e-01   7.29e-01   5.05e-01   7.23e+00   0.00e+00 (  7.66e+01,  1.10e+02)
95      0.206   4.17e-01   5.98e-01   4.08e-01   1.30e+01   0.00e+00 (  1.38e+02,  1.03e+02)
49 e: 3.328e-05 i: 9.111e-05 :: e: 2.416e-02 i: 3.071e-02 :: n: 2.762e+01 e:22.580 i:27.973 v:4.993e+03
 plasma volume = 148.576852
 stored energy(e,i,b) = 4.942309e+01 4.461649e+01 0.000000e+00
 betan = 1.068009
*power
 Pnb(e,i) = 0.000000e+00 0.000000e+00
 Prf(e,i) = 1.264159e+01 2.737826e+01
 Prad     = -2.708249e+01 
 Pei      = -3.918573e-01 
 Pfuse    = 4.328199e+01 
 Pfusi    = 1.424652e+01 
 Poh      = 0.000000e+00 
*confinement time
 taut, tauITER98y2, H98y2 : 1.334541e+00 1.670213e+00 7.990245e-01
 taue, taui : 1.737238e+00 3.047913e+00
 taut, tau89, H89 : 1.334541e+00 8.218133e-01 1.623898e+00
*temperature
 nea, nebar : 1.865313e+01 2.143003e+01 
 tea, tia : 6.367984e+00 6.398555e+00 (9.952223e-01)
 te0, ti0 : 1.964521e+01 2.225944e+01 (8.825564e-01)
 Sn : 0.000000e+00 
*current balance
 Ip,Ibs,Inb,Irf: 1.000000e+01 1.723988e+00 0.000000e+00 1.948719e-01
 fni,fbs: 0.192 0.172

 plasma volume = 148.576852
 stored energy(e,i,b) = 4.942309e+01 4.461649e+01 0.000000e+00
 betan = 1.068009
*power
 Pnb(e,i) = 0.000000e+00 0.000000e+00
 Prf(e,i) = 1.264159e+01 2.737826e+01
 Prad     = -2.708249e+01 
 Pei      = -3.918573e-01 
 Pfuse    = 4.328199e+01 
 Pfusi    = 1.424652e+01 
 Poh      = 0.000000e+00 
*confinement time
 taut, tauITER98y2, H98y2 : 1.334541e+00 1.670213e+00 7.990245e-01
 taue, taui : 1.737238e+00 3.047913e+00
 taut, tau89, H89 : 1.334541e+00 8.218133e-01 1.623898e+00
*temperature
 nea, nebar : 1.865313e+01 2.143003e+01 
 tea, tia : 6.367984e+00 6.398555e+00 (9.952223e-01)
 te0, ti0 : 1.964521e+01 2.225944e+01 (8.825564e-01)
 Sn : 0.000000e+00 
*current balance
 Ip,Ibs,Inb,Irf: 1.000000e+01 1.723988e+00 0.000000e+00 1.948719e-01
 fni,fbs: 0.192 0.172
 ELAPASED TIME = 1769 sec
