========================================================================
= FASTRAN

nonlinear model = 0
ichi = 1
ineo = 0
reading state...
read formatted input, inprof...
init geometry...
read formatted input, inmetric...
nrho in inmetric = 101
rhob in inmetric = 1.264036e+00
solve avg grad-shafranv...
solve_avg_gs::Ip_temp = 1.000586e+01 
solve_avg_gs::Ip      = 1.000000e+01 
>>> tau_he = 5.000000, nhe(0)=2.756136e+00

 plasma volume = 148.901419
 stored energy(e,i,b,a) = 5.906115e+01 5.593176e+01 0.000000e+00 0.000000e+00
 betan = 1.303755
*power
 Pnb(e,i) = 0.000000e+00 0.000000e+00
 Prf(e,i) = 1.245089e+01 2.756003e+01
 Prad     = -1.564875e+01 
 Pei      = -1.546249e+00 
 Pfuse    = 5.899466e+01 
 Pfusi    = 2.003477e+01 
 Poh      = 0.000000e+00 
*confinement time
 taut, tauITER98y2, H98y2 : 1.112208e+00 1.283463e+00 8.665673e-01
 taue, taui : 1.088674e+00 2.591711e+00
 taut, tau89, H89 : 1.112208e+00 6.789292e-01 1.638179e+00
*temperature
 nea, nebar : 1.865807e+01 2.143055e+01 
 tea, tia : 7.704027e+00 7.677891e+00 (1.003404e+00)
 te0, ti0 : 1.986969e+01 2.127646e+01 (9.338813e-01)
 Sn : 0.000000e+00 
*current balance
 Ip,Ibs,Inb,Irf: 1.000000e+01 2.046863e+00 0.000000e+00 3.059278e-01
 fni,fbs: 0.235 0.205

Time advancing...
rho_bdry 0.900000 ...
te_bdry = 3.746797
ti_bdry = 3.746714
ne_bdry = 14.498656
rv_bdry = 279.463030
nrho_tr_bdry = 18
drho_bdry = 0.000000e+00
nrhob = 90
 [    0] t = 0.0000 
>>> tau_he = 5.000000, nhe(0)=2.746165e+00
 5     -0.002   5.36e-03   1.57e-01   2.59e-03  -9.56e-03   0.00e+00 (  9.33e-01,  5.84e+01)
10      0.001   2.83e-03  -4.49e-03  -5.33e-04   3.44e-03   0.00e+00 (  7.42e-01,  1.13e+02)
15     -0.003   4.33e-04  -6.16e-03  -5.01e-03  -2.29e-02   0.00e+00 (  1.47e-01,  1.57e+02)
20      0.023   5.15e-02  -4.10e-02  -6.99e-03   1.88e-01   0.00e+00 (  2.07e+01,  1.89e+02)
25      0.051   1.30e-01   2.43e-02   2.17e-02   4.69e-01   0.00e+00 (  5.85e+01,  2.18e+02)
30      0.068   1.93e-01   1.52e-01   5.78e-02   6.98e-01   0.00e+00 (  9.25e+01,  2.37e+02)
35      0.074   2.32e-01   1.86e-01   7.72e-02   8.18e-01   0.00e+00 (  1.12e+02,  2.49e+02)
40      0.107   3.31e-01   3.24e-01   1.03e-01   1.27e+00   0.00e+00 (  1.56e+02,  2.55e+02)
45      0.115   3.72e-01   4.18e-01   1.66e-01   1.46e+00   0.00e+00 (  1.64e+02,  2.54e+02)
50      0.161   4.58e-01   5.96e-01   2.76e-01   2.13e+00   0.00e+00 (  1.85e+02,  2.48e+02)
55      0.216   5.58e-01   8.39e-01   4.18e-01   2.98e+00   0.00e+00 (  2.05e+02,  2.39e+02)
60      0.261   6.48e-01   1.08e+00   6.28e-01   3.73e+00   0.00e+00 (  2.16e+02,  2.29e+02)
65      0.298   7.29e-01   1.29e+00   8.46e-01   4.39e+00   0.00e+00 (  2.19e+02,  2.17e+02)
70      0.322   7.95e-01   1.47e+00   1.05e+00   4.85e+00   0.00e+00 (  2.13e+02,  2.05e+02)
75      0.322   8.26e-01   1.54e+00   1.17e+00   4.96e+00   0.00e+00 (  1.97e+02,  1.93e+02)
80      0.307   7.93e-01   1.50e+00   1.17e+00   4.97e+00   0.00e+00 (  1.69e+02,  1.83e+02)
85      0.339   8.18e-01   1.48e+00   1.11e+00   6.64e+00   0.00e+00 (  1.53e+02,  1.73e+02)
90      0.603   1.32e+00   1.93e+00   1.26e+00   2.14e+01   0.00e+00 (  3.51e+02,  1.64e+02)
95      0.629   1.10e+00   1.58e+00   1.27e+00   3.98e+01   0.00e+00 (  5.80e+02,  1.56e+02)
 0 e: 1.197e-06 i: 8.994e-06 :: e: 0.000e+00 i: 0.000e+00 :: n: 2.762e+01 e:19.871 i:21.178 v:4.993e+03
>>> tau_he = 5.000000, nhe(0)=2.735589e+00
 5     -0.001   6.00e-03   2.36e-01   3.21e-03  -6.91e-03   0.00e+00 (  1.01e+00,  5.84e+01)
10      0.001   3.61e-03  -3.23e-03  -8.91e-05   5.01e-03   0.00e+00 (  9.52e-01,  1.13e+02)
15      0.001   1.53e-02  -3.37e-02  -8.21e-03   6.03e-03   0.00e+00 (  5.30e+00,  1.57e+02)
20      0.021   4.65e-02  -5.27e-02  -9.96e-03   1.71e-01   0.00e+00 (  1.89e+01,  1.89e+02)
25      0.057   1.35e-01   3.24e-02   2.70e-02   5.31e-01   0.00e+00 (  6.07e+01,  2.18e+02)
30      0.069   1.89e-01   1.21e-01   5.22e-02   7.05e-01   0.00e+00 (  9.03e+01,  2.37e+02)
35      0.070   2.32e-01   1.99e-01   7.88e-02   7.81e-01   0.00e+00 (  1.13e+02,  2.49e+02)
40      0.107   3.29e-01   3.23e-01   1.02e-01   1.27e+00   0.00e+00 (  1.55e+02,  2.55e+02)
45      0.119   3.76e-01   4.28e-01   1.71e-01   1.50e+00   0.00e+00 (  1.67e+02,  2.54e+02)
50      0.167   4.64e-01   6.14e-01   2.82e-01   2.21e+00   0.00e+00 (  1.87e+02,  2.48e+02)
55      0.217   5.59e-01   8.46e-01   4.22e-01   3.00e+00   0.00e+00 (  2.05e+02,  2.39e+02)
60      0.259   6.46e-01   1.08e+00   6.27e-01   3.71e+00   0.00e+00 (  2.14e+02,  2.29e+02)
65      0.293   7.23e-01   1.28e+00   8.38e-01   4.30e+00   0.00e+00 (  2.16e+02,  2.17e+02)
70      0.313   7.87e-01   1.44e+00   1.03e+00   4.71e+00   0.00e+00 (  2.09e+02,  2.05e+02)
75      0.315   8.16e-01   1.51e+00   1.15e+00   4.86e+00   0.00e+00 (  1.94e+02,  1.93e+02)
80      0.304   7.95e-01   1.50e+00   1.17e+00   4.91e+00   0.00e+00 (  1.72e+02,  1.83e+02)
85      0.343   8.34e-01   1.52e+00   1.15e+00   6.72e+00   0.00e+00 (  1.64e+02,  1.73e+02)
90      0.596   1.32e+00   1.90e+00   1.23e+00   2.12e+01   0.00e+00 (  3.28e+02,  1.64e+02)
95      0.629   1.10e+00   1.58e+00   1.27e+00   3.98e+01   0.00e+00 (  5.80e+02,  1.56e+02)
 1 e: 5.872e-02 i: 2.362e-01 :: e: 9.049e-03 i: 2.057e-02 :: n: 2.762e+01 e:26.081 i:31.521 v:4.993e+03
>>> tau_he = 5.000000, nhe(0)=3.479636e+00
 5     -0.016   1.48e-02   7.86e-01   6.42e-03  -7.38e-02   0.00e+00 (  5.08e+00,  5.84e+01)
10     -0.176   1.18e-01   1.58e-02   5.57e-03  -1.05e+00   0.00e+00 (  9.31e+01,  1.13e+02)
15     -0.162   5.85e-01   7.26e-01   3.49e-01  -1.15e+00   0.00e+00 (  6.48e+02,  1.57e+02)
20      0.386   5.66e-01   6.66e-01   3.61e-01   3.19e+00   0.00e+00 (  5.43e+02,  1.89e+02)
25      0.623   5.91e-01   6.63e-01   3.70e-01   5.78e+00   0.00e+00 (  4.59e+02,  2.18e+02)
30      0.337   4.09e-01   4.88e-01   2.60e-01   3.46e+00   0.00e+00 (  2.83e+02,  2.37e+02)
35      0.216   3.85e-01   5.53e-01   2.14e-01   2.40e+00   0.00e+00 (  2.46e+02,  2.49e+02)
40      0.203   4.03e-01   6.51e-01   2.09e-01   2.41e+00   0.00e+00 (  2.19e+02,  2.55e+02)
45      0.244   4.82e-01   8.70e-01   3.53e-01   3.08e+00   0.00e+00 (  2.34e+02,  2.54e+02)
50      0.230   5.27e-01   1.00e+00   4.29e-01   3.04e+00   0.00e+00 (  2.19e+02,  2.48e+02)
55      0.200   5.45e-01   1.03e+00   5.18e-01   2.76e+00   0.00e+00 (  1.91e+02,  2.39e+02)
60      0.177   5.61e-01   1.01e+00   5.74e-01   2.54e+00   0.00e+00 (  1.69e+02,  2.29e+02)
65      0.134   5.24e-01   8.38e-01   5.26e-01   1.97e+00   0.00e+00 (  1.38e+02,  2.17e+02)
70      0.170   6.18e-01   1.02e+00   7.08e-01   2.56e+00   0.00e+00 (  1.45e+02,  2.05e+02)
75      0.173   6.53e-01   1.07e+00   7.95e-01   2.67e+00   0.00e+00 (  1.42e+02,  1.93e+02)
80      0.175   6.71e-01   1.11e+00   8.29e-01   2.84e+00   0.00e+00 (  1.41e+02,  1.83e+02)
85      0.252   7.02e-01   1.19e+00   8.55e-01   4.93e+00   0.00e+00 (  1.28e+02,  1.73e+02)
90      0.574   1.30e+00   1.83e+00   1.17e+00   2.04e+01   0.00e+00 (  3.03e+02,  1.64e+02)
95      0.629   1.10e+00   1.58e+00   1.27e+00   3.98e+01   0.00e+00 (  5.80e+02,  1.56e+02)
 2 e: 2.479e-02 i: 1.450e-02 :: e: 2.857e-01 i: 3.773e-01 :: n: 2.762e+01 e:28.073 i:34.751 v:4.993e+03
>>> tau_he = 5.000000, nhe(0)=3.623057e+00
 5     -0.041   2.09e-02   7.66e-01   9.01e-03  -1.91e-01   0.00e+00 (  1.12e+01,  5.84e+01)
10     -0.746   1.35e-01  -6.79e-03  -2.19e-02  -4.45e+00   0.00e+00 (  1.46e+02,  1.13e+02)
15     -0.288   6.85e-01   8.74e-01   4.61e-01  -2.05e+00   0.00e+00 (  8.18e+02,  1.57e+02)
20      0.292   6.38e-01   7.23e-01   4.89e-01   2.41e+00   0.00e+00 (  6.99e+02,  1.89e+02)
25      0.616   6.06e-01   6.72e-01   4.62e-01   5.72e+00   0.00e+00 (  5.67e+02,  2.18e+02)
30      0.435   4.90e-01   5.24e-01   3.39e-01   4.46e+00   0.00e+00 (  4.15e+02,  2.37e+02)
35      0.218   4.08e-01   5.15e-01   2.65e-01   2.42e+00   0.00e+00 (  3.05e+02,  2.49e+02)
40      0.178   3.98e-01   5.61e-01   1.91e-01   2.12e+00   0.00e+00 (  2.40e+02,  2.55e+02)
45      0.205   4.44e-01   7.01e-01   2.86e-01   2.59e+00   0.00e+00 (  2.23e+02,  2.54e+02)
50      0.201   4.67e-01   7.94e-01   3.36e-01   2.66e+00   0.00e+00 (  1.88e+02,  2.48e+02)
55      0.185   4.72e-01   8.19e-01   4.21e-01   2.55e+00   0.00e+00 (  1.52e+02,  2.39e+02)
60      0.137   4.12e-01   6.63e-01   3.89e-01   1.96e+00   0.00e+00 (  1.09e+02,  2.29e+02)
65      0.146   4.25e-01   6.94e-01   4.47e-01   2.14e+00   0.00e+00 (  9.53e+01,  2.17e+02)
70      0.189   5.04e-01   8.71e-01   6.08e-01   2.85e+00   0.00e+00 (  9.76e+01,  2.05e+02)
75      0.201   5.35e-01   9.37e-01   6.99e-01   3.10e+00   0.00e+00 (  9.40e+01,  1.93e+02)
80      0.212   5.66e-01   1.01e+00   7.68e-01   3.43e+00   0.00e+00 (  9.50e+01,  1.83e+02)
85      0.275   6.46e-01   1.13e+00   8.21e-01   5.39e+00   0.00e+00 (  9.31e+01,  1.73e+02)
90      0.577   1.32e+00   1.82e+00   1.16e+00   2.05e+01   0.00e+00 (  2.86e+02,  1.64e+02)
95      0.629   1.10e+00   1.58e+00   1.27e+00   3.98e+01   0.00e+00 (  5.80e+02,  1.56e+02)
 3 e: 1.125e-02 i: 1.049e-02 :: e: 3.574e-01 i: 4.027e-01 :: n: 2.762e+01 e:27.640 i:35.136 v:4.993e+03
>>> tau_he = 5.000000, nhe(0)=3.640817e+00
 5     -0.047   2.01e-02   6.58e-01   7.32e-03  -2.20e-01   0.00e+00 (  1.14e+01,  5.84e+01)
10     -0.740   1.56e-01   1.33e-02  -4.17e-02  -4.41e+00   0.00e+00 (  1.59e+02,  1.13e+02)
15      0.015   6.84e-01   7.98e-01   3.35e-01   1.05e-01   0.00e+00 (  6.60e+02,  1.57e+02)
20      0.384   6.48e-01   7.39e-01   3.92e-01   3.17e+00   0.00e+00 (  6.07e+02,  1.89e+02)
25      0.607   6.32e-01   7.06e-01   4.43e-01   5.64e+00   0.00e+00 (  5.53e+02,  2.18e+02)
30      0.526   5.48e-01   6.02e-01   3.96e-01   5.39e+00   0.00e+00 (  4.64e+02,  2.37e+02)
35      0.271   4.51e-01   5.72e-01   2.98e-01   3.01e+00   0.00e+00 (  3.53e+02,  2.49e+02)
40      0.217   4.34e-01   6.38e-01   2.24e-01   2.59e+00   0.00e+00 (  2.80e+02,  2.55e+02)
45      0.215   4.67e-01   7.40e-01   2.92e-01   2.71e+00   0.00e+00 (  2.51e+02,  2.54e+02)
50      0.231   5.17e-01   9.36e-01   4.06e-01   3.07e+00   0.00e+00 (  2.24e+02,  2.48e+02)
55      0.208   5.28e-01   9.74e-01   5.02e-01   2.87e+00   0.00e+00 (  1.84e+02,  2.39e+02)
60      0.196   5.34e-01   9.80e-01   5.69e-01   2.80e+00   0.00e+00 (  1.54e+02,  2.29e+02)
65      0.155   4.78e-01   8.14e-01   5.25e-01   2.28e+00   0.00e+00 (  1.16e+02,  2.17e+02)
70      0.186   5.41e-01   9.44e-01   6.57e-01   2.81e+00   0.00e+00 (  1.12e+02,  2.05e+02)
75      0.188   5.55e-01   9.60e-01   7.16e-01   2.90e+00   0.00e+00 (  1.04e+02,  1.93e+02)
80      0.188   5.69e-01   9.82e-01   7.43e-01   3.04e+00   0.00e+00 (  1.00e+02,  1.83e+02)
85      0.251   6.16e-01   1.07e+00   7.61e-01   4.90e+00   0.00e+00 (  9.22e+01,  1.73e+02)
90      0.569   1.31e+00   1.80e+00   1.14e+00   2.02e+01   0.00e+00 (  2.85e+02,  1.64e+02)
95      0.629   1.10e+00   1.58e+00   1.27e+00   3.98e+01   0.00e+00 (  5.80e+02,  1.56e+02)
 4 e: 6.731e-03 i: 8.725e-03 :: e: 3.055e-01 i: 3.372e-01 :: n: 2.762e+01 e:26.539 i:34.939 v:4.993e+03
>>> tau_he = 5.000000, nhe(0)=3.634412e+00
 5     -0.051   1.99e-02   5.99e-01   7.25e-03  -2.39e-01   0.00e+00 (  1.16e+01,  5.84e+01)
10     -0.595   1.61e-01   2.43e-02  -5.65e-02  -3.55e+00   0.00e+00 (  1.52e+02,  1.13e+02)
15      0.183   6.01e-01   6.49e-01   1.92e-01   1.31e+00   0.00e+00 (  4.87e+02,  1.57e+02)
20      0.272   5.53e-01   6.13e-01   2.60e-01   2.24e+00   0.00e+00 (  4.46e+02,  1.89e+02)
25      0.531   5.73e-01   6.29e-01   3.26e-01   4.93e+00   0.00e+00 (  4.54e+02,  2.18e+02)
30      0.453   5.18e-01   5.53e-01   3.17e-01   4.64e+00   0.00e+00 (  4.13e+02,  2.37e+02)
35      0.258   4.54e-01   5.50e-01   2.69e-01   2.87e+00   0.00e+00 (  3.47e+02,  2.49e+02)
40      0.205   4.32e-01   5.99e-01   2.23e-01   2.44e+00   0.00e+00 (  2.80e+02,  2.55e+02)
45      0.199   4.61e-01   6.81e-01   2.75e-01   2.52e+00   0.00e+00 (  2.50e+02,  2.54e+02)
50      0.225   5.10e-01   8.63e-01   3.65e-01   2.98e+00   0.00e+00 (  2.24e+02,  2.48e+02)
55      0.210   5.29e-01   9.26e-01   4.75e-01   2.90e+00   0.00e+00 (  1.87e+02,  2.39e+02)
60      0.206   5.43e-01   9.67e-01   5.63e-01   2.94e+00   0.00e+00 (  1.59e+02,  2.29e+02)
65      0.172   4.98e-01   8.44e-01   5.48e-01   2.53e+00   0.00e+00 (  1.23e+02,  2.17e+02)
70      0.206   5.61e-01   9.91e-01   6.93e-01   3.11e+00   0.00e+00 (  1.18e+02,  2.05e+02)
75      0.210   5.77e-01   1.02e+00   7.60e-01   3.24e+00   0.00e+00 (  1.08e+02,  1.93e+02)
80      0.214   5.88e-01   1.05e+00   7.98e-01   3.45e+00   0.00e+00 (  1.03e+02,  1.83e+02)
85      0.271   6.42e-01   1.12e+00   8.15e-01   5.31e+00   0.00e+00 (  9.40e+01,  1.73e+02)
90      0.574   1.31e+00   1.81e+00   1.15e+00   2.04e+01   0.00e+00 (  2.84e+02,  1.64e+02)
95      0.629   1.10e+00   1.58e+00   1.27e+00   3.98e+01   0.00e+00 (  5.80e+02,  1.56e+02)
 5 e: 3.851e-03 i: 4.080e-03 :: e: 2.438e-01 i: 2.566e-01 :: n: 2.762e+01 e:26.279 i:34.215 v:4.993e+03
>>> tau_he = 5.000000, nhe(0)=3.607580e+00
 5     -0.053   1.97e-02   5.67e-01   7.53e-03  -2.48e-01   0.00e+00 (  1.18e+01,  5.84e+01)
10     -0.496   1.67e-01   3.06e-02  -6.67e-02  -2.95e+00   0.00e+00 (  1.49e+02,  1.13e+02)
15     -0.048   2.03e-01   1.16e-01  -3.95e-02  -3.45e-01   0.00e+00 (  1.47e+02,  1.57e+02)
20      0.057   2.13e-01   1.68e-01  -7.65e-03   4.67e-01   0.00e+00 (  1.56e+02,  1.89e+02)
25      0.478   5.51e-01   5.97e-01   2.99e-01   4.44e+00   0.00e+00 (  4.07e+02,  2.18e+02)
30      0.416   5.05e-01   5.50e-01   3.18e-01   4.26e+00   0.00e+00 (  3.83e+02,  2.37e+02)
35      0.249   4.53e-01   5.69e-01   2.85e-01   2.77e+00   0.00e+00 (  3.39e+02,  2.49e+02)
40      0.212   4.49e-01   6.28e-01   2.26e-01   2.53e+00   0.00e+00 (  2.94e+02,  2.55e+02)
45      0.207   4.82e-01   7.17e-01   2.87e-01   2.61e+00   0.00e+00 (  2.68e+02,  2.54e+02)
50      0.233   5.37e-01   9.15e-01   3.86e-01   3.09e+00   0.00e+00 (  2.45e+02,  2.48e+02)
55      0.219   5.63e-01   9.95e-01   5.08e-01   3.02e+00   0.00e+00 (  2.10e+02,  2.39e+02)
60      0.216   5.85e-01   1.05e+00   6.12e-01   3.08e+00   0.00e+00 (  1.83e+02,  2.29e+02)
65      0.184   5.49e-01   9.48e-01   6.13e-01   2.71e+00   0.00e+00 (  1.46e+02,  2.17e+02)
70      0.214   6.14e-01   1.09e+00   7.62e-01   3.22e+00   0.00e+00 (  1.39e+02,  2.05e+02)
75      0.214   6.26e-01   1.10e+00   8.23e-01   3.29e+00   0.00e+00 (  1.27e+02,  1.93e+02)
80      0.212   6.24e-01   1.11e+00   8.42e-01   3.43e+00   0.00e+00 (  1.18e+02,  1.83e+02)
85      0.271   6.58e-01   1.16e+00   8.43e-01   5.29e+00   0.00e+00 (  1.03e+02,  1.73e+02)
90      0.574   1.31e+00   1.82e+00   1.16e+00   2.04e+01   0.00e+00 (  2.88e+02,  1.64e+02)
95      0.629   1.10e+00   1.58e+00   1.27e+00   3.98e+01   0.00e+00 (  5.80e+02,  1.56e+02)
 6 e: 1.647e-03 i: 5.126e-03 :: e: 1.482e-01 i: 1.924e-01 :: n: 2.762e+01 e:25.931 i:34.407 v:4.993e+03
>>> tau_he = 5.000000, nhe(0)=3.614083e+00
 5     -0.055   1.94e-02   5.75e-01   7.36e-03  -2.59e-01   0.00e+00 (  1.18e+01,  5.84e+01)
10     -0.330   1.60e-01   2.12e-02  -6.74e-02  -1.97e+00   0.00e+00 (  1.37e+02,  1.13e+02)
15      0.319   6.19e-01   6.38e-01   1.79e-01   2.28e+00   0.00e+00 (  4.46e+02,  1.57e+02)
20      0.309   5.29e-01   5.75e-01   2.18e-01   2.55e+00   0.00e+00 (  3.82e+02,  1.89e+02)
25      0.409   5.09e-01   5.38e-01   2.57e-01   3.79e+00   0.00e+00 (  3.52e+02,  2.18e+02)
30      0.364   4.68e-01   5.04e-01   2.80e-01   3.73e+00   0.00e+00 (  3.34e+02,  2.37e+02)
35      0.227   4.41e-01   5.43e-01   2.50e-01   2.52e+00   0.00e+00 (  3.15e+02,  2.49e+02)
40      0.199   4.45e-01   6.02e-01   2.05e-01   2.37e+00   0.00e+00 (  2.83e+02,  2.55e+02)
45      0.224   4.97e-01   7.51e-01   3.10e-01   2.83e+00   0.00e+00 (  2.72e+02,  2.54e+02)
50      0.224   5.30e-01   8.68e-01   3.62e-01   2.97e+00   0.00e+00 (  2.40e+02,  2.48e+02)
55      0.218   5.63e-01   9.61e-01   4.89e-01   3.01e+00   0.00e+00 (  2.11e+02,  2.39e+02)
60      0.221   5.93e-01   1.04e+00   6.06e-01   3.15e+00   0.00e+00 (  1.88e+02,  2.29e+02)
65      0.196   5.67e-01   9.78e-01   6.38e-01   2.88e+00   0.00e+00 (  1.55e+02,  2.17e+02)
70      0.228   6.40e-01   1.14e+00   7.97e-01   3.44e+00   0.00e+00 (  1.49e+02,  2.05e+02)
75      0.229   6.57e-01   1.17e+00   8.71e-01   3.54e+00   0.00e+00 (  1.37e+02,  1.93e+02)
80      0.228   6.57e-01   1.18e+00   8.99e-01   3.69e+00   0.00e+00 (  1.28e+02,  1.83e+02)
85      0.286   6.86e-01   1.22e+00   8.96e-01   5.59e+00   0.00e+00 (  1.10e+02,  1.73e+02)
90      0.579   1.32e+00   1.83e+00   1.17e+00   2.06e+01   0.00e+00 (  2.90e+02,  1.64e+02)
95      0.629   1.10e+00   1.58e+00   1.27e+00   3.98e+01   0.00e+00 (  5.80e+02,  1.56e+02)
 7 e: 1.840e-03 i: 1.888e-03 :: e: 1.591e-01 i: 1.623e-01 :: n: 2.762e+01 e:25.701 i:34.182 v:4.993e+03
>>> tau_he = 5.000000, nhe(0)=3.605818e+00
 5     -0.058   1.99e-02   5.60e-01   7.43e-03  -2.73e-01   0.00e+00 (  1.23e+01,  5.84e+01)
10     -0.289   1.70e-01   3.30e-02  -7.43e-02  -1.72e+00   0.00e+00 (  1.39e+02,  1.13e+02)
15     -0.012   2.08e-01   1.19e-01  -3.93e-02  -8.41e-02   0.00e+00 (  1.37e+02,  1.57e+02)
20      0.058   2.08e-01   1.62e-01  -9.45e-03   4.83e-01   0.00e+00 (  1.41e+02,  1.89e+02)
25      0.377   4.86e-01   5.21e-01   2.38e-01   3.51e+00   0.00e+00 (  3.24e+02,  2.18e+02)
30      0.349   4.62e-01   5.01e-01   2.68e-01   3.57e+00   0.00e+00 (  3.20e+02,  2.37e+02)
35      0.225   4.43e-01   5.49e-01   2.48e-01   2.50e+00   0.00e+00 (  3.11e+02,  2.49e+02)
40      0.198   4.50e-01   6.06e-01   1.97e-01   2.36e+00   0.00e+00 (  2.84e+02,  2.55e+02)
45      0.224   5.03e-01   7.57e-01   3.13e-01   2.82e+00   0.00e+00 (  2.76e+02,  2.54e+02)
50      0.227   5.42e-01   8.82e-01   3.68e-01   3.01e+00   0.00e+00 (  2.48e+02,  2.48e+02)
55      0.221   5.82e-01   9.88e-01   5.02e-01   3.06e+00   0.00e+00 (  2.23e+02,  2.39e+02)
60      0.227   6.17e-01   1.09e+00   6.29e-01   3.25e+00   0.00e+00 (  2.02e+02,  2.29e+02)
65      0.240   6.55e-01   1.19e+00   7.75e-01   3.53e+00   0.00e+00 (  1.86e+02,  2.17e+02)
70      0.235   6.75e-01   1.20e+00   8.43e-01   3.54e+00   0.00e+00 (  1.65e+02,  2.05e+02)
75      0.234   6.92e-01   1.23e+00   9.18e-01   3.61e+00   0.00e+00 (  1.51e+02,  1.93e+02)
80      0.230   6.89e-01   1.24e+00   9.41e-01   3.73e+00   0.00e+00 (  1.40e+02,  1.83e+02)
85      0.289   7.04e-01   1.25e+00   9.29e-01   5.65e+00   0.00e+00 (  1.18e+02,  1.73e+02)
90      0.580   1.32e+00   1.84e+00   1.18e+00   2.07e+01   0.00e+00 (  2.94e+02,  1.64e+02)
95      0.629   1.10e+00   1.58e+00   1.27e+00   3.98e+01   0.00e+00 (  5.80e+02,  1.56e+02)
 8 e: 6.008e-04 i: 3.052e-03 :: e: 9.258e-02 i: 1.211e-01 :: n: 2.762e+01 e:25.643 i:34.357 v:4.993e+03
>>> tau_he = 5.000000, nhe(0)=3.612178e+00
 5     -0.059   2.03e-02   5.72e-01   7.53e-03  -2.76e-01   0.00e+00 (  1.27e+01,  5.84e+01)
10     -0.266   1.69e-01   2.86e-02  -7.18e-02  -1.59e+00   0.00e+00 (  1.35e+02,  1.13e+02)
15      0.433   6.25e-01   6.82e-01   1.71e-01   3.09e+00   0.00e+00 (  4.17e+02,  1.57e+02)
20      0.312   5.23e-01   5.62e-01   2.01e-01   2.58e+00   0.00e+00 (  3.56e+02,  1.89e+02)
25      0.344   4.67e-01   4.94e-01   2.16e-01   3.19e+00   0.00e+00 (  3.03e+02,  2.18e+02)
30      0.239   4.33e-01   5.15e-01   2.41e-01   2.45e+00   0.00e+00 (  2.91e+02,  2.37e+02)
35      0.216   4.38e-01   5.37e-01   2.37e-01   2.41e+00   0.00e+00 (  3.00e+02,  2.49e+02)
40      0.193   4.47e-01   5.93e-01   2.01e-01   2.29e+00   0.00e+00 (  2.79e+02,  2.55e+02)
45      0.216   4.99e-01   7.36e-01   3.06e-01   2.72e+00   0.00e+00 (  2.71e+02,  2.54e+02)
50      0.222   5.43e-01   8.62e-01   3.61e-01   2.94e+00   0.00e+00 (  2.48e+02,  2.48e+02)
55      0.221   5.85e-01   9.78e-01   4.96e-01   3.06e+00   0.00e+00 (  2.25e+02,  2.39e+02)
60      0.230   6.24e-01   1.09e+00   6.28e-01   3.28e+00   0.00e+00 (  2.06e+02,  2.29e+02)
65      0.244   6.66e-01   1.20e+00   7.81e-01   3.59e+00   0.00e+00 (  1.92e+02,  2.17e+02)
70      0.243   6.93e-01   1.23e+00   8.65e-01   3.65e+00   0.00e+00 (  1.72e+02,  2.05e+02)
75      0.243   7.14e-01   1.27e+00   9.49e-01   3.74e+00   0.00e+00 (  1.60e+02,  1.93e+02)
80      0.239   7.10e-01   1.28e+00   9.81e-01   3.87e+00   0.00e+00 (  1.48e+02,  1.83e+02)
85      0.298   7.23e-01   1.29e+00   9.64e-01   5.82e+00   0.00e+00 (  1.25e+02,  1.73e+02)
90      0.583   1.32e+00   1.85e+00   1.18e+00   2.08e+01   0.00e+00 (  2.96e+02,  1.64e+02)
95      0.629   1.10e+00   1.58e+00   1.27e+00   3.98e+01   0.00e+00 (  5.80e+02,  1.56e+02)
 9 e: 1.214e-03 i: 2.018e-03 :: e: 1.131e-01 i: 1.129e-01 :: n: 2.762e+01 e:25.390 i:34.216 v:4.993e+03
>>> tau_he = 5.000000, nhe(0)=3.607037e+00
 5     -0.063   2.05e-02   5.57e-01   7.49e-03  -2.94e-01   0.00e+00 (  1.30e+01,  5.84e+01)
10     -0.245   1.84e-01   4.01e-02  -7.65e-02  -1.46e+00   0.00e+00 (  1.41e+02,  1.13e+02)
15      0.018   2.09e-01   1.18e-01  -3.71e-02   1.31e-01   0.00e+00 (  1.29e+02,  1.57e+02)
20      0.073   2.07e-01   1.60e-01  -6.84e-03   6.06e-01   0.00e+00 (  1.33e+02,  1.89e+02)
25      0.104   2.38e-01   2.20e-01   6.50e-03   9.65e-01   0.00e+00 (  1.51e+02,  2.18e+02)
30      0.235   4.29e-01   5.11e-01   2.32e-01   2.40e+00   0.00e+00 (  2.84e+02,  2.37e+02)
35      0.213   4.40e-01   5.35e-01   2.29e-01   2.37e+00   0.00e+00 (  2.96e+02,  2.49e+02)
40      0.193   4.49e-01   5.91e-01   1.98e-01   2.30e+00   0.00e+00 (  2.77e+02,  2.55e+02)
45      0.215   4.99e-01   7.31e-01   3.04e-01   2.71e+00   0.00e+00 (  2.70e+02,  2.54e+02)
50      0.224   5.47e-01   8.62e-01   3.61e-01   2.96e+00   0.00e+00 (  2.50e+02,  2.48e+02)
55      0.225   5.93e-01   9.87e-01   4.99e-01   3.11e+00   0.00e+00 (  2.30e+02,  2.39e+02)
60      0.234   6.35e-01   1.10e+00   6.37e-01   3.34e+00   0.00e+00 (  2.12e+02,  2.29e+02)
65      0.248   6.78e-01   1.22e+00   7.93e-01   3.65e+00   0.00e+00 (  1.99e+02,  2.17e+02)
70      0.248   7.11e-01   1.27e+00   8.88e-01   3.73e+00   0.00e+00 (  1.81e+02,  2.05e+02)
75      0.248   7.34e-01   1.31e+00   9.77e-01   3.82e+00   0.00e+00 (  1.68e+02,  1.93e+02)
80      0.243   7.29e-01   1.32e+00   1.01e+00   3.93e+00   0.00e+00 (  1.56e+02,  1.83e+02)
85      0.302   7.37e-01   1.32e+00   9.88e-01   5.90e+00   0.00e+00 (  1.30e+02,  1.73e+02)
90      0.585   1.32e+00   1.85e+00   1.19e+00   2.08e+01   0.00e+00 (  2.98e+02,  1.64e+02)
95      0.629   1.10e+00   1.58e+00   1.27e+00   3.98e+01   0.00e+00 (  5.80e+02,  1.56e+02)
10 e: 4.212e-04 i: 1.918e-03 :: e: 8.264e-02 i: 9.013e-02 :: n: 2.762e+01 e:25.491 i:34.370 v:4.993e+03
>>> tau_he = 5.000000, nhe(0)=3.612703e+00
 5     -0.062   2.07e-02   5.71e-01   7.56e-03  -2.92e-01   0.00e+00 (  1.33e+01,  5.84e+01)
10     -0.199   1.75e-01   3.06e-02  -7.59e-02  -1.19e+00   0.00e+00 (  1.32e+02,  1.13e+02)
15      0.462   6.30e-01   6.74e-01   1.62e-01   3.30e+00   0.00e+00 (  3.96e+02,  1.57e+02)
20      0.071   2.13e-01   1.71e-01  -9.16e-03   5.82e-01   0.00e+00 (  1.40e+02,  1.89e+02)
25      0.353   4.73e-01   5.01e-01   2.20e-01   3.28e+00   0.00e+00 (  3.05e+02,  2.18e+02)
30      0.230   4.25e-01   5.06e-01   2.25e-01   2.35e+00   0.00e+00 (  2.79e+02,  2.37e+02)
35      0.210   4.46e-01   5.34e-01   2.44e-01   2.34e+00   0.00e+00 (  2.95e+02,  2.49e+02)
40      0.190   4.41e-01   5.87e-01   1.92e-01   2.26e+00   0.00e+00 (  2.70e+02,  2.55e+02)
45      0.211   4.98e-01   7.24e-01   3.00e-01   2.66e+00   0.00e+00 (  2.67e+02,  2.54e+02)
50      0.221   5.47e-01   8.58e-01   3.60e-01   2.93e+00   0.00e+00 (  2.51e+02,  2.48e+02)
55      0.225   5.96e-01   9.87e-01   4.99e-01   3.10e+00   0.00e+00 (  2.33e+02,  2.39e+02)
60      0.234   6.40e-01   1.11e+00   6.39e-01   3.35e+00   0.00e+00 (  2.16e+02,  2.29e+02)
65      0.248   6.87e-01   1.23e+00   7.91e-01   3.64e+00   0.00e+00 (  2.03e+02,  2.17e+02)
70      0.250   7.22e-01   1.28e+00   9.00e-01   3.77e+00   0.00e+00 (  1.86e+02,  2.05e+02)
75      0.251   7.47e-01   1.33e+00   9.94e-01   3.86e+00   0.00e+00 (  1.74e+02,  1.93e+02)
80      0.245   7.42e-01   1.34e+00   1.03e+00   3.97e+00   0.00e+00 (  1.61e+02,  1.83e+02)
85      0.305   7.48e-01   1.34e+00   1.01e+00   5.97e+00   0.00e+00 (  1.35e+02,  1.73e+02)
90      0.586   1.32e+00   1.86e+00   1.19e+00   2.09e+01   0.00e+00 (  3.00e+02,  1.64e+02)
95      0.629   1.10e+00   1.58e+00   1.27e+00   3.98e+01   0.00e+00 (  5.80e+02,  1.56e+02)
11 e: 8.591e-04 i: 2.394e-03 :: e: 9.707e-02 i: 9.447e-02 :: n: 2.762e+01 e:25.300 i:34.483 v:4.993e+03
>>> tau_he = 5.000000, nhe(0)=3.617040e+00
 5     -0.066   2.11e-02   5.66e-01   7.35e-03  -3.10e-01   0.00e+00 (  1.36e+01,  5.84e+01)
10     -0.181   1.90e-01   4.16e-02  -7.80e-02  -1.08e+00   0.00e+00 (  1.39e+02,  1.13e+02)
15      0.039   2.14e-01   1.19e-01  -3.52e-02   2.77e-01   0.00e+00 (  1.27e+02,  1.57e+02)
20      0.352   5.40e-01   5.79e-01   2.05e-01   2.90e+00   0.00e+00 (  3.54e+02,  1.89e+02)
25      0.348   4.68e-01   4.94e-01   2.14e-01   3.23e+00   0.00e+00 (  2.98e+02,  2.18e+02)
30      0.230   4.43e-01   4.82e-01   1.88e-01   2.36e+00   0.00e+00 (  2.87e+02,  2.37e+02)
35      0.209   4.44e-01   5.27e-01   2.38e-01   2.32e+00   0.00e+00 (  2.90e+02,  2.49e+02)
40      0.189   4.40e-01   5.81e-01   1.89e-01   2.25e+00   0.00e+00 (  2.67e+02,  2.55e+02)
45      0.209   4.95e-01   7.14e-01   2.96e-01   2.64e+00   0.00e+00 (  2.64e+02,  2.54e+02)
50      0.222   5.46e-01   8.50e-01   3.57e-01   2.94e+00   0.00e+00 (  2.49e+02,  2.48e+02)
55      0.226   5.97e-01   9.84e-01   4.97e-01   3.13e+00   0.00e+00 (  2.33e+02,  2.39e+02)
60      0.236   6.43e-01   1.11e+00   6.39e-01   3.38e+00   0.00e+00 (  2.17e+02,  2.29e+02)
65      0.250   6.90e-01   1.23e+00   7.92e-01   3.68e+00   0.00e+00 (  2.05e+02,  2.17e+02)
70      0.254   7.29e-01   1.30e+00   9.09e-01   3.83e+00   0.00e+00 (  1.89e+02,  2.05e+02)
75      0.254   7.55e-01   1.35e+00   1.01e+00   3.92e+00   0.00e+00 (  1.77e+02,  1.93e+02)
80      0.249   7.52e-01   1.36e+00   1.05e+00   4.02e+00   0.00e+00 (  1.65e+02,  1.83e+02)
85      0.309   7.57e-01   1.36e+00   1.02e+00   6.04e+00   0.00e+00 (  1.38e+02,  1.73e+02)
90      0.587   1.32e+00   1.86e+00   1.20e+00   2.09e+01   0.00e+00 (  3.01e+02,  1.64e+02)
95      0.629   1.10e+00   1.58e+00   1.27e+00   3.98e+01   0.00e+00 (  5.80e+02,  1.56e+02)
12 e: 5.876e-04 i: 4.056e-03 :: e: 9.313e-02 i: 8.992e-02 :: n: 2.762e+01 e:25.292 i:34.327 v:4.993e+03
>>> tau_he = 5.000000, nhe(0)=3.611373e+00
 5     -0.065   2.11e-02   5.68e-01   7.55e-03  -3.08e-01   0.00e+00 (  1.38e+01,  5.84e+01)
10     -0.180   1.85e-01   3.66e-02  -7.76e-02  -1.08e+00   0.00e+00 (  1.35e+02,  1.13e+02)
15      0.485   6.33e-01   6.68e-01   1.56e-01   3.46e+00   0.00e+00 (  3.82e+02,  1.57e+02)
20      0.075   2.12e-01   1.69e-01  -7.79e-03   6.22e-01   0.00e+00 (  1.34e+02,  1.89e+02)
25      0.107   2.31e-01   2.18e-01   1.20e-02   9.92e-01   0.00e+00 (  1.44e+02,  2.18e+02)
30      0.229   4.40e-01   4.78e-01   1.84e-01   2.34e+00   0.00e+00 (  2.82e+02,  2.37e+02)
35      0.203   4.36e-01   5.23e-01   2.26e-01   2.26e+00   0.00e+00 (  2.82e+02,  2.49e+02)
40      0.189   4.40e-01   5.81e-01   1.88e-01   2.25e+00   0.00e+00 (  2.67e+02,  2.55e+02)
45      0.208   4.91e-01   7.14e-01   2.95e-01   2.63e+00   0.00e+00 (  2.62e+02,  2.54e+02)
50      0.222   5.49e-01   8.54e-01   3.58e-01   2.94e+00   0.00e+00 (  2.51e+02,  2.48e+02)
55      0.227   6.01e-01   9.91e-01   5.01e-01   3.14e+00   0.00e+00 (  2.36e+02,  2.39e+02)
60      0.237   6.48e-01   1.12e+00   6.43e-01   3.39e+00   0.00e+00 (  2.20e+02,  2.29e+02)
65      0.250   6.95e-01   1.24e+00   7.97e-01   3.68e+00   0.00e+00 (  2.08e+02,  2.17e+02)
70      0.255   7.37e-01   1.31e+00   9.17e-01   3.84e+00   0.00e+00 (  1.93e+02,  2.05e+02)
75      0.255   7.63e-01   1.36e+00   1.02e+00   3.93e+00   0.00e+00 (  1.81e+02,  1.93e+02)
80      0.249   7.60e-01   1.37e+00   1.06e+00   4.03e+00   0.00e+00 (  1.68e+02,  1.83e+02)
85      0.309   7.62e-01   1.37e+00   1.03e+00   6.05e+00   0.00e+00 (  1.41e+02,  1.73e+02)
90      0.588   1.32e+00   1.86e+00   1.20e+00   2.09e+01   0.00e+00 (  3.02e+02,  1.64e+02)
95      0.629   1.10e+00   1.58e+00   1.27e+00   3.98e+01   0.00e+00 (  5.80e+02,  1.56e+02)
13 e: 1.353e-03 i: 4.423e-03 :: e: 9.799e-02 i: 8.746e-02 :: n: 2.762e+01 e:25.125 i:34.394 v:4.993e+03
>>> tau_he = 5.000000, nhe(0)=3.613694e+00
 5     -0.068   2.13e-02   5.63e-01   7.38e-03  -3.19e-01   0.00e+00 (  1.39e+01,  5.84e+01)
10     -0.146   1.93e-01   4.14e-02  -7.58e-02  -8.72e-01   0.00e+00 (  1.35e+02,  1.13e+02)
15      0.053   2.14e-01   1.17e-01  -3.12e-02   3.81e-01   0.00e+00 (  1.22e+02,  1.57e+02)
20      0.349   5.34e-01   5.63e-01   1.93e-01   2.88e+00   0.00e+00 (  3.39e+02,  1.89e+02)
25      0.352   4.70e-01   4.96e-01   2.15e-01   3.27e+00   0.00e+00 (  2.99e+02,  2.18e+02)
30      0.228   4.37e-01   4.74e-01   1.81e-01   2.33e+00   0.00e+00 (  2.78e+02,  2.37e+02)
35      0.201   4.32e-01   5.16e-01   2.21e-01   2.24e+00   0.00e+00 (  2.76e+02,  2.49e+02)
40      0.187   4.38e-01   5.75e-01   1.85e-01   2.22e+00   0.00e+00 (  2.63e+02,  2.55e+02)
45      0.206   4.87e-01   7.05e-01   2.91e-01   2.60e+00   0.00e+00 (  2.58e+02,  2.54e+02)
50      0.221   5.46e-01   8.45e-01   3.55e-01   2.93e+00   0.00e+00 (  2.49e+02,  2.48e+02)
55      0.227   6.00e-01   9.84e-01   4.97e-01   3.14e+00   0.00e+00 (  2.34e+02,  2.39e+02)
60      0.238   6.47e-01   1.11e+00   6.41e-01   3.40e+00   0.00e+00 (  2.20e+02,  2.29e+02)
65      0.251   6.95e-01   1.23e+00   7.94e-01   3.69e+00   0.00e+00 (  2.07e+02,  2.17e+02)
70      0.257   7.38e-01   1.31e+00   9.19e-01   3.87e+00   0.00e+00 (  1.93e+02,  2.05e+02)
75      0.257   7.66e-01   1.37e+00   1.02e+00   3.97e+00   0.00e+00 (  1.81e+02,  1.93e+02)
80      0.251   7.63e-01   1.38e+00   1.06e+00   4.06e+00   0.00e+00 (  1.69e+02,  1.83e+02)
85      0.312   7.67e-01   1.38e+00   1.04e+00   6.10e+00   0.00e+00 (  1.42e+02,  1.73e+02)
90      0.589   1.32e+00   1.86e+00   1.20e+00   2.09e+01   0.00e+00 (  3.03e+02,  1.64e+02)
95      0.629   1.10e+00   1.58e+00   1.27e+00   3.98e+01   0.00e+00 (  5.80e+02,  1.56e+02)
14 e: 5.523e-04 i: 3.948e-03 :: e: 8.525e-02 i: 8.067e-02 :: n: 2.762e+01 e:25.107 i:34.251 v:4.993e+03
>>> tau_he = 5.000000, nhe(0)=3.608403e+00
 5     -0.067   2.12e-02   5.65e-01   7.70e-03  -3.14e-01   0.00e+00 (  1.40e+01,  5.84e+01)
10     -0.149   1.87e-01   3.61e-02  -7.96e-02  -8.86e-01   0.00e+00 (  1.31e+02,  1.13e+02)
15      0.487   6.28e-01   6.53e-01   1.46e-01   3.48e+00   0.00e+00 (  3.65e+02,  1.57e+02)
20      0.082   2.10e-01   1.66e-01  -5.89e-03   6.78e-01   0.00e+00 (  1.30e+02,  1.89e+02)
25      0.106   2.37e-01   2.20e-01   5.73e-03   9.82e-01   0.00e+00 (  1.48e+02,  2.18e+02)
30      0.224   4.32e-01   4.71e-01   1.94e-01   2.30e+00   0.00e+00 (  2.73e+02,  2.37e+02)
35      0.200   4.31e-01   5.14e-01   2.19e-01   2.23e+00   0.00e+00 (  2.74e+02,  2.49e+02)
40      0.186   4.37e-01   5.75e-01   1.84e-01   2.22e+00   0.00e+00 (  2.62e+02,  2.55e+02)
45      0.205   4.88e-01   7.05e-01   2.90e-01   2.59e+00   0.00e+00 (  2.58e+02,  2.54e+02)
50      0.221   5.47e-01   8.48e-01   3.56e-01   2.93e+00   0.00e+00 (  2.49e+02,  2.48e+02)
55      0.228   6.01e-01   9.88e-01   4.99e-01   3.14e+00   0.00e+00 (  2.35e+02,  2.39e+02)
60      0.238   6.49e-01   1.12e+00   6.43e-01   3.40e+00   0.00e+00 (  2.21e+02,  2.29e+02)
65      0.251   6.96e-01   1.23e+00   7.95e-01   3.68e+00   0.00e+00 (  2.08e+02,  2.17e+02)
70      0.257   7.41e-01   1.32e+00   9.22e-01   3.87e+00   0.00e+00 (  1.94e+02,  2.05e+02)
75      0.257   7.69e-01   1.37e+00   1.02e+00   3.97e+00   0.00e+00 (  1.83e+02,  1.93e+02)
80      0.251   7.65e-01   1.38e+00   1.06e+00   4.06e+00   0.00e+00 (  1.70e+02,  1.83e+02)
85      0.312   7.69e-01   1.38e+00   1.04e+00   6.09e+00   0.00e+00 (  1.43e+02,  1.73e+02)
90      0.589   1.32e+00   1.86e+00   1.20e+00   2.10e+01   0.00e+00 (  3.04e+02,  1.64e+02)
95      0.629   1.10e+00   1.58e+00   1.27e+00   3.98e+01   0.00e+00 (  5.80e+02,  1.56e+02)
15 e: 1.093e-03 i: 4.054e-03 :: e: 8.750e-02 i: 7.687e-02 :: n: 2.762e+01 e:24.969 i:34.312 v:4.993e+03
>>> tau_he = 5.000000, nhe(0)=3.610584e+00
 5     -0.069   2.13e-02   5.61e-01   7.39e-03  -3.25e-01   0.00e+00 (  1.41e+01,  5.84e+01)
10     -0.120   1.94e-01   4.10e-02  -7.13e-02  -7.18e-01   0.00e+00 (  1.31e+02,  1.13e+02)
15      0.063   2.14e-01   1.15e-01  -2.85e-02   4.52e-01   0.00e+00 (  1.18e+02,  1.57e+02)
20      0.083   2.14e-01   1.70e-01  -6.55e-03   6.83e-01   0.00e+00 (  1.33e+02,  1.89e+02)
25      0.354   4.69e-01   4.97e-01   2.16e-01   3.29e+00   0.00e+00 (  2.99e+02,  2.18e+02)
30      0.224   4.30e-01   4.68e-01   1.93e-01   2.29e+00   0.00e+00 (  2.70e+02,  2.37e+02)
35      0.198   4.27e-01   5.08e-01   2.15e-01   2.21e+00   0.00e+00 (  2.69e+02,  2.49e+02)
40      0.185   4.35e-01   5.70e-01   1.82e-01   2.20e+00   0.00e+00 (  2.59e+02,  2.55e+02)
45      0.203   4.84e-01   6.98e-01   2.87e-01   2.57e+00   0.00e+00 (  2.55e+02,  2.54e+02)
50      0.220   5.44e-01   8.41e-01   3.54e-01   2.92e+00   0.00e+00 (  2.47e+02,  2.48e+02)
55      0.227   5.99e-01   9.83e-01   4.96e-01   3.14e+00   0.00e+00 (  2.34e+02,  2.39e+02)
60      0.238   6.47e-01   1.11e+00   6.40e-01   3.40e+00   0.00e+00 (  2.19e+02,  2.29e+02)
65      0.251   6.94e-01   1.23e+00   7.92e-01   3.68e+00   0.00e+00 (  2.07e+02,  2.17e+02)
70      0.258   7.40e-01   1.31e+00   9.21e-01   3.88e+00   0.00e+00 (  1.94e+02,  2.05e+02)
75      0.258   7.68e-01   1.37e+00   1.02e+00   3.98e+00   0.00e+00 (  1.82e+02,  1.93e+02)
80      0.252   7.66e-01   1.38e+00   1.07e+00   4.08e+00   0.00e+00 (  1.70e+02,  1.83e+02)
85      0.313   7.70e-01   1.39e+00   1.05e+00   6.11e+00   0.00e+00 (  1.44e+02,  1.73e+02)
90      0.589   1.32e+00   1.87e+00   1.21e+00   2.10e+01   0.00e+00 (  3.04e+02,  1.64e+02)
95      0.629   1.10e+00   1.58e+00   1.27e+00   3.98e+01   0.00e+00 (  5.80e+02,  1.56e+02)
16 e: 3.262e-04 i: 2.499e-03 :: e: 6.665e-02 i: 6.579e-02 :: n: 2.762e+01 e:25.038 i:34.360 v:4.993e+03
>>> tau_he = 5.000000, nhe(0)=3.612406e+00
 5     -0.068   2.14e-02   5.70e-01   7.53e-03  -3.19e-01   0.00e+00 (  1.43e+01,  5.84e+01)
10     -0.122   1.89e-01   3.45e-02  -5.78e-02  -7.29e-01   0.00e+00 (  1.28e+02,  1.13e+02)
15      0.061   2.22e-01   1.27e-01  -4.18e-02   4.38e-01   0.00e+00 (  1.26e+02,  1.57e+02)
20      0.373   5.48e-01   5.80e-01   2.04e-01   3.08e+00   0.00e+00 (  3.48e+02,  1.89e+02)
25      0.341   4.58e-01   4.84e-01   2.09e-01   3.17e+00   0.00e+00 (  2.89e+02,  2.18e+02)
30      0.217   4.22e-01   4.65e-01   1.90e-01   2.23e+00   0.00e+00 (  2.64e+02,  2.37e+02)
35      0.197   4.26e-01   5.07e-01   2.13e-01   2.19e+00   0.00e+00 (  2.67e+02,  2.49e+02)
40      0.183   4.34e-01   5.70e-01   1.81e-01   2.18e+00   0.00e+00 (  2.58e+02,  2.55e+02)
45      0.202   4.84e-01   6.99e-01   2.87e-01   2.56e+00   0.00e+00 (  2.55e+02,  2.54e+02)
50      0.219   5.44e-01   8.43e-01   3.55e-01   2.91e+00   0.00e+00 (  2.47e+02,  2.48e+02)
55      0.227   5.99e-01   9.85e-01   4.97e-01   3.13e+00   0.00e+00 (  2.34e+02,  2.39e+02)
60      0.237   6.47e-01   1.11e+00   6.41e-01   3.39e+00   0.00e+00 (  2.20e+02,  2.29e+02)
65      0.249   6.94e-01   1.23e+00   7.91e-01   3.67e+00   0.00e+00 (  2.07e+02,  2.17e+02)
70      0.257   7.40e-01   1.31e+00   9.21e-01   3.87e+00   0.00e+00 (  1.94e+02,  2.05e+02)
75      0.257   7.68e-01   1.37e+00   1.02e+00   3.97e+00   0.00e+00 (  1.82e+02,  1.93e+02)
80      0.251   7.65e-01   1.38e+00   1.06e+00   4.06e+00   0.00e+00 (  1.70e+02,  1.83e+02)
85      0.312   7.70e-01   1.39e+00   1.05e+00   6.10e+00   0.00e+00 (  1.44e+02,  1.73e+02)
90      0.589   1.32e+00   1.87e+00   1.21e+00   2.10e+01   0.00e+00 (  3.04e+02,  1.64e+02)
95      0.629   1.10e+00   1.58e+00   1.27e+00   3.98e+01   0.00e+00 (  5.80e+02,  1.56e+02)
17 e: 6.407e-04 i: 3.886e-03 :: e: 6.999e-02 i: 6.586e-02 :: n: 2.762e+01 e:24.922 i:34.348 v:4.993e+03
>>> tau_he = 5.000000, nhe(0)=3.612027e+00
 5     -0.068   2.14e-02   5.74e-01   7.61e-03  -3.18e-01   0.00e+00 (  1.44e+01,  5.84e+01)
10     -0.127   1.85e-01   3.13e-02  -7.62e-02  -7.56e-01   0.00e+00 (  1.25e+02,  1.13e+02)
15      0.559   6.67e-01   6.90e-01   1.55e-01   3.99e+00   0.00e+00 (  3.86e+02,  1.57e+02)
20      0.084   2.11e-01   1.69e-01  -5.81e-03   6.91e-01   0.00e+00 (  1.30e+02,  1.89e+02)
25      0.105   2.32e-01   2.16e-01   1.08e-02   9.71e-01   0.00e+00 (  1.43e+02,  2.18e+02)
30      0.216   4.18e-01   4.59e-01   1.85e-01   2.21e+00   0.00e+00 (  2.59e+02,  2.37e+02)
35      0.196   4.23e-01   5.02e-01   2.10e-01   2.18e+00   0.00e+00 (  2.64e+02,  2.49e+02)
40      0.183   4.32e-01   5.65e-01   1.80e-01   2.18e+00   0.00e+00 (  2.55e+02,  2.55e+02)
45      0.201   4.81e-01   6.92e-01   2.85e-01   2.54e+00   0.00e+00 (  2.52e+02,  2.54e+02)
50      0.219   5.41e-01   8.36e-01   3.52e-01   2.90e+00   0.00e+00 (  2.44e+02,  2.48e+02)
55      0.227   5.96e-01   9.78e-01   4.94e-01   3.13e+00   0.00e+00 (  2.31e+02,  2.39e+02)
60      0.237   6.44e-01   1.10e+00   6.37e-01   3.39e+00   0.00e+00 (  2.18e+02,  2.29e+02)
65      0.250   6.91e-01   1.22e+00   7.87e-01   3.67e+00   0.00e+00 (  2.05e+02,  2.17e+02)
70      0.258   7.37e-01   1.31e+00   9.18e-01   3.88e+00   0.00e+00 (  1.92e+02,  2.05e+02)
75      0.259   7.66e-01   1.37e+00   1.02e+00   3.99e+00   0.00e+00 (  1.81e+02,  1.93e+02)
80      0.252   7.64e-01   1.38e+00   1.06e+00   4.08e+00   0.00e+00 (  1.69e+02,  1.83e+02)
85      0.313   7.71e-01   1.39e+00   1.05e+00   6.12e+00   0.00e+00 (  1.44e+02,  1.73e+02)
90      0.589   1.32e+00   1.87e+00   1.21e+00   2.10e+01   0.00e+00 (  3.04e+02,  1.64e+02)
95      0.629   1.10e+00   1.58e+00   1.27e+00   3.98e+01   0.00e+00 (  5.80e+02,  1.56e+02)
18 e: 1.171e-03 i: 4.890e-03 :: e: 7.613e-02 i: 6.430e-02 :: n: 2.762e+01 e:24.877 i:34.519 v:4.993e+03
>>> tau_he = 5.000000, nhe(0)=3.618364e+00
 5     -0.071   2.18e-02   5.70e-01   7.46e-03  -3.34e-01   0.00e+00 (  1.46e+01,  5.84e+01)
10     -0.101   1.96e-01   4.01e-02  -6.48e-02  -6.04e-01   0.00e+00 (  1.29e+02,  1.13e+02)
15      0.072   2.22e-01   1.24e-01  -3.74e-02   5.14e-01   0.00e+00 (  1.22e+02,  1.57e+02)
20      0.371   5.45e-01   5.70e-01   1.95e-01   3.06e+00   0.00e+00 (  3.38e+02,  1.89e+02)
25      0.352   4.65e-01   4.92e-01   2.14e-01   3.27e+00   0.00e+00 (  2.95e+02,  2.18e+02)
30      0.218   4.21e-01   4.64e-01   1.88e-01   2.23e+00   0.00e+00 (  2.62e+02,  2.37e+02)
35      0.196   4.23e-01   5.03e-01   2.11e-01   2.18e+00   0.00e+00 (  2.63e+02,  2.49e+02)
40      0.183   4.32e-01   5.66e-01   1.81e-01   2.18e+00   0.00e+00 (  2.55e+02,  2.55e+02)
45      0.202   4.82e-01   6.94e-01   2.86e-01   2.55e+00   0.00e+00 (  2.53e+02,  2.54e+02)
50      0.220   5.42e-01   8.39e-01   3.53e-01   2.91e+00   0.00e+00 (  2.44e+02,  2.48e+02)
55      0.228   5.98e-01   9.82e-01   4.96e-01   3.14e+00   0.00e+00 (  2.32e+02,  2.39e+02)
60      0.238   6.45e-01   1.11e+00   6.39e-01   3.40e+00   0.00e+00 (  2.18e+02,  2.29e+02)
65      0.250   6.91e-01   1.22e+00   7.88e-01   3.67e+00   0.00e+00 (  2.05e+02,  2.17e+02)
70      0.258   7.38e-01   1.31e+00   9.19e-01   3.88e+00   0.00e+00 (  1.93e+02,  2.05e+02)
75      0.258   7.67e-01   1.37e+00   1.02e+00   3.98e+00   0.00e+00 (  1.81e+02,  1.93e+02)
80      0.252   7.64e-01   1.38e+00   1.06e+00   4.07e+00   0.00e+00 (  1.69e+02,  1.83e+02)
85      0.312   7.71e-01   1.39e+00   1.05e+00   6.11e+00   0.00e+00 (  1.44e+02,  1.73e+02)
90      0.589   1.32e+00   1.87e+00   1.21e+00   2.10e+01   0.00e+00 (  3.05e+02,  1.64e+02)
95      0.629   1.10e+00   1.58e+00   1.27e+00   3.98e+01   0.00e+00 (  5.80e+02,  1.56e+02)
19 e: 5.861e-04 i: 3.773e-03 :: e: 6.485e-02 i: 5.910e-02 :: n: 2.762e+01 e:24.862 i:34.405 v:4.993e+03
>>> tau_he = 5.000000, nhe(0)=3.614309e+00
 5     -0.070   2.17e-02   5.73e-01   7.54e-03  -3.28e-01   0.00e+00 (  1.47e+01,  5.84e+01)
10     -0.107   1.90e-01   3.45e-02  -3.68e-02  -6.37e-01   0.00e+00 (  1.26e+02,  1.13e+02)
15      0.545   6.56e-01   6.77e-01   1.57e-01   3.89e+00   0.00e+00 (  3.68e+02,  1.57e+02)
20      0.088   2.13e-01   1.68e-01  -4.98e-03   7.25e-01   0.00e+00 (  1.28e+02,  1.89e+02)
25      0.228   4.33e-01   4.59e-01   1.21e-01   2.12e+00   0.00e+00 (  2.69e+02,  2.18e+02)
30      0.217   4.20e-01   4.61e-01   1.86e-01   2.22e+00   0.00e+00 (  2.60e+02,  2.37e+02)
35      0.196   4.23e-01   5.02e-01   2.10e-01   2.18e+00   0.00e+00 (  2.63e+02,  2.49e+02)
40      0.183   4.32e-01   5.65e-01   1.80e-01   2.18e+00   0.00e+00 (  2.56e+02,  2.55e+02)
45      0.202   4.82e-01   6.93e-01   2.85e-01   2.55e+00   0.00e+00 (  2.53e+02,  2.54e+02)
50      0.220   5.42e-01   8.38e-01   3.52e-01   2.91e+00   0.00e+00 (  2.45e+02,  2.48e+02)
55      0.228   5.98e-01   9.81e-01   4.96e-01   3.14e+00   0.00e+00 (  2.32e+02,  2.39e+02)
60      0.238   6.45e-01   1.11e+00   6.39e-01   3.40e+00   0.00e+00 (  2.18e+02,  2.29e+02)
65      0.250   6.91e-01   1.22e+00   7.87e-01   3.67e+00   0.00e+00 (  2.05e+02,  2.17e+02)
70      0.258   7.38e-01   1.31e+00   9.19e-01   3.88e+00   0.00e+00 (  1.93e+02,  2.05e+02)
75      0.259   7.66e-01   1.37e+00   1.02e+00   3.99e+00   0.00e+00 (  1.81e+02,  1.93e+02)
80      0.252   7.64e-01   1.38e+00   1.06e+00   4.08e+00   0.00e+00 (  1.69e+02,  1.83e+02)
85      0.313   7.71e-01   1.39e+00   1.05e+00   6.12e+00   0.00e+00 (  1.44e+02,  1.73e+02)
90      0.589   1.32e+00   1.87e+00   1.21e+00   2.10e+01   0.00e+00 (  3.05e+02,  1.64e+02)
95      0.629   1.10e+00   1.58e+00   1.27e+00   3.98e+01   0.00e+00 (  5.80e+02,  1.56e+02)
20 e: 6.070e-04 i: 3.031e-03 :: e: 6.200e-02 i: 5.435e-02 :: n: 2.762e+01 e:24.740 i:34.461 v:4.993e+03
>>> tau_he = 5.000000, nhe(0)=3.616284e+00
 5     -0.072   2.09e-02   5.65e-01   7.48e-03  -3.40e-01   0.00e+00 (  1.41e+01,  5.84e+01)
10     -0.084   1.99e-01   4.26e-02  -6.84e-02  -5.01e-01   0.00e+00 (  1.29e+02,  1.13e+02)
15      0.080   2.21e-01   1.22e-01  -3.43e-02   5.68e-01   0.00e+00 (  1.18e+02,  1.57e+02)
20      0.361   5.32e-01   5.54e-01   1.85e-01   2.98e+00   0.00e+00 (  3.22e+02,  1.89e+02)
25      0.107   2.35e-01   2.18e-01   1.97e-03   9.93e-01   0.00e+00 (  1.46e+02,  2.18e+02)
30      0.211   4.21e-01   4.57e-01   1.81e-01   2.16e+00   0.00e+00 (  2.60e+02,  2.37e+02)
35      0.197   4.23e-01   5.01e-01   2.10e-01   2.19e+00   0.00e+00 (  2.62e+02,  2.49e+02)
40      0.183   4.32e-01   5.65e-01   1.80e-01   2.19e+00   0.00e+00 (  2.55e+02,  2.55e+02)
45      0.202   4.82e-01   6.92e-01   2.85e-01   2.55e+00   0.00e+00 (  2.52e+02,  2.54e+02)
50      0.220   5.42e-01   8.38e-01   3.52e-01   2.92e+00   0.00e+00 (  2.44e+02,  2.48e+02)
55      0.229   5.98e-01   9.81e-01   4.96e-01   3.16e+00   0.00e+00 (  2.32e+02,  2.39e+02)
60      0.239   6.46e-01   1.11e+00   6.39e-01   3.41e+00   0.00e+00 (  2.18e+02,  2.29e+02)
65      0.250   6.91e-01   1.22e+00   7.88e-01   3.68e+00   0.00e+00 (  2.05e+02,  2.17e+02)
70      0.259   7.39e-01   1.31e+00   9.20e-01   3.89e+00   0.00e+00 (  1.93e+02,  2.05e+02)
75      0.259   7.67e-01   1.37e+00   1.02e+00   4.00e+00   0.00e+00 (  1.81e+02,  1.93e+02)
80      0.253   7.65e-01   1.38e+00   1.06e+00   4.09e+00   0.00e+00 (  1.69e+02,  1.83e+02)
85      0.313   7.72e-01   1.39e+00   1.05e+00   6.12e+00   0.00e+00 (  1.45e+02,  1.73e+02)
90      0.590   1.32e+00   1.87e+00   1.21e+00   2.10e+01   0.00e+00 (  3.05e+02,  1.64e+02)
95      0.629   1.10e+00   1.58e+00   1.27e+00   3.98e+01   0.00e+00 (  5.80e+02,  1.56e+02)
21 e: 3.835e-04 i: 2.389e-03 :: e: 6.543e-02 i: 5.616e-02 :: n: 2.762e+01 e:24.788 i:34.371 v:4.993e+03
>>> tau_he = 5.000000, nhe(0)=3.612966e+00
 5     -0.070   2.08e-02   5.70e-01   7.79e-03  -3.31e-01   0.00e+00 (  1.41e+01,  5.84e+01)
10     -0.092   1.92e-01   3.51e-02  -5.56e-02  -5.47e-01   0.00e+00 (  1.24e+02,  1.13e+02)
15      0.534   6.49e-01   6.61e-01   1.48e-01   3.81e+00   0.00e+00 (  3.55e+02,  1.57e+02)
20      0.091   2.13e-01   1.66e-01  -4.27e-03   7.54e-01   0.00e+00 (  1.26e+02,  1.89e+02)
25      0.344   4.59e-01   4.84e-01   2.07e-01   3.20e+00   0.00e+00 (  2.88e+02,  2.18e+02)
30      0.217   4.19e-01   4.62e-01   1.87e-01   2.22e+00   0.00e+00 (  2.60e+02,  2.37e+02)
35      0.196   4.22e-01   5.00e-01   2.09e-01   2.18e+00   0.00e+00 (  2.61e+02,  2.49e+02)
40      0.183   4.32e-01   5.65e-01   1.80e-01   2.18e+00   0.00e+00 (  2.55e+02,  2.55e+02)
45      0.202   4.82e-01   6.93e-01   2.85e-01   2.55e+00   0.00e+00 (  2.52e+02,  2.54e+02)
50      0.220   5.42e-01   8.39e-01   3.53e-01   2.91e+00   0.00e+00 (  2.45e+02,  2.48e+02)
55      0.228   5.98e-01   9.83e-01   4.97e-01   3.15e+00   0.00e+00 (  2.33e+02,  2.39e+02)
60      0.238   6.46e-01   1.11e+00   6.40e-01   3.40e+00   0.00e+00 (  2.19e+02,  2.29e+02)
65      0.250   6.91e-01   1.22e+00   7.88e-01   3.67e+00   0.00e+00 (  2.05e+02,  2.17e+02)
70      0.258   7.39e-01   1.31e+00   9.20e-01   3.89e+00   0.00e+00 (  1.93e+02,  2.05e+02)
75      0.259   7.67e-01   1.37e+00   1.02e+00   3.99e+00   0.00e+00 (  1.82e+02,  1.93e+02)
80      0.252   7.65e-01   1.38e+00   1.06e+00   4.08e+00   0.00e+00 (  1.70e+02,  1.83e+02)
85      0.313   7.72e-01   1.39e+00   1.05e+00   6.11e+00   0.00e+00 (  1.45e+02,  1.73e+02)
90      0.590   1.32e+00   1.87e+00   1.21e+00   2.10e+01   0.00e+00 (  3.05e+02,  1.64e+02)
95      0.629   1.10e+00   1.58e+00   1.27e+00   3.98e+01   0.00e+00 (  5.80e+02,  1.56e+02)
22 e: 5.356e-04 i: 2.739e-03 :: e: 6.025e-02 i: 5.157e-02 :: n: 2.762e+01 e:24.666 i:34.432 v:4.993e+03
>>> tau_he = 5.000000, nhe(0)=3.615174e+00
 5     -0.073   2.09e-02   5.64e-01   7.46e-03  -3.43e-01   0.00e+00 (  1.41e+01,  5.84e+01)
10     -0.071   2.00e-01   4.25e-02  -6.81e-02  -4.21e-01   0.00e+00 (  1.27e+02,  1.13e+02)
15      0.086   2.21e-01   1.20e-01  -3.05e-02   6.14e-01   0.00e+00 (  1.16e+02,  1.57e+02)
20      0.092   2.15e-01   1.70e-01  -4.79e-03   7.57e-01   0.00e+00 (  1.29e+02,  1.89e+02)
25      0.340   4.55e-01   4.78e-01   2.03e-01   3.16e+00   0.00e+00 (  2.83e+02,  2.18e+02)
30      0.211   4.20e-01   4.56e-01   1.80e-01   2.16e+00   0.00e+00 (  2.59e+02,  2.37e+02)
35      0.196   4.21e-01   4.99e-01   2.08e-01   2.18e+00   0.00e+00 (  2.60e+02,  2.49e+02)
40      0.183   4.31e-01   5.63e-01   1.80e-01   2.18e+00   0.00e+00 (  2.54e+02,  2.55e+02)
45      0.202   4.81e-01   6.90e-01   2.84e-01   2.54e+00   0.00e+00 (  2.51e+02,  2.54e+02)
50      0.220   5.41e-01   8.35e-01   3.51e-01   2.92e+00   0.00e+00 (  2.44e+02,  2.48e+02)
55      0.229   5.97e-01   9.79e-01   4.95e-01   3.16e+00   0.00e+00 (  2.32e+02,  2.39e+02)
60      0.239   6.45e-01   1.11e+00   6.38e-01   3.41e+00   0.00e+00 (  2.18e+02,  2.29e+02)
65      0.250   6.90e-01   1.22e+00   7.86e-01   3.68e+00   0.00e+00 (  2.04e+02,  2.17e+02)
70      0.261   7.33e-01   1.31e+00   9.27e-01   3.93e+00   0.00e+00 (  1.91e+02,  2.05e+02)
75      0.260   7.67e-01   1.37e+00   1.02e+00   4.00e+00   0.00e+00 (  1.81e+02,  1.93e+02)
80      0.253   7.64e-01   1.38e+00   1.06e+00   4.10e+00   0.00e+00 (  1.69e+02,  1.83e+02)
85      0.313   7.73e-01   1.39e+00   1.05e+00   6.13e+00   0.00e+00 (  1.45e+02,  1.73e+02)
90      0.590   1.32e+00   1.87e+00   1.21e+00   2.10e+01   0.00e+00 (  3.05e+02,  1.64e+02)
95      0.629   1.10e+00   1.58e+00   1.27e+00   3.98e+01   0.00e+00 (  5.80e+02,  1.56e+02)
23 e: 3.147e-04 i: 2.136e-03 :: e: 4.812e-02 i: 4.399e-02 :: n: 2.762e+01 e:24.765 i:34.412 v:4.993e+03
>>> tau_he = 5.000000, nhe(0)=3.614472e+00
 5     -0.071   2.09e-02   5.72e-01   7.77e-03  -3.35e-01   0.00e+00 (  1.42e+01,  5.84e+01)
10     -0.079   1.94e-01   3.50e-02  -6.04e-02  -4.69e-01   0.00e+00 (  1.23e+02,  1.13e+02)
15      0.551   6.60e-01   6.69e-01   1.40e-01   3.94e+00   0.00e+00 (  3.57e+02,  1.57e+02)
20      0.389   5.54e-01   5.74e-01   1.98e-01   3.21e+00   0.00e+00 (  3.39e+02,  1.89e+02)
25      0.106   2.34e-01   2.18e-01   2.85e-03   9.83e-01   0.00e+00 (  1.45e+02,  2.18e+02)
30      0.209   4.18e-01   4.54e-01   1.80e-01   2.14e+00   0.00e+00 (  2.58e+02,  2.37e+02)
35      0.195   4.21e-01   4.99e-01   2.08e-01   2.17e+00   0.00e+00 (  2.60e+02,  2.49e+02)
40      0.182   4.31e-01   5.65e-01   1.79e-01   2.17e+00   0.00e+00 (  2.55e+02,  2.55e+02)
45      0.201   4.81e-01   6.93e-01   2.84e-01   2.54e+00   0.00e+00 (  2.52e+02,  2.54e+02)
50      0.220   5.42e-01   8.40e-01   3.53e-01   2.91e+00   0.00e+00 (  2.45e+02,  2.48e+02)
55      0.228   5.98e-01   9.83e-01   4.97e-01   3.15e+00   0.00e+00 (  2.33e+02,  2.39e+02)
60      0.238   6.46e-01   1.11e+00   6.40e-01   3.40e+00   0.00e+00 (  2.19e+02,  2.29e+02)
65      0.249   6.91e-01   1.22e+00   7.87e-01   3.66e+00   0.00e+00 (  2.05e+02,  2.17e+02)
70      0.258   7.39e-01   1.31e+00   9.20e-01   3.88e+00   0.00e+00 (  1.93e+02,  2.05e+02)
75      0.258   7.67e-01   1.37e+00   1.02e+00   3.98e+00   0.00e+00 (  1.82e+02,  1.93e+02)
80      0.252   7.64e-01   1.38e+00   1.06e+00   4.07e+00   0.00e+00 (  1.69e+02,  1.83e+02)
85      0.312   7.72e-01   1.39e+00   1.05e+00   6.11e+00   0.00e+00 (  1.45e+02,  1.73e+02)
90      0.590   1.32e+00   1.87e+00   1.21e+00   2.10e+01   0.00e+00 (  3.06e+02,  1.64e+02)
95      0.629   1.10e+00   1.58e+00   1.27e+00   3.98e+01   0.00e+00 (  5.80e+02,  1.56e+02)
24 e: 9.027e-04 i: 3.872e-03 :: e: 6.980e-02 i: 5.550e-02 :: n: 2.762e+01 e:24.579 i:34.413 v:4.993e+03
>>> tau_he = 5.000000, nhe(0)=3.614495e+00
 5     -0.074   2.10e-02   5.63e-01   7.43e-03  -3.47e-01   0.00e+00 (  1.42e+01,  5.84e+01)
10     -0.058   2.00e-01   4.26e-02  -6.83e-02  -3.46e-01   0.00e+00 (  1.25e+02,  1.13e+02)
15      0.094   2.19e-01   1.17e-01  -2.65e-02   6.74e-01   0.00e+00 (  1.13e+02,  1.57e+02)
20      0.094   2.14e-01   1.66e-01  -3.98e-03   7.79e-01   0.00e+00 (  1.26e+02,  1.89e+02)
25      0.346   4.59e-01   4.83e-01   2.07e-01   3.22e+00   0.00e+00 (  2.88e+02,  2.18e+02)
30      0.211   4.19e-01   4.55e-01   1.80e-01   2.16e+00   0.00e+00 (  2.58e+02,  2.37e+02)
35      0.195   4.20e-01   4.96e-01   2.06e-01   2.17e+00   0.00e+00 (  2.58e+02,  2.49e+02)
40      0.182   4.30e-01   5.60e-01   1.79e-01   2.17e+00   0.00e+00 (  2.52e+02,  2.55e+02)
45      0.201   4.79e-01   6.86e-01   2.83e-01   2.54e+00   0.00e+00 (  2.50e+02,  2.54e+02)
50      0.220   5.39e-01   8.32e-01   3.50e-01   2.91e+00   0.00e+00 (  2.42e+02,  2.48e+02)
55      0.228   5.95e-01   9.75e-01   4.93e-01   3.15e+00   0.00e+00 (  2.30e+02,  2.39e+02)
60      0.239   6.43e-01   1.10e+00   6.36e-01   3.41e+00   0.00e+00 (  2.17e+02,  2.29e+02)
65      0.250   6.88e-01   1.22e+00   7.84e-01   3.68e+00   0.00e+00 (  2.03e+02,  2.17e+02)
70      0.261   7.31e-01   1.31e+00   9.25e-01   3.93e+00   0.00e+00 (  1.90e+02,  2.05e+02)
75      0.261   7.64e-01   1.37e+00   1.03e+00   4.02e+00   0.00e+00 (  1.80e+02,  1.93e+02)
80      0.254   7.63e-01   1.38e+00   1.06e+00   4.11e+00   0.00e+00 (  1.68e+02,  1.83e+02)
85      0.314   7.73e-01   1.39e+00   1.05e+00   6.14e+00   0.00e+00 (  1.45e+02,  1.73e+02)
90      0.590   1.32e+00   1.87e+00   1.21e+00   2.10e+01   0.00e+00 (  3.05e+02,  1.64e+02)
95      0.629   1.10e+00   1.58e+00   1.27e+00   3.98e+01   0.00e+00 (  5.80e+02,  1.56e+02)
25 e: 3.306e-04 i: 2.227e-03 :: e: 4.704e-02 i: 4.149e-02 :: n: 2.762e+01 e:24.714 i:34.353 v:4.993e+03
>>> tau_he = 5.000000, nhe(0)=3.612260e+00
 5     -0.072   2.09e-02   5.69e-01   7.76e-03  -3.36e-01   0.00e+00 (  1.42e+01,  5.84e+01)
10     -0.069   1.95e-01   3.52e-02  -6.20e-02  -4.11e-01   0.00e+00 (  1.22e+02,  1.13e+02)
15      0.088   2.25e-01   1.28e-01  -3.59e-02   6.28e-01   0.00e+00 (  1.20e+02,  1.57e+02)
20      0.377   5.46e-01   5.62e-01   1.90e-01   3.11e+00   0.00e+00 (  3.29e+02,  1.89e+02)
25      0.337   4.52e-01   4.76e-01   2.03e-01   3.13e+00   0.00e+00 (  2.81e+02,  2.18e+02)
30      0.210   4.19e-01   4.55e-01   1.81e-01   2.15e+00   0.00e+00 (  2.58e+02,  2.37e+02)
35      0.195   4.20e-01   4.99e-01   2.08e-01   2.16e+00   0.00e+00 (  2.59e+02,  2.49e+02)
40      0.182   4.31e-01   5.65e-01   1.79e-01   2.17e+00   0.00e+00 (  2.54e+02,  2.55e+02)
45      0.201   4.81e-01   6.94e-01   2.85e-01   2.54e+00   0.00e+00 (  2.52e+02,  2.54e+02)
50      0.220   5.42e-01   8.41e-01   3.54e-01   2.91e+00   0.00e+00 (  2.44e+02,  2.48e+02)
55      0.228   5.98e-01   9.85e-01   4.98e-01   3.15e+00   0.00e+00 (  2.32e+02,  2.39e+02)
60      0.238   6.46e-01   1.11e+00   6.41e-01   3.40e+00   0.00e+00 (  2.19e+02,  2.29e+02)
65      0.249   6.91e-01   1.22e+00   7.87e-01   3.66e+00   0.00e+00 (  2.05e+02,  2.17e+02)
70      0.257   7.39e-01   1.31e+00   9.20e-01   3.87e+00   0.00e+00 (  1.93e+02,  2.05e+02)
75      0.258   7.67e-01   1.37e+00   1.02e+00   3.98e+00   0.00e+00 (  1.82e+02,  1.93e+02)
80      0.251   7.64e-01   1.38e+00   1.06e+00   4.07e+00   0.00e+00 (  1.69e+02,  1.83e+02)
85      0.312   7.72e-01   1.39e+00   1.05e+00   6.10e+00   0.00e+00 (  1.45e+02,  1.73e+02)
90      0.589   1.32e+00   1.87e+00   1.21e+00   2.10e+01   0.00e+00 (  3.06e+02,  1.64e+02)
95      0.629   1.10e+00   1.58e+00   1.27e+00   3.98e+01   0.00e+00 (  5.80e+02,  1.56e+02)
26 e: 6.213e-04 i: 3.429e-03 :: e: 5.014e-02 i: 4.310e-02 :: n: 2.762e+01 e:24.584 i:34.355 v:4.993e+03
>>> tau_he = 5.000000, nhe(0)=3.612288e+00
 5     -0.070   2.08e-02   5.74e-01   7.65e-03  -3.31e-01   0.00e+00 (  1.42e+01,  5.84e+01)
10     -0.076   1.89e-01   3.07e-02  -5.97e-02  -4.54e-01   0.00e+00 (  1.19e+02,  1.13e+02)
15      0.589   6.82e-01   6.84e-01   1.48e-01   4.21e+00   0.00e+00 (  3.69e+02,  1.57e+02)
20      0.094   2.14e-01   1.65e-01  -3.38e-03   7.74e-01   0.00e+00 (  1.25e+02,  1.89e+02)
25      0.105   2.23e-01   2.13e-01   1.49e-02   9.74e-01   0.00e+00 (  1.36e+02,  2.18e+02)
30      0.208   4.15e-01   4.49e-01   1.76e-01   2.13e+00   0.00e+00 (  2.54e+02,  2.37e+02)
35      0.194   4.17e-01   4.93e-01   2.05e-01   2.15e+00   0.00e+00 (  2.56e+02,  2.49e+02)
40      0.181   4.28e-01   5.58e-01   1.78e-01   2.16e+00   0.00e+00 (  2.51e+02,  2.55e+02)
45      0.200   4.77e-01   6.84e-01   2.81e-01   2.52e+00   0.00e+00 (  2.48e+02,  2.54e+02)
50      0.219   5.38e-01   8.29e-01   3.49e-01   2.90e+00   0.00e+00 (  2.41e+02,  2.48e+02)
55      0.228   5.94e-01   9.73e-01   4.92e-01   3.14e+00   0.00e+00 (  2.29e+02,  2.39e+02)
60      0.238   6.41e-01   1.10e+00   6.35e-01   3.40e+00   0.00e+00 (  2.16e+02,  2.29e+02)
65      0.249   6.86e-01   1.21e+00   7.81e-01   3.67e+00   0.00e+00 (  2.02e+02,  2.17e+02)
70      0.261   7.30e-01   1.31e+00   9.22e-01   3.92e+00   0.00e+00 (  1.90e+02,  2.05e+02)
75      0.260   7.62e-01   1.36e+00   1.02e+00   4.01e+00   0.00e+00 (  1.79e+02,  1.93e+02)
80      0.254   7.62e-01   1.37e+00   1.06e+00   4.10e+00   0.00e+00 (  1.68e+02,  1.83e+02)
85      0.314   7.72e-01   1.39e+00   1.05e+00   6.13e+00   0.00e+00 (  1.44e+02,  1.73e+02)
90      0.590   1.32e+00   1.87e+00   1.21e+00   2.10e+01   0.00e+00 (  3.05e+02,  1.64e+02)
95      0.629   1.10e+00   1.58e+00   1.27e+00   3.98e+01   0.00e+00 (  5.80e+02,  1.56e+02)
27 e: 1.021e-03 i: 4.945e-03 :: e: 5.897e-02 i: 4.645e-02 :: n: 2.762e+01 e:24.616 i:34.560 v:4.993e+03
>>> tau_he = 5.000000, nhe(0)=3.619873e+00
 5     -0.074   2.12e-02   5.71e-01   7.55e-03  -3.47e-01   0.00e+00 (  1.44e+01,  5.84e+01)
10     -0.056   2.01e-01   4.02e-02  -6.57e-02  -3.35e-01   0.00e+00 (  1.24e+02,  1.13e+02)
15      0.094   2.27e-01   1.25e-01  -3.21e-02   6.71e-01   0.00e+00 (  1.18e+02,  1.57e+02)
20      0.379   5.46e-01   5.59e-01   1.86e-01   3.13e+00   0.00e+00 (  3.24e+02,  1.89e+02)
25      0.350   4.61e-01   4.87e-01   2.10e-01   3.25e+00   0.00e+00 (  2.89e+02,  2.18e+02)
30      0.211   4.19e-01   4.56e-01   1.81e-01   2.16e+00   0.00e+00 (  2.58e+02,  2.37e+02)
35      0.195   4.19e-01   4.97e-01   2.07e-01   2.17e+00   0.00e+00 (  2.57e+02,  2.49e+02)
40      0.183   4.30e-01   5.62e-01   1.79e-01   2.17e+00   0.00e+00 (  2.53e+02,  2.55e+02)
45      0.202   4.80e-01   6.91e-01   2.84e-01   2.55e+00   0.00e+00 (  2.50e+02,  2.54e+02)
50      0.220   5.41e-01   8.37e-01   3.52e-01   2.92e+00   0.00e+00 (  2.43e+02,  2.48e+02)
55      0.229   5.97e-01   9.81e-01   4.96e-01   3.16e+00   0.00e+00 (  2.31e+02,  2.39e+02)
60      0.239   6.44e-01   1.11e+00   6.39e-01   3.41e+00   0.00e+00 (  2.17e+02,  2.29e+02)
65      0.249   6.89e-01   1.22e+00   7.85e-01   3.67e+00   0.00e+00 (  2.04e+02,  2.17e+02)
70      0.258   7.37e-01   1.31e+00   9.18e-01   3.88e+00   0.00e+00 (  1.92e+02,  2.05e+02)
75      0.259   7.65e-01   1.37e+00   1.02e+00   3.99e+00   0.00e+00 (  1.81e+02,  1.93e+02)
80      0.252   7.62e-01   1.37e+00   1.06e+00   4.08e+00   0.00e+00 (  1.68e+02,  1.83e+02)
85      0.312   7.72e-01   1.39e+00   1.05e+00   6.11e+00   0.00e+00 (  1.45e+02,  1.73e+02)
90      0.590   1.32e+00   1.87e+00   1.21e+00   2.10e+01   0.00e+00 (  3.06e+02,  1.64e+02)
95      0.629   1.10e+00   1.58e+00   1.27e+00   3.98e+01   0.00e+00 (  5.80e+02,  1.56e+02)
28 e: 5.761e-04 i: 3.499e-03 :: e: 4.987e-02 i: 4.161e-02 :: n: 2.762e+01 e:24.617 i:34.463 v:4.993e+03
>>> tau_he = 5.000000, nhe(0)=3.616500e+00
 5     -0.072   2.11e-02   5.75e-01   7.80e-03  -3.40e-01   0.00e+00 (  1.45e+01,  5.84e+01)
10     -0.067   1.94e-01   3.42e-02  -6.10e-02  -3.98e-01   0.00e+00 (  1.21e+02,  1.13e+02)
15      0.580   6.76e-01   6.77e-01   1.44e-01   4.15e+00   0.00e+00 (  3.60e+02,  1.57e+02)
20      0.106   2.32e-01   1.95e-01  -2.72e-02   8.72e-01   0.00e+00 (  1.35e+02,  1.89e+02)
25      0.107   2.35e-01   2.17e-01   1.90e-03   9.96e-01   0.00e+00 (  1.45e+02,  2.18e+02)
30      0.210   4.19e-01   4.54e-01   1.79e-01   2.16e+00   0.00e+00 (  2.58e+02,  2.37e+02)
35      0.195   4.20e-01   4.96e-01   2.06e-01   2.17e+00   0.00e+00 (  2.58e+02,  2.49e+02)
40      0.182   4.30e-01   5.61e-01   1.79e-01   2.17e+00   0.00e+00 (  2.53e+02,  2.55e+02)
45      0.201   4.80e-01   6.88e-01   2.83e-01   2.54e+00   0.00e+00 (  2.51e+02,  2.54e+02)
50      0.220   5.40e-01   8.35e-01   3.51e-01   2.92e+00   0.00e+00 (  2.43e+02,  2.48e+02)
55      0.228   5.96e-01   9.78e-01   4.95e-01   3.16e+00   0.00e+00 (  2.31e+02,  2.39e+02)
60      0.239   6.44e-01   1.10e+00   6.38e-01   3.41e+00   0.00e+00 (  2.17e+02,  2.29e+02)
65      0.250   6.88e-01   1.22e+00   7.84e-01   3.67e+00   0.00e+00 (  2.03e+02,  2.17e+02)
70      0.258   7.37e-01   1.31e+00   9.18e-01   3.89e+00   0.00e+00 (  1.92e+02,  2.05e+02)
75      0.259   7.65e-01   1.37e+00   1.02e+00   4.00e+00   0.00e+00 (  1.80e+02,  1.93e+02)
80      0.253   7.62e-01   1.38e+00   1.06e+00   4.10e+00   0.00e+00 (  1.68e+02,  1.83e+02)
85      0.313   7.73e-01   1.39e+00   1.05e+00   6.13e+00   0.00e+00 (  1.45e+02,  1.73e+02)
90      0.590   1.32e+00   1.87e+00   1.21e+00   2.10e+01   0.00e+00 (  3.06e+02,  1.64e+02)
95      0.629   1.10e+00   1.58e+00   1.27e+00   3.98e+01   0.00e+00 (  5.80e+02,  1.56e+02)
29 e: 8.749e-04 i: 4.523e-03 :: e: 5.601e-02 i: 4.378e-02 :: n: 2.762e+01 e:24.586 i:34.645 v:4.993e+03
>>> tau_he = 5.000000, nhe(0)=3.623098e+00
 5     -0.075   2.13e-02   5.72e-01   7.46e-03  -3.53e-01   0.00e+00 (  1.45e+01,  5.84e+01)
10     -0.044   2.03e-01   4.22e-02  -6.77e-02  -2.59e-01   0.00e+00 (  1.25e+02,  1.13e+02)
15      0.103   2.25e-01   1.22e-01  -2.75e-02   7.38e-01   0.00e+00 (  1.15e+02,  1.57e+02)
20      0.063   2.25e-01   1.75e-01   1.15e-03   5.16e-01   0.00e+00 (  1.32e+02,  1.89e+02)
25      0.361   4.74e-01   4.97e-01   2.16e-01   3.35e+00   0.00e+00 (  2.99e+02,  2.18e+02)
30      0.213   4.21e-01   4.58e-01   1.82e-01   2.18e+00   0.00e+00 (  2.60e+02,  2.37e+02)
35      0.196   4.20e-01   4.97e-01   2.07e-01   2.18e+00   0.00e+00 (  2.58e+02,  2.49e+02)
40      0.183   4.31e-01   5.62e-01   1.79e-01   2.18e+00   0.00e+00 (  2.54e+02,  2.55e+02)
45      0.202   4.80e-01   6.90e-01   2.84e-01   2.55e+00   0.00e+00 (  2.51e+02,  2.54e+02)
50      0.221   5.41e-01   8.36e-01   3.51e-01   2.93e+00   0.00e+00 (  2.43e+02,  2.48e+02)
55      0.229   5.97e-01   9.81e-01   4.96e-01   3.17e+00   0.00e+00 (  2.31e+02,  2.39e+02)
60      0.239   6.45e-01   1.11e+00   6.39e-01   3.42e+00   0.00e+00 (  2.18e+02,  2.29e+02)
65      0.250   6.90e-01   1.22e+00   7.86e-01   3.68e+00   0.00e+00 (  2.04e+02,  2.17e+02)
70      0.261   7.33e-01   1.32e+00   9.27e-01   3.93e+00   0.00e+00 (  1.91e+02,  2.05e+02)
75      0.260   7.66e-01   1.37e+00   1.02e+00   4.01e+00   0.00e+00 (  1.81e+02,  1.93e+02)
80      0.253   7.63e-01   1.38e+00   1.06e+00   4.10e+00   0.00e+00 (  1.69e+02,  1.83e+02)
85      0.313   7.73e-01   1.39e+00   1.05e+00   6.13e+00   0.00e+00 (  1.45e+02,  1.73e+02)
90      0.590   1.32e+00   1.87e+00   1.21e+00   2.10e+01   0.00e+00 (  3.06e+02,  1.64e+02)
95      0.629   1.10e+00   1.58e+00   1.27e+00   3.98e+01   0.00e+00 (  5.80e+02,  1.56e+02)
30 e: 3.693e-04 i: 2.325e-03 :: e: 4.533e-02 i: 3.900e-02 :: n: 2.762e+01 e:24.704 i:34.664 v:4.993e+03
>>> tau_he = 5.000000, nhe(0)=3.623976e+00
 5     -0.073   2.13e-02   5.81e-01   7.77e-03  -3.45e-01   0.00e+00 (  1.46e+01,  5.84e+01)
10     -0.056   1.97e-01   3.50e-02  -6.34e-02  -3.35e-01   0.00e+00 (  1.22e+02,  1.13e+02)
15      0.583   6.83e-01   6.85e-01   1.46e-01   4.17e+00   0.00e+00 (  3.59e+02,  1.57e+02)
20      0.402   5.67e-01   5.80e-01   1.98e-01   3.31e+00   0.00e+00 (  3.41e+02,  1.89e+02)
25      0.347   4.60e-01   4.85e-01   2.09e-01   3.22e+00   0.00e+00 (  2.89e+02,  2.18e+02)
30      0.211   4.20e-01   4.57e-01   1.81e-01   2.16e+00   0.00e+00 (  2.59e+02,  2.37e+02)
35      0.195   4.21e-01   4.98e-01   2.07e-01   2.17e+00   0.00e+00 (  2.59e+02,  2.49e+02)
40      0.183   4.31e-01   5.64e-01   1.79e-01   2.17e+00   0.00e+00 (  2.55e+02,  2.55e+02)
45      0.202   4.81e-01   6.92e-01   2.84e-01   2.54e+00   0.00e+00 (  2.52e+02,  2.54e+02)
50      0.220   5.42e-01   8.39e-01   3.53e-01   2.92e+00   0.00e+00 (  2.45e+02,  2.48e+02)
55      0.229   5.99e-01   9.83e-01   4.97e-01   3.16e+00   0.00e+00 (  2.33e+02,  2.39e+02)
60      0.239   6.46e-01   1.11e+00   6.40e-01   3.41e+00   0.00e+00 (  2.19e+02,  2.29e+02)
65      0.250   6.91e-01   1.22e+00   7.87e-01   3.67e+00   0.00e+00 (  2.05e+02,  2.17e+02)
70      0.258   7.39e-01   1.31e+00   9.21e-01   3.89e+00   0.00e+00 (  1.93e+02,  2.05e+02)
75      0.259   7.67e-01   1.37e+00   1.02e+00   4.00e+00   0.00e+00 (  1.81e+02,  1.93e+02)
80      0.253   7.64e-01   1.38e+00   1.06e+00   4.09e+00   0.00e+00 (  1.69e+02,  1.83e+02)
85      0.313   7.74e-01   1.39e+00   1.05e+00   6.12e+00   0.00e+00 (  1.45e+02,  1.73e+02)
90      0.590   1.32e+00   1.87e+00   1.21e+00   2.10e+01   0.00e+00 (  3.06e+02,  1.64e+02)
95      0.629   1.10e+00   1.58e+00   1.27e+00   3.98e+01   0.00e+00 (  5.80e+02,  1.56e+02)
31 e: 5.722e-04 i: 2.456e-03 :: e: 5.770e-02 i: 4.568e-02 :: n: 2.762e+01 e:24.504 i:34.617 v:4.993e+03
>>> tau_he = 5.000000, nhe(0)=3.622275e+00
 5     -0.076   2.14e-02   5.69e-01   7.39e-03  -3.59e-01   0.00e+00 (  1.47e+01,  5.84e+01)
10     -0.036   2.06e-01   4.47e-02  -6.96e-02  -2.17e-01   0.00e+00 (  1.25e+02,  1.13e+02)
15      0.105   2.24e-01   1.20e-01  -2.57e-02   7.53e-01   0.00e+00 (  1.13e+02,  1.57e+02)
20      0.109   2.35e-01   1.97e-01  -2.50e-02   9.02e-01   0.00e+00 (  1.35e+02,  1.89e+02)
25      0.109   2.36e-01   2.18e-01   1.71e-03   1.01e+00   0.00e+00 (  1.45e+02,  2.18e+02)
30      0.213   4.21e-01   4.56e-01   1.79e-01   2.18e+00   0.00e+00 (  2.59e+02,  2.37e+02)
35      0.197   4.22e-01   4.97e-01   2.07e-01   2.19e+00   0.00e+00 (  2.59e+02,  2.49e+02)
40      0.184   4.32e-01   5.61e-01   1.80e-01   2.19e+00   0.00e+00 (  2.54e+02,  2.55e+02)
45      0.203   4.81e-01   6.88e-01   2.84e-01   2.56e+00   0.00e+00 (  2.52e+02,  2.54e+02)
50      0.222   5.42e-01   8.35e-01   3.51e-01   2.94e+00   0.00e+00 (  2.44e+02,  2.48e+02)
55      0.230   5.98e-01   9.79e-01   4.95e-01   3.18e+00   0.00e+00 (  2.32e+02,  2.39e+02)
60      0.240   6.46e-01   1.11e+00   6.39e-01   3.44e+00   0.00e+00 (  2.18e+02,  2.29e+02)
65      0.251   6.90e-01   1.22e+00   7.86e-01   3.70e+00   0.00e+00 (  2.04e+02,  2.17e+02)
70      0.262   7.34e-01   1.32e+00   9.28e-01   3.95e+00   0.00e+00 (  1.92e+02,  2.05e+02)
75      0.262   7.66e-01   1.37e+00   1.03e+00   4.04e+00   0.00e+00 (  1.81e+02,  1.93e+02)
80      0.255   7.65e-01   1.38e+00   1.07e+00   4.12e+00   0.00e+00 (  1.69e+02,  1.83e+02)
85      0.315   7.76e-01   1.40e+00   1.05e+00   6.15e+00   0.00e+00 (  1.45e+02,  1.73e+02)
90      0.590   1.32e+00   1.87e+00   1.21e+00   2.10e+01   0.00e+00 (  3.06e+02,  1.64e+02)
95      0.629   1.10e+00   1.58e+00   1.27e+00   3.98e+01   0.00e+00 (  5.80e+02,  1.56e+02)
32 e: 2.443e-04 i: 1.234e-03 :: e: 5.022e-02 i: 4.088e-02 :: n: 2.762e+01 e:24.680 i:34.576 v:4.993e+03
>>> tau_he = 5.000000, nhe(0)=3.620736e+00
 5     -0.073   2.13e-02   5.77e-01   7.75e-03  -3.45e-01   0.00e+00 (  1.46e+01,  5.84e+01)
10     -0.049   1.99e-01   3.56e-02  -6.40e-02  -2.91e-01   0.00e+00 (  1.21e+02,  1.13e+02)
15      0.107   2.32e-01   1.30e-01  -4.43e-02   7.63e-01   0.00e+00 (  1.20e+02,  1.57e+02)
20      0.387   5.53e-01   5.65e-01   1.89e-01   3.19e+00   0.00e+00 (  3.26e+02,  1.89e+02)
25      0.354   4.66e-01   4.93e-01   2.13e-01   3.28e+00   0.00e+00 (  2.93e+02,  2.18e+02)
30      0.212   4.22e-01   4.59e-01   1.83e-01   2.18e+00   0.00e+00 (  2.60e+02,  2.37e+02)
35      0.196   4.22e-01   5.00e-01   2.08e-01   2.18e+00   0.00e+00 (  2.60e+02,  2.49e+02)
40      0.183   4.33e-01   5.66e-01   1.80e-01   2.18e+00   0.00e+00 (  2.56e+02,  2.55e+02)
45      0.202   4.83e-01   6.95e-01   2.86e-01   2.56e+00   0.00e+00 (  2.54e+02,  2.54e+02)
50      0.221   5.45e-01   8.44e-01   3.54e-01   2.93e+00   0.00e+00 (  2.46e+02,  2.48e+02)
55      0.230   6.01e-01   9.88e-01   4.99e-01   3.17e+00   0.00e+00 (  2.34e+02,  2.39e+02)
60      0.239   6.49e-01   1.12e+00   6.43e-01   3.42e+00   0.00e+00 (  2.20e+02,  2.29e+02)
65      0.250   6.93e-01   1.23e+00   7.90e-01   3.67e+00   0.00e+00 (  2.06e+02,  2.17e+02)
70      0.258   7.42e-01   1.32e+00   9.24e-01   3.89e+00   0.00e+00 (  1.95e+02,  2.05e+02)
75      0.259   7.70e-01   1.37e+00   1.03e+00   3.99e+00   0.00e+00 (  1.83e+02,  1.93e+02)
80      0.252   7.66e-01   1.38e+00   1.07e+00   4.08e+00   0.00e+00 (  1.70e+02,  1.83e+02)
85      0.313   7.75e-01   1.39e+00   1.05e+00   6.11e+00   0.00e+00 (  1.46e+02,  1.73e+02)
90      0.590   1.32e+00   1.87e+00   1.21e+00   2.10e+01   0.00e+00 (  3.06e+02,  1.64e+02)
95      0.629   1.10e+00   1.58e+00   1.27e+00   3.98e+01   0.00e+00 (  5.80e+02,  1.56e+02)
33 e: 6.400e-04 i: 3.594e-03 :: e: 4.944e-02 i: 4.131e-02 :: n: 2.762e+01 e:24.559 i:34.585 v:4.993e+03
>>> tau_he = 5.000000, nhe(0)=3.621019e+00
 5     -0.072   2.12e-02   5.81e-01   7.60e-03  -3.39e-01   0.00e+00 (  1.45e+01,  5.84e+01)
10     -0.057   1.92e-01   3.10e-02  -6.16e-02  -3.42e-01   0.00e+00 (  1.18e+02,  1.13e+02)
15      0.614   7.02e-01   6.96e-01   1.54e-01   4.39e+00   0.00e+00 (  3.71e+02,  1.57e+02)
20      0.108   2.33e-01   1.96e-01  -2.54e-02   8.94e-01   0.00e+00 (  1.34e+02,  1.89e+02)
25      0.108   2.35e-01   2.17e-01   2.14e-03   1.00e+00   0.00e+00 (  1.45e+02,  2.18e+02)
30      0.211   4.18e-01   4.53e-01   1.78e-01   2.16e+00   0.00e+00 (  2.56e+02,  2.37e+02)
35      0.195   4.19e-01   4.94e-01   2.05e-01   2.17e+00   0.00e+00 (  2.57e+02,  2.49e+02)
40      0.182   4.30e-01   5.59e-01   1.78e-01   2.17e+00   0.00e+00 (  2.53e+02,  2.55e+02)
45      0.201   4.79e-01   6.85e-01   2.82e-01   2.54e+00   0.00e+00 (  2.50e+02,  2.54e+02)
50      0.220   5.40e-01   8.32e-01   3.50e-01   2.92e+00   0.00e+00 (  2.43e+02,  2.48e+02)
55      0.229   5.96e-01   9.76e-01   4.94e-01   3.17e+00   0.00e+00 (  2.31e+02,  2.39e+02)
60      0.239   6.44e-01   1.10e+00   6.37e-01   3.42e+00   0.00e+00 (  2.17e+02,  2.29e+02)
65      0.251   6.89e-01   1.22e+00   7.84e-01   3.69e+00   0.00e+00 (  2.04e+02,  2.17e+02)
70      0.262   7.33e-01   1.31e+00   9.27e-01   3.94e+00   0.00e+00 (  1.91e+02,  2.05e+02)
75      0.262   7.65e-01   1.37e+00   1.03e+00   4.03e+00   0.00e+00 (  1.81e+02,  1.93e+02)
80      0.255   7.65e-01   1.38e+00   1.07e+00   4.12e+00   0.00e+00 (  1.69e+02,  1.83e+02)
85      0.315   7.76e-01   1.40e+00   1.05e+00   6.16e+00   0.00e+00 (  1.45e+02,  1.73e+02)
90      0.591   1.32e+00   1.87e+00   1.21e+00   2.10e+01   0.00e+00 (  3.06e+02,  1.64e+02)
95      0.629   1.10e+00   1.58e+00   1.27e+00   3.98e+01   0.00e+00 (  5.80e+02,  1.56e+02)
34 e: 9.306e-04 i: 4.954e-03 :: e: 5.461e-02 i: 4.286e-02 :: n: 2.762e+01 e:24.596 i:34.812 v:4.993e+03
>>> tau_he = 5.000000, nhe(0)=3.629284e+00
 5     -0.076   2.16e-02   5.79e-01   7.50e-03  -3.57e-01   0.00e+00 (  1.48e+01,  5.84e+01)
10     -0.035   2.05e-01   4.15e-02  -6.74e-02  -2.09e-01   0.00e+00 (  1.24e+02,  1.13e+02)
15      0.111   2.32e-01   1.27e-01  -4.08e-02   7.94e-01   0.00e+00 (  1.17e+02,  1.57e+02)
20      0.066   2.27e-01   1.77e-01   1.31e-03   5.47e-01   0.00e+00 (  1.32e+02,  1.89e+02)
25      0.367   4.79e-01   5.03e-01   2.19e-01   3.41e+00   0.00e+00 (  3.03e+02,  2.18e+02)
30      0.214   4.23e-01   4.60e-01   1.83e-01   2.19e+00   0.00e+00 (  2.61e+02,  2.37e+02)
35      0.197   4.22e-01   4.99e-01   2.08e-01   2.19e+00   0.00e+00 (  2.59e+02,  2.49e+02)
40      0.184   4.32e-01   5.64e-01   1.80e-01   2.20e+00   0.00e+00 (  2.55e+02,  2.55e+02)
45      0.203   4.82e-01   6.93e-01   2.86e-01   2.57e+00   0.00e+00 (  2.52e+02,  2.54e+02)
50      0.222   5.43e-01   8.40e-01   3.53e-01   2.95e+00   0.00e+00 (  2.45e+02,  2.48e+02)
55      0.231   6.00e-01   9.85e-01   4.98e-01   3.19e+00   0.00e+00 (  2.33e+02,  2.39e+02)
60      0.240   6.48e-01   1.11e+00   6.42e-01   3.44e+00   0.00e+00 (  2.19e+02,  2.29e+02)
65      0.251   6.92e-01   1.22e+00   7.89e-01   3.69e+00   0.00e+00 (  2.05e+02,  2.17e+02)
70      0.259   7.41e-01   1.32e+00   9.23e-01   3.90e+00   0.00e+00 (  1.94e+02,  2.05e+02)
75      0.260   7.69e-01   1.37e+00   1.03e+00   4.01e+00   0.00e+00 (  1.82e+02,  1.93e+02)
80      0.254   7.66e-01   1.38e+00   1.07e+00   4.10e+00   0.00e+00 (  1.70e+02,  1.83e+02)
85      0.313   7.75e-01   1.40e+00   1.05e+00   6.13e+00   0.00e+00 (  1.46e+02,  1.73e+02)
90      0.590   1.32e+00   1.87e+00   1.21e+00   2.10e+01   0.00e+00 (  3.06e+02,  1.64e+02)
95      0.629   1.10e+00   1.58e+00   1.27e+00   3.98e+01   0.00e+00 (  5.80e+02,  1.56e+02)
35 e: 3.684e-04 i: 2.292e-03 :: e: 4.520e-02 i: 3.785e-02 :: n: 2.762e+01 e:24.691 i:34.859 v:4.993e+03
>>> tau_he = 5.000000, nhe(0)=3.631188e+00
 5     -0.074   2.16e-02   5.88e-01   7.78e-03  -3.49e-01   0.00e+00 (  1.49e+01,  5.84e+01)
10     -0.048   1.99e-01   3.44e-02  -6.39e-02  -2.86e-01   0.00e+00 (  1.21e+02,  1.13e+02)
15      0.620   7.12e-01   7.06e-01   1.57e-01   4.43e+00   0.00e+00 (  3.72e+02,  1.57e+02)
20      0.411   5.74e-01   5.86e-01   1.99e-01   3.39e+00   0.00e+00 (  3.43e+02,  1.89e+02)
25      0.351   4.64e-01   4.89e-01   2.10e-01   3.26e+00   0.00e+00 (  2.91e+02,  2.18e+02)
30      0.212   4.22e-01   4.57e-01   1.81e-01   2.17e+00   0.00e+00 (  2.60e+02,  2.37e+02)
35      0.196   4.22e-01   4.98e-01   2.07e-01   2.18e+00   0.00e+00 (  2.60e+02,  2.49e+02)
40      0.183   4.32e-01   5.64e-01   1.80e-01   2.18e+00   0.00e+00 (  2.55e+02,  2.55e+02)
45      0.202   4.82e-01   6.91e-01   2.85e-01   2.55e+00   0.00e+00 (  2.53e+02,  2.54e+02)
50      0.221   5.43e-01   8.39e-01   3.52e-01   2.93e+00   0.00e+00 (  2.45e+02,  2.48e+02)
55      0.230   5.99e-01   9.83e-01   4.97e-01   3.17e+00   0.00e+00 (  2.33e+02,  2.39e+02)
60      0.240   6.47e-01   1.11e+00   6.41e-01   3.43e+00   0.00e+00 (  2.19e+02,  2.29e+02)
65      0.251   6.92e-01   1.22e+00   7.88e-01   3.68e+00   0.00e+00 (  2.05e+02,  2.17e+02)
70      0.259   7.41e-01   1.32e+00   9.22e-01   3.90e+00   0.00e+00 (  1.94e+02,  2.05e+02)
75      0.260   7.69e-01   1.37e+00   1.02e+00   4.01e+00   0.00e+00 (  1.82e+02,  1.93e+02)
80      0.254   7.66e-01   1.38e+00   1.07e+00   4.11e+00   0.00e+00 (  1.70e+02,  1.83e+02)
85      0.314   7.76e-01   1.40e+00   1.05e+00   6.14e+00   0.00e+00 (  1.46e+02,  1.73e+02)
90      0.590   1.32e+00   1.87e+00   1.21e+00   2.10e+01   0.00e+00 (  3.07e+02,  1.64e+02)
95      0.629   1.10e+00   1.58e+00   1.27e+00   3.98e+01   0.00e+00 (  5.80e+02,  1.56e+02)
36 e: 6.144e-04 i: 2.777e-03 :: e: 5.781e-02 i: 4.518e-02 :: n: 2.762e+01 e:24.515 i:34.852 v:4.993e+03
>>> tau_he = 5.000000, nhe(0)=3.631004e+00
 5     -0.078   2.17e-02   5.76e-01   7.37e-03  -3.66e-01   0.00e+00 (  1.50e+01,  5.84e+01)
10     -0.027   2.09e-01   4.57e-02  -7.02e-02  -1.62e-01   0.00e+00 (  1.25e+02,  1.13e+02)
15      0.113   2.30e-01   1.24e-01  -3.83e-02   8.11e-01   0.00e+00 (  1.15e+02,  1.57e+02)
20      0.103   2.21e-01   1.68e-01  -2.74e-03   8.54e-01   0.00e+00 (  1.26e+02,  1.89e+02)
25      0.233   4.38e-01   4.62e-01   1.19e-01   2.16e+00   0.00e+00 (  2.69e+02,  2.18e+02)
30      0.215   4.24e-01   4.59e-01   1.80e-01   2.20e+00   0.00e+00 (  2.61e+02,  2.37e+02)
35      0.199   4.24e-01   4.99e-01   2.08e-01   2.21e+00   0.00e+00 (  2.61e+02,  2.49e+02)
40      0.186   4.34e-01   5.63e-01   1.81e-01   2.21e+00   0.00e+00 (  2.56e+02,  2.55e+02)
45      0.204   4.83e-01   6.90e-01   2.86e-01   2.58e+00   0.00e+00 (  2.53e+02,  2.54e+02)
50      0.224   5.44e-01   8.38e-01   3.51e-01   2.96e+00   0.00e+00 (  2.45e+02,  2.48e+02)
55      0.232   6.00e-01   9.83e-01   4.97e-01   3.20e+00   0.00e+00 (  2.33e+02,  2.39e+02)
60      0.242   6.48e-01   1.11e+00   6.42e-01   3.46e+00   0.00e+00 (  2.19e+02,  2.29e+02)
65      0.253   6.93e-01   1.22e+00   7.89e-01   3.71e+00   0.00e+00 (  2.06e+02,  2.17e+02)
70      0.263   7.37e-01   1.32e+00   9.32e-01   3.97e+00   0.00e+00 (  1.93e+02,  2.05e+02)
75      0.263   7.69e-01   1.38e+00   1.03e+00   4.05e+00   0.00e+00 (  1.82e+02,  1.93e+02)
80      0.256   7.68e-01   1.39e+00   1.07e+00   4.13e+00   0.00e+00 (  1.70e+02,  1.83e+02)
85      0.315   7.78e-01   1.40e+00   1.06e+00   6.17e+00   0.00e+00 (  1.46e+02,  1.73e+02)
90      0.591   1.32e+00   1.87e+00   1.21e+00   2.10e+01   0.00e+00 (  3.07e+02,  1.64e+02)
95      0.629   1.10e+00   1.58e+00   1.27e+00   3.98e+01   0.00e+00 (  5.80e+02,  1.56e+02)
37 e: 2.991e-04 i: 1.913e-03 :: e: 4.230e-02 i: 3.553e-02 :: n: 2.762e+01 e:24.655 i:34.712 v:4.993e+03
>>> tau_he = 5.000000, nhe(0)=3.625953e+00
 5     -0.075   2.15e-02   5.81e-01   7.73e-03  -3.51e-01   0.00e+00 (  1.49e+01,  5.84e+01)
10     -0.041   2.01e-01   3.68e-02  -6.50e-02  -2.45e-01   0.00e+00 (  1.22e+02,  1.13e+02)
15      0.604   6.92e-01   6.88e-01   1.50e-01   4.31e+00   0.00e+00 (  3.55e+02,  1.57e+02)
20      0.396   5.58e-01   5.69e-01   1.91e-01   3.27e+00   0.00e+00 (  3.26e+02,  1.89e+02)
25      0.109   2.36e-01   2.19e-01   4.73e-03   1.01e+00   0.00e+00 (  1.45e+02,  2.18e+02)
30      0.214   4.23e-01   4.59e-01   1.81e-01   2.19e+00   0.00e+00 (  2.60e+02,  2.37e+02)
35      0.198   4.24e-01   5.02e-01   2.09e-01   2.20e+00   0.00e+00 (  2.62e+02,  2.49e+02)
40      0.185   4.35e-01   5.68e-01   1.81e-01   2.20e+00   0.00e+00 (  2.58e+02,  2.55e+02)
45      0.204   4.85e-01   6.98e-01   2.87e-01   2.58e+00   0.00e+00 (  2.56e+02,  2.54e+02)
50      0.223   5.47e-01   8.46e-01   3.55e-01   2.96e+00   0.00e+00 (  2.48e+02,  2.48e+02)
55      0.231   6.03e-01   9.92e-01   5.01e-01   3.19e+00   0.00e+00 (  2.36e+02,  2.39e+02)
60      0.241   6.52e-01   1.12e+00   6.46e-01   3.44e+00   0.00e+00 (  2.22e+02,  2.29e+02)
65      0.251   6.96e-01   1.23e+00   7.93e-01   3.69e+00   0.00e+00 (  2.08e+02,  2.17e+02)
70      0.260   7.45e-01   1.32e+00   9.28e-01   3.91e+00   0.00e+00 (  1.96e+02,  2.05e+02)
75      0.260   7.73e-01   1.38e+00   1.03e+00   4.01e+00   0.00e+00 (  1.84e+02,  1.93e+02)
80      0.253   7.69e-01   1.39e+00   1.07e+00   4.10e+00   0.00e+00 (  1.71e+02,  1.83e+02)
85      0.314   7.78e-01   1.40e+00   1.06e+00   6.13e+00   0.00e+00 (  1.47e+02,  1.73e+02)
90      0.590   1.32e+00   1.87e+00   1.21e+00   2.10e+01   0.00e+00 (  3.07e+02,  1.64e+02)
95      0.629   1.10e+00   1.58e+00   1.27e+00   3.98e+01   0.00e+00 (  5.80e+02,  1.56e+02)
38 e: 8.379e-04 i: 4.162e-03 :: e: 6.190e-02 i: 4.925e-02 :: n: 2.762e+01 e:24.451 i:34.760 v:4.993e+03
>>> tau_he = 5.000000, nhe(0)=3.627546e+00
 5     -0.077   2.16e-02   5.73e-01   7.33e-03  -3.64e-01   0.00e+00 (  1.48e+01,  5.84e+01)
10     -0.021   2.08e-01   4.49e-02  -6.98e-02  -1.23e-01   0.00e+00 (  1.24e+02,  1.13e+02)
15      0.113   2.27e-01   1.19e-01  -2.21e-02   8.05e-01   0.00e+00 (  1.11e+02,  1.57e+02)
20      0.115   2.36e-01   1.88e-01  -3.40e-03   9.51e-01   0.00e+00 (  1.33e+02,  1.89e+02)
25      0.352   4.66e-01   4.87e-01   2.06e-01   3.27e+00   0.00e+00 (  2.89e+02,  2.18e+02)
30      0.215   4.24e-01   4.58e-01   1.80e-01   2.20e+00   0.00e+00 (  2.60e+02,  2.37e+02)
35      0.198   4.23e-01   4.97e-01   2.07e-01   2.20e+00   0.00e+00 (  2.59e+02,  2.49e+02)
40      0.185   4.33e-01   5.61e-01   1.80e-01   2.20e+00   0.00e+00 (  2.55e+02,  2.55e+02)
45      0.204   4.82e-01   6.87e-01   2.84e-01   2.57e+00   0.00e+00 (  2.52e+02,  2.54e+02)
50      0.223   5.43e-01   8.35e-01   3.50e-01   2.96e+00   0.00e+00 (  2.45e+02,  2.48e+02)
55      0.232   5.99e-01   9.80e-01   4.96e-01   3.20e+00   0.00e+00 (  2.33e+02,  2.39e+02)
60      0.242   6.48e-01   1.11e+00   6.40e-01   3.45e+00   0.00e+00 (  2.19e+02,  2.29e+02)
65      0.253   6.93e-01   1.22e+00   7.88e-01   3.71e+00   0.00e+00 (  2.05e+02,  2.17e+02)
70      0.264   7.37e-01   1.32e+00   9.32e-01   3.97e+00   0.00e+00 (  1.93e+02,  2.05e+02)
75      0.263   7.69e-01   1.38e+00   1.03e+00   4.06e+00   0.00e+00 (  1.82e+02,  1.93e+02)
80      0.257   7.68e-01   1.39e+00   1.07e+00   4.15e+00   0.00e+00 (  1.70e+02,  1.83e+02)
85      0.316   7.79e-01   1.40e+00   1.06e+00   6.19e+00   0.00e+00 (  1.47e+02,  1.73e+02)
90      0.591   1.32e+00   1.87e+00   1.21e+00   2.10e+01   0.00e+00 (  3.07e+02,  1.64e+02)
95      0.629   1.10e+00   1.58e+00   1.27e+00   3.98e+01   0.00e+00 (  5.80e+02,  1.56e+02)
39 e: 3.672e-04 i: 2.179e-03 :: e: 4.397e-02 i: 3.510e-02 :: n: 2.762e+01 e:24.620 i:34.606 v:4.993e+03
>>> tau_he = 5.000000, nhe(0)=3.621976e+00
 5     -0.074   2.14e-02   5.77e-01   7.72e-03  -3.50e-01   0.00e+00 (  1.48e+01,  5.84e+01)
10     -0.033   2.01e-01   3.67e-02  -6.52e-02  -2.00e-01   0.00e+00 (  1.20e+02,  1.13e+02)
15      0.114   2.34e-01   1.31e-01  -4.24e-02   8.13e-01   0.00e+00 (  1.19e+02,  1.57e+02)
20      0.068   2.27e-01   1.78e-01   2.04e-03   5.64e-01   0.00e+00 (  1.31e+02,  1.89e+02)
25      0.233   4.37e-01   4.64e-01   1.23e-01   2.17e+00   0.00e+00 (  2.70e+02,  2.18e+02)
30      0.214   4.23e-01   4.59e-01   1.82e-01   2.19e+00   0.00e+00 (  2.60e+02,  2.37e+02)
35      0.198   4.24e-01   5.02e-01   2.09e-01   2.20e+00   0.00e+00 (  2.61e+02,  2.49e+02)
40      0.185   4.35e-01   5.68e-01   1.81e-01   2.20e+00   0.00e+00 (  2.57e+02,  2.55e+02)
45      0.204   4.85e-01   6.99e-01   2.87e-01   2.58e+00   0.00e+00 (  2.56e+02,  2.54e+02)
50      0.223   5.47e-01   8.48e-01   3.56e-01   2.96e+00   0.00e+00 (  2.48e+02,  2.48e+02)
55      0.231   6.04e-01   9.93e-01   5.02e-01   3.19e+00   0.00e+00 (  2.36e+02,  2.39e+02)
60      0.241   6.52e-01   1.12e+00   6.47e-01   3.44e+00   0.00e+00 (  2.22e+02,  2.29e+02)
65      0.251   6.97e-01   1.23e+00   7.94e-01   3.69e+00   0.00e+00 (  2.08e+02,  2.17e+02)
70      0.259   7.46e-01   1.32e+00   9.29e-01   3.90e+00   0.00e+00 (  1.96e+02,  2.05e+02)
75      0.260   7.73e-01   1.38e+00   1.03e+00   4.00e+00   0.00e+00 (  1.84e+02,  1.93e+02)
80      0.253   7.70e-01   1.39e+00   1.07e+00   4.09e+00   0.00e+00 (  1.71e+02,  1.83e+02)
85      0.313   7.78e-01   1.40e+00   1.06e+00   6.13e+00   0.00e+00 (  1.47e+02,  1.73e+02)
90      0.590   1.32e+00   1.87e+00   1.21e+00   2.10e+01   0.00e+00 (  3.07e+02,  1.64e+02)
95      0.629   1.10e+00   1.58e+00   1.27e+00   3.98e+01   0.00e+00 (  5.80e+02,  1.56e+02)
40 e: 3.193e-04 i: 1.938e-03 :: e: 3.968e-02 i: 3.392e-02 :: n: 2.762e+01 e:24.548 i:34.759 v:4.993e+03
>>> tau_he = 5.000000, nhe(0)=3.627389e+00
 5     -0.073   2.13e-02   5.87e-01   7.57e-03  -3.42e-01   0.00e+00 (  1.47e+01,  5.84e+01)
10     -0.043   1.95e-01   3.05e-02  -6.21e-02  -2.59e-01   0.00e+00 (  1.17e+02,  1.13e+02)
15      0.641   7.23e-01   7.12e-01   1.62e-01   4.58e+00   0.00e+00 (  3.76e+02,  1.57e+02)
20      0.408   5.67e-01   5.76e-01   1.94e-01   3.37e+00   0.00e+00 (  3.34e+02,  1.89e+02)
25      0.108   2.33e-01   2.16e-01   6.74e-03   1.00e+00   0.00e+00 (  1.43e+02,  2.18e+02)
30      0.210   4.17e-01   4.50e-01   1.76e-01   2.16e+00   0.00e+00 (  2.54e+02,  2.37e+02)
35      0.195   4.19e-01   4.94e-01   2.05e-01   2.17e+00   0.00e+00 (  2.56e+02,  2.49e+02)
40      0.182   4.30e-01   5.59e-01   1.78e-01   2.17e+00   0.00e+00 (  2.53e+02,  2.55e+02)
45      0.201   4.80e-01   6.86e-01   2.82e-01   2.54e+00   0.00e+00 (  2.51e+02,  2.54e+02)
50      0.221   5.41e-01   8.33e-01   3.50e-01   2.93e+00   0.00e+00 (  2.43e+02,  2.48e+02)
55      0.229   5.97e-01   9.78e-01   4.94e-01   3.17e+00   0.00e+00 (  2.32e+02,  2.39e+02)
60      0.240   6.45e-01   1.11e+00   6.38e-01   3.43e+00   0.00e+00 (  2.18e+02,  2.29e+02)
65      0.251   6.91e-01   1.22e+00   7.85e-01   3.69e+00   0.00e+00 (  2.04e+02,  2.17e+02)
70      0.262   7.35e-01   1.32e+00   9.28e-01   3.95e+00   0.00e+00 (  1.92e+02,  2.05e+02)
75      0.262   7.67e-01   1.37e+00   1.03e+00   4.04e+00   0.00e+00 (  1.81e+02,  1.93e+02)
80      0.255   7.66e-01   1.38e+00   1.07e+00   4.13e+00   0.00e+00 (  1.69e+02,  1.83e+02)
85      0.315   7.78e-01   1.40e+00   1.06e+00   6.17e+00   0.00e+00 (  1.46e+02,  1.73e+02)
90      0.591   1.32e+00   1.87e+00   1.21e+00   2.10e+01   0.00e+00 (  3.07e+02,  1.64e+02)
95      0.629   1.10e+00   1.58e+00   1.27e+00   3.98e+01   0.00e+00 (  5.80e+02,  1.56e+02)
41 e: 9.283e-04 i: 4.887e-03 :: e: 6.036e-02 i: 4.798e-02 :: n: 2.762e+01 e:24.511 i:34.865 v:4.993e+03
>>> tau_he = 5.000000, nhe(0)=3.631358e+00
 5     -0.077   2.17e-02   5.79e-01   7.45e-03  -3.64e-01   0.00e+00 (  1.50e+01,  5.84e+01)
10     -0.024   2.07e-01   4.29e-02  -6.84e-02  -1.43e-01   0.00e+00 (  1.23e+02,  1.13e+02)
15      0.117   2.33e-01   1.26e-01  -3.88e-02   8.38e-01   0.00e+00 (  1.16e+02,  1.57e+02)
20      0.105   2.23e-01   1.70e-01  -2.65e-03   8.64e-01   0.00e+00 (  1.27e+02,  1.89e+02)
25      0.356   4.68e-01   4.92e-01   2.10e-01   3.31e+00   0.00e+00 (  2.92e+02,  2.18e+02)
30      0.215   4.23e-01   4.59e-01   1.82e-01   2.20e+00   0.00e+00 (  2.60e+02,  2.37e+02)
35      0.198   4.22e-01   4.99e-01   2.07e-01   2.20e+00   0.00e+00 (  2.59e+02,  2.49e+02)
40      0.185   4.33e-01   5.64e-01   1.81e-01   2.21e+00   0.00e+00 (  2.55e+02,  2.55e+02)
45      0.204   4.83e-01   6.92e-01   2.86e-01   2.58e+00   0.00e+00 (  2.53e+02,  2.54e+02)
50      0.223   5.44e-01   8.40e-01   3.52e-01   2.96e+00   0.00e+00 (  2.45e+02,  2.48e+02)
55      0.232   6.00e-01   9.85e-01   4.98e-01   3.20e+00   0.00e+00 (  2.33e+02,  2.39e+02)
60      0.241   6.48e-01   1.11e+00   6.43e-01   3.45e+00   0.00e+00 (  2.19e+02,  2.29e+02)
65      0.252   6.93e-01   1.22e+00   7.90e-01   3.70e+00   0.00e+00 (  2.05e+02,  2.17e+02)
70      0.262   7.37e-01   1.32e+00   9.32e-01   3.95e+00   0.00e+00 (  1.93e+02,  2.05e+02)
75      0.261   7.68e-01   1.38e+00   1.03e+00   4.03e+00   0.00e+00 (  1.82e+02,  1.93e+02)
80      0.254   7.67e-01   1.38e+00   1.07e+00   4.12e+00   0.00e+00 (  1.70e+02,  1.83e+02)
85      0.314   7.77e-01   1.40e+00   1.06e+00   6.15e+00   0.00e+00 (  1.47e+02,  1.73e+02)
90      0.591   1.32e+00   1.87e+00   1.21e+00   2.10e+01   0.00e+00 (  3.07e+02,  1.64e+02)
95      0.629   1.10e+00   1.58e+00   1.27e+00   3.98e+01   0.00e+00 (  5.80e+02,  1.56e+02)
42 e: 3.351e-04 i: 2.127e-03 :: e: 4.233e-02 i: 3.462e-02 :: n: 2.762e+01 e:24.621 i:34.828 v:4.993e+03
>>> tau_he = 5.000000, nhe(0)=3.630134e+00
 5     -0.075   2.16e-02   5.87e-01   7.75e-03  -3.52e-01   0.00e+00 (  1.49e+01,  5.84e+01)
10     -0.038   2.00e-01   3.51e-02  -6.43e-02  -2.24e-01   0.00e+00 (  1.20e+02,  1.13e+02)
15      0.629   7.12e-01   7.01e-01   1.56e-01   4.49e+00   0.00e+00 (  3.65e+02,  1.57e+02)
20      0.408   5.69e-01   5.76e-01   1.94e-01   3.37e+00   0.00e+00 (  3.33e+02,  1.89e+02)
25      0.345   4.59e-01   4.82e-01   2.05e-01   3.20e+00   0.00e+00 (  2.85e+02,  2.18e+02)
30      0.213   4.22e-01   4.58e-01   1.81e-01   2.18e+00   0.00e+00 (  2.60e+02,  2.37e+02)
35      0.197   4.23e-01   5.00e-01   2.08e-01   2.19e+00   0.00e+00 (  2.60e+02,  2.49e+02)
40      0.184   4.33e-01   5.65e-01   1.80e-01   2.19e+00   0.00e+00 (  2.56e+02,  2.55e+02)
45      0.203   4.83e-01   6.94e-01   2.86e-01   2.57e+00   0.00e+00 (  2.54e+02,  2.54e+02)
50      0.222   5.45e-01   8.42e-01   3.53e-01   2.95e+00   0.00e+00 (  2.46e+02,  2.48e+02)
55      0.231   6.01e-01   9.87e-01   4.99e-01   3.18e+00   0.00e+00 (  2.34e+02,  2.39e+02)
60      0.240   6.49e-01   1.11e+00   6.43e-01   3.43e+00   0.00e+00 (  2.20e+02,  2.29e+02)
65      0.251   6.93e-01   1.23e+00   7.90e-01   3.69e+00   0.00e+00 (  2.06e+02,  2.17e+02)
70      0.259   7.43e-01   1.32e+00   9.24e-01   3.90e+00   0.00e+00 (  1.95e+02,  2.05e+02)
75      0.260   7.70e-01   1.37e+00   1.03e+00   4.01e+00   0.00e+00 (  1.83e+02,  1.93e+02)
80      0.254   7.67e-01   1.38e+00   1.07e+00   4.11e+00   0.00e+00 (  1.70e+02,  1.83e+02)
85      0.314   7.77e-01   1.40e+00   1.06e+00   6.14e+00   0.00e+00 (  1.47e+02,  1.73e+02)
90      0.591   1.32e+00   1.87e+00   1.21e+00   2.10e+01   0.00e+00 (  3.07e+02,  1.64e+02)
95      0.629   1.10e+00   1.58e+00   1.27e+00   3.98e+01   0.00e+00 (  5.80e+02,  1.56e+02)
43 e: 5.582e-04 i: 2.673e-03 :: e: 5.227e-02 i: 4.067e-02 :: n: 2.762e+01 e:24.421 i:34.823 v:4.993e+03
>>> tau_he = 5.000000, nhe(0)=3.629931e+00
 5     -0.078   2.17e-02   5.75e-01   7.33e-03  -3.68e-01   0.00e+00 (  1.50e+01,  5.84e+01)
10     -0.018   2.09e-01   4.56e-02  -7.01e-02  -1.05e-01   0.00e+00 (  1.24e+02,  1.13e+02)
15      0.119   2.31e-01   1.23e-01  -3.62e-02   8.49e-01   0.00e+00 (  1.13e+02,  1.57e+02)
20      0.117   2.36e-01   1.90e-01  -2.74e-03   9.63e-01   0.00e+00 (  1.32e+02,  1.89e+02)
25      0.111   2.36e-01   2.17e-01   6.96e-03   1.03e+00   0.00e+00 (  1.44e+02,  2.18e+02)
30      0.215   4.24e-01   4.57e-01   1.79e-01   2.20e+00   0.00e+00 (  2.59e+02,  2.37e+02)
35      0.199   4.24e-01   4.99e-01   2.08e-01   2.21e+00   0.00e+00 (  2.60e+02,  2.49e+02)
40      0.186   4.33e-01   5.63e-01   1.81e-01   2.21e+00   0.00e+00 (  2.56e+02,  2.55e+02)
45      0.205   4.83e-01   6.90e-01   2.86e-01   2.58e+00   0.00e+00 (  2.53e+02,  2.54e+02)
50      0.224   5.44e-01   8.37e-01   3.51e-01   2.97e+00   0.00e+00 (  2.45e+02,  2.48e+02)
55      0.232   6.00e-01   9.83e-01   4.97e-01   3.21e+00   0.00e+00 (  2.33e+02,  2.39e+02)
60      0.242   6.48e-01   1.11e+00   6.41e-01   3.46e+00   0.00e+00 (  2.19e+02,  2.29e+02)
65      0.253   6.93e-01   1.22e+00   7.89e-01   3.72e+00   0.00e+00 (  2.05e+02,  2.17e+02)
70      0.264   7.37e-01   1.32e+00   9.32e-01   3.97e+00   0.00e+00 (  1.93e+02,  2.05e+02)
75      0.263   7.69e-01   1.38e+00   1.03e+00   4.05e+00   0.00e+00 (  1.82e+02,  1.93e+02)
80      0.256   7.68e-01   1.39e+00   1.07e+00   4.14e+00   0.00e+00 (  1.70e+02,  1.83e+02)
85      0.316   7.79e-01   1.40e+00   1.06e+00   6.18e+00   0.00e+00 (  1.47e+02,  1.73e+02)
90      0.591   1.32e+00   1.87e+00   1.21e+00   2.10e+01   0.00e+00 (  3.07e+02,  1.64e+02)
95      0.629   1.10e+00   1.58e+00   1.27e+00   3.98e+01   0.00e+00 (  5.80e+02,  1.56e+02)
44 e: 2.723e-04 i: 1.238e-03 :: e: 4.914e-02 i: 3.820e-02 :: n: 2.762e+01 e:24.617 i:34.739 v:4.993e+03
>>> tau_he = 5.000000, nhe(0)=3.626885e+00
 5     -0.075   2.16e-02   5.82e-01   7.72e-03  -3.53e-01   0.00e+00 (  1.49e+01,  5.84e+01)
10     -0.030   2.01e-01   3.61e-02  -6.50e-02  -1.77e-01   0.00e+00 (  1.20e+02,  1.13e+02)
15      0.600   6.92e-01   6.81e-01   1.46e-01   4.29e+00   0.00e+00 (  3.49e+02,  1.57e+02)
20      0.395   5.58e-01   5.65e-01   1.87e-01   3.26e+00   0.00e+00 (  3.22e+02,  1.89e+02)
25      0.354   4.67e-01   4.92e-01   2.11e-01   3.29e+00   0.00e+00 (  2.91e+02,  2.18e+02)
30      0.215   4.24e-01   4.61e-01   1.83e-01   2.20e+00   0.00e+00 (  2.61e+02,  2.37e+02)
35      0.198   4.24e-01   5.02e-01   2.09e-01   2.20e+00   0.00e+00 (  2.61e+02,  2.49e+02)
40      0.185   4.34e-01   5.68e-01   1.81e-01   2.20e+00   0.00e+00 (  2.57e+02,  2.55e+02)
45      0.204   4.85e-01   6.98e-01   2.87e-01   2.58e+00   0.00e+00 (  2.55e+02,  2.54e+02)
50      0.223   5.47e-01   8.47e-01   3.55e-01   2.96e+00   0.00e+00 (  2.48e+02,  2.48e+02)
55      0.231   6.03e-01   9.93e-01   5.02e-01   3.19e+00   0.00e+00 (  2.36e+02,  2.39e+02)
60      0.241   6.51e-01   1.12e+00   6.46e-01   3.44e+00   0.00e+00 (  2.22e+02,  2.29e+02)
65      0.251   6.96e-01   1.23e+00   7.93e-01   3.69e+00   0.00e+00 (  2.08e+02,  2.17e+02)
70      0.259   7.45e-01   1.32e+00   9.28e-01   3.90e+00   0.00e+00 (  1.96e+02,  2.05e+02)
75      0.260   7.73e-01   1.38e+00   1.03e+00   4.00e+00   0.00e+00 (  1.84e+02,  1.93e+02)
80      0.253   7.69e-01   1.39e+00   1.07e+00   4.10e+00   0.00e+00 (  1.71e+02,  1.83e+02)
85      0.313   7.78e-01   1.40e+00   1.06e+00   6.13e+00   0.00e+00 (  1.47e+02,  1.73e+02)
90      0.590   1.32e+00   1.87e+00   1.21e+00   2.10e+01   0.00e+00 (  3.07e+02,  1.64e+02)
95      0.629   1.10e+00   1.58e+00   1.27e+00   3.98e+01   0.00e+00 (  5.80e+02,  1.56e+02)
45 e: 4.707e-04 i: 2.131e-03 :: e: 5.079e-02 i: 4.077e-02 :: n: 2.762e+01 e:24.373 i:34.739 v:4.993e+03
>>> tau_he = 5.000000, nhe(0)=3.626812e+00
 5     -0.078   2.16e-02   5.71e-01   7.30e-03  -3.66e-01   0.00e+00 (  1.48e+01,  5.84e+01)
10     -0.013   2.09e-01   4.52e-02  -6.99e-02  -7.98e-02   0.00e+00 (  1.23e+02,  1.13e+02)
15      0.119   2.29e-01   1.19e-01  -3.35e-02   8.50e-01   0.00e+00 (  1.11e+02,  1.57e+02)
20      0.118   2.35e-01   1.86e-01  -2.25e-03   9.72e-01   0.00e+00 (  1.30e+02,  1.89e+02)
25      0.111   2.38e-01   2.18e-01   1.56e-03   1.03e+00   0.00e+00 (  1.45e+02,  2.18e+02)
30      0.215   4.23e-01   4.56e-01   1.78e-01   2.20e+00   0.00e+00 (  2.59e+02,  2.37e+02)
35      0.198   4.23e-01   4.97e-01   2.06e-01   2.20e+00   0.00e+00 (  2.59e+02,  2.49e+02)
40      0.185   4.33e-01   5.61e-01   1.80e-01   2.21e+00   0.00e+00 (  2.55e+02,  2.55e+02)
45      0.204   4.82e-01   6.87e-01   2.84e-01   2.57e+00   0.00e+00 (  2.52e+02,  2.54e+02)
50      0.223   5.43e-01   8.34e-01   3.50e-01   2.96e+00   0.00e+00 (  2.44e+02,  2.48e+02)
55      0.233   5.97e-01   9.79e-01   4.95e-01   3.22e+00   0.00e+00 (  2.32e+02,  2.39e+02)
60      0.242   6.47e-01   1.11e+00   6.40e-01   3.46e+00   0.00e+00 (  2.19e+02,  2.29e+02)
65      0.253   6.92e-01   1.22e+00   7.88e-01   3.72e+00   0.00e+00 (  2.05e+02,  2.17e+02)
70      0.264   7.36e-01   1.32e+00   9.31e-01   3.97e+00   0.00e+00 (  1.93e+02,  2.05e+02)
75      0.263   7.69e-01   1.38e+00   1.03e+00   4.06e+00   0.00e+00 (  1.82e+02,  1.93e+02)
80      0.257   7.68e-01   1.39e+00   1.07e+00   4.15e+00   0.00e+00 (  1.70e+02,  1.83e+02)
85      0.317   7.80e-01   1.40e+00   1.06e+00   6.19e+00   0.00e+00 (  1.47e+02,  1.73e+02)
90      0.591   1.32e+00   1.87e+00   1.21e+00   2.10e+01   0.00e+00 (  3.07e+02,  1.64e+02)
95      0.629   1.10e+00   1.58e+00   1.27e+00   3.98e+01   0.00e+00 (  5.80e+02,  1.56e+02)
46 e: 2.941e-04 i: 1.314e-03 :: e: 4.877e-02 i: 3.903e-02 :: n: 2.762e+01 e:24.593 i:34.637 v:4.993e+03
>>> tau_he = 5.000000, nhe(0)=3.623090e+00
 5     -0.075   2.14e-02   5.78e-01   7.71e-03  -3.51e-01   0.00e+00 (  1.48e+01,  5.84e+01)
10     -0.026   2.01e-01   3.60e-02  -6.50e-02  -1.57e-01   0.00e+00 (  1.19e+02,  1.13e+02)
15      0.119   2.36e-01   1.30e-01  -4.03e-02   8.48e-01   0.00e+00 (  1.18e+02,  1.57e+02)
20      0.072   2.28e-01   1.77e-01   2.49e-03   5.94e-01   0.00e+00 (  1.30e+02,  1.89e+02)
25      0.362   4.75e-01   4.98e-01   2.16e-01   3.36e+00   0.00e+00 (  2.98e+02,  2.18e+02)
30      0.215   4.24e-01   4.61e-01   1.84e-01   2.20e+00   0.00e+00 (  2.61e+02,  2.37e+02)
35      0.198   4.23e-01   5.02e-01   2.09e-01   2.20e+00   0.00e+00 (  2.60e+02,  2.49e+02)
40      0.185   4.34e-01   5.68e-01   1.81e-01   2.20e+00   0.00e+00 (  2.57e+02,  2.55e+02)
45      0.204   4.85e-01   6.99e-01   2.88e-01   2.58e+00   0.00e+00 (  2.55e+02,  2.54e+02)
50      0.223   5.47e-01   8.49e-01   3.56e-01   2.96e+00   0.00e+00 (  2.48e+02,  2.48e+02)
55      0.231   6.04e-01   9.94e-01   5.02e-01   3.19e+00   0.00e+00 (  2.36e+02,  2.39e+02)
60      0.241   6.52e-01   1.12e+00   6.47e-01   3.44e+00   0.00e+00 (  2.22e+02,  2.29e+02)
65      0.251   6.96e-01   1.23e+00   7.94e-01   3.69e+00   0.00e+00 (  2.08e+02,  2.17e+02)
70      0.259   7.46e-01   1.32e+00   9.28e-01   3.89e+00   0.00e+00 (  1.96e+02,  2.05e+02)
75      0.259   7.73e-01   1.38e+00   1.03e+00   4.00e+00   0.00e+00 (  1.84e+02,  1.93e+02)
80      0.253   7.69e-01   1.39e+00   1.07e+00   4.09e+00   0.00e+00 (  1.71e+02,  1.83e+02)
85      0.313   7.78e-01   1.40e+00   1.06e+00   6.12e+00   0.00e+00 (  1.47e+02,  1.73e+02)
90      0.590   1.32e+00   1.87e+00   1.21e+00   2.10e+01   0.00e+00 (  3.08e+02,  1.64e+02)
95      0.629   1.10e+00   1.58e+00   1.27e+00   3.98e+01   0.00e+00 (  5.80e+02,  1.56e+02)
47 e: 4.077e-04 i: 2.299e-03 :: e: 4.258e-02 i: 3.503e-02 :: n: 2.762e+01 e:24.516 i:34.825 v:4.993e+03
>>> tau_he = 5.000000, nhe(0)=3.629786e+00
 5     -0.073   2.14e-02   5.89e-01   7.55e-03  -3.44e-01   0.00e+00 (  1.47e+01,  5.84e+01)
10     -0.037   1.95e-01   3.02e-02  -6.21e-02  -2.20e-01   0.00e+00 (  1.16e+02,  1.13e+02)
15      0.647   7.24e-01   7.10e-01   1.61e-01   4.62e+00   0.00e+00 (  3.72e+02,  1.57e+02)
20      0.409   5.68e-01   5.75e-01   1.92e-01   3.38e+00   0.00e+00 (  3.32e+02,  1.89e+02)
25      0.344   4.57e-01   4.79e-01   2.02e-01   3.19e+00   0.00e+00 (  2.83e+02,  2.18e+02)
30      0.211   4.18e-01   4.52e-01   1.77e-01   2.16e+00   0.00e+00 (  2.55e+02,  2.37e+02)
35      0.195   4.19e-01   4.93e-01   2.04e-01   2.17e+00   0.00e+00 (  2.56e+02,  2.49e+02)
40      0.182   4.30e-01   5.59e-01   1.78e-01   2.17e+00   0.00e+00 (  2.52e+02,  2.55e+02)
45      0.201   4.79e-01   6.85e-01   2.82e-01   2.54e+00   0.00e+00 (  2.50e+02,  2.54e+02)
50      0.221   5.40e-01   8.31e-01   3.50e-01   2.93e+00   0.00e+00 (  2.43e+02,  2.48e+02)
55      0.229   5.96e-01   9.76e-01   4.93e-01   3.17e+00   0.00e+00 (  2.31e+02,  2.39e+02)
60      0.240   6.45e-01   1.10e+00   6.37e-01   3.43e+00   0.00e+00 (  2.17e+02,  2.29e+02)
65      0.251   6.90e-01   1.22e+00   7.84e-01   3.69e+00   0.00e+00 (  2.04e+02,  2.17e+02)
70      0.262   7.34e-01   1.32e+00   9.27e-01   3.95e+00   0.00e+00 (  1.91e+02,  2.05e+02)
75      0.262   7.66e-01   1.37e+00   1.03e+00   4.04e+00   0.00e+00 (  1.81e+02,  1.93e+02)
80      0.256   7.65e-01   1.38e+00   1.07e+00   4.13e+00   0.00e+00 (  1.69e+02,  1.83e+02)
85      0.315   7.78e-01   1.40e+00   1.06e+00   6.17e+00   0.00e+00 (  1.46e+02,  1.73e+02)
90      0.591   1.32e+00   1.87e+00   1.21e+00   2.10e+01   0.00e+00 (  3.07e+02,  1.64e+02)
95      0.629   1.10e+00   1.58e+00   1.27e+00   3.98e+01   0.00e+00 (  5.80e+02,  1.56e+02)
48 e: 5.219e-04 i: 2.825e-03 :: e: 5.309e-02 i: 4.227e-02 :: n: 2.762e+01 e:24.455 i:34.841 v:4.993e+03
>>> tau_he = 5.000000, nhe(0)=3.630570e+00
 5     -0.078   2.17e-02   5.78e-01   7.43e-03  -3.66e-01   0.00e+00 (  1.50e+01,  5.84e+01)
10     -0.019   2.08e-01   4.36e-02  -6.89e-02  -1.12e-01   0.00e+00 (  1.23e+02,  1.13e+02)
15      0.120   2.34e-01   1.27e-01  -3.82e-02   8.60e-01   0.00e+00 (  1.15e+02,  1.57e+02)
20      0.107   2.22e-01   1.68e-01  -2.08e-03   8.80e-01   0.00e+00 (  1.25e+02,  1.89e+02)
25      0.234   4.36e-01   4.61e-01   1.18e-01   2.17e+00   0.00e+00 (  2.67e+02,  2.18e+02)
30      0.215   4.23e-01   4.58e-01   1.81e-01   2.20e+00   0.00e+00 (  2.59e+02,  2.37e+02)
35      0.199   4.23e-01   5.00e-01   2.08e-01   2.21e+00   0.00e+00 (  2.60e+02,  2.49e+02)
40      0.186   4.33e-01   5.65e-01   1.81e-01   2.21e+00   0.00e+00 (  2.55e+02,  2.55e+02)
45      0.205   4.83e-01   6.93e-01   2.87e-01   2.59e+00   0.00e+00 (  2.53e+02,  2.54e+02)
50      0.224   5.44e-01   8.41e-01   3.53e-01   2.97e+00   0.00e+00 (  2.45e+02,  2.48e+02)
55      0.232   6.01e-01   9.87e-01   4.99e-01   3.21e+00   0.00e+00 (  2.33e+02,  2.39e+02)
60      0.242   6.48e-01   1.11e+00   6.43e-01   3.45e+00   0.00e+00 (  2.19e+02,  2.29e+02)
65      0.252   6.93e-01   1.23e+00   7.90e-01   3.70e+00   0.00e+00 (  2.06e+02,  2.17e+02)
70      0.262   7.37e-01   1.32e+00   9.32e-01   3.95e+00   0.00e+00 (  1.93e+02,  2.05e+02)
75      0.261   7.68e-01   1.38e+00   1.03e+00   4.03e+00   0.00e+00 (  1.82e+02,  1.93e+02)
80      0.254   7.67e-01   1.38e+00   1.07e+00   4.12e+00   0.00e+00 (  1.70e+02,  1.83e+02)
85      0.314   7.77e-01   1.40e+00   1.06e+00   6.15e+00   0.00e+00 (  1.47e+02,  1.73e+02)
90      0.591   1.32e+00   1.87e+00   1.21e+00   2.10e+01   0.00e+00 (  3.07e+02,  1.64e+02)
95      0.629   1.10e+00   1.58e+00   1.27e+00   3.98e+01   0.00e+00 (  5.80e+02,  1.56e+02)
49 e: 2.807e-04 i: 1.836e-03 :: e: 3.828e-02 i: 3.080e-02 :: n: 2.762e+01 e:24.549 i:34.771 v:4.993e+03
 plasma volume = 148.901419
 stored energy(e,i,b,a) = 6.078540e+01 5.722619e+01 0.000000e+00 0.000000e+00
 betan = 1.337980
*power
 Pnb(e,i) = 0.000000e+00 0.000000e+00
 Prf(e,i) = 1.245089e+01 2.756003e+01
 Prad     = -1.596685e+01 
 Pei      = -4.317062e+00 
 Pfuse    = 6.238979e+01 
 Pfusi    = 2.299040e+01 
 Poh      = 0.000000e+00 
*confinement time
 taut, tauITER98y2, H98y2 : 1.078477e+00 1.234213e+00 8.738182e-01
 taue, taui : 1.114168e+00 2.095625e+00
 taut, tau89, H89 : 1.078477e+00 6.599490e-01 1.634183e+00
*temperature
 nea, nebar : 1.865807e+01 2.143055e+01 
 tea, tia : 7.878265e+00 7.844617e+00 (1.004289e+00)
 te0, ti0 : 2.170731e+01 2.582021e+01 (8.407102e-01)
 Sn : 0.000000e+00 
*current balance
 Ip,Ibs,Inb,Irf: 1.000000e+01 2.104984e+00 0.000000e+00 3.059278e-01
 fni,fbs: 0.241 0.210

 plasma volume = 148.901419
 stored energy(e,i,b,a) = 6.078540e+01 5.722619e+01 0.000000e+00 0.000000e+00
 betan = 1.337980
*power
 Pnb(e,i) = 0.000000e+00 0.000000e+00
 Prf(e,i) = 1.245089e+01 2.756003e+01
 Prad     = -1.596685e+01 
 Pei      = -4.317062e+00 
 Pfuse    = 6.238979e+01 
 Pfusi    = 2.299040e+01 
 Poh      = 0.000000e+00 
*confinement time
 taut, tauITER98y2, H98y2 : 1.078477e+00 1.234213e+00 8.738182e-01
 taue, taui : 1.114168e+00 2.095625e+00
 taut, tau89, H89 : 1.078477e+00 6.599490e-01 1.634183e+00
*temperature
 nea, nebar : 1.865807e+01 2.143055e+01 
 tea, tia : 7.878265e+00 7.844617e+00 (1.004289e+00)
 te0, ti0 : 2.170731e+01 2.582021e+01 (8.407102e-01)
 Sn : 0.000000e+00 
*current balance
 Ip,Ibs,Inb,Irf: 1.000000e+01 2.104984e+00 0.000000e+00 3.059278e-01
 fni,fbs: 0.241 0.210
 ELAPASED TIME = 1925 sec

finalize
