NCAPTC: : NetCDF: Variable not found
Warning: ieee_overflow is signaling
Warning: ieee_underflow is signaling
Warning: ieee_inexact is signaling
FORTRAN STOP
 solver
 /global/common/software/atom/perlmutter/data/greentable/
 /global/common/software/atom/perlmutter/data/greentable/

          EFITD Version  07/09/2014


 type mode (2=file, 3=snap, 4=time, 5=input, 6=com file, 7=snap_ext):

 number of time slices?

 type input file names:
 #
 table_dir = </global/common/software/atom/perlmutter/data/greentable/>

  ----- time =     1 ms ----- ( 0)
 it=  1 chi2=0.00E+00 zm= 7.53E-03 err=5.202E+00 dz= 7.535E-03 chigam= 0.00E+00
 it=  2 chi2=0.00E+00 zm= 1.07E-02 err=8.827E-01 dz= 3.149E-03 chigam= 0.00E+00
 it=  3 chi2=0.00E+00 zm= 1.30E-02 err=4.907E-01 dz= 2.348E-03 chigam= 0.00E+00
 it=  4 chi2=0.00E+00 zm= 1.48E-02 err=2.844E-01 dz= 1.764E-03 chigam= 0.00E+00
 it=  5 chi2=0.00E+00 zm= 1.61E-02 err=1.688E-01 dz= 1.340E-03 chigam= 0.00E+00
 it=  6 chi2=0.00E+00 zm= 1.72E-02 err=1.067E-01 dz= 1.028E-03 chigam= 0.00E+00
 it=  7 chi2=0.00E+00 zm= 1.79E-02 err=6.136E-02 dz= 7.666E-04 chigam= 0.00E+00
 it=  8 chi2=0.00E+00 zm= 1.85E-02 err=3.381E-02 dz= 5.671E-04 chigam= 0.00E+00
 it=  9 chi2=0.00E+00 zm= 1.89E-02 err=2.453E-02 dz= 4.226E-04 chigam= 0.00E+00
 it= 10 chi2=0.00E+00 zm= 1.92E-02 err=1.737E-02 dz= 3.086E-04 chigam= 0.00E+00
 it= 11 chi2=0.00E+00 zm= 1.95E-02 err=1.147E-02 dz= 2.226E-04 chigam= 0.00E+00
 it= 12 chi2=0.00E+00 zm= 1.96E-02 err=6.661E-03 dz= 1.613E-04 chigam= 0.00E+00
 it= 13 chi2=0.00E+00 zm= 1.97E-02 err=3.895E-03 dz= 1.166E-04 chigam= 0.00E+00
 it= 14 chi2=0.00E+00 zm= 1.98E-02 err=2.292E-03 dz= 8.418E-05 chigam= 0.00E+00
 it= 15 chi2=0.00E+00 zm= 1.99E-02 err=1.357E-03 dz= 6.068E-05 chigam= 0.00E+00
 it= 16 chi2=0.00E+00 zm= 1.99E-02 err=8.798E-04 dz= 4.370E-05 chigam= 0.00E+00
 it= 17 chi2=0.00E+00 zm= 1.99E-02 err=6.093E-04 dz= 3.145E-05 chigam= 0.00E+00
 it= 18 chi2=0.00E+00 zm= 2.00E-02 err=4.233E-04 dz= 2.263E-05 chigam= 0.00E+00
 it= 19 chi2=0.00E+00 zm= 2.00E-02 err=2.948E-04 dz= 1.629E-05 chigam= 0.00E+00
 it= 20 chi2=0.00E+00 zm= 2.00E-02 err=2.058E-04 dz= 1.172E-05 chigam= 0.00E+00
 it= 21 chi2=0.00E+00 zm= 2.00E-02 err=1.440E-04 dz= 8.433E-06 chigam= 0.00E+00
 it= 22 chi2=0.00E+00 zm= 2.00E-02 err=1.010E-04 dz= 6.071E-06 chigam= 0.00E+00
 it= 23 chi2=0.00E+00 zm= 2.00E-02 err=7.098E-05 dz= 4.373E-06 chigam= 0.00E+00

      ******************** EFITD129 x 129  output ********************

       data used:   
  0 flux loops
  0 magnetic probes(i)
  0 full rogowski
  0 diamagnetic loop


 shot #   =          1 time(ms) =          1 chi**2   =  0.000E+00
 betat(%) =      1.204 betap    =      0.611 li       =      0.857
 vol(cm3) =  0.780E+07 rout(cm) =    172.202 zout(cm) =      0.750
 elong    =      1.350 utriang  =     -0.371 ltriang  =     -0.307
 a(cm)    =     41.433 lin(cm)  = ********** lout(cm) =     10.541
 ltop(cm) = ********** q*       =      2.334 rc(cm)   =    176.995
 zc(cm)   =      1.803 bt0(t)   =      2.000 qout     =      2.218
