NCAPTC: : NetCDF: Variable not found
Warning: ieee_overflow is signaling
Warning: ieee_underflow is signaling
Warning: ieee_inexact is signaling
FORTRAN STOP
 solver
 /global/common/software/atom/perlmutter/data/greentable/
 /global/common/software/atom/perlmutter/data/greentable/

          EFITD Version  07/09/2014


 type mode (2=file, 3=snap, 4=time, 5=input, 6=com file, 7=snap_ext):

 number of time slices?

 type input file names:
 #
 table_dir = </global/common/software/atom/perlmutter/data/greentable/>

  ----- time =     5 ms ----- ( 0)
 it=  1 chi2=0.00E+00 zm= 7.50E-03 err=4.533E+00 dz= 7.499E-03 chigam= 0.00E+00
 it=  2 chi2=0.00E+00 zm= 1.03E-02 err=1.006E+00 dz= 2.780E-03 chigam= 0.00E+00
 it=  3 chi2=0.00E+00 zm= 1.24E-02 err=5.418E-01 dz= 2.090E-03 chigam= 0.00E+00
 it=  4 chi2=0.00E+00 zm= 1.39E-02 err=2.938E-01 dz= 1.532E-03 chigam= 0.00E+00
 it=  5 chi2=0.00E+00 zm= 1.50E-02 err=1.589E-01 dz= 1.082E-03 chigam= 0.00E+00
 it=  6 chi2=0.00E+00 zm= 1.57E-02 err=8.899E-02 dz= 7.630E-04 chigam= 0.00E+00
 it=  7 chi2=0.00E+00 zm= 1.63E-02 err=5.030E-02 dz= 5.351E-04 chigam= 0.00E+00
 it=  8 chi2=0.00E+00 zm= 1.67E-02 err=2.884E-02 dz= 3.730E-04 chigam= 0.00E+00
 it=  9 chi2=0.00E+00 zm= 1.69E-02 err=1.825E-02 dz= 2.570E-04 chigam= 0.00E+00
 it= 10 chi2=0.00E+00 zm= 1.71E-02 err=1.157E-02 dz= 1.783E-04 chigam= 0.00E+00
 it= 11 chi2=0.00E+00 zm= 1.72E-02 err=7.506E-03 dz= 1.242E-04 chigam= 0.00E+00
 it= 12 chi2=0.00E+00 zm= 1.73E-02 err=4.924E-03 dz= 8.630E-05 chigam= 0.00E+00
 it= 13 chi2=0.00E+00 zm= 1.74E-02 err=2.929E-03 dz= 5.937E-05 chigam= 0.00E+00
 it= 14 chi2=0.00E+00 zm= 1.74E-02 err=2.133E-03 dz= 4.153E-05 chigam= 0.00E+00
 it= 15 chi2=0.00E+00 zm= 1.74E-02 err=1.202E-03 dz= 2.847E-05 chigam= 0.00E+00
 it= 16 chi2=0.00E+00 zm= 1.74E-02 err=7.370E-04 dz= 1.958E-05 chigam= 0.00E+00
 it= 17 chi2=0.00E+00 zm= 1.75E-02 err=7.567E-04 dz= 1.406E-05 chigam= 0.00E+00
 it= 18 chi2=0.00E+00 zm= 1.75E-02 err=3.287E-04 dz= 9.523E-06 chigam= 0.00E+00
 it= 19 chi2=0.00E+00 zm= 1.75E-02 err=1.421E-04 dz= 6.433E-06 chigam= 0.00E+00
 it= 20 chi2=0.00E+00 zm= 1.75E-02 err=8.069E-05 dz= 4.379E-06 chigam= 0.00E+00

      ******************** EFITD129 x 129  output ********************

       data used:   
  0 flux loops
  0 magnetic probes(i)
  0 full rogowski
  0 diamagnetic loop


 shot #   =          1 time(ms) =          5 chi**2   =  0.000E+00
 betat(%) =      1.116 betap    =      0.707 li       =      0.870
 vol(cm3) =  0.928E+07 rout(cm) =    170.946 zout(cm) =     -0.344
 elong    =      1.398 utriang  =     -0.490 ltriang  =     -0.490
 a(cm)    =     44.855 lin(cm)  = ********** lout(cm) =      0.907
 ltop(cm) = ********** q*       =      3.062 rc(cm)   =    177.485
 zc(cm)   =      1.382 bt0(t)   =      2.000 qout     =      2.872
