========================================================================
= FASTRAN

nonlinear model = 0
ichi = 0
ineo = 0
reading state...
read formatted input, inprof...
init geometry...
read formatted input, inmetric...
nrho in inmetric = 101
rhob in inmetric = 1.265786e+00
solve avg grad-shafranv...
solve_avg_gs::Ip_temp = 1.000105e+01 
solve_avg_gs::Ip      = 1.000000e+01 
>>> tau_he = 5.000000, nhe(0)=2.278764e+00

 plasma volume = 149.471418
 stored energy(e,i,b) = 6.482774e+01 5.893958e+01 0.000000e+00
 betan = 1.398622
*power
 Pnb(e,i) = 0.000000e+00 0.000000e+00
 Prf(e,i) = 6.484943e+00 1.352896e+01
 Prad     = -3.059808e+01 
 Pei      = 1.842328e+00 
 Pfuse    = 6.135711e+01 
 Pfusi    = 1.938904e+01 
 Poh      = 0.000000e+00 
*confinement time
 taut, tauITER98y2, H98y2 : 1.764023e+00 1.698933e+00 1.038312e+00
 taue, taui : 1.658580e+00 3.359009e+00
 taut, tau89, H89 : 1.764023e+00 8.276630e-01 2.131330e+00
*temperature
 nea, nebar : 1.945833e+01 2.196479e+01 
 tea, tia : 8.374776e+00 8.434155e+00 (9.929597e-01)
 te0, ti0 : 1.881350e+01 1.901367e+01 (9.894724e-01)
 Sn : 0.000000e+00 
*current balance
 Ip,Ibs,Inb,Irf: 1.000000e+01 2.111812e+00 0.000000e+00 9.812364e-02
 fni,fbs: 0.221 0.211

Time advancing...
rho_bdry 0.950000 ...
te_bdry = 3.741993
ti_bdry = 3.741797
ne_bdry = 14.453942
rv_bdry = 100.762170
nrho_tr_bdry = 19
drho_bdry = 0.000000e+00
nrhob = 95
 [    0] t = 0.0000 
>>> tau_he = 5.000000, nhe(0)=2.259552e+00
 5     -0.002   3.34e-03   1.27e-01   2.36e-03  -9.00e-03   0.00e+00 (  6.12e-01,  3.08e+01)
10     -0.000   1.67e-04  -1.01e-03  -7.70e-04  -1.11e-03   0.00e+00 (  3.88e-02,  6.06e+01)
15     -0.000   3.29e-04  -1.52e-03  -5.91e-04  -3.03e-03   0.00e+00 (  9.01e-02,  8.93e+01)
20     -0.001   2.74e-04  -2.36e-03  -1.67e-03  -6.48e-03   0.00e+00 (  8.43e-02,  1.11e+02)
25      0.000   4.31e-03  -5.52e-03  -2.27e-03   4.25e-03   0.00e+00 (  1.44e+00,  1.30e+02)
30      0.003   4.28e-02  -1.44e-02   4.62e-03   3.05e-02   0.00e+00 (  1.52e+01,  1.46e+02)
35      0.026   1.11e-01  -2.17e-03   3.73e-02   2.64e-01   0.00e+00 (  4.09e+01,  1.59e+02)
40      0.041   1.71e-01   6.50e-02   7.30e-02   4.47e-01   0.00e+00 (  6.37e+01,  1.69e+02)
45      0.057   2.36e-01   1.31e-01   7.87e-02   6.64e-01   0.00e+00 (  8.75e+01,  1.75e+02)
50      0.080   3.02e-01   2.30e-01   1.86e-01   9.76e-01   0.00e+00 (  1.10e+02,  1.77e+02)
55      0.115   3.82e-01   4.09e-01   2.35e-01   1.46e+00   0.00e+00 (  1.35e+02,  1.75e+02)
60      0.172   4.88e-01   6.06e-01   3.77e-01   2.28e+00   0.00e+00 (  1.63e+02,  1.71e+02)
65      0.271   6.43e-01   1.01e+00   6.88e-01   3.71e+00   0.00e+00 (  2.02e+02,  1.64e+02)
70      0.311   7.26e-01   1.24e+00   9.26e-01   4.36e+00   0.00e+00 (  2.09e+02,  1.56e+02)
75      0.325   7.68e-01   1.38e+00   1.11e+00   4.66e+00   0.00e+00 (  1.99e+02,  1.47e+02)
80      0.311   7.28e-01   1.40e+00   1.16e+00   4.55e+00   0.00e+00 (  1.66e+02,  1.38e+02)
85      0.270   6.06e-01   1.24e+00   1.05e+00   4.01e+00   0.00e+00 (  1.18e+02,  1.29e+02)
90      0.229   5.03e-01   1.04e+00   9.00e-01   3.74e+00   0.00e+00 (  8.35e+01,  1.20e+02)
95      2.324   4.78e+00   6.24e+00   4.71e+00   1.49e+02   0.00e+00 (  2.64e+03,  1.12e+02)
 0 e: 1.102e-06 i: 4.830e-06 :: e: 0.000e+00 i: 0.000e+00 :: n: 2.762e+01 e:18.813 i:19.014 v:4.993e+03
>>> tau_he = 5.000000, nhe(0)=2.251511e+00
 5     -0.002   3.56e-03   1.50e-01   2.51e-03  -8.12e-03   0.00e+00 (  6.39e-01,  3.08e+01)
10     -0.000   1.69e-04  -1.05e-03  -7.86e-04  -1.10e-03   0.00e+00 (  3.91e-02,  6.06e+01)
15     -0.001   3.26e-04  -1.78e-03  -7.67e-04  -3.31e-03   0.00e+00 (  8.95e-02,  8.93e+01)
20     -0.001   2.74e-04  -2.42e-03  -1.72e-03  -6.60e-03   0.00e+00 (  8.46e-02,  1.11e+02)
25      0.000   4.73e-03  -5.68e-03  -2.29e-03   4.26e-03   0.00e+00 (  1.60e+00,  1.30e+02)
30      0.003   4.38e-02  -1.44e-02   4.72e-03   2.82e-02   0.00e+00 (  1.56e+01,  1.46e+02)
35      0.027   1.14e-01   1.24e-03   3.60e-02   2.80e-01   0.00e+00 (  4.17e+01,  1.59e+02)
40      0.041   1.72e-01   6.78e-02   7.36e-02   4.48e-01   0.00e+00 (  6.43e+01,  1.69e+02)
45      0.059   2.36e-01   1.36e-01   7.93e-02   6.84e-01   0.00e+00 (  8.80e+01,  1.75e+02)
50      0.084   3.06e-01   2.43e-01   1.91e-01   1.02e+00   0.00e+00 (  1.12e+02,  1.77e+02)
55      0.117   3.86e-01   4.21e-01   2.36e-01   1.50e+00   0.00e+00 (  1.37e+02,  1.75e+02)
60      0.184   4.98e-01   6.42e-01   3.98e-01   2.43e+00   0.00e+00 (  1.67e+02,  1.71e+02)
65      0.263   6.33e-01   9.91e-01   6.77e-01   3.60e+00   0.00e+00 (  1.96e+02,  1.64e+02)
70      0.300   7.10e-01   1.20e+00   9.02e-01   4.20e+00   0.00e+00 (  2.02e+02,  1.56e+02)
75      0.312   7.47e-01   1.33e+00   1.07e+00   4.47e+00   0.00e+00 (  1.91e+02,  1.47e+02)
80      0.300   7.09e-01   1.35e+00   1.12e+00   4.39e+00   0.00e+00 (  1.60e+02,  1.38e+02)
85      0.275   6.17e-01   1.26e+00   1.07e+00   4.08e+00   0.00e+00 (  1.21e+02,  1.29e+02)
90      0.273   6.32e-01   1.31e+00   1.17e+00   4.45e+00   0.00e+00 (  1.25e+02,  1.20e+02)
95      2.137   4.67e+00   5.89e+00   4.27e+00   1.37e+02   0.00e+00 (  2.19e+03,  1.12e+02)
 1 e: 5.789e-02 i: 1.765e-01 :: e: 2.690e-02 i: 3.890e-02 :: n: 2.762e+01 e:18.787 i:18.945 v:4.993e+03
>>> tau_he = 5.000000, nhe(0)=2.699538e+00
 5     -0.003   6.62e-03   3.61e-01   3.78e-03  -1.16e-02   0.00e+00 (  1.35e+00,  3.08e+01)
10     -0.001   1.29e-03  -3.45e-03  -1.21e-03  -2.77e-03   0.00e+00 (  4.91e-01,  6.06e+01)
15      0.020   7.77e-02  -2.31e-02   9.83e-03   1.34e-01   0.00e+00 (  4.37e+01,  8.93e+01)
20      0.018   1.26e-01   3.86e-02   2.98e-02   1.33e-01   0.00e+00 (  8.90e+01,  1.11e+02)
25      0.016   2.20e-01   1.01e-01   5.07e-02   1.38e-01   0.00e+00 (  1.74e+02,  1.30e+02)
30      0.041   2.43e-01   1.73e-01   5.80e-02   3.85e-01   0.00e+00 (  1.72e+02,  1.46e+02)
35      0.163   3.38e-01   4.25e-01   1.80e-01   1.66e+00   0.00e+00 (  1.96e+02,  1.59e+02)
40      0.190   3.56e-01   5.21e-01   1.83e-01   2.09e+00   0.00e+00 (  1.82e+02,  1.69e+02)
45      0.229   4.06e-01   6.52e-01   2.84e-01   2.65e+00   0.00e+00 (  1.84e+02,  1.75e+02)
50      0.280   4.93e-01   9.20e-01   4.14e-01   3.42e+00   0.00e+00 (  1.98e+02,  1.77e+02)
55      0.249   5.15e-01   9.98e-01   5.31e-01   3.18e+00   0.00e+00 (  1.79e+02,  1.75e+02)
60      0.171   4.37e-01   7.95e-01   4.89e-01   2.26e+00   0.00e+00 (  1.27e+02,  1.71e+02)
65      0.152   4.17e-01   7.37e-01   4.86e-01   2.08e+00   0.00e+00 (  9.91e+01,  1.64e+02)
70      0.144   4.07e-01   7.01e-01   5.26e-01   2.02e+00   0.00e+00 (  8.49e+01,  1.56e+02)
75      0.150   4.29e-01   7.47e-01   6.12e-01   2.15e+00   0.00e+00 (  8.26e+01,  1.47e+02)
80      0.157   4.72e-01   8.49e-01   7.12e-01   2.30e+00   0.00e+00 (  9.03e+01,  1.38e+02)
85      0.158   5.32e-01   9.67e-01   8.25e-01   2.35e+00   0.00e+00 (  1.09e+02,  1.29e+02)
90      0.158   5.70e-01   1.02e+00   8.95e-01   2.58e+00   0.00e+00 (  1.23e+02,  1.20e+02)
95      2.177   4.84e+00   6.07e+00   4.31e+00   1.40e+02   0.00e+00 (  2.17e+03,  1.12e+02)
 2 e: 3.607e-02 i: 1.376e-02 :: e: 3.249e-01 i: 3.880e-01 :: n: 2.762e+01 e:23.020 i:23.388 v:4.993e+03
>>> tau_he = 5.000000, nhe(0)=2.894623e+00
 5     -0.007   7.86e-03   4.47e-01   4.72e-03  -3.25e-02   0.00e+00 (  2.31e+00,  3.08e+01)
10     -0.006   2.47e-02   4.20e-02  -4.69e-04  -3.38e-02   0.00e+00 (  1.44e+01,  6.06e+01)
15     -0.100   1.39e-01   3.97e-02   1.69e-02  -6.58e-01   0.00e+00 (  1.15e+02,  8.93e+01)
20     -0.135   2.20e-01   9.47e-02   4.07e-02  -1.02e+00   0.00e+00 (  2.18e+02,  1.11e+02)
25     -0.120   2.69e-01   1.44e-01   4.54e-02  -1.03e+00   0.00e+00 (  2.79e+02,  1.30e+02)
30      0.083   3.86e-01   3.93e-01   2.28e-01   7.81e-01   0.00e+00 (  3.52e+02,  1.46e+02)
35      0.141   3.54e-01   4.08e-01   2.05e-01   1.44e+00   0.00e+00 (  2.58e+02,  1.59e+02)
40      0.125   3.48e-01   4.11e-01   1.72e-01   1.37e+00   0.00e+00 (  2.11e+02,  1.69e+02)
45      0.159   3.64e-01   5.05e-01   2.31e-01   1.85e+00   0.00e+00 (  1.81e+02,  1.75e+02)
50      0.188   4.00e-01   6.38e-01   2.68e-01   2.29e+00   0.00e+00 (  1.60e+02,  1.77e+02)
55      0.127   3.37e-01   5.02e-01   2.87e-01   1.62e+00   0.00e+00 (  1.07e+02,  1.75e+02)
60      0.127   3.27e-01   5.13e-01   3.25e-01   1.69e+00   0.00e+00 (  8.11e+01,  1.71e+02)
65      0.123   2.94e-01   4.68e-01   3.23e-01   1.67e+00   0.00e+00 (  5.61e+01,  1.64e+02)
70      0.120   2.77e-01   4.55e-01   3.55e-01   1.69e+00   0.00e+00 (  4.40e+01,  1.56e+02)
75      0.132   2.91e-01   5.01e-01   4.29e-01   1.89e+00   0.00e+00 (  4.11e+01,  1.47e+02)
80      0.153   3.33e-01   6.10e-01   5.35e-01   2.23e+00   0.00e+00 (  4.54e+01,  1.38e+02)
85      0.176   3.78e-01   7.55e-01   6.50e-01   2.62e+00   0.00e+00 (  5.39e+01,  1.29e+02)
90      0.199   4.24e-01   8.75e-01   7.60e-01   3.25e+00   0.00e+00 (  6.20e+01,  1.20e+02)
95      2.156   4.93e+00   6.01e+00   4.25e+00   1.39e+02   0.00e+00 (  2.05e+03,  1.12e+02)
 3 e: 9.897e-04 i: 7.091e-03 :: e: 4.614e-01 i: 4.783e-01 :: n: 2.762e+01 e:25.459 i:26.016 v:4.993e+03
>>> tau_he = 5.000000, nhe(0)=2.906114e+00
 5     -0.010   7.80e-03   4.36e-01   5.02e-03  -4.22e-02   0.00e+00 (  2.61e+00,  3.08e+01)
10     -0.029   3.73e-02   8.70e-02   2.04e-03  -1.58e-01   0.00e+00 (  2.44e+01,  6.06e+01)
15     -0.151   1.15e-01   1.63e-02  -3.68e-03  -9.93e-01   0.00e+00 (  1.00e+02,  8.93e+01)
20     -0.124   1.98e-01   1.02e-01  -3.42e-03  -9.45e-01   0.00e+00 (  1.98e+02,  1.11e+02)
25     -0.003   4.06e-01   4.58e-01   2.95e-01  -2.91e-02   0.00e+00 (  4.14e+02,  1.30e+02)
30      0.120   3.80e-01   4.18e-01   2.58e-01   1.13e+00   0.00e+00 (  3.41e+02,  1.46e+02)
35      0.161   3.60e-01   4.45e-01   2.31e-01   1.65e+00   0.00e+00 (  2.68e+02,  1.59e+02)
40      0.168   3.64e-01   5.16e-01   2.04e-01   1.84e+00   0.00e+00 (  2.28e+02,  1.69e+02)
45      0.184   3.86e-01   6.05e-01   2.55e-01   2.14e+00   0.00e+00 (  1.97e+02,  1.75e+02)
50      0.209   4.29e-01   7.68e-01   3.39e-01   2.55e+00   0.00e+00 (  1.76e+02,  1.77e+02)
55      0.193   4.28e-01   8.03e-01   4.32e-01   2.46e+00   0.00e+00 (  1.41e+02,  1.75e+02)
60      0.137   3.53e-01   6.18e-01   3.89e-01   1.82e+00   0.00e+00 (  9.09e+01,  1.71e+02)
65      0.127   3.16e-01   5.51e-01   3.73e-01   1.74e+00   0.00e+00 (  6.28e+01,  1.64e+02)
70      0.116   2.83e-01   4.91e-01   3.79e-01   1.63e+00   0.00e+00 (  4.69e+01,  1.56e+02)
75      0.116   2.76e-01   4.87e-01   4.15e-01   1.67e+00   0.00e+00 (  4.03e+01,  1.47e+02)
80      0.120   2.88e-01   5.23e-01   4.62e-01   1.75e+00   0.00e+00 (  4.01e+01,  1.38e+02)
85      0.132   3.16e-01   5.97e-01   5.23e-01   1.96e+00   0.00e+00 (  4.52e+01,  1.29e+02)
90      0.144   3.41e-01   6.50e-01   5.74e-01   2.35e+00   0.00e+00 (  4.92e+01,  1.20e+02)
95      2.171   4.97e+00   6.09e+00   4.28e+00   1.40e+02   0.00e+00 (  2.06e+03,  1.12e+02)
 4 e: 4.953e-03 i: 3.493e-03 :: e: 4.471e-01 i: 5.011e-01 :: n: 2.762e+01 e:26.021 i:26.207 v:4.993e+03
>>> tau_he = 5.000000, nhe(0)=2.859509e+00
 5     -0.011   7.21e-03   4.10e-01   4.99e-03  -4.63e-02   0.00e+00 (  2.54e+00,  3.08e+01)
10     -0.035   3.84e-02   8.75e-02   2.76e-03  -1.93e-01   0.00e+00 (  2.58e+01,  6.06e+01)
15     -0.164   1.11e-01   2.27e-02  -4.63e-03  -1.08e+00   0.00e+00 (  9.56e+01,  8.93e+01)
20     -0.028   1.93e-01   1.07e-01   2.60e-03  -2.14e-01   0.00e+00 (  1.80e+02,  1.11e+02)
25     -0.055   2.26e-01   1.45e-01   3.54e-02  -4.67e-01   0.00e+00 (  2.02e+02,  1.30e+02)
30      0.081   3.39e-01   3.57e-01   1.79e-01   7.66e-01   0.00e+00 (  2.74e+02,  1.46e+02)
35      0.117   3.27e-01   3.85e-01   1.83e-01   1.20e+00   0.00e+00 (  2.27e+02,  1.59e+02)
40      0.112   3.30e-01   4.02e-01   1.71e-01   1.23e+00   0.00e+00 (  1.95e+02,  1.69e+02)
45      0.143   3.48e-01   4.91e-01   2.21e-01   1.66e+00   0.00e+00 (  1.68e+02,  1.75e+02)
50      0.168   3.75e-01   6.07e-01   2.51e-01   2.06e+00   0.00e+00 (  1.44e+02,  1.77e+02)
55      0.122   3.22e-01   4.96e-01   2.84e-01   1.55e+00   0.00e+00 (  9.93e+01,  1.75e+02)
60      0.129   3.22e-01   5.27e-01   3.34e-01   1.71e+00   0.00e+00 (  7.83e+01,  1.71e+02)
65      0.127   2.97e-01   4.98e-01   3.42e-01   1.74e+00   0.00e+00 (  5.57e+01,  1.64e+02)
70      0.120   2.71e-01   4.60e-01   3.59e-01   1.68e+00   0.00e+00 (  4.18e+01,  1.56e+02)
75      0.122   2.66e-01   4.65e-01   4.00e-01   1.75e+00   0.00e+00 (  3.56e+01,  1.47e+02)
80      0.132   2.82e-01   5.15e-01   4.60e-01   1.92e+00   0.00e+00 (  3.52e+01,  1.38e+02)
85      0.145   3.06e-01   5.89e-01   5.15e-01   2.16e+00   0.00e+00 (  3.81e+01,  1.29e+02)
90      0.161   3.34e-01   6.55e-01   5.76e-01   2.63e+00   0.00e+00 (  4.09e+01,  1.20e+02)
95      2.162   4.99e+00   6.05e+00   4.25e+00   1.39e+02   0.00e+00 (  2.02e+03,  1.12e+02)
 5 e: 1.418e-03 i: 3.475e-03 :: e: 4.036e-01 i: 4.295e-01 :: n: 2.762e+01 e:24.641 i:25.532 v:4.993e+03
>>> tau_he = 5.000000, nhe(0)=2.746994e+00
 5     -0.010   6.20e-03   3.56e-01   4.91e-03  -4.21e-02   0.00e+00 (  2.21e+00,  3.08e+01)
10     -0.034   3.55e-02   8.39e-02   3.06e-03  -1.89e-01   0.00e+00 (  2.37e+01,  6.06e+01)
15     -0.111   1.31e-01   9.09e-02  -4.53e-03  -7.29e-01   0.00e+00 (  1.09e+02,  8.93e+01)
20     -0.022   1.56e-01   1.11e-01  -6.52e-04  -1.65e-01   0.00e+00 (  1.36e+02,  1.11e+02)
25     -0.026   1.98e-01   1.54e-01   4.25e-02  -2.21e-01   0.00e+00 (  1.64e+02,  1.30e+02)
30      0.020   2.42e-01   1.97e-01   4.71e-02   1.85e-01   0.00e+00 (  1.80e+02,  1.46e+02)
35      0.108   3.17e-01   3.87e-01   1.78e-01   1.10e+00   0.00e+00 (  2.07e+02,  1.59e+02)
40      0.130   3.30e-01   4.65e-01   1.78e-01   1.42e+00   0.00e+00 (  1.87e+02,  1.69e+02)
45      0.139   3.42e-01   5.18e-01   2.28e-01   1.62e+00   0.00e+00 (  1.61e+02,  1.75e+02)
50      0.164   3.80e-01   6.42e-01   2.71e-01   2.01e+00   0.00e+00 (  1.45e+02,  1.77e+02)
55      0.121   3.31e-01   5.35e-01   3.02e-01   1.55e+00   0.00e+00 (  1.03e+02,  1.75e+02)
60      0.129   3.33e-01   5.66e-01   3.57e-01   1.70e+00   0.00e+00 (  8.32e+01,  1.71e+02)
65      0.130   3.14e-01   5.46e-01   3.72e-01   1.77e+00   0.00e+00 (  6.15e+01,  1.64e+02)
70      0.121   2.86e-01   4.97e-01   3.84e-01   1.69e+00   0.00e+00 (  4.65e+01,  1.56e+02)
75      0.119   2.73e-01   4.84e-01   4.13e-01   1.71e+00   0.00e+00 (  3.87e+01,  1.47e+02)
80      0.119   2.74e-01   5.00e-01   4.44e-01   1.74e+00   0.00e+00 (  3.60e+01,  1.38e+02)
85      0.128   2.86e-01   5.42e-01   4.78e-01   1.90e+00   0.00e+00 (  3.73e+01,  1.29e+02)
90      0.134   2.94e-01   5.50e-01   4.94e-01   2.19e+00   0.00e+00 (  3.73e+01,  1.20e+02)
95      2.170   5.00e+00   6.09e+00   4.26e+00   1.40e+02   0.00e+00 (  2.03e+03,  1.12e+02)
 6 e: 3.461e-03 i: 1.835e-03 :: e: 3.521e-01 i: 3.898e-01 :: n: 2.762e+01 e:24.029 i:24.032 v:4.993e+03
>>> tau_he = 5.000000, nhe(0)=2.680506e+00
 5     -0.009   5.65e-03   3.30e-01   4.62e-03  -3.95e-02   0.00e+00 (  1.96e+00,  3.08e+01)
10     -0.029   3.03e-02   7.01e-02   2.82e-03  -1.58e-01   0.00e+00 (  1.92e+01,  6.06e+01)
15     -0.043   1.12e-01   6.51e-02   3.97e-03  -2.84e-01   0.00e+00 (  8.59e+01,  8.93e+01)
20     -0.013   1.41e-01   9.14e-02   4.71e-03  -1.02e-01   0.00e+00 (  1.12e+02,  1.11e+02)
25      0.001   1.72e-01   1.25e-01   3.11e-02   1.08e-02   0.00e+00 (  1.29e+02,  1.30e+02)
30      0.022   2.11e-01   1.75e-01   6.27e-02   2.10e-01   0.00e+00 (  1.42e+02,  1.46e+02)
35      0.086   2.84e-01   3.24e-01   1.52e-01   8.76e-01   0.00e+00 (  1.66e+02,  1.59e+02)
40      0.103   2.88e-01   3.86e-01   1.79e-01   1.13e+00   0.00e+00 (  1.47e+02,  1.69e+02)
45      0.112   3.01e-01   4.22e-01   1.96e-01   1.30e+00   0.00e+00 (  1.29e+02,  1.75e+02)
50      0.136   3.33e-01   5.15e-01   2.21e-01   1.66e+00   0.00e+00 (  1.16e+02,  1.77e+02)
55      0.111   2.99e-01   4.58e-01   2.61e-01   1.42e+00   0.00e+00 (  8.67e+01,  1.75e+02)
60      0.121   3.05e-01   4.95e-01   3.15e-01   1.61e+00   0.00e+00 (  7.15e+01,  1.71e+02)
65      0.128   2.96e-01   5.01e-01   3.44e-01   1.75e+00   0.00e+00 (  5.51e+01,  1.64e+02)
70      0.124   2.78e-01   4.79e-01   3.72e-01   1.74e+00   0.00e+00 (  4.32e+01,  1.56e+02)
75      0.126   2.74e-01   4.82e-01   4.14e-01   1.80e+00   0.00e+00 (  3.70e+01,  1.47e+02)
80      0.132   2.82e-01   5.17e-01   4.61e-01   1.93e+00   0.00e+00 (  3.51e+01,  1.38e+02)
85      0.140   2.94e-01   5.63e-01   4.94e-01   2.08e+00   0.00e+00 (  3.58e+01,  1.29e+02)
90      0.151   3.13e-01   6.00e-01   5.29e-01   2.46e+00   0.00e+00 (  3.66e+01,  1.20e+02)
95      2.163   5.01e+00   6.06e+00   4.25e+00   1.39e+02   0.00e+00 (  2.01e+03,  1.12e+02)
 7 e: 5.778e-04 i: 2.350e-03 :: e: 3.056e-01 i: 3.334e-01 :: n: 2.762e+01 e:22.464 i:23.214 v:4.993e+03
>>> tau_he = 5.000000, nhe(0)=2.571055e+00
 5     -0.008   4.93e-03   2.90e-01   4.47e-03  -3.53e-02   0.00e+00 (  1.70e+00,  3.08e+01)
10     -0.010   2.84e-02   6.33e-02   2.99e-03  -5.77e-02   0.00e+00 (  1.76e+01,  6.06e+01)
15     -0.032   1.03e-01   6.52e-02   2.84e-03  -2.11e-01   0.00e+00 (  7.54e+01,  8.93e+01)
20     -0.005   1.24e-01   9.19e-02   7.94e-03  -3.69e-02   0.00e+00 (  9.48e+01,  1.11e+02)
25      0.006   1.59e-01   1.28e-01   3.60e-02   4.92e-02   0.00e+00 (  1.15e+02,  1.30e+02)
30      0.024   1.97e-01   1.81e-01   6.95e-02   2.23e-01   0.00e+00 (  1.27e+02,  1.46e+02)
35      0.082   2.64e-01   3.23e-01   1.60e-01   8.41e-01   0.00e+00 (  1.47e+02,  1.59e+02)
40      0.098   2.79e-01   3.90e-01   1.93e-01   1.07e+00   0.00e+00 (  1.37e+02,  1.69e+02)
45      0.122   3.06e-01   4.68e-01   2.01e-01   1.42e+00   0.00e+00 (  1.27e+02,  1.75e+02)
50      0.130   3.25e-01   5.22e-01   2.29e-01   1.58e+00   0.00e+00 (  1.11e+02,  1.77e+02)
55      0.108   2.98e-01   4.93e-01   2.58e-01   1.38e+00   0.00e+00 (  8.63e+01,  1.75e+02)
60      0.117   3.05e-01   5.06e-01   3.20e-01   1.55e+00   0.00e+00 (  7.22e+01,  1.71e+02)
65      0.126   3.01e-01   5.19e-01   3.55e-01   1.73e+00   0.00e+00 (  5.75e+01,  1.64e+02)
70      0.122   2.85e-01   4.97e-01   3.84e-01   1.72e+00   0.00e+00 (  4.59e+01,  1.56e+02)
75      0.123   2.78e-01   4.93e-01   4.21e-01   1.76e+00   0.00e+00 (  3.91e+01,  1.47e+02)
80      0.122   2.76e-01   5.05e-01   4.49e-01   1.78e+00   0.00e+00 (  3.58e+01,  1.38e+02)
85      0.129   2.82e-01   5.34e-01   4.71e-01   1.91e+00   0.00e+00 (  3.56e+01,  1.29e+02)
90      0.133   2.84e-01   5.29e-01   4.72e-01   2.16e+00   0.00e+00 (  3.44e+01,  1.20e+02)
95      2.168   5.01e+00   6.08e+00   4.26e+00   1.39e+02   0.00e+00 (  2.02e+03,  1.12e+02)
 8 e: 2.179e-03 i: 7.563e-04 :: e: 2.747e-01 i: 3.036e-01 :: n: 2.762e+01 e:22.057 i:21.985 v:4.993e+03
>>> tau_he = 5.000000, nhe(0)=2.524186e+00
 5     -0.008   4.64e-03   2.75e-01   4.20e-03  -3.31e-02   0.00e+00 (  1.55e+00,  3.08e+01)
10     -0.008   2.28e-02   5.15e-02   9.55e-04  -4.54e-02   0.00e+00 (  1.35e+01,  6.06e+01)
15     -0.019   9.26e-02   5.10e-02   4.65e-03  -1.28e-01   0.00e+00 (  6.36e+01,  8.93e+01)
20      0.004   1.12e-01   7.82e-02   1.09e-02   3.17e-02   0.00e+00 (  7.93e+01,  1.11e+02)
25      0.014   1.56e-01   1.30e-01   3.28e-02   1.18e-01   0.00e+00 (  1.04e+02,  1.30e+02)
30      0.026   1.82e-01   1.60e-01   6.48e-02   2.49e-01   0.00e+00 (  1.08e+02,  1.46e+02)
35      0.038   1.91e-01   2.04e-01   1.02e-01   3.87e-01   0.00e+00 (  9.76e+01,  1.59e+02)
40      0.082   2.50e-01   3.32e-01   1.81e-01   8.95e-01   0.00e+00 (  1.12e+02,  1.69e+02)
45      0.077   2.39e-01   3.19e-01   1.48e-01   8.97e-01   0.00e+00 (  9.13e+01,  1.75e+02)
50      0.111   2.87e-01   4.33e-01   1.97e-01   1.36e+00   0.00e+00 (  9.13e+01,  1.77e+02)
55      0.102   2.74e-01   4.34e-01   2.32e-01   1.31e+00   0.00e+00 (  7.42e+01,  1.75e+02)
60      0.112   2.81e-01   4.55e-01   2.93e-01   1.48e+00   0.00e+00 (  6.30e+01,  1.71e+02)
65      0.124   2.85e-01   4.80e-01   3.31e-01   1.70e+00   0.00e+00 (  5.17e+01,  1.64e+02)
70      0.124   2.77e-01   4.78e-01   3.71e-01   1.74e+00   0.00e+00 (  4.27e+01,  1.56e+02)
75      0.127   2.76e-01   4.89e-01   4.19e-01   1.83e+00   0.00e+00 (  3.73e+01,  1.47e+02)
80      0.133   2.83e-01   5.20e-01   4.63e-01   1.94e+00   0.00e+00 (  3.51e+01,  1.38e+02)
85      0.138   2.89e-01   5.52e-01   4.85e-01   2.05e+00   0.00e+00 (  3.47e+01,  1.29e+02)
90      0.147   3.04e-01   5.76e-01   5.09e-01   2.40e+00   0.00e+00 (  3.47e+01,  1.20e+02)
95      2.163   5.02e+00   6.06e+00   4.25e+00   1.39e+02   0.00e+00 (  2.01e+03,  1.12e+02)
 9 e: 1.864e-04 i: 1.240e-03 :: e: 2.632e-01 i: 2.552e-01 :: n: 2.762e+01 e:20.878 i:21.486 v:4.993e+03
>>> tau_he = 5.000000, nhe(0)=2.438110e+00
 5     -0.007   4.20e-03   2.49e-01   4.09e-03  -3.02e-02   0.00e+00 (  1.39e+00,  3.08e+01)
10     -0.008   2.14e-02   5.02e-02   6.68e-04  -4.30e-02   0.00e+00 (  1.25e+01,  6.06e+01)
15     -0.015   8.66e-02   5.27e-02   6.40e-03  -9.75e-02   0.00e+00 (  5.80e+01,  8.93e+01)
20      0.007   1.05e-01   8.03e-02   1.37e-02   5.02e-02   0.00e+00 (  7.30e+01,  1.11e+02)
25      0.016   1.46e-01   1.33e-01   3.72e-02   1.37e-01   0.00e+00 (  9.53e+01,  1.30e+02)
30      0.028   1.75e-01   1.67e-01   8.28e-02   2.67e-01   0.00e+00 (  1.02e+02,  1.46e+02)
35      0.039   1.87e-01   2.13e-01   1.12e-01   3.96e-01   0.00e+00 (  9.42e+01,  1.59e+02)
40      0.078   2.47e-01   3.38e-01   1.88e-01   8.57e-01   0.00e+00 (  1.09e+02,  1.69e+02)
45      0.077   2.37e-01   3.32e-01   1.55e-01   8.92e-01   0.00e+00 (  8.94e+01,  1.75e+02)
50      0.107   2.84e-01   4.40e-01   2.01e-01   1.31e+00   0.00e+00 (  8.93e+01,  1.77e+02)
55      0.100   2.74e-01   4.45e-01   2.38e-01   1.28e+00   0.00e+00 (  7.39e+01,  1.75e+02)
60      0.108   2.81e-01   4.61e-01   2.95e-01   1.43e+00   0.00e+00 (  6.33e+01,  1.71e+02)
65      0.122   2.87e-01   4.89e-01   3.36e-01   1.66e+00   0.00e+00 (  5.31e+01,  1.64e+02)
70      0.122   2.80e-01   4.87e-01   3.77e-01   1.71e+00   0.00e+00 (  4.42e+01,  1.56e+02)
75      0.124   2.77e-01   4.93e-01   4.21e-01   1.77e+00   0.00e+00 (  3.86e+01,  1.47e+02)
80      0.126   2.77e-01   5.10e-01   4.48e-01   1.84e+00   0.00e+00 (  3.55e+01,  1.38e+02)
85      0.128   2.78e-01   5.24e-01   4.63e-01   1.91e+00   0.00e+00 (  3.43e+01,  1.29e+02)
90      0.131   2.76e-01   5.12e-01   4.58e-01   2.14e+00   0.00e+00 (  3.23e+01,  1.20e+02)
95      2.167   5.02e+00   6.08e+00   4.26e+00   1.39e+02   0.00e+00 (  2.01e+03,  1.12e+02)
10 e: 1.188e-03 i: 2.487e-04 :: e: 2.443e-01 i: 2.374e-01 :: n: 2.762e+01 e:20.701 i:20.631 v:4.993e+03
>>> tau_he = 5.000000, nhe(0)=2.413114e+00
 5     -0.007   4.07e-03   2.42e-01   3.90e-03  -2.88e-02   0.00e+00 (  1.31e+00,  3.08e+01)
10     -0.007   1.90e-02   4.42e-02   4.51e-04  -3.68e-02   0.00e+00 (  1.06e+01,  6.06e+01)
15     -0.008   7.97e-02   4.31e-02   7.03e-03  -5.25e-02   0.00e+00 (  5.08e+01,  8.93e+01)
20      0.009   9.82e-02   7.07e-02   1.44e-02   6.60e-02   0.00e+00 (  6.46e+01,  1.11e+02)
25      0.018   1.37e-01   1.19e-01   3.51e-02   1.55e-01   0.00e+00 (  8.46e+01,  1.30e+02)
30      0.027   1.60e-01   1.49e-01   7.20e-02   2.54e-01   0.00e+00 (  8.75e+01,  1.46e+02)
35      0.044   1.76e-01   1.88e-01   9.98e-02   4.54e-01   0.00e+00 (  8.36e+01,  1.59e+02)
40      0.055   2.00e-01   2.34e-01   1.36e-01   6.02e-01   0.00e+00 (  8.30e+01,  1.69e+02)
45      0.071   2.20e-01   2.92e-01   1.47e-01   8.27e-01   0.00e+00 (  7.84e+01,  1.75e+02)
50      0.081   2.33e-01   3.35e-01   1.68e-01   9.87e-01   0.00e+00 (  6.94e+01,  1.77e+02)
55      0.095   2.55e-01   4.00e-01   2.21e-01   1.22e+00   0.00e+00 (  6.53e+01,  1.75e+02)
60      0.104   2.62e-01   4.24e-01   2.68e-01   1.38e+00   0.00e+00 (  5.65e+01,  1.71e+02)
65      0.120   2.73e-01   4.58e-01   3.17e-01   1.64e+00   0.00e+00 (  4.85e+01,  1.64e+02)
70      0.123   2.72e-01   4.70e-01   3.66e-01   1.72e+00   0.00e+00 (  4.14e+01,  1.56e+02)
75      0.127   2.75e-01   4.87e-01   4.17e-01   1.82e+00   0.00e+00 (  3.68e+01,  1.47e+02)
80      0.132   2.80e-01   5.15e-01   4.59e-01   1.93e+00   0.00e+00 (  3.45e+01,  1.38e+02)
85      0.136   2.83e-01   5.37e-01   4.72e-01   2.02e+00   0.00e+00 (  3.33e+01,  1.29e+02)
90      0.137   2.83e-01   5.25e-01   4.66e-01   2.24e+00   0.00e+00 (  3.14e+01,  1.20e+02)
95      2.163   5.02e+00   6.07e+00   4.25e+00   1.39e+02   0.00e+00 (  2.00e+03,  1.12e+02)
11 e: 8.356e-05 i: 6.086e-04 :: e: 2.529e-01 i: 2.411e-01 :: n: 2.762e+01 e:19.869 i:20.388 v:4.993e+03
>>> tau_he = 5.000000, nhe(0)=2.350786e+00
 5     -0.006   3.79e-03   2.25e-01   3.83e-03  -2.69e-02   0.00e+00 (  1.21e+00,  3.08e+01)
10     -0.006   1.85e-02   4.43e-02   4.48e-04  -3.54e-02   0.00e+00 (  1.03e+01,  6.06e+01)
15     -0.006   7.69e-02   4.59e-02   8.31e-03  -3.69e-02   0.00e+00 (  4.85e+01,  8.93e+01)
20      0.010   9.50e-02   7.37e-02   1.62e-02   7.67e-02   0.00e+00 (  6.17e+01,  1.11e+02)
25      0.018   1.35e-01   1.23e-01   3.88e-02   1.57e-01   0.00e+00 (  8.22e+01,  1.30e+02)
30      0.026   1.60e-01   1.55e-01   7.74e-02   2.45e-01   0.00e+00 (  8.67e+01,  1.46e+02)
35      0.045   1.75e-01   1.97e-01   1.07e-01   4.57e-01   0.00e+00 (  8.31e+01,  1.59e+02)
40      0.056   2.01e-01   2.47e-01   1.48e-01   6.12e-01   0.00e+00 (  8.32e+01,  1.69e+02)
45      0.072   2.21e-01   3.07e-01   1.53e-01   8.32e-01   0.00e+00 (  7.90e+01,  1.75e+02)
50      0.083   2.37e-01   3.42e-01   1.71e-01   1.02e+00   0.00e+00 (  7.10e+01,  1.77e+02)
55      0.094   2.57e-01   4.13e-01   2.30e-01   1.20e+00   0.00e+00 (  6.63e+01,  1.75e+02)
60      0.101   2.62e-01   4.37e-01   2.71e-01   1.34e+00   0.00e+00 (  5.70e+01,  1.71e+02)
65      0.118   2.76e-01   4.67e-01   3.22e-01   1.61e+00   0.00e+00 (  4.99e+01,  1.64e+02)
70      0.121   2.75e-01   4.77e-01   3.70e-01   1.69e+00   0.00e+00 (  4.28e+01,  1.56e+02)
75      0.124   2.75e-01   4.88e-01   4.17e-01   1.77e+00   0.00e+00 (  3.78e+01,  1.47e+02)
80      0.123   2.71e-01   4.98e-01   4.43e-01   1.79e+00   0.00e+00 (  3.42e+01,  1.38e+02)
85      0.127   2.72e-01   5.11e-01   4.52e-01   1.89e+00   0.00e+00 (  3.28e+01,  1.29e+02)
90      0.129   2.70e-01   4.94e-01   4.44e-01   2.10e+00   0.00e+00 (  3.06e+01,  1.20e+02)
95      2.167   5.03e+00   6.08e+00   4.26e+00   1.39e+02   0.00e+00 (  2.01e+03,  1.12e+02)
12 e: 6.101e-04 i: 1.068e-04 :: e: 2.311e-01 i: 2.189e-01 :: n: 2.762e+01 e:19.868 i:19.815 v:4.993e+03
>>> tau_he = 5.000000, nhe(0)=2.344356e+00
 5     -0.006   3.75e-03   2.23e-01   3.71e-03  -2.62e-02   0.00e+00 (  1.17e+00,  3.08e+01)
10     -0.005   1.64e-02   4.02e-02   4.74e-04  -2.87e-02   0.00e+00 (  8.88e+00,  6.06e+01)
15     -0.007   7.29e-02   3.94e-02   8.66e-03  -4.88e-02   0.00e+00 (  4.43e+01,  8.93e+01)
20     -0.002   9.79e-02   7.92e-02   1.30e-02  -1.16e-02   0.00e+00 (  6.12e+01,  1.11e+02)
25      0.020   1.29e-01   1.12e-01   3.65e-02   1.67e-01   0.00e+00 (  7.50e+01,  1.30e+02)
30      0.034   1.51e-01   1.38e-01   6.85e-02   3.20e-01   0.00e+00 (  7.88e+01,  1.46e+02)
35      0.044   1.68e-01   1.80e-01   9.93e-02   4.46e-01   0.00e+00 (  7.69e+01,  1.59e+02)
40      0.053   1.92e-01   2.25e-01   1.32e-01   5.83e-01   0.00e+00 (  7.66e+01,  1.69e+02)
45      0.068   2.10e-01   2.77e-01   1.46e-01   7.88e-01   0.00e+00 (  7.23e+01,  1.75e+02)
50      0.080   2.25e-01   3.21e-01   1.65e-01   9.73e-01   0.00e+00 (  6.51e+01,  1.77e+02)
55      0.091   2.43e-01   3.80e-01   2.16e-01   1.16e+00   0.00e+00 (  6.06e+01,  1.75e+02)
60      0.099   2.50e-01   4.09e-01   2.56e-01   1.32e+00   0.00e+00 (  5.25e+01,  1.71e+02)
65      0.117   2.67e-01   4.45e-01   3.09e-01   1.60e+00   0.00e+00 (  4.66e+01,  1.64e+02)
70      0.122   2.70e-01   4.65e-01   3.62e-01   1.71e+00   0.00e+00 (  4.07e+01,  1.56e+02)
75      0.127   2.74e-01   4.85e-01   4.16e-01   1.82e+00   0.00e+00 (  3.65e+01,  1.47e+02)
80      0.131   2.78e-01   5.10e-01   4.56e-01   1.91e+00   0.00e+00 (  3.39e+01,  1.38e+02)
85      0.133   2.77e-01   5.24e-01   4.62e-01   1.98e+00   0.00e+00 (  3.21e+01,  1.29e+02)
90      0.134   2.77e-01   5.08e-01   4.52e-01   2.19e+00   0.00e+00 (  3.00e+01,  1.20e+02)
95      2.163   5.03e+00   6.07e+00   4.25e+00   1.39e+02   0.00e+00 (  2.00e+03,  1.12e+02)
13 e: 1.103e-04 i: 2.914e-04 :: e: 2.216e-01 i: 2.155e-01 :: n: 2.762e+01 e:19.291 i:19.753 v:4.993e+03
>>> tau_he = 5.000000, nhe(0)=2.300998e+00
 5     -0.006   3.58e-03   2.12e-01   3.68e-03  -2.50e-02   0.00e+00 (  1.12e+00,  3.08e+01)
10     -0.005   1.63e-02   4.12e-02   5.30e-04  -2.83e-02   0.00e+00 (  8.82e+00,  6.06e+01)
15     -0.006   7.16e-02   4.26e-02   9.57e-03  -3.96e-02   0.00e+00 (  4.34e+01,  8.93e+01)
20     -0.001   9.63e-02   8.24e-02   1.48e-02  -5.51e-03   0.00e+00 (  5.99e+01,  1.11e+02)
25      0.020   1.27e-01   1.17e-01   3.95e-02   1.69e-01   0.00e+00 (  7.41e+01,  1.30e+02)
30      0.034   1.51e-01   1.45e-01   7.37e-02   3.19e-01   0.00e+00 (  7.91e+01,  1.46e+02)
35      0.044   1.70e-01   1.90e-01   1.06e-01   4.50e-01   0.00e+00 (  7.82e+01,  1.59e+02)
40      0.054   1.95e-01   2.38e-01   1.42e-01   5.91e-01   0.00e+00 (  7.85e+01,  1.69e+02)
45      0.069   2.14e-01   2.93e-01   1.52e-01   7.98e-01   0.00e+00 (  7.45e+01,  1.75e+02)
50      0.081   2.30e-01   3.29e-01   1.68e-01   9.84e-01   0.00e+00 (  6.73e+01,  1.77e+02)
55      0.091   2.45e-01   3.95e-01   2.24e-01   1.16e+00   0.00e+00 (  6.21e+01,  1.75e+02)
60      0.099   2.55e-01   4.22e-01   2.63e-01   1.31e+00   0.00e+00 (  5.47e+01,  1.71e+02)
65      0.117   2.72e-01   4.59e-01   3.17e-01   1.60e+00   0.00e+00 (  4.87e+01,  1.64e+02)
70      0.121   2.74e-01   4.76e-01   3.69e-01   1.69e+00   0.00e+00 (  4.24e+01,  1.56e+02)
75      0.124   2.75e-01   4.89e-01   4.18e-01   1.78e+00   0.00e+00 (  3.77e+01,  1.47e+02)
80      0.123   2.70e-01   4.97e-01   4.43e-01   1.80e+00   0.00e+00 (  3.39e+01,  1.38e+02)
85      0.126   2.69e-01   5.05e-01   4.47e-01   1.88e+00   0.00e+00 (  3.19e+01,  1.29e+02)
90      0.127   2.67e-01   4.84e-01   4.35e-01   2.08e+00   0.00e+00 (  2.96e+01,  1.20e+02)
95      2.166   5.03e+00   6.08e+00   4.25e+00   1.39e+02   0.00e+00 (  2.00e+03,  1.12e+02)
14 e: 3.069e-04 i: 1.040e-04 :: e: 1.983e-01 i: 1.895e-01 :: n: 2.762e+01 e:19.414 i:19.372 v:4.993e+03
>>> tau_he = 5.000000, nhe(0)=2.307450e+00
 5     -0.006   3.60e-03   2.13e-01   3.60e-03  -2.48e-02   0.00e+00 (  1.10e+00,  3.08e+01)
10     -0.005   1.52e-02   3.78e-02   3.57e-04  -2.59e-02   0.00e+00 (  8.03e+00,  6.06e+01)
15     -0.009   6.87e-02   3.70e-02   9.55e-03  -5.88e-02   0.00e+00 (  4.05e+01,  8.93e+01)
20      0.001   9.29e-02   7.43e-02   1.46e-02   1.01e-02   0.00e+00 (  5.61e+01,  1.11e+02)
25      0.020   1.24e-01   1.07e-01   3.71e-02   1.73e-01   0.00e+00 (  6.98e+01,  1.30e+02)
30      0.038   1.54e-01   1.52e-01   6.87e-02   3.53e-01   0.00e+00 (  7.81e+01,  1.46e+02)
35      0.043   1.65e-01   1.76e-01   9.80e-02   4.37e-01   0.00e+00 (  7.42e+01,  1.59e+02)
40      0.053   1.89e-01   2.21e-01   1.27e-01   5.75e-01   0.00e+00 (  7.42e+01,  1.69e+02)
45      0.066   2.06e-01   2.68e-01   1.44e-01   7.72e-01   0.00e+00 (  6.98e+01,  1.75e+02)
50      0.078   2.23e-01   3.15e-01   1.64e-01   9.57e-01   0.00e+00 (  6.38e+01,  1.77e+02)
55      0.089   2.39e-01   3.71e-01   2.14e-01   1.14e+00   0.00e+00 (  5.91e+01,  1.75e+02)
60      0.098   2.47e-01   4.02e-01   2.52e-01   1.29e+00   0.00e+00 (  5.17e+01,  1.71e+02)
65      0.117   2.67e-01   4.45e-01   3.09e-01   1.60e+00   0.00e+00 (  4.67e+01,  1.64e+02)
70      0.123   2.72e-01   4.70e-01   3.65e-01   1.73e+00   0.00e+00 (  4.12e+01,  1.56e+02)
75      0.128   2.77e-01   4.91e-01   4.20e-01   1.84e+00   0.00e+00 (  3.71e+01,  1.47e+02)
80      0.132   2.80e-01   5.14e-01   4.58e-01   1.93e+00   0.00e+00 (  3.42e+01,  1.38e+02)
85      0.133   2.76e-01   5.21e-01   4.59e-01   1.98e+00   0.00e+00 (  3.18e+01,  1.29e+02)
90      0.133   2.75e-01   5.01e-01   4.46e-01   2.18e+00   0.00e+00 (  2.94e+01,  1.20e+02)
95      2.163   5.03e+00   6.07e+00   4.25e+00   1.39e+02   0.00e+00 (  1.99e+03,  1.12e+02)
15 e: 1.690e-04 i: 1.285e-04 :: e: 1.824e-01 i: 1.796e-01 :: n: 2.762e+01 e:19.010 i:19.424 v:4.993e+03
>>> tau_he = 5.000000, nhe(0)=2.278620e+00
 5     -0.006   3.49e-03   2.06e-01   3.59e-03  -2.40e-02   0.00e+00 (  1.07e+00,  3.08e+01)
10     -0.005   1.54e-02   3.92e-02   4.31e-04  -2.60e-02   0.00e+00 (  8.16e+00,  6.06e+01)
15     -0.008   6.89e-02   3.99e-02   1.02e-02  -5.51e-02   0.00e+00 (  4.07e+01,  8.93e+01)
20      0.002   9.27e-02   7.80e-02   1.59e-02   1.20e-02   0.00e+00 (  5.61e+01,  1.11e+02)
25      0.020   1.24e-01   1.13e-01   3.96e-02   1.74e-01   0.00e+00 (  7.02e+01,  1.30e+02)
30      0.038   1.54e-01   1.59e-01   7.34e-02   3.55e-01   0.00e+00 (  7.91e+01,  1.46e+02)
35      0.043   1.68e-01   1.86e-01   1.04e-01   4.41e-01   0.00e+00 (  7.65e+01,  1.59e+02)
40      0.053   1.93e-01   2.33e-01   1.36e-01   5.84e-01   0.00e+00 (  7.70e+01,  1.69e+02)
45      0.068   2.11e-01   2.84e-01   1.50e-01   7.89e-01   0.00e+00 (  7.31e+01,  1.75e+02)
50      0.080   2.28e-01   3.25e-01   1.67e-01   9.74e-01   0.00e+00 (  6.69e+01,  1.77e+02)
55      0.090   2.43e-01   3.89e-01   2.22e-01   1.15e+00   0.00e+00 (  6.15e+01,  1.75e+02)
60      0.098   2.54e-01   4.17e-01   2.60e-01   1.29e+00   0.00e+00 (  5.46e+01,  1.71e+02)
65      0.118   2.75e-01   4.63e-01   3.19e-01   1.61e+00   0.00e+00 (  4.95e+01,  1.64e+02)
70      0.123   2.79e-01   4.84e-01   3.75e-01   1.73e+00   0.00e+00 (  4.35e+01,  1.56e+02)
75      0.127   2.81e-01   5.00e-01   4.27e-01   1.82e+00   0.00e+00 (  3.88e+01,  1.47e+02)
80      0.129   2.80e-01   5.14e-01   4.58e-01   1.88e+00   0.00e+00 (  3.52e+01,  1.38e+02)
85      0.128   2.72e-01   5.12e-01   4.52e-01   1.91e+00   0.00e+00 (  3.22e+01,  1.29e+02)
90      0.128   2.67e-01   4.84e-01   4.35e-01   2.09e+00   0.00e+00 (  2.94e+01,  1.20e+02)
95      2.166   5.03e+00   6.08e+00   4.25e+00   1.39e+02   0.00e+00 (  2.00e+03,  1.12e+02)
16 e: 1.466e-04 i: 1.328e-04 :: e: 1.566e-01 i: 1.520e-01 :: n: 2.762e+01 e:19.216 i:19.177 v:4.993e+03
>>> tau_he = 5.000000, nhe(0)=2.294335e+00
 5     -0.006   3.54e-03   2.09e-01   3.55e-03  -2.41e-02   0.00e+00 (  1.07e+00,  3.08e+01)
10     -0.004   1.46e-02   3.65e-02   2.87e-04  -2.43e-02   0.00e+00 (  7.60e+00,  6.06e+01)
15     -0.007   6.71e-02   3.50e-02   9.77e-03  -4.40e-02   0.00e+00 (  3.89e+01,  8.93e+01)
20      0.002   9.00e-02   7.12e-02   2.16e-02   1.35e-02   0.00e+00 (  5.33e+01,  1.11e+02)
25      0.029   1.19e-01   1.02e-01   3.54e-02   2.50e-01   0.00e+00 (  6.63e+01,  1.30e+02)
30      0.037   1.52e-01   1.48e-01   6.81e-02   3.52e-01   0.00e+00 (  7.63e+01,  1.46e+02)
35      0.042   1.65e-01   1.74e-01   9.66e-02   4.33e-01   0.00e+00 (  7.37e+01,  1.59e+02)
40      0.052   1.89e-01   2.19e-01   1.23e-01   5.71e-01   0.00e+00 (  7.42e+01,  1.69e+02)
45      0.070   2.10e-01   2.64e-01   1.46e-01   8.15e-01   0.00e+00 (  7.13e+01,  1.75e+02)
50      0.078   2.24e-01   3.15e-01   1.65e-01   9.56e-01   0.00e+00 (  6.47e+01,  1.77e+02)
55      0.090   2.42e-01   3.69e-01   2.15e-01   1.15e+00   0.00e+00 (  6.03e+01,  1.75e+02)
60      0.097   2.51e-01   4.02e-01   2.52e-01   1.29e+00   0.00e+00 (  5.31e+01,  1.71e+02)
65      0.119   2.73e-01   4.54e-01   3.15e-01   1.63e+00   0.00e+00 (  4.84e+01,  1.64e+02)
70      0.126   2.79e-01   4.83e-01   3.75e-01   1.77e+00   0.00e+00 (  4.30e+01,  1.56e+02)
75      0.132   2.84e-01   5.06e-01   4.32e-01   1.89e+00   0.00e+00 (  3.87e+01,  1.47e+02)
80      0.135   2.86e-01   5.27e-01   4.68e-01   1.97e+00   0.00e+00 (  3.54e+01,  1.38e+02)
85      0.135   2.80e-01   5.29e-01   4.67e-01   2.00e+00   0.00e+00 (  3.24e+01,  1.29e+02)
90      0.135   2.77e-01   5.06e-01   4.50e-01   2.20e+00   0.00e+00 (  2.96e+01,  1.20e+02)
95      2.163   5.03e+00   6.07e+00   4.25e+00   1.39e+02   0.00e+00 (  1.99e+03,  1.12e+02)
17 e: 2.267e-04 i: 4.786e-05 :: e: 1.409e-01 i: 1.401e-01 :: n: 2.762e+01 e:18.935 i:19.309 v:4.993e+03
>>> tau_he = 5.000000, nhe(0)=2.277011e+00
 5     -0.005   3.48e-03   2.05e-01   3.57e-03  -2.36e-02   0.00e+00 (  1.06e+00,  3.08e+01)
10     -0.004   1.50e-02   3.81e-02   3.79e-04  -2.47e-02   0.00e+00 (  7.86e+00,  6.06e+01)
15     -0.007   6.80e-02   3.79e-02   1.03e-02  -4.43e-02   0.00e+00 (  3.97e+01,  8.93e+01)
20      0.002   9.10e-02   7.52e-02   1.92e-02   1.85e-02   0.00e+00 (  5.43e+01,  1.11e+02)
25      0.021   1.22e-01   1.10e-01   3.94e-02   1.78e-01   0.00e+00 (  6.86e+01,  1.30e+02)
30      0.038   1.54e-01   1.56e-01   7.23e-02   3.55e-01   0.00e+00 (  7.81e+01,  1.46e+02)
35      0.043   1.69e-01   1.83e-01   1.02e-01   4.38e-01   0.00e+00 (  7.66e+01,  1.59e+02)
40      0.053   1.94e-01   2.31e-01   1.31e-01   5.80e-01   0.00e+00 (  7.77e+01,  1.69e+02)
45      0.067   2.13e-01   2.82e-01   1.50e-01   7.83e-01   0.00e+00 (  7.39e+01,  1.75e+02)
50      0.080   2.31e-01   3.25e-01   1.68e-01   9.78e-01   0.00e+00 (  6.85e+01,  1.77e+02)
55      0.090   2.49e-01   3.89e-01   2.22e-01   1.14e+00   0.00e+00 (  6.37e+01,  1.75e+02)
60      0.098   2.58e-01   4.20e-01   2.62e-01   1.30e+00   0.00e+00 (  5.62e+01,  1.71e+02)
65      0.121   2.83e-01   4.76e-01   3.28e-01   1.65e+00   0.00e+00 (  5.17e+01,  1.64e+02)
70      0.127   2.88e-01   5.01e-01   3.88e-01   1.78e+00   0.00e+00 (  4.58e+01,  1.56e+02)
75      0.131   2.91e-01   5.19e-01   4.41e-01   1.88e+00   0.00e+00 (  4.09e+01,  1.47e+02)
80      0.133   2.89e-01   5.32e-01   4.73e-01   1.94e+00   0.00e+00 (  3.69e+01,  1.38e+02)
85      0.132   2.78e-01   5.27e-01   4.64e-01   1.96e+00   0.00e+00 (  3.33e+01,  1.29e+02)
90      0.131   2.72e-01   4.97e-01   4.45e-01   2.13e+00   0.00e+00 (  3.01e+01,  1.20e+02)
95      2.165   5.03e+00   6.08e+00   4.25e+00   1.39e+02   0.00e+00 (  2.00e+03,  1.12e+02)
18 e: 6.238e-05 i: 1.673e-04 :: e: 1.151e-01 i: 1.117e-01 :: n: 2.762e+01 e:19.198 i:19.162 v:4.993e+03
>>> tau_he = 5.000000, nhe(0)=2.299544e+00
 5     -0.005   3.57e-03   2.10e-01   3.55e-03  -2.39e-02   0.00e+00 (  1.07e+00,  3.08e+01)
10     -0.004   1.44e-02   3.60e-02   2.44e-04  -2.35e-02   0.00e+00 (  7.46e+00,  6.06e+01)
15     -0.006   6.69e-02   3.35e-02   9.74e-03  -3.77e-02   0.00e+00 (  3.85e+01,  8.93e+01)
20      0.003   8.95e-02   6.94e-02   2.15e-02   1.93e-02   0.00e+00 (  5.26e+01,  1.11e+02)
25      0.027   1.19e-01   1.01e-01   3.54e-02   2.32e-01   0.00e+00 (  6.58e+01,  1.30e+02)
30      0.037   1.52e-01   1.47e-01   6.74e-02   3.53e-01   0.00e+00 (  7.62e+01,  1.46e+02)
35      0.042   1.67e-01   1.73e-01   9.52e-02   4.32e-01   0.00e+00 (  7.49e+01,  1.59e+02)
40      0.052   1.92e-01   2.18e-01   1.20e-01   5.70e-01   0.00e+00 (  7.59e+01,  1.69e+02)
45      0.070   2.13e-01   2.64e-01   1.48e-01   8.15e-01   0.00e+00 (  7.33e+01,  1.75e+02)
50      0.079   2.28e-01   3.10e-01   1.62e-01   9.64e-01   0.00e+00 (  6.69e+01,  1.77e+02)
55      0.089   2.46e-01   3.73e-01   2.15e-01   1.14e+00   0.00e+00 (  6.21e+01,  1.75e+02)
60      0.098   2.57e-01   4.08e-01   2.55e-01   1.30e+00   0.00e+00 (  5.55e+01,  1.71e+02)
65      0.123   2.83e-01   4.71e-01   3.25e-01   1.68e+00   0.00e+00 (  5.13e+01,  1.64e+02)
70      0.131   2.91e-01   5.04e-01   3.90e-01   1.83e+00   0.00e+00 (  4.58e+01,  1.56e+02)
75      0.136   2.96e-01   5.29e-01   4.49e-01   1.96e+00   0.00e+00 (  4.13e+01,  1.47e+02)
80      0.139   2.97e-01   5.49e-01   4.86e-01   2.03e+00   0.00e+00 (  3.75e+01,  1.38e+02)
85      0.139   2.88e-01   5.48e-01   4.82e-01   2.06e+00   0.00e+00 (  3.39e+01,  1.29e+02)
90      0.138   2.83e-01   5.22e-01   4.63e-01   2.25e+00   0.00e+00 (  3.07e+01,  1.20e+02)
95      2.162   5.03e+00   6.06e+00   4.25e+00   1.39e+02   0.00e+00 (  2.00e+03,  1.12e+02)
19 e: 2.724e-04 i: 1.354e-05 :: e: 1.004e-01 i: 1.012e-01 :: n: 2.762e+01 e:19.012 i:19.354 v:4.993e+03
>>> tau_he = 5.000000, nhe(0)=2.291077e+00
 5     -0.005   3.54e-03   2.07e-01   3.58e-03  -2.36e-02   0.00e+00 (  1.07e+00,  3.08e+01)
10     -0.004   1.49e-02   3.77e-02   3.35e-04  -2.41e-02   0.00e+00 (  7.78e+00,  6.06e+01)
15     -0.006   6.83e-02   3.63e-02   1.02e-02  -3.97e-02   0.00e+00 (  3.96e+01,  8.93e+01)
20      0.002   9.06e-02   7.31e-02   2.28e-02   1.68e-02   0.00e+00 (  5.38e+01,  1.11e+02)
25      0.030   1.21e-01   1.05e-01   3.69e-02   2.56e-01   0.00e+00 (  6.76e+01,  1.30e+02)
30      0.038   1.55e-01   1.54e-01   7.11e-02   3.57e-01   0.00e+00 (  7.89e+01,  1.46e+02)
35      0.043   1.71e-01   1.82e-01   1.00e-01   4.37e-01   0.00e+00 (  7.83e+01,  1.59e+02)
40      0.053   1.97e-01   2.31e-01   1.27e-01   5.79e-01   0.00e+00 (  7.99e+01,  1.69e+02)
45      0.068   2.16e-01   2.82e-01   1.51e-01   7.85e-01   0.00e+00 (  7.64e+01,  1.75e+02)
50      0.081   2.38e-01   3.30e-01   1.69e-01   9.95e-01   0.00e+00 (  7.19e+01,  1.77e+02)
55      0.091   2.55e-01   3.93e-01   2.24e-01   1.16e+00   0.00e+00 (  6.65e+01,  1.75e+02)
60      0.099   2.67e-01   4.27e-01   2.66e-01   1.32e+00   0.00e+00 (  5.95e+01,  1.71e+02)
65      0.125   2.95e-01   4.95e-01   3.40e-01   1.71e+00   0.00e+00 (  5.52e+01,  1.64e+02)
70      0.132   3.01e-01   5.25e-01   4.04e-01   1.85e+00   0.00e+00 (  4.90e+01,  1.56e+02)
75      0.137   3.04e-01   5.45e-01   4.61e-01   1.96e+00   0.00e+00 (  4.39e+01,  1.47e+02)
80      0.138   3.02e-01   5.59e-01   4.93e-01   2.02e+00   0.00e+00 (  3.95e+01,  1.38e+02)
85      0.136   2.89e-01   5.51e-01   4.84e-01   2.03e+00   0.00e+00 (  3.52e+01,  1.29e+02)
90      0.135   2.80e-01   5.19e-01   4.61e-01   2.20e+00   0.00e+00 (  3.15e+01,  1.20e+02)
95      2.164   5.02e+00   6.07e+00   4.25e+00   1.39e+02   0.00e+00 (  2.00e+03,  1.12e+02)
20 e: 2.274e-05 i: 1.949e-04 :: e: 7.492e-02 i: 7.219e-02 :: n: 2.762e+01 e:19.315 i:19.283 v:4.993e+03
>>> tau_he = 5.000000, nhe(0)=2.318269e+00
 5     -0.006   3.65e-03   2.14e-01   3.59e-03  -2.41e-02   0.00e+00 (  1.09e+00,  3.08e+01)
10     -0.004   1.45e-02   3.59e-02   2.13e-04  -2.33e-02   0.00e+00 (  7.49e+00,  6.06e+01)
15     -0.005   6.78e-02   3.25e-02   9.71e-03  -3.50e-02   0.00e+00 (  3.90e+01,  8.93e+01)
20      0.003   9.02e-02   6.84e-02   2.12e-02   2.14e-02   0.00e+00 (  5.30e+01,  1.11e+02)
25      0.028   1.20e-01   1.00e-01   3.51e-02   2.35e-01   0.00e+00 (  6.67e+01,  1.30e+02)
30      0.038   1.55e-01   1.46e-01   6.66e-02   3.55e-01   0.00e+00 (  7.78e+01,  1.46e+02)
35      0.042   1.70e-01   1.73e-01   9.41e-02   4.33e-01   0.00e+00 (  7.74e+01,  1.59e+02)
40      0.052   1.96e-01   2.19e-01   1.17e-01   5.71e-01   0.00e+00 (  7.89e+01,  1.69e+02)
45      0.071   2.18e-01   2.67e-01   1.49e-01   8.22e-01   0.00e+00 (  7.65e+01,  1.75e+02)
50      0.081   2.36e-01   3.16e-01   1.64e-01   9.85e-01   0.00e+00 (  7.10e+01,  1.77e+02)
55      0.090   2.53e-01   3.81e-01   2.18e-01   1.15e+00   0.00e+00 (  6.57e+01,  1.75e+02)
60      0.100   2.66e-01   4.14e-01   2.63e-01   1.33e+00   0.00e+00 (  5.90e+01,  1.71e+02)
65      0.128   2.96e-01   4.92e-01   3.39e-01   1.75e+00   0.00e+00 (  5.52e+01,  1.64e+02)
70      0.136   3.05e-01   5.29e-01   4.08e-01   1.91e+00   0.00e+00 (  4.94e+01,  1.56e+02)
75      0.142   3.11e-01   5.57e-01   4.70e-01   2.04e+00   0.00e+00 (  4.46e+01,  1.47e+02)
80      0.145   3.11e-01   5.78e-01   5.08e-01   2.12e+00   0.00e+00 (  4.04e+01,  1.38e+02)
85      0.144   2.99e-01   5.75e-01   5.04e-01   2.13e+00   0.00e+00 (  3.62e+01,  1.29e+02)
90      0.148   3.04e-01   5.74e-01   5.07e-01   2.42e+00   0.00e+00 (  3.39e+01,  1.20e+02)
95      2.162   5.02e+00   6.06e+00   4.25e+00   1.39e+02   0.00e+00 (  2.00e+03,  1.12e+02)
21 e: 2.978e-04 i: 3.145e-06 :: e: 5.880e-02 i: 6.054e-02 :: n: 2.762e+01 e:19.200 i:19.518 v:4.993e+03
>>> tau_he = 5.000000, nhe(0)=2.316300e+00
 5     -0.006   3.64e-03   2.14e-01   3.64e-03  -2.40e-02   0.00e+00 (  1.10e+00,  3.08e+01)
10     -0.004   1.51e-02   3.76e-02   2.95e-04  -2.40e-02   0.00e+00 (  7.86e+00,  6.06e+01)
15     -0.006   6.96e-02   3.52e-02   1.01e-02  -3.76e-02   0.00e+00 (  4.04e+01,  8.93e+01)
20      0.001   9.07e-02   7.22e-02   2.25e-02   5.80e-03   0.00e+00 (  5.39e+01,  1.11e+02)
25      0.030   1.23e-01   1.05e-01   3.63e-02   2.60e-01   0.00e+00 (  6.90e+01,  1.30e+02)
30      0.038   1.58e-01   1.53e-01   7.00e-02   3.60e-01   0.00e+00 (  8.09e+01,  1.46e+02)
35      0.043   1.75e-01   1.82e-01   9.85e-02   4.39e-01   0.00e+00 (  8.12e+01,  1.59e+02)
40      0.053   2.02e-01   2.31e-01   1.23e-01   5.81e-01   0.00e+00 (  8.32e+01,  1.69e+02)
45      0.068   2.22e-01   2.84e-01   1.53e-01   7.92e-01   0.00e+00 (  8.00e+01,  1.75e+02)
50      0.083   2.46e-01   3.37e-01   1.71e-01   1.02e+00   0.00e+00 (  7.61e+01,  1.77e+02)
55      0.092   2.64e-01   4.02e-01   2.26e-01   1.18e+00   0.00e+00 (  7.05e+01,  1.75e+02)
60      0.102   2.78e-01   4.34e-01   2.75e-01   1.35e+00   0.00e+00 (  6.35e+01,  1.71e+02)
65      0.131   3.09e-01   5.18e-01   3.55e-01   1.78e+00   0.00e+00 (  5.95e+01,  1.64e+02)
70      0.138   3.17e-01   5.53e-01   4.24e-01   1.93e+00   0.00e+00 (  5.31e+01,  1.56e+02)
75      0.143   3.21e-01   5.77e-01   4.85e-01   2.06e+00   0.00e+00 (  4.76e+01,  1.47e+02)
80      0.145   3.18e-01   5.91e-01   5.18e-01   2.11e+00   0.00e+00 (  4.29e+01,  1.38e+02)
85      0.142   3.02e-01   5.83e-01   5.10e-01   2.11e+00   0.00e+00 (  3.79e+01,  1.29e+02)
90      0.141   2.92e-01   5.49e-01   4.88e-01   2.30e+00   0.00e+00 (  3.36e+01,  1.20e+02)
95      2.164   5.02e+00   6.07e+00   4.25e+00   1.39e+02   0.00e+00 (  2.01e+03,  1.12e+02)
22 e: 7.388e-06 i: 2.069e-04 :: e: 3.842e-02 i: 3.665e-02 :: n: 2.762e+01 e:19.529 i:19.503 v:4.993e+03
>>> tau_he = 5.000000, nhe(0)=2.345885e+00
 5     -0.006   3.77e-03   2.21e-01   3.66e-03  -2.45e-02   0.00e+00 (  1.13e+00,  3.08e+01)
10     -0.004   1.47e-02   3.61e-02   1.95e-04  -2.34e-02   0.00e+00 (  7.65e+00,  6.06e+01)
15     -0.005   6.95e-02   3.19e-02   9.67e-03  -3.41e-02   0.00e+00 (  4.01e+01,  8.93e+01)
20      0.003   9.20e-02   6.80e-02   2.07e-02   2.09e-02   0.00e+00 (  5.43e+01,  1.11e+02)
25      0.028   1.23e-01   1.01e-01   3.48e-02   2.39e-01   0.00e+00 (  6.86e+01,  1.30e+02)
30      0.038   1.58e-01   1.46e-01   6.60e-02   3.60e-01   0.00e+00 (  8.04e+01,  1.46e+02)
35      0.043   1.75e-01   1.74e-01   9.32e-02   4.35e-01   0.00e+00 (  8.09e+01,  1.59e+02)
40      0.052   2.01e-01   2.22e-01   1.16e-01   5.74e-01   0.00e+00 (  8.29e+01,  1.69e+02)
45      0.067   2.21e-01   2.72e-01   1.50e-01   7.78e-01   0.00e+00 (  7.94e+01,  1.75e+02)
50      0.083   2.45e-01   3.25e-01   1.67e-01   1.01e+00   0.00e+00 (  7.58e+01,  1.77e+02)
55      0.092   2.63e-01   3.91e-01   2.21e-01   1.18e+00   0.00e+00 (  7.02e+01,  1.75e+02)
60      0.104   2.78e-01   4.28e-01   2.70e-01   1.37e+00   0.00e+00 (  6.36e+01,  1.71e+02)
65      0.133   3.11e-01   5.17e-01   3.55e-01   1.82e+00   0.00e+00 (  5.99e+01,  1.64e+02)
70      0.142   3.21e-01   5.58e-01   4.28e-01   1.99e+00   0.00e+00 (  5.37e+01,  1.56e+02)
75      0.149   3.28e-01   5.89e-01   4.94e-01   2.14e+00   0.00e+00 (  4.86e+01,  1.47e+02)
80      0.152   3.28e-01   6.12e-01   5.35e-01   2.22e+00   0.00e+00 (  4.40e+01,  1.38e+02)
85      0.150   3.13e-01   6.08e-01   5.31e-01   2.22e+00   0.00e+00 (  3.91e+01,  1.29e+02)
90      0.153   3.15e-01   6.02e-01   5.31e-01   2.50e+00   0.00e+00 (  3.61e+01,  1.20e+02)
95      2.161   5.01e+00   6.06e+00   4.25e+00   1.39e+02   0.00e+00 (  2.00e+03,  1.12e+02)
23 e: 2.986e-04 i: 2.642e-06 :: e: 2.552e-02 i: 2.758e-02 :: n: 2.762e+01 e:19.463 i:19.764 v:4.993e+03
>>> tau_he = 5.000000, nhe(0)=2.348136e+00
 5     -0.006   3.78e-03   2.22e-01   3.72e-03  -2.46e-02   0.00e+00 (  1.15e+00,  3.08e+01)
10     -0.004   1.53e-02   3.79e-02   2.70e-04  -2.43e-02   0.00e+00 (  8.05e+00,  6.06e+01)
15     -0.006   7.15e-02   3.44e-02   9.90e-03  -3.79e-02   0.00e+00 (  4.16e+01,  8.93e+01)
20      0.001   9.04e-02   7.18e-02   2.19e-02   5.28e-03   0.00e+00 (  5.41e+01,  1.11e+02)
25      0.031   1.25e-01   1.05e-01   3.58e-02   2.65e-01   0.00e+00 (  7.11e+01,  1.30e+02)
30      0.039   1.62e-01   1.53e-01   6.91e-02   3.66e-01   0.00e+00 (  8.37e+01,  1.46e+02)
35      0.043   1.79e-01   1.83e-01   9.73e-02   4.42e-01   0.00e+00 (  8.48e+01,  1.59e+02)
40      0.053   2.07e-01   2.33e-01   1.21e-01   5.85e-01   0.00e+00 (  8.74e+01,  1.69e+02)
45      0.069   2.29e-01   2.88e-01   1.55e-01   8.01e-01   0.00e+00 (  8.47e+01,  1.75e+02)
50      0.083   2.54e-01   3.53e-01   1.77e-01   1.01e+00   0.00e+00 (  8.08e+01,  1.77e+02)
55      0.094   2.74e-01   4.12e-01   2.29e-01   1.20e+00   0.00e+00 (  7.52e+01,  1.75e+02)
60      0.106   2.90e-01   4.49e-01   2.82e-01   1.40e+00   0.00e+00 (  6.83e+01,  1.71e+02)
65      0.136   3.25e-01   5.44e-01   3.73e-01   1.86e+00   0.00e+00 (  6.45e+01,  1.64e+02)
70      0.144   3.34e-01   5.82e-01   4.45e-01   2.02e+00   0.00e+00 (  5.77e+01,  1.56e+02)
75      0.150   3.38e-01   6.10e-01   5.10e-01   2.15e+00   0.00e+00 (  5.18e+01,  1.47e+02)
80      0.152   3.36e-01   6.27e-01   5.46e-01   2.22e+00   0.00e+00 (  4.67e+01,  1.38e+02)
85      0.148   3.16e-01   6.18e-01   5.39e-01   2.21e+00   0.00e+00 (  4.09e+01,  1.29e+02)
90      0.151   3.14e-01   6.04e-01   5.32e-01   2.46e+00   0.00e+00 (  3.73e+01,  1.20e+02)
95      2.163   5.01e+00   6.06e+00   4.25e+00   1.39e+02   0.00e+00 (  2.01e+03,  1.12e+02)
24 e: 2.632e-06 i: 1.995e-04 :: e: 7.933e-03 i: 5.591e-03 :: n: 2.762e+01 e:19.801 i:19.786 v:4.993e+03
>>> tau_he = 5.000000, nhe(0)=2.378065e+00
 5     -0.006   3.92e-03   2.30e-01   3.74e-03  -2.53e-02   0.00e+00 (  1.19e+00,  3.08e+01)
10     -0.004   1.51e-02   3.66e-02   1.88e-04  -2.38e-02   0.00e+00 (  7.90e+00,  6.06e+01)
15     -0.005   7.17e-02   3.15e-02   9.54e-03  -3.54e-02   0.00e+00 (  4.16e+01,  8.93e+01)
20      0.001   9.07e-02   6.84e-02   2.04e-02   6.94e-03   0.00e+00 (  5.40e+01,  1.11e+02)
25      0.029   1.26e-01   1.01e-01   3.44e-02   2.44e-01   0.00e+00 (  7.10e+01,  1.30e+02)
30      0.039   1.62e-01   1.48e-01   6.56e-02   3.67e-01   0.00e+00 (  8.37e+01,  1.46e+02)
35      0.043   1.80e-01   1.76e-01   9.26e-02   4.40e-01   0.00e+00 (  8.48e+01,  1.59e+02)
40      0.053   2.08e-01   2.25e-01   1.15e-01   5.80e-01   0.00e+00 (  8.74e+01,  1.69e+02)
45      0.068   2.29e-01   2.77e-01   1.52e-01   7.91e-01   0.00e+00 (  8.45e+01,  1.75e+02)
50      0.082   2.54e-01   3.42e-01   1.73e-01   1.00e+00   0.00e+00 (  8.07e+01,  1.77e+02)
55      0.094   2.73e-01   4.02e-01   2.24e-01   1.20e+00   0.00e+00 (  7.52e+01,  1.75e+02)
60      0.107   2.91e-01   4.44e-01   2.81e-01   1.42e+00   0.00e+00 (  6.87e+01,  1.71e+02)
65      0.139   3.27e-01   5.44e-01   3.74e-01   1.90e+00   0.00e+00 (  6.50e+01,  1.64e+02)
70      0.148   3.38e-01   5.88e-01   4.49e-01   2.08e+00   0.00e+00 (  5.85e+01,  1.56e+02)
75      0.156   3.46e-01   6.23e-01   5.20e-01   2.23e+00   0.00e+00 (  5.29e+01,  1.47e+02)
80      0.159   3.46e-01   6.47e-01   5.61e-01   2.32e+00   0.00e+00 (  4.80e+01,  1.38e+02)
85      0.156   3.27e-01   6.44e-01   5.59e-01   2.31e+00   0.00e+00 (  4.22e+01,  1.29e+02)
90      0.159   3.28e-01   6.37e-01   5.61e-01   2.60e+00   0.00e+00 (  3.89e+01,  1.20e+02)
95      2.161   5.00e+00   6.05e+00   4.25e+00   1.39e+02   0.00e+00 (  2.01e+03,  1.12e+02)
25 e: 2.734e-04 i: 4.336e-06 :: e: 8.863e-03 i: 1.709e-02 :: n: 2.762e+01 e:19.767 i:20.057 v:4.993e+03
>>> tau_he = 5.000000, nhe(0)=2.382436e+00
 5     -0.006   3.94e-03   2.32e-01   3.81e-03  -2.54e-02   0.00e+00 (  1.21e+00,  3.08e+01)
10     -0.006   1.57e-02   3.80e-02  -5.34e-04  -3.09e-02   0.00e+00 (  8.30e+00,  6.06e+01)
15     -0.007   7.38e-02   3.43e-02   9.53e-03  -4.87e-02   0.00e+00 (  4.32e+01,  8.93e+01)
20     -0.001   9.12e-02   7.26e-02   2.08e-02  -7.12e-03   0.00e+00 (  5.50e+01,  1.11e+02)
25      0.032   1.28e-01   1.06e-01   3.53e-02   2.71e-01   0.00e+00 (  7.36e+01,  1.30e+02)
30      0.040   1.66e-01   1.55e-01   6.84e-02   3.73e-01   0.00e+00 (  8.70e+01,  1.46e+02)
35      0.044   1.84e-01   1.85e-01   9.64e-02   4.47e-01   0.00e+00 (  8.88e+01,  1.59e+02)
40      0.054   2.13e-01   2.36e-01   1.20e-01   5.90e-01   0.00e+00 (  9.19e+01,  1.69e+02)
45      0.070   2.37e-01   2.92e-01   1.56e-01   8.14e-01   0.00e+00 (  8.96e+01,  1.75e+02)
50      0.103   2.92e-01   4.15e-01   1.98e-01   1.26e+00   0.00e+00 (  9.54e+01,  1.77e+02)
55      0.096   2.84e-01   4.22e-01   2.32e-01   1.23e+00   0.00e+00 (  8.02e+01,  1.75e+02)
60      0.109   3.03e-01   4.65e-01   2.94e-01   1.45e+00   0.00e+00 (  7.35e+01,  1.71e+02)
65      0.142   3.40e-01   5.70e-01   3.91e-01   1.94e+00   0.00e+00 (  6.96e+01,  1.64e+02)
70      0.150   3.51e-01   6.12e-01   4.65e-01   2.11e+00   0.00e+00 (  6.24e+01,  1.56e+02)
75      0.157   3.57e-01   6.44e-01   5.36e-01   2.25e+00   0.00e+00 (  5.64e+01,  1.47e+02)
80      0.159   3.55e-01   6.64e-01   5.74e-01   2.32e+00   0.00e+00 (  5.08e+01,  1.38e+02)
85      0.155   3.32e-01   6.54e-01   5.68e-01   2.30e+00   0.00e+00 (  4.43e+01,  1.29e+02)
90      0.157   3.28e-01   6.41e-01   5.64e-01   2.57e+00   0.00e+00 (  4.02e+01,  1.20e+02)
95      2.163   5.00e+00   6.06e+00   4.25e+00   1.39e+02   0.00e+00 (  2.02e+03,  1.12e+02)
26 e: 2.865e-06 i: 1.777e-04 :: e: 2.402e-02 i: 2.729e-02 :: n: 2.762e+01 e:20.098 i:20.099 v:4.993e+03
>>> tau_he = 5.000000, nhe(0)=2.410693e+00
 5     -0.006   4.07e-03   2.40e-01   3.83e-03  -2.61e-02   0.00e+00 (  1.24e+00,  3.08e+01)
10     -0.006   1.55e-02   3.70e-02  -5.93e-04  -3.06e-02   0.00e+00 (  8.18e+00,  6.06e+01)
15     -0.006   7.43e-02   3.16e-02   9.37e-03  -3.80e-02   0.00e+00 (  4.33e+01,  8.93e+01)
20     -0.001   9.16e-02   6.96e-02   1.96e-02  -6.30e-03   0.00e+00 (  5.51e+01,  1.11e+02)
25      0.029   1.29e-01   1.03e-01   3.42e-02   2.50e-01   0.00e+00 (  7.38e+01,  1.30e+02)
30      0.040   1.67e-01   1.50e-01   6.54e-02   3.75e-01   0.00e+00 (  8.71e+01,  1.46e+02)
35      0.044   1.85e-01   1.79e-01   9.24e-02   4.46e-01   0.00e+00 (  8.90e+01,  1.59e+02)
40      0.054   2.14e-01   2.29e-01   1.15e-01   5.88e-01   0.00e+00 (  9.21e+01,  1.69e+02)
45      0.069   2.36e-01   2.83e-01   1.54e-01   8.05e-01   0.00e+00 (  8.94e+01,  1.75e+02)
50      0.083   2.61e-01   3.47e-01   1.75e-01   1.01e+00   0.00e+00 (  8.51e+01,  1.77e+02)
55      0.096   2.84e-01   4.13e-01   2.28e-01   1.23e+00   0.00e+00 (  8.02e+01,  1.75e+02)
60      0.111   3.05e-01   4.61e-01   2.96e-01   1.48e+00   0.00e+00 (  7.41e+01,  1.71e+02)
65      0.144   3.43e-01   5.70e-01   3.91e-01   1.97e+00   0.00e+00 (  7.02e+01,  1.64e+02)
70      0.154   3.55e-01   6.17e-01   4.69e-01   2.16e+00   0.00e+00 (  6.32e+01,  1.56e+02)
75      0.162   3.64e-01   6.56e-01   5.45e-01   2.33e+00   0.00e+00 (  5.74e+01,  1.47e+02)
80      0.165   3.64e-01   6.83e-01   5.88e-01   2.41e+00   0.00e+00 (  5.21e+01,  1.38e+02)
85      0.162   3.42e-01   6.78e-01   5.88e-01   2.40e+00   0.00e+00 (  4.57e+01,  1.29e+02)
90      0.164   3.39e-01   6.67e-01   5.86e-01   2.68e+00   0.00e+00 (  4.15e+01,  1.20e+02)
95      2.161   4.99e+00   6.05e+00   4.25e+00   1.39e+02   0.00e+00 (  2.01e+03,  1.12e+02)
27 e: 2.247e-04 i: 4.605e-06 :: e: 2.445e-02 i: 2.933e-02 :: n: 2.762e+01 e:20.076 i:20.361 v:4.993e+03
>>> tau_he = 5.000000, nhe(0)=2.415166e+00
 5     -0.006   4.10e-03   2.42e-01   3.90e-03  -2.63e-02   0.00e+00 (  1.27e+00,  3.08e+01)
10     -0.006   1.61e-02   3.87e-02  -5.37e-04  -3.15e-02   0.00e+00 (  8.60e+00,  6.06e+01)
15     -0.007   7.59e-02   3.43e-02   9.34e-03  -4.78e-02   0.00e+00 (  4.47e+01,  8.93e+01)
20     -0.002   9.38e-02   7.29e-02   2.02e-02  -1.17e-02   0.00e+00 (  5.72e+01,  1.11e+02)
25      0.033   1.32e-01   1.07e-01   3.49e-02   2.78e-01   0.00e+00 (  7.63e+01,  1.30e+02)
30      0.036   1.62e-01   1.36e-01   6.76e-02   3.35e-01   0.00e+00 (  8.60e+01,  1.46e+02)
35      0.044   1.89e-01   1.87e-01   9.59e-02   4.53e-01   0.00e+00 (  9.27e+01,  1.59e+02)
40      0.055   2.19e-01   2.39e-01   1.20e-01   5.97e-01   0.00e+00 (  9.63e+01,  1.69e+02)
45      0.071   2.43e-01   2.97e-01   1.58e-01   8.28e-01   0.00e+00 (  9.41e+01,  1.75e+02)
50      0.105   3.00e-01   4.21e-01   2.00e-01   1.28e+00   0.00e+00 (  1.00e+02,  1.77e+02)
55      0.098   2.93e-01   4.32e-01   2.35e-01   1.25e+00   0.00e+00 (  8.49e+01,  1.75e+02)
60      0.113   3.15e-01   4.81e-01   3.07e-01   1.50e+00   0.00e+00 (  7.86e+01,  1.71e+02)
65      0.147   3.55e-01   5.94e-01   4.07e-01   2.01e+00   0.00e+00 (  7.45e+01,  1.64e+02)
70      0.156   3.66e-01   6.39e-01   4.84e-01   2.18e+00   0.00e+00 (  6.70e+01,  1.56e+02)
75      0.163   3.74e-01   6.75e-01   5.59e-01   2.34e+00   0.00e+00 (  6.07e+01,  1.47e+02)
80      0.165   3.72e-01   6.98e-01   6.00e-01   2.41e+00   0.00e+00 (  5.48e+01,  1.38e+02)
85      0.160   3.46e-01   6.88e-01   5.95e-01   2.38e+00   0.00e+00 (  4.76e+01,  1.29e+02)
90      0.162   3.40e-01   6.71e-01   5.89e-01   2.65e+00   0.00e+00 (  4.28e+01,  1.20e+02)
95      2.162   4.99e+00   6.06e+00   4.25e+00   1.39e+02   0.00e+00 (  2.02e+03,  1.12e+02)
28 e: 2.439e-06 i: 1.415e-04 :: e: 3.992e-02 i: 4.391e-02 :: n: 2.762e+01 e:20.382 i:20.405 v:4.993e+03
>>> tau_he = 5.000000, nhe(0)=2.440678e+00
 5     -0.006   4.23e-03   2.50e-01   3.92e-03  -2.70e-02   0.00e+00 (  1.30e+00,  3.08e+01)
10     -0.006   1.60e-02   3.77e-02  -5.86e-04  -3.12e-02   0.00e+00 (  8.49e+00,  6.06e+01)
15     -0.007   7.64e-02   3.21e-02   9.11e-03  -4.55e-02   0.00e+00 (  4.48e+01,  8.93e+01)
20     -0.002   9.37e-02   6.99e-02   2.27e-02  -1.37e-02   0.00e+00 (  5.70e+01,  1.11e+02)
25      0.033   1.33e-01   1.04e-01   3.38e-02   2.80e-01   0.00e+00 (  7.69e+01,  1.30e+02)
30      0.036   1.63e-01   1.33e-01   6.52e-02   3.38e-01   0.00e+00 (  8.64e+01,  1.46e+02)
35      0.044   1.90e-01   1.82e-01   9.26e-02   4.53e-01   0.00e+00 (  9.29e+01,  1.59e+02)
40      0.054   2.19e-01   2.33e-01   1.07e-01   5.93e-01   0.00e+00 (  9.63e+01,  1.69e+02)
45      0.069   2.42e-01   2.88e-01   1.55e-01   8.07e-01   0.00e+00 (  9.37e+01,  1.75e+02)
50      0.103   2.97e-01   4.06e-01   1.95e-01   1.26e+00   0.00e+00 (  9.86e+01,  1.77e+02)
55      0.098   2.92e-01   4.24e-01   2.31e-01   1.26e+00   0.00e+00 (  8.47e+01,  1.75e+02)
60      0.115   3.16e-01   4.77e-01   3.05e-01   1.52e+00   0.00e+00 (  7.88e+01,  1.71e+02)
65      0.149   3.57e-01   5.92e-01   4.07e-01   2.04e+00   0.00e+00 (  7.48e+01,  1.64e+02)
70      0.159   3.70e-01   6.42e-01   4.87e-01   2.23e+00   0.00e+00 (  6.75e+01,  1.56e+02)
75      0.168   3.79e-01   6.85e-01   5.67e-01   2.40e+00   0.00e+00 (  6.15e+01,  1.47e+02)
80      0.171   3.79e-01   7.14e-01   6.11e-01   2.49e+00   0.00e+00 (  5.59e+01,  1.38e+02)
85      0.166   3.55e-01   7.08e-01   6.11e-01   2.47e+00   0.00e+00 (  4.88e+01,  1.29e+02)
90      0.168   3.49e-01   6.94e-01   6.09e-01   2.75e+00   0.00e+00 (  4.40e+01,  1.20e+02)
95      2.160   4.99e+00   6.05e+00   4.25e+00   1.39e+02   0.00e+00 (  2.02e+03,  1.12e+02)
29 e: 1.698e-04 i: 7.555e-06 :: e: 4.103e-02 i: 4.357e-02 :: n: 2.762e+01 e:20.357 i:20.647 v:4.993e+03
>>> tau_he = 5.000000, nhe(0)=2.444340e+00
 5     -0.006   4.25e-03   2.52e-01   3.98e-03  -2.72e-02   0.00e+00 (  1.32e+00,  3.08e+01)
10     -0.006   1.65e-02   3.92e-02  -5.26e-04  -3.20e-02   0.00e+00 (  8.87e+00,  6.06e+01)
15     -0.008   7.82e-02   3.44e-02   9.14e-03  -5.02e-02   0.00e+00 (  4.63e+01,  8.93e+01)
20     -0.002   9.57e-02   7.30e-02   2.33e-02  -1.88e-02   0.00e+00 (  5.89e+01,  1.11e+02)
25      0.033   1.35e-01   1.08e-01   3.46e-02   2.85e-01   0.00e+00 (  7.93e+01,  1.30e+02)
30      0.037   1.66e-01   1.39e-01   6.77e-02   3.44e-01   0.00e+00 (  8.95e+01,  1.46e+02)
35      0.045   1.94e-01   1.90e-01   9.59e-02   4.59e-01   0.00e+00 (  9.63e+01,  1.59e+02)
40      0.055   2.24e-01   2.43e-01   1.21e-01   6.06e-01   0.00e+00 (  1.00e+02,  1.69e+02)
45      0.072   2.49e-01   3.02e-01   1.57e-01   8.42e-01   0.00e+00 (  9.80e+01,  1.75e+02)
50      0.105   3.05e-01   4.22e-01   2.01e-01   1.29e+00   0.00e+00 (  1.03e+02,  1.77e+02)
55      0.100   3.01e-01   4.40e-01   2.37e-01   1.27e+00   0.00e+00 (  8.88e+01,  1.75e+02)
60      0.117   3.26e-01   4.94e-01   3.13e-01   1.55e+00   0.00e+00 (  8.31e+01,  1.71e+02)
65      0.151   3.66e-01   6.13e-01   4.21e-01   2.06e+00   0.00e+00 (  7.85e+01,  1.64e+02)
70      0.160   3.79e-01   6.62e-01   5.00e-01   2.25e+00   0.00e+00 (  7.09e+01,  1.56e+02)
75      0.168   3.88e-01   7.01e-01   5.79e-01   2.41e+00   0.00e+00 (  6.44e+01,  1.47e+02)
80      0.170   3.86e-01   7.27e-01   6.21e-01   2.49e+00   0.00e+00 (  5.83e+01,  1.38e+02)
85      0.165   3.59e-01   7.17e-01   6.18e-01   2.45e+00   0.00e+00 (  5.07e+01,  1.29e+02)
90      0.166   3.50e-01   6.97e-01   6.11e-01   2.71e+00   0.00e+00 (  4.53e+01,  1.20e+02)
95      2.162   4.98e+00   6.05e+00   4.25e+00   1.39e+02   0.00e+00 (  2.03e+03,  1.12e+02)
30 e: 3.432e-06 i: 9.831e-05 :: e: 4.958e-02 i: 5.200e-02 :: n: 2.762e+01 e:20.629 i:20.684 v:4.993e+03
>>> tau_he = 5.000000, nhe(0)=2.465848e+00
 5     -0.006   4.36e-03   2.59e-01   4.00e-03  -2.78e-02   0.00e+00 (  1.36e+00,  3.08e+01)
10     -0.006   1.64e-02   3.84e-02  -5.71e-04  -3.19e-02   0.00e+00 (  8.79e+00,  6.06e+01)
15     -0.007   7.85e-02   3.25e-02   8.95e-03  -4.82e-02   0.00e+00 (  4.63e+01,  8.93e+01)
20     -0.002   9.60e-02   7.07e-02   2.23e-02  -1.76e-02   0.00e+00 (  5.89e+01,  1.11e+02)
25      0.034   1.36e-01   1.05e-01   3.36e-02   2.87e-01   0.00e+00 (  7.94e+01,  1.30e+02)
30      0.037   1.67e-01   1.36e-01   6.56e-02   3.47e-01   0.00e+00 (  8.97e+01,  1.46e+02)
35      0.045   1.94e-01   1.86e-01   9.29e-02   4.59e-01   0.00e+00 (  9.63e+01,  1.59e+02)
40      0.055   2.24e-01   2.37e-01   1.09e-01   6.01e-01   0.00e+00 (  9.99e+01,  1.69e+02)
45      0.071   2.48e-01   2.93e-01   1.54e-01   8.22e-01   0.00e+00 (  9.73e+01,  1.75e+02)
50      0.104   3.02e-01   4.08e-01   1.97e-01   1.27e+00   0.00e+00 (  1.01e+02,  1.77e+02)
55      0.100   2.99e-01   4.32e-01   2.33e-01   1.28e+00   0.00e+00 (  8.83e+01,  1.75e+02)
60      0.118   3.26e-01   4.89e-01   3.09e-01   1.56e+00   0.00e+00 (  8.27e+01,  1.71e+02)
65      0.153   3.67e-01   6.09e-01   4.19e-01   2.08e+00   0.00e+00 (  7.85e+01,  1.64e+02)
70      0.163   3.81e-01   6.62e-01   5.00e-01   2.28e+00   0.00e+00 (  7.10e+01,  1.56e+02)
75      0.172   3.91e-01   7.07e-01   5.83e-01   2.46e+00   0.00e+00 (  6.48e+01,  1.47e+02)
80      0.175   3.92e-01   7.38e-01   6.30e-01   2.56e+00   0.00e+00 (  5.90e+01,  1.38e+02)
85      0.170   3.66e-01   7.33e-01   6.32e-01   2.53e+00   0.00e+00 (  5.15e+01,  1.29e+02)
90      0.172   3.58e-01   7.17e-01   6.27e-01   2.80e+00   0.00e+00 (  4.63e+01,  1.20e+02)
95      2.160   4.98e+00   6.04e+00   4.25e+00   1.39e+02   0.00e+00 (  2.02e+03,  1.12e+02)
31 e: 1.140e-04 i: 5.863e-06 :: e: 4.771e-02 i: 4.775e-02 :: n: 2.762e+01 e:20.593 i:20.892 v:4.993e+03
>>> tau_he = 5.000000, nhe(0)=2.467297e+00
 5     -0.006   4.38e-03   2.60e-01   4.05e-03  -2.80e-02   0.00e+00 (  1.37e+00,  3.08e+01)
10     -0.006   1.69e-02   3.98e-02  -5.12e-04  -3.26e-02   0.00e+00 (  9.13e+00,  6.06e+01)
15     -0.008   8.01e-02   3.47e-02   8.98e-03  -5.23e-02   0.00e+00 (  4.76e+01,  8.93e+01)
20     -0.003   9.78e-02   7.35e-02   2.29e-02  -2.19e-02   0.00e+00 (  6.05e+01,  1.11e+02)
25      0.034   1.35e-01   1.09e-01   3.43e-02   2.92e-01   0.00e+00 (  7.95e+01,  1.30e+02)
30      0.037   1.69e-01   1.42e-01   6.78e-02   3.52e-01   0.00e+00 (  9.22e+01,  1.46e+02)
35      0.046   1.97e-01   1.92e-01   9.63e-02   4.70e-01   0.00e+00 (  9.91e+01,  1.59e+02)
40      0.056   2.28e-01   2.46e-01   1.13e-01   6.12e-01   0.00e+00 (  1.03e+02,  1.69e+02)
45      0.072   2.53e-01   3.05e-01   1.57e-01   8.39e-01   0.00e+00 (  1.01e+02,  1.75e+02)
50      0.106   3.08e-01   4.23e-01   2.02e-01   1.29e+00   0.00e+00 (  1.05e+02,  1.77e+02)
55      0.101   3.06e-01   4.46e-01   2.39e-01   1.29e+00   0.00e+00 (  9.18e+01,  1.75e+02)
60      0.119   3.34e-01   5.05e-01   3.19e-01   1.58e+00   0.00e+00 (  8.63e+01,  1.71e+02)
65      0.154   3.75e-01   6.27e-01   4.30e-01   2.10e+00   0.00e+00 (  8.16e+01,  1.64e+02)
70      0.163   3.88e-01   6.78e-01   5.11e-01   2.29e+00   0.00e+00 (  7.37e+01,  1.56e+02)
75      0.172   3.98e-01   7.20e-01   5.93e-01   2.46e+00   0.00e+00 (  6.71e+01,  1.47e+02)
80      0.174   3.97e-01   7.48e-01   6.37e-01   2.54e+00   0.00e+00 (  6.09e+01,  1.38e+02)
85      0.168   3.68e-01   7.38e-01   6.36e-01   2.50e+00   0.00e+00 (  5.30e+01,  1.29e+02)
90      0.169   3.58e-01   7.17e-01   6.28e-01   2.76e+00   0.00e+00 (  4.74e+01,  1.20e+02)
95      2.162   4.98e+00   6.05e+00   4.26e+00   1.39e+02   0.00e+00 (  2.03e+03,  1.12e+02)
32 e: 7.144e-06 i: 6.011e-05 :: e: 5.231e-02 i: 5.432e-02 :: n: 2.762e+01 e:20.820 i:20.908 v:4.993e+03
>>> tau_he = 5.000000, nhe(0)=2.484165e+00
 5     -0.007   4.46e-03   2.66e-01   4.05e-03  -2.87e-02   0.00e+00 (  1.40e+00,  3.08e+01)
10     -0.006   1.68e-02   3.90e-02  -5.51e-04  -3.26e-02   0.00e+00 (  9.05e+00,  6.06e+01)
15     -0.013   8.01e-02   3.37e-02   1.00e-02  -8.77e-02   0.00e+00 (  4.75e+01,  8.93e+01)
20     -0.003   9.79e-02   7.16e-02   2.21e-02  -2.03e-02   0.00e+00 (  6.04e+01,  1.11e+02)
25      0.034   1.38e-01   1.07e-01   3.35e-02   2.92e-01   0.00e+00 (  8.13e+01,  1.30e+02)
30      0.038   1.69e-01   1.39e-01   6.59e-02   3.54e-01   0.00e+00 (  9.21e+01,  1.46e+02)
35      0.046   1.97e-01   1.88e-01   9.37e-02   4.70e-01   0.00e+00 (  9.87e+01,  1.59e+02)
40      0.056   2.27e-01   2.40e-01   1.11e-01   6.09e-01   0.00e+00 (  1.03e+02,  1.69e+02)
45      0.072   2.51e-01   2.98e-01   1.55e-01   8.32e-01   0.00e+00 (  9.99e+01,  1.75e+02)
50      0.104   3.05e-01   4.11e-01   1.98e-01   1.28e+00   0.00e+00 (  1.03e+02,  1.77e+02)
55      0.101   3.04e-01   4.38e-01   2.35e-01   1.29e+00   0.00e+00 (  9.09e+01,  1.75e+02)
60      0.120   3.33e-01   4.99e-01   3.16e-01   1.59e+00   0.00e+00 (  8.56e+01,  1.71e+02)
65      0.155   3.73e-01   6.21e-01   4.27e-01   2.12e+00   0.00e+00 (  8.09e+01,  1.64e+02)
70      0.165   3.88e-01   6.75e-01   5.10e-01   2.31e+00   0.00e+00 (  7.34e+01,  1.56e+02)
75      0.174   3.99e-01   7.22e-01   5.95e-01   2.50e+00   0.00e+00 (  6.70e+01,  1.47e+02)
80      0.178   4.00e-01   7.55e-01   6.42e-01   2.60e+00   0.00e+00 (  6.11e+01,  1.38e+02)
85      0.172   3.73e-01   7.50e-01   6.45e-01   2.56e+00   0.00e+00 (  5.35e+01,  1.29e+02)
90      0.174   3.64e-01   7.32e-01   6.40e-01   2.83e+00   0.00e+00 (  4.80e+01,  1.20e+02)
95      2.161   4.97e+00   6.04e+00   4.25e+00   1.39e+02   0.00e+00 (  2.03e+03,  1.12e+02)
33 e: 6.824e-05 i: 7.022e-06 :: e: 4.845e-02 i: 4.802e-02 :: n: 2.762e+01 e:20.763 i:21.074 v:4.993e+03
>>> tau_he = 5.000000, nhe(0)=2.482979e+00
 5     -0.007   4.46e-03   2.67e-01   4.09e-03  -2.88e-02   0.00e+00 (  1.41e+00,  3.08e+01)
10     -0.006   1.72e-02   4.02e-02  -4.96e-04  -3.32e-02   0.00e+00 (  9.33e+00,  6.06e+01)
15     -0.014   8.13e-02   3.56e-02   1.00e-02  -9.14e-02   0.00e+00 (  4.85e+01,  8.93e+01)
20     -0.003   9.92e-02   7.41e-02   2.27e-02  -2.36e-02   0.00e+00 (  6.16e+01,  1.11e+02)
25      0.035   1.36e-01   1.10e-01   3.42e-02   2.96e-01   0.00e+00 (  8.10e+01,  1.30e+02)
30      0.038   1.71e-01   1.44e-01   6.79e-02   3.58e-01   0.00e+00 (  9.41e+01,  1.46e+02)
35      0.046   1.99e-01   1.94e-01   9.64e-02   4.75e-01   0.00e+00 (  1.01e+02,  1.59e+02)
40      0.057   2.30e-01   2.48e-01   1.14e-01   6.24e-01   0.00e+00 (  1.05e+02,  1.69e+02)
45      0.073   2.55e-01   3.08e-01   1.58e-01   8.47e-01   0.00e+00 (  1.03e+02,  1.75e+02)
50      0.106   3.10e-01   4.24e-01   2.03e-01   1.30e+00   0.00e+00 (  1.06e+02,  1.77e+02)
55      0.102   3.10e-01   4.51e-01   2.40e-01   1.31e+00   0.00e+00 (  9.36e+01,  1.75e+02)
60      0.121   3.39e-01   5.12e-01   3.24e-01   1.61e+00   0.00e+00 (  8.83e+01,  1.71e+02)
65      0.156   3.80e-01   6.35e-01   4.36e-01   2.13e+00   0.00e+00 (  8.34e+01,  1.64e+02)
70      0.165   3.94e-01   6.87e-01   5.18e-01   2.32e+00   0.00e+00 (  7.54e+01,  1.56e+02)
75      0.174   4.04e-01   7.31e-01   6.01e-01   2.49e+00   0.00e+00 (  6.87e+01,  1.47e+02)
80      0.176   4.03e-01   7.60e-01   6.47e-01   2.58e+00   0.00e+00 (  6.25e+01,  1.38e+02)
85      0.170   3.74e-01   7.52e-01   6.47e-01   2.53e+00   0.00e+00 (  5.46e+01,  1.29e+02)
90      0.171   3.63e-01   7.30e-01   6.38e-01   2.79e+00   0.00e+00 (  4.87e+01,  1.20e+02)
95      2.162   4.97e+00   6.05e+00   4.26e+00   1.39e+02   0.00e+00 (  2.03e+03,  1.12e+02)
34 e: 1.345e-05 i: 3.191e-05 :: e: 5.019e-02 i: 5.188e-02 :: n: 2.762e+01 e:20.941 i:21.064 v:4.993e+03
>>> tau_he = 5.000000, nhe(0)=2.495231e+00
 5     -0.007   4.52e-03   2.71e-01   4.09e-03  -2.92e-02   0.00e+00 (  1.42e+00,  3.08e+01)
10     -0.006   1.70e-02   3.94e-02  -5.25e-04  -3.29e-02   0.00e+00 (  9.22e+00,  6.06e+01)
15     -0.013   8.13e-02   3.43e-02   9.96e-03  -8.89e-02   0.00e+00 (  4.82e+01,  8.93e+01)
20     -0.003   9.90e-02   7.23e-02   2.20e-02  -2.16e-02   0.00e+00 (  6.13e+01,  1.11e+02)
25      0.035   1.40e-01   1.08e-01   3.35e-02   2.96e-01   0.00e+00 (  8.25e+01,  1.30e+02)
30      0.038   1.71e-01   1.41e-01   6.62e-02   3.59e-01   0.00e+00 (  9.36e+01,  1.46e+02)
35      0.046   1.98e-01   1.90e-01   9.42e-02   4.75e-01   0.00e+00 (  9.98e+01,  1.59e+02)
40      0.056   2.29e-01   2.43e-01   1.12e-01   6.15e-01   0.00e+00 (  1.04e+02,  1.69e+02)
45      0.072   2.54e-01   3.01e-01   1.56e-01   8.41e-01   0.00e+00 (  1.01e+02,  1.75e+02)
50      0.105   3.07e-01   4.13e-01   1.99e-01   1.28e+00   0.00e+00 (  1.04e+02,  1.77e+02)
55      0.102   3.07e-01   4.43e-01   2.36e-01   1.30e+00   0.00e+00 (  9.24e+01,  1.75e+02)
60      0.122   3.37e-01   5.05e-01   3.20e-01   1.61e+00   0.00e+00 (  8.72e+01,  1.71e+02)
65      0.156   3.77e-01   6.28e-01   4.31e-01   2.13e+00   0.00e+00 (  8.23e+01,  1.64e+02)
70      0.166   3.92e-01   6.83e-01   5.15e-01   2.33e+00   0.00e+00 (  7.46e+01,  1.56e+02)
75      0.176   4.03e-01   7.30e-01   6.00e-01   2.52e+00   0.00e+00 (  6.82e+01,  1.47e+02)
80      0.179   4.05e-01   7.63e-01   6.49e-01   2.61e+00   0.00e+00 (  6.23e+01,  1.38e+02)
85      0.174   3.77e-01   7.59e-01   6.53e-01   2.58e+00   0.00e+00 (  5.46e+01,  1.29e+02)
90      0.174   3.67e-01   7.40e-01   6.47e-01   2.85e+00   0.00e+00 (  4.90e+01,  1.20e+02)
95      2.161   4.97e+00   6.04e+00   4.25e+00   1.39e+02   0.00e+00 (  2.03e+03,  1.12e+02)
35 e: 3.609e-05 i: 1.065e-05 :: e: 4.438e-02 i: 4.406e-02 :: n: 2.762e+01 e:20.864 i:21.185 v:4.993e+03
>>> tau_he = 5.000000, nhe(0)=2.491467e+00
 5     -0.007   4.50e-03   2.71e-01   4.12e-03  -2.93e-02   0.00e+00 (  1.43e+00,  3.08e+01)
10     -0.006   1.73e-02   4.05e-02  -4.82e-04  -3.36e-02   0.00e+00 (  9.45e+00,  6.06e+01)
15     -0.014   8.21e-02   3.60e-02   9.98e-03  -9.16e-02   0.00e+00 (  4.89e+01,  8.93e+01)
20     -0.004   1.01e-01   7.45e-02   2.26e-02  -2.93e-02   0.00e+00 (  6.28e+01,  1.11e+02)
25      0.035   1.37e-01   1.11e-01   3.41e-02   2.99e-01   0.00e+00 (  8.17e+01,  1.30e+02)
30      0.038   1.72e-01   1.45e-01   6.80e-02   3.62e-01   0.00e+00 (  9.50e+01,  1.46e+02)
35      0.047   1.99e-01   1.95e-01   9.66e-02   4.78e-01   0.00e+00 (  1.01e+02,  1.59e+02)
40      0.081   2.63e-01   3.18e-01   1.40e-01   8.90e-01   0.00e+00 (  1.21e+02,  1.69e+02)
45      0.072   2.57e-01   3.12e-01   1.61e-01   8.40e-01   0.00e+00 (  1.04e+02,  1.75e+02)
50      0.106   3.11e-01   4.24e-01   2.03e-01   1.30e+00   0.00e+00 (  1.07e+02,  1.77e+02)
55      0.103   3.11e-01   4.54e-01   2.42e-01   1.31e+00   0.00e+00 (  9.44e+01,  1.75e+02)
60      0.122   3.41e-01   5.15e-01   3.26e-01   1.62e+00   0.00e+00 (  8.91e+01,  1.71e+02)
65      0.156   3.82e-01   6.38e-01   4.37e-01   2.14e+00   0.00e+00 (  8.40e+01,  1.64e+02)
70      0.166   3.96e-01   6.90e-01   5.20e-01   2.33e+00   0.00e+00 (  7.60e+01,  1.56e+02)
75      0.175   4.06e-01   7.35e-01   6.04e-01   2.50e+00   0.00e+00 (  6.93e+01,  1.47e+02)
80      0.177   4.06e-01   7.65e-01   6.50e-01   2.59e+00   0.00e+00 (  6.31e+01,  1.38e+02)
85      0.171   3.77e-01   7.58e-01   6.51e-01   2.55e+00   0.00e+00 (  5.52e+01,  1.29e+02)
90      0.172   3.65e-01   7.36e-01   6.43e-01   2.80e+00   0.00e+00 (  4.94e+01,  1.20e+02)
95      2.162   4.97e+00   6.05e+00   4.26e+00   1.39e+02   0.00e+00 (  2.03e+03,  1.12e+02)
36 e: 2.534e-05 i: 2.646e-05 :: e: 4.840e-02 i: 5.170e-02 :: n: 2.762e+01 e:20.995 i:21.149 v:4.993e+03
>>> tau_he = 5.000000, nhe(0)=2.498830e+00
 5     -0.007   4.54e-03   2.73e-01   4.12e-03  -2.95e-02   0.00e+00 (  1.44e+00,  3.08e+01)
10     -0.006   1.72e-02   3.98e-02  -5.04e-04  -3.34e-02   0.00e+00 (  9.35e+00,  6.06e+01)
15     -0.014   8.18e-02   3.50e-02   9.92e-03  -8.91e-02   0.00e+00 (  4.86e+01,  8.93e+01)
20     -0.003   9.95e-02   7.30e-02   2.21e-02  -2.16e-02   0.00e+00 (  6.17e+01,  1.11e+02)
25      0.035   1.40e-01   1.09e-01   3.36e-02   2.99e-01   0.00e+00 (  8.30e+01,  1.30e+02)
30      0.039   1.72e-01   1.43e-01   6.67e-02   3.63e-01   0.00e+00 (  9.42e+01,  1.46e+02)
35      0.047   1.98e-01   1.91e-01   9.47e-02   4.77e-01   0.00e+00 (  1.00e+02,  1.59e+02)
40      0.056   2.29e-01   2.41e-01   1.11e-01   6.10e-01   0.00e+00 (  1.04e+02,  1.69e+02)
45      0.073   2.54e-01   3.02e-01   1.56e-01   8.43e-01   0.00e+00 (  1.02e+02,  1.75e+02)
50      0.105   3.08e-01   4.15e-01   2.00e-01   1.29e+00   0.00e+00 (  1.05e+02,  1.77e+02)
55      0.103   3.09e-01   4.46e-01   2.38e-01   1.31e+00   0.00e+00 (  9.30e+01,  1.75e+02)
60      0.122   3.38e-01   5.08e-01   3.22e-01   1.62e+00   0.00e+00 (  8.77e+01,  1.71e+02)
65      0.156   3.78e-01   6.30e-01   4.32e-01   2.13e+00   0.00e+00 (  8.26e+01,  1.64e+02)
70      0.166   3.93e-01   6.84e-01   5.16e-01   2.33e+00   0.00e+00 (  7.49e+01,  1.56e+02)
75      0.176   4.04e-01   7.32e-01   6.02e-01   2.52e+00   0.00e+00 (  6.85e+01,  1.47e+02)
80      0.179   4.05e-01   7.65e-01   6.50e-01   2.62e+00   0.00e+00 (  6.25e+01,  1.38e+02)
85      0.174   3.78e-01   7.61e-01   6.54e-01   2.58e+00   0.00e+00 (  5.50e+01,  1.29e+02)
90      0.174   3.68e-01   7.42e-01   6.48e-01   2.84e+00   0.00e+00 (  4.93e+01,  1.20e+02)
95      2.161   4.97e+00   6.04e+00   4.25e+00   1.39e+02   0.00e+00 (  2.03e+03,  1.12e+02)
37 e: 1.466e-05 i: 1.615e-05 :: e: 3.656e-02 i: 3.740e-02 :: n: 2.762e+01 e:20.896 i:21.222 v:4.993e+03
>>> tau_he = 5.000000, nhe(0)=2.492430e+00
 5     -0.007   4.51e-03   2.72e-01   4.13e-03  -2.95e-02   0.00e+00 (  1.44e+00,  3.08e+01)
10     -0.006   1.74e-02   4.06e-02  -4.68e-04  -3.39e-02   0.00e+00 (  9.52e+00,  6.06e+01)
15     -0.014   8.23e-02   3.65e-02   9.97e-03  -9.09e-02   0.00e+00 (  4.90e+01,  8.93e+01)
20      0.008   1.00e-01   7.42e-02   2.65e-02   6.42e-02   0.00e+00 (  6.24e+01,  1.11e+02)
25      0.035   1.37e-01   1.11e-01   3.41e-02   3.01e-01   0.00e+00 (  8.17e+01,  1.30e+02)
30      0.039   1.72e-01   1.46e-01   6.82e-02   3.65e-01   0.00e+00 (  9.50e+01,  1.46e+02)
35      0.047   1.99e-01   1.95e-01   9.68e-02   4.79e-01   0.00e+00 (  1.01e+02,  1.59e+02)
40      0.056   2.30e-01   2.47e-01   1.13e-01   6.18e-01   0.00e+00 (  1.05e+02,  1.69e+02)
45      0.072   2.57e-01   3.11e-01   1.61e-01   8.42e-01   0.00e+00 (  1.03e+02,  1.75e+02)
50      0.106   3.10e-01   4.23e-01   2.03e-01   1.30e+00   0.00e+00 (  1.06e+02,  1.77e+02)
55      0.103   3.11e-01   4.55e-01   2.42e-01   1.32e+00   0.00e+00 (  9.43e+01,  1.75e+02)
60      0.122   3.40e-01   5.16e-01   3.26e-01   1.62e+00   0.00e+00 (  8.88e+01,  1.71e+02)
65      0.156   3.81e-01   6.37e-01   4.37e-01   2.13e+00   0.00e+00 (  8.37e+01,  1.64e+02)
70      0.166   3.95e-01   6.89e-01   5.19e-01   2.32e+00   0.00e+00 (  7.57e+01,  1.56e+02)
75      0.174   4.05e-01   7.34e-01   6.03e-01   2.50e+00   0.00e+00 (  6.90e+01,  1.47e+02)
80      0.177   4.05e-01   7.64e-01   6.49e-01   2.59e+00   0.00e+00 (  6.29e+01,  1.38e+02)
85      0.171   3.76e-01   7.57e-01   6.51e-01   2.54e+00   0.00e+00 (  5.52e+01,  1.29e+02)
90      0.172   3.65e-01   7.35e-01   6.43e-01   2.80e+00   0.00e+00 (  4.94e+01,  1.20e+02)
95      2.162   4.97e+00   6.05e+00   4.26e+00   1.39e+02   0.00e+00 (  2.03e+03,  1.12e+02)
38 e: 2.786e-05 i: 4.780e-06 :: e: 3.457e-02 i: 3.685e-02 :: n: 2.762e+01 e:20.978 i:21.159 v:4.993e+03
>>> tau_he = 5.000000, nhe(0)=2.496592e+00
 5     -0.007   4.53e-03   2.74e-01   4.12e-03  -2.96e-02   0.00e+00 (  1.44e+00,  3.08e+01)
10     -0.006   1.72e-02   3.99e-02  -4.95e-04  -3.36e-02   0.00e+00 (  9.37e+00,  6.06e+01)
15     -0.013   8.18e-02   3.54e-02   9.94e-03  -8.78e-02   0.00e+00 (  4.84e+01,  8.93e+01)
20     -0.003   9.93e-02   7.32e-02   2.21e-02  -2.07e-02   0.00e+00 (  6.15e+01,  1.11e+02)
25      0.035   1.40e-01   1.09e-01   3.36e-02   2.99e-01   0.00e+00 (  8.27e+01,  1.30e+02)
30      0.039   1.71e-01   1.43e-01   6.69e-02   3.64e-01   0.00e+00 (  9.39e+01,  1.46e+02)
35      0.047   1.97e-01   1.91e-01   9.50e-02   4.78e-01   0.00e+00 (  9.98e+01,  1.59e+02)
40      0.056   2.28e-01   2.43e-01   1.12e-01   6.15e-01   0.00e+00 (  1.03e+02,  1.69e+02)
45      0.073   2.53e-01   3.03e-01   1.56e-01   8.46e-01   0.00e+00 (  1.01e+02,  1.75e+02)
50      0.105   3.06e-01   4.14e-01   2.00e-01   1.28e+00   0.00e+00 (  1.04e+02,  1.77e+02)
55      0.103   3.08e-01   4.47e-01   2.39e-01   1.31e+00   0.00e+00 (  9.24e+01,  1.75e+02)
60      0.122   3.36e-01   5.07e-01   3.21e-01   1.61e+00   0.00e+00 (  8.70e+01,  1.71e+02)
65      0.155   3.76e-01   6.27e-01   4.30e-01   2.12e+00   0.00e+00 (  8.19e+01,  1.64e+02)
70      0.165   3.91e-01   6.81e-01   5.14e-01   2.32e+00   0.00e+00 (  7.43e+01,  1.56e+02)
75      0.175   4.02e-01   7.28e-01   5.99e-01   2.51e+00   0.00e+00 (  6.79e+01,  1.47e+02)
80      0.178   4.03e-01   7.61e-01   6.47e-01   2.60e+00   0.00e+00 (  6.20e+01,  1.38e+02)
85      0.173   3.76e-01   7.57e-01   6.51e-01   2.57e+00   0.00e+00 (  5.46e+01,  1.29e+02)
90      0.173   3.66e-01   7.38e-01   6.45e-01   2.83e+00   0.00e+00 (  4.91e+01,  1.20e+02)
95      2.161   4.97e+00   6.04e+00   4.26e+00   1.39e+02   0.00e+00 (  2.03e+03,  1.12e+02)
39 e: 5.788e-06 i: 1.954e-05 :: e: 2.683e-02 i: 2.797e-02 :: n: 2.762e+01 e:20.868 i:21.200 v:4.993e+03
>>> tau_he = 5.000000, nhe(0)=2.488947e+00
 5     -0.007   4.49e-03   2.72e-01   4.13e-03  -2.95e-02   0.00e+00 (  1.43e+00,  3.08e+01)
10     -0.006   1.73e-02   4.05e-02  -4.66e-04  -3.40e-02   0.00e+00 (  9.50e+00,  6.06e+01)
15     -0.013   8.20e-02   3.67e-02   1.00e-02  -8.88e-02   0.00e+00 (  4.87e+01,  8.93e+01)
20     -0.003   9.95e-02   7.47e-02   2.26e-02  -2.18e-02   0.00e+00 (  6.18e+01,  1.11e+02)
25      0.035   1.40e-01   1.11e-01   3.41e-02   3.00e-01   0.00e+00 (  8.30e+01,  1.30e+02)
30      0.039   1.72e-01   1.46e-01   6.83e-02   3.65e-01   0.00e+00 (  9.44e+01,  1.46e+02)
35      0.047   1.99e-01   1.95e-01   9.69e-02   4.79e-01   0.00e+00 (  1.01e+02,  1.59e+02)
40      0.057   2.29e-01   2.47e-01   1.14e-01   6.27e-01   0.00e+00 (  1.04e+02,  1.69e+02)
45      0.072   2.55e-01   3.11e-01   1.60e-01   8.42e-01   0.00e+00 (  1.02e+02,  1.75e+02)
50      0.106   3.08e-01   4.21e-01   2.02e-01   1.29e+00   0.00e+00 (  1.04e+02,  1.77e+02)
55      0.103   3.09e-01   4.53e-01   2.41e-01   1.31e+00   0.00e+00 (  9.32e+01,  1.75e+02)
60      0.122   3.38e-01   5.12e-01   3.24e-01   1.61e+00   0.00e+00 (  8.75e+01,  1.71e+02)
65      0.155   3.77e-01   6.31e-01   4.33e-01   2.12e+00   0.00e+00 (  8.23e+01,  1.64e+02)
70      0.164   3.91e-01   6.83e-01   5.15e-01   2.31e+00   0.00e+00 (  7.46e+01,  1.56e+02)
75      0.173   4.01e-01   7.27e-01   5.98e-01   2.48e+00   0.00e+00 (  6.80e+01,  1.47e+02)
80      0.176   4.01e-01   7.57e-01   6.44e-01   2.57e+00   0.00e+00 (  6.19e+01,  1.38e+02)
85      0.170   3.74e-01   7.51e-01   6.46e-01   2.53e+00   0.00e+00 (  5.45e+01,  1.29e+02)
90      0.171   3.63e-01   7.30e-01   6.38e-01   2.78e+00   0.00e+00 (  4.89e+01,  1.20e+02)
95      2.162   4.97e+00   6.05e+00   4.26e+00   1.39e+02   0.00e+00 (  2.03e+03,  1.12e+02)
40 e: 3.063e-05 i: 1.385e-06 :: e: 2.443e-02 i: 2.675e-02 :: n: 2.762e+01 e:20.923 i:21.124 v:4.993e+03
>>> tau_he = 5.000000, nhe(0)=2.490866e+00
 5     -0.007   4.50e-03   2.72e-01   4.11e-03  -2.95e-02   0.00e+00 (  1.43e+00,  3.08e+01)
10     -0.006   1.71e-02   3.98e-02  -4.97e-04  -3.39e-02   0.00e+00 (  9.36e+00,  6.06e+01)
15     -0.013   8.14e-02   3.56e-02   9.99e-03  -8.59e-02   0.00e+00 (  4.81e+01,  8.93e+01)
20     -0.003   9.87e-02   7.33e-02   2.22e-02  -1.94e-02   0.00e+00 (  6.10e+01,  1.11e+02)
25      0.035   1.39e-01   1.09e-01   3.37e-02   2.99e-01   0.00e+00 (  8.20e+01,  1.30e+02)
30      0.039   1.70e-01   1.44e-01   6.71e-02   3.64e-01   0.00e+00 (  9.32e+01,  1.46e+02)
35      0.047   1.97e-01   1.92e-01   9.54e-02   4.77e-01   0.00e+00 (  9.94e+01,  1.59e+02)
40      0.056   2.27e-01   2.44e-01   1.13e-01   6.17e-01   0.00e+00 (  1.03e+02,  1.69e+02)
45      0.072   2.53e-01   3.05e-01   1.59e-01   8.35e-01   0.00e+00 (  1.01e+02,  1.75e+02)
50      0.104   3.03e-01   4.12e-01   1.99e-01   1.27e+00   0.00e+00 (  1.02e+02,  1.77e+02)
55      0.102   3.06e-01   4.45e-01   2.37e-01   1.31e+00   0.00e+00 (  9.13e+01,  1.75e+02)
60      0.121   3.33e-01   5.05e-01   3.19e-01   1.60e+00   0.00e+00 (  8.55e+01,  1.71e+02)
65      0.154   3.72e-01   6.22e-01   4.27e-01   2.11e+00   0.00e+00 (  8.06e+01,  1.64e+02)
70      0.164   3.87e-01   6.74e-01   5.09e-01   2.30e+00   0.00e+00 (  7.30e+01,  1.56e+02)
75      0.173   3.98e-01   7.20e-01   5.93e-01   2.48e+00   0.00e+00 (  6.67e+01,  1.47e+02)
80      0.176   3.99e-01   7.52e-01   6.41e-01   2.58e+00   0.00e+00 (  6.09e+01,  1.38e+02)
85      0.171   3.73e-01   7.49e-01   6.44e-01   2.54e+00   0.00e+00 (  5.37e+01,  1.29e+02)
90      0.172   3.63e-01   7.30e-01   6.39e-01   2.80e+00   0.00e+00 (  4.84e+01,  1.20e+02)
95      2.161   4.97e+00   6.05e+00   4.26e+00   1.39e+02   0.00e+00 (  2.03e+03,  1.12e+02)
41 e: 1.985e-06 i: 2.064e-05 :: e: 1.670e-02 i: 1.821e-02 :: n: 2.762e+01 e:20.808 i:21.143 v:4.993e+03
>>> tau_he = 5.000000, nhe(0)=2.482445e+00
 5     -0.007   4.46e-03   2.70e-01   4.12e-03  -2.94e-02   0.00e+00 (  1.42e+00,  3.08e+01)
10     -0.006   1.73e-02   4.04e-02  -4.66e-04  -3.40e-02   0.00e+00 (  9.44e+00,  6.06e+01)
15     -0.013   8.14e-02   3.68e-02   1.01e-02  -8.67e-02   0.00e+00 (  4.82e+01,  8.93e+01)
20     -0.003   9.88e-02   7.45e-02   2.27e-02  -2.04e-02   0.00e+00 (  6.12e+01,  1.11e+02)
25      0.035   1.39e-01   1.11e-01   3.42e-02   2.99e-01   0.00e+00 (  8.21e+01,  1.30e+02)
30      0.039   1.70e-01   1.46e-01   6.83e-02   3.64e-01   0.00e+00 (  9.35e+01,  1.46e+02)
35      0.047   1.97e-01   1.94e-01   9.71e-02   4.78e-01   0.00e+00 (  9.97e+01,  1.59e+02)
40      0.057   2.28e-01   2.48e-01   1.15e-01   6.27e-01   0.00e+00 (  1.03e+02,  1.69e+02)
45      0.073   2.54e-01   3.10e-01   1.60e-01   8.54e-01   0.00e+00 (  1.01e+02,  1.75e+02)
50      0.105   3.04e-01   4.17e-01   2.01e-01   1.28e+00   0.00e+00 (  1.03e+02,  1.77e+02)
55      0.103   3.06e-01   4.50e-01   2.39e-01   1.31e+00   0.00e+00 (  9.17e+01,  1.75e+02)
60      0.121   3.34e-01   5.08e-01   3.21e-01   1.60e+00   0.00e+00 (  8.59e+01,  1.71e+02)
65      0.153   3.72e-01   6.24e-01   4.28e-01   2.10e+00   0.00e+00 (  8.07e+01,  1.64e+02)
70      0.163   3.86e-01   6.75e-01   5.09e-01   2.28e+00   0.00e+00 (  7.30e+01,  1.56e+02)
75      0.171   3.96e-01   7.18e-01   5.91e-01   2.46e+00   0.00e+00 (  6.65e+01,  1.47e+02)
80      0.174   3.96e-01   7.47e-01   6.37e-01   2.54e+00   0.00e+00 (  6.06e+01,  1.38e+02)
85      0.169   3.69e-01   7.41e-01   6.38e-01   2.51e+00   0.00e+00 (  5.34e+01,  1.29e+02)
90      0.169   3.59e-01   7.21e-01   6.31e-01   2.76e+00   0.00e+00 (  4.80e+01,  1.20e+02)
95      2.162   4.97e+00   6.05e+00   4.26e+00   1.39e+02   0.00e+00 (  2.03e+03,  1.12e+02)
42 e: 3.013e-05 i: 3.897e-07 :: e: 1.409e-02 i: 1.661e-02 :: n: 2.762e+01 e:20.842 i:21.059 v:4.993e+03
>>> tau_he = 5.000000, nhe(0)=2.482792e+00
 5     -0.007   4.46e-03   2.70e-01   4.10e-03  -2.94e-02   0.00e+00 (  1.42e+00,  3.08e+01)
10     -0.006   1.71e-02   3.97e-02  -4.95e-04  -3.39e-02   0.00e+00 (  9.30e+00,  6.06e+01)
15     -0.013   8.08e-02   3.58e-02   1.00e-02  -8.40e-02   0.00e+00 (  4.76e+01,  8.93e+01)
20     -0.002   9.80e-02   7.32e-02   2.24e-02  -1.82e-02   0.00e+00 (  6.04e+01,  1.11e+02)
25      0.035   1.38e-01   1.09e-01   3.38e-02   2.98e-01   0.00e+00 (  8.12e+01,  1.30e+02)
30      0.039   1.69e-01   1.44e-01   6.73e-02   3.63e-01   0.00e+00 (  9.23e+01,  1.46e+02)
35      0.047   1.96e-01   1.91e-01   9.58e-02   4.76e-01   0.00e+00 (  9.84e+01,  1.59e+02)
40      0.057   2.26e-01   2.44e-01   1.14e-01   6.23e-01   0.00e+00 (  1.02e+02,  1.69e+02)
45      0.072   2.51e-01   3.05e-01   1.58e-01   8.33e-01   0.00e+00 (  9.94e+01,  1.75e+02)
50      0.103   3.00e-01   4.09e-01   1.98e-01   1.26e+00   0.00e+00 (  1.00e+02,  1.77e+02)
55      0.102   3.03e-01   4.43e-01   2.37e-01   1.30e+00   0.00e+00 (  8.99e+01,  1.75e+02)
60      0.120   3.29e-01   5.01e-01   3.17e-01   1.59e+00   0.00e+00 (  8.40e+01,  1.71e+02)
65      0.153   3.69e-01   6.15e-01   4.22e-01   2.08e+00   0.00e+00 (  7.92e+01,  1.64e+02)
70      0.162   3.82e-01   6.66e-01   5.03e-01   2.28e+00   0.00e+00 (  7.16e+01,  1.56e+02)
75      0.171   3.92e-01   7.11e-01   5.86e-01   2.46e+00   0.00e+00 (  6.53e+01,  1.47e+02)
80      0.174   3.93e-01   7.42e-01   6.33e-01   2.55e+00   0.00e+00 (  5.96e+01,  1.38e+02)
85      0.169   3.68e-01   7.38e-01   6.36e-01   2.51e+00   0.00e+00 (  5.26e+01,  1.29e+02)
90      0.170   3.59e-01   7.20e-01   6.30e-01   2.78e+00   0.00e+00 (  4.75e+01,  1.20e+02)
95      2.162   4.97e+00   6.05e+00   4.26e+00   1.39e+02   0.00e+00 (  2.03e+03,  1.12e+02)
43 e: 6.598e-07 i: 1.951e-05 :: e: 7.183e-03 i: 8.948e-03 :: n: 2.762e+01 e:20.729 i:21.062 v:4.993e+03
>>> tau_he = 5.000000, nhe(0)=2.474195e+00
 5     -0.007   4.42e-03   2.68e-01   4.10e-03  -2.92e-02   0.00e+00 (  1.40e+00,  3.08e+01)
10     -0.006   1.71e-02   4.01e-02  -4.68e-04  -3.40e-02   0.00e+00 (  9.35e+00,  6.06e+01)
15     -0.013   8.07e-02   3.68e-02   1.01e-02  -8.45e-02   0.00e+00 (  4.76e+01,  8.93e+01)
20     -0.003   9.79e-02   7.43e-02   2.28e-02  -1.90e-02   0.00e+00 (  6.05e+01,  1.11e+02)
25      0.035   1.38e-01   1.10e-01   3.43e-02   2.98e-01   0.00e+00 (  8.12e+01,  1.30e+02)
30      0.039   1.69e-01   1.45e-01   6.84e-02   3.63e-01   0.00e+00 (  9.24e+01,  1.46e+02)
35      0.047   1.96e-01   1.94e-01   9.72e-02   4.76e-01   0.00e+00 (  9.85e+01,  1.59e+02)
40      0.057   2.26e-01   2.48e-01   1.24e-01   6.29e-01   0.00e+00 (  1.02e+02,  1.69e+02)
45      0.073   2.52e-01   3.09e-01   1.60e-01   8.50e-01   0.00e+00 (  9.97e+01,  1.75e+02)
50      0.104   3.01e-01   4.14e-01   2.00e-01   1.27e+00   0.00e+00 (  1.01e+02,  1.77e+02)
55      0.102   3.04e-01   4.47e-01   2.39e-01   1.30e+00   0.00e+00 (  9.01e+01,  1.75e+02)
60      0.120   3.29e-01   5.03e-01   3.18e-01   1.58e+00   0.00e+00 (  8.41e+01,  1.71e+02)
65      0.152   3.68e-01   6.16e-01   4.23e-01   2.07e+00   0.00e+00 (  7.92e+01,  1.64e+02)
70      0.161   3.81e-01   6.66e-01   5.03e-01   2.26e+00   0.00e+00 (  7.14e+01,  1.56e+02)
75      0.170   3.90e-01   7.08e-01   5.84e-01   2.43e+00   0.00e+00 (  6.50e+01,  1.47e+02)
80      0.172   3.91e-01   7.36e-01   6.29e-01   2.52e+00   0.00e+00 (  5.92e+01,  1.38e+02)
85      0.167   3.65e-01   7.31e-01   6.30e-01   2.48e+00   0.00e+00 (  5.22e+01,  1.29e+02)
90      0.168   3.55e-01   7.11e-01   6.23e-01   2.74e+00   0.00e+00 (  4.71e+01,  1.20e+02)
95      2.163   4.98e+00   6.05e+00   4.26e+00   1.39e+02   0.00e+00 (  2.03e+03,  1.12e+02)
44 e: 2.685e-05 i: 2.366e-07 :: e: 4.905e-03 i: 7.547e-03 :: n: 2.762e+01 e:20.750 i:20.977 v:4.993e+03
>>> tau_he = 5.000000, nhe(0)=2.473652e+00
 5     -0.007   4.41e-03   2.67e-01   4.08e-03  -2.91e-02   0.00e+00 (  1.40e+00,  3.08e+01)
10     -0.006   1.69e-02   3.95e-02  -4.96e-04  -3.38e-02   0.00e+00 (  9.22e+00,  6.06e+01)
15     -0.007   8.01e-02   3.54e-02   9.03e-03  -4.43e-02   0.00e+00 (  4.71e+01,  8.93e+01)
20     -0.002   9.71e-02   7.31e-02   2.25e-02  -1.71e-02   0.00e+00 (  5.97e+01,  1.11e+02)
25      0.035   1.37e-01   1.09e-01   3.40e-02   2.97e-01   0.00e+00 (  8.02e+01,  1.30e+02)
30      0.038   1.68e-01   1.43e-01   6.75e-02   3.62e-01   0.00e+00 (  9.13e+01,  1.46e+02)
35      0.046   1.94e-01   1.91e-01   9.61e-02   4.74e-01   0.00e+00 (  9.72e+01,  1.59e+02)
40      0.057   2.25e-01   2.44e-01   1.23e-01   6.25e-01   0.00e+00 (  1.01e+02,  1.69e+02)
45      0.073   2.49e-01   3.04e-01   1.58e-01   8.43e-01   0.00e+00 (  9.81e+01,  1.75e+02)
50      0.102   2.97e-01   4.07e-01   1.97e-01   1.25e+00   0.00e+00 (  9.87e+01,  1.77e+02)
55      0.101   3.00e-01   4.41e-01   2.36e-01   1.30e+00   0.00e+00 (  8.84e+01,  1.75e+02)
60      0.119   3.26e-01   4.96e-01   3.14e-01   1.58e+00   0.00e+00 (  8.24e+01,  1.71e+02)
65      0.151   3.64e-01   6.08e-01   4.17e-01   2.06e+00   0.00e+00 (  7.76e+01,  1.64e+02)
70      0.160   3.77e-01   6.58e-01   4.98e-01   2.25e+00   0.00e+00 (  7.00e+01,  1.56e+02)
75      0.169   3.87e-01   7.01e-01   5.79e-01   2.43e+00   0.00e+00 (  6.38e+01,  1.47e+02)
80      0.172   3.88e-01   7.31e-01   6.25e-01   2.52e+00   0.00e+00 (  5.82e+01,  1.38e+02)
85      0.167   3.63e-01   7.27e-01   6.27e-01   2.49e+00   0.00e+00 (  5.15e+01,  1.29e+02)
90      0.168   3.55e-01   7.10e-01   6.21e-01   2.75e+00   0.00e+00 (  4.65e+01,  1.20e+02)
95      2.162   4.98e+00   6.05e+00   4.26e+00   1.39e+02   0.00e+00 (  2.03e+03,  1.12e+02)
45 e: 2.718e-07 i: 1.667e-05 :: e: 1.903e-03 i: 2.185e-03 :: n: 2.762e+01 e:20.643 i:20.971 v:4.993e+03
>>> tau_he = 5.000000, nhe(0)=2.465427e+00
 5     -0.007   4.37e-03   2.65e-01   4.07e-03  -2.89e-02   0.00e+00 (  1.39e+00,  3.08e+01)
10     -0.006   1.70e-02   3.99e-02  -4.79e-04  -3.40e-02   0.00e+00 (  9.27e+00,  6.06e+01)
15     -0.007   8.00e-02   3.63e-02   9.11e-03  -4.48e-02   0.00e+00 (  4.71e+01,  8.93e+01)
20     -0.002   9.70e-02   7.40e-02   2.29e-02  -1.78e-02   0.00e+00 (  5.97e+01,  1.11e+02)
25      0.035   1.37e-01   1.10e-01   3.44e-02   2.96e-01   0.00e+00 (  8.02e+01,  1.30e+02)
30      0.038   1.68e-01   1.45e-01   6.85e-02   3.62e-01   0.00e+00 (  9.13e+01,  1.46e+02)
35      0.046   1.94e-01   1.93e-01   9.74e-02   4.74e-01   0.00e+00 (  9.73e+01,  1.59e+02)
40      0.057   2.25e-01   2.47e-01   1.25e-01   6.27e-01   0.00e+00 (  1.01e+02,  1.69e+02)
45      0.073   2.50e-01   3.07e-01   1.59e-01   8.46e-01   0.00e+00 (  9.82e+01,  1.75e+02)
50      0.103   2.98e-01   4.10e-01   1.98e-01   1.25e+00   0.00e+00 (  9.89e+01,  1.77e+02)
55      0.101   3.01e-01   4.44e-01   2.38e-01   1.29e+00   0.00e+00 (  8.85e+01,  1.75e+02)
60      0.118   3.26e-01   4.98e-01   3.15e-01   1.57e+00   0.00e+00 (  8.24e+01,  1.71e+02)
65      0.150   3.64e-01   6.09e-01   4.17e-01   2.05e+00   0.00e+00 (  7.75e+01,  1.64e+02)
70      0.159   3.76e-01   6.57e-01   4.97e-01   2.24e+00   0.00e+00 (  6.99e+01,  1.56e+02)
75      0.168   3.85e-01   6.98e-01   5.76e-01   2.41e+00   0.00e+00 (  6.36e+01,  1.47e+02)
80      0.170   3.85e-01   7.26e-01   6.21e-01   2.49e+00   0.00e+00 (  5.78e+01,  1.38e+02)
85      0.165   3.60e-01   7.20e-01   6.21e-01   2.46e+00   0.00e+00 (  5.11e+01,  1.29e+02)
90      0.166   3.51e-01   7.01e-01   6.14e-01   2.71e+00   0.00e+00 (  4.61e+01,  1.20e+02)
95      2.163   4.98e+00   6.05e+00   4.26e+00   1.39e+02   0.00e+00 (  2.03e+03,  1.12e+02)
46 e: 2.191e-05 i: 2.257e-07 :: e: 3.222e-03 i: 4.370e-03 :: n: 2.762e+01 e:20.657 i:20.891 v:4.993e+03
>>> tau_he = 5.000000, nhe(0)=2.464595e+00
 5     -0.007   4.36e-03   2.65e-01   4.05e-03  -2.89e-02   0.00e+00 (  1.38e+00,  3.08e+01)
10     -0.006   1.68e-02   3.93e-02  -4.98e-04  -3.37e-02   0.00e+00 (  9.13e+00,  6.06e+01)
15     -0.006   7.94e-02   3.55e-02   9.10e-03  -4.27e-02   0.00e+00 (  4.66e+01,  8.93e+01)
20     -0.002   9.63e-02   7.29e-02   2.26e-02  -1.61e-02   0.00e+00 (  5.91e+01,  1.11e+02)
25      0.035   1.36e-01   1.08e-01   3.41e-02   2.95e-01   0.00e+00 (  7.94e+01,  1.30e+02)
30      0.038   1.67e-01   1.43e-01   6.77e-02   3.60e-01   0.00e+00 (  9.03e+01,  1.46e+02)
35      0.046   1.93e-01   1.91e-01   9.63e-02   4.73e-01   0.00e+00 (  9.61e+01,  1.59e+02)
40      0.056   2.23e-01   2.44e-01   1.23e-01   6.18e-01   0.00e+00 (  9.95e+01,  1.69e+02)
45      0.072   2.47e-01   3.03e-01   1.58e-01   8.39e-01   0.00e+00 (  9.67e+01,  1.75e+02)
50      0.084   2.66e-01   3.52e-01   1.79e-01   1.02e+00   0.00e+00 (  8.79e+01,  1.77e+02)
55      0.101   2.98e-01   4.38e-01   2.36e-01   1.29e+00   0.00e+00 (  8.70e+01,  1.75e+02)
60      0.118   3.22e-01   4.92e-01   3.11e-01   1.56e+00   0.00e+00 (  8.10e+01,  1.71e+02)
65      0.150   3.60e-01   6.01e-01   4.13e-01   2.04e+00   0.00e+00 (  7.61e+01,  1.64e+02)
70      0.159   3.73e-01   6.50e-01   4.92e-01   2.23e+00   0.00e+00 (  6.87e+01,  1.56e+02)
75      0.168   3.82e-01   6.92e-01   5.72e-01   2.40e+00   0.00e+00 (  6.25e+01,  1.47e+02)
80      0.171   3.83e-01   7.21e-01   6.17e-01   2.49e+00   0.00e+00 (  5.70e+01,  1.38e+02)
85      0.166   3.59e-01   7.17e-01   6.18e-01   2.46e+00   0.00e+00 (  5.04e+01,  1.29e+02)
90      0.167   3.51e-01   7.00e-01   6.13e-01   2.72e+00   0.00e+00 (  4.56e+01,  1.20e+02)
95      2.162   4.98e+00   6.05e+00   4.26e+00   1.39e+02   0.00e+00 (  2.03e+03,  1.12e+02)
47 e: 2.136e-06 i: 1.681e-05 :: e: 1.137e-02 i: 1.096e-02 :: n: 2.762e+01 e:20.560 i:20.882 v:4.993e+03
>>> tau_he = 5.000000, nhe(0)=2.457352e+00
 5     -0.007   4.33e-03   2.62e-01   4.05e-03  -2.87e-02   0.00e+00 (  1.37e+00,  3.08e+01)
10     -0.006   1.69e-02   3.96e-02  -4.86e-04  -3.38e-02   0.00e+00 (  9.16e+00,  6.06e+01)
15     -0.007   7.93e-02   3.62e-02   9.19e-03  -4.30e-02   0.00e+00 (  4.66e+01,  8.93e+01)
20     -0.002   9.62e-02   7.36e-02   2.30e-02  -1.67e-02   0.00e+00 (  5.91e+01,  1.11e+02)
25      0.034   1.36e-01   1.09e-01   3.44e-02   2.94e-01   0.00e+00 (  7.93e+01,  1.30e+02)
30      0.038   1.67e-01   1.44e-01   6.85e-02   3.60e-01   0.00e+00 (  9.03e+01,  1.46e+02)
35      0.046   1.93e-01   1.92e-01   9.73e-02   4.72e-01   0.00e+00 (  9.61e+01,  1.59e+02)
40      0.056   2.23e-01   2.46e-01   1.24e-01   6.19e-01   0.00e+00 (  9.95e+01,  1.69e+02)
45      0.072   2.48e-01   3.06e-01   1.59e-01   8.42e-01   0.00e+00 (  9.70e+01,  1.75e+02)
50      0.103   2.97e-01   4.12e-01   1.98e-01   1.26e+00   0.00e+00 (  9.85e+01,  1.77e+02)
55      0.101   2.98e-01   4.41e-01   2.37e-01   1.29e+00   0.00e+00 (  8.72e+01,  1.75e+02)
60      0.117   3.22e-01   4.93e-01   3.12e-01   1.55e+00   0.00e+00 (  8.09e+01,  1.71e+02)
65      0.149   3.59e-01   6.01e-01   4.11e-01   2.03e+00   0.00e+00 (  7.60e+01,  1.64e+02)
70      0.158   3.72e-01   6.49e-01   4.91e-01   2.21e+00   0.00e+00 (  6.85e+01,  1.56e+02)
75      0.166   3.80e-01   6.89e-01   5.70e-01   2.38e+00   0.00e+00 (  6.23e+01,  1.47e+02)
80      0.169   3.80e-01   7.16e-01   6.13e-01   2.47e+00   0.00e+00 (  5.66e+01,  1.38e+02)
85      0.164   3.56e-01   7.11e-01   6.13e-01   2.43e+00   0.00e+00 (  5.00e+01,  1.29e+02)
90      0.165   3.48e-01   6.92e-01   6.07e-01   2.69e+00   0.00e+00 (  4.52e+01,  1.20e+02)
95      2.163   4.98e+00   6.05e+00   4.26e+00   1.39e+02   0.00e+00 (  2.03e+03,  1.12e+02)
48 e: 1.539e-05 i: 3.068e-07 :: e: 8.176e-03 i: 8.165e-03 :: n: 2.762e+01 e:20.573 i:20.811 v:4.993e+03
>>> tau_he = 5.000000, nhe(0)=2.456857e+00
 5     -0.007   4.32e-03   2.62e-01   4.03e-03  -2.86e-02   0.00e+00 (  1.37e+00,  3.08e+01)
10     -0.006   1.67e-02   3.91e-02  -5.03e-04  -3.35e-02   0.00e+00 (  9.04e+00,  6.06e+01)
15     -0.006   7.88e-02   3.55e-02   9.18e-03  -4.12e-02   0.00e+00 (  4.61e+01,  8.93e+01)
20     -0.002   9.56e-02   7.27e-02   2.28e-02  -1.52e-02   0.00e+00 (  5.85e+01,  1.11e+02)
25      0.034   1.35e-01   1.08e-01   3.42e-02   2.93e-01   0.00e+00 (  7.86e+01,  1.30e+02)
30      0.038   1.66e-01   1.43e-01   6.78e-02   3.59e-01   0.00e+00 (  8.95e+01,  1.46e+02)
35      0.046   1.92e-01   1.90e-01   9.64e-02   4.71e-01   0.00e+00 (  9.51e+01,  1.59e+02)
40      0.056   2.22e-01   2.43e-01   1.23e-01   6.16e-01   0.00e+00 (  9.85e+01,  1.69e+02)
45      0.072   2.46e-01   3.02e-01   1.58e-01   8.36e-01   0.00e+00 (  9.58e+01,  1.75e+02)
50      0.084   2.66e-01   3.53e-01   1.78e-01   1.02e+00   0.00e+00 (  8.76e+01,  1.77e+02)
55      0.100   2.96e-01   4.36e-01   2.35e-01   1.28e+00   0.00e+00 (  8.60e+01,  1.75e+02)
60      0.117   3.19e-01   4.88e-01   3.12e-01   1.55e+00   0.00e+00 (  7.98e+01,  1.71e+02)
65      0.148   3.56e-01   5.95e-01   4.08e-01   2.03e+00   0.00e+00 (  7.49e+01,  1.64e+02)
70      0.157   3.69e-01   6.43e-01   4.87e-01   2.21e+00   0.00e+00 (  6.75e+01,  1.56e+02)
75      0.166   3.78e-01   6.84e-01   5.66e-01   2.38e+00   0.00e+00 (  6.14e+01,  1.47e+02)
80      0.169   3.78e-01   7.13e-01   6.11e-01   2.47e+00   0.00e+00 (  5.59e+01,  1.38e+02)
85      0.164   3.55e-01   7.08e-01   6.11e-01   2.44e+00   0.00e+00 (  4.95e+01,  1.29e+02)
90      0.165   3.47e-01   6.91e-01   6.06e-01   2.70e+00   0.00e+00 (  4.47e+01,  1.20e+02)
95      2.162   4.98e+00   6.05e+00   4.25e+00   1.39e+02   0.00e+00 (  2.02e+03,  1.12e+02)
49 e: 1.758e-06 i: 1.137e-05 :: e: 1.486e-02 i: 1.417e-02 :: n: 2.762e+01 e:20.492 i:20.806 v:4.993e+03
 plasma volume = 149.471418
 stored energy(e,i,b) = 5.560539e+01 4.962663e+01 0.000000e+00
 betan = 1.189166
*power
 Pnb(e,i) = 0.000000e+00 0.000000e+00
 Prf(e,i) = 6.484943e+00 1.352896e+01
 Prad     = -2.829214e+01 
 Pei      = -5.775448e+00 
 Pfuse    = 4.502123e+01 
 Pfusi    = 1.383179e+01 
 Poh      = 0.000000e+00 
*confinement time
 taut, tauITER98y2, H98y2 : 2.080721e+00 2.129472e+00 9.771067e-01
 taue, taui : 3.188641e+00 2.531037e+00
 taut, tau89, H89 : 2.080721e+00 9.748493e-01 2.134403e+00
*temperature
 nea, nebar : 1.945833e+01 2.196479e+01 
 tea, tia : 7.174556e+00 7.046670e+00 (1.018148e+00)
 te0, ti0 : 1.817962e+01 1.857514e+01 (9.787068e-01)
 Sn : 0.000000e+00 
*current balance
 Ip,Ibs,Inb,Irf: 1.000000e+01 1.836447e+00 0.000000e+00 9.812364e-02
 fni,fbs: 0.193 0.184

 plasma volume = 149.471418
 stored energy(e,i,b) = 5.560539e+01 4.962663e+01 0.000000e+00
 betan = 1.189166
*power
 Pnb(e,i) = 0.000000e+00 0.000000e+00
 Prf(e,i) = 6.484943e+00 1.352896e+01
 Prad     = -2.829214e+01 
 Pei      = -5.775448e+00 
 Pfuse    = 4.502123e+01 
 Pfusi    = 1.383179e+01 
 Poh      = 0.000000e+00 
*confinement time
 taut, tauITER98y2, H98y2 : 2.080721e+00 2.129472e+00 9.771067e-01
 taue, taui : 3.188641e+00 2.531037e+00
 taut, tau89, H89 : 2.080721e+00 9.748493e-01 2.134403e+00
*temperature
 nea, nebar : 1.945833e+01 2.196479e+01 
 tea, tia : 7.174556e+00 7.046670e+00 (1.018148e+00)
 te0, ti0 : 1.817962e+01 1.857514e+01 (9.787068e-01)
 Sn : 0.000000e+00 
*current balance
 Ip,Ibs,Inb,Irf: 1.000000e+01 1.836447e+00 0.000000e+00 9.812364e-02
 fni,fbs: 0.193 0.184
 ELAPASED TIME = 1789 sec
