NCAPTC: : NetCDF: Variable not found
Warning: ieee_overflow is signaling
Warning: ieee_underflow is signaling
Warning: ieee_inexact is signaling
FORTRAN STOP
 solver
 /global/common/software/atom/perlmutter/data/greentable/
 /global/common/software/atom/perlmutter/data/greentable/

          EFITD Version  07/09/2014


 type mode (2=file, 3=snap, 4=time, 5=input, 6=com file, 7=snap_ext):

 number of time slices?

 type input file names:
 #
 table_dir = </global/common/software/atom/perlmutter/data/greentable/>

  ----- time =     1 ms ----- ( 0)
 it=  1 chi2=0.00E+00 zm= 7.50E-03 err=4.533E+00 dz= 7.499E-03 chigam= 0.00E+00
 it=  2 chi2=0.00E+00 zm= 1.03E-02 err=1.017E+00 dz= 2.775E-03 chigam= 0.00E+00
 it=  3 chi2=0.00E+00 zm= 1.24E-02 err=5.476E-01 dz= 2.086E-03 chigam= 0.00E+00
 it=  4 chi2=0.00E+00 zm= 1.39E-02 err=2.969E-01 dz= 1.527E-03 chigam= 0.00E+00
 it=  5 chi2=0.00E+00 zm= 1.50E-02 err=1.608E-01 dz= 1.079E-03 chigam= 0.00E+00
 it=  6 chi2=0.00E+00 zm= 1.57E-02 err=8.992E-02 dz= 7.605E-04 chigam= 0.00E+00
 it=  7 chi2=0.00E+00 zm= 1.63E-02 err=5.078E-02 dz= 5.327E-04 chigam= 0.00E+00
 it=  8 chi2=0.00E+00 zm= 1.66E-02 err=2.969E-02 dz= 3.697E-04 chigam= 0.00E+00
 it=  9 chi2=0.00E+00 zm= 1.69E-02 err=1.807E-02 dz= 2.558E-04 chigam= 0.00E+00
 it= 10 chi2=0.00E+00 zm= 1.71E-02 err=1.156E-02 dz= 1.779E-04 chigam= 0.00E+00
 it= 11 chi2=0.00E+00 zm= 1.72E-02 err=7.411E-03 dz= 1.233E-04 chigam= 0.00E+00
 it= 12 chi2=0.00E+00 zm= 1.73E-02 err=4.895E-03 dz= 8.562E-05 chigam= 0.00E+00
 it= 13 chi2=0.00E+00 zm= 1.73E-02 err=2.394E-03 dz= 5.607E-05 chigam= 0.00E+00
 it= 14 chi2=0.00E+00 zm= 1.74E-02 err=1.825E-03 dz= 3.874E-05 chigam= 0.00E+00
 it= 15 chi2=0.00E+00 zm= 1.74E-02 err=1.143E-03 dz= 2.649E-05 chigam= 0.00E+00
 it= 16 chi2=0.00E+00 zm= 1.74E-02 err=1.010E-03 dz= 1.867E-05 chigam= 0.00E+00
 it= 17 chi2=0.00E+00 zm= 1.74E-02 err=5.015E-04 dz= 1.266E-05 chigam= 0.00E+00
 it= 18 chi2=0.00E+00 zm= 1.74E-02 err=2.932E-04 dz= 8.647E-06 chigam= 0.00E+00
 it= 19 chi2=0.00E+00 zm= 1.74E-02 err=1.774E-04 dz= 5.908E-06 chigam= 0.00E+00
 it= 20 chi2=0.00E+00 zm= 1.74E-02 err=1.174E-04 dz= 4.049E-06 chigam= 0.00E+00
 it= 21 chi2=0.00E+00 zm= 1.74E-02 err=3.442E-04 dz= 3.277E-06 chigam= 0.00E+00
 it= 22 chi2=0.00E+00 zm= 1.74E-02 err=6.778E-05 dz= 2.100E-06 chigam= 0.00E+00

      ******************** EFITD129 x 129  output ********************

       data used:   
  0 flux loops
  0 magnetic probes(i)
  0 full rogowski
  0 diamagnetic loop


 shot #   =          1 time(ms) =          1 chi**2   =  0.000E+00
 betat(%) =      1.152 betap    =      0.730 li       =      0.871
 vol(cm3) =  0.928E+07 rout(cm) =    170.950 zout(cm) =     -0.341
 elong    =      1.399 utriang  =     -0.490 ltriang  =     -0.490
 a(cm)    =     44.847 lin(cm)  = ********** lout(cm) =      0.910
 ltop(cm) = ********** q*       =      3.066 rc(cm)   =    177.630
 zc(cm)   =      1.382 bt0(t)   =      2.000 qout     =      2.870
