NCAPTC: : NetCDF: Variable not found
Warning: ieee_overflow is signaling
Warning: ieee_underflow is signaling
Warning: ieee_inexact is signaling
FORTRAN STOP
 solver
 /global/common/software/atom/perlmutter/data/greentable/
 /global/common/software/atom/perlmutter/data/greentable/

          EFITD Version  07/09/2014


 type mode (2=file, 3=snap, 4=time, 5=input, 6=com file, 7=snap_ext):

 number of time slices?

 type input file names:
 #
 table_dir = </global/common/software/atom/perlmutter/data/greentable/>

  ----- time =     1 ms ----- ( 0)
 it=  1 chi2=0.00E+00 zm= 7.53E-03 err=5.202E+00 dz= 7.535E-03 chigam= 0.00E+00
 it=  2 chi2=0.00E+00 zm= 1.07E-02 err=8.285E-01 dz= 3.205E-03 chigam= 0.00E+00
 it=  3 chi2=0.00E+00 zm= 1.32E-02 err=4.620E-01 dz= 2.418E-03 chigam= 0.00E+00
 it=  4 chi2=0.00E+00 zm= 1.50E-02 err=2.763E-01 dz= 1.819E-03 chigam= 0.00E+00
 it=  5 chi2=0.00E+00 zm= 1.64E-02 err=1.683E-01 dz= 1.393E-03 chigam= 0.00E+00
 it=  6 chi2=0.00E+00 zm= 1.74E-02 err=9.870E-02 dz= 1.047E-03 chigam= 0.00E+00
 it=  7 chi2=0.00E+00 zm= 1.82E-02 err=6.239E-02 dz= 7.970E-04 chigam= 0.00E+00
 it=  8 chi2=0.00E+00 zm= 1.88E-02 err=3.998E-02 dz= 6.076E-04 chigam= 0.00E+00
 it=  9 chi2=0.00E+00 zm= 1.93E-02 err=2.952E-02 dz= 4.626E-04 chigam= 0.00E+00
 it= 10 chi2=0.00E+00 zm= 1.96E-02 err=1.891E-02 dz= 3.468E-04 chigam= 0.00E+00
 it= 11 chi2=0.00E+00 zm= 1.99E-02 err=1.306E-02 dz= 2.570E-04 chigam= 0.00E+00
 it= 12 chi2=0.00E+00 zm= 2.01E-02 err=4.076E-03 dz= 1.844E-04 chigam= 0.00E+00
 it= 13 chi2=0.00E+00 zm= 2.02E-02 err=3.274E-03 dz= 1.359E-04 chigam= 0.00E+00
 it= 14 chi2=0.00E+00 zm= 2.03E-02 err=2.558E-03 dz= 1.001E-04 chigam= 0.00E+00
 it= 15 chi2=0.00E+00 zm= 2.04E-02 err=1.929E-03 dz= 7.362E-05 chigam= 0.00E+00
 it= 16 chi2=0.00E+00 zm= 2.04E-02 err=1.869E-03 dz= 5.620E-05 chigam= 0.00E+00
 it= 17 chi2=0.00E+00 zm= 2.05E-02 err=1.247E-03 dz= 4.158E-05 chigam= 0.00E+00
 it= 18 chi2=0.00E+00 zm= 2.05E-02 err=8.444E-04 dz= 3.069E-05 chigam= 0.00E+00
 it= 19 chi2=0.00E+00 zm= 2.05E-02 err=5.782E-04 dz= 2.261E-05 chigam= 0.00E+00
 it= 20 chi2=0.00E+00 zm= 2.05E-02 err=3.995E-04 dz= 1.664E-05 chigam= 0.00E+00
 it= 21 chi2=0.00E+00 zm= 2.06E-02 err=2.783E-04 dz= 1.222E-05 chigam= 0.00E+00
 it= 22 chi2=0.00E+00 zm= 2.06E-02 err=1.951E-04 dz= 8.975E-06 chigam= 0.00E+00
 it= 23 chi2=0.00E+00 zm= 2.06E-02 err=1.375E-04 dz= 6.583E-06 chigam= 0.00E+00
 it= 24 chi2=0.00E+00 zm= 2.06E-02 err=9.723E-05 dz= 4.829E-06 chigam= 0.00E+00

      ******************** EFITD129 x 129  output ********************

       data used:   
  0 flux loops
  0 magnetic probes(i)
  0 full rogowski
  0 diamagnetic loop


 shot #   =          1 time(ms) =          1 chi**2   =  0.000E+00
 betat(%) =      0.948 betap    =      0.476 li       =      0.857
 vol(cm3) =  0.773E+07 rout(cm) =    172.135 zout(cm) =      0.817
 elong    =      1.342 utriang  =     -0.374 ltriang  =     -0.309
 a(cm)    =     41.366 lin(cm)  = ********** lout(cm) =     10.675
 ltop(cm) = ********** q*       =      2.290 rc(cm)   =    176.176
 zc(cm)   =      1.804 bt0(t)   =      2.000 qout     =      2.191
