========================================================================
= FASTRAN

nonlinear model = 0
ichi = 1
ineo = 0
reading state...
read formatted input, inprof...
init geometry...
read formatted input, inmetric...
nrho in inmetric = 101
rhob in inmetric = 1.264096e+00
solve avg grad-shafranv...
solve_avg_gs::Ip_temp = 9.996612e+00 
solve_avg_gs::Ip      = 1.000000e+01 
>>> tau_he = 5.000000, nhe(0)=2.522040e+00

 plasma volume = 148.924558
 stored energy(e,i,b,a) = 5.886037e+01 5.676202e+01 0.000000e+00 0.000000e+00
 betan = 1.310624
*power
 Pnb(e,i) = 0.000000e+00 0.000000e+00
 Prf(e,i) = 1.243306e+01 2.757816e+01
 Prad     = -1.130980e+01 
 Pei      = 1.629960e+00 
 Pfuse    = 6.104818e+01 
 Pfusi    = 2.003281e+01 
 Poh      = 0.000000e+00 
*confinement time
 taut, tauITER98y2, H98y2 : 1.053196e+00 1.231552e+00 8.551781e-01
 taue, taui : 9.225561e-01 3.084415e+00
 taut, tau89, H89 : 1.053196e+00 6.589272e-01 1.598349e+00
*temperature
 nea, nebar : 1.865647e+01 2.142803e+01 
 tea, tia : 7.709334e+00 7.762753e+00 (9.931186e-01)
 te0, ti0 : 1.881676e+01 1.901697e+01 (9.894721e-01)
 Sn : 0.000000e+00 
*current balance
 Ip,Ibs,Inb,Irf: 1.000000e+01 2.013490e+00 0.000000e+00 3.570374e-01
 fni,fbs: 0.237 0.201

Time advancing...
rho_bdry 0.900000 ...
te_bdry = 3.746797
ti_bdry = 3.746714
ne_bdry = 14.498656
rv_bdry = 279.463030
nrho_tr_bdry = 18
drho_bdry = 0.000000e+00
nrhob = 90
 [    0] t = 0.0000 
>>> tau_he = 5.000000, nhe(0)=2.512079e+00
 5     -0.003   4.09e-03   1.27e-01   2.60e-03  -1.31e-02   0.00e+00 (  8.12e-01,  5.29e+01)
10     -0.000   2.01e-04  -1.58e-03  -9.46e-04  -1.70e-03   0.00e+00 (  5.07e-02,  1.03e+02)
15     -0.001   3.24e-04  -1.98e-03  -1.00e-03  -6.72e-03   0.00e+00 (  9.61e-02,  1.42e+02)
20     -0.002   7.71e-04  -3.15e-03  -2.50e-03  -1.53e-02   0.00e+00 (  2.56e-01,  1.73e+02)
25      0.004   1.83e-02  -1.77e-02   1.79e-04   3.91e-02   0.00e+00 (  6.56e+00,  2.02e+02)
30      0.014   8.42e-02  -2.56e-02   2.29e-02   1.43e-01   0.00e+00 (  3.19e+01,  2.25e+02)
35      0.033   1.46e-01   3.29e-02   3.50e-02   3.62e-01   0.00e+00 (  5.70e+01,  2.42e+02)
40      0.049   2.18e-01   9.81e-02   5.27e-02   5.82e-01   0.00e+00 (  8.57e+01,  2.55e+02)
45      0.074   2.90e-01   2.25e-01   9.00e-02   9.27e-01   0.00e+00 (  1.12e+02,  2.63e+02)
50      0.133   4.19e-01   4.57e-01   2.34e-01   1.76e+00   0.00e+00 (  1.58e+02,  2.64e+02)
55      0.227   5.85e-01   8.22e-01   4.08e-01   3.12e+00   0.00e+00 (  2.11e+02,  2.62e+02)
60      0.299   7.14e-01   1.15e+00   6.68e-01   4.27e+00   0.00e+00 (  2.42e+02,  2.56e+02)
65      0.356   8.22e-01   1.45e+00   9.51e-01   5.22e+00   0.00e+00 (  2.56e+02,  2.47e+02)
70      0.389   9.14e-01   1.69e+00   1.21e+00   5.85e+00   0.00e+00 (  2.57e+02,  2.37e+02)
75      0.390   9.49e-01   1.79e+00   1.36e+00   6.00e+00   0.00e+00 (  2.35e+02,  2.26e+02)
80      0.370   9.01e-01   1.74e+00   1.35e+00   5.98e+00   0.00e+00 (  1.92e+02,  2.14e+02)
85      0.387   9.32e-01   1.70e+00   1.27e+00   7.57e+00   0.00e+00 (  1.81e+02,  2.03e+02)
90      1.962   4.02e+00   5.31e+00   3.75e+00   6.98e+01   0.00e+00 (  1.19e+03,  1.92e+02)
95      0.653   1.14e+00   1.63e+00   1.31e+00   4.13e+01   0.00e+00 (  5.98e+02,  1.83e+02)
 0 e: 1.919e-06 i: 1.476e-05 :: e: 0.000e+00 i: 0.000e+00 :: n: 2.762e+01 e:18.789 i:18.895 v:4.993e+03
>>> tau_he = 5.000000, nhe(0)=2.496268e+00
 5     -0.002   4.63e-03   2.08e-01   3.38e-03  -9.96e-03   0.00e+00 (  8.82e-01,  5.29e+01)
10     -0.001   2.37e-04  -3.07e-03  -1.43e-03  -3.27e-03   0.00e+00 (  5.99e-02,  1.03e+02)
15     -0.002   3.12e-04  -3.13e-03  -2.07e-03  -1.07e-02   0.00e+00 (  9.37e-02,  1.42e+02)
20     -0.002   7.75e-04  -3.11e-03  -2.45e-03  -1.54e-02   0.00e+00 (  2.59e-01,  1.73e+02)
25      0.004   1.81e-02  -1.83e-02   2.00e-04   4.10e-02   0.00e+00 (  6.58e+00,  2.02e+02)
30      0.015   8.62e-02  -2.54e-02   2.40e-02   1.53e-01   0.00e+00 (  3.28e+01,  2.25e+02)
35      0.034   1.49e-01   3.65e-02   3.61e-02   3.78e-01   0.00e+00 (  5.83e+01,  2.42e+02)
40      0.052   2.22e-01   1.07e-01   5.39e-02   6.13e-01   0.00e+00 (  8.76e+01,  2.55e+02)
45      0.079   2.97e-01   2.45e-01   9.64e-02   9.96e-01   0.00e+00 (  1.17e+02,  2.63e+02)
50      0.149   4.36e-01   5.00e-01   2.46e-01   1.96e+00   0.00e+00 (  1.66e+02,  2.64e+02)
55      0.224   5.82e-01   8.21e-01   4.08e-01   3.09e+00   0.00e+00 (  2.09e+02,  2.62e+02)
60      0.279   6.98e-01   1.10e+00   6.35e-01   3.98e+00   0.00e+00 (  2.35e+02,  2.56e+02)
65      0.348   8.12e-01   1.42e+00   9.34e-01   5.10e+00   0.00e+00 (  2.51e+02,  2.47e+02)
70      0.391   9.10e-01   1.68e+00   1.21e+00   5.87e+00   0.00e+00 (  2.53e+02,  2.37e+02)
75      0.392   9.48e-01   1.79e+00   1.36e+00   6.03e+00   0.00e+00 (  2.32e+02,  2.26e+02)
80      0.359   9.01e-01   1.73e+00   1.34e+00   5.80e+00   0.00e+00 (  1.97e+02,  2.14e+02)
85      0.381   9.47e-01   1.73e+00   1.30e+00   7.44e+00   0.00e+00 (  2.01e+02,  2.03e+02)
90      0.638   1.41e+00   2.03e+00   1.32e+00   2.27e+01   0.00e+00 (  3.75e+02,  1.92e+02)
95      0.653   1.14e+00   1.63e+00   1.31e+00   4.13e+01   0.00e+00 (  5.98e+02,  1.83e+02)
 1 e: 8.239e-02 i: 3.361e-01 :: e: 8.653e-03 i: 1.539e-02 :: n: 2.762e+01 e:26.376 i:33.640 v:4.993e+03
>>> tau_he = 5.000000, nhe(0)=3.595123e+00
 5     -0.009   2.02e-02   9.61e-01   4.92e-03  -4.17e-02   0.00e+00 (  5.09e+00,  5.29e+01)
10     -0.026   1.49e-01   4.11e-02   2.17e-02  -1.53e-01   0.00e+00 (  9.05e+01,  1.03e+02)
15      0.079   7.29e-01   8.25e-01   3.51e-01   5.68e-01   0.00e+00 (  6.42e+02,  1.42e+02)
20      0.149   6.67e-01   7.50e-01   4.96e-01   1.23e+00   0.00e+00 (  6.77e+02,  1.73e+02)
25      0.455   6.52e-01   7.03e-01   5.01e-01   4.22e+00   0.00e+00 (  6.57e+02,  2.02e+02)
30      0.612   5.86e-01   6.43e-01   4.16e-01   6.25e+00   0.00e+00 (  4.85e+02,  2.25e+02)
35      0.523   5.41e-01   6.25e-01   4.15e-01   5.79e+00   0.00e+00 (  3.83e+02,  2.42e+02)
40      0.372   5.23e-01   8.05e-01   3.67e-01   4.42e+00   0.00e+00 (  3.21e+02,  2.55e+02)
45      0.356   5.60e-01   1.07e+00   4.40e-01   4.48e+00   0.00e+00 (  2.96e+02,  2.63e+02)
50      0.235   5.64e-01   1.12e+00   4.85e-01   3.10e+00   0.00e+00 (  2.39e+02,  2.64e+02)
55      0.140   5.19e-01   8.96e-01   4.44e-01   1.92e+00   0.00e+00 (  1.76e+02,  2.62e+02)
60      0.076   4.74e-01   6.57e-01   3.72e-01   1.08e+00   0.00e+00 (  1.37e+02,  2.56e+02)
65      0.117   5.30e-01   8.00e-01   5.01e-01   1.72e+00   0.00e+00 (  1.35e+02,  2.47e+02)
70      0.197   6.59e-01   1.15e+00   7.87e-01   2.95e+00   0.00e+00 (  1.51e+02,  2.37e+02)
75      0.198   7.10e-01   1.22e+00   8.93e-01   3.06e+00   0.00e+00 (  1.52e+02,  2.26e+02)
80      0.169   7.20e-01   1.15e+00   8.54e-01   2.73e+00   0.00e+00 (  1.52e+02,  2.14e+02)
85      0.245   7.47e-01   1.21e+00   8.47e-01   4.79e+00   0.00e+00 (  1.40e+02,  2.03e+02)
90      0.607   1.39e+00   1.93e+00   1.21e+00   2.16e+01   0.00e+00 (  3.32e+02,  1.92e+02)
95      0.653   1.14e+00   1.63e+00   1.31e+00   4.13e+01   0.00e+00 (  5.98e+02,  1.83e+02)
 2 e: 5.442e-02 i: 2.319e-02 :: e: 4.282e-01 i: 4.352e-01 :: n: 2.762e+01 e:31.746 i:40.248 v:4.993e+03
>>> tau_he = 5.000000, nhe(0)=3.822714e+00
 5     -0.054   3.06e-02   1.04e+00   8.58e-03  -2.57e-01   0.00e+00 (  1.65e+01,  5.29e+01)
10     -0.806   2.08e-01   2.82e-02  -4.07e-02  -4.82e+00   0.00e+00 (  2.22e+02,  1.03e+02)
15     -0.386   1.07e+00   1.35e+00   8.20e-01  -2.76e+00   0.00e+00 (  1.24e+03,  1.42e+02)
20     -0.191   1.05e+00   1.27e+00   1.06e+00  -1.57e+00   0.00e+00 (  1.37e+03,  1.73e+02)
25      0.342   8.82e-01   1.03e+00   1.14e+00   3.17e+00   0.00e+00 (  1.19e+03,  2.02e+02)
30      0.742   6.76e-01   7.05e-01   8.10e-01   7.59e+00   0.00e+00 (  7.96e+02,  2.25e+02)
35      0.733   5.46e-01   5.80e-01   5.44e-01   8.13e+00   0.00e+00 (  5.40e+02,  2.42e+02)
40      0.378   4.87e-01   6.42e-01   4.56e-01   4.48e+00   0.00e+00 (  3.88e+02,  2.55e+02)
45      0.278   5.06e-01   8.13e-01   2.88e-01   3.50e+00   0.00e+00 (  3.11e+02,  2.63e+02)
50      0.224   5.22e-01   9.05e-01   3.89e-01   2.96e+00   0.00e+00 (  2.33e+02,  2.64e+02)
55      0.160   4.86e-01   7.94e-01   3.98e-01   2.20e+00   0.00e+00 (  1.60e+02,  2.62e+02)
60      0.111   4.10e-01   5.97e-01   3.40e-01   1.58e+00   0.00e+00 (  1.07e+02,  2.56e+02)
65      0.144   4.30e-01   6.87e-01   4.38e-01   2.12e+00   0.00e+00 (  9.27e+01,  2.47e+02)
70      0.220   5.40e-01   9.74e-01   6.79e-01   3.30e+00   0.00e+00 (  9.96e+01,  2.37e+02)
75      0.233   5.76e-01   1.05e+00   7.81e-01   3.59e+00   0.00e+00 (  9.68e+01,  2.26e+02)
80      0.220   5.86e-01   1.05e+00   7.88e-01   3.55e+00   0.00e+00 (  9.48e+01,  2.14e+02)
85      0.282   6.73e-01   1.16e+00   8.30e-01   5.51e+00   0.00e+00 (  9.55e+01,  2.03e+02)
90      0.617   1.41e+00   1.93e+00   1.22e+00   2.19e+01   0.00e+00 (  3.08e+02,  1.92e+02)
95      0.653   1.14e+00   1.63e+00   1.31e+00   4.13e+01   0.00e+00 (  5.98e+02,  1.83e+02)
 3 e: 3.511e-02 i: 3.177e-02 :: e: 5.002e-01 i: 4.669e-01 :: n: 2.762e+01 e:30.439 i:41.969 v:4.993e+03
>>> tau_he = 5.000000, nhe(0)=3.874164e+00
 5     -0.074   3.22e-02   8.82e-01   5.46e-03  -3.47e-01   0.00e+00 (  1.87e+01,  5.29e+01)
10     -0.702   2.39e-01   1.81e-02  -7.72e-02  -4.19e+00   0.00e+00 (  2.32e+02,  1.03e+02)
15     -0.340   3.53e-01   2.37e-01  -2.36e-01  -2.43e+00   0.00e+00 (  3.07e+02,  1.42e+02)
20      0.260   9.22e-01   1.02e+00   6.07e-01   2.15e+00   0.00e+00 (  8.77e+02,  1.73e+02)
25      0.617   1.01e+00   1.11e+00   9.06e-01   5.72e+00   0.00e+00 (  1.09e+03,  2.02e+02)
30      0.963   8.63e-01   8.98e-01   9.35e-01   9.83e+00   0.00e+00 (  9.46e+02,  2.25e+02)
35      0.906   6.55e-01   6.74e-01   6.22e-01   1.00e+01   0.00e+00 (  6.64e+02,  2.42e+02)
40      0.502   5.42e-01   7.00e-01   5.70e-01   5.96e+00   0.00e+00 (  4.66e+02,  2.55e+02)
45      0.343   5.58e-01   8.90e-01   3.83e-01   4.31e+00   0.00e+00 (  3.79e+02,  2.63e+02)
50      0.293   6.09e-01   1.10e+00   4.97e-01   3.87e+00   0.00e+00 (  3.07e+02,  2.64e+02)
55      0.215   5.92e-01   1.07e+00   5.38e-01   2.96e+00   0.00e+00 (  2.24e+02,  2.62e+02)
60      0.187   5.78e-01   1.01e+00   5.73e-01   2.67e+00   0.00e+00 (  1.74e+02,  2.56e+02)
65      0.175   5.30e-01   9.14e-01   5.86e-01   2.57e+00   0.00e+00 (  1.31e+02,  2.47e+02)
70      0.230   6.13e-01   1.13e+00   7.89e-01   3.46e+00   0.00e+00 (  1.28e+02,  2.37e+02)
75      0.225   6.28e-01   1.14e+00   8.37e-01   3.46e+00   0.00e+00 (  1.18e+02,  2.26e+02)
80      0.201   6.14e-01   1.07e+00   7.95e-01   3.24e+00   0.00e+00 (  1.09e+02,  2.14e+02)
85      0.260   6.69e-01   1.13e+00   7.89e-01   5.08e+00   0.00e+00 (  1.03e+02,  2.03e+02)
90      0.611   1.40e+00   1.92e+00   1.21e+00   2.18e+01   0.00e+00 (  3.11e+02,  1.92e+02)
95      0.653   1.14e+00   1.63e+00   1.31e+00   4.13e+01   0.00e+00 (  5.98e+02,  1.83e+02)
 4 e: 1.722e-02 i: 3.951e-02 :: e: 3.901e-01 i: 3.351e-01 :: n: 2.762e+01 e:29.792 i:41.992 v:4.993e+03
>>> tau_he = 5.000000, nhe(0)=3.878335e+00
 5     -0.088   3.36e-02   8.60e-01   6.11e-03  -4.15e-01   0.00e+00 (  2.12e+01,  5.29e+01)
10     -0.581   2.49e-01   3.54e-02  -9.71e-02  -3.47e+00   0.00e+00 (  2.36e+02,  1.03e+02)
15      0.604   1.13e+00   1.23e+00   5.47e-01   4.32e+00   0.00e+00 (  9.41e+02,  1.42e+02)
20     -0.074   3.00e-01   2.11e-01  -2.85e-03  -6.14e-01   0.00e+00 (  2.44e+02,  1.73e+02)
25      0.579   8.64e-01   9.24e-01   5.73e-01   5.37e+00   0.00e+00 (  7.70e+02,  2.02e+02)
30      0.860   8.48e-01   8.93e-01   7.01e-01   8.79e+00   0.00e+00 (  8.09e+02,  2.25e+02)
35      0.869   7.08e-01   7.29e-01   6.31e-01   9.63e+00   0.00e+00 (  6.80e+02,  2.42e+02)
40      0.473   5.59e-01   6.89e-01   5.01e-01   5.61e+00   0.00e+00 (  4.84e+02,  2.55e+02)
45      0.323   5.78e-01   8.62e-01   3.67e-01   4.06e+00   0.00e+00 (  4.10e+02,  2.63e+02)
50      0.293   6.33e-01   1.05e+00   4.58e-01   3.87e+00   0.00e+00 (  3.41e+02,  2.64e+02)
55      0.231   6.36e-01   1.08e+00   5.35e-01   3.18e+00   0.00e+00 (  2.62e+02,  2.62e+02)
60      0.212   6.37e-01   1.09e+00   6.14e-01   3.02e+00   0.00e+00 (  2.11e+02,  2.56e+02)
65      0.241   6.59e-01   1.19e+00   7.64e-01   3.53e+00   0.00e+00 (  1.79e+02,  2.47e+02)
70      0.260   6.80e-01   1.25e+00   8.85e-01   3.91e+00   0.00e+00 (  1.54e+02,  2.37e+02)
75      0.256   6.98e-01   1.27e+00   9.41e-01   3.94e+00   0.00e+00 (  1.41e+02,  2.26e+02)
80      0.233   6.82e-01   1.22e+00   9.19e-01   3.76e+00   0.00e+00 (  1.29e+02,  2.14e+02)
85      0.294   7.19e-01   1.26e+00   9.10e-01   5.75e+00   0.00e+00 (  1.16e+02,  2.03e+02)
90      0.621   1.41e+00   1.95e+00   1.24e+00   2.21e+01   0.00e+00 (  3.16e+02,  1.92e+02)
95      0.653   1.14e+00   1.63e+00   1.31e+00   4.13e+01   0.00e+00 (  5.98e+02,  1.83e+02)
 5 e: 1.471e-02 i: 2.302e-02 :: e: 3.055e-01 i: 2.687e-01 :: n: 2.762e+01 e:28.856 i:41.883 v:4.993e+03
>>> tau_he = 5.000000, nhe(0)=3.876394e+00
 5     -0.105   3.34e-02   8.01e-01   4.19e-03  -4.97e-01   0.00e+00 (  2.16e+01,  5.29e+01)
10     -0.364   2.88e-01   7.58e-02  -1.31e-01  -2.17e+00   0.00e+00 (  2.46e+02,  1.03e+02)
15     -0.077   3.60e-01   1.83e-01  -9.00e-02  -5.53e-01   0.00e+00 (  2.53e+02,  1.42e+02)
20     -0.001   3.10e-01   2.32e-01  -1.52e-02  -1.16e-02   0.00e+00 (  2.36e+02,  1.73e+02)
25      0.569   7.83e-01   8.21e-01   4.33e-01   5.28e+00   0.00e+00 (  6.13e+02,  2.02e+02)
30      0.718   8.03e-01   8.36e-01   5.10e-01   7.33e+00   0.00e+00 (  6.65e+02,  2.25e+02)
35      0.736   7.18e-01   7.60e-01   5.70e-01   8.16e+00   0.00e+00 (  6.23e+02,  2.42e+02)
40      0.438   6.16e-01   7.59e-01   4.99e-01   5.20e+00   0.00e+00 (  5.11e+02,  2.55e+02)
45      0.331   6.07e-01   8.89e-01   3.63e-01   4.16e+00   0.00e+00 (  4.26e+02,  2.63e+02)
50      0.307   6.67e-01   1.08e+00   4.64e-01   4.05e+00   0.00e+00 (  3.68e+02,  2.64e+02)
55      0.255   6.87e-01   1.16e+00   5.68e-01   3.50e+00   0.00e+00 (  2.99e+02,  2.62e+02)
60      0.239   7.02e-01   1.21e+00   6.93e-01   3.40e+00   0.00e+00 (  2.52e+02,  2.56e+02)
65      0.265   7.33e-01   1.33e+00   8.61e-01   3.89e+00   0.00e+00 (  2.19e+02,  2.47e+02)
70      0.281   7.62e-01   1.41e+00   9.93e-01   4.23e+00   0.00e+00 (  1.92e+02,  2.37e+02)
75      0.271   7.81e-01   1.43e+00   1.06e+00   4.18e+00   0.00e+00 (  1.76e+02,  2.26e+02)
80      0.243   7.63e-01   1.37e+00   1.03e+00   3.93e+00   0.00e+00 (  1.62e+02,  2.14e+02)
85      0.308   7.73e-01   1.37e+00   1.00e+00   6.02e+00   0.00e+00 (  1.38e+02,  2.03e+02)
90      0.627   1.41e+00   1.97e+00   1.26e+00   2.23e+01   0.00e+00 (  3.25e+02,  1.92e+02)
95      0.653   1.14e+00   1.63e+00   1.31e+00   4.13e+01   0.00e+00 (  5.98e+02,  1.83e+02)
 6 e: 5.279e-03 i: 1.428e-02 :: e: 2.153e-01 i: 2.107e-01 :: n: 2.762e+01 e:28.485 i:41.694 v:4.993e+03
>>> tau_he = 5.000000, nhe(0)=3.872329e+00
 5     -0.110   3.41e-02   8.06e-01   4.94e-03  -5.18e-01   0.00e+00 (  2.30e+01,  5.29e+01)
10     -0.341   2.82e-01   6.68e-02  -1.22e-01  -2.04e+00   0.00e+00 (  2.31e+02,  1.03e+02)
15      0.835   1.14e+00   1.15e+00   4.46e-01   5.97e+00   0.00e+00 (  7.96e+02,  1.42e+02)
20      0.597   8.92e-01   9.71e-01   4.33e-01   4.92e+00   0.00e+00 (  6.68e+02,  1.73e+02)
25      0.110   2.92e-01   2.31e-01   1.92e-02   1.02e+00   0.00e+00 (  2.10e+02,  2.02e+02)
30      0.604   7.28e-01   7.58e-01   4.44e-01   6.18e+00   0.00e+00 (  5.46e+02,  2.25e+02)
35      0.623   7.01e-01   7.38e-01   4.65e-01   6.90e+00   0.00e+00 (  5.59e+02,  2.42e+02)
40      0.377   6.06e-01   7.46e-01   3.85e-01   4.47e+00   0.00e+00 (  4.76e+02,  2.55e+02)
45      0.317   6.17e-01   8.86e-01   3.44e-01   3.99e+00   0.00e+00 (  4.23e+02,  2.63e+02)
50      0.298   6.78e-01   1.06e+00   4.46e-01   3.94e+00   0.00e+00 (  3.74e+02,  2.64e+02)
55      0.258   7.08e-01   1.16e+00   5.64e-01   3.55e+00   0.00e+00 (  3.16e+02,  2.62e+02)
60      0.249   7.39e-01   1.24e+00   7.01e-01   3.55e+00   0.00e+00 (  2.76e+02,  2.56e+02)
65      0.281   7.79e-01   1.39e+00   9.04e-01   4.13e+00   0.00e+00 (  2.45e+02,  2.47e+02)
70      0.300   8.18e-01   1.50e+00   1.06e+00   4.51e+00   0.00e+00 (  2.19e+02,  2.37e+02)
75      0.289   8.43e-01   1.54e+00   1.14e+00   4.45e+00   0.00e+00 (  2.03e+02,  2.26e+02)
80      0.258   8.24e-01   1.48e+00   1.12e+00   4.16e+00   0.00e+00 (  1.87e+02,  2.14e+02)
85      0.326   8.22e-01   1.47e+00   1.09e+00   6.37e+00   0.00e+00 (  1.58e+02,  2.03e+02)
90      0.630   1.40e+00   1.98e+00   1.27e+00   2.24e+01   0.00e+00 (  3.30e+02,  1.92e+02)
95      0.653   1.14e+00   1.63e+00   1.31e+00   4.13e+01   0.00e+00 (  5.98e+02,  1.83e+02)
 7 e: 8.130e-03 i: 2.804e-02 :: e: 2.254e-01 i: 2.308e-01 :: n: 2.762e+01 e:27.709 i:40.688 v:4.993e+03
>>> tau_he = 5.000000, nhe(0)=3.850022e+00
 5     -0.123   3.19e-02   7.42e-01   3.44e-03  -5.80e-01   0.00e+00 (  2.19e+01,  5.29e+01)
10     -0.176   3.05e-01   9.13e-02  -1.53e-01  -1.05e+00   0.00e+00 (  2.31e+02,  1.03e+02)
15      0.089   3.89e-01   2.31e-01  -2.64e-01   6.36e-01   0.00e+00 (  2.35e+02,  1.42e+02)
20      0.041   2.85e-01   2.05e-01  -5.59e-03   3.36e-01   0.00e+00 (  1.89e+02,  1.73e+02)
25      0.118   2.90e-01   2.35e-01   2.02e-02   1.09e+00   0.00e+00 (  2.04e+02,  2.02e+02)
30      0.543   6.73e-01   7.08e-01   3.85e-01   5.55e+00   0.00e+00 (  4.75e+02,  2.25e+02)
35      0.530   6.50e-01   6.88e-01   3.75e-01   5.87e+00   0.00e+00 (  4.81e+02,  2.42e+02)
40      0.340   5.91e-01   7.40e-01   3.44e-01   4.04e+00   0.00e+00 (  4.40e+02,  2.55e+02)
45      0.302   6.16e-01   8.74e-01   2.99e-01   3.80e+00   0.00e+00 (  4.08e+02,  2.63e+02)
50      0.291   6.78e-01   1.04e+00   4.32e-01   3.84e+00   0.00e+00 (  3.69e+02,  2.64e+02)
55      0.260   7.19e-01   1.15e+00   5.56e-01   3.58e+00   0.00e+00 (  3.23e+02,  2.62e+02)
60      0.257   7.63e-01   1.27e+00   7.15e-01   3.66e+00   0.00e+00 (  2.91e+02,  2.56e+02)
65      0.294   8.11e-01   1.45e+00   9.37e-01   4.32e+00   0.00e+00 (  2.64e+02,  2.47e+02)
70      0.315   8.59e-01   1.58e+00   1.11e+00   4.73e+00   0.00e+00 (  2.40e+02,  2.37e+02)
75      0.301   8.89e-01   1.62e+00   1.21e+00   4.64e+00   0.00e+00 (  2.24e+02,  2.26e+02)
80      0.265   8.68e-01   1.56e+00   1.19e+00   4.28e+00   0.00e+00 (  2.08e+02,  2.14e+02)
85      0.334   8.55e-01   1.54e+00   1.14e+00   6.54e+00   0.00e+00 (  1.74e+02,  2.03e+02)
90      0.634   1.40e+00   1.99e+00   1.28e+00   2.26e+01   0.00e+00 (  3.35e+02,  1.92e+02)
95      0.653   1.14e+00   1.63e+00   1.31e+00   4.13e+01   0.00e+00 (  5.98e+02,  1.83e+02)
 8 e: 1.930e-03 i: 5.955e-03 :: e: 1.438e-01 i: 1.634e-01 :: n: 2.762e+01 e:27.407 i:40.302 v:4.993e+03
>>> tau_he = 5.000000, nhe(0)=3.839674e+00
 5     -0.116   3.14e-02   7.43e-01   5.23e-03  -5.46e-01   0.00e+00 (  2.18e+01,  5.29e+01)
10     -0.166   2.83e-01   6.83e-02  -1.33e-01  -9.92e-01   0.00e+00 (  2.05e+02,  1.03e+02)
15      0.102   3.57e-01   1.62e-01  -7.70e-02   7.30e-01   0.00e+00 (  2.13e+02,  1.42e+02)
20      0.044   2.88e-01   2.16e-01  -1.14e-02   3.59e-01   0.00e+00 (  1.91e+02,  1.73e+02)
25      0.558   7.11e-01   7.47e-01   3.66e-01   5.17e+00   0.00e+00 (  4.99e+02,  2.02e+02)
30      0.478   6.25e-01   6.51e-01   3.34e-01   4.88e+00   0.00e+00 (  4.21e+02,  2.25e+02)
35      0.446   5.90e-01   6.37e-01   3.48e-01   4.95e+00   0.00e+00 (  4.14e+02,  2.42e+02)
40      0.313   5.72e-01   7.24e-01   3.03e-01   3.71e+00   0.00e+00 (  4.07e+02,  2.55e+02)
45      0.284   6.10e-01   8.54e-01   2.90e-01   3.57e+00   0.00e+00 (  3.91e+02,  2.63e+02)
50      0.279   6.72e-01   1.01e+00   4.22e-01   3.68e+00   0.00e+00 (  3.59e+02,  2.64e+02)
55      0.256   7.20e-01   1.14e+00   5.48e-01   3.52e+00   0.00e+00 (  3.22e+02,  2.62e+02)
60      0.259   7.72e-01   1.27e+00   7.11e-01   3.69e+00   0.00e+00 (  2.95e+02,  2.56e+02)
65      0.300   8.26e-01   1.47e+00   9.50e-01   4.41e+00   0.00e+00 (  2.72e+02,  2.47e+02)
70      0.323   8.81e-01   1.62e+00   1.14e+00   4.85e+00   0.00e+00 (  2.51e+02,  2.37e+02)
75      0.308   9.15e-01   1.67e+00   1.24e+00   4.75e+00   0.00e+00 (  2.37e+02,  2.26e+02)
80      0.269   8.93e-01   1.60e+00   1.23e+00   4.35e+00   0.00e+00 (  2.19e+02,  2.14e+02)
85      0.340   8.74e-01   1.57e+00   1.17e+00   6.64e+00   0.00e+00 (  1.83e+02,  2.03e+02)
90      0.637   1.40e+00   2.00e+00   1.28e+00   2.27e+01   0.00e+00 (  3.39e+02,  1.92e+02)
95      0.653   1.14e+00   1.63e+00   1.31e+00   4.13e+01   0.00e+00 (  5.98e+02,  1.83e+02)
 9 e: 1.293e-03 i: 8.231e-03 :: e: 1.428e-01 i: 1.509e-01 :: n: 2.762e+01 e:27.065 i:40.400 v:4.993e+03
>>> tau_he = 5.000000, nhe(0)=3.841343e+00
 5     -0.116   3.22e-02   7.55e-01   5.60e-03  -5.49e-01   0.00e+00 (  2.26e+01,  5.29e+01)
10     -0.149   2.76e-01   5.95e-02  -1.23e-01  -8.88e-01   0.00e+00 (  1.95e+02,  1.03e+02)
15      0.878   1.09e+00   1.02e+00   3.43e-01   6.28e+00   0.00e+00 (  6.51e+02,  1.42e+02)
20      0.602   8.18e-01   8.60e-01   3.44e-01   4.96e+00   0.00e+00 (  5.43e+02,  1.73e+02)
25      0.142   3.04e-01   2.64e-01  -1.72e-02   1.32e+00   0.00e+00 (  2.03e+02,  2.02e+02)
30      0.302   5.68e-01   5.78e-01   2.09e-01   3.08e+00   0.00e+00 (  3.68e+02,  2.25e+02)
35      0.411   5.54e-01   6.02e-01   3.12e-01   4.55e+00   0.00e+00 (  3.75e+02,  2.42e+02)
40      0.293   5.57e-01   7.01e-01   2.72e-01   3.48e+00   0.00e+00 (  3.82e+02,  2.55e+02)
45      0.271   5.99e-01   8.28e-01   2.75e-01   3.41e+00   0.00e+00 (  3.72e+02,  2.63e+02)
50      0.270   6.61e-01   9.84e-01   4.11e-01   3.56e+00   0.00e+00 (  3.45e+02,  2.64e+02)
55      0.252   7.15e-01   1.11e+00   5.37e-01   3.47e+00   0.00e+00 (  3.16e+02,  2.62e+02)
60      0.261   7.70e-01   1.26e+00   7.07e-01   3.73e+00   0.00e+00 (  2.94e+02,  2.56e+02)
65      0.305   8.30e-01   1.47e+00   9.53e-01   4.48e+00   0.00e+00 (  2.74e+02,  2.47e+02)
70      0.330   8.90e-01   1.63e+00   1.15e+00   4.96e+00   0.00e+00 (  2.56e+02,  2.37e+02)
75      0.316   9.27e-01   1.69e+00   1.26e+00   4.86e+00   0.00e+00 (  2.42e+02,  2.26e+02)
80      0.274   9.05e-01   1.63e+00   1.25e+00   4.43e+00   0.00e+00 (  2.24e+02,  2.14e+02)
85      0.344   8.86e-01   1.59e+00   1.19e+00   6.72e+00   0.00e+00 (  1.88e+02,  2.03e+02)
90      0.639   1.40e+00   2.00e+00   1.29e+00   2.27e+01   0.00e+00 (  3.41e+02,  1.92e+02)
95      0.653   1.14e+00   1.63e+00   1.31e+00   4.13e+01   0.00e+00 (  5.98e+02,  1.83e+02)
10 e: 3.275e-03 i: 1.566e-02 :: e: 1.735e-01 i: 1.544e-01 :: n: 2.762e+01 e:26.633 i:39.819 v:4.993e+03
>>> tau_he = 5.000000, nhe(0)=3.827592e+00
 5     -0.129   3.01e-02   7.12e-01   3.74e-03  -6.07e-01   0.00e+00 (  2.13e+01,  5.29e+01)
10      0.826   9.73e-01   1.00e+00   2.14e-01   4.93e+00   0.00e+00 (  6.57e+02,  1.03e+02)
15      0.159   4.00e-01   2.21e-01  -2.56e-01   1.13e+00   0.00e+00 (  2.17e+02,  1.42e+02)
20      0.066   2.75e-01   2.00e-01  -5.47e-03   5.41e-01   0.00e+00 (  1.68e+02,  1.73e+02)
25      0.527   6.67e-01   6.92e-01   3.24e-01   4.89e+00   0.00e+00 (  4.44e+02,  2.02e+02)
30      0.300   5.55e-01   5.71e-01   2.08e-01   3.07e+00   0.00e+00 (  3.55e+02,  2.25e+02)
35      0.387   5.35e-01   5.86e-01   3.03e-01   4.29e+00   0.00e+00 (  3.55e+02,  2.42e+02)
40      0.273   5.45e-01   6.87e-01   2.80e-01   3.24e+00   0.00e+00 (  3.65e+02,  2.55e+02)
45      0.257   5.95e-01   8.12e-01   2.65e-01   3.23e+00   0.00e+00 (  3.62e+02,  2.63e+02)
50      0.264   6.53e-01   9.65e-01   4.03e-01   3.48e+00   0.00e+00 (  3.37e+02,  2.64e+02)
55      0.250   7.12e-01   1.10e+00   5.27e-01   3.44e+00   0.00e+00 (  3.13e+02,  2.62e+02)
60      0.262   7.71e-01   1.26e+00   7.06e-01   3.74e+00   0.00e+00 (  2.93e+02,  2.56e+02)
65      0.308   8.34e-01   1.48e+00   9.57e-01   4.51e+00   0.00e+00 (  2.75e+02,  2.47e+02)
70      0.334   8.98e-01   1.65e+00   1.16e+00   5.01e+00   0.00e+00 (  2.59e+02,  2.37e+02)
75      0.319   9.36e-01   1.71e+00   1.28e+00   4.91e+00   0.00e+00 (  2.45e+02,  2.26e+02)
80      0.276   9.13e-01   1.64e+00   1.26e+00   4.46e+00   0.00e+00 (  2.28e+02,  2.14e+02)
85      0.345   8.92e-01   1.61e+00   1.20e+00   6.74e+00   0.00e+00 (  1.92e+02,  2.03e+02)
90      0.639   1.40e+00   2.01e+00   1.29e+00   2.28e+01   0.00e+00 (  3.43e+02,  1.92e+02)
95      0.653   1.14e+00   1.63e+00   1.31e+00   4.13e+01   0.00e+00 (  5.98e+02,  1.83e+02)
11 e: 3.073e-03 i: 1.208e-01 :: e: 1.464e-01 i: 1.552e-01 :: n: 2.762e+01 e:26.278 i:29.093 v:4.993e+03
>>> tau_he = 5.000000, nhe(0)=3.405978e+00
 5     -0.049   1.91e-02   5.22e-01   1.06e-02  -2.29e-01   0.00e+00 (  1.39e+01,  5.29e+01)
10     -0.017   1.30e-01   3.69e-02  -1.21e-02  -9.91e-02   0.00e+00 (  7.67e+01,  1.03e+02)
15      0.119   2.51e-01   1.82e-01  -8.28e-02   8.53e-01   0.00e+00 (  1.34e+02,  1.42e+02)
20      0.055   2.03e-01   1.45e-01  -4.69e-03   4.50e-01   0.00e+00 (  1.25e+02,  1.73e+02)
25      0.058   2.13e-01   1.98e-01   5.01e-02   5.34e-01   0.00e+00 (  1.37e+02,  2.02e+02)
30      0.202   4.43e-01   4.67e-01   1.95e-01   2.06e+00   0.00e+00 (  2.77e+02,  2.25e+02)
35      0.222   4.89e-01   5.86e-01   2.64e-01   2.46e+00   0.00e+00 (  3.18e+02,  2.42e+02)
40      0.201   5.02e-01   6.75e-01   2.18e-01   2.39e+00   0.00e+00 (  3.29e+02,  2.55e+02)
45      0.211   5.60e-01   8.13e-01   2.79e-01   2.65e+00   0.00e+00 (  3.34e+02,  2.63e+02)
50      0.204   6.37e-01   9.61e-01   4.10e-01   2.69e+00   0.00e+00 (  3.24e+02,  2.64e+02)
55      0.201   6.95e-01   1.08e+00   5.31e-01   2.77e+00   0.00e+00 (  3.02e+02,  2.62e+02)
60      0.217   7.58e-01   1.24e+00   6.87e-01   3.10e+00   0.00e+00 (  2.86e+02,  2.56e+02)
65      0.262   8.27e-01   1.45e+00   9.15e-01   3.85e+00   0.00e+00 (  2.72e+02,  2.47e+02)
70      0.292   8.87e-01   1.61e+00   1.12e+00   4.38e+00   0.00e+00 (  2.55e+02,  2.37e+02)
75      0.281   9.15e-01   1.66e+00   1.23e+00   4.33e+00   0.00e+00 (  2.40e+02,  2.26e+02)
80      0.239   9.01e-01   1.57e+00   1.19e+00   3.87e+00   0.00e+00 (  2.25e+02,  2.14e+02)
85      0.311   8.83e-01   1.53e+00   1.14e+00   6.08e+00   0.00e+00 (  1.91e+02,  2.03e+02)
90      0.635   1.41e+00   2.00e+00   1.29e+00   2.26e+01   0.00e+00 (  3.45e+02,  1.92e+02)
95      0.653   1.14e+00   1.63e+00   1.31e+00   4.13e+01   0.00e+00 (  5.98e+02,  1.83e+02)
12 e: 1.874e-02 i: 1.743e-03 :: e: 9.978e-02 i: 1.006e-01 :: n: 2.762e+01 e:22.937 i:28.804 v:4.993e+03
>>> tau_he = 5.000000, nhe(0)=3.386111e+00
 5     -0.039   1.55e-02   4.82e-01   8.10e-03  -1.85e-01   0.00e+00 (  9.18e+00,  5.29e+01)
10      0.008   1.09e-01   2.78e-02  -7.88e-03   4.98e-02   0.00e+00 (  5.44e+01,  1.03e+02)
15      0.095   2.08e-01   1.42e-01  -8.50e-03   6.82e-01   0.00e+00 (  9.54e+01,  1.42e+02)
20      0.071   1.75e-01   1.16e-01   2.86e-03   5.85e-01   0.00e+00 (  9.25e+01,  1.73e+02)
25      0.062   1.86e-01   1.58e-01   2.63e-02   5.78e-01   0.00e+00 (  1.03e+02,  2.02e+02)
30      0.166   3.64e-01   3.83e-01   1.53e-01   1.70e+00   0.00e+00 (  1.93e+02,  2.25e+02)
35      0.181   3.93e-01   4.51e-01   1.86e-01   2.00e+00   0.00e+00 (  2.14e+02,  2.42e+02)
40      0.170   4.17e-01   5.33e-01   1.73e-01   2.01e+00   0.00e+00 (  2.29e+02,  2.55e+02)
45      0.175   4.59e-01   6.26e-01   2.35e-01   2.20e+00   0.00e+00 (  2.29e+02,  2.63e+02)
50      0.183   5.21e-01   7.48e-01   3.31e-01   2.42e+00   0.00e+00 (  2.24e+02,  2.64e+02)
55      0.191   5.77e-01   8.71e-01   4.36e-01   2.63e+00   0.00e+00 (  2.14e+02,  2.62e+02)
60      0.215   6.38e-01   1.03e+00   5.77e-01   3.06e+00   0.00e+00 (  2.07e+02,  2.56e+02)
65      0.264   7.07e-01   1.24e+00   8.02e-01   3.88e+00   0.00e+00 (  2.01e+02,  2.47e+02)
70      0.298   7.76e-01   1.42e+00   1.00e+00   4.48e+00   0.00e+00 (  1.94e+02,  2.37e+02)
75      0.295   8.18e-01   1.50e+00   1.11e+00   4.55e+00   0.00e+00 (  1.88e+02,  2.26e+02)
80      0.265   8.08e-01   1.46e+00   1.11e+00   4.28e+00   0.00e+00 (  1.77e+02,  2.14e+02)
85      0.329   8.24e-01   1.48e+00   1.09e+00   6.43e+00   0.00e+00 (  1.58e+02,  2.03e+02)
90      0.632   1.40e+00   1.99e+00   1.28e+00   2.25e+01   0.00e+00 (  3.31e+02,  1.92e+02)
95      0.653   1.14e+00   1.63e+00   1.31e+00   4.13e+01   0.00e+00 (  5.98e+02,  1.83e+02)
13 e: 1.217e-03 i: 3.826e-03 :: e: 1.237e-01 i: 9.204e-02 :: n: 2.762e+01 e:23.436 i:27.704 v:4.993e+03
>>> tau_he = 5.000000, nhe(0)=3.318477e+00
 5     -0.038   1.49e-02   4.40e-01   8.44e-03  -1.81e-01   0.00e+00 (  9.31e+00,  5.29e+01)
10     -0.006   1.10e-01   3.24e-02  -8.18e-03  -3.58e-02   0.00e+00 (  5.98e+01,  1.03e+02)
15      0.110   2.28e-01   1.61e-01  -1.17e-01   7.83e-01   0.00e+00 (  1.13e+02,  1.42e+02)
20      0.067   1.71e-01   1.38e-01   2.51e-03   5.51e-01   0.00e+00 (  9.75e+01,  1.73e+02)
25      0.060   1.78e-01   1.80e-01   2.53e-02   5.59e-01   0.00e+00 (  1.05e+02,  2.02e+02)
30      0.166   3.54e-01   4.02e-01   1.73e-01   1.70e+00   0.00e+00 (  1.95e+02,  2.25e+02)
35      0.169   3.84e-01   4.72e-01   1.96e-01   1.87e+00   0.00e+00 (  2.14e+02,  2.42e+02)
40      0.163   4.12e-01   5.70e-01   1.92e-01   1.94e+00   0.00e+00 (  2.28e+02,  2.55e+02)
45      0.175   4.65e-01   6.92e-01   2.72e-01   2.20e+00   0.00e+00 (  2.33e+02,  2.63e+02)
50      0.177   5.29e-01   8.19e-01   3.62e-01   2.34e+00   0.00e+00 (  2.27e+02,  2.64e+02)
55      0.182   5.80e-01   9.31e-01   4.61e-01   2.50e+00   0.00e+00 (  2.14e+02,  2.62e+02)
60      0.198   6.34e-01   1.06e+00   5.94e-01   2.83e+00   0.00e+00 (  2.04e+02,  2.56e+02)
65      0.235   6.97e-01   1.23e+00   7.85e-01   3.45e+00   0.00e+00 (  1.96e+02,  2.47e+02)
70      0.263   7.56e-01   1.38e+00   9.57e-01   3.95e+00   0.00e+00 (  1.88e+02,  2.37e+02)
75      0.257   7.85e-01   1.42e+00   1.05e+00   3.96e+00   0.00e+00 (  1.78e+02,  2.26e+02)
80      0.224   7.76e-01   1.35e+00   1.01e+00   3.62e+00   0.00e+00 (  1.68e+02,  2.14e+02)
85      0.291   7.94e-01   1.36e+00   9.94e-01   5.68e+00   0.00e+00 (  1.50e+02,  2.03e+02)
90      0.625   1.41e+00   1.97e+00   1.26e+00   2.23e+01   0.00e+00 (  3.30e+02,  1.92e+02)
95      0.653   1.14e+00   1.63e+00   1.31e+00   4.13e+01   0.00e+00 (  5.98e+02,  1.83e+02)
14 e: 3.119e-03 i: 9.475e-04 :: e: 1.245e-01 i: 7.391e-02 :: n: 2.762e+01 e:22.461 i:28.117 v:4.993e+03
>>> tau_he = 5.000000, nhe(0)=3.344170e+00
 5     -0.039   1.47e-02   4.43e-01   7.93e-03  -1.85e-01   0.00e+00 (  8.95e+00,  5.29e+01)
10     -0.011   1.06e-01   3.07e-02  -7.73e-03  -6.57e-02   0.00e+00 (  5.75e+01,  1.03e+02)
15      0.079   2.25e-01   1.61e-01  -1.15e-01   5.67e-01   0.00e+00 (  1.11e+02,  1.42e+02)
20      0.068   1.65e-01   1.31e-01   1.10e-03   5.65e-01   0.00e+00 (  9.40e+01,  1.73e+02)
25      0.072   1.76e-01   1.66e-01   2.20e-02   6.64e-01   0.00e+00 (  1.03e+02,  2.02e+02)
30      0.153   3.27e-01   3.65e-01   1.53e-01   1.56e+00   0.00e+00 (  1.74e+02,  2.25e+02)
35      0.153   3.52e-01   4.19e-01   1.73e-01   1.70e+00   0.00e+00 (  1.87e+02,  2.42e+02)
40      0.148   3.78e-01   5.03e-01   1.79e-01   1.76e+00   0.00e+00 (  1.97e+02,  2.55e+02)
45      0.158   4.22e-01   5.98e-01   2.39e-01   1.99e+00   0.00e+00 (  1.97e+02,  2.63e+02)
50      0.168   4.75e-01   7.13e-01   3.09e-01   2.23e+00   0.00e+00 (  1.89e+02,  2.64e+02)
55      0.176   5.24e-01   8.22e-01   4.12e-01   2.43e+00   0.00e+00 (  1.79e+02,  2.62e+02)
60      0.195   5.73e-01   9.46e-01   5.32e-01   2.78e+00   0.00e+00 (  1.70e+02,  2.56e+02)
65      0.193   5.64e-01   9.44e-01   6.07e-01   2.84e+00   0.00e+00 (  1.45e+02,  2.47e+02)
70      0.263   6.85e-01   1.25e+00   8.83e-01   3.96e+00   0.00e+00 (  1.55e+02,  2.37e+02)
75      0.263   7.21e-01   1.31e+00   9.74e-01   4.05e+00   0.00e+00 (  1.49e+02,  2.26e+02)
80      0.240   7.14e-01   1.28e+00   9.64e-01   3.88e+00   0.00e+00 (  1.41e+02,  2.14e+02)
85      0.304   7.51e-01   1.33e+00   9.63e-01   5.94e+00   0.00e+00 (  1.28e+02,  2.03e+02)
90      0.623   1.40e+00   1.95e+00   1.24e+00   2.22e+01   0.00e+00 (  3.18e+02,  1.92e+02)
95      0.653   1.14e+00   1.63e+00   1.31e+00   4.13e+01   0.00e+00 (  5.98e+02,  1.83e+02)
15 e: 7.157e-04 i: 1.189e-03 :: e: 1.912e-01 i: 1.167e-01 :: n: 2.762e+01 e:22.941 i:27.936 v:4.993e+03
>>> tau_he = 5.000000, nhe(0)=3.333010e+00
 5     -0.040   1.50e-02   4.34e-01   8.21e-03  -1.90e-01   0.00e+00 (  9.38e+00,  5.29e+01)
10     -0.021   1.11e-01   3.74e-02  -1.07e-02  -1.24e-01   0.00e+00 (  6.34e+01,  1.03e+02)
15      0.039   1.72e-01   1.06e-01  -2.55e-02   2.79e-01   0.00e+00 (  9.02e+01,  1.42e+02)
20      0.071   1.70e-01   1.49e-01  -7.58e-04   5.86e-01   0.00e+00 (  1.02e+02,  1.73e+02)
25      0.068   1.80e-01   1.83e-01   2.49e-02   6.34e-01   0.00e+00 (  1.11e+02,  2.02e+02)
30      0.160   3.35e-01   3.87e-01   1.69e-01   1.64e+00   0.00e+00 (  1.85e+02,  2.25e+02)
35      0.154   3.55e-01   4.43e-01   1.85e-01   1.70e+00   0.00e+00 (  1.93e+02,  2.42e+02)
40      0.149   3.82e-01   5.35e-01   1.90e-01   1.77e+00   0.00e+00 (  2.02e+02,  2.55e+02)
45      0.163   4.32e-01   6.50e-01   2.60e-01   2.06e+00   0.00e+00 (  2.04e+02,  2.63e+02)
50      0.172   4.86e-01   7.71e-01   3.32e-01   2.27e+00   0.00e+00 (  1.95e+02,  2.64e+02)
55      0.176   5.33e-01   8.74e-01   4.36e-01   2.43e+00   0.00e+00 (  1.83e+02,  2.62e+02)
60      0.191   5.79e-01   9.85e-01   5.54e-01   2.72e+00   0.00e+00 (  1.73e+02,  2.56e+02)
65      0.184   5.70e-01   9.62e-01   6.13e-01   2.69e+00   0.00e+00 (  1.48e+02,  2.47e+02)
70      0.242   6.78e-01   1.23e+00   8.53e-01   3.64e+00   0.00e+00 (  1.54e+02,  2.37e+02)
75      0.239   7.02e-01   1.26e+00   9.32e-01   3.69e+00   0.00e+00 (  1.45e+02,  2.26e+02)
80      0.215   6.97e-01   1.21e+00   9.08e-01   3.48e+00   0.00e+00 (  1.37e+02,  2.14e+02)
85      0.284   7.24e-01   1.26e+00   9.15e-01   5.55e+00   0.00e+00 (  1.23e+02,  2.03e+02)
90      0.620   1.41e+00   1.95e+00   1.24e+00   2.21e+01   0.00e+00 (  3.18e+02,  1.92e+02)
95      0.653   1.14e+00   1.63e+00   1.31e+00   4.13e+01   0.00e+00 (  5.98e+02,  1.83e+02)
16 e: 7.315e-04 i: 9.080e-04 :: e: 1.782e-01 i: 9.719e-02 :: n: 2.762e+01 e:22.647 i:28.487 v:4.993e+03
>>> tau_he = 5.000000, nhe(0)=3.366832e+00
 5     -0.042   1.53e-02   4.48e-01   8.03e-03  -1.97e-01   0.00e+00 (  9.47e+00,  5.29e+01)
10     -0.026   1.12e-01   3.77e-02  -1.08e-02  -1.58e-01   0.00e+00 (  6.48e+01,  1.03e+02)
15      0.034   1.74e-01   1.10e-01  -2.97e-02   2.40e-01   0.00e+00 (  9.34e+01,  1.42e+02)
20      0.069   1.76e-01   1.56e-01  -2.05e-02   5.73e-01   0.00e+00 (  1.08e+02,  1.73e+02)
25      0.070   1.84e-01   1.79e-01   2.00e-02   6.53e-01   0.00e+00 (  1.14e+02,  2.02e+02)
30      0.154   3.30e-01   3.72e-01   1.59e-01   1.58e+00   0.00e+00 (  1.81e+02,  2.25e+02)
35      0.147   3.44e-01   4.18e-01   1.74e-01   1.63e+00   0.00e+00 (  1.84e+02,  2.42e+02)
40      0.142   3.68e-01   5.01e-01   1.81e-01   1.69e+00   0.00e+00 (  1.90e+02,  2.55e+02)
45      0.155   4.12e-01   6.00e-01   2.43e-01   1.95e+00   0.00e+00 (  1.89e+02,  2.63e+02)
50      0.166   4.64e-01   7.17e-01   3.11e-01   2.20e+00   0.00e+00 (  1.80e+02,  2.64e+02)
55      0.175   5.08e-01   8.23e-01   4.14e-01   2.41e+00   0.00e+00 (  1.69e+02,  2.62e+02)
60      0.192   5.52e-01   9.36e-01   5.27e-01   2.74e+00   0.00e+00 (  1.58e+02,  2.56e+02)
65      0.186   5.43e-01   9.19e-01   5.91e-01   2.73e+00   0.00e+00 (  1.36e+02,  2.47e+02)
70      0.243   6.45e-01   1.17e+00   8.19e-01   3.66e+00   0.00e+00 (  1.40e+02,  2.37e+02)
75      0.243   6.73e-01   1.21e+00   8.97e-01   3.74e+00   0.00e+00 (  1.33e+02,  2.26e+02)
80      0.226   6.66e-01   1.19e+00   8.92e-01   3.66e+00   0.00e+00 (  1.25e+02,  2.14e+02)
85      0.291   7.13e-01   1.25e+00   8.99e-01   5.68e+00   0.00e+00 (  1.14e+02,  2.03e+02)
90      0.617   1.40e+00   1.93e+00   1.22e+00   2.20e+01   0.00e+00 (  3.11e+02,  1.92e+02)
95      0.653   1.14e+00   1.63e+00   1.31e+00   4.13e+01   0.00e+00 (  5.98e+02,  1.83e+02)
17 e: 5.271e-04 i: 6.941e-04 :: e: 1.905e-01 i: 1.182e-01 :: n: 2.762e+01 e:23.116 i:28.676 v:4.993e+03
>>> tau_he = 5.000000, nhe(0)=3.378289e+00
 5     -0.043   1.58e-02   4.55e-01   8.29e-03  -2.03e-01   0.00e+00 (  9.97e+00,  5.29e+01)
10     -0.035   1.18e-01   4.33e-02  -1.29e-02  -2.10e-01   0.00e+00 (  7.10e+01,  1.03e+02)
15      0.027   1.62e-01   9.31e-02  -3.63e-02   1.95e-01   0.00e+00 (  9.13e+01,  1.42e+02)
20      0.297   3.96e-01   4.23e-01   1.54e-01   2.45e+00   0.00e+00 (  2.54e+02,  1.73e+02)
25      0.255   3.51e-01   3.81e-01   1.85e-01   2.37e+00   0.00e+00 (  2.28e+02,  2.02e+02)
30      0.156   3.37e-01   3.71e-01   1.59e-01   1.59e+00   0.00e+00 (  1.91e+02,  2.25e+02)
35      0.149   3.50e-01   4.36e-01   1.83e-01   1.65e+00   0.00e+00 (  1.92e+02,  2.42e+02)
40      0.144   3.74e-01   5.22e-01   1.88e-01   1.71e+00   0.00e+00 (  1.97e+02,  2.55e+02)
45      0.160   4.22e-01   6.35e-01   2.55e-01   2.01e+00   0.00e+00 (  1.97e+02,  2.63e+02)
50      0.170   4.75e-01   7.56e-01   3.26e-01   2.25e+00   0.00e+00 (  1.87e+02,  2.64e+02)
55      0.177   5.20e-01   8.61e-01   4.32e-01   2.44e+00   0.00e+00 (  1.75e+02,  2.62e+02)
60      0.191   5.65e-01   9.67e-01   5.45e-01   2.72e+00   0.00e+00 (  1.64e+02,  2.56e+02)
65      0.184   5.52e-01   9.44e-01   6.06e-01   2.70e+00   0.00e+00 (  1.41e+02,  2.47e+02)
70      0.233   6.49e-01   1.17e+00   8.12e-01   3.50e+00   0.00e+00 (  1.43e+02,  2.37e+02)
75      0.231   6.69e-01   1.20e+00   8.84e-01   3.56e+00   0.00e+00 (  1.34e+02,  2.26e+02)
80      0.213   6.68e-01   1.16e+00   8.72e-01   3.45e+00   0.00e+00 (  1.26e+02,  2.14e+02)
85      0.281   7.02e-01   1.22e+00   8.80e-01   5.49e+00   0.00e+00 (  1.13e+02,  2.03e+02)
90      0.618   1.41e+00   1.94e+00   1.23e+00   2.20e+01   0.00e+00 (  3.12e+02,  1.92e+02)
95      0.653   1.14e+00   1.63e+00   1.31e+00   4.13e+01   0.00e+00 (  5.98e+02,  1.83e+02)
18 e: 5.603e-04 i: 1.734e-03 :: e: 1.538e-01 i: 9.521e-02 :: n: 2.762e+01 e:23.018 i:29.059 v:4.993e+03
>>> tau_he = 5.000000, nhe(0)=3.400671e+00
 5     -0.044   1.61e-02   4.64e-01   8.23e-03  -2.10e-01   0.00e+00 (  1.02e+01,  5.29e+01)
10     -0.096   1.23e-01   5.77e-02  -1.39e-03  -5.73e-01   0.00e+00 (  7.58e+01,  1.03e+02)
15      0.331   4.56e-01   4.64e-01   7.87e-02   2.37e+00   0.00e+00 (  2.63e+02,  1.42e+02)
20      0.277   3.79e-01   4.01e-01   1.38e-01   2.29e+00   0.00e+00 (  2.39e+02,  1.73e+02)
25      0.175   3.46e-01   3.78e-01   1.23e-01   1.63e+00   0.00e+00 (  2.21e+02,  2.02e+02)
30      0.156   3.37e-01   3.66e-01   1.54e-01   1.59e+00   0.00e+00 (  1.92e+02,  2.25e+02)
35      0.147   3.49e-01   4.27e-01   1.78e-01   1.63e+00   0.00e+00 (  1.91e+02,  2.42e+02)
40      0.142   3.71e-01   5.06e-01   1.82e-01   1.68e+00   0.00e+00 (  1.94e+02,  2.55e+02)
45      0.156   4.15e-01   6.10e-01   2.47e-01   1.97e+00   0.00e+00 (  1.92e+02,  2.63e+02)
50      0.169   4.68e-01   7.31e-01   3.15e-01   2.23e+00   0.00e+00 (  1.83e+02,  2.64e+02)
55      0.179   5.11e-01   8.39e-01   4.21e-01   2.47e+00   0.00e+00 (  1.70e+02,  2.62e+02)
60      0.194   5.56e-01   9.51e-01   5.36e-01   2.77e+00   0.00e+00 (  1.60e+02,  2.56e+02)
65      0.187   5.47e-01   9.33e-01   6.01e-01   2.75e+00   0.00e+00 (  1.38e+02,  2.47e+02)
70      0.235   6.40e-01   1.15e+00   8.01e-01   3.54e+00   0.00e+00 (  1.39e+02,  2.37e+02)
75      0.236   6.62e-01   1.19e+00   8.78e-01   3.63e+00   0.00e+00 (  1.30e+02,  2.26e+02)
80      0.223   6.56e-01   1.17e+00   8.77e-01   3.60e+00   0.00e+00 (  1.22e+02,  2.14e+02)
85      0.287   7.03e-01   1.23e+00   8.88e-01   5.60e+00   0.00e+00 (  1.10e+02,  2.03e+02)
90      0.616   1.40e+00   1.93e+00   1.22e+00   2.19e+01   0.00e+00 (  3.08e+02,  1.92e+02)
95      0.653   1.14e+00   1.63e+00   1.31e+00   4.13e+01   0.00e+00 (  5.98e+02,  1.83e+02)
19 e: 3.842e-04 i: 6.863e-04 :: e: 1.414e-01 i: 9.303e-02 :: n: 2.762e+01 e:23.223 i:29.034 v:4.993e+03
>>> tau_he = 5.000000, nhe(0)=3.399418e+00
 5     -0.045   1.64e-02   4.60e-01   8.10e-03  -2.14e-01   0.00e+00 (  1.05e+01,  5.29e+01)
10     -0.098   1.27e-01   6.30e-02  -4.04e-03  -5.85e-01   0.00e+00 (  7.93e+01,  1.03e+02)
15      0.019   1.68e-01   9.58e-02  -3.77e-02   1.38e-01   0.00e+00 (  9.50e+01,  1.42e+02)
20      0.071   1.82e-01   1.61e-01  -2.42e-02   5.86e-01   0.00e+00 (  1.13e+02,  1.73e+02)
25      0.178   3.51e-01   3.87e-01   1.26e-01   1.65e+00   0.00e+00 (  2.24e+02,  2.02e+02)
30      0.162   3.48e-01   3.82e-01   1.64e-01   1.65e+00   0.00e+00 (  2.02e+02,  2.25e+02)
35      0.151   3.57e-01   4.42e-01   1.85e-01   1.68e+00   0.00e+00 (  2.01e+02,  2.42e+02)
40      0.145   3.79e-01   5.22e-01   1.86e-01   1.72e+00   0.00e+00 (  2.02e+02,  2.55e+02)
45      0.162   4.26e-01   6.34e-01   2.55e-01   2.03e+00   0.00e+00 (  2.00e+02,  2.63e+02)
50      0.174   4.80e-01   7.61e-01   3.27e-01   2.30e+00   0.00e+00 (  1.91e+02,  2.64e+02)
55      0.182   5.26e-01   8.72e-01   4.37e-01   2.50e+00   0.00e+00 (  1.79e+02,  2.62e+02)
60      0.197   5.70e-01   9.85e-01   5.56e-01   2.81e+00   0.00e+00 (  1.67e+02,  2.56e+02)
65      0.189   5.62e-01   9.65e-01   6.21e-01   2.77e+00   0.00e+00 (  1.45e+02,  2.47e+02)
70      0.233   6.51e-01   1.17e+00   8.12e-01   3.50e+00   0.00e+00 (  1.44e+02,  2.37e+02)
75      0.231   6.70e-01   1.20e+00   8.84e-01   3.56e+00   0.00e+00 (  1.34e+02,  2.26e+02)
80      0.216   6.70e-01   1.17e+00   8.77e-01   3.49e+00   0.00e+00 (  1.27e+02,  2.14e+02)
85      0.283   7.02e-01   1.22e+00   8.83e-01   5.54e+00   0.00e+00 (  1.12e+02,  2.03e+02)
90      0.618   1.41e+00   1.94e+00   1.23e+00   2.20e+01   0.00e+00 (  3.11e+02,  1.92e+02)
95      0.653   1.14e+00   1.63e+00   1.31e+00   4.13e+01   0.00e+00 (  5.98e+02,  1.83e+02)
20 e: 1.574e-04 i: 7.282e-04 :: e: 1.222e-01 i: 7.225e-02 :: n: 2.762e+01 e:23.295 i:29.312 v:4.993e+03
>>> tau_he = 5.000000, nhe(0)=3.415221e+00
 5     -0.045   1.65e-02   4.71e-01   8.06e-03  -2.13e-01   0.00e+00 (  1.05e+01,  5.29e+01)
10     -0.102   1.29e-01   6.29e-02  -3.47e-03  -6.07e-01   0.00e+00 (  8.09e+01,  1.03e+02)
15      0.349   4.74e-01   4.83e-01   8.76e-02   2.49e+00   0.00e+00 (  2.74e+02,  1.42e+02)
20      0.071   1.88e-01   1.64e-01  -3.95e-02   5.89e-01   0.00e+00 (  1.18e+02,  1.73e+02)
25      0.072   1.90e-01   1.86e-01   1.54e-02   6.71e-01   0.00e+00 (  1.21e+02,  2.02e+02)
30      0.162   3.50e-01   3.81e-01   1.61e-01   1.65e+00   0.00e+00 (  2.03e+02,  2.25e+02)
35      0.150   3.59e-01   4.39e-01   1.83e-01   1.67e+00   0.00e+00 (  2.02e+02,  2.42e+02)
40      0.143   3.79e-01   5.15e-01   1.83e-01   1.70e+00   0.00e+00 (  2.03e+02,  2.55e+02)
45      0.160   4.24e-01   6.23e-01   2.51e-01   2.01e+00   0.00e+00 (  2.00e+02,  2.63e+02)
50      0.174   4.80e-01   7.52e-01   3.23e-01   2.29e+00   0.00e+00 (  1.92e+02,  2.64e+02)
55      0.183   5.28e-01   8.67e-01   4.34e-01   2.51e+00   0.00e+00 (  1.80e+02,  2.62e+02)
60      0.199   5.73e-01   9.84e-01   5.56e-01   2.83e+00   0.00e+00 (  1.69e+02,  2.56e+02)
65      0.191   5.67e-01   9.71e-01   6.25e-01   2.81e+00   0.00e+00 (  1.47e+02,  2.47e+02)
70      0.235   6.54e-01   1.17e+00   8.15e-01   3.53e+00   0.00e+00 (  1.46e+02,  2.37e+02)
75      0.234   6.74e-01   1.20e+00   8.90e-01   3.61e+00   0.00e+00 (  1.36e+02,  2.26e+02)
80      0.223   6.68e-01   1.19e+00   8.92e-01   3.61e+00   0.00e+00 (  1.26e+02,  2.14e+02)
85      0.288   7.07e-01   1.24e+00   8.97e-01   5.63e+00   0.00e+00 (  1.12e+02,  2.03e+02)
90      0.616   1.40e+00   1.93e+00   1.22e+00   2.19e+01   0.00e+00 (  3.07e+02,  1.92e+02)
95      0.653   1.14e+00   1.63e+00   1.31e+00   4.13e+01   0.00e+00 (  5.98e+02,  1.83e+02)
21 e: 4.911e-04 i: 1.329e-03 :: e: 1.180e-01 i: 7.090e-02 :: n: 2.762e+01 e:23.491 i:29.548 v:4.993e+03
>>> tau_he = 5.000000, nhe(0)=3.428475e+00
 5     -0.046   1.69e-02   4.72e-01   8.20e-03  -2.18e-01   0.00e+00 (  1.07e+01,  5.29e+01)
10     -0.099   1.33e-01   6.69e-02  -4.88e-03  -5.90e-01   0.00e+00 (  8.37e+01,  1.03e+02)
15      0.033   1.71e-01   9.69e-02  -3.79e-02   2.36e-01   0.00e+00 (  9.65e+01,  1.42e+02)
20      0.293   4.16e-01   4.40e-01   1.55e-01   2.42e+00   0.00e+00 (  2.66e+02,  1.73e+02)
25      0.268   3.70e-01   4.01e-01   1.90e-01   2.49e+00   0.00e+00 (  2.41e+02,  2.02e+02)
30      0.167   3.57e-01   3.93e-01   1.68e-01   1.70e+00   0.00e+00 (  2.10e+02,  2.25e+02)
35      0.153   3.65e-01   4.47e-01   1.87e-01   1.70e+00   0.00e+00 (  2.08e+02,  2.42e+02)
40      0.146   3.85e-01   5.23e-01   1.84e-01   1.73e+00   0.00e+00 (  2.08e+02,  2.55e+02)
45      0.163   4.30e-01   6.34e-01   2.55e-01   2.05e+00   0.00e+00 (  2.05e+02,  2.63e+02)
50      0.177   4.89e-01   7.68e-01   3.28e-01   2.34e+00   0.00e+00 (  1.97e+02,  2.64e+02)
55      0.186   5.37e-01   8.86e-01   4.43e-01   2.56e+00   0.00e+00 (  1.85e+02,  2.62e+02)
60      0.202   5.83e-01   1.01e+00   5.68e-01   2.87e+00   0.00e+00 (  1.75e+02,  2.56e+02)
65      0.231   6.40e-01   1.15e+00   7.40e-01   3.39e+00   0.00e+00 (  1.69e+02,  2.47e+02)
70      0.235   6.64e-01   1.19e+00   8.27e-01   3.53e+00   0.00e+00 (  1.51e+02,  2.37e+02)
75      0.234   6.84e-01   1.22e+00   9.02e-01   3.60e+00   0.00e+00 (  1.40e+02,  2.26e+02)
80      0.220   6.85e-01   1.20e+00   8.99e-01   3.56e+00   0.00e+00 (  1.32e+02,  2.14e+02)
85      0.288   7.11e-01   1.25e+00   9.04e-01   5.63e+00   0.00e+00 (  1.14e+02,  2.03e+02)
90      0.616   1.40e+00   1.93e+00   1.22e+00   2.19e+01   0.00e+00 (  3.08e+02,  1.92e+02)
95      0.653   1.14e+00   1.63e+00   1.31e+00   4.13e+01   0.00e+00 (  5.98e+02,  1.83e+02)
22 e: 4.714e-04 i: 1.413e-03 :: e: 8.675e-02 i: 5.692e-02 :: n: 2.762e+01 e:23.607 i:29.672 v:4.993e+03
>>> tau_he = 5.000000, nhe(0)=3.435411e+00
 5     -0.046   1.70e-02   4.80e-01   8.14e-03  -2.19e-01   0.00e+00 (  1.08e+01,  5.29e+01)
10     -0.105   1.35e-01   6.77e-02  -5.03e-03  -6.29e-01   0.00e+00 (  8.57e+01,  1.03e+02)
15      0.355   4.88e-01   4.99e-01   9.35e-02   2.54e+00   0.00e+00 (  2.82e+02,  1.42e+02)
20      0.058   1.90e-01   1.68e-01  -3.57e-02   4.81e-01   0.00e+00 (  1.19e+02,  1.73e+02)
25      0.077   2.00e-01   1.92e-01   8.62e-03   7.13e-01   0.00e+00 (  1.29e+02,  2.02e+02)
30      0.168   3.62e-01   3.96e-01   1.68e-01   1.72e+00   0.00e+00 (  2.15e+02,  2.25e+02)
35      0.154   3.70e-01   4.49e-01   1.88e-01   1.71e+00   0.00e+00 (  2.13e+02,  2.42e+02)
40      0.146   3.88e-01   5.23e-01   1.82e-01   1.73e+00   0.00e+00 (  2.12e+02,  2.55e+02)
45      0.163   4.34e-01   6.34e-01   2.54e-01   2.06e+00   0.00e+00 (  2.08e+02,  2.63e+02)
50      0.179   4.93e-01   7.71e-01   3.29e-01   2.36e+00   0.00e+00 (  2.01e+02,  2.64e+02)
55      0.188   5.43e-01   8.93e-01   4.46e-01   2.59e+00   0.00e+00 (  1.89e+02,  2.62e+02)
60      0.203   5.89e-01   1.01e+00   5.72e-01   2.90e+00   0.00e+00 (  1.78e+02,  2.56e+02)
65      0.231   6.44e-01   1.15e+00   7.41e-01   3.38e+00   0.00e+00 (  1.71e+02,  2.47e+02)
70      0.236   6.71e-01   1.20e+00   8.33e-01   3.55e+00   0.00e+00 (  1.54e+02,  2.37e+02)
75      0.236   6.93e-01   1.23e+00   9.13e-01   3.63e+00   0.00e+00 (  1.43e+02,  2.26e+02)
80      0.226   6.86e-01   1.22e+00   9.17e-01   3.65e+00   0.00e+00 (  1.34e+02,  2.14e+02)
85      0.292   7.16e-01   1.26e+00   9.08e-01   5.71e+00   0.00e+00 (  1.16e+02,  2.03e+02)
90      0.617   1.40e+00   1.93e+00   1.22e+00   2.20e+01   0.00e+00 (  3.08e+02,  1.92e+02)
95      0.653   1.14e+00   1.63e+00   1.31e+00   4.13e+01   0.00e+00 (  5.98e+02,  1.83e+02)
23 e: 4.692e-04 i: 1.495e-03 :: e: 7.904e-02 i: 4.989e-02 :: n: 2.762e+01 e:23.708 i:29.874 v:4.993e+03
>>> tau_he = 5.000000, nhe(0)=3.446454e+00
 5     -0.047   1.72e-02   4.80e-01   8.22e-03  -2.22e-01   0.00e+00 (  1.09e+01,  5.29e+01)
10     -0.099   1.38e-01   7.06e-02  -5.98e-03  -5.93e-01   0.00e+00 (  8.72e+01,  1.03e+02)
15      0.038   1.75e-01   9.73e-02  -3.76e-02   2.68e-01   0.00e+00 (  9.79e+01,  1.42e+02)
20      0.295   4.21e-01   4.46e-01   1.55e-01   2.43e+00   0.00e+00 (  2.67e+02,  1.73e+02)
25      0.283   3.87e-01   4.19e-01   2.00e-01   2.62e+00   0.00e+00 (  2.55e+02,  2.02e+02)
30      0.172   3.69e-01   4.04e-01   1.72e-01   1.76e+00   0.00e+00 (  2.21e+02,  2.25e+02)
35      0.156   3.74e-01   4.54e-01   1.90e-01   1.73e+00   0.00e+00 (  2.17e+02,  2.42e+02)
40      0.148   3.91e-01   5.27e-01   1.83e-01   1.75e+00   0.00e+00 (  2.15e+02,  2.55e+02)
45      0.166   4.39e-01   6.41e-01   2.56e-01   2.09e+00   0.00e+00 (  2.12e+02,  2.63e+02)
50      0.182   4.99e-01   7.81e-01   3.32e-01   2.40e+00   0.00e+00 (  2.05e+02,  2.64e+02)
55      0.192   5.51e-01   9.07e-01   4.54e-01   2.64e+00   0.00e+00 (  1.94e+02,  2.62e+02)
60      0.206   5.97e-01   1.03e+00   5.80e-01   2.94e+00   0.00e+00 (  1.82e+02,  2.56e+02)
65      0.231   6.49e-01   1.16e+00   7.45e-01   3.38e+00   0.00e+00 (  1.74e+02,  2.47e+02)
70      0.237   6.80e-01   1.21e+00   8.42e-01   3.56e+00   0.00e+00 (  1.58e+02,  2.37e+02)
75      0.237   7.03e-01   1.25e+00   9.25e-01   3.65e+00   0.00e+00 (  1.48e+02,  2.26e+02)
80      0.227   6.98e-01   1.24e+00   9.33e-01   3.67e+00   0.00e+00 (  1.38e+02,  2.14e+02)
85      0.294   7.22e-01   1.27e+00   9.19e-01   5.75e+00   0.00e+00 (  1.18e+02,  2.03e+02)
90      0.618   1.40e+00   1.94e+00   1.23e+00   2.20e+01   0.00e+00 (  3.09e+02,  1.92e+02)
95      0.653   1.14e+00   1.63e+00   1.31e+00   4.13e+01   0.00e+00 (  5.98e+02,  1.83e+02)
24 e: 4.860e-04 i: 1.492e-03 :: e: 6.420e-02 i: 4.333e-02 :: n: 2.762e+01 e:23.822 i:29.914 v:4.993e+03
>>> tau_he = 5.000000, nhe(0)=3.448702e+00
 5     -0.047   1.72e-02   4.85e-01   8.17e-03  -2.22e-01   0.00e+00 (  1.09e+01,  5.29e+01)
10     -0.106   1.38e-01   7.09e-02  -6.03e-03  -6.31e-01   0.00e+00 (  8.86e+01,  1.03e+02)
15      0.033   1.79e-01   1.03e-01  -4.22e-02   2.38e-01   0.00e+00 (  1.03e+02,  1.42e+02)
20      0.058   1.88e-01   1.69e-01  -2.60e-02   4.78e-01   0.00e+00 (  1.17e+02,  1.73e+02)
25      0.080   2.06e-01   1.96e-01   5.49e-03   7.38e-01   0.00e+00 (  1.34e+02,  2.02e+02)
30      0.174   3.72e-01   4.07e-01   1.74e-01   1.77e+00   0.00e+00 (  2.24e+02,  2.25e+02)
35      0.157   3.78e-01   4.58e-01   1.92e-01   1.74e+00   0.00e+00 (  2.21e+02,  2.42e+02)
40      0.148   3.95e-01   5.30e-01   1.82e-01   1.76e+00   0.00e+00 (  2.19e+02,  2.55e+02)
45      0.167   4.43e-01   6.44e-01   2.57e-01   2.10e+00   0.00e+00 (  2.16e+02,  2.63e+02)
50      0.183   5.04e-01   7.87e-01   3.34e-01   2.42e+00   0.00e+00 (  2.09e+02,  2.64e+02)
55      0.193   5.57e-01   9.16e-01   4.58e-01   2.66e+00   0.00e+00 (  1.98e+02,  2.62e+02)
60      0.207   6.03e-01   1.04e+00   5.85e-01   2.95e+00   0.00e+00 (  1.86e+02,  2.56e+02)
65      0.230   6.54e-01   1.16e+00   7.47e-01   3.38e+00   0.00e+00 (  1.77e+02,  2.47e+02)
70      0.237   6.87e-01   1.22e+00   8.49e-01   3.57e+00   0.00e+00 (  1.61e+02,  2.37e+02)
75      0.238   7.12e-01   1.26e+00   9.35e-01   3.67e+00   0.00e+00 (  1.51e+02,  2.26e+02)
80      0.229   7.07e-01   1.26e+00   9.46e-01   3.69e+00   0.00e+00 (  1.41e+02,  2.14e+02)
85      0.296   7.28e-01   1.28e+00   9.31e-01   5.79e+00   0.00e+00 (  1.21e+02,  2.03e+02)
90      0.619   1.40e+00   1.94e+00   1.23e+00   2.20e+01   0.00e+00 (  3.10e+02,  1.92e+02)
95      0.653   1.14e+00   1.63e+00   1.31e+00   4.13e+01   0.00e+00 (  5.98e+02,  1.83e+02)
25 e: 1.362e-04 i: 4.363e-04 :: e: 5.269e-02 i: 3.871e-02 :: n: 2.762e+01 e:23.961 i:30.131 v:4.993e+03
>>> tau_he = 5.000000, nhe(0)=3.460236e+00
 5     -0.047   1.74e-02   4.95e-01   8.18e-03  -2.21e-01   0.00e+00 (  1.10e+01,  5.29e+01)
10     -0.109   1.39e-01   7.04e-02  -5.20e-03  -6.49e-01   0.00e+00 (  8.99e+01,  1.03e+02)
15      0.388   5.29e-01   5.41e-01   1.10e-01   2.77e+00   0.00e+00 (  3.11e+02,  1.42e+02)
20      0.060   2.00e-01   1.75e-01  -4.90e-02   4.98e-01   0.00e+00 (  1.27e+02,  1.73e+02)
25      0.285   3.91e-01   4.24e-01   2.02e-01   2.64e+00   0.00e+00 (  2.58e+02,  2.02e+02)
30      0.174   3.74e-01   4.09e-01   1.75e-01   1.78e+00   0.00e+00 (  2.25e+02,  2.25e+02)
35      0.157   3.79e-01   4.58e-01   1.92e-01   1.74e+00   0.00e+00 (  2.22e+02,  2.42e+02)
40      0.148   3.96e-01   5.30e-01   1.82e-01   1.76e+00   0.00e+00 (  2.19e+02,  2.55e+02)
45      0.167   4.44e-01   6.45e-01   2.57e-01   2.10e+00   0.00e+00 (  2.17e+02,  2.63e+02)
50      0.184   5.07e-01   7.90e-01   3.35e-01   2.43e+00   0.00e+00 (  2.11e+02,  2.64e+02)
55      0.194   5.60e-01   9.21e-01   4.60e-01   2.67e+00   0.00e+00 (  2.00e+02,  2.62e+02)
60      0.208   6.07e-01   1.04e+00   5.88e-01   2.96e+00   0.00e+00 (  1.88e+02,  2.56e+02)
65      0.229   6.56e-01   1.17e+00   7.47e-01   3.37e+00   0.00e+00 (  1.78e+02,  2.47e+02)
70      0.237   6.92e-01   1.23e+00   8.54e-01   3.57e+00   0.00e+00 (  1.64e+02,  2.37e+02)
75      0.238   7.18e-01   1.27e+00   9.42e-01   3.67e+00   0.00e+00 (  1.54e+02,  2.26e+02)
80      0.229   7.13e-01   1.27e+00   9.54e-01   3.71e+00   0.00e+00 (  1.44e+02,  2.14e+02)
85      0.297   7.33e-01   1.29e+00   9.37e-01   5.81e+00   0.00e+00 (  1.22e+02,  2.03e+02)
90      0.619   1.40e+00   1.94e+00   1.23e+00   2.20e+01   0.00e+00 (  3.11e+02,  1.92e+02)
95      0.653   1.14e+00   1.63e+00   1.31e+00   4.13e+01   0.00e+00 (  5.98e+02,  1.83e+02)
26 e: 3.164e-04 i: 1.012e-03 :: e: 5.192e-02 i: 4.258e-02 :: n: 2.762e+01 e:23.958 i:30.239 v:4.993e+03
>>> tau_he = 5.000000, nhe(0)=3.466040e+00
 5     -0.048   1.76e-02   4.92e-01   8.27e-03  -2.27e-01   0.00e+00 (  1.11e+01,  5.29e+01)
10     -0.103   1.42e-01   7.37e-02  -6.72e-03  -6.16e-01   0.00e+00 (  9.11e+01,  1.03e+02)
15      0.040   1.82e-01   1.03e-01  -4.08e-02   2.83e-01   0.00e+00 (  1.03e+02,  1.42e+02)
20      0.310   4.39e-01   4.67e-01   1.66e-01   2.56e+00   0.00e+00 (  2.81e+02,  1.73e+02)
25      0.281   3.89e-01   4.23e-01   1.99e-01   2.61e+00   0.00e+00 (  2.55e+02,  2.02e+02)
30      0.177   3.78e-01   4.12e-01   1.75e-01   1.80e+00   0.00e+00 (  2.28e+02,  2.25e+02)
35      0.159   3.83e-01   4.60e-01   1.93e-01   1.76e+00   0.00e+00 (  2.25e+02,  2.42e+02)
40      0.150   3.98e-01   5.32e-01   1.82e-01   1.78e+00   0.00e+00 (  2.22e+02,  2.55e+02)
45      0.170   4.45e-01   6.48e-01   2.57e-01   2.13e+00   0.00e+00 (  2.18e+02,  2.63e+02)
50      0.186   5.10e-01   7.93e-01   3.36e-01   2.45e+00   0.00e+00 (  2.13e+02,  2.64e+02)
55      0.196   5.63e-01   9.26e-01   4.63e-01   2.70e+00   0.00e+00 (  2.02e+02,  2.62e+02)
60      0.210   6.11e-01   1.04e+00   5.88e-01   2.99e+00   0.00e+00 (  1.90e+02,  2.56e+02)
65      0.228   6.62e-01   1.17e+00   7.43e-01   3.35e+00   0.00e+00 (  1.81e+02,  2.47e+02)
70      0.238   6.97e-01   1.23e+00   8.58e-01   3.58e+00   0.00e+00 (  1.66e+02,  2.37e+02)
75      0.240   7.23e-01   1.28e+00   9.49e-01   3.69e+00   0.00e+00 (  1.56e+02,  2.26e+02)
80      0.231   7.19e-01   1.28e+00   9.63e-01   3.73e+00   0.00e+00 (  1.46e+02,  2.14e+02)
85      0.299   7.38e-01   1.30e+00   9.46e-01   5.85e+00   0.00e+00 (  1.24e+02,  2.03e+02)
90      0.620   1.40e+00   1.94e+00   1.23e+00   2.21e+01   0.00e+00 (  3.11e+02,  1.92e+02)
95      0.653   1.14e+00   1.63e+00   1.31e+00   4.13e+01   0.00e+00 (  5.98e+02,  1.83e+02)
27 e: 4.941e-04 i: 1.509e-03 :: e: 4.488e-02 i: 4.214e-02 :: n: 2.762e+01 e:24.024 i:30.158 v:4.993e+03
>>> tau_he = 5.000000, nhe(0)=3.461828e+00
 5     -0.048   1.75e-02   4.93e-01   8.22e-03  -2.25e-01   0.00e+00 (  1.11e+01,  5.29e+01)
10     -0.109   1.42e-01   7.32e-02  -6.66e-03  -6.51e-01   0.00e+00 (  9.17e+01,  1.03e+02)
15      0.377   5.22e-01   5.34e-01   1.06e-01   2.69e+00   0.00e+00 (  3.03e+02,  1.42e+02)
20      0.059   1.92e-01   1.73e-01  -3.17e-02   4.89e-01   0.00e+00 (  1.20e+02,  1.73e+02)
25      0.080   2.06e-01   1.98e-01   1.31e-02   7.44e-01   0.00e+00 (  1.33e+02,  2.02e+02)
30      0.177   3.80e-01   4.14e-01   1.77e-01   1.81e+00   0.00e+00 (  2.30e+02,  2.25e+02)
35      0.160   3.86e-01   4.64e-01   1.95e-01   1.77e+00   0.00e+00 (  2.28e+02,  2.42e+02)
40      0.150   4.01e-01   5.36e-01   1.82e-01   1.78e+00   0.00e+00 (  2.25e+02,  2.55e+02)
45      0.171   4.48e-01   6.53e-01   2.59e-01   2.15e+00   0.00e+00 (  2.21e+02,  2.63e+02)
50      0.186   5.13e-01   8.03e-01   3.35e-01   2.46e+00   0.00e+00 (  2.16e+02,  2.64e+02)
55      0.197   5.68e-01   9.35e-01   4.66e-01   2.71e+00   0.00e+00 (  2.05e+02,  2.62e+02)
60      0.210   6.16e-01   1.05e+00   5.93e-01   2.99e+00   0.00e+00 (  1.93e+02,  2.56e+02)
65      0.228   6.65e-01   1.17e+00   7.46e-01   3.34e+00   0.00e+00 (  1.82e+02,  2.47e+02)
70      0.238   7.02e-01   1.24e+00   8.63e-01   3.58e+00   0.00e+00 (  1.68e+02,  2.37e+02)
75      0.239   7.28e-01   1.29e+00   9.55e-01   3.68e+00   0.00e+00 (  1.58e+02,  2.26e+02)
80      0.231   7.24e-01   1.29e+00   9.69e-01   3.73e+00   0.00e+00 (  1.48e+02,  2.14e+02)
85      0.300   7.41e-01   1.31e+00   9.51e-01   5.87e+00   0.00e+00 (  1.26e+02,  2.03e+02)
90      0.621   1.40e+00   1.94e+00   1.23e+00   2.21e+01   0.00e+00 (  3.12e+02,  1.92e+02)
95      0.653   1.14e+00   1.63e+00   1.31e+00   4.13e+01   0.00e+00 (  5.98e+02,  1.83e+02)
28 e: 5.661e-04 i: 1.905e-03 :: e: 4.566e-02 i: 4.611e-02 :: n: 2.762e+01 e:23.972 i:30.253 v:4.993e+03
>>> tau_he = 5.000000, nhe(0)=3.466779e+00
 5     -0.048   1.76e-02   4.90e-01   8.24e-03  -2.27e-01   0.00e+00 (  1.11e+01,  5.29e+01)
10     -0.100   1.43e-01   7.47e-02  -7.17e-03  -5.99e-01   0.00e+00 (  9.14e+01,  1.03e+02)
15      0.044   1.81e-01   9.98e-02  -3.82e-02   3.15e-01   0.00e+00 (  1.01e+02,  1.42e+02)
20      0.064   2.01e-01   1.76e-01  -4.17e-02   5.28e-01   0.00e+00 (  1.27e+02,  1.73e+02)
25      0.287   3.95e-01   4.29e-01   2.02e-01   2.66e+00   0.00e+00 (  2.59e+02,  2.02e+02)
30      0.179   3.82e-01   4.16e-01   1.77e-01   1.83e+00   0.00e+00 (  2.31e+02,  2.25e+02)
35      0.160   3.86e-01   4.63e-01   1.94e-01   1.78e+00   0.00e+00 (  2.27e+02,  2.42e+02)
40      0.151   4.01e-01   5.34e-01   1.82e-01   1.79e+00   0.00e+00 (  2.24e+02,  2.55e+02)
45      0.171   4.48e-01   6.51e-01   2.58e-01   2.15e+00   0.00e+00 (  2.21e+02,  2.63e+02)
50      0.187   5.13e-01   8.01e-01   3.34e-01   2.47e+00   0.00e+00 (  2.16e+02,  2.64e+02)
55      0.198   5.68e-01   9.33e-01   4.66e-01   2.73e+00   0.00e+00 (  2.05e+02,  2.62e+02)
60      0.211   6.16e-01   1.05e+00   5.93e-01   3.01e+00   0.00e+00 (  1.93e+02,  2.56e+02)
65      0.228   6.67e-01   1.17e+00   7.45e-01   3.34e+00   0.00e+00 (  1.83e+02,  2.47e+02)
70      0.239   7.04e-01   1.25e+00   8.65e-01   3.59e+00   0.00e+00 (  1.69e+02,  2.37e+02)
75      0.240   7.31e-01   1.29e+00   9.58e-01   3.70e+00   0.00e+00 (  1.60e+02,  2.26e+02)
80      0.232   7.27e-01   1.29e+00   9.75e-01   3.76e+00   0.00e+00 (  1.49e+02,  2.14e+02)
85      0.302   7.45e-01   1.32e+00   9.58e-01   5.90e+00   0.00e+00 (  1.27e+02,  2.03e+02)
90      0.621   1.40e+00   1.95e+00   1.24e+00   2.21e+01   0.00e+00 (  3.12e+02,  1.92e+02)
95      0.653   1.14e+00   1.63e+00   1.31e+00   4.13e+01   0.00e+00 (  5.98e+02,  1.83e+02)
29 e: 2.495e-04 i: 9.018e-04 :: e: 3.422e-02 i: 3.907e-02 :: n: 2.762e+01 e:24.111 i:30.285 v:4.993e+03
>>> tau_he = 5.000000, nhe(0)=3.468477e+00
 5     -0.048   1.76e-02   4.96e-01   8.20e-03  -2.25e-01   0.00e+00 (  1.11e+01,  5.29e+01)
10     -0.105   1.43e-01   7.40e-02  -6.62e-03  -6.29e-01   0.00e+00 (  9.23e+01,  1.03e+02)
15      0.040   1.86e-01   1.08e-01  -4.34e-02   2.89e-01   0.00e+00 (  1.06e+02,  1.42e+02)
20      0.316   4.45e-01   4.76e-01   1.72e-01   2.60e+00   0.00e+00 (  2.86e+02,  1.73e+02)
25      0.082   2.10e-01   2.01e-01   5.32e-03   7.58e-01   0.00e+00 (  1.37e+02,  2.02e+02)
30      0.178   3.82e-01   4.17e-01   1.78e-01   1.82e+00   0.00e+00 (  2.32e+02,  2.25e+02)
35      0.160   3.87e-01   4.66e-01   1.95e-01   1.77e+00   0.00e+00 (  2.29e+02,  2.42e+02)
40      0.151   4.03e-01   5.38e-01   1.82e-01   1.79e+00   0.00e+00 (  2.26e+02,  2.55e+02)
45      0.171   4.50e-01   6.56e-01   2.60e-01   2.15e+00   0.00e+00 (  2.23e+02,  2.63e+02)
50      0.187   5.16e-01   8.07e-01   3.37e-01   2.47e+00   0.00e+00 (  2.18e+02,  2.64e+02)
55      0.198   5.71e-01   9.40e-01   4.69e-01   2.72e+00   0.00e+00 (  2.07e+02,  2.62e+02)
60      0.209   6.22e-01   1.06e+00   5.94e-01   2.98e+00   0.00e+00 (  1.95e+02,  2.56e+02)
65      0.227   6.68e-01   1.17e+00   7.46e-01   3.33e+00   0.00e+00 (  1.84e+02,  2.47e+02)
70      0.238   7.07e-01   1.25e+00   8.68e-01   3.58e+00   0.00e+00 (  1.71e+02,  2.37e+02)
75      0.239   7.35e-01   1.30e+00   9.61e-01   3.68e+00   0.00e+00 (  1.61e+02,  2.26e+02)
80      0.228   7.39e-01   1.29e+00   9.73e-01   3.69e+00   0.00e+00 (  1.53e+02,  2.14e+02)
85      0.302   7.46e-01   1.32e+00   9.60e-01   5.90e+00   0.00e+00 (  1.28e+02,  2.03e+02)
90      0.621   1.40e+00   1.95e+00   1.24e+00   2.21e+01   0.00e+00 (  3.12e+02,  1.92e+02)
95      0.653   1.14e+00   1.63e+00   1.31e+00   4.13e+01   0.00e+00 (  5.98e+02,  1.83e+02)
30 e: 2.995e-04 i: 9.665e-04 :: e: 4.325e-02 i: 4.575e-02 :: n: 2.762e+01 e:24.080 i:30.310 v:4.993e+03
>>> tau_he = 5.000000, nhe(0)=3.469827e+00
 5     -0.048   1.76e-02   4.99e-01   8.20e-03  -2.24e-01   0.00e+00 (  1.11e+01,  5.29e+01)
10     -0.111   1.42e-01   7.28e-02  -6.06e-03  -6.61e-01   0.00e+00 (  9.24e+01,  1.03e+02)
15      0.397   5.41e-01   5.50e-01   1.13e-01   2.84e+00   0.00e+00 (  3.15e+02,  1.42e+02)
20      0.060   1.95e-01   1.74e-01  -3.44e-02   4.92e-01   0.00e+00 (  1.22e+02,  1.73e+02)
25      0.283   3.92e-01   4.26e-01   2.00e-01   2.62e+00   0.00e+00 (  2.56e+02,  2.02e+02)
30      0.178   3.81e-01   4.15e-01   1.77e-01   1.82e+00   0.00e+00 (  2.31e+02,  2.25e+02)
35      0.159   3.86e-01   4.62e-01   1.93e-01   1.76e+00   0.00e+00 (  2.27e+02,  2.42e+02)
40      0.150   4.01e-01   5.34e-01   1.81e-01   1.78e+00   0.00e+00 (  2.24e+02,  2.55e+02)
45      0.170   4.48e-01   6.51e-01   2.57e-01   2.14e+00   0.00e+00 (  2.21e+02,  2.63e+02)
50      0.187   5.14e-01   7.98e-01   3.38e-01   2.47e+00   0.00e+00 (  2.16e+02,  2.64e+02)
55      0.198   5.69e-01   9.34e-01   4.66e-01   2.72e+00   0.00e+00 (  2.05e+02,  2.62e+02)
60      0.211   6.17e-01   1.05e+00   5.93e-01   3.00e+00   0.00e+00 (  1.93e+02,  2.56e+02)
65      0.226   6.66e-01   1.16e+00   7.42e-01   3.32e+00   0.00e+00 (  1.83e+02,  2.47e+02)
70      0.238   7.06e-01   1.25e+00   8.66e-01   3.58e+00   0.00e+00 (  1.71e+02,  2.37e+02)
75      0.240   7.34e-01   1.30e+00   9.60e-01   3.69e+00   0.00e+00 (  1.61e+02,  2.26e+02)
80      0.233   7.30e-01   1.30e+00   9.78e-01   3.76e+00   0.00e+00 (  1.51e+02,  2.14e+02)
85      0.303   7.47e-01   1.32e+00   9.63e-01   5.92e+00   0.00e+00 (  1.28e+02,  2.03e+02)
90      0.622   1.40e+00   1.95e+00   1.24e+00   2.21e+01   0.00e+00 (  3.12e+02,  1.92e+02)
95      0.653   1.14e+00   1.63e+00   1.31e+00   4.13e+01   0.00e+00 (  5.98e+02,  1.83e+02)
31 e: 3.564e-04 i: 1.179e-03 :: e: 4.192e-02 i: 4.250e-02 :: n: 2.762e+01 e:24.031 i:30.274 v:4.993e+03
>>> tau_he = 5.000000, nhe(0)=3.467984e+00
 5     -0.048   1.76e-02   4.91e-01   8.27e-03  -2.27e-01   0.00e+00 (  1.11e+01,  5.29e+01)
10     -0.103   1.44e-01   7.53e-02  -7.47e-03  -6.18e-01   0.00e+00 (  9.23e+01,  1.03e+02)
15      0.044   1.84e-01   1.03e-01  -4.04e-02   3.16e-01   0.00e+00 (  1.03e+02,  1.42e+02)
20      0.064   2.03e-01   1.77e-01  -4.60e-02   5.32e-01   0.00e+00 (  1.28e+02,  1.73e+02)
25      0.199   3.89e-01   4.21e-01   1.36e-01   1.85e+00   0.00e+00 (  2.53e+02,  2.02e+02)
30      0.179   3.83e-01   4.17e-01   1.78e-01   1.83e+00   0.00e+00 (  2.32e+02,  2.25e+02)
35      0.160   3.87e-01   4.65e-01   1.95e-01   1.78e+00   0.00e+00 (  2.29e+02,  2.42e+02)
40      0.151   4.03e-01   5.37e-01   1.82e-01   1.79e+00   0.00e+00 (  2.26e+02,  2.55e+02)
45      0.172   4.50e-01   6.55e-01   2.59e-01   2.16e+00   0.00e+00 (  2.23e+02,  2.63e+02)
50      0.187   5.16e-01   8.06e-01   3.36e-01   2.48e+00   0.00e+00 (  2.17e+02,  2.64e+02)
55      0.199   5.71e-01   9.39e-01   4.68e-01   2.73e+00   0.00e+00 (  2.06e+02,  2.62e+02)
60      0.211   6.19e-01   1.06e+00   5.95e-01   3.01e+00   0.00e+00 (  1.94e+02,  2.56e+02)
65      0.226   6.68e-01   1.17e+00   7.43e-01   3.32e+00   0.00e+00 (  1.84e+02,  2.47e+02)
70      0.238   7.08e-01   1.25e+00   8.68e-01   3.58e+00   0.00e+00 (  1.71e+02,  2.37e+02)
75      0.239   7.35e-01   1.30e+00   9.61e-01   3.68e+00   0.00e+00 (  1.62e+02,  2.26e+02)
80      0.232   7.32e-01   1.30e+00   9.79e-01   3.75e+00   0.00e+00 (  1.51e+02,  2.14e+02)
85      0.303   7.48e-01   1.32e+00   9.64e-01   5.92e+00   0.00e+00 (  1.28e+02,  2.03e+02)
90      0.622   1.40e+00   1.95e+00   1.24e+00   2.21e+01   0.00e+00 (  3.13e+02,  1.92e+02)
95      0.653   1.14e+00   1.63e+00   1.31e+00   4.13e+01   0.00e+00 (  5.98e+02,  1.83e+02)
32 e: 2.068e-04 i: 7.781e-04 :: e: 3.121e-02 i: 3.559e-02 :: n: 2.762e+01 e:24.085 i:30.281 v:4.993e+03
>>> tau_he = 5.000000, nhe(0)=3.468310e+00
 5     -0.048   1.76e-02   4.96e-01   8.19e-03  -2.25e-01   0.00e+00 (  1.11e+01,  5.29e+01)
10     -0.108   1.43e-01   7.38e-02  -6.59e-03  -6.43e-01   0.00e+00 (  9.23e+01,  1.03e+02)
15      0.394   5.38e-01   5.44e-01   1.10e-01   2.82e+00   0.00e+00 (  3.10e+02,  1.42e+02)
20      0.315   4.43e-01   4.74e-01   1.71e-01   2.60e+00   0.00e+00 (  2.84e+02,  1.73e+02)
25      0.081   2.07e-01   1.99e-01   1.39e-02   7.49e-01   0.00e+00 (  1.33e+02,  2.02e+02)
30      0.178   3.81e-01   4.15e-01   1.77e-01   1.82e+00   0.00e+00 (  2.30e+02,  2.25e+02)
35      0.159   3.87e-01   4.64e-01   1.94e-01   1.76e+00   0.00e+00 (  2.29e+02,  2.42e+02)
40      0.150   4.02e-01   5.36e-01   1.82e-01   1.78e+00   0.00e+00 (  2.26e+02,  2.55e+02)
45      0.171   4.50e-01   6.55e-01   2.59e-01   2.15e+00   0.00e+00 (  2.23e+02,  2.63e+02)
50      0.186   5.16e-01   8.05e-01   3.36e-01   2.46e+00   0.00e+00 (  2.17e+02,  2.64e+02)
55      0.198   5.71e-01   9.38e-01   4.68e-01   2.72e+00   0.00e+00 (  2.07e+02,  2.62e+02)
60      0.209   6.21e-01   1.05e+00   5.93e-01   2.98e+00   0.00e+00 (  1.95e+02,  2.56e+02)
65      0.225   6.67e-01   1.16e+00   7.41e-01   3.30e+00   0.00e+00 (  1.83e+02,  2.47e+02)
70      0.237   7.08e-01   1.25e+00   8.67e-01   3.57e+00   0.00e+00 (  1.71e+02,  2.37e+02)
75      0.238   7.35e-01   1.30e+00   9.60e-01   3.67e+00   0.00e+00 (  1.62e+02,  2.26e+02)
80      0.229   7.40e-01   1.29e+00   9.75e-01   3.69e+00   0.00e+00 (  1.53e+02,  2.14e+02)
85      0.303   7.48e-01   1.32e+00   9.64e-01   5.92e+00   0.00e+00 (  1.28e+02,  2.03e+02)
90      0.622   1.40e+00   1.95e+00   1.24e+00   2.21e+01   0.00e+00 (  3.13e+02,  1.92e+02)
95      0.653   1.14e+00   1.63e+00   1.31e+00   4.13e+01   0.00e+00 (  5.98e+02,  1.83e+02)
33 e: 6.206e-04 i: 2.105e-03 :: e: 5.008e-02 i: 4.689e-02 :: n: 2.762e+01 e:23.947 i:30.193 v:4.993e+03
>>> tau_he = 5.000000, nhe(0)=3.463736e+00
 5     -0.048   1.76e-02   4.86e-01   8.24e-03  -2.28e-01   0.00e+00 (  1.11e+01,  5.29e+01)
10     -0.105   1.43e-01   7.60e-02  -7.88e-03  -6.26e-01   0.00e+00 (  9.16e+01,  1.03e+02)
15      0.047   1.81e-01   9.93e-02  -3.73e-02   3.35e-01   0.00e+00 (  9.95e+01,  1.42e+02)
20      0.064   1.93e-01   1.66e-01  -7.46e-03   5.25e-01   0.00e+00 (  1.20e+02,  1.73e+02)
25      0.200   3.90e-01   4.22e-01   1.36e-01   1.86e+00   0.00e+00 (  2.53e+02,  2.02e+02)
30      0.180   3.83e-01   4.17e-01   1.77e-01   1.84e+00   0.00e+00 (  2.32e+02,  2.25e+02)
35      0.160   3.87e-01   4.63e-01   1.94e-01   1.77e+00   0.00e+00 (  2.28e+02,  2.42e+02)
40      0.151   4.02e-01   5.35e-01   1.82e-01   1.79e+00   0.00e+00 (  2.25e+02,  2.55e+02)
45      0.172   4.49e-01   6.53e-01   2.59e-01   2.16e+00   0.00e+00 (  2.22e+02,  2.63e+02)
50      0.187   5.14e-01   8.03e-01   3.35e-01   2.47e+00   0.00e+00 (  2.16e+02,  2.64e+02)
55      0.199   5.70e-01   9.36e-01   4.67e-01   2.73e+00   0.00e+00 (  2.06e+02,  2.62e+02)
60      0.211   6.18e-01   1.06e+00   5.94e-01   3.01e+00   0.00e+00 (  1.93e+02,  2.56e+02)
65      0.226   6.65e-01   1.16e+00   7.39e-01   3.31e+00   0.00e+00 (  1.83e+02,  2.47e+02)
70      0.238   7.07e-01   1.25e+00   8.67e-01   3.58e+00   0.00e+00 (  1.71e+02,  2.37e+02)
75      0.239   7.35e-01   1.30e+00   9.60e-01   3.68e+00   0.00e+00 (  1.61e+02,  2.26e+02)
80      0.233   7.31e-01   1.30e+00   9.79e-01   3.76e+00   0.00e+00 (  1.51e+02,  2.14e+02)
85      0.303   7.49e-01   1.33e+00   9.66e-01   5.93e+00   0.00e+00 (  1.28e+02,  2.03e+02)
90      0.622   1.40e+00   1.95e+00   1.24e+00   2.21e+01   0.00e+00 (  3.13e+02,  1.92e+02)
95      0.653   1.14e+00   1.63e+00   1.31e+00   4.13e+01   0.00e+00 (  5.98e+02,  1.83e+02)
34 e: 2.206e-04 i: 8.413e-04 :: e: 3.311e-02 i: 3.495e-02 :: n: 2.762e+01 e:24.039 i:30.157 v:4.993e+03
>>> tau_he = 5.000000, nhe(0)=3.461764e+00
 5     -0.047   1.75e-02   4.90e-01   8.28e-03  -2.23e-01   0.00e+00 (  1.10e+01,  5.29e+01)
10     -0.106   1.42e-01   7.39e-02  -6.91e-03  -6.31e-01   0.00e+00 (  9.16e+01,  1.03e+02)
15      0.044   1.84e-01   1.06e-01  -4.21e-02   3.12e-01   0.00e+00 (  1.04e+02,  1.42e+02)
20      0.065   2.02e-01   1.77e-01  -4.77e-02   5.34e-01   0.00e+00 (  1.28e+02,  1.73e+02)
25      0.082   2.08e-01   2.00e-01   1.09e-02   7.57e-01   0.00e+00 (  1.34e+02,  2.02e+02)
30      0.178   3.81e-01   4.16e-01   1.78e-01   1.82e+00   0.00e+00 (  2.31e+02,  2.25e+02)
35      0.159   3.87e-01   4.65e-01   1.95e-01   1.76e+00   0.00e+00 (  2.29e+02,  2.42e+02)
40      0.150   4.03e-01   5.38e-01   1.82e-01   1.78e+00   0.00e+00 (  2.26e+02,  2.55e+02)
45      0.171   4.50e-01   6.57e-01   2.60e-01   2.15e+00   0.00e+00 (  2.23e+02,  2.63e+02)
50      0.187   5.16e-01   8.07e-01   3.37e-01   2.46e+00   0.00e+00 (  2.18e+02,  2.64e+02)
55      0.198   5.71e-01   9.40e-01   4.69e-01   2.72e+00   0.00e+00 (  2.07e+02,  2.62e+02)
60      0.209   6.21e-01   1.06e+00   5.94e-01   2.98e+00   0.00e+00 (  1.95e+02,  2.56e+02)
65      0.224   6.66e-01   1.16e+00   7.40e-01   3.29e+00   0.00e+00 (  1.83e+02,  2.47e+02)
70      0.237   7.08e-01   1.25e+00   8.67e-01   3.56e+00   0.00e+00 (  1.72e+02,  2.37e+02)
75      0.237   7.35e-01   1.30e+00   9.59e-01   3.65e+00   0.00e+00 (  1.62e+02,  2.26e+02)
80      0.228   7.40e-01   1.29e+00   9.74e-01   3.68e+00   0.00e+00 (  1.53e+02,  2.14e+02)
85      0.302   7.48e-01   1.32e+00   9.64e-01   5.91e+00   0.00e+00 (  1.29e+02,  2.03e+02)
90      0.622   1.40e+00   1.95e+00   1.24e+00   2.21e+01   0.00e+00 (  3.13e+02,  1.92e+02)
95      0.653   1.14e+00   1.63e+00   1.31e+00   4.13e+01   0.00e+00 (  5.98e+02,  1.83e+02)
35 e: 1.493e-04 i: 4.169e-04 :: e: 3.397e-02 i: 3.359e-02 :: n: 2.762e+01 e:24.061 i:30.302 v:4.993e+03
>>> tau_he = 5.000000, nhe(0)=3.469338e+00
 5     -0.047   1.75e-02   4.99e-01   8.16e-03  -2.22e-01   0.00e+00 (  1.10e+01,  5.29e+01)
10     -0.110   1.42e-01   7.23e-02  -5.77e-03  -6.55e-01   0.00e+00 (  9.18e+01,  1.03e+02)
15      0.401   5.43e-01   5.51e-01   1.13e-01   2.87e+00   0.00e+00 (  3.15e+02,  1.42e+02)
20      0.317   4.44e-01   4.75e-01   1.71e-01   2.61e+00   0.00e+00 (  2.85e+02,  1.73e+02)
25      0.282   3.90e-01   4.24e-01   2.00e-01   2.61e+00   0.00e+00 (  2.55e+02,  2.02e+02)
30      0.177   3.79e-01   4.13e-01   1.76e-01   1.80e+00   0.00e+00 (  2.28e+02,  2.25e+02)
35      0.157   3.83e-01   4.60e-01   1.92e-01   1.74e+00   0.00e+00 (  2.25e+02,  2.42e+02)
40      0.149   4.00e-01   5.32e-01   1.81e-01   1.76e+00   0.00e+00 (  2.23e+02,  2.55e+02)
45      0.169   4.48e-01   6.49e-01   2.57e-01   2.12e+00   0.00e+00 (  2.21e+02,  2.63e+02)
50      0.186   5.12e-01   7.96e-01   3.38e-01   2.45e+00   0.00e+00 (  2.15e+02,  2.64e+02)
55      0.196   5.67e-01   9.31e-01   4.65e-01   2.70e+00   0.00e+00 (  2.04e+02,  2.62e+02)
60      0.208   6.17e-01   1.05e+00   5.92e-01   2.97e+00   0.00e+00 (  1.93e+02,  2.56e+02)
65      0.224   6.62e-01   1.15e+00   7.34e-01   3.28e+00   0.00e+00 (  1.81e+02,  2.47e+02)
70      0.236   7.05e-01   1.24e+00   8.62e-01   3.55e+00   0.00e+00 (  1.70e+02,  2.37e+02)
75      0.237   7.32e-01   1.29e+00   9.55e-01   3.66e+00   0.00e+00 (  1.61e+02,  2.26e+02)
80      0.232   7.29e-01   1.29e+00   9.75e-01   3.75e+00   0.00e+00 (  1.50e+02,  2.14e+02)
85      0.303   7.48e-01   1.32e+00   9.63e-01   5.92e+00   0.00e+00 (  1.28e+02,  2.03e+02)
90      0.622   1.40e+00   1.95e+00   1.24e+00   2.21e+01   0.00e+00 (  3.12e+02,  1.92e+02)
95      0.653   1.14e+00   1.63e+00   1.31e+00   4.13e+01   0.00e+00 (  5.98e+02,  1.83e+02)
36 e: 4.078e-04 i: 1.312e-03 :: e: 4.665e-02 i: 3.996e-02 :: n: 2.762e+01 e:23.939 i:30.133 v:4.993e+03
>>> tau_he = 5.000000, nhe(0)=3.460549e+00
 5     -0.048   1.75e-02   4.86e-01   8.26e-03  -2.27e-01   0.00e+00 (  1.11e+01,  5.29e+01)
10     -0.109   1.42e-01   7.57e-02  -7.91e-03  -6.49e-01   0.00e+00 (  9.18e+01,  1.03e+02)
15      0.045   1.81e-01   1.02e-01  -3.93e-02   3.24e-01   0.00e+00 (  1.01e+02,  1.42e+02)
20      0.062   1.93e-01   1.73e-01  -2.89e-02   5.11e-01   0.00e+00 (  1.20e+02,  1.73e+02)
25      0.082   2.09e-01   1.99e-01   8.19e-03   7.64e-01   0.00e+00 (  1.34e+02,  2.02e+02)
30      0.178   3.81e-01   4.15e-01   1.77e-01   1.82e+00   0.00e+00 (  2.30e+02,  2.25e+02)
35      0.159   3.85e-01   4.62e-01   1.94e-01   1.76e+00   0.00e+00 (  2.27e+02,  2.42e+02)
40      0.150   4.01e-01   5.35e-01   1.82e-01   1.78e+00   0.00e+00 (  2.24e+02,  2.55e+02)
45      0.171   4.48e-01   6.53e-01   2.59e-01   2.15e+00   0.00e+00 (  2.21e+02,  2.63e+02)
50      0.187   5.13e-01   8.02e-01   3.35e-01   2.47e+00   0.00e+00 (  2.15e+02,  2.64e+02)
55      0.198   5.68e-01   9.35e-01   4.67e-01   2.72e+00   0.00e+00 (  2.04e+02,  2.62e+02)
60      0.210   6.15e-01   1.05e+00   5.92e-01   3.00e+00   0.00e+00 (  1.92e+02,  2.56e+02)
65      0.224   6.62e-01   1.16e+00   7.35e-01   3.29e+00   0.00e+00 (  1.81e+02,  2.47e+02)
70      0.236   7.05e-01   1.24e+00   8.62e-01   3.55e+00   0.00e+00 (  1.70e+02,  2.37e+02)
75      0.237   7.32e-01   1.29e+00   9.55e-01   3.65e+00   0.00e+00 (  1.61e+02,  2.26e+02)
80      0.232   7.29e-01   1.29e+00   9.74e-01   3.74e+00   0.00e+00 (  1.50e+02,  2.14e+02)
85      0.303   7.47e-01   1.32e+00   9.63e-01   5.92e+00   0.00e+00 (  1.28e+02,  2.03e+02)
90      0.622   1.40e+00   1.95e+00   1.24e+00   2.21e+01   0.00e+00 (  3.12e+02,  1.92e+02)
95      0.653   1.14e+00   1.63e+00   1.31e+00   4.13e+01   0.00e+00 (  5.98e+02,  1.83e+02)
37 e: 1.204e-04 i: 3.728e-04 :: e: 3.536e-02 i: 3.222e-02 :: n: 2.762e+01 e:24.027 i:30.174 v:4.993e+03
>>> tau_he = 5.000000, nhe(0)=3.462636e+00
 5     -0.047   1.74e-02   4.92e-01   8.16e-03  -2.23e-01   0.00e+00 (  1.09e+01,  5.29e+01)
10     -0.108   1.42e-01   7.31e-02  -6.46e-03  -6.44e-01   0.00e+00 (  9.15e+01,  1.03e+02)
15      0.394   5.14e-01   5.29e-01   1.05e-01   2.82e+00   0.00e+00 (  2.93e+02,  1.42e+02)
20      0.064   2.03e-01   1.77e-01  -5.07e-02   5.30e-01   0.00e+00 (  1.28e+02,  1.73e+02)
25      0.284   3.92e-01   4.28e-01   2.03e-01   2.64e+00   0.00e+00 (  2.57e+02,  2.02e+02)
30      0.177   3.80e-01   4.15e-01   1.78e-01   1.81e+00   0.00e+00 (  2.30e+02,  2.25e+02)
35      0.158   3.84e-01   4.62e-01   1.93e-01   1.75e+00   0.00e+00 (  2.26e+02,  2.42e+02)
40      0.149   4.00e-01   5.35e-01   1.82e-01   1.77e+00   0.00e+00 (  2.24e+02,  2.55e+02)
45      0.169   4.49e-01   6.53e-01   2.59e-01   2.13e+00   0.00e+00 (  2.22e+02,  2.63e+02)
50      0.186   5.13e-01   8.00e-01   3.39e-01   2.46e+00   0.00e+00 (  2.15e+02,  2.64e+02)
55      0.196   5.68e-01   9.35e-01   4.67e-01   2.70e+00   0.00e+00 (  2.04e+02,  2.62e+02)
60      0.208   6.17e-01   1.05e+00   5.93e-01   2.96e+00   0.00e+00 (  1.93e+02,  2.56e+02)
65      0.223   6.62e-01   1.15e+00   7.34e-01   3.27e+00   0.00e+00 (  1.81e+02,  2.47e+02)
70      0.235   7.04e-01   1.24e+00   8.61e-01   3.53e+00   0.00e+00 (  1.70e+02,  2.37e+02)
75      0.236   7.31e-01   1.29e+00   9.53e-01   3.64e+00   0.00e+00 (  1.60e+02,  2.26e+02)
80      0.227   7.37e-01   1.28e+00   9.68e-01   3.67e+00   0.00e+00 (  1.52e+02,  2.14e+02)
85      0.302   7.46e-01   1.32e+00   9.61e-01   5.90e+00   0.00e+00 (  1.28e+02,  2.03e+02)
90      0.622   1.40e+00   1.95e+00   1.24e+00   2.21e+01   0.00e+00 (  3.12e+02,  1.92e+02)
95      0.653   1.14e+00   1.63e+00   1.31e+00   4.13e+01   0.00e+00 (  5.98e+02,  1.83e+02)
38 e: 2.471e-04 i: 8.891e-04 :: e: 3.585e-02 i: 3.134e-02 :: n: 2.762e+01 e:23.934 i:30.171 v:4.993e+03
>>> tau_he = 5.000000, nhe(0)=3.462501e+00
 5     -0.048   1.75e-02   4.86e-01   8.22e-03  -2.26e-01   0.00e+00 (  1.10e+01,  5.29e+01)
10     -0.105   1.43e-01   7.54e-02  -7.60e-03  -6.28e-01   0.00e+00 (  9.13e+01,  1.03e+02)
15      0.047   1.81e-01   9.99e-02  -3.78e-02   3.37e-01   0.00e+00 (  9.98e+01,  1.42e+02)
20      0.313   4.40e-01   4.69e-01   1.66e-01   2.58e+00   0.00e+00 (  2.79e+02,  1.73e+02)
25      0.198   3.87e-01   4.19e-01   1.37e-01   1.84e+00   0.00e+00 (  2.51e+02,  2.02e+02)
30      0.177   3.79e-01   4.14e-01   1.76e-01   1.81e+00   0.00e+00 (  2.29e+02,  2.25e+02)
35      0.158   3.84e-01   4.61e-01   1.93e-01   1.75e+00   0.00e+00 (  2.26e+02,  2.42e+02)
40      0.149   4.00e-01   5.33e-01   1.81e-01   1.77e+00   0.00e+00 (  2.23e+02,  2.55e+02)
45      0.170   4.47e-01   6.51e-01   2.58e-01   2.14e+00   0.00e+00 (  2.20e+02,  2.63e+02)
50      0.187   5.12e-01   7.97e-01   3.38e-01   2.46e+00   0.00e+00 (  2.14e+02,  2.64e+02)
55      0.197   5.66e-01   9.31e-01   4.65e-01   2.71e+00   0.00e+00 (  2.03e+02,  2.62e+02)
60      0.210   6.13e-01   1.05e+00   5.90e-01   2.99e+00   0.00e+00 (  1.91e+02,  2.56e+02)
65      0.223   6.60e-01   1.15e+00   7.32e-01   3.28e+00   0.00e+00 (  1.80e+02,  2.47e+02)
70      0.236   7.02e-01   1.24e+00   8.59e-01   3.55e+00   0.00e+00 (  1.69e+02,  2.37e+02)
75      0.237   7.30e-01   1.29e+00   9.52e-01   3.65e+00   0.00e+00 (  1.60e+02,  2.26e+02)
80      0.232   7.27e-01   1.29e+00   9.73e-01   3.75e+00   0.00e+00 (  1.49e+02,  2.14e+02)
85      0.303   7.46e-01   1.32e+00   9.62e-01   5.92e+00   0.00e+00 (  1.27e+02,  2.03e+02)
90      0.622   1.40e+00   1.95e+00   1.24e+00   2.21e+01   0.00e+00 (  3.12e+02,  1.92e+02)
95      0.653   1.14e+00   1.63e+00   1.31e+00   4.13e+01   0.00e+00 (  5.98e+02,  1.83e+02)
39 e: 5.111e-04 i: 1.561e-03 :: e: 3.951e-02 i: 3.216e-02 :: n: 2.762e+01 e:23.951 i:30.010 v:4.993e+03
>>> tau_he = 5.000000, nhe(0)=3.454009e+00
 5     -0.047   1.74e-02   4.84e-01   8.27e-03  -2.22e-01   0.00e+00 (  1.09e+01,  5.29e+01)
10     -0.108   1.41e-01   7.37e-02  -7.24e-03  -6.48e-01   0.00e+00 (  9.12e+01,  1.03e+02)
15      0.043   1.82e-01   1.05e-01  -4.15e-02   3.08e-01   0.00e+00 (  1.03e+02,  1.42e+02)
20      0.061   1.92e-01   1.73e-01  -3.02e-02   5.06e-01   0.00e+00 (  1.19e+02,  1.73e+02)
25      0.080   2.04e-01   1.98e-01   1.74e-02   7.46e-01   0.00e+00 (  1.30e+02,  2.02e+02)
30      0.177   3.79e-01   4.14e-01   1.77e-01   1.81e+00   0.00e+00 (  2.29e+02,  2.25e+02)
35      0.158   3.85e-01   4.63e-01   1.94e-01   1.75e+00   0.00e+00 (  2.27e+02,  2.42e+02)
40      0.149   4.01e-01   5.36e-01   1.82e-01   1.77e+00   0.00e+00 (  2.24e+02,  2.55e+02)
45      0.171   4.48e-01   6.55e-01   2.60e-01   2.15e+00   0.00e+00 (  2.21e+02,  2.63e+02)
50      0.187   5.14e-01   8.02e-01   3.40e-01   2.47e+00   0.00e+00 (  2.16e+02,  2.64e+02)
55      0.197   5.68e-01   9.36e-01   4.67e-01   2.71e+00   0.00e+00 (  2.04e+02,  2.62e+02)
60      0.208   6.17e-01   1.05e+00   5.94e-01   2.97e+00   0.00e+00 (  1.93e+02,  2.56e+02)
65      0.223   6.61e-01   1.15e+00   7.33e-01   3.26e+00   0.00e+00 (  1.81e+02,  2.47e+02)
70      0.235   7.04e-01   1.24e+00   8.60e-01   3.53e+00   0.00e+00 (  1.70e+02,  2.37e+02)
75      0.236   7.31e-01   1.29e+00   9.52e-01   3.63e+00   0.00e+00 (  1.60e+02,  2.26e+02)
80      0.227   7.36e-01   1.28e+00   9.67e-01   3.67e+00   0.00e+00 (  1.51e+02,  2.14e+02)
85      0.302   7.46e-01   1.32e+00   9.60e-01   5.90e+00   0.00e+00 (  1.28e+02,  2.03e+02)
90      0.622   1.40e+00   1.95e+00   1.24e+00   2.21e+01   0.00e+00 (  3.12e+02,  1.92e+02)
95      0.653   1.14e+00   1.63e+00   1.31e+00   4.13e+01   0.00e+00 (  5.98e+02,  1.83e+02)
40 e: 1.363e-04 i: 3.846e-04 :: e: 3.571e-02 i: 2.987e-02 :: n: 2.762e+01 e:23.969 i:30.114 v:4.993e+03
>>> tau_he = 5.000000, nhe(0)=3.459409e+00
 5     -0.047   1.73e-02   4.92e-01   8.14e-03  -2.20e-01   0.00e+00 (  1.08e+01,  5.29e+01)
10     -0.111   1.40e-01   7.18e-02  -5.99e-03  -6.64e-01   0.00e+00 (  9.10e+01,  1.03e+02)
15      0.394   5.34e-01   5.40e-01   1.09e-01   2.82e+00   0.00e+00 (  3.08e+02,  1.42e+02)
20      0.063   2.01e-01   1.76e-01  -5.02e-02   5.24e-01   0.00e+00 (  1.27e+02,  1.73e+02)
25      0.082   2.08e-01   1.99e-01   5.36e-03   7.56e-01   0.00e+00 (  1.35e+02,  2.02e+02)
30      0.175   3.76e-01   4.11e-01   1.75e-01   1.79e+00   0.00e+00 (  2.26e+02,  2.25e+02)
35      0.156   3.82e-01   4.58e-01   1.92e-01   1.73e+00   0.00e+00 (  2.24e+02,  2.42e+02)
40      0.148   3.98e-01   5.31e-01   1.81e-01   1.75e+00   0.00e+00 (  2.22e+02,  2.55e+02)
45      0.168   4.47e-01   6.48e-01   2.57e-01   2.11e+00   0.00e+00 (  2.19e+02,  2.63e+02)
50      0.185   5.10e-01   7.95e-01   3.37e-01   2.44e+00   0.00e+00 (  2.13e+02,  2.64e+02)
55      0.196   5.64e-01   9.29e-01   4.64e-01   2.69e+00   0.00e+00 (  2.02e+02,  2.62e+02)
60      0.207   6.14e-01   1.04e+00   5.90e-01   2.96e+00   0.00e+00 (  1.91e+02,  2.56e+02)
65      0.183   5.93e-01   9.80e-01   6.24e-01   2.69e+00   0.00e+00 (  1.62e+02,  2.47e+02)
70      0.234   7.01e-01   1.23e+00   8.56e-01   3.52e+00   0.00e+00 (  1.69e+02,  2.37e+02)
75      0.236   7.28e-01   1.28e+00   9.49e-01   3.63e+00   0.00e+00 (  1.59e+02,  2.26e+02)
80      0.231   7.25e-01   1.29e+00   9.69e-01   3.73e+00   0.00e+00 (  1.49e+02,  2.14e+02)
85      0.302   7.45e-01   1.32e+00   9.59e-01   5.90e+00   0.00e+00 (  1.27e+02,  2.03e+02)
90      0.622   1.40e+00   1.95e+00   1.24e+00   2.21e+01   0.00e+00 (  3.12e+02,  1.92e+02)
95      0.653   1.14e+00   1.63e+00   1.31e+00   4.13e+01   0.00e+00 (  5.98e+02,  1.83e+02)
41 e: 5.902e-04 i: 1.895e-03 :: e: 4.901e-02 i: 4.189e-02 :: n: 2.762e+01 e:23.964 i:30.188 v:4.993e+03
>>> tau_he = 5.000000, nhe(0)=3.463328e+00
 5     -0.048   1.75e-02   4.88e-01   8.23e-03  -2.24e-01   0.00e+00 (  1.10e+01,  5.29e+01)
10     -0.105   1.42e-01   7.41e-02  -7.04e-03  -6.25e-01   0.00e+00 (  9.14e+01,  1.03e+02)
15      0.046   1.82e-01   1.02e-01  -3.92e-02   3.27e-01   0.00e+00 (  1.01e+02,  1.42e+02)
20      0.316   4.43e-01   4.73e-01   1.69e-01   2.60e+00   0.00e+00 (  2.83e+02,  1.73e+02)
25      0.307   4.05e-01   4.39e-01   2.14e-01   2.85e+00   0.00e+00 (  2.68e+02,  2.02e+02)
30      0.177   3.78e-01   4.14e-01   1.78e-01   1.81e+00   0.00e+00 (  2.29e+02,  2.25e+02)
35      0.157   3.82e-01   4.59e-01   1.92e-01   1.74e+00   0.00e+00 (  2.25e+02,  2.42e+02)
40      0.148   3.98e-01   5.32e-01   1.81e-01   1.76e+00   0.00e+00 (  2.22e+02,  2.55e+02)
45      0.168   4.46e-01   6.48e-01   2.58e-01   2.12e+00   0.00e+00 (  2.19e+02,  2.63e+02)
50      0.185   5.10e-01   7.94e-01   3.37e-01   2.45e+00   0.00e+00 (  2.13e+02,  2.64e+02)
55      0.196   5.64e-01   9.27e-01   4.63e-01   2.69e+00   0.00e+00 (  2.02e+02,  2.62e+02)
60      0.209   6.12e-01   1.05e+00   5.92e-01   2.98e+00   0.00e+00 (  1.90e+02,  2.56e+02)
65      0.225   6.62e-01   1.16e+00   7.38e-01   3.30e+00   0.00e+00 (  1.81e+02,  2.47e+02)
70      0.234   7.01e-01   1.23e+00   8.56e-01   3.52e+00   0.00e+00 (  1.69e+02,  2.37e+02)
75      0.235   7.27e-01   1.28e+00   9.47e-01   3.62e+00   0.00e+00 (  1.59e+02,  2.26e+02)
80      0.227   7.32e-01   1.28e+00   9.63e-01   3.67e+00   0.00e+00 (  1.50e+02,  2.14e+02)
85      0.301   7.44e-01   1.31e+00   9.57e-01   5.89e+00   0.00e+00 (  1.27e+02,  2.03e+02)
90      0.622   1.40e+00   1.95e+00   1.24e+00   2.21e+01   0.00e+00 (  3.12e+02,  1.92e+02)
95      0.653   1.14e+00   1.63e+00   1.31e+00   4.13e+01   0.00e+00 (  5.98e+02,  1.83e+02)
42 e: 5.545e-04 i: 1.713e-03 :: e: 4.342e-02 i: 3.486e-02 :: n: 2.762e+01 e:23.976 i:30.075 v:4.993e+03
>>> tau_he = 5.000000, nhe(0)=3.457445e+00
 5     -0.047   1.74e-02   4.88e-01   8.28e-03  -2.22e-01   0.00e+00 (  1.10e+01,  5.29e+01)
10     -0.111   1.41e-01   7.33e-02  -6.92e-03  -6.63e-01   0.00e+00 (  9.16e+01,  1.03e+02)
15      0.394   5.14e-01   5.25e-01   1.05e-01   2.82e+00   0.00e+00 (  2.93e+02,  1.42e+02)
20      0.064   1.97e-01   1.74e-01  -3.38e-02   5.26e-01   0.00e+00 (  1.23e+02,  1.73e+02)
25      0.197   3.85e-01   4.18e-01   1.37e-01   1.83e+00   0.00e+00 (  2.50e+02,  2.02e+02)
30      0.176   3.78e-01   4.14e-01   1.77e-01   1.80e+00   0.00e+00 (  2.29e+02,  2.25e+02)
35      0.160   3.89e-01   4.63e-01   2.00e-01   1.77e+00   0.00e+00 (  2.29e+02,  2.42e+02)
40      0.148   3.99e-01   5.33e-01   1.82e-01   1.76e+00   0.00e+00 (  2.23e+02,  2.55e+02)
45      0.169   4.48e-01   6.51e-01   2.58e-01   2.12e+00   0.00e+00 (  2.20e+02,  2.63e+02)
50      0.186   5.11e-01   7.97e-01   3.38e-01   2.45e+00   0.00e+00 (  2.14e+02,  2.64e+02)
55      0.196   5.65e-01   9.30e-01   4.64e-01   2.69e+00   0.00e+00 (  2.03e+02,  2.62e+02)
60      0.208   6.15e-01   1.05e+00   5.91e-01   2.96e+00   0.00e+00 (  1.91e+02,  2.56e+02)
65      0.224   6.62e-01   1.16e+00   7.37e-01   3.28e+00   0.00e+00 (  1.81e+02,  2.47e+02)
70      0.234   7.01e-01   1.23e+00   8.56e-01   3.52e+00   0.00e+00 (  1.69e+02,  2.37e+02)
75      0.235   7.27e-01   1.28e+00   9.47e-01   3.62e+00   0.00e+00 (  1.59e+02,  2.26e+02)
80      0.227   7.33e-01   1.28e+00   9.63e-01   3.67e+00   0.00e+00 (  1.50e+02,  2.14e+02)
85      0.301   7.44e-01   1.31e+00   9.56e-01   5.89e+00   0.00e+00 (  1.27e+02,  2.03e+02)
90      0.622   1.40e+00   1.95e+00   1.24e+00   2.21e+01   0.00e+00 (  3.12e+02,  1.92e+02)
95      0.653   1.14e+00   1.63e+00   1.31e+00   4.13e+01   0.00e+00 (  5.98e+02,  1.83e+02)
43 e: 2.725e-04 i: 9.869e-04 :: e: 3.713e-02 i: 3.055e-02 :: n: 2.762e+01 e:23.867 i:30.025 v:4.993e+03
>>> tau_he = 5.000000, nhe(0)=3.454740e+00
 5     -0.048   1.73e-02   4.80e-01   8.20e-03  -2.24e-01   0.00e+00 (  1.09e+01,  5.29e+01)
10     -0.107   1.41e-01   7.51e-02  -7.80e-03  -6.37e-01   0.00e+00 (  9.06e+01,  1.03e+02)
15      0.047   1.79e-01   9.95e-02  -3.74e-02   3.37e-01   0.00e+00 (  9.86e+01,  1.42e+02)
20      0.065   1.99e-01   1.75e-01  -4.11e-02   5.37e-01   0.00e+00 (  1.24e+02,  1.73e+02)
25      0.082   2.07e-01   1.98e-01   1.06e-02   7.56e-01   0.00e+00 (  1.33e+02,  2.02e+02)
30      0.177   3.78e-01   4.12e-01   1.76e-01   1.81e+00   0.00e+00 (  2.28e+02,  2.25e+02)
35      0.157   3.83e-01   4.60e-01   1.93e-01   1.74e+00   0.00e+00 (  2.26e+02,  2.42e+02)
40      0.149   3.99e-01   5.33e-01   1.81e-01   1.77e+00   0.00e+00 (  2.23e+02,  2.55e+02)
45      0.169   4.48e-01   6.50e-01   2.58e-01   2.13e+00   0.00e+00 (  2.20e+02,  2.63e+02)
50      0.186   5.11e-01   7.96e-01   3.38e-01   2.46e+00   0.00e+00 (  2.13e+02,  2.64e+02)
55      0.196   5.65e-01   9.29e-01   4.64e-01   2.70e+00   0.00e+00 (  2.02e+02,  2.62e+02)
60      0.210   6.12e-01   1.05e+00   5.93e-01   2.99e+00   0.00e+00 (  1.91e+02,  2.56e+02)
65      0.224   6.61e-01   1.16e+00   7.35e-01   3.29e+00   0.00e+00 (  1.81e+02,  2.47e+02)
70      0.234   7.01e-01   1.23e+00   8.56e-01   3.52e+00   0.00e+00 (  1.69e+02,  2.37e+02)
75      0.236   7.28e-01   1.28e+00   9.48e-01   3.63e+00   0.00e+00 (  1.59e+02,  2.26e+02)
80      0.231   7.25e-01   1.28e+00   9.69e-01   3.74e+00   0.00e+00 (  1.48e+02,  2.14e+02)
85      0.302   7.44e-01   1.32e+00   9.58e-01   5.90e+00   0.00e+00 (  1.27e+02,  2.03e+02)
90      0.622   1.40e+00   1.95e+00   1.24e+00   2.21e+01   0.00e+00 (  3.12e+02,  1.92e+02)
95      0.653   1.14e+00   1.63e+00   1.31e+00   4.13e+01   0.00e+00 (  5.98e+02,  1.83e+02)
44 e: 1.520e-04 i: 4.076e-04 :: e: 3.684e-02 i: 2.917e-02 :: n: 2.762e+01 e:23.993 i:30.096 v:4.993e+03
>>> tau_he = 5.000000, nhe(0)=3.458438e+00
 5     -0.047   1.73e-02   4.88e-01   8.25e-03  -2.20e-01   0.00e+00 (  1.09e+01,  5.29e+01)
10     -0.107   1.41e-01   7.30e-02  -6.56e-03  -6.42e-01   0.00e+00 (  9.11e+01,  1.03e+02)
15      0.044   1.83e-01   1.05e-01  -4.17e-02   3.12e-01   0.00e+00 (  1.03e+02,  1.42e+02)
20      0.313   4.40e-01   4.70e-01   1.69e-01   2.59e+00   0.00e+00 (  2.81e+02,  1.73e+02)
25      0.281   3.89e-01   4.24e-01   2.01e-01   2.61e+00   0.00e+00 (  2.54e+02,  2.02e+02)
30      0.176   3.78e-01   4.14e-01   1.78e-01   1.80e+00   0.00e+00 (  2.28e+02,  2.25e+02)
35      0.156   3.82e-01   4.60e-01   1.93e-01   1.73e+00   0.00e+00 (  2.25e+02,  2.42e+02)
40      0.148   3.99e-01   5.34e-01   1.82e-01   1.76e+00   0.00e+00 (  2.23e+02,  2.55e+02)
45      0.168   4.48e-01   6.52e-01   2.59e-01   2.12e+00   0.00e+00 (  2.20e+02,  2.63e+02)
50      0.185   5.11e-01   7.99e-01   3.39e-01   2.45e+00   0.00e+00 (  2.14e+02,  2.64e+02)
55      0.196   5.66e-01   9.32e-01   4.65e-01   2.69e+00   0.00e+00 (  2.03e+02,  2.62e+02)
60      0.207   6.15e-01   1.05e+00   5.92e-01   2.96e+00   0.00e+00 (  1.92e+02,  2.56e+02)
65      0.223   6.61e-01   1.15e+00   7.35e-01   3.27e+00   0.00e+00 (  1.81e+02,  2.47e+02)
70      0.233   7.01e-01   1.23e+00   8.56e-01   3.50e+00   0.00e+00 (  1.69e+02,  2.37e+02)
75      0.234   7.28e-01   1.28e+00   9.48e-01   3.61e+00   0.00e+00 (  1.59e+02,  2.26e+02)
80      0.227   7.33e-01   1.28e+00   9.64e-01   3.67e+00   0.00e+00 (  1.50e+02,  2.14e+02)
85      0.301   7.44e-01   1.31e+00   9.56e-01   5.88e+00   0.00e+00 (  1.27e+02,  2.03e+02)
90      0.621   1.40e+00   1.95e+00   1.24e+00   2.21e+01   0.00e+00 (  3.12e+02,  1.92e+02)
95      0.653   1.14e+00   1.63e+00   1.31e+00   4.13e+01   0.00e+00 (  5.98e+02,  1.83e+02)
45 e: 4.946e-04 i: 1.488e-03 :: e: 3.813e-02 i: 3.138e-02 :: n: 2.762e+01 e:23.939 i:30.040 v:4.993e+03
>>> tau_he = 5.000000, nhe(0)=3.455557e+00
 5     -0.047   1.73e-02   4.89e-01   8.15e-03  -2.20e-01   0.00e+00 (  1.09e+01,  5.29e+01)
10     -0.114   1.40e-01   7.22e-02  -6.44e-03  -6.82e-01   0.00e+00 (  9.12e+01,  1.03e+02)
15      0.392   5.31e-01   5.38e-01   1.09e-01   2.80e+00   0.00e+00 (  3.06e+02,  1.42e+02)
20      0.063   1.95e-01   1.73e-01  -3.27e-02   5.21e-01   0.00e+00 (  1.22e+02,  1.73e+02)
25      0.080   2.04e-01   1.97e-01   1.38e-02   7.42e-01   0.00e+00 (  1.31e+02,  2.02e+02)
30      0.175   3.76e-01   4.10e-01   1.75e-01   1.79e+00   0.00e+00 (  2.26e+02,  2.25e+02)
35      0.156   3.81e-01   4.58e-01   1.92e-01   1.73e+00   0.00e+00 (  2.24e+02,  2.42e+02)
40      0.148   3.98e-01   5.31e-01   1.81e-01   1.75e+00   0.00e+00 (  2.21e+02,  2.55e+02)
45      0.168   4.46e-01   6.47e-01   2.57e-01   2.11e+00   0.00e+00 (  2.19e+02,  2.63e+02)
50      0.185   5.09e-01   7.94e-01   3.37e-01   2.44e+00   0.00e+00 (  2.12e+02,  2.64e+02)
55      0.195   5.63e-01   9.27e-01   4.63e-01   2.69e+00   0.00e+00 (  2.02e+02,  2.62e+02)
60      0.207   6.13e-01   1.04e+00   5.89e-01   2.96e+00   0.00e+00 (  1.90e+02,  2.56e+02)
65      0.223   6.59e-01   1.15e+00   7.31e-01   3.27e+00   0.00e+00 (  1.79e+02,  2.47e+02)
70      0.234   6.99e-01   1.23e+00   8.53e-01   3.51e+00   0.00e+00 (  1.68e+02,  2.37e+02)
75      0.235   7.27e-01   1.28e+00   9.46e-01   3.62e+00   0.00e+00 (  1.59e+02,  2.26e+02)
80      0.231   7.24e-01   1.28e+00   9.68e-01   3.74e+00   0.00e+00 (  1.48e+02,  2.14e+02)
85      0.302   7.44e-01   1.31e+00   9.57e-01   5.90e+00   0.00e+00 (  1.26e+02,  2.03e+02)
90      0.622   1.40e+00   1.95e+00   1.24e+00   2.21e+01   0.00e+00 (  3.12e+02,  1.92e+02)
95      0.653   1.14e+00   1.63e+00   1.31e+00   4.13e+01   0.00e+00 (  5.98e+02,  1.83e+02)
46 e: 5.761e-04 i: 1.938e-03 :: e: 4.424e-02 i: 3.401e-02 :: n: 2.762e+01 e:23.911 i:30.062 v:4.993e+03
>>> tau_he = 5.000000, nhe(0)=3.456646e+00
 5     -0.047   1.73e-02   4.83e-01   8.21e-03  -2.23e-01   0.00e+00 (  1.09e+01,  5.29e+01)
10     -0.106   1.41e-01   7.40e-02  -7.28e-03  -6.33e-01   0.00e+00 (  9.09e+01,  1.03e+02)
15      0.046   1.81e-01   1.01e-01  -3.89e-02   3.27e-01   0.00e+00 (  1.00e+02,  1.42e+02)
20      0.065   2.01e-01   1.76e-01  -4.60e-02   5.35e-01   0.00e+00 (  1.26e+02,  1.73e+02)
25      0.284   3.90e-01   4.25e-01   2.01e-01   2.63e+00   0.00e+00 (  2.55e+02,  2.02e+02)
30      0.177   3.78e-01   4.14e-01   1.77e-01   1.81e+00   0.00e+00 (  2.28e+02,  2.25e+02)
35      0.157   3.82e-01   4.59e-01   1.92e-01   1.74e+00   0.00e+00 (  2.25e+02,  2.42e+02)
40      0.148   3.98e-01   5.32e-01   1.82e-01   1.76e+00   0.00e+00 (  2.22e+02,  2.55e+02)
45      0.169   4.47e-01   6.50e-01   2.58e-01   2.12e+00   0.00e+00 (  2.19e+02,  2.63e+02)
50      0.186   5.10e-01   7.97e-01   3.38e-01   2.45e+00   0.00e+00 (  2.13e+02,  2.64e+02)
55      0.196   5.64e-01   9.30e-01   4.64e-01   2.70e+00   0.00e+00 (  2.02e+02,  2.62e+02)
60      0.209   6.11e-01   1.05e+00   5.92e-01   2.98e+00   0.00e+00 (  1.90e+02,  2.56e+02)
65      0.222   6.59e-01   1.15e+00   7.31e-01   3.26e+00   0.00e+00 (  1.79e+02,  2.47e+02)
70      0.233   7.00e-01   1.23e+00   8.54e-01   3.51e+00   0.00e+00 (  1.68e+02,  2.37e+02)
75      0.235   7.27e-01   1.28e+00   9.46e-01   3.62e+00   0.00e+00 (  1.59e+02,  2.26e+02)
80      0.227   7.32e-01   1.28e+00   9.63e-01   3.67e+00   0.00e+00 (  1.50e+02,  2.14e+02)
85      0.301   7.43e-01   1.31e+00   9.56e-01   5.89e+00   0.00e+00 (  1.26e+02,  2.03e+02)
90      0.621   1.40e+00   1.95e+00   1.24e+00   2.21e+01   0.00e+00 (  3.12e+02,  1.92e+02)
95      0.653   1.14e+00   1.63e+00   1.31e+00   4.13e+01   0.00e+00 (  5.98e+02,  1.83e+02)
47 e: 2.268e-04 i: 8.350e-04 :: e: 3.233e-02 i: 2.576e-02 :: n: 2.762e+01 e:23.987 i:30.096 v:4.993e+03
>>> tau_he = 5.000000, nhe(0)=3.458505e+00
 5     -0.047   1.73e-02   4.89e-01   8.14e-03  -2.21e-01   0.00e+00 (  1.09e+01,  5.29e+01)
10     -0.111   1.41e-01   7.28e-02  -6.54e-03  -6.61e-01   0.00e+00 (  9.15e+01,  1.03e+02)
15      0.380   5.23e-01   5.32e-01   1.05e-01   2.72e+00   0.00e+00 (  2.98e+02,  1.42e+02)
20      0.312   4.38e-01   4.69e-01   1.69e-01   2.58e+00   0.00e+00 (  2.80e+02,  1.73e+02)
25      0.081   2.08e-01   1.99e-01   5.54e-03   7.49e-01   0.00e+00 (  1.35e+02,  2.02e+02)
30      0.175   3.77e-01   4.12e-01   1.76e-01   1.79e+00   0.00e+00 (  2.28e+02,  2.25e+02)
35      0.159   3.88e-01   4.61e-01   1.99e-01   1.76e+00   0.00e+00 (  2.28e+02,  2.42e+02)
40      0.147   3.98e-01   5.32e-01   1.81e-01   1.75e+00   0.00e+00 (  2.22e+02,  2.55e+02)
45      0.168   4.47e-01   6.50e-01   2.58e-01   2.11e+00   0.00e+00 (  2.19e+02,  2.63e+02)
50      0.185   5.10e-01   7.96e-01   3.38e-01   2.44e+00   0.00e+00 (  2.13e+02,  2.64e+02)
55      0.195   5.64e-01   9.29e-01   4.64e-01   2.69e+00   0.00e+00 (  2.02e+02,  2.62e+02)
60      0.207   6.13e-01   1.05e+00   5.90e-01   2.95e+00   0.00e+00 (  1.91e+02,  2.56e+02)
65      0.183   5.94e-01   9.82e-01   6.25e-01   2.68e+00   0.00e+00 (  1.62e+02,  2.47e+02)
70      0.233   6.99e-01   1.23e+00   8.53e-01   3.50e+00   0.00e+00 (  1.68e+02,  2.37e+02)
75      0.234   7.27e-01   1.28e+00   9.46e-01   3.61e+00   0.00e+00 (  1.59e+02,  2.26e+02)
80      0.227   7.32e-01   1.28e+00   9.62e-01   3.67e+00   0.00e+00 (  1.50e+02,  2.14e+02)
85      0.301   7.43e-01   1.31e+00   9.55e-01   5.89e+00   0.00e+00 (  1.26e+02,  2.03e+02)
90      0.621   1.40e+00   1.95e+00   1.24e+00   2.21e+01   0.00e+00 (  3.11e+02,  1.92e+02)
95      0.653   1.14e+00   1.63e+00   1.31e+00   4.13e+01   0.00e+00 (  5.98e+02,  1.83e+02)
48 e: 5.348e-04 i: 1.907e-03 :: e: 5.234e-02 i: 4.652e-02 :: n: 2.762e+01 e:23.867 i:30.027 v:4.993e+03
>>> tau_he = 5.000000, nhe(0)=3.454826e+00
 5     -0.048   1.73e-02   4.81e-01   8.20e-03  -2.24e-01   0.00e+00 (  1.09e+01,  5.29e+01)
10     -0.108   1.41e-01   7.51e-02  -7.80e-03  -6.45e-01   0.00e+00 (  9.09e+01,  1.03e+02)
15      0.047   1.79e-01   9.83e-02  -3.66e-02   3.36e-01   0.00e+00 (  9.79e+01,  1.42e+02)
20      0.062   1.92e-01   1.72e-01  -2.65e-02   5.12e-01   0.00e+00 (  1.19e+02,  1.73e+02)
25      0.285   3.91e-01   4.26e-01   2.02e-01   2.64e+00   0.00e+00 (  2.56e+02,  2.02e+02)
30      0.177   3.79e-01   4.14e-01   1.77e-01   1.81e+00   0.00e+00 (  2.29e+02,  2.25e+02)
35      0.157   3.82e-01   4.58e-01   1.92e-01   1.74e+00   0.00e+00 (  2.25e+02,  2.42e+02)
40      0.148   3.98e-01   5.31e-01   1.81e-01   1.76e+00   0.00e+00 (  2.22e+02,  2.55e+02)
45      0.169   4.46e-01   6.47e-01   2.57e-01   2.12e+00   0.00e+00 (  2.19e+02,  2.63e+02)
50      0.186   5.09e-01   7.93e-01   3.37e-01   2.45e+00   0.00e+00 (  2.12e+02,  2.64e+02)
55      0.196   5.63e-01   9.26e-01   4.62e-01   2.70e+00   0.00e+00 (  2.01e+02,  2.62e+02)
60      0.210   6.11e-01   1.05e+00   5.92e-01   2.99e+00   0.00e+00 (  1.90e+02,  2.56e+02)
65      0.225   6.63e-01   1.16e+00   7.38e-01   3.31e+00   0.00e+00 (  1.81e+02,  2.47e+02)
70      0.234   7.00e-01   1.23e+00   8.55e-01   3.52e+00   0.00e+00 (  1.68e+02,  2.37e+02)
75      0.235   7.26e-01   1.28e+00   9.45e-01   3.62e+00   0.00e+00 (  1.58e+02,  2.26e+02)
80      0.231   7.23e-01   1.28e+00   9.67e-01   3.74e+00   0.00e+00 (  1.48e+02,  2.14e+02)
85      0.302   7.43e-01   1.31e+00   9.56e-01   5.90e+00   0.00e+00 (  1.26e+02,  2.03e+02)
90      0.622   1.40e+00   1.95e+00   1.24e+00   2.21e+01   0.00e+00 (  3.11e+02,  1.92e+02)
95      0.653   1.14e+00   1.63e+00   1.31e+00   4.13e+01   0.00e+00 (  5.98e+02,  1.83e+02)
49 e: 2.426e-04 i: 8.691e-04 :: e: 3.647e-02 i: 2.951e-02 :: n: 2.762e+01 e:23.970 i:30.009 v:4.993e+03
 plasma volume = 148.924558
 stored energy(e,i,b,a) = 5.812342e+01 5.385779e+01 0.000000e+00 0.000000e+00
 betan = 1.269350
*power
 Pnb(e,i) = 0.000000e+00 0.000000e+00
 Prf(e,i) = 1.243306e+01 2.757816e+01
 Prad     = -1.126564e+01 
 Pei      = -8.275608e+00 
 Pfuse    = 5.641279e+01 
 Pfusi    = 2.035300e+01 
 Poh      = 0.000000e+00 
*confinement time
 taut, tauITER98y2, H98y2 : 1.061319e+00 1.265738e+00 8.384983e-01
 taue, taui : 1.178864e+00 1.881257e+00
 taut, tau89, H89 : 1.061319e+00 6.721314e-01 1.579035e+00
*temperature
 nea, nebar : 1.865647e+01 2.142803e+01 
 tea, tia : 7.548797e+00 7.333358e+00 (1.029378e+00)
 te0, ti0 : 2.085717e+01 2.283604e+01 (9.133445e-01)
 Sn : 0.000000e+00 
*current balance
 Ip,Ibs,Inb,Irf: 1.000000e+01 2.006441e+00 0.000000e+00 3.570374e-01
 fni,fbs: 0.236 0.201

 plasma volume = 148.924558
 stored energy(e,i,b,a) = 5.812342e+01 5.385779e+01 0.000000e+00 0.000000e+00
 betan = 1.269350
*power
 Pnb(e,i) = 0.000000e+00 0.000000e+00
 Prf(e,i) = 1.243306e+01 2.757816e+01
 Prad     = -1.126564e+01 
 Pei      = -8.275608e+00 
 Pfuse    = 5.641279e+01 
 Pfusi    = 2.035300e+01 
 Poh      = 0.000000e+00 
*confinement time
 taut, tauITER98y2, H98y2 : 1.061319e+00 1.265738e+00 8.384983e-01
 taue, taui : 1.178864e+00 1.881257e+00
 taut, tau89, H89 : 1.061319e+00 6.721314e-01 1.579035e+00
*temperature
 nea, nebar : 1.865647e+01 2.142803e+01 
 tea, tia : 7.548797e+00 7.333358e+00 (1.029378e+00)
 te0, ti0 : 2.085717e+01 2.283604e+01 (9.133445e-01)
 Sn : 0.000000e+00 
*current balance
 Ip,Ibs,Inb,Irf: 1.000000e+01 2.006441e+00 0.000000e+00 3.570374e-01
 fni,fbs: 0.236 0.201
 ELAPASED TIME = 1917 sec

finalize
