========================================================================
= FASTRAN

nonlinear model = 0
ichi = 0
ineo = 0
reading state...
read formatted input, inprof...
init geometry...
read formatted input, inmetric...
nrho in inmetric = 101
rhob in inmetric = 1.260963e+00
solve avg grad-shafranv...
solve_avg_gs::Ip_temp = 9.995492e+00 
solve_avg_gs::Ip      = 1.000000e+01 
>>> tau_he = 5.000000, nhe(0)=2.306685e+00

 plasma volume = 147.829064
 stored energy(e,i,b) = 4.726621e+01 4.165053e+01 0.000000e+00
 betan = 1.013829
*power
 Pnb(e,i) = 0.000000e+00 0.000000e+00
 Prf(e,i) = 1.234998e+01 2.766684e+01
 Prad     = -3.834027e+01 
 Pei      = 5.697000e+00 
 Pfuse    = 3.680384e+01 
 Pfusi    = 1.099601e+01 
 Poh      = 0.000000e+00 
*confinement time
 taut, tauITER98y2, H98y2 : 1.797155e+00 2.126281e+00 8.452104e-01
 taue, taui : 2.862789e+00 7.860052e+00
 taut, tau89, H89 : 1.797155e+00 9.791658e-01 1.835394e+00
*temperature
 nea, nebar : 1.864533e+01 2.143676e+01 
 tea, tia : 6.137668e+00 6.286969e+00 (9.762524e-01)
 te0, ti0 : 1.884555e+01 2.141782e+01 (8.799006e-01)
 Sn : 0.000000e+00 
*current balance
 Ip,Ibs,Inb,Irf: 1.000000e+01 1.654895e+00 0.000000e+00 1.395932e-01
 fni,fbs: 0.179 0.165

Time advancing...
rho_bdry 0.950000 ...
te_bdry = 1.923139
ti_bdry = 1.923358
ne_bdry = 11.710562
rv_bdry = 100.762170
nrho_tr_bdry = 19
drho_bdry = 0.000000e+00
nrhob = 95
 [    0] t = 0.0000 
>>> tau_he = 5.000000, nhe(0)=2.286511e+00
 5     -0.001   4.15e-03   1.37e-01   2.03e-03  -6.66e-03   0.00e+00 (  6.91e-01,  4.22e+01)
10     -0.000   1.25e-02   4.90e-02  -2.14e-03  -1.81e-03   0.00e+00 (  3.87e+00,  8.16e+01)
15      0.008   3.20e-02  -3.08e-02  -8.85e-03   5.98e-02   0.00e+00 (  1.39e+01,  1.16e+02)
20      0.024   7.61e-02   7.73e-03   1.32e-02   1.99e-01   0.00e+00 (  4.02e+01,  1.39e+02)
25      0.036   1.36e-01   1.14e-01   2.97e-02   3.39e-01   0.00e+00 (  8.09e+01,  1.55e+02)
30      0.045   1.73e-01   1.75e-01   4.61e-02   4.69e-01   0.00e+00 (  1.08e+02,  1.62e+02)
35      0.048   1.93e-01   2.09e-01   8.24e-02   5.42e-01   0.00e+00 (  1.08e+02,  1.60e+02)
40      0.082   2.47e-01   3.32e-01   1.57e-01   9.80e-01   0.00e+00 (  1.22e+02,  1.51e+02)
45      0.106   2.74e-01   4.09e-01   1.67e-01   1.34e+00   0.00e+00 (  1.17e+02,  1.39e+02)
50      0.125   3.00e-01   5.00e-01   2.06e-01   1.66e+00   0.00e+00 (  1.10e+02,  1.24e+02)
55      0.144   3.32e-01   6.00e-01   3.07e-01   1.99e+00   0.00e+00 (  1.05e+02,  1.10e+02)
60      0.146   3.41e-01   6.22e-01   3.84e-01   2.09e+00   0.00e+00 (  9.48e+01,  9.73e+01)
65      0.156   3.63e-01   6.85e-01   4.78e-01   2.29e+00   0.00e+00 (  8.69e+01,  8.56e+01)
70      0.173   3.98e-01   7.85e-01   5.99e-01   2.60e+00   0.00e+00 (  8.19e+01,  7.55e+01)
75      0.172   4.05e-01   7.95e-01   6.49e-01   2.64e+00   0.00e+00 (  7.46e+01,  6.73e+01)
80      0.162   4.03e-01   7.73e-01   6.54e-01   2.61e+00   0.00e+00 (  6.84e+01,  6.08e+01)
85      0.157   3.92e-01   7.35e-01   6.15e-01   3.06e+00   0.00e+00 (  6.30e+01,  5.59e+01)
90      0.172   4.05e-01   6.37e-01   4.40e-01   6.09e+00   0.00e+00 (  6.34e+01,  5.21e+01)
95      0.171   3.57e-01   5.23e-01   3.60e-01   1.07e+01   0.00e+00 (  1.20e+02,  4.82e+01)
 0 e: 3.661e-07 i: 3.692e-06 :: e: 0.000e+00 i: 0.000e+00 :: n: 2.762e+01 e:18.846 i:21.418 v:4.993e+03
>>> tau_he = 5.000000, nhe(0)=2.282702e+00
 5     -0.001   4.34e-03   1.62e-01   2.31e-03  -5.66e-03   0.00e+00 (  7.17e-01,  4.22e+01)
10     -0.000   1.25e-02   5.12e-02  -1.44e-03  -5.03e-05   0.00e+00 (  3.89e+00,  8.16e+01)
15      0.010   3.66e-02  -2.31e-02  -6.09e-03   6.87e-02   0.00e+00 (  1.61e+01,  1.16e+02)
20      0.026   7.81e-02   1.25e-02   1.39e-02   2.12e-01   0.00e+00 (  4.16e+01,  1.39e+02)
25      0.036   1.36e-01   1.14e-01   2.97e-02   3.36e-01   0.00e+00 (  8.08e+01,  1.55e+02)
30      0.042   1.71e-01   1.72e-01   4.74e-02   4.33e-01   0.00e+00 (  1.05e+02,  1.62e+02)
35      0.049   1.94e-01   2.11e-01   8.17e-02   5.53e-01   0.00e+00 (  1.09e+02,  1.60e+02)
40      0.081   2.45e-01   3.30e-01   1.57e-01   9.68e-01   0.00e+00 (  1.21e+02,  1.51e+02)
45      0.106   2.74e-01   4.09e-01   1.67e-01   1.34e+00   0.00e+00 (  1.17e+02,  1.39e+02)
50      0.125   3.00e-01   5.02e-01   2.07e-01   1.67e+00   0.00e+00 (  1.10e+02,  1.24e+02)
55      0.106   2.85e-01   4.59e-01   2.49e-01   1.47e+00   0.00e+00 (  8.98e+01,  1.10e+02)
60      0.145   3.41e-01   6.20e-01   3.83e-01   2.08e+00   0.00e+00 (  9.44e+01,  9.73e+01)
65      0.156   3.64e-01   6.86e-01   4.79e-01   2.30e+00   0.00e+00 (  8.70e+01,  8.56e+01)
70      0.172   3.97e-01   7.83e-01   5.97e-01   2.59e+00   0.00e+00 (  8.16e+01,  7.55e+01)
75      0.171   4.05e-01   7.93e-01   6.47e-01   2.63e+00   0.00e+00 (  7.44e+01,  6.73e+01)
80      0.162   4.04e-01   7.73e-01   6.54e-01   2.61e+00   0.00e+00 (  6.85e+01,  6.08e+01)
85      0.158   3.95e-01   7.41e-01   6.21e-01   3.09e+00   0.00e+00 (  6.38e+01,  5.59e+01)
90      0.172   4.05e-01   6.39e-01   4.43e-01   6.09e+00   0.00e+00 (  6.43e+01,  5.21e+01)
95      0.171   3.57e-01   5.23e-01   3.59e-01   1.07e+01   0.00e+00 (  1.18e+02,  4.82e+01)
 1 e: 1.468e-02 i: 5.794e-02 :: e: 9.369e-03 i: 1.675e-02 :: n: 2.762e+01 e:18.863 i:21.374 v:4.993e+03
>>> tau_he = 5.000000, nhe(0)=2.499997e+00
 5     -0.005   5.48e-03   3.24e-01   3.45e-03  -2.45e-02   0.00e+00 (  1.58e+00,  4.22e+01)
10     -0.003   2.43e-02   5.72e-02   3.10e-03  -1.77e-02   0.00e+00 (  1.46e+01,  8.16e+01)
15     -0.005   1.00e-01   6.86e-02   8.17e-03  -3.84e-02   0.00e+00 (  7.84e+01,  1.16e+02)
20      0.038   1.18e-01   1.04e-01   1.04e-02   3.17e-01   0.00e+00 (  8.63e+01,  1.39e+02)
25      0.041   1.45e-01   1.37e-01   2.92e-02   3.82e-01   0.00e+00 (  9.30e+01,  1.55e+02)
30      0.045   1.64e-01   1.67e-01   4.66e-02   4.65e-01   0.00e+00 (  9.80e+01,  1.62e+02)
35      0.077   2.16e-01   2.70e-01   1.15e-01   8.65e-01   0.00e+00 (  1.19e+02,  1.60e+02)
40      0.082   2.27e-01   3.18e-01   1.65e-01   9.82e-01   0.00e+00 (  1.06e+02,  1.51e+02)
45      0.081   2.29e-01   3.28e-01   1.33e-01   1.03e+00   0.00e+00 (  9.18e+01,  1.39e+02)
50      0.123   2.83e-01   4.88e-01   2.02e-01   1.63e+00   0.00e+00 (  9.82e+01,  1.24e+02)
55      0.104   2.69e-01   4.46e-01   2.46e-01   1.44e+00   0.00e+00 (  8.03e+01,  1.10e+02)
60      0.137   3.18e-01   5.83e-01   3.62e-01   1.96e+00   0.00e+00 (  8.32e+01,  9.73e+01)
65      0.147   3.40e-01   6.43e-01   4.50e-01   2.17e+00   0.00e+00 (  7.74e+01,  8.56e+01)
70      0.163   3.73e-01   7.37e-01   5.62e-01   2.45e+00   0.00e+00 (  7.32e+01,  7.55e+01)
75      0.164   3.85e-01   7.56e-01   6.18e-01   2.52e+00   0.00e+00 (  6.85e+01,  6.73e+01)
80      0.158   3.92e-01   7.53e-01   6.38e-01   2.54e+00   0.00e+00 (  6.55e+01,  6.08e+01)
85      0.153   3.84e-01   7.21e-01   6.06e-01   2.98e+00   0.00e+00 (  6.19e+01,  5.59e+01)
90      0.161   3.80e-01   5.98e-01   4.13e-01   5.69e+00   0.00e+00 (  5.71e+01,  5.21e+01)
95      0.171   3.56e-01   5.23e-01   3.57e-01   1.07e+01   0.00e+00 (  1.15e+02,  4.82e+01)
 2 e: 2.071e-03 i: 1.391e-03 :: e: 6.374e-02 i: 7.404e-02 :: n: 2.762e+01 e:20.689 i:24.019 v:4.993e+03
>>> tau_he = 5.000000, nhe(0)=2.522294e+00
 5     -0.007   5.59e-03   3.24e-01   3.77e-03  -3.15e-02   0.00e+00 (  1.86e+00,  4.22e+01)
10     -0.024   3.30e-02   8.93e-02   7.60e-03  -1.41e-01   0.00e+00 (  2.27e+01,  8.16e+01)
15     -0.014   1.19e-01   9.18e-02   5.97e-03  -9.80e-02   0.00e+00 (  1.05e+02,  1.16e+02)
20      0.054   2.00e-01   2.77e-01   7.20e-02   4.50e-01   0.00e+00 (  1.66e+02,  1.39e+02)
25      0.037   1.50e-01   1.34e-01   2.82e-02   3.44e-01   0.00e+00 (  1.07e+02,  1.55e+02)
30      0.042   1.76e-01   1.75e-01   4.35e-02   4.36e-01   0.00e+00 (  1.14e+02,  1.62e+02)
35      0.076   2.21e-01   2.82e-01   1.19e-01   8.56e-01   0.00e+00 (  1.27e+02,  1.60e+02)
40      0.085   2.32e-01   3.34e-01   1.69e-01   1.02e+00   0.00e+00 (  1.12e+02,  1.51e+02)
45      0.107   2.62e-01   4.17e-01   1.68e-01   1.36e+00   0.00e+00 (  1.07e+02,  1.39e+02)
50      0.123   2.84e-01   5.01e-01   2.08e-01   1.64e+00   0.00e+00 (  9.89e+01,  1.24e+02)
55      0.104   2.67e-01   4.54e-01   2.48e-01   1.44e+00   0.00e+00 (  7.98e+01,  1.10e+02)
60      0.134   3.11e-01   5.80e-01   3.61e-01   1.92e+00   0.00e+00 (  8.03e+01,  9.73e+01)
65      0.142   3.30e-01   6.29e-01   4.41e-01   2.09e+00   0.00e+00 (  7.34e+01,  8.56e+01)
70      0.157   3.59e-01   7.15e-01   5.47e-01   2.36e+00   0.00e+00 (  6.88e+01,  7.55e+01)
75      0.157   3.69e-01   7.28e-01   5.96e-01   2.42e+00   0.00e+00 (  6.39e+01,  6.73e+01)
80      0.151   3.75e-01   7.22e-01   6.13e-01   2.43e+00   0.00e+00 (  6.09e+01,  6.08e+01)
85      0.146   3.67e-01   6.91e-01   5.81e-01   2.85e+00   0.00e+00 (  5.73e+01,  5.59e+01)
90      0.154   3.67e-01   5.72e-01   3.94e-01   5.46e+00   0.00e+00 (  5.28e+01,  5.21e+01)
95      0.171   3.56e-01   5.22e-01   3.56e-01   1.07e+01   0.00e+00 (  1.14e+02,  4.82e+01)
 3 e: 6.165e-04 i: 6.422e-04 :: e: 8.176e-02 i: 8.925e-02 :: n: 2.762e+01 e:21.753 i:24.351 v:4.993e+03
>>> tau_he = 5.000000, nhe(0)=2.533987e+00
 5     -0.007   5.66e-03   3.26e-01   3.74e-03  -3.30e-02   0.00e+00 (  1.90e+00,  4.22e+01)
10     -0.024   3.35e-02   8.96e-02   7.70e-03  -1.43e-01   0.00e+00 (  2.29e+01,  8.16e+01)
15     -0.040   9.59e-02   3.39e-02   2.87e-03  -2.85e-01   0.00e+00 (  8.13e+01,  1.16e+02)
20      0.019   1.30e-01   1.12e-01   1.28e-02   1.58e-01   0.00e+00 (  1.03e+02,  1.39e+02)
25      0.037   1.53e-01   1.31e-01   2.73e-02   3.46e-01   0.00e+00 (  1.08e+02,  1.55e+02)
30      0.044   1.75e-01   1.71e-01   4.09e-02   4.50e-01   0.00e+00 (  1.13e+02,  1.62e+02)
35      0.076   2.17e-01   2.75e-01   1.16e-01   8.54e-01   0.00e+00 (  1.24e+02,  1.60e+02)
40      0.086   2.28e-01   3.28e-01   1.64e-01   1.03e+00   0.00e+00 (  1.09e+02,  1.51e+02)
45      0.109   2.55e-01   4.10e-01   1.67e-01   1.38e+00   0.00e+00 (  1.03e+02,  1.39e+02)
50      0.124   2.77e-01   4.92e-01   2.05e-01   1.65e+00   0.00e+00 (  9.52e+01,  1.24e+02)
55      0.106   2.63e-01   4.50e-01   2.46e-01   1.47e+00   0.00e+00 (  7.75e+01,  1.10e+02)
60      0.134   3.04e-01   5.69e-01   3.55e-01   1.92e+00   0.00e+00 (  7.66e+01,  9.73e+01)
65      0.141   3.19e-01   6.11e-01   4.29e-01   2.07e+00   0.00e+00 (  6.92e+01,  8.56e+01)
70      0.154   3.46e-01   6.90e-01   5.29e-01   2.32e+00   0.00e+00 (  6.44e+01,  7.55e+01)
75      0.153   3.55e-01   7.00e-01   5.73e-01   2.36e+00   0.00e+00 (  5.94e+01,  6.73e+01)
80      0.147   3.60e-01   6.92e-01   5.88e-01   2.38e+00   0.00e+00 (  5.63e+01,  6.08e+01)
85      0.143   3.53e-01   6.63e-01   5.57e-01   2.78e+00   0.00e+00 (  5.30e+01,  5.59e+01)
90      0.150   3.58e-01   5.55e-01   3.80e-01   5.31e+00   0.00e+00 (  4.96e+01,  5.21e+01)
95      0.171   3.56e-01   5.22e-01   3.55e-01   1.07e+01   0.00e+00 (  1.13e+02,  4.82e+01)
 4 e: 1.231e-04 i: 2.845e-04 :: e: 7.720e-02 i: 7.873e-02 :: n: 2.762e+01 e:21.370 i:24.518 v:4.993e+03
>>> tau_he = 5.000000, nhe(0)=2.512580e+00
 5     -0.007   5.50e-03   3.21e-01   3.81e-03  -3.31e-02   0.00e+00 (  1.88e+00,  4.22e+01)
10     -0.024   3.31e-02   8.98e-02   7.77e-03  -1.45e-01   0.00e+00 (  2.27e+01,  8.16e+01)
15     -0.042   8.69e-02   3.85e-02   2.39e-03  -2.99e-01   0.00e+00 (  7.30e+01,  1.16e+02)
20      0.027   1.26e-01   1.09e-01   5.89e-03   2.28e-01   0.00e+00 (  9.98e+01,  1.39e+02)
25      0.036   1.54e-01   1.36e-01   2.85e-02   3.40e-01   0.00e+00 (  1.11e+02,  1.55e+02)
30      0.044   1.78e-01   1.79e-01   4.31e-02   4.57e-01   0.00e+00 (  1.17e+02,  1.62e+02)
35      0.077   2.20e-01   2.85e-01   1.21e-01   8.64e-01   0.00e+00 (  1.28e+02,  1.60e+02)
40      0.089   2.34e-01   3.47e-01   1.46e-01   1.07e+00   0.00e+00 (  1.14e+02,  1.51e+02)
45      0.112   2.61e-01   4.31e-01   1.75e-01   1.43e+00   0.00e+00 (  1.08e+02,  1.39e+02)
50      0.127   2.84e-01   5.16e-01   2.14e-01   1.69e+00   0.00e+00 (  9.93e+01,  1.24e+02)
55      0.145   3.14e-01   6.11e-01   3.18e-01   2.00e+00   0.00e+00 (  9.40e+01,  1.10e+02)
60      0.135   3.06e-01   5.87e-01   3.69e-01   1.94e+00   0.00e+00 (  7.82e+01,  9.73e+01)
65      0.140   3.20e-01   6.19e-01   4.36e-01   2.05e+00   0.00e+00 (  6.98e+01,  8.56e+01)
70      0.151   3.43e-01   6.90e-01   5.30e-01   2.27e+00   0.00e+00 (  6.40e+01,  7.55e+01)
75      0.149   3.49e-01   6.92e-01   5.68e-01   2.30e+00   0.00e+00 (  5.82e+01,  6.73e+01)
80      0.143   3.51e-01   6.78e-01   5.77e-01   2.30e+00   0.00e+00 (  5.44e+01,  6.08e+01)
85      0.138   3.44e-01   6.46e-01   5.43e-01   2.68e+00   0.00e+00 (  5.08e+01,  5.59e+01)
90      0.146   3.51e-01   5.41e-01   3.69e-01   5.18e+00   0.00e+00 (  4.77e+01,  5.21e+01)
95      0.170   3.56e-01   5.22e-01   3.55e-01   1.06e+01   0.00e+00 (  1.13e+02,  4.82e+01)
 5 e: 3.213e-04 i: 5.421e-05 :: e: 6.331e-02 i: 7.269e-02 :: n: 2.762e+01 e:21.516 i:24.221 v:4.993e+03
>>> tau_he = 5.000000, nhe(0)=2.513481e+00
 5     -0.007   5.49e-03   3.24e-01   3.76e-03  -3.33e-02   0.00e+00 (  1.86e+00,  4.22e+01)
10     -0.022   3.16e-02   8.43e-02   7.35e-03  -1.31e-01   0.00e+00 (  2.13e+01,  8.16e+01)
15     -0.036   8.43e-02   3.58e-02   2.82e-03  -2.57e-01   0.00e+00 (  6.90e+01,  1.16e+02)
20      0.034   1.25e-01   1.05e-01   1.33e-02   2.83e-01   0.00e+00 (  9.67e+01,  1.39e+02)
25      0.037   1.51e-01   1.30e-01   2.75e-02   3.41e-01   0.00e+00 (  1.07e+02,  1.55e+02)
30      0.044   1.74e-01   1.72e-01   4.16e-02   4.49e-01   0.00e+00 (  1.12e+02,  1.62e+02)
35      0.074   2.14e-01   2.73e-01   1.16e-01   8.32e-01   0.00e+00 (  1.22e+02,  1.60e+02)
40      0.086   2.28e-01   3.31e-01   1.51e-01   1.03e+00   0.00e+00 (  1.10e+02,  1.51e+02)
45      0.109   2.54e-01   4.12e-01   1.68e-01   1.38e+00   0.00e+00 (  1.03e+02,  1.39e+02)
50      0.123   2.77e-01   4.93e-01   2.06e-01   1.64e+00   0.00e+00 (  9.51e+01,  1.24e+02)
55      0.106   2.61e-01   4.49e-01   2.47e-01   1.47e+00   0.00e+00 (  7.64e+01,  1.10e+02)
60      0.133   2.98e-01   5.66e-01   3.56e-01   1.91e+00   0.00e+00 (  7.47e+01,  9.73e+01)
65      0.139   3.12e-01   6.00e-01   4.23e-01   2.04e+00   0.00e+00 (  6.68e+01,  8.56e+01)
70      0.150   3.35e-01   6.71e-01   5.16e-01   2.26e+00   0.00e+00 (  6.11e+01,  7.55e+01)
75      0.148   3.41e-01   6.73e-01   5.52e-01   2.28e+00   0.00e+00 (  5.55e+01,  6.73e+01)
80      0.142   3.43e-01   6.60e-01   5.61e-01   2.29e+00   0.00e+00 (  5.17e+01,  6.08e+01)
85      0.137   3.36e-01   6.30e-01   5.30e-01   2.67e+00   0.00e+00 (  4.83e+01,  5.59e+01)
90      0.145   3.47e-01   5.32e-01   3.62e-01   5.12e+00   0.00e+00 (  4.58e+01,  5.21e+01)
95      0.170   3.56e-01   5.22e-01   3.54e-01   1.06e+01   0.00e+00 (  1.12e+02,  4.82e+01)
 6 e: 3.745e-05 i: 1.999e-04 :: e: 7.408e-02 i: 7.640e-02 :: n: 2.762e+01 e:21.124 i:24.231 v:4.993e+03
>>> tau_he = 5.000000, nhe(0)=2.492580e+00
 5     -0.007   5.34e-03   3.19e-01   3.81e-03  -3.29e-02   0.00e+00 (  1.83e+00,  4.22e+01)
10     -0.022   3.12e-02   8.43e-02   7.41e-03  -1.31e-01   0.00e+00 (  2.10e+01,  8.16e+01)
15     -0.034   8.38e-02   3.84e-02   2.86e-03  -2.47e-01   0.00e+00 (  6.82e+01,  1.16e+02)
20      0.024   1.22e-01   1.06e-01   7.04e-03   1.96e-01   0.00e+00 (  9.41e+01,  1.39e+02)
25      0.037   1.51e-01   1.34e-01   2.88e-02   3.42e-01   0.00e+00 (  1.07e+02,  1.55e+02)
30      0.045   1.76e-01   1.78e-01   4.43e-02   4.63e-01   0.00e+00 (  1.14e+02,  1.62e+02)
35      0.076   2.16e-01   2.82e-01   1.20e-01   8.47e-01   0.00e+00 (  1.24e+02,  1.60e+02)
40      0.089   2.32e-01   3.47e-01   1.46e-01   1.07e+00   0.00e+00 (  1.13e+02,  1.51e+02)
45      0.112   2.59e-01   4.32e-01   1.75e-01   1.42e+00   0.00e+00 (  1.06e+02,  1.39e+02)
50      0.126   2.83e-01   5.16e-01   2.15e-01   1.68e+00   0.00e+00 (  9.84e+01,  1.24e+02)
55      0.145   3.11e-01   6.12e-01   3.20e-01   2.00e+00   0.00e+00 (  9.25e+01,  1.10e+02)
60      0.135   3.03e-01   5.86e-01   3.69e-01   1.93e+00   0.00e+00 (  7.68e+01,  9.73e+01)
65      0.139   3.16e-01   6.16e-01   4.35e-01   2.04e+00   0.00e+00 (  6.82e+01,  8.56e+01)
70      0.149   3.37e-01   6.81e-01   5.24e-01   2.24e+00   0.00e+00 (  6.20e+01,  7.55e+01)
75      0.146   3.41e-01   6.77e-01   5.56e-01   2.25e+00   0.00e+00 (  5.59e+01,  6.73e+01)
80      0.139   3.41e-01   6.58e-01   5.60e-01   2.24e+00   0.00e+00 (  5.16e+01,  6.08e+01)
85      0.134   3.32e-01   6.25e-01   5.25e-01   2.60e+00   0.00e+00 (  4.78e+01,  5.59e+01)
90      0.142   3.43e-01   5.25e-01   3.56e-01   5.03e+00   0.00e+00 (  4.52e+01,  5.21e+01)
95      0.170   3.56e-01   5.22e-01   3.54e-01   1.06e+01   0.00e+00 (  1.12e+02,  4.82e+01)
 7 e: 2.302e-04 i: 4.179e-05 :: e: 5.728e-02 i: 6.609e-02 :: n: 2.762e+01 e:21.219 i:23.946 v:4.993e+03
>>> tau_he = 5.000000, nhe(0)=2.493707e+00
 5     -0.007   5.35e-03   3.21e-01   3.76e-03  -3.28e-02   0.00e+00 (  1.81e+00,  4.22e+01)
10     -0.020   3.00e-02   7.99e-02   7.06e-03  -1.21e-01   0.00e+00 (  1.99e+01,  8.16e+01)
15     -0.036   8.18e-02   3.69e-02   3.06e-03  -2.59e-01   0.00e+00 (  6.51e+01,  1.16e+02)
20      0.032   1.22e-01   1.02e-01   1.38e-02   2.65e-01   0.00e+00 (  9.21e+01,  1.39e+02)
25      0.036   1.48e-01   1.28e-01   2.78e-02   3.40e-01   0.00e+00 (  1.04e+02,  1.55e+02)
30      0.044   1.72e-01   1.72e-01   4.26e-02   4.50e-01   0.00e+00 (  1.10e+02,  1.62e+02)
35      0.072   2.10e-01   2.69e-01   1.15e-01   8.12e-01   0.00e+00 (  1.18e+02,  1.60e+02)
40      0.085   2.26e-01   3.29e-01   1.53e-01   1.02e+00   0.00e+00 (  1.08e+02,  1.51e+02)
45      0.107   2.51e-01   4.09e-01   1.66e-01   1.36e+00   0.00e+00 (  1.02e+02,  1.39e+02)
50      0.122   2.73e-01   4.89e-01   2.04e-01   1.62e+00   0.00e+00 (  9.33e+01,  1.24e+02)
55      0.105   2.58e-01   4.46e-01   2.46e-01   1.45e+00   0.00e+00 (  7.52e+01,  1.10e+02)
60      0.132   2.95e-01   5.60e-01   3.53e-01   1.89e+00   0.00e+00 (  7.33e+01,  9.73e+01)
65      0.137   3.07e-01   5.94e-01   4.22e-01   2.02e+00   0.00e+00 (  6.50e+01,  8.56e+01)
70      0.148   3.30e-01   6.62e-01   5.09e-01   2.23e+00   0.00e+00 (  5.97e+01,  7.55e+01)
75      0.146   3.34e-01   6.61e-01   5.43e-01   2.25e+00   0.00e+00 (  5.38e+01,  6.73e+01)
80      0.139   3.35e-01   6.45e-01   5.49e-01   2.25e+00   0.00e+00 (  4.97e+01,  6.08e+01)
85      0.134   3.28e-01   6.15e-01   5.17e-01   2.61e+00   0.00e+00 (  4.61e+01,  5.59e+01)
90      0.142   3.42e-01   5.21e-01   3.53e-01   5.03e+00   0.00e+00 (  4.39e+01,  5.21e+01)
95      0.170   3.56e-01   5.21e-01   3.54e-01   1.06e+01   0.00e+00 (  1.12e+02,  4.82e+01)
 8 e: 5.024e-05 i: 1.381e-04 :: e: 6.796e-02 i: 6.951e-02 :: n: 2.762e+01 e:20.879 i:23.959 v:4.993e+03
>>> tau_he = 5.000000, nhe(0)=2.475788e+00
 5     -0.007   5.22e-03   3.16e-01   3.80e-03  -3.24e-02   0.00e+00 (  1.78e+00,  4.22e+01)
10     -0.020   2.98e-02   8.05e-02   7.16e-03  -1.22e-01   0.00e+00 (  1.98e+01,  8.16e+01)
15     -0.029   8.15e-02   3.83e-02   3.25e-03  -2.11e-01   0.00e+00 (  6.46e+01,  1.16e+02)
20      0.033   1.21e-01   1.05e-01   1.26e-02   2.70e-01   0.00e+00 (  9.19e+01,  1.39e+02)
25      0.037   1.45e-01   1.33e-01   2.89e-02   3.49e-01   0.00e+00 (  1.02e+02,  1.55e+02)
30      0.045   1.74e-01   1.78e-01   4.53e-02   4.65e-01   0.00e+00 (  1.12e+02,  1.62e+02)
35      0.074   2.13e-01   2.78e-01   1.20e-01   8.31e-01   0.00e+00 (  1.20e+02,  1.60e+02)
40      0.088   2.30e-01   3.46e-01   1.47e-01   1.06e+00   0.00e+00 (  1.11e+02,  1.51e+02)
45      0.111   2.56e-01   4.28e-01   1.74e-01   1.40e+00   0.00e+00 (  1.05e+02,  1.39e+02)
50      0.125   2.80e-01   5.13e-01   2.14e-01   1.66e+00   0.00e+00 (  9.65e+01,  1.24e+02)
55      0.144   3.08e-01   6.09e-01   3.19e-01   1.99e+00   0.00e+00 (  9.11e+01,  1.10e+02)
60      0.134   3.01e-01   5.83e-01   3.67e-01   1.92e+00   0.00e+00 (  7.57e+01,  9.73e+01)
65      0.138   3.14e-01   6.12e-01   4.33e-01   2.03e+00   0.00e+00 (  6.73e+01,  8.56e+01)
70      0.148   3.34e-01   6.77e-01   5.21e-01   2.23e+00   0.00e+00 (  6.11e+01,  7.55e+01)
75      0.145   3.37e-01   6.71e-01   5.51e-01   2.23e+00   0.00e+00 (  5.49e+01,  6.73e+01)
80      0.137   3.36e-01   6.50e-01   5.53e-01   2.21e+00   0.00e+00 (  5.04e+01,  6.08e+01)
85      0.132   3.27e-01   6.15e-01   5.17e-01   2.56e+00   0.00e+00 (  4.64e+01,  5.59e+01)
90      0.140   3.39e-01   5.17e-01   3.50e-01   4.97e+00   0.00e+00 (  4.40e+01,  5.21e+01)
95      0.170   3.56e-01   5.21e-01   3.54e-01   1.06e+01   0.00e+00 (  1.12e+02,  4.82e+01)
 9 e: 1.708e-04 i: 4.557e-05 :: e: 4.908e-02 i: 5.658e-02 :: n: 2.762e+01 e:20.989 i:23.720 v:4.993e+03
>>> tau_he = 5.000000, nhe(0)=2.479408e+00
 5     -0.007   5.24e-03   3.19e-01   3.76e-03  -3.24e-02   0.00e+00 (  1.78e+00,  4.22e+01)
10     -0.019   2.89e-02   7.68e-02   6.86e-03  -1.13e-01   0.00e+00 (  1.89e+01,  8.16e+01)
15     -0.032   7.99e-02   3.69e-02   3.34e-03  -2.28e-01   0.00e+00 (  6.22e+01,  1.16e+02)
20      0.033   1.17e-01   9.95e-02   1.43e-02   2.78e-01   0.00e+00 (  8.72e+01,  1.39e+02)
25      0.033   1.47e-01   1.27e-01   2.79e-02   3.05e-01   0.00e+00 (  1.02e+02,  1.55e+02)
30      0.044   1.70e-01   1.71e-01   4.27e-02   4.51e-01   0.00e+00 (  1.08e+02,  1.62e+02)
35      0.071   2.07e-01   2.65e-01   1.15e-01   7.96e-01   0.00e+00 (  1.16e+02,  1.60e+02)
40      0.084   2.24e-01   3.27e-01   1.67e-01   1.00e+00   0.00e+00 (  1.06e+02,  1.51e+02)
45      0.106   2.48e-01   4.05e-01   1.65e-01   1.34e+00   0.00e+00 (  9.99e+01,  1.39e+02)
50      0.120   2.71e-01   4.84e-01   2.02e-01   1.60e+00   0.00e+00 (  9.18e+01,  1.24e+02)
55      0.104   2.56e-01   4.43e-01   2.44e-01   1.44e+00   0.00e+00 (  7.42e+01,  1.10e+02)
60      0.131   2.92e-01   5.55e-01   3.50e-01   1.87e+00   0.00e+00 (  7.24e+01,  9.73e+01)
65      0.137   3.05e-01   5.90e-01   4.19e-01   2.01e+00   0.00e+00 (  6.43e+01,  8.56e+01)
70      0.147   3.28e-01   6.58e-01   5.06e-01   2.22e+00   0.00e+00 (  5.90e+01,  7.55e+01)
75      0.145   3.32e-01   6.56e-01   5.39e-01   2.24e+00   0.00e+00 (  5.31e+01,  6.73e+01)
80      0.138   3.32e-01   6.39e-01   5.44e-01   2.23e+00   0.00e+00 (  4.89e+01,  6.08e+01)
85      0.133   3.24e-01   6.08e-01   5.11e-01   2.59e+00   0.00e+00 (  4.52e+01,  5.59e+01)
90      0.141   3.38e-01   5.17e-01   3.51e-01   5.00e+00   0.00e+00 (  4.30e+01,  5.21e+01)
95      0.170   3.56e-01   5.21e-01   3.54e-01   1.06e+01   0.00e+00 (  1.11e+02,  4.82e+01)
10 e: 7.445e-05 i: 9.611e-05 :: e: 5.960e-02 i: 6.208e-02 :: n: 2.762e+01 e:20.699 i:23.766 v:4.993e+03
>>> tau_he = 5.000000, nhe(0)=2.464686e+00
 5     -0.007   5.15e-03   3.15e-01   3.79e-03  -3.20e-02   0.00e+00 (  1.76e+00,  4.22e+01)
10     -0.019   2.88e-02   7.79e-02   6.99e-03  -1.15e-01   0.00e+00 (  1.89e+01,  8.16e+01)
15     -0.032   7.73e-02   3.92e-02   3.29e-03  -2.31e-01   0.00e+00 (  6.02e+01,  1.16e+02)
20      0.034   1.18e-01   1.02e-01   1.29e-02   2.82e-01   0.00e+00 (  8.76e+01,  1.39e+02)
25      0.037   1.44e-01   1.32e-01   2.91e-02   3.49e-01   0.00e+00 (  1.00e+02,  1.55e+02)
30      0.045   1.72e-01   1.77e-01   4.52e-02   4.67e-01   0.00e+00 (  1.10e+02,  1.62e+02)
35      0.073   2.10e-01   2.75e-01   1.20e-01   8.18e-01   0.00e+00 (  1.18e+02,  1.60e+02)
40      0.087   2.28e-01   3.42e-01   1.59e-01   1.04e+00   0.00e+00 (  1.09e+02,  1.51e+02)
45      0.109   2.54e-01   4.25e-01   1.73e-01   1.39e+00   0.00e+00 (  1.03e+02,  1.39e+02)
50      0.124   2.78e-01   5.09e-01   2.12e-01   1.65e+00   0.00e+00 (  9.54e+01,  1.24e+02)
55      0.143   3.07e-01   6.06e-01   3.18e-01   1.98e+00   0.00e+00 (  9.03e+01,  1.10e+02)
60      0.134   2.99e-01   5.80e-01   3.66e-01   1.91e+00   0.00e+00 (  7.51e+01,  9.73e+01)
65      0.138   3.13e-01   6.11e-01   4.31e-01   2.03e+00   0.00e+00 (  6.69e+01,  8.56e+01)
70      0.148   3.34e-01   6.76e-01   5.21e-01   2.23e+00   0.00e+00 (  6.09e+01,  7.55e+01)
75      0.145   3.36e-01   6.69e-01   5.50e-01   2.23e+00   0.00e+00 (  5.46e+01,  6.73e+01)
80      0.137   3.34e-01   6.47e-01   5.51e-01   2.20e+00   0.00e+00 (  5.00e+01,  6.08e+01)
85      0.131   3.25e-01   6.11e-01   5.14e-01   2.55e+00   0.00e+00 (  4.60e+01,  5.59e+01)
90      0.140   3.38e-01   5.14e-01   3.47e-01   4.94e+00   0.00e+00 (  4.35e+01,  5.21e+01)
95      0.170   3.56e-01   5.21e-01   3.54e-01   1.06e+01   0.00e+00 (  1.12e+02,  4.82e+01)
11 e: 1.290e-04 i: 5.332e-05 :: e: 4.033e-02 i: 4.675e-02 :: n: 2.762e+01 e:20.840 i:23.572 v:4.993e+03
>>> tau_he = 5.000000, nhe(0)=2.471119e+00
 5     -0.007   5.19e-03   3.19e-01   3.76e-03  -3.21e-02   0.00e+00 (  1.76e+00,  4.22e+01)
10     -0.018   2.81e-02   7.48e-02   6.72e-03  -1.08e-01   0.00e+00 (  1.83e+01,  8.16e+01)
15     -0.035   7.98e-02   3.76e-02   3.05e-03  -2.53e-01   0.00e+00 (  6.13e+01,  1.16e+02)
20      0.034   1.16e-01   9.78e-02   1.32e-02   2.81e-01   0.00e+00 (  8.50e+01,  1.39e+02)
25      0.033   1.42e-01   1.27e-01   2.79e-02   3.12e-01   0.00e+00 (  9.79e+01,  1.55e+02)
30      0.044   1.69e-01   1.71e-01   4.31e-02   4.51e-01   0.00e+00 (  1.07e+02,  1.62e+02)
35      0.070   2.06e-01   2.63e-01   1.15e-01   7.85e-01   0.00e+00 (  1.14e+02,  1.60e+02)
40      0.083   2.23e-01   3.25e-01   1.67e-01   9.93e-01   0.00e+00 (  1.05e+02,  1.51e+02)
45      0.104   2.49e-01   4.01e-01   1.62e-01   1.32e+00   0.00e+00 (  9.99e+01,  1.39e+02)
50      0.119   2.69e-01   4.80e-01   2.00e-01   1.59e+00   0.00e+00 (  9.10e+01,  1.24e+02)
55      0.104   2.55e-01   4.41e-01   2.43e-01   1.44e+00   0.00e+00 (  7.38e+01,  1.10e+02)
60      0.130   2.91e-01   5.53e-01   3.48e-01   1.86e+00   0.00e+00 (  7.20e+01,  9.73e+01)
65      0.136   3.04e-01   5.89e-01   4.18e-01   2.01e+00   0.00e+00 (  6.41e+01,  8.56e+01)
70      0.148   3.28e-01   6.57e-01   5.06e-01   2.22e+00   0.00e+00 (  5.90e+01,  7.55e+01)
75      0.145   3.32e-01   6.56e-01   5.39e-01   2.24e+00   0.00e+00 (  5.31e+01,  6.73e+01)
80      0.138   3.31e-01   6.38e-01   5.43e-01   2.23e+00   0.00e+00 (  4.88e+01,  6.08e+01)
85      0.133   3.23e-01   6.07e-01   5.10e-01   2.59e+00   0.00e+00 (  4.50e+01,  5.59e+01)
90      0.141   3.37e-01   5.15e-01   3.49e-01   4.99e+00   0.00e+00 (  4.27e+01,  5.21e+01)
95      0.170   3.56e-01   5.21e-01   3.54e-01   1.06e+01   0.00e+00 (  1.11e+02,  4.82e+01)
12 e: 1.003e-04 i: 6.962e-05 :: e: 5.060e-02 i: 5.401e-02 :: n: 2.762e+01 e:20.593 i:23.655 v:4.993e+03
>>> tau_he = 5.000000, nhe(0)=2.459088e+00
 5     -0.007   5.11e-03   3.15e-01   3.79e-03  -3.18e-02   0.00e+00 (  1.74e+00,  4.22e+01)
10     -0.018   2.82e-02   7.62e-02   6.87e-03  -1.10e-01   0.00e+00 (  1.84e+01,  8.16e+01)
15     -0.030   7.67e-02   3.93e-02   3.86e-03  -2.13e-01   0.00e+00 (  5.90e+01,  1.16e+02)
20      0.034   1.16e-01   1.01e-01   1.32e-02   2.83e-01   0.00e+00 (  8.57e+01,  1.39e+02)
25      0.037   1.43e-01   1.31e-01   2.92e-02   3.49e-01   0.00e+00 (  9.92e+01,  1.55e+02)
30      0.045   1.71e-01   1.77e-01   4.54e-02   4.68e-01   0.00e+00 (  1.09e+02,  1.62e+02)
35      0.072   2.09e-01   2.73e-01   1.20e-01   8.10e-01   0.00e+00 (  1.17e+02,  1.60e+02)
40      0.086   2.27e-01   3.41e-01   1.59e-01   1.03e+00   0.00e+00 (  1.09e+02,  1.51e+02)
45      0.108   2.55e-01   4.22e-01   1.70e-01   1.37e+00   0.00e+00 (  1.04e+02,  1.39e+02)
50      0.123   2.77e-01   5.05e-01   2.13e-01   1.64e+00   0.00e+00 (  9.48e+01,  1.24e+02)
55      0.143   3.06e-01   6.04e-01   3.17e-01   1.98e+00   0.00e+00 (  9.01e+01,  1.10e+02)
60      0.133   2.99e-01   5.79e-01   3.65e-01   1.91e+00   0.00e+00 (  7.51e+01,  9.73e+01)
65      0.138   3.13e-01   6.11e-01   4.32e-01   2.03e+00   0.00e+00 (  6.70e+01,  8.56e+01)
70      0.148   3.34e-01   6.77e-01   5.22e-01   2.23e+00   0.00e+00 (  6.11e+01,  7.55e+01)
75      0.145   3.37e-01   6.71e-01   5.52e-01   2.23e+00   0.00e+00 (  5.48e+01,  6.73e+01)
80      0.137   3.35e-01   6.48e-01   5.52e-01   2.21e+00   0.00e+00 (  5.02e+01,  6.08e+01)
85      0.131   3.25e-01   6.11e-01   5.14e-01   2.55e+00   0.00e+00 (  4.60e+01,  5.59e+01)
90      0.140   3.37e-01   5.14e-01   3.47e-01   4.94e+00   0.00e+00 (  4.35e+01,  5.21e+01)
95      0.170   3.56e-01   5.21e-01   3.54e-01   1.06e+01   0.00e+00 (  1.12e+02,  4.82e+01)
13 e: 1.036e-04 i: 6.360e-05 :: e: 3.199e-02 i: 3.771e-02 :: n: 2.762e+01 e:20.763 i:23.499 v:4.993e+03
>>> tau_he = 5.000000, nhe(0)=2.467925e+00
 5     -0.007   5.17e-03   3.20e-01   3.76e-03  -3.19e-02   0.00e+00 (  1.75e+00,  4.22e+01)
10     -0.017   2.74e-02   7.35e-02   5.85e-03  -1.04e-01   0.00e+00 (  1.77e+01,  8.16e+01)
15     -0.033   7.57e-02   3.78e-02   3.71e-03  -2.37e-01   0.00e+00 (  5.75e+01,  1.16e+02)
20      0.034   1.15e-01   9.66e-02   1.35e-02   2.82e-01   0.00e+00 (  8.36e+01,  1.39e+02)
25      0.033   1.42e-01   1.26e-01   2.79e-02   3.13e-01   0.00e+00 (  9.74e+01,  1.55e+02)
30      0.044   1.68e-01   1.71e-01   4.32e-02   4.51e-01   0.00e+00 (  1.06e+02,  1.62e+02)
35      0.048   1.77e-01   2.04e-01   8.28e-02   5.37e-01   0.00e+00 (  9.79e+01,  1.60e+02)
40      0.082   2.22e-01   3.23e-01   1.67e-01   9.86e-01   0.00e+00 (  1.05e+02,  1.51e+02)
45      0.079   2.20e-01   3.26e-01   1.29e-01   1.00e+00   0.00e+00 (  8.80e+01,  1.39e+02)
50      0.118   2.69e-01   4.78e-01   1.99e-01   1.58e+00   0.00e+00 (  9.09e+01,  1.24e+02)
55      0.103   2.55e-01   4.40e-01   2.42e-01   1.43e+00   0.00e+00 (  7.39e+01,  1.10e+02)
60      0.130   2.91e-01   5.52e-01   3.48e-01   1.86e+00   0.00e+00 (  7.22e+01,  9.73e+01)
65      0.137   3.05e-01   5.90e-01   4.18e-01   2.01e+00   0.00e+00 (  6.44e+01,  8.56e+01)
70      0.148   3.29e-01   6.59e-01   5.07e-01   2.23e+00   0.00e+00 (  5.93e+01,  7.55e+01)
75      0.146   3.33e-01   6.58e-01   5.41e-01   2.25e+00   0.00e+00 (  5.34e+01,  6.73e+01)
80      0.139   3.33e-01   6.40e-01   5.45e-01   2.24e+00   0.00e+00 (  4.91e+01,  6.08e+01)
85      0.133   3.24e-01   6.08e-01   5.11e-01   2.59e+00   0.00e+00 (  4.52e+01,  5.59e+01)
90      0.141   3.38e-01   5.16e-01   3.50e-01   4.99e+00   0.00e+00 (  4.28e+01,  5.21e+01)
95      0.170   3.56e-01   5.21e-01   3.54e-01   1.06e+01   0.00e+00 (  1.11e+02,  4.82e+01)
14 e: 1.264e-04 i: 5.509e-05 :: e: 5.050e-02 i: 5.653e-02 :: n: 2.762e+01 e:20.544 i:23.612 v:4.993e+03
>>> tau_he = 5.000000, nhe(0)=2.458948e+00
 5     -0.007   5.12e-03   3.17e-01   3.80e-03  -3.17e-02   0.00e+00 (  1.74e+00,  4.22e+01)
10     -0.018   2.78e-02   7.50e-02   6.70e-03  -1.07e-01   0.00e+00 (  1.80e+01,  8.16e+01)
15     -0.033   7.66e-02   4.02e-02   3.91e-03  -2.40e-01   0.00e+00 (  5.84e+01,  1.16e+02)
20      0.034   1.15e-01   9.98e-02   1.35e-02   2.85e-01   0.00e+00 (  8.46e+01,  1.39e+02)
25      0.034   1.43e-01   1.31e-01   2.89e-02   3.17e-01   0.00e+00 (  9.90e+01,  1.55e+02)
30      0.045   1.71e-01   1.77e-01   4.52e-02   4.68e-01   0.00e+00 (  1.09e+02,  1.62e+02)
35      0.073   2.10e-01   2.74e-01   1.19e-01   8.13e-01   0.00e+00 (  1.17e+02,  1.60e+02)
40      0.086   2.28e-01   3.40e-01   1.59e-01   1.03e+00   0.00e+00 (  1.09e+02,  1.51e+02)
45      0.110   2.55e-01   4.26e-01   1.73e-01   1.39e+00   0.00e+00 (  1.04e+02,  1.39e+02)
50      0.123   2.77e-01   5.05e-01   2.12e-01   1.64e+00   0.00e+00 (  9.50e+01,  1.24e+02)
55      0.143   3.07e-01   6.04e-01   3.16e-01   1.98e+00   0.00e+00 (  9.04e+01,  1.10e+02)
60      0.134   3.00e-01   5.79e-01   3.65e-01   1.91e+00   0.00e+00 (  7.54e+01,  9.73e+01)
65      0.139   3.14e-01   6.13e-01   4.33e-01   2.04e+00   0.00e+00 (  6.74e+01,  8.56e+01)
70      0.149   3.36e-01   6.80e-01   5.24e-01   2.24e+00   0.00e+00 (  6.16e+01,  7.55e+01)
75      0.146   3.39e-01   6.75e-01   5.55e-01   2.25e+00   0.00e+00 (  5.53e+01,  6.73e+01)
80      0.137   3.37e-01   6.51e-01   5.55e-01   2.22e+00   0.00e+00 (  5.06e+01,  6.08e+01)
85      0.131   3.26e-01   6.14e-01   5.16e-01   2.56e+00   0.00e+00 (  4.64e+01,  5.59e+01)
90      0.140   3.38e-01   5.15e-01   3.48e-01   4.95e+00   0.00e+00 (  4.37e+01,  5.21e+01)
95      0.170   3.56e-01   5.21e-01   3.54e-01   1.06e+01   0.00e+00 (  1.12e+02,  4.82e+01)
15 e: 8.322e-05 i: 7.523e-05 :: e: 2.450e-02 i: 3.186e-02 :: n: 2.762e+01 e:20.748 i:23.496 v:4.993e+03
>>> tau_he = 5.000000, nhe(0)=2.470169e+00
 5     -0.007   5.19e-03   3.23e-01   3.77e-03  -3.19e-02   0.00e+00 (  1.76e+00,  4.22e+01)
10     -0.017   2.71e-02   7.26e-02   5.74e-03  -1.02e-01   0.00e+00 (  1.74e+01,  8.16e+01)
15     -0.032   7.58e-02   3.78e-02   3.95e-03  -2.27e-01   0.00e+00 (  5.72e+01,  1.16e+02)
20      0.034   1.14e-01   9.58e-02   1.38e-02   2.81e-01   0.00e+00 (  8.28e+01,  1.39e+02)
25      0.034   1.42e-01   1.26e-01   2.78e-02   3.15e-01   0.00e+00 (  9.75e+01,  1.55e+02)
30      0.044   1.69e-01   1.71e-01   4.29e-02   4.52e-01   0.00e+00 (  1.07e+02,  1.62e+02)
35      0.070   2.06e-01   2.62e-01   1.14e-01   7.82e-01   0.00e+00 (  1.14e+02,  1.60e+02)
40      0.082   2.23e-01   3.24e-01   1.66e-01   9.86e-01   0.00e+00 (  1.06e+02,  1.51e+02)
45      0.104   2.50e-01   4.02e-01   1.62e-01   1.32e+00   0.00e+00 (  1.01e+02,  1.39e+02)
50      0.118   2.70e-01   4.78e-01   1.99e-01   1.58e+00   0.00e+00 (  9.15e+01,  1.24e+02)
55      0.103   2.56e-01   4.40e-01   2.42e-01   1.43e+00   0.00e+00 (  7.43e+01,  1.10e+02)
60      0.130   2.92e-01   5.53e-01   3.48e-01   1.87e+00   0.00e+00 (  7.27e+01,  9.73e+01)
65      0.137   3.06e-01   5.91e-01   4.20e-01   2.02e+00   0.00e+00 (  6.50e+01,  8.56e+01)
70      0.149   3.31e-01   6.63e-01   5.10e-01   2.24e+00   0.00e+00 (  5.99e+01,  7.55e+01)
75      0.147   3.35e-01   6.62e-01   5.44e-01   2.26e+00   0.00e+00 (  5.40e+01,  6.73e+01)
80      0.140   3.35e-01   6.44e-01   5.48e-01   2.25e+00   0.00e+00 (  4.96e+01,  6.08e+01)
85      0.134   3.26e-01   6.11e-01   5.14e-01   2.61e+00   0.00e+00 (  4.56e+01,  5.59e+01)
90      0.142   3.39e-01   5.18e-01   3.52e-01   5.01e+00   0.00e+00 (  4.31e+01,  5.21e+01)
95      0.170   3.56e-01   5.21e-01   3.54e-01   1.06e+01   0.00e+00 (  1.11e+02,  4.82e+01)
16 e: 1.429e-04 i: 4.402e-05 :: e: 3.210e-02 i: 3.823e-02 :: n: 2.762e+01 e:20.560 i:23.642 v:4.993e+03
>>> tau_he = 5.000000, nhe(0)=2.462072e+00
 5     -0.007   5.15e-03   3.20e-01   3.82e-03  -3.17e-02   0.00e+00 (  1.75e+00,  4.22e+01)
10     -0.018   2.76e-02   7.45e-02   6.61e-03  -1.06e-01   0.00e+00 (  1.79e+01,  8.16e+01)
15     -0.032   7.69e-02   4.04e-02   4.01e-03  -2.32e-01   0.00e+00 (  5.83e+01,  1.16e+02)
20      0.035   1.15e-01   9.94e-02   1.37e-02   2.87e-01   0.00e+00 (  8.43e+01,  1.39e+02)
25      0.034   1.44e-01   1.31e-01   2.88e-02   3.19e-01   0.00e+00 (  9.94e+01,  1.55e+02)
30      0.046   1.72e-01   1.77e-01   4.50e-02   4.70e-01   0.00e+00 (  1.10e+02,  1.62e+02)
35      0.072   2.10e-01   2.73e-01   1.19e-01   8.09e-01   0.00e+00 (  1.18e+02,  1.60e+02)
40      0.086   2.29e-01   3.39e-01   1.72e-01   1.03e+00   0.00e+00 (  1.10e+02,  1.51e+02)
45      0.108   2.58e-01   4.23e-01   1.71e-01   1.38e+00   0.00e+00 (  1.05e+02,  1.39e+02)
50      0.123   2.79e-01   5.05e-01   2.12e-01   1.64e+00   0.00e+00 (  9.59e+01,  1.24e+02)
55      0.143   3.09e-01   6.06e-01   3.17e-01   1.99e+00   0.00e+00 (  9.14e+01,  1.10e+02)
60      0.134   3.02e-01   5.83e-01   3.67e-01   1.92e+00   0.00e+00 (  7.64e+01,  9.73e+01)
65      0.140   3.17e-01   6.17e-01   4.36e-01   2.05e+00   0.00e+00 (  6.83e+01,  8.56e+01)
70      0.150   3.39e-01   6.86e-01   5.28e-01   2.26e+00   0.00e+00 (  6.25e+01,  7.55e+01)
75      0.147   3.42e-01   6.80e-01   5.59e-01   2.26e+00   0.00e+00 (  5.62e+01,  6.73e+01)
80      0.138   3.39e-01   6.57e-01   5.59e-01   2.23e+00   0.00e+00 (  5.13e+01,  6.08e+01)
85      0.132   3.29e-01   6.18e-01   5.20e-01   2.58e+00   0.00e+00 (  4.70e+01,  5.59e+01)
90      0.141   3.40e-01   5.18e-01   3.51e-01   4.98e+00   0.00e+00 (  4.41e+01,  5.21e+01)
95      0.170   3.56e-01   5.21e-01   3.54e-01   1.06e+01   0.00e+00 (  1.12e+02,  4.82e+01)
17 e: 7.655e-05 i: 8.285e-05 :: e: 1.799e-02 i: 2.530e-02 :: n: 2.762e+01 e:20.775 i:23.537 v:4.993e+03
>>> tau_he = 5.000000, nhe(0)=2.474008e+00
 5     -0.007   5.23e-03   3.26e-01   3.79e-03  -3.20e-02   0.00e+00 (  1.77e+00,  4.22e+01)
10     -0.017   2.70e-02   7.22e-02   5.69e-03  -1.00e-01   0.00e+00 (  1.73e+01,  8.16e+01)
15     -0.031   7.61e-02   3.80e-02   4.04e-03  -2.22e-01   0.00e+00 (  5.72e+01,  1.16e+02)
20      0.034   1.14e-01   9.55e-02   1.37e-02   2.84e-01   0.00e+00 (  8.27e+01,  1.39e+02)
25      0.034   1.43e-01   1.26e-01   2.78e-02   3.17e-01   0.00e+00 (  9.79e+01,  1.55e+02)
30      0.044   1.70e-01   1.71e-01   4.27e-02   4.54e-01   0.00e+00 (  1.07e+02,  1.62e+02)
35      0.047   1.81e-01   2.03e-01   8.09e-02   5.22e-01   0.00e+00 (  1.00e+02,  1.60e+02)
40      0.082   2.24e-01   3.23e-01   1.65e-01   9.84e-01   0.00e+00 (  1.07e+02,  1.51e+02)
45      0.103   2.51e-01   4.00e-01   1.62e-01   1.31e+00   0.00e+00 (  1.02e+02,  1.39e+02)
50      0.119   2.71e-01   4.78e-01   1.99e-01   1.58e+00   0.00e+00 (  9.25e+01,  1.24e+02)
55      0.104   2.58e-01   4.41e-01   2.42e-01   1.44e+00   0.00e+00 (  7.54e+01,  1.10e+02)
60      0.131   2.95e-01   5.56e-01   3.50e-01   1.88e+00   0.00e+00 (  7.38e+01,  9.73e+01)
65      0.138   3.10e-01   5.95e-01   4.20e-01   2.03e+00   0.00e+00 (  6.63e+01,  8.56e+01)
70      0.150   3.34e-01   6.68e-01   5.14e-01   2.26e+00   0.00e+00 (  6.09e+01,  7.55e+01)
75      0.148   3.39e-01   6.68e-01   5.49e-01   2.28e+00   0.00e+00 (  5.49e+01,  6.73e+01)
80      0.141   3.38e-01   6.50e-01   5.53e-01   2.27e+00   0.00e+00 (  5.04e+01,  6.08e+01)
85      0.135   3.29e-01   6.16e-01   5.18e-01   2.63e+00   0.00e+00 (  4.63e+01,  5.59e+01)
90      0.142   3.42e-01   5.21e-01   3.53e-01   5.03e+00   0.00e+00 (  4.37e+01,  5.21e+01)
95      0.170   3.56e-01   5.21e-01   3.54e-01   1.06e+01   0.00e+00 (  1.12e+02,  4.82e+01)
18 e: 1.584e-04 i: 4.705e-05 :: e: 2.702e-02 i: 3.532e-02 :: n: 2.762e+01 e:20.590 i:23.693 v:4.993e+03
>>> tau_he = 5.000000, nhe(0)=2.467040e+00
 5     -0.007   5.19e-03   3.24e-01   3.83e-03  -3.18e-02   0.00e+00 (  1.77e+00,  4.22e+01)
10     -0.017   2.73e-02   7.43e-02   5.85e-03  -1.04e-01   0.00e+00 (  1.77e+01,  8.16e+01)
15     -0.032   7.78e-02   4.04e-02   4.08e-03  -2.27e-01   0.00e+00 (  5.88e+01,  1.16e+02)
20      0.035   1.15e-01   9.90e-02   1.39e-02   2.90e-01   0.00e+00 (  8.42e+01,  1.39e+02)
25      0.034   1.44e-01   1.31e-01   2.87e-02   3.22e-01   0.00e+00 (  9.99e+01,  1.55e+02)
30      0.046   1.73e-01   1.78e-01   4.46e-02   4.73e-01   0.00e+00 (  1.11e+02,  1.62e+02)
35      0.073   2.12e-01   2.75e-01   1.19e-01   8.18e-01   0.00e+00 (  1.19e+02,  1.60e+02)
40      0.086   2.30e-01   3.40e-01   1.72e-01   1.03e+00   0.00e+00 (  1.11e+02,  1.51e+02)
45      0.108   2.58e-01   4.22e-01   1.70e-01   1.37e+00   0.00e+00 (  1.06e+02,  1.39e+02)
50      0.124   2.80e-01   5.05e-01   2.12e-01   1.65e+00   0.00e+00 (  9.69e+01,  1.24e+02)
55      0.144   3.11e-01   6.08e-01   3.18e-01   2.00e+00   0.00e+00 (  9.26e+01,  1.10e+02)
60      0.135   3.04e-01   5.86e-01   3.69e-01   1.94e+00   0.00e+00 (  7.75e+01,  9.73e+01)
65      0.141   3.20e-01   6.22e-01   4.39e-01   2.07e+00   0.00e+00 (  6.94e+01,  8.56e+01)
70      0.152   3.42e-01   6.92e-01   5.33e-01   2.28e+00   0.00e+00 (  6.36e+01,  7.55e+01)
75      0.149   3.45e-01   6.87e-01   5.65e-01   2.29e+00   0.00e+00 (  5.72e+01,  6.73e+01)
80      0.140   3.43e-01   6.63e-01   5.65e-01   2.25e+00   0.00e+00 (  5.23e+01,  6.08e+01)
85      0.133   3.32e-01   6.24e-01   5.25e-01   2.60e+00   0.00e+00 (  4.78e+01,  5.59e+01)
90      0.142   3.42e-01   5.22e-01   3.54e-01   5.01e+00   0.00e+00 (  4.47e+01,  5.21e+01)
95      0.170   3.56e-01   5.22e-01   3.54e-01   1.06e+01   0.00e+00 (  1.12e+02,  4.82e+01)
19 e: 7.179e-05 i: 8.922e-05 :: e: 1.316e-02 i: 2.142e-02 :: n: 2.762e+01 e:20.820 i:23.603 v:4.993e+03
>>> tau_he = 5.000000, nhe(0)=2.479867e+00
 5     -0.007   5.27e-03   3.31e-01   3.81e-03  -3.21e-02   0.00e+00 (  1.79e+00,  4.22e+01)
10     -0.017   2.69e-02   7.19e-02   5.65e-03  -9.91e-02   0.00e+00 (  1.73e+01,  8.16e+01)
15     -0.030   7.70e-02   3.80e-02   4.11e-03  -2.17e-01   0.00e+00 (  5.77e+01,  1.16e+02)
20      0.035   1.14e-01   9.53e-02   1.36e-02   2.87e-01   0.00e+00 (  8.28e+01,  1.39e+02)
25      0.034   1.44e-01   1.26e-01   2.77e-02   3.19e-01   0.00e+00 (  9.86e+01,  1.55e+02)
30      0.044   1.71e-01   1.71e-01   4.23e-02   4.56e-01   0.00e+00 (  1.08e+02,  1.62e+02)
35      0.048   1.80e-01   2.05e-01   8.17e-02   5.40e-01   0.00e+00 (  1.01e+02,  1.60e+02)
40      0.080   2.30e-01   3.25e-01   1.68e-01   9.63e-01   0.00e+00 (  1.10e+02,  1.51e+02)
45      0.079   2.23e-01   3.25e-01   1.29e-01   1.00e+00   0.00e+00 (  9.05e+01,  1.39e+02)
50      0.119   2.73e-01   4.78e-01   1.99e-01   1.58e+00   0.00e+00 (  9.34e+01,  1.24e+02)
55      0.104   2.60e-01   4.42e-01   2.42e-01   1.44e+00   0.00e+00 (  7.64e+01,  1.10e+02)
60      0.132   2.97e-01   5.59e-01   3.51e-01   1.89e+00   0.00e+00 (  7.48e+01,  9.73e+01)
65      0.139   3.13e-01   5.99e-01   4.22e-01   2.05e+00   0.00e+00 (  6.74e+01,  8.56e+01)
70      0.151   3.37e-01   6.74e-01   5.18e-01   2.28e+00   0.00e+00 (  6.20e+01,  7.55e+01)
75      0.150   3.42e-01   6.75e-01   5.54e-01   2.30e+00   0.00e+00 (  5.60e+01,  6.73e+01)
80      0.142   3.41e-01   6.57e-01   5.58e-01   2.29e+00   0.00e+00 (  5.14e+01,  6.08e+01)
85      0.136   3.32e-01   6.22e-01   5.23e-01   2.65e+00   0.00e+00 (  4.72e+01,  5.59e+01)
90      0.143   3.44e-01   5.25e-01   3.57e-01   5.07e+00   0.00e+00 (  4.44e+01,  5.21e+01)
95      0.170   3.56e-01   5.22e-01   3.54e-01   1.06e+01   0.00e+00 (  1.12e+02,  4.82e+01)
20 e: 1.654e-04 i: 3.924e-05 :: e: 2.396e-02 i: 3.558e-02 :: n: 2.762e+01 e:20.644 i:23.771 v:4.993e+03
>>> tau_he = 5.000000, nhe(0)=2.473776e+00
 5     -0.007   5.24e-03   3.29e-01   3.85e-03  -3.20e-02   0.00e+00 (  1.79e+00,  4.22e+01)
10     -0.017   2.73e-02   7.41e-02   5.81e-03  -1.02e-01   0.00e+00 (  1.76e+01,  8.16e+01)
15     -0.031   7.84e-02   4.05e-02   4.13e-03  -2.23e-01   0.00e+00 (  5.90e+01,  1.16e+02)
20      0.035   1.16e-01   9.89e-02   1.40e-02   2.90e-01   0.00e+00 (  8.42e+01,  1.39e+02)
25      0.035   1.45e-01   1.31e-01   2.86e-02   3.25e-01   0.00e+00 (  1.01e+02,  1.55e+02)
30      0.046   1.74e-01   1.78e-01   4.40e-02   4.74e-01   0.00e+00 (  1.12e+02,  1.62e+02)
35      0.074   2.14e-01   2.76e-01   1.19e-01   8.24e-01   0.00e+00 (  1.21e+02,  1.60e+02)
40      0.084   2.35e-01   3.41e-01   1.75e-01   1.01e+00   0.00e+00 (  1.14e+02,  1.51e+02)
45      0.110   2.61e-01   4.26e-01   1.71e-01   1.39e+00   0.00e+00 (  1.08e+02,  1.39e+02)
50      0.124   2.82e-01   5.07e-01   2.12e-01   1.65e+00   0.00e+00 (  9.82e+01,  1.24e+02)
55      0.145   3.13e-01   6.10e-01   3.19e-01   2.00e+00   0.00e+00 (  9.38e+01,  1.10e+02)
60      0.136   3.07e-01   5.89e-01   3.70e-01   1.95e+00   0.00e+00 (  7.85e+01,  9.73e+01)
65      0.142   3.22e-01   6.27e-01   4.42e-01   2.08e+00   0.00e+00 (  7.05e+01,  8.56e+01)
70      0.153   3.46e-01   6.98e-01   5.38e-01   2.30e+00   0.00e+00 (  6.47e+01,  7.55e+01)
75      0.150   3.49e-01   6.94e-01   5.70e-01   2.31e+00   0.00e+00 (  5.82e+01,  6.73e+01)
80      0.141   3.47e-01   6.70e-01   5.70e-01   2.27e+00   0.00e+00 (  5.33e+01,  6.08e+01)
85      0.135   3.35e-01   6.30e-01   5.30e-01   2.62e+00   0.00e+00 (  4.87e+01,  5.59e+01)
90      0.143   3.44e-01   5.27e-01   3.57e-01   5.05e+00   0.00e+00 (  4.54e+01,  5.21e+01)
95      0.170   3.56e-01   5.22e-01   3.54e-01   1.06e+01   0.00e+00 (  1.12e+02,  4.82e+01)
21 e: 6.940e-05 i: 9.214e-05 :: e: 1.338e-02 i: 2.161e-02 :: n: 2.762e+01 e:20.882 i:23.692 v:4.993e+03
>>> tau_he = 5.000000, nhe(0)=2.487102e+00
 5     -0.007   5.33e-03   3.36e-01   3.83e-03  -3.23e-02   0.00e+00 (  1.81e+00,  4.22e+01)
10     -0.016   2.69e-02   7.17e-02   5.62e-03  -9.80e-02   0.00e+00 (  1.73e+01,  8.16e+01)
15     -0.030   7.76e-02   3.81e-02   4.15e-03  -2.14e-01   0.00e+00 (  5.80e+01,  1.16e+02)
20      0.035   1.15e-01   9.53e-02   1.31e-02   2.88e-01   0.00e+00 (  8.32e+01,  1.39e+02)
25      0.034   1.45e-01   1.26e-01   2.76e-02   3.23e-01   0.00e+00 (  9.93e+01,  1.55e+02)
30      0.044   1.72e-01   1.72e-01   4.18e-02   4.58e-01   0.00e+00 (  1.09e+02,  1.62e+02)
35      0.071   2.11e-01   2.64e-01   1.14e-01   7.92e-01   0.00e+00 (  1.18e+02,  1.60e+02)
40      0.081   2.31e-01   3.25e-01   1.67e-01   9.67e-01   0.00e+00 (  1.11e+02,  1.51e+02)
45      0.105   2.55e-01   4.03e-01   1.63e-01   1.33e+00   0.00e+00 (  1.04e+02,  1.39e+02)
50      0.120   2.75e-01   4.80e-01   1.99e-01   1.59e+00   0.00e+00 (  9.48e+01,  1.24e+02)
55      0.104   2.61e-01   4.44e-01   2.43e-01   1.45e+00   0.00e+00 (  7.74e+01,  1.10e+02)
60      0.133   2.99e-01   5.62e-01   3.53e-01   1.90e+00   0.00e+00 (  7.59e+01,  9.73e+01)
65      0.140   3.16e-01   6.04e-01   4.25e-01   2.06e+00   0.00e+00 (  6.84e+01,  8.56e+01)
70      0.153   3.41e-01   6.80e-01   5.23e-01   2.30e+00   0.00e+00 (  6.30e+01,  7.55e+01)
75      0.151   3.46e-01   6.81e-01   5.59e-01   2.32e+00   0.00e+00 (  5.70e+01,  6.73e+01)
80      0.143   3.45e-01   6.63e-01   5.64e-01   2.31e+00   0.00e+00 (  5.23e+01,  6.08e+01)
85      0.137   3.35e-01   6.29e-01   5.28e-01   2.68e+00   0.00e+00 (  4.81e+01,  5.59e+01)
90      0.145   3.48e-01   5.32e-01   3.63e-01   5.14e+00   0.00e+00 (  4.53e+01,  5.21e+01)
95      0.171   3.56e-01   5.22e-01   3.54e-01   1.06e+01   0.00e+00 (  1.12e+02,  4.82e+01)
22 e: 1.650e-04 i: 3.847e-05 :: e: 1.168e-02 i: 2.045e-02 :: n: 2.762e+01 e:20.712 i:23.868 v:4.993e+03
>>> tau_he = 5.000000, nhe(0)=2.480227e+00
 5     -0.007   5.29e-03   3.33e-01   3.87e-03  -3.22e-02   0.00e+00 (  1.81e+00,  4.22e+01)
10     -0.017   2.74e-02   7.41e-02   5.81e-03  -1.02e-01   0.00e+00 (  1.77e+01,  8.16e+01)
15     -0.031   7.90e-02   4.07e-02   4.14e-03  -2.20e-01   0.00e+00 (  5.94e+01,  1.16e+02)
20      0.035   1.16e-01   9.91e-02   1.40e-02   2.93e-01   0.00e+00 (  8.47e+01,  1.39e+02)
25      0.035   1.46e-01   1.32e-01   2.85e-02   3.28e-01   0.00e+00 (  1.01e+02,  1.55e+02)
30      0.046   1.75e-01   1.79e-01   4.37e-02   4.77e-01   0.00e+00 (  1.13e+02,  1.62e+02)
35      0.073   2.15e-01   2.75e-01   1.19e-01   8.21e-01   0.00e+00 (  1.22e+02,  1.60e+02)
40      0.084   2.37e-01   3.42e-01   1.74e-01   1.01e+00   0.00e+00 (  1.15e+02,  1.51e+02)
45      0.110   2.63e-01   4.25e-01   1.71e-01   1.39e+00   0.00e+00 (  1.09e+02,  1.39e+02)
50      0.125   2.82e-01   5.09e-01   2.13e-01   1.66e+00   0.00e+00 (  9.90e+01,  1.24e+02)
55      0.146   3.16e-01   6.14e-01   3.19e-01   2.02e+00   0.00e+00 (  9.55e+01,  1.10e+02)
60      0.137   3.10e-01   5.94e-01   3.73e-01   1.96e+00   0.00e+00 (  7.99e+01,  9.73e+01)
65      0.143   3.26e-01   6.32e-01   4.46e-01   2.10e+00   0.00e+00 (  7.18e+01,  8.56e+01)
70      0.154   3.49e-01   7.05e-01   5.43e-01   2.32e+00   0.00e+00 (  6.59e+01,  7.55e+01)
75      0.151   3.53e-01   7.02e-01   5.76e-01   2.33e+00   0.00e+00 (  5.94e+01,  6.73e+01)
80      0.142   3.51e-01   6.77e-01   5.76e-01   2.29e+00   0.00e+00 (  5.43e+01,  6.08e+01)
85      0.136   3.39e-01   6.37e-01   5.36e-01   2.65e+00   0.00e+00 (  4.97e+01,  5.59e+01)
90      0.144   3.46e-01   5.31e-01   3.61e-01   5.09e+00   0.00e+00 (  4.61e+01,  5.21e+01)
95      0.170   3.56e-01   5.22e-01   3.54e-01   1.06e+01   0.00e+00 (  1.12e+02,  4.82e+01)
23 e: 7.569e-05 i: 8.972e-05 :: e: 1.539e-02 i: 2.279e-02 :: n: 2.762e+01 e:20.947 i:23.778 v:4.993e+03
>>> tau_he = 5.000000, nhe(0)=2.492972e+00
 5     -0.007   5.38e-03   3.40e-01   3.84e-03  -3.26e-02   0.00e+00 (  1.83e+00,  4.22e+01)
10     -0.016   2.70e-02   7.17e-02   5.62e-03  -9.75e-02   0.00e+00 (  1.73e+01,  8.16e+01)
15     -0.029   7.82e-02   3.83e-02   4.17e-03  -2.11e-01   0.00e+00 (  5.83e+01,  1.16e+02)
20      0.035   1.16e-01   9.54e-02   1.31e-02   2.91e-01   0.00e+00 (  8.35e+01,  1.39e+02)
25      0.035   1.45e-01   1.27e-01   2.75e-02   3.26e-01   0.00e+00 (  9.99e+01,  1.55e+02)
30      0.045   1.73e-01   1.72e-01   4.15e-02   4.61e-01   0.00e+00 (  1.10e+02,  1.62e+02)
35      0.048   1.82e-01   2.05e-01   8.10e-02   5.41e-01   0.00e+00 (  1.02e+02,  1.60e+02)
40      0.081   2.32e-01   3.25e-01   1.66e-01   9.68e-01   0.00e+00 (  1.12e+02,  1.51e+02)
45      0.104   2.56e-01   4.01e-01   1.62e-01   1.33e+00   0.00e+00 (  1.05e+02,  1.39e+02)
50      0.120   2.77e-01   4.81e-01   1.99e-01   1.60e+00   0.00e+00 (  9.61e+01,  1.24e+02)
55      0.105   2.64e-01   4.45e-01   2.43e-01   1.45e+00   0.00e+00 (  7.86e+01,  1.10e+02)
60      0.134   3.02e-01   5.66e-01   3.55e-01   1.92e+00   0.00e+00 (  7.72e+01,  9.73e+01)
65      0.141   3.19e-01   6.09e-01   4.29e-01   2.08e+00   0.00e+00 (  6.96e+01,  8.56e+01)
70      0.154   3.44e-01   6.86e-01   5.27e-01   2.32e+00   0.00e+00 (  6.42e+01,  7.55e+01)
75      0.152   3.50e-01   6.88e-01   5.65e-01   2.35e+00   0.00e+00 (  5.80e+01,  6.73e+01)
80      0.145   3.49e-01   6.70e-01   5.70e-01   2.33e+00   0.00e+00 (  5.33e+01,  6.08e+01)
85      0.139   3.39e-01   6.35e-01   5.34e-01   2.70e+00   0.00e+00 (  4.90e+01,  5.59e+01)
90      0.146   3.50e-01   5.37e-01   3.67e-01   5.18e+00   0.00e+00 (  4.60e+01,  5.21e+01)
95      0.171   3.56e-01   5.22e-01   3.55e-01   1.07e+01   0.00e+00 (  1.12e+02,  4.82e+01)
24 e: 1.659e-04 i: 4.744e-05 :: e: 1.038e-02 i: 1.983e-02 :: n: 2.762e+01 e:20.764 i:23.948 v:4.993e+03
>>> tau_he = 5.000000, nhe(0)=2.486149e+00
 5     -0.007   5.34e-03   3.37e-01   3.89e-03  -3.24e-02   0.00e+00 (  1.83e+00,  4.22e+01)
10     -0.017   2.74e-02   7.41e-02   5.80e-03  -1.01e-01   0.00e+00 (  1.77e+01,  8.16e+01)
15     -0.030   7.95e-02   4.08e-02   4.17e-03  -2.17e-01   0.00e+00 (  5.96e+01,  1.16e+02)
20      0.036   1.17e-01   9.92e-02   1.39e-02   2.97e-01   0.00e+00 (  8.50e+01,  1.39e+02)
25      0.035   1.47e-01   1.32e-01   2.84e-02   3.31e-01   0.00e+00 (  1.02e+02,  1.55e+02)
30      0.046   1.76e-01   1.79e-01   4.32e-02   4.80e-01   0.00e+00 (  1.13e+02,  1.62e+02)
35      0.074   2.17e-01   2.77e-01   1.19e-01   8.29e-01   0.00e+00 (  1.23e+02,  1.60e+02)
40      0.085   2.38e-01   3.42e-01   1.73e-01   1.02e+00   0.00e+00 (  1.16e+02,  1.51e+02)
45      0.109   2.63e-01   4.24e-01   1.71e-01   1.39e+00   0.00e+00 (  1.10e+02,  1.39e+02)
50      0.125   2.84e-01   5.10e-01   2.13e-01   1.67e+00   0.00e+00 (  1.00e+02,  1.24e+02)
55      0.146   3.19e-01   6.16e-01   3.20e-01   2.03e+00   0.00e+00 (  9.68e+01,  1.10e+02)
60      0.138   3.14e-01   5.96e-01   3.72e-01   1.97e+00   0.00e+00 (  8.14e+01,  9.73e+01)
65      0.144   3.29e-01   6.37e-01   4.49e-01   2.12e+00   0.00e+00 (  7.29e+01,  8.56e+01)
70      0.156   3.53e-01   7.11e-01   5.47e-01   2.34e+00   0.00e+00 (  6.70e+01,  7.55e+01)
75      0.153   3.57e-01   7.09e-01   5.82e-01   2.35e+00   0.00e+00 (  6.05e+01,  6.73e+01)
80      0.143   3.54e-01   6.84e-01   5.82e-01   2.31e+00   0.00e+00 (  5.54e+01,  6.08e+01)
85      0.137   3.42e-01   6.44e-01   5.42e-01   2.67e+00   0.00e+00 (  5.06e+01,  5.59e+01)
90      0.145   3.49e-01   5.36e-01   3.65e-01   5.14e+00   0.00e+00 (  4.69e+01,  5.21e+01)
95      0.170   3.56e-01   5.22e-01   3.55e-01   1.06e+01   0.00e+00 (  1.12e+02,  4.82e+01)
25 e: 8.023e-05 i: 8.820e-05 :: e: 1.870e-02 i: 2.483e-02 :: n: 2.762e+01 e:21.002 i:23.858 v:4.993e+03
>>> tau_he = 5.000000, nhe(0)=2.498937e+00
 5     -0.007   5.43e-03   3.44e-01   3.86e-03  -3.28e-02   0.00e+00 (  1.85e+00,  4.22e+01)
10     -0.016   2.70e-02   7.17e-02   5.61e-03  -9.68e-02   0.00e+00 (  1.73e+01,  8.16e+01)
15     -0.029   7.87e-02   3.84e-02   4.20e-03  -2.09e-01   0.00e+00 (  5.85e+01,  1.16e+02)
20      0.035   1.16e-01   9.55e-02   1.30e-02   2.94e-01   0.00e+00 (  8.38e+01,  1.39e+02)
25      0.035   1.46e-01   1.27e-01   2.74e-02   3.28e-01   0.00e+00 (  1.01e+02,  1.55e+02)
30      0.045   1.74e-01   1.72e-01   4.11e-02   4.63e-01   0.00e+00 (  1.11e+02,  1.62e+02)
35      0.049   1.84e-01   2.05e-01   8.05e-02   5.45e-01   0.00e+00 (  1.03e+02,  1.60e+02)
40      0.080   2.33e-01   3.25e-01   1.66e-01   9.57e-01   0.00e+00 (  1.13e+02,  1.51e+02)
45      0.104   2.57e-01   4.01e-01   1.62e-01   1.32e+00   0.00e+00 (  1.06e+02,  1.39e+02)
50      0.120   2.78e-01   4.82e-01   1.99e-01   1.60e+00   0.00e+00 (  9.70e+01,  1.24e+02)
55      0.105   2.65e-01   4.47e-01   2.44e-01   1.46e+00   0.00e+00 (  7.96e+01,  1.10e+02)
60      0.134   3.05e-01   5.68e-01   3.54e-01   1.92e+00   0.00e+00 (  7.84e+01,  9.73e+01)
65      0.142   3.22e-01   6.13e-01   4.31e-01   2.09e+00   0.00e+00 (  7.06e+01,  8.56e+01)
70      0.155   3.47e-01   6.91e-01   5.31e-01   2.33e+00   0.00e+00 (  6.51e+01,  7.55e+01)
75      0.154   3.53e-01   6.94e-01   5.70e-01   2.37e+00   0.00e+00 (  5.90e+01,  6.73e+01)
80      0.146   3.52e-01   6.77e-01   5.75e-01   2.35e+00   0.00e+00 (  5.43e+01,  6.08e+01)
85      0.140   3.42e-01   6.41e-01   5.39e-01   2.72e+00   0.00e+00 (  4.99e+01,  5.59e+01)
90      0.148   3.53e-01   5.42e-01   3.71e-01   5.22e+00   0.00e+00 (  4.67e+01,  5.21e+01)
95      0.171   3.56e-01   5.22e-01   3.55e-01   1.07e+01   0.00e+00 (  1.12e+02,  4.82e+01)
26 e: 1.614e-04 i: 4.901e-05 :: e: 1.094e-02 i: 1.976e-02 :: n: 2.762e+01 e:20.817 i:24.029 v:4.993e+03
>>> tau_he = 5.000000, nhe(0)=2.491944e+00
 5     -0.007   5.39e-03   3.41e-01   3.91e-03  -3.26e-02   0.00e+00 (  1.85e+00,  4.22e+01)
10     -0.017   2.75e-02   7.41e-02   5.79e-03  -1.00e-01   0.00e+00 (  1.77e+01,  8.16e+01)
15     -0.030   8.00e-02   4.10e-02   4.19e-03  -2.15e-01   0.00e+00 (  5.99e+01,  1.16e+02)
20      0.036   1.17e-01   9.93e-02   1.39e-02   3.00e-01   0.00e+00 (  8.53e+01,  1.39e+02)
25      0.036   1.48e-01   1.32e-01   2.83e-02   3.34e-01   0.00e+00 (  1.03e+02,  1.55e+02)
30      0.047   1.77e-01   1.79e-01   4.28e-02   4.82e-01   0.00e+00 (  1.14e+02,  1.62e+02)
35      0.075   2.18e-01   2.78e-01   1.19e-01   8.37e-01   0.00e+00 (  1.25e+02,  1.60e+02)
40      0.085   2.39e-01   3.42e-01   1.72e-01   1.02e+00   0.00e+00 (  1.17e+02,  1.51e+02)
45      0.109   2.64e-01   4.24e-01   1.71e-01   1.39e+00   0.00e+00 (  1.10e+02,  1.39e+02)
50      0.126   2.86e-01   5.11e-01   2.13e-01   1.67e+00   0.00e+00 (  1.01e+02,  1.24e+02)
55      0.147   3.21e-01   6.19e-01   3.21e-01   2.04e+00   0.00e+00 (  9.79e+01,  1.10e+02)
60      0.139   3.16e-01   6.00e-01   3.74e-01   1.98e+00   0.00e+00 (  8.24e+01,  9.73e+01)
65      0.145   3.31e-01   6.41e-01   4.52e-01   2.13e+00   0.00e+00 (  7.39e+01,  8.56e+01)
70      0.157   3.55e-01   7.16e-01   5.51e-01   2.36e+00   0.00e+00 (  6.79e+01,  7.55e+01)
75      0.154   3.60e-01   7.14e-01   5.86e-01   2.37e+00   0.00e+00 (  6.14e+01,  6.73e+01)
80      0.145   3.58e-01   6.90e-01   5.87e-01   2.33e+00   0.00e+00 (  5.62e+01,  6.08e+01)
85      0.138   3.46e-01   6.50e-01   5.47e-01   2.69e+00   0.00e+00 (  5.15e+01,  5.59e+01)
90      0.146   3.51e-01   5.41e-01   3.69e-01   5.17e+00   0.00e+00 (  4.76e+01,  5.21e+01)
95      0.170   3.56e-01   5.22e-01   3.55e-01   1.06e+01   0.00e+00 (  1.13e+02,  4.82e+01)
27 e: 8.702e-05 i: 8.536e-05 :: e: 2.115e-02 i: 2.687e-02 :: n: 2.762e+01 e:21.055 i:23.936 v:4.993e+03
>>> tau_he = 5.000000, nhe(0)=2.504460e+00
 5     -0.007   5.48e-03   3.48e-01   3.88e-03  -3.30e-02   0.00e+00 (  1.86e+00,  4.22e+01)
10     -0.005   2.73e-02   6.91e-02   4.13e-03  -2.74e-02   0.00e+00 (  1.75e+01,  8.16e+01)
15     -0.029   7.92e-02   3.85e-02   4.22e-03  -2.07e-01   0.00e+00 (  5.88e+01,  1.16e+02)
20      0.036   1.17e-01   9.55e-02   1.34e-02   3.00e-01   0.00e+00 (  8.41e+01,  1.39e+02)
25      0.035   1.47e-01   1.27e-01   2.73e-02   3.31e-01   0.00e+00 (  1.01e+02,  1.55e+02)
30      0.045   1.75e-01   1.73e-01   4.08e-02   4.65e-01   0.00e+00 (  1.12e+02,  1.62e+02)
35      0.072   2.14e-01   2.65e-01   1.13e-01   8.03e-01   0.00e+00 (  1.21e+02,  1.60e+02)
40      0.080   2.34e-01   3.25e-01   1.65e-01   9.60e-01   0.00e+00 (  1.13e+02,  1.51e+02)
45      0.104   2.58e-01   4.00e-01   1.62e-01   1.32e+00   0.00e+00 (  1.06e+02,  1.39e+02)
50      0.121   2.80e-01   4.82e-01   2.00e-01   1.61e+00   0.00e+00 (  9.79e+01,  1.24e+02)
55      0.106   2.67e-01   4.48e-01   2.44e-01   1.47e+00   0.00e+00 (  8.04e+01,  1.10e+02)
60      0.135   3.07e-01   5.70e-01   3.55e-01   1.93e+00   0.00e+00 (  7.93e+01,  9.73e+01)
65      0.143   3.24e-01   6.16e-01   4.33e-01   2.10e+00   0.00e+00 (  7.14e+01,  8.56e+01)
70      0.156   3.50e-01   6.96e-01   5.34e-01   2.35e+00   0.00e+00 (  6.59e+01,  7.55e+01)
75      0.155   3.56e-01   6.99e-01   5.74e-01   2.38e+00   0.00e+00 (  5.98e+01,  6.73e+01)
80      0.147   3.55e-01   6.82e-01   5.79e-01   2.37e+00   0.00e+00 (  5.50e+01,  6.08e+01)
85      0.141   3.45e-01   6.47e-01   5.44e-01   2.75e+00   0.00e+00 (  5.06e+01,  5.59e+01)
90      0.149   3.55e-01   5.46e-01   3.74e-01   5.26e+00   0.00e+00 (  4.74e+01,  5.21e+01)
95      0.171   3.56e-01   5.22e-01   3.55e-01   1.07e+01   0.00e+00 (  1.12e+02,  4.82e+01)
28 e: 1.522e-04 i: 4.838e-05 :: e: 1.079e-02 i: 1.765e-02 :: n: 2.762e+01 e:20.866 i:24.105 v:4.993e+03
>>> tau_he = 5.000000, nhe(0)=2.496483e+00
 5     -0.007   5.43e-03   3.44e-01   3.92e-03  -3.28e-02   0.00e+00 (  1.86e+00,  4.22e+01)
10     -0.017   2.76e-02   7.43e-02   5.82e-03  -1.01e-01   0.00e+00 (  1.78e+01,  8.16e+01)
15     -0.025   8.04e-02   4.03e-02   4.38e-03  -1.76e-01   0.00e+00 (  6.01e+01,  1.16e+02)
20      0.036   1.18e-01   9.96e-02   1.39e-02   3.02e-01   0.00e+00 (  8.56e+01,  1.39e+02)
25      0.036   1.48e-01   1.33e-01   2.83e-02   3.37e-01   0.00e+00 (  1.03e+02,  1.55e+02)
30      0.047   1.78e-01   1.80e-01   4.27e-02   4.84e-01   0.00e+00 (  1.15e+02,  1.62e+02)
35      0.074   2.18e-01   2.77e-01   1.18e-01   8.32e-01   0.00e+00 (  1.24e+02,  1.60e+02)
40      0.085   2.40e-01   3.42e-01   1.72e-01   1.02e+00   0.00e+00 (  1.18e+02,  1.51e+02)
45      0.109   2.66e-01   4.24e-01   1.71e-01   1.39e+00   0.00e+00 (  1.11e+02,  1.39e+02)
50      0.126   2.87e-01   5.12e-01   2.14e-01   1.68e+00   0.00e+00 (  1.02e+02,  1.24e+02)
55      0.148   3.23e-01   6.21e-01   3.22e-01   2.05e+00   0.00e+00 (  9.90e+01,  1.10e+02)
60      0.139   3.18e-01   6.02e-01   3.76e-01   1.99e+00   0.00e+00 (  8.33e+01,  9.73e+01)
65      0.146   3.33e-01   6.45e-01   4.54e-01   2.14e+00   0.00e+00 (  7.47e+01,  8.56e+01)
70      0.158   3.58e-01   7.21e-01   5.54e-01   2.37e+00   0.00e+00 (  6.87e+01,  7.55e+01)
75      0.155   3.63e-01   7.19e-01   5.90e-01   2.38e+00   0.00e+00 (  6.22e+01,  6.73e+01)
80      0.146   3.60e-01   6.96e-01   5.92e-01   2.35e+00   0.00e+00 (  5.70e+01,  6.08e+01)
85      0.139   3.48e-01   6.55e-01   5.51e-01   2.71e+00   0.00e+00 (  5.22e+01,  5.59e+01)
90      0.147   3.53e-01   5.44e-01   3.72e-01   5.21e+00   0.00e+00 (  4.82e+01,  5.21e+01)
95      0.170   3.56e-01   5.22e-01   3.55e-01   1.06e+01   0.00e+00 (  1.13e+02,  4.82e+01)
29 e: 9.741e-05 i: 7.939e-05 :: e: 2.218e-02 i: 2.750e-02 :: n: 2.762e+01 e:21.097 i:23.998 v:4.993e+03
>>> tau_he = 5.000000, nhe(0)=2.508263e+00
 5     -0.007   5.51e-03   3.50e-01   3.89e-03  -3.31e-02   0.00e+00 (  1.88e+00,  4.22e+01)
10     -0.005   2.74e-02   6.93e-02   4.14e-03  -2.74e-02   0.00e+00 (  1.76e+01,  8.16e+01)
15     -0.029   7.95e-02   3.88e-02   4.22e-03  -2.05e-01   0.00e+00 (  5.90e+01,  1.16e+02)
20      0.036   1.17e-01   9.57e-02   1.34e-02   3.02e-01   0.00e+00 (  8.43e+01,  1.39e+02)
25      0.036   1.47e-01   1.28e-01   2.73e-02   3.33e-01   0.00e+00 (  1.01e+02,  1.55e+02)
30      0.045   1.75e-01   1.73e-01   4.07e-02   4.67e-01   0.00e+00 (  1.12e+02,  1.62e+02)
35      0.049   1.85e-01   2.05e-01   8.02e-02   5.47e-01   0.00e+00 (  1.04e+02,  1.60e+02)
40      0.080   2.34e-01   3.25e-01   1.64e-01   9.62e-01   0.00e+00 (  1.14e+02,  1.51e+02)
45      0.104   2.58e-01   4.00e-01   1.62e-01   1.32e+00   0.00e+00 (  1.07e+02,  1.39e+02)
50      0.121   2.81e-01   4.83e-01   2.00e-01   1.61e+00   0.00e+00 (  9.87e+01,  1.24e+02)
55      0.106   2.68e-01   4.49e-01   2.45e-01   1.47e+00   0.00e+00 (  8.11e+01,  1.10e+02)
60      0.136   3.09e-01   5.72e-01   3.56e-01   1.94e+00   0.00e+00 (  8.00e+01,  9.73e+01)
65      0.144   3.26e-01   6.19e-01   4.35e-01   2.11e+00   0.00e+00 (  7.21e+01,  8.56e+01)
70      0.157   3.52e-01   6.99e-01   5.37e-01   2.36e+00   0.00e+00 (  6.66e+01,  7.55e+01)
75      0.156   3.58e-01   7.04e-01   5.77e-01   2.39e+00   0.00e+00 (  6.05e+01,  6.73e+01)
80      0.148   3.58e-01   6.86e-01   5.83e-01   2.38e+00   0.00e+00 (  5.57e+01,  6.08e+01)
85      0.142   3.48e-01   6.51e-01   5.48e-01   2.76e+00   0.00e+00 (  5.13e+01,  5.59e+01)
90      0.150   3.56e-01   5.49e-01   3.77e-01   5.29e+00   0.00e+00 (  4.79e+01,  5.21e+01)
95      0.171   3.56e-01   5.22e-01   3.55e-01   1.07e+01   0.00e+00 (  1.12e+02,  4.82e+01)
30 e: 1.490e-04 i: 5.818e-05 :: e: 1.291e-02 i: 2.079e-02 :: n: 2.762e+01 e:20.894 i:24.157 v:4.993e+03
>>> tau_he = 5.000000, nhe(0)=2.500262e+00
 5     -0.007   5.46e-03   3.47e-01   3.94e-03  -3.30e-02   0.00e+00 (  1.88e+00,  4.22e+01)
10     -0.017   2.76e-02   7.43e-02   5.82e-03  -1.00e-01   0.00e+00 (  1.78e+01,  8.16e+01)
15     -0.024   8.07e-02   4.04e-02   4.40e-03  -1.74e-01   0.00e+00 (  6.03e+01,  1.16e+02)
20      0.037   1.18e-01   9.96e-02   1.39e-02   3.05e-01   0.00e+00 (  8.58e+01,  1.39e+02)
25      0.036   1.49e-01   1.33e-01   2.82e-02   3.39e-01   0.00e+00 (  1.03e+02,  1.55e+02)
30      0.047   1.78e-01   1.80e-01   4.24e-02   4.86e-01   0.00e+00 (  1.15e+02,  1.62e+02)
35      0.075   2.19e-01   2.78e-01   1.19e-01   8.40e-01   0.00e+00 (  1.25e+02,  1.60e+02)
40      0.085   2.40e-01   3.43e-01   1.71e-01   1.02e+00   0.00e+00 (  1.18e+02,  1.51e+02)
45      0.109   2.66e-01   4.24e-01   1.71e-01   1.39e+00   0.00e+00 (  1.12e+02,  1.39e+02)
50      0.127   2.88e-01   5.13e-01   2.14e-01   1.68e+00   0.00e+00 (  1.03e+02,  1.24e+02)
55      0.148   3.24e-01   6.23e-01   3.23e-01   2.06e+00   0.00e+00 (  9.96e+01,  1.10e+02)
60      0.140   3.19e-01   6.04e-01   3.77e-01   2.00e+00   0.00e+00 (  8.39e+01,  9.73e+01)
65      0.146   3.35e-01   6.47e-01   4.56e-01   2.15e+00   0.00e+00 (  7.53e+01,  8.56e+01)
70      0.158   3.60e-01   7.24e-01   5.55e-01   2.38e+00   0.00e+00 (  6.94e+01,  7.55e+01)
75      0.156   3.65e-01   7.23e-01   5.93e-01   2.39e+00   0.00e+00 (  6.28e+01,  6.73e+01)
80      0.146   3.63e-01   7.00e-01   5.95e-01   2.36e+00   0.00e+00 (  5.76e+01,  6.08e+01)
85      0.140   3.50e-01   6.59e-01   5.54e-01   2.72e+00   0.00e+00 (  5.28e+01,  5.59e+01)
90      0.148   3.54e-01   5.48e-01   3.74e-01   5.23e+00   0.00e+00 (  4.88e+01,  5.21e+01)
95      0.170   3.56e-01   5.22e-01   3.55e-01   1.06e+01   0.00e+00 (  1.13e+02,  4.82e+01)
31 e: 1.037e-04 i: 7.638e-05 :: e: 2.275e-02 i: 2.796e-02 :: n: 2.762e+01 e:21.126 i:24.050 v:4.993e+03
>>> tau_he = 5.000000, nhe(0)=2.511965e+00
 5     -0.007   5.54e-03   3.53e-01   3.90e-03  -3.33e-02   0.00e+00 (  1.89e+00,  4.22e+01)
10     -0.005   2.74e-02   6.93e-02   4.14e-03  -2.73e-02   0.00e+00 (  1.76e+01,  8.16e+01)
15     -0.028   7.99e-02   3.89e-02   4.23e-03  -2.03e-01   0.00e+00 (  5.92e+01,  1.16e+02)
20      0.037   1.17e-01   9.57e-02   1.34e-02   3.04e-01   0.00e+00 (  8.45e+01,  1.39e+02)
25      0.036   1.48e-01   1.28e-01   2.73e-02   3.35e-01   0.00e+00 (  1.02e+02,  1.55e+02)
30      0.045   1.75e-01   1.73e-01   4.04e-02   4.69e-01   0.00e+00 (  1.12e+02,  1.62e+02)
35      0.049   1.86e-01   2.06e-01   7.98e-02   5.50e-01   0.00e+00 (  1.05e+02,  1.60e+02)
40      0.080   2.35e-01   3.25e-01   1.64e-01   9.64e-01   0.00e+00 (  1.14e+02,  1.51e+02)
45      0.104   2.59e-01   4.00e-01   1.62e-01   1.33e+00   0.00e+00 (  1.07e+02,  1.39e+02)
50      0.121   2.82e-01   4.84e-01   2.00e-01   1.61e+00   0.00e+00 (  9.92e+01,  1.24e+02)
55      0.106   2.69e-01   4.50e-01   2.45e-01   1.47e+00   0.00e+00 (  8.15e+01,  1.10e+02)
60      0.136   3.10e-01   5.74e-01   3.57e-01   1.95e+00   0.00e+00 (  8.05e+01,  9.73e+01)
65      0.144   3.27e-01   6.21e-01   4.36e-01   2.12e+00   0.00e+00 (  7.26e+01,  8.56e+01)
70      0.157   3.53e-01   7.02e-01   5.39e-01   2.37e+00   0.00e+00 (  6.71e+01,  7.55e+01)
75      0.156   3.60e-01   7.06e-01   5.79e-01   2.40e+00   0.00e+00 (  6.09e+01,  6.73e+01)
80      0.148   3.59e-01   6.89e-01   5.86e-01   2.39e+00   0.00e+00 (  5.62e+01,  6.08e+01)
85      0.142   3.49e-01   6.54e-01   5.49e-01   2.77e+00   0.00e+00 (  5.17e+01,  5.59e+01)
90      0.150   3.58e-01   5.52e-01   3.79e-01   5.31e+00   0.00e+00 (  4.84e+01,  5.21e+01)
95      0.171   3.56e-01   5.22e-01   3.55e-01   1.07e+01   0.00e+00 (  1.13e+02,  4.82e+01)
32 e: 1.434e-04 i: 6.081e-05 :: e: 1.249e-02 i: 2.047e-02 :: n: 2.762e+01 e:20.923 i:24.208 v:4.993e+03
>>> tau_he = 5.000000, nhe(0)=2.503737e+00
 5     -0.007   5.49e-03   3.50e-01   3.95e-03  -3.31e-02   0.00e+00 (  1.89e+00,  4.22e+01)
10     -0.017   2.77e-02   7.44e-02   5.81e-03  -1.00e-01   0.00e+00 (  1.79e+01,  8.16e+01)
15     -0.024   8.10e-02   4.06e-02   4.41e-03  -1.72e-01   0.00e+00 (  6.05e+01,  1.16e+02)
20      0.037   1.18e-01   9.97e-02   1.38e-02   3.07e-01   0.00e+00 (  8.60e+01,  1.39e+02)
25      0.036   1.49e-01   1.33e-01   2.82e-02   3.40e-01   0.00e+00 (  1.04e+02,  1.55e+02)
30      0.047   1.79e-01   1.80e-01   4.22e-02   4.88e-01   0.00e+00 (  1.16e+02,  1.62e+02)
35      0.076   2.21e-01   2.79e-01   1.19e-01   8.46e-01   0.00e+00 (  1.26e+02,  1.60e+02)
40      0.086   2.41e-01   3.43e-01   1.71e-01   1.03e+00   0.00e+00 (  1.19e+02,  1.51e+02)
45      0.110   2.67e-01   4.24e-01   1.71e-01   1.39e+00   0.00e+00 (  1.12e+02,  1.39e+02)
50      0.127   2.89e-01   5.14e-01   2.14e-01   1.69e+00   0.00e+00 (  1.03e+02,  1.24e+02)
55      0.149   3.25e-01   6.24e-01   3.24e-01   2.06e+00   0.00e+00 (  1.00e+02,  1.10e+02)
60      0.140   3.20e-01   6.06e-01   3.78e-01   2.01e+00   0.00e+00 (  8.44e+01,  9.73e+01)
65      0.147   3.36e-01   6.49e-01   4.57e-01   2.16e+00   0.00e+00 (  7.58e+01,  8.56e+01)
70      0.159   3.61e-01   7.26e-01   5.57e-01   2.39e+00   0.00e+00 (  6.98e+01,  7.55e+01)
75      0.156   3.66e-01   7.26e-01   5.95e-01   2.40e+00   0.00e+00 (  6.32e+01,  6.73e+01)
80      0.147   3.64e-01   7.02e-01   5.97e-01   2.36e+00   0.00e+00 (  5.80e+01,  6.08e+01)
85      0.140   3.52e-01   6.62e-01   5.57e-01   2.74e+00   0.00e+00 (  5.32e+01,  5.59e+01)
90      0.149   3.56e-01   5.50e-01   3.76e-01   5.25e+00   0.00e+00 (  4.92e+01,  5.21e+01)
95      0.170   3.56e-01   5.22e-01   3.55e-01   1.06e+01   0.00e+00 (  1.13e+02,  4.82e+01)
33 e: 1.106e-04 i: 7.350e-05 :: e: 2.258e-02 i: 2.790e-02 :: n: 2.762e+01 e:21.154 i:24.097 v:4.993e+03
>>> tau_he = 5.000000, nhe(0)=2.515114e+00
 5     -0.007   5.57e-03   3.56e-01   3.91e-03  -3.34e-02   0.00e+00 (  1.90e+00,  4.22e+01)
10     -0.005   2.75e-02   6.93e-02   4.15e-03  -2.73e-02   0.00e+00 (  1.76e+01,  8.16e+01)
15     -0.028   8.02e-02   3.90e-02   4.23e-03  -2.02e-01   0.00e+00 (  5.94e+01,  1.16e+02)
20      0.037   1.17e-01   9.58e-02   1.34e-02   3.06e-01   0.00e+00 (  8.46e+01,  1.39e+02)
25      0.036   1.48e-01   1.28e-01   2.72e-02   3.37e-01   0.00e+00 (  1.02e+02,  1.55e+02)
30      0.046   1.76e-01   1.73e-01   4.02e-02   4.70e-01   0.00e+00 (  1.13e+02,  1.62e+02)
35      0.072   2.16e-01   2.66e-01   1.13e-01   8.11e-01   0.00e+00 (  1.23e+02,  1.60e+02)
40      0.081   2.36e-01   3.26e-01   1.63e-01   9.67e-01   0.00e+00 (  1.15e+02,  1.51e+02)
45      0.105   2.59e-01   4.00e-01   1.62e-01   1.33e+00   0.00e+00 (  1.08e+02,  1.39e+02)
50      0.122   2.80e-01   4.84e-01   2.00e-01   1.62e+00   0.00e+00 (  9.90e+01,  1.24e+02)
55      0.107   2.70e-01   4.51e-01   2.46e-01   1.48e+00   0.00e+00 (  8.19e+01,  1.10e+02)
60      0.136   3.11e-01   5.75e-01   3.58e-01   1.95e+00   0.00e+00 (  8.08e+01,  9.73e+01)
65      0.144   3.28e-01   6.22e-01   4.37e-01   2.12e+00   0.00e+00 (  7.29e+01,  8.56e+01)
70      0.158   3.54e-01   7.03e-01   5.40e-01   2.37e+00   0.00e+00 (  6.74e+01,  7.55e+01)
75      0.157   3.61e-01   7.08e-01   5.81e-01   2.41e+00   0.00e+00 (  6.12e+01,  6.73e+01)
80      0.149   3.61e-01   6.92e-01   5.87e-01   2.40e+00   0.00e+00 (  5.65e+01,  6.08e+01)
85      0.143   3.50e-01   6.56e-01   5.51e-01   2.78e+00   0.00e+00 (  5.21e+01,  5.59e+01)
90      0.151   3.59e-01   5.54e-01   3.80e-01   5.33e+00   0.00e+00 (  4.87e+01,  5.21e+01)
95      0.171   3.56e-01   5.22e-01   3.55e-01   1.07e+01   0.00e+00 (  1.13e+02,  4.82e+01)
34 e: 1.352e-04 i: 6.041e-05 :: e: 1.078e-02 i: 1.747e-02 :: n: 2.762e+01 e:20.946 i:24.252 v:4.993e+03
>>> tau_he = 5.000000, nhe(0)=2.505698e+00
 5     -0.007   5.50e-03   3.51e-01   3.96e-03  -3.33e-02   0.00e+00 (  1.90e+00,  4.22e+01)
10     -0.017   2.78e-02   7.45e-02   5.81e-03  -1.00e-01   0.00e+00 (  1.79e+01,  8.16e+01)
15     -0.024   8.13e-02   4.09e-02   4.41e-03  -1.71e-01   0.00e+00 (  6.07e+01,  1.16e+02)
20      0.037   1.19e-01   9.99e-02   1.39e-02   3.08e-01   0.00e+00 (  8.61e+01,  1.39e+02)
25      0.037   1.49e-01   1.33e-01   2.82e-02   3.42e-01   0.00e+00 (  1.04e+02,  1.55e+02)
30      0.047   1.79e-01   1.80e-01   4.21e-02   4.89e-01   0.00e+00 (  1.16e+02,  1.62e+02)
35      0.075   2.20e-01   2.78e-01   1.18e-01   8.40e-01   0.00e+00 (  1.26e+02,  1.60e+02)
40      0.086   2.41e-01   3.43e-01   1.70e-01   1.03e+00   0.00e+00 (  1.19e+02,  1.51e+02)
45      0.110   2.67e-01   4.25e-01   1.71e-01   1.39e+00   0.00e+00 (  1.12e+02,  1.39e+02)
50      0.127   2.90e-01   5.15e-01   2.15e-01   1.69e+00   0.00e+00 (  1.04e+02,  1.24e+02)
55      0.149   3.26e-01   6.25e-01   3.24e-01   2.07e+00   0.00e+00 (  1.01e+02,  1.10e+02)
60      0.140   3.21e-01   6.07e-01   3.78e-01   2.01e+00   0.00e+00 (  8.47e+01,  9.73e+01)
65      0.147   3.37e-01   6.50e-01   4.58e-01   2.16e+00   0.00e+00 (  7.61e+01,  8.56e+01)
70      0.159   3.62e-01   7.28e-01   5.58e-01   2.39e+00   0.00e+00 (  7.01e+01,  7.55e+01)
75      0.156   3.67e-01   7.27e-01   5.97e-01   2.41e+00   0.00e+00 (  6.34e+01,  6.73e+01)
80      0.147   3.65e-01   7.04e-01   5.99e-01   2.37e+00   0.00e+00 (  5.83e+01,  6.08e+01)
85      0.141   3.53e-01   6.64e-01   5.58e-01   2.74e+00   0.00e+00 (  5.35e+01,  5.59e+01)
90      0.149   3.57e-01   5.52e-01   3.77e-01   5.27e+00   0.00e+00 (  4.94e+01,  5.21e+01)
95      0.170   3.56e-01   5.22e-01   3.55e-01   1.06e+01   0.00e+00 (  1.13e+02,  4.82e+01)
35 e: 1.207e-04 i: 6.849e-05 :: e: 2.143e-02 i: 2.688e-02 :: n: 2.762e+01 e:21.169 i:24.124 v:4.993e+03
>>> tau_he = 5.000000, nhe(0)=2.516361e+00
 5     -0.007   5.58e-03   3.57e-01   3.92e-03  -3.35e-02   0.00e+00 (  1.91e+00,  4.22e+01)
10     -0.005   2.75e-02   6.94e-02   4.16e-03  -2.73e-02   0.00e+00 (  1.77e+01,  8.16e+01)
15     -0.028   8.03e-02   3.92e-02   4.23e-03  -2.01e-01   0.00e+00 (  5.94e+01,  1.16e+02)
20      0.037   1.17e-01   9.59e-02   1.34e-02   3.07e-01   0.00e+00 (  8.47e+01,  1.39e+02)
25      0.036   1.48e-01   1.28e-01   2.72e-02   3.38e-01   0.00e+00 (  1.02e+02,  1.55e+02)
30      0.046   1.76e-01   1.73e-01   4.03e-02   4.71e-01   0.00e+00 (  1.13e+02,  1.62e+02)
35      0.049   1.86e-01   2.06e-01   7.98e-02   5.51e-01   0.00e+00 (  1.05e+02,  1.60e+02)
40      0.081   2.36e-01   3.25e-01   1.63e-01   9.68e-01   0.00e+00 (  1.15e+02,  1.51e+02)
45      0.105   2.60e-01   4.01e-01   1.62e-01   1.33e+00   0.00e+00 (  1.08e+02,  1.39e+02)
50      0.122   2.81e-01   4.85e-01   2.00e-01   1.62e+00   0.00e+00 (  9.93e+01,  1.24e+02)
55      0.107   2.70e-01   4.51e-01   2.46e-01   1.48e+00   0.00e+00 (  8.21e+01,  1.10e+02)
60      0.136   3.11e-01   5.76e-01   3.58e-01   1.95e+00   0.00e+00 (  8.11e+01,  9.73e+01)
65      0.144   3.28e-01   6.23e-01   4.38e-01   2.13e+00   0.00e+00 (  7.31e+01,  8.56e+01)
70      0.158   3.55e-01   7.05e-01   5.41e-01   2.38e+00   0.00e+00 (  6.77e+01,  7.55e+01)
75      0.157   3.61e-01   7.10e-01   5.82e-01   2.41e+00   0.00e+00 (  6.14e+01,  6.73e+01)
80      0.149   3.61e-01   6.93e-01   5.89e-01   2.40e+00   0.00e+00 (  5.67e+01,  6.08e+01)
85      0.143   3.51e-01   6.58e-01   5.53e-01   2.79e+00   0.00e+00 (  5.23e+01,  5.59e+01)
90      0.151   3.59e-01   5.55e-01   3.82e-01   5.34e+00   0.00e+00 (  4.89e+01,  5.21e+01)
95      0.171   3.56e-01   5.22e-01   3.55e-01   1.07e+01   0.00e+00 (  1.13e+02,  4.82e+01)
36 e: 1.340e-04 i: 6.932e-05 :: e: 1.150e-02 i: 2.006e-02 :: n: 2.762e+01 e:20.949 i:24.270 v:4.993e+03
>>> tau_he = 5.000000, nhe(0)=2.506994e+00
 5     -0.007   5.52e-03   3.53e-01   3.96e-03  -3.33e-02   0.00e+00 (  1.90e+00,  4.22e+01)
10     -0.017   2.78e-02   7.44e-02   5.80e-03  -1.00e-01   0.00e+00 (  1.80e+01,  8.16e+01)
15     -0.024   8.14e-02   4.09e-02   4.42e-03  -1.70e-01   0.00e+00 (  6.07e+01,  1.16e+02)
20      0.028   1.16e-01   9.79e-02   8.73e-03   2.31e-01   0.00e+00 (  8.39e+01,  1.39e+02)
25      0.037   1.49e-01   1.33e-01   2.81e-02   3.43e-01   0.00e+00 (  1.04e+02,  1.55e+02)
30      0.047   1.79e-01   1.80e-01   4.21e-02   4.90e-01   0.00e+00 (  1.16e+02,  1.62e+02)
35      0.076   2.21e-01   2.79e-01   1.19e-01   8.46e-01   0.00e+00 (  1.26e+02,  1.60e+02)
40      0.086   2.42e-01   3.44e-01   1.70e-01   1.03e+00   0.00e+00 (  1.19e+02,  1.51e+02)
45      0.110   2.67e-01   4.25e-01   1.71e-01   1.39e+00   0.00e+00 (  1.12e+02,  1.39e+02)
50      0.127   2.90e-01   5.15e-01   2.15e-01   1.69e+00   0.00e+00 (  1.04e+02,  1.24e+02)
55      0.149   3.26e-01   6.26e-01   3.24e-01   2.07e+00   0.00e+00 (  1.01e+02,  1.10e+02)
60      0.141   3.21e-01   6.08e-01   3.79e-01   2.01e+00   0.00e+00 (  8.49e+01,  9.73e+01)
65      0.147   3.37e-01   6.51e-01   4.58e-01   2.16e+00   0.00e+00 (  7.62e+01,  8.56e+01)
70      0.159   3.63e-01   7.28e-01   5.59e-01   2.39e+00   0.00e+00 (  7.03e+01,  7.55e+01)
75      0.156   3.68e-01   7.28e-01   5.98e-01   2.41e+00   0.00e+00 (  6.36e+01,  6.73e+01)
80      0.147   3.66e-01   7.05e-01   6.00e-01   2.37e+00   0.00e+00 (  5.84e+01,  6.08e+01)
85      0.141   3.54e-01   6.65e-01   5.60e-01   2.75e+00   0.00e+00 (  5.37e+01,  5.59e+01)
90      0.149   3.57e-01   5.53e-01   3.78e-01   5.28e+00   0.00e+00 (  4.96e+01,  5.21e+01)
95      0.170   3.56e-01   5.22e-01   3.55e-01   1.06e+01   0.00e+00 (  1.13e+02,  4.82e+01)
37 e: 1.246e-04 i: 6.733e-05 :: e: 2.016e-02 i: 2.591e-02 :: n: 2.762e+01 e:21.174 i:24.142 v:4.993e+03
>>> tau_he = 5.000000, nhe(0)=2.517793e+00
 5     -0.007   5.59e-03   3.58e-01   3.92e-03  -3.36e-02   0.00e+00 (  1.91e+00,  4.22e+01)
10     -0.005   2.75e-02   6.93e-02   4.15e-03  -2.72e-02   0.00e+00 (  1.77e+01,  8.16e+01)
15     -0.028   8.05e-02   3.93e-02   4.24e-03  -2.00e-01   0.00e+00 (  5.95e+01,  1.16e+02)
20      0.037   1.17e-01   9.58e-02   1.51e-02   3.05e-01   0.00e+00 (  8.45e+01,  1.39e+02)
25      0.036   1.48e-01   1.28e-01   2.72e-02   3.38e-01   0.00e+00 (  1.02e+02,  1.55e+02)
30      0.046   1.76e-01   1.73e-01   4.01e-02   4.72e-01   0.00e+00 (  1.13e+02,  1.62e+02)
35      0.072   2.16e-01   2.66e-01   1.13e-01   8.10e-01   0.00e+00 (  1.22e+02,  1.60e+02)
40      0.081   2.36e-01   3.26e-01   1.63e-01   9.70e-01   0.00e+00 (  1.15e+02,  1.51e+02)
45      0.105   2.60e-01   4.00e-01   1.62e-01   1.33e+00   0.00e+00 (  1.08e+02,  1.39e+02)
50      0.122   2.81e-01   4.85e-01   2.00e-01   1.62e+00   0.00e+00 (  9.94e+01,  1.24e+02)
55      0.107   2.70e-01   4.51e-01   2.46e-01   1.48e+00   0.00e+00 (  8.22e+01,  1.10e+02)
60      0.136   3.11e-01   5.76e-01   3.58e-01   1.95e+00   0.00e+00 (  8.11e+01,  9.73e+01)
65      0.144   3.28e-01   6.23e-01   4.38e-01   2.13e+00   0.00e+00 (  7.32e+01,  8.56e+01)
70      0.158   3.55e-01   7.05e-01   5.41e-01   2.38e+00   0.00e+00 (  6.77e+01,  7.55e+01)
75      0.157   3.62e-01   7.10e-01   5.82e-01   2.41e+00   0.00e+00 (  6.15e+01,  6.73e+01)
80      0.149   3.62e-01   6.94e-01   5.89e-01   2.40e+00   0.00e+00 (  5.68e+01,  6.08e+01)
85      0.143   3.52e-01   6.59e-01   5.53e-01   2.79e+00   0.00e+00 (  5.24e+01,  5.59e+01)
90      0.151   3.60e-01   5.56e-01   3.82e-01   5.35e+00   0.00e+00 (  4.91e+01,  5.21e+01)
95      0.171   3.56e-01   5.22e-01   3.55e-01   1.07e+01   0.00e+00 (  1.13e+02,  4.82e+01)
38 e: 1.278e-04 i: 6.681e-05 :: e: 9.040e-03 i: 1.684e-02 :: n: 2.762e+01 e:20.956 i:24.290 v:4.993e+03
>>> tau_he = 5.000000, nhe(0)=2.507594e+00
 5     -0.007   5.52e-03   3.53e-01   3.97e-03  -3.34e-02   0.00e+00 (  1.91e+00,  4.22e+01)
10     -0.017   2.78e-02   7.45e-02   5.81e-03  -1.01e-01   0.00e+00 (  1.80e+01,  8.16e+01)
15     -0.024   8.16e-02   4.11e-02   4.42e-03  -1.69e-01   0.00e+00 (  6.07e+01,  1.16e+02)
20      0.028   1.16e-01   9.81e-02   8.77e-03   2.30e-01   0.00e+00 (  8.41e+01,  1.39e+02)
25      0.037   1.49e-01   1.33e-01   2.82e-02   3.43e-01   0.00e+00 (  1.04e+02,  1.55e+02)
30      0.048   1.79e-01   1.80e-01   4.21e-02   4.90e-01   0.00e+00 (  1.16e+02,  1.62e+02)
35      0.075   2.20e-01   2.77e-01   1.18e-01   8.40e-01   0.00e+00 (  1.26e+02,  1.60e+02)
40      0.086   2.42e-01   3.44e-01   1.70e-01   1.03e+00   0.00e+00 (  1.19e+02,  1.51e+02)
45      0.110   2.68e-01   4.25e-01   1.71e-01   1.40e+00   0.00e+00 (  1.13e+02,  1.39e+02)
50      0.127   2.90e-01   5.16e-01   2.15e-01   1.70e+00   0.00e+00 (  1.04e+02,  1.24e+02)
55      0.149   3.26e-01   6.26e-01   3.25e-01   2.07e+00   0.00e+00 (  1.01e+02,  1.10e+02)
60      0.141   3.21e-01   6.08e-01   3.79e-01   2.01e+00   0.00e+00 (  8.50e+01,  9.73e+01)
65      0.147   3.37e-01   6.51e-01   4.58e-01   2.16e+00   0.00e+00 (  7.63e+01,  8.56e+01)
70      0.159   3.63e-01   7.29e-01   5.59e-01   2.39e+00   0.00e+00 (  7.04e+01,  7.55e+01)
75      0.157   3.68e-01   7.29e-01   5.98e-01   2.41e+00   0.00e+00 (  6.36e+01,  6.73e+01)
80      0.147   3.66e-01   7.06e-01   6.00e-01   2.37e+00   0.00e+00 (  5.85e+01,  6.08e+01)
85      0.141   3.54e-01   6.66e-01   5.60e-01   2.75e+00   0.00e+00 (  5.38e+01,  5.59e+01)
90      0.149   3.57e-01   5.53e-01   3.79e-01   5.28e+00   0.00e+00 (  4.98e+01,  5.21e+01)
95      0.170   3.56e-01   5.22e-01   3.55e-01   1.06e+01   0.00e+00 (  1.13e+02,  4.82e+01)
39 e: 1.324e-04 i: 6.412e-05 :: e: 1.841e-02 i: 2.444e-02 :: n: 2.762e+01 e:21.176 i:24.151 v:4.993e+03
>>> tau_he = 5.000000, nhe(0)=2.517881e+00
 5     -0.007   5.59e-03   3.59e-01   3.92e-03  -3.36e-02   0.00e+00 (  1.92e+00,  4.22e+01)
10     -0.005   2.76e-02   6.94e-02   4.16e-03  -2.73e-02   0.00e+00 (  1.77e+01,  8.16e+01)
15     -0.028   8.05e-02   3.94e-02   4.23e-03  -1.99e-01   0.00e+00 (  5.95e+01,  1.16e+02)
20      0.037   1.17e-01   9.59e-02   1.51e-02   3.05e-01   0.00e+00 (  8.45e+01,  1.39e+02)
25      0.036   1.48e-01   1.28e-01   2.72e-02   3.39e-01   0.00e+00 (  1.02e+02,  1.55e+02)
30      0.046   1.76e-01   1.73e-01   4.02e-02   4.72e-01   0.00e+00 (  1.12e+02,  1.62e+02)
35      0.049   1.86e-01   2.05e-01   7.98e-02   5.51e-01   0.00e+00 (  1.05e+02,  1.60e+02)
40      0.081   2.36e-01   3.26e-01   1.63e-01   9.70e-01   0.00e+00 (  1.15e+02,  1.51e+02)
45      0.105   2.60e-01   4.01e-01   1.62e-01   1.33e+00   0.00e+00 (  1.08e+02,  1.39e+02)
50      0.122   2.81e-01   4.85e-01   2.01e-01   1.62e+00   0.00e+00 (  9.95e+01,  1.24e+02)
55      0.107   2.70e-01   4.51e-01   2.46e-01   1.48e+00   0.00e+00 (  8.22e+01,  1.10e+02)
60      0.136   3.11e-01   5.76e-01   3.58e-01   1.95e+00   0.00e+00 (  8.11e+01,  9.73e+01)
65      0.145   3.28e-01   6.23e-01   4.38e-01   2.13e+00   0.00e+00 (  7.32e+01,  8.56e+01)
70      0.158   3.55e-01   7.05e-01   5.41e-01   2.38e+00   0.00e+00 (  6.77e+01,  7.55e+01)
75      0.157   3.62e-01   7.10e-01   5.82e-01   2.41e+00   0.00e+00 (  6.15e+01,  6.73e+01)
80      0.149   3.62e-01   6.94e-01   5.89e-01   2.40e+00   0.00e+00 (  5.68e+01,  6.08e+01)
85      0.143   3.52e-01   6.59e-01   5.54e-01   2.79e+00   0.00e+00 (  5.24e+01,  5.59e+01)
90      0.151   3.60e-01   5.56e-01   3.82e-01   5.36e+00   0.00e+00 (  4.91e+01,  5.21e+01)
95      0.171   3.56e-01   5.22e-01   3.55e-01   1.07e+01   0.00e+00 (  1.13e+02,  4.82e+01)
40 e: 1.293e-04 i: 7.531e-05 :: e: 1.094e-02 i: 1.989e-02 :: n: 2.762e+01 e:20.948 i:24.291 v:4.993e+03
>>> tau_he = 5.000000, nhe(0)=2.507917e+00
 5     -0.007   5.52e-03   3.54e-01   3.97e-03  -3.34e-02   0.00e+00 (  1.91e+00,  4.22e+01)
10     -0.017   2.78e-02   7.44e-02   5.80e-03  -1.00e-01   0.00e+00 (  1.80e+01,  8.16e+01)
15     -0.023   8.16e-02   4.12e-02   4.43e-03  -1.68e-01   0.00e+00 (  6.07e+01,  1.16e+02)
20      0.028   1.16e-01   9.80e-02   8.76e-03   2.30e-01   0.00e+00 (  8.41e+01,  1.39e+02)
25      0.037   1.49e-01   1.33e-01   2.81e-02   3.43e-01   0.00e+00 (  1.04e+02,  1.55e+02)
30      0.048   1.79e-01   1.80e-01   4.21e-02   4.91e-01   0.00e+00 (  1.16e+02,  1.62e+02)
35      0.075   2.20e-01   2.79e-01   1.18e-01   8.45e-01   0.00e+00 (  1.26e+02,  1.60e+02)
40      0.086   2.42e-01   3.44e-01   1.70e-01   1.03e+00   0.00e+00 (  1.19e+02,  1.51e+02)
45      0.110   2.67e-01   4.25e-01   1.71e-01   1.40e+00   0.00e+00 (  1.12e+02,  1.39e+02)
50      0.127   2.90e-01   5.15e-01   2.15e-01   1.70e+00   0.00e+00 (  1.04e+02,  1.24e+02)
55      0.149   3.26e-01   6.26e-01   3.25e-01   2.07e+00   0.00e+00 (  1.01e+02,  1.10e+02)
60      0.141   3.21e-01   6.08e-01   3.79e-01   2.01e+00   0.00e+00 (  8.49e+01,  9.73e+01)
65      0.147   3.37e-01   6.51e-01   4.58e-01   2.16e+00   0.00e+00 (  7.62e+01,  8.56e+01)
70      0.159   3.63e-01   7.28e-01   5.59e-01   2.39e+00   0.00e+00 (  7.03e+01,  7.55e+01)
75      0.156   3.68e-01   7.28e-01   5.98e-01   2.41e+00   0.00e+00 (  6.36e+01,  6.73e+01)
80      0.147   3.66e-01   7.06e-01   6.00e-01   2.37e+00   0.00e+00 (  5.85e+01,  6.08e+01)
85      0.141   3.54e-01   6.66e-01   5.60e-01   2.75e+00   0.00e+00 (  5.38e+01,  5.59e+01)
90      0.149   3.57e-01   5.54e-01   3.79e-01   5.29e+00   0.00e+00 (  4.97e+01,  5.21e+01)
95      0.170   3.56e-01   5.22e-01   3.55e-01   1.06e+01   0.00e+00 (  1.13e+02,  4.82e+01)
41 e: 1.343e-04 i: 6.430e-05 :: e: 1.706e-02 i: 2.343e-02 :: n: 2.762e+01 e:21.172 i:24.155 v:4.993e+03
>>> tau_he = 5.000000, nhe(0)=2.518404e+00
 5     -0.007   5.60e-03   3.59e-01   3.93e-03  -3.37e-02   0.00e+00 (  1.92e+00,  4.22e+01)
10     -0.005   2.75e-02   6.93e-02   4.15e-03  -2.72e-02   0.00e+00 (  1.77e+01,  8.16e+01)
15     -0.028   8.05e-02   3.94e-02   4.24e-03  -1.98e-01   0.00e+00 (  5.95e+01,  1.16e+02)
20      0.037   1.17e-01   9.58e-02   1.51e-02   3.05e-01   0.00e+00 (  8.46e+01,  1.39e+02)
25      0.036   1.48e-01   1.28e-01   2.72e-02   3.39e-01   0.00e+00 (  1.02e+02,  1.55e+02)
30      0.046   1.76e-01   1.73e-01   4.02e-02   4.73e-01   0.00e+00 (  1.13e+02,  1.62e+02)
35      0.049   1.86e-01   2.06e-01   7.96e-02   5.54e-01   0.00e+00 (  1.05e+02,  1.60e+02)
40      0.081   2.36e-01   3.26e-01   1.63e-01   9.71e-01   0.00e+00 (  1.15e+02,  1.51e+02)
45      0.105   2.60e-01   4.01e-01   1.62e-01   1.33e+00   0.00e+00 (  1.08e+02,  1.39e+02)
50      0.122   2.81e-01   4.85e-01   2.01e-01   1.62e+00   0.00e+00 (  9.94e+01,  1.24e+02)
55      0.107   2.70e-01   4.51e-01   2.46e-01   1.48e+00   0.00e+00 (  8.21e+01,  1.10e+02)
60      0.136   3.11e-01   5.75e-01   3.58e-01   1.95e+00   0.00e+00 (  8.10e+01,  9.73e+01)
65      0.144   3.28e-01   6.22e-01   4.37e-01   2.12e+00   0.00e+00 (  7.31e+01,  8.56e+01)
70      0.158   3.55e-01   7.04e-01   5.41e-01   2.38e+00   0.00e+00 (  6.76e+01,  7.55e+01)
75      0.157   3.61e-01   7.10e-01   5.82e-01   2.41e+00   0.00e+00 (  6.14e+01,  6.73e+01)
80      0.149   3.62e-01   6.93e-01   5.89e-01   2.40e+00   0.00e+00 (  5.67e+01,  6.08e+01)
85      0.143   3.52e-01   6.59e-01   5.53e-01   2.79e+00   0.00e+00 (  5.24e+01,  5.59e+01)
90      0.151   3.60e-01   5.56e-01   3.82e-01   5.35e+00   0.00e+00 (  4.91e+01,  5.21e+01)
95      0.171   3.56e-01   5.22e-01   3.55e-01   1.07e+01   0.00e+00 (  1.13e+02,  4.82e+01)
42 e: 1.288e-04 i: 7.536e-05 :: e: 1.080e-02 i: 1.982e-02 :: n: 2.762e+01 e:20.948 i:24.298 v:4.993e+03
>>> tau_he = 5.000000, nhe(0)=2.508494e+00
 5     -0.007   5.53e-03   3.55e-01   3.97e-03  -3.35e-02   0.00e+00 (  1.91e+00,  4.22e+01)
10     -0.017   2.78e-02   7.44e-02   5.80e-03  -1.00e-01   0.00e+00 (  1.80e+01,  8.16e+01)
15     -0.023   8.16e-02   4.12e-02   4.43e-03  -1.68e-01   0.00e+00 (  6.07e+01,  1.16e+02)
20      0.028   1.16e-01   9.80e-02   8.76e-03   2.30e-01   0.00e+00 (  8.41e+01,  1.39e+02)
25      0.037   1.49e-01   1.33e-01   2.81e-02   3.44e-01   0.00e+00 (  1.04e+02,  1.55e+02)
30      0.048   1.79e-01   1.80e-01   4.20e-02   4.92e-01   0.00e+00 (  1.16e+02,  1.62e+02)
35      0.076   2.21e-01   2.80e-01   1.19e-01   8.50e-01   0.00e+00 (  1.27e+02,  1.60e+02)
40      0.086   2.42e-01   3.44e-01   1.71e-01   1.04e+00   0.00e+00 (  1.19e+02,  1.51e+02)
45      0.110   2.67e-01   4.25e-01   1.71e-01   1.40e+00   0.00e+00 (  1.12e+02,  1.39e+02)
50      0.127   2.90e-01   5.16e-01   2.15e-01   1.70e+00   0.00e+00 (  1.04e+02,  1.24e+02)
55      0.149   3.26e-01   6.26e-01   3.25e-01   2.07e+00   0.00e+00 (  1.01e+02,  1.10e+02)
60      0.140   3.21e-01   6.08e-01   3.79e-01   2.01e+00   0.00e+00 (  8.48e+01,  9.73e+01)
65      0.147   3.37e-01   6.51e-01   4.58e-01   2.16e+00   0.00e+00 (  7.61e+01,  8.56e+01)
70      0.159   3.62e-01   7.28e-01   5.58e-01   2.39e+00   0.00e+00 (  7.02e+01,  7.55e+01)
75      0.156   3.67e-01   7.28e-01   5.97e-01   2.40e+00   0.00e+00 (  6.35e+01,  6.73e+01)
80      0.147   3.66e-01   7.05e-01   5.99e-01   2.37e+00   0.00e+00 (  5.84e+01,  6.08e+01)
85      0.141   3.54e-01   6.65e-01   5.60e-01   2.75e+00   0.00e+00 (  5.37e+01,  5.59e+01)
90      0.149   3.57e-01   5.53e-01   3.79e-01   5.28e+00   0.00e+00 (  4.97e+01,  5.21e+01)
95      0.170   3.56e-01   5.22e-01   3.55e-01   1.06e+01   0.00e+00 (  1.13e+02,  4.82e+01)
43 e: 1.362e-04 i: 6.481e-05 :: e: 1.588e-02 i: 2.253e-02 :: n: 2.762e+01 e:21.173 i:24.163 v:4.993e+03
>>> tau_he = 5.000000, nhe(0)=2.518952e+00
 5     -0.007   5.60e-03   3.60e-01   3.93e-03  -3.37e-02   0.00e+00 (  1.92e+00,  4.22e+01)
10     -0.005   2.76e-02   6.93e-02   4.15e-03  -2.72e-02   0.00e+00 (  1.77e+01,  8.16e+01)
15     -0.028   8.06e-02   3.95e-02   4.24e-03  -1.97e-01   0.00e+00 (  5.95e+01,  1.16e+02)
20      0.037   1.17e-01   9.59e-02   1.51e-02   3.05e-01   0.00e+00 (  8.46e+01,  1.39e+02)
25      0.036   1.48e-01   1.28e-01   2.72e-02   3.39e-01   0.00e+00 (  1.02e+02,  1.55e+02)
30      0.046   1.76e-01   1.73e-01   4.01e-02   4.73e-01   0.00e+00 (  1.13e+02,  1.62e+02)
35      0.073   2.16e-01   2.66e-01   1.13e-01   8.14e-01   0.00e+00 (  1.22e+02,  1.60e+02)
40      0.081   2.36e-01   3.26e-01   1.63e-01   9.72e-01   0.00e+00 (  1.15e+02,  1.51e+02)
45      0.105   2.60e-01   4.01e-01   1.62e-01   1.33e+00   0.00e+00 (  1.08e+02,  1.39e+02)
50      0.122   2.81e-01   4.85e-01   2.01e-01   1.62e+00   0.00e+00 (  9.93e+01,  1.24e+02)
55      0.107   2.70e-01   4.51e-01   2.46e-01   1.48e+00   0.00e+00 (  8.20e+01,  1.10e+02)
60      0.136   3.11e-01   5.75e-01   3.58e-01   1.95e+00   0.00e+00 (  8.09e+01,  9.73e+01)
65      0.144   3.28e-01   6.22e-01   4.37e-01   2.12e+00   0.00e+00 (  7.29e+01,  8.56e+01)
70      0.158   3.54e-01   7.04e-01   5.40e-01   2.37e+00   0.00e+00 (  6.75e+01,  7.55e+01)
75      0.157   3.61e-01   7.09e-01   5.81e-01   2.41e+00   0.00e+00 (  6.13e+01,  6.73e+01)
80      0.149   3.61e-01   6.93e-01   5.88e-01   2.40e+00   0.00e+00 (  5.66e+01,  6.08e+01)
85      0.143   3.51e-01   6.58e-01   5.53e-01   2.79e+00   0.00e+00 (  5.23e+01,  5.59e+01)
90      0.151   3.60e-01   5.56e-01   3.82e-01   5.35e+00   0.00e+00 (  4.91e+01,  5.21e+01)
95      0.171   3.56e-01   5.22e-01   3.55e-01   1.07e+01   0.00e+00 (  1.13e+02,  4.82e+01)
44 e: 1.255e-04 i: 7.215e-05 :: e: 9.064e-03 i: 1.718e-02 :: n: 2.762e+01 e:20.948 i:24.306 v:4.993e+03
>>> tau_he = 5.000000, nhe(0)=2.508147e+00
 5     -0.007   5.53e-03   3.55e-01   3.97e-03  -3.35e-02   0.00e+00 (  1.91e+00,  4.22e+01)
10     -0.017   2.78e-02   7.45e-02   5.81e-03  -1.01e-01   0.00e+00 (  1.80e+01,  8.16e+01)
15     -0.023   8.17e-02   4.14e-02   4.43e-03  -1.67e-01   0.00e+00 (  6.07e+01,  1.16e+02)
20      0.028   1.16e-01   9.82e-02   8.80e-03   2.30e-01   0.00e+00 (  8.42e+01,  1.39e+02)
25      0.037   1.49e-01   1.33e-01   2.82e-02   3.44e-01   0.00e+00 (  1.04e+02,  1.55e+02)
30      0.048   1.79e-01   1.80e-01   4.21e-02   4.92e-01   0.00e+00 (  1.16e+02,  1.62e+02)
35      0.075   2.20e-01   2.78e-01   1.18e-01   8.43e-01   0.00e+00 (  1.26e+02,  1.60e+02)
40      0.086   2.42e-01   3.44e-01   1.71e-01   1.03e+00   0.00e+00 (  1.19e+02,  1.51e+02)
45      0.110   2.68e-01   4.26e-01   1.71e-01   1.40e+00   0.00e+00 (  1.12e+02,  1.39e+02)
50      0.128   2.90e-01   5.16e-01   2.15e-01   1.70e+00   0.00e+00 (  1.04e+02,  1.24e+02)
55      0.149   3.26e-01   6.26e-01   3.25e-01   2.07e+00   0.00e+00 (  1.01e+02,  1.10e+02)
60      0.141   3.21e-01   6.08e-01   3.79e-01   2.01e+00   0.00e+00 (  8.47e+01,  9.73e+01)
65      0.147   3.37e-01   6.51e-01   4.58e-01   2.16e+00   0.00e+00 (  7.61e+01,  8.56e+01)
70      0.159   3.62e-01   7.27e-01   5.58e-01   2.39e+00   0.00e+00 (  7.01e+01,  7.55e+01)
75      0.156   3.67e-01   7.27e-01   5.97e-01   2.40e+00   0.00e+00 (  6.34e+01,  6.73e+01)
80      0.147   3.65e-01   7.04e-01   5.99e-01   2.37e+00   0.00e+00 (  5.83e+01,  6.08e+01)
85      0.141   3.54e-01   6.65e-01   5.59e-01   2.75e+00   0.00e+00 (  5.36e+01,  5.59e+01)
90      0.149   3.57e-01   5.53e-01   3.78e-01   5.28e+00   0.00e+00 (  4.97e+01,  5.21e+01)
95      0.170   3.56e-01   5.22e-01   3.55e-01   1.06e+01   0.00e+00 (  1.13e+02,  4.82e+01)
45 e: 1.415e-04 i: 6.316e-05 :: e: 1.441e-02 i: 2.119e-02 :: n: 2.762e+01 e:21.168 i:24.158 v:4.993e+03
>>> tau_he = 5.000000, nhe(0)=2.518178e+00
 5     -0.007   5.59e-03   3.60e-01   3.93e-03  -3.37e-02   0.00e+00 (  1.92e+00,  4.22e+01)
10     -0.005   2.76e-02   6.93e-02   4.16e-03  -2.73e-02   0.00e+00 (  1.77e+01,  8.16e+01)
15     -0.027   8.06e-02   3.96e-02   4.23e-03  -1.97e-01   0.00e+00 (  5.94e+01,  1.16e+02)
20      0.037   1.17e-01   9.59e-02   1.51e-02   3.04e-01   0.00e+00 (  8.46e+01,  1.39e+02)
25      0.036   1.48e-01   1.28e-01   2.72e-02   3.39e-01   0.00e+00 (  1.02e+02,  1.55e+02)
30      0.046   1.76e-01   1.73e-01   4.02e-02   4.73e-01   0.00e+00 (  1.12e+02,  1.62e+02)
35      0.049   1.86e-01   2.06e-01   7.98e-02   5.52e-01   0.00e+00 (  1.05e+02,  1.60e+02)
40      0.081   2.36e-01   3.26e-01   1.63e-01   9.72e-01   0.00e+00 (  1.14e+02,  1.51e+02)
45      0.105   2.60e-01   4.01e-01   1.62e-01   1.33e+00   0.00e+00 (  1.08e+02,  1.39e+02)
50      0.122   2.83e-01   4.85e-01   2.01e-01   1.62e+00   0.00e+00 (  9.99e+01,  1.24e+02)
55      0.107   2.70e-01   4.51e-01   2.46e-01   1.48e+00   0.00e+00 (  8.20e+01,  1.10e+02)
60      0.136   3.11e-01   5.75e-01   3.58e-01   1.95e+00   0.00e+00 (  8.08e+01,  9.73e+01)
65      0.144   3.28e-01   6.22e-01   4.37e-01   2.12e+00   0.00e+00 (  7.29e+01,  8.56e+01)
70      0.158   3.54e-01   7.03e-01   5.40e-01   2.37e+00   0.00e+00 (  6.74e+01,  7.55e+01)
75      0.157   3.61e-01   7.08e-01   5.81e-01   2.41e+00   0.00e+00 (  6.12e+01,  6.73e+01)
80      0.149   3.61e-01   6.92e-01   5.88e-01   2.40e+00   0.00e+00 (  5.65e+01,  6.08e+01)
85      0.143   3.51e-01   6.57e-01   5.52e-01   2.79e+00   0.00e+00 (  5.22e+01,  5.59e+01)
90      0.151   3.60e-01   5.56e-01   3.82e-01   5.35e+00   0.00e+00 (  4.90e+01,  5.21e+01)
95      0.171   3.56e-01   5.22e-01   3.55e-01   1.07e+01   0.00e+00 (  1.13e+02,  4.82e+01)
46 e: 1.292e-04 i: 7.856e-05 :: e: 1.147e-02 i: 2.046e-02 :: n: 2.762e+01 e:20.934 i:24.295 v:4.993e+03
>>> tau_he = 5.000000, nhe(0)=2.507707e+00
 5     -0.007   5.52e-03   3.55e-01   3.97e-03  -3.35e-02   0.00e+00 (  1.91e+00,  4.22e+01)
10     -0.017   2.78e-02   7.44e-02   5.80e-03  -1.01e-01   0.00e+00 (  1.80e+01,  8.16e+01)
15     -0.023   8.16e-02   4.14e-02   4.44e-03  -1.67e-01   0.00e+00 (  6.06e+01,  1.16e+02)
20      0.028   1.16e-01   9.81e-02   8.79e-03   2.30e-01   0.00e+00 (  8.41e+01,  1.39e+02)
25      0.037   1.49e-01   1.33e-01   2.81e-02   3.43e-01   0.00e+00 (  1.04e+02,  1.55e+02)
30      0.048   1.79e-01   1.80e-01   4.21e-02   4.92e-01   0.00e+00 (  1.16e+02,  1.62e+02)
35      0.076   2.20e-01   2.79e-01   1.19e-01   8.48e-01   0.00e+00 (  1.26e+02,  1.60e+02)
40      0.086   2.41e-01   3.44e-01   1.71e-01   1.04e+00   0.00e+00 (  1.19e+02,  1.51e+02)
45      0.110   2.67e-01   4.25e-01   1.71e-01   1.40e+00   0.00e+00 (  1.12e+02,  1.39e+02)
50      0.127   2.90e-01   5.16e-01   2.15e-01   1.70e+00   0.00e+00 (  1.04e+02,  1.24e+02)
55      0.149   3.26e-01   6.26e-01   3.25e-01   2.07e+00   0.00e+00 (  1.01e+02,  1.10e+02)
60      0.140   3.21e-01   6.07e-01   3.79e-01   2.01e+00   0.00e+00 (  8.46e+01,  9.73e+01)
65      0.147   3.36e-01   6.50e-01   4.57e-01   2.16e+00   0.00e+00 (  7.59e+01,  8.56e+01)
70      0.159   3.62e-01   7.27e-01   5.58e-01   2.39e+00   0.00e+00 (  7.00e+01,  7.55e+01)
75      0.156   3.67e-01   7.26e-01   5.96e-01   2.40e+00   0.00e+00 (  6.33e+01,  6.73e+01)
80      0.147   3.65e-01   7.04e-01   5.98e-01   2.37e+00   0.00e+00 (  5.82e+01,  6.08e+01)
85      0.141   3.53e-01   6.64e-01   5.59e-01   2.74e+00   0.00e+00 (  5.35e+01,  5.59e+01)
90      0.149   3.57e-01   5.53e-01   3.78e-01   5.28e+00   0.00e+00 (  4.97e+01,  5.21e+01)
95      0.170   3.56e-01   5.22e-01   3.55e-01   1.06e+01   0.00e+00 (  1.13e+02,  4.82e+01)
47 e: 1.409e-04 i: 6.468e-05 :: e: 1.348e-02 i: 2.048e-02 :: n: 2.762e+01 e:21.158 i:24.152 v:4.993e+03
>>> tau_he = 5.000000, nhe(0)=2.518064e+00
 5     -0.007   5.59e-03   3.60e-01   3.93e-03  -3.37e-02   0.00e+00 (  1.92e+00,  4.22e+01)
10     -0.005   2.76e-02   6.93e-02   4.15e-03  -2.73e-02   0.00e+00 (  1.77e+01,  8.16e+01)
15     -0.027   8.05e-02   3.96e-02   4.24e-03  -1.96e-01   0.00e+00 (  5.94e+01,  1.16e+02)
20      0.037   1.17e-01   9.58e-02   1.51e-02   3.04e-01   0.00e+00 (  8.46e+01,  1.39e+02)
25      0.036   1.48e-01   1.28e-01   2.72e-02   3.39e-01   0.00e+00 (  1.02e+02,  1.55e+02)
30      0.046   1.76e-01   1.73e-01   4.02e-02   4.73e-01   0.00e+00 (  1.12e+02,  1.62e+02)
35      0.072   2.16e-01   2.66e-01   1.13e-01   8.11e-01   0.00e+00 (  1.22e+02,  1.60e+02)
40      0.081   2.35e-01   3.26e-01   1.63e-01   9.72e-01   0.00e+00 (  1.14e+02,  1.51e+02)
45      0.105   2.59e-01   4.01e-01   1.62e-01   1.33e+00   0.00e+00 (  1.07e+02,  1.39e+02)
50      0.122   2.81e-01   4.85e-01   2.01e-01   1.62e+00   0.00e+00 (  9.90e+01,  1.24e+02)
55      0.107   2.70e-01   4.51e-01   2.46e-01   1.48e+00   0.00e+00 (  8.18e+01,  1.10e+02)
60      0.136   3.10e-01   5.74e-01   3.58e-01   1.95e+00   0.00e+00 (  8.06e+01,  9.73e+01)
65      0.144   3.27e-01   6.21e-01   4.36e-01   2.12e+00   0.00e+00 (  7.27e+01,  8.56e+01)
70      0.158   3.54e-01   7.02e-01   5.39e-01   2.37e+00   0.00e+00 (  6.73e+01,  7.55e+01)
75      0.156   3.60e-01   7.07e-01   5.80e-01   2.41e+00   0.00e+00 (  6.11e+01,  6.73e+01)
80      0.149   3.60e-01   6.91e-01   5.87e-01   2.40e+00   0.00e+00 (  5.64e+01,  6.08e+01)
85      0.143   3.51e-01   6.57e-01   5.52e-01   2.78e+00   0.00e+00 (  5.21e+01,  5.59e+01)
90      0.151   3.59e-01   5.55e-01   3.82e-01   5.34e+00   0.00e+00 (  4.90e+01,  5.21e+01)
95      0.171   3.56e-01   5.22e-01   3.55e-01   1.07e+01   0.00e+00 (  1.13e+02,  4.82e+01)
48 e: 1.271e-04 i: 7.361e-05 :: e: 9.867e-03 i: 1.780e-02 :: n: 2.762e+01 e:20.928 i:24.294 v:4.993e+03
>>> tau_he = 5.000000, nhe(0)=2.506978e+00
 5     -0.007   5.52e-03   3.55e-01   3.97e-03  -3.35e-02   0.00e+00 (  1.91e+00,  4.22e+01)
10     -0.017   2.78e-02   7.45e-02   5.81e-03  -1.01e-01   0.00e+00 (  1.80e+01,  8.16e+01)
15     -0.023   8.16e-02   4.15e-02   4.43e-03  -1.66e-01   0.00e+00 (  6.06e+01,  1.16e+02)
20      0.028   1.16e-01   9.82e-02   8.82e-03   2.29e-01   0.00e+00 (  8.41e+01,  1.39e+02)
25      0.037   1.49e-01   1.33e-01   2.82e-02   3.43e-01   0.00e+00 (  1.04e+02,  1.55e+02)
30      0.048   1.79e-01   1.80e-01   4.23e-02   4.92e-01   0.00e+00 (  1.15e+02,  1.62e+02)
35      0.075   2.20e-01   2.77e-01   1.18e-01   8.41e-01   0.00e+00 (  1.25e+02,  1.60e+02)
40      0.086   2.41e-01   3.44e-01   1.71e-01   1.03e+00   0.00e+00 (  1.19e+02,  1.51e+02)
45      0.110   2.67e-01   4.26e-01   1.71e-01   1.40e+00   0.00e+00 (  1.12e+02,  1.39e+02)
50      0.128   2.90e-01   5.16e-01   2.15e-01   1.70e+00   0.00e+00 (  1.04e+02,  1.24e+02)
55      0.149   3.26e-01   6.26e-01   3.25e-01   2.07e+00   0.00e+00 (  1.00e+02,  1.10e+02)
60      0.140   3.20e-01   6.07e-01   3.79e-01   2.01e+00   0.00e+00 (  8.45e+01,  9.73e+01)
65      0.147   3.36e-01   6.50e-01   4.57e-01   2.16e+00   0.00e+00 (  7.58e+01,  8.56e+01)
70      0.158   3.61e-01   7.26e-01   5.57e-01   2.38e+00   0.00e+00 (  6.99e+01,  7.55e+01)
75      0.156   3.66e-01   7.26e-01   5.95e-01   2.40e+00   0.00e+00 (  6.32e+01,  6.73e+01)
80      0.147   3.64e-01   7.03e-01   5.98e-01   2.37e+00   0.00e+00 (  5.81e+01,  6.08e+01)
85      0.141   3.53e-01   6.63e-01   5.58e-01   2.74e+00   0.00e+00 (  5.34e+01,  5.59e+01)
90      0.149   3.57e-01   5.52e-01   3.78e-01   5.27e+00   0.00e+00 (  4.96e+01,  5.21e+01)
95      0.170   3.56e-01   5.22e-01   3.55e-01   1.06e+01   0.00e+00 (  1.13e+02,  4.82e+01)
49 e: 1.448e-04 i: 6.398e-05 :: e: 1.243e-02 i: 1.940e-02 :: n: 2.762e+01 e:21.150 i:24.142 v:4.993e+03
 plasma volume = 147.829064
 stored energy(e,i,b) = 4.485836e+01 4.038771e+01 0.000000e+00
 betan = 0.971976
*power
 Pnb(e,i) = 0.000000e+00 0.000000e+00
 Prf(e,i) = 1.234998e+01 2.766684e+01
 Prad     = -3.773394e+01 
 Pei      = 1.217159e+01 
 Pfuse    = 3.570031e+01 
 Pfusi    = 1.090548e+01 
 Poh      = 0.000000e+00 
*confinement time
 taut, tauITER98y2, H98y2 : 1.743677e+00 2.143885e+00 8.133258e-01
 taue, taui : 1.994775e+00 -3.189925e+01
 taut, tau89, H89 : 1.743677e+00 9.850338e-01 1.770170e+00
*temperature
 nea, nebar : 1.864533e+01 2.143676e+01 
 tea, tia : 5.818960e+00 6.086987e+00 (9.559671e-01)
 te0, ti0 : 1.838538e+01 2.144450e+01 (8.573468e-01)
 Sn : 0.000000e+00 
*current balance
 Ip,Ibs,Inb,Irf: 1.000000e+01 1.563335e+00 0.000000e+00 1.395932e-01
 fni,fbs: 0.170 0.156

 plasma volume = 147.829064
 stored energy(e,i,b) = 4.485836e+01 4.038771e+01 0.000000e+00
 betan = 0.971976
*power
 Pnb(e,i) = 0.000000e+00 0.000000e+00
 Prf(e,i) = 1.234998e+01 2.766684e+01
 Prad     = -3.773394e+01 
 Pei      = 1.217159e+01 
 Pfuse    = 3.570031e+01 
 Pfusi    = 1.090548e+01 
 Poh      = 0.000000e+00 
*confinement time
 taut, tauITER98y2, H98y2 : 1.743677e+00 2.143885e+00 8.133258e-01
 taue, taui : 1.994775e+00 -3.189925e+01
 taut, tau89, H89 : 1.743677e+00 9.850338e-01 1.770170e+00
*temperature
 nea, nebar : 1.864533e+01 2.143676e+01 
 tea, tia : 5.818960e+00 6.086987e+00 (9.559671e-01)
 te0, ti0 : 1.838538e+01 2.144450e+01 (8.573468e-01)
 Sn : 0.000000e+00 
*current balance
 Ip,Ibs,Inb,Irf: 1.000000e+01 1.563335e+00 0.000000e+00 1.395932e-01
 fni,fbs: 0.170 0.156
 ELAPASED TIME = 1762 sec
