NCAPTC: : NetCDF: Variable not found
Warning: ieee_overflow is signaling
Warning: ieee_underflow is signaling
Warning: ieee_inexact is signaling
FORTRAN STOP
 solver
 /global/common/software/atom/perlmutter/data/greentable/
 /global/common/software/atom/perlmutter/data/greentable/

          EFITD Version  07/09/2014


 type mode (2=file, 3=snap, 4=time, 5=input, 6=com file, 7=snap_ext):

 number of time slices?

 type input file names:
 #
 table_dir = </global/common/software/atom/perlmutter/data/greentable/>

  ----- time =     0 ms ----- ( 0)
 it=  1 chi2=0.00E+00 zm= 7.53E-03 err=5.202E+00 dz= 7.535E-03 chigam= 0.00E+00
 it=  2 chi2=0.00E+00 zm= 1.07E-02 err=8.684E-01 dz= 3.132E-03 chigam= 0.00E+00
 it=  3 chi2=0.00E+00 zm= 1.30E-02 err=4.744E-01 dz= 2.333E-03 chigam= 0.00E+00
 it=  4 chi2=0.00E+00 zm= 1.47E-02 err=2.724E-01 dz= 1.742E-03 chigam= 0.00E+00
 it=  5 chi2=0.00E+00 zm= 1.61E-02 err=1.628E-01 dz= 1.318E-03 chigam= 0.00E+00
 it=  6 chi2=0.00E+00 zm= 1.71E-02 err=1.011E-01 dz= 1.005E-03 chigam= 0.00E+00
 it=  7 chi2=0.00E+00 zm= 1.78E-02 err=6.427E-02 dz= 7.659E-04 chigam= 0.00E+00
 it=  8 chi2=0.00E+00 zm= 1.84E-02 err=3.718E-02 dz= 5.680E-04 chigam= 0.00E+00
 it=  9 chi2=0.00E+00 zm= 1.88E-02 err=2.018E-02 dz= 4.180E-04 chigam= 0.00E+00
 it= 10 chi2=0.00E+00 zm= 1.91E-02 err=1.241E-02 dz= 3.120E-04 chigam= 0.00E+00
 it= 11 chi2=0.00E+00 zm= 1.94E-02 err=7.907E-03 dz= 2.286E-04 chigam= 0.00E+00
 it= 12 chi2=0.00E+00 zm= 1.95E-02 err=5.219E-03 dz= 1.676E-04 chigam= 0.00E+00
 it= 13 chi2=0.00E+00 zm= 1.97E-02 err=8.017E-03 dz= 1.295E-04 chigam= 0.00E+00
 it= 14 chi2=0.00E+00 zm= 1.97E-02 err=4.824E-03 dz= 9.563E-05 chigam= 0.00E+00
 it= 15 chi2=0.00E+00 zm= 1.98E-02 err=2.958E-03 dz= 7.035E-05 chigam= 0.00E+00
 it= 16 chi2=0.00E+00 zm= 1.99E-02 err=1.849E-03 dz= 5.159E-05 chigam= 0.00E+00
 it= 17 chi2=0.00E+00 zm= 1.99E-02 err=1.178E-03 dz= 3.775E-05 chigam= 0.00E+00
 it= 18 chi2=0.00E+00 zm= 1.99E-02 err=7.638E-04 dz= 2.757E-05 chigam= 0.00E+00
 it= 19 chi2=0.00E+00 zm= 2.00E-02 err=5.033E-04 dz= 2.011E-05 chigam= 0.00E+00
 it= 20 chi2=0.00E+00 zm= 2.00E-02 err=3.366E-04 dz= 1.465E-05 chigam= 0.00E+00
 it= 21 chi2=0.00E+00 zm= 2.00E-02 err=2.279E-04 dz= 1.067E-05 chigam= 0.00E+00
 it= 22 chi2=0.00E+00 zm= 2.00E-02 err=1.560E-04 dz= 7.759E-06 chigam= 0.00E+00
 it= 23 chi2=0.00E+00 zm= 2.00E-02 err=1.077E-04 dz= 5.642E-06 chigam= 0.00E+00
 it= 24 chi2=0.00E+00 zm= 2.00E-02 err=7.487E-05 dz= 4.102E-06 chigam= 0.00E+00

      ******************** EFITD129 x 129  output ********************

       data used:   
  0 flux loops
  0 magnetic probes(i)
  0 full rogowski
  0 diamagnetic loop


 shot #   =          1 time(ms) =          0 chi**2   =  0.000E+00
 betat(%) =      1.112 betap    =      0.562 li       =      0.855
 vol(cm3) =  0.777E+07 rout(cm) =    172.177 zout(cm) =      0.791
 elong    =      1.347 utriang  =     -0.372 ltriang  =     -0.308
 a(cm)    =     41.408 lin(cm)  = ********** lout(cm) =     10.590
 ltop(cm) = ********** q*       =      2.318 rc(cm)   =    176.731
 zc(cm)   =      1.797 bt0(t)   =      2.000 qout     =      2.208
