NCAPTC: : NetCDF: Variable not found
Warning: ieee_overflow is signaling
Warning: ieee_underflow is signaling
Warning: ieee_inexact is signaling
FORTRAN STOP
 solver
 /global/common/software/atom/perlmutter/data/greentable/
 /global/common/software/atom/perlmutter/data/greentable/

          EFITD Version  07/09/2014


 type mode (2=file, 3=snap, 4=time, 5=input, 6=com file, 7=snap_ext):

 number of time slices?

 type input file names:
 #
 table_dir = </global/common/software/atom/perlmutter/data/greentable/>

  ----- time =     1 ms ----- ( 0)
 it=  1 chi2=0.00E+00 zm= 7.53E-03 err=5.202E+00 dz= 7.535E-03 chigam= 0.00E+00
 it=  2 chi2=0.00E+00 zm= 1.07E-02 err=8.594E-01 dz= 3.184E-03 chigam= 0.00E+00
 it=  3 chi2=0.00E+00 zm= 1.31E-02 err=4.932E-01 dz= 2.401E-03 chigam= 0.00E+00
 it=  4 chi2=0.00E+00 zm= 1.49E-02 err=2.887E-01 dz= 1.820E-03 chigam= 0.00E+00
 it=  5 chi2=0.00E+00 zm= 1.63E-02 err=1.730E-01 dz= 1.386E-03 chigam= 0.00E+00
 it=  6 chi2=0.00E+00 zm= 1.74E-02 err=1.050E-01 dz= 1.059E-03 chigam= 0.00E+00
 it=  7 chi2=0.00E+00 zm= 1.82E-02 err=6.873E-02 dz= 8.039E-04 chigam= 0.00E+00
 it=  8 chi2=0.00E+00 zm= 1.88E-02 err=3.717E-02 dz= 5.965E-04 chigam= 0.00E+00
 it=  9 chi2=0.00E+00 zm= 1.92E-02 err=2.119E-02 dz= 4.402E-04 chigam= 0.00E+00
 it= 10 chi2=0.00E+00 zm= 1.95E-02 err=1.371E-02 dz= 3.246E-04 chigam= 0.00E+00
 it= 11 chi2=0.00E+00 zm= 1.98E-02 err=1.144E-02 dz= 2.426E-04 chigam= 0.00E+00
 it= 12 chi2=0.00E+00 zm= 2.00E-02 err=7.700E-03 dz= 1.805E-04 chigam= 0.00E+00
 it= 13 chi2=0.00E+00 zm= 2.01E-02 err=3.889E-03 dz= 1.331E-04 chigam= 0.00E+00
 it= 14 chi2=0.00E+00 zm= 2.02E-02 err=2.633E-03 dz= 9.747E-05 chigam= 0.00E+00
 it= 15 chi2=0.00E+00 zm= 2.03E-02 err=1.793E-03 dz= 7.120E-05 chigam= 0.00E+00
 it= 16 chi2=0.00E+00 zm= 2.03E-02 err=1.228E-03 dz= 5.190E-05 chigam= 0.00E+00
 it= 17 chi2=0.00E+00 zm= 2.04E-02 err=8.457E-04 dz= 3.778E-05 chigam= 0.00E+00
 it= 18 chi2=0.00E+00 zm= 2.04E-02 err=5.852E-04 dz= 2.747E-05 chigam= 0.00E+00
 it= 19 chi2=0.00E+00 zm= 2.04E-02 err=4.069E-04 dz= 1.995E-05 chigam= 0.00E+00
 it= 20 chi2=0.00E+00 zm= 2.04E-02 err=2.840E-04 dz= 1.449E-05 chigam= 0.00E+00
 it= 21 chi2=0.00E+00 zm= 2.04E-02 err=1.989E-04 dz= 1.051E-05 chigam= 0.00E+00
 it= 22 chi2=0.00E+00 zm= 2.04E-02 err=1.399E-04 dz= 7.630E-06 chigam= 0.00E+00
 it= 23 chi2=0.00E+00 zm= 2.05E-02 err=9.865E-05 dz= 5.537E-06 chigam= 0.00E+00

      ******************** EFITD129 x 129  output ********************

       data used:   
  0 flux loops
  0 magnetic probes(i)
  0 full rogowski
  0 diamagnetic loop


 shot #   =          1 time(ms) =          1 chi**2   =  0.000E+00
 betat(%) =      1.133 betap    =      0.572 li       =      0.861
 vol(cm3) =  0.777E+07 rout(cm) =    172.178 zout(cm) =      0.804
 elong    =      1.346 utriang  =     -0.372 ltriang  =     -0.308
 a(cm)    =     41.409 lin(cm)  = ********** lout(cm) =     10.588
 ltop(cm) = ********** q*       =      2.317 rc(cm)   =    176.726
 zc(cm)   =      1.830 bt0(t)   =      2.000 qout     =      2.209
