NCAPTC: : NetCDF: Variable not found
Warning: ieee_overflow is signaling
Warning: ieee_underflow is signaling
Warning: ieee_inexact is signaling
FORTRAN STOP
 solver
 /global/common/software/atom/perlmutter/data/greentable/
 /global/common/software/atom/perlmutter/data/greentable/

          EFITD Version  07/09/2014


 type mode (2=file, 3=snap, 4=time, 5=input, 6=com file, 7=snap_ext):

 number of time slices?

 type input file names:
 #
 table_dir = </global/common/software/atom/perlmutter/data/greentable/>

  ----- time =     0 ms ----- ( 0)
 it=  1 chi2=0.00E+00 zm= 7.53E-03 err=5.202E+00 dz= 7.535E-03 chigam= 0.00E+00
 it=  2 chi2=0.00E+00 zm= 1.06E-02 err=8.519E-01 dz= 3.098E-03 chigam= 0.00E+00
 it=  3 chi2=0.00E+00 zm= 1.29E-02 err=4.588E-01 dz= 2.302E-03 chigam= 0.00E+00
 it=  4 chi2=0.00E+00 zm= 1.46E-02 err=2.613E-01 dz= 1.708E-03 chigam= 0.00E+00
 it=  5 chi2=0.00E+00 zm= 1.59E-02 err=1.564E-01 dz= 1.291E-03 chigam= 0.00E+00
 it=  6 chi2=0.00E+00 zm= 1.69E-02 err=9.761E-02 dz= 9.815E-04 chigam= 0.00E+00
 it=  7 chi2=0.00E+00 zm= 1.77E-02 err=6.173E-02 dz= 7.485E-04 chigam= 0.00E+00
 it=  8 chi2=0.00E+00 zm= 1.82E-02 err=3.867E-02 dz= 5.677E-04 chigam= 0.00E+00
 it=  9 chi2=0.00E+00 zm= 1.87E-02 err=2.155E-02 dz= 4.176E-04 chigam= 0.00E+00
 it= 10 chi2=0.00E+00 zm= 1.90E-02 err=1.437E-02 dz= 3.099E-04 chigam= 0.00E+00
 it= 11 chi2=0.00E+00 zm= 1.92E-02 err=9.533E-03 dz= 2.290E-04 chigam= 0.00E+00
 it= 12 chi2=0.00E+00 zm= 1.94E-02 err=3.567E-03 dz= 1.642E-04 chigam= 0.00E+00
 it= 13 chi2=0.00E+00 zm= 1.95E-02 err=2.451E-03 dz= 1.198E-04 chigam= 0.00E+00
 it= 14 chi2=0.00E+00 zm= 1.96E-02 err=1.567E-03 dz= 8.786E-05 chigam= 0.00E+00
 it= 15 chi2=0.00E+00 zm= 1.96E-02 err=1.071E-03 dz= 6.410E-05 chigam= 0.00E+00
 it= 16 chi2=0.00E+00 zm= 1.97E-02 err=7.366E-04 dz= 4.673E-05 chigam= 0.00E+00
 it= 17 chi2=0.00E+00 zm= 1.97E-02 err=5.237E-04 dz= 3.405E-05 chigam= 0.00E+00
 it= 18 chi2=0.00E+00 zm= 1.97E-02 err=3.804E-04 dz= 2.480E-05 chigam= 0.00E+00
 it= 19 chi2=0.00E+00 zm= 1.97E-02 err=2.903E-04 dz= 1.806E-05 chigam= 0.00E+00
 it= 20 chi2=0.00E+00 zm= 1.98E-02 err=2.190E-04 dz= 1.314E-05 chigam= 0.00E+00
 it= 21 chi2=0.00E+00 zm= 1.98E-02 err=1.625E-04 dz= 9.566E-06 chigam= 0.00E+00
 it= 22 chi2=0.00E+00 zm= 1.98E-02 err=1.193E-04 dz= 6.959E-06 chigam= 0.00E+00
 it= 23 chi2=0.00E+00 zm= 1.98E-02 err=8.681E-05 dz= 5.064E-06 chigam= 0.00E+00

      ******************** EFITD129 x 129  output ********************

       data used:   
  0 flux loops
  0 magnetic probes(i)
  0 full rogowski
  0 diamagnetic loop


 shot #   =          1 time(ms) =          0 chi**2   =  0.000E+00
 betat(%) =      1.013 betap    =      0.510 li       =      0.853
 vol(cm3) =  0.775E+07 rout(cm) =    172.152 zout(cm) =      0.790
 elong    =      1.345 utriang  =     -0.373 ltriang  =     -0.309
 a(cm)    =     41.382 lin(cm)  = ********** lout(cm) =     10.642
 ltop(cm) = ********** q*       =      2.304 rc(cm)   =    176.446
 zc(cm)   =      1.769 bt0(t)   =      2.000 qout     =      2.197
