========================================================================
= FASTRAN

nonlinear model = 0
ichi = 0
ineo = 0
reading state...
read formatted input, inprof...
init geometry...
read formatted input, inmetric...
nrho in inmetric = 101
rhob in inmetric = 1.263115e+00
solve avg grad-shafranv...
solve_avg_gs::Ip_temp = 9.994800e+00 
solve_avg_gs::Ip      = 1.000000e+01 
>>> tau_he = 5.000000, nhe(0)=2.032168e+00

 plasma volume = 148.571077
 stored energy(e,i,b) = 5.479733e+01 4.821773e+01 0.000000e+00
 betan = 1.169690
*power
 Pnb(e,i) = 0.000000e+00 0.000000e+00
 Prf(e,i) = 6.586438e+00 1.343466e+01
 Prad     = -3.782683e+01 
 Pei      = -4.111921e-02 
 Pfuse    = 4.203506e+01 
 Pfusi    = 1.200732e+01 
 Poh      = 0.000000e+00 
*confinement time
 taut, tauITER98y2, H98y2 : 2.842843e+00 2.670912e+00 1.064372e+00
 taue, taui : 5.095747e+00 4.001991e+00
 taut, tau89, H89 : 2.842843e+00 1.149171e+00 2.473822e+00
*temperature
 nea, nebar : 1.944777e+01 2.196925e+01 
 tea, tia : 7.128537e+00 7.131717e+00 (9.995540e-01)
 te0, ti0 : 1.751595e+01 1.809005e+01 (9.682641e-01)
 Sn : 0.000000e+00 
*current balance
 Ip,Ibs,Inb,Irf: 1.000000e+01 1.810187e+00 0.000000e+00 7.442176e-02
 fni,fbs: 0.188 0.181

Time advancing...
rho_bdry 0.950000 ...
te_bdry = 3.741993
ti_bdry = 3.741797
ne_bdry = 14.453942
rv_bdry = 100.762170
nrho_tr_bdry = 19
drho_bdry = 0.000000e+00
nrhob = 95
 [    0] t = 0.0000 
>>> tau_he = 5.000000, nhe(0)=2.015973e+00
 5     -0.000   3.30e-03   1.32e-01   2.14e-03  -2.01e-03   0.00e+00 (  4.25e-01,  2.36e+01)
10      0.000   5.82e-04  -1.18e-03  -1.25e-04   5.72e-04   0.00e+00 (  1.35e-01,  4.86e+01)
15     -0.002   2.06e-04  -3.92e-03  -2.84e-03  -1.15e-02   0.00e+00 (  6.67e-02,  7.36e+01)
20      0.007   1.98e-02  -3.15e-02  -6.58e-03   5.37e-02   0.00e+00 (  7.90e+00,  9.05e+01)
25      0.024   9.22e-02   2.26e-02   1.75e-02   2.04e-01   0.00e+00 (  4.18e+01,  1.03e+02)
30      0.040   1.46e-01   9.95e-02   5.44e-02   3.76e-01   0.00e+00 (  7.11e+01,  1.10e+02)
35      0.046   1.70e-01   1.41e-01   7.95e-02   4.72e-01   0.00e+00 (  7.79e+01,  1.14e+02)
40      0.053   1.96e-01   1.76e-01   8.03e-02   5.84e-01   0.00e+00 (  8.17e+01,  1.12e+02)
45      0.064   2.16e-01   2.28e-01   1.43e-01   7.46e-01   0.00e+00 (  8.03e+01,  1.06e+02)
50      0.078   2.41e-01   2.90e-01   1.52e-01   9.56e-01   0.00e+00 (  7.87e+01,  9.78e+01)
55      0.091   2.67e-01   3.68e-01   2.03e-01   1.16e+00   0.00e+00 (  7.66e+01,  8.89e+01)
60      0.107   2.92e-01   4.26e-01   2.67e-01   1.42e+00   0.00e+00 (  7.32e+01,  7.99e+01)
65      0.143   3.39e-01   5.59e-01   3.79e-01   1.96e+00   0.00e+00 (  7.28e+01,  7.10e+01)
70      0.156   3.58e-01   6.15e-01   4.66e-01   2.18e+00   0.00e+00 (  6.76e+01,  6.27e+01)
75      0.164   3.68e-01   6.56e-01   5.47e-01   2.35e+00   0.00e+00 (  6.15e+01,  5.51e+01)
80      0.165   3.63e-01   6.72e-01   5.91e-01   2.40e+00   0.00e+00 (  5.44e+01,  4.83e+01)
85      0.156   3.28e-01   6.41e-01   5.62e-01   2.30e+00   0.00e+00 (  4.48e+01,  4.23e+01)
90      0.153   3.15e-01   6.06e-01   5.42e-01   2.48e+00   0.00e+00 (  3.84e+01,  3.70e+01)
95      1.755   3.97e+00   5.05e+00   3.48e+00   1.12e+02   0.00e+00 (  1.65e+03,  3.22e+01)
 0 e: 2.022e-07 i: 8.789e-07 :: e: 0.000e+00 i: 0.000e+00 :: n: 2.762e+01 e:17.516 i:18.090 v:4.993e+03
>>> tau_he = 5.000000, nhe(0)=2.014527e+00
 5     -0.000   3.41e-03   1.45e-01   2.14e-03  -1.63e-03   0.00e+00 (  4.33e-01,  2.36e+01)
10      0.000   5.22e-04  -1.56e-03  -3.77e-04   2.61e-04   0.00e+00 (  1.21e-01,  4.86e+01)
15     -0.002   2.02e-04  -3.94e-03  -2.93e-03  -1.19e-02   0.00e+00 (  6.59e-02,  7.36e+01)
20      0.007   2.10e-02  -3.20e-02  -6.34e-03   5.62e-02   0.00e+00 (  8.48e+00,  9.05e+01)
25      0.026   9.34e-02   2.45e-02   2.01e-02   2.22e-01   0.00e+00 (  4.25e+01,  1.03e+02)
30      0.041   1.40e-01   9.36e-02   5.29e-02   3.89e-01   0.00e+00 (  6.75e+01,  1.10e+02)
35      0.046   1.70e-01   1.40e-01   7.92e-02   4.70e-01   0.00e+00 (  7.78e+01,  1.14e+02)
40      0.053   1.96e-01   1.77e-01   8.09e-02   5.88e-01   0.00e+00 (  8.18e+01,  1.12e+02)
45      0.064   2.17e-01   2.29e-01   1.43e-01   7.47e-01   0.00e+00 (  8.04e+01,  1.06e+02)
50      0.078   2.42e-01   2.92e-01   1.52e-01   9.62e-01   0.00e+00 (  7.90e+01,  9.78e+01)
55      0.091   2.67e-01   3.69e-01   2.03e-01   1.16e+00   0.00e+00 (  7.66e+01,  8.89e+01)
60      0.108   2.93e-01   4.29e-01   2.68e-01   1.43e+00   0.00e+00 (  7.34e+01,  7.99e+01)
65      0.138   3.29e-01   5.23e-01   3.62e-01   1.89e+00   0.00e+00 (  7.06e+01,  7.10e+01)
70      0.155   3.56e-01   6.10e-01   4.62e-01   2.17e+00   0.00e+00 (  6.71e+01,  6.27e+01)
75      0.163   3.66e-01   6.51e-01   5.43e-01   2.33e+00   0.00e+00 (  6.10e+01,  5.51e+01)
80      0.164   3.61e-01   6.67e-01   5.87e-01   2.39e+00   0.00e+00 (  5.40e+01,  4.83e+01)
85      0.156   3.29e-01   6.43e-01   5.63e-01   2.30e+00   0.00e+00 (  4.50e+01,  4.23e+01)
90      0.160   3.29e-01   6.44e-01   5.72e-01   2.60e+00   0.00e+00 (  4.12e+01,  3.70e+01)
95      1.761   4.02e+00   5.08e+00   3.49e+00   1.12e+02   0.00e+00 (  1.63e+03,  3.22e+01)
 1 e: 9.270e-03 i: 1.953e-02 :: e: 6.778e-03 i: 1.151e-02 :: n: 2.762e+01 e:17.521 i:18.077 v:4.993e+03
>>> tau_he = 5.000000, nhe(0)=2.193748e+00
 5     -0.001   3.97e-03   2.30e-01   2.79e-03  -5.82e-03   0.00e+00 (  6.81e-01,  2.36e+01)
10     -0.001   2.86e-04  -2.08e-03  -1.17e-03  -4.08e-03   0.00e+00 (  1.10e-01,  4.86e+01)
15      0.003   5.17e-02  -1.37e-02   5.66e-03   2.07e-02   0.00e+00 (  3.15e+01,  7.36e+01)
20      0.011   9.83e-02   9.17e-03   2.03e-02   8.06e-02   0.00e+00 (  6.34e+01,  9.05e+01)
25      0.030   1.11e-01   8.93e-02   3.08e-02   2.59e-01   0.00e+00 (  5.78e+01,  1.03e+02)
30      0.046   1.38e-01   1.28e-01   5.99e-02   4.32e-01   0.00e+00 (  6.30e+01,  1.10e+02)
35      0.047   1.56e-01   1.51e-01   8.36e-02   4.88e-01   0.00e+00 (  6.71e+01,  1.14e+02)
40      0.058   1.81e-01   2.07e-01   1.13e-01   6.35e-01   0.00e+00 (  7.18e+01,  1.12e+02)
45      0.071   2.08e-01   2.62e-01   1.39e-01   8.28e-01   0.00e+00 (  7.48e+01,  1.06e+02)
50      0.084   2.37e-01   3.30e-01   1.54e-01   1.04e+00   0.00e+00 (  7.50e+01,  9.78e+01)
55      0.094   2.58e-01   3.82e-01   2.06e-01   1.20e+00   0.00e+00 (  7.10e+01,  8.89e+01)
60      0.103   2.73e-01   4.15e-01   2.60e-01   1.37e+00   0.00e+00 (  6.47e+01,  7.99e+01)
65      0.122   2.92e-01   4.69e-01   3.20e-01   1.67e+00   0.00e+00 (  5.81e+01,  7.10e+01)
70      0.128   2.96e-01   4.89e-01   3.82e-01   1.79e+00   0.00e+00 (  5.13e+01,  6.27e+01)
75      0.138   3.10e-01   5.41e-01   4.61e-01   1.98e+00   0.00e+00 (  4.79e+01,  5.51e+01)
80      0.146   3.22e-01   5.85e-01   5.24e-01   2.13e+00   0.00e+00 (  4.57e+01,  4.83e+01)
85      0.150   3.17e-01   6.16e-01   5.42e-01   2.21e+00   0.00e+00 (  4.30e+01,  4.23e+01)
90      0.157   3.23e-01   6.31e-01   5.62e-01   2.54e+00   0.00e+00 (  4.04e+01,  3.70e+01)
95      1.762   4.04e+00   5.09e+00   3.49e+00   1.12e+02   0.00e+00 (  1.62e+03,  3.22e+01)
 2 e: 1.793e-03 i: 1.385e-03 :: e: 7.539e-02 i: 8.273e-02 :: n: 2.762e+01 e:18.884 i:19.647 v:4.993e+03
>>> tau_he = 5.000000, nhe(0)=2.229316e+00
 5     -0.002   3.93e-03   2.29e-01   2.99e-03  -9.34e-03   0.00e+00 (  7.98e-01,  2.36e+01)
10     -0.007   7.52e-03   5.09e-02  -2.46e-03  -3.72e-02   0.00e+00 (  3.45e+00,  4.86e+01)
15     -0.005   6.83e-02  -9.69e-04   1.13e-02  -3.50e-02   0.00e+00 (  4.75e+01,  7.36e+01)
20     -0.008   1.19e-01   5.86e-02   2.06e-02  -6.10e-02   0.00e+00 (  8.59e+01,  9.05e+01)
25      0.024   1.29e-01   1.08e-01   3.46e-02   2.05e-01   0.00e+00 (  7.58e+01,  1.03e+02)
30      0.042   1.51e-01   1.43e-01   6.25e-02   3.95e-01   0.00e+00 (  7.64e+01,  1.10e+02)
35      0.043   1.66e-01   1.63e-01   8.74e-02   4.46e-01   0.00e+00 (  7.72e+01,  1.14e+02)
40      0.053   1.93e-01   2.13e-01   1.19e-01   5.87e-01   0.00e+00 (  8.09e+01,  1.12e+02)
45      0.066   2.15e-01   2.65e-01   1.39e-01   7.74e-01   0.00e+00 (  7.96e+01,  1.06e+02)
50      0.080   2.36e-01   3.24e-01   1.54e-01   9.79e-01   0.00e+00 (  7.55e+01,  9.78e+01)
55      0.088   2.51e-01   3.69e-01   2.01e-01   1.13e+00   0.00e+00 (  6.86e+01,  8.89e+01)
60      0.097   2.59e-01   3.94e-01   2.47e-01   1.28e+00   0.00e+00 (  6.00e+01,  7.99e+01)
65      0.115   2.73e-01   4.35e-01   2.99e-01   1.57e+00   0.00e+00 (  5.23e+01,  7.10e+01)
70      0.120   2.74e-01   4.52e-01   3.56e-01   1.69e+00   0.00e+00 (  4.53e+01,  6.27e+01)
75      0.130   2.87e-01   4.98e-01   4.28e-01   1.86e+00   0.00e+00 (  4.20e+01,  5.51e+01)
80      0.138   2.98e-01   5.38e-01   4.88e-01   2.00e+00   0.00e+00 (  3.99e+01,  4.83e+01)
85      0.141   2.95e-01   5.67e-01   5.02e-01   2.09e+00   0.00e+00 (  3.78e+01,  4.23e+01)
90      0.148   3.03e-01   5.80e-01   5.19e-01   2.40e+00   0.00e+00 (  3.58e+01,  3.70e+01)
95      1.763   4.06e+00   5.10e+00   3.49e+00   1.12e+02   0.00e+00 (  1.61e+03,  3.22e+01)
 3 e: 3.107e-04 i: 3.428e-04 :: e: 9.736e-02 i: 1.094e-01 :: n: 2.762e+01 e:19.799 i:19.997 v:4.993e+03
>>> tau_he = 5.000000, nhe(0)=2.255303e+00
 5     -0.002   3.98e-03   2.34e-01   3.02e-03  -1.09e-02   0.00e+00 (  8.43e-01,  2.36e+01)
10     -0.007   8.65e-03   5.15e-02  -2.49e-03  -4.11e-02   0.00e+00 (  4.09e+00,  4.86e+01)
15     -0.003   6.97e-02   2.59e-03   1.19e-02  -2.14e-02   0.00e+00 (  4.81e+01,  7.36e+01)
20     -0.003   1.15e-01   6.05e-02   2.38e-02  -2.32e-02   0.00e+00 (  8.14e+01,  9.05e+01)
25      0.024   1.29e-01   1.08e-01   3.35e-02   2.08e-01   0.00e+00 (  7.61e+01,  1.03e+02)
30      0.042   1.51e-01   1.44e-01   6.12e-02   3.98e-01   0.00e+00 (  7.70e+01,  1.10e+02)
35      0.044   1.65e-01   1.65e-01   8.83e-02   4.56e-01   0.00e+00 (  7.68e+01,  1.14e+02)
40      0.053   1.89e-01   2.19e-01   1.31e-01   5.84e-01   0.00e+00 (  7.86e+01,  1.12e+02)
45      0.068   2.12e-01   2.67e-01   1.35e-01   8.00e-01   0.00e+00 (  7.71e+01,  1.06e+02)
50      0.081   2.31e-01   3.25e-01   1.50e-01   9.99e-01   0.00e+00 (  7.23e+01,  9.78e+01)
55      0.090   2.45e-01   3.68e-01   1.99e-01   1.15e+00   0.00e+00 (  6.52e+01,  8.89e+01)
60      0.097   2.53e-01   3.92e-01   2.45e-01   1.29e+00   0.00e+00 (  5.69e+01,  7.99e+01)
65      0.115   2.66e-01   4.32e-01   2.97e-01   1.57e+00   0.00e+00 (  4.98e+01,  7.10e+01)
70      0.119   2.66e-01   4.43e-01   3.49e-01   1.67e+00   0.00e+00 (  4.29e+01,  6.27e+01)
75      0.126   2.75e-01   4.79e-01   4.13e-01   1.80e+00   0.00e+00 (  3.91e+01,  5.51e+01)
80      0.132   2.81e-01   5.08e-01   4.63e-01   1.91e+00   0.00e+00 (  3.65e+01,  4.83e+01)
85      0.134   2.78e-01   5.25e-01   4.68e-01   1.97e+00   0.00e+00 (  3.41e+01,  4.23e+01)
90      0.139   2.85e-01   5.33e-01   4.80e-01   2.26e+00   0.00e+00 (  3.21e+01,  3.70e+01)
95      1.516   3.45e+00   4.38e+00   2.93e+00   9.64e+01   0.00e+00 (  1.36e+03,  3.22e+01)
 4 e: 1.441e-04 i: 1.752e-04 :: e: 1.070e-01 i: 1.176e-01 :: n: 2.762e+01 e:19.628 i:20.251 v:4.993e+03
>>> tau_he = 5.000000, nhe(0)=2.230569e+00
 5     -0.003   3.84e-03   2.29e-01   3.07e-03  -1.14e-02   0.00e+00 (  8.43e-01,  2.36e+01)
10     -0.008   8.56e-03   5.23e-02  -2.53e-03  -4.19e-02   0.00e+00 (  4.16e+00,  4.86e+01)
15     -0.001   6.97e-02   6.72e-03   1.33e-02  -8.99e-03   0.00e+00 (  4.78e+01,  7.36e+01)
20     -0.001   1.13e-01   6.45e-02   2.30e-02  -8.96e-03   0.00e+00 (  7.93e+01,  9.05e+01)
25      0.022   1.30e-01   1.10e-01   3.47e-02   1.92e-01   0.00e+00 (  7.77e+01,  1.03e+02)
30      0.040   1.54e-01   1.49e-01   6.35e-02   3.83e-01   0.00e+00 (  8.02e+01,  1.10e+02)
35      0.043   1.68e-01   1.71e-01   9.16e-02   4.45e-01   0.00e+00 (  8.02e+01,  1.14e+02)
40      0.051   1.93e-01   2.25e-01   1.37e-01   5.62e-01   0.00e+00 (  8.20e+01,  1.12e+02)
45      0.067   2.14e-01   2.72e-01   1.37e-01   7.83e-01   0.00e+00 (  7.91e+01,  1.06e+02)
50      0.080   2.32e-01   3.27e-01   1.52e-01   9.77e-01   0.00e+00 (  7.33e+01,  9.78e+01)
55      0.088   2.44e-01   3.67e-01   2.00e-01   1.12e+00   0.00e+00 (  6.55e+01,  8.89e+01)
60      0.095   2.51e-01   3.88e-01   2.43e-01   1.26e+00   0.00e+00 (  5.67e+01,  7.99e+01)
65      0.112   2.63e-01   4.27e-01   2.94e-01   1.53e+00   0.00e+00 (  4.93e+01,  7.10e+01)
70      0.116   2.62e-01   4.35e-01   3.44e-01   1.63e+00   0.00e+00 (  4.20e+01,  6.27e+01)
75      0.122   2.67e-01   4.65e-01   4.02e-01   1.75e+00   0.00e+00 (  3.76e+01,  5.51e+01)
80      0.126   2.70e-01   4.85e-01   4.45e-01   1.84e+00   0.00e+00 (  3.44e+01,  4.83e+01)
85      0.127   2.64e-01   4.94e-01   4.43e-01   1.88e+00   0.00e+00 (  3.16e+01,  4.23e+01)
90      0.131   2.70e-01   4.93e-01   4.46e-01   2.13e+00   0.00e+00 (  2.92e+01,  3.70e+01)
95      1.518   3.47e+00   4.39e+00   2.93e+00   9.66e+01   0.00e+00 (  1.36e+03,  3.22e+01)
 5 e: 2.903e-04 i: 3.679e-05 :: e: 1.055e-01 i: 1.223e-01 :: n: 2.762e+01 e:19.735 i:20.014 v:4.993e+03
>>> tau_he = 5.000000, nhe(0)=2.224401e+00
 5     -0.003   3.80e-03   2.29e-01   3.03e-03  -1.15e-02   0.00e+00 (  8.29e-01,  2.36e+01)
10     -0.007   8.35e-03   5.13e-02  -2.40e-03  -3.97e-02   0.00e+00 (  4.00e+00,  4.86e+01)
15      0.001   6.69e-02   3.53e-03   1.25e-02   3.87e-03   0.00e+00 (  4.41e+01,  7.36e+01)
20     -0.000   1.04e-01   6.24e-02   2.23e-02  -6.16e-04   0.00e+00 (  6.95e+01,  9.05e+01)
25      0.023   1.26e-01   1.04e-01   3.40e-02   1.96e-01   0.00e+00 (  7.33e+01,  1.03e+02)
30      0.040   1.50e-01   1.43e-01   6.13e-02   3.79e-01   0.00e+00 (  7.70e+01,  1.10e+02)
35      0.043   1.65e-01   1.66e-01   8.93e-02   4.44e-01   0.00e+00 (  7.71e+01,  1.14e+02)
40      0.051   1.88e-01   2.18e-01   1.32e-01   5.65e-01   0.00e+00 (  7.81e+01,  1.12e+02)
45      0.066   2.08e-01   2.63e-01   1.34e-01   7.76e-01   0.00e+00 (  7.55e+01,  1.06e+02)
50      0.079   2.26e-01   3.17e-01   1.49e-01   9.67e-01   0.00e+00 (  6.99e+01,  9.78e+01)
55      0.087   2.38e-01   3.59e-01   1.96e-01   1.12e+00   0.00e+00 (  6.25e+01,  8.89e+01)
60      0.095   2.45e-01   3.82e-01   2.39e-01   1.26e+00   0.00e+00 (  5.44e+01,  7.99e+01)
65      0.113   2.60e-01   4.24e-01   2.92e-01   1.54e+00   0.00e+00 (  4.78e+01,  7.10e+01)
70      0.117   2.59e-01   4.32e-01   3.42e-01   1.64e+00   0.00e+00 (  4.09e+01,  6.27e+01)
75      0.122   2.63e-01   4.59e-01   3.97e-01   1.75e+00   0.00e+00 (  3.64e+01,  5.51e+01)
80      0.125   2.64e-01   4.75e-01   4.36e-01   1.82e+00   0.00e+00 (  3.29e+01,  4.83e+01)
85      0.125   2.57e-01   4.78e-01   4.30e-01   1.85e+00   0.00e+00 (  2.99e+01,  4.23e+01)
90      0.129   2.64e-01   4.74e-01   4.31e-01   2.08e+00   0.00e+00 (  2.76e+01,  3.70e+01)
95      1.518   3.47e+00   4.39e+00   2.93e+00   9.66e+01   0.00e+00 (  1.36e+03,  3.22e+01)
 6 e: 3.737e-05 i: 1.934e-04 :: e: 1.037e-01 i: 1.143e-01 :: n: 2.762e+01 e:19.347 i:19.953 v:4.993e+03
>>> tau_he = 5.000000, nhe(0)=2.191324e+00
 5     -0.003   3.66e-03   2.23e-01   3.03e-03  -1.13e-02   0.00e+00 (  8.04e-01,  2.36e+01)
10     -0.007   8.05e-03   5.01e-02  -2.33e-03  -3.90e-02   0.00e+00 (  3.87e+00,  4.86e+01)
15      0.002   6.40e-02   4.49e-03   1.22e-02   1.35e-02   0.00e+00 (  4.14e+01,  7.36e+01)
20      0.001   9.97e-02   6.37e-02   2.29e-02   4.71e-03   0.00e+00 (  6.53e+01,  9.05e+01)
25      0.022   1.24e-01   1.05e-01   3.54e-02   1.92e-01   0.00e+00 (  7.17e+01,  1.03e+02)
30      0.039   1.50e-01   1.45e-01   6.37e-02   3.73e-01   0.00e+00 (  7.70e+01,  1.10e+02)
35      0.043   1.65e-01   1.70e-01   9.22e-02   4.40e-01   0.00e+00 (  7.76e+01,  1.14e+02)
40      0.050   1.90e-01   2.22e-01   1.38e-01   5.54e-01   0.00e+00 (  7.92e+01,  1.12e+02)
45      0.066   2.09e-01   2.67e-01   1.36e-01   7.67e-01   0.00e+00 (  7.59e+01,  1.06e+02)
50      0.080   2.28e-01   3.14e-01   1.50e-01   9.87e-01   0.00e+00 (  7.06e+01,  9.78e+01)
55      0.086   2.38e-01   3.61e-01   1.98e-01   1.10e+00   0.00e+00 (  6.28e+01,  8.89e+01)
60      0.093   2.45e-01   3.85e-01   2.38e-01   1.24e+00   0.00e+00 (  5.46e+01,  7.99e+01)
65      0.111   2.60e-01   4.25e-01   2.92e-01   1.52e+00   0.00e+00 (  4.81e+01,  7.10e+01)
70      0.115   2.59e-01   4.32e-01   3.42e-01   1.62e+00   0.00e+00 (  4.11e+01,  6.27e+01)
75      0.120   2.61e-01   4.55e-01   3.94e-01   1.71e+00   0.00e+00 (  3.62e+01,  5.51e+01)
80      0.122   2.60e-01   4.65e-01   4.28e-01   1.77e+00   0.00e+00 (  3.23e+01,  4.83e+01)
85      0.121   2.51e-01   4.62e-01   4.17e-01   1.79e+00   0.00e+00 (  2.90e+01,  4.23e+01)
90      0.124   2.55e-01   4.54e-01   4.14e-01   2.01e+00   0.00e+00 (  2.65e+01,  3.70e+01)
95      1.519   3.48e+00   4.40e+00   2.93e+00   9.67e+01   0.00e+00 (  1.36e+03,  3.22e+01)
 7 e: 2.360e-04 i: 3.839e-05 :: e: 9.518e-02 i: 1.083e-01 :: n: 2.762e+01 e:19.308 i:19.641 v:4.993e+03
>>> tau_he = 5.000000, nhe(0)=2.181167e+00
 5     -0.003   3.61e-03   2.22e-01   2.98e-03  -1.11e-02   0.00e+00 (  7.83e-01,  2.36e+01)
10     -0.007   7.66e-03   4.78e-02  -2.13e-03  -3.74e-02   0.00e+00 (  3.61e+00,  4.86e+01)
15      0.004   6.09e-02   2.21e-03   1.18e-02   2.60e-02   0.00e+00 (  3.80e+01,  7.36e+01)
20      0.003   9.86e-02   5.77e-02   2.06e-02   2.14e-02   0.00e+00 (  6.22e+01,  9.05e+01)
25      0.028   1.18e-01   9.62e-02   3.34e-02   2.42e-01   0.00e+00 (  6.63e+01,  1.03e+02)
30      0.039   1.46e-01   1.38e-01   6.11e-02   3.67e-01   0.00e+00 (  7.34e+01,  1.10e+02)
35      0.042   1.61e-01   1.63e-01   8.88e-02   4.32e-01   0.00e+00 (  7.41e+01,  1.14e+02)
40      0.052   1.81e-01   2.08e-01   1.24e-01   5.78e-01   0.00e+00 (  7.41e+01,  1.12e+02)
45      0.064   2.03e-01   2.54e-01   1.33e-01   7.48e-01   0.00e+00 (  7.19e+01,  1.06e+02)
50      0.078   2.20e-01   3.00e-01   1.46e-01   9.64e-01   0.00e+00 (  6.69e+01,  9.78e+01)
55      0.085   2.32e-01   3.48e-01   1.93e-01   1.09e+00   0.00e+00 (  5.97e+01,  8.89e+01)
60      0.093   2.39e-01   3.74e-01   2.32e-01   1.23e+00   0.00e+00 (  5.22e+01,  7.99e+01)
65      0.111   2.55e-01   4.16e-01   2.87e-01   1.52e+00   0.00e+00 (  4.65e+01,  7.10e+01)
70      0.116   2.56e-01   4.28e-01   3.39e-01   1.62e+00   0.00e+00 (  4.00e+01,  6.27e+01)
75      0.121   2.59e-01   4.52e-01   3.92e-01   1.73e+00   0.00e+00 (  3.54e+01,  5.51e+01)
80      0.123   2.58e-01   4.62e-01   4.26e-01   1.78e+00   0.00e+00 (  3.16e+01,  4.83e+01)
85      0.122   2.49e-01   4.59e-01   4.14e-01   1.80e+00   0.00e+00 (  2.82e+01,  4.23e+01)
90      0.125   2.55e-01   4.51e-01   4.11e-01   2.02e+00   0.00e+00 (  2.58e+01,  3.70e+01)
95      1.518   3.48e+00   4.39e+00   2.93e+00   9.66e+01   0.00e+00 (  1.35e+03,  3.22e+01)
 8 e: 2.501e-05 i: 1.540e-04 :: e: 9.354e-02 i: 9.741e-02 :: n: 2.762e+01 e:18.935 i:19.544 v:4.993e+03
>>> tau_he = 5.000000, nhe(0)=2.150516e+00
 5     -0.002   3.49e-03   2.15e-01   2.97e-03  -1.09e-02   0.00e+00 (  7.57e-01,  2.36e+01)
10     -0.007   7.39e-03   4.68e-02  -2.08e-03  -3.65e-02   0.00e+00 (  3.48e+00,  4.86e+01)
15      0.004   5.95e-02   3.23e-03   1.17e-02   2.80e-02   0.00e+00 (  3.65e+01,  7.36e+01)
20      0.005   9.46e-02   5.92e-02   2.20e-02   3.51e-02   0.00e+00 (  5.86e+01,  9.05e+01)
25      0.028   1.16e-01   9.70e-02   3.46e-02   2.41e-01   0.00e+00 (  6.49e+01,  1.03e+02)
30      0.039   1.45e-01   1.40e-01   6.35e-02   3.65e-01   0.00e+00 (  7.29e+01,  1.10e+02)
35      0.042   1.61e-01   1.66e-01   9.16e-02   4.32e-01   0.00e+00 (  7.40e+01,  1.14e+02)
40      0.051   1.85e-01   2.12e-01   1.29e-01   5.66e-01   0.00e+00 (  7.57e+01,  1.12e+02)
45      0.068   2.07e-01   2.59e-01   1.37e-01   8.01e-01   0.00e+00 (  7.35e+01,  1.06e+02)
50      0.078   2.21e-01   3.04e-01   1.47e-01   9.59e-01   0.00e+00 (  6.71e+01,  9.78e+01)
55      0.086   2.34e-01   3.51e-01   1.97e-01   1.10e+00   0.00e+00 (  6.06e+01,  8.89e+01)
60      0.091   2.40e-01   3.77e-01   2.31e-01   1.21e+00   0.00e+00 (  5.26e+01,  7.99e+01)
65      0.110   2.56e-01   4.19e-01   2.89e-01   1.51e+00   0.00e+00 (  4.70e+01,  7.10e+01)
70      0.115   2.57e-01   4.30e-01   3.40e-01   1.61e+00   0.00e+00 (  4.05e+01,  6.27e+01)
75      0.119   2.59e-01   4.50e-01   3.91e-01   1.70e+00   0.00e+00 (  3.57e+01,  5.51e+01)
80      0.120   2.56e-01   4.57e-01   4.22e-01   1.75e+00   0.00e+00 (  3.16e+01,  4.83e+01)
85      0.119   2.45e-01   4.49e-01   4.06e-01   1.75e+00   0.00e+00 (  2.79e+01,  4.23e+01)
90      0.120   2.47e-01   4.34e-01   3.93e-01   1.94e+00   0.00e+00 (  2.51e+01,  3.70e+01)
95      1.520   3.48e+00   4.40e+00   2.94e+00   9.67e+01   0.00e+00 (  1.36e+03,  3.22e+01)
 9 e: 1.814e-04 i: 2.831e-05 :: e: 8.366e-02 i: 9.047e-02 :: n: 2.762e+01 e:18.902 i:19.263 v:4.993e+03
>>> tau_he = 5.000000, nhe(0)=2.143781e+00
 5     -0.002   3.46e-03   2.15e-01   2.92e-03  -1.07e-02   0.00e+00 (  7.41e-01,  2.36e+01)
10     -0.002   7.31e-04  -4.21e-03  -1.26e-03  -1.07e-02   0.00e+00 (  3.38e-01,  4.86e+01)
15      0.006   5.65e-02   1.98e-03   1.06e-02   3.96e-02   0.00e+00 (  3.37e+01,  7.36e+01)
20      0.006   9.12e-02   5.56e-02   2.16e-02   4.85e-02   0.00e+00 (  5.48e+01,  9.05e+01)
25      0.025   1.12e-01   9.15e-02   3.30e-02   2.16e-01   0.00e+00 (  6.15e+01,  1.03e+02)
30      0.038   1.42e-01   1.33e-01   6.08e-02   3.59e-01   0.00e+00 (  6.97e+01,  1.10e+02)
35      0.041   1.57e-01   1.59e-01   8.80e-02   4.25e-01   0.00e+00 (  7.08e+01,  1.14e+02)
40      0.051   1.77e-01   2.03e-01   1.21e-01   5.66e-01   0.00e+00 (  7.09e+01,  1.12e+02)
45      0.066   2.00e-01   2.45e-01   1.34e-01   7.76e-01   0.00e+00 (  6.97e+01,  1.06e+02)
50      0.076   2.14e-01   2.90e-01   1.44e-01   9.31e-01   0.00e+00 (  6.37e+01,  9.78e+01)
55      0.085   2.27e-01   3.37e-01   1.91e-01   1.08e+00   0.00e+00 (  5.76e+01,  8.89e+01)
60      0.090   2.34e-01   3.65e-01   2.25e-01   1.20e+00   0.00e+00 (  5.04e+01,  7.99e+01)
65      0.110   2.52e-01   4.09e-01   2.83e-01   1.50e+00   0.00e+00 (  4.54e+01,  7.10e+01)
70      0.115   2.54e-01   4.24e-01   3.36e-01   1.62e+00   0.00e+00 (  3.94e+01,  6.27e+01)
75      0.120   2.57e-01   4.48e-01   3.89e-01   1.72e+00   0.00e+00 (  3.50e+01,  5.51e+01)
80      0.122   2.56e-01   4.57e-01   4.22e-01   1.77e+00   0.00e+00 (  3.11e+01,  4.83e+01)
85      0.120   2.46e-01   4.51e-01   4.08e-01   1.78e+00   0.00e+00 (  2.75e+01,  4.23e+01)
90      0.122   2.50e-01   4.38e-01   3.96e-01   1.98e+00   0.00e+00 (  2.48e+01,  3.70e+01)
95      1.518   3.48e+00   4.40e+00   2.93e+00   9.66e+01   0.00e+00 (  1.35e+03,  3.22e+01)
10 e: 2.296e-05 i: 1.070e-04 :: e: 8.300e-02 i: 8.417e-02 :: n: 2.762e+01 e:18.580 i:19.200 v:4.993e+03
>>> tau_he = 5.000000, nhe(0)=2.120083e+00
 5     -0.002   3.37e-03   2.09e-01   2.91e-03  -1.04e-02   0.00e+00 (  7.21e-01,  2.36e+01)
10     -0.006   6.59e-03   4.54e-02  -2.03e-03  -3.44e-02   0.00e+00 (  3.05e+00,  4.86e+01)
15      0.007   5.59e-02   3.80e-03   1.06e-02   4.43e-02   0.00e+00 (  3.30e+01,  7.36e+01)
20      0.007   8.97e-02   5.75e-02   2.29e-02   5.60e-02   0.00e+00 (  5.34e+01,  9.05e+01)
25      0.025   1.11e-01   9.31e-02   3.42e-02   2.17e-01   0.00e+00 (  6.07e+01,  1.03e+02)
30      0.038   1.42e-01   1.36e-01   6.33e-02   3.59e-01   0.00e+00 (  6.96e+01,  1.10e+02)
35      0.041   1.57e-01   1.63e-01   9.09e-02   4.27e-01   0.00e+00 (  7.10e+01,  1.14e+02)
40      0.052   1.78e-01   2.08e-01   1.25e-01   5.68e-01   0.00e+00 (  7.12e+01,  1.12e+02)
45      0.067   2.01e-01   2.51e-01   1.36e-01   7.78e-01   0.00e+00 (  7.01e+01,  1.06e+02)
50      0.076   2.15e-01   2.96e-01   1.47e-01   9.32e-01   0.00e+00 (  6.43e+01,  9.78e+01)
55      0.084   2.29e-01   3.43e-01   1.95e-01   1.08e+00   0.00e+00 (  5.83e+01,  8.89e+01)
60      0.090   2.35e-01   3.70e-01   2.28e-01   1.19e+00   0.00e+00 (  5.11e+01,  7.99e+01)
65      0.109   2.53e-01   4.14e-01   2.85e-01   1.49e+00   0.00e+00 (  4.61e+01,  7.10e+01)
70      0.114   2.55e-01   4.27e-01   3.38e-01   1.60e+00   0.00e+00 (  4.01e+01,  6.27e+01)
75      0.119   2.57e-01   4.48e-01   3.89e-01   1.69e+00   0.00e+00 (  3.54e+01,  5.51e+01)
80      0.119   2.54e-01   4.54e-01   4.19e-01   1.74e+00   0.00e+00 (  3.12e+01,  4.83e+01)
85      0.117   2.43e-01   4.43e-01   4.01e-01   1.73e+00   0.00e+00 (  2.74e+01,  4.23e+01)
90      0.119   2.45e-01   4.27e-01   3.87e-01   1.92e+00   0.00e+00 (  2.46e+01,  3.70e+01)
95      1.520   3.48e+00   4.40e+00   2.93e+00   9.67e+01   0.00e+00 (  1.35e+03,  3.22e+01)
11 e: 1.296e-04 i: 2.232e-05 :: e: 7.434e-02 i: 7.604e-02 :: n: 2.762e+01 e:18.595 i:18.988 v:4.993e+03
>>> tau_he = 5.000000, nhe(0)=2.118136e+00
 5     -0.002   3.36e-03   2.10e-01   2.88e-03  -1.03e-02   0.00e+00 (  7.11e-01,  2.36e+01)
10     -0.002   6.87e-04  -4.10e-03  -1.25e-03  -1.04e-02   0.00e+00 (  3.14e-01,  4.86e+01)
15      0.007   5.42e-02   1.81e-03   1.04e-02   4.92e-02   0.00e+00 (  3.13e+01,  7.36e+01)
20      0.008   8.72e-02   5.41e-02   2.23e-02   6.37e-02   0.00e+00 (  5.07e+01,  9.05e+01)
25      0.025   1.09e-01   8.78e-02   3.31e-02   2.16e-01   0.00e+00 (  5.82e+01,  1.03e+02)
30      0.037   1.39e-01   1.30e-01   6.05e-02   3.52e-01   0.00e+00 (  6.71e+01,  1.10e+02)
35      0.042   1.54e-01   1.55e-01   8.72e-02   4.27e-01   0.00e+00 (  6.84e+01,  1.14e+02)
40      0.055   1.76e-01   1.91e-01   1.18e-01   6.09e-01   0.00e+00 (  6.96e+01,  1.12e+02)
45      0.065   1.96e-01   2.37e-01   1.33e-01   7.55e-01   0.00e+00 (  6.69e+01,  1.06e+02)
50      0.074   2.10e-01   2.89e-01   1.46e-01   9.08e-01   0.00e+00 (  6.16e+01,  9.78e+01)
55      0.083   2.23e-01   3.29e-01   1.89e-01   1.06e+00   0.00e+00 (  5.58e+01,  8.89e+01)
60      0.089   2.30e-01   3.58e-01   2.21e-01   1.18e+00   0.00e+00 (  4.91e+01,  7.99e+01)
65      0.109   2.49e-01   4.04e-01   2.79e-01   1.49e+00   0.00e+00 (  4.46e+01,  7.10e+01)
70      0.115   2.52e-01   4.22e-01   3.34e-01   1.61e+00   0.00e+00 (  3.91e+01,  6.27e+01)
75      0.120   2.56e-01   4.46e-01   3.87e-01   1.71e+00   0.00e+00 (  3.47e+01,  5.51e+01)
80      0.121   2.55e-01   4.55e-01   4.20e-01   1.77e+00   0.00e+00 (  3.09e+01,  4.83e+01)
85      0.120   2.45e-01   4.48e-01   4.05e-01   1.77e+00   0.00e+00 (  2.72e+01,  4.23e+01)
90      0.121   2.49e-01   4.34e-01   3.93e-01   1.97e+00   0.00e+00 (  2.45e+01,  3.70e+01)
95      1.518   3.48e+00   4.39e+00   2.93e+00   9.66e+01   0.00e+00 (  1.35e+03,  3.22e+01)
12 e: 3.059e-05 i: 7.336e-05 :: e: 7.246e-02 i: 7.269e-02 :: n: 2.762e+01 e:18.334 i:18.969 v:4.993e+03
>>> tau_he = 5.000000, nhe(0)=2.099052e+00
 5     -0.002   3.29e-03   2.05e-01   2.87e-03  -1.01e-02   0.00e+00 (  6.97e-01,  2.36e+01)
10     -0.006   6.44e-03   4.44e-02  -1.99e-03  -3.30e-02   0.00e+00 (  2.95e+00,  4.86e+01)
15      0.008   5.39e-02   3.61e-03   1.05e-02   5.31e-02   0.00e+00 (  3.10e+01,  7.36e+01)
20      0.005   8.18e-02   5.85e-02   1.98e-02   3.94e-02   0.00e+00 (  4.73e+01,  9.05e+01)
25      0.025   1.08e-01   9.00e-02   3.41e-02   2.15e-01   0.00e+00 (  5.80e+01,  1.03e+02)
30      0.037   1.39e-01   1.34e-01   6.29e-02   3.53e-01   0.00e+00 (  6.74e+01,  1.10e+02)
35      0.041   1.55e-01   1.60e-01   9.02e-02   4.23e-01   0.00e+00 (  6.90e+01,  1.14e+02)
40      0.051   1.75e-01   2.05e-01   1.22e-01   5.62e-01   0.00e+00 (  6.92e+01,  1.12e+02)
45      0.065   1.98e-01   2.45e-01   1.35e-01   7.63e-01   0.00e+00 (  6.79e+01,  1.06e+02)
50      0.074   2.12e-01   2.89e-01   1.46e-01   9.13e-01   0.00e+00 (  6.24e+01,  9.78e+01)
55      0.083   2.25e-01   3.36e-01   1.93e-01   1.07e+00   0.00e+00 (  5.67e+01,  8.89e+01)
60      0.089   2.33e-01   3.65e-01   2.25e-01   1.18e+00   0.00e+00 (  5.02e+01,  7.99e+01)
65      0.109   2.51e-01   4.11e-01   2.83e-01   1.48e+00   0.00e+00 (  4.56e+01,  7.10e+01)
70      0.114   2.55e-01   4.26e-01   3.37e-01   1.60e+00   0.00e+00 (  3.99e+01,  6.27e+01)
75      0.118   2.57e-01   4.47e-01   3.88e-01   1.69e+00   0.00e+00 (  3.53e+01,  5.51e+01)
80      0.119   2.53e-01   4.53e-01   4.18e-01   1.73e+00   0.00e+00 (  3.11e+01,  4.83e+01)
85      0.117   2.42e-01   4.41e-01   3.99e-01   1.73e+00   0.00e+00 (  2.72e+01,  4.23e+01)
90      0.118   2.44e-01   4.24e-01   3.85e-01   1.92e+00   0.00e+00 (  2.43e+01,  3.70e+01)
95      1.520   3.48e+00   4.40e+00   2.93e+00   9.67e+01   0.00e+00 (  1.35e+03,  3.22e+01)
13 e: 9.505e-05 i: 2.472e-05 :: e: 6.363e-02 i: 6.372e-02 :: n: 2.762e+01 e:18.391 i:18.801 v:4.993e+03
>>> tau_he = 5.000000, nhe(0)=2.101558e+00
 5     -0.002   3.30e-03   2.06e-01   2.85e-03  -1.00e-02   0.00e+00 (  6.92e-01,  2.36e+01)
10     -0.002   6.56e-04  -4.03e-03  -1.24e-03  -1.02e-02   0.00e+00 (  2.97e-01,  4.86e+01)
15      0.008   5.25e-02   1.61e-03   1.03e-02   5.62e-02   0.00e+00 (  2.97e+01,  7.36e+01)
20      0.013   7.81e-02   5.24e-02   2.13e-02   1.01e-01   0.00e+00 (  4.44e+01,  9.05e+01)
25      0.025   1.06e-01   8.51e-02   3.28e-02   2.13e-01   0.00e+00 (  5.61e+01,  1.03e+02)
30      0.037   1.37e-01   1.27e-01   6.01e-02   3.47e-01   0.00e+00 (  6.54e+01,  1.10e+02)
35      0.041   1.52e-01   1.52e-01   8.64e-02   4.22e-01   0.00e+00 (  6.69e+01,  1.14e+02)
40      0.054   1.74e-01   1.87e-01   1.14e-01   5.99e-01   0.00e+00 (  6.80e+01,  1.12e+02)
45      0.064   1.90e-01   2.31e-01   1.29e-01   7.53e-01   0.00e+00 (  6.42e+01,  1.06e+02)
50      0.073   2.07e-01   2.84e-01   1.44e-01   8.93e-01   0.00e+00 (  6.02e+01,  9.78e+01)
55      0.082   2.19e-01   3.24e-01   1.87e-01   1.05e+00   0.00e+00 (  5.45e+01,  8.89e+01)
60      0.088   2.28e-01   3.54e-01   2.19e-01   1.17e+00   0.00e+00 (  4.84e+01,  7.99e+01)
65      0.108   2.47e-01   4.01e-01   2.78e-01   1.48e+00   0.00e+00 (  4.42e+01,  7.10e+01)
70      0.115   2.52e-01   4.21e-01   3.34e-01   1.61e+00   0.00e+00 (  3.89e+01,  6.27e+01)
75      0.120   2.56e-01   4.46e-01   3.87e-01   1.71e+00   0.00e+00 (  3.47e+01,  5.51e+01)
80      0.122   2.55e-01   4.55e-01   4.20e-01   1.77e+00   0.00e+00 (  3.08e+01,  4.83e+01)
85      0.120   2.44e-01   4.47e-01   4.04e-01   1.77e+00   0.00e+00 (  2.71e+01,  4.23e+01)
90      0.121   2.49e-01   4.33e-01   3.92e-01   1.97e+00   0.00e+00 (  2.43e+01,  3.70e+01)
95      1.518   3.48e+00   4.39e+00   2.93e+00   9.66e+01   0.00e+00 (  1.35e+03,  3.22e+01)
14 e: 4.455e-05 i: 5.132e-05 :: e: 6.208e-02 i: 6.248e-02 :: n: 2.762e+01 e:18.176 i:18.822 v:4.993e+03
>>> tau_he = 5.000000, nhe(0)=2.086362e+00
 5     -0.002   3.25e-03   2.03e-01   2.85e-03  -9.85e-03   0.00e+00 (  6.82e-01,  2.36e+01)
10     -0.006   6.35e-03   4.38e-02  -1.97e-03  -3.21e-02   0.00e+00 (  2.88e+00,  4.86e+01)
15      0.010   5.10e-02   3.70e-03   1.04e-02   6.56e-02   0.00e+00 (  2.88e+01,  7.36e+01)
20      0.006   8.00e-02   5.75e-02   2.02e-02   4.74e-02   0.00e+00 (  4.55e+01,  9.05e+01)
25      0.025   1.06e-01   8.78e-02   3.41e-02   2.14e-01   0.00e+00 (  5.63e+01,  1.03e+02)
30      0.037   1.38e-01   1.32e-01   6.27e-02   3.51e-01   0.00e+00 (  6.62e+01,  1.10e+02)
35      0.042   1.53e-01   1.58e-01   8.97e-02   4.27e-01   0.00e+00 (  6.79e+01,  1.14e+02)
40      0.055   1.76e-01   1.95e-01   1.21e-01   6.10e-01   0.00e+00 (  6.92e+01,  1.12e+02)
45      0.065   1.95e-01   2.40e-01   1.33e-01   7.58e-01   0.00e+00 (  6.65e+01,  1.06e+02)
50      0.073   2.10e-01   2.93e-01   1.48e-01   9.02e-01   0.00e+00 (  6.17e+01,  9.78e+01)
55      0.083   2.23e-01   3.33e-01   1.92e-01   1.06e+00   0.00e+00 (  5.60e+01,  8.89e+01)
60      0.088   2.31e-01   3.62e-01   2.24e-01   1.17e+00   0.00e+00 (  4.98e+01,  7.99e+01)
65      0.109   2.51e-01   4.10e-01   2.83e-01   1.48e+00   0.00e+00 (  4.55e+01,  7.10e+01)
70      0.114   2.55e-01   4.27e-01   3.38e-01   1.60e+00   0.00e+00 (  4.00e+01,  6.27e+01)
75      0.119   2.57e-01   4.48e-01   3.89e-01   1.70e+00   0.00e+00 (  3.54e+01,  5.51e+01)
80      0.119   2.54e-01   4.53e-01   4.19e-01   1.74e+00   0.00e+00 (  3.12e+01,  4.83e+01)
85      0.117   2.42e-01   4.41e-01   3.99e-01   1.73e+00   0.00e+00 (  2.72e+01,  4.23e+01)
90      0.118   2.44e-01   4.24e-01   3.84e-01   1.92e+00   0.00e+00 (  2.42e+01,  3.70e+01)
95      1.520   3.48e+00   4.40e+00   2.93e+00   9.67e+01   0.00e+00 (  1.35e+03,  3.22e+01)
15 e: 7.345e-05 i: 3.287e-05 :: e: 5.217e-02 i: 5.127e-02 :: n: 2.762e+01 e:18.274 i:18.690 v:4.993e+03
>>> tau_he = 5.000000, nhe(0)=2.093060e+00
 5     -0.002   3.27e-03   2.05e-01   2.83e-03  -9.86e-03   0.00e+00 (  6.81e-01,  2.36e+01)
10     -0.002   6.36e-04  -3.99e-03  -1.24e-03  -9.99e-03   0.00e+00 (  2.86e-01,  4.86e+01)
15      0.009   5.15e-02   1.35e-03   1.03e-02   6.08e-02   0.00e+00 (  2.87e+01,  7.36e+01)
20      0.014   7.66e-02   5.14e-02   2.14e-02   1.05e-01   0.00e+00 (  4.30e+01,  9.05e+01)
25      0.024   1.05e-01   8.33e-02   3.25e-02   2.10e-01   0.00e+00 (  5.49e+01,  1.03e+02)
30      0.035   1.36e-01   1.25e-01   5.93e-02   3.32e-01   0.00e+00 (  6.46e+01,  1.10e+02)
35      0.041   1.51e-01   1.51e-01   8.57e-02   4.19e-01   0.00e+00 (  6.61e+01,  1.14e+02)
40      0.054   1.73e-01   1.85e-01   1.12e-01   5.96e-01   0.00e+00 (  6.72e+01,  1.12e+02)
45      0.064   1.88e-01   2.28e-01   1.29e-01   7.46e-01   0.00e+00 (  6.35e+01,  1.06e+02)
50      0.072   2.06e-01   2.80e-01   1.44e-01   8.82e-01   0.00e+00 (  5.96e+01,  9.78e+01)
55      0.081   2.18e-01   3.21e-01   1.87e-01   1.04e+00   0.00e+00 (  5.41e+01,  8.89e+01)
60      0.088   2.27e-01   3.52e-01   2.18e-01   1.17e+00   0.00e+00 (  4.82e+01,  7.99e+01)
65      0.108   2.48e-01   4.01e-01   2.78e-01   1.48e+00   0.00e+00 (  4.43e+01,  7.10e+01)
70      0.115   2.53e-01   4.22e-01   3.35e-01   1.61e+00   0.00e+00 (  3.91e+01,  6.27e+01)
75      0.120   2.57e-01   4.47e-01   3.88e-01   1.72e+00   0.00e+00 (  3.49e+01,  5.51e+01)
80      0.122   2.56e-01   4.57e-01   4.22e-01   1.78e+00   0.00e+00 (  3.10e+01,  4.83e+01)
85      0.120   2.45e-01   4.48e-01   4.06e-01   1.78e+00   0.00e+00 (  2.71e+01,  4.23e+01)
90      0.122   2.50e-01   4.34e-01   3.93e-01   1.97e+00   0.00e+00 (  2.43e+01,  3.70e+01)
95      1.518   3.48e+00   4.39e+00   2.93e+00   9.65e+01   0.00e+00 (  1.35e+03,  3.22e+01)
16 e: 6.387e-05 i: 3.795e-05 :: e: 5.119e-02 i: 5.205e-02 :: n: 2.762e+01 e:18.091 i:18.747 v:4.993e+03
>>> tau_he = 5.000000, nhe(0)=2.080852e+00
 5     -0.002   3.23e-03   2.02e-01   2.84e-03  -9.71e-03   0.00e+00 (  6.75e-01,  2.36e+01)
10     -0.006   6.30e-03   4.35e-02  -1.96e-03  -3.15e-02   0.00e+00 (  2.84e+00,  4.86e+01)
15      0.010   5.03e-02   3.47e-03   1.04e-02   6.88e-02   0.00e+00 (  2.81e+01,  7.36e+01)
20      0.007   7.90e-02   5.68e-02   2.04e-02   5.23e-02   0.00e+00 (  4.45e+01,  9.05e+01)
25      0.025   1.05e-01   8.64e-02   3.39e-02   2.13e-01   0.00e+00 (  5.55e+01,  1.03e+02)
30      0.035   1.37e-01   1.30e-01   6.21e-02   3.36e-01   0.00e+00 (  6.57e+01,  1.10e+02)
35      0.041   1.53e-01   1.57e-01   8.92e-02   4.25e-01   0.00e+00 (  6.75e+01,  1.14e+02)
40      0.055   1.76e-01   1.94e-01   1.19e-01   6.08e-01   0.00e+00 (  6.89e+01,  1.12e+02)
45      0.065   1.94e-01   2.38e-01   1.33e-01   7.54e-01   0.00e+00 (  6.62e+01,  1.06e+02)
50      0.073   2.10e-01   2.91e-01   1.48e-01   8.96e-01   0.00e+00 (  6.15e+01,  9.78e+01)
55      0.082   2.23e-01   3.32e-01   1.92e-01   1.05e+00   0.00e+00 (  5.60e+01,  8.89e+01)
60      0.088   2.32e-01   3.62e-01   2.23e-01   1.17e+00   0.00e+00 (  4.99e+01,  7.99e+01)
65      0.109   2.52e-01   4.11e-01   2.84e-01   1.49e+00   0.00e+00 (  4.58e+01,  7.10e+01)
70      0.115   2.56e-01   4.29e-01   3.40e-01   1.61e+00   0.00e+00 (  4.03e+01,  6.27e+01)
75      0.119   2.59e-01   4.51e-01   3.91e-01   1.70e+00   0.00e+00 (  3.58e+01,  5.51e+01)
80      0.120   2.55e-01   4.56e-01   4.21e-01   1.75e+00   0.00e+00 (  3.15e+01,  4.83e+01)
85      0.118   2.43e-01   4.43e-01   4.01e-01   1.74e+00   0.00e+00 (  2.74e+01,  4.23e+01)
90      0.119   2.45e-01   4.26e-01   3.86e-01   1.92e+00   0.00e+00 (  2.43e+01,  3.70e+01)
95      1.519   3.48e+00   4.40e+00   2.93e+00   9.67e+01   0.00e+00 (  1.35e+03,  3.22e+01)
17 e: 6.009e-05 i: 4.455e-05 :: e: 4.090e-02 i: 4.010e-02 :: n: 2.762e+01 e:18.225 i:18.642 v:4.993e+03
>>> tau_he = 5.000000, nhe(0)=2.091006e+00
 5     -0.002   3.27e-03   2.05e-01   2.82e-03  -9.77e-03   0.00e+00 (  6.77e-01,  2.36e+01)
10     -0.002   6.23e-04  -3.96e-03  -1.23e-03  -9.86e-03   0.00e+00 (  2.79e-01,  4.86e+01)
15      0.010   5.10e-02   1.04e-03   1.03e-02   6.43e-02   0.00e+00 (  2.81e+01,  7.36e+01)
20      0.014   7.59e-02   5.07e-02   2.11e-02   1.07e-01   0.00e+00 (  4.23e+01,  9.05e+01)
25      0.024   1.04e-01   8.20e-02   3.22e-02   2.08e-01   0.00e+00 (  5.44e+01,  1.03e+02)
30      0.035   1.36e-01   1.24e-01   5.88e-02   3.30e-01   0.00e+00 (  6.44e+01,  1.10e+02)
35      0.041   1.51e-01   1.50e-01   8.51e-02   4.17e-01   0.00e+00 (  6.60e+01,  1.14e+02)
40      0.054   1.73e-01   1.84e-01   1.11e-01   5.95e-01   0.00e+00 (  6.70e+01,  1.12e+02)
45      0.064   1.88e-01   2.27e-01   1.29e-01   7.42e-01   0.00e+00 (  6.34e+01,  1.06e+02)
50      0.071   2.06e-01   2.78e-01   1.44e-01   8.78e-01   0.00e+00 (  5.96e+01,  9.78e+01)
55      0.081   2.19e-01   3.20e-01   1.86e-01   1.04e+00   0.00e+00 (  5.43e+01,  8.89e+01)
60      0.088   2.28e-01   3.52e-01   2.18e-01   1.17e+00   0.00e+00 (  4.84e+01,  7.99e+01)
65      0.109   2.49e-01   4.04e-01   2.79e-01   1.49e+00   0.00e+00 (  4.47e+01,  7.10e+01)
70      0.116   2.55e-01   4.25e-01   3.37e-01   1.63e+00   0.00e+00 (  3.96e+01,  6.27e+01)
75      0.121   2.59e-01   4.51e-01   3.91e-01   1.73e+00   0.00e+00 (  3.53e+01,  5.51e+01)
80      0.123   2.58e-01   4.61e-01   4.25e-01   1.79e+00   0.00e+00 (  3.14e+01,  4.83e+01)
85      0.121   2.47e-01   4.52e-01   4.09e-01   1.79e+00   0.00e+00 (  2.74e+01,  4.23e+01)
90      0.123   2.51e-01   4.38e-01   3.96e-01   1.99e+00   0.00e+00 (  2.45e+01,  3.70e+01)
95      1.517   3.48e+00   4.39e+00   2.93e+00   9.65e+01   0.00e+00 (  1.35e+03,  3.22e+01)
18 e: 8.449e-05 i: 3.020e-05 :: e: 3.983e-02 i: 4.167e-02 :: n: 2.762e+01 e:18.063 i:18.729 v:4.993e+03
>>> tau_he = 5.000000, nhe(0)=2.080968e+00
 5     -0.002   3.23e-03   2.02e-01   2.83e-03  -9.65e-03   0.00e+00 (  6.74e-01,  2.36e+01)
10     -0.002   6.56e-04  -4.02e-03  -1.45e-03  -1.28e-02   0.00e+00 (  2.95e-01,  4.86e+01)
15      0.012   4.95e-02   3.22e-03   1.02e-02   7.76e-02   0.00e+00 (  2.74e+01,  7.36e+01)
20      0.015   7.69e-02   5.39e-02   2.00e-02   1.13e-01   0.00e+00 (  4.31e+01,  9.05e+01)
25      0.025   1.05e-01   8.55e-02   3.37e-02   2.11e-01   0.00e+00 (  5.53e+01,  1.03e+02)
30      0.035   1.37e-01   1.29e-01   6.18e-02   3.35e-01   0.00e+00 (  6.57e+01,  1.10e+02)
35      0.041   1.53e-01   1.56e-01   8.88e-02   4.24e-01   0.00e+00 (  6.77e+01,  1.14e+02)
40      0.055   1.76e-01   1.93e-01   1.18e-01   6.08e-01   0.00e+00 (  6.91e+01,  1.12e+02)
45      0.064   1.95e-01   2.38e-01   1.33e-01   7.53e-01   0.00e+00 (  6.65e+01,  1.06e+02)
50      0.073   2.10e-01   2.91e-01   1.48e-01   8.95e-01   0.00e+00 (  6.18e+01,  9.78e+01)
55      0.082   2.24e-01   3.32e-01   1.92e-01   1.06e+00   0.00e+00 (  5.64e+01,  8.89e+01)
60      0.089   2.33e-01   3.63e-01   2.24e-01   1.18e+00   0.00e+00 (  5.04e+01,  7.99e+01)
65      0.110   2.55e-01   4.15e-01   2.86e-01   1.50e+00   0.00e+00 (  4.65e+01,  7.10e+01)
70      0.116   2.59e-01   4.34e-01   3.43e-01   1.63e+00   0.00e+00 (  4.10e+01,  6.27e+01)
75      0.120   2.62e-01   4.56e-01   3.95e-01   1.72e+00   0.00e+00 (  3.63e+01,  5.51e+01)
80      0.121   2.58e-01   4.61e-01   4.25e-01   1.76e+00   0.00e+00 (  3.20e+01,  4.83e+01)
85      0.119   2.45e-01   4.48e-01   4.05e-01   1.75e+00   0.00e+00 (  2.77e+01,  4.23e+01)
90      0.120   2.46e-01   4.30e-01   3.90e-01   1.94e+00   0.00e+00 (  2.46e+01,  3.70e+01)
95      1.519   3.48e+00   4.40e+00   2.93e+00   9.67e+01   0.00e+00 (  1.35e+03,  3.22e+01)
19 e: 5.109e-05 i: 6.278e-05 :: e: 2.916e-02 i: 2.921e-02 :: n: 2.762e+01 e:18.226 i:18.643 v:4.993e+03
>>> tau_he = 5.000000, nhe(0)=2.096617e+00
 5     -0.002   3.29e-03   2.06e-01   2.82e-03  -9.74e-03   0.00e+00 (  6.80e-01,  2.36e+01)
10     -0.002   6.62e-04  -4.05e-03  -1.25e-03  -1.00e-02   0.00e+00 (  2.96e-01,  4.86e+01)
15      0.011   4.96e-02   1.66e-03   1.03e-02   7.33e-02   0.00e+00 (  2.72e+01,  7.36e+01)
20      0.014   7.57e-02   5.03e-02   2.11e-02   1.09e-01   0.00e+00 (  4.21e+01,  9.05e+01)
25      0.024   1.04e-01   8.13e-02   3.20e-02   2.08e-01   0.00e+00 (  5.44e+01,  1.03e+02)
30      0.035   1.36e-01   1.24e-01   5.84e-02   3.30e-01   0.00e+00 (  6.46e+01,  1.10e+02)
35      0.041   1.51e-01   1.49e-01   8.45e-02   4.17e-01   0.00e+00 (  6.63e+01,  1.14e+02)
40      0.054   1.73e-01   1.84e-01   1.10e-01   5.95e-01   0.00e+00 (  6.74e+01,  1.12e+02)
45      0.063   1.91e-01   2.26e-01   1.30e-01   7.35e-01   0.00e+00 (  6.47e+01,  1.06e+02)
50      0.071   2.07e-01   2.78e-01   1.44e-01   8.77e-01   0.00e+00 (  6.01e+01,  9.78e+01)
55      0.081   2.21e-01   3.21e-01   1.87e-01   1.04e+00   0.00e+00 (  5.50e+01,  8.89e+01)
60      0.088   2.29e-01   3.53e-01   2.18e-01   1.17e+00   0.00e+00 (  4.90e+01,  7.99e+01)
65      0.110   2.52e-01   4.07e-01   2.81e-01   1.50e+00   0.00e+00 (  4.54e+01,  7.10e+01)
70      0.117   2.58e-01   4.30e-01   3.41e-01   1.64e+00   0.00e+00 (  4.03e+01,  6.27e+01)
75      0.122   2.62e-01   4.57e-01   3.95e-01   1.75e+00   0.00e+00 (  3.59e+01,  5.51e+01)
80      0.124   2.61e-01   4.67e-01   4.30e-01   1.81e+00   0.00e+00 (  3.20e+01,  4.83e+01)
85      0.122   2.49e-01   4.58e-01   4.14e-01   1.81e+00   0.00e+00 (  2.78e+01,  4.23e+01)
90      0.124   2.53e-01   4.44e-01   4.01e-01   2.01e+00   0.00e+00 (  2.48e+01,  3.70e+01)
95      1.517   3.48e+00   4.39e+00   2.93e+00   9.65e+01   0.00e+00 (  1.35e+03,  3.22e+01)
20 e: 1.100e-04 i: 2.501e-05 :: e: 2.784e-02 i: 3.102e-02 :: n: 2.762e+01 e:18.083 i:18.778 v:4.993e+03
>>> tau_he = 5.000000, nhe(0)=2.088056e+00
 5     -0.002   3.26e-03   2.03e-01   2.84e-03  -9.70e-03   0.00e+00 (  6.80e-01,  2.36e+01)
10     -0.006   6.40e-03   4.38e-02  -2.01e-03  -3.20e-02   0.00e+00 (  2.89e+00,  4.86e+01)
15      0.012   4.99e-02   3.64e-03   1.04e-02   8.02e-02   0.00e+00 (  2.76e+01,  7.36e+01)
20      0.015   7.70e-02   5.38e-02   2.00e-02   1.14e-01   0.00e+00 (  4.31e+01,  9.05e+01)
25      0.025   1.06e-01   8.52e-02   3.35e-02   2.11e-01   0.00e+00 (  5.56e+01,  1.03e+02)
30      0.035   1.38e-01   1.29e-01   6.15e-02   3.35e-01   0.00e+00 (  6.63e+01,  1.10e+02)
35      0.041   1.54e-01   1.56e-01   8.84e-02   4.24e-01   0.00e+00 (  6.83e+01,  1.14e+02)
40      0.055   1.77e-01   1.94e-01   1.17e-01   6.09e-01   0.00e+00 (  6.98e+01,  1.12e+02)
45      0.065   1.96e-01   2.39e-01   1.33e-01   7.56e-01   0.00e+00 (  6.73e+01,  1.06e+02)
50      0.073   2.12e-01   2.91e-01   1.48e-01   8.98e-01   0.00e+00 (  6.27e+01,  9.78e+01)
55      0.083   2.26e-01   3.35e-01   1.93e-01   1.06e+00   0.00e+00 (  5.73e+01,  8.89e+01)
60      0.089   2.35e-01   3.66e-01   2.26e-01   1.18e+00   0.00e+00 (  5.13e+01,  7.99e+01)
65      0.111   2.58e-01   4.20e-01   2.90e-01   1.52e+00   0.00e+00 (  4.74e+01,  7.10e+01)
70      0.118   2.63e-01   4.40e-01   3.47e-01   1.65e+00   0.00e+00 (  4.19e+01,  6.27e+01)
75      0.122   2.65e-01   4.62e-01   4.00e-01   1.74e+00   0.00e+00 (  3.71e+01,  5.51e+01)
80      0.123   2.61e-01   4.68e-01   4.31e-01   1.78e+00   0.00e+00 (  3.27e+01,  4.83e+01)
85      0.120   2.48e-01   4.55e-01   4.11e-01   1.77e+00   0.00e+00 (  2.83e+01,  4.23e+01)
90      0.121   2.49e-01   4.36e-01   3.95e-01   1.96e+00   0.00e+00 (  2.50e+01,  3.70e+01)
95      1.519   3.48e+00   4.40e+00   2.93e+00   9.66e+01   0.00e+00 (  1.35e+03,  3.22e+01)
21 e: 4.916e-05 i: 7.303e-05 :: e: 1.811e-02 i: 1.940e-02 :: n: 2.762e+01 e:18.283 i:18.704 v:4.993e+03
>>> tau_he = 5.000000, nhe(0)=2.103484e+00
 5     -0.002   3.32e-03   2.08e-01   2.84e-03  -9.82e-03   0.00e+00 (  6.88e-01,  2.36e+01)
10     -0.002   6.55e-04  -4.04e-03  -1.25e-03  -1.00e-02   0.00e+00 (  2.94e-01,  4.86e+01)
15      0.012   4.91e-02   1.25e-03   1.02e-02   8.05e-02   0.00e+00 (  2.69e+01,  7.36e+01)
20      0.014   7.60e-02   5.01e-02   2.11e-02   1.10e-01   0.00e+00 (  4.22e+01,  9.05e+01)
25      0.024   1.05e-01   8.08e-02   3.18e-02   2.07e-01   0.00e+00 (  5.48e+01,  1.03e+02)
30      0.035   1.37e-01   1.23e-01   5.81e-02   3.31e-01   0.00e+00 (  6.52e+01,  1.10e+02)
35      0.041   1.52e-01   1.49e-01   8.40e-02   4.17e-01   0.00e+00 (  6.70e+01,  1.14e+02)
40      0.054   1.74e-01   1.84e-01   1.09e-01   5.96e-01   0.00e+00 (  6.82e+01,  1.12e+02)
45      0.063   1.93e-01   2.27e-01   1.30e-01   7.37e-01   0.00e+00 (  6.55e+01,  1.06e+02)
50      0.072   2.08e-01   2.79e-01   1.44e-01   8.80e-01   0.00e+00 (  6.09e+01,  9.78e+01)
55      0.082   2.23e-01   3.23e-01   1.87e-01   1.05e+00   0.00e+00 (  5.59e+01,  8.89e+01)
60      0.089   2.32e-01   3.56e-01   2.20e-01   1.18e+00   0.00e+00 (  4.99e+01,  7.99e+01)
65      0.111   2.55e-01   4.13e-01   2.85e-01   1.52e+00   0.00e+00 (  4.64e+01,  7.10e+01)
70      0.119   2.62e-01   4.37e-01   3.45e-01   1.67e+00   0.00e+00 (  4.12e+01,  6.27e+01)
75      0.124   2.66e-01   4.64e-01   4.01e-01   1.77e+00   0.00e+00 (  3.68e+01,  5.51e+01)
80      0.126   2.65e-01   4.75e-01   4.36e-01   1.83e+00   0.00e+00 (  3.27e+01,  4.83e+01)
85      0.124   2.53e-01   4.66e-01   4.20e-01   1.83e+00   0.00e+00 (  2.84e+01,  4.23e+01)
90      0.127   2.59e-01   4.56e-01   4.15e-01   2.05e+00   0.00e+00 (  2.55e+01,  3.70e+01)
95      1.517   3.48e+00   4.39e+00   2.93e+00   9.65e+01   0.00e+00 (  1.35e+03,  3.22e+01)
22 e: 1.259e-04 i: 2.422e-05 :: e: 1.676e-02 i: 2.118e-02 :: n: 2.762e+01 e:18.141 i:18.838 v:4.993e+03
>>> tau_he = 5.000000, nhe(0)=2.095518e+00
 5     -0.002   3.29e-03   2.06e-01   2.86e-03  -9.74e-03   0.00e+00 (  6.87e-01,  2.36e+01)
10     -0.006   6.42e-03   4.42e-02  -2.00e-03  -3.21e-02   0.00e+00 (  2.90e+00,  4.86e+01)
15      0.012   5.01e-02   3.24e-03   1.04e-02   8.19e-02   0.00e+00 (  2.77e+01,  7.36e+01)
20      0.015   7.73e-02   5.37e-02   2.00e-02   1.15e-01   0.00e+00 (  4.33e+01,  9.05e+01)
25      0.025   1.06e-01   8.50e-02   3.34e-02   2.11e-01   0.00e+00 (  5.61e+01,  1.03e+02)
30      0.035   1.38e-01   1.29e-01   6.13e-02   3.36e-01   0.00e+00 (  6.68e+01,  1.10e+02)
35      0.041   1.55e-01   1.56e-01   8.81e-02   4.25e-01   0.00e+00 (  6.92e+01,  1.14e+02)
40      0.055   1.82e-01   1.94e-01   1.17e-01   6.02e-01   0.00e+00 (  7.23e+01,  1.12e+02)
45      0.065   1.98e-01   2.40e-01   1.34e-01   7.60e-01   0.00e+00 (  6.84e+01,  1.06e+02)
50      0.074   2.14e-01   2.93e-01   1.49e-01   9.03e-01   0.00e+00 (  6.39e+01,  9.78e+01)
55      0.083   2.29e-01   3.37e-01   1.94e-01   1.07e+00   0.00e+00 (  5.85e+01,  8.89e+01)
60      0.090   2.38e-01   3.69e-01   2.27e-01   1.19e+00   0.00e+00 (  5.24e+01,  7.99e+01)
65      0.113   2.62e-01   4.27e-01   2.94e-01   1.54e+00   0.00e+00 (  4.86e+01,  7.10e+01)
70      0.119   2.67e-01   4.48e-01   3.53e-01   1.67e+00   0.00e+00 (  4.29e+01,  6.27e+01)
75      0.123   2.70e-01   4.70e-01   4.06e-01   1.76e+00   0.00e+00 (  3.81e+01,  5.51e+01)
80      0.124   2.66e-01   4.77e-01   4.38e-01   1.81e+00   0.00e+00 (  3.36e+01,  4.83e+01)
85      0.122   2.51e-01   4.64e-01   4.18e-01   1.80e+00   0.00e+00 (  2.90e+01,  4.23e+01)
90      0.124   2.54e-01   4.48e-01   4.09e-01   2.00e+00   0.00e+00 (  2.57e+01,  3.70e+01)
95      1.519   3.48e+00   4.40e+00   2.93e+00   9.66e+01   0.00e+00 (  1.35e+03,  3.22e+01)
23 e: 4.992e-05 i: 8.251e-05 :: e: 8.042e-03 i: 1.100e-02 :: n: 2.762e+01 e:18.352 i:18.770 v:4.993e+03
>>> tau_he = 5.000000, nhe(0)=2.112263e+00
 5     -0.002   3.35e-03   2.11e-01   2.85e-03  -9.88e-03   0.00e+00 (  6.97e-01,  2.36e+01)
10     -0.002   6.47e-04  -4.03e-03  -1.25e-03  -9.97e-03   0.00e+00 (  2.90e-01,  4.86e+01)
15      0.012   4.93e-02   7.86e-04   1.02e-02   8.20e-02   0.00e+00 (  2.70e+01,  7.36e+01)
20      0.015   7.63e-02   4.98e-02   2.10e-02   1.11e-01   0.00e+00 (  4.24e+01,  9.05e+01)
25      0.024   1.05e-01   8.05e-02   3.16e-02   2.07e-01   0.00e+00 (  5.53e+01,  1.03e+02)
30      0.035   1.38e-01   1.23e-01   5.77e-02   3.32e-01   0.00e+00 (  6.60e+01,  1.10e+02)
35      0.041   1.54e-01   1.49e-01   8.36e-02   4.17e-01   0.00e+00 (  6.79e+01,  1.14e+02)
40      0.053   1.79e-01   1.84e-01   1.08e-01   5.89e-01   0.00e+00 (  7.05e+01,  1.12e+02)
45      0.063   1.94e-01   2.27e-01   1.30e-01   7.40e-01   0.00e+00 (  6.65e+01,  1.06e+02)
50      0.072   2.10e-01   2.80e-01   1.44e-01   8.85e-01   0.00e+00 (  6.20e+01,  9.78e+01)
55      0.083   2.25e-01   3.25e-01   1.88e-01   1.06e+00   0.00e+00 (  5.71e+01,  8.89e+01)
60      0.090   2.35e-01   3.59e-01   2.22e-01   1.19e+00   0.00e+00 (  5.10e+01,  7.99e+01)
65      0.113   2.59e-01   4.19e-01   2.89e-01   1.54e+00   0.00e+00 (  4.75e+01,  7.10e+01)
70      0.121   2.66e-01   4.44e-01   3.50e-01   1.69e+00   0.00e+00 (  4.22e+01,  6.27e+01)
75      0.126   2.71e-01   4.72e-01   4.07e-01   1.80e+00   0.00e+00 (  3.77e+01,  5.51e+01)
80      0.128   2.70e-01   4.84e-01   4.44e-01   1.87e+00   0.00e+00 (  3.36e+01,  4.83e+01)
85      0.126   2.57e-01   4.76e-01   4.28e-01   1.86e+00   0.00e+00 (  2.92e+01,  4.23e+01)
90      0.129   2.62e-01   4.65e-01   4.22e-01   2.08e+00   0.00e+00 (  2.61e+01,  3.70e+01)
95      1.516   3.47e+00   4.39e+00   2.93e+00   9.64e+01   0.00e+00 (  1.35e+03,  3.22e+01)
24 e: 1.398e-04 i: 2.544e-05 :: e: 7.822e-03 i: 1.358e-02 :: n: 2.762e+01 e:18.210 i:18.916 v:4.993e+03
>>> tau_he = 5.000000, nhe(0)=2.104499e+00
 5     -0.002   3.33e-03   2.08e-01   2.88e-03  -9.81e-03   0.00e+00 (  6.97e-01,  2.36e+01)
10     -0.002   6.88e-04  -4.11e-03  -1.47e-03  -1.31e-02   0.00e+00 (  3.11e-01,  4.86e+01)
15      0.013   5.04e-02   2.87e-03   1.04e-02   8.34e-02   0.00e+00 (  2.78e+01,  7.36e+01)
20      0.015   7.79e-02   5.35e-02   1.95e-02   1.15e-01   0.00e+00 (  4.37e+01,  9.05e+01)
25      0.025   1.07e-01   8.50e-02   3.32e-02   2.11e-01   0.00e+00 (  5.67e+01,  1.03e+02)
30      0.036   1.40e-01   1.30e-01   6.10e-02   3.36e-01   0.00e+00 (  6.77e+01,  1.10e+02)
35      0.041   1.57e-01   1.57e-01   8.79e-02   4.26e-01   0.00e+00 (  7.02e+01,  1.14e+02)
40      0.055   1.84e-01   1.95e-01   1.17e-01   6.06e-01   0.00e+00 (  7.32e+01,  1.12e+02)
45      0.065   2.00e-01   2.42e-01   1.35e-01   7.65e-01   0.00e+00 (  6.96e+01,  1.06e+02)
50      0.074   2.16e-01   2.87e-01   1.46e-01   9.09e-01   0.00e+00 (  6.49e+01,  9.78e+01)
55      0.084   2.32e-01   3.41e-01   1.95e-01   1.08e+00   0.00e+00 (  6.00e+01,  8.89e+01)
60      0.091   2.42e-01   3.73e-01   2.30e-01   1.20e+00   0.00e+00 (  5.36e+01,  7.99e+01)
65      0.114   2.66e-01   4.34e-01   2.98e-01   1.56e+00   0.00e+00 (  4.99e+01,  7.10e+01)
70      0.121   2.72e-01   4.56e-01   3.59e-01   1.69e+00   0.00e+00 (  4.41e+01,  6.27e+01)
75      0.125   2.75e-01   4.79e-01   4.13e-01   1.79e+00   0.00e+00 (  3.92e+01,  5.51e+01)
80      0.126   2.71e-01   4.87e-01   4.46e-01   1.84e+00   0.00e+00 (  3.46e+01,  4.83e+01)
85      0.123   2.55e-01   4.73e-01   4.26e-01   1.82e+00   0.00e+00 (  2.97e+01,  4.23e+01)
90      0.125   2.57e-01   4.57e-01   4.16e-01   2.03e+00   0.00e+00 (  2.63e+01,  3.70e+01)
95      1.518   3.48e+00   4.40e+00   2.93e+00   9.66e+01   0.00e+00 (  1.35e+03,  3.22e+01)
25 e: 5.277e-05 i: 9.582e-05 :: e: 5.743e-03 i: 8.444e-03 :: n: 2.762e+01 e:18.434 i:18.849 v:4.993e+03
>>> tau_he = 5.000000, nhe(0)=2.125036e+00
 5     -0.002   3.41e-03   2.13e-01   2.87e-03  -9.97e-03   0.00e+00 (  7.08e-01,  2.36e+01)
10     -0.002   6.90e-04  -4.13e-03  -1.26e-03  -1.02e-02   0.00e+00 (  3.11e-01,  4.86e+01)
15      0.013   5.01e-02   1.06e-03   1.03e-02   8.46e-02   0.00e+00 (  2.75e+01,  7.36e+01)
20      0.015   7.69e-02   4.98e-02   2.10e-02   1.12e-01   0.00e+00 (  4.28e+01,  9.05e+01)
25      0.024   1.06e-01   8.05e-02   3.14e-02   2.08e-01   0.00e+00 (  5.59e+01,  1.03e+02)
30      0.035   1.39e-01   1.23e-01   5.74e-02   3.33e-01   0.00e+00 (  6.69e+01,  1.10e+02)
35      0.041   1.55e-01   1.49e-01   8.32e-02   4.19e-01   0.00e+00 (  6.89e+01,  1.14e+02)
40      0.054   1.81e-01   1.84e-01   1.08e-01   5.92e-01   0.00e+00 (  7.14e+01,  1.12e+02)
45      0.064   1.96e-01   2.28e-01   1.31e-01   7.45e-01   0.00e+00 (  6.77e+01,  1.06e+02)
50      0.073   2.13e-01   2.82e-01   1.45e-01   8.94e-01   0.00e+00 (  6.34e+01,  9.78e+01)
55      0.083   2.28e-01   3.28e-01   1.89e-01   1.07e+00   0.00e+00 (  5.83e+01,  8.89e+01)
60      0.090   2.38e-01   3.62e-01   2.24e-01   1.20e+00   0.00e+00 (  5.22e+01,  7.99e+01)
65      0.114   2.63e-01   4.25e-01   2.93e-01   1.56e+00   0.00e+00 (  4.87e+01,  7.10e+01)
70      0.122   2.70e-01   4.51e-01   3.56e-01   1.72e+00   0.00e+00 (  4.33e+01,  6.27e+01)
75      0.128   2.76e-01   4.81e-01   4.14e-01   1.83e+00   0.00e+00 (  3.88e+01,  5.51e+01)
80      0.130   2.75e-01   4.94e-01   4.51e-01   1.90e+00   0.00e+00 (  3.46e+01,  4.83e+01)
85      0.128   2.61e-01   4.86e-01   4.37e-01   1.89e+00   0.00e+00 (  3.00e+01,  4.23e+01)
90      0.131   2.65e-01   4.74e-01   4.30e-01   2.12e+00   0.00e+00 (  2.67e+01,  3.70e+01)
95      1.516   3.47e+00   4.38e+00   2.93e+00   9.64e+01   0.00e+00 (  1.35e+03,  3.22e+01)
26 e: 1.584e-04 i: 2.725e-05 :: e: 5.939e-03 i: 1.262e-02 :: n: 2.762e+01 e:18.293 i:19.029 v:4.993e+03
>>> tau_he = 5.000000, nhe(0)=2.117031e+00
 5     -0.002   3.38e-03   2.11e-01   2.90e-03  -9.97e-03   0.00e+00 (  7.11e-01,  2.36e+01)
10     -0.006   6.59e-03   4.51e-02  -2.06e-03  -3.33e-02   0.00e+00 (  3.01e+00,  4.86e+01)
15      0.013   5.14e-02   3.31e-03   1.06e-02   8.52e-02   0.00e+00 (  2.84e+01,  7.36e+01)
20      0.015   7.86e-02   5.38e-02   1.99e-02   1.16e-01   0.00e+00 (  4.43e+01,  9.05e+01)
25      0.025   1.08e-01   8.52e-02   3.32e-02   2.12e-01   0.00e+00 (  5.75e+01,  1.03e+02)
30      0.036   1.41e-01   1.30e-01   6.08e-02   3.38e-01   0.00e+00 (  6.88e+01,  1.10e+02)
35      0.042   1.58e-01   1.57e-01   8.77e-02   4.28e-01   0.00e+00 (  7.14e+01,  1.14e+02)
40      0.055   1.85e-01   1.96e-01   1.16e-01   6.10e-01   0.00e+00 (  7.44e+01,  1.12e+02)
45      0.066   2.02e-01   2.44e-01   1.36e-01   7.71e-01   0.00e+00 (  7.09e+01,  1.06e+02)
50      0.075   2.19e-01   2.90e-01   1.47e-01   9.19e-01   0.00e+00 (  6.64e+01,  9.78e+01)
55      0.085   2.35e-01   3.45e-01   1.96e-01   1.09e+00   0.00e+00 (  6.14e+01,  8.89e+01)
60      0.091   2.45e-01   3.77e-01   2.32e-01   1.21e+00   0.00e+00 (  5.49e+01,  7.99e+01)
65      0.116   2.71e-01   4.41e-01   3.03e-01   1.58e+00   0.00e+00 (  5.12e+01,  7.10e+01)
70      0.123   2.76e-01   4.64e-01   3.64e-01   1.72e+00   0.00e+00 (  4.53e+01,  6.27e+01)
75      0.127   2.80e-01   4.88e-01   4.20e-01   1.82e+00   0.00e+00 (  4.03e+01,  5.51e+01)
80      0.128   2.76e-01   4.96e-01   4.53e-01   1.87e+00   0.00e+00 (  3.56e+01,  4.83e+01)
85      0.125   2.60e-01   4.83e-01   4.34e-01   1.85e+00   0.00e+00 (  3.06e+01,  4.23e+01)
90      0.127   2.60e-01   4.66e-01   4.24e-01   2.06e+00   0.00e+00 (  2.70e+01,  3.70e+01)
95      1.518   3.47e+00   4.39e+00   2.93e+00   9.66e+01   0.00e+00 (  1.36e+03,  3.22e+01)
27 e: 6.131e-05 i: 9.904e-05 :: e: 1.189e-02 i: 1.430e-02 :: n: 2.762e+01 e:18.541 i:18.960 v:4.993e+03
>>> tau_he = 5.000000, nhe(0)=2.135741e+00
 5     -0.002   3.45e-03   2.17e-01   2.89e-03  -1.01e-02   0.00e+00 (  7.21e-01,  2.36e+01)
10     -0.002   6.83e-04  -4.12e-03  -1.26e-03  -1.02e-02   0.00e+00 (  3.09e-01,  4.86e+01)
15      0.013   5.05e-02   6.17e-04   1.04e-02   8.53e-02   0.00e+00 (  2.77e+01,  7.36e+01)
20      0.015   7.75e-02   4.97e-02   2.09e-02   1.12e-01   0.00e+00 (  4.33e+01,  9.05e+01)
25      0.024   1.07e-01   8.05e-02   3.12e-02   2.08e-01   0.00e+00 (  5.67e+01,  1.03e+02)
30      0.035   1.40e-01   1.23e-01   5.70e-02   3.34e-01   0.00e+00 (  6.79e+01,  1.10e+02)
35      0.041   1.56e-01   1.49e-01   8.28e-02   4.20e-01   0.00e+00 (  6.99e+01,  1.14e+02)
40      0.054   1.82e-01   1.85e-01   1.07e-01   5.95e-01   0.00e+00 (  7.25e+01,  1.12e+02)
45      0.064   1.98e-01   2.30e-01   1.32e-01   7.49e-01   0.00e+00 (  6.89e+01,  1.06e+02)
50      0.073   2.15e-01   2.76e-01   1.42e-01   9.02e-01   0.00e+00 (  6.44e+01,  9.78e+01)
55      0.084   2.31e-01   3.31e-01   1.90e-01   1.08e+00   0.00e+00 (  5.95e+01,  8.89e+01)
60      0.091   2.41e-01   3.66e-01   2.25e-01   1.21e+00   0.00e+00 (  5.33e+01,  7.99e+01)
65      0.116   2.67e-01   4.31e-01   2.97e-01   1.59e+00   0.00e+00 (  4.98e+01,  7.10e+01)
70      0.124   2.75e-01   4.59e-01   3.61e-01   1.74e+00   0.00e+00 (  4.44e+01,  6.27e+01)
75      0.130   2.80e-01   4.89e-01   4.20e-01   1.86e+00   0.00e+00 (  3.98e+01,  5.51e+01)
80      0.133   2.79e-01   5.04e-01   4.59e-01   1.93e+00   0.00e+00 (  3.55e+01,  4.83e+01)
85      0.130   2.65e-01   4.96e-01   4.44e-01   1.92e+00   0.00e+00 (  3.08e+01,  4.23e+01)
90      0.133   2.69e-01   4.84e-01   4.38e-01   2.15e+00   0.00e+00 (  2.74e+01,  3.70e+01)
95      1.515   3.47e+00   4.38e+00   2.93e+00   9.64e+01   0.00e+00 (  1.35e+03,  3.22e+01)
28 e: 1.636e-04 i: 3.247e-05 :: e: 8.876e-03 i: 1.653e-02 :: n: 2.762e+01 e:18.384 i:19.125 v:4.993e+03
>>> tau_he = 5.000000, nhe(0)=2.126893e+00
 5     -0.002   3.42e-03   2.15e-01   2.92e-03  -1.01e-02   0.00e+00 (  7.22e-01,  2.36e+01)
10     -0.006   6.62e-03   4.56e-02  -2.05e-03  -3.35e-02   0.00e+00 (  3.03e+00,  4.86e+01)
15      0.013   5.18e-02   2.91e-03   1.06e-02   8.62e-02   0.00e+00 (  2.87e+01,  7.36e+01)
20      0.015   7.88e-02   5.35e-02   2.25e-02   1.14e-01   0.00e+00 (  4.45e+01,  9.05e+01)
25      0.025   1.09e-01   8.54e-02   3.31e-02   2.13e-01   0.00e+00 (  5.83e+01,  1.03e+02)
30      0.036   1.42e-01   1.31e-01   6.07e-02   3.39e-01   0.00e+00 (  6.98e+01,  1.10e+02)
35      0.042   1.60e-01   1.58e-01   8.76e-02   4.30e-01   0.00e+00 (  7.25e+01,  1.14e+02)
40      0.054   1.87e-01   2.08e-01   1.18e-01   5.94e-01   0.00e+00 (  7.55e+01,  1.12e+02)
45      0.066   2.04e-01   2.45e-01   1.36e-01   7.77e-01   0.00e+00 (  7.23e+01,  1.06e+02)
50      0.076   2.22e-01   2.94e-01   1.48e-01   9.31e-01   0.00e+00 (  6.78e+01,  9.78e+01)
55      0.086   2.39e-01   3.49e-01   1.97e-01   1.10e+00   0.00e+00 (  6.28e+01,  8.89e+01)
60      0.092   2.48e-01   3.82e-01   2.34e-01   1.22e+00   0.00e+00 (  5.62e+01,  7.99e+01)
65      0.117   2.75e-01   4.48e-01   3.07e-01   1.60e+00   0.00e+00 (  5.25e+01,  7.10e+01)
70      0.124   2.81e-01   4.71e-01   3.70e-01   1.74e+00   0.00e+00 (  4.64e+01,  6.27e+01)
75      0.129   2.84e-01   4.97e-01   4.26e-01   1.84e+00   0.00e+00 (  4.14e+01,  5.51e+01)
80      0.130   2.81e-01   5.06e-01   4.61e-01   1.89e+00   0.00e+00 (  3.66e+01,  4.83e+01)
85      0.127   2.64e-01   4.93e-01   4.42e-01   1.88e+00   0.00e+00 (  3.14e+01,  4.23e+01)
90      0.129   2.64e-01   4.75e-01   4.32e-01   2.09e+00   0.00e+00 (  2.77e+01,  3.70e+01)
95      1.518   3.47e+00   4.39e+00   2.93e+00   9.66e+01   0.00e+00 (  1.36e+03,  3.22e+01)
29 e: 7.148e-05 i: 1.006e-04 :: e: 1.740e-02 i: 2.111e-02 :: n: 2.762e+01 e:18.632 i:19.048 v:4.993e+03
>>> tau_he = 5.000000, nhe(0)=2.145579e+00
 5     -0.002   3.49e-03   2.20e-01   2.91e-03  -1.02e-02   0.00e+00 (  7.33e-01,  2.36e+01)
10     -0.002   6.72e-04  -4.11e-03  -1.25e-03  -1.02e-02   0.00e+00 (  3.05e-01,  4.86e+01)
15      0.013   5.09e-02   2.07e-04   1.04e-02   8.65e-02   0.00e+00 (  2.80e+01,  7.36e+01)
20      0.015   7.81e-02   4.97e-02   2.08e-02   1.12e-01   0.00e+00 (  4.37e+01,  9.05e+01)
25      0.024   1.08e-01   8.05e-02   3.11e-02   2.09e-01   0.00e+00 (  5.73e+01,  1.03e+02)
30      0.035   1.41e-01   1.24e-01   5.68e-02   3.35e-01   0.00e+00 (  6.87e+01,  1.10e+02)
35      0.041   1.58e-01   1.50e-01   8.26e-02   4.21e-01   0.00e+00 (  7.09e+01,  1.14e+02)
40      0.054   1.84e-01   1.85e-01   1.06e-01   5.96e-01   0.00e+00 (  7.35e+01,  1.12e+02)
45      0.064   2.00e-01   2.31e-01   1.32e-01   7.53e-01   0.00e+00 (  7.00e+01,  1.06e+02)
50      0.074   2.17e-01   2.79e-01   1.43e-01   9.12e-01   0.00e+00 (  6.57e+01,  9.78e+01)
55      0.085   2.34e-01   3.34e-01   1.91e-01   1.09e+00   0.00e+00 (  6.07e+01,  8.89e+01)
60      0.092   2.44e-01   3.69e-01   2.30e-01   1.22e+00   0.00e+00 (  5.45e+01,  7.99e+01)
65      0.117   2.71e-01   4.37e-01   3.01e-01   1.60e+00   0.00e+00 (  5.09e+01,  7.10e+01)
70      0.126   2.79e-01   4.66e-01   3.66e-01   1.76e+00   0.00e+00 (  4.54e+01,  6.27e+01)
75      0.132   2.85e-01   4.97e-01   4.27e-01   1.88e+00   0.00e+00 (  4.07e+01,  5.51e+01)
80      0.135   2.84e-01   5.13e-01   4.67e-01   1.96e+00   0.00e+00 (  3.64e+01,  4.83e+01)
85      0.132   2.69e-01   5.06e-01   4.52e-01   1.95e+00   0.00e+00 (  3.15e+01,  4.23e+01)
90      0.135   2.73e-01   4.94e-01   4.46e-01   2.18e+00   0.00e+00 (  2.81e+01,  3.70e+01)
95      1.515   3.47e+00   4.38e+00   2.93e+00   9.64e+01   0.00e+00 (  1.35e+03,  3.22e+01)
30 e: 1.666e-04 i: 3.929e-05 :: e: 1.325e-02 i: 1.924e-02 :: n: 2.762e+01 e:18.464 i:19.214 v:4.993e+03
>>> tau_he = 5.000000, nhe(0)=2.135772e+00
 5     -0.002   3.46e-03   2.18e-01   2.94e-03  -1.02e-02   0.00e+00 (  7.33e-01,  2.36e+01)
10     -0.002   7.49e-04  -4.26e-03  -1.28e-03  -1.05e-02   0.00e+00 (  3.43e-01,  4.86e+01)
15      0.013   5.22e-02   2.63e-03   1.06e-02   8.71e-02   0.00e+00 (  2.90e+01,  7.36e+01)
20      0.015   7.94e-02   5.36e-02   2.25e-02   1.14e-01   0.00e+00 (  4.49e+01,  9.05e+01)
25      0.025   1.10e-01   8.57e-02   3.30e-02   2.14e-01   0.00e+00 (  5.89e+01,  1.03e+02)
30      0.036   1.43e-01   1.31e-01   6.06e-02   3.41e-01   0.00e+00 (  7.07e+01,  1.10e+02)
35      0.042   1.61e-01   1.59e-01   8.75e-02   4.32e-01   0.00e+00 (  7.35e+01,  1.14e+02)
40      0.054   1.88e-01   2.09e-01   1.17e-01   5.96e-01   0.00e+00 (  7.65e+01,  1.12e+02)
45      0.067   2.06e-01   2.47e-01   1.37e-01   7.82e-01   0.00e+00 (  7.35e+01,  1.06e+02)
50      0.077   2.24e-01   2.97e-01   1.49e-01   9.41e-01   0.00e+00 (  6.92e+01,  9.78e+01)
55      0.087   2.41e-01   3.52e-01   1.99e-01   1.11e+00   0.00e+00 (  6.40e+01,  8.89e+01)
60      0.093   2.52e-01   3.86e-01   2.39e-01   1.24e+00   0.00e+00 (  5.75e+01,  7.99e+01)
65      0.119   2.79e-01   4.54e-01   3.11e-01   1.62e+00   0.00e+00 (  5.36e+01,  7.10e+01)
70      0.126   2.85e-01   4.79e-01   3.75e-01   1.76e+00   0.00e+00 (  4.75e+01,  6.27e+01)
75      0.131   2.88e-01   5.05e-01   4.32e-01   1.87e+00   0.00e+00 (  4.23e+01,  5.51e+01)
80      0.132   2.85e-01   5.14e-01   4.68e-01   1.92e+00   0.00e+00 (  3.75e+01,  4.83e+01)
85      0.129   2.67e-01   5.02e-01   4.49e-01   1.90e+00   0.00e+00 (  3.22e+01,  4.23e+01)
90      0.130   2.67e-01   4.84e-01   4.39e-01   2.11e+00   0.00e+00 (  2.83e+01,  3.70e+01)
95      1.518   3.47e+00   4.39e+00   2.93e+00   9.66e+01   0.00e+00 (  1.36e+03,  3.22e+01)
31 e: 8.331e-05 i: 1.060e-04 :: e: 2.102e-02 i: 2.395e-02 :: n: 2.762e+01 e:18.715 i:19.128 v:4.993e+03
>>> tau_he = 5.000000, nhe(0)=2.157260e+00
 5     -0.002   3.54e-03   2.23e-01   2.93e-03  -1.04e-02   0.00e+00 (  7.45e-01,  2.36e+01)
10     -0.002   7.17e-04  -4.21e-03  -1.27e-03  -1.05e-02   0.00e+00 (  3.27e-01,  4.86e+01)
15      0.013   5.17e-02   6.46e-04   1.06e-02   8.88e-02   0.00e+00 (  2.85e+01,  7.36e+01)
20      0.015   7.87e-02   4.98e-02   2.08e-02   1.13e-01   0.00e+00 (  4.42e+01,  9.05e+01)
25      0.024   1.09e-01   8.07e-02   3.10e-02   2.10e-01   0.00e+00 (  5.79e+01,  1.03e+02)
30      0.036   1.42e-01   1.24e-01   5.66e-02   3.37e-01   0.00e+00 (  6.95e+01,  1.10e+02)
35      0.041   1.59e-01   1.50e-01   8.24e-02   4.23e-01   0.00e+00 (  7.17e+01,  1.14e+02)
40      0.054   1.85e-01   1.85e-01   1.05e-01   5.97e-01   0.00e+00 (  7.43e+01,  1.12e+02)
45      0.065   2.02e-01   2.32e-01   1.33e-01   7.58e-01   0.00e+00 (  7.10e+01,  1.06e+02)
50      0.075   2.19e-01   2.81e-01   1.43e-01   9.20e-01   0.00e+00 (  6.66e+01,  9.78e+01)
55      0.085   2.36e-01   3.36e-01   1.91e-01   1.09e+00   0.00e+00 (  6.17e+01,  8.89e+01)
60      0.093   2.47e-01   3.70e-01   2.33e-01   1.23e+00   0.00e+00 (  5.55e+01,  7.99e+01)
65      0.119   2.74e-01   4.42e-01   3.04e-01   1.62e+00   0.00e+00 (  5.19e+01,  7.10e+01)
70      0.127   2.82e-01   4.71e-01   3.70e-01   1.78e+00   0.00e+00 (  4.63e+01,  6.27e+01)
75      0.133   2.88e-01   5.04e-01   4.32e-01   1.91e+00   0.00e+00 (  4.16e+01,  5.51e+01)
80      0.136   2.88e-01   5.21e-01   4.73e-01   1.98e+00   0.00e+00 (  3.72e+01,  4.83e+01)
85      0.134   2.73e-01   5.14e-01   4.59e-01   1.98e+00   0.00e+00 (  3.22e+01,  4.23e+01)
90      0.136   2.76e-01   5.02e-01   4.53e-01   2.21e+00   0.00e+00 (  2.87e+01,  3.70e+01)
95      1.515   3.47e+00   4.38e+00   2.93e+00   9.64e+01   0.00e+00 (  1.35e+03,  3.22e+01)
32 e: 1.763e-04 i: 4.640e-05 :: e: 1.586e-02 i: 2.052e-02 :: n: 2.762e+01 e:18.537 i:19.321 v:4.993e+03
>>> tau_he = 5.000000, nhe(0)=2.146274e+00
 5     -0.002   3.50e-03   2.20e-01   2.96e-03  -1.03e-02   0.00e+00 (  7.46e-01,  2.36e+01)
10     -0.006   6.78e-03   4.65e-02  -2.09e-03  -3.49e-02   0.00e+00 (  3.13e+00,  4.86e+01)
15      0.013   5.32e-02   3.26e-03   1.08e-02   8.86e-02   0.00e+00 (  2.96e+01,  7.36e+01)
20      0.015   8.01e-02   5.40e-02   2.25e-02   1.15e-01   0.00e+00 (  4.55e+01,  9.05e+01)
25      0.025   1.10e-01   8.61e-02   3.30e-02   2.15e-01   0.00e+00 (  5.97e+01,  1.03e+02)
30      0.038   1.44e-01   1.32e-01   6.10e-02   3.56e-01   0.00e+00 (  7.15e+01,  1.10e+02)
35      0.042   1.62e-01   1.59e-01   8.75e-02   4.34e-01   0.00e+00 (  7.44e+01,  1.14e+02)
40      0.051   1.87e-01   2.06e-01   1.14e-01   5.62e-01   0.00e+00 (  7.63e+01,  1.12e+02)
45      0.067   2.09e-01   2.51e-01   1.40e-01   7.82e-01   0.00e+00 (  7.48e+01,  1.06e+02)
50      0.077   2.26e-01   3.00e-01   1.50e-01   9.50e-01   0.00e+00 (  7.02e+01,  9.78e+01)
55      0.087   2.44e-01   3.55e-01   2.00e-01   1.12e+00   0.00e+00 (  6.52e+01,  8.89e+01)
60      0.094   2.55e-01   3.87e-01   2.42e-01   1.25e+00   0.00e+00 (  5.85e+01,  7.99e+01)
65      0.120   2.82e-01   4.60e-01   3.15e-01   1.64e+00   0.00e+00 (  5.46e+01,  7.10e+01)
70      0.127   2.88e-01   4.84e-01   3.79e-01   1.78e+00   0.00e+00 (  4.84e+01,  6.27e+01)
75      0.132   2.92e-01   5.12e-01   4.38e-01   1.89e+00   0.00e+00 (  4.32e+01,  5.51e+01)
80      0.133   2.89e-01   5.22e-01   4.74e-01   1.94e+00   0.00e+00 (  3.83e+01,  4.83e+01)
85      0.130   2.70e-01   5.09e-01   4.55e-01   1.92e+00   0.00e+00 (  3.28e+01,  4.23e+01)
90      0.132   2.69e-01   4.91e-01   4.44e-01   2.13e+00   0.00e+00 (  2.89e+01,  3.70e+01)
95      1.518   3.47e+00   4.39e+00   2.93e+00   9.66e+01   0.00e+00 (  1.36e+03,  3.22e+01)
33 e: 1.009e-04 i: 1.030e-04 :: e: 2.329e-02 i: 2.753e-02 :: n: 2.762e+01 e:18.803 i:19.223 v:4.993e+03
>>> tau_he = 5.000000, nhe(0)=2.164970e+00
 5     -0.002   3.57e-03   2.26e-01   2.95e-03  -1.05e-02   0.00e+00 (  7.56e-01,  2.36e+01)
10     -0.002   7.06e-04  -4.19e-03  -1.26e-03  -1.05e-02   0.00e+00 (  3.23e-01,  4.86e+01)
15      0.013   5.21e-02   3.38e-04   1.06e-02   8.92e-02   0.00e+00 (  2.87e+01,  7.36e+01)
20      0.015   7.93e-02   4.99e-02   2.07e-02   1.13e-01   0.00e+00 (  4.46e+01,  9.05e+01)
25      0.025   1.09e-01   8.09e-02   3.10e-02   2.11e-01   0.00e+00 (  5.85e+01,  1.03e+02)
30      0.036   1.43e-01   1.24e-01   5.65e-02   3.39e-01   0.00e+00 (  7.02e+01,  1.10e+02)
35      0.041   1.60e-01   1.50e-01   8.22e-02   4.25e-01   0.00e+00 (  7.25e+01,  1.14e+02)
40      0.054   1.86e-01   1.85e-01   1.05e-01   5.99e-01   0.00e+00 (  7.52e+01,  1.12e+02)
45      0.065   2.03e-01   2.32e-01   1.33e-01   7.61e-01   0.00e+00 (  7.18e+01,  1.06e+02)
50      0.075   2.21e-01   2.83e-01   1.43e-01   9.27e-01   0.00e+00 (  6.75e+01,  9.78e+01)
55      0.086   2.38e-01   3.39e-01   1.92e-01   1.10e+00   0.00e+00 (  6.26e+01,  8.89e+01)
60      0.094   2.49e-01   3.73e-01   2.34e-01   1.24e+00   0.00e+00 (  5.64e+01,  7.99e+01)
65      0.120   2.77e-01   4.46e-01   3.06e-01   1.64e+00   0.00e+00 (  5.27e+01,  7.10e+01)
70      0.128   2.85e-01   4.76e-01   3.74e-01   1.80e+00   0.00e+00 (  4.70e+01,  6.27e+01)
75      0.135   2.92e-01   5.10e-01   4.36e-01   1.93e+00   0.00e+00 (  4.23e+01,  5.51e+01)
80      0.138   2.91e-01   5.27e-01   4.78e-01   2.00e+00   0.00e+00 (  3.79e+01,  4.83e+01)
85      0.135   2.76e-01   5.21e-01   4.65e-01   2.00e+00   0.00e+00 (  3.28e+01,  4.23e+01)
90      0.139   2.81e-01   5.14e-01   4.65e-01   2.25e+00   0.00e+00 (  2.95e+01,  3.70e+01)
95      1.514   3.46e+00   4.38e+00   2.93e+00   9.64e+01   0.00e+00 (  1.35e+03,  3.22e+01)
34 e: 1.730e-04 i: 5.707e-05 :: e: 1.760e-02 i: 2.169e-02 :: n: 2.762e+01 e:18.604 i:19.392 v:4.993e+03
>>> tau_he = 5.000000, nhe(0)=2.152439e+00
 5     -0.002   3.53e-03   2.23e-01   2.98e-03  -1.04e-02   0.00e+00 (  7.54e-01,  2.36e+01)
10     -0.006   6.82e-03   4.68e-02  -1.87e-03  -3.17e-02   0.00e+00 (  3.15e+00,  4.86e+01)
15      0.014   5.35e-02   3.01e-03   1.08e-02   8.93e-02   0.00e+00 (  2.98e+01,  7.36e+01)
20      0.015   8.05e-02   5.41e-02   2.25e-02   1.15e-01   0.00e+00 (  4.58e+01,  9.05e+01)
25      0.025   1.11e-01   8.64e-02   3.30e-02   2.16e-01   0.00e+00 (  6.02e+01,  1.03e+02)
30      0.038   1.45e-01   1.33e-01   6.08e-02   3.57e-01   0.00e+00 (  7.22e+01,  1.10e+02)
35      0.042   1.63e-01   1.60e-01   8.76e-02   4.35e-01   0.00e+00 (  7.52e+01,  1.14e+02)
40      0.051   1.88e-01   2.07e-01   1.14e-01   5.64e-01   0.00e+00 (  7.72e+01,  1.12e+02)
45      0.067   2.10e-01   2.52e-01   1.41e-01   7.87e-01   0.00e+00 (  7.57e+01,  1.06e+02)
50      0.078   2.28e-01   3.03e-01   1.50e-01   9.57e-01   0.00e+00 (  7.12e+01,  9.78e+01)
55      0.086   2.44e-01   3.58e-01   1.99e-01   1.10e+00   0.00e+00 (  6.55e+01,  8.89e+01)
60      0.095   2.57e-01   3.90e-01   2.44e-01   1.26e+00   0.00e+00 (  5.94e+01,  7.99e+01)
65      0.121   2.85e-01   4.64e-01   3.19e-01   1.65e+00   0.00e+00 (  5.55e+01,  7.10e+01)
70      0.128   2.91e-01   4.89e-01   3.82e-01   1.79e+00   0.00e+00 (  4.91e+01,  6.27e+01)
75      0.133   2.94e-01   5.17e-01   4.42e-01   1.90e+00   0.00e+00 (  4.38e+01,  5.51e+01)
80      0.135   2.92e-01   5.28e-01   4.79e-01   1.96e+00   0.00e+00 (  3.89e+01,  4.83e+01)
85      0.131   2.73e-01   5.15e-01   4.60e-01   1.94e+00   0.00e+00 (  3.34e+01,  4.23e+01)
90      0.133   2.71e-01   4.97e-01   4.49e-01   2.15e+00   0.00e+00 (  2.93e+01,  3.70e+01)
95      1.518   3.47e+00   4.39e+00   2.93e+00   9.66e+01   0.00e+00 (  1.36e+03,  3.22e+01)
35 e: 1.194e-04 i: 9.973e-05 :: e: 2.352e-02 i: 2.841e-02 :: n: 2.762e+01 e:18.863 i:19.279 v:4.993e+03
>>> tau_he = 5.000000, nhe(0)=2.170602e+00
 5     -0.002   3.60e-03   2.29e-01   2.96e-03  -1.06e-02   0.00e+00 (  7.63e-01,  2.36e+01)
10     -0.002   6.91e-04  -4.16e-03  -1.25e-03  -1.04e-02   0.00e+00 (  3.16e-01,  4.86e+01)
15      0.014   5.23e-02   5.12e-05   1.06e-02   8.99e-02   0.00e+00 (  2.89e+01,  7.36e+01)
20      0.015   7.96e-02   4.99e-02   2.07e-02   1.13e-01   0.00e+00 (  4.49e+01,  9.05e+01)
25      0.025   1.10e-01   8.09e-02   3.09e-02   2.11e-01   0.00e+00 (  5.89e+01,  1.03e+02)
30      0.036   1.44e-01   1.25e-01   5.63e-02   3.40e-01   0.00e+00 (  7.07e+01,  1.10e+02)
35      0.041   1.61e-01   1.51e-01   8.21e-02   4.26e-01   0.00e+00 (  7.31e+01,  1.14e+02)
40      0.054   1.87e-01   1.86e-01   1.05e-01   6.00e-01   0.00e+00 (  7.58e+01,  1.12e+02)
45      0.065   2.04e-01   2.33e-01   1.33e-01   7.64e-01   0.00e+00 (  7.24e+01,  1.06e+02)
50      0.076   2.22e-01   2.84e-01   1.44e-01   9.31e-01   0.00e+00 (  6.82e+01,  9.78e+01)
55      0.086   2.39e-01   3.40e-01   1.92e-01   1.11e+00   0.00e+00 (  6.33e+01,  8.89e+01)
60      0.094   2.51e-01   3.75e-01   2.36e-01   1.25e+00   0.00e+00 (  5.70e+01,  7.99e+01)
65      0.120   2.79e-01   4.49e-01   3.10e-01   1.65e+00   0.00e+00 (  5.33e+01,  7.10e+01)
70      0.129   2.87e-01   4.80e-01   3.76e-01   1.81e+00   0.00e+00 (  4.75e+01,  6.27e+01)
75      0.136   2.94e-01   5.14e-01   4.39e-01   1.94e+00   0.00e+00 (  4.28e+01,  5.51e+01)
80      0.139   2.94e-01   5.32e-01   4.82e-01   2.02e+00   0.00e+00 (  3.84e+01,  4.83e+01)
85      0.136   2.78e-01   5.27e-01   4.69e-01   2.01e+00   0.00e+00 (  3.33e+01,  4.23e+01)
90      0.140   2.83e-01   5.19e-01   4.69e-01   2.27e+00   0.00e+00 (  2.98e+01,  3.70e+01)
95      1.514   3.46e+00   4.38e+00   2.93e+00   9.63e+01   0.00e+00 (  1.35e+03,  3.22e+01)
36 e: 1.717e-04 i: 6.864e-05 :: e: 1.734e-02 i: 2.161e-02 :: n: 2.762e+01 e:18.647 i:19.444 v:4.993e+03
>>> tau_he = 5.000000, nhe(0)=2.156641e+00
 5     -0.002   3.55e-03   2.25e-01   2.99e-03  -1.05e-02   0.00e+00 (  7.60e-01,  2.36e+01)
10     -0.002   7.74e-04  -4.32e-03  -1.29e-03  -1.07e-02   0.00e+00 (  3.59e-01,  4.86e+01)
15      0.014   5.37e-02   2.86e-03   1.09e-02   8.99e-02   0.00e+00 (  2.99e+01,  7.36e+01)
20      0.007   8.05e-02   5.70e-02   2.35e-02   5.19e-02   0.00e+00 (  4.59e+01,  9.05e+01)
25      0.025   1.12e-01   8.67e-02   3.31e-02   2.16e-01   0.00e+00 (  6.05e+01,  1.03e+02)
30      0.038   1.46e-01   1.33e-01   6.08e-02   3.58e-01   0.00e+00 (  7.26e+01,  1.10e+02)
35      0.042   1.64e-01   1.61e-01   8.77e-02   4.37e-01   0.00e+00 (  7.57e+01,  1.14e+02)
40      0.051   1.89e-01   2.08e-01   1.14e-01   5.65e-01   0.00e+00 (  7.77e+01,  1.12e+02)
45      0.068   2.11e-01   2.53e-01   1.41e-01   7.90e-01   0.00e+00 (  7.63e+01,  1.06e+02)
50      0.078   2.29e-01   3.04e-01   1.51e-01   9.62e-01   0.00e+00 (  7.18e+01,  9.78e+01)
55      0.086   2.45e-01   3.60e-01   2.00e-01   1.10e+00   0.00e+00 (  6.62e+01,  8.89e+01)
60      0.095   2.59e-01   3.93e-01   2.46e-01   1.27e+00   0.00e+00 (  6.01e+01,  7.99e+01)
65      0.121   2.86e-01   4.67e-01   3.21e-01   1.66e+00   0.00e+00 (  5.60e+01,  7.10e+01)
70      0.129   2.93e-01   4.93e-01   3.85e-01   1.80e+00   0.00e+00 (  4.97e+01,  6.27e+01)
75      0.134   2.96e-01   5.21e-01   4.45e-01   1.91e+00   0.00e+00 (  4.42e+01,  5.51e+01)
80      0.135   2.94e-01   5.32e-01   4.82e-01   1.97e+00   0.00e+00 (  3.94e+01,  4.83e+01)
85      0.132   2.75e-01   5.19e-01   4.63e-01   1.95e+00   0.00e+00 (  3.38e+01,  4.23e+01)
90      0.133   2.73e-01   5.00e-01   4.52e-01   2.16e+00   0.00e+00 (  2.96e+01,  3.70e+01)
95      1.518   3.47e+00   4.39e+00   2.93e+00   9.66e+01   0.00e+00 (  1.36e+03,  3.22e+01)
37 e: 1.377e-04 i: 1.026e-04 :: e: 2.243e-02 i: 2.696e-02 :: n: 2.762e+01 e:18.905 i:19.318 v:4.993e+03
>>> tau_he = 5.000000, nhe(0)=2.177369e+00
 5     -0.002   3.63e-03   2.30e-01   2.97e-03  -1.07e-02   0.00e+00 (  7.70e-01,  2.36e+01)
10     -0.002   7.34e-04  -4.25e-03  -1.27e-03  -1.07e-02   0.00e+00 (  3.38e-01,  4.86e+01)
15      0.014   5.29e-02   6.58e-04   1.08e-02   9.18e-02   0.00e+00 (  2.92e+01,  7.36e+01)
20      0.015   7.99e-02   4.99e-02   2.06e-02   1.14e-01   0.00e+00 (  4.51e+01,  9.05e+01)
25      0.025   1.10e-01   8.10e-02   3.09e-02   2.12e-01   0.00e+00 (  5.91e+01,  1.03e+02)
30      0.036   1.44e-01   1.25e-01   5.63e-02   3.41e-01   0.00e+00 (  7.10e+01,  1.10e+02)
35      0.042   1.61e-01   1.51e-01   8.21e-02   4.27e-01   0.00e+00 (  7.34e+01,  1.14e+02)
40      0.055   1.88e-01   1.86e-01   1.05e-01   6.02e-01   0.00e+00 (  7.62e+01,  1.12e+02)
45      0.066   2.05e-01   2.34e-01   1.33e-01   7.67e-01   0.00e+00 (  7.28e+01,  1.06e+02)
50      0.076   2.23e-01   2.85e-01   1.44e-01   9.35e-01   0.00e+00 (  6.86e+01,  9.78e+01)
55      0.087   2.40e-01   3.41e-01   1.93e-01   1.11e+00   0.00e+00 (  6.37e+01,  8.89e+01)
60      0.095   2.52e-01   3.77e-01   2.37e-01   1.26e+00   0.00e+00 (  5.74e+01,  7.99e+01)
65      0.121   2.80e-01   4.51e-01   3.11e-01   1.65e+00   0.00e+00 (  5.36e+01,  7.10e+01)
70      0.130   2.88e-01   4.82e-01   3.78e-01   1.82e+00   0.00e+00 (  4.78e+01,  6.27e+01)
75      0.136   2.95e-01   5.17e-01   4.41e-01   1.95e+00   0.00e+00 (  4.31e+01,  5.51e+01)
80      0.140   2.95e-01   5.35e-01   4.85e-01   2.03e+00   0.00e+00 (  3.87e+01,  4.83e+01)
85      0.137   2.80e-01   5.30e-01   4.72e-01   2.02e+00   0.00e+00 (  3.35e+01,  4.23e+01)
90      0.141   2.84e-01   5.23e-01   4.72e-01   2.28e+00   0.00e+00 (  3.01e+01,  3.70e+01)
95      1.514   3.46e+00   4.38e+00   2.93e+00   9.63e+01   0.00e+00 (  1.35e+03,  3.22e+01)
38 e: 1.801e-04 i: 7.933e-05 :: e: 1.579e-02 i: 2.009e-02 :: n: 2.762e+01 e:18.677 i:19.506 v:4.993e+03
>>> tau_he = 5.000000, nhe(0)=2.161978e+00
 5     -0.002   3.57e-03   2.26e-01   3.01e-03  -1.06e-02   0.00e+00 (  7.68e-01,  2.36e+01)
10     -0.006   6.89e-03   4.73e-02  -2.11e-03  -3.59e-02   0.00e+00 (  3.21e+00,  4.86e+01)
15      0.014   5.44e-02   3.65e-03   1.10e-02   9.11e-02   0.00e+00 (  3.04e+01,  7.36e+01)
20      0.007   8.09e-02   5.73e-02   2.35e-02   5.15e-02   0.00e+00 (  4.62e+01,  9.05e+01)
25      0.025   1.12e-01   8.71e-02   3.31e-02   2.17e-01   0.00e+00 (  6.09e+01,  1.03e+02)
30      0.038   1.46e-01   1.33e-01   6.09e-02   3.59e-01   0.00e+00 (  7.31e+01,  1.10e+02)
35      0.043   1.64e-01   1.61e-01   8.79e-02   4.38e-01   0.00e+00 (  7.62e+01,  1.14e+02)
40      0.051   1.89e-01   2.08e-01   1.14e-01   5.67e-01   0.00e+00 (  7.82e+01,  1.12e+02)
45      0.068   2.12e-01   2.54e-01   1.41e-01   7.93e-01   0.00e+00 (  7.68e+01,  1.06e+02)
50      0.079   2.30e-01   3.06e-01   1.51e-01   9.67e-01   0.00e+00 (  7.23e+01,  9.78e+01)
55      0.086   2.46e-01   3.61e-01   2.01e-01   1.11e+00   0.00e+00 (  6.67e+01,  8.89e+01)
60      0.096   2.60e-01   3.95e-01   2.47e-01   1.27e+00   0.00e+00 (  6.05e+01,  7.99e+01)
65      0.122   2.88e-01   4.69e-01   3.22e-01   1.66e+00   0.00e+00 (  5.64e+01,  7.10e+01)
70      0.129   2.94e-01   4.95e-01   3.86e-01   1.81e+00   0.00e+00 (  5.00e+01,  6.27e+01)
75      0.134   2.97e-01   5.23e-01   4.46e-01   1.92e+00   0.00e+00 (  4.45e+01,  5.51e+01)
80      0.136   2.95e-01   5.34e-01   4.84e-01   1.97e+00   0.00e+00 (  3.96e+01,  4.83e+01)
85      0.132   2.76e-01   5.22e-01   4.65e-01   1.95e+00   0.00e+00 (  3.41e+01,  4.23e+01)
90      0.133   2.73e-01   5.03e-01   4.54e-01   2.16e+00   0.00e+00 (  2.98e+01,  3.70e+01)
95      1.518   3.46e+00   4.39e+00   2.93e+00   9.66e+01   0.00e+00 (  1.36e+03,  3.22e+01)
39 e: 1.613e-04 i: 9.967e-05 :: e: 2.131e-02 i: 2.724e-02 :: n: 2.762e+01 e:18.950 i:19.367 v:4.993e+03
>>> tau_he = 5.000000, nhe(0)=2.179747e+00
 5     -0.002   3.64e-03   2.32e-01   2.98e-03  -1.08e-02   0.00e+00 (  7.75e-01,  2.36e+01)
10     -0.002   7.19e-04  -4.21e-03  -1.26e-03  -1.07e-02   0.00e+00 (  3.31e-01,  4.86e+01)
15      0.014   5.30e-02   4.55e-04   1.08e-02   9.17e-02   0.00e+00 (  2.93e+01,  7.36e+01)
20      0.015   8.01e-02   4.99e-02   2.06e-02   1.14e-01   0.00e+00 (  4.52e+01,  9.05e+01)
25      0.025   1.11e-01   8.11e-02   3.09e-02   2.12e-01   0.00e+00 (  5.93e+01,  1.03e+02)
30      0.036   1.45e-01   1.25e-01   5.62e-02   3.42e-01   0.00e+00 (  7.13e+01,  1.10e+02)
35      0.042   1.62e-01   1.51e-01   8.20e-02   4.28e-01   0.00e+00 (  7.37e+01,  1.14e+02)
40      0.055   1.88e-01   1.86e-01   1.05e-01   6.03e-01   0.00e+00 (  7.65e+01,  1.12e+02)
45      0.066   2.05e-01   2.34e-01   1.33e-01   7.68e-01   0.00e+00 (  7.30e+01,  1.06e+02)
50      0.076   2.23e-01   2.86e-01   1.44e-01   9.38e-01   0.00e+00 (  6.89e+01,  9.78e+01)
55      0.087   2.41e-01   3.42e-01   1.93e-01   1.11e+00   0.00e+00 (  6.39e+01,  8.89e+01)
60      0.095   2.53e-01   3.78e-01   2.37e-01   1.26e+00   0.00e+00 (  5.76e+01,  7.99e+01)
65      0.121   2.80e-01   4.52e-01   3.11e-01   1.66e+00   0.00e+00 (  5.38e+01,  7.10e+01)
70      0.130   2.89e-01   4.83e-01   3.78e-01   1.82e+00   0.00e+00 (  4.80e+01,  6.27e+01)
75      0.137   2.96e-01   5.18e-01   4.43e-01   1.95e+00   0.00e+00 (  4.32e+01,  5.51e+01)
80      0.140   2.96e-01   5.37e-01   4.86e-01   2.03e+00   0.00e+00 (  3.88e+01,  4.83e+01)
85      0.137   2.81e-01   5.32e-01   4.74e-01   2.03e+00   0.00e+00 (  3.37e+01,  4.23e+01)
90      0.141   2.85e-01   5.25e-01   4.74e-01   2.28e+00   0.00e+00 (  3.02e+01,  3.70e+01)
95      1.514   3.46e+00   4.38e+00   2.93e+00   9.63e+01   0.00e+00 (  1.35e+03,  3.22e+01)
40 e: 1.772e-04 i: 9.284e-05 :: e: 1.353e-02 i: 1.888e-02 :: n: 2.762e+01 e:18.699 i:19.529 v:4.993e+03
>>> tau_he = 5.000000, nhe(0)=2.162719e+00
 5     -0.002   3.57e-03   2.27e-01   3.01e-03  -1.07e-02   0.00e+00 (  7.70e-01,  2.36e+01)
10     -0.006   6.89e-03   4.73e-02  -1.88e-03  -3.25e-02   0.00e+00 (  3.21e+00,  4.86e+01)
15      0.014   5.44e-02   3.49e-03   1.10e-02   9.14e-02   0.00e+00 (  3.04e+01,  7.36e+01)
20      0.007   8.10e-02   5.74e-02   2.35e-02   5.17e-02   0.00e+00 (  4.62e+01,  9.05e+01)
25      0.025   1.12e-01   8.73e-02   3.31e-02   2.18e-01   0.00e+00 (  6.10e+01,  1.03e+02)
30      0.038   1.47e-01   1.34e-01   6.10e-02   3.60e-01   0.00e+00 (  7.32e+01,  1.10e+02)
35      0.043   1.65e-01   1.62e-01   8.80e-02   4.39e-01   0.00e+00 (  7.64e+01,  1.14e+02)
40      0.052   1.90e-01   2.09e-01   1.14e-01   5.68e-01   0.00e+00 (  7.85e+01,  1.12e+02)
45      0.068   2.12e-01   2.55e-01   1.42e-01   7.95e-01   0.00e+00 (  7.71e+01,  1.06e+02)
50      0.079   2.31e-01   3.07e-01   1.51e-01   9.69e-01   0.00e+00 (  7.26e+01,  9.78e+01)
55      0.087   2.47e-01   3.63e-01   2.01e-01   1.11e+00   0.00e+00 (  6.69e+01,  8.89e+01)
60      0.096   2.61e-01   3.96e-01   2.47e-01   1.27e+00   0.00e+00 (  6.07e+01,  7.99e+01)
65      0.122   2.88e-01   4.70e-01   3.23e-01   1.67e+00   0.00e+00 (  5.65e+01,  7.10e+01)
70      0.129   2.94e-01   4.96e-01   3.87e-01   1.81e+00   0.00e+00 (  5.01e+01,  6.27e+01)
75      0.134   2.98e-01   5.24e-01   4.47e-01   1.92e+00   0.00e+00 (  4.46e+01,  5.51e+01)
80      0.136   2.95e-01   5.35e-01   4.85e-01   1.97e+00   0.00e+00 (  3.97e+01,  4.83e+01)
85      0.132   2.76e-01   5.22e-01   4.66e-01   1.95e+00   0.00e+00 (  3.42e+01,  4.23e+01)
90      0.135   2.76e-01   5.08e-01   4.60e-01   2.18e+00   0.00e+00 (  3.02e+01,  3.70e+01)
95      1.518   3.46e+00   4.39e+00   2.93e+00   9.66e+01   0.00e+00 (  1.36e+03,  3.22e+01)
41 e: 1.833e-04 i: 9.774e-05 :: e: 1.926e-02 i: 2.541e-02 :: n: 2.762e+01 e:18.963 i:19.374 v:4.993e+03
>>> tau_he = 5.000000, nhe(0)=2.180081e+00
 5     -0.002   3.64e-03   2.33e-01   2.99e-03  -1.08e-02   0.00e+00 (  7.77e-01,  2.36e+01)
10     -0.002   6.99e-04  -4.17e-03  -1.25e-03  -1.06e-02   0.00e+00 (  3.22e-01,  4.86e+01)
15      0.014   5.29e-02   2.50e-04   1.08e-02   9.18e-02   0.00e+00 (  2.92e+01,  7.36e+01)
20      0.015   8.01e-02   4.98e-02   2.06e-02   1.14e-01   0.00e+00 (  4.52e+01,  9.05e+01)
25      0.025   1.11e-01   8.10e-02   3.08e-02   2.12e-01   0.00e+00 (  5.93e+01,  1.03e+02)
30      0.036   1.45e-01   1.25e-01   5.61e-02   3.42e-01   0.00e+00 (  7.13e+01,  1.10e+02)
35      0.042   1.62e-01   1.51e-01   8.20e-02   4.29e-01   0.00e+00 (  7.37e+01,  1.14e+02)
40      0.055   1.88e-01   1.86e-01   1.05e-01   6.03e-01   0.00e+00 (  7.65e+01,  1.12e+02)
45      0.066   2.05e-01   2.34e-01   1.33e-01   7.69e-01   0.00e+00 (  7.31e+01,  1.06e+02)
50      0.076   2.23e-01   2.86e-01   1.44e-01   9.39e-01   0.00e+00 (  6.89e+01,  9.78e+01)
55      0.087   2.41e-01   3.42e-01   1.93e-01   1.11e+00   0.00e+00 (  6.39e+01,  8.89e+01)
60      0.095   2.53e-01   3.78e-01   2.37e-01   1.26e+00   0.00e+00 (  5.76e+01,  7.99e+01)
65      0.121   2.80e-01   4.52e-01   3.11e-01   1.66e+00   0.00e+00 (  5.37e+01,  7.10e+01)
70      0.130   2.89e-01   4.83e-01   3.78e-01   1.82e+00   0.00e+00 (  4.80e+01,  6.27e+01)
75      0.137   2.96e-01   5.18e-01   4.43e-01   1.95e+00   0.00e+00 (  4.32e+01,  5.51e+01)
80      0.140   2.96e-01   5.37e-01   4.87e-01   2.04e+00   0.00e+00 (  3.88e+01,  4.83e+01)
85      0.138   2.81e-01   5.33e-01   4.74e-01   2.03e+00   0.00e+00 (  3.37e+01,  4.23e+01)
90      0.141   2.85e-01   5.25e-01   4.74e-01   2.28e+00   0.00e+00 (  3.03e+01,  3.70e+01)
95      1.514   3.46e+00   4.38e+00   2.93e+00   9.63e+01   0.00e+00 (  1.35e+03,  3.22e+01)
42 e: 1.787e-04 i: 1.059e-04 :: e: 1.048e-02 i: 1.739e-02 :: n: 2.762e+01 e:18.696 i:19.532 v:4.993e+03
>>> tau_he = 5.000000, nhe(0)=2.161711e+00
 5     -0.002   3.57e-03   2.27e-01   3.02e-03  -1.07e-02   0.00e+00 (  7.70e-01,  2.36e+01)
10     -0.006   6.86e-03   4.73e-02  -1.86e-03  -3.23e-02   0.00e+00 (  3.20e+00,  4.86e+01)
15      0.014   5.43e-02   3.41e-03   1.10e-02   9.15e-02   0.00e+00 (  3.03e+01,  7.36e+01)
20      0.007   8.09e-02   5.75e-02   2.36e-02   5.20e-02   0.00e+00 (  4.62e+01,  9.05e+01)
25      0.025   1.12e-01   8.74e-02   3.32e-02   2.18e-01   0.00e+00 (  6.10e+01,  1.03e+02)
30      0.038   1.47e-01   1.34e-01   6.11e-02   3.61e-01   0.00e+00 (  7.32e+01,  1.10e+02)
35      0.043   1.65e-01   1.62e-01   8.82e-02   4.40e-01   0.00e+00 (  7.64e+01,  1.14e+02)
40      0.052   1.90e-01   2.09e-01   1.15e-01   5.68e-01   0.00e+00 (  7.85e+01,  1.12e+02)
45      0.068   2.13e-01   2.56e-01   1.42e-01   7.97e-01   0.00e+00 (  7.71e+01,  1.06e+02)
50      0.079   2.31e-01   3.08e-01   1.51e-01   9.71e-01   0.00e+00 (  7.26e+01,  9.78e+01)
55      0.087   2.47e-01   3.63e-01   2.01e-01   1.11e+00   0.00e+00 (  6.69e+01,  8.89e+01)
60      0.096   2.61e-01   3.96e-01   2.48e-01   1.28e+00   0.00e+00 (  6.07e+01,  7.99e+01)
65      0.122   2.88e-01   4.70e-01   3.23e-01   1.67e+00   0.00e+00 (  5.65e+01,  7.10e+01)
70      0.129   2.94e-01   4.95e-01   3.87e-01   1.81e+00   0.00e+00 (  5.01e+01,  6.27e+01)
75      0.134   2.98e-01   5.24e-01   4.47e-01   1.92e+00   0.00e+00 (  4.46e+01,  5.51e+01)
80      0.136   2.95e-01   5.34e-01   4.84e-01   1.97e+00   0.00e+00 (  3.97e+01,  4.83e+01)
85      0.132   2.76e-01   5.22e-01   4.65e-01   1.95e+00   0.00e+00 (  3.41e+01,  4.23e+01)
90      0.133   2.73e-01   5.02e-01   4.53e-01   2.16e+00   0.00e+00 (  2.99e+01,  3.70e+01)
95      1.518   3.46e+00   4.39e+00   2.93e+00   9.66e+01   0.00e+00 (  1.36e+03,  3.22e+01)
43 e: 2.046e-04 i: 9.790e-05 :: e: 1.592e-02 i: 2.209e-02 :: n: 2.762e+01 e:18.961 i:19.365 v:4.993e+03
>>> tau_he = 5.000000, nhe(0)=2.179044e+00
 5     -0.002   3.64e-03   2.33e-01   2.99e-03  -1.08e-02   0.00e+00 (  7.76e-01,  2.36e+01)
10     -0.002   6.82e-04  -4.13e-03  -1.24e-03  -1.05e-02   0.00e+00 (  3.14e-01,  4.86e+01)
15      0.014   5.28e-02   1.29e-04   1.07e-02   9.19e-02   0.00e+00 (  2.91e+01,  7.36e+01)
20      0.015   8.00e-02   4.97e-02   2.06e-02   1.14e-01   0.00e+00 (  4.51e+01,  9.05e+01)
25      0.025   1.10e-01   8.09e-02   3.08e-02   2.12e-01   0.00e+00 (  5.92e+01,  1.03e+02)
30      0.036   1.45e-01   1.25e-01   5.61e-02   3.42e-01   0.00e+00 (  7.11e+01,  1.10e+02)
35      0.042   1.61e-01   1.51e-01   8.20e-02   4.29e-01   0.00e+00 (  7.35e+01,  1.14e+02)
40      0.055   1.88e-01   1.86e-01   1.05e-01   6.03e-01   0.00e+00 (  7.63e+01,  1.12e+02)
45      0.066   2.05e-01   2.34e-01   1.33e-01   7.68e-01   0.00e+00 (  7.29e+01,  1.06e+02)
50      0.076   2.23e-01   2.86e-01   1.44e-01   9.38e-01   0.00e+00 (  6.87e+01,  9.78e+01)
55      0.087   2.41e-01   3.42e-01   1.93e-01   1.11e+00   0.00e+00 (  6.38e+01,  8.89e+01)
60      0.095   2.52e-01   3.78e-01   2.37e-01   1.26e+00   0.00e+00 (  5.74e+01,  7.99e+01)
65      0.121   2.80e-01   4.51e-01   3.11e-01   1.65e+00   0.00e+00 (  5.35e+01,  7.10e+01)
70      0.130   2.88e-01   4.82e-01   3.77e-01   1.82e+00   0.00e+00 (  4.78e+01,  6.27e+01)
75      0.136   2.95e-01   5.17e-01   4.42e-01   1.95e+00   0.00e+00 (  4.31e+01,  5.51e+01)
80      0.140   2.96e-01   5.36e-01   4.86e-01   2.03e+00   0.00e+00 (  3.87e+01,  4.83e+01)
85      0.137   2.80e-01   5.32e-01   4.73e-01   2.03e+00   0.00e+00 (  3.36e+01,  4.23e+01)
90      0.141   2.85e-01   5.24e-01   4.73e-01   2.28e+00   0.00e+00 (  3.02e+01,  3.70e+01)
95      1.514   3.46e+00   4.38e+00   2.93e+00   9.63e+01   0.00e+00 (  1.35e+03,  3.22e+01)
44 e: 1.831e-04 i: 1.181e-04 :: e: 7.528e-03 i: 1.604e-02 :: n: 2.762e+01 e:18.680 i:19.522 v:4.993e+03
>>> tau_he = 5.000000, nhe(0)=2.159469e+00
 5     -0.002   3.56e-03   2.27e-01   3.02e-03  -1.06e-02   0.00e+00 (  7.68e-01,  2.36e+01)
10     -0.002   7.74e-04  -4.32e-03  -1.28e-03  -1.08e-02   0.00e+00 (  3.61e-01,  4.86e+01)
15      0.014   5.41e-02   3.40e-03   1.10e-02   9.15e-02   0.00e+00 (  3.02e+01,  7.36e+01)
20      0.007   8.08e-02   5.75e-02   2.36e-02   5.23e-02   0.00e+00 (  4.61e+01,  9.05e+01)
25      0.025   1.12e-01   8.75e-02   3.32e-02   2.18e-01   0.00e+00 (  6.09e+01,  1.03e+02)
30      0.038   1.46e-01   1.34e-01   6.12e-02   3.61e-01   0.00e+00 (  7.31e+01,  1.10e+02)
35      0.042   1.64e-01   1.63e-01   8.82e-02   4.31e-01   0.00e+00 (  7.62e+01,  1.14e+02)
40      0.052   1.90e-01   2.10e-01   1.15e-01   5.69e-01   0.00e+00 (  7.83e+01,  1.12e+02)
45      0.068   2.12e-01   2.56e-01   1.42e-01   7.97e-01   0.00e+00 (  7.69e+01,  1.06e+02)
50      0.079   2.31e-01   3.08e-01   1.51e-01   9.71e-01   0.00e+00 (  7.25e+01,  9.78e+01)
55      0.087   2.47e-01   3.63e-01   2.01e-01   1.11e+00   0.00e+00 (  6.68e+01,  8.89e+01)
60      0.096   2.60e-01   3.96e-01   2.48e-01   1.27e+00   0.00e+00 (  6.05e+01,  7.99e+01)
65      0.122   2.87e-01   4.69e-01   3.22e-01   1.66e+00   0.00e+00 (  5.63e+01,  7.10e+01)
70      0.129   2.93e-01   4.94e-01   3.86e-01   1.80e+00   0.00e+00 (  4.99e+01,  6.27e+01)
75      0.134   2.97e-01   5.22e-01   4.46e-01   1.91e+00   0.00e+00 (  4.44e+01,  5.51e+01)
80      0.135   2.94e-01   5.33e-01   4.83e-01   1.97e+00   0.00e+00 (  3.95e+01,  4.83e+01)
85      0.132   2.75e-01   5.20e-01   4.64e-01   1.94e+00   0.00e+00 (  3.40e+01,  4.23e+01)
90      0.133   2.72e-01   5.01e-01   4.52e-01   2.15e+00   0.00e+00 (  2.98e+01,  3.70e+01)
95      1.518   3.47e+00   4.39e+00   2.93e+00   9.66e+01   0.00e+00 (  1.36e+03,  3.22e+01)
45 e: 2.229e-04 i: 1.056e-04 :: e: 1.293e-02 i: 1.825e-02 :: n: 2.762e+01 e:18.949 i:19.344 v:4.993e+03
>>> tau_he = 5.000000, nhe(0)=2.180023e+00
 5     -0.002   3.64e-03   2.33e-01   2.98e-03  -1.08e-02   0.00e+00 (  7.75e-01,  2.36e+01)
10     -0.002   7.24e-04  -4.22e-03  -1.26e-03  -1.07e-02   0.00e+00 (  3.34e-01,  4.86e+01)
15      0.014   5.31e-02   8.58e-04   1.08e-02   9.33e-02   0.00e+00 (  2.92e+01,  7.36e+01)
20      0.015   7.99e-02   4.98e-02   2.05e-02   1.15e-01   0.00e+00 (  4.50e+01,  9.05e+01)
25      0.025   1.10e-01   8.09e-02   3.08e-02   2.13e-01   0.00e+00 (  5.90e+01,  1.03e+02)
30      0.036   1.44e-01   1.25e-01   5.61e-02   3.42e-01   0.00e+00 (  7.09e+01,  1.10e+02)
35      0.042   1.61e-01   1.51e-01   8.20e-02   4.29e-01   0.00e+00 (  7.33e+01,  1.14e+02)
40      0.055   1.88e-01   1.86e-01   1.05e-01   6.03e-01   0.00e+00 (  7.60e+01,  1.12e+02)
45      0.066   2.04e-01   2.33e-01   1.33e-01   7.68e-01   0.00e+00 (  7.25e+01,  1.06e+02)
50      0.076   2.22e-01   2.85e-01   1.44e-01   9.37e-01   0.00e+00 (  6.84e+01,  9.78e+01)
55      0.087   2.40e-01   3.41e-01   1.92e-01   1.11e+00   0.00e+00 (  6.34e+01,  8.89e+01)
60      0.095   2.51e-01   3.77e-01   2.36e-01   1.26e+00   0.00e+00 (  5.71e+01,  7.99e+01)
65      0.121   2.79e-01   4.49e-01   3.10e-01   1.65e+00   0.00e+00 (  5.32e+01,  7.10e+01)
70      0.129   2.87e-01   4.80e-01   3.76e-01   1.81e+00   0.00e+00 (  4.75e+01,  6.27e+01)
75      0.136   2.94e-01   5.15e-01   4.40e-01   1.95e+00   0.00e+00 (  4.28e+01,  5.51e+01)
80      0.139   2.95e-01   5.34e-01   4.84e-01   2.03e+00   0.00e+00 (  3.85e+01,  4.83e+01)
85      0.137   2.80e-01   5.30e-01   4.72e-01   2.02e+00   0.00e+00 (  3.35e+01,  4.23e+01)
90      0.141   2.84e-01   5.23e-01   4.72e-01   2.28e+00   0.00e+00 (  3.01e+01,  3.70e+01)
95      1.514   3.46e+00   4.38e+00   2.93e+00   9.63e+01   0.00e+00 (  1.35e+03,  3.22e+01)
46 e: 2.001e-04 i: 1.279e-04 :: e: 6.014e-03 i: 1.460e-02 :: n: 2.762e+01 e:18.658 i:19.531 v:4.993e+03
>>> tau_he = 5.000000, nhe(0)=2.159363e+00
 5     -0.002   3.56e-03   2.27e-01   3.01e-03  -1.07e-02   0.00e+00 (  7.69e-01,  2.36e+01)
10     -0.007   7.42e-03   4.72e-02  -2.08e-03  -3.62e-02   0.00e+00 (  3.48e+00,  4.86e+01)
15      0.014   5.45e-02   4.31e-03   1.11e-02   9.22e-02   0.00e+00 (  3.05e+01,  7.36e+01)
20      0.007   8.08e-02   5.78e-02   2.37e-02   5.21e-02   0.00e+00 (  4.62e+01,  9.05e+01)
25      0.025   1.12e-01   8.77e-02   3.33e-02   2.18e-01   0.00e+00 (  6.09e+01,  1.03e+02)
30      0.038   1.46e-01   1.34e-01   6.14e-02   3.61e-01   0.00e+00 (  7.30e+01,  1.10e+02)
35      0.042   1.64e-01   1.63e-01   8.85e-02   4.31e-01   0.00e+00 (  7.61e+01,  1.14e+02)
40      0.052   1.89e-01   2.10e-01   1.16e-01   5.69e-01   0.00e+00 (  7.82e+01,  1.12e+02)
45      0.068   2.12e-01   2.56e-01   1.42e-01   7.97e-01   0.00e+00 (  7.68e+01,  1.06e+02)
50      0.079   2.30e-01   3.08e-01   1.51e-01   9.70e-01   0.00e+00 (  7.23e+01,  9.78e+01)
55      0.087   2.46e-01   3.63e-01   2.01e-01   1.11e+00   0.00e+00 (  6.66e+01,  8.89e+01)
60      0.096   2.60e-01   3.96e-01   2.47e-01   1.27e+00   0.00e+00 (  6.03e+01,  7.99e+01)
65      0.121   2.86e-01   4.68e-01   3.21e-01   1.66e+00   0.00e+00 (  5.60e+01,  7.10e+01)
70      0.128   2.92e-01   4.92e-01   3.85e-01   1.80e+00   0.00e+00 (  4.96e+01,  6.27e+01)
75      0.133   2.96e-01   5.20e-01   4.44e-01   1.90e+00   0.00e+00 (  4.42e+01,  5.51e+01)
80      0.135   2.93e-01   5.30e-01   4.81e-01   1.96e+00   0.00e+00 (  3.93e+01,  4.83e+01)
85      0.131   2.74e-01   5.17e-01   4.62e-01   1.94e+00   0.00e+00 (  3.38e+01,  4.23e+01)
90      0.132   2.71e-01   4.98e-01   4.50e-01   2.14e+00   0.00e+00 (  2.97e+01,  3.70e+01)
95      1.518   3.47e+00   4.39e+00   2.93e+00   9.66e+01   0.00e+00 (  1.36e+03,  3.22e+01)
47 e: 2.460e-04 i: 1.089e-04 :: e: 1.106e-02 i: 1.786e-02 :: n: 2.762e+01 e:18.947 i:19.343 v:4.993e+03
>>> tau_he = 5.000000, nhe(0)=2.177586e+00
 5     -0.002   3.63e-03   2.32e-01   2.98e-03  -1.08e-02   0.00e+00 (  7.74e-01,  2.36e+01)
10     -0.002   7.07e-04  -4.18e-03  -1.25e-03  -1.07e-02   0.00e+00 (  3.26e-01,  4.86e+01)
15      0.014   5.29e-02   7.13e-04   1.08e-02   9.27e-02   0.00e+00 (  2.91e+01,  7.36e+01)
20      0.015   7.98e-02   4.97e-02   2.05e-02   1.14e-01   0.00e+00 (  4.49e+01,  9.05e+01)
25      0.025   1.10e-01   8.08e-02   3.08e-02   2.12e-01   0.00e+00 (  5.89e+01,  1.03e+02)
30      0.036   1.44e-01   1.24e-01   5.60e-02   3.41e-01   0.00e+00 (  7.07e+01,  1.10e+02)
35      0.042   1.61e-01   1.51e-01   8.19e-02   4.28e-01   0.00e+00 (  7.30e+01,  1.14e+02)
40      0.055   1.87e-01   1.86e-01   1.05e-01   6.03e-01   0.00e+00 (  7.57e+01,  1.12e+02)
45      0.066   2.04e-01   2.33e-01   1.33e-01   7.67e-01   0.00e+00 (  7.22e+01,  1.06e+02)
50      0.076   2.22e-01   2.84e-01   1.43e-01   9.36e-01   0.00e+00 (  6.80e+01,  9.78e+01)
55      0.087   2.39e-01   3.40e-01   1.92e-01   1.11e+00   0.00e+00 (  6.31e+01,  8.89e+01)
60      0.095   2.51e-01   3.76e-01   2.36e-01   1.26e+00   0.00e+00 (  5.67e+01,  7.99e+01)
65      0.120   2.77e-01   4.47e-01   3.07e-01   1.64e+00   0.00e+00 (  5.28e+01,  7.10e+01)
70      0.129   2.86e-01   4.78e-01   3.75e-01   1.81e+00   0.00e+00 (  4.71e+01,  6.27e+01)
75      0.136   2.93e-01   5.13e-01   4.38e-01   1.94e+00   0.00e+00 (  4.25e+01,  5.51e+01)
80      0.139   2.94e-01   5.32e-01   4.82e-01   2.02e+00   0.00e+00 (  3.82e+01,  4.83e+01)
85      0.137   2.79e-01   5.27e-01   4.70e-01   2.02e+00   0.00e+00 (  3.32e+01,  4.23e+01)
90      0.140   2.83e-01   5.21e-01   4.70e-01   2.27e+00   0.00e+00 (  2.99e+01,  3.70e+01)
95      1.514   3.46e+00   4.38e+00   2.93e+00   9.63e+01   0.00e+00 (  1.35e+03,  3.22e+01)
48 e: 2.064e-04 i: 1.399e-04 :: e: 6.194e-03 i: 1.453e-02 :: n: 2.762e+01 e:18.638 i:19.509 v:4.993e+03
>>> tau_he = 5.000000, nhe(0)=2.155698e+00
 5     -0.002   3.54e-03   2.26e-01   3.01e-03  -1.07e-02   0.00e+00 (  7.65e-01,  2.36e+01)
10     -0.006   6.85e-03   4.70e-02  -1.87e-03  -3.25e-02   0.00e+00 (  3.20e+00,  4.86e+01)
15      0.014   5.43e-02   4.18e-03   1.11e-02   9.20e-02   0.00e+00 (  3.03e+01,  7.36e+01)
20      0.007   8.07e-02   5.79e-02   2.37e-02   5.24e-02   0.00e+00 (  4.60e+01,  9.05e+01)
25      0.025   1.12e-01   8.78e-02   3.34e-02   2.18e-01   0.00e+00 (  6.07e+01,  1.03e+02)
30      0.038   1.46e-01   1.34e-01   6.16e-02   3.60e-01   0.00e+00 (  7.28e+01,  1.10e+02)
35      0.042   1.64e-01   1.63e-01   8.87e-02   4.31e-01   0.00e+00 (  7.59e+01,  1.14e+02)
40      0.052   1.89e-01   2.10e-01   1.16e-01   5.69e-01   0.00e+00 (  7.80e+01,  1.12e+02)
45      0.068   2.12e-01   2.56e-01   1.42e-01   7.97e-01   0.00e+00 (  7.65e+01,  1.06e+02)
50      0.079   2.30e-01   3.08e-01   1.51e-01   9.69e-01   0.00e+00 (  7.20e+01,  9.78e+01)
55      0.086   2.46e-01   3.63e-01   2.01e-01   1.11e+00   0.00e+00 (  6.63e+01,  8.89e+01)
60      0.096   2.59e-01   3.95e-01   2.47e-01   1.27e+00   0.00e+00 (  6.00e+01,  7.99e+01)
65      0.121   2.85e-01   4.67e-01   3.19e-01   1.65e+00   0.00e+00 (  5.57e+01,  7.10e+01)
70      0.128   2.91e-01   4.90e-01   3.83e-01   1.79e+00   0.00e+00 (  4.93e+01,  6.27e+01)
75      0.133   2.94e-01   5.18e-01   4.42e-01   1.90e+00   0.00e+00 (  4.39e+01,  5.51e+01)
80      0.134   2.91e-01   5.27e-01   4.79e-01   1.95e+00   0.00e+00 (  3.90e+01,  4.83e+01)
85      0.130   2.73e-01   5.14e-01   4.59e-01   1.93e+00   0.00e+00 (  3.36e+01,  4.23e+01)
90      0.132   2.70e-01   4.95e-01   4.48e-01   2.13e+00   0.00e+00 (  2.95e+01,  3.70e+01)
95      1.518   3.47e+00   4.39e+00   2.93e+00   9.66e+01   0.00e+00 (  1.36e+03,  3.22e+01)
49 e: 2.652e-04 i: 1.135e-04 :: e: 9.195e-03 i: 1.668e-02 :: n: 2.762e+01 e:18.924 i:19.310 v:4.993e+03
 plasma volume = 148.571077
 stored energy(e,i,b) = 5.175554e+01 4.654638e+01 0.000000e+00
 betan = 1.116174
*power
 Pnb(e,i) = 0.000000e+00 0.000000e+00
 Prf(e,i) = 6.586438e+00 1.343466e+01
 Prad     = -3.714999e+01 
 Pei      = 5.980386e+00 
 Pfuse    = 3.915996e+01 
 Pfusi    = 1.121035e+01 
 Poh      = 0.000000e+00 
*confinement time
 taut, tauITER98y2, H98y2 : 2.957213e+00 2.834737e+00 1.043205e+00
 taue, taui : 3.550545e+00 8.899950e+00
 taut, tau89, H89 : 2.957213e+00 1.199827e+00 2.464699e+00
*temperature
 nea, nebar : 1.944777e+01 2.196925e+01 
 tea, tia : 6.745107e+00 6.879780e+00 (9.804248e-01)
 te0, ti0 : 1.667362e+01 1.770270e+01 (9.418687e-01)
 Sn : 0.000000e+00 
*current balance
 Ip,Ibs,Inb,Irf: 1.000000e+01 1.701815e+00 0.000000e+00 7.442176e-02
 fni,fbs: 0.178 0.170

 plasma volume = 148.571077
 stored energy(e,i,b) = 5.175554e+01 4.654638e+01 0.000000e+00
 betan = 1.116174
*power
 Pnb(e,i) = 0.000000e+00 0.000000e+00
 Prf(e,i) = 6.586438e+00 1.343466e+01
 Prad     = -3.714999e+01 
 Pei      = 5.980386e+00 
 Pfuse    = 3.915996e+01 
 Pfusi    = 1.121035e+01 
 Poh      = 0.000000e+00 
*confinement time
 taut, tauITER98y2, H98y2 : 2.957213e+00 2.834737e+00 1.043205e+00
 taue, taui : 3.550545e+00 8.899950e+00
 taut, tau89, H89 : 2.957213e+00 1.199827e+00 2.464699e+00
*temperature
 nea, nebar : 1.944777e+01 2.196925e+01 
 tea, tia : 6.745107e+00 6.879780e+00 (9.804248e-01)
 te0, ti0 : 1.667362e+01 1.770270e+01 (9.418687e-01)
 Sn : 0.000000e+00 
*current balance
 Ip,Ibs,Inb,Irf: 1.000000e+01 1.701815e+00 0.000000e+00 7.442176e-02
 fni,fbs: 0.178 0.170
 ELAPASED TIME = 1765 sec
