NCAPTC: : NetCDF: Variable not found
Warning: ieee_overflow is signaling
Warning: ieee_underflow is signaling
Warning: ieee_inexact is signaling
FORTRAN STOP
 solver
 /global/common/software/atom/perlmutter/data/greentable/
 /global/common/software/atom/perlmutter/data/greentable/

          EFITD Version  07/09/2014


 type mode (2=file, 3=snap, 4=time, 5=input, 6=com file, 7=snap_ext):

 number of time slices?

 type input file names:
 #
 table_dir = </global/common/software/atom/perlmutter/data/greentable/>

  ----- time =     7 ms ----- ( 0)
 it=  1 chi2=0.00E+00 zm= 7.50E-03 err=4.533E+00 dz= 7.499E-03 chigam= 0.00E+00
 it=  2 chi2=0.00E+00 zm= 1.03E-02 err=9.830E-01 dz= 2.817E-03 chigam= 0.00E+00
 it=  3 chi2=0.00E+00 zm= 1.24E-02 err=5.330E-01 dz= 2.123E-03 chigam= 0.00E+00
 it=  4 chi2=0.00E+00 zm= 1.40E-02 err=2.897E-01 dz= 1.558E-03 chigam= 0.00E+00
 it=  5 chi2=0.00E+00 zm= 1.51E-02 err=1.580E-01 dz= 1.105E-03 chigam= 0.00E+00
 it=  6 chi2=0.00E+00 zm= 1.59E-02 err=8.893E-02 dz= 7.808E-04 chigam= 0.00E+00
 it=  7 chi2=0.00E+00 zm= 1.64E-02 err=5.050E-02 dz= 5.491E-04 chigam= 0.00E+00
 it=  8 chi2=0.00E+00 zm= 1.68E-02 err=2.895E-02 dz= 3.823E-04 chigam= 0.00E+00
 it=  9 chi2=0.00E+00 zm= 1.71E-02 err=1.766E-02 dz= 2.652E-04 chigam= 0.00E+00
 it= 10 chi2=0.00E+00 zm= 1.73E-02 err=1.196E-02 dz= 1.829E-04 chigam= 0.00E+00
 it= 11 chi2=0.00E+00 zm= 1.74E-02 err=7.611E-03 dz= 1.268E-04 chigam= 0.00E+00
 it= 12 chi2=0.00E+00 zm= 1.75E-02 err=4.980E-03 dz= 8.812E-05 chigam= 0.00E+00
 it= 13 chi2=0.00E+00 zm= 1.75E-02 err=3.058E-03 dz= 6.081E-05 chigam= 0.00E+00
 it= 14 chi2=0.00E+00 zm= 1.76E-02 err=1.934E-03 dz= 4.201E-05 chigam= 0.00E+00
 it= 15 chi2=0.00E+00 zm= 1.76E-02 err=1.477E-03 dz= 2.954E-05 chigam= 0.00E+00
 it= 16 chi2=0.00E+00 zm= 1.76E-02 err=8.094E-04 dz= 2.025E-05 chigam= 0.00E+00
 it= 17 chi2=0.00E+00 zm= 1.76E-02 err=4.912E-04 dz= 1.394E-05 chigam= 0.00E+00
 it= 18 chi2=0.00E+00 zm= 1.77E-02 err=3.052E-04 dz= 9.584E-06 chigam= 0.00E+00
 it= 19 chi2=0.00E+00 zm= 1.77E-02 err=1.993E-04 dz= 6.605E-06 chigam= 0.00E+00
 it= 20 chi2=0.00E+00 zm= 1.77E-02 err=3.741E-04 dz= 5.081E-06 chigam= 0.00E+00
 it= 21 chi2=0.00E+00 zm= 1.77E-02 err=1.026E-04 dz= 3.354E-06 chigam= 0.00E+00
 it= 22 chi2=0.00E+00 zm= 1.77E-02 err=5.235E-05 dz= 2.193E-06 chigam= 0.00E+00

      ******************** EFITD129 x 129  output ********************

       data used:   
  0 flux loops
  0 magnetic probes(i)
  0 full rogowski
  0 diamagnetic loop


 shot #   =          1 time(ms) =          7 chi**2   =  0.000E+00
 betat(%) =      1.050 betap    =      0.666 li       =      0.872
 vol(cm3) =  0.927E+07 rout(cm) =    170.937 zout(cm) =     -0.343
 elong    =      1.398 utriang  =     -0.490 ltriang  =     -0.490
 a(cm)    =     44.865 lin(cm)  = ********** lout(cm) =      0.906
 ltop(cm) = ********** q*       =      3.054 rc(cm)   =    177.212
 zc(cm)   =      1.396 bt0(t)   =      2.000 qout     =      2.882
