NCAPTC: : NetCDF: Variable not found
Warning: ieee_overflow is signaling
Warning: ieee_underflow is signaling
Warning: ieee_inexact is signaling
FORTRAN STOP
 solver
 /global/common/software/atom/perlmutter/data/greentable/
 /global/common/software/atom/perlmutter/data/greentable/

          EFITD Version  07/09/2014


 type mode (2=file, 3=snap, 4=time, 5=input, 6=com file, 7=snap_ext):

 number of time slices?

 type input file names:
 #
 table_dir = </global/common/software/atom/perlmutter/data/greentable/>

  ----- time =     0 ms ----- ( 0)
 it=  1 chi2=0.00E+00 zm= 7.53E-03 err=5.202E+00 dz= 7.535E-03 chigam= 0.00E+00
 it=  2 chi2=0.00E+00 zm= 1.07E-02 err=8.834E-01 dz= 3.140E-03 chigam= 0.00E+00
 it=  3 chi2=0.00E+00 zm= 1.30E-02 err=4.892E-01 dz= 2.342E-03 chigam= 0.00E+00
 it=  4 chi2=0.00E+00 zm= 1.48E-02 err=2.835E-01 dz= 1.758E-03 chigam= 0.00E+00
 it=  5 chi2=0.00E+00 zm= 1.61E-02 err=1.665E-01 dz= 1.331E-03 chigam= 0.00E+00
 it=  6 chi2=0.00E+00 zm= 1.71E-02 err=1.073E-01 dz= 1.027E-03 chigam= 0.00E+00
 it=  7 chi2=0.00E+00 zm= 1.79E-02 err=6.094E-02 dz= 7.649E-04 chigam= 0.00E+00
 it=  8 chi2=0.00E+00 zm= 1.85E-02 err=3.317E-02 dz= 5.654E-04 chigam= 0.00E+00
 it=  9 chi2=0.00E+00 zm= 1.89E-02 err=2.459E-02 dz= 4.217E-04 chigam= 0.00E+00
 it= 10 chi2=0.00E+00 zm= 1.92E-02 err=1.849E-02 dz= 3.074E-04 chigam= 0.00E+00
 it= 11 chi2=0.00E+00 zm= 1.94E-02 err=1.245E-02 dz= 2.203E-04 chigam= 0.00E+00
 it= 12 chi2=0.00E+00 zm= 1.96E-02 err=7.028E-03 dz= 1.602E-04 chigam= 0.00E+00
 it= 13 chi2=0.00E+00 zm= 1.97E-02 err=4.088E-03 dz= 1.158E-04 chigam= 0.00E+00
 it= 14 chi2=0.00E+00 zm= 1.98E-02 err=2.394E-03 dz= 8.361E-05 chigam= 0.00E+00
 it= 15 chi2=0.00E+00 zm= 1.98E-02 err=1.409E-03 dz= 6.027E-05 chigam= 0.00E+00
 it= 16 chi2=0.00E+00 zm= 1.99E-02 err=8.338E-04 dz= 4.341E-05 chigam= 0.00E+00
 it= 17 chi2=0.00E+00 zm= 1.99E-02 err=5.839E-04 dz= 3.125E-05 chigam= 0.00E+00
 it= 18 chi2=0.00E+00 zm= 1.99E-02 err=4.124E-04 dz= 2.249E-05 chigam= 0.00E+00
 it= 19 chi2=0.00E+00 zm= 1.99E-02 err=2.906E-04 dz= 1.618E-05 chigam= 0.00E+00
 it= 20 chi2=0.00E+00 zm= 2.00E-02 err=2.047E-04 dz= 1.165E-05 chigam= 0.00E+00
 it= 21 chi2=0.00E+00 zm= 2.00E-02 err=1.441E-04 dz= 8.384E-06 chigam= 0.00E+00
 it= 22 chi2=0.00E+00 zm= 2.00E-02 err=1.016E-04 dz= 6.036E-06 chigam= 0.00E+00
 it= 23 chi2=0.00E+00 zm= 2.00E-02 err=7.156E-05 dz= 4.347E-06 chigam= 0.00E+00

      ******************** EFITD129 x 129  output ********************

       data used:   
  0 flux loops
  0 magnetic probes(i)
  0 full rogowski
  0 diamagnetic loop


 shot #   =          1 time(ms) =          0 chi**2   =  0.000E+00
 betat(%) =      1.195 betap    =      0.606 li       =      0.855
 vol(cm3) =  0.780E+07 rout(cm) =    172.199 zout(cm) =      0.746
 elong    =      1.350 utriang  =     -0.372 ltriang  =     -0.307
 a(cm)    =     41.430 lin(cm)  = ********** lout(cm) =     10.546
 ltop(cm) = ********** q*       =      2.333 rc(cm)   =    176.964
 zc(cm)   =      1.799 bt0(t)   =      2.000 qout     =      2.217
