NCAPTC: : NetCDF: Variable not found
Warning: ieee_overflow is signaling
Warning: ieee_underflow is signaling
Warning: ieee_inexact is signaling
FORTRAN STOP
 solver
 /global/common/software/atom/perlmutter/data/greentable/
 /global/common/software/atom/perlmutter/data/greentable/

          EFITD Version  07/09/2014


 type mode (2=file, 3=snap, 4=time, 5=input, 6=com file, 7=snap_ext):

 number of time slices?

 type input file names:
 #
 table_dir = </global/common/software/atom/perlmutter/data/greentable/>

  ----- time =     1 ms ----- ( 0)
 it=  1 chi2=0.00E+00 zm= 7.50E-03 err=4.533E+00 dz= 7.499E-03 chigam= 0.00E+00
 it=  2 chi2=0.00E+00 zm= 1.03E-02 err=9.674E-01 dz= 2.840E-03 chigam= 0.00E+00
 it=  3 chi2=0.00E+00 zm= 1.25E-02 err=5.263E-01 dz= 2.143E-03 chigam= 0.00E+00
 it=  4 chi2=0.00E+00 zm= 1.41E-02 err=2.864E-01 dz= 1.576E-03 chigam= 0.00E+00
 it=  5 chi2=0.00E+00 zm= 1.52E-02 err=1.568E-01 dz= 1.120E-03 chigam= 0.00E+00
 it=  6 chi2=0.00E+00 zm= 1.60E-02 err=8.827E-02 dz= 7.952E-04 chigam= 0.00E+00
 it=  7 chi2=0.00E+00 zm= 1.65E-02 err=5.035E-02 dz= 5.610E-04 chigam= 0.00E+00
 it=  8 chi2=0.00E+00 zm= 1.69E-02 err=2.906E-02 dz= 3.915E-04 chigam= 0.00E+00
 it=  9 chi2=0.00E+00 zm= 1.72E-02 err=1.848E-02 dz= 2.738E-04 chigam= 0.00E+00
 it= 10 chi2=0.00E+00 zm= 1.74E-02 err=1.130E-02 dz= 1.900E-04 chigam= 0.00E+00
 it= 11 chi2=0.00E+00 zm= 1.75E-02 err=7.320E-03 dz= 1.323E-04 chigam= 0.00E+00
 it= 12 chi2=0.00E+00 zm= 1.76E-02 err=4.388E-03 dz= 9.059E-05 chigam= 0.00E+00
 it= 13 chi2=0.00E+00 zm= 1.77E-02 err=3.879E-03 dz= 6.302E-05 chigam= 0.00E+00
 it= 14 chi2=0.00E+00 zm= 1.77E-02 err=2.298E-03 dz= 4.350E-05 chigam= 0.00E+00
 it= 15 chi2=0.00E+00 zm= 1.77E-02 err=1.405E-03 dz= 3.005E-05 chigam= 0.00E+00
 it= 16 chi2=0.00E+00 zm= 1.78E-02 err=1.122E-03 dz= 2.127E-05 chigam= 0.00E+00
 it= 17 chi2=0.00E+00 zm= 1.78E-02 err=5.717E-04 dz= 1.457E-05 chigam= 0.00E+00
 it= 18 chi2=0.00E+00 zm= 1.78E-02 err=3.021E-04 dz= 9.963E-06 chigam= 0.00E+00
 it= 19 chi2=0.00E+00 zm= 1.78E-02 err=1.907E-04 dz= 6.854E-06 chigam= 0.00E+00
 it= 20 chi2=0.00E+00 zm= 1.78E-02 err=3.686E-04 dz= 5.213E-06 chigam= 0.00E+00
 it= 21 chi2=0.00E+00 zm= 1.78E-02 err=9.831E-05 dz= 3.460E-06 chigam= 0.00E+00

      ******************** EFITD129 x 129  output ********************

       data used:   
  0 flux loops
  0 magnetic probes(i)
  0 full rogowski
  0 diamagnetic loop


 shot #   =          1 time(ms) =          1 chi**2   =  0.000E+00
 betat(%) =      1.011 betap    =      0.641 li       =      0.872
 vol(cm3) =  0.927E+07 rout(cm) =    170.935 zout(cm) =     -0.343
 elong    =      1.398 utriang  =     -0.519 ltriang  =     -0.490
 a(cm)    =     44.869 lin(cm)  = ********** lout(cm) =      0.903
 ltop(cm) = ********** q*       =      3.056 rc(cm)   =    177.057
 zc(cm)   =      1.406 bt0(t)   =      2.000 qout     =      2.886
