NCAPTC: : NetCDF: Variable not found
Warning: ieee_overflow is signaling
Warning: ieee_underflow is signaling
Warning: ieee_inexact is signaling
FORTRAN STOP
 solver
 /global/common/software/atom/perlmutter/data/greentable/
 /global/common/software/atom/perlmutter/data/greentable/

          EFITD Version  07/09/2014


 type mode (2=file, 3=snap, 4=time, 5=input, 6=com file, 7=snap_ext):

 number of time slices?

 type input file names:
 #
 table_dir = </global/common/software/atom/perlmutter/data/greentable/>

  ----- time =     1 ms ----- ( 0)
 it=  1 chi2=0.00E+00 zm= 7.53E-03 err=5.202E+00 dz= 7.535E-03 chigam= 0.00E+00
 it=  2 chi2=0.00E+00 zm= 1.07E-02 err=8.554E-01 dz= 3.172E-03 chigam= 0.00E+00
 it=  3 chi2=0.00E+00 zm= 1.31E-02 err=4.891E-01 dz= 2.391E-03 chigam= 0.00E+00
 it=  4 chi2=0.00E+00 zm= 1.49E-02 err=2.870E-01 dz= 1.812E-03 chigam= 0.00E+00
 it=  5 chi2=0.00E+00 zm= 1.63E-02 err=1.713E-01 dz= 1.378E-03 chigam= 0.00E+00
 it=  6 chi2=0.00E+00 zm= 1.73E-02 err=1.050E-01 dz= 1.053E-03 chigam= 0.00E+00
 it=  7 chi2=0.00E+00 zm= 1.81E-02 err=6.765E-02 dz= 8.021E-04 chigam= 0.00E+00
 it=  8 chi2=0.00E+00 zm= 1.87E-02 err=4.003E-02 dz= 5.985E-04 chigam= 0.00E+00
 it=  9 chi2=0.00E+00 zm= 1.92E-02 err=2.229E-02 dz= 4.417E-04 chigam= 0.00E+00
 it= 10 chi2=0.00E+00 zm= 1.95E-02 err=1.197E-02 dz= 3.232E-04 chigam= 0.00E+00
 it= 11 chi2=0.00E+00 zm= 1.97E-02 err=7.274E-03 dz= 2.375E-04 chigam= 0.00E+00
 it= 12 chi2=0.00E+00 zm= 1.99E-02 err=8.370E-03 dz= 1.789E-04 chigam= 0.00E+00
 it= 13 chi2=0.00E+00 zm= 2.01E-02 err=5.548E-03 dz= 1.324E-04 chigam= 0.00E+00
 it= 14 chi2=0.00E+00 zm= 2.02E-02 err=3.429E-03 dz= 9.693E-05 chigam= 0.00E+00
 it= 15 chi2=0.00E+00 zm= 2.02E-02 err=2.166E-03 dz= 7.075E-05 chigam= 0.00E+00
 it= 16 chi2=0.00E+00 zm= 2.03E-02 err=1.397E-03 dz= 5.152E-05 chigam= 0.00E+00
 it= 17 chi2=0.00E+00 zm= 2.03E-02 err=6.359E-04 dz= 3.808E-05 chigam= 0.00E+00
 it= 18 chi2=0.00E+00 zm= 2.03E-02 err=4.042E-04 dz= 2.778E-05 chigam= 0.00E+00
 it= 19 chi2=0.00E+00 zm= 2.04E-02 err=2.939E-04 dz= 2.023E-05 chigam= 0.00E+00
 it= 20 chi2=0.00E+00 zm= 2.04E-02 err=2.172E-04 dz= 1.472E-05 chigam= 0.00E+00
 it= 21 chi2=0.00E+00 zm= 2.04E-02 err=1.586E-04 dz= 1.070E-05 chigam= 0.00E+00
 it= 22 chi2=0.00E+00 zm= 2.04E-02 err=1.148E-04 dz= 7.775E-06 chigam= 0.00E+00
 it= 23 chi2=0.00E+00 zm= 2.04E-02 err=8.386E-05 dz= 5.648E-06 chigam= 0.00E+00

      ******************** EFITD129 x 129  output ********************

       data used:   
  0 flux loops
  0 magnetic probes(i)
  0 full rogowski
  0 diamagnetic loop


 shot #   =          1 time(ms) =          1 chi**2   =  0.000E+00
 betat(%) =      1.112 betap    =      0.561 li       =      0.861
 vol(cm3) =  0.777E+07 rout(cm) =    172.173 zout(cm) =      0.805
 elong    =      1.346 utriang  =     -0.372 ltriang  =     -0.308
 a(cm)    =     41.403 lin(cm)  = ********** lout(cm) =     10.600
 ltop(cm) = ********** q*       =      2.314 rc(cm)   =    176.665
 zc(cm)   =      1.826 bt0(t)   =      2.000 qout     =      2.207
