NCAPTC: : NetCDF: Variable not found
Warning: ieee_overflow is signaling
Warning: ieee_underflow is signaling
Warning: ieee_inexact is signaling
FORTRAN STOP
 solver
 /global/common/software/atom/perlmutter/data/greentable/
 /global/common/software/atom/perlmutter/data/greentable/

          EFITD Version  07/09/2014


 type mode (2=file, 3=snap, 4=time, 5=input, 6=com file, 7=snap_ext):

 number of time slices?

 type input file names:
 #
 table_dir = </global/common/software/atom/perlmutter/data/greentable/>

  ----- time =     0 ms ----- ( 0)
 it=  1 chi2=0.00E+00 zm= 7.53E-03 err=5.202E+00 dz= 7.535E-03 chigam= 0.00E+00
 it=  2 chi2=0.00E+00 zm= 1.06E-02 err=8.475E-01 dz= 3.083E-03 chigam= 0.00E+00
 it=  3 chi2=0.00E+00 zm= 1.29E-02 err=4.558E-01 dz= 2.289E-03 chigam= 0.00E+00
 it=  4 chi2=0.00E+00 zm= 1.46E-02 err=2.572E-01 dz= 1.699E-03 chigam= 0.00E+00
 it=  5 chi2=0.00E+00 zm= 1.59E-02 err=1.579E-01 dz= 1.286E-03 chigam= 0.00E+00
 it=  6 chi2=0.00E+00 zm= 1.69E-02 err=9.277E-02 dz= 9.674E-04 chigam= 0.00E+00
 it=  7 chi2=0.00E+00 zm= 1.76E-02 err=6.085E-02 dz= 7.420E-04 chigam= 0.00E+00
 it=  8 chi2=0.00E+00 zm= 1.82E-02 err=4.249E-02 dz= 5.691E-04 chigam= 0.00E+00
 it=  9 chi2=0.00E+00 zm= 1.86E-02 err=2.273E-02 dz= 4.213E-04 chigam= 0.00E+00
 it= 10 chi2=0.00E+00 zm= 1.89E-02 err=1.131E-02 dz= 3.056E-04 chigam= 0.00E+00
 it= 11 chi2=0.00E+00 zm= 1.91E-02 err=8.393E-03 dz= 2.276E-04 chigam= 0.00E+00
 it= 12 chi2=0.00E+00 zm= 1.93E-02 err=5.559E-03 dz= 1.657E-04 chigam= 0.00E+00
 it= 13 chi2=0.00E+00 zm= 1.94E-02 err=3.872E-03 dz= 1.214E-04 chigam= 0.00E+00
 it= 14 chi2=0.00E+00 zm= 1.95E-02 err=2.704E-03 dz= 8.885E-05 chigam= 0.00E+00
 it= 15 chi2=0.00E+00 zm= 1.96E-02 err=1.890E-03 dz= 6.494E-05 chigam= 0.00E+00
 it= 16 chi2=0.00E+00 zm= 1.96E-02 err=2.428E-03 dz= 4.271E-05 chigam= 0.00E+00
 it= 17 chi2=0.00E+00 zm= 1.96E-02 err=1.145E-03 dz= 3.036E-05 chigam= 0.00E+00
 it= 18 chi2=0.00E+00 zm= 1.97E-02 err=4.958E-04 dz= 2.166E-05 chigam= 0.00E+00
 it= 19 chi2=0.00E+00 zm= 1.97E-02 err=2.963E-04 dz= 1.550E-05 chigam= 0.00E+00
 it= 20 chi2=0.00E+00 zm= 1.97E-02 err=1.919E-04 dz= 1.113E-05 chigam= 0.00E+00
 it= 21 chi2=0.00E+00 zm= 1.97E-02 err=1.308E-04 dz= 8.011E-06 chigam= 0.00E+00
 it= 22 chi2=0.00E+00 zm= 1.97E-02 err=9.225E-05 dz= 5.778E-06 chigam= 0.00E+00

      ******************** EFITD129 x 129  output ********************

       data used:   
  0 flux loops
  0 magnetic probes(i)
  0 full rogowski
  0 diamagnetic loop


 shot #   =          1 time(ms) =          0 chi**2   =  0.000E+00
 betat(%) =      0.983 betap    =      0.495 li       =      0.852
 vol(cm3) =  0.775E+07 rout(cm) =    172.143 zout(cm) =      0.788
 elong    =      1.345 utriang  =     -0.373 ltriang  =     -0.309
 a(cm)    =     41.373 lin(cm)  = ********** lout(cm) =     10.660
 ltop(cm) = ********** q*       =      2.300 rc(cm)   =    176.359
 zc(cm)   =      1.758 bt0(t)   =      2.000 qout     =      2.194
