========================================================================
= FASTRAN

nonlinear model = 0
ichi = 1
ineo = 0
reading state...
read formatted input, inprof...
init geometry...
read formatted input, inmetric...
nrho in inmetric = 101
rhob in inmetric = 1.262344e+00
solve avg grad-shafranv...
solve_avg_gs::Ip_temp = 9.992517e+00 
solve_avg_gs::Ip      = 1.000000e+01 
>>> tau_he = 5.000000, nhe(0)=2.517004e+00

 plasma volume = 148.323754
 stored energy(e,i,b,a) = 5.264599e+01 4.921870e+01 0.000000e+00 0.000000e+00
 betan = 1.158534
*power
 Pnb(e,i) = 0.000000e+00 0.000000e+00
 Prf(e,i) = 1.246985e+01 2.755576e+01
 Prad     = -1.629426e+01 
 Pei      = -4.658666e+00 
 Pfuse    = 4.781883e+01 
 Pfusi    = 1.550478e+01 
 Poh      = 0.000000e+00 
*confinement time
 taut, tauITER98y2, H98y2 : 1.170119e+00 1.449679e+00 8.071574e-01
 taue, taui : 1.338375e+00 2.440987e+00
 taut, tau89, H89 : 1.170119e+00 7.398604e-01 1.581541e+00
*temperature
 nea, nebar : 1.902139e+01 2.170821e+01 
 tea, tia : 6.740515e+00 6.617285e+00 (1.018622e+00)
 te0, ti0 : 1.893563e+01 1.929243e+01 (9.815054e-01)
 Sn : 0.000000e+00 
*current balance
 Ip,Ibs,Inb,Irf: 1.000000e+01 1.811544e+00 0.000000e+00 2.884483e-01
 fni,fbs: 0.210 0.181

Time advancing...
rho_bdry 0.900000 ...
te_bdry = 2.998496
ti_bdry = 2.998302
ne_bdry = 15.070099
rv_bdry = 279.463030
nrho_tr_bdry = 18
drho_bdry = 0.000000e+00
nrhob = 90
 [    0] t = 0.0000 
>>> tau_he = 5.000000, nhe(0)=2.507068e+00
 5     -0.002   3.98e-03   1.26e-01   2.34e-03  -9.47e-03   0.00e+00 (  6.99e-01,  5.05e+01)
10      0.000   2.50e-03  -4.51e-03  -7.46e-04   1.03e-03   0.00e+00 (  6.99e-01,  9.80e+01)
15     -0.004   1.23e-02  -2.94e-02  -7.76e-03  -2.52e-02   0.00e+00 (  4.53e+00,  1.35e+02)
20      0.021   5.59e-02  -2.73e-02   2.19e-03   1.64e-01   0.00e+00 (  2.47e+01,  1.72e+02)
25      0.039   1.38e-01   5.72e-02   3.92e-02   3.39e-01   0.00e+00 (  6.80e+01,  1.98e+02)
30      0.050   1.89e-01   1.69e-01   7.20e-02   4.82e-01   0.00e+00 (  9.89e+01,  2.11e+02)
35      0.088   2.71e-01   2.99e-01   1.37e-01   9.24e-01   0.00e+00 (  1.37e+02,  2.18e+02)
40      0.089   3.04e-01   3.55e-01   1.41e-01   1.00e+00   0.00e+00 (  1.45e+02,  2.16e+02)
45      0.112   3.45e-01   4.49e-01   2.08e-01   1.34e+00   0.00e+00 (  1.50e+02,  2.11e+02)
50      0.159   4.21e-01   6.32e-01   2.74e-01   2.00e+00   0.00e+00 (  1.64e+02,  2.02e+02)
55      0.207   4.96e-01   8.51e-01   4.44e-01   2.70e+00   0.00e+00 (  1.74e+02,  1.91e+02)
60      0.248   5.69e-01   1.07e+00   6.51e-01   3.35e+00   0.00e+00 (  1.80e+02,  1.79e+02)
65      0.249   5.87e-01   1.14e+00   7.78e-01   3.46e+00   0.00e+00 (  1.68e+02,  1.67e+02)
70      0.280   6.59e-01   1.34e+00   9.97e-01   3.98e+00   0.00e+00 (  1.67e+02,  1.55e+02)
75      0.268   6.65e-01   1.35e+00   1.07e+00   3.90e+00   0.00e+00 (  1.50e+02,  1.45e+02)
80      0.244   6.18e-01   1.27e+00   1.05e+00   3.76e+00   0.00e+00 (  1.26e+02,  1.35e+02)
85      0.245   5.90e-01   1.15e+00   9.21e-01   4.71e+00   0.00e+00 (  1.03e+02,  1.27e+02)
90      0.373   8.43e-01   1.23e+00   8.11e-01   1.42e+01   0.00e+00 (  1.84e+02,  1.20e+02)
95      0.279   5.33e-01   7.45e-01   5.50e-01   1.95e+01   0.00e+00 (  2.29e+02,  1.13e+02)
 0 e: 9.070e-07 i: 6.308e-06 :: e: 0.000e+00 i: 0.000e+00 :: n: 2.762e+01 e:18.948 i:19.263 v:4.993e+03
>>> tau_he = 5.000000, nhe(0)=2.503400e+00
 5     -0.002   4.22e-03   1.53e-01   2.59e-03  -8.34e-03   0.00e+00 (  7.37e-01,  5.05e+01)
10      0.000   3.22e-03  -3.65e-03  -8.49e-04   2.09e-04   0.00e+00 (  9.10e-01,  9.80e+01)
15     -0.003   1.39e-02  -3.01e-02  -8.76e-03  -2.01e-02   0.00e+00 (  5.16e+00,  1.35e+02)
20      0.021   5.84e-02  -2.74e-02   2.70e-03   1.65e-01   0.00e+00 (  2.62e+01,  1.72e+02)
25      0.030   1.28e-01   7.86e-02   4.08e-02   2.61e-01   0.00e+00 (  6.32e+01,  1.98e+02)
30      0.049   1.89e-01   1.68e-01   7.17e-02   4.75e-01   0.00e+00 (  9.86e+01,  2.11e+02)
35      0.054   2.19e-01   2.08e-01   9.80e-02   5.64e-01   0.00e+00 (  1.10e+02,  2.18e+02)
40      0.090   3.04e-01   3.58e-01   1.44e-01   1.02e+00   0.00e+00 (  1.45e+02,  2.16e+02)
45      0.117   3.49e-01   4.62e-01   2.10e-01   1.39e+00   0.00e+00 (  1.52e+02,  2.11e+02)
50      0.163   4.24e-01   6.47e-01   2.75e-01   2.04e+00   0.00e+00 (  1.65e+02,  2.02e+02)
55      0.207   4.96e-01   8.56e-01   4.47e-01   2.71e+00   0.00e+00 (  1.74e+02,  1.91e+02)
60      0.242   5.64e-01   1.06e+00   6.42e-01   3.27e+00   0.00e+00 (  1.78e+02,  1.79e+02)
65      0.246   5.89e-01   1.13e+00   7.69e-01   3.42e+00   0.00e+00 (  1.68e+02,  1.67e+02)
70      0.272   6.52e-01   1.31e+00   9.74e-01   3.87e+00   0.00e+00 (  1.64e+02,  1.55e+02)
75      0.262   6.59e-01   1.33e+00   1.06e+00   3.81e+00   0.00e+00 (  1.48e+02,  1.45e+02)
80      0.244   6.19e-01   1.27e+00   1.05e+00   3.75e+00   0.00e+00 (  1.27e+02,  1.35e+02)
85      0.251   6.04e-01   1.17e+00   9.47e-01   4.83e+00   0.00e+00 (  1.08e+02,  1.27e+02)
90      0.369   8.38e-01   1.22e+00   7.96e-01   1.40e+01   0.00e+00 (  1.77e+02,  1.20e+02)
95      0.279   5.33e-01   7.45e-01   5.50e-01   1.95e+01   0.00e+00 (  2.29e+02,  1.13e+02)
 1 e: 3.791e-02 i: 1.475e-01 :: e: 1.317e-02 i: 1.874e-02 :: n: 2.762e+01 e:23.500 i:26.305 v:4.993e+03
>>> tau_he = 5.000000, nhe(0)=3.173740e+00
 5     -0.017   8.06e-03   3.40e-01   4.66e-03  -7.38e-02   0.00e+00 (  3.10e+00,  5.05e+01)
10     -0.182   7.11e-02   1.55e-02   1.07e-02  -1.03e+00   0.00e+00 (  5.22e+01,  9.80e+01)
15     -0.294   1.51e-01   1.15e-01  -8.85e-02  -1.99e+00   0.00e+00 (  1.38e+02,  1.35e+02)
20      0.176   3.78e-01   4.38e-01   2.11e-01   1.38e+00   0.00e+00 (  3.35e+02,  1.72e+02)
25      0.396   3.99e-01   4.77e-01   2.79e-01   3.48e+00   0.00e+00 (  2.94e+02,  1.98e+02)
30      0.177   3.16e-01   4.38e-01   2.13e-01   1.72e+00   0.00e+00 (  2.03e+02,  2.11e+02)
35      0.138   3.11e-01   4.49e-01   2.04e-01   1.45e+00   0.00e+00 (  1.73e+02,  2.18e+02)
40      0.170   3.48e-01   5.91e-01   2.25e-01   1.92e+00   0.00e+00 (  1.75e+02,  2.16e+02)
45      0.212   4.14e-01   7.88e-01   3.36e-01   2.54e+00   0.00e+00 (  1.87e+02,  2.11e+02)
50      0.203   4.52e-01   9.07e-01   4.05e-01   2.54e+00   0.00e+00 (  1.73e+02,  2.02e+02)
55      0.183   4.67e-01   9.43e-01   4.96e-01   2.40e+00   0.00e+00 (  1.51e+02,  1.91e+02)
60      0.138   4.30e-01   8.01e-01   4.83e-01   1.86e+00   0.00e+00 (  1.20e+02,  1.79e+02)
65      0.150   4.67e-01   8.92e-01   6.03e-01   2.09e+00   0.00e+00 (  1.18e+02,  1.67e+02)
70      0.174   5.20e-01   1.02e+00   7.50e-01   2.48e+00   0.00e+00 (  1.15e+02,  1.55e+02)
75      0.175   5.45e-01   1.06e+00   8.31e-01   2.55e+00   0.00e+00 (  1.12e+02,  1.45e+02)
80      0.180   5.59e-01   1.11e+00   8.83e-01   2.77e+00   0.00e+00 (  1.13e+02,  1.35e+02)
85      0.211   5.57e-01   1.08e+00   8.55e-01   4.05e+00   0.00e+00 (  1.02e+02,  1.27e+02)
90      0.359   8.27e-01   1.19e+00   7.67e-01   1.36e+01   0.00e+00 (  1.73e+02,  1.20e+02)
95      0.279   5.33e-01   7.45e-01   5.50e-01   1.95e+01   0.00e+00 (  2.29e+02,  1.13e+02)
 2 e: 1.895e-02 i: 9.338e-03 :: e: 1.940e-01 i: 2.460e-01 :: n: 2.762e+01 e:25.948 i:27.973 v:4.993e+03
>>> tau_he = 5.000000, nhe(0)=3.284704e+00
 5     -0.032   1.23e-02   3.96e-01   7.60e-03  -1.42e-01   0.00e+00 (  6.74e+00,  5.05e+01)
10     -0.513   1.13e-01   3.70e-02  -7.58e-03  -2.90e+00   0.00e+00 (  1.15e+02,  9.80e+01)
15     -0.501   3.90e-01   4.56e-01   2.46e-01  -3.40e+00   0.00e+00 (  4.69e+02,  1.35e+02)
20      0.140   4.43e-01   5.12e-01   3.31e-01   1.09e+00   0.00e+00 (  4.78e+02,  1.72e+02)
25      0.324   4.11e-01   4.75e-01   3.28e-01   2.86e+00   0.00e+00 (  3.69e+02,  1.98e+02)
30      0.172   3.38e-01   4.32e-01   2.54e-01   1.67e+00   0.00e+00 (  2.62e+02,  2.11e+02)
35      0.118   3.28e-01   4.29e-01   1.95e-01   1.25e+00   0.00e+00 (  2.10e+02,  2.18e+02)
40      0.140   3.40e-01   5.23e-01   2.03e-01   1.59e+00   0.00e+00 (  1.86e+02,  2.16e+02)
45      0.177   3.76e-01   6.53e-01   2.78e-01   2.12e+00   0.00e+00 (  1.73e+02,  2.11e+02)
50      0.171   3.98e-01   7.29e-01   3.16e-01   2.14e+00   0.00e+00 (  1.47e+02,  2.02e+02)
55      0.163   4.02e-01   7.58e-01   4.00e-01   2.13e+00   0.00e+00 (  1.20e+02,  1.91e+02)
60      0.131   3.65e-01   6.46e-01   4.00e-01   1.77e+00   0.00e+00 (  9.08e+01,  1.79e+02)
65      0.148   3.91e-01   7.21e-01   4.95e-01   2.06e+00   0.00e+00 (  8.50e+01,  1.67e+02)
70      0.178   4.39e-01   8.56e-01   6.36e-01   2.54e+00   0.00e+00 (  8.20e+01,  1.55e+02)
75      0.188   4.64e-01   9.16e-01   7.28e-01   2.74e+00   0.00e+00 (  7.96e+01,  1.45e+02)
80      0.199   4.89e-01   9.95e-01   8.11e-01   3.06e+00   0.00e+00 (  8.21e+01,  1.35e+02)
85      0.224   5.22e-01   1.01e+00   8.01e-01   4.30e+00   0.00e+00 (  7.99e+01,  1.27e+02)
90      0.363   8.35e-01   1.19e+00   7.71e-01   1.38e+01   0.00e+00 (  1.64e+02,  1.20e+02)
95      0.279   5.33e-01   7.45e-01   5.50e-01   1.95e+01   0.00e+00 (  2.29e+02,  1.13e+02)
 3 e: 4.180e-03 i: 4.654e-03 :: e: 2.721e-01 i: 2.999e-01 :: n: 2.762e+01 e:25.323 i:27.673 v:4.993e+03
>>> tau_he = 5.000000, nhe(0)=3.266338e+00
 5     -0.035   1.27e-02   3.83e-01   7.66e-03  -1.58e-01   0.00e+00 (  7.23e+00,  5.05e+01)
10     -0.490   1.13e-01   4.04e-02  -1.69e-02  -2.77e+00   0.00e+00 (  1.10e+02,  9.80e+01)
15     -0.371   3.57e-01   5.03e-01   1.63e-01  -2.52e+00   0.00e+00 (  3.68e+02,  1.35e+02)
20      0.098   3.93e-01   4.63e-01   2.62e-01   7.66e-01   0.00e+00 (  3.78e+02,  1.72e+02)
25      0.315   4.03e-01   4.70e-01   3.05e-01   2.78e+00   0.00e+00 (  3.46e+02,  1.98e+02)
30      0.204   3.49e-01   4.55e-01   2.38e-01   1.98e+00   0.00e+00 (  2.69e+02,  2.11e+02)
35      0.143   3.30e-01   4.73e-01   2.15e-01   1.51e+00   0.00e+00 (  2.17e+02,  2.18e+02)
40      0.168   3.59e-01   5.88e-01   2.51e-01   1.90e+00   0.00e+00 (  2.02e+02,  2.16e+02)
45      0.197   3.95e-01   7.32e-01   3.13e-01   2.36e+00   0.00e+00 (  1.85e+02,  2.11e+02)
50      0.188   4.20e-01   8.23e-01   3.69e-01   2.36e+00   0.00e+00 (  1.58e+02,  2.02e+02)
55      0.176   4.26e-01   8.54e-01   4.58e-01   2.30e+00   0.00e+00 (  1.30e+02,  1.91e+02)
60      0.142   3.90e-01   7.38e-01   4.56e-01   1.92e+00   0.00e+00 (  1.00e+02,  1.79e+02)
65      0.150   4.07e-01   7.81e-01   5.36e-01   2.09e+00   0.00e+00 (  9.04e+01,  1.67e+02)
70      0.171   4.40e-01   8.77e-01   6.51e-01   2.43e+00   0.00e+00 (  8.38e+01,  1.55e+02)
75      0.172   4.53e-01   8.98e-01   7.13e-01   2.51e+00   0.00e+00 (  7.86e+01,  1.45e+02)
80      0.177   4.59e-01   9.39e-01   7.54e-01   2.72e+00   0.00e+00 (  7.72e+01,  1.35e+02)
85      0.198   4.83e-01   9.30e-01   7.29e-01   3.81e+00   0.00e+00 (  7.33e+01,  1.27e+02)
90      0.353   8.20e-01   1.16e+00   7.42e-01   1.34e+01   0.00e+00 (  1.61e+02,  1.20e+02)
95      0.279   5.33e-01   7.45e-01   5.50e-01   1.95e+01   0.00e+00 (  2.29e+02,  1.13e+02)
 4 e: 2.832e-03 i: 4.278e-03 :: e: 2.407e-01 i: 2.737e-01 :: n: 2.762e+01 e:24.382 i:26.786 v:4.993e+03
>>> tau_he = 5.000000, nhe(0)=3.207890e+00
 5     -0.036   1.23e-02   3.58e-01   7.53e-03  -1.59e-01   0.00e+00 (  7.12e+00,  5.05e+01)
10     -0.298   1.05e-01   3.56e-02  -2.12e-02  -1.68e+00   0.00e+00 (  9.74e+01,  9.80e+01)
15     -0.295   1.22e-01   6.44e-02  -2.43e-02  -2.00e+00   0.00e+00 (  1.12e+02,  1.35e+02)
20      0.037   3.29e-01   4.19e-01   1.89e-01   2.88e-01   0.00e+00 (  2.86e+02,  1.72e+02)
25      0.311   3.57e-01   4.05e-01   2.50e-01   2.74e+00   0.00e+00 (  2.87e+02,  1.98e+02)
30      0.168   3.32e-01   4.27e-01   2.47e-01   1.63e+00   0.00e+00 (  2.48e+02,  2.11e+02)
35      0.131   3.24e-01   4.48e-01   2.03e-01   1.38e+00   0.00e+00 (  2.10e+02,  2.18e+02)
40      0.149   3.47e-01   5.46e-01   2.36e-01   1.68e+00   0.00e+00 (  1.94e+02,  2.16e+02)
45      0.180   3.80e-01   6.69e-01   2.85e-01   2.15e+00   0.00e+00 (  1.76e+02,  2.11e+02)
50      0.174   4.04e-01   7.54e-01   3.32e-01   2.18e+00   0.00e+00 (  1.51e+02,  2.02e+02)
55      0.170   4.13e-01   7.97e-01   4.27e-01   2.23e+00   0.00e+00 (  1.25e+02,  1.91e+02)
60      0.144   3.84e-01   7.09e-01   4.38e-01   1.94e+00   0.00e+00 (  9.78e+01,  1.79e+02)
65      0.155   4.00e-01   7.60e-01   5.26e-01   2.15e+00   0.00e+00 (  8.75e+01,  1.67e+02)
70      0.177   4.34e-01   8.58e-01   6.40e-01   2.51e+00   0.00e+00 (  8.04e+01,  1.55e+02)
75      0.180   4.45e-01   8.83e-01   7.03e-01   2.63e+00   0.00e+00 (  7.44e+01,  1.45e+02)
80      0.186   4.56e-01   9.27e-01   7.52e-01   2.86e+00   0.00e+00 (  7.28e+01,  1.35e+02)
85      0.207   4.79e-01   9.23e-01   7.26e-01   3.97e+00   0.00e+00 (  6.81e+01,  1.27e+02)
90      0.357   8.28e-01   1.17e+00   7.52e-01   1.35e+01   0.00e+00 (  1.58e+02,  1.20e+02)
95      0.279   5.33e-01   7.45e-01   5.50e-01   1.95e+01   0.00e+00 (  2.29e+02,  1.13e+02)
 5 e: 9.924e-04 i: 2.844e-03 :: e: 1.890e-01 i: 2.270e-01 :: n: 2.762e+01 e:23.947 i:25.999 v:4.993e+03
>>> tau_he = 5.000000, nhe(0)=3.152357e+00
 5     -0.034   1.15e-02   3.37e-01   7.39e-03  -1.51e-01   0.00e+00 (  6.69e+00,  5.05e+01)
10     -0.265   9.91e-02   3.37e-02  -2.03e-02  -1.50e+00   0.00e+00 (  8.77e+01,  9.80e+01)
15     -0.216   1.19e-01   6.74e-02  -2.77e-02  -1.46e+00   0.00e+00 (  1.04e+02,  1.35e+02)
20      0.053   3.01e-01   3.79e-01   1.67e-01   4.12e-01   0.00e+00 (  2.44e+02,  1.72e+02)
25      0.181   3.22e-01   4.04e-01   2.29e-01   1.59e+00   0.00e+00 (  2.44e+02,  1.98e+02)
30      0.156   3.20e-01   4.23e-01   2.33e-01   1.51e+00   0.00e+00 (  2.30e+02,  2.11e+02)
35      0.131   3.22e-01   4.56e-01   2.02e-01   1.38e+00   0.00e+00 (  2.05e+02,  2.18e+02)
40      0.153   3.45e-01   5.61e-01   2.42e-01   1.72e+00   0.00e+00 (  1.90e+02,  2.16e+02)
45      0.179   3.83e-01   6.86e-01   2.92e-01   2.14e+00   0.00e+00 (  1.77e+02,  2.11e+02)
50      0.175   4.10e-01   7.79e-01   3.43e-01   2.19e+00   0.00e+00 (  1.54e+02,  2.02e+02)
55      0.173   4.23e-01   8.33e-01   4.46e-01   2.27e+00   0.00e+00 (  1.31e+02,  1.91e+02)
60      0.149   4.00e-01   7.56e-01   4.66e-01   2.02e+00   0.00e+00 (  1.04e+02,  1.79e+02)
65      0.158   4.15e-01   8.04e-01   5.56e-01   2.20e+00   0.00e+00 (  9.34e+01,  1.67e+02)
70      0.177   4.46e-01   8.91e-01   6.64e-01   2.52e+00   0.00e+00 (  8.51e+01,  1.55e+02)
75      0.177   4.53e-01   9.01e-01   7.17e-01   2.58e+00   0.00e+00 (  7.78e+01,  1.45e+02)
80      0.179   4.55e-01   9.26e-01   7.51e-01   2.75e+00   0.00e+00 (  7.45e+01,  1.35e+02)
85      0.198   4.69e-01   9.03e-01   7.07e-01   3.80e+00   0.00e+00 (  6.78e+01,  1.27e+02)
90      0.355   8.25e-01   1.16e+00   7.45e-01   1.34e+01   0.00e+00 (  1.58e+02,  1.20e+02)
95      0.279   5.33e-01   7.45e-01   5.50e-01   1.95e+01   0.00e+00 (  2.29e+02,  1.13e+02)
 6 e: 7.761e-04 i: 1.647e-03 :: e: 1.532e-01 i: 1.902e-01 :: n: 2.762e+01 e:23.318 i:25.545 v:4.993e+03
>>> tau_he = 5.000000, nhe(0)=3.118783e+00
 5     -0.033   1.10e-02   3.25e-01   7.21e-03  -1.47e-01   0.00e+00 (  6.39e+00,  5.05e+01)
10     -0.248   9.14e-02   3.24e-02  -1.92e-02  -1.40e+00   0.00e+00 (  7.80e+01,  9.80e+01)
15     -0.220   1.14e-01   6.72e-02  -2.69e-02  -1.49e+00   0.00e+00 (  9.66e+01,  1.35e+02)
20     -0.014   1.51e-01   1.30e-01   1.65e-02  -1.07e-01   0.00e+00 (  1.15e+02,  1.72e+02)
25      0.148   2.95e-01   3.72e-01   1.96e-01   1.31e+00   0.00e+00 (  2.12e+02,  1.98e+02)
30      0.131   3.03e-01   3.96e-01   1.95e-01   1.28e+00   0.00e+00 (  2.08e+02,  2.11e+02)
35      0.120   3.14e-01   4.28e-01   1.89e-01   1.26e+00   0.00e+00 (  1.93e+02,  2.18e+02)
40      0.139   3.31e-01   5.23e-01   2.06e-01   1.57e+00   0.00e+00 (  1.77e+02,  2.16e+02)
45      0.165   3.68e-01   6.39e-01   2.71e-01   1.97e+00   0.00e+00 (  1.65e+02,  2.11e+02)
50      0.166   3.96e-01   7.27e-01   3.16e-01   2.08e+00   0.00e+00 (  1.45e+02,  2.02e+02)
55      0.170   4.13e-01   7.94e-01   4.24e-01   2.22e+00   0.00e+00 (  1.26e+02,  1.91e+02)
60      0.151   3.96e-01   7.39e-01   4.56e-01   2.04e+00   0.00e+00 (  1.03e+02,  1.79e+02)
65      0.162   4.15e-01   7.97e-01   5.52e-01   2.25e+00   0.00e+00 (  9.28e+01,  1.67e+02)
70      0.182   4.48e-01   8.93e-01   6.67e-01   2.59e+00   0.00e+00 (  8.50e+01,  1.55e+02)
75      0.184   4.56e-01   9.09e-01   7.24e-01   2.68e+00   0.00e+00 (  7.78e+01,  1.45e+02)
80      0.186   4.59e-01   9.35e-01   7.59e-01   2.86e+00   0.00e+00 (  7.41e+01,  1.35e+02)
85      0.204   4.73e-01   9.11e-01   7.15e-01   3.91e+00   0.00e+00 (  6.68e+01,  1.27e+02)
90      0.356   8.27e-01   1.16e+00   7.47e-01   1.35e+01   0.00e+00 (  1.57e+02,  1.20e+02)
95      0.279   5.33e-01   7.45e-01   5.50e-01   1.95e+01   0.00e+00 (  2.29e+02,  1.13e+02)
 7 e: 2.804e-04 i: 8.258e-04 :: e: 1.220e-01 i: 1.552e-01 :: n: 2.762e+01 e:23.142 i:25.167 v:4.993e+03
>>> tau_he = 5.000000, nhe(0)=3.089880e+00
 5     -0.032   1.07e-02   3.16e-01   7.17e-03  -1.42e-01   0.00e+00 (  6.20e+00,  5.05e+01)
10     -0.232   8.84e-02   3.10e-02  -1.84e-02  -1.31e+00   0.00e+00 (  7.36e+01,  9.80e+01)
15     -0.142   2.74e-01   3.71e-01   8.10e-02  -9.61e-01   0.00e+00 (  2.29e+02,  1.35e+02)
20     -0.013   1.49e-01   1.36e-01  -2.58e-03  -9.80e-02   0.00e+00 (  1.13e+02,  1.72e+02)
25      0.142   2.83e-01   3.63e-01   1.88e-01   1.25e+00   0.00e+00 (  1.98e+02,  1.98e+02)
30      0.126   2.92e-01   3.90e-01   1.92e-01   1.23e+00   0.00e+00 (  1.95e+02,  2.11e+02)
35      0.118   3.10e-01   4.27e-01   2.01e-01   1.24e+00   0.00e+00 (  1.87e+02,  2.18e+02)
40      0.137   3.28e-01   5.26e-01   2.09e-01   1.54e+00   0.00e+00 (  1.73e+02,  2.16e+02)
45      0.161   3.66e-01   6.41e-01   2.72e-01   1.93e+00   0.00e+00 (  1.63e+02,  2.11e+02)
50      0.164   3.96e-01   7.32e-01   3.19e-01   2.06e+00   0.00e+00 (  1.45e+02,  2.02e+02)
55      0.170   4.17e-01   8.07e-01   4.31e-01   2.22e+00   0.00e+00 (  1.27e+02,  1.91e+02)
60      0.153   4.04e-01   7.61e-01   4.69e-01   2.06e+00   0.00e+00 (  1.06e+02,  1.79e+02)
65      0.163   4.24e-01   8.21e-01   5.68e-01   2.27e+00   0.00e+00 (  9.63e+01,  1.67e+02)
70      0.183   4.57e-01   9.15e-01   6.83e-01   2.60e+00   0.00e+00 (  8.84e+01,  1.55e+02)
75      0.183   4.63e-01   9.25e-01   7.37e-01   2.66e+00   0.00e+00 (  8.06e+01,  1.45e+02)
80      0.183   4.62e-01   9.41e-01   7.64e-01   2.81e+00   0.00e+00 (  7.59e+01,  1.35e+02)
85      0.200   4.70e-01   9.05e-01   7.10e-01   3.83e+00   0.00e+00 (  6.73e+01,  1.27e+02)
90      0.355   8.25e-01   1.16e+00   7.44e-01   1.34e+01   0.00e+00 (  1.57e+02,  1.20e+02)
95      0.279   5.33e-01   7.45e-01   5.50e-01   1.95e+01   0.00e+00 (  2.29e+02,  1.13e+02)
 8 e: 5.158e-04 i: 6.742e-04 :: e: 1.186e-01 i: 1.428e-01 :: n: 2.762e+01 e:22.724 i:24.963 v:4.993e+03
>>> tau_he = 5.000000, nhe(0)=3.073909e+00
 5     -0.032   1.05e-02   3.09e-01   7.02e-03  -1.42e-01   0.00e+00 (  6.05e+00,  5.05e+01)
10     -0.212   8.52e-02   2.94e-02  -1.74e-02  -1.20e+00   0.00e+00 (  6.87e+01,  9.80e+01)
15     -0.158   1.26e-01   9.16e-02  -2.31e-02  -1.07e+00   0.00e+00 (  9.87e+01,  1.35e+02)
20      0.008   1.41e-01   1.29e-01  -1.31e-02   6.59e-02   0.00e+00 (  1.05e+02,  1.72e+02)
25      0.132   2.72e-01   3.48e-01   1.72e-01   1.16e+00   0.00e+00 (  1.86e+02,  1.98e+02)
30      0.104   2.85e-01   3.80e-01   1.84e-01   1.01e+00   0.00e+00 (  1.85e+02,  2.11e+02)
35      0.114   3.03e-01   4.11e-01   1.93e-01   1.20e+00   0.00e+00 (  1.78e+02,  2.18e+02)
40      0.127   3.20e-01   5.02e-01   2.10e-01   1.44e+00   0.00e+00 (  1.65e+02,  2.16e+02)
45      0.147   3.55e-01   6.09e-01   2.56e-01   1.76e+00   0.00e+00 (  1.55e+02,  2.11e+02)
50      0.159   3.87e-01   7.01e-01   3.05e-01   2.00e+00   0.00e+00 (  1.40e+02,  2.02e+02)
55      0.168   4.11e-01   7.83e-01   4.17e-01   2.19e+00   0.00e+00 (  1.24e+02,  1.91e+02)
60      0.154   4.02e-01   7.52e-01   4.63e-01   2.09e+00   0.00e+00 (  1.05e+02,  1.79e+02)
65      0.166   4.24e-01   8.17e-01   5.64e-01   2.31e+00   0.00e+00 (  9.59e+01,  1.67e+02)
70      0.187   4.59e-01   9.19e-01   6.88e-01   2.66e+00   0.00e+00 (  8.85e+01,  1.55e+02)
75      0.188   4.67e-01   9.33e-01   7.45e-01   2.73e+00   0.00e+00 (  8.10e+01,  1.45e+02)
80      0.188   4.66e-01   9.50e-01   7.71e-01   2.89e+00   0.00e+00 (  7.62e+01,  1.35e+02)
85      0.204   4.73e-01   9.12e-01   7.17e-01   3.91e+00   0.00e+00 (  6.71e+01,  1.27e+02)
90      0.355   8.26e-01   1.16e+00   7.45e-01   1.35e+01   0.00e+00 (  1.57e+02,  1.20e+02)
95      0.279   5.33e-01   7.45e-01   5.50e-01   1.95e+01   0.00e+00 (  2.29e+02,  1.13e+02)
 9 e: 1.007e-04 i: 3.499e-04 :: e: 8.958e-02 i: 1.105e-01 :: n: 2.762e+01 e:22.715 i:24.766 v:4.993e+03
>>> tau_he = 5.000000, nhe(0)=3.058238e+00
 5     -0.031   1.03e-02   3.05e-01   7.03e-03  -1.39e-01   0.00e+00 (  5.97e+00,  5.05e+01)
10     -0.203   8.36e-02   2.88e-02  -1.70e-02  -1.15e+00   0.00e+00 (  6.64e+01,  9.80e+01)
15     -0.154   1.26e-01   9.50e-02  -2.41e-02  -1.04e+00   0.00e+00 (  9.85e+01,  1.35e+02)
20      0.081   2.57e-01   3.30e-01   1.33e-01   6.37e-01   0.00e+00 (  1.93e+02,  1.72e+02)
25      0.128   2.68e-01   3.46e-01   1.70e-01   1.13e+00   0.00e+00 (  1.81e+02,  1.98e+02)
30      0.103   2.93e-01   3.66e-01   1.79e-01   9.96e-01   0.00e+00 (  1.89e+02,  2.11e+02)
35      0.107   2.99e-01   3.92e-01   1.93e-01   1.13e+00   0.00e+00 (  1.75e+02,  2.18e+02)
40      0.126   3.20e-01   5.05e-01   2.12e-01   1.42e+00   0.00e+00 (  1.65e+02,  2.16e+02)
45      0.145   3.58e-01   6.13e-01   2.58e-01   1.73e+00   0.00e+00 (  1.56e+02,  2.11e+02)
50      0.158   3.89e-01   7.08e-01   3.05e-01   1.98e+00   0.00e+00 (  1.41e+02,  2.02e+02)
55      0.168   4.15e-01   7.94e-01   4.23e-01   2.20e+00   0.00e+00 (  1.26e+02,  1.91e+02)
60      0.156   4.09e-01   7.70e-01   4.74e-01   2.11e+00   0.00e+00 (  1.08e+02,  1.79e+02)
65      0.168   4.31e-01   8.35e-01   5.76e-01   2.33e+00   0.00e+00 (  9.89e+01,  1.67e+02)
70      0.187   4.67e-01   9.36e-01   6.99e-01   2.66e+00   0.00e+00 (  9.15e+01,  1.55e+02)
75      0.187   4.73e-01   9.47e-01   7.56e-01   2.73e+00   0.00e+00 (  8.34e+01,  1.45e+02)
80      0.186   4.69e-01   9.56e-01   7.76e-01   2.86e+00   0.00e+00 (  7.78e+01,  1.35e+02)
85      0.201   4.72e-01   9.10e-01   7.15e-01   3.87e+00   0.00e+00 (  6.77e+01,  1.27e+02)
90      0.355   8.25e-01   1.16e+00   7.44e-01   1.34e+01   0.00e+00 (  1.57e+02,  1.20e+02)
95      0.279   5.33e-01   7.45e-01   5.50e-01   1.95e+01   0.00e+00 (  2.29e+02,  1.13e+02)
10 e: 1.106e-04 i: 4.077e-04 :: e: 8.033e-02 i: 9.614e-02 :: n: 2.762e+01 e:22.502 i:24.665 v:4.993e+03
>>> tau_he = 5.000000, nhe(0)=3.050097e+00
 5     -0.031   1.02e-02   3.03e-01   6.97e-03  -1.38e-01   0.00e+00 (  5.91e+00,  5.05e+01)
10     -0.196   8.20e-02   2.79e-02  -1.65e-02  -1.11e+00   0.00e+00 (  6.43e+01,  9.80e+01)
15     -0.114   1.21e-01   9.35e-02  -2.07e-02  -7.71e-01   0.00e+00 (  9.36e+01,  1.35e+02)
20      0.006   1.35e-01   1.24e-01   5.36e-03   4.40e-02   0.00e+00 (  9.89e+01,  1.72e+02)
25      0.121   2.62e-01   3.34e-01   1.57e-01   1.07e+00   0.00e+00 (  1.74e+02,  1.98e+02)
30      0.100   2.88e-01   3.55e-01   1.69e-01   9.69e-01   0.00e+00 (  1.82e+02,  2.11e+02)
35      0.105   2.95e-01   3.82e-01   1.88e-01   1.11e+00   0.00e+00 (  1.70e+02,  2.18e+02)
40      0.121   3.15e-01   4.88e-01   2.34e-01   1.37e+00   0.00e+00 (  1.60e+02,  2.16e+02)
45      0.141   3.52e-01   5.92e-01   2.50e-01   1.68e+00   0.00e+00 (  1.52e+02,  2.11e+02)
50      0.155   3.84e-01   6.89e-01   2.97e-01   1.94e+00   0.00e+00 (  1.38e+02,  2.02e+02)
55      0.167   4.12e-01   7.80e-01   4.15e-01   2.19e+00   0.00e+00 (  1.25e+02,  1.91e+02)
60      0.157   4.09e-01   7.65e-01   4.71e-01   2.13e+00   0.00e+00 (  1.08e+02,  1.79e+02)
65      0.170   4.33e-01   8.36e-01   5.77e-01   2.37e+00   0.00e+00 (  9.92e+01,  1.67e+02)
70      0.191   4.69e-01   9.42e-01   7.05e-01   2.71e+00   0.00e+00 (  9.20e+01,  1.55e+02)
75      0.191   4.77e-01   9.55e-01   7.63e-01   2.78e+00   0.00e+00 (  8.42e+01,  1.45e+02)
80      0.190   4.72e-01   9.64e-01   7.78e-01   2.92e+00   0.00e+00 (  7.83e+01,  1.35e+02)
85      0.204   4.76e-01   9.17e-01   7.22e-01   3.93e+00   0.00e+00 (  6.79e+01,  1.27e+02)
90      0.355   8.26e-01   1.16e+00   7.45e-01   1.35e+01   0.00e+00 (  1.56e+02,  1.20e+02)
95      0.279   5.33e-01   7.45e-01   5.50e-01   1.95e+01   0.00e+00 (  2.29e+02,  1.13e+02)
11 e: 7.182e-05 i: 1.844e-04 :: e: 6.773e-02 i: 7.843e-02 :: n: 2.762e+01 e:22.520 i:24.591 v:4.993e+03
>>> tau_he = 5.000000, nhe(0)=3.044124e+00
 5     -0.031   1.02e-02   3.02e-01   6.98e-03  -1.37e-01   0.00e+00 (  5.88e+00,  5.05e+01)
10     -0.189   8.07e-02   2.73e-02  -1.63e-02  -1.07e+00   0.00e+00 (  6.26e+01,  9.80e+01)
15     -0.137   1.23e-01   1.05e-01  -6.54e-02  -9.27e-01   0.00e+00 (  9.46e+01,  1.35e+02)
20      0.004   1.37e-01   1.29e-01  -9.65e-03   3.49e-02   0.00e+00 (  1.01e+02,  1.72e+02)
25      0.036   1.57e-01   1.66e-01   3.45e-02   3.20e-01   0.00e+00 (  1.04e+02,  1.98e+02)
30      0.100   2.87e-01   3.55e-01   1.80e-01   9.75e-01   0.00e+00 (  1.80e+02,  2.11e+02)
35      0.111   2.99e-01   4.07e-01   1.91e-01   1.17e+00   0.00e+00 (  1.72e+02,  2.18e+02)
40      0.121   3.16e-01   4.91e-01   2.37e-01   1.36e+00   0.00e+00 (  1.60e+02,  2.16e+02)
45      0.140   3.54e-01   5.96e-01   2.52e-01   1.67e+00   0.00e+00 (  1.53e+02,  2.11e+02)
50      0.155   3.87e-01   6.95e-01   3.00e-01   1.94e+00   0.00e+00 (  1.40e+02,  2.02e+02)
55      0.168   4.16e-01   7.90e-01   4.20e-01   2.20e+00   0.00e+00 (  1.27e+02,  1.91e+02)
60      0.159   4.16e-01   7.80e-01   4.80e-01   2.15e+00   0.00e+00 (  1.11e+02,  1.79e+02)
65      0.171   4.39e-01   8.51e-01   5.87e-01   2.38e+00   0.00e+00 (  1.02e+02,  1.67e+02)
70      0.191   4.76e-01   9.56e-01   7.16e-01   2.72e+00   0.00e+00 (  9.45e+01,  1.55e+02)
75      0.191   4.83e-01   9.68e-01   7.73e-01   2.78e+00   0.00e+00 (  8.64e+01,  1.45e+02)
80      0.189   4.75e-01   9.71e-01   7.84e-01   2.91e+00   0.00e+00 (  7.99e+01,  1.35e+02)
85      0.203   4.76e-01   9.18e-01   7.22e-01   3.90e+00   0.00e+00 (  6.86e+01,  1.27e+02)
90      0.355   8.26e-01   1.16e+00   7.44e-01   1.35e+01   0.00e+00 (  1.56e+02,  1.20e+02)
95      0.279   5.33e-01   7.45e-01   5.50e-01   1.95e+01   0.00e+00 (  2.29e+02,  1.13e+02)
12 e: 1.029e-04 i: 1.866e-04 :: e: 6.761e-02 i: 6.868e-02 :: n: 2.762e+01 e:22.491 i:24.698 v:4.993e+03
>>> tau_he = 5.000000, nhe(0)=3.052787e+00
 5     -0.031   1.02e-02   3.05e-01   6.99e-03  -1.37e-01   0.00e+00 (  5.91e+00,  5.05e+01)
10     -0.184   8.00e-02   2.63e-02  -1.60e-02  -1.04e+00   0.00e+00 (  6.14e+01,  9.80e+01)
15     -0.135   1.24e-01   1.06e-01  -6.50e-02  -9.18e-01   0.00e+00 (  9.47e+01,  1.35e+02)
20      0.073   2.51e-01   3.23e-01   1.27e-01   5.72e-01   0.00e+00 (  1.86e+02,  1.72e+02)
25      0.122   2.62e-01   3.36e-01   1.60e-01   1.07e+00   0.00e+00 (  1.75e+02,  1.98e+02)
30      0.099   2.85e-01   3.49e-01   1.76e-01   9.62e-01   0.00e+00 (  1.77e+02,  2.11e+02)
35      0.109   2.96e-01   3.99e-01   1.88e-01   1.15e+00   0.00e+00 (  1.69e+02,  2.18e+02)
40      0.118   3.13e-01   4.81e-01   2.33e-01   1.33e+00   0.00e+00 (  1.58e+02,  2.16e+02)
45      0.137   3.50e-01   5.82e-01   2.47e-01   1.64e+00   0.00e+00 (  1.50e+02,  2.11e+02)
50      0.153   3.84e-01   6.83e-01   2.94e-01   1.92e+00   0.00e+00 (  1.38e+02,  2.02e+02)
55      0.168   4.15e-01   7.81e-01   4.16e-01   2.19e+00   0.00e+00 (  1.27e+02,  1.91e+02)
60      0.160   4.16e-01   7.78e-01   4.78e-01   2.16e+00   0.00e+00 (  1.11e+02,  1.79e+02)
65      0.173   4.40e-01   8.52e-01   5.88e-01   2.41e+00   0.00e+00 (  1.02e+02,  1.67e+02)
70      0.194   4.79e-01   9.61e-01   7.19e-01   2.76e+00   0.00e+00 (  9.53e+01,  1.55e+02)
75      0.194   4.86e-01   9.75e-01   7.79e-01   2.82e+00   0.00e+00 (  8.72e+01,  1.45e+02)
80      0.192   4.79e-01   9.79e-01   7.97e-01   2.95e+00   0.00e+00 (  8.06e+01,  1.35e+02)
85      0.206   4.79e-01   9.25e-01   7.28e-01   3.95e+00   0.00e+00 (  6.90e+01,  1.27e+02)
90      0.355   8.26e-01   1.16e+00   7.45e-01   1.35e+01   0.00e+00 (  1.56e+02,  1.20e+02)
95      0.279   5.33e-01   7.45e-01   5.50e-01   1.95e+01   0.00e+00 (  2.29e+02,  1.13e+02)
13 e: 4.814e-05 i: 2.657e-04 :: e: 5.524e-02 i: 6.258e-02 :: n: 2.762e+01 e:22.537 i:24.620 v:4.993e+03
>>> tau_he = 5.000000, nhe(0)=3.046487e+00
 5     -0.031   1.03e-02   3.04e-01   7.03e-03  -1.37e-01   0.00e+00 (  5.96e+00,  5.05e+01)
10     -0.183   8.02e-02   2.70e-02  -1.61e-02  -1.04e+00   0.00e+00 (  6.14e+01,  9.80e+01)
15     -0.087   2.59e-01   3.51e-01   7.03e-02  -5.87e-01   0.00e+00 (  1.98e+02,  1.35e+02)
20      0.005   1.36e-01   1.29e-01  -2.23e-03   3.79e-02   0.00e+00 (  9.91e+01,  1.72e+02)
25      0.041   1.65e-01   1.66e-01   3.47e-02   3.61e-01   0.00e+00 (  1.10e+02,  1.98e+02)
30      0.099   2.86e-01   3.51e-01   1.77e-01   9.64e-01   0.00e+00 (  1.78e+02,  2.11e+02)
35      0.109   2.98e-01   4.02e-01   1.89e-01   1.15e+00   0.00e+00 (  1.70e+02,  2.18e+02)
40      0.118   3.15e-01   4.84e-01   2.34e-01   1.33e+00   0.00e+00 (  1.60e+02,  2.16e+02)
45      0.137   3.52e-01   5.87e-01   2.49e-01   1.64e+00   0.00e+00 (  1.52e+02,  2.11e+02)
50      0.154   3.88e-01   6.90e-01   2.97e-01   1.93e+00   0.00e+00 (  1.40e+02,  2.02e+02)
55      0.169   4.20e-01   7.90e-01   4.17e-01   2.20e+00   0.00e+00 (  1.29e+02,  1.91e+02)
60      0.162   4.22e-01   7.91e-01   4.86e-01   2.19e+00   0.00e+00 (  1.14e+02,  1.79e+02)
65      0.174   4.46e-01   8.65e-01   5.96e-01   2.42e+00   0.00e+00 (  1.05e+02,  1.67e+02)
70      0.195   4.84e-01   9.74e-01   7.29e-01   2.77e+00   0.00e+00 (  9.75e+01,  1.55e+02)
75      0.194   4.92e-01   9.86e-01   7.88e-01   2.83e+00   0.00e+00 (  8.92e+01,  1.45e+02)
80      0.192   4.82e-01   9.86e-01   8.03e-01   2.95e+00   0.00e+00 (  8.21e+01,  1.35e+02)
85      0.205   4.80e-01   9.28e-01   7.31e-01   3.94e+00   0.00e+00 (  6.98e+01,  1.27e+02)
90      0.355   8.26e-01   1.16e+00   7.45e-01   1.35e+01   0.00e+00 (  1.57e+02,  1.20e+02)
95      0.279   5.33e-01   7.45e-01   5.50e-01   1.95e+01   0.00e+00 (  2.29e+02,  1.13e+02)
14 e: 3.302e-04 i: 8.840e-04 :: e: 6.630e-02 i: 6.533e-02 :: n: 2.762e+01 e:22.437 i:24.690 v:4.993e+03
>>> tau_he = 5.000000, nhe(0)=3.052129e+00
 5     -0.031   1.03e-02   3.04e-01   6.98e-03  -1.38e-01   0.00e+00 (  5.94e+00,  5.05e+01)
10     -0.175   7.90e-02   2.65e-02  -1.57e-02  -9.87e-01   0.00e+00 (  5.95e+01,  9.80e+01)
15     -0.090   1.19e-01   8.92e-02  -1.88e-02  -6.12e-01   0.00e+00 (  8.74e+01,  1.35e+02)
20      0.006   1.38e-01   1.30e-01  -6.56e-03   4.46e-02   0.00e+00 (  1.01e+02,  1.72e+02)
25      0.124   2.65e-01   3.39e-01   1.62e-01   1.09e+00   0.00e+00 (  1.79e+02,  1.98e+02)
30      0.100   2.86e-01   3.49e-01   1.75e-01   9.71e-01   0.00e+00 (  1.77e+02,  2.11e+02)
35      0.109   2.97e-01   3.98e-01   1.87e-01   1.15e+00   0.00e+00 (  1.69e+02,  2.18e+02)
40      0.117   3.14e-01   4.78e-01   2.30e-01   1.33e+00   0.00e+00 (  1.59e+02,  2.16e+02)
45      0.136   3.52e-01   5.80e-01   2.46e-01   1.63e+00   0.00e+00 (  1.52e+02,  2.11e+02)
50      0.154   3.87e-01   6.85e-01   2.94e-01   1.93e+00   0.00e+00 (  1.40e+02,  2.02e+02)
55      0.170   4.20e-01   7.88e-01   4.19e-01   2.22e+00   0.00e+00 (  1.30e+02,  1.91e+02)
60      0.164   4.24e-01   7.93e-01   4.88e-01   2.21e+00   0.00e+00 (  1.15e+02,  1.79e+02)
65      0.177   4.49e-01   8.69e-01   6.00e-01   2.45e+00   0.00e+00 (  1.06e+02,  1.67e+02)
70      0.197   4.88e-01   9.81e-01   7.34e-01   2.81e+00   0.00e+00 (  9.87e+01,  1.55e+02)
75      0.197   4.96e-01   9.96e-01   7.96e-01   2.87e+00   0.00e+00 (  9.04e+01,  1.45e+02)
80      0.194   4.86e-01   9.95e-01   8.10e-01   2.98e+00   0.00e+00 (  8.31e+01,  1.35e+02)
85      0.207   4.84e-01   9.35e-01   7.38e-01   3.98e+00   0.00e+00 (  7.04e+01,  1.27e+02)
90      0.356   8.27e-01   1.16e+00   7.46e-01   1.35e+01   0.00e+00 (  1.57e+02,  1.20e+02)
95      0.279   5.33e-01   7.45e-01   5.50e-01   1.95e+01   0.00e+00 (  2.29e+02,  1.13e+02)
15 e: 6.753e-05 i: 1.644e-04 :: e: 3.790e-02 i: 4.366e-02 :: n: 2.762e+01 e:22.569 i:24.727 v:4.993e+03
>>> tau_he = 5.000000, nhe(0)=3.055144e+00
 5     -0.031   1.03e-02   3.06e-01   7.03e-03  -1.38e-01   0.00e+00 (  5.99e+00,  5.05e+01)
10     -0.173   7.95e-02   2.64e-02  -1.58e-02  -9.79e-01   0.00e+00 (  5.97e+01,  9.80e+01)
15     -0.094   1.22e-01   9.31e-02  -2.11e-02  -6.35e-01   0.00e+00 (  8.99e+01,  1.35e+02)
20      0.075   2.56e-01   3.28e-01   1.31e-01   5.91e-01   0.00e+00 (  1.89e+02,  1.72e+02)
25      0.122   2.66e-01   3.40e-01   1.62e-01   1.08e+00   0.00e+00 (  1.80e+02,  1.98e+02)
30      0.100   2.87e-01   3.51e-01   1.76e-01   9.72e-01   0.00e+00 (  1.78e+02,  2.11e+02)
35      0.110   3.00e-01   4.01e-01   1.88e-01   1.15e+00   0.00e+00 (  1.71e+02,  2.18e+02)
40      0.118   3.17e-01   4.82e-01   2.30e-01   1.33e+00   0.00e+00 (  1.61e+02,  2.16e+02)
45      0.137   3.55e-01   5.86e-01   2.48e-01   1.64e+00   0.00e+00 (  1.55e+02,  2.11e+02)
50      0.155   3.92e-01   6.93e-01   2.98e-01   1.94e+00   0.00e+00 (  1.43e+02,  2.02e+02)
55      0.170   4.26e-01   7.98e-01   4.20e-01   2.23e+00   0.00e+00 (  1.33e+02,  1.91e+02)
60      0.165   4.30e-01   8.06e-01   4.95e-01   2.23e+00   0.00e+00 (  1.18e+02,  1.79e+02)
65      0.178   4.55e-01   8.82e-01   6.08e-01   2.47e+00   0.00e+00 (  1.08e+02,  1.67e+02)
70      0.198   4.94e-01   9.94e-01   7.44e-01   2.82e+00   0.00e+00 (  1.01e+02,  1.55e+02)
75      0.197   5.02e-01   1.01e+00   8.05e-01   2.87e+00   0.00e+00 (  9.24e+01,  1.45e+02)
80      0.194   4.91e-01   1.00e+00   8.17e-01   2.98e+00   0.00e+00 (  8.47e+01,  1.35e+02)
85      0.207   4.86e-01   9.40e-01   7.42e-01   3.98e+00   0.00e+00 (  7.15e+01,  1.27e+02)
90      0.356   8.27e-01   1.16e+00   7.47e-01   1.35e+01   0.00e+00 (  1.57e+02,  1.20e+02)
95      0.279   5.33e-01   7.45e-01   5.50e-01   1.95e+01   0.00e+00 (  2.29e+02,  1.13e+02)
16 e: 6.079e-05 i: 3.417e-04 :: e: 3.411e-02 i: 4.001e-02 :: n: 2.762e+01 e:22.532 i:24.745 v:4.993e+03
>>> tau_he = 5.000000, nhe(0)=3.056557e+00
 5     -0.031   1.04e-02   3.07e-01   7.04e-03  -1.39e-01   0.00e+00 (  6.02e+00,  5.05e+01)
10     -0.172   7.96e-02   2.65e-02  -1.58e-02  -9.75e-01   0.00e+00 (  5.96e+01,  9.80e+01)
15     -0.113   1.22e-01   9.47e-02  -2.46e-02  -7.65e-01   0.00e+00 (  9.02e+01,  1.35e+02)
20      0.001   1.32e-01   1.27e-01   4.67e-03   1.05e-02   0.00e+00 (  9.57e+01,  1.72e+02)
25      0.039   1.64e-01   1.65e-01   3.66e-02   3.39e-01   0.00e+00 (  1.10e+02,  1.98e+02)
30      0.111   2.85e-01   3.57e-01   1.75e-01   1.08e+00   0.00e+00 (  1.76e+02,  2.11e+02)
35      0.109   3.00e-01   3.98e-01   1.87e-01   1.15e+00   0.00e+00 (  1.71e+02,  2.18e+02)
40      0.117   3.17e-01   4.78e-01   2.27e-01   1.32e+00   0.00e+00 (  1.61e+02,  2.16e+02)
45      0.137   3.55e-01   5.80e-01   2.46e-01   1.63e+00   0.00e+00 (  1.55e+02,  2.11e+02)
50      0.155   3.92e-01   6.89e-01   2.96e-01   1.94e+00   0.00e+00 (  1.44e+02,  2.02e+02)
55      0.171   4.28e-01   7.97e-01   4.19e-01   2.24e+00   0.00e+00 (  1.34e+02,  1.91e+02)
60      0.167   4.33e-01   8.09e-01   4.96e-01   2.25e+00   0.00e+00 (  1.19e+02,  1.79e+02)
65      0.180   4.58e-01   8.87e-01   6.11e-01   2.50e+00   0.00e+00 (  1.10e+02,  1.67e+02)
70      0.200   4.98e-01   1.00e+00   7.49e-01   2.85e+00   0.00e+00 (  1.02e+02,  1.55e+02)
75      0.200   5.06e-01   1.02e+00   8.12e-01   2.91e+00   0.00e+00 (  9.37e+01,  1.45e+02)
80      0.196   4.95e-01   1.01e+00   8.24e-01   3.02e+00   0.00e+00 (  8.59e+01,  1.35e+02)
85      0.210   4.90e-01   9.49e-01   7.50e-01   4.03e+00   0.00e+00 (  7.24e+01,  1.27e+02)
90      0.356   8.28e-01   1.16e+00   7.48e-01   1.35e+01   0.00e+00 (  1.57e+02,  1.20e+02)
95      0.279   5.33e-01   7.45e-01   5.50e-01   1.95e+01   0.00e+00 (  2.29e+02,  1.13e+02)
17 e: 7.889e-05 i: 1.528e-04 :: e: 3.132e-02 i: 3.260e-02 :: n: 2.762e+01 e:22.632 i:24.843 v:4.993e+03
>>> tau_he = 5.000000, nhe(0)=3.064393e+00
 5     -0.031   1.04e-02   3.10e-01   7.08e-03  -1.38e-01   0.00e+00 (  6.05e+00,  5.05e+01)
10     -0.170   7.99e-02   2.60e-02  -1.57e-02  -9.61e-01   0.00e+00 (  5.95e+01,  9.80e+01)
15     -0.114   1.23e-01   9.69e-02  -2.54e-02  -7.71e-01   0.00e+00 (  9.10e+01,  1.35e+02)
20     -0.002   1.35e-01   1.33e-01  -1.06e-02  -1.18e-02   0.00e+00 (  9.94e+01,  1.72e+02)
25      0.123   2.68e-01   3.42e-01   1.63e-01   1.08e+00   0.00e+00 (  1.82e+02,  1.98e+02)
30      0.111   2.86e-01   3.59e-01   1.76e-01   1.08e+00   0.00e+00 (  1.77e+02,  2.11e+02)
35      0.109   3.01e-01   4.00e-01   1.88e-01   1.15e+00   0.00e+00 (  1.72e+02,  2.18e+02)
40      0.115   3.21e-01   4.80e-01   2.25e-01   1.30e+00   0.00e+00 (  1.64e+02,  2.16e+02)
45      0.137   3.57e-01   5.85e-01   2.48e-01   1.64e+00   0.00e+00 (  1.56e+02,  2.11e+02)
50      0.156   3.96e-01   6.96e-01   2.98e-01   1.95e+00   0.00e+00 (  1.46e+02,  2.02e+02)
55      0.172   4.32e-01   8.05e-01   4.24e-01   2.25e+00   0.00e+00 (  1.36e+02,  1.91e+02)
60      0.139   3.98e-01   7.06e-01   4.63e-01   1.88e+00   0.00e+00 (  1.10e+02,  1.79e+02)
65      0.180   4.63e-01   8.97e-01   6.18e-01   2.51e+00   0.00e+00 (  1.12e+02,  1.67e+02)
70      0.201   5.03e-01   1.01e+00   7.57e-01   2.86e+00   0.00e+00 (  1.04e+02,  1.55e+02)
75      0.200   5.11e-01   1.03e+00   8.20e-01   2.92e+00   0.00e+00 (  9.56e+01,  1.45e+02)
80      0.196   4.99e-01   1.02e+00   8.31e-01   3.02e+00   0.00e+00 (  8.74e+01,  1.35e+02)
85      0.210   4.93e-01   9.54e-01   7.54e-01   4.03e+00   0.00e+00 (  7.35e+01,  1.27e+02)
90      0.356   8.27e-01   1.16e+00   7.49e-01   1.35e+01   0.00e+00 (  1.58e+02,  1.20e+02)
95      0.279   5.33e-01   7.45e-01   5.50e-01   1.95e+01   0.00e+00 (  2.29e+02,  1.13e+02)
18 e: 3.757e-05 i: 1.623e-04 :: e: 2.389e-02 i: 3.098e-02 :: n: 2.762e+01 e:22.682 i:24.957 v:4.993e+03
>>> tau_he = 5.000000, nhe(0)=3.073427e+00
 5     -0.031   1.05e-02   3.14e-01   7.12e-03  -1.40e-01   0.00e+00 (  6.14e+00,  5.05e+01)
10     -0.170   8.04e-02   2.59e-02  -1.57e-02  -9.59e-01   0.00e+00 (  5.98e+01,  9.80e+01)
15     -0.120   1.27e-01   1.09e-01  -6.57e-02  -8.16e-01   0.00e+00 (  9.43e+01,  1.35e+02)
20      0.076   2.60e-01   3.33e-01   1.32e-01   5.93e-01   0.00e+00 (  1.93e+02,  1.72e+02)
25      0.038   1.67e-01   1.66e-01   3.32e-02   3.38e-01   0.00e+00 (  1.13e+02,  1.98e+02)
30      0.110   2.86e-01   3.56e-01   1.74e-01   1.07e+00   0.00e+00 (  1.77e+02,  2.11e+02)
35      0.109   3.01e-01   3.97e-01   1.86e-01   1.15e+00   0.00e+00 (  1.72e+02,  2.18e+02)
40      0.114   3.21e-01   4.76e-01   2.22e-01   1.29e+00   0.00e+00 (  1.64e+02,  2.16e+02)
45      0.136   3.57e-01   5.80e-01   2.47e-01   1.63e+00   0.00e+00 (  1.57e+02,  2.11e+02)
50      0.155   3.96e-01   6.91e-01   2.96e-01   1.95e+00   0.00e+00 (  1.46e+02,  2.02e+02)
55      0.173   4.33e-01   8.04e-01   4.23e-01   2.26e+00   0.00e+00 (  1.37e+02,  1.91e+02)
60      0.141   4.02e-01   7.13e-01   4.67e-01   1.91e+00   0.00e+00 (  1.12e+02,  1.79e+02)
65      0.182   4.65e-01   9.01e-01   6.21e-01   2.53e+00   0.00e+00 (  1.13e+02,  1.67e+02)
70      0.202   5.06e-01   1.02e+00   7.60e-01   2.88e+00   0.00e+00 (  1.05e+02,  1.55e+02)
75      0.202   5.14e-01   1.03e+00   8.25e-01   2.94e+00   0.00e+00 (  9.65e+01,  1.45e+02)
80      0.198   5.02e-01   1.03e+00   8.36e-01   3.05e+00   0.00e+00 (  8.83e+01,  1.35e+02)
85      0.212   4.97e-01   9.61e-01   7.62e-01   4.06e+00   0.00e+00 (  7.43e+01,  1.27e+02)
90      0.357   8.28e-01   1.16e+00   7.50e-01   1.35e+01   0.00e+00 (  1.58e+02,  1.20e+02)
95      0.279   5.33e-01   7.45e-01   5.50e-01   1.95e+01   0.00e+00 (  2.29e+02,  1.13e+02)
19 e: 8.243e-05 i: 2.708e-04 :: e: 2.976e-02 i: 3.403e-02 :: n: 2.762e+01 e:22.742 i:24.976 v:4.993e+03
>>> tau_he = 5.000000, nhe(0)=3.074956e+00
 5     -0.031   1.06e-02   3.15e-01   7.15e-03  -1.40e-01   0.00e+00 (  6.21e+00,  5.05e+01)
10     -0.170   8.09e-02   2.63e-02  -1.58e-02  -9.61e-01   0.00e+00 (  6.03e+01,  9.80e+01)
15     -0.120   1.26e-01   1.10e-01  -6.79e-02  -8.10e-01   0.00e+00 (  9.38e+01,  1.35e+02)
20     -0.002   1.36e-01   1.30e-01   4.19e-03  -1.18e-02   0.00e+00 (  9.96e+01,  1.72e+02)
25      0.123   2.72e-01   3.45e-01   1.65e-01   1.09e+00   0.00e+00 (  1.86e+02,  1.98e+02)
30      0.111   2.88e-01   3.59e-01   1.75e-01   1.08e+00   0.00e+00 (  1.78e+02,  2.11e+02)
35      0.109   3.03e-01   3.99e-01   1.87e-01   1.15e+00   0.00e+00 (  1.73e+02,  2.18e+02)
40      0.115   3.23e-01   4.78e-01   2.22e-01   1.30e+00   0.00e+00 (  1.66e+02,  2.16e+02)
45      0.137   3.60e-01   5.84e-01   2.48e-01   1.64e+00   0.00e+00 (  1.58e+02,  2.11e+02)
50      0.156   3.99e-01   6.96e-01   2.98e-01   1.96e+00   0.00e+00 (  1.48e+02,  2.02e+02)
55      0.174   4.37e-01   8.12e-01   4.27e-01   2.28e+00   0.00e+00 (  1.39e+02,  1.91e+02)
60      0.144   4.06e-01   7.27e-01   4.80e-01   1.94e+00   0.00e+00 (  1.15e+02,  1.79e+02)
65      0.183   4.70e-01   9.11e-01   6.27e-01   2.54e+00   0.00e+00 (  1.15e+02,  1.67e+02)
70      0.203   5.09e-01   1.02e+00   7.66e-01   2.89e+00   0.00e+00 (  1.07e+02,  1.55e+02)
75      0.202   5.18e-01   1.04e+00   8.31e-01   2.94e+00   0.00e+00 (  9.78e+01,  1.45e+02)
80      0.198   5.05e-01   1.03e+00   8.41e-01   3.05e+00   0.00e+00 (  8.95e+01,  1.35e+02)
85      0.212   4.99e-01   9.65e-01   7.66e-01   4.07e+00   0.00e+00 (  7.52e+01,  1.27e+02)
90      0.357   8.28e-01   1.16e+00   7.51e-01   1.35e+01   0.00e+00 (  1.58e+02,  1.20e+02)
95      0.279   5.33e-01   7.45e-01   5.50e-01   1.95e+01   0.00e+00 (  2.29e+02,  1.13e+02)
20 e: 3.326e-05 i: 1.370e-04 :: e: 2.014e-02 i: 2.463e-02 :: n: 2.762e+01 e:22.765 i:25.064 v:4.993e+03
>>> tau_he = 5.000000, nhe(0)=3.081854e+00
 5     -0.032   1.07e-02   3.17e-01   7.17e-03  -1.41e-01   0.00e+00 (  6.24e+00,  5.05e+01)
10     -0.168   8.12e-02   2.59e-02  -1.55e-02  -9.50e-01   0.00e+00 (  6.02e+01,  9.80e+01)
15     -0.120   1.29e-01   1.10e-01  -7.44e-02  -8.14e-01   0.00e+00 (  9.62e+01,  1.35e+02)
20      0.005   1.37e-01   1.34e-01  -1.27e-02   4.24e-02   0.00e+00 (  1.01e+02,  1.72e+02)
25      0.045   1.67e-01   1.67e-01   3.23e-02   3.94e-01   0.00e+00 (  1.14e+02,  1.98e+02)
30      0.111   2.88e-01   3.57e-01   1.74e-01   1.08e+00   0.00e+00 (  1.78e+02,  2.11e+02)
35      0.109   3.03e-01   3.98e-01   1.86e-01   1.15e+00   0.00e+00 (  1.73e+02,  2.18e+02)
40      0.115   3.23e-01   4.77e-01   2.20e-01   1.30e+00   0.00e+00 (  1.66e+02,  2.16e+02)
45      0.137   3.60e-01   5.81e-01   2.47e-01   1.64e+00   0.00e+00 (  1.59e+02,  2.11e+02)
50      0.156   4.00e-01   6.94e-01   2.97e-01   1.96e+00   0.00e+00 (  1.49e+02,  2.02e+02)
55      0.175   4.39e-01   8.13e-01   4.27e-01   2.29e+00   0.00e+00 (  1.40e+02,  1.91e+02)
60      0.207   4.94e-01   9.85e-01   6.04e-01   2.80e+00   0.00e+00 (  1.41e+02,  1.79e+02)
65      0.184   4.72e-01   9.15e-01   6.30e-01   2.56e+00   0.00e+00 (  1.16e+02,  1.67e+02)
70      0.204   5.12e-01   1.03e+00   7.69e-01   2.90e+00   0.00e+00 (  1.08e+02,  1.55e+02)
75      0.203   5.20e-01   1.04e+00   8.35e-01   2.96e+00   0.00e+00 (  9.87e+01,  1.45e+02)
80      0.199   5.07e-01   1.04e+00   8.46e-01   3.07e+00   0.00e+00 (  9.03e+01,  1.35e+02)
85      0.213   5.03e-01   9.69e-01   7.69e-01   4.09e+00   0.00e+00 (  7.61e+01,  1.27e+02)
90      0.357   8.29e-01   1.17e+00   7.52e-01   1.35e+01   0.00e+00 (  1.58e+02,  1.20e+02)
95      0.279   5.33e-01   7.45e-01   5.50e-01   1.95e+01   0.00e+00 (  2.29e+02,  1.13e+02)
21 e: 7.072e-05 i: 1.680e-04 :: e: 2.729e-02 i: 3.242e-02 :: n: 2.762e+01 e:22.859 i:25.184 v:4.993e+03
>>> tau_he = 5.000000, nhe(0)=3.091244e+00
 5     -0.032   1.08e-02   3.21e-01   7.19e-03  -1.42e-01   0.00e+00 (  6.31e+00,  5.05e+01)
10     -0.167   8.18e-02   2.58e-02  -1.55e-02  -9.45e-01   0.00e+00 (  6.05e+01,  9.80e+01)
15     -0.067   2.74e-01   3.70e-01   7.27e-02  -4.57e-01   0.00e+00 (  2.05e+02,  1.35e+02)
20      0.079   2.61e-01   3.43e-01   1.37e-01   6.19e-01   0.00e+00 (  1.96e+02,  1.72e+02)
25      0.125   2.75e-01   3.50e-01   1.69e-01   1.10e+00   0.00e+00 (  1.90e+02,  1.98e+02)
30      0.111   2.90e-01   3.59e-01   1.75e-01   1.08e+00   0.00e+00 (  1.79e+02,  2.11e+02)
35      0.110   3.04e-01   3.99e-01   1.87e-01   1.16e+00   0.00e+00 (  1.74e+02,  2.18e+02)
40      0.115   3.25e-01   4.80e-01   2.21e-01   1.30e+00   0.00e+00 (  1.67e+02,  2.16e+02)
45      0.138   3.62e-01   5.87e-01   2.49e-01   1.65e+00   0.00e+00 (  1.60e+02,  2.11e+02)
50      0.158   4.03e-01   7.02e-01   3.01e-01   1.98e+00   0.00e+00 (  1.51e+02,  2.02e+02)
55      0.175   4.41e-01   8.18e-01   4.30e-01   2.29e+00   0.00e+00 (  1.41e+02,  1.91e+02)
60      0.143   4.10e-01   7.25e-01   4.75e-01   1.93e+00   0.00e+00 (  1.16e+02,  1.79e+02)
65      0.184   4.74e-01   9.19e-01   6.32e-01   2.56e+00   0.00e+00 (  1.17e+02,  1.67e+02)
70      0.205   5.15e-01   1.04e+00   7.74e-01   2.91e+00   0.00e+00 (  1.09e+02,  1.55e+02)
75      0.204   5.24e-01   1.05e+00   8.41e-01   2.97e+00   0.00e+00 (  1.00e+02,  1.45e+02)
80      0.200   5.10e-01   1.05e+00   8.51e-01   3.07e+00   0.00e+00 (  9.14e+01,  1.35e+02)
85      0.213   5.05e-01   9.74e-01   7.73e-01   4.09e+00   0.00e+00 (  7.70e+01,  1.27e+02)
90      0.357   8.29e-01   1.17e+00   7.53e-01   1.36e+01   0.00e+00 (  1.59e+02,  1.20e+02)
95      0.279   5.33e-01   7.45e-01   5.50e-01   1.95e+01   0.00e+00 (  2.29e+02,  1.13e+02)
22 e: 2.149e-04 i: 6.445e-04 :: e: 4.538e-02 i: 5.001e-02 :: n: 2.762e+01 e:22.762 i:25.117 v:4.993e+03
>>> tau_he = 5.000000, nhe(0)=3.086011e+00
 5     -0.032   1.08e-02   3.17e-01   7.18e-03  -1.44e-01   0.00e+00 (  6.36e+00,  5.05e+01)
10     -0.165   8.23e-02   2.71e-02  -1.57e-02  -9.35e-01   0.00e+00 (  6.05e+01,  9.80e+01)
15     -0.085   1.25e-01   9.49e-02  -2.11e-02  -5.75e-01   0.00e+00 (  8.99e+01,  1.35e+02)
20     -0.000   1.37e-01   1.30e-01   3.53e-03  -3.13e-03   0.00e+00 (  1.00e+02,  1.72e+02)
25      0.130   2.88e-01   3.32e-01   1.33e-01   1.14e+00   0.00e+00 (  1.97e+02,  1.98e+02)
30      0.112   2.91e-01   3.59e-01   1.74e-01   1.09e+00   0.00e+00 (  1.80e+02,  2.11e+02)
35      0.111   3.06e-01   3.99e-01   1.87e-01   1.17e+00   0.00e+00 (  1.76e+02,  2.18e+02)
40      0.119   3.23e-01   4.80e-01   2.20e-01   1.34e+00   0.00e+00 (  1.67e+02,  2.16e+02)
45      0.139   3.63e-01   5.85e-01   2.49e-01   1.66e+00   0.00e+00 (  1.61e+02,  2.11e+02)
50      0.159   4.03e-01   7.00e-01   3.00e-01   1.99e+00   0.00e+00 (  1.51e+02,  2.02e+02)
55      0.177   4.42e-01   8.19e-01   4.30e-01   2.31e+00   0.00e+00 (  1.42e+02,  1.91e+02)
60      0.208   4.97e-01   9.87e-01   6.04e-01   2.81e+00   0.00e+00 (  1.42e+02,  1.79e+02)
65      0.186   4.77e-01   9.23e-01   6.35e-01   2.58e+00   0.00e+00 (  1.18e+02,  1.67e+02)
70      0.206   5.17e-01   1.04e+00   7.77e-01   2.93e+00   0.00e+00 (  1.10e+02,  1.55e+02)
75      0.205   5.27e-01   1.06e+00   8.45e-01   2.99e+00   0.00e+00 (  1.01e+02,  1.45e+02)
80      0.201   5.13e-01   1.05e+00   8.55e-01   3.09e+00   0.00e+00 (  9.21e+01,  1.35e+02)
85      0.215   5.08e-01   9.80e-01   7.78e-01   4.12e+00   0.00e+00 (  7.76e+01,  1.27e+02)
90      0.358   8.29e-01   1.17e+00   7.54e-01   1.36e+01   0.00e+00 (  1.59e+02,  1.20e+02)
95      0.279   5.33e-01   7.45e-01   5.50e-01   1.95e+01   0.00e+00 (  2.29e+02,  1.13e+02)
23 e: 5.957e-05 i: 1.572e-04 :: e: 3.182e-02 i: 3.588e-02 :: n: 2.762e+01 e:22.806 i:25.133 v:4.993e+03
>>> tau_he = 5.000000, nhe(0)=3.087208e+00
 5     -0.032   1.08e-02   3.18e-01   7.19e-03  -1.43e-01   0.00e+00 (  6.33e+00,  5.05e+01)
10     -0.163   8.24e-02   2.66e-02  -1.55e-02  -9.20e-01   0.00e+00 (  6.03e+01,  9.80e+01)
15     -0.107   1.27e-01   9.77e-02  -2.61e-02  -7.24e-01   0.00e+00 (  9.14e+01,  1.35e+02)
20      0.006   1.39e-01   1.35e-01  -9.65e-03   4.82e-02   0.00e+00 (  1.02e+02,  1.72e+02)
25      0.046   1.69e-01   1.69e-01   3.29e-02   4.05e-01   0.00e+00 (  1.15e+02,  1.98e+02)
30      0.113   2.92e-01   3.60e-01   1.75e-01   1.10e+00   0.00e+00 (  1.80e+02,  2.11e+02)
35      0.112   3.08e-01   4.02e-01   1.88e-01   1.18e+00   0.00e+00 (  1.77e+02,  2.18e+02)
40      0.120   3.25e-01   4.85e-01   2.22e-01   1.35e+00   0.00e+00 (  1.69e+02,  2.16e+02)
45      0.140   3.67e-01   5.93e-01   2.51e-01   1.68e+00   0.00e+00 (  1.64e+02,  2.11e+02)
50      0.160   4.07e-01   7.10e-01   3.04e-01   2.01e+00   0.00e+00 (  1.54e+02,  2.02e+02)
55      0.177   4.46e-01   8.26e-01   4.34e-01   2.32e+00   0.00e+00 (  1.44e+02,  1.91e+02)
60      0.204   4.98e-01   9.81e-01   5.95e-01   2.76e+00   0.00e+00 (  1.43e+02,  1.79e+02)
65      0.185   4.79e-01   9.28e-01   6.38e-01   2.58e+00   0.00e+00 (  1.19e+02,  1.67e+02)
70      0.206   5.21e-01   1.05e+00   7.83e-01   2.94e+00   0.00e+00 (  1.12e+02,  1.55e+02)
75      0.205   5.30e-01   1.06e+00   8.51e-01   2.99e+00   0.00e+00 (  1.02e+02,  1.45e+02)
80      0.201   5.16e-01   1.06e+00   8.60e-01   3.09e+00   0.00e+00 (  9.34e+01,  1.35e+02)
85      0.215   5.10e-01   9.85e-01   7.82e-01   4.13e+00   0.00e+00 (  7.86e+01,  1.27e+02)
90      0.358   8.29e-01   1.17e+00   7.55e-01   1.36e+01   0.00e+00 (  1.59e+02,  1.20e+02)
95      0.279   5.33e-01   7.45e-01   5.50e-01   1.95e+01   0.00e+00 (  2.29e+02,  1.13e+02)
24 e: 5.583e-05 i: 1.556e-04 :: e: 3.469e-02 i: 3.958e-02 :: n: 2.762e+01 e:22.839 i:25.261 v:4.993e+03
>>> tau_he = 5.000000, nhe(0)=3.097181e+00
 5     -0.032   1.09e-02   3.23e-01   7.22e-03  -1.43e-01   0.00e+00 (  6.38e+00,  5.05e+01)
10     -0.161   8.26e-02   2.60e-02  -1.54e-02  -9.13e-01   0.00e+00 (  6.03e+01,  9.80e+01)
15     -0.109   1.28e-01   9.92e-02  -2.69e-02  -7.40e-01   0.00e+00 (  9.30e+01,  1.35e+02)
20      0.079   2.65e-01   3.43e-01   1.34e-01   6.17e-01   0.00e+00 (  1.97e+02,  1.72e+02)
25      0.126   2.77e-01   3.50e-01   1.68e-01   1.11e+00   0.00e+00 (  1.91e+02,  1.98e+02)
30      0.112   2.92e-01   3.59e-01   1.74e-01   1.09e+00   0.00e+00 (  1.80e+02,  2.11e+02)
35      0.111   3.07e-01   4.00e-01   1.87e-01   1.17e+00   0.00e+00 (  1.76e+02,  2.18e+02)
40      0.119   3.25e-01   4.82e-01   2.20e-01   1.34e+00   0.00e+00 (  1.68e+02,  2.16e+02)
45      0.140   3.66e-01   5.90e-01   2.50e-01   1.67e+00   0.00e+00 (  1.63e+02,  2.11e+02)
50      0.160   4.07e-01   7.07e-01   3.02e-01   2.01e+00   0.00e+00 (  1.54e+02,  2.02e+02)
55      0.177   4.44e-01   8.22e-01   4.31e-01   2.31e+00   0.00e+00 (  1.43e+02,  1.91e+02)
60      0.141   4.09e-01   7.18e-01   4.70e-01   1.90e+00   0.00e+00 (  1.16e+02,  1.79e+02)
65      0.186   4.79e-01   9.25e-01   6.36e-01   2.58e+00   0.00e+00 (  1.19e+02,  1.67e+02)
70      0.208   5.23e-01   1.05e+00   7.84e-01   2.95e+00   0.00e+00 (  1.12e+02,  1.55e+02)
75      0.207   5.32e-01   1.07e+00   8.53e-01   3.01e+00   0.00e+00 (  1.03e+02,  1.45e+02)
80      0.202   5.19e-01   1.06e+00   8.69e-01   3.11e+00   0.00e+00 (  9.41e+01,  1.35e+02)
85      0.216   5.13e-01   9.90e-01   7.87e-01   4.15e+00   0.00e+00 (  7.92e+01,  1.27e+02)
90      0.358   8.30e-01   1.17e+00   7.56e-01   1.36e+01   0.00e+00 (  1.60e+02,  1.20e+02)
95      0.279   5.33e-01   7.45e-01   5.50e-01   1.95e+01   0.00e+00 (  2.29e+02,  1.13e+02)
25 e: 7.582e-05 i: 4.076e-04 :: e: 3.443e-02 i: 4.049e-02 :: n: 2.762e+01 e:22.860 i:25.198 v:4.993e+03
>>> tau_he = 5.000000, nhe(0)=3.092260e+00
 5     -0.032   1.09e-02   3.21e-01   7.25e-03  -1.44e-01   0.00e+00 (  6.44e+00,  5.05e+01)
10     -0.164   8.29e-02   2.67e-02  -1.56e-02  -9.26e-01   0.00e+00 (  6.08e+01,  9.80e+01)
15     -0.111   1.29e-01   1.01e-01  -2.74e-02  -7.50e-01   0.00e+00 (  9.37e+01,  1.35e+02)
20     -0.001   1.38e-01   1.31e-01   3.60e-03  -4.00e-03   0.00e+00 (  1.01e+02,  1.72e+02)
25      0.045   1.69e-01   1.69e-01   3.24e-02   3.99e-01   0.00e+00 (  1.16e+02,  1.98e+02)
30      0.112   2.92e-01   3.60e-01   1.75e-01   1.09e+00   0.00e+00 (  1.81e+02,  2.11e+02)
35      0.112   3.08e-01   4.02e-01   1.88e-01   1.18e+00   0.00e+00 (  1.77e+02,  2.18e+02)
40      0.120   3.26e-01   4.84e-01   2.20e-01   1.35e+00   0.00e+00 (  1.69e+02,  2.16e+02)
45      0.140   3.67e-01   5.92e-01   2.51e-01   1.68e+00   0.00e+00 (  1.64e+02,  2.11e+02)
50      0.160   4.08e-01   7.10e-01   3.03e-01   2.01e+00   0.00e+00 (  1.54e+02,  2.02e+02)
55      0.178   4.46e-01   8.27e-01   4.34e-01   2.32e+00   0.00e+00 (  1.45e+02,  1.91e+02)
60      0.205   4.99e-01   9.82e-01   5.96e-01   2.77e+00   0.00e+00 (  1.43e+02,  1.79e+02)
65      0.186   4.81e-01   9.31e-01   6.40e-01   2.59e+00   0.00e+00 (  1.20e+02,  1.67e+02)
70      0.207   5.24e-01   1.05e+00   7.86e-01   2.95e+00   0.00e+00 (  1.12e+02,  1.55e+02)
75      0.206   5.33e-01   1.07e+00   8.55e-01   3.01e+00   0.00e+00 (  1.03e+02,  1.45e+02)
80      0.202   5.19e-01   1.06e+00   8.65e-01   3.10e+00   0.00e+00 (  9.44e+01,  1.35e+02)
85      0.216   5.13e-01   9.92e-01   7.88e-01   4.15e+00   0.00e+00 (  7.97e+01,  1.27e+02)
90      0.358   8.30e-01   1.17e+00   7.57e-01   1.36e+01   0.00e+00 (  1.60e+02,  1.20e+02)
95      0.279   5.33e-01   7.45e-01   5.50e-01   1.95e+01   0.00e+00 (  2.29e+02,  1.13e+02)
26 e: 4.350e-05 i: 1.542e-04 :: e: 3.392e-02 i: 3.849e-02 :: n: 2.762e+01 e:22.858 i:25.293 v:4.993e+03
>>> tau_he = 5.000000, nhe(0)=3.099589e+00
 5     -0.032   1.09e-02   3.24e-01   7.24e-03  -1.44e-01   0.00e+00 (  6.43e+00,  5.05e+01)
10     -0.161   8.28e-02   2.60e-02  -1.54e-02  -9.12e-01   0.00e+00 (  6.04e+01,  9.80e+01)
15     -0.114   1.30e-01   1.13e-01  -6.55e-02  -7.75e-01   0.00e+00 (  9.47e+01,  1.35e+02)
20      0.005   1.41e-01   1.36e-01  -1.27e-02   4.24e-02   0.00e+00 (  1.04e+02,  1.72e+02)
25      0.126   2.78e-01   3.51e-01   1.68e-01   1.11e+00   0.00e+00 (  1.92e+02,  1.98e+02)
30      0.113   2.92e-01   3.59e-01   1.74e-01   1.09e+00   0.00e+00 (  1.80e+02,  2.11e+02)
35      0.111   3.07e-01   4.00e-01   1.87e-01   1.18e+00   0.00e+00 (  1.76e+02,  2.18e+02)
40      0.119   3.25e-01   4.83e-01   2.20e-01   1.35e+00   0.00e+00 (  1.69e+02,  2.16e+02)
45      0.140   3.67e-01   5.91e-01   2.51e-01   1.68e+00   0.00e+00 (  1.64e+02,  2.11e+02)
50      0.160   4.08e-01   7.09e-01   3.03e-01   2.01e+00   0.00e+00 (  1.54e+02,  2.02e+02)
55      0.177   4.46e-01   8.24e-01   4.33e-01   2.31e+00   0.00e+00 (  1.44e+02,  1.91e+02)
60      0.141   4.10e-01   7.20e-01   4.71e-01   1.90e+00   0.00e+00 (  1.17e+02,  1.79e+02)
65      0.186   4.80e-01   9.27e-01   6.37e-01   2.58e+00   0.00e+00 (  1.19e+02,  1.67e+02)
70      0.208   5.24e-01   1.05e+00   7.86e-01   2.96e+00   0.00e+00 (  1.13e+02,  1.55e+02)
75      0.207   5.34e-01   1.07e+00   8.56e-01   3.01e+00   0.00e+00 (  1.03e+02,  1.45e+02)
80      0.203   5.21e-01   1.07e+00   8.72e-01   3.11e+00   0.00e+00 (  9.48e+01,  1.35e+02)
85      0.217   5.15e-01   9.94e-01   7.91e-01   4.16e+00   0.00e+00 (  8.00e+01,  1.27e+02)
90      0.359   8.30e-01   1.17e+00   7.57e-01   1.36e+01   0.00e+00 (  1.60e+02,  1.20e+02)
95      0.279   5.33e-01   7.45e-01   5.50e-01   1.95e+01   0.00e+00 (  2.29e+02,  1.13e+02)
27 e: 3.695e-05 i: 1.356e-04 :: e: 2.720e-02 i: 3.238e-02 :: n: 2.762e+01 e:22.908 i:25.328 v:4.993e+03
>>> tau_he = 5.000000, nhe(0)=3.102305e+00
 5     -0.033   1.10e-02   3.26e-01   7.25e-03  -1.45e-01   0.00e+00 (  6.50e+00,  5.05e+01)
10     -0.162   8.32e-02   2.62e-02  -1.55e-02  -9.18e-01   0.00e+00 (  6.08e+01,  9.80e+01)
15     -0.118   1.32e-01   1.14e-01  -7.69e-02  -7.98e-01   0.00e+00 (  9.72e+01,  1.35e+02)
20      0.079   2.65e-01   3.46e-01   1.37e-01   6.20e-01   0.00e+00 (  1.98e+02,  1.72e+02)
25      0.130   2.89e-01   3.34e-01   1.35e-01   1.15e+00   0.00e+00 (  1.99e+02,  1.98e+02)
30      0.112   2.92e-01   3.58e-01   1.74e-01   1.09e+00   0.00e+00 (  1.80e+02,  2.11e+02)
35      0.111   3.08e-01   4.01e-01   1.88e-01   1.17e+00   0.00e+00 (  1.77e+02,  2.18e+02)
40      0.117   3.28e-01   4.82e-01   2.18e-01   1.32e+00   0.00e+00 (  1.70e+02,  2.16e+02)
45      0.140   3.67e-01   5.91e-01   2.51e-01   1.68e+00   0.00e+00 (  1.64e+02,  2.11e+02)
50      0.160   4.08e-01   7.09e-01   3.03e-01   2.01e+00   0.00e+00 (  1.54e+02,  2.02e+02)
55      0.177   4.46e-01   8.26e-01   4.33e-01   2.32e+00   0.00e+00 (  1.44e+02,  1.91e+02)
60      0.205   4.99e-01   9.82e-01   5.96e-01   2.77e+00   0.00e+00 (  1.43e+02,  1.79e+02)
65      0.186   4.81e-01   9.30e-01   6.39e-01   2.59e+00   0.00e+00 (  1.20e+02,  1.67e+02)
70      0.207   5.24e-01   1.05e+00   7.86e-01   2.95e+00   0.00e+00 (  1.12e+02,  1.55e+02)
75      0.206   5.34e-01   1.07e+00   8.55e-01   3.01e+00   0.00e+00 (  1.03e+02,  1.45e+02)
80      0.202   5.20e-01   1.06e+00   8.66e-01   3.11e+00   0.00e+00 (  9.46e+01,  1.35e+02)
85      0.217   5.15e-01   9.94e-01   7.91e-01   4.16e+00   0.00e+00 (  8.01e+01,  1.27e+02)
90      0.359   8.30e-01   1.17e+00   7.57e-01   1.36e+01   0.00e+00 (  1.60e+02,  1.20e+02)
95      0.279   5.33e-01   7.45e-01   5.50e-01   1.95e+01   0.00e+00 (  2.29e+02,  1.13e+02)
28 e: 9.509e-05 i: 3.419e-04 :: e: 3.432e-02 i: 3.645e-02 :: n: 2.762e+01 e:22.851 i:25.254 v:4.993e+03
>>> tau_he = 5.000000, nhe(0)=3.096623e+00
 5     -0.033   1.10e-02   3.24e-01   7.27e-03  -1.45e-01   0.00e+00 (  6.51e+00,  5.05e+01)
10     -0.163   8.28e-02   2.66e-02  -1.56e-02  -9.23e-01   0.00e+00 (  6.07e+01,  9.80e+01)
15     -0.059   2.77e-01   3.71e-01   7.25e-02  -3.98e-01   0.00e+00 (  2.03e+02,  1.35e+02)
20     -0.000   1.38e-01   1.31e-01   3.66e-03  -2.70e-03   0.00e+00 (  1.01e+02,  1.72e+02)
25      0.039   1.69e-01   1.68e-01   3.60e-02   3.43e-01   0.00e+00 (  1.14e+02,  1.98e+02)
30      0.112   2.91e-01   3.58e-01   1.73e-01   1.09e+00   0.00e+00 (  1.79e+02,  2.11e+02)
35      0.112   3.08e-01   4.01e-01   1.87e-01   1.18e+00   0.00e+00 (  1.77e+02,  2.18e+02)
40      0.120   3.26e-01   4.84e-01   2.20e-01   1.35e+00   0.00e+00 (  1.69e+02,  2.16e+02)
45      0.141   3.67e-01   5.92e-01   2.51e-01   1.69e+00   0.00e+00 (  1.64e+02,  2.11e+02)
50      0.161   4.08e-01   7.11e-01   3.04e-01   2.02e+00   0.00e+00 (  1.55e+02,  2.02e+02)
55      0.177   4.46e-01   8.26e-01   4.33e-01   2.32e+00   0.00e+00 (  1.44e+02,  1.91e+02)
60      0.141   4.10e-01   7.21e-01   4.72e-01   1.91e+00   0.00e+00 (  1.17e+02,  1.79e+02)
65      0.186   4.80e-01   9.28e-01   6.38e-01   2.58e+00   0.00e+00 (  1.20e+02,  1.67e+02)
70      0.208   5.25e-01   1.05e+00   7.87e-01   2.96e+00   0.00e+00 (  1.13e+02,  1.55e+02)
75      0.207   5.34e-01   1.07e+00   8.56e-01   3.01e+00   0.00e+00 (  1.03e+02,  1.45e+02)
80      0.203   5.21e-01   1.07e+00   8.72e-01   3.11e+00   0.00e+00 (  9.49e+01,  1.35e+02)
85      0.217   5.16e-01   9.96e-01   7.92e-01   4.17e+00   0.00e+00 (  8.03e+01,  1.27e+02)
90      0.359   8.30e-01   1.17e+00   7.58e-01   1.36e+01   0.00e+00 (  1.60e+02,  1.20e+02)
95      0.279   5.33e-01   7.45e-01   5.50e-01   1.95e+01   0.00e+00 (  2.29e+02,  1.13e+02)
29 e: 2.996e-04 i: 1.040e-03 :: e: 4.504e-02 i: 4.891e-02 :: n: 2.762e+01 e:22.773 i:25.274 v:4.993e+03
>>> tau_he = 5.000000, nhe(0)=3.098111e+00
 5     -0.033   1.10e-02   3.22e-01   7.22e-03  -1.46e-01   0.00e+00 (  6.48e+00,  5.05e+01)
10     -0.158   8.32e-02   2.68e-02  -1.54e-02  -8.94e-01   0.00e+00 (  6.01e+01,  9.80e+01)
15     -0.076   1.27e-01   9.55e-02  -2.14e-02  -5.18e-01   0.00e+00 (  8.96e+01,  1.35e+02)
20      0.007   1.40e-01   1.35e-01  -9.06e-03   5.61e-02   0.00e+00 (  1.03e+02,  1.72e+02)
25      0.127   2.78e-01   3.51e-01   1.67e-01   1.12e+00   0.00e+00 (  1.91e+02,  1.98e+02)
30      0.113   2.92e-01   3.59e-01   1.74e-01   1.10e+00   0.00e+00 (  1.80e+02,  2.11e+02)
35      0.112   3.08e-01   4.00e-01   1.87e-01   1.19e+00   0.00e+00 (  1.76e+02,  2.18e+02)
40      0.120   3.26e-01   4.83e-01   2.20e-01   1.36e+00   0.00e+00 (  1.69e+02,  2.16e+02)
45      0.141   3.67e-01   5.91e-01   2.51e-01   1.69e+00   0.00e+00 (  1.64e+02,  2.11e+02)
50      0.161   4.08e-01   7.09e-01   3.03e-01   2.02e+00   0.00e+00 (  1.54e+02,  2.02e+02)
55      0.178   4.47e-01   8.26e-01   4.34e-01   2.33e+00   0.00e+00 (  1.44e+02,  1.91e+02)
60      0.206   4.99e-01   9.82e-01   5.96e-01   2.78e+00   0.00e+00 (  1.43e+02,  1.79e+02)
65      0.186   4.81e-01   9.31e-01   6.39e-01   2.59e+00   0.00e+00 (  1.20e+02,  1.67e+02)
70      0.208   5.24e-01   1.05e+00   7.86e-01   2.96e+00   0.00e+00 (  1.12e+02,  1.55e+02)
75      0.207   5.34e-01   1.07e+00   8.56e-01   3.01e+00   0.00e+00 (  1.03e+02,  1.45e+02)
80      0.203   5.20e-01   1.06e+00   8.66e-01   3.11e+00   0.00e+00 (  9.47e+01,  1.35e+02)
85      0.217   5.16e-01   9.96e-01   7.92e-01   4.17e+00   0.00e+00 (  8.03e+01,  1.27e+02)
90      0.359   8.30e-01   1.17e+00   7.58e-01   1.36e+01   0.00e+00 (  1.60e+02,  1.20e+02)
95      0.279   5.33e-01   7.45e-01   5.50e-01   1.95e+01   0.00e+00 (  2.29e+02,  1.13e+02)
30 e: 3.873e-05 i: 1.731e-04 :: e: 2.754e-02 i: 3.292e-02 :: n: 2.762e+01 e:22.835 i:25.283 v:4.993e+03
>>> tau_he = 5.000000, nhe(0)=3.098810e+00
 5     -0.033   1.10e-02   3.23e-01   7.25e-03  -1.45e-01   0.00e+00 (  6.49e+00,  5.05e+01)
10     -0.158   8.33e-02   2.66e-02  -1.54e-02  -8.92e-01   0.00e+00 (  6.02e+01,  9.80e+01)
15     -0.101   1.29e-01   9.88e-02  -2.67e-02  -6.83e-01   0.00e+00 (  9.17e+01,  1.35e+02)
20      0.071   2.65e-01   3.44e-01   1.35e-01   5.58e-01   0.00e+00 (  1.97e+02,  1.72e+02)
25      0.048   1.73e-01   1.70e-01   3.04e-02   4.27e-01   0.00e+00 (  1.18e+02,  1.98e+02)
30      0.113   2.92e-01   3.59e-01   1.74e-01   1.10e+00   0.00e+00 (  1.80e+02,  2.11e+02)
35      0.113   3.09e-01   4.02e-01   1.88e-01   1.19e+00   0.00e+00 (  1.77e+02,  2.18e+02)
40      0.120   3.27e-01   4.86e-01   2.21e-01   1.36e+00   0.00e+00 (  1.70e+02,  2.16e+02)
45      0.142   3.68e-01   5.95e-01   2.52e-01   1.69e+00   0.00e+00 (  1.65e+02,  2.11e+02)
50      0.161   4.10e-01   7.13e-01   3.05e-01   2.02e+00   0.00e+00 (  1.55e+02,  2.02e+02)
55      0.178   4.47e-01   8.28e-01   4.35e-01   2.32e+00   0.00e+00 (  1.45e+02,  1.91e+02)
60      0.141   4.11e-01   7.23e-01   4.73e-01   1.91e+00   0.00e+00 (  1.18e+02,  1.79e+02)
65      0.186   4.81e-01   9.30e-01   6.39e-01   2.58e+00   0.00e+00 (  1.20e+02,  1.67e+02)
70      0.208   5.25e-01   1.06e+00   7.88e-01   2.95e+00   0.00e+00 (  1.13e+02,  1.55e+02)
75      0.207   5.34e-01   1.07e+00   8.57e-01   3.01e+00   0.00e+00 (  1.04e+02,  1.45e+02)
80      0.202   5.21e-01   1.07e+00   8.67e-01   3.11e+00   0.00e+00 (  9.49e+01,  1.35e+02)
85      0.217   5.16e-01   9.97e-01   7.93e-01   4.17e+00   0.00e+00 (  8.05e+01,  1.27e+02)
90      0.359   8.30e-01   1.17e+00   7.58e-01   1.36e+01   0.00e+00 (  1.61e+02,  1.20e+02)
95      0.279   5.33e-01   7.45e-01   5.50e-01   1.95e+01   0.00e+00 (  2.29e+02,  1.13e+02)
31 e: 6.693e-05 i: 2.840e-04 :: e: 3.448e-02 i: 3.953e-02 :: n: 2.762e+01 e:22.804 i:25.279 v:4.993e+03
>>> tau_he = 5.000000, nhe(0)=3.098542e+00
 5     -0.033   1.10e-02   3.23e-01   7.25e-03  -1.46e-01   0.00e+00 (  6.50e+00,  5.05e+01)
10     -0.158   8.31e-02   2.66e-02  -1.54e-02  -8.95e-01   0.00e+00 (  6.02e+01,  9.80e+01)
15     -0.101   1.29e-01   9.94e-02  -2.68e-02  -6.86e-01   0.00e+00 (  9.18e+01,  1.35e+02)
20      0.001   1.36e-01   1.31e-01   3.29e-03   9.88e-03   0.00e+00 (  9.94e+01,  1.72e+02)
25      0.127   2.78e-01   3.51e-01   1.68e-01   1.11e+00   0.00e+00 (  1.92e+02,  1.98e+02)
30      0.113   2.92e-01   3.59e-01   1.74e-01   1.10e+00   0.00e+00 (  1.80e+02,  2.11e+02)
35      0.112   3.08e-01   4.00e-01   1.87e-01   1.18e+00   0.00e+00 (  1.76e+02,  2.18e+02)
40      0.120   3.26e-01   4.83e-01   2.20e-01   1.35e+00   0.00e+00 (  1.69e+02,  2.16e+02)
45      0.141   3.67e-01   5.91e-01   2.51e-01   1.69e+00   0.00e+00 (  1.64e+02,  2.11e+02)
50      0.161   4.08e-01   7.09e-01   3.03e-01   2.02e+00   0.00e+00 (  1.54e+02,  2.02e+02)
55      0.178   4.47e-01   8.26e-01   4.33e-01   2.33e+00   0.00e+00 (  1.45e+02,  1.91e+02)
60      0.206   4.99e-01   9.82e-01   5.96e-01   2.78e+00   0.00e+00 (  1.43e+02,  1.79e+02)
65      0.186   4.81e-01   9.30e-01   6.39e-01   2.59e+00   0.00e+00 (  1.20e+02,  1.67e+02)
70      0.208   5.24e-01   1.05e+00   7.86e-01   2.96e+00   0.00e+00 (  1.12e+02,  1.55e+02)
75      0.207   5.34e-01   1.07e+00   8.56e-01   3.01e+00   0.00e+00 (  1.03e+02,  1.45e+02)
80      0.203   5.20e-01   1.07e+00   8.66e-01   3.11e+00   0.00e+00 (  9.47e+01,  1.35e+02)
85      0.217   5.16e-01   9.97e-01   7.93e-01   4.17e+00   0.00e+00 (  8.05e+01,  1.27e+02)
90      0.359   8.30e-01   1.17e+00   7.58e-01   1.36e+01   0.00e+00 (  1.61e+02,  1.20e+02)
95      0.279   5.33e-01   7.45e-01   5.50e-01   1.95e+01   0.00e+00 (  2.29e+02,  1.13e+02)
32 e: 3.833e-05 i: 1.725e-04 :: e: 2.650e-02 i: 3.116e-02 :: n: 2.762e+01 e:22.827 i:25.287 v:4.993e+03
>>> tau_he = 5.000000, nhe(0)=3.099130e+00
 5     -0.033   1.10e-02   3.24e-01   7.26e-03  -1.45e-01   0.00e+00 (  6.50e+00,  5.05e+01)
10     -0.158   8.31e-02   2.64e-02  -1.54e-02  -8.94e-01   0.00e+00 (  6.02e+01,  9.80e+01)
15     -0.104   1.30e-01   1.02e-01  -2.76e-02  -7.04e-01   0.00e+00 (  9.33e+01,  1.35e+02)
20      0.006   1.41e-01   1.36e-01  -1.22e-02   4.87e-02   0.00e+00 (  1.03e+02,  1.72e+02)
25      0.048   1.72e-01   1.70e-01   3.06e-02   4.24e-01   0.00e+00 (  1.18e+02,  1.98e+02)
30      0.113   2.92e-01   3.58e-01   1.74e-01   1.09e+00   0.00e+00 (  1.79e+02,  2.11e+02)
35      0.112   3.08e-01   4.02e-01   1.88e-01   1.18e+00   0.00e+00 (  1.77e+02,  2.18e+02)
40      0.120   3.26e-01   4.85e-01   2.21e-01   1.36e+00   0.00e+00 (  1.70e+02,  2.16e+02)
45      0.142   3.68e-01   5.94e-01   2.52e-01   1.69e+00   0.00e+00 (  1.65e+02,  2.11e+02)
50      0.161   4.09e-01   7.13e-01   3.05e-01   2.02e+00   0.00e+00 (  1.55e+02,  2.02e+02)
55      0.178   4.47e-01   8.28e-01   4.35e-01   2.32e+00   0.00e+00 (  1.45e+02,  1.91e+02)
60      0.141   4.11e-01   7.22e-01   4.72e-01   1.91e+00   0.00e+00 (  1.17e+02,  1.79e+02)
65      0.186   4.81e-01   9.29e-01   6.38e-01   2.58e+00   0.00e+00 (  1.20e+02,  1.67e+02)
70      0.207   5.25e-01   1.05e+00   7.87e-01   2.95e+00   0.00e+00 (  1.13e+02,  1.55e+02)
75      0.206   5.34e-01   1.07e+00   8.56e-01   3.01e+00   0.00e+00 (  1.04e+02,  1.45e+02)
80      0.202   5.20e-01   1.07e+00   8.67e-01   3.11e+00   0.00e+00 (  9.49e+01,  1.35e+02)
85      0.217   5.16e-01   9.97e-01   7.93e-01   4.17e+00   0.00e+00 (  8.06e+01,  1.27e+02)
90      0.359   8.30e-01   1.17e+00   7.58e-01   1.36e+01   0.00e+00 (  1.61e+02,  1.20e+02)
95      0.279   5.33e-01   7.45e-01   5.50e-01   1.95e+01   0.00e+00 (  2.29e+02,  1.13e+02)
33 e: 4.623e-05 i: 1.411e-04 :: e: 2.600e-02 i: 3.112e-02 :: n: 2.762e+01 e:22.849 i:25.378 v:4.993e+03
>>> tau_he = 5.000000, nhe(0)=3.106111e+00
 5     -0.033   1.11e-02   3.27e-01   7.25e-03  -1.46e-01   0.00e+00 (  6.54e+00,  5.05e+01)
10     -0.158   8.31e-02   2.60e-02  -1.53e-02  -8.91e-01   0.00e+00 (  6.01e+01,  9.80e+01)
15     -0.110   1.32e-01   1.13e-01  -6.76e-02  -7.43e-01   0.00e+00 (  9.48e+01,  1.35e+02)
20      0.080   2.66e-01   3.46e-01   1.36e-01   6.26e-01   0.00e+00 (  1.98e+02,  1.72e+02)
25      0.127   2.79e-01   3.53e-01   1.70e-01   1.12e+00   0.00e+00 (  1.93e+02,  1.98e+02)
30      0.112   2.91e-01   3.58e-01   1.73e-01   1.09e+00   0.00e+00 (  1.79e+02,  2.11e+02)
35      0.112   3.07e-01   4.00e-01   1.87e-01   1.18e+00   0.00e+00 (  1.75e+02,  2.18e+02)
40      0.119   3.25e-01   4.83e-01   2.20e-01   1.35e+00   0.00e+00 (  1.68e+02,  2.16e+02)
45      0.140   3.66e-01   5.90e-01   2.51e-01   1.68e+00   0.00e+00 (  1.63e+02,  2.11e+02)
50      0.160   4.07e-01   7.07e-01   3.02e-01   2.01e+00   0.00e+00 (  1.54e+02,  2.02e+02)
55      0.177   4.46e-01   8.25e-01   4.33e-01   2.32e+00   0.00e+00 (  1.44e+02,  1.91e+02)
60      0.205   4.98e-01   9.80e-01   5.95e-01   2.77e+00   0.00e+00 (  1.43e+02,  1.79e+02)
65      0.186   4.80e-01   9.28e-01   6.37e-01   2.58e+00   0.00e+00 (  1.19e+02,  1.67e+02)
70      0.207   5.23e-01   1.05e+00   7.85e-01   2.95e+00   0.00e+00 (  1.12e+02,  1.55e+02)
75      0.206   5.33e-01   1.07e+00   8.54e-01   3.01e+00   0.00e+00 (  1.03e+02,  1.45e+02)
80      0.202   5.20e-01   1.06e+00   8.65e-01   3.11e+00   0.00e+00 (  9.45e+01,  1.35e+02)
85      0.217   5.16e-01   9.96e-01   7.92e-01   4.17e+00   0.00e+00 (  8.04e+01,  1.27e+02)
90      0.359   8.30e-01   1.17e+00   7.58e-01   1.36e+01   0.00e+00 (  1.61e+02,  1.20e+02)
95      0.279   5.33e-01   7.45e-01   5.50e-01   1.95e+01   0.00e+00 (  2.29e+02,  1.13e+02)
34 e: 8.275e-05 i: 3.909e-04 :: e: 2.796e-02 i: 3.208e-02 :: n: 2.762e+01 e:22.839 i:25.284 v:4.993e+03
>>> tau_he = 5.000000, nhe(0)=3.098936e+00
 5     -0.033   1.11e-02   3.25e-01   7.29e-03  -1.46e-01   0.00e+00 (  6.57e+00,  5.05e+01)
10     -0.160   8.33e-02   2.67e-02  -1.55e-02  -9.06e-01   0.00e+00 (  6.06e+01,  9.80e+01)
15     -0.111   1.32e-01   1.13e-01  -7.61e-02  -7.50e-01   0.00e+00 (  9.56e+01,  1.35e+02)
20     -0.000   1.38e-01   1.31e-01   3.60e-03  -3.58e-03   0.00e+00 (  1.01e+02,  1.72e+02)
25      0.048   1.73e-01   1.70e-01   3.03e-02   4.19e-01   0.00e+00 (  1.19e+02,  1.98e+02)
30      0.112   2.91e-01   3.58e-01   1.74e-01   1.09e+00   0.00e+00 (  1.79e+02,  2.11e+02)
35      0.112   3.07e-01   4.01e-01   1.88e-01   1.18e+00   0.00e+00 (  1.76e+02,  2.18e+02)
40      0.120   3.26e-01   4.85e-01   2.21e-01   1.36e+00   0.00e+00 (  1.69e+02,  2.16e+02)
45      0.141   3.67e-01   5.94e-01   2.52e-01   1.69e+00   0.00e+00 (  1.64e+02,  2.11e+02)
50      0.161   4.08e-01   7.12e-01   3.04e-01   2.02e+00   0.00e+00 (  1.54e+02,  2.02e+02)
55      0.178   4.46e-01   8.26e-01   4.34e-01   2.32e+00   0.00e+00 (  1.44e+02,  1.91e+02)
60      0.141   4.10e-01   7.21e-01   4.72e-01   1.90e+00   0.00e+00 (  1.17e+02,  1.79e+02)
65      0.185   4.80e-01   9.27e-01   6.37e-01   2.57e+00   0.00e+00 (  1.19e+02,  1.67e+02)
70      0.207   5.24e-01   1.05e+00   7.85e-01   2.95e+00   0.00e+00 (  1.12e+02,  1.55e+02)
75      0.206   5.33e-01   1.07e+00   8.54e-01   3.00e+00   0.00e+00 (  1.03e+02,  1.45e+02)
80      0.202   5.19e-01   1.06e+00   8.65e-01   3.11e+00   0.00e+00 (  9.45e+01,  1.35e+02)
85      0.217   5.16e-01   9.96e-01   7.92e-01   4.16e+00   0.00e+00 (  8.04e+01,  1.27e+02)
90      0.359   8.30e-01   1.17e+00   7.58e-01   1.36e+01   0.00e+00 (  1.61e+02,  1.20e+02)
95      0.279   5.33e-01   7.45e-01   5.50e-01   1.95e+01   0.00e+00 (  2.29e+02,  1.13e+02)
35 e: 3.755e-05 i: 1.514e-04 :: e: 2.426e-02 i: 2.873e-02 :: n: 2.762e+01 e:22.825 i:25.351 v:4.993e+03
>>> tau_he = 5.000000, nhe(0)=3.104070e+00
 5     -0.033   1.11e-02   3.26e-01   7.25e-03  -1.46e-01   0.00e+00 (  6.53e+00,  5.05e+01)
10     -0.158   8.30e-02   2.60e-02  -1.53e-02  -8.92e-01   0.00e+00 (  6.01e+01,  9.80e+01)
15     -0.111   1.33e-01   1.13e-01  -7.63e-02  -7.51e-01   0.00e+00 (  9.59e+01,  1.35e+02)
20      0.006   1.41e-01   1.36e-01  -1.45e-02   4.41e-02   0.00e+00 (  1.04e+02,  1.72e+02)
25      0.127   2.78e-01   3.52e-01   1.70e-01   1.12e+00   0.00e+00 (  1.93e+02,  1.98e+02)
30      0.112   2.90e-01   3.57e-01   1.73e-01   1.09e+00   0.00e+00 (  1.78e+02,  2.11e+02)
35      0.112   3.06e-01   3.99e-01   1.87e-01   1.18e+00   0.00e+00 (  1.75e+02,  2.18e+02)
40      0.119   3.25e-01   4.82e-01   2.21e-01   1.35e+00   0.00e+00 (  1.68e+02,  2.16e+02)
45      0.140   3.66e-01   5.90e-01   2.50e-01   1.68e+00   0.00e+00 (  1.63e+02,  2.11e+02)
50      0.160   4.07e-01   7.07e-01   3.02e-01   2.01e+00   0.00e+00 (  1.53e+02,  2.02e+02)
55      0.177   4.45e-01   8.24e-01   4.32e-01   2.32e+00   0.00e+00 (  1.43e+02,  1.91e+02)
60      0.205   4.97e-01   9.79e-01   5.94e-01   2.77e+00   0.00e+00 (  1.42e+02,  1.79e+02)
65      0.185   4.79e-01   9.26e-01   6.36e-01   2.58e+00   0.00e+00 (  1.19e+02,  1.67e+02)
70      0.207   5.22e-01   1.05e+00   7.83e-01   2.94e+00   0.00e+00 (  1.12e+02,  1.55e+02)
75      0.206   5.32e-01   1.07e+00   8.52e-01   3.00e+00   0.00e+00 (  1.03e+02,  1.45e+02)
80      0.202   5.18e-01   1.06e+00   8.63e-01   3.10e+00   0.00e+00 (  9.41e+01,  1.35e+02)
85      0.217   5.15e-01   9.95e-01   7.91e-01   4.16e+00   0.00e+00 (  8.01e+01,  1.27e+02)
90      0.359   8.30e-01   1.17e+00   7.58e-01   1.36e+01   0.00e+00 (  1.61e+02,  1.20e+02)
95      0.279   5.33e-01   7.45e-01   5.50e-01   1.95e+01   0.00e+00 (  2.29e+02,  1.13e+02)
36 e: 3.566e-05 i: 1.348e-04 :: e: 1.981e-02 i: 2.433e-02 :: n: 2.762e+01 e:22.863 i:25.367 v:4.993e+03
>>> tau_he = 5.000000, nhe(0)=3.105243e+00
 5     -0.033   1.11e-02   3.27e-01   7.28e-03  -1.46e-01   0.00e+00 (  6.58e+00,  5.05e+01)
10     -0.159   8.33e-02   2.62e-02  -1.54e-02  -8.99e-01   0.00e+00 (  6.04e+01,  9.80e+01)
15     -0.054   2.80e-01   3.75e-01   7.33e-02  -3.64e-01   0.00e+00 (  2.04e+02,  1.35e+02)
20      0.081   2.64e-01   3.46e-01   1.37e-01   6.36e-01   0.00e+00 (  1.97e+02,  1.72e+02)
25      0.124   2.76e-01   3.49e-01   1.67e-01   1.10e+00   0.00e+00 (  1.91e+02,  1.98e+02)
30      0.112   2.90e-01   3.57e-01   1.73e-01   1.09e+00   0.00e+00 (  1.78e+02,  2.11e+02)
35      0.112   3.07e-01   4.00e-01   1.87e-01   1.18e+00   0.00e+00 (  1.75e+02,  2.18e+02)
40      0.120   3.25e-01   4.84e-01   2.21e-01   1.35e+00   0.00e+00 (  1.69e+02,  2.16e+02)
45      0.141   3.66e-01   5.93e-01   2.51e-01   1.69e+00   0.00e+00 (  1.63e+02,  2.11e+02)
50      0.161   4.07e-01   7.10e-01   3.04e-01   2.02e+00   0.00e+00 (  1.54e+02,  2.02e+02)
55      0.177   4.45e-01   8.25e-01   4.33e-01   2.31e+00   0.00e+00 (  1.43e+02,  1.91e+02)
60      0.141   4.09e-01   7.19e-01   4.71e-01   1.90e+00   0.00e+00 (  1.16e+02,  1.79e+02)
65      0.185   4.78e-01   9.24e-01   6.35e-01   2.57e+00   0.00e+00 (  1.19e+02,  1.67e+02)
70      0.207   5.22e-01   1.05e+00   7.83e-01   2.94e+00   0.00e+00 (  1.12e+02,  1.55e+02)
75      0.206   5.31e-01   1.07e+00   8.52e-01   3.00e+00   0.00e+00 (  1.03e+02,  1.45e+02)
80      0.202   5.18e-01   1.06e+00   8.63e-01   3.10e+00   0.00e+00 (  9.41e+01,  1.35e+02)
85      0.217   5.15e-01   9.94e-01   7.90e-01   4.16e+00   0.00e+00 (  8.01e+01,  1.27e+02)
90      0.359   8.30e-01   1.17e+00   7.58e-01   1.36e+01   0.00e+00 (  1.61e+02,  1.20e+02)
95      0.279   5.33e-01   7.45e-01   5.50e-01   1.95e+01   0.00e+00 (  2.29e+02,  1.13e+02)
37 e: 2.238e-04 i: 7.220e-04 :: e: 3.909e-02 i: 4.451e-02 :: n: 2.762e+01 e:22.714 i:25.249 v:4.993e+03
>>> tau_he = 5.000000, nhe(0)=3.096233e+00
 5     -0.033   1.11e-02   3.22e-01   7.24e-03  -1.48e-01   0.00e+00 (  6.56e+00,  5.05e+01)
10     -0.157   8.34e-02   2.74e-02  -1.55e-02  -8.89e-01   0.00e+00 (  6.01e+01,  9.80e+01)
15     -0.093   1.27e-01   9.70e-02  -2.50e-02  -6.33e-01   0.00e+00 (  8.92e+01,  1.35e+02)
20      0.002   1.37e-01   1.30e-01   3.49e-03   1.27e-02   0.00e+00 (  9.97e+01,  1.72e+02)
25      0.046   1.69e-01   1.68e-01   3.20e-02   4.02e-01   0.00e+00 (  1.16e+02,  1.98e+02)
30      0.113   2.91e-01   3.57e-01   1.72e-01   1.10e+00   0.00e+00 (  1.79e+02,  2.11e+02)
35      0.113   3.07e-01   4.00e-01   1.87e-01   1.19e+00   0.00e+00 (  1.76e+02,  2.18e+02)
40      0.121   3.25e-01   4.83e-01   2.20e-01   1.36e+00   0.00e+00 (  1.69e+02,  2.16e+02)
45      0.142   3.66e-01   5.91e-01   2.51e-01   1.69e+00   0.00e+00 (  1.63e+02,  2.11e+02)
50      0.161   4.07e-01   7.07e-01   3.02e-01   2.02e+00   0.00e+00 (  1.53e+02,  2.02e+02)
55      0.178   4.45e-01   8.24e-01   4.32e-01   2.33e+00   0.00e+00 (  1.43e+02,  1.91e+02)
60      0.143   4.12e-01   7.27e-01   4.75e-01   1.94e+00   0.00e+00 (  1.17e+02,  1.79e+02)
65      0.186   4.79e-01   9.26e-01   6.36e-01   2.59e+00   0.00e+00 (  1.19e+02,  1.67e+02)
70      0.207   5.22e-01   1.05e+00   7.83e-01   2.95e+00   0.00e+00 (  1.11e+02,  1.55e+02)
75      0.206   5.31e-01   1.07e+00   8.51e-01   3.01e+00   0.00e+00 (  1.02e+02,  1.45e+02)
80      0.202   5.18e-01   1.06e+00   8.63e-01   3.11e+00   0.00e+00 (  9.39e+01,  1.35e+02)
85      0.217   5.15e-01   9.94e-01   7.90e-01   4.16e+00   0.00e+00 (  8.00e+01,  1.27e+02)
90      0.359   8.30e-01   1.17e+00   7.58e-01   1.36e+01   0.00e+00 (  1.61e+02,  1.20e+02)
95      0.279   5.33e-01   7.45e-01   5.50e-01   1.95e+01   0.00e+00 (  2.29e+02,  1.13e+02)
38 e: 4.408e-05 i: 1.364e-04 :: e: 2.424e-02 i: 2.770e-02 :: n: 2.762e+01 e:22.772 i:25.272 v:4.993e+03
>>> tau_he = 5.000000, nhe(0)=3.097973e+00
 5     -0.033   1.10e-02   3.23e-01   7.24e-03  -1.46e-01   0.00e+00 (  6.50e+00,  5.05e+01)
10     -0.154   8.31e-02   2.66e-02  -1.53e-02  -8.73e-01   0.00e+00 (  5.96e+01,  9.80e+01)
15     -0.094   1.29e-01   9.86e-02  -2.56e-02  -6.38e-01   0.00e+00 (  9.04e+01,  1.35e+02)
20      0.007   1.40e-01   1.36e-01  -1.13e-02   5.63e-02   0.00e+00 (  1.03e+02,  1.72e+02)
25      0.127   2.78e-01   3.52e-01   1.69e-01   1.12e+00   0.00e+00 (  1.92e+02,  1.98e+02)
30      0.113   2.91e-01   3.59e-01   1.74e-01   1.10e+00   0.00e+00 (  1.79e+02,  2.11e+02)
35      0.113   3.07e-01   4.02e-01   1.88e-01   1.19e+00   0.00e+00 (  1.76e+02,  2.18e+02)
40      0.120   3.26e-01   4.85e-01   2.21e-01   1.36e+00   0.00e+00 (  1.69e+02,  2.16e+02)
45      0.141   3.67e-01   5.93e-01   2.52e-01   1.69e+00   0.00e+00 (  1.64e+02,  2.11e+02)
50      0.160   4.08e-01   7.10e-01   3.04e-01   2.01e+00   0.00e+00 (  1.54e+02,  2.02e+02)
55      0.178   4.47e-01   8.28e-01   4.35e-01   2.33e+00   0.00e+00 (  1.45e+02,  1.91e+02)
60      0.207   5.02e-01   9.91e-01   6.02e-01   2.80e+00   0.00e+00 (  1.44e+02,  1.79e+02)
65      0.186   4.80e-01   9.30e-01   6.39e-01   2.58e+00   0.00e+00 (  1.19e+02,  1.67e+02)
70      0.206   5.22e-01   1.05e+00   7.83e-01   2.94e+00   0.00e+00 (  1.12e+02,  1.55e+02)
75      0.205   5.31e-01   1.07e+00   8.51e-01   2.99e+00   0.00e+00 (  1.03e+02,  1.45e+02)
80      0.201   5.18e-01   1.06e+00   8.62e-01   3.09e+00   0.00e+00 (  9.40e+01,  1.35e+02)
85      0.216   5.14e-01   9.93e-01   7.89e-01   4.15e+00   0.00e+00 (  8.00e+01,  1.27e+02)
90      0.359   8.30e-01   1.17e+00   7.58e-01   1.36e+01   0.00e+00 (  1.61e+02,  1.20e+02)
95      0.279   5.33e-01   7.45e-01   5.50e-01   1.95e+01   0.00e+00 (  2.29e+02,  1.13e+02)
39 e: 4.398e-05 i: 1.785e-04 :: e: 2.245e-02 i: 2.800e-02 :: n: 2.762e+01 e:22.775 i:25.328 v:4.993e+03
>>> tau_he = 5.000000, nhe(0)=3.102308e+00
 5     -0.033   1.11e-02   3.25e-01   7.25e-03  -1.46e-01   0.00e+00 (  6.53e+00,  5.05e+01)
10     -0.155   8.31e-02   2.63e-02  -1.53e-02  -8.77e-01   0.00e+00 (  5.97e+01,  9.80e+01)
15     -0.099   1.30e-01   1.01e-01  -2.74e-02  -6.73e-01   0.00e+00 (  9.22e+01,  1.35e+02)
20      0.080   2.65e-01   3.43e-01   1.34e-01   6.29e-01   0.00e+00 (  1.96e+02,  1.72e+02)
25      0.048   1.73e-01   1.69e-01   3.01e-02   4.20e-01   0.00e+00 (  1.18e+02,  1.98e+02)
30      0.112   2.91e-01   3.56e-01   1.73e-01   1.09e+00   0.00e+00 (  1.78e+02,  2.11e+02)
35      0.112   3.07e-01   4.00e-01   1.87e-01   1.18e+00   0.00e+00 (  1.76e+02,  2.18e+02)
40      0.120   3.25e-01   4.83e-01   2.20e-01   1.36e+00   0.00e+00 (  1.69e+02,  2.16e+02)
45      0.141   3.66e-01   5.91e-01   2.51e-01   1.69e+00   0.00e+00 (  1.63e+02,  2.11e+02)
50      0.161   4.07e-01   7.08e-01   3.03e-01   2.02e+00   0.00e+00 (  1.54e+02,  2.02e+02)
55      0.178   4.45e-01   8.24e-01   4.33e-01   2.32e+00   0.00e+00 (  1.44e+02,  1.91e+02)
60      0.142   4.11e-01   7.25e-01   4.74e-01   1.93e+00   0.00e+00 (  1.17e+02,  1.79e+02)
65      0.186   4.79e-01   9.26e-01   6.36e-01   2.58e+00   0.00e+00 (  1.19e+02,  1.67e+02)
70      0.207   5.22e-01   1.05e+00   7.83e-01   2.95e+00   0.00e+00 (  1.12e+02,  1.55e+02)
75      0.206   5.32e-01   1.07e+00   8.52e-01   3.01e+00   0.00e+00 (  1.03e+02,  1.45e+02)
80      0.202   5.18e-01   1.06e+00   8.63e-01   3.11e+00   0.00e+00 (  9.39e+01,  1.35e+02)
85      0.217   5.15e-01   9.95e-01   7.91e-01   4.17e+00   0.00e+00 (  8.00e+01,  1.27e+02)
90      0.359   8.30e-01   1.17e+00   7.58e-01   1.36e+01   0.00e+00 (  1.61e+02,  1.20e+02)
95      0.279   5.33e-01   7.45e-01   5.50e-01   1.95e+01   0.00e+00 (  2.29e+02,  1.13e+02)
40 e: 6.406e-05 i: 2.799e-04 :: e: 2.722e-02 i: 3.111e-02 :: n: 2.762e+01 e:22.796 i:25.288 v:4.993e+03
>>> tau_he = 5.000000, nhe(0)=3.099205e+00
 5     -0.033   1.11e-02   3.24e-01   7.27e-03  -1.46e-01   0.00e+00 (  6.55e+00,  5.05e+01)
10     -0.157   8.32e-02   2.66e-02  -1.54e-02  -8.85e-01   0.00e+00 (  6.00e+01,  9.80e+01)
15     -0.100   1.30e-01   1.02e-01  -2.75e-02  -6.81e-01   0.00e+00 (  9.26e+01,  1.35e+02)
20      0.000   1.38e-01   1.31e-01   3.51e-03   3.73e-03   0.00e+00 (  1.01e+02,  1.72e+02)
25      0.126   2.78e-01   3.51e-01   1.69e-01   1.11e+00   0.00e+00 (  1.93e+02,  1.98e+02)
30      0.113   2.91e-01   3.58e-01   1.74e-01   1.10e+00   0.00e+00 (  1.79e+02,  2.11e+02)
35      0.112   3.07e-01   4.01e-01   1.88e-01   1.18e+00   0.00e+00 (  1.76e+02,  2.18e+02)
40      0.120   3.26e-01   4.84e-01   2.21e-01   1.35e+00   0.00e+00 (  1.69e+02,  2.16e+02)
45      0.141   3.67e-01   5.92e-01   2.51e-01   1.69e+00   0.00e+00 (  1.64e+02,  2.11e+02)
50      0.160   4.07e-01   7.09e-01   3.03e-01   2.01e+00   0.00e+00 (  1.54e+02,  2.02e+02)
55      0.178   4.46e-01   8.27e-01   4.34e-01   2.32e+00   0.00e+00 (  1.44e+02,  1.91e+02)
60      0.206   5.00e-01   9.88e-01   5.99e-01   2.79e+00   0.00e+00 (  1.44e+02,  1.79e+02)
65      0.186   4.80e-01   9.29e-01   6.38e-01   2.58e+00   0.00e+00 (  1.19e+02,  1.67e+02)
70      0.207   5.22e-01   1.05e+00   7.83e-01   2.94e+00   0.00e+00 (  1.12e+02,  1.55e+02)
75      0.205   5.31e-01   1.07e+00   8.52e-01   2.99e+00   0.00e+00 (  1.03e+02,  1.45e+02)
80      0.201   5.18e-01   1.06e+00   8.63e-01   3.10e+00   0.00e+00 (  9.40e+01,  1.35e+02)
85      0.216   5.14e-01   9.94e-01   7.90e-01   4.15e+00   0.00e+00 (  8.01e+01,  1.27e+02)
90      0.359   8.30e-01   1.17e+00   7.58e-01   1.36e+01   0.00e+00 (  1.61e+02,  1.20e+02)
95      0.279   5.33e-01   7.45e-01   5.50e-01   1.95e+01   0.00e+00 (  2.29e+02,  1.13e+02)
41 e: 3.830e-05 i: 1.658e-04 :: e: 2.181e-02 i: 2.696e-02 :: n: 2.762e+01 e:22.779 i:25.315 v:4.993e+03
>>> tau_he = 5.000000, nhe(0)=3.101305e+00
 5     -0.033   1.11e-02   3.25e-01   7.24e-03  -1.46e-01   0.00e+00 (  6.54e+00,  5.05e+01)
10     -0.156   8.30e-02   2.63e-02  -1.53e-02  -8.82e-01   0.00e+00 (  5.98e+01,  9.80e+01)
15     -0.106   1.32e-01   1.13e-01  -7.14e-02  -7.15e-01   0.00e+00 (  9.42e+01,  1.35e+02)
20      0.006   1.40e-01   1.36e-01  -1.30e-02   5.04e-02   0.00e+00 (  1.03e+02,  1.72e+02)
25      0.130   2.88e-01   3.33e-01   1.34e-01   1.14e+00   0.00e+00 (  1.98e+02,  1.98e+02)
30      0.112   2.90e-01   3.56e-01   1.73e-01   1.09e+00   0.00e+00 (  1.78e+02,  2.11e+02)
35      0.112   3.07e-01   4.00e-01   1.87e-01   1.18e+00   0.00e+00 (  1.75e+02,  2.18e+02)
40      0.120   3.25e-01   4.83e-01   2.21e-01   1.35e+00   0.00e+00 (  1.68e+02,  2.16e+02)
45      0.141   3.66e-01   5.91e-01   2.51e-01   1.69e+00   0.00e+00 (  1.63e+02,  2.11e+02)
50      0.161   4.07e-01   7.09e-01   3.03e-01   2.02e+00   0.00e+00 (  1.54e+02,  2.02e+02)
55      0.177   4.45e-01   8.24e-01   4.33e-01   2.32e+00   0.00e+00 (  1.44e+02,  1.91e+02)
60      0.142   4.11e-01   7.23e-01   4.73e-01   1.92e+00   0.00e+00 (  1.17e+02,  1.79e+02)
65      0.185   4.79e-01   9.25e-01   6.35e-01   2.57e+00   0.00e+00 (  1.19e+02,  1.67e+02)
70      0.207   5.22e-01   1.05e+00   7.83e-01   2.94e+00   0.00e+00 (  1.12e+02,  1.55e+02)
75      0.206   5.31e-01   1.07e+00   8.52e-01   3.00e+00   0.00e+00 (  1.03e+02,  1.45e+02)
80      0.202   5.18e-01   1.06e+00   8.63e-01   3.11e+00   0.00e+00 (  9.40e+01,  1.35e+02)
85      0.217   5.15e-01   9.95e-01   7.91e-01   4.16e+00   0.00e+00 (  8.00e+01,  1.27e+02)
90      0.359   8.30e-01   1.17e+00   7.58e-01   1.36e+01   0.00e+00 (  1.61e+02,  1.20e+02)
95      0.279   5.33e-01   7.45e-01   5.50e-01   1.95e+01   0.00e+00 (  2.29e+02,  1.13e+02)
42 e: 4.328e-05 i: 1.008e-04 :: e: 1.932e-02 i: 2.060e-02 :: n: 2.762e+01 e:22.798 i:25.330 v:4.993e+03
>>> tau_he = 5.000000, nhe(0)=3.102412e+00
 5     -0.033   1.11e-02   3.26e-01   7.25e-03  -1.47e-01   0.00e+00 (  6.57e+00,  5.05e+01)
10     -0.157   8.30e-02   2.62e-02  -1.53e-02  -8.87e-01   0.00e+00 (  5.99e+01,  9.80e+01)
15     -0.048   2.78e-01   3.71e-01   7.06e-02  -3.28e-01   0.00e+00 (  2.00e+02,  1.35e+02)
20      0.080   2.64e-01   3.43e-01   1.35e-01   6.30e-01   0.00e+00 (  1.96e+02,  1.72e+02)
25      0.045   1.69e-01   1.68e-01   3.29e-02   4.00e-01   0.00e+00 (  1.15e+02,  1.98e+02)
30      0.112   2.90e-01   3.56e-01   1.73e-01   1.09e+00   0.00e+00 (  1.77e+02,  2.11e+02)
35      0.112   3.07e-01   4.00e-01   1.87e-01   1.18e+00   0.00e+00 (  1.75e+02,  2.18e+02)
40      0.120   3.25e-01   4.84e-01   2.21e-01   1.35e+00   0.00e+00 (  1.68e+02,  2.16e+02)
45      0.141   3.66e-01   5.91e-01   2.51e-01   1.68e+00   0.00e+00 (  1.63e+02,  2.11e+02)
50      0.160   4.07e-01   7.08e-01   3.03e-01   2.01e+00   0.00e+00 (  1.53e+02,  2.02e+02)
55      0.178   4.45e-01   8.25e-01   4.33e-01   2.32e+00   0.00e+00 (  1.44e+02,  1.91e+02)
60      0.206   4.99e-01   9.84e-01   5.97e-01   2.78e+00   0.00e+00 (  1.43e+02,  1.79e+02)
65      0.185   4.79e-01   9.27e-01   6.37e-01   2.58e+00   0.00e+00 (  1.19e+02,  1.67e+02)
70      0.207   5.22e-01   1.05e+00   7.83e-01   2.94e+00   0.00e+00 (  1.12e+02,  1.55e+02)
75      0.206   5.31e-01   1.07e+00   8.51e-01   3.00e+00   0.00e+00 (  1.02e+02,  1.45e+02)
80      0.202   5.18e-01   1.06e+00   8.62e-01   3.10e+00   0.00e+00 (  9.39e+01,  1.35e+02)
85      0.216   5.14e-01   9.93e-01   7.89e-01   4.15e+00   0.00e+00 (  8.00e+01,  1.27e+02)
90      0.359   8.30e-01   1.17e+00   7.58e-01   1.36e+01   0.00e+00 (  1.61e+02,  1.20e+02)
95      0.279   5.33e-01   7.45e-01   5.50e-01   1.95e+01   0.00e+00 (  2.29e+02,  1.13e+02)
43 e: 3.180e-04 i: 1.151e-03 :: e: 4.084e-02 i: 4.485e-02 :: n: 2.762e+01 e:22.695 i:25.262 v:4.993e+03
>>> tau_he = 5.000000, nhe(0)=3.097231e+00
 5     -0.033   1.11e-02   3.22e-01   7.23e-03  -1.48e-01   0.00e+00 (  6.56e+00,  5.05e+01)
10     -0.155   8.33e-02   2.72e-02  -1.54e-02  -8.75e-01   0.00e+00 (  5.97e+01,  9.80e+01)
15     -0.095   1.32e-01   9.57e-02  -2.42e-02  -6.41e-01   0.00e+00 (  9.19e+01,  1.35e+02)
20      0.003   1.36e-01   1.30e-01   3.35e-03   2.09e-02   0.00e+00 (  9.85e+01,  1.72e+02)
25      0.127   2.77e-01   3.50e-01   1.67e-01   1.11e+00   0.00e+00 (  1.91e+02,  1.98e+02)
30      0.113   2.91e-01   3.58e-01   1.73e-01   1.10e+00   0.00e+00 (  1.79e+02,  2.11e+02)
35      0.112   3.01e-01   3.99e-01   1.82e-01   1.18e+00   0.00e+00 (  1.72e+02,  2.18e+02)
40      0.121   3.25e-01   4.84e-01   2.21e-01   1.36e+00   0.00e+00 (  1.69e+02,  2.16e+02)
45      0.142   3.66e-01   5.92e-01   2.51e-01   1.70e+00   0.00e+00 (  1.63e+02,  2.11e+02)
50      0.161   4.07e-01   7.09e-01   3.03e-01   2.02e+00   0.00e+00 (  1.54e+02,  2.02e+02)
55      0.178   4.45e-01   8.24e-01   4.33e-01   2.32e+00   0.00e+00 (  1.43e+02,  1.91e+02)
60      0.142   4.10e-01   7.22e-01   4.72e-01   1.92e+00   0.00e+00 (  1.17e+02,  1.79e+02)
65      0.185   4.78e-01   9.24e-01   6.35e-01   2.58e+00   0.00e+00 (  1.19e+02,  1.67e+02)
70      0.207   5.22e-01   1.05e+00   7.83e-01   2.95e+00   0.00e+00 (  1.12e+02,  1.55e+02)
75      0.206   5.31e-01   1.07e+00   8.52e-01   3.01e+00   0.00e+00 (  1.02e+02,  1.45e+02)
80      0.202   5.18e-01   1.06e+00   8.63e-01   3.11e+00   0.00e+00 (  9.39e+01,  1.35e+02)
85      0.217   5.15e-01   9.95e-01   7.91e-01   4.16e+00   0.00e+00 (  8.00e+01,  1.27e+02)
90      0.359   8.30e-01   1.17e+00   7.58e-01   1.36e+01   0.00e+00 (  1.61e+02,  1.20e+02)
95      0.279   5.33e-01   7.45e-01   5.50e-01   1.95e+01   0.00e+00 (  2.29e+02,  1.13e+02)
44 e: 3.675e-05 i: 1.734e-04 :: e: 2.144e-02 i: 2.590e-02 :: n: 2.762e+01 e:22.735 i:25.250 v:4.993e+03
>>> tau_he = 5.000000, nhe(0)=3.096272e+00
 5     -0.033   1.10e-02   3.22e-01   7.23e-03  -1.46e-01   0.00e+00 (  6.51e+00,  5.05e+01)
10     -0.153   8.31e-02   2.68e-02  -1.52e-02  -8.67e-01   0.00e+00 (  5.94e+01,  9.80e+01)
15     -0.091   1.28e-01   9.81e-02  -2.54e-02  -6.14e-01   0.00e+00 (  8.95e+01,  1.35e+02)
20      0.008   1.40e-01   1.36e-01  -1.05e-02   6.05e-02   0.00e+00 (  1.02e+02,  1.72e+02)
25      0.048   1.72e-01   1.70e-01   3.06e-02   4.25e-01   0.00e+00 (  1.18e+02,  1.98e+02)
30      0.113   2.91e-01   3.58e-01   1.74e-01   1.10e+00   0.00e+00 (  1.79e+02,  2.11e+02)
35      0.113   3.08e-01   4.02e-01   1.88e-01   1.19e+00   0.00e+00 (  1.77e+02,  2.18e+02)
40      0.120   3.26e-01   4.85e-01   2.21e-01   1.36e+00   0.00e+00 (  1.69e+02,  2.16e+02)
45      0.142   3.67e-01   5.93e-01   2.52e-01   1.69e+00   0.00e+00 (  1.64e+02,  2.11e+02)
50      0.161   4.08e-01   7.10e-01   3.04e-01   2.02e+00   0.00e+00 (  1.54e+02,  2.02e+02)
55      0.178   4.46e-01   8.27e-01   4.34e-01   2.33e+00   0.00e+00 (  1.44e+02,  1.91e+02)
60      0.206   4.99e-01   9.85e-01   5.97e-01   2.78e+00   0.00e+00 (  1.43e+02,  1.79e+02)
65      0.186   4.80e-01   9.28e-01   6.38e-01   2.58e+00   0.00e+00 (  1.19e+02,  1.67e+02)
70      0.207   5.22e-01   1.05e+00   7.84e-01   2.94e+00   0.00e+00 (  1.12e+02,  1.55e+02)
75      0.206   5.31e-01   1.07e+00   8.52e-01   3.00e+00   0.00e+00 (  1.03e+02,  1.45e+02)
80      0.202   5.18e-01   1.06e+00   8.63e-01   3.10e+00   0.00e+00 (  9.40e+01,  1.35e+02)
85      0.216   5.15e-01   9.94e-01   7.90e-01   4.15e+00   0.00e+00 (  8.01e+01,  1.27e+02)
90      0.359   8.30e-01   1.17e+00   7.58e-01   1.36e+01   0.00e+00 (  1.61e+02,  1.20e+02)
95      0.279   5.33e-01   7.45e-01   5.50e-01   1.95e+01   0.00e+00 (  2.29e+02,  1.13e+02)
45 e: 4.401e-05 i: 1.436e-04 :: e: 2.377e-02 i: 2.800e-02 :: n: 2.762e+01 e:22.759 i:25.348 v:4.993e+03
>>> tau_he = 5.000000, nhe(0)=3.103839e+00
 5     -0.033   1.11e-02   3.25e-01   7.25e-03  -1.46e-01   0.00e+00 (  6.53e+00,  5.05e+01)
10     -0.153   8.30e-02   2.61e-02  -1.52e-02  -8.65e-01   0.00e+00 (  5.94e+01,  9.80e+01)
15     -0.095   1.30e-01   9.96e-02  -2.70e-02  -6.45e-01   0.00e+00 (  9.13e+01,  1.35e+02)
20      0.081   2.66e-01   3.44e-01   1.34e-01   6.34e-01   0.00e+00 (  1.96e+02,  1.72e+02)
25      0.127   2.78e-01   3.52e-01   1.70e-01   1.12e+00   0.00e+00 (  1.93e+02,  1.98e+02)
30      0.113   2.91e-01   3.57e-01   1.73e-01   1.10e+00   0.00e+00 (  1.78e+02,  2.11e+02)
35      0.112   3.07e-01   4.00e-01   1.87e-01   1.18e+00   0.00e+00 (  1.75e+02,  2.18e+02)
40      0.120   3.25e-01   4.83e-01   2.21e-01   1.36e+00   0.00e+00 (  1.69e+02,  2.16e+02)
45      0.141   3.66e-01   5.92e-01   2.51e-01   1.69e+00   0.00e+00 (  1.63e+02,  2.11e+02)
50      0.161   4.07e-01   7.09e-01   3.03e-01   2.02e+00   0.00e+00 (  1.54e+02,  2.02e+02)
55      0.177   4.45e-01   8.24e-01   4.33e-01   2.32e+00   0.00e+00 (  1.43e+02,  1.91e+02)
60      0.141   4.10e-01   7.21e-01   4.72e-01   1.91e+00   0.00e+00 (  1.17e+02,  1.79e+02)
65      0.185   4.78e-01   9.24e-01   6.35e-01   2.57e+00   0.00e+00 (  1.19e+02,  1.67e+02)
70      0.207   5.22e-01   1.05e+00   7.83e-01   2.95e+00   0.00e+00 (  1.12e+02,  1.55e+02)
75      0.206   5.32e-01   1.07e+00   8.52e-01   3.00e+00   0.00e+00 (  1.03e+02,  1.45e+02)
80      0.202   5.18e-01   1.06e+00   8.63e-01   3.11e+00   0.00e+00 (  9.40e+01,  1.35e+02)
85      0.217   5.15e-01   9.95e-01   7.91e-01   4.16e+00   0.00e+00 (  8.01e+01,  1.27e+02)
90      0.359   8.30e-01   1.17e+00   7.59e-01   1.36e+01   0.00e+00 (  1.61e+02,  1.20e+02)
95      0.279   5.33e-01   7.45e-01   5.50e-01   1.95e+01   0.00e+00 (  2.29e+02,  1.13e+02)
46 e: 9.101e-05 i: 4.172e-04 :: e: 2.521e-02 i: 2.973e-02 :: n: 2.762e+01 e:22.766 i:25.265 v:4.993e+03
>>> tau_he = 5.000000, nhe(0)=3.097414e+00
 5     -0.033   1.11e-02   3.24e-01   7.27e-03  -1.47e-01   0.00e+00 (  6.57e+00,  5.05e+01)
10     -0.156   8.32e-02   2.68e-02  -1.54e-02  -8.82e-01   0.00e+00 (  5.99e+01,  9.80e+01)
15     -0.098   1.30e-01   1.02e-01  -2.74e-02  -6.63e-01   0.00e+00 (  9.19e+01,  1.35e+02)
20      0.001   1.38e-01   1.31e-01   3.62e-03   6.89e-03   0.00e+00 (  1.00e+02,  1.72e+02)
25      0.048   1.72e-01   1.69e-01   3.05e-02   4.20e-01   0.00e+00 (  1.18e+02,  1.98e+02)
30      0.113   2.91e-01   3.58e-01   1.73e-01   1.09e+00   0.00e+00 (  1.79e+02,  2.11e+02)
35      0.112   3.07e-01   4.01e-01   1.88e-01   1.18e+00   0.00e+00 (  1.76e+02,  2.18e+02)
40      0.120   3.26e-01   4.84e-01   2.21e-01   1.36e+00   0.00e+00 (  1.69e+02,  2.16e+02)
45      0.141   3.67e-01   5.92e-01   2.51e-01   1.69e+00   0.00e+00 (  1.64e+02,  2.11e+02)
50      0.161   4.07e-01   7.09e-01   3.03e-01   2.02e+00   0.00e+00 (  1.54e+02,  2.02e+02)
55      0.178   4.46e-01   8.26e-01   4.33e-01   2.32e+00   0.00e+00 (  1.44e+02,  1.91e+02)
60      0.205   4.99e-01   9.83e-01   5.96e-01   2.78e+00   0.00e+00 (  1.43e+02,  1.79e+02)
65      0.186   4.79e-01   9.27e-01   6.37e-01   2.58e+00   0.00e+00 (  1.19e+02,  1.67e+02)
70      0.207   5.22e-01   1.05e+00   7.83e-01   2.94e+00   0.00e+00 (  1.12e+02,  1.55e+02)
75      0.206   5.31e-01   1.07e+00   8.52e-01   3.00e+00   0.00e+00 (  1.03e+02,  1.45e+02)
80      0.202   5.18e-01   1.06e+00   8.63e-01   3.10e+00   0.00e+00 (  9.40e+01,  1.35e+02)
85      0.216   5.15e-01   9.94e-01   7.90e-01   4.16e+00   0.00e+00 (  8.01e+01,  1.27e+02)
90      0.359   8.30e-01   1.17e+00   7.58e-01   1.36e+01   0.00e+00 (  1.61e+02,  1.20e+02)
95      0.279   5.33e-01   7.45e-01   5.50e-01   1.95e+01   0.00e+00 (  2.29e+02,  1.13e+02)
47 e: 3.476e-05 i: 1.457e-04 :: e: 2.284e-02 i: 2.691e-02 :: n: 2.762e+01 e:22.765 i:25.334 v:4.993e+03
>>> tau_he = 5.000000, nhe(0)=3.102758e+00
 5     -0.033   1.11e-02   3.25e-01   7.23e-03  -1.46e-01   0.00e+00 (  6.53e+00,  5.05e+01)
10     -0.154   8.29e-02   2.61e-02  -1.52e-02  -8.72e-01   0.00e+00 (  5.95e+01,  9.80e+01)
15     -0.102   1.31e-01   1.13e-01  -6.47e-02  -6.92e-01   0.00e+00 (  9.29e+01,  1.35e+02)
20      0.007   1.41e-01   1.36e-01  -1.37e-02   5.26e-02   0.00e+00 (  1.04e+02,  1.72e+02)
25      0.127   2.78e-01   3.52e-01   1.70e-01   1.12e+00   0.00e+00 (  1.92e+02,  1.98e+02)
30      0.113   2.90e-01   3.57e-01   1.73e-01   1.09e+00   0.00e+00 (  1.78e+02,  2.11e+02)
35      0.112   3.06e-01   4.00e-01   1.87e-01   1.18e+00   0.00e+00 (  1.75e+02,  2.18e+02)
40      0.120   3.25e-01   4.84e-01   2.21e-01   1.35e+00   0.00e+00 (  1.68e+02,  2.16e+02)
45      0.141   3.66e-01   5.92e-01   2.51e-01   1.69e+00   0.00e+00 (  1.63e+02,  2.11e+02)
50      0.161   4.07e-01   7.09e-01   3.03e-01   2.02e+00   0.00e+00 (  1.53e+02,  2.02e+02)
55      0.177   4.45e-01   8.24e-01   4.32e-01   2.32e+00   0.00e+00 (  1.43e+02,  1.91e+02)
60      0.141   4.09e-01   7.20e-01   4.71e-01   1.91e+00   0.00e+00 (  1.16e+02,  1.79e+02)
65      0.185   4.78e-01   9.24e-01   6.35e-01   2.57e+00   0.00e+00 (  1.19e+02,  1.67e+02)
70      0.207   5.22e-01   1.05e+00   7.83e-01   2.94e+00   0.00e+00 (  1.12e+02,  1.55e+02)
75      0.206   5.31e-01   1.07e+00   8.52e-01   3.00e+00   0.00e+00 (  1.03e+02,  1.45e+02)
80      0.202   5.18e-01   1.06e+00   8.63e-01   3.10e+00   0.00e+00 (  9.39e+01,  1.35e+02)
85      0.217   5.15e-01   9.94e-01   7.90e-01   4.16e+00   0.00e+00 (  8.00e+01,  1.27e+02)
90      0.359   8.30e-01   1.17e+00   7.58e-01   1.36e+01   0.00e+00 (  1.61e+02,  1.20e+02)
95      0.279   5.33e-01   7.45e-01   5.50e-01   1.95e+01   0.00e+00 (  2.29e+02,  1.13e+02)
48 e: 4.028e-05 i: 1.382e-04 :: e: 1.873e-02 i: 2.287e-02 :: n: 2.762e+01 e:22.806 i:25.357 v:4.993e+03
>>> tau_he = 5.000000, nhe(0)=3.104498e+00
 5     -0.033   1.11e-02   3.27e-01   7.26e-03  -1.47e-01   0.00e+00 (  6.58e+00,  5.05e+01)
10     -0.156   8.31e-02   2.62e-02  -1.53e-02  -8.81e-01   0.00e+00 (  5.99e+01,  9.80e+01)
15     -0.106   1.33e-01   1.14e-01  -7.56e-02  -7.20e-01   0.00e+00 (  9.53e+01,  1.35e+02)
20      0.080   2.65e-01   3.45e-01   1.36e-01   6.30e-01   0.00e+00 (  1.97e+02,  1.72e+02)
25      0.124   2.76e-01   3.48e-01   1.66e-01   1.09e+00   0.00e+00 (  1.90e+02,  1.98e+02)
30      0.112   2.90e-01   3.57e-01   1.73e-01   1.09e+00   0.00e+00 (  1.78e+02,  2.11e+02)
35      0.112   3.06e-01   4.00e-01   1.87e-01   1.18e+00   0.00e+00 (  1.75e+02,  2.18e+02)
40      0.120   3.25e-01   4.83e-01   2.21e-01   1.35e+00   0.00e+00 (  1.68e+02,  2.16e+02)
45      0.141   3.66e-01   5.91e-01   2.51e-01   1.68e+00   0.00e+00 (  1.63e+02,  2.11e+02)
50      0.160   4.06e-01   7.07e-01   3.03e-01   2.01e+00   0.00e+00 (  1.53e+02,  2.02e+02)
55      0.177   4.45e-01   8.24e-01   4.32e-01   2.32e+00   0.00e+00 (  1.43e+02,  1.91e+02)
60      0.205   4.97e-01   9.80e-01   5.94e-01   2.77e+00   0.00e+00 (  1.42e+02,  1.79e+02)
65      0.185   4.78e-01   9.25e-01   6.36e-01   2.57e+00   0.00e+00 (  1.19e+02,  1.67e+02)
70      0.207   5.21e-01   1.05e+00   7.82e-01   2.94e+00   0.00e+00 (  1.11e+02,  1.55e+02)
75      0.206   5.31e-01   1.06e+00   8.50e-01   3.00e+00   0.00e+00 (  1.02e+02,  1.45e+02)
80      0.202   5.17e-01   1.06e+00   8.62e-01   3.10e+00   0.00e+00 (  9.38e+01,  1.35e+02)
85      0.216   5.14e-01   9.93e-01   7.89e-01   4.15e+00   0.00e+00 (  7.99e+01,  1.27e+02)
90      0.359   8.30e-01   1.17e+00   7.58e-01   1.36e+01   0.00e+00 (  1.61e+02,  1.20e+02)
95      0.279   5.33e-01   7.45e-01   5.50e-01   1.95e+01   0.00e+00 (  2.29e+02,  1.13e+02)
49 e: 9.257e-05 i: 3.619e-04 :: e: 2.290e-02 i: 2.675e-02 :: n: 2.762e+01 e:22.759 i:25.266 v:4.993e+03
 plasma volume = 148.323754
 stored energy(e,i,b,a) = 5.025508e+01 4.620118e+01 0.000000e+00 0.000000e+00
 betan = 1.097022
*power
 Pnb(e,i) = 0.000000e+00 0.000000e+00
 Prf(e,i) = 1.246985e+01 2.755576e+01
 Prad     = -1.599339e+01 
 Pei      = -9.375586e+00 
 Pfuse    = 4.407952e+01 
 Pfusi    = 1.495689e+01 
 Poh      = 0.000000e+00 
*confinement time
 taut, tauITER98y2, H98y2 : 1.161164e+00 1.497331e+00 7.754888e-01
 taue, taui : 1.611753e+00 1.898745e+00
 taut, tau89, H89 : 1.161164e+00 7.574047e-01 1.533082e+00
*temperature
 nea, nebar : 1.902139e+01 2.170821e+01 
 tea, tia : 6.425190e+00 6.208483e+00 (1.034905e+00)
 te0, ti0 : 1.905818e+01 1.961530e+01 (9.715977e-01)
 Sn : 0.000000e+00 
*current balance
 Ip,Ibs,Inb,Irf: 1.000000e+01 1.720462e+00 0.000000e+00 2.884483e-01
 fni,fbs: 0.201 0.172

 plasma volume = 148.323754
 stored energy(e,i,b,a) = 5.025508e+01 4.620118e+01 0.000000e+00 0.000000e+00
 betan = 1.097022
*power
 Pnb(e,i) = 0.000000e+00 0.000000e+00
 Prf(e,i) = 1.246985e+01 2.755576e+01
 Prad     = -1.599339e+01 
 Pei      = -9.375586e+00 
 Pfuse    = 4.407952e+01 
 Pfusi    = 1.495689e+01 
 Poh      = 0.000000e+00 
*confinement time
 taut, tauITER98y2, H98y2 : 1.161164e+00 1.497331e+00 7.754888e-01
 taue, taui : 1.611753e+00 1.898745e+00
 taut, tau89, H89 : 1.161164e+00 7.574047e-01 1.533082e+00
*temperature
 nea, nebar : 1.902139e+01 2.170821e+01 
 tea, tia : 6.425190e+00 6.208483e+00 (1.034905e+00)
 te0, ti0 : 1.905818e+01 1.961530e+01 (9.715977e-01)
 Sn : 0.000000e+00 
*current balance
 Ip,Ibs,Inb,Irf: 1.000000e+01 1.720462e+00 0.000000e+00 2.884483e-01
 fni,fbs: 0.201 0.172
 ELAPASED TIME = 1913 sec

finalize
