========================================================================
= FASTRAN

nonlinear model = 1
ichi = 0
ineo = 0
reading state...
read formatted input, inprof...
init geometry...
read formatted input, inmetric...
nrho in inmetric = 101
rhob in inmetric = 1.382431e+00
solve avg grad-shafranv...
solve_avg_gs::Ip_temp = 3.267755e+00 
solve_avg_gs::Ip      = 1.000000e+01 
>>> tau_he = 5.000000, nhe(0)=2.394444e+00

 plasma volume = 177.742319
 stored energy(e,i,b) = 6.187162e+01 5.796459e+01 0.000000e+00
 betan = 1.233487
*power
 Pnb(e,i) = 0.000000e+00 0.000000e+00
 Prf(e,i) = 4.560363e+00 2.823508e+01
 Prad     = -2.309616e+01 
 Pei      = 3.390206e+00 
 Pfuse    = 6.086996e+01 
 Pfusi    = 1.953311e+01 
 Poh      = 0.000000e+00 
*confinement time
 taut, tauITER98y2, H98y2 : 1.330001e+00 1.546455e+00 8.600321e-01
 taue, taui : 1.353143e+00 3.590716e+00
 taut, tau89, H89 : 1.330001e+00 7.620855e-01 1.745212e+00
*temperature
 nea, nebar : 1.985246e+01 2.225041e+01 
 tea, tia : 6.349459e+00 6.409125e+00 (9.906905e-01)
 te0, ti0 : 1.880903e+01 1.900901e+01 (9.894799e-01)
 Sn : 0.000000e+00 
*current balance
 Ip,Ibs,Inb,Irf: 1.000000e+01 2.187142e+00 0.000000e+00 0.000000e+00
 fni,fbs: 0.219 0.219

 plasma volume = 177.742319
 stored energy(e,i,b) = 6.187162e+01 5.796459e+01 0.000000e+00
 betan = 1.233487
*power
 Pnb(e,i) = 0.000000e+00 0.000000e+00
 Prf(e,i) = 4.560363e+00 2.823508e+01
 Prad     = -2.309616e+01 
 Pei      = 3.390206e+00 
 Pfuse    = 6.086996e+01 
 Pfusi    = 1.953311e+01 
 Poh      = 0.000000e+00 
*confinement time
 taut, tauITER98y2, H98y2 : 1.330001e+00 1.546455e+00 8.600321e-01
 taue, taui : 1.353143e+00 3.590716e+00
 taut, tau89, H89 : 1.330001e+00 7.620855e-01 1.745212e+00
*temperature
 nea, nebar : 1.985246e+01 2.225041e+01 
 tea, tia : 6.349459e+00 6.409125e+00 (9.906905e-01)
 te0, ti0 : 1.880903e+01 1.900901e+01 (9.894799e-01)
 Sn : 0.000000e+00 
*current balance
 Ip,Ibs,Inb,Irf: 1.000000e+01 2.187142e+00 0.000000e+00 0.000000e+00
 fni,fbs: 0.219 0.219
 ELAPASED TIME = 0 sec
