NCAPTC: : NetCDF: Variable not found
Warning: ieee_overflow is signaling
Warning: ieee_underflow is signaling
Warning: ieee_inexact is signaling
FORTRAN STOP
 solver
 /global/common/software/atom/perlmutter/data/greentable/
 /global/common/software/atom/perlmutter/data/greentable/

          EFITD Version  07/09/2014


 type mode (2=file, 3=snap, 4=time, 5=input, 6=com file, 7=snap_ext):

 number of time slices?

 type input file names:
 #
 table_dir = </global/common/software/atom/perlmutter/data/greentable/>

  ----- time =     1 ms ----- ( 0)
 it=  1 chi2=0.00E+00 zm= 7.53E-03 err=5.202E+00 dz= 7.535E-03 chigam= 0.00E+00
 it=  2 chi2=0.00E+00 zm= 1.07E-02 err=8.469E-01 dz= 3.169E-03 chigam= 0.00E+00
 it=  3 chi2=0.00E+00 zm= 1.31E-02 err=4.784E-01 dz= 2.388E-03 chigam= 0.00E+00
 it=  4 chi2=0.00E+00 zm= 1.49E-02 err=2.809E-01 dz= 1.803E-03 chigam= 0.00E+00
 it=  5 chi2=0.00E+00 zm= 1.63E-02 err=1.701E-01 dz= 1.374E-03 chigam= 0.00E+00
 it=  6 chi2=0.00E+00 zm= 1.73E-02 err=1.023E-01 dz= 1.047E-03 chigam= 0.00E+00
 it=  7 chi2=0.00E+00 zm= 1.81E-02 err=6.377E-02 dz= 7.971E-04 chigam= 0.00E+00
 it=  8 chi2=0.00E+00 zm= 1.87E-02 err=4.391E-02 dz= 6.048E-04 chigam= 0.00E+00
 it=  9 chi2=0.00E+00 zm= 1.92E-02 err=2.456E-02 dz= 4.473E-04 chigam= 0.00E+00
 it= 10 chi2=0.00E+00 zm= 1.95E-02 err=1.183E-02 dz= 3.266E-04 chigam= 0.00E+00
 it= 11 chi2=0.00E+00 zm= 1.97E-02 err=8.263E-03 dz= 2.407E-04 chigam= 0.00E+00
 it= 12 chi2=0.00E+00 zm= 1.99E-02 err=5.758E-03 dz= 1.769E-04 chigam= 0.00E+00
 it= 13 chi2=0.00E+00 zm= 2.00E-02 err=2.547E-03 dz= 1.255E-04 chigam= 0.00E+00
 it= 14 chi2=0.00E+00 zm= 2.01E-02 err=1.703E-03 dz= 9.116E-05 chigam= 0.00E+00
 it= 15 chi2=0.00E+00 zm= 2.02E-02 err=1.193E-03 dz= 6.623E-05 chigam= 0.00E+00
 it= 16 chi2=0.00E+00 zm= 2.02E-02 err=8.409E-04 dz= 4.811E-05 chigam= 0.00E+00
 it= 17 chi2=0.00E+00 zm= 2.03E-02 err=6.607E-04 dz= 3.495E-05 chigam= 0.00E+00
 it= 18 chi2=0.00E+00 zm= 2.03E-02 err=5.012E-04 dz= 2.539E-05 chigam= 0.00E+00
 it= 19 chi2=0.00E+00 zm= 2.03E-02 err=3.712E-04 dz= 1.845E-05 chigam= 0.00E+00
 it= 20 chi2=0.00E+00 zm= 2.03E-02 err=2.708E-04 dz= 1.341E-05 chigam= 0.00E+00
 it= 21 chi2=0.00E+00 zm= 2.03E-02 err=1.954E-04 dz= 9.743E-06 chigam= 0.00E+00
 it= 22 chi2=0.00E+00 zm= 2.03E-02 err=1.401E-04 dz= 7.081E-06 chigam= 0.00E+00
 it= 23 chi2=0.00E+00 zm= 2.04E-02 err=1.000E-04 dz= 5.149E-06 chigam= 0.00E+00
 it= 24 chi2=0.00E+00 zm= 2.04E-02 err=7.121E-05 dz= 3.743E-06 chigam= 0.00E+00

      ******************** EFITD129 x 129  output ********************

       data used:   
  0 flux loops
  0 magnetic probes(i)
  0 full rogowski
  0 diamagnetic loop


 shot #   =          1 time(ms) =          1 chi**2   =  0.000E+00
 betat(%) =      1.046 betap    =      0.526 li       =      0.857
 vol(cm3) =  0.775E+07 rout(cm) =    172.157 zout(cm) =      0.808
 elong    =      1.344 utriang  =     -0.373 ltriang  =     -0.309
 a(cm)    =     41.388 lin(cm)  = ********** lout(cm) =     10.630
 ltop(cm) = ********** q*       =      2.304 rc(cm)   =    176.472
 zc(cm)   =      1.812 bt0(t)   =      2.000 qout     =      2.200
