========================================================================
= FASTRAN

nonlinear model = 0
ichi = 1
ineo = 0
reading state...
read formatted input, inprof...
init geometry...
read formatted input, inmetric...
nrho in inmetric = 101
rhob in inmetric = 1.259304e+00
solve avg grad-shafranv...
solve_avg_gs::Ip_temp = 9.993049e+00 
solve_avg_gs::Ip      = 1.000000e+01 
>>> tau_he = 5.000000, nhe(0)=2.420405e+00

 plasma volume = 147.275141
 stored energy(e,i,b,a) = 4.088493e+01 3.860233e+01 0.000000e+00 0.000000e+00
 betan = 0.909405
*power
 Pnb(e,i) = 0.000000e+00 0.000000e+00
 Prf(e,i) = 1.061007e+01 2.944712e+01
 Prad     = -1.281878e+01 
 Pei      = -1.837864e+00 
 Pfuse    = 3.645423e+01 
 Pfusi    = 1.158406e+01 
 Poh      = 0.000000e+00 
*confinement time
 taut, tauITER98y2, H98y2 : 1.055934e+00 1.566733e+00 6.739722e-01
 taue, taui : 1.261582e+00 2.876065e+00
 taut, tau89, H89 : 1.055934e+00 7.900054e-01 1.336617e+00
*temperature
 nea, nebar : 1.773177e+01 2.075232e+01 
 tea, tia : 5.333320e+00 5.275374e+00 (1.010984e+00)
 te0, ti0 : 1.816189e+01 1.852254e+01 (9.805288e-01)
 Sn : 0.000000e+00 
*current balance
 Ip,Ibs,Inb,Irf: 1.000000e+01 1.512383e+00 0.000000e+00 2.258662e-01
 fni,fbs: 0.174 0.151

Time advancing...
rho_bdry 0.900000 ...
te_bdry = 0.972258
ti_bdry = 0.972455
ne_bdry = 13.087061
rv_bdry = 279.463030
nrho_tr_bdry = 18
drho_bdry = 0.000000e+00
nrhob = 90
 [    0] t = 0.0000 
>>> tau_he = 5.000000, nhe(0)=2.410887e+00
 5     -0.002   3.67e-03   1.07e-01   2.40e-03  -9.08e-03   0.00e+00 (  7.14e-01,  4.58e+01)
10     -0.001   1.40e-03  -5.23e-03  -2.28e-03  -5.44e-03   0.00e+00 (  4.33e-01,  9.11e+01)
15      0.007   2.46e-02  -2.24e-02  -1.39e-02   5.43e-02   0.00e+00 (  1.00e+01,  1.28e+02)
20      0.021   6.75e-02  -3.86e-03   2.28e-03   2.02e-01   0.00e+00 (  3.25e+01,  1.55e+02)
25      0.038   1.25e-01   1.01e-01   3.52e-02   4.01e-01   0.00e+00 (  6.64e+01,  1.76e+02)
30      0.081   2.32e-01   2.68e-01   1.10e-01   9.44e-01   0.00e+00 (  1.28e+02,  1.91e+02)
35      0.084   2.51e-01   3.25e-01   1.06e-01   1.06e+00   0.00e+00 (  1.31e+02,  1.94e+02)
40      0.096   2.83e-01   4.04e-01   1.24e-01   1.31e+00   0.00e+00 (  1.35e+02,  1.91e+02)
45      0.157   3.63e-01   6.18e-01   2.38e-01   2.25e+00   0.00e+00 (  1.55e+02,  1.83e+02)
50      0.208   4.37e-01   8.38e-01   3.55e-01   3.14e+00   0.00e+00 (  1.67e+02,  1.72e+02)
55      0.254   5.12e-01   1.06e+00   5.52e-01   3.98e+00   0.00e+00 (  1.75e+02,  1.60e+02)
60      0.283   5.62e-01   1.21e+00   7.47e-01   4.60e+00   0.00e+00 (  1.71e+02,  1.48e+02)
65      0.288   5.94e-01   1.29e+00   8.95e-01   4.81e+00   0.00e+00 (  1.61e+02,  1.37e+02)
70      0.266   5.90e-01   1.26e+00   9.54e-01   4.55e+00   0.00e+00 (  1.43e+02,  1.27e+02)
75      0.220   5.35e-01   1.11e+00   8.90e-01   3.84e+00   0.00e+00 (  1.16e+02,  1.18e+02)
80      0.163   4.32e-01   8.77e-01   7.37e-01   2.95e+00   0.00e+00 (  8.57e+01,  1.10e+02)
85      0.098   3.10e-01   5.86e-01   5.01e-01   1.99e+00   0.00e+00 (  6.13e+01,  1.04e+02)
90      0.022   1.22e-01   2.13e-01   1.83e-01   6.42e-01   0.00e+00 (  1.97e+01,  9.89e+01)
95      0.006   3.18e-02   4.54e-02   4.03e-02   2.50e-01   0.00e+00 (  2.73e+00,  9.33e+01)
 0 e: 1.117e-06 i: 1.187e-05 :: e: 0.000e+00 i: 0.000e+00 :: n: 2.763e+01 e:18.171 i:18.435 v:4.993e+03
>>> tau_he = 5.000000, nhe(0)=2.399258e+00
 5     -0.001   4.03e-03   1.53e-01   3.04e-03  -7.52e-03   0.00e+00 (  7.79e-01,  4.58e+01)
10     -0.002   9.62e-03   4.28e-02  -3.30e-03  -1.62e-02   0.00e+00 (  3.01e+00,  9.11e+01)
15      0.009   2.81e-02  -2.43e-02  -1.34e-02   7.00e-02   0.00e+00 (  1.16e+01,  1.28e+02)
20      0.023   7.02e-02  -1.98e-03   3.22e-03   2.13e-01   0.00e+00 (  3.40e+01,  1.55e+02)
25      0.039   1.26e-01   1.06e-01   3.56e-02   4.16e-01   0.00e+00 (  6.76e+01,  1.76e+02)
30      0.077   2.30e-01   2.61e-01   1.05e-01   8.98e-01   0.00e+00 (  1.26e+02,  1.91e+02)
35      0.084   2.51e-01   3.26e-01   1.06e-01   1.07e+00   0.00e+00 (  1.31e+02,  1.94e+02)
40      0.102   2.87e-01   4.17e-01   1.34e-01   1.39e+00   0.00e+00 (  1.38e+02,  1.91e+02)
45      0.160   3.66e-01   6.29e-01   2.42e-01   2.30e+00   0.00e+00 (  1.57e+02,  1.83e+02)
50      0.208   4.38e-01   8.44e-01   3.59e-01   3.15e+00   0.00e+00 (  1.67e+02,  1.72e+02)
55      0.251   5.10e-01   1.05e+00   5.51e-01   3.95e+00   0.00e+00 (  1.74e+02,  1.60e+02)
60      0.276   5.62e-01   1.20e+00   7.39e-01   4.48e+00   0.00e+00 (  1.71e+02,  1.48e+02)
65      0.281   5.88e-01   1.27e+00   8.82e-01   4.70e+00   0.00e+00 (  1.59e+02,  1.37e+02)
70      0.262   5.85e-01   1.24e+00   9.43e-01   4.47e+00   0.00e+00 (  1.41e+02,  1.27e+02)
75      0.219   5.34e-01   1.10e+00   8.86e-01   3.82e+00   0.00e+00 (  1.15e+02,  1.18e+02)
80      0.165   4.35e-01   8.82e-01   7.39e-01   2.98e+00   0.00e+00 (  8.61e+01,  1.10e+02)
85      0.101   3.15e-01   5.94e-01   5.07e-01   2.05e+00   0.00e+00 (  6.32e+01,  1.04e+02)
90      0.022   1.22e-01   2.14e-01   1.83e-01   6.38e-01   0.00e+00 (  2.02e+01,  9.89e+01)
95      0.006   3.18e-02   4.54e-02   4.03e-02   2.50e-01   0.00e+00 (  2.73e+00,  9.33e+01)
 1 e: 3.822e-02 i: 2.048e-01 :: e: 5.812e-03 i: 1.285e-02 :: n: 2.763e+01 e:21.442 i:25.433 v:4.993e+03
>>> tau_he = 5.000000, nhe(0)=3.113909e+00
 5     -0.011   8.53e-03   4.61e-01   5.81e-03  -6.08e-02   0.00e+00 (  3.19e+00,  4.58e+01)
10     -0.057   6.63e-02   1.23e-02  -4.95e-03  -3.85e-01   0.00e+00 (  4.78e+01,  9.11e+01)
15      0.113   3.13e-01   3.75e-01   7.55e-02   9.21e-01   0.00e+00 (  2.71e+02,  1.28e+02)
20      0.444   3.87e-01   4.75e-01   2.50e-01   4.18e+00   0.00e+00 (  3.18e+02,  1.55e+02)
25      0.275   3.07e-01   3.93e-01   1.90e-01   2.92e+00   0.00e+00 (  2.18e+02,  1.76e+02)
30      0.136   2.49e-01   3.84e-01   1.43e-01   1.59e+00   0.00e+00 (  1.44e+02,  1.91e+02)
35      0.147   2.72e-01   4.84e-01   1.45e-01   1.86e+00   0.00e+00 (  1.47e+02,  1.94e+02)
40      0.195   3.49e-01   6.98e-01   2.77e-01   2.65e+00   0.00e+00 (  1.71e+02,  1.91e+02)
45      0.191   3.84e-01   8.36e-01   3.47e-01   2.75e+00   0.00e+00 (  1.57e+02,  1.83e+02)
50      0.177   4.07e-01   8.99e-01   4.03e-01   2.67e+00   0.00e+00 (  1.39e+02,  1.72e+02)
55      0.172   4.29e-01   9.32e-01   4.86e-01   2.71e+00   0.00e+00 (  1.23e+02,  1.60e+02)
60      0.175   4.57e-01   9.66e-01   5.83e-01   2.85e+00   0.00e+00 (  1.14e+02,  1.48e+02)
65      0.184   4.88e-01   1.00e+00   6.73e-01   3.07e+00   0.00e+00 (  1.08e+02,  1.37e+02)
70      0.195   5.23e-01   1.06e+00   7.80e-01   3.34e+00   0.00e+00 (  1.07e+02,  1.27e+02)
75      0.195   5.35e-01   1.07e+00   8.38e-01   3.41e+00   0.00e+00 (  1.06e+02,  1.18e+02)
80      0.179   4.98e-01   1.00e+00   8.23e-01   3.24e+00   0.00e+00 (  1.01e+02,  1.10e+02)
85      0.135   3.87e-01   7.26e-01   6.13e-01   2.73e+00   0.00e+00 (  9.12e+01,  1.04e+02)
90      0.017   1.22e-01   2.11e-01   1.82e-01   5.16e-01   0.00e+00 (  2.37e+01,  9.89e+01)
95      0.006   3.18e-02   4.54e-02   4.03e-02   2.50e-01   0.00e+00 (  2.73e+00,  9.33e+01)
 2 e: 1.992e-02 i: 7.588e-03 :: e: 1.752e-01 i: 2.169e-01 :: n: 2.763e+01 e:23.764 i:26.591 v:4.993e+03
>>> tau_he = 5.000000, nhe(0)=3.197572e+00
 5     -0.022   1.16e-02   4.40e-01   8.33e-03  -1.16e-01   0.00e+00 (  6.36e+00,  4.58e+01)
10     -0.350   1.07e-01   3.91e-02  -1.49e-02  -2.38e+00   0.00e+00 (  1.10e+02,  9.11e+01)
15      0.112   3.71e-01   4.50e-01   1.81e-01   9.12e-01   0.00e+00 (  4.11e+02,  1.28e+02)
20      0.393   3.86e-01   4.75e-01   3.13e-01   3.70e+00   0.00e+00 (  3.95e+02,  1.55e+02)
25      0.310   3.16e-01   3.92e-01   2.40e-01   3.29e+00   0.00e+00 (  2.77e+02,  1.76e+02)
30      0.128   2.61e-01   3.70e-01   1.56e-01   1.50e+00   0.00e+00 (  1.79e+02,  1.91e+02)
35      0.130   2.72e-01   4.38e-01   1.63e-01   1.65e+00   0.00e+00 (  1.62e+02,  1.94e+02)
40      0.158   3.08e-01   5.73e-01   2.13e-01   2.14e+00   0.00e+00 (  1.54e+02,  1.91e+02)
45      0.155   3.32e-01   6.64e-01   2.68e-01   2.22e+00   0.00e+00 (  1.30e+02,  1.83e+02)
50      0.149   3.39e-01   7.02e-01   3.10e-01   2.24e+00   0.00e+00 (  1.05e+02,  1.72e+02)
55      0.150   3.55e-01   7.31e-01   3.76e-01   2.36e+00   0.00e+00 (  8.83e+01,  1.60e+02)
60      0.159   3.78e-01   7.71e-01   4.59e-01   2.59e+00   0.00e+00 (  7.91e+01,  1.48e+02)
65      0.174   4.12e-01   8.27e-01   5.53e-01   2.91e+00   0.00e+00 (  7.57e+01,  1.37e+02)
70      0.194   4.60e-01   9.14e-01   6.72e-01   3.32e+00   0.00e+00 (  7.82e+01,  1.27e+02)
75      0.205   4.98e-01   9.85e-01   7.64e-01   3.57e+00   0.00e+00 (  8.44e+01,  1.18e+02)
80      0.196   4.91e-01   9.79e-01   7.99e-01   3.54e+00   0.00e+00 (  9.10e+01,  1.10e+02)
85      0.151   4.05e-01   7.55e-01   6.36e-01   3.06e+00   0.00e+00 (  9.53e+01,  1.04e+02)
90      0.016   1.22e-01   2.10e-01   1.81e-01   4.73e-01   0.00e+00 (  2.45e+01,  9.89e+01)
95      0.006   3.18e-02   4.54e-02   4.03e-02   2.50e-01   0.00e+00 (  2.73e+00,  9.33e+01)
 3 e: 3.325e-03 i: 4.781e-03 :: e: 2.263e-01 i: 2.568e-01 :: n: 2.763e+01 e:23.207 i:26.558 v:4.993e+03
>>> tau_he = 5.000000, nhe(0)=3.195421e+00
 5     -0.023   1.14e-02   3.94e-01   8.07e-03  -1.23e-01   0.00e+00 (  6.41e+00,  4.58e+01)
10     -0.293   1.02e-01   4.17e-02  -1.32e-02  -2.00e+00   0.00e+00 (  9.85e+01,  9.11e+01)
15      0.143   3.50e-01   4.20e-01   1.22e-01   1.16e+00   0.00e+00 (  3.39e+02,  1.28e+02)
20      0.342   3.66e-01   4.51e-01   2.40e-01   3.22e+00   0.00e+00 (  3.38e+02,  1.55e+02)
25      0.297   3.30e-01   4.09e-01   2.42e-01   3.15e+00   0.00e+00 (  2.78e+02,  1.76e+02)
30      0.157   2.76e-01   4.04e-01   1.91e-01   1.83e+00   0.00e+00 (  1.92e+02,  1.91e+02)
35      0.157   2.88e-01   4.88e-01   2.05e-01   1.99e+00   0.00e+00 (  1.75e+02,  1.94e+02)
40      0.174   3.27e-01   6.41e-01   2.44e-01   2.37e+00   0.00e+00 (  1.66e+02,  1.91e+02)
45      0.178   3.54e-01   7.54e-01   3.15e-01   2.56e+00   0.00e+00 (  1.41e+02,  1.83e+02)
50      0.166   3.66e-01   8.02e-01   3.61e-01   2.51e+00   0.00e+00 (  1.15e+02,  1.72e+02)
55      0.165   3.80e-01   8.25e-01   4.35e-01   2.59e+00   0.00e+00 (  9.62e+01,  1.60e+02)
60      0.169   3.99e-01   8.47e-01   5.12e-01   2.75e+00   0.00e+00 (  8.50e+01,  1.48e+02)
65      0.180   4.30e-01   8.90e-01   6.02e-01   3.01e+00   0.00e+00 (  8.02e+01,  1.37e+02)
70      0.195   4.72e-01   9.58e-01   7.08e-01   3.33e+00   0.00e+00 (  8.12e+01,  1.27e+02)
75      0.200   5.04e-01   1.01e+00   7.87e-01   3.50e+00   0.00e+00 (  8.62e+01,  1.18e+02)
80      0.190   4.93e-01   9.99e-01   8.14e-01   3.42e+00   0.00e+00 (  9.20e+01,  1.10e+02)
85      0.143   4.13e-01   7.78e-01   6.55e-01   2.90e+00   0.00e+00 (  9.91e+01,  1.04e+02)
90      0.014   1.22e-01   2.09e-01   1.80e-01   4.05e-01   0.00e+00 (  2.49e+01,  9.89e+01)
95      0.006   3.18e-02   4.54e-02   4.03e-02   2.50e-01   0.00e+00 (  2.73e+00,  9.33e+01)
 4 e: 2.359e-03 i: 3.984e-03 :: e: 1.873e-01 i: 2.078e-01 :: n: 2.763e+01 e:22.579 i:25.965 v:4.993e+03
>>> tau_he = 5.000000, nhe(0)=3.153212e+00
 5     -0.023   1.10e-02   3.69e-01   7.88e-03  -1.21e-01   0.00e+00 (  6.33e+00,  4.58e+01)
10     -0.179   9.40e-02   4.14e-02  -1.81e-02  -1.22e+00   0.00e+00 (  8.73e+01,  9.11e+01)
15      0.103   3.07e-01   3.72e-01   8.13e-02   8.37e-01   0.00e+00 (  2.70e+02,  1.28e+02)
20      0.259   3.19e-01   3.88e-01   1.74e-01   2.44e+00   0.00e+00 (  2.72e+02,  1.55e+02)
25      0.282   3.06e-01   3.74e-01   2.10e-01   2.99e+00   0.00e+00 (  2.48e+02,  1.76e+02)
30      0.146   2.69e-01   3.85e-01   1.76e-01   1.71e+00   0.00e+00 (  1.88e+02,  1.91e+02)
35      0.139   2.77e-01   4.51e-01   1.65e-01   1.77e+00   0.00e+00 (  1.69e+02,  1.94e+02)
40      0.163   3.13e-01   5.86e-01   2.16e-01   2.22e+00   0.00e+00 (  1.60e+02,  1.91e+02)
45      0.162   3.40e-01   6.89e-01   2.80e-01   2.34e+00   0.00e+00 (  1.36e+02,  1.83e+02)
50      0.157   3.51e-01   7.42e-01   3.29e-01   2.38e+00   0.00e+00 (  1.11e+02,  1.72e+02)
55      0.159   3.66e-01   7.74e-01   4.05e-01   2.50e+00   0.00e+00 (  9.34e+01,  1.60e+02)
60      0.165   3.86e-01   8.03e-01   4.85e-01   2.68e+00   0.00e+00 (  8.22e+01,  1.48e+02)
65      0.176   4.14e-01   8.45e-01   5.72e-01   2.95e+00   0.00e+00 (  7.66e+01,  1.37e+02)
70      0.191   4.51e-01   9.07e-01   6.70e-01   3.26e+00   0.00e+00 (  7.62e+01,  1.27e+02)
75      0.196   4.80e-01   9.53e-01   7.41e-01   3.43e+00   0.00e+00 (  7.94e+01,  1.18e+02)
80      0.186   4.70e-01   9.40e-01   7.67e-01   3.37e+00   0.00e+00 (  8.39e+01,  1.10e+02)
85      0.143   3.94e-01   7.37e-01   6.22e-01   2.91e+00   0.00e+00 (  8.99e+01,  1.04e+02)
90      0.016   1.22e-01   2.10e-01   1.81e-01   4.78e-01   0.00e+00 (  2.42e+01,  9.89e+01)
95      0.006   3.18e-02   4.54e-02   4.03e-02   2.50e-01   0.00e+00 (  2.73e+00,  9.33e+01)
 5 e: 1.304e-03 i: 2.277e-03 :: e: 1.661e-01 i: 1.884e-01 :: n: 2.763e+01 e:22.177 i:25.308 v:4.993e+03
>>> tau_he = 5.000000, nhe(0)=3.103978e+00
 5     -0.022   1.03e-02   3.42e-01   7.59e-03  -1.16e-01   0.00e+00 (  5.92e+00,  4.58e+01)
10     -0.155   8.91e-02   4.00e-02  -1.99e-02  -1.05e+00   0.00e+00 (  7.87e+01,  9.11e+01)
15      0.001   2.68e-01   3.64e-01   6.24e-02   9.32e-03   0.00e+00 (  2.17e+02,  1.28e+02)
20      0.227   3.08e-01   3.64e-01   1.29e-01   2.13e+00   0.00e+00 (  2.44e+02,  1.55e+02)
25      0.269   3.09e-01   3.69e-01   1.83e-01   2.85e+00   0.00e+00 (  2.38e+02,  1.76e+02)
30      0.150   2.70e-01   3.95e-01   1.77e-01   1.75e+00   0.00e+00 (  1.85e+02,  1.91e+02)
35      0.150   2.85e-01   4.78e-01   1.97e-01   1.91e+00   0.00e+00 (  1.74e+02,  1.94e+02)
40      0.170   3.22e-01   6.16e-01   2.30e-01   2.32e+00   0.00e+00 (  1.64e+02,  1.91e+02)
45      0.174   3.52e-01   7.37e-01   3.04e-01   2.50e+00   0.00e+00 (  1.42e+02,  1.83e+02)
50      0.169   3.70e-01   8.04e-01   3.62e-01   2.55e+00   0.00e+00 (  1.20e+02,  1.72e+02)
55      0.172   3.90e-01   8.48e-01   4.50e-01   2.70e+00   0.00e+00 (  1.02e+02,  1.60e+02)
60      0.177   4.10e-01   8.78e-01   5.34e-01   2.87e+00   0.00e+00 (  9.02e+01,  1.48e+02)
65      0.186   4.37e-01   9.15e-01   6.25e-01   3.11e+00   0.00e+00 (  8.36e+01,  1.37e+02)
70      0.197   4.69e-01   9.62e-01   7.14e-01   3.36e+00   0.00e+00 (  8.15e+01,  1.27e+02)
75      0.197   4.91e-01   9.88e-01   7.72e-01   3.44e+00   0.00e+00 (  8.30e+01,  1.18e+02)
80      0.183   4.72e-01   9.55e-01   7.81e-01   3.30e+00   0.00e+00 (  8.53e+01,  1.10e+02)
85      0.136   3.95e-01   7.45e-01   6.29e-01   2.76e+00   0.00e+00 (  9.08e+01,  1.04e+02)
90      0.015   1.22e-01   2.10e-01   1.81e-01   4.42e-01   0.00e+00 (  2.44e+01,  9.89e+01)
95      0.006   3.18e-02   4.54e-02   4.03e-02   2.50e-01   0.00e+00 (  2.73e+00,  9.33e+01)
 6 e: 1.021e-03 i: 1.275e-03 :: e: 1.275e-01 i: 1.440e-01 :: n: 2.763e+01 e:21.612 i:24.903 v:4.993e+03
>>> tau_he = 5.000000, nhe(0)=3.072384e+00
 5     -0.021   9.90e-03   3.26e-01   7.33e-03  -1.13e-01   0.00e+00 (  5.64e+00,  4.58e+01)
10     -0.136   8.40e-02   3.66e-02  -1.91e-02  -9.26e-01   0.00e+00 (  7.11e+01,  9.11e+01)
15      0.000   2.45e-01   3.27e-01   3.97e-02   1.76e-03   0.00e+00 (  1.85e+02,  1.28e+02)
20      0.216   2.72e-01   3.17e-01   1.10e-01   2.04e+00   0.00e+00 (  2.02e+02,  1.55e+02)
25      0.230   2.87e-01   3.34e-01   1.50e-01   2.44e+00   0.00e+00 (  2.11e+02,  1.76e+02)
30      0.137   2.60e-01   3.76e-01   1.59e-01   1.61e+00   0.00e+00 (  1.75e+02,  1.91e+02)
35      0.136   2.75e-01   4.47e-01   1.71e-01   1.73e+00   0.00e+00 (  1.65e+02,  1.94e+02)
40      0.155   3.10e-01   5.77e-01   2.14e-01   2.10e+00   0.00e+00 (  1.56e+02,  1.91e+02)
45      0.162   3.42e-01   6.89e-01   2.79e-01   2.34e+00   0.00e+00 (  1.37e+02,  1.83e+02)
50      0.163   3.60e-01   7.63e-01   3.39e-01   2.46e+00   0.00e+00 (  1.16e+02,  1.72e+02)
55      0.168   3.82e-01   8.15e-01   4.31e-01   2.64e+00   0.00e+00 (  1.01e+02,  1.60e+02)
60      0.175   4.03e-01   8.52e-01   5.16e-01   2.85e+00   0.00e+00 (  8.92e+01,  1.48e+02)
65      0.185   4.30e-01   8.92e-01   6.09e-01   3.09e+00   0.00e+00 (  8.25e+01,  1.37e+02)
70      0.195   4.59e-01   9.35e-01   6.94e-01   3.33e+00   0.00e+00 (  7.96e+01,  1.27e+02)
75      0.196   4.75e-01   9.57e-01   7.54e-01   3.43e+00   0.00e+00 (  7.94e+01,  1.18e+02)
80      0.180   4.58e-01   9.18e-01   7.51e-01   3.26e+00   0.00e+00 (  8.08e+01,  1.10e+02)
85      0.136   3.82e-01   7.17e-01   6.05e-01   2.76e+00   0.00e+00 (  8.48e+01,  1.04e+02)
90      0.017   1.22e-01   2.11e-01   1.82e-01   5.14e-01   0.00e+00 (  2.38e+01,  9.89e+01)
95      0.006   3.18e-02   4.54e-02   4.03e-02   2.50e-01   0.00e+00 (  2.73e+00,  9.33e+01)
 7 e: 3.827e-04 i: 7.842e-04 :: e: 1.083e-01 i: 1.238e-01 :: n: 2.763e+01 e:21.439 i:24.441 v:4.993e+03
>>> tau_he = 5.000000, nhe(0)=3.035019e+00
 5     -0.020   9.46e-03   3.10e-01   7.18e-03  -1.09e-01   0.00e+00 (  5.39e+00,  4.58e+01)
10     -0.100   7.89e-02   3.47e-02  -1.71e-02  -6.77e-01   0.00e+00 (  6.49e+01,  9.11e+01)
15      0.015   2.37e-01   3.12e-01   3.72e-02   1.18e-01   0.00e+00 (  1.72e+02,  1.28e+02)
20      0.202   2.59e-01   3.03e-01   1.13e-01   1.90e+00   0.00e+00 (  1.86e+02,  1.55e+02)
25      0.153   2.57e-01   3.47e-01   1.62e-01   1.62e+00   0.00e+00 (  1.84e+02,  1.76e+02)
30      0.138   2.60e-01   3.82e-01   1.58e-01   1.62e+00   0.00e+00 (  1.72e+02,  1.91e+02)
35      0.139   2.78e-01   4.59e-01   1.73e-01   1.76e+00   0.00e+00 (  1.65e+02,  1.94e+02)
40      0.161   3.16e-01   5.97e-01   2.25e-01   2.19e+00   0.00e+00 (  1.58e+02,  1.91e+02)
45      0.168   3.51e-01   7.19e-01   2.93e-01   2.41e+00   0.00e+00 (  1.41e+02,  1.83e+02)
50      0.170   3.73e-01   8.02e-01   3.60e-01   2.57e+00   0.00e+00 (  1.22e+02,  1.72e+02)
55      0.176   3.97e-01   8.63e-01   4.60e-01   2.77e+00   0.00e+00 (  1.07e+02,  1.60e+02)
60      0.183   4.21e-01   9.05e-01   5.52e-01   2.98e+00   0.00e+00 (  9.52e+01,  1.48e+02)
65      0.192   4.47e-01   9.42e-01   6.47e-01   3.20e+00   0.00e+00 (  8.79e+01,  1.37e+02)
70      0.199   4.71e-01   9.72e-01   7.23e-01   3.40e+00   0.00e+00 (  8.35e+01,  1.27e+02)
75      0.197   4.83e-01   9.82e-01   7.76e-01   3.44e+00   0.00e+00 (  8.21e+01,  1.18e+02)
80      0.178   4.60e-01   9.30e-01   7.62e-01   3.22e+00   0.00e+00 (  8.20e+01,  1.10e+02)
85      0.131   3.83e-01   7.22e-01   6.10e-01   2.66e+00   0.00e+00 (  8.55e+01,  1.04e+02)
90      0.016   1.22e-01   2.11e-01   1.81e-01   4.72e-01   0.00e+00 (  2.39e+01,  9.89e+01)
95      0.006   3.18e-02   4.54e-02   4.03e-02   2.50e-01   0.00e+00 (  2.73e+00,  9.33e+01)
 8 e: 3.843e-04 i: 3.770e-04 :: e: 7.997e-02 i: 9.505e-02 :: n: 2.763e+01 e:21.066 i:24.232 v:4.993e+03
>>> tau_he = 5.000000, nhe(0)=3.017672e+00
 5     -0.020   9.21e-03   3.02e-01   7.00e-03  -1.07e-01   0.00e+00 (  5.22e+00,  4.58e+01)
10     -0.090   7.61e-02   3.26e-02  -1.64e-02  -6.10e-01   0.00e+00 (  6.08e+01,  9.11e+01)
15     -0.036   1.17e-01   1.00e-01  -5.43e-02  -2.97e-01   0.00e+00 (  8.20e+01,  1.28e+02)
20      0.120   2.31e-01   2.95e-01   9.24e-02   1.13e+00   0.00e+00 (  1.60e+02,  1.55e+02)
25      0.141   2.51e-01   3.32e-01   1.46e-01   1.50e+00   0.00e+00 (  1.75e+02,  1.76e+02)
30      0.129   2.54e-01   3.67e-01   1.44e-01   1.51e+00   0.00e+00 (  1.65e+02,  1.91e+02)
35      0.126   2.70e-01   4.35e-01   1.51e-01   1.60e+00   0.00e+00 (  1.58e+02,  1.94e+02)
40      0.149   3.06e-01   5.65e-01   2.11e-01   2.02e+00   0.00e+00 (  1.51e+02,  1.91e+02)
45      0.160   3.41e-01   6.84e-01   2.76e-01   2.31e+00   0.00e+00 (  1.36e+02,  1.83e+02)
50      0.165   3.64e-01   7.70e-01   3.43e-01   2.50e+00   0.00e+00 (  1.19e+02,  1.72e+02)
55      0.174   3.91e-01   8.37e-01   4.44e-01   2.73e+00   0.00e+00 (  1.05e+02,  1.60e+02)
60      0.182   4.15e-01   8.84e-01   5.39e-01   2.96e+00   0.00e+00 (  9.42e+01,  1.48e+02)
65      0.191   4.42e-01   9.24e-01   6.35e-01   3.19e+00   0.00e+00 (  8.70e+01,  1.37e+02)
70      0.199   4.64e-01   9.56e-01   7.14e-01   3.40e+00   0.00e+00 (  8.20e+01,  1.27e+02)
75      0.196   4.75e-01   9.61e-01   7.60e-01   3.42e+00   0.00e+00 (  8.02e+01,  1.18e+02)
80      0.177   4.51e-01   9.06e-01   7.43e-01   3.20e+00   0.00e+00 (  7.92e+01,  1.10e+02)
85      0.131   3.75e-01   7.04e-01   5.95e-01   2.67e+00   0.00e+00 (  8.18e+01,  1.04e+02)
90      0.018   1.22e-01   2.11e-01   1.82e-01   5.21e-01   0.00e+00 (  2.35e+01,  9.89e+01)
95      0.006   3.18e-02   4.54e-02   4.03e-02   2.50e-01   0.00e+00 (  2.73e+00,  9.33e+01)
 9 e: 1.126e-04 i: 5.636e-04 :: e: 6.826e-02 i: 8.688e-02 :: n: 2.763e+01 e:21.084 i:24.011 v:4.993e+03
>>> tau_he = 5.000000, nhe(0)=2.999077e+00
 5     -0.020   9.04e-03   2.98e-01   7.00e-03  -1.05e-01   0.00e+00 (  5.13e+00,  4.58e+01)
10     -0.086   7.56e-02   3.28e-02  -1.92e-02  -5.82e-01   0.00e+00 (  5.99e+01,  9.11e+01)
15      0.017   2.28e-01   3.00e-01   3.28e-02   1.39e-01   0.00e+00 (  1.61e+02,  1.28e+02)
20      0.115   2.24e-01   2.93e-01   9.25e-02   1.08e+00   0.00e+00 (  1.53e+02,  1.55e+02)
25      0.138   2.46e-01   3.31e-01   1.43e-01   1.47e+00   0.00e+00 (  1.69e+02,  1.76e+02)
30      0.129   2.54e-01   3.72e-01   1.44e-01   1.51e+00   0.00e+00 (  1.64e+02,  1.91e+02)
35      0.129   2.72e-01   4.46e-01   1.49e-01   1.64e+00   0.00e+00 (  1.58e+02,  1.94e+02)
40      0.154   3.10e-01   5.81e-01   2.21e-01   2.09e+00   0.00e+00 (  1.53e+02,  1.91e+02)
45      0.164   3.47e-01   7.05e-01   2.86e-01   2.35e+00   0.00e+00 (  1.39e+02,  1.83e+02)
50      0.170   3.73e-01   7.98e-01   3.57e-01   2.56e+00   0.00e+00 (  1.22e+02,  1.72e+02)
55      0.179   4.01e-01   8.71e-01   4.65e-01   2.81e+00   0.00e+00 (  1.09e+02,  1.60e+02)
60      0.187   4.27e-01   9.21e-01   5.64e-01   3.04e+00   0.00e+00 (  9.84e+01,  1.48e+02)
65      0.196   4.51e-01   9.60e-01   6.66e-01   3.28e+00   0.00e+00 (  9.03e+01,  1.37e+02)
70      0.202   4.74e-01   9.85e-01   7.38e-01   3.45e+00   0.00e+00 (  8.52e+01,  1.27e+02)
75      0.196   4.81e-01   9.79e-01   7.75e-01   3.43e+00   0.00e+00 (  8.22e+01,  1.18e+02)
80      0.176   4.52e-01   9.15e-01   7.51e-01   3.18e+00   0.00e+00 (  8.01e+01,  1.10e+02)
85      0.128   3.76e-01   7.08e-01   5.99e-01   2.60e+00   0.00e+00 (  8.24e+01,  1.04e+02)
90      0.017   1.22e-01   2.11e-01   1.82e-01   4.90e-01   0.00e+00 (  2.36e+01,  9.89e+01)
95      0.006   3.18e-02   4.54e-02   4.03e-02   2.50e-01   0.00e+00 (  2.73e+00,  9.33e+01)
10 e: 1.747e-04 i: 1.609e-04 :: e: 5.482e-02 i: 6.714e-02 :: n: 2.763e+01 e:20.831 i:23.917 v:4.993e+03
>>> tau_he = 5.000000, nhe(0)=2.991046e+00
 5     -0.019   8.96e-03   2.93e-01   6.95e-03  -1.04e-01   0.00e+00 (  5.07e+00,  4.58e+01)
10     -0.080   7.41e-02   3.17e-02  -1.88e-02  -5.43e-01   0.00e+00 (  5.75e+01,  9.11e+01)
15      0.008   2.19e-01   2.86e-01   2.60e-02   6.21e-02   0.00e+00 (  1.50e+02,  1.28e+02)
20      0.109   2.14e-01   2.79e-01   8.49e-02   1.03e+00   0.00e+00 (  1.44e+02,  1.55e+02)
25      0.131   2.41e-01   3.21e-01   1.40e-01   1.39e+00   0.00e+00 (  1.62e+02,  1.76e+02)
30      0.123   2.49e-01   3.62e-01   1.46e-01   1.44e+00   0.00e+00 (  1.59e+02,  1.91e+02)
35      0.120   2.71e-01   4.24e-01   1.53e-01   1.53e+00   0.00e+00 (  1.56e+02,  1.94e+02)
40      0.144   3.02e-01   5.55e-01   2.10e-01   1.96e+00   0.00e+00 (  1.47e+02,  1.91e+02)
45      0.158   3.40e-01   6.78e-01   2.73e-01   2.28e+00   0.00e+00 (  1.35e+02,  1.83e+02)
50      0.166   3.66e-01   7.72e-01   3.43e-01   2.51e+00   0.00e+00 (  1.20e+02,  1.72e+02)
55      0.177   3.96e-01   8.49e-01   4.51e-01   2.78e+00   0.00e+00 (  1.07e+02,  1.60e+02)
60      0.186   4.23e-01   9.03e-01   5.52e-01   3.02e+00   0.00e+00 (  9.72e+01,  1.48e+02)
65      0.196   4.47e-01   9.45e-01   6.55e-01   3.27e+00   0.00e+00 (  8.93e+01,  1.37e+02)
70      0.201   4.69e-01   9.70e-01   7.27e-01   3.44e+00   0.00e+00 (  8.40e+01,  1.27e+02)
75      0.196   4.74e-01   9.62e-01   7.62e-01   3.42e+00   0.00e+00 (  8.06e+01,  1.18e+02)
80      0.176   4.46e-01   8.98e-01   7.37e-01   3.17e+00   0.00e+00 (  7.80e+01,  1.10e+02)
85      0.129   3.70e-01   6.95e-01   5.88e-01   2.61e+00   0.00e+00 (  7.98e+01,  1.04e+02)
90      0.018   1.23e-01   2.12e-01   1.82e-01   5.26e-01   0.00e+00 (  2.33e+01,  9.89e+01)
95      0.006   3.18e-02   4.54e-02   4.03e-02   2.50e-01   0.00e+00 (  2.73e+00,  9.33e+01)
11 e: 6.800e-05 i: 1.544e-04 :: e: 5.072e-02 i: 6.072e-02 :: n: 2.763e+01 e:20.828 i:23.703 v:4.993e+03
>>> tau_he = 5.000000, nhe(0)=2.972456e+00
 5     -0.019   8.80e-03   2.85e-01   6.97e-03  -1.02e-01   0.00e+00 (  4.99e+00,  4.58e+01)
10     -0.078   7.39e-02   3.28e-02  -1.93e-02  -5.33e-01   0.00e+00 (  5.67e+01,  9.11e+01)
15     -0.027   1.14e-01   9.96e-02  -4.99e-02  -2.24e-01   0.00e+00 (  7.66e+01,  1.28e+02)
20      0.109   2.10e-01   2.77e-01   8.50e-02   1.03e+00   0.00e+00 (  1.40e+02,  1.55e+02)
25      0.130   2.40e-01   3.22e-01   1.41e-01   1.38e+00   0.00e+00 (  1.61e+02,  1.76e+02)
30      0.124   2.50e-01   3.67e-01   1.48e-01   1.45e+00   0.00e+00 (  1.59e+02,  1.91e+02)
35      0.125   2.68e-01   4.29e-01   1.49e-01   1.58e+00   0.00e+00 (  1.54e+02,  1.94e+02)
40      0.149   3.06e-01   5.69e-01   2.17e-01   2.02e+00   0.00e+00 (  1.49e+02,  1.91e+02)
45      0.161   3.45e-01   6.96e-01   2.81e-01   2.32e+00   0.00e+00 (  1.38e+02,  1.83e+02)
50      0.170   3.73e-01   7.95e-01   3.55e-01   2.56e+00   0.00e+00 (  1.23e+02,  1.72e+02)
55      0.181   4.04e-01   8.75e-01   4.65e-01   2.84e+00   0.00e+00 (  1.11e+02,  1.60e+02)
60      0.190   4.32e-01   9.31e-01   5.72e-01   3.09e+00   0.00e+00 (  1.01e+02,  1.48e+02)
65      0.199   4.56e-01   9.72e-01   6.75e-01   3.32e+00   0.00e+00 (  9.24e+01,  1.37e+02)
70      0.203   4.75e-01   9.91e-01   7.43e-01   3.47e+00   0.00e+00 (  8.63e+01,  1.27e+02)
75      0.196   4.79e-01   9.77e-01   7.74e-01   3.42e+00   0.00e+00 (  8.24e+01,  1.18e+02)
80      0.174   4.48e-01   9.06e-01   7.44e-01   3.15e+00   0.00e+00 (  7.90e+01,  1.10e+02)
85      0.126   3.71e-01   6.98e-01   5.91e-01   2.56e+00   0.00e+00 (  8.03e+01,  1.04e+02)
90      0.017   1.22e-01   2.12e-01   1.82e-01   5.02e-01   0.00e+00 (  2.34e+01,  9.89e+01)
95      0.006   3.18e-02   4.54e-02   4.03e-02   2.50e-01   0.00e+00 (  2.73e+00,  9.33e+01)
12 e: 8.538e-05 i: 2.616e-04 :: e: 3.960e-02 i: 4.962e-02 :: n: 2.763e+01 e:20.710 i:23.710 v:4.993e+03
>>> tau_he = 5.000000, nhe(0)=2.973138e+00
 5     -0.019   8.77e-03   2.89e-01   6.88e-03  -1.02e-01   0.00e+00 (  4.95e+00,  4.58e+01)
10     -0.076   7.29e-02   3.12e-02  -1.86e-02  -5.14e-01   0.00e+00 (  5.55e+01,  9.11e+01)
15      0.016   2.18e-01   2.84e-01   2.87e-02   1.33e-01   0.00e+00 (  1.48e+02,  1.28e+02)
20      0.103   2.06e-01   2.70e-01   8.60e-02   9.68e-01   0.00e+00 (  1.36e+02,  1.55e+02)
25      0.125   2.35e-01   3.12e-01   1.36e-01   1.32e+00   0.00e+00 (  1.56e+02,  1.76e+02)
30      0.121   2.47e-01   3.59e-01   1.41e-01   1.41e+00   0.00e+00 (  1.55e+02,  1.91e+02)
35      0.121   2.65e-01   4.18e-01   1.44e-01   1.54e+00   0.00e+00 (  1.51e+02,  1.94e+02)
40      0.140   2.99e-01   5.46e-01   1.75e-01   1.90e+00   0.00e+00 (  1.44e+02,  1.91e+02)
45      0.157   3.39e-01   6.75e-01   2.72e-01   2.26e+00   0.00e+00 (  1.34e+02,  1.83e+02)
50      0.167   3.68e-01   7.75e-01   3.45e-01   2.52e+00   0.00e+00 (  1.21e+02,  1.72e+02)
55      0.179   3.99e-01   8.57e-01   4.55e-01   2.81e+00   0.00e+00 (  1.09e+02,  1.60e+02)
60      0.189   4.28e-01   9.17e-01   5.62e-01   3.07e+00   0.00e+00 (  9.95e+01,  1.48e+02)
65      0.198   4.52e-01   9.60e-01   6.66e-01   3.31e+00   0.00e+00 (  9.15e+01,  1.37e+02)
70      0.203   4.71e-01   9.79e-01   7.34e-01   3.46e+00   0.00e+00 (  8.54e+01,  1.27e+02)
75      0.196   4.75e-01   9.65e-01   7.65e-01   3.41e+00   0.00e+00 (  8.12e+01,  1.18e+02)
80      0.174   4.43e-01   8.93e-01   7.34e-01   3.15e+00   0.00e+00 (  7.75e+01,  1.10e+02)
85      0.127   3.67e-01   6.89e-01   5.84e-01   2.57e+00   0.00e+00 (  7.84e+01,  1.04e+02)
90      0.018   1.23e-01   2.12e-01   1.82e-01   5.29e-01   0.00e+00 (  2.32e+01,  9.89e+01)
95      0.006   3.18e-02   4.54e-02   4.03e-02   2.50e-01   0.00e+00 (  2.73e+00,  9.33e+01)
13 e: 3.770e-05 i: 7.858e-05 :: e: 3.926e-02 i: 4.495e-02 :: n: 2.763e+01 e:20.723 i:23.582 v:4.993e+03
>>> tau_he = 5.000000, nhe(0)=2.961836e+00
 5     -0.019   8.70e-03   2.83e-01   6.93e-03  -1.01e-01   0.00e+00 (  4.93e+00,  4.58e+01)
10     -0.074   7.28e-02   3.20e-02  -1.90e-02  -5.00e-01   0.00e+00 (  5.50e+01,  9.11e+01)
15      0.020   2.17e-01   2.81e-01   2.83e-02   1.63e-01   0.00e+00 (  1.45e+02,  1.28e+02)
20      0.098   2.05e-01   2.69e-01   8.65e-02   9.26e-01   0.00e+00 (  1.35e+02,  1.55e+02)
25      0.125   2.35e-01   3.14e-01   1.37e-01   1.32e+00   0.00e+00 (  1.55e+02,  1.76e+02)
30      0.122   2.48e-01   3.63e-01   1.43e-01   1.42e+00   0.00e+00 (  1.56e+02,  1.91e+02)
35      0.123   2.67e-01   4.24e-01   1.45e-01   1.56e+00   0.00e+00 (  1.52e+02,  1.94e+02)
40      0.144   3.02e-01   5.56e-01   1.79e-01   1.96e+00   0.00e+00 (  1.46e+02,  1.91e+02)
45      0.159   3.43e-01   6.89e-01   2.78e-01   2.29e+00   0.00e+00 (  1.36e+02,  1.83e+02)
50      0.170   3.73e-01   7.92e-01   3.53e-01   2.56e+00   0.00e+00 (  1.23e+02,  1.72e+02)
55      0.182   4.06e-01   8.77e-01   4.66e-01   2.86e+00   0.00e+00 (  1.12e+02,  1.60e+02)
60      0.192   4.35e-01   9.38e-01   5.76e-01   3.12e+00   0.00e+00 (  1.02e+02,  1.48e+02)
65      0.201   4.59e-01   9.79e-01   6.81e-01   3.35e+00   0.00e+00 (  9.37e+01,  1.37e+02)
70      0.204   4.77e-01   9.96e-01   7.48e-01   3.49e+00   0.00e+00 (  8.73e+01,  1.27e+02)
75      0.196   4.79e-01   9.76e-01   7.75e-01   3.42e+00   0.00e+00 (  8.26e+01,  1.18e+02)
80      0.173   4.45e-01   9.00e-01   7.39e-01   3.13e+00   0.00e+00 (  7.83e+01,  1.10e+02)
85      0.125   3.67e-01   6.92e-01   5.86e-01   2.53e+00   0.00e+00 (  7.89e+01,  1.04e+02)
90      0.017   1.22e-01   2.12e-01   1.82e-01   5.11e-01   0.00e+00 (  2.33e+01,  9.89e+01)
95      0.006   3.18e-02   4.54e-02   4.03e-02   2.50e-01   0.00e+00 (  2.73e+00,  9.33e+01)
14 e: 5.171e-05 i: 5.774e-05 :: e: 2.898e-02 i: 3.387e-02 :: n: 2.763e+01 e:20.602 i:23.536 v:4.993e+03
>>> tau_he = 5.000000, nhe(0)=2.957815e+00
 5     -0.019   8.64e-03   2.81e-01   6.87e-03  -1.01e-01   0.00e+00 (  4.88e+00,  4.58e+01)
10     -0.070   7.20e-02   3.13e-02  -1.87e-02  -4.76e-01   0.00e+00 (  5.37e+01,  9.11e+01)
15     -0.020   1.11e-01   8.91e-02  -2.27e-02  -1.63e-01   0.00e+00 (  7.31e+01,  1.28e+02)
20      0.094   2.00e-01   2.64e-01   8.13e-02   8.81e-01   0.00e+00 (  1.31e+02,  1.55e+02)
25      0.122   2.33e-01   3.08e-01   1.33e-01   1.29e+00   0.00e+00 (  1.52e+02,  1.76e+02)
30      0.119   2.46e-01   3.56e-01   1.36e-01   1.39e+00   0.00e+00 (  1.54e+02,  1.91e+02)
35      0.121   2.64e-01   4.17e-01   1.42e-01   1.53e+00   0.00e+00 (  1.50e+02,  1.94e+02)
40      0.138   2.98e-01   5.43e-01   1.74e-01   1.88e+00   0.00e+00 (  1.44e+02,  1.91e+02)
45      0.157   3.40e-01   6.75e-01   2.71e-01   2.25e+00   0.00e+00 (  1.35e+02,  1.83e+02)
50      0.168   3.69e-01   7.78e-01   3.46e-01   2.53e+00   0.00e+00 (  1.22e+02,  1.72e+02)
55      0.180   4.03e-01   8.65e-01   4.59e-01   2.84e+00   0.00e+00 (  1.11e+02,  1.60e+02)
60      0.191   4.32e-01   9.27e-01   5.69e-01   3.11e+00   0.00e+00 (  1.01e+02,  1.48e+02)
65      0.200   4.56e-01   9.70e-01   6.74e-01   3.35e+00   0.00e+00 (  9.32e+01,  1.37e+02)
70      0.204   4.75e-01   9.88e-01   7.41e-01   3.49e+00   0.00e+00 (  8.67e+01,  1.27e+02)
75      0.196   4.76e-01   9.68e-01   7.68e-01   3.42e+00   0.00e+00 (  8.18e+01,  1.18e+02)
80      0.173   4.42e-01   8.91e-01   7.32e-01   3.13e+00   0.00e+00 (  7.73e+01,  1.10e+02)
85      0.125   3.65e-01   6.85e-01   5.81e-01   2.54e+00   0.00e+00 (  7.77e+01,  1.04e+02)
90      0.018   1.23e-01   2.12e-01   1.82e-01   5.31e-01   0.00e+00 (  2.31e+01,  9.89e+01)
95      0.006   3.18e-02   4.54e-02   4.03e-02   2.50e-01   0.00e+00 (  2.73e+00,  9.33e+01)
15 e: 4.287e-05 i: 2.152e-04 :: e: 3.364e-02 i: 3.695e-02 :: n: 2.763e+01 e:20.675 i:23.505 v:4.993e+03
>>> tau_he = 5.000000, nhe(0)=2.955113e+00
 5     -0.019   8.64e-03   2.83e-01   6.91e-03  -1.00e-01   0.00e+00 (  4.88e+00,  4.58e+01)
10     -0.070   7.21e-02   3.12e-02  -1.88e-02  -4.73e-01   0.00e+00 (  5.37e+01,  9.11e+01)
15      0.024   2.17e-01   2.83e-01   3.03e-02   1.92e-01   0.00e+00 (  1.45e+02,  1.28e+02)
20      0.096   2.02e-01   2.66e-01   8.42e-02   9.07e-01   0.00e+00 (  1.33e+02,  1.55e+02)
25      0.121   2.32e-01   3.09e-01   1.33e-01   1.28e+00   0.00e+00 (  1.52e+02,  1.76e+02)
30      0.119   2.46e-01   3.59e-01   1.37e-01   1.39e+00   0.00e+00 (  1.54e+02,  1.91e+02)
35      0.122   2.66e-01   4.22e-01   1.43e-01   1.54e+00   0.00e+00 (  1.51e+02,  1.94e+02)
40      0.140   3.00e-01   5.51e-01   1.77e-01   1.90e+00   0.00e+00 (  1.45e+02,  1.91e+02)
45      0.158   3.43e-01   6.85e-01   2.76e-01   2.28e+00   0.00e+00 (  1.36e+02,  1.83e+02)
50      0.170   3.74e-01   7.91e-01   3.53e-01   2.56e+00   0.00e+00 (  1.24e+02,  1.72e+02)
55      0.183   4.07e-01   8.80e-01   4.68e-01   2.87e+00   0.00e+00 (  1.13e+02,  1.60e+02)
60      0.193   4.37e-01   9.43e-01   5.80e-01   3.14e+00   0.00e+00 (  1.03e+02,  1.48e+02)
65      0.202   4.61e-01   9.85e-01   6.84e-01   3.38e+00   0.00e+00 (  9.49e+01,  1.37e+02)
70      0.205   4.79e-01   1.00e+00   7.52e-01   3.51e+00   0.00e+00 (  8.83e+01,  1.27e+02)
75      0.196   4.79e-01   9.77e-01   7.76e-01   3.42e+00   0.00e+00 (  8.30e+01,  1.18e+02)
80      0.173   4.44e-01   8.97e-01   7.37e-01   3.12e+00   0.00e+00 (  7.81e+01,  1.10e+02)
85      0.124   3.65e-01   6.88e-01   5.83e-01   2.52e+00   0.00e+00 (  7.81e+01,  1.04e+02)
90      0.018   1.23e-01   2.12e-01   1.82e-01   5.17e-01   0.00e+00 (  2.32e+01,  9.89e+01)
95      0.006   3.18e-02   4.54e-02   4.03e-02   2.50e-01   0.00e+00 (  2.73e+00,  9.33e+01)
16 e: 2.974e-05 i: 4.686e-05 :: e: 2.355e-02 i: 2.584e-02 :: n: 2.763e+01 e:20.589 i:23.499 v:4.993e+03
>>> tau_he = 5.000000, nhe(0)=2.954523e+00
 5     -0.019   8.62e-03   2.81e-01   6.87e-03  -1.01e-01   0.00e+00 (  4.87e+00,  4.58e+01)
10     -0.068   7.17e-02   3.09e-02  -1.86e-02  -4.60e-01   0.00e+00 (  5.30e+01,  9.11e+01)
15     -0.022   1.12e-01   9.85e-02  -4.76e-02  -1.76e-01   0.00e+00 (  7.36e+01,  1.28e+02)
20      0.048   1.19e-01   1.25e-01  -2.83e-03   4.49e-01   0.00e+00 (  7.78e+01,  1.55e+02)
25      0.119   2.30e-01   3.05e-01   1.30e-01   1.26e+00   0.00e+00 (  1.50e+02,  1.76e+02)
30      0.117   2.45e-01   3.54e-01   1.36e-01   1.37e+00   0.00e+00 (  1.53e+02,  1.91e+02)
35      0.120   2.64e-01   4.15e-01   1.41e-01   1.52e+00   0.00e+00 (  1.49e+02,  1.94e+02)
40      0.137   2.97e-01   5.40e-01   1.74e-01   1.86e+00   0.00e+00 (  1.43e+02,  1.91e+02)
45      0.156   3.40e-01   6.73e-01   2.71e-01   2.25e+00   0.00e+00 (  1.35e+02,  1.83e+02)
50      0.168   3.71e-01   7.79e-01   3.46e-01   2.54e+00   0.00e+00 (  1.22e+02,  1.72e+02)
55      0.182   4.05e-01   8.69e-01   4.61e-01   2.86e+00   0.00e+00 (  1.12e+02,  1.60e+02)
60      0.193   4.35e-01   9.34e-01   5.74e-01   3.13e+00   0.00e+00 (  1.03e+02,  1.48e+02)
65      0.202   4.59e-01   9.78e-01   6.78e-01   3.37e+00   0.00e+00 (  9.44e+01,  1.37e+02)
70      0.205   4.77e-01   9.95e-01   7.47e-01   3.51e+00   0.00e+00 (  8.78e+01,  1.27e+02)
75      0.196   4.77e-01   9.71e-01   7.71e-01   3.42e+00   0.00e+00 (  8.24e+01,  1.18e+02)
80      0.173   4.41e-01   8.91e-01   7.32e-01   3.13e+00   0.00e+00 (  7.74e+01,  1.10e+02)
85      0.125   3.64e-01   6.83e-01   5.79e-01   2.53e+00   0.00e+00 (  7.73e+01,  1.04e+02)
90      0.018   1.23e-01   2.12e-01   1.82e-01   5.32e-01   0.00e+00 (  2.31e+01,  9.89e+01)
95      0.006   3.18e-02   4.54e-02   4.03e-02   2.50e-01   0.00e+00 (  2.73e+00,  9.33e+01)
17 e: 8.660e-05 i: 2.571e-04 :: e: 3.798e-02 i: 3.544e-02 :: n: 2.763e+01 e:20.701 i:23.542 v:4.993e+03
>>> tau_he = 5.000000, nhe(0)=2.958359e+00
 5     -0.019   8.65e-03   2.86e-01   6.88e-03  -1.01e-01   0.00e+00 (  4.89e+00,  4.58e+01)
10     -0.067   7.25e-02   3.06e-02  -1.86e-02  -4.58e-01   0.00e+00 (  5.36e+01,  9.11e+01)
15      0.027   2.23e-01   2.88e-01   3.07e-02   2.23e-01   0.00e+00 (  1.49e+02,  1.28e+02)
20      0.101   2.05e-01   2.72e-01   8.31e-02   9.52e-01   0.00e+00 (  1.37e+02,  1.55e+02)
25      0.120   2.31e-01   3.08e-01   1.31e-01   1.27e+00   0.00e+00 (  1.51e+02,  1.76e+02)
30      0.117   2.46e-01   3.57e-01   1.36e-01   1.37e+00   0.00e+00 (  1.53e+02,  1.91e+02)
35      0.121   2.65e-01   4.20e-01   1.42e-01   1.53e+00   0.00e+00 (  1.50e+02,  1.94e+02)
40      0.138   3.00e-01   5.48e-01   1.76e-01   1.88e+00   0.00e+00 (  1.44e+02,  1.91e+02)
45      0.158   3.43e-01   6.83e-01   2.75e-01   2.27e+00   0.00e+00 (  1.36e+02,  1.83e+02)
50      0.170   3.74e-01   7.91e-01   3.52e-01   2.56e+00   0.00e+00 (  1.24e+02,  1.72e+02)
55      0.183   4.09e-01   8.82e-01   4.69e-01   2.88e+00   0.00e+00 (  1.14e+02,  1.60e+02)
60      0.194   4.39e-01   9.47e-01   5.83e-01   3.16e+00   0.00e+00 (  1.04e+02,  1.48e+02)
65      0.203   4.63e-01   9.90e-01   6.88e-01   3.40e+00   0.00e+00 (  9.59e+01,  1.37e+02)
70      0.206   4.81e-01   1.01e+00   7.56e-01   3.52e+00   0.00e+00 (  8.91e+01,  1.27e+02)
75      0.196   4.80e-01   9.79e-01   7.78e-01   3.43e+00   0.00e+00 (  8.34e+01,  1.18e+02)
80      0.173   4.43e-01   8.96e-01   7.37e-01   3.12e+00   0.00e+00 (  7.81e+01,  1.10e+02)
85      0.124   3.64e-01   6.86e-01   5.81e-01   2.51e+00   0.00e+00 (  7.77e+01,  1.04e+02)
90      0.018   1.23e-01   2.12e-01   1.82e-01   5.20e-01   0.00e+00 (  2.31e+01,  9.89e+01)
95      0.006   3.18e-02   4.54e-02   4.03e-02   2.50e-01   0.00e+00 (  2.73e+00,  9.33e+01)
18 e: 2.437e-05 i: 5.580e-05 :: e: 2.052e-02 i: 2.188e-02 :: n: 2.763e+01 e:20.640 i:23.560 v:4.993e+03
>>> tau_he = 5.000000, nhe(0)=2.959917e+00
 5     -0.019   8.69e-03   2.84e-01   6.92e-03  -1.01e-01   0.00e+00 (  4.93e+00,  4.58e+01)
10     -0.066   7.24e-02   3.07e-02  -1.86e-02  -4.50e-01   0.00e+00 (  5.33e+01,  9.11e+01)
15      0.024   2.17e-01   2.80e-01   2.80e-02   1.97e-01   0.00e+00 (  1.44e+02,  1.28e+02)
20      0.096   2.04e-01   2.67e-01   8.53e-02   9.02e-01   0.00e+00 (  1.35e+02,  1.55e+02)
25      0.118   2.30e-01   3.04e-01   1.29e-01   1.25e+00   0.00e+00 (  1.50e+02,  1.76e+02)
30      0.116   2.45e-01   3.53e-01   1.34e-01   1.36e+00   0.00e+00 (  1.52e+02,  1.91e+02)
35      0.120   2.64e-01   4.15e-01   1.40e-01   1.52e+00   0.00e+00 (  1.49e+02,  1.94e+02)
40      0.136   2.97e-01   5.39e-01   1.73e-01   1.85e+00   0.00e+00 (  1.43e+02,  1.91e+02)
45      0.156   3.40e-01   6.73e-01   2.70e-01   2.25e+00   0.00e+00 (  1.35e+02,  1.83e+02)
50      0.169   3.72e-01   7.80e-01   3.47e-01   2.54e+00   0.00e+00 (  1.23e+02,  1.72e+02)
55      0.183   4.07e-01   8.73e-01   4.63e-01   2.87e+00   0.00e+00 (  1.13e+02,  1.60e+02)
60      0.194   4.37e-01   9.39e-01   5.77e-01   3.15e+00   0.00e+00 (  1.04e+02,  1.48e+02)
65      0.203   4.61e-01   9.83e-01   6.83e-01   3.39e+00   0.00e+00 (  9.54e+01,  1.37e+02)
70      0.206   4.80e-01   1.00e+00   7.51e-01   3.52e+00   0.00e+00 (  8.87e+01,  1.27e+02)
75      0.197   4.79e-01   9.74e-01   7.74e-01   3.43e+00   0.00e+00 (  8.30e+01,  1.18e+02)
80      0.173   4.42e-01   8.91e-01   7.33e-01   3.13e+00   0.00e+00 (  7.76e+01,  1.10e+02)
85      0.125   3.63e-01   6.82e-01   5.78e-01   2.53e+00   0.00e+00 (  7.71e+01,  1.04e+02)
90      0.018   1.23e-01   2.12e-01   1.82e-01   5.33e-01   0.00e+00 (  2.30e+01,  9.89e+01)
95      0.006   3.18e-02   4.54e-02   4.03e-02   2.50e-01   0.00e+00 (  2.73e+00,  9.33e+01)
19 e: 3.164e-05 i: 5.239e-05 :: e: 1.998e-02 i: 2.079e-02 :: n: 2.763e+01 e:20.669 i:23.491 v:4.993e+03
>>> tau_he = 5.000000, nhe(0)=2.953782e+00
 5     -0.019   8.63e-03   2.80e-01   6.90e-03  -1.01e-01   0.00e+00 (  4.90e+00,  4.58e+01)
10     -0.065   7.25e-02   3.12e-02  -1.88e-02  -4.40e-01   0.00e+00 (  5.31e+01,  9.11e+01)
15     -0.017   1.14e-01   1.00e-01  -4.64e-02  -1.40e-01   0.00e+00 (  7.50e+01,  1.28e+02)
20      0.096   2.04e-01   2.67e-01   8.52e-02   9.02e-01   0.00e+00 (  1.35e+02,  1.55e+02)
25      0.119   2.31e-01   3.06e-01   1.30e-01   1.26e+00   0.00e+00 (  1.51e+02,  1.76e+02)
30      0.118   2.46e-01   3.56e-01   1.36e-01   1.37e+00   0.00e+00 (  1.54e+02,  1.91e+02)
35      0.121   2.66e-01   4.20e-01   1.42e-01   1.53e+00   0.00e+00 (  1.51e+02,  1.94e+02)
40      0.138   3.00e-01   5.46e-01   1.75e-01   1.88e+00   0.00e+00 (  1.45e+02,  1.91e+02)
45      0.158   3.44e-01   6.83e-01   2.74e-01   2.27e+00   0.00e+00 (  1.37e+02,  1.83e+02)
50      0.170   3.76e-01   7.92e-01   3.53e-01   2.57e+00   0.00e+00 (  1.25e+02,  1.72e+02)
55      0.184   4.12e-01   8.88e-01   4.69e-01   2.90e+00   0.00e+00 (  1.15e+02,  1.60e+02)
60      0.196   4.40e-01   9.54e-01   5.90e-01   3.19e+00   0.00e+00 (  1.05e+02,  1.48e+02)
65      0.205   4.66e-01   9.95e-01   6.91e-01   3.42e+00   0.00e+00 (  9.69e+01,  1.37e+02)
70      0.207   4.84e-01   1.01e+00   7.59e-01   3.54e+00   0.00e+00 (  9.00e+01,  1.27e+02)
75      0.197   4.82e-01   9.82e-01   7.80e-01   3.44e+00   0.00e+00 (  8.40e+01,  1.18e+02)
80      0.173   4.44e-01   8.97e-01   7.37e-01   3.12e+00   0.00e+00 (  7.83e+01,  1.10e+02)
85      0.124   3.64e-01   6.85e-01   5.81e-01   2.51e+00   0.00e+00 (  7.76e+01,  1.04e+02)
90      0.018   1.23e-01   2.12e-01   1.82e-01   5.21e-01   0.00e+00 (  2.31e+01,  9.89e+01)
95      0.006   3.18e-02   4.54e-02   4.03e-02   2.50e-01   0.00e+00 (  2.73e+00,  9.33e+01)
20 e: 2.730e-05 i: 1.592e-04 :: e: 1.693e-02 i: 1.813e-02 :: n: 2.763e+01 e:20.660 i:23.547 v:4.993e+03
>>> tau_he = 5.000000, nhe(0)=2.958801e+00
 5     -0.019   8.66e-03   2.85e-01   6.86e-03  -1.01e-01   0.00e+00 (  4.90e+00,  4.58e+01)
10     -0.064   7.24e-02   3.04e-02  -1.85e-02  -4.37e-01   0.00e+00 (  5.29e+01,  9.11e+01)
15      0.027   2.19e-01   2.83e-01   3.01e-02   2.18e-01   0.00e+00 (  1.45e+02,  1.28e+02)
20      0.093   2.00e-01   2.65e-01   8.31e-02   8.72e-01   0.00e+00 (  1.32e+02,  1.55e+02)
25      0.117   2.30e-01   3.03e-01   1.27e-01   1.24e+00   0.00e+00 (  1.49e+02,  1.76e+02)
30      0.116   2.45e-01   3.53e-01   1.34e-01   1.36e+00   0.00e+00 (  1.53e+02,  1.91e+02)
35      0.120   2.65e-01   4.15e-01   1.40e-01   1.52e+00   0.00e+00 (  1.50e+02,  1.94e+02)
40      0.136   2.98e-01   5.39e-01   1.72e-01   1.85e+00   0.00e+00 (  1.44e+02,  1.91e+02)
45      0.156   3.42e-01   6.75e-01   2.71e-01   2.25e+00   0.00e+00 (  1.36e+02,  1.83e+02)
50      0.169   3.74e-01   7.84e-01   3.48e-01   2.55e+00   0.00e+00 (  1.25e+02,  1.72e+02)
55      0.184   4.09e-01   8.78e-01   4.66e-01   2.88e+00   0.00e+00 (  1.14e+02,  1.60e+02)
60      0.195   4.40e-01   9.46e-01   5.81e-01   3.17e+00   0.00e+00 (  1.05e+02,  1.48e+02)
65      0.204   4.64e-01   9.90e-01   6.87e-01   3.41e+00   0.00e+00 (  9.66e+01,  1.37e+02)
70      0.207   4.83e-01   1.01e+00   7.56e-01   3.54e+00   0.00e+00 (  8.97e+01,  1.27e+02)
75      0.197   4.81e-01   9.79e-01   7.77e-01   3.45e+00   0.00e+00 (  8.38e+01,  1.18e+02)
80      0.173   4.43e-01   8.94e-01   7.35e-01   3.13e+00   0.00e+00 (  7.80e+01,  1.10e+02)
85      0.125   3.63e-01   6.83e-01   5.79e-01   2.53e+00   0.00e+00 (  7.72e+01,  1.04e+02)
90      0.018   1.23e-01   2.12e-01   1.82e-01   5.32e-01   0.00e+00 (  2.31e+01,  9.89e+01)
95      0.006   3.18e-02   4.54e-02   4.03e-02   2.50e-01   0.00e+00 (  2.73e+00,  9.33e+01)
21 e: 2.059e-05 i: 4.646e-05 :: e: 1.500e-02 i: 1.614e-02 :: n: 2.763e+01 e:20.679 i:23.509 v:4.993e+03
>>> tau_he = 5.000000, nhe(0)=2.955436e+00
 5     -0.019   8.66e-03   2.82e-01   6.92e-03  -1.01e-01   0.00e+00 (  4.92e+00,  4.58e+01)
10     -0.063   7.26e-02   3.10e-02  -1.88e-02  -4.31e-01   0.00e+00 (  5.29e+01,  9.11e+01)
15      0.028   2.17e-01   2.80e-01   2.84e-02   2.28e-01   0.00e+00 (  1.43e+02,  1.28e+02)
20      0.093   2.00e-01   2.65e-01   8.27e-02   8.71e-01   0.00e+00 (  1.32e+02,  1.55e+02)
25      0.117   2.30e-01   3.05e-01   1.28e-01   1.24e+00   0.00e+00 (  1.50e+02,  1.76e+02)
30      0.117   2.46e-01   3.56e-01   1.35e-01   1.37e+00   0.00e+00 (  1.54e+02,  1.91e+02)
35      0.121   2.66e-01   4.18e-01   1.41e-01   1.53e+00   0.00e+00 (  1.51e+02,  1.94e+02)
40      0.138   3.00e-01   5.44e-01   1.73e-01   1.87e+00   0.00e+00 (  1.45e+02,  1.91e+02)
45      0.158   3.44e-01   6.81e-01   2.73e-01   2.27e+00   0.00e+00 (  1.38e+02,  1.83e+02)
50      0.171   3.77e-01   7.92e-01   3.52e-01   2.58e+00   0.00e+00 (  1.26e+02,  1.72e+02)
55      0.185   4.14e-01   8.90e-01   4.70e-01   2.91e+00   0.00e+00 (  1.16e+02,  1.60e+02)
60      0.197   4.44e-01   9.55e-01   5.87e-01   3.19e+00   0.00e+00 (  1.06e+02,  1.48e+02)
65      0.206   4.68e-01   9.99e-01   6.94e-01   3.43e+00   0.00e+00 (  9.78e+01,  1.37e+02)
70      0.208   4.86e-01   1.01e+00   7.63e-01   3.56e+00   0.00e+00 (  9.08e+01,  1.27e+02)
75      0.198   4.84e-01   9.86e-01   7.83e-01   3.46e+00   0.00e+00 (  8.46e+01,  1.18e+02)
80      0.173   4.45e-01   8.98e-01   7.39e-01   3.13e+00   0.00e+00 (  7.87e+01,  1.10e+02)
85      0.124   3.64e-01   6.86e-01   5.81e-01   2.52e+00   0.00e+00 (  7.78e+01,  1.04e+02)
90      0.018   1.23e-01   2.12e-01   1.82e-01   5.22e-01   0.00e+00 (  2.31e+01,  9.89e+01)
95      0.006   3.18e-02   4.54e-02   4.03e-02   2.50e-01   0.00e+00 (  2.73e+00,  9.33e+01)
22 e: 1.891e-05 i: 4.575e-05 :: e: 1.004e-02 i: 1.100e-02 :: n: 2.763e+01 e:20.634 i:23.492 v:4.993e+03
>>> tau_he = 5.000000, nhe(0)=2.953881e+00
 5     -0.019   8.62e-03   2.80e-01   6.89e-03  -1.01e-01   0.00e+00 (  4.89e+00,  4.58e+01)
10     -0.062   7.23e-02   3.09e-02  -1.87e-02  -4.19e-01   0.00e+00 (  5.23e+01,  9.11e+01)
15     -0.018   1.12e-01   9.05e-02  -2.30e-02  -1.46e-01   0.00e+00 (  7.26e+01,  1.28e+02)
20      0.047   1.19e-01   1.25e-01  -1.02e-03   4.40e-01   0.00e+00 (  7.83e+01,  1.55e+02)
25      0.117   2.30e-01   3.03e-01   1.26e-01   1.24e+00   0.00e+00 (  1.50e+02,  1.76e+02)
30      0.117   2.46e-01   3.54e-01   1.33e-01   1.36e+00   0.00e+00 (  1.54e+02,  1.91e+02)
35      0.120   2.66e-01   4.16e-01   1.40e-01   1.52e+00   0.00e+00 (  1.50e+02,  1.94e+02)
40      0.137   2.99e-01   5.39e-01   1.71e-01   1.86e+00   0.00e+00 (  1.44e+02,  1.91e+02)
45      0.157   3.43e-01   6.76e-01   2.71e-01   2.26e+00   0.00e+00 (  1.37e+02,  1.83e+02)
50      0.170   3.76e-01   7.87e-01   3.49e-01   2.57e+00   0.00e+00 (  1.26e+02,  1.72e+02)
55      0.184   4.13e-01   8.85e-01   4.67e-01   2.90e+00   0.00e+00 (  1.16e+02,  1.60e+02)
60      0.196   4.43e-01   9.51e-01   5.84e-01   3.19e+00   0.00e+00 (  1.06e+02,  1.48e+02)
65      0.206   4.67e-01   9.96e-01   6.92e-01   3.43e+00   0.00e+00 (  9.77e+01,  1.37e+02)
70      0.208   4.85e-01   1.01e+00   7.61e-01   3.56e+00   0.00e+00 (  9.07e+01,  1.27e+02)
75      0.198   4.83e-01   9.84e-01   7.81e-01   3.46e+00   0.00e+00 (  8.46e+01,  1.18e+02)
80      0.174   4.44e-01   8.97e-01   7.37e-01   3.14e+00   0.00e+00 (  7.86e+01,  1.10e+02)
85      0.125   3.64e-01   6.84e-01   5.80e-01   2.53e+00   0.00e+00 (  7.76e+01,  1.04e+02)
90      0.018   1.23e-01   2.12e-01   1.82e-01   5.29e-01   0.00e+00 (  2.31e+01,  9.89e+01)
95      0.006   3.18e-02   4.54e-02   4.03e-02   2.50e-01   0.00e+00 (  2.73e+00,  9.33e+01)
23 e: 7.436e-05 i: 2.698e-04 :: e: 2.403e-02 i: 2.269e-02 :: n: 2.763e+01 e:20.724 i:23.572 v:4.993e+03
>>> tau_he = 5.000000, nhe(0)=2.961031e+00
 5     -0.019   8.68e-03   2.86e-01   6.89e-03  -1.01e-01   0.00e+00 (  4.92e+00,  4.58e+01)
10     -0.062   7.24e-02   3.02e-02  -1.85e-02  -4.19e-01   0.00e+00 (  5.24e+01,  9.11e+01)
15      0.030   2.21e-01   2.85e-01   3.08e-02   2.41e-01   0.00e+00 (  1.46e+02,  1.28e+02)
20      0.101   2.07e-01   2.71e-01   8.81e-02   9.51e-01   0.00e+00 (  1.38e+02,  1.55e+02)
25      0.117   2.31e-01   3.05e-01   1.28e-01   1.24e+00   0.00e+00 (  1.50e+02,  1.76e+02)
30      0.116   2.46e-01   3.55e-01   1.33e-01   1.36e+00   0.00e+00 (  1.54e+02,  1.91e+02)
35      0.120   2.67e-01   4.18e-01   1.40e-01   1.53e+00   0.00e+00 (  1.51e+02,  1.94e+02)
40      0.137   3.00e-01   5.43e-01   1.73e-01   1.86e+00   0.00e+00 (  1.45e+02,  1.91e+02)
45      0.158   3.45e-01   6.81e-01   2.73e-01   2.27e+00   0.00e+00 (  1.38e+02,  1.83e+02)
50      0.171   3.78e-01   7.93e-01   3.52e-01   2.58e+00   0.00e+00 (  1.27e+02,  1.72e+02)
55      0.185   4.15e-01   8.91e-01   4.70e-01   2.91e+00   0.00e+00 (  1.17e+02,  1.60e+02)
60      0.197   4.45e-01   9.58e-01   5.89e-01   3.20e+00   0.00e+00 (  1.07e+02,  1.48e+02)
65      0.206   4.70e-01   1.00e+00   6.97e-01   3.45e+00   0.00e+00 (  9.86e+01,  1.37e+02)
70      0.209   4.88e-01   1.02e+00   7.66e-01   3.57e+00   0.00e+00 (  9.15e+01,  1.27e+02)
75      0.199   4.85e-01   9.90e-01   7.86e-01   3.47e+00   0.00e+00 (  8.53e+01,  1.18e+02)
80      0.174   4.46e-01   9.01e-01   7.41e-01   3.14e+00   0.00e+00 (  7.92e+01,  1.10e+02)
85      0.125   3.65e-01   6.87e-01   5.82e-01   2.53e+00   0.00e+00 (  7.80e+01,  1.04e+02)
90      0.018   1.23e-01   2.12e-01   1.82e-01   5.22e-01   0.00e+00 (  2.31e+01,  9.89e+01)
95      0.006   3.18e-02   4.54e-02   4.03e-02   2.50e-01   0.00e+00 (  2.73e+00,  9.33e+01)
24 e: 1.161e-05 i: 4.775e-05 :: e: 1.015e-02 i: 1.129e-02 :: n: 2.763e+01 e:20.700 i:23.587 v:4.993e+03
>>> tau_he = 5.000000, nhe(0)=2.962335e+00
 5     -0.019   8.73e-03   2.84e-01   6.95e-03  -1.02e-01   0.00e+00 (  4.96e+00,  4.58e+01)
10     -0.061   7.26e-02   3.06e-02  -1.86e-02  -4.18e-01   0.00e+00 (  5.25e+01,  9.11e+01)
15      0.026   2.19e-01   2.81e-01   2.72e-02   2.12e-01   0.00e+00 (  1.43e+02,  1.28e+02)
20      0.095   2.05e-01   2.69e-01   8.56e-02   8.96e-01   0.00e+00 (  1.37e+02,  1.55e+02)
25      0.117   2.31e-01   3.04e-01   1.26e-01   1.23e+00   0.00e+00 (  1.50e+02,  1.76e+02)
30      0.116   2.46e-01   3.53e-01   1.33e-01   1.36e+00   0.00e+00 (  1.54e+02,  1.91e+02)
35      0.120   2.66e-01   4.15e-01   1.40e-01   1.52e+00   0.00e+00 (  1.51e+02,  1.94e+02)
40      0.136   2.99e-01   5.39e-01   1.71e-01   1.85e+00   0.00e+00 (  1.45e+02,  1.91e+02)
45      0.157   3.43e-01   6.76e-01   2.71e-01   2.26e+00   0.00e+00 (  1.38e+02,  1.83e+02)
50      0.170   3.77e-01   7.88e-01   3.49e-01   2.57e+00   0.00e+00 (  1.26e+02,  1.72e+02)
55      0.185   4.14e-01   8.86e-01   4.67e-01   2.91e+00   0.00e+00 (  1.16e+02,  1.60e+02)
60      0.197   4.45e-01   9.54e-01   5.86e-01   3.20e+00   0.00e+00 (  1.07e+02,  1.48e+02)
65      0.206   4.69e-01   1.00e+00   6.94e-01   3.45e+00   0.00e+00 (  9.84e+01,  1.37e+02)
70      0.209   4.88e-01   1.02e+00   7.64e-01   3.58e+00   0.00e+00 (  9.14e+01,  1.27e+02)
75      0.199   4.85e-01   9.88e-01   7.84e-01   3.47e+00   0.00e+00 (  8.52e+01,  1.18e+02)
80      0.174   4.46e-01   9.00e-01   7.40e-01   3.15e+00   0.00e+00 (  7.91e+01,  1.10e+02)
85      0.125   3.65e-01   6.86e-01   5.81e-01   2.54e+00   0.00e+00 (  7.79e+01,  1.04e+02)
90      0.018   1.23e-01   2.12e-01   1.82e-01   5.28e-01   0.00e+00 (  2.31e+01,  9.89e+01)
95      0.006   3.18e-02   4.54e-02   4.03e-02   2.50e-01   0.00e+00 (  2.73e+00,  9.33e+01)
25 e: 2.186e-05 i: 4.660e-05 :: e: 9.578e-03 i: 1.011e-02 :: n: 2.763e+01 e:20.710 i:23.542 v:4.993e+03
>>> tau_he = 5.000000, nhe(0)=2.958306e+00
 5     -0.019   8.68e-03   2.82e-01   6.93e-03  -1.02e-01   0.00e+00 (  4.94e+00,  4.58e+01)
10     -0.060   7.24e-02   3.10e-02  -1.88e-02  -4.10e-01   0.00e+00 (  5.21e+01,  9.11e+01)
15     -0.017   1.13e-01   9.13e-02  -2.33e-02  -1.38e-01   0.00e+00 (  7.32e+01,  1.28e+02)
20      0.093   2.03e-01   2.67e-01   8.42e-02   8.75e-01   0.00e+00 (  1.35e+02,  1.55e+02)
25      0.117   2.31e-01   3.05e-01   1.27e-01   1.24e+00   0.00e+00 (  1.51e+02,  1.76e+02)
30      0.117   2.47e-01   3.56e-01   1.34e-01   1.37e+00   0.00e+00 (  1.55e+02,  1.91e+02)
35      0.121   2.67e-01   4.18e-01   1.41e-01   1.53e+00   0.00e+00 (  1.52e+02,  1.94e+02)
40      0.138   3.01e-01   5.43e-01   1.72e-01   1.87e+00   0.00e+00 (  1.46e+02,  1.91e+02)
45      0.158   3.46e-01   6.82e-01   2.73e-01   2.28e+00   0.00e+00 (  1.39e+02,  1.83e+02)
50      0.171   3.79e-01   7.94e-01   3.53e-01   2.59e+00   0.00e+00 (  1.27e+02,  1.72e+02)
55      0.186   4.17e-01   8.93e-01   4.71e-01   2.92e+00   0.00e+00 (  1.18e+02,  1.60e+02)
60      0.198   4.47e-01   9.61e-01   5.91e-01   3.22e+00   0.00e+00 (  1.08e+02,  1.48e+02)
65      0.207   4.72e-01   1.01e+00   6.99e-01   3.46e+00   0.00e+00 (  9.93e+01,  1.37e+02)
70      0.210   4.90e-01   1.02e+00   7.69e-01   3.59e+00   0.00e+00 (  9.22e+01,  1.27e+02)
75      0.199   4.87e-01   9.93e-01   7.89e-01   3.48e+00   0.00e+00 (  8.59e+01,  1.18e+02)
80      0.175   4.47e-01   9.04e-01   7.43e-01   3.15e+00   0.00e+00 (  7.96e+01,  1.10e+02)
85      0.125   3.66e-01   6.88e-01   5.83e-01   2.54e+00   0.00e+00 (  7.84e+01,  1.04e+02)
90      0.018   1.23e-01   2.12e-01   1.82e-01   5.21e-01   0.00e+00 (  2.32e+01,  9.89e+01)
95      0.006   3.18e-02   4.54e-02   4.03e-02   2.50e-01   0.00e+00 (  2.73e+00,  9.33e+01)
26 e: 3.086e-05 i: 1.785e-04 :: e: 1.241e-02 i: 1.483e-02 :: n: 2.763e+01 e:20.723 i:23.595 v:4.993e+03
>>> tau_he = 5.000000, nhe(0)=2.963074e+00
 5     -0.019   8.71e-03   2.86e-01   6.90e-03  -1.02e-01   0.00e+00 (  4.95e+00,  4.58e+01)
10     -0.061   7.24e-02   3.04e-02  -1.85e-02  -4.11e-01   0.00e+00 (  5.22e+01,  9.11e+01)
15      0.028   2.21e-01   2.85e-01   2.97e-02   2.27e-01   0.00e+00 (  1.45e+02,  1.28e+02)
20      0.092   2.02e-01   2.67e-01   8.34e-02   8.69e-01   0.00e+00 (  1.34e+02,  1.55e+02)
25      0.114   2.29e-01   3.03e-01   1.25e-01   1.21e+00   0.00e+00 (  1.49e+02,  1.76e+02)
30      0.116   2.47e-01   3.54e-01   1.32e-01   1.36e+00   0.00e+00 (  1.54e+02,  1.91e+02)
35      0.120   2.67e-01   4.16e-01   1.40e-01   1.53e+00   0.00e+00 (  1.51e+02,  1.94e+02)
40      0.137   3.00e-01   5.40e-01   1.70e-01   1.86e+00   0.00e+00 (  1.45e+02,  1.91e+02)
45      0.158   3.45e-01   6.78e-01   2.71e-01   2.27e+00   0.00e+00 (  1.39e+02,  1.83e+02)
50      0.171   3.78e-01   7.90e-01   3.50e-01   2.58e+00   0.00e+00 (  1.27e+02,  1.72e+02)
55      0.185   4.16e-01   8.90e-01   4.69e-01   2.91e+00   0.00e+00 (  1.17e+02,  1.60e+02)
60      0.198   4.46e-01   9.58e-01   5.88e-01   3.21e+00   0.00e+00 (  1.08e+02,  1.48e+02)
65      0.207   4.71e-01   1.00e+00   6.97e-01   3.46e+00   0.00e+00 (  9.92e+01,  1.37e+02)
70      0.210   4.90e-01   1.02e+00   7.67e-01   3.59e+00   0.00e+00 (  9.21e+01,  1.27e+02)
75      0.200   4.87e-01   9.92e-01   7.88e-01   3.49e+00   0.00e+00 (  8.58e+01,  1.18e+02)
80      0.175   4.47e-01   9.03e-01   7.42e-01   3.16e+00   0.00e+00 (  7.96e+01,  1.10e+02)
85      0.126   3.66e-01   6.88e-01   5.83e-01   2.55e+00   0.00e+00 (  7.83e+01,  1.04e+02)
90      0.018   1.23e-01   2.12e-01   1.82e-01   5.26e-01   0.00e+00 (  2.32e+01,  9.89e+01)
95      0.006   3.18e-02   4.54e-02   4.03e-02   2.50e-01   0.00e+00 (  2.73e+00,  9.33e+01)
27 e: 1.424e-05 i: 4.615e-05 :: e: 8.222e-03 i: 8.883e-03 :: n: 2.763e+01 e:20.726 i:23.571 v:4.993e+03
>>> tau_he = 5.000000, nhe(0)=2.960928e+00
 5     -0.019   8.72e-03   2.83e-01   6.95e-03  -1.02e-01   0.00e+00 (  4.96e+00,  4.58e+01)
10     -0.060   7.25e-02   3.09e-02  -1.88e-02  -4.08e-01   0.00e+00 (  5.21e+01,  9.11e+01)
15     -0.017   1.16e-01   1.01e-01  -4.73e-02  -1.40e-01   0.00e+00 (  7.56e+01,  1.28e+02)
20      0.047   1.21e-01   1.26e-01  -3.15e-03   4.40e-01   0.00e+00 (  8.01e+01,  1.55e+02)
25      0.115   2.30e-01   3.03e-01   1.25e-01   1.22e+00   0.00e+00 (  1.50e+02,  1.76e+02)
30      0.117   2.48e-01   3.55e-01   1.33e-01   1.37e+00   0.00e+00 (  1.55e+02,  1.91e+02)
35      0.121   2.68e-01   4.18e-01   1.40e-01   1.53e+00   0.00e+00 (  1.52e+02,  1.94e+02)
40      0.137   3.01e-01   5.42e-01   1.71e-01   1.87e+00   0.00e+00 (  1.46e+02,  1.91e+02)
45      0.158   3.46e-01   6.81e-01   2.73e-01   2.28e+00   0.00e+00 (  1.39e+02,  1.83e+02)
50      0.172   3.79e-01   7.94e-01   3.52e-01   2.59e+00   0.00e+00 (  1.28e+02,  1.72e+02)
55      0.186   4.17e-01   8.94e-01   4.71e-01   2.93e+00   0.00e+00 (  1.18e+02,  1.60e+02)
60      0.198   4.48e-01   9.63e-01   5.91e-01   3.23e+00   0.00e+00 (  1.08e+02,  1.48e+02)
65      0.208   4.73e-01   1.01e+00   7.01e-01   3.47e+00   0.00e+00 (  9.98e+01,  1.37e+02)
70      0.211   4.92e-01   1.03e+00   7.71e-01   3.60e+00   0.00e+00 (  9.27e+01,  1.27e+02)
75      0.200   4.89e-01   9.96e-01   7.91e-01   3.49e+00   0.00e+00 (  8.63e+01,  1.18e+02)
80      0.175   4.49e-01   9.06e-01   7.45e-01   3.17e+00   0.00e+00 (  8.00e+01,  1.10e+02)
85      0.126   3.67e-01   6.90e-01   5.84e-01   2.55e+00   0.00e+00 (  7.87e+01,  1.04e+02)
90      0.018   1.23e-01   2.12e-01   1.82e-01   5.20e-01   0.00e+00 (  2.32e+01,  9.89e+01)
95      0.006   3.18e-02   4.54e-02   4.03e-02   2.50e-01   0.00e+00 (  2.73e+00,  9.33e+01)
28 e: 5.919e-05 i: 2.418e-04 :: e: 2.102e-02 i: 2.060e-02 :: n: 2.763e+01 e:20.780 i:23.668 v:4.993e+03
>>> tau_he = 5.000000, nhe(0)=2.969503e+00
 5     -0.019   8.76e-03   2.90e-01   6.77e-03  -1.03e-01   0.00e+00 (  4.98e+00,  4.58e+01)
10     -0.060   7.26e-02   3.01e-02  -1.84e-02  -4.09e-01   0.00e+00 (  5.22e+01,  9.11e+01)
15      0.028   2.24e-01   2.90e-01   3.16e-02   2.30e-01   0.00e+00 (  1.48e+02,  1.28e+02)
20      0.101   2.08e-01   2.73e-01   8.90e-02   9.51e-01   0.00e+00 (  1.41e+02,  1.55e+02)
25      0.115   2.30e-01   3.04e-01   1.26e-01   1.22e+00   0.00e+00 (  1.50e+02,  1.76e+02)
30      0.116   2.47e-01   3.54e-01   1.32e-01   1.36e+00   0.00e+00 (  1.54e+02,  1.91e+02)
35      0.120   2.67e-01   4.17e-01   1.40e-01   1.53e+00   0.00e+00 (  1.51e+02,  1.94e+02)
40      0.137   3.01e-01   5.40e-01   1.70e-01   1.86e+00   0.00e+00 (  1.46e+02,  1.91e+02)
45      0.158   3.46e-01   6.79e-01   2.72e-01   2.27e+00   0.00e+00 (  1.39e+02,  1.83e+02)
50      0.171   3.79e-01   7.92e-01   3.51e-01   2.58e+00   0.00e+00 (  1.28e+02,  1.72e+02)
55      0.186   4.17e-01   8.92e-01   4.70e-01   2.92e+00   0.00e+00 (  1.18e+02,  1.60e+02)
60      0.198   4.48e-01   9.61e-01   5.90e-01   3.22e+00   0.00e+00 (  1.08e+02,  1.48e+02)
65      0.208   4.73e-01   1.01e+00   6.99e-01   3.47e+00   0.00e+00 (  9.98e+01,  1.37e+02)
70      0.211   4.91e-01   1.02e+00   7.70e-01   3.60e+00   0.00e+00 (  9.27e+01,  1.27e+02)
75      0.200   4.89e-01   9.96e-01   7.90e-01   3.49e+00   0.00e+00 (  8.63e+01,  1.18e+02)
80      0.175   4.49e-01   9.06e-01   7.45e-01   3.17e+00   0.00e+00 (  8.00e+01,  1.10e+02)
85      0.126   3.67e-01   6.90e-01   5.84e-01   2.55e+00   0.00e+00 (  7.87e+01,  1.04e+02)
90      0.018   1.23e-01   2.12e-01   1.82e-01   5.23e-01   0.00e+00 (  2.32e+01,  9.89e+01)
95      0.006   3.18e-02   4.54e-02   4.03e-02   2.50e-01   0.00e+00 (  2.73e+00,  9.33e+01)
29 e: 1.413e-05 i: 5.759e-05 :: e: 1.134e-02 i: 1.166e-02 :: n: 2.763e+01 e:20.779 i:23.663 v:4.993e+03
>>> tau_he = 5.000000, nhe(0)=2.969006e+00
 5     -0.019   8.79e-03   2.87e-01   6.93e-03  -1.03e-01   0.00e+00 (  5.01e+00,  4.58e+01)
10     -0.060   7.28e-02   3.07e-02  -1.87e-02  -4.09e-01   0.00e+00 (  5.24e+01,  9.11e+01)
15      0.028   2.22e-01   2.86e-01   2.90e-02   2.30e-01   0.00e+00 (  1.45e+02,  1.28e+02)
20      0.096   2.07e-01   2.72e-01   8.74e-02   9.01e-01   0.00e+00 (  1.39e+02,  1.55e+02)
25      0.115   2.30e-01   3.04e-01   1.26e-01   1.22e+00   0.00e+00 (  1.51e+02,  1.76e+02)
30      0.117   2.48e-01   3.55e-01   1.33e-01   1.36e+00   0.00e+00 (  1.55e+02,  1.91e+02)
35      0.121   2.68e-01   4.17e-01   1.40e-01   1.53e+00   0.00e+00 (  1.52e+02,  1.94e+02)
40      0.137   3.01e-01   5.41e-01   1.70e-01   1.86e+00   0.00e+00 (  1.46e+02,  1.91e+02)
45      0.158   3.46e-01   6.80e-01   2.72e-01   2.28e+00   0.00e+00 (  1.39e+02,  1.83e+02)
50      0.172   3.80e-01   7.93e-01   3.52e-01   2.59e+00   0.00e+00 (  1.28e+02,  1.72e+02)
55      0.186   4.18e-01   8.94e-01   4.71e-01   2.93e+00   0.00e+00 (  1.18e+02,  1.60e+02)
60      0.199   4.49e-01   9.63e-01   5.91e-01   3.23e+00   0.00e+00 (  1.08e+02,  1.48e+02)
65      0.208   4.74e-01   1.01e+00   7.01e-01   3.48e+00   0.00e+00 (  1.00e+02,  1.37e+02)
70      0.211   4.92e-01   1.03e+00   7.71e-01   3.61e+00   0.00e+00 (  9.30e+01,  1.27e+02)
75      0.200   4.90e-01   9.98e-01   7.92e-01   3.50e+00   0.00e+00 (  8.66e+01,  1.18e+02)
80      0.176   4.49e-01   9.08e-01   7.46e-01   3.17e+00   0.00e+00 (  8.03e+01,  1.10e+02)
85      0.126   3.67e-01   6.91e-01   5.85e-01   2.55e+00   0.00e+00 (  7.89e+01,  1.04e+02)
90      0.018   1.23e-01   2.12e-01   1.82e-01   5.20e-01   0.00e+00 (  2.32e+01,  9.89e+01)
95      0.006   3.18e-02   4.54e-02   4.03e-02   2.50e-01   0.00e+00 (  2.73e+00,  9.33e+01)
30 e: 2.036e-05 i: 5.695e-05 :: e: 1.098e-02 i: 1.113e-02 :: n: 2.763e+01 e:20.756 i:23.628 v:4.993e+03
>>> tau_he = 5.000000, nhe(0)=2.965940e+00
 5     -0.019   8.77e-03   2.84e-01   6.97e-03  -1.03e-01   0.00e+00 (  5.00e+00,  4.58e+01)
10     -0.059   7.27e-02   3.10e-02  -1.88e-02  -4.01e-01   0.00e+00 (  5.21e+01,  9.11e+01)
15     -0.016   1.14e-01   9.23e-02  -2.37e-02  -1.34e-01   0.00e+00 (  7.39e+01,  1.28e+02)
20      0.093   2.04e-01   2.69e-01   8.47e-02   8.74e-01   0.00e+00 (  1.36e+02,  1.55e+02)
25      0.115   2.31e-01   3.04e-01   1.25e-01   1.22e+00   0.00e+00 (  1.51e+02,  1.76e+02)
30      0.117   2.48e-01   3.55e-01   1.33e-01   1.37e+00   0.00e+00 (  1.56e+02,  1.91e+02)
35      0.121   2.68e-01   4.18e-01   1.40e-01   1.54e+00   0.00e+00 (  1.52e+02,  1.94e+02)
40      0.137   3.01e-01   5.41e-01   1.70e-01   1.87e+00   0.00e+00 (  1.47e+02,  1.91e+02)
45      0.158   3.47e-01   6.81e-01   2.72e-01   2.28e+00   0.00e+00 (  1.40e+02,  1.83e+02)
50      0.172   3.80e-01   7.94e-01   3.52e-01   2.59e+00   0.00e+00 (  1.28e+02,  1.72e+02)
55      0.186   4.18e-01   8.94e-01   4.71e-01   2.93e+00   0.00e+00 (  1.18e+02,  1.60e+02)
60      0.199   4.49e-01   9.64e-01   5.91e-01   3.23e+00   0.00e+00 (  1.09e+02,  1.48e+02)
65      0.208   4.74e-01   1.01e+00   7.01e-01   3.48e+00   0.00e+00 (  1.00e+02,  1.37e+02)
70      0.211   4.93e-01   1.03e+00   7.72e-01   3.61e+00   0.00e+00 (  9.31e+01,  1.27e+02)
75      0.201   4.90e-01   9.98e-01   7.92e-01   3.50e+00   0.00e+00 (  8.67e+01,  1.18e+02)
80      0.176   4.50e-01   9.08e-01   7.46e-01   3.18e+00   0.00e+00 (  8.04e+01,  1.10e+02)
85      0.126   3.68e-01   6.91e-01   5.85e-01   2.56e+00   0.00e+00 (  7.90e+01,  1.04e+02)
90      0.018   1.23e-01   2.12e-01   1.82e-01   5.21e-01   0.00e+00 (  2.32e+01,  9.89e+01)
95      0.006   3.18e-02   4.54e-02   4.03e-02   2.50e-01   0.00e+00 (  2.73e+00,  9.33e+01)
31 e: 3.180e-05 i: 1.692e-04 :: e: 1.401e-02 i: 1.457e-02 :: n: 2.763e+01 e:20.787 i:23.661 v:4.993e+03
>>> tau_he = 5.000000, nhe(0)=2.968875e+00
 5     -0.019   8.79e-03   2.88e-01   6.94e-03  -1.03e-01   0.00e+00 (  5.01e+00,  4.58e+01)
10     -0.059   7.27e-02   3.05e-02  -1.86e-02  -4.04e-01   0.00e+00 (  5.22e+01,  9.11e+01)
15      0.030   2.24e-01   2.88e-01   3.10e-02   2.43e-01   0.00e+00 (  1.47e+02,  1.28e+02)
20      0.093   2.04e-01   2.69e-01   8.47e-02   8.72e-01   0.00e+00 (  1.36e+02,  1.55e+02)
25      0.115   2.30e-01   3.04e-01   1.25e-01   1.21e+00   0.00e+00 (  1.50e+02,  1.76e+02)
30      0.117   2.48e-01   3.55e-01   1.33e-01   1.36e+00   0.00e+00 (  1.55e+02,  1.91e+02)
35      0.121   2.68e-01   4.18e-01   1.40e-01   1.53e+00   0.00e+00 (  1.52e+02,  1.94e+02)
40      0.137   3.02e-01   5.42e-01   1.70e-01   1.87e+00   0.00e+00 (  1.47e+02,  1.91e+02)
45      0.159   3.47e-01   6.81e-01   2.72e-01   2.28e+00   0.00e+00 (  1.40e+02,  1.83e+02)
50      0.172   3.81e-01   7.95e-01   3.53e-01   2.59e+00   0.00e+00 (  1.29e+02,  1.72e+02)
55      0.187   4.19e-01   8.95e-01   4.72e-01   2.93e+00   0.00e+00 (  1.19e+02,  1.60e+02)
60      0.199   4.50e-01   9.65e-01   5.92e-01   3.23e+00   0.00e+00 (  1.09e+02,  1.48e+02)
65      0.209   4.75e-01   1.01e+00   7.02e-01   3.48e+00   0.00e+00 (  1.01e+02,  1.37e+02)
70      0.211   4.93e-01   1.03e+00   7.73e-01   3.61e+00   0.00e+00 (  9.34e+01,  1.27e+02)
75      0.201   4.91e-01   1.00e+00   7.94e-01   3.51e+00   0.00e+00 (  8.70e+01,  1.18e+02)
80      0.176   4.50e-01   9.09e-01   7.47e-01   3.18e+00   0.00e+00 (  8.06e+01,  1.10e+02)
85      0.126   3.68e-01   6.92e-01   5.86e-01   2.56e+00   0.00e+00 (  7.92e+01,  1.04e+02)
90      0.018   1.23e-01   2.12e-01   1.82e-01   5.19e-01   0.00e+00 (  2.32e+01,  9.89e+01)
95      0.006   3.18e-02   4.54e-02   4.03e-02   2.50e-01   0.00e+00 (  2.73e+00,  9.33e+01)
32 e: 1.379e-05 i: 5.392e-05 :: e: 1.123e-02 i: 1.154e-02 :: n: 2.763e+01 e:20.761 i:23.643 v:4.993e+03
>>> tau_he = 5.000000, nhe(0)=2.967291e+00
 5     -0.019   8.80e-03   2.85e-01   6.98e-03  -1.03e-01   0.00e+00 (  5.02e+00,  4.58e+01)
10     -0.059   7.27e-02   3.09e-02  -1.88e-02  -4.01e-01   0.00e+00 (  5.21e+01,  9.11e+01)
15     -0.016   1.18e-01   1.02e-01  -4.91e-02  -1.33e-01   0.00e+00 (  7.63e+01,  1.28e+02)
20      0.047   1.21e-01   1.27e-01  -3.51e-03   4.39e-01   0.00e+00 (  8.07e+01,  1.55e+02)
25      0.115   2.30e-01   3.03e-01   1.24e-01   1.21e+00   0.00e+00 (  1.50e+02,  1.76e+02)
30      0.117   2.48e-01   3.55e-01   1.33e-01   1.37e+00   0.00e+00 (  1.55e+02,  1.91e+02)
35      0.121   2.68e-01   4.17e-01   1.40e-01   1.54e+00   0.00e+00 (  1.52e+02,  1.94e+02)
40      0.137   3.02e-01   5.41e-01   1.70e-01   1.87e+00   0.00e+00 (  1.47e+02,  1.91e+02)
45      0.159   3.47e-01   6.81e-01   2.72e-01   2.28e+00   0.00e+00 (  1.40e+02,  1.83e+02)
50      0.172   3.81e-01   7.94e-01   3.52e-01   2.60e+00   0.00e+00 (  1.29e+02,  1.72e+02)
55      0.187   4.19e-01   8.95e-01   4.71e-01   2.93e+00   0.00e+00 (  1.19e+02,  1.60e+02)
60      0.199   4.50e-01   9.65e-01   5.92e-01   3.24e+00   0.00e+00 (  1.09e+02,  1.48e+02)
65      0.209   4.75e-01   1.01e+00   7.02e-01   3.49e+00   0.00e+00 (  1.01e+02,  1.37e+02)
70      0.212   4.94e-01   1.03e+00   7.73e-01   3.62e+00   0.00e+00 (  9.34e+01,  1.27e+02)
75      0.201   4.91e-01   1.00e+00   7.94e-01   3.51e+00   0.00e+00 (  8.70e+01,  1.18e+02)
80      0.176   4.51e-01   9.10e-01   7.48e-01   3.18e+00   0.00e+00 (  8.07e+01,  1.10e+02)
85      0.126   3.68e-01   6.92e-01   5.86e-01   2.57e+00   0.00e+00 (  7.92e+01,  1.04e+02)
90      0.018   1.23e-01   2.12e-01   1.82e-01   5.20e-01   0.00e+00 (  2.32e+01,  9.89e+01)
95      0.006   3.18e-02   4.54e-02   4.03e-02   2.50e-01   0.00e+00 (  2.73e+00,  9.33e+01)
33 e: 5.944e-05 i: 2.351e-04 :: e: 2.126e-02 i: 1.995e-02 :: n: 2.763e+01 e:20.828 i:23.722 v:4.993e+03
>>> tau_he = 5.000000, nhe(0)=2.974215e+00
 5     -0.019   8.82e-03   2.92e-01   6.80e-03  -1.04e-01   0.00e+00 (  5.03e+00,  4.58e+01)
10     -0.059   7.28e-02   3.02e-02  -1.85e-02  -4.03e-01   0.00e+00 (  5.22e+01,  9.11e+01)
15      0.033   2.29e-01   2.93e-01   3.07e-02   2.66e-01   0.00e+00 (  1.51e+02,  1.28e+02)
20      0.101   2.10e-01   2.75e-01   8.99e-02   9.55e-01   0.00e+00 (  1.42e+02,  1.55e+02)
25      0.115   2.31e-01   3.04e-01   1.26e-01   1.22e+00   0.00e+00 (  1.51e+02,  1.76e+02)
30      0.117   2.48e-01   3.55e-01   1.32e-01   1.36e+00   0.00e+00 (  1.55e+02,  1.91e+02)
35      0.121   2.68e-01   4.18e-01   1.40e-01   1.53e+00   0.00e+00 (  1.52e+02,  1.94e+02)
40      0.137   3.02e-01   5.42e-01   1.70e-01   1.87e+00   0.00e+00 (  1.47e+02,  1.91e+02)
45      0.159   3.47e-01   6.82e-01   2.73e-01   2.28e+00   0.00e+00 (  1.40e+02,  1.83e+02)
50      0.172   3.81e-01   7.96e-01   3.53e-01   2.60e+00   0.00e+00 (  1.29e+02,  1.72e+02)
55      0.187   4.19e-01   8.96e-01   4.72e-01   2.93e+00   0.00e+00 (  1.19e+02,  1.60e+02)
60      0.199   4.50e-01   9.66e-01   5.93e-01   3.24e+00   0.00e+00 (  1.09e+02,  1.48e+02)
65      0.209   4.76e-01   1.01e+00   7.03e-01   3.49e+00   0.00e+00 (  1.01e+02,  1.37e+02)
70      0.212   4.94e-01   1.03e+00   7.74e-01   3.62e+00   0.00e+00 (  9.36e+01,  1.27e+02)
75      0.201   4.92e-01   1.00e+00   7.95e-01   3.51e+00   0.00e+00 (  8.72e+01,  1.18e+02)
80      0.176   4.51e-01   9.11e-01   7.49e-01   3.18e+00   0.00e+00 (  8.08e+01,  1.10e+02)
85      0.126   3.69e-01   6.93e-01   5.87e-01   2.57e+00   0.00e+00 (  7.94e+01,  1.04e+02)
90      0.018   1.22e-01   2.12e-01   1.82e-01   5.18e-01   0.00e+00 (  2.33e+01,  9.89e+01)
95      0.006   3.18e-02   4.54e-02   4.03e-02   2.50e-01   0.00e+00 (  2.73e+00,  9.33e+01)
34 e: 1.723e-05 i: 6.619e-05 :: e: 1.368e-02 i: 1.357e-02 :: n: 2.763e+01 e:20.801 i:23.720 v:4.993e+03
>>> tau_he = 5.000000, nhe(0)=2.973971e+00
 5     -0.019   8.85e-03   2.89e-01   6.95e-03  -1.04e-01   0.00e+00 (  5.06e+00,  4.58e+01)
10     -0.059   7.30e-02   3.07e-02  -1.87e-02  -4.02e-01   0.00e+00 (  5.23e+01,  9.11e+01)
15      0.030   2.24e-01   2.87e-01   2.91e-02   2.42e-01   0.00e+00 (  1.46e+02,  1.28e+02)
20      0.096   2.08e-01   2.73e-01   8.75e-02   9.01e-01   0.00e+00 (  1.40e+02,  1.55e+02)
25      0.115   2.31e-01   3.04e-01   1.25e-01   1.22e+00   0.00e+00 (  1.51e+02,  1.76e+02)
30      0.117   2.48e-01   3.54e-01   1.32e-01   1.36e+00   0.00e+00 (  1.55e+02,  1.91e+02)
35      0.121   2.68e-01   4.17e-01   1.40e-01   1.53e+00   0.00e+00 (  1.52e+02,  1.94e+02)
40      0.137   3.01e-01   5.40e-01   1.69e-01   1.87e+00   0.00e+00 (  1.47e+02,  1.91e+02)
45      0.158   3.47e-01   6.80e-01   2.72e-01   2.28e+00   0.00e+00 (  1.40e+02,  1.83e+02)
50      0.172   3.80e-01   7.93e-01   3.52e-01   2.59e+00   0.00e+00 (  1.28e+02,  1.72e+02)
55      0.187   4.18e-01   8.94e-01   4.71e-01   2.93e+00   0.00e+00 (  1.19e+02,  1.60e+02)
60      0.199   4.50e-01   9.64e-01   5.92e-01   3.24e+00   0.00e+00 (  1.09e+02,  1.48e+02)
65      0.209   4.75e-01   1.01e+00   7.02e-01   3.49e+00   0.00e+00 (  1.01e+02,  1.37e+02)
70      0.212   4.94e-01   1.03e+00   7.73e-01   3.62e+00   0.00e+00 (  9.35e+01,  1.27e+02)
75      0.201   4.91e-01   1.00e+00   7.94e-01   3.51e+00   0.00e+00 (  8.71e+01,  1.18e+02)
80      0.176   4.51e-01   9.10e-01   7.48e-01   3.19e+00   0.00e+00 (  8.08e+01,  1.10e+02)
85      0.127   3.68e-01   6.93e-01   5.87e-01   2.57e+00   0.00e+00 (  7.93e+01,  1.04e+02)
90      0.018   1.23e-01   2.12e-01   1.82e-01   5.20e-01   0.00e+00 (  2.33e+01,  9.89e+01)
95      0.006   3.18e-02   4.54e-02   4.03e-02   2.50e-01   0.00e+00 (  2.73e+00,  9.33e+01)
35 e: 2.088e-05 i: 6.229e-05 :: e: 1.099e-02 i: 1.030e-02 :: n: 2.763e+01 e:20.788 i:23.669 v:4.993e+03
>>> tau_he = 5.000000, nhe(0)=2.969498e+00
 5     -0.019   8.82e-03   2.85e-01   6.99e-03  -1.03e-01   0.00e+00 (  5.04e+00,  4.58e+01)
10     -0.058   7.28e-02   3.11e-02  -1.89e-02  -3.95e-01   0.00e+00 (  5.20e+01,  9.11e+01)
15     -0.016   1.15e-01   9.29e-02  -2.39e-02  -1.27e-01   0.00e+00 (  7.42e+01,  1.28e+02)
20      0.093   2.05e-01   2.70e-01   8.53e-02   8.77e-01   0.00e+00 (  1.37e+02,  1.55e+02)
25      0.115   2.31e-01   3.05e-01   1.26e-01   1.22e+00   0.00e+00 (  1.52e+02,  1.76e+02)
30      0.117   2.49e-01   3.56e-01   1.33e-01   1.37e+00   0.00e+00 (  1.56e+02,  1.91e+02)
35      0.122   2.69e-01   4.19e-01   1.41e-01   1.54e+00   0.00e+00 (  1.53e+02,  1.94e+02)
40      0.138   3.02e-01   5.43e-01   1.70e-01   1.88e+00   0.00e+00 (  1.47e+02,  1.91e+02)
45      0.159   3.48e-01   6.83e-01   2.73e-01   2.29e+00   0.00e+00 (  1.41e+02,  1.83e+02)
50      0.172   3.82e-01   7.97e-01   3.53e-01   2.60e+00   0.00e+00 (  1.29e+02,  1.72e+02)
55      0.187   4.20e-01   8.98e-01   4.73e-01   2.94e+00   0.00e+00 (  1.19e+02,  1.60e+02)
60      0.200   4.51e-01   9.68e-01   5.94e-01   3.24e+00   0.00e+00 (  1.09e+02,  1.48e+02)
65      0.209   4.76e-01   1.02e+00   7.04e-01   3.49e+00   0.00e+00 (  1.01e+02,  1.37e+02)
70      0.212   4.95e-01   1.03e+00   7.75e-01   3.62e+00   0.00e+00 (  9.38e+01,  1.27e+02)
75      0.201   4.92e-01   1.00e+00   7.96e-01   3.52e+00   0.00e+00 (  8.74e+01,  1.18e+02)
80      0.176   4.52e-01   9.12e-01   7.49e-01   3.19e+00   0.00e+00 (  8.10e+01,  1.10e+02)
85      0.127   3.69e-01   6.94e-01   5.88e-01   2.57e+00   0.00e+00 (  7.95e+01,  1.04e+02)
90      0.018   1.22e-01   2.12e-01   1.82e-01   5.17e-01   0.00e+00 (  2.33e+01,  9.89e+01)
95      0.006   3.18e-02   4.54e-02   4.03e-02   2.50e-01   0.00e+00 (  2.73e+00,  9.33e+01)
36 e: 3.257e-05 i: 1.659e-04 :: e: 1.491e-02 i: 1.526e-02 :: n: 2.763e+01 e:20.800 i:23.703 v:4.993e+03
>>> tau_he = 5.000000, nhe(0)=2.972505e+00
 5     -0.019   8.83e-03   2.89e-01   6.95e-03  -1.04e-01   0.00e+00 (  5.04e+00,  4.58e+01)
10     -0.059   7.28e-02   3.05e-02  -1.86e-02  -3.99e-01   0.00e+00 (  5.21e+01,  9.11e+01)
15      0.031   2.25e-01   2.89e-01   3.10e-02   2.54e-01   0.00e+00 (  1.47e+02,  1.28e+02)
20      0.093   2.04e-01   2.69e-01   8.47e-02   8.72e-01   0.00e+00 (  1.37e+02,  1.55e+02)
25      0.114   2.31e-01   3.03e-01   1.24e-01   1.21e+00   0.00e+00 (  1.51e+02,  1.76e+02)
30      0.117   2.49e-01   3.55e-01   1.32e-01   1.36e+00   0.00e+00 (  1.56e+02,  1.91e+02)
35      0.121   2.69e-01   4.17e-01   1.40e-01   1.54e+00   0.00e+00 (  1.53e+02,  1.94e+02)
40      0.138   3.02e-01   5.41e-01   1.69e-01   1.87e+00   0.00e+00 (  1.47e+02,  1.91e+02)
45      0.159   3.47e-01   6.81e-01   2.72e-01   2.28e+00   0.00e+00 (  1.40e+02,  1.83e+02)
50      0.172   3.81e-01   7.95e-01   3.52e-01   2.60e+00   0.00e+00 (  1.29e+02,  1.72e+02)
55      0.187   4.19e-01   8.96e-01   4.71e-01   2.94e+00   0.00e+00 (  1.19e+02,  1.60e+02)
60      0.199   4.50e-01   9.66e-01   5.93e-01   3.24e+00   0.00e+00 (  1.09e+02,  1.48e+02)
65      0.209   4.76e-01   1.01e+00   7.03e-01   3.49e+00   0.00e+00 (  1.01e+02,  1.37e+02)
70      0.212   4.94e-01   1.03e+00   7.74e-01   3.62e+00   0.00e+00 (  9.37e+01,  1.27e+02)
75      0.201   4.92e-01   1.00e+00   7.95e-01   3.52e+00   0.00e+00 (  8.73e+01,  1.18e+02)
80      0.176   4.52e-01   9.11e-01   7.49e-01   3.19e+00   0.00e+00 (  8.09e+01,  1.10e+02)
85      0.127   3.69e-01   6.93e-01   5.87e-01   2.57e+00   0.00e+00 (  7.95e+01,  1.04e+02)
90      0.018   1.22e-01   2.12e-01   1.82e-01   5.19e-01   0.00e+00 (  2.33e+01,  9.89e+01)
95      0.006   3.18e-02   4.54e-02   4.03e-02   2.50e-01   0.00e+00 (  2.73e+00,  9.33e+01)
37 e: 1.351e-05 i: 5.720e-05 :: e: 1.056e-02 i: 1.022e-02 :: n: 2.763e+01 e:20.780 i:23.672 v:4.993e+03
>>> tau_he = 5.000000, nhe(0)=2.969796e+00
 5     -0.019   8.83e-03   2.86e-01   7.00e-03  -1.03e-01   0.00e+00 (  5.04e+00,  4.58e+01)
10     -0.058   7.28e-02   3.09e-02  -1.88e-02  -3.96e-01   0.00e+00 (  5.20e+01,  9.11e+01)
15      0.031   2.22e-01   2.84e-01   2.81e-02   2.55e-01   0.00e+00 (  1.44e+02,  1.28e+02)
20      0.047   1.22e-01   1.27e-01  -3.80e-03   4.39e-01   0.00e+00 (  8.11e+01,  1.55e+02)
25      0.115   2.31e-01   3.04e-01   1.24e-01   1.21e+00   0.00e+00 (  1.51e+02,  1.76e+02)
30      0.117   2.49e-01   3.55e-01   1.33e-01   1.37e+00   0.00e+00 (  1.56e+02,  1.91e+02)
35      0.122   2.69e-01   4.18e-01   1.41e-01   1.54e+00   0.00e+00 (  1.53e+02,  1.94e+02)
40      0.138   3.02e-01   5.42e-01   1.69e-01   1.87e+00   0.00e+00 (  1.47e+02,  1.91e+02)
45      0.159   3.48e-01   6.82e-01   2.73e-01   2.29e+00   0.00e+00 (  1.41e+02,  1.83e+02)
50      0.172   3.82e-01   7.96e-01   3.53e-01   2.60e+00   0.00e+00 (  1.29e+02,  1.72e+02)
55      0.187   4.20e-01   8.97e-01   4.72e-01   2.94e+00   0.00e+00 (  1.19e+02,  1.60e+02)
60      0.200   4.51e-01   9.67e-01   5.94e-01   3.24e+00   0.00e+00 (  1.09e+02,  1.48e+02)
65      0.209   4.76e-01   1.02e+00   7.04e-01   3.49e+00   0.00e+00 (  1.01e+02,  1.37e+02)
70      0.212   4.95e-01   1.03e+00   7.75e-01   3.63e+00   0.00e+00 (  9.39e+01,  1.27e+02)
75      0.202   4.93e-01   1.00e+00   7.96e-01   3.52e+00   0.00e+00 (  8.75e+01,  1.18e+02)
80      0.176   4.52e-01   9.12e-01   7.50e-01   3.19e+00   0.00e+00 (  8.11e+01,  1.10e+02)
85      0.127   3.69e-01   6.94e-01   5.88e-01   2.57e+00   0.00e+00 (  7.96e+01,  1.04e+02)
90      0.017   1.22e-01   2.12e-01   1.82e-01   5.17e-01   0.00e+00 (  2.33e+01,  9.89e+01)
95      0.006   3.18e-02   4.54e-02   4.03e-02   2.50e-01   0.00e+00 (  2.73e+00,  9.33e+01)
38 e: 4.965e-05 i: 1.935e-04 :: e: 1.778e-02 i: 1.661e-02 :: n: 2.763e+01 e:20.774 i:23.682 v:4.993e+03
>>> tau_he = 5.000000, nhe(0)=2.970719e+00
 5     -0.019   8.82e-03   2.86e-01   6.98e-03  -1.03e-01   0.00e+00 (  5.03e+00,  4.58e+01)
10     -0.057   7.26e-02   3.07e-02  -1.87e-02  -3.87e-01   0.00e+00 (  5.16e+01,  9.11e+01)
15     -0.014   1.15e-01   9.23e-02  -2.39e-02  -1.17e-01   0.00e+00 (  7.38e+01,  1.28e+02)
20      0.101   2.09e-01   2.74e-01   8.78e-02   9.49e-01   0.00e+00 (  1.41e+02,  1.55e+02)
25      0.115   2.31e-01   3.05e-01   1.25e-01   1.22e+00   0.00e+00 (  1.52e+02,  1.76e+02)
30      0.117   2.49e-01   3.55e-01   1.32e-01   1.37e+00   0.00e+00 (  1.56e+02,  1.91e+02)
35      0.121   2.69e-01   4.18e-01   1.40e-01   1.54e+00   0.00e+00 (  1.53e+02,  1.94e+02)
40      0.138   3.02e-01   5.42e-01   1.69e-01   1.87e+00   0.00e+00 (  1.47e+02,  1.91e+02)
45      0.159   3.48e-01   6.82e-01   2.73e-01   2.29e+00   0.00e+00 (  1.41e+02,  1.83e+02)
50      0.172   3.81e-01   7.96e-01   3.53e-01   2.60e+00   0.00e+00 (  1.29e+02,  1.72e+02)
55      0.187   4.19e-01   8.97e-01   4.72e-01   2.94e+00   0.00e+00 (  1.19e+02,  1.60e+02)
60      0.199   4.51e-01   9.67e-01   5.93e-01   3.24e+00   0.00e+00 (  1.09e+02,  1.48e+02)
65      0.209   4.76e-01   1.01e+00   7.03e-01   3.49e+00   0.00e+00 (  1.01e+02,  1.37e+02)
70      0.212   4.95e-01   1.03e+00   7.75e-01   3.62e+00   0.00e+00 (  9.38e+01,  1.27e+02)
75      0.201   4.92e-01   1.00e+00   7.96e-01   3.52e+00   0.00e+00 (  8.74e+01,  1.18e+02)
80      0.177   4.52e-01   9.12e-01   7.50e-01   3.19e+00   0.00e+00 (  8.10e+01,  1.10e+02)
85      0.127   3.69e-01   6.94e-01   5.88e-01   2.57e+00   0.00e+00 (  7.96e+01,  1.04e+02)
90      0.018   1.22e-01   2.12e-01   1.82e-01   5.17e-01   0.00e+00 (  2.33e+01,  9.89e+01)
95      0.006   3.18e-02   4.54e-02   4.03e-02   2.50e-01   0.00e+00 (  2.73e+00,  9.33e+01)
39 e: 4.052e-05 i: 1.884e-04 :: e: 1.499e-02 i: 1.457e-02 :: n: 2.763e+01 e:20.814 i:23.720 v:4.993e+03
>>> tau_he = 5.000000, nhe(0)=2.974014e+00
 5     -0.019   8.85e-03   2.90e-01   6.96e-03  -1.04e-01   0.00e+00 (  5.05e+00,  4.58e+01)
10     -0.058   7.27e-02   3.04e-02  -1.86e-02  -3.95e-01   0.00e+00 (  5.20e+01,  9.11e+01)
15      0.032   2.25e-01   2.89e-01   3.07e-02   2.58e-01   0.00e+00 (  1.47e+02,  1.28e+02)
20      0.096   2.09e-01   2.74e-01   8.81e-02   9.04e-01   0.00e+00 (  1.41e+02,  1.55e+02)
25      0.115   2.31e-01   3.04e-01   1.25e-01   1.21e+00   0.00e+00 (  1.51e+02,  1.76e+02)
30      0.117   2.49e-01   3.55e-01   1.32e-01   1.36e+00   0.00e+00 (  1.56e+02,  1.91e+02)
35      0.121   2.69e-01   4.18e-01   1.40e-01   1.54e+00   0.00e+00 (  1.53e+02,  1.94e+02)
40      0.138   3.02e-01   5.42e-01   1.70e-01   1.87e+00   0.00e+00 (  1.47e+02,  1.91e+02)
45      0.159   3.48e-01   6.82e-01   2.73e-01   2.29e+00   0.00e+00 (  1.41e+02,  1.83e+02)
50      0.172   3.81e-01   7.96e-01   3.53e-01   2.60e+00   0.00e+00 (  1.29e+02,  1.72e+02)
55      0.187   4.20e-01   8.97e-01   4.72e-01   2.94e+00   0.00e+00 (  1.19e+02,  1.60e+02)
60      0.199   4.51e-01   9.67e-01   5.93e-01   3.24e+00   0.00e+00 (  1.09e+02,  1.48e+02)
65      0.209   4.76e-01   1.01e+00   7.04e-01   3.49e+00   0.00e+00 (  1.01e+02,  1.37e+02)
70      0.212   4.95e-01   1.03e+00   7.75e-01   3.62e+00   0.00e+00 (  9.39e+01,  1.27e+02)
75      0.202   4.92e-01   1.00e+00   7.96e-01   3.52e+00   0.00e+00 (  8.75e+01,  1.18e+02)
80      0.177   4.52e-01   9.13e-01   7.50e-01   3.19e+00   0.00e+00 (  8.11e+01,  1.10e+02)
85      0.127   3.69e-01   6.94e-01   5.88e-01   2.57e+00   0.00e+00 (  7.97e+01,  1.04e+02)
90      0.017   1.22e-01   2.12e-01   1.82e-01   5.16e-01   0.00e+00 (  2.33e+01,  9.89e+01)
95      0.006   3.18e-02   4.54e-02   4.03e-02   2.50e-01   0.00e+00 (  2.73e+00,  9.33e+01)
40 e: 1.460e-05 i: 5.835e-05 :: e: 1.107e-02 i: 1.083e-02 :: n: 2.763e+01 e:20.782 i:23.696 v:4.993e+03
>>> tau_he = 5.000000, nhe(0)=2.971926e+00
 5     -0.019   8.85e-03   2.87e-01   7.00e-03  -1.04e-01   0.00e+00 (  5.06e+00,  4.58e+01)
10     -0.058   7.28e-02   3.09e-02  -1.88e-02  -3.93e-01   0.00e+00 (  5.19e+01,  9.11e+01)
15     -0.015   1.18e-01   1.02e-01  -4.87e-02  -1.23e-01   0.00e+00 (  7.63e+01,  1.28e+02)
20      0.093   2.05e-01   2.70e-01   8.51e-02   8.75e-01   0.00e+00 (  1.37e+02,  1.55e+02)
25      0.115   2.31e-01   3.04e-01   1.25e-01   1.21e+00   0.00e+00 (  1.51e+02,  1.76e+02)
30      0.117   2.49e-01   3.55e-01   1.33e-01   1.37e+00   0.00e+00 (  1.56e+02,  1.91e+02)
35      0.121   2.69e-01   4.17e-01   1.40e-01   1.54e+00   0.00e+00 (  1.53e+02,  1.94e+02)
40      0.138   3.02e-01   5.42e-01   1.69e-01   1.87e+00   0.00e+00 (  1.47e+02,  1.91e+02)
45      0.159   3.47e-01   6.82e-01   2.72e-01   2.29e+00   0.00e+00 (  1.40e+02,  1.83e+02)
50      0.172   3.81e-01   7.95e-01   3.53e-01   2.60e+00   0.00e+00 (  1.29e+02,  1.72e+02)
55      0.187   4.19e-01   8.96e-01   4.72e-01   2.94e+00   0.00e+00 (  1.19e+02,  1.60e+02)
60      0.199   4.51e-01   9.66e-01   5.93e-01   3.24e+00   0.00e+00 (  1.09e+02,  1.48e+02)
65      0.209   4.76e-01   1.01e+00   7.03e-01   3.49e+00   0.00e+00 (  1.01e+02,  1.37e+02)
70      0.212   4.95e-01   1.03e+00   7.74e-01   3.62e+00   0.00e+00 (  9.38e+01,  1.27e+02)
75      0.202   4.92e-01   1.00e+00   7.95e-01   3.52e+00   0.00e+00 (  8.74e+01,  1.18e+02)
80      0.177   4.52e-01   9.12e-01   7.49e-01   3.19e+00   0.00e+00 (  8.10e+01,  1.10e+02)
85      0.127   3.69e-01   6.94e-01   5.88e-01   2.57e+00   0.00e+00 (  7.96e+01,  1.04e+02)
90      0.018   1.22e-01   2.12e-01   1.82e-01   5.17e-01   0.00e+00 (  2.33e+01,  9.89e+01)
95      0.006   3.18e-02   4.54e-02   4.03e-02   2.50e-01   0.00e+00 (  2.73e+00,  9.33e+01)
41 e: 3.012e-05 i: 1.371e-04 :: e: 1.246e-02 i: 1.192e-02 :: n: 2.763e+01 e:20.815 i:23.711 v:4.993e+03
>>> tau_he = 5.000000, nhe(0)=2.973221e+00
 5     -0.019   8.82e-03   2.90e-01   6.90e-03  -1.04e-01   0.00e+00 (  5.04e+00,  4.58e+01)
10     -0.059   7.28e-02   3.05e-02  -1.87e-02  -3.98e-01   0.00e+00 (  5.21e+01,  9.11e+01)
15      0.035   2.29e-01   2.92e-01   3.25e-02   2.84e-01   0.00e+00 (  1.50e+02,  1.28e+02)
20      0.093   2.05e-01   2.70e-01   8.53e-02   8.73e-01   0.00e+00 (  1.37e+02,  1.55e+02)
25      0.114   2.31e-01   3.04e-01   1.24e-01   1.21e+00   0.00e+00 (  1.51e+02,  1.76e+02)
30      0.117   2.49e-01   3.55e-01   1.33e-01   1.37e+00   0.00e+00 (  1.56e+02,  1.91e+02)
35      0.121   2.69e-01   4.18e-01   1.41e-01   1.54e+00   0.00e+00 (  1.53e+02,  1.94e+02)
40      0.138   3.02e-01   5.43e-01   1.70e-01   1.87e+00   0.00e+00 (  1.47e+02,  1.91e+02)
45      0.159   3.48e-01   6.83e-01   2.73e-01   2.29e+00   0.00e+00 (  1.41e+02,  1.83e+02)
50      0.172   3.82e-01   7.97e-01   3.53e-01   2.60e+00   0.00e+00 (  1.29e+02,  1.72e+02)
55      0.187   4.20e-01   8.98e-01   4.73e-01   2.94e+00   0.00e+00 (  1.19e+02,  1.60e+02)
60      0.199   4.51e-01   9.67e-01   5.94e-01   3.24e+00   0.00e+00 (  1.09e+02,  1.48e+02)
65      0.209   4.76e-01   1.02e+00   7.04e-01   3.49e+00   0.00e+00 (  1.01e+02,  1.37e+02)
70      0.212   4.95e-01   1.03e+00   7.75e-01   3.62e+00   0.00e+00 (  9.39e+01,  1.27e+02)
75      0.201   4.92e-01   1.00e+00   7.96e-01   3.52e+00   0.00e+00 (  8.75e+01,  1.18e+02)
80      0.176   4.52e-01   9.13e-01   7.50e-01   3.19e+00   0.00e+00 (  8.11e+01,  1.10e+02)
85      0.127   3.69e-01   6.94e-01   5.88e-01   2.57e+00   0.00e+00 (  7.97e+01,  1.04e+02)
90      0.017   1.22e-01   2.12e-01   1.82e-01   5.16e-01   0.00e+00 (  2.33e+01,  9.89e+01)
95      0.006   3.18e-02   4.54e-02   4.03e-02   2.50e-01   0.00e+00 (  2.73e+00,  9.33e+01)
42 e: 1.840e-05 i: 6.439e-05 :: e: 1.043e-02 i: 1.031e-02 :: n: 2.763e+01 e:20.770 i:23.688 v:4.993e+03
>>> tau_he = 5.000000, nhe(0)=2.971216e+00
 5     -0.019   8.85e-03   2.87e-01   7.00e-03  -1.04e-01   0.00e+00 (  5.06e+00,  4.58e+01)
10     -0.058   7.28e-02   3.08e-02  -1.87e-02  -3.94e-01   0.00e+00 (  5.20e+01,  9.11e+01)
15      0.032   2.23e-01   2.85e-01   2.84e-02   2.59e-01   0.00e+00 (  1.44e+02,  1.28e+02)
20      0.047   1.22e-01   1.27e-01  -3.91e-03   4.38e-01   0.00e+00 (  8.11e+01,  1.55e+02)
25      0.114   2.30e-01   3.03e-01   1.24e-01   1.21e+00   0.00e+00 (  1.51e+02,  1.76e+02)
30      0.117   2.49e-01   3.55e-01   1.32e-01   1.37e+00   0.00e+00 (  1.56e+02,  1.91e+02)
35      0.121   2.69e-01   4.17e-01   1.40e-01   1.54e+00   0.00e+00 (  1.52e+02,  1.94e+02)
40      0.138   3.02e-01   5.41e-01   1.69e-01   1.87e+00   0.00e+00 (  1.47e+02,  1.91e+02)
45      0.159   3.47e-01   6.81e-01   2.72e-01   2.29e+00   0.00e+00 (  1.40e+02,  1.83e+02)
50      0.172   3.81e-01   7.95e-01   3.52e-01   2.60e+00   0.00e+00 (  1.29e+02,  1.72e+02)
55      0.187   4.19e-01   8.95e-01   4.71e-01   2.94e+00   0.00e+00 (  1.19e+02,  1.60e+02)
60      0.199   4.50e-01   9.66e-01   5.92e-01   3.24e+00   0.00e+00 (  1.09e+02,  1.48e+02)
65      0.209   4.76e-01   1.01e+00   7.03e-01   3.49e+00   0.00e+00 (  1.01e+02,  1.37e+02)
70      0.212   4.94e-01   1.03e+00   7.74e-01   3.62e+00   0.00e+00 (  9.37e+01,  1.27e+02)
75      0.201   4.92e-01   1.00e+00   7.95e-01   3.52e+00   0.00e+00 (  8.73e+01,  1.18e+02)
80      0.177   4.52e-01   9.12e-01   7.49e-01   3.19e+00   0.00e+00 (  8.10e+01,  1.10e+02)
85      0.127   3.69e-01   6.94e-01   5.88e-01   2.57e+00   0.00e+00 (  7.96e+01,  1.04e+02)
90      0.018   1.22e-01   2.12e-01   1.82e-01   5.18e-01   0.00e+00 (  2.33e+01,  9.89e+01)
95      0.006   3.18e-02   4.54e-02   4.03e-02   2.50e-01   0.00e+00 (  2.73e+00,  9.33e+01)
43 e: 4.990e-05 i: 1.977e-04 :: e: 1.572e-02 i: 1.445e-02 :: n: 2.763e+01 e:20.779 i:23.685 v:4.993e+03
>>> tau_he = 5.000000, nhe(0)=2.970957e+00
 5     -0.019   8.83e-03   2.86e-01   6.99e-03  -1.03e-01   0.00e+00 (  5.04e+00,  4.58e+01)
10     -0.057   7.26e-02   3.08e-02  -1.87e-02  -3.86e-01   0.00e+00 (  5.16e+01,  9.11e+01)
15     -0.014   1.15e-01   9.29e-02  -2.39e-02  -1.17e-01   0.00e+00 (  7.40e+01,  1.28e+02)
20      0.101   2.10e-01   2.74e-01   8.83e-02   9.51e-01   0.00e+00 (  1.41e+02,  1.55e+02)
25      0.115   2.31e-01   3.05e-01   1.26e-01   1.22e+00   0.00e+00 (  1.52e+02,  1.76e+02)
30      0.117   2.49e-01   3.55e-01   1.33e-01   1.37e+00   0.00e+00 (  1.56e+02,  1.91e+02)
35      0.122   2.69e-01   4.18e-01   1.41e-01   1.54e+00   0.00e+00 (  1.53e+02,  1.94e+02)
40      0.138   3.02e-01   5.43e-01   1.70e-01   1.88e+00   0.00e+00 (  1.47e+02,  1.91e+02)
45      0.159   3.48e-01   6.84e-01   2.73e-01   2.29e+00   0.00e+00 (  1.41e+02,  1.83e+02)
50      0.172   3.82e-01   7.97e-01   3.54e-01   2.60e+00   0.00e+00 (  1.29e+02,  1.72e+02)
55      0.187   4.20e-01   8.98e-01   4.73e-01   2.94e+00   0.00e+00 (  1.19e+02,  1.60e+02)
60      0.199   4.51e-01   9.68e-01   5.94e-01   3.24e+00   0.00e+00 (  1.09e+02,  1.48e+02)
65      0.209   4.76e-01   1.02e+00   7.04e-01   3.49e+00   0.00e+00 (  1.01e+02,  1.37e+02)
70      0.212   4.95e-01   1.03e+00   7.75e-01   3.62e+00   0.00e+00 (  9.38e+01,  1.27e+02)
75      0.201   4.92e-01   1.00e+00   7.96e-01   3.52e+00   0.00e+00 (  8.74e+01,  1.18e+02)
80      0.176   4.52e-01   9.13e-01   7.50e-01   3.19e+00   0.00e+00 (  8.11e+01,  1.10e+02)
85      0.127   3.69e-01   6.94e-01   5.88e-01   2.57e+00   0.00e+00 (  7.97e+01,  1.04e+02)
90      0.017   1.22e-01   2.12e-01   1.82e-01   5.16e-01   0.00e+00 (  2.33e+01,  9.89e+01)
95      0.006   3.18e-02   4.54e-02   4.03e-02   2.50e-01   0.00e+00 (  2.73e+00,  9.33e+01)
44 e: 4.024e-05 i: 1.823e-04 :: e: 1.408e-02 i: 1.400e-02 :: n: 2.763e+01 e:20.802 i:23.728 v:4.993e+03
>>> tau_he = 5.000000, nhe(0)=2.974706e+00
 5     -0.019   8.86e-03   2.90e-01   6.96e-03  -1.04e-01   0.00e+00 (  5.06e+00,  4.58e+01)
10     -0.058   7.27e-02   3.03e-02  -1.86e-02  -3.94e-01   0.00e+00 (  5.19e+01,  9.11e+01)
15      0.032   2.26e-01   2.90e-01   3.09e-02   2.61e-01   0.00e+00 (  1.47e+02,  1.28e+02)
20      0.096   2.09e-01   2.73e-01   8.80e-02   9.02e-01   0.00e+00 (  1.41e+02,  1.55e+02)
25      0.114   2.31e-01   3.04e-01   1.25e-01   1.21e+00   0.00e+00 (  1.51e+02,  1.76e+02)
30      0.117   2.48e-01   3.55e-01   1.32e-01   1.36e+00   0.00e+00 (  1.55e+02,  1.91e+02)
35      0.121   2.68e-01   4.17e-01   1.40e-01   1.54e+00   0.00e+00 (  1.52e+02,  1.94e+02)
40      0.138   3.02e-01   5.41e-01   1.70e-01   1.87e+00   0.00e+00 (  1.47e+02,  1.91e+02)
45      0.159   3.47e-01   6.81e-01   2.72e-01   2.28e+00   0.00e+00 (  1.40e+02,  1.83e+02)
50      0.172   3.81e-01   7.95e-01   3.52e-01   2.60e+00   0.00e+00 (  1.29e+02,  1.72e+02)
55      0.187   4.19e-01   8.95e-01   4.71e-01   2.93e+00   0.00e+00 (  1.19e+02,  1.60e+02)
60      0.199   4.50e-01   9.65e-01   5.92e-01   3.24e+00   0.00e+00 (  1.09e+02,  1.48e+02)
65      0.209   4.75e-01   1.01e+00   7.02e-01   3.49e+00   0.00e+00 (  1.01e+02,  1.37e+02)
70      0.212   4.94e-01   1.03e+00   7.73e-01   3.62e+00   0.00e+00 (  9.36e+01,  1.27e+02)
75      0.201   4.92e-01   1.00e+00   7.95e-01   3.52e+00   0.00e+00 (  8.72e+01,  1.18e+02)
80      0.176   4.51e-01   9.11e-01   7.49e-01   3.19e+00   0.00e+00 (  8.09e+01,  1.10e+02)
85      0.127   3.69e-01   6.94e-01   5.88e-01   2.57e+00   0.00e+00 (  7.95e+01,  1.04e+02)
90      0.018   1.22e-01   2.12e-01   1.82e-01   5.18e-01   0.00e+00 (  2.33e+01,  9.89e+01)
95      0.006   3.18e-02   4.54e-02   4.03e-02   2.50e-01   0.00e+00 (  2.73e+00,  9.33e+01)
45 e: 1.429e-05 i: 6.173e-05 :: e: 9.136e-03 i: 8.777e-03 :: n: 2.763e+01 e:20.782 i:23.695 v:4.993e+03
>>> tau_he = 5.000000, nhe(0)=2.971804e+00
 5     -0.019   8.86e-03   2.87e-01   7.00e-03  -1.04e-01   0.00e+00 (  5.06e+00,  4.58e+01)
10     -0.058   7.28e-02   3.09e-02  -1.88e-02  -3.92e-01   0.00e+00 (  5.19e+01,  9.11e+01)
15      0.032   2.23e-01   2.85e-01   2.81e-02   2.62e-01   0.00e+00 (  1.44e+02,  1.28e+02)
20      0.093   2.05e-01   2.70e-01   8.55e-02   8.75e-01   0.00e+00 (  1.38e+02,  1.55e+02)
25      0.115   2.31e-01   3.04e-01   1.25e-01   1.21e+00   0.00e+00 (  1.51e+02,  1.76e+02)
30      0.117   2.49e-01   3.55e-01   1.33e-01   1.37e+00   0.00e+00 (  1.56e+02,  1.91e+02)
35      0.122   2.69e-01   4.18e-01   1.41e-01   1.54e+00   0.00e+00 (  1.53e+02,  1.94e+02)
40      0.138   3.02e-01   5.43e-01   1.70e-01   1.88e+00   0.00e+00 (  1.47e+02,  1.91e+02)
45      0.159   3.48e-01   6.83e-01   2.73e-01   2.29e+00   0.00e+00 (  1.40e+02,  1.83e+02)
50      0.172   3.81e-01   7.96e-01   3.53e-01   2.60e+00   0.00e+00 (  1.29e+02,  1.72e+02)
55      0.187   4.19e-01   8.97e-01   4.72e-01   2.94e+00   0.00e+00 (  1.19e+02,  1.60e+02)
60      0.199   4.51e-01   9.67e-01   5.93e-01   3.24e+00   0.00e+00 (  1.09e+02,  1.48e+02)
65      0.209   4.76e-01   1.01e+00   7.03e-01   3.49e+00   0.00e+00 (  1.01e+02,  1.37e+02)
70      0.212   4.95e-01   1.03e+00   7.74e-01   3.62e+00   0.00e+00 (  9.37e+01,  1.27e+02)
75      0.201   4.92e-01   1.00e+00   7.95e-01   3.52e+00   0.00e+00 (  8.73e+01,  1.18e+02)
80      0.176   4.52e-01   9.12e-01   7.49e-01   3.19e+00   0.00e+00 (  8.09e+01,  1.10e+02)
85      0.127   3.69e-01   6.94e-01   5.88e-01   2.57e+00   0.00e+00 (  7.96e+01,  1.04e+02)
90      0.017   1.22e-01   2.12e-01   1.82e-01   5.16e-01   0.00e+00 (  2.33e+01,  9.89e+01)
95      0.006   3.18e-02   4.54e-02   4.03e-02   2.50e-01   0.00e+00 (  2.73e+00,  9.33e+01)
46 e: 1.631e-05 i: 5.533e-05 :: e: 8.008e-03 i: 7.948e-03 :: n: 2.763e+01 e:20.745 i:23.646 v:4.993e+03
>>> tau_he = 5.000000, nhe(0)=2.967532e+00
 5     -0.019   8.80e-03   2.84e-01   6.97e-03  -1.03e-01   0.00e+00 (  5.03e+00,  4.58e+01)
10     -0.057   7.25e-02   3.10e-02  -1.88e-02  -3.85e-01   0.00e+00 (  5.15e+01,  9.11e+01)
15     -0.013   1.15e-01   9.20e-02  -2.36e-02  -1.09e-01   0.00e+00 (  7.32e+01,  1.28e+02)
20      0.047   1.22e-01   1.27e-01  -4.47e-03   4.40e-01   0.00e+00 (  8.13e+01,  1.55e+02)
25      0.115   2.31e-01   3.04e-01   1.24e-01   1.21e+00   0.00e+00 (  1.51e+02,  1.76e+02)
30      0.117   2.49e-01   3.55e-01   1.33e-01   1.37e+00   0.00e+00 (  1.56e+02,  1.91e+02)
35      0.122   2.69e-01   4.18e-01   1.41e-01   1.54e+00   0.00e+00 (  1.53e+02,  1.94e+02)
40      0.138   3.02e-01   5.42e-01   1.69e-01   1.88e+00   0.00e+00 (  1.47e+02,  1.91e+02)
45      0.159   3.47e-01   6.82e-01   2.73e-01   2.29e+00   0.00e+00 (  1.40e+02,  1.83e+02)
50      0.172   3.81e-01   7.96e-01   3.53e-01   2.60e+00   0.00e+00 (  1.29e+02,  1.72e+02)
55      0.187   4.19e-01   8.96e-01   4.72e-01   2.94e+00   0.00e+00 (  1.19e+02,  1.60e+02)
60      0.199   4.50e-01   9.66e-01   5.93e-01   3.24e+00   0.00e+00 (  1.09e+02,  1.48e+02)
65      0.209   4.76e-01   1.01e+00   7.03e-01   3.49e+00   0.00e+00 (  1.01e+02,  1.37e+02)
70      0.212   4.94e-01   1.03e+00   7.74e-01   3.62e+00   0.00e+00 (  9.36e+01,  1.27e+02)
75      0.201   4.92e-01   1.00e+00   7.95e-01   3.51e+00   0.00e+00 (  8.72e+01,  1.18e+02)
80      0.176   4.51e-01   9.11e-01   7.49e-01   3.19e+00   0.00e+00 (  8.09e+01,  1.10e+02)
85      0.127   3.69e-01   6.94e-01   5.87e-01   2.57e+00   0.00e+00 (  7.95e+01,  1.04e+02)
90      0.018   1.22e-01   2.12e-01   1.82e-01   5.18e-01   0.00e+00 (  2.33e+01,  9.89e+01)
95      0.006   3.18e-02   4.54e-02   4.03e-02   2.50e-01   0.00e+00 (  2.73e+00,  9.33e+01)
47 e: 6.126e-05 i: 2.586e-04 :: e: 1.939e-02 i: 1.857e-02 :: n: 2.763e+01 e:20.798 i:23.722 v:4.993e+03
>>> tau_he = 5.000000, nhe(0)=2.974156e+00
 5     -0.019   8.85e-03   2.90e-01   6.95e-03  -1.04e-01   0.00e+00 (  5.04e+00,  4.58e+01)
10     -0.057   7.25e-02   3.02e-02  -1.85e-02  -3.88e-01   0.00e+00 (  5.16e+01,  9.11e+01)
15      0.033   2.25e-01   2.89e-01   3.04e-02   2.67e-01   0.00e+00 (  1.46e+02,  1.28e+02)
20      0.102   2.11e-01   2.76e-01   9.02e-02   9.58e-01   0.00e+00 (  1.43e+02,  1.55e+02)
25      0.115   2.31e-01   3.04e-01   1.25e-01   1.21e+00   0.00e+00 (  1.51e+02,  1.76e+02)
30      0.117   2.48e-01   3.55e-01   1.32e-01   1.36e+00   0.00e+00 (  1.55e+02,  1.91e+02)
35      0.121   2.69e-01   4.18e-01   1.40e-01   1.54e+00   0.00e+00 (  1.52e+02,  1.94e+02)
40      0.138   3.02e-01   5.43e-01   1.70e-01   1.87e+00   0.00e+00 (  1.47e+02,  1.91e+02)
45      0.159   3.48e-01   6.83e-01   2.73e-01   2.29e+00   0.00e+00 (  1.40e+02,  1.83e+02)
50      0.172   3.81e-01   7.97e-01   3.53e-01   2.60e+00   0.00e+00 (  1.29e+02,  1.72e+02)
55      0.187   4.19e-01   8.97e-01   4.72e-01   2.94e+00   0.00e+00 (  1.19e+02,  1.60e+02)
60      0.199   4.51e-01   9.67e-01   5.93e-01   3.24e+00   0.00e+00 (  1.09e+02,  1.48e+02)
65      0.209   4.76e-01   1.01e+00   7.03e-01   3.49e+00   0.00e+00 (  1.01e+02,  1.37e+02)
70      0.212   4.94e-01   1.03e+00   7.74e-01   3.62e+00   0.00e+00 (  9.36e+01,  1.27e+02)
75      0.201   4.92e-01   1.00e+00   7.95e-01   3.51e+00   0.00e+00 (  8.73e+01,  1.18e+02)
80      0.176   4.51e-01   9.12e-01   7.49e-01   3.19e+00   0.00e+00 (  8.09e+01,  1.10e+02)
85      0.127   3.69e-01   6.94e-01   5.88e-01   2.57e+00   0.00e+00 (  7.95e+01,  1.04e+02)
90      0.017   1.22e-01   2.12e-01   1.82e-01   5.16e-01   0.00e+00 (  2.33e+01,  9.89e+01)
95      0.006   3.18e-02   4.54e-02   4.03e-02   2.50e-01   0.00e+00 (  2.73e+00,  9.33e+01)
48 e: 1.185e-05 i: 5.746e-05 :: e: 9.647e-03 i: 9.685e-03 :: n: 2.763e+01 e:20.776 i:23.707 v:4.993e+03
>>> tau_he = 5.000000, nhe(0)=2.972851e+00
 5     -0.019   8.86e-03   2.87e-01   7.00e-03  -1.04e-01   0.00e+00 (  5.07e+00,  4.58e+01)
10     -0.057   7.27e-02   3.07e-02  -1.87e-02  -3.90e-01   0.00e+00 (  5.18e+01,  9.11e+01)
15     -0.015   1.18e-01   1.02e-01  -4.90e-02  -1.20e-01   0.00e+00 (  7.63e+01,  1.28e+02)
20      0.096   2.09e-01   2.74e-01   8.79e-02   9.03e-01   0.00e+00 (  1.41e+02,  1.55e+02)
25      0.115   2.31e-01   3.04e-01   1.25e-01   1.21e+00   0.00e+00 (  1.51e+02,  1.76e+02)
30      0.117   2.48e-01   3.54e-01   1.32e-01   1.36e+00   0.00e+00 (  1.55e+02,  1.91e+02)
35      0.121   2.68e-01   4.17e-01   1.40e-01   1.54e+00   0.00e+00 (  1.52e+02,  1.94e+02)
40      0.138   3.02e-01   5.41e-01   1.69e-01   1.87e+00   0.00e+00 (  1.47e+02,  1.91e+02)
45      0.159   3.47e-01   6.81e-01   2.72e-01   2.28e+00   0.00e+00 (  1.40e+02,  1.83e+02)
50      0.172   3.81e-01   7.94e-01   3.52e-01   2.60e+00   0.00e+00 (  1.29e+02,  1.72e+02)
55      0.187   4.18e-01   8.95e-01   4.71e-01   2.93e+00   0.00e+00 (  1.19e+02,  1.60e+02)
60      0.199   4.50e-01   9.64e-01   5.92e-01   3.24e+00   0.00e+00 (  1.09e+02,  1.48e+02)
65      0.209   4.75e-01   1.01e+00   7.02e-01   3.49e+00   0.00e+00 (  1.01e+02,  1.37e+02)
70      0.212   4.94e-01   1.03e+00   7.73e-01   3.62e+00   0.00e+00 (  9.34e+01,  1.27e+02)
75      0.201   4.91e-01   1.00e+00   7.94e-01   3.51e+00   0.00e+00 (  8.71e+01,  1.18e+02)
80      0.176   4.51e-01   9.11e-01   7.48e-01   3.19e+00   0.00e+00 (  8.07e+01,  1.10e+02)
85      0.127   3.69e-01   6.93e-01   5.87e-01   2.57e+00   0.00e+00 (  7.94e+01,  1.04e+02)
90      0.018   1.22e-01   2.12e-01   1.82e-01   5.18e-01   0.00e+00 (  2.33e+01,  9.89e+01)
95      0.006   3.18e-02   4.54e-02   4.03e-02   2.50e-01   0.00e+00 (  2.73e+00,  9.33e+01)
49 e: 3.394e-05 i: 1.454e-04 :: e: 1.156e-02 i: 1.110e-02 :: n: 2.763e+01 e:20.812 i:23.720 v:4.993e+03
 plasma volume = 147.275141
 stored energy(e,i,b,a) = 3.884213e+01 3.630206e+01 0.000000e+00 0.000000e+00
 betan = 0.859716
*power
 Pnb(e,i) = 0.000000e+00 0.000000e+00
 Prf(e,i) = 1.061007e+01 2.944712e+01
 Prad     = -1.255263e+01 
 Pei      = -4.584578e+00 
 Pfuse    = 3.362764e+01 
 Pfusi    = 1.092761e+01 
 Poh      = 0.000000e+00 
*confinement time
 taut, tauITER98y2, H98y2 : 1.042803e+00 1.614665e+00 6.458324e-01
 taue, taui : 1.433263e+00 2.340228e+00
 taut, tau89, H89 : 1.042803e+00 8.074466e-01 1.291482e+00
*temperature
 nea, nebar : 1.773177e+01 2.075232e+01 
 tea, tia : 5.084702e+00 4.979154e+00 (1.021198e+00)
 te0, ti0 : 1.787233e+01 1.866034e+01 (9.577708e-01)
 Sn : 0.000000e+00 
*current balance
 Ip,Ibs,Inb,Irf: 1.000000e+01 1.425618e+00 0.000000e+00 2.258662e-01
 fni,fbs: 0.165 0.143

 plasma volume = 147.275141
 stored energy(e,i,b,a) = 3.884213e+01 3.630206e+01 0.000000e+00 0.000000e+00
 betan = 0.859716
*power
 Pnb(e,i) = 0.000000e+00 0.000000e+00
 Prf(e,i) = 1.061007e+01 2.944712e+01
 Prad     = -1.255263e+01 
 Pei      = -4.584578e+00 
 Pfuse    = 3.362764e+01 
 Pfusi    = 1.092761e+01 
 Poh      = 0.000000e+00 
*confinement time
 taut, tauITER98y2, H98y2 : 1.042803e+00 1.614665e+00 6.458324e-01
 taue, taui : 1.433263e+00 2.340228e+00
 taut, tau89, H89 : 1.042803e+00 8.074466e-01 1.291482e+00
*temperature
 nea, nebar : 1.773177e+01 2.075232e+01 
 tea, tia : 5.084702e+00 4.979154e+00 (1.021198e+00)
 te0, ti0 : 1.787233e+01 1.866034e+01 (9.577708e-01)
 Sn : 0.000000e+00 
*current balance
 Ip,Ibs,Inb,Irf: 1.000000e+01 1.425618e+00 0.000000e+00 2.258662e-01
 fni,fbs: 0.165 0.143
 ELAPASED TIME = 1903 sec

finalize
