========================================================================
= FASTRAN

nonlinear model = 0
ichi = 0
ineo = 0
reading state...
read formatted input, inprof...
init geometry...
read formatted input, inmetric...
nrho in inmetric = 101
rhob in inmetric = 1.264558e+00
solve avg grad-shafranv...
solve_avg_gs::Ip_temp = 9.980793e+00 
solve_avg_gs::Ip      = 1.000000e+01 
>>> tau_he = 5.000000, nhe(0)=2.214755e+00

 plasma volume = 149.058955
 stored energy(e,i,b) = 6.054566e+01 5.419539e+01 0.000000e+00
 betan = 1.299518
*power
 Pnb(e,i) = 0.000000e+00 0.000000e+00
 Prf(e,i) = 6.381823e+00 1.363163e+01
 Prad     = -3.260684e+01 
 Pei      = -6.640859e-01 
 Pfuse    = 5.249684e+01 
 Pfusi    = 1.602938e+01 
 Poh      = 0.000000e+00 
*confinement time
 taut, tauITER98y2, H98y2 : 2.051408e+00 1.982947e+00 1.034525e+00
 taue, taui : 2.364351e+00 3.246503e+00
 taut, tau89, H89 : 2.051408e+00 9.259281e-01 2.215516e+00
*temperature
 nea, nebar : 1.945411e+01 2.196698e+01 
 tea, tia : 7.840460e+00 7.825481e+00 (1.001914e+00)
 te0, ti0 : 1.851297e+01 1.882740e+01 (9.832995e-01)
 Sn : 0.000000e+00 
*current balance
 Ip,Ibs,Inb,Irf: 1.000000e+01 1.988023e+00 0.000000e+00 8.684563e-02
 fni,fbs: 0.207 0.199

Time advancing...
rho_bdry 0.950000 ...
te_bdry = 3.741993
ti_bdry = 3.741797
ne_bdry = 14.453942
rv_bdry = 100.762170
nrho_tr_bdry = 19
drho_bdry = 0.000000e+00
nrhob = 95
 [    0] t = 0.0000 
>>> tau_he = 5.000000, nhe(0)=2.196301e+00
 5     -0.001   3.44e-03   1.32e-01   2.31e-03  -5.60e-03   0.00e+00 (  5.48e-01,  2.92e+01)
10      0.000   5.65e-04  -2.19e-03  -6.37e-04   3.83e-05   0.00e+00 (  1.35e-01,  5.76e+01)
15     -0.001   2.34e-04  -3.23e-03  -2.16e-03  -8.94e-03   0.00e+00 (  7.21e-02,  8.48e+01)
20      0.005   1.32e-02  -4.15e-02  -4.25e-03   3.68e-02   0.00e+00 (  4.83e+00,  1.04e+02)
25      0.016   6.17e-02  -2.07e-02   4.76e-03   1.35e-01   0.00e+00 (  2.51e+01,  1.20e+02)
30      0.031   1.17e-01   2.79e-02   2.85e-02   2.92e-01   0.00e+00 (  5.10e+01,  1.32e+02)
35      0.038   1.56e-01   7.16e-02   4.89e-02   3.91e-01   0.00e+00 (  6.60e+01,  1.41e+02)
40      0.047   1.95e-01   1.11e-01   5.44e-02   5.14e-01   0.00e+00 (  7.90e+01,  1.45e+02)
45      0.060   2.31e-01   1.79e-01   9.48e-02   6.94e-01   0.00e+00 (  8.79e+01,  1.45e+02)
50      0.080   2.79e-01   2.65e-01   1.85e-01   9.80e-01   0.00e+00 (  9.78e+01,  1.42e+02)
55      0.105   3.34e-01   4.06e-01   2.25e-01   1.34e+00   0.00e+00 (  1.09e+02,  1.36e+02)
60      0.143   4.02e-01   5.40e-01   3.37e-01   1.90e+00   0.00e+00 (  1.20e+02,  1.29e+02)
65      0.214   5.10e-01   8.30e-01   5.66e-01   2.92e+00   0.00e+00 (  1.37e+02,  1.21e+02)
70      0.241   5.64e-01   9.79e-01   7.35e-01   3.38e+00   0.00e+00 (  1.37e+02,  1.12e+02)
75      0.253   5.90e-01   1.07e+00   8.64e-01   3.62e+00   0.00e+00 (  1.28e+02,  1.04e+02)
80      0.246   5.65e-01   1.08e+00   9.01e-01   3.59e+00   0.00e+00 (  1.09e+02,  9.54e+01)
85      0.216   4.82e-01   9.78e-01   8.47e-01   3.20e+00   0.00e+00 (  8.18e+01,  8.77e+01)
90      0.199   4.26e-01   8.66e-01   7.53e-01   3.23e+00   0.00e+00 (  6.34e+01,  8.06e+01)
95      2.087   4.49e+00   5.76e+00   4.20e+00   1.34e+02   0.00e+00 (  2.18e+03,  7.42e+01)
 0 e: 4.187e-07 i: 1.994e-06 :: e: 0.000e+00 i: 0.000e+00 :: n: 2.762e+01 e:18.513 i:18.827 v:4.993e+03
>>> tau_he = 5.000000, nhe(0)=2.192192e+00
 5     -0.001   3.59e-03   1.50e-01   2.35e-03  -5.18e-03   0.00e+00 (  5.67e-01,  2.92e+01)
10      0.000   5.57e-04  -2.18e-03  -6.43e-04   2.00e-05   0.00e+00 (  1.33e-01,  5.76e+01)
15     -0.001   2.30e-04  -3.46e-03  -2.39e-03  -9.61e-03   0.00e+00 (  7.13e-02,  8.48e+01)
20      0.005   1.32e-02  -4.14e-02  -4.30e-03   3.57e-02   0.00e+00 (  4.85e+00,  1.04e+02)
25      0.016   6.29e-02  -2.06e-02   5.00e-03   1.36e-01   0.00e+00 (  2.58e+01,  1.20e+02)
30      0.030   1.15e-01   2.86e-02   2.81e-02   2.86e-01   0.00e+00 (  4.98e+01,  1.32e+02)
35      0.038   1.56e-01   7.23e-02   4.91e-02   3.93e-01   0.00e+00 (  6.61e+01,  1.41e+02)
40      0.048   1.96e-01   1.14e-01   5.52e-02   5.23e-01   0.00e+00 (  7.94e+01,  1.45e+02)
45      0.060   2.32e-01   1.82e-01   9.65e-02   7.02e-01   0.00e+00 (  8.83e+01,  1.45e+02)
50      0.082   2.82e-01   2.74e-01   1.87e-01   1.01e+00   0.00e+00 (  9.92e+01,  1.42e+02)
55      0.106   3.35e-01   4.11e-01   2.26e-01   1.36e+00   0.00e+00 (  1.09e+02,  1.36e+02)
60      0.149   4.07e-01   5.58e-01   3.49e-01   1.97e+00   0.00e+00 (  1.22e+02,  1.29e+02)
65      0.209   5.03e-01   8.15e-01   5.55e-01   2.85e+00   0.00e+00 (  1.34e+02,  1.21e+02)
70      0.235   5.55e-01   9.58e-01   7.19e-01   3.29e+00   0.00e+00 (  1.33e+02,  1.12e+02)
75      0.246   5.79e-01   1.04e+00   8.43e-01   3.53e+00   0.00e+00 (  1.24e+02,  1.04e+02)
80      0.240   5.54e-01   1.06e+00   8.80e-01   3.50e+00   0.00e+00 (  1.06e+02,  9.54e+01)
85      0.219   4.87e-01   9.88e-01   8.56e-01   3.24e+00   0.00e+00 (  8.32e+01,  8.77e+01)
90      0.224   4.95e-01   1.03e+00   8.99e-01   3.65e+00   0.00e+00 (  8.20e+01,  8.06e+01)
95      2.114   4.72e+00   5.91e+00   4.22e+00   1.35e+02   0.00e+00 (  2.07e+03,  7.42e+01)
 1 e: 2.150e-02 i: 6.504e-02 :: e: 1.687e-02 i: 2.570e-02 :: n: 2.762e+01 e:18.507 i:18.792 v:4.993e+03
>>> tau_he = 5.000000, nhe(0)=2.519406e+00
 5     -0.003   5.12e-03   2.90e-01   3.50e-03  -1.44e-02   0.00e+00 (  1.15e+00,  2.92e+01)
10     -0.002   1.23e-03  -5.43e-03  -1.62e-03  -9.62e-03   0.00e+00 (  5.24e-01,  5.76e+01)
15      0.008   6.86e-02  -1.56e-02   9.84e-03   5.12e-02   0.00e+00 (  4.34e+01,  8.48e+01)
20     -0.006   1.11e-01  -1.02e-02   1.50e-02  -4.62e-02   0.00e+00 (  7.79e+01,  1.04e+02)
25      0.032   1.50e-01   9.56e-02   3.12e-02   2.70e-01   0.00e+00 (  9.21e+01,  1.20e+02)
30      0.053   1.77e-01   1.67e-01   7.18e-02   4.97e-01   0.00e+00 (  9.42e+01,  1.32e+02)
35      0.107   2.60e-01   3.16e-01   1.57e-01   1.10e+00   0.00e+00 (  1.28e+02,  1.41e+02)
40      0.130   2.88e-01   4.07e-01   1.89e-01   1.43e+00   0.00e+00 (  1.31e+02,  1.45e+02)
45      0.166   3.39e-01   5.33e-01   2.37e-01   1.94e+00   0.00e+00 (  1.41e+02,  1.45e+02)
50      0.190   3.93e-01   6.71e-01   2.77e-01   2.33e+00   0.00e+00 (  1.45e+02,  1.42e+02)
55      0.137   3.53e-01   5.65e-01   3.21e-01   1.76e+00   0.00e+00 (  1.13e+02,  1.36e+02)
60      0.139   3.68e-01   6.11e-01   3.78e-01   1.85e+00   0.00e+00 (  9.99e+01,  1.29e+02)
65      0.141   3.66e-01   6.13e-01   4.10e-01   1.93e+00   0.00e+00 (  8.17e+01,  1.21e+02)
70      0.141   3.65e-01   6.18e-01   4.67e-01   1.98e+00   0.00e+00 (  7.10e+01,  1.12e+02)
75      0.150   3.83e-01   6.69e-01   5.55e-01   2.15e+00   0.00e+00 (  6.80e+01,  1.04e+02)
80      0.162   4.15e-01   7.60e-01   6.44e-01   2.36e+00   0.00e+00 (  7.13e+01,  9.54e+01)
85      0.169   4.48e-01   8.55e-01   7.34e-01   2.51e+00   0.00e+00 (  7.92e+01,  8.77e+01)
90      0.177   4.66e-01   8.98e-01   7.80e-01   2.87e+00   0.00e+00 (  8.25e+01,  8.06e+01)
95      2.132   4.81e+00   6.00e+00   4.23e+00   1.36e+02   0.00e+00 (  2.05e+03,  7.42e+01)
 2 e: 1.331e-02 i: 5.155e-03 :: e: 2.057e-01 i: 2.672e-01 :: n: 2.762e+01 e:21.276 i:21.885 v:4.993e+03
>>> tau_he = 5.000000, nhe(0)=2.629589e+00
 5     -0.006   5.59e-03   3.18e-01   4.07e-03  -2.58e-02   0.00e+00 (  1.60e+00,  2.92e+01)
10     -0.005   1.63e-02   3.32e-02  -1.55e-03  -2.73e-02   0.00e+00 (  9.21e+00,  5.76e+01)
15     -0.091   1.10e-01   3.60e-02   1.33e-02  -5.97e-01   0.00e+00 (  8.87e+01,  8.48e+01)
20     -0.076   1.60e-01   6.24e-02   3.79e-02  -5.81e-01   0.00e+00 (  1.40e+02,  1.04e+02)
25     -0.023   1.87e-01   1.22e-01   4.23e-02  -2.01e-01   0.00e+00 (  1.44e+02,  1.20e+02)
30      0.038   2.17e-01   1.84e-01   5.42e-02   3.56e-01   0.00e+00 (  1.44e+02,  1.32e+02)
35      0.091   2.86e-01   3.23e-01   1.48e-01   9.31e-01   0.00e+00 (  1.69e+02,  1.41e+02)
40      0.105   2.96e-01   3.81e-01   1.67e-01   1.16e+00   0.00e+00 (  1.54e+02,  1.45e+02)
45      0.113   3.13e-01   4.18e-01   1.99e-01   1.31e+00   0.00e+00 (  1.40e+02,  1.45e+02)
50      0.147   3.56e-01   5.39e-01   2.26e-01   1.80e+00   0.00e+00 (  1.33e+02,  1.42e+02)
55      0.112   3.14e-01   4.59e-01   2.57e-01   1.43e+00   0.00e+00 (  9.73e+01,  1.36e+02)
60      0.117   3.11e-01   4.79e-01   3.02e-01   1.55e+00   0.00e+00 (  7.72e+01,  1.29e+02)
65      0.122   2.96e-01   4.69e-01   3.22e-01   1.67e+00   0.00e+00 (  5.78e+01,  1.21e+02)
70      0.124   2.87e-01   4.75e-01   3.67e-01   1.74e+00   0.00e+00 (  4.73e+01,  1.12e+02)
75      0.136   3.02e-01   5.24e-01   4.46e-01   1.95e+00   0.00e+00 (  4.43e+01,  1.04e+02)
80      0.154   3.36e-01   6.16e-01   5.40e-01   2.24e+00   0.00e+00 (  4.68e+01,  9.54e+01)
85      0.170   3.64e-01   7.24e-01   6.26e-01   2.53e+00   0.00e+00 (  5.15e+01,  8.77e+01)
90      0.187   3.93e-01   7.99e-01   6.95e-01   3.03e+00   0.00e+00 (  5.48e+01,  8.06e+01)
95      2.121   4.85e+00   5.97e+00   4.20e+00   1.36e+02   0.00e+00 (  1.99e+03,  7.42e+01)
 3 e: 2.779e-04 i: 2.693e-03 :: e: 2.848e-01 i: 3.133e-01 :: n: 2.762e+01 e:22.989 i:23.159 v:4.993e+03
>>> tau_he = 5.000000, nhe(0)=2.653651e+00
 5     -0.007   5.68e-03   3.20e-01   4.19e-03  -3.03e-02   0.00e+00 (  1.75e+00,  2.92e+01)
10     -0.008   2.37e-02   4.85e-02  -1.62e-04  -4.27e-02   0.00e+00 (  1.43e+01,  5.76e+01)
15     -0.053   1.14e-01   4.39e-02   3.11e-03  -3.51e-01   0.00e+00 (  9.24e+01,  8.48e+01)
20     -0.029   1.55e-01   6.78e-02   2.49e-02  -2.20e-01   0.00e+00 (  1.34e+02,  1.04e+02)
25      0.008   1.81e-01   1.32e-01   3.02e-02   6.63e-02   0.00e+00 (  1.41e+02,  1.20e+02)
30      0.043   2.13e-01   1.96e-01   3.92e-02   4.10e-01   0.00e+00 (  1.44e+02,  1.32e+02)
35      0.101   2.88e-01   3.48e-01   1.60e-01   1.03e+00   0.00e+00 (  1.70e+02,  1.41e+02)
40      0.117   3.00e-01   4.16e-01   1.88e-01   1.28e+00   0.00e+00 (  1.56e+02,  1.45e+02)
45      0.126   3.19e-01   4.66e-01   2.09e-01   1.47e+00   0.00e+00 (  1.43e+02,  1.45e+02)
50      0.159   3.65e-01   6.01e-01   2.51e-01   1.95e+00   0.00e+00 (  1.36e+02,  1.42e+02)
55      0.121   3.23e-01   5.13e-01   2.87e-01   1.55e+00   0.00e+00 (  1.00e+02,  1.36e+02)
60      0.124   3.22e-01   5.32e-01   3.34e-01   1.64e+00   0.00e+00 (  8.03e+01,  1.29e+02)
65      0.126   3.07e-01   5.20e-01   3.52e-01   1.73e+00   0.00e+00 (  6.05e+01,  1.21e+02)
70      0.123   2.90e-01   4.98e-01   3.82e-01   1.72e+00   0.00e+00 (  4.82e+01,  1.12e+02)
75      0.126   2.90e-01   5.11e-01   4.35e-01   1.81e+00   0.00e+00 (  4.27e+01,  1.04e+02)
80      0.134   3.05e-01   5.58e-01   4.94e-01   1.95e+00   0.00e+00 (  4.23e+01,  9.54e+01)
85      0.142   3.19e-01   6.15e-01   5.37e-01   2.10e+00   0.00e+00 (  4.43e+01,  8.77e+01)
90      0.151   3.34e-01   6.48e-01   5.71e-01   2.46e+00   0.00e+00 (  4.51e+01,  8.06e+01)
95      1.895   4.33e+00   5.35e+00   3.67e+00   1.21e+02   0.00e+00 (  1.76e+03,  7.42e+01)
 4 e: 1.150e-03 i: 4.813e-04 :: e: 2.791e-01 i: 3.217e-01 :: n: 2.762e+01 e:23.160 i:23.460 v:4.993e+03
>>> tau_he = 5.000000, nhe(0)=2.632043e+00
 5     -0.007   5.49e-03   3.14e-01   4.23e-03  -3.25e-02   0.00e+00 (  1.76e+00,  2.92e+01)
10     -0.009   2.47e-02   5.01e-02   8.21e-05  -4.91e-02   0.00e+00 (  1.53e+01,  5.76e+01)
15     -0.049   1.10e-01   4.46e-02   3.45e-03  -3.21e-01   0.00e+00 (  8.76e+01,  8.48e+01)
20     -0.023   1.50e-01   6.89e-02   2.27e-02  -1.77e-01   0.00e+00 (  1.26e+02,  1.04e+02)
25      0.007   1.76e-01   1.27e-01   2.99e-02   6.03e-02   0.00e+00 (  1.35e+02,  1.20e+02)
30      0.038   2.14e-01   1.87e-01   4.92e-02   3.57e-01   0.00e+00 (  1.44e+02,  1.32e+02)
35      0.085   2.73e-01   3.17e-01   1.48e-01   8.72e-01   0.00e+00 (  1.59e+02,  1.41e+02)
40      0.098   2.83e-01   3.73e-01   1.75e-01   1.08e+00   0.00e+00 (  1.44e+02,  1.45e+02)
45      0.107   2.98e-01   4.10e-01   1.91e-01   1.24e+00   0.00e+00 (  1.30e+02,  1.45e+02)
50      0.136   3.35e-01   5.16e-01   2.14e-01   1.66e+00   0.00e+00 (  1.21e+02,  1.42e+02)
55      0.110   3.02e-01   4.57e-01   2.56e-01   1.41e+00   0.00e+00 (  9.08e+01,  1.36e+02)
60      0.117   3.03e-01   4.81e-01   3.03e-01   1.55e+00   0.00e+00 (  7.31e+01,  1.29e+02)
65      0.124   2.93e-01   4.83e-01   3.30e-01   1.69e+00   0.00e+00 (  5.59e+01,  1.21e+02)
70      0.122   2.78e-01   4.72e-01   3.65e-01   1.71e+00   0.00e+00 (  4.44e+01,  1.12e+02)
75      0.127   2.79e-01   4.88e-01   4.18e-01   1.82e+00   0.00e+00 (  3.89e+01,  1.04e+02)
80      0.136   2.92e-01   5.33e-01   4.75e-01   1.98e+00   0.00e+00 (  3.76e+01,  9.54e+01)
85      0.145   3.04e-01   5.87e-01   5.15e-01   2.15e+00   0.00e+00 (  3.84e+01,  8.77e+01)
90      0.156   3.23e-01   6.26e-01   5.53e-01   2.54e+00   0.00e+00 (  3.88e+01,  8.06e+01)
95      1.890   4.34e+00   5.34e+00   3.66e+00   1.21e+02   0.00e+00 (  1.74e+03,  7.42e+01)
 5 e: 3.798e-04 i: 8.807e-04 :: e: 2.630e-01 i: 2.972e-01 :: n: 2.762e+01 e:22.716 i:23.202 v:4.993e+03
>>> tau_he = 5.000000, nhe(0)=2.575086e+00
 5     -0.007   5.09e-03   2.93e-01   4.17e-03  -3.15e-02   0.00e+00 (  1.65e+00,  2.92e+01)
10     -0.009   2.40e-02   4.98e-02  -2.13e-04  -5.18e-02   0.00e+00 (  1.47e+01,  5.76e+01)
15     -0.035   1.03e-01   4.89e-02   2.65e-03  -2.34e-01   0.00e+00 (  7.92e+01,  8.48e+01)
20     -0.011   1.37e-01   7.29e-02   2.47e-02  -8.61e-02   0.00e+00 (  1.10e+02,  1.04e+02)
25      0.008   1.67e-01   1.30e-01   3.31e-02   6.92e-02   0.00e+00 (  1.23e+02,  1.20e+02)
30      0.024   1.96e-01   1.93e-01   5.57e-02   2.29e-01   0.00e+00 (  1.27e+02,  1.32e+02)
35      0.083   2.56e-01   3.15e-01   1.48e-01   8.55e-01   0.00e+00 (  1.43e+02,  1.41e+02)
40      0.096   2.76e-01   3.76e-01   1.85e-01   1.06e+00   0.00e+00 (  1.36e+02,  1.45e+02)
45      0.118   3.06e-01   4.58e-01   2.02e-01   1.38e+00   0.00e+00 (  1.30e+02,  1.45e+02)
50      0.134   3.31e-01   5.23e-01   2.23e-01   1.64e+00   0.00e+00 (  1.17e+02,  1.42e+02)
55      0.111   3.03e-01   4.72e-01   2.66e-01   1.42e+00   0.00e+00 (  9.04e+01,  1.36e+02)
60      0.117   3.06e-01   5.00e-01   3.14e-01   1.56e+00   0.00e+00 (  7.45e+01,  1.29e+02)
65      0.126   3.02e-01   5.11e-01   3.48e-01   1.73e+00   0.00e+00 (  5.86e+01,  1.21e+02)
70      0.124   2.87e-01   4.95e-01   3.81e-01   1.73e+00   0.00e+00 (  4.69e+01,  1.12e+02)
75      0.126   2.82e-01   4.99e-01   4.26e-01   1.80e+00   0.00e+00 (  4.03e+01,  1.04e+02)
80      0.129   2.86e-01   5.24e-01   4.67e-01   1.89e+00   0.00e+00 (  3.77e+01,  9.54e+01)
85      0.134   2.89e-01   5.51e-01   4.85e-01   1.98e+00   0.00e+00 (  3.69e+01,  8.77e+01)
90      0.141   2.97e-01   5.65e-01   5.02e-01   2.29e+00   0.00e+00 (  3.59e+01,  8.06e+01)
95      1.895   4.35e+00   5.36e+00   3.67e+00   1.21e+02   0.00e+00 (  1.75e+03,  7.42e+01)
 6 e: 9.878e-04 i: 5.975e-04 :: e: 2.331e-01 i: 2.746e-01 :: n: 2.762e+01 e:22.316 i:22.540 v:4.993e+03
>>> tau_he = 5.000000, nhe(0)=2.531370e+00
 5     -0.007   4.81e-03   2.80e-01   4.04e-03  -3.05e-02   0.00e+00 (  1.54e+00,  2.92e+01)
10     -0.008   2.21e-02   4.47e-02   2.87e-04  -4.49e-02   0.00e+00 (  1.32e+01,  5.76e+01)
15     -0.025   9.53e-02   4.23e-02   4.04e-03  -1.65e-01   0.00e+00 (  6.95e+01,  8.48e+01)
20     -0.002   1.26e-01   6.76e-02   2.54e-02  -1.87e-02   0.00e+00 (  9.50e+01,  1.04e+02)
25      0.017   1.64e-01   1.37e-01   3.27e-02   1.42e-01   0.00e+00 (  1.15e+02,  1.20e+02)
30      0.036   1.88e-01   1.75e-01   6.22e-02   3.36e-01   0.00e+00 (  1.16e+02,  1.32e+02)
35      0.038   1.96e-01   2.07e-01   1.01e-01   3.93e-01   0.00e+00 (  1.04e+02,  1.41e+02)
40      0.083   2.56e-01   3.35e-01   1.79e-01   9.08e-01   0.00e+00 (  1.20e+02,  1.45e+02)
45      0.078   2.46e-01   3.22e-01   1.46e-01   9.09e-01   0.00e+00 (  9.90e+01,  1.45e+02)
50      0.117   3.03e-01   4.54e-01   1.99e-01   1.44e+00   0.00e+00 (  1.02e+02,  1.42e+02)
55      0.105   2.86e-01   4.49e-01   2.34e-01   1.34e+00   0.00e+00 (  8.19e+01,  1.36e+02)
60      0.113   2.91e-01   4.63e-01   2.92e-01   1.49e+00   0.00e+00 (  6.83e+01,  1.29e+02)
65      0.125   2.92e-01   4.87e-01   3.33e-01   1.71e+00   0.00e+00 (  5.53e+01,  1.21e+02)
70      0.125   2.83e-01   4.85e-01   3.74e-01   1.75e+00   0.00e+00 (  4.52e+01,  1.12e+02)
75      0.129   2.82e-01   4.96e-01   4.24e-01   1.85e+00   0.00e+00 (  3.92e+01,  1.04e+02)
80      0.134   2.87e-01   5.26e-01   4.69e-01   1.95e+00   0.00e+00 (  3.65e+01,  9.54e+01)
85      0.139   2.90e-01   5.54e-01   4.88e-01   2.05e+00   0.00e+00 (  3.54e+01,  8.77e+01)
90      0.146   3.01e-01   5.69e-01   5.05e-01   2.37e+00   0.00e+00 (  3.44e+01,  8.06e+01)
95      1.892   4.36e+00   5.35e+00   3.66e+00   1.21e+02   0.00e+00 (  1.73e+03,  7.42e+01)
 7 e: 2.710e-04 i: 7.885e-04 :: e: 2.041e-01 i: 2.262e-01 :: n: 2.762e+01 e:21.520 i:22.050 v:4.993e+03
>>> tau_he = 5.000000, nhe(0)=2.466570e+00
 5     -0.007   4.44e-03   2.60e-01   3.95e-03  -2.86e-02   0.00e+00 (  1.42e+00,  2.92e+01)
10     -0.007   1.98e-02   4.39e-02   2.65e-04  -3.69e-02   0.00e+00 (  1.16e+01,  5.76e+01)
15     -0.019   8.92e-02   4.26e-02   5.27e-03  -1.24e-01   0.00e+00 (  6.28e+01,  8.48e+01)
20     -0.001   1.07e-01   7.08e-02   2.41e-02  -1.02e-02   0.00e+00 (  7.79e+01,  1.04e+02)
25      0.017   1.56e-01   1.36e-01   3.44e-02   1.45e-01   0.00e+00 (  1.05e+02,  1.20e+02)
30      0.030   1.74e-01   1.74e-01   6.43e-02   2.85e-01   0.00e+00 (  1.04e+02,  1.32e+02)
35      0.040   1.91e-01   2.10e-01   1.07e-01   4.06e-01   0.00e+00 (  9.91e+01,  1.41e+02)
40      0.080   2.48e-01   3.34e-01   1.81e-01   8.81e-01   0.00e+00 (  1.13e+02,  1.45e+02)
45      0.078   2.43e-01   3.28e-01   1.50e-01   9.05e-01   0.00e+00 (  9.54e+01,  1.45e+02)
50      0.113   2.94e-01   4.51e-01   2.01e-01   1.38e+00   0.00e+00 (  9.70e+01,  1.42e+02)
55      0.103   2.83e-01   4.52e-01   2.37e-01   1.32e+00   0.00e+00 (  8.02e+01,  1.36e+02)
60      0.110   2.89e-01   4.66e-01   2.94e-01   1.46e+00   0.00e+00 (  6.79e+01,  1.29e+02)
65      0.125   2.95e-01   4.97e-01   3.39e-01   1.70e+00   0.00e+00 (  5.64e+01,  1.21e+02)
70      0.125   2.87e-01   4.97e-01   3.82e-01   1.75e+00   0.00e+00 (  4.67e+01,  1.12e+02)
75      0.128   2.85e-01   5.04e-01   4.30e-01   1.83e+00   0.00e+00 (  4.05e+01,  1.04e+02)
80      0.131   2.86e-01   5.24e-01   4.67e-01   1.90e+00   0.00e+00 (  3.71e+01,  9.54e+01)
85      0.133   2.83e-01   5.38e-01   4.75e-01   1.97e+00   0.00e+00 (  3.51e+01,  8.77e+01)
90      0.138   2.89e-01   5.41e-01   4.82e-01   2.24e+00   0.00e+00 (  3.35e+01,  8.06e+01)
95      1.895   4.36e+00   5.36e+00   3.66e+00   1.21e+02   0.00e+00 (  1.74e+03,  7.42e+01)
 8 e: 7.043e-04 i: 3.259e-04 :: e: 1.824e-01 i: 2.037e-01 :: n: 2.762e+01 e:21.170 i:21.362 v:4.993e+03
>>> tau_he = 5.000000, nhe(0)=2.431422e+00
 5     -0.006   4.25e-03   2.50e-01   3.81e-03  -2.74e-02   0.00e+00 (  1.33e+00,  2.92e+01)
10     -0.006   1.76e-02   3.87e-02   6.57e-06  -3.29e-02   0.00e+00 (  1.01e+01,  5.76e+01)
15     -0.018   8.20e-02   3.81e-02   6.75e-03  -1.21e-01   0.00e+00 (  5.52e+01,  8.48e+01)
20     -0.002   1.11e-01   7.93e-02   2.39e-02  -1.18e-02   0.00e+00 (  7.67e+01,  1.04e+02)
25      0.019   1.46e-01   1.24e-01   3.38e-02   1.61e-01   0.00e+00 (  9.38e+01,  1.20e+02)
30      0.031   1.67e-01   1.61e-01   6.14e-02   2.89e-01   0.00e+00 (  9.49e+01,  1.32e+02)
35      0.039   1.83e-01   1.96e-01   1.03e-01   4.03e-01   0.00e+00 (  9.11e+01,  1.41e+02)
40      0.052   2.09e-01   2.42e-01   1.40e-01   5.70e-01   0.00e+00 (  9.08e+01,  1.45e+02)
45      0.073   2.29e-01   2.99e-01   1.45e-01   8.46e-01   0.00e+00 (  8.64e+01,  1.45e+02)
50      0.084   2.45e-01   3.47e-01   1.65e-01   1.02e+00   0.00e+00 (  7.74e+01,  1.42e+02)
55      0.098   2.68e-01   4.17e-01   2.23e-01   1.26e+00   0.00e+00 (  7.30e+01,  1.36e+02)
60      0.107   2.75e-01   4.37e-01   2.79e-01   1.41e+00   0.00e+00 (  6.25e+01,  1.29e+02)
65      0.123   2.85e-01   4.75e-01   3.25e-01   1.68e+00   0.00e+00 (  5.31e+01,  1.21e+02)
70      0.126   2.83e-01   4.86e-01   3.75e-01   1.76e+00   0.00e+00 (  4.49e+01,  1.12e+02)
75      0.130   2.84e-01   5.02e-01   4.29e-01   1.87e+00   0.00e+00 (  3.96e+01,  1.04e+02)
80      0.134   2.87e-01   5.27e-01   4.69e-01   1.96e+00   0.00e+00 (  3.64e+01,  9.54e+01)
85      0.137   2.85e-01   5.43e-01   4.79e-01   2.03e+00   0.00e+00 (  3.44e+01,  8.77e+01)
90      0.142   2.93e-01   5.49e-01   4.88e-01   2.31e+00   0.00e+00 (  3.28e+01,  8.06e+01)
95      1.892   4.36e+00   5.35e+00   3.66e+00   1.21e+02   0.00e+00 (  1.73e+03,  7.42e+01)
 9 e: 1.059e-04 i: 4.766e-04 :: e: 1.854e-01 i: 1.808e-01 :: n: 2.762e+01 e:20.496 i:21.000 v:4.993e+03
>>> tau_he = 5.000000, nhe(0)=2.377735e+00
 5     -0.006   3.99e-03   2.35e-01   3.73e-03  -2.58e-02   0.00e+00 (  1.24e+00,  2.92e+01)
10     -0.006   1.67e-02   3.77e-02  -7.76e-05  -3.12e-02   0.00e+00 (  9.42e+00,  5.76e+01)
15     -0.014   7.86e-02   3.87e-02   7.75e-03  -9.35e-02   0.00e+00 (  5.15e+01,  8.48e+01)
20      0.001   1.07e-01   7.97e-02   2.24e-02   4.80e-03   0.00e+00 (  7.21e+01,  1.04e+02)
25      0.021   1.39e-01   1.24e-01   3.61e-02   1.76e-01   0.00e+00 (  8.70e+01,  1.20e+02)
30      0.031   1.63e-01   1.61e-01   7.69e-02   2.96e-01   0.00e+00 (  9.07e+01,  1.32e+02)
35      0.040   1.81e-01   1.99e-01   1.07e-01   4.07e-01   0.00e+00 (  8.88e+01,  1.41e+02)
40      0.053   2.07e-01   2.47e-01   1.46e-01   5.77e-01   0.00e+00 (  8.86e+01,  1.45e+02)
45      0.072   2.27e-01   3.04e-01   1.48e-01   8.43e-01   0.00e+00 (  8.46e+01,  1.45e+02)
50      0.083   2.44e-01   3.53e-01   1.68e-01   1.02e+00   0.00e+00 (  7.66e+01,  1.42e+02)
55      0.097   2.65e-01   4.19e-01   2.25e-01   1.24e+00   0.00e+00 (  7.19e+01,  1.36e+02)
60      0.104   2.73e-01   4.38e-01   2.79e-01   1.38e+00   0.00e+00 (  6.21e+01,  1.29e+02)
65      0.122   2.86e-01   4.80e-01   3.28e-01   1.66e+00   0.00e+00 (  5.37e+01,  1.21e+02)
70      0.125   2.85e-01   4.92e-01   3.79e-01   1.75e+00   0.00e+00 (  4.59e+01,  1.12e+02)
75      0.129   2.85e-01   5.05e-01   4.31e-01   1.84e+00   0.00e+00 (  4.04e+01,  1.04e+02)
80      0.131   2.85e-01   5.23e-01   4.66e-01   1.91e+00   0.00e+00 (  3.68e+01,  9.54e+01)
85      0.132   2.79e-01   5.30e-01   4.68e-01   1.95e+00   0.00e+00 (  3.41e+01,  8.77e+01)
90      0.136   2.84e-01   5.27e-01   4.70e-01   2.21e+00   0.00e+00 (  3.21e+01,  8.06e+01)
95      1.894   4.37e+00   5.36e+00   3.66e+00   1.21e+02   0.00e+00 (  1.73e+03,  7.42e+01)
10 e: 4.215e-04 i: 1.354e-04 :: e: 1.692e-01 i: 1.635e-01 :: n: 2.762e+01 e:20.298 i:20.472 v:4.993e+03
>>> tau_he = 5.000000, nhe(0)=2.356236e+00
 5     -0.006   3.89e-03   2.30e-01   3.62e-03  -2.50e-02   0.00e+00 (  1.19e+00,  2.92e+01)
10     -0.005   1.48e-02   3.45e-02   5.89e-05  -2.50e-02   0.00e+00 (  8.13e+00,  5.76e+01)
15     -0.016   7.41e-02   3.43e-02   8.50e-03  -1.03e-01   0.00e+00 (  4.69e+01,  8.48e+01)
20     -0.004   1.06e-01   7.16e-02   1.92e-02  -3.21e-02   0.00e+00 (  6.83e+01,  1.04e+02)
25      0.021   1.34e-01   1.15e-01   3.53e-02   1.82e-01   0.00e+00 (  8.03e+01,  1.20e+02)
30      0.031   1.55e-01   1.50e-01   7.23e-02   2.95e-01   0.00e+00 (  8.35e+01,  1.32e+02)
35      0.044   1.73e-01   1.82e-01   9.73e-02   4.56e-01   0.00e+00 (  8.21e+01,  1.41e+02)
40      0.054   1.97e-01   2.26e-01   1.30e-01   5.90e-01   0.00e+00 (  8.19e+01,  1.45e+02)
45      0.069   2.18e-01   2.82e-01   1.44e-01   8.03e-01   0.00e+00 (  7.86e+01,  1.45e+02)
50      0.082   2.34e-01   3.23e-01   1.60e-01   1.01e+00   0.00e+00 (  7.13e+01,  1.42e+02)
55      0.094   2.54e-01   3.93e-01   2.15e-01   1.20e+00   0.00e+00 (  6.67e+01,  1.36e+02)
60      0.102   2.62e-01   4.16e-01   2.62e-01   1.35e+00   0.00e+00 (  5.80e+01,  1.29e+02)
65      0.120   2.78e-01   4.61e-01   3.17e-01   1.64e+00   0.00e+00 (  5.10e+01,  1.21e+02)
70      0.125   2.80e-01   4.82e-01   3.73e-01   1.76e+00   0.00e+00 (  4.42e+01,  1.12e+02)
75      0.131   2.84e-01   5.02e-01   4.29e-01   1.87e+00   0.00e+00 (  3.94e+01,  1.04e+02)
80      0.134   2.86e-01   5.25e-01   4.68e-01   1.96e+00   0.00e+00 (  3.61e+01,  9.54e+01)
85      0.135   2.81e-01   5.34e-01   4.72e-01   2.01e+00   0.00e+00 (  3.35e+01,  8.77e+01)
90      0.140   2.88e-01   5.34e-01   4.75e-01   2.27e+00   0.00e+00 (  3.15e+01,  8.06e+01)
95      1.892   4.37e+00   5.35e+00   3.66e+00   1.21e+02   0.00e+00 (  1.73e+03,  7.42e+01)
11 e: 4.407e-05 i: 2.529e-04 :: e: 1.639e-01 i: 1.578e-01 :: n: 2.762e+01 e:19.788 i:20.263 v:4.993e+03
>>> tau_he = 5.000000, nhe(0)=2.316258e+00
 5     -0.005   3.71e-03   2.19e-01   3.57e-03  -2.39e-02   0.00e+00 (  1.13e+00,  2.92e+01)
10     -0.004   1.44e-02   3.42e-02   3.91e-05  -2.41e-02   0.00e+00 (  7.81e+00,  5.76e+01)
15     -0.013   7.16e-02   3.56e-02   9.35e-03  -8.34e-02   0.00e+00 (  4.46e+01,  8.48e+01)
20     -0.000   1.01e-01   7.27e-02   2.06e-02  -1.85e-03   0.00e+00 (  6.41e+01,  1.04e+02)
25      0.022   1.31e-01   1.16e-01   3.73e-02   1.85e-01   0.00e+00 (  7.72e+01,  1.20e+02)
30      0.030   1.55e-01   1.52e-01   7.44e-02   2.84e-01   0.00e+00 (  8.27e+01,  1.32e+02)
35      0.045   1.72e-01   1.86e-01   1.01e-01   4.57e-01   0.00e+00 (  8.13e+01,  1.41e+02)
40      0.054   1.97e-01   2.33e-01   1.35e-01   5.95e-01   0.00e+00 (  8.16e+01,  1.45e+02)
45      0.069   2.18e-01   2.89e-01   1.48e-01   8.04e-01   0.00e+00 (  7.86e+01,  1.45e+02)
50      0.082   2.35e-01   3.31e-01   1.64e-01   1.01e+00   0.00e+00 (  7.17e+01,  1.42e+02)
55      0.093   2.54e-01   3.99e-01   2.19e-01   1.19e+00   0.00e+00 (  6.70e+01,  1.36e+02)
60      0.100   2.63e-01   4.20e-01   2.63e-01   1.33e+00   0.00e+00 (  5.84e+01,  1.29e+02)
65      0.120   2.80e-01   4.68e-01   3.21e-01   1.64e+00   0.00e+00 (  5.19e+01,  1.21e+02)
70      0.124   2.83e-01   4.88e-01   3.76e-01   1.75e+00   0.00e+00 (  4.52e+01,  1.12e+02)
75      0.129   2.85e-01   5.05e-01   4.30e-01   1.85e+00   0.00e+00 (  4.01e+01,  1.04e+02)
80      0.131   2.84e-01   5.21e-01   4.65e-01   1.91e+00   0.00e+00 (  3.64e+01,  9.54e+01)
85      0.131   2.76e-01   5.22e-01   4.62e-01   1.94e+00   0.00e+00 (  3.33e+01,  8.77e+01)
90      0.135   2.80e-01   5.16e-01   4.61e-01   2.19e+00   0.00e+00 (  3.10e+01,  8.06e+01)
95      1.894   4.37e+00   5.36e+00   3.66e+00   1.21e+02   0.00e+00 (  1.73e+03,  7.42e+01)
12 e: 2.332e-04 i: 5.867e-05 :: e: 1.478e-01 i: 1.410e-01 :: n: 2.762e+01 e:19.720 i:19.890 v:4.993e+03
>>> tau_he = 5.000000, nhe(0)=2.307139e+00
 5     -0.005   3.67e-03   2.17e-01   3.50e-03  -2.34e-02   0.00e+00 (  1.10e+00,  2.92e+01)
10     -0.004   1.33e-02   3.13e-02  -6.59e-05  -2.20e-02   0.00e+00 (  7.09e+00,  5.76e+01)
15     -0.010   6.93e-02   3.14e-02   9.26e-03  -6.88e-02   0.00e+00 (  4.21e+01,  8.48e+01)
20      0.009   9.69e-02   6.66e-02   2.07e-02   6.63e-02   0.00e+00 (  5.96e+01,  1.04e+02)
25      0.022   1.26e-01   1.08e-01   3.62e-02   1.89e-01   0.00e+00 (  7.25e+01,  1.20e+02)
30      0.040   1.55e-01   1.57e-01   6.78e-02   3.82e-01   0.00e+00 (  8.06e+01,  1.32e+02)
35      0.043   1.68e-01   1.76e-01   9.58e-02   4.45e-01   0.00e+00 (  7.74e+01,  1.41e+02)
40      0.053   1.92e-01   2.20e-01   1.26e-01   5.81e-01   0.00e+00 (  7.77e+01,  1.45e+02)
45      0.067   2.11e-01   2.71e-01   1.44e-01   7.76e-01   0.00e+00 (  7.44e+01,  1.45e+02)
50      0.080   2.28e-01   3.13e-01   1.58e-01   9.80e-01   0.00e+00 (  6.80e+01,  1.42e+02)
55      0.091   2.46e-01   3.79e-01   2.12e-01   1.16e+00   0.00e+00 (  6.34e+01,  1.36e+02)
60      0.099   2.55e-01   4.04e-01   2.53e-01   1.31e+00   0.00e+00 (  5.56e+01,  1.29e+02)
65      0.119   2.75e-01   4.55e-01   3.13e-01   1.63e+00   0.00e+00 (  5.00e+01,  1.21e+02)
70      0.125   2.80e-01   4.81e-01   3.72e-01   1.76e+00   0.00e+00 (  4.40e+01,  1.12e+02)
75      0.131   2.84e-01   5.03e-01   4.29e-01   1.88e+00   0.00e+00 (  3.94e+01,  1.04e+02)
80      0.134   2.85e-01   5.24e-01   4.67e-01   1.96e+00   0.00e+00 (  3.59e+01,  9.54e+01)
85      0.134   2.79e-01   5.27e-01   4.66e-01   1.99e+00   0.00e+00 (  3.28e+01,  8.77e+01)
90      0.138   2.84e-01   5.23e-01   4.67e-01   2.25e+00   0.00e+00 (  3.07e+01,  8.06e+01)
95      1.892   4.37e+00   5.35e+00   3.66e+00   1.21e+02   0.00e+00 (  1.73e+03,  7.42e+01)
13 e: 3.776e-05 i: 1.294e-04 :: e: 1.391e-01 i: 1.373e-01 :: n: 2.762e+01 e:19.351 i:19.804 v:4.993e+03
>>> tau_he = 5.000000, nhe(0)=2.278610e+00
 5     -0.005   3.56e-03   2.10e-01   3.47e-03  -2.26e-02   0.00e+00 (  1.06e+00,  2.92e+01)
10     -0.004   1.32e-02   3.17e-02  -5.14e-05  -2.16e-02   0.00e+00 (  7.01e+00,  5.76e+01)
15     -0.008   6.78e-02   3.31e-02   9.56e-03  -5.59e-02   0.00e+00 (  4.08e+01,  8.48e+01)
20      0.001   9.20e-02   7.11e-02   2.12e-02   7.40e-03   0.00e+00 (  5.61e+01,  1.04e+02)
25      0.022   1.25e-01   1.10e-01   3.79e-02   1.90e-01   0.00e+00 (  7.11e+01,  1.20e+02)
30      0.040   1.55e-01   1.59e-01   7.05e-02   3.80e-01   0.00e+00 (  8.00e+01,  1.32e+02)
35      0.044   1.68e-01   1.80e-01   9.91e-02   4.47e-01   0.00e+00 (  7.78e+01,  1.41e+02)
40      0.053   1.93e-01   2.27e-01   1.31e-01   5.85e-01   0.00e+00 (  7.85e+01,  1.45e+02)
45      0.067   2.13e-01   2.80e-01   1.47e-01   7.82e-01   0.00e+00 (  7.55e+01,  1.45e+02)
50      0.081   2.31e-01   3.23e-01   1.62e-01   9.88e-01   0.00e+00 (  6.94e+01,  1.42e+02)
55      0.090   2.49e-01   3.87e-01   2.16e-01   1.16e+00   0.00e+00 (  6.46e+01,  1.36e+02)
60      0.098   2.58e-01   4.15e-01   2.55e-01   1.30e+00   0.00e+00 (  5.69e+01,  1.29e+02)
65      0.119   2.78e-01   4.64e-01   3.18e-01   1.63e+00   0.00e+00 (  5.14e+01,  1.21e+02)
70      0.125   2.83e-01   4.89e-01   3.77e-01   1.75e+00   0.00e+00 (  4.52e+01,  1.12e+02)
75      0.130   2.86e-01   5.07e-01   4.32e-01   1.86e+00   0.00e+00 (  4.03e+01,  1.04e+02)
80      0.132   2.85e-01   5.22e-01   4.66e-01   1.92e+00   0.00e+00 (  3.64e+01,  9.54e+01)
85      0.131   2.75e-01   5.19e-01   4.60e-01   1.94e+00   0.00e+00 (  3.29e+01,  8.77e+01)
90      0.129   2.67e-01   4.85e-01   4.37e-01   2.09e+00   0.00e+00 (  2.91e+01,  8.06e+01)
95      1.894   4.37e+00   5.36e+00   3.66e+00   1.21e+02   0.00e+00 (  1.73e+03,  7.42e+01)
14 e: 1.238e-04 i: 4.409e-05 :: e: 1.245e-01 i: 1.230e-01 :: n: 2.762e+01 e:19.380 i:19.547 v:4.993e+03
>>> tau_he = 5.000000, nhe(0)=2.278647e+00
 5     -0.005   3.55e-03   2.10e-01   3.42e-03  -2.24e-02   0.00e+00 (  1.05e+00,  2.92e+01)
10     -0.004   1.24e-02   2.95e-02  -1.27e-04  -2.01e-02   0.00e+00 (  6.50e+00,  5.76e+01)
15     -0.007   6.59e-02   2.98e-02   9.36e-03  -4.57e-02   0.00e+00 (  3.89e+01,  8.48e+01)
20      0.001   9.12e-02   6.66e-02   1.98e-02   9.28e-03   0.00e+00 (  5.45e+01,  1.04e+02)
25      0.029   1.20e-01   1.02e-01   3.52e-02   2.44e-01   0.00e+00 (  6.70e+01,  1.20e+02)
30      0.040   1.52e-01   1.50e-01   6.70e-02   3.74e-01   0.00e+00 (  7.68e+01,  1.32e+02)
35      0.043   1.65e-01   1.72e-01   9.45e-02   4.40e-01   0.00e+00 (  7.50e+01,  1.41e+02)
40      0.052   1.89e-01   2.16e-01   1.22e-01   5.75e-01   0.00e+00 (  7.58e+01,  1.45e+02)
45      0.070   2.11e-01   2.64e-01   1.43e-01   8.21e-01   0.00e+00 (  7.36e+01,  1.45e+02)
50      0.079   2.26e-01   3.08e-01   1.57e-01   9.68e-01   0.00e+00 (  6.68e+01,  1.42e+02)
55      0.089   2.43e-01   3.71e-01   2.10e-01   1.14e+00   0.00e+00 (  6.21e+01,  1.36e+02)
60      0.097   2.53e-01   4.02e-01   2.48e-01   1.29e+00   0.00e+00 (  5.49e+01,  1.29e+02)
65      0.119   2.75e-01   4.55e-01   3.13e-01   1.63e+00   0.00e+00 (  5.01e+01,  1.21e+02)
70      0.126   2.82e-01   4.85e-01   3.74e-01   1.77e+00   0.00e+00 (  4.44e+01,  1.12e+02)
75      0.132   2.87e-01   5.08e-01   4.33e-01   1.89e+00   0.00e+00 (  3.98e+01,  1.04e+02)
80      0.135   2.87e-01   5.27e-01   4.69e-01   1.97e+00   0.00e+00 (  3.61e+01,  9.54e+01)
85      0.134   2.78e-01   5.27e-01   4.66e-01   1.99e+00   0.00e+00 (  3.27e+01,  8.77e+01)
90      0.138   2.84e-01   5.21e-01   4.65e-01   2.24e+00   0.00e+00 (  3.04e+01,  8.06e+01)
95      1.892   4.37e+00   5.35e+00   3.66e+00   1.21e+02   0.00e+00 (  1.72e+03,  7.42e+01)
15 e: 5.678e-05 i: 5.912e-05 :: e: 1.140e-01 i: 1.133e-01 :: n: 2.762e+01 e:19.114 i:19.545 v:4.993e+03
>>> tau_he = 5.000000, nhe(0)=2.259327e+00
 5     -0.005   3.48e-03   2.05e-01   3.42e-03  -2.19e-02   0.00e+00 (  1.02e+00,  2.92e+01)
10     -0.004   1.25e-02   3.02e-02  -1.04e-04  -2.00e-02   0.00e+00 (  6.54e+00,  5.76e+01)
15     -0.006   6.57e-02   3.14e-02   9.65e-03  -4.16e-02   0.00e+00 (  3.88e+01,  8.48e+01)
20      0.002   9.07e-02   6.86e-02   2.10e-02   1.27e-02   0.00e+00 (  5.41e+01,  1.04e+02)
25      0.029   1.20e-01   1.04e-01   3.66e-02   2.46e-01   0.00e+00 (  6.67e+01,  1.20e+02)
30      0.040   1.52e-01   1.53e-01   6.95e-02   3.74e-01   0.00e+00 (  7.69e+01,  1.32e+02)
35      0.043   1.67e-01   1.77e-01   9.76e-02   4.42e-01   0.00e+00 (  7.61e+01,  1.41e+02)
40      0.053   1.92e-01   2.23e-01   1.27e-01   5.80e-01   0.00e+00 (  7.73e+01,  1.45e+02)
45      0.066   2.11e-01   2.75e-01   1.48e-01   7.71e-01   0.00e+00 (  7.43e+01,  1.45e+02)
50      0.080   2.30e-01   3.19e-01   1.61e-01   9.81e-01   0.00e+00 (  6.89e+01,  1.42e+02)
55      0.089   2.47e-01   3.81e-01   2.15e-01   1.14e+00   0.00e+00 (  6.39e+01,  1.36e+02)
60      0.097   2.57e-01   4.11e-01   2.53e-01   1.29e+00   0.00e+00 (  5.67e+01,  1.29e+02)
65      0.120   2.80e-01   4.67e-01   3.20e-01   1.64e+00   0.00e+00 (  5.19e+01,  1.21e+02)
70      0.126   2.86e-01   4.94e-01   3.81e-01   1.77e+00   0.00e+00 (  4.59e+01,  1.12e+02)
75      0.131   2.89e-01   5.14e-01   4.37e-01   1.88e+00   0.00e+00 (  4.10e+01,  1.04e+02)
80      0.133   2.87e-01   5.28e-01   4.70e-01   1.94e+00   0.00e+00 (  3.69e+01,  9.54e+01)
85      0.132   2.76e-01   5.22e-01   4.62e-01   1.95e+00   0.00e+00 (  3.30e+01,  8.77e+01)
90      0.135   2.79e-01   5.11e-01   4.57e-01   2.19e+00   0.00e+00 (  3.04e+01,  8.06e+01)
95      1.893   4.37e+00   5.36e+00   3.66e+00   1.21e+02   0.00e+00 (  1.73e+03,  7.42e+01)
16 e: 6.229e-05 i: 4.875e-05 :: e: 9.840e-02 i: 9.556e-02 :: n: 2.762e+01 e:19.212 i:19.374 v:4.993e+03
>>> tau_he = 5.000000, nhe(0)=2.266660e+00
 5     -0.005   3.51e-03   2.07e-01   3.39e-03  -2.18e-02   0.00e+00 (  1.02e+00,  2.92e+01)
10     -0.003   1.19e-02   2.84e-02  -1.69e-04  -1.89e-02   0.00e+00 (  6.16e+00,  5.76e+01)
15     -0.005   6.45e-02   2.85e-02   9.43e-03  -3.47e-02   0.00e+00 (  3.75e+01,  8.48e+01)
20      0.003   8.92e-02   6.49e-02   2.02e-02   1.99e-02   0.00e+00 (  5.24e+01,  1.04e+02)
25      0.028   1.18e-01   9.90e-02   3.52e-02   2.43e-01   0.00e+00 (  6.48e+01,  1.20e+02)
30      0.039   1.50e-01   1.46e-01   6.60e-02   3.68e-01   0.00e+00 (  7.48e+01,  1.32e+02)
35      0.043   1.65e-01   1.69e-01   9.32e-02   4.36e-01   0.00e+00 (  7.43e+01,  1.41e+02)
40      0.052   1.89e-01   2.14e-01   1.19e-01   5.72e-01   0.00e+00 (  7.54e+01,  1.45e+02)
45      0.070   2.11e-01   2.60e-01   1.43e-01   8.12e-01   0.00e+00 (  7.33e+01,  1.45e+02)
50      0.079   2.26e-01   3.07e-01   1.57e-01   9.66e-01   0.00e+00 (  6.72e+01,  1.42e+02)
55      0.088   2.43e-01   3.68e-01   2.09e-01   1.13e+00   0.00e+00 (  6.23e+01,  1.36e+02)
60      0.097   2.54e-01   4.01e-01   2.48e-01   1.29e+00   0.00e+00 (  5.54e+01,  1.29e+02)
65      0.121   2.79e-01   4.61e-01   3.17e-01   1.65e+00   0.00e+00 (  5.11e+01,  1.21e+02)
70      0.128   2.86e-01   4.93e-01   3.80e-01   1.80e+00   0.00e+00 (  4.55e+01,  1.12e+02)
75      0.134   2.92e-01   5.17e-01   4.40e-01   1.92e+00   0.00e+00 (  4.09e+01,  1.04e+02)
80      0.137   2.91e-01   5.36e-01   4.77e-01   2.00e+00   0.00e+00 (  3.70e+01,  9.54e+01)
85      0.136   2.81e-01   5.33e-01   4.71e-01   2.01e+00   0.00e+00 (  3.32e+01,  8.77e+01)
90      0.139   2.85e-01   5.25e-01   4.68e-01   2.26e+00   0.00e+00 (  3.06e+01,  8.06e+01)
95      1.891   4.37e+00   5.35e+00   3.66e+00   1.21e+02   0.00e+00 (  1.72e+03,  7.42e+01)
17 e: 8.248e-05 i: 2.387e-05 :: e: 8.904e-02 i: 8.827e-02 :: n: 2.762e+01 e:19.024 i:19.437 v:4.993e+03
>>> tau_he = 5.000000, nhe(0)=2.254648e+00
 5     -0.005   3.46e-03   2.04e-01   3.40e-03  -2.15e-02   0.00e+00 (  1.01e+00,  2.92e+01)
10     -0.003   1.21e-02   2.92e-02  -1.43e-04  -1.91e-02   0.00e+00 (  6.28e+00,  5.76e+01)
15     -0.005   6.48e-02   3.01e-02   9.69e-03  -3.27e-02   0.00e+00 (  3.77e+01,  8.48e+01)
20      0.003   8.95e-02   6.71e-02   2.12e-02   2.10e-02   0.00e+00 (  5.27e+01,  1.04e+02)
25      0.029   1.18e-01   1.02e-01   3.64e-02   2.45e-01   0.00e+00 (  6.53e+01,  1.20e+02)
30      0.039   1.51e-01   1.50e-01   6.83e-02   3.69e-01   0.00e+00 (  7.58e+01,  1.32e+02)
35      0.043   1.67e-01   1.75e-01   9.62e-02   4.39e-01   0.00e+00 (  7.60e+01,  1.41e+02)
40      0.053   1.92e-01   2.22e-01   1.23e-01   5.78e-01   0.00e+00 (  7.75e+01,  1.45e+02)
45      0.071   2.15e-01   2.71e-01   1.47e-01   8.27e-01   0.00e+00 (  7.56e+01,  1.45e+02)
50      0.080   2.31e-01   3.19e-01   1.61e-01   9.82e-01   0.00e+00 (  6.97e+01,  1.42e+02)
55      0.089   2.48e-01   3.80e-01   2.15e-01   1.14e+00   0.00e+00 (  6.46e+01,  1.36e+02)
60      0.098   2.60e-01   4.12e-01   2.54e-01   1.29e+00   0.00e+00 (  5.76e+01,  1.29e+02)
65      0.122   2.85e-01   4.75e-01   3.25e-01   1.67e+00   0.00e+00 (  5.33e+01,  1.21e+02)
70      0.129   2.92e-01   5.05e-01   3.88e-01   1.81e+00   0.00e+00 (  4.73e+01,  1.12e+02)
75      0.134   2.96e-01   5.26e-01   4.46e-01   1.92e+00   0.00e+00 (  4.24e+01,  1.04e+02)
80      0.136   2.93e-01   5.40e-01   4.79e-01   1.98e+00   0.00e+00 (  3.80e+01,  9.54e+01)
85      0.134   2.80e-01   5.32e-01   4.70e-01   1.98e+00   0.00e+00 (  3.37e+01,  8.77e+01)
90      0.136   2.82e-01   5.19e-01   4.63e-01   2.22e+00   0.00e+00 (  3.08e+01,  8.06e+01)
95      1.893   4.37e+00   5.36e+00   3.66e+00   1.21e+02   0.00e+00 (  1.73e+03,  7.42e+01)
18 e: 2.937e-05 i: 6.283e-05 :: e: 7.272e-02 i: 7.088e-02 :: n: 2.762e+01 e:19.172 i:19.332 v:4.993e+03
>>> tau_he = 5.000000, nhe(0)=2.267333e+00
 5     -0.005   3.51e-03   2.07e-01   3.38e-03  -2.16e-02   0.00e+00 (  1.02e+00,  2.92e+01)
10     -0.003   1.17e-02   2.77e-02  -1.98e-04  -1.83e-02   0.00e+00 (  6.00e+00,  5.76e+01)
15     -0.004   6.41e-02   2.75e-02   9.46e-03  -2.80e-02   0.00e+00 (  3.69e+01,  8.48e+01)
20      0.003   8.86e-02   6.39e-02   2.03e-02   2.58e-02   0.00e+00 (  5.16e+01,  1.04e+02)
25      0.026   1.17e-01   9.77e-02   3.48e-02   2.21e-01   0.00e+00 (  6.40e+01,  1.20e+02)
30      0.039   1.50e-01   1.43e-01   6.51e-02   3.65e-01   0.00e+00 (  7.45e+01,  1.32e+02)
35      0.042   1.65e-01   1.68e-01   9.21e-02   4.34e-01   0.00e+00 (  7.48e+01,  1.41e+02)
40      0.052   1.90e-01   2.14e-01   1.16e-01   5.70e-01   0.00e+00 (  7.63e+01,  1.45e+02)
45      0.070   2.12e-01   2.60e-01   1.44e-01   8.12e-01   0.00e+00 (  7.42e+01,  1.45e+02)
50      0.079   2.29e-01   3.09e-01   1.57e-01   9.71e-01   0.00e+00 (  6.86e+01,  1.42e+02)
55      0.089   2.46e-01   3.70e-01   2.10e-01   1.13e+00   0.00e+00 (  6.35e+01,  1.36e+02)
60      0.098   2.57e-01   4.04e-01   2.49e-01   1.30e+00   0.00e+00 (  5.68e+01,  1.29e+02)
65      0.123   2.85e-01   4.71e-01   3.23e-01   1.68e+00   0.00e+00 (  5.29e+01,  1.21e+02)
70      0.131   2.93e-01   5.06e-01   3.89e-01   1.84e+00   0.00e+00 (  4.73e+01,  1.12e+02)
75      0.137   2.99e-01   5.31e-01   4.51e-01   1.97e+00   0.00e+00 (  4.25e+01,  1.04e+02)
80      0.140   2.98e-01   5.50e-01   4.88e-01   2.04e+00   0.00e+00 (  3.84e+01,  9.54e+01)
85      0.138   2.86e-01   5.45e-01   4.81e-01   2.05e+00   0.00e+00 (  3.41e+01,  8.77e+01)
90      0.141   2.89e-01   5.34e-01   4.76e-01   2.29e+00   0.00e+00 (  3.12e+01,  8.06e+01)
95      1.891   4.37e+00   5.35e+00   3.66e+00   1.21e+02   0.00e+00 (  1.72e+03,  7.42e+01)
19 e: 1.063e-04 i: 8.082e-06 :: e: 6.402e-02 i: 6.370e-02 :: n: 2.762e+01 e:19.043 i:19.443 v:4.993e+03
>>> tau_he = 5.000000, nhe(0)=2.260811e+00
 5     -0.005   3.49e-03   2.05e-01   3.40e-03  -2.14e-02   0.00e+00 (  1.02e+00,  2.92e+01)
10     -0.003   1.20e-02   2.87e-02  -1.71e-04  -1.86e-02   0.00e+00 (  6.17e+00,  5.76e+01)
15     -0.004   6.48e-02   2.92e-02   9.71e-03  -2.78e-02   0.00e+00 (  3.75e+01,  8.48e+01)
20      0.003   8.93e-02   6.62e-02   2.12e-02   2.55e-02   0.00e+00 (  5.23e+01,  1.04e+02)
25      0.026   1.18e-01   1.01e-01   3.59e-02   2.23e-01   0.00e+00 (  6.50e+01,  1.20e+02)
30      0.039   1.51e-01   1.47e-01   6.73e-02   3.68e-01   0.00e+00 (  7.60e+01,  1.32e+02)
35      0.043   1.68e-01   1.74e-01   9.50e-02   4.38e-01   0.00e+00 (  7.69e+01,  1.41e+02)
40      0.053   1.94e-01   2.21e-01   1.20e-01   5.77e-01   0.00e+00 (  7.88e+01,  1.45e+02)
45      0.071   2.17e-01   2.71e-01   1.48e-01   8.29e-01   0.00e+00 (  7.70e+01,  1.45e+02)
50      0.081   2.34e-01   3.22e-01   1.62e-01   9.90e-01   0.00e+00 (  7.15e+01,  1.42e+02)
55      0.090   2.52e-01   3.82e-01   2.15e-01   1.15e+00   0.00e+00 (  6.63e+01,  1.36e+02)
60      0.098   2.64e-01   4.16e-01   2.56e-01   1.31e+00   0.00e+00 (  5.94e+01,  1.29e+02)
65      0.125   2.92e-01   4.86e-01   3.33e-01   1.70e+00   0.00e+00 (  5.54e+01,  1.21e+02)
70      0.132   3.00e-01   5.19e-01   3.98e-01   1.85e+00   0.00e+00 (  4.93e+01,  1.12e+02)
75      0.137   3.04e-01   5.42e-01   4.58e-01   1.97e+00   0.00e+00 (  4.42e+01,  1.04e+02)
80      0.139   3.01e-01   5.56e-01   4.92e-01   2.03e+00   0.00e+00 (  3.96e+01,  9.54e+01)
85      0.137   2.87e-01   5.47e-01   4.82e-01   2.03e+00   0.00e+00 (  3.49e+01,  8.77e+01)
90      0.139   2.87e-01   5.31e-01   4.74e-01   2.26e+00   0.00e+00 (  3.16e+01,  8.06e+01)
95      1.893   4.37e+00   5.36e+00   3.66e+00   1.21e+02   0.00e+00 (  1.73e+03,  7.42e+01)
20 e: 1.311e-05 i: 7.683e-05 :: e: 4.846e-02 i: 4.686e-02 :: n: 2.762e+01 e:19.227 i:19.386 v:4.993e+03
>>> tau_he = 5.000000, nhe(0)=2.277147e+00
 5     -0.005   3.55e-03   2.09e-01   3.40e-03  -2.17e-02   0.00e+00 (  1.03e+00,  2.92e+01)
10     -0.003   1.16e-02   2.74e-02  -2.20e-04  -1.80e-02   0.00e+00 (  5.95e+00,  5.76e+01)
15     -0.004   6.44e-02   2.68e-02   9.48e-03  -2.42e-02   0.00e+00 (  3.69e+01,  8.48e+01)
20      0.004   8.88e-02   6.33e-02   2.03e-02   2.88e-02   0.00e+00 (  5.16e+01,  1.04e+02)
25      0.026   1.17e-01   9.69e-02   3.45e-02   2.22e-01   0.00e+00 (  6.43e+01,  1.20e+02)
30      0.039   1.51e-01   1.42e-01   6.42e-02   3.65e-01   0.00e+00 (  7.52e+01,  1.32e+02)
35      0.042   1.67e-01   1.68e-01   9.12e-02   4.34e-01   0.00e+00 (  7.62e+01,  1.41e+02)
40      0.052   1.93e-01   2.14e-01   1.14e-01   5.71e-01   0.00e+00 (  7.80e+01,  1.45e+02)
45      0.070   2.15e-01   2.61e-01   1.45e-01   8.16e-01   0.00e+00 (  7.60e+01,  1.45e+02)
50      0.080   2.33e-01   3.12e-01   1.58e-01   9.82e-01   0.00e+00 (  7.08e+01,  1.42e+02)
55      0.089   2.50e-01   3.73e-01   2.11e-01   1.14e+00   0.00e+00 (  6.56e+01,  1.36e+02)
60      0.099   2.63e-01   4.07e-01   2.55e-01   1.31e+00   0.00e+00 (  5.90e+01,  1.29e+02)
65      0.126   2.93e-01   4.84e-01   3.31e-01   1.72e+00   0.00e+00 (  5.53e+01,  1.21e+02)
70      0.134   3.02e-01   5.21e-01   4.00e-01   1.88e+00   0.00e+00 (  4.95e+01,  1.12e+02)
75      0.141   3.08e-01   5.48e-01   4.63e-01   2.02e+00   0.00e+00 (  4.46e+01,  1.04e+02)
80      0.144   3.07e-01   5.68e-01   5.02e-01   2.09e+00   0.00e+00 (  4.02e+01,  9.54e+01)
85      0.141   2.93e-01   5.62e-01   4.94e-01   2.09e+00   0.00e+00 (  3.55e+01,  8.77e+01)
90      0.144   2.94e-01   5.49e-01   4.88e-01   2.34e+00   0.00e+00 (  3.22e+01,  8.06e+01)
95      1.891   4.36e+00   5.35e+00   3.66e+00   1.21e+02   0.00e+00 (  1.73e+03,  7.42e+01)
21 e: 1.228e-04 i: 2.308e-06 :: e: 4.043e-02 i: 4.096e-02 :: n: 2.762e+01 e:19.140 i:19.530 v:4.993e+03
>>> tau_he = 5.000000, nhe(0)=2.274552e+00
 5     -0.005   3.55e-03   2.09e-01   3.43e-03  -2.16e-02   0.00e+00 (  1.03e+00,  2.92e+01)
10     -0.003   1.20e-02   2.85e-02  -1.93e-04  -1.84e-02   0.00e+00 (  6.16e+00,  5.76e+01)
15     -0.004   6.54e-02   2.85e-02   9.72e-03  -2.52e-02   0.00e+00 (  3.77e+01,  8.48e+01)
20      0.004   8.98e-02   6.56e-02   2.11e-02   2.78e-02   0.00e+00 (  5.25e+01,  1.04e+02)
25      0.026   1.19e-01   1.00e-01   3.56e-02   2.24e-01   0.00e+00 (  6.56e+01,  1.20e+02)
30      0.039   1.53e-01   1.46e-01   6.64e-02   3.68e-01   0.00e+00 (  7.71e+01,  1.32e+02)
35      0.043   1.70e-01   1.73e-01   9.41e-02   4.39e-01   0.00e+00 (  7.86e+01,  1.41e+02)
40      0.053   1.97e-01   2.22e-01   1.18e-01   5.78e-01   0.00e+00 (  8.08e+01,  1.45e+02)
45      0.072   2.20e-01   2.72e-01   1.49e-01   8.35e-01   0.00e+00 (  7.91e+01,  1.45e+02)
50      0.082   2.40e-01   3.25e-01   1.64e-01   1.00e+00   0.00e+00 (  7.44e+01,  1.42e+02)
55      0.090   2.57e-01   3.87e-01   2.17e-01   1.16e+00   0.00e+00 (  6.87e+01,  1.36e+02)
60      0.100   2.70e-01   4.20e-01   2.62e-01   1.33e+00   0.00e+00 (  6.19e+01,  1.29e+02)
65      0.128   3.01e-01   5.00e-01   3.42e-01   1.75e+00   0.00e+00 (  5.80e+01,  1.21e+02)
70      0.135   3.09e-01   5.35e-01   4.10e-01   1.90e+00   0.00e+00 (  5.17e+01,  1.12e+02)
75      0.141   3.14e-01   5.60e-01   4.72e-01   2.02e+00   0.00e+00 (  4.64e+01,  1.04e+02)
80      0.143   3.11e-01   5.75e-01   5.07e-01   2.09e+00   0.00e+00 (  4.16e+01,  9.54e+01)
85      0.140   2.95e-01   5.66e-01   4.97e-01   2.08e+00   0.00e+00 (  3.65e+01,  8.77e+01)
90      0.142   2.93e-01   5.49e-01   4.88e-01   2.31e+00   0.00e+00 (  3.28e+01,  8.06e+01)
95      1.892   4.36e+00   5.35e+00   3.66e+00   1.21e+02   0.00e+00 (  1.73e+03,  7.42e+01)
22 e: 5.820e-06 i: 8.576e-05 :: e: 2.599e-02 i: 2.519e-02 :: n: 2.762e+01 e:19.347 i:19.508 v:4.993e+03
>>> tau_he = 5.000000, nhe(0)=2.293063e+00
 5     -0.005   3.62e-03   2.14e-01   3.44e-03  -2.19e-02   0.00e+00 (  1.05e+00,  2.92e+01)
10     -0.003   1.17e-02   2.73e-02  -2.36e-04  -1.79e-02   0.00e+00 (  5.99e+00,  5.76e+01)
15     -0.003   6.52e-02   2.63e-02   9.50e-03  -2.24e-02   0.00e+00 (  3.74e+01,  8.48e+01)
20      0.004   8.97e-02   6.30e-02   2.01e-02   3.03e-02   0.00e+00 (  5.22e+01,  1.04e+02)
25      0.026   1.19e-01   9.67e-02   3.43e-02   2.23e-01   0.00e+00 (  6.52e+01,  1.20e+02)
30      0.039   1.53e-01   1.42e-01   6.35e-02   3.66e-01   0.00e+00 (  7.66e+01,  1.32e+02)
35      0.043   1.70e-01   1.68e-01   9.05e-02   4.36e-01   0.00e+00 (  7.82e+01,  1.41e+02)
40      0.052   1.96e-01   2.15e-01   1.13e-01   5.73e-01   0.00e+00 (  8.04e+01,  1.45e+02)
45      0.071   2.19e-01   2.63e-01   1.46e-01   8.24e-01   0.00e+00 (  7.84e+01,  1.45e+02)
50      0.081   2.39e-01   3.17e-01   1.61e-01   9.98e-01   0.00e+00 (  7.39e+01,  1.42e+02)
55      0.090   2.56e-01   3.79e-01   2.13e-01   1.16e+00   0.00e+00 (  6.83e+01,  1.36e+02)
60      0.101   2.70e-01   4.15e-01   2.60e-01   1.34e+00   0.00e+00 (  6.18e+01,  1.29e+02)
65      0.129   3.02e-01   4.99e-01   3.41e-01   1.77e+00   0.00e+00 (  5.80e+01,  1.21e+02)
70      0.138   3.11e-01   5.37e-01   4.12e-01   1.93e+00   0.00e+00 (  5.20e+01,  1.12e+02)
75      0.145   3.18e-01   5.67e-01   4.78e-01   2.07e+00   0.00e+00 (  4.70e+01,  1.04e+02)
80      0.148   3.17e-01   5.88e-01   5.17e-01   2.15e+00   0.00e+00 (  4.23e+01,  9.54e+01)
85      0.145   3.01e-01   5.81e-01   5.10e-01   2.15e+00   0.00e+00 (  3.72e+01,  8.77e+01)
90      0.147   3.01e-01   5.67e-01   5.03e-01   2.39e+00   0.00e+00 (  3.36e+01,  8.06e+01)
95      1.890   4.36e+00   5.34e+00   3.66e+00   1.21e+02   0.00e+00 (  1.73e+03,  7.42e+01)
23 e: 1.293e-04 i: 1.035e-06 :: e: 1.936e-02 i: 2.039e-02 :: n: 2.762e+01 e:19.288 i:19.674 v:4.993e+03
>>> tau_he = 5.000000, nhe(0)=2.292999e+00
 5     -0.005   3.63e-03   2.14e-01   3.47e-03  -2.19e-02   0.00e+00 (  1.06e+00,  2.92e+01)
10     -0.003   1.21e-02   2.84e-02  -2.09e-04  -1.84e-02   0.00e+00 (  6.23e+00,  5.76e+01)
15     -0.004   6.64e-02   2.80e-02   9.71e-03  -2.37e-02   0.00e+00 (  3.84e+01,  8.48e+01)
20      0.003   8.85e-02   6.56e-02   2.17e-02   2.55e-02   0.00e+00 (  5.19e+01,  1.04e+02)
25      0.026   1.20e-01   1.00e-01   3.53e-02   2.25e-01   0.00e+00 (  6.68e+01,  1.20e+02)
30      0.039   1.55e-01   1.46e-01   6.56e-02   3.70e-01   0.00e+00 (  7.87e+01,  1.32e+02)
35      0.043   1.73e-01   1.74e-01   9.33e-02   4.41e-01   0.00e+00 (  8.08e+01,  1.41e+02)
40      0.053   2.00e-01   2.23e-01   1.17e-01   5.80e-01   0.00e+00 (  8.33e+01,  1.45e+02)
45      0.067   2.20e-01   2.74e-01   1.48e-01   7.86e-01   0.00e+00 (  8.02e+01,  1.45e+02)
50      0.083   2.46e-01   3.30e-01   1.65e-01   1.02e+00   0.00e+00 (  7.73e+01,  1.42e+02)
55      0.092   2.63e-01   3.93e-01   2.18e-01   1.17e+00   0.00e+00 (  7.15e+01,  1.36e+02)
60      0.102   2.78e-01   4.29e-01   2.68e-01   1.36e+00   0.00e+00 (  6.48e+01,  1.29e+02)
65      0.131   3.10e-01   5.16e-01   3.53e-01   1.79e+00   0.00e+00 (  6.09e+01,  1.21e+02)
70      0.139   3.19e-01   5.52e-01   4.22e-01   1.95e+00   0.00e+00 (  5.44e+01,  1.12e+02)
75      0.145   3.24e-01   5.80e-01   4.87e-01   2.08e+00   0.00e+00 (  4.89e+01,  1.04e+02)
80      0.147   3.22e-01   5.96e-01   5.22e-01   2.15e+00   0.00e+00 (  4.39e+01,  9.54e+01)
85      0.144   3.03e-01   5.86e-01   5.13e-01   2.13e+00   0.00e+00 (  3.83e+01,  8.77e+01)
90      0.146   3.00e-01   5.69e-01   5.04e-01   2.37e+00   0.00e+00 (  3.43e+01,  8.06e+01)
95      1.891   4.36e+00   5.35e+00   3.66e+00   1.21e+02   0.00e+00 (  1.73e+03,  7.42e+01)
24 e: 2.839e-06 i: 8.739e-05 :: e: 7.659e-03 i: 6.370e-03 :: n: 2.762e+01 e:19.507 i:19.674 v:4.993e+03
>>> tau_he = 5.000000, nhe(0)=2.312363e+00
 5     -0.005   3.71e-03   2.19e-01   3.48e-03  -2.23e-02   0.00e+00 (  1.08e+00,  2.92e+01)
10     -0.003   1.18e-02   2.74e-02  -2.47e-04  -1.80e-02   0.00e+00 (  6.08e+00,  5.76e+01)
15     -0.003   6.64e-02   2.60e-02   9.52e-03  -2.14e-02   0.00e+00 (  3.82e+01,  8.48e+01)
20      0.004   9.10e-02   6.30e-02   1.99e-02   3.02e-02   0.00e+00 (  5.31e+01,  1.04e+02)
25      0.026   1.20e-01   9.69e-02   3.41e-02   2.25e-01   0.00e+00 (  6.66e+01,  1.20e+02)
30      0.039   1.55e-01   1.42e-01   6.30e-02   3.69e-01   0.00e+00 (  7.84e+01,  1.32e+02)
35      0.043   1.73e-01   1.69e-01   9.01e-02   4.38e-01   0.00e+00 (  8.06e+01,  1.41e+02)
40      0.052   2.00e-01   2.17e-01   1.12e-01   5.76e-01   0.00e+00 (  8.31e+01,  1.45e+02)
45      0.072   2.23e-01   2.66e-01   1.48e-01   8.34e-01   0.00e+00 (  8.13e+01,  1.45e+02)
50      0.083   2.45e-01   3.22e-01   1.62e-01   1.01e+00   0.00e+00 (  7.70e+01,  1.42e+02)
55      0.092   2.62e-01   3.86e-01   2.15e-01   1.17e+00   0.00e+00 (  7.12e+01,  1.36e+02)
60      0.104   2.78e-01   4.24e-01   2.69e-01   1.37e+00   0.00e+00 (  6.49e+01,  1.29e+02)
65      0.133   3.11e-01   5.14e-01   3.53e-01   1.82e+00   0.00e+00 (  6.10e+01,  1.21e+02)
70      0.142   3.21e-01   5.55e-01   4.24e-01   1.98e+00   0.00e+00 (  5.47e+01,  1.12e+02)
75      0.149   3.29e-01   5.87e-01   4.93e-01   2.13e+00   0.00e+00 (  4.95e+01,  1.04e+02)
80      0.152   3.28e-01   6.09e-01   5.34e-01   2.21e+00   0.00e+00 (  4.46e+01,  9.54e+01)
85      0.149   3.11e-01   6.03e-01   5.27e-01   2.21e+00   0.00e+00 (  3.92e+01,  8.77e+01)
90      0.152   3.11e-01   5.93e-01   5.26e-01   2.47e+00   0.00e+00 (  3.54e+01,  8.06e+01)
95      1.890   4.35e+00   5.34e+00   3.66e+00   1.21e+02   0.00e+00 (  1.73e+03,  7.42e+01)
25 e: 1.253e-04 i: 1.261e-06 :: e: 5.545e-03 i: 1.026e-02 :: n: 2.762e+01 e:19.466 i:19.850 v:4.993e+03
>>> tau_he = 5.000000, nhe(0)=2.313675e+00
 5     -0.005   3.72e-03   2.20e-01   3.52e-03  -2.24e-02   0.00e+00 (  1.09e+00,  2.92e+01)
10     -0.004   1.22e-02   2.85e-02  -5.54e-04  -2.15e-02   0.00e+00 (  6.32e+00,  5.76e+01)
15     -0.003   6.77e-02   2.77e-02   9.70e-03  -2.28e-02   0.00e+00 (  3.92e+01,  8.48e+01)
20      0.003   8.77e-02   6.57e-02   2.14e-02   2.57e-02   0.00e+00 (  5.16e+01,  1.04e+02)
25      0.027   1.22e-01   1.00e-01   3.50e-02   2.28e-01   0.00e+00 (  6.82e+01,  1.20e+02)
30      0.039   1.57e-01   1.46e-01   6.50e-02   3.73e-01   0.00e+00 (  8.06e+01,  1.32e+02)
35      0.043   1.76e-01   1.75e-01   9.28e-02   4.44e-01   0.00e+00 (  8.32e+01,  1.41e+02)
40      0.053   2.04e-01   2.24e-01   1.16e-01   5.84e-01   0.00e+00 (  8.60e+01,  1.45e+02)
45      0.068   2.24e-01   2.77e-01   1.49e-01   7.95e-01   0.00e+00 (  8.31e+01,  1.45e+02)
50      0.082   2.50e-01   3.43e-01   1.69e-01   1.00e+00   0.00e+00 (  8.01e+01,  1.42e+02)
55      0.093   2.69e-01   3.99e-01   2.20e-01   1.19e+00   0.00e+00 (  7.45e+01,  1.36e+02)
60      0.105   2.86e-01   4.38e-01   2.77e-01   1.39e+00   0.00e+00 (  6.79e+01,  1.29e+02)
65      0.135   3.19e-01   5.31e-01   3.63e-01   1.84e+00   0.00e+00 (  6.39e+01,  1.21e+02)
70      0.143   3.29e-01   5.70e-01   4.34e-01   2.00e+00   0.00e+00 (  5.72e+01,  1.12e+02)
75      0.150   3.34e-01   6.00e-01   5.02e-01   2.14e+00   0.00e+00 (  5.14e+01,  1.04e+02)
80      0.152   3.33e-01   6.18e-01   5.39e-01   2.21e+00   0.00e+00 (  4.63e+01,  9.54e+01)
85      0.148   3.12e-01   6.08e-01   5.31e-01   2.19e+00   0.00e+00 (  4.02e+01,  8.77e+01)
90      0.150   3.11e-01   5.94e-01   5.27e-01   2.45e+00   0.00e+00 (  3.62e+01,  8.06e+01)
95      1.891   4.35e+00   5.35e+00   3.66e+00   1.21e+02   0.00e+00 (  1.74e+03,  7.42e+01)
26 e: 1.921e-06 i: 8.132e-05 :: e: 9.904e-03 i: 1.234e-02 :: n: 2.762e+01 e:19.686 i:19.863 v:4.993e+03
>>> tau_he = 5.000000, nhe(0)=2.332717e+00
 5     -0.005   3.80e-03   2.25e-01   3.53e-03  -2.27e-02   0.00e+00 (  1.11e+00,  2.92e+01)
10     -0.004   1.20e-02   2.76e-02  -5.89e-04  -2.11e-02   0.00e+00 (  6.19e+00,  5.76e+01)
15     -0.003   6.78e-02   2.59e-02   9.53e-03  -2.09e-02   0.00e+00 (  3.91e+01,  8.48e+01)
20      0.003   9.01e-02   6.35e-02   2.06e-02   2.59e-02   0.00e+00 (  5.29e+01,  1.04e+02)
25      0.027   1.22e-01   9.74e-02   3.39e-02   2.27e-01   0.00e+00 (  6.81e+01,  1.20e+02)
30      0.039   1.58e-01   1.43e-01   6.26e-02   3.72e-01   0.00e+00 (  8.04e+01,  1.32e+02)
35      0.043   1.76e-01   1.71e-01   8.98e-02   4.42e-01   0.00e+00 (  8.31e+01,  1.41e+02)
40      0.053   2.04e-01   2.19e-01   1.12e-01   5.80e-01   0.00e+00 (  8.59e+01,  1.45e+02)
45      0.067   2.24e-01   2.70e-01   1.47e-01   7.87e-01   0.00e+00 (  8.28e+01,  1.45e+02)
50      0.084   2.50e-01   3.27e-01   1.64e-01   1.03e+00   0.00e+00 (  8.01e+01,  1.42e+02)
55      0.093   2.68e-01   3.92e-01   2.17e-01   1.19e+00   0.00e+00 (  7.42e+01,  1.36e+02)
60      0.106   2.86e-01   4.34e-01   2.76e-01   1.40e+00   0.00e+00 (  6.79e+01,  1.29e+02)
65      0.136   3.20e-01   5.29e-01   3.63e-01   1.86e+00   0.00e+00 (  6.40e+01,  1.21e+02)
70      0.145   3.31e-01   5.72e-01   4.36e-01   2.04e+00   0.00e+00 (  5.75e+01,  1.12e+02)
75      0.153   3.39e-01   6.06e-01   5.08e-01   2.19e+00   0.00e+00 (  5.20e+01,  1.04e+02)
80      0.156   3.38e-01   6.31e-01   5.49e-01   2.27e+00   0.00e+00 (  4.69e+01,  9.54e+01)
85      0.152   3.18e-01   6.23e-01   5.44e-01   2.26e+00   0.00e+00 (  4.10e+01,  8.77e+01)
90      0.155   3.18e-01   6.12e-01   5.42e-01   2.53e+00   0.00e+00 (  3.70e+01,  8.06e+01)
95      1.889   4.35e+00   5.34e+00   3.66e+00   1.21e+02   0.00e+00 (  1.73e+03,  7.42e+01)
27 e: 1.123e-04 i: 1.600e-06 :: e: 1.325e-02 i: 1.701e-02 :: n: 2.762e+01 e:19.654 i:20.038 v:4.993e+03
>>> tau_he = 5.000000, nhe(0)=2.334346e+00
 5     -0.005   3.82e-03   2.26e-01   3.57e-03  -2.28e-02   0.00e+00 (  1.12e+00,  2.92e+01)
10     -0.004   1.24e-02   2.87e-02  -5.68e-04  -2.17e-02   0.00e+00 (  6.45e+00,  5.76e+01)
15     -0.003   6.92e-02   2.76e-02   9.69e-03  -2.24e-02   0.00e+00 (  4.01e+01,  8.48e+01)
20      0.003   8.93e-02   6.59e-02   2.11e-02   2.41e-02   0.00e+00 (  5.29e+01,  1.04e+02)
25      0.027   1.24e-01   1.01e-01   3.48e-02   2.30e-01   0.00e+00 (  6.97e+01,  1.20e+02)
30      0.040   1.60e-01   1.47e-01   6.45e-02   3.76e-01   0.00e+00 (  8.25e+01,  1.32e+02)
35      0.044   1.79e-01   1.76e-01   9.24e-02   4.47e-01   0.00e+00 (  8.56e+01,  1.41e+02)
40      0.054   2.07e-01   2.26e-01   1.15e-01   5.88e-01   0.00e+00 (  8.87e+01,  1.45e+02)
45      0.069   2.29e-01   2.80e-01   1.50e-01   8.03e-01   0.00e+00 (  8.60e+01,  1.45e+02)
50      0.083   2.55e-01   3.47e-01   1.70e-01   1.02e+00   0.00e+00 (  8.31e+01,  1.42e+02)
55      0.094   2.75e-01   4.05e-01   2.22e-01   1.21e+00   0.00e+00 (  7.74e+01,  1.36e+02)
60      0.107   2.93e-01   4.47e-01   2.85e-01   1.42e+00   0.00e+00 (  7.09e+01,  1.29e+02)
65      0.138   3.28e-01   5.45e-01   3.73e-01   1.88e+00   0.00e+00 (  6.68e+01,  1.21e+02)
70      0.146   3.38e-01   5.86e-01   4.46e-01   2.05e+00   0.00e+00 (  5.99e+01,  1.12e+02)
75      0.153   3.45e-01   6.18e-01   5.16e-01   2.20e+00   0.00e+00 (  5.40e+01,  1.04e+02)
80      0.156   3.43e-01   6.39e-01   5.55e-01   2.27e+00   0.00e+00 (  4.86e+01,  9.54e+01)
85      0.152   3.21e-01   6.29e-01   5.48e-01   2.25e+00   0.00e+00 (  4.22e+01,  8.77e+01)
90      0.154   3.18e-01   6.14e-01   5.44e-01   2.50e+00   0.00e+00 (  3.78e+01,  8.06e+01)
95      1.891   4.35e+00   5.34e+00   3.66e+00   1.21e+02   0.00e+00 (  1.74e+03,  7.42e+01)
28 e: 2.126e-06 i: 6.977e-05 :: e: 2.162e-02 i: 2.355e-02 :: n: 2.762e+01 e:19.866 i:20.055 v:4.993e+03
>>> tau_he = 5.000000, nhe(0)=2.352193e+00
 5     -0.005   3.90e-03   2.31e-01   3.58e-03  -2.32e-02   0.00e+00 (  1.14e+00,  2.92e+01)
10     -0.004   1.22e-02   2.78e-02  -5.99e-04  -2.14e-02   0.00e+00 (  6.34e+00,  5.76e+01)
15     -0.003   6.93e-02   2.60e-02   9.55e-03  -2.06e-02   0.00e+00 (  4.01e+01,  8.48e+01)
20      0.003   8.94e-02   6.40e-02   2.03e-02   2.48e-02   0.00e+00 (  5.28e+01,  1.04e+02)
25      0.027   1.24e-01   9.81e-02   3.38e-02   2.30e-01   0.00e+00 (  6.97e+01,  1.20e+02)
30      0.040   1.60e-01   1.44e-01   6.23e-02   3.76e-01   0.00e+00 (  8.24e+01,  1.32e+02)
35      0.044   1.79e-01   1.72e-01   8.97e-02   4.46e-01   0.00e+00 (  8.54e+01,  1.41e+02)
40      0.053   2.07e-01   2.21e-01   1.12e-01   5.85e-01   0.00e+00 (  8.85e+01,  1.45e+02)
45      0.068   2.28e-01   2.73e-01   1.48e-01   7.96e-01   0.00e+00 (  8.57e+01,  1.45e+02)
50      0.082   2.54e-01   3.39e-01   1.67e-01   1.01e+00   0.00e+00 (  8.26e+01,  1.42e+02)
55      0.094   2.74e-01   3.99e-01   2.19e-01   1.21e+00   0.00e+00 (  7.70e+01,  1.36e+02)
60      0.108   2.93e-01   4.43e-01   2.83e-01   1.43e+00   0.00e+00 (  7.07e+01,  1.29e+02)
65      0.139   3.28e-01   5.43e-01   3.72e-01   1.90e+00   0.00e+00 (  6.67e+01,  1.21e+02)
70      0.148   3.40e-01   5.87e-01   4.47e-01   2.08e+00   0.00e+00 (  6.00e+01,  1.12e+02)
75      0.156   3.48e-01   6.24e-01   5.21e-01   2.24e+00   0.00e+00 (  5.44e+01,  1.04e+02)
80      0.160   3.48e-01   6.50e-01   5.64e-01   2.33e+00   0.00e+00 (  4.91e+01,  9.54e+01)
85      0.156   3.27e-01   6.43e-01   5.60e-01   2.31e+00   0.00e+00 (  4.29e+01,  8.77e+01)
90      0.158   3.25e-01   6.30e-01   5.57e-01   2.58e+00   0.00e+00 (  3.86e+01,  8.06e+01)
95      1.889   4.34e+00   5.34e+00   3.66e+00   1.21e+02   0.00e+00 (  1.74e+03,  7.42e+01)
29 e: 9.372e-05 i: 1.827e-06 :: e: 2.254e-02 i: 2.385e-02 :: n: 2.762e+01 e:19.832 i:20.222 v:4.993e+03
>>> tau_he = 5.000000, nhe(0)=2.353245e+00
 5     -0.005   3.91e-03   2.32e-01   3.62e-03  -2.33e-02   0.00e+00 (  1.16e+00,  2.92e+01)
10     -0.004   1.26e-02   2.89e-02  -5.77e-04  -2.20e-02   0.00e+00 (  6.59e+00,  5.76e+01)
15     -0.003   7.05e-02   2.76e-02   9.70e-03  -2.19e-02   0.00e+00 (  4.11e+01,  8.48e+01)
20      0.003   9.08e-02   6.63e-02   2.08e-02   2.23e-02   0.00e+00 (  5.41e+01,  1.04e+02)
25      0.027   1.26e-01   1.01e-01   3.46e-02   2.32e-01   0.00e+00 (  7.12e+01,  1.20e+02)
30      0.040   1.62e-01   1.48e-01   6.42e-02   3.81e-01   0.00e+00 (  8.43e+01,  1.32e+02)
35      0.044   1.82e-01   1.78e-01   9.22e-02   4.51e-01   0.00e+00 (  8.77e+01,  1.41e+02)
40      0.054   2.11e-01   2.28e-01   1.15e-01   5.93e-01   0.00e+00 (  9.12e+01,  1.45e+02)
45      0.069   2.34e-01   2.85e-01   1.54e-01   8.02e-01   0.00e+00 (  8.92e+01,  1.45e+02)
50      0.102   2.87e-01   4.04e-01   1.89e-01   1.25e+00   0.00e+00 (  9.47e+01,  1.42e+02)
55      0.095   2.80e-01   4.11e-01   2.23e-01   1.22e+00   0.00e+00 (  8.00e+01,  1.36e+02)
60      0.109   3.00e-01   4.55e-01   2.87e-01   1.45e+00   0.00e+00 (  7.35e+01,  1.29e+02)
65      0.141   3.36e-01   5.58e-01   3.81e-01   1.92e+00   0.00e+00 (  6.93e+01,  1.21e+02)
70      0.149   3.47e-01   6.01e-01   4.56e-01   2.09e+00   0.00e+00 (  6.22e+01,  1.12e+02)
75      0.157   3.54e-01   6.35e-01   5.29e-01   2.24e+00   0.00e+00 (  5.62e+01,  1.04e+02)
80      0.159   3.52e-01   6.56e-01   5.68e-01   2.32e+00   0.00e+00 (  5.07e+01,  9.54e+01)
85      0.155   3.29e-01   6.47e-01   5.63e-01   2.29e+00   0.00e+00 (  4.40e+01,  8.77e+01)
90      0.157   3.25e-01   6.31e-01   5.58e-01   2.55e+00   0.00e+00 (  3.93e+01,  8.06e+01)
95      1.890   4.34e+00   5.34e+00   3.66e+00   1.21e+02   0.00e+00 (  1.74e+03,  7.42e+01)
30 e: 5.183e-06 i: 5.906e-05 :: e: 3.390e-02 i: 3.582e-02 :: n: 2.762e+01 e:20.029 i:20.233 v:4.993e+03
>>> tau_he = 5.000000, nhe(0)=2.368993e+00
 5     -0.005   3.98e-03   2.37e-01   3.63e-03  -2.37e-02   0.00e+00 (  1.18e+00,  2.92e+01)
10     -0.004   1.24e-02   2.81e-02  -6.02e-04  -2.17e-02   0.00e+00 (  6.48e+00,  5.76e+01)
15     -0.003   7.06e-02   2.62e-02   9.57e-03  -2.02e-02   0.00e+00 (  4.10e+01,  8.48e+01)
20      0.003   9.04e-02   6.41e-02   2.35e-02   2.01e-02   0.00e+00 (  5.37e+01,  1.04e+02)
25      0.027   1.26e-01   9.89e-02   3.37e-02   2.33e-01   0.00e+00 (  7.11e+01,  1.20e+02)
30      0.040   1.62e-01   1.45e-01   6.22e-02   3.81e-01   0.00e+00 (  8.41e+01,  1.32e+02)
35      0.044   1.82e-01   1.74e-01   8.99e-02   4.51e-01   0.00e+00 (  8.75e+01,  1.41e+02)
40      0.054   2.10e-01   2.24e-01   1.12e-01   5.91e-01   0.00e+00 (  9.09e+01,  1.45e+02)
45      0.069   2.32e-01   2.76e-01   1.49e-01   8.03e-01   0.00e+00 (  8.83e+01,  1.45e+02)
50      0.082   2.57e-01   3.40e-01   1.68e-01   1.01e+00   0.00e+00 (  8.42e+01,  1.42e+02)
55      0.095   2.79e-01   4.04e-01   2.20e-01   1.22e+00   0.00e+00 (  7.96e+01,  1.36e+02)
60      0.110   3.00e-01   4.51e-01   2.85e-01   1.46e+00   0.00e+00 (  7.33e+01,  1.29e+02)
65      0.142   3.36e-01   5.55e-01   3.81e-01   1.94e+00   0.00e+00 (  6.92e+01,  1.21e+02)
70      0.151   3.48e-01   6.01e-01   4.56e-01   2.12e+00   0.00e+00 (  6.22e+01,  1.12e+02)
75      0.159   3.56e-01   6.39e-01   5.32e-01   2.28e+00   0.00e+00 (  5.64e+01,  1.04e+02)
80      0.163   3.56e-01   6.66e-01   5.77e-01   2.37e+00   0.00e+00 (  5.10e+01,  9.54e+01)
85      0.158   3.34e-01   6.60e-01   5.73e-01   2.35e+00   0.00e+00 (  4.46e+01,  8.77e+01)
90      0.161   3.31e-01   6.46e-01   5.71e-01   2.62e+00   0.00e+00 (  4.00e+01,  8.06e+01)
95      1.889   4.34e+00   5.33e+00   3.66e+00   1.21e+02   0.00e+00 (  1.74e+03,  7.42e+01)
31 e: 7.044e-05 i: 2.486e-06 :: e: 2.828e-02 i: 2.824e-02 :: n: 2.762e+01 e:19.986 i:20.382 v:4.993e+03
>>> tau_he = 5.000000, nhe(0)=2.368663e+00
 5     -0.005   3.98e-03   2.37e-01   3.66e-03  -2.37e-02   0.00e+00 (  1.18e+00,  2.92e+01)
10     -0.004   1.28e-02   2.91e-02  -5.80e-04  -2.23e-02   0.00e+00 (  6.73e+00,  5.76e+01)
15     -0.004   7.16e-02   2.81e-02   9.60e-03  -2.78e-02   0.00e+00 (  4.18e+01,  8.48e+01)
20      0.003   9.21e-02   6.67e-02   2.06e-02   2.08e-02   0.00e+00 (  5.52e+01,  1.04e+02)
25      0.030   1.27e-01   1.01e-01   3.48e-02   2.60e-01   0.00e+00 (  7.25e+01,  1.20e+02)
30      0.041   1.64e-01   1.49e-01   6.40e-02   3.84e-01   0.00e+00 (  8.58e+01,  1.32e+02)
35      0.044   1.84e-01   1.79e-01   9.22e-02   4.55e-01   0.00e+00 (  8.95e+01,  1.41e+02)
40      0.054   2.13e-01   2.30e-01   1.16e-01   5.97e-01   0.00e+00 (  9.31e+01,  1.45e+02)
45      0.069   2.37e-01   2.87e-01   1.55e-01   8.08e-01   0.00e+00 (  9.11e+01,  1.45e+02)
50      0.102   2.89e-01   4.04e-01   1.90e-01   1.25e+00   0.00e+00 (  9.61e+01,  1.42e+02)
55      0.096   2.84e-01   4.15e-01   2.24e-01   1.23e+00   0.00e+00 (  8.19e+01,  1.36e+02)
60      0.111   3.05e-01   4.63e-01   2.91e-01   1.47e+00   0.00e+00 (  7.56e+01,  1.29e+02)
65      0.143   3.42e-01   5.68e-01   3.89e-01   1.95e+00   0.00e+00 (  7.14e+01,  1.21e+02)
70      0.152   3.53e-01   6.12e-01   4.64e-01   2.13e+00   0.00e+00 (  6.41e+01,  1.12e+02)
75      0.159   3.61e-01   6.48e-01   5.39e-01   2.28e+00   0.00e+00 (  5.80e+01,  1.04e+02)
80      0.162   3.60e-01   6.71e-01   5.79e-01   2.36e+00   0.00e+00 (  5.24e+01,  9.54e+01)
85      0.157   3.36e-01   6.63e-01   5.76e-01   2.33e+00   0.00e+00 (  4.56e+01,  8.77e+01)
90      0.159   3.30e-01   6.46e-01   5.70e-01   2.59e+00   0.00e+00 (  4.06e+01,  8.06e+01)
95      1.890   4.34e+00   5.34e+00   3.66e+00   1.21e+02   0.00e+00 (  1.74e+03,  7.42e+01)
32 e: 7.680e-06 i: 4.147e-05 :: e: 3.727e-02 i: 3.889e-02 :: n: 2.762e+01 e:20.159 i:20.380 v:4.993e+03
>>> tau_he = 5.000000, nhe(0)=2.381793e+00
 5     -0.006   4.04e-03   2.41e-01   3.67e-03  -2.40e-02   0.00e+00 (  1.20e+00,  2.92e+01)
10     -0.004   1.26e-02   2.84e-02  -6.02e-04  -2.20e-02   0.00e+00 (  6.61e+00,  5.76e+01)
15     -0.003   7.17e-02   2.66e-02   9.59e-03  -1.99e-02   0.00e+00 (  4.17e+01,  8.48e+01)
20      0.002   9.15e-02   6.47e-02   2.34e-02   1.89e-02   0.00e+00 (  5.47e+01,  1.04e+02)
25      0.030   1.27e-01   9.93e-02   3.41e-02   2.60e-01   0.00e+00 (  7.23e+01,  1.20e+02)
30      0.041   1.64e-01   1.46e-01   6.22e-02   3.84e-01   0.00e+00 (  8.54e+01,  1.32e+02)
35      0.044   1.84e-01   1.75e-01   9.00e-02   4.54e-01   0.00e+00 (  8.91e+01,  1.41e+02)
40      0.054   2.13e-01   2.26e-01   1.13e-01   5.95e-01   0.00e+00 (  9.26e+01,  1.45e+02)
45      0.069   2.35e-01   2.78e-01   1.50e-01   8.10e-01   0.00e+00 (  9.00e+01,  1.45e+02)
50      0.082   2.59e-01   3.40e-01   1.69e-01   1.01e+00   0.00e+00 (  8.54e+01,  1.42e+02)
55      0.096   2.83e-01   4.08e-01   2.21e-01   1.23e+00   0.00e+00 (  8.13e+01,  1.36e+02)
60      0.112   3.04e-01   4.58e-01   2.88e-01   1.48e+00   0.00e+00 (  7.51e+01,  1.29e+02)
65      0.144   3.41e-01   5.64e-01   3.86e-01   1.96e+00   0.00e+00 (  7.09e+01,  1.21e+02)
70      0.153   3.53e-01   6.11e-01   4.63e-01   2.14e+00   0.00e+00 (  6.39e+01,  1.12e+02)
75      0.161   3.62e-01   6.50e-01   5.41e-01   2.31e+00   0.00e+00 (  5.80e+01,  1.04e+02)
80      0.165   3.62e-01   6.79e-01   5.86e-01   2.41e+00   0.00e+00 (  5.25e+01,  9.54e+01)
85      0.161   3.40e-01   6.72e-01   5.83e-01   2.38e+00   0.00e+00 (  4.59e+01,  8.77e+01)
90      0.163   3.35e-01   6.58e-01   5.81e-01   2.65e+00   0.00e+00 (  4.11e+01,  8.06e+01)
95      1.889   4.34e+00   5.33e+00   3.66e+00   1.21e+02   0.00e+00 (  1.74e+03,  7.42e+01)
33 e: 4.927e-05 i: 4.439e-06 :: e: 2.996e-02 i: 3.042e-02 :: n: 2.762e+01 e:20.102 i:20.505 v:4.993e+03
>>> tau_he = 5.000000, nhe(0)=2.379863e+00
 5     -0.006   4.04e-03   2.41e-01   3.70e-03  -2.41e-02   0.00e+00 (  1.21e+00,  2.92e+01)
10     -0.004   1.29e-02   2.93e-02  -5.80e-04  -2.25e-02   0.00e+00 (  6.83e+00,  5.76e+01)
15     -0.004   7.23e-02   2.83e-02   9.64e-03  -2.39e-02   0.00e+00 (  4.23e+01,  8.48e+01)
20      0.003   9.31e-02   6.71e-02   2.04e-02   2.00e-02   0.00e+00 (  5.60e+01,  1.04e+02)
25      0.031   1.28e-01   1.02e-01   3.47e-02   2.63e-01   0.00e+00 (  7.34e+01,  1.20e+02)
30      0.041   1.65e-01   1.50e-01   6.39e-02   3.87e-01   0.00e+00 (  8.69e+01,  1.32e+02)
35      0.045   1.86e-01   1.80e-01   9.23e-02   4.58e-01   0.00e+00 (  9.08e+01,  1.41e+02)
40      0.055   2.15e-01   2.32e-01   1.16e-01   6.01e-01   0.00e+00 (  9.45e+01,  1.45e+02)
45      0.070   2.39e-01   2.89e-01   1.55e-01   8.13e-01   0.00e+00 (  9.25e+01,  1.45e+02)
50      0.102   2.91e-01   4.04e-01   1.90e-01   1.25e+00   0.00e+00 (  9.70e+01,  1.42e+02)
55      0.097   2.86e-01   4.19e-01   2.25e-01   1.24e+00   0.00e+00 (  8.32e+01,  1.36e+02)
60      0.112   3.09e-01   4.68e-01   2.94e-01   1.49e+00   0.00e+00 (  7.71e+01,  1.29e+02)
65      0.144   3.46e-01   5.74e-01   3.93e-01   1.97e+00   0.00e+00 (  7.27e+01,  1.21e+02)
70      0.153   3.58e-01   6.20e-01   4.69e-01   2.15e+00   0.00e+00 (  6.54e+01,  1.12e+02)
75      0.161   3.66e-01   6.57e-01   5.46e-01   2.31e+00   0.00e+00 (  5.93e+01,  1.04e+02)
80      0.164   3.65e-01   6.81e-01   5.87e-01   2.39e+00   0.00e+00 (  5.36e+01,  9.54e+01)
85      0.159   3.40e-01   6.73e-01   5.84e-01   2.36e+00   0.00e+00 (  4.67e+01,  8.77e+01)
90      0.161   3.34e-01   6.56e-01   5.79e-01   2.62e+00   0.00e+00 (  4.16e+01,  8.06e+01)
95      1.890   4.34e+00   5.34e+00   3.66e+00   1.21e+02   0.00e+00 (  1.74e+03,  7.42e+01)
34 e: 1.140e-05 i: 2.707e-05 :: e: 3.703e-02 i: 3.862e-02 :: n: 2.762e+01 e:20.248 i:20.488 v:4.993e+03
>>> tau_he = 5.000000, nhe(0)=2.390336e+00
 5     -0.006   4.09e-03   2.44e-01   3.70e-03  -2.43e-02   0.00e+00 (  1.22e+00,  2.92e+01)
10     -0.004   1.28e-02   2.86e-02  -5.99e-04  -2.23e-02   0.00e+00 (  6.72e+00,  5.76e+01)
15     -0.003   7.25e-02   2.69e-02   9.61e-03  -1.93e-02   0.00e+00 (  4.22e+01,  8.48e+01)
20      0.002   9.23e-02   6.52e-02   2.33e-02   1.83e-02   0.00e+00 (  5.53e+01,  1.04e+02)
25      0.031   1.28e-01   9.99e-02   3.41e-02   2.63e-01   0.00e+00 (  7.31e+01,  1.20e+02)
30      0.041   1.65e-01   1.47e-01   6.23e-02   3.87e-01   0.00e+00 (  8.63e+01,  1.32e+02)
35      0.045   1.85e-01   1.77e-01   9.03e-02   4.57e-01   0.00e+00 (  9.01e+01,  1.41e+02)
40      0.055   2.14e-01   2.28e-01   1.14e-01   5.99e-01   0.00e+00 (  9.38e+01,  1.45e+02)
45      0.069   2.37e-01   2.82e-01   1.53e-01   8.06e-01   0.00e+00 (  9.15e+01,  1.45e+02)
50      0.083   2.60e-01   3.41e-01   1.70e-01   1.01e+00   0.00e+00 (  8.61e+01,  1.42e+02)
55      0.097   2.85e-01   4.11e-01   2.22e-01   1.24e+00   0.00e+00 (  8.24e+01,  1.36e+02)
60      0.113   3.07e-01   4.62e-01   2.91e-01   1.49e+00   0.00e+00 (  7.63e+01,  1.29e+02)
65      0.140   3.36e-01   5.43e-01   3.74e-01   1.92e+00   0.00e+00 (  7.02e+01,  1.21e+02)
70      0.154   3.57e-01   6.17e-01   4.67e-01   2.16e+00   0.00e+00 (  6.49e+01,  1.12e+02)
75      0.163   3.66e-01   6.57e-01   5.46e-01   2.33e+00   0.00e+00 (  5.90e+01,  1.04e+02)
80      0.166   3.65e-01   6.86e-01   5.92e-01   2.42e+00   0.00e+00 (  5.34e+01,  9.54e+01)
85      0.162   3.43e-01   6.80e-01   5.90e-01   2.40e+00   0.00e+00 (  4.68e+01,  8.77e+01)
90      0.164   3.38e-01   6.66e-01   5.87e-01   2.67e+00   0.00e+00 (  4.19e+01,  8.06e+01)
95      1.889   4.33e+00   5.33e+00   3.66e+00   1.21e+02   0.00e+00 (  1.74e+03,  7.42e+01)
35 e: 3.246e-05 i: 7.480e-06 :: e: 2.745e-02 i: 2.757e-02 :: n: 2.762e+01 e:20.179 i:20.589 v:4.993e+03
>>> tau_he = 5.000000, nhe(0)=2.386836e+00
 5     -0.006   4.07e-03   2.44e-01   3.72e-03  -2.43e-02   0.00e+00 (  1.22e+00,  2.92e+01)
10     -0.004   1.31e-02   2.95e-02  -5.78e-04  -2.28e-02   0.00e+00 (  6.91e+00,  5.76e+01)
15     -0.004   7.29e-02   2.86e-02   9.65e-03  -2.33e-02   0.00e+00 (  4.26e+01,  8.48e+01)
20      0.002   9.31e-02   6.70e-02   2.38e-02   1.66e-02   0.00e+00 (  5.61e+01,  1.04e+02)
25      0.031   1.29e-01   1.02e-01   3.47e-02   2.65e-01   0.00e+00 (  7.39e+01,  1.20e+02)
30      0.041   1.66e-01   1.50e-01   6.38e-02   3.89e-01   0.00e+00 (  8.74e+01,  1.32e+02)
35      0.045   1.87e-01   1.81e-01   9.23e-02   4.60e-01   0.00e+00 (  9.15e+01,  1.41e+02)
40      0.055   2.16e-01   2.33e-01   1.17e-01   6.04e-01   0.00e+00 (  9.53e+01,  1.45e+02)
45      0.070   2.40e-01   2.90e-01   1.55e-01   8.16e-01   0.00e+00 (  9.32e+01,  1.45e+02)
50      0.102   2.91e-01   4.04e-01   1.90e-01   1.25e+00   0.00e+00 (  9.75e+01,  1.42e+02)
55      0.098   2.89e-01   4.20e-01   2.26e-01   1.25e+00   0.00e+00 (  8.41e+01,  1.36e+02)
60      0.113   3.11e-01   4.71e-01   2.96e-01   1.50e+00   0.00e+00 (  7.79e+01,  1.29e+02)
65      0.146   3.49e-01   5.80e-01   3.97e-01   1.99e+00   0.00e+00 (  7.37e+01,  1.21e+02)
70      0.154   3.60e-01   6.24e-01   4.72e-01   2.16e+00   0.00e+00 (  6.61e+01,  1.12e+02)
75      0.162   3.68e-01   6.61e-01   5.49e-01   2.32e+00   0.00e+00 (  5.99e+01,  1.04e+02)
80      0.165   3.67e-01   6.86e-01   5.91e-01   2.40e+00   0.00e+00 (  5.42e+01,  9.54e+01)
85      0.160   3.43e-01   6.79e-01   5.89e-01   2.37e+00   0.00e+00 (  4.73e+01,  8.77e+01)
90      0.162   3.36e-01   6.62e-01   5.84e-01   2.63e+00   0.00e+00 (  4.22e+01,  8.06e+01)
95      1.890   4.33e+00   5.34e+00   3.66e+00   1.21e+02   0.00e+00 (  1.75e+03,  7.42e+01)
36 e: 1.535e-05 i: 1.671e-05 :: e: 3.424e-02 i: 3.601e-02 :: n: 2.762e+01 e:20.298 i:20.556 v:4.993e+03
>>> tau_he = 5.000000, nhe(0)=2.394843e+00
 5     -0.006   4.11e-03   2.46e-01   3.71e-03  -2.47e-02   0.00e+00 (  1.23e+00,  2.92e+01)
10     -0.004   1.29e-02   2.88e-02  -5.94e-04  -2.25e-02   0.00e+00 (  6.79e+00,  5.76e+01)
15     -0.004   7.29e-02   2.75e-02   9.53e-03  -2.50e-02   0.00e+00 (  4.24e+01,  8.48e+01)
20      0.002   9.28e-02   6.56e-02   2.33e-02   1.81e-02   0.00e+00 (  5.57e+01,  1.04e+02)
25      0.031   1.29e-01   1.00e-01   3.41e-02   2.64e-01   0.00e+00 (  7.34e+01,  1.20e+02)
30      0.041   1.65e-01   1.47e-01   6.24e-02   3.89e-01   0.00e+00 (  8.67e+01,  1.32e+02)
35      0.045   1.86e-01   1.77e-01   9.05e-02   4.59e-01   0.00e+00 (  9.07e+01,  1.41e+02)
40      0.055   2.15e-01   2.29e-01   1.15e-01   6.02e-01   0.00e+00 (  9.44e+01,  1.45e+02)
45      0.069   2.38e-01   2.84e-01   1.53e-01   8.09e-01   0.00e+00 (  9.20e+01,  1.45e+02)
50      0.083   2.61e-01   3.42e-01   1.70e-01   1.01e+00   0.00e+00 (  8.64e+01,  1.42e+02)
55      0.097   2.86e-01   4.13e-01   2.23e-01   1.24e+00   0.00e+00 (  8.30e+01,  1.36e+02)
60      0.113   3.09e-01   4.65e-01   2.93e-01   1.50e+00   0.00e+00 (  7.69e+01,  1.29e+02)
65      0.141   3.38e-01   5.47e-01   3.77e-01   1.93e+00   0.00e+00 (  7.09e+01,  1.21e+02)
70      0.155   3.58e-01   6.20e-01   4.69e-01   2.17e+00   0.00e+00 (  6.53e+01,  1.12e+02)
75      0.163   3.67e-01   6.60e-01   5.48e-01   2.34e+00   0.00e+00 (  5.93e+01,  1.04e+02)
80      0.167   3.67e-01   6.89e-01   5.94e-01   2.43e+00   0.00e+00 (  5.37e+01,  9.54e+01)
85      0.162   3.45e-01   6.83e-01   5.92e-01   2.40e+00   0.00e+00 (  4.72e+01,  8.77e+01)
90      0.164   3.39e-01   6.69e-01   5.90e-01   2.67e+00   0.00e+00 (  4.23e+01,  8.06e+01)
95      1.889   4.33e+00   5.33e+00   3.66e+00   1.21e+02   0.00e+00 (  1.74e+03,  7.42e+01)
37 e: 2.024e-05 i: 1.025e-05 :: e: 2.448e-02 i: 2.485e-02 :: n: 2.762e+01 e:20.217 i:20.633 v:4.993e+03
>>> tau_he = 5.000000, nhe(0)=2.389975e+00
 5     -0.006   4.09e-03   2.45e-01   3.73e-03  -2.45e-02   0.00e+00 (  1.23e+00,  2.92e+01)
10     -0.004   1.31e-02   2.96e-02  -5.75e-04  -2.29e-02   0.00e+00 (  6.95e+00,  5.76e+01)
15     -0.003   7.32e-02   2.88e-02   9.66e-03  -2.27e-02   0.00e+00 (  4.28e+01,  8.48e+01)
20      0.002   9.34e-02   6.72e-02   2.38e-02   1.66e-02   0.00e+00 (  5.63e+01,  1.04e+02)
25      0.031   1.29e-01   1.03e-01   3.47e-02   2.66e-01   0.00e+00 (  7.41e+01,  1.20e+02)
30      0.041   1.66e-01   1.50e-01   6.38e-02   3.91e-01   0.00e+00 (  8.76e+01,  1.32e+02)
35      0.045   1.87e-01   1.81e-01   9.24e-02   4.62e-01   0.00e+00 (  9.17e+01,  1.41e+02)
40      0.055   2.16e-01   2.33e-01   1.17e-01   6.06e-01   0.00e+00 (  9.55e+01,  1.45e+02)
45      0.070   2.40e-01   2.90e-01   1.55e-01   8.18e-01   0.00e+00 (  9.34e+01,  1.45e+02)
50      0.102   2.91e-01   4.03e-01   1.90e-01   1.25e+00   0.00e+00 (  9.74e+01,  1.42e+02)
55      0.098   2.89e-01   4.21e-01   2.26e-01   1.25e+00   0.00e+00 (  8.43e+01,  1.36e+02)
60      0.114   3.11e-01   4.72e-01   2.97e-01   1.51e+00   0.00e+00 (  7.81e+01,  1.29e+02)
65      0.142   3.41e-01   5.56e-01   3.83e-01   1.94e+00   0.00e+00 (  7.21e+01,  1.21e+02)
70      0.154   3.60e-01   6.25e-01   4.73e-01   2.16e+00   0.00e+00 (  6.62e+01,  1.12e+02)
75      0.162   3.68e-01   6.62e-01   5.49e-01   2.32e+00   0.00e+00 (  5.99e+01,  1.04e+02)
80      0.165   3.68e-01   6.87e-01   5.92e-01   2.40e+00   0.00e+00 (  5.43e+01,  9.54e+01)
85      0.160   3.43e-01   6.80e-01   5.90e-01   2.37e+00   0.00e+00 (  4.74e+01,  8.77e+01)
90      0.162   3.37e-01   6.64e-01   5.85e-01   2.63e+00   0.00e+00 (  4.24e+01,  8.06e+01)
95      1.890   4.33e+00   5.34e+00   3.66e+00   1.21e+02   0.00e+00 (  1.75e+03,  7.42e+01)
38 e: 1.882e-05 i: 1.006e-05 :: e: 2.806e-02 i: 2.915e-02 :: n: 2.762e+01 e:20.312 i:20.586 v:4.993e+03
>>> tau_he = 5.000000, nhe(0)=2.395832e+00
 5     -0.006   4.11e-03   2.47e-01   3.72e-03  -2.49e-02   0.00e+00 (  1.23e+00,  2.92e+01)
10     -0.004   1.29e-02   2.89e-02  -5.88e-04  -2.27e-02   0.00e+00 (  6.83e+00,  5.76e+01)
15     -0.004   7.31e-02   2.78e-02   9.55e-03  -2.44e-02   0.00e+00 (  4.25e+01,  8.48e+01)
20      0.002   9.29e-02   6.58e-02   2.33e-02   1.82e-02   0.00e+00 (  5.58e+01,  1.04e+02)
25      0.031   1.29e-01   1.01e-01   3.41e-02   2.65e-01   0.00e+00 (  7.35e+01,  1.20e+02)
30      0.041   1.65e-01   1.48e-01   6.25e-02   3.90e-01   0.00e+00 (  8.68e+01,  1.32e+02)
35      0.045   1.86e-01   1.78e-01   9.07e-02   4.60e-01   0.00e+00 (  9.07e+01,  1.41e+02)
40      0.055   2.15e-01   2.29e-01   1.15e-01   6.03e-01   0.00e+00 (  9.45e+01,  1.45e+02)
45      0.070   2.38e-01   2.84e-01   1.54e-01   8.11e-01   0.00e+00 (  9.21e+01,  1.45e+02)
50      0.085   2.61e-01   3.34e-01   1.67e-01   1.05e+00   0.00e+00 (  8.67e+01,  1.42e+02)
55      0.097   2.86e-01   4.14e-01   2.23e-01   1.25e+00   0.00e+00 (  8.30e+01,  1.36e+02)
60      0.114   3.09e-01   4.66e-01   2.93e-01   1.51e+00   0.00e+00 (  7.70e+01,  1.29e+02)
65      0.142   3.40e-01   5.52e-01   3.80e-01   1.94e+00   0.00e+00 (  7.14e+01,  1.21e+02)
70      0.154   3.58e-01   6.20e-01   4.69e-01   2.17e+00   0.00e+00 (  6.53e+01,  1.12e+02)
75      0.163   3.67e-01   6.59e-01   5.47e-01   2.33e+00   0.00e+00 (  5.92e+01,  1.04e+02)
80      0.166   3.66e-01   6.88e-01   5.93e-01   2.43e+00   0.00e+00 (  5.36e+01,  9.54e+01)
85      0.162   3.44e-01   6.83e-01   5.92e-01   2.40e+00   0.00e+00 (  4.72e+01,  8.77e+01)
90      0.164   3.39e-01   6.69e-01   5.89e-01   2.67e+00   0.00e+00 (  4.23e+01,  8.06e+01)
95      1.889   4.33e+00   5.33e+00   3.66e+00   1.21e+02   0.00e+00 (  1.74e+03,  7.42e+01)
39 e: 1.233e-05 i: 1.309e-05 :: e: 2.007e-02 i: 2.163e-02 :: n: 2.762e+01 e:20.224 i:20.643 v:4.993e+03
>>> tau_he = 5.000000, nhe(0)=2.389949e+00
 5     -0.006   4.09e-03   2.46e-01   3.74e-03  -2.46e-02   0.00e+00 (  1.23e+00,  2.92e+01)
10     -0.004   1.31e-02   2.96e-02  -5.71e-04  -2.31e-02   0.00e+00 (  6.97e+00,  5.76e+01)
15     -0.003   7.32e-02   2.90e-02   9.67e-03  -2.19e-02   0.00e+00 (  4.28e+01,  8.48e+01)
20      0.002   9.33e-02   6.73e-02   2.38e-02   1.70e-02   0.00e+00 (  5.63e+01,  1.04e+02)
25      0.031   1.29e-01   1.03e-01   3.47e-02   2.66e-01   0.00e+00 (  7.40e+01,  1.20e+02)
30      0.041   1.66e-01   1.50e-01   6.38e-02   3.91e-01   0.00e+00 (  8.74e+01,  1.32e+02)
35      0.045   1.87e-01   1.81e-01   9.25e-02   4.62e-01   0.00e+00 (  9.15e+01,  1.41e+02)
40      0.055   2.16e-01   2.33e-01   1.17e-01   6.06e-01   0.00e+00 (  9.53e+01,  1.45e+02)
45      0.070   2.40e-01   2.90e-01   1.55e-01   8.19e-01   0.00e+00 (  9.32e+01,  1.45e+02)
50      0.102   2.91e-01   4.03e-01   1.90e-01   1.25e+00   0.00e+00 (  9.69e+01,  1.42e+02)
55      0.098   2.88e-01   4.21e-01   2.26e-01   1.25e+00   0.00e+00 (  8.38e+01,  1.36e+02)
60      0.114   3.11e-01   4.72e-01   2.96e-01   1.51e+00   0.00e+00 (  7.78e+01,  1.29e+02)
65      0.142   3.41e-01   5.58e-01   3.84e-01   1.94e+00   0.00e+00 (  7.21e+01,  1.21e+02)
70      0.154   3.59e-01   6.23e-01   4.72e-01   2.16e+00   0.00e+00 (  6.59e+01,  1.12e+02)
75      0.162   3.67e-01   6.60e-01   5.48e-01   2.32e+00   0.00e+00 (  5.96e+01,  1.04e+02)
80      0.164   3.67e-01   6.85e-01   5.90e-01   2.40e+00   0.00e+00 (  5.40e+01,  9.54e+01)
85      0.160   3.43e-01   6.78e-01   5.88e-01   2.37e+00   0.00e+00 (  4.72e+01,  8.77e+01)
90      0.161   3.36e-01   6.62e-01   5.84e-01   2.63e+00   0.00e+00 (  4.23e+01,  8.06e+01)
95      1.890   4.33e+00   5.34e+00   3.66e+00   1.21e+02   0.00e+00 (  1.75e+03,  7.42e+01)
40 e: 2.087e-05 i: 6.147e-06 :: e: 2.223e-02 i: 2.389e-02 :: n: 2.762e+01 e:20.298 i:20.586 v:4.993e+03
>>> tau_he = 5.000000, nhe(0)=2.394075e+00
 5     -0.006   4.10e-03   2.47e-01   3.72e-03  -2.49e-02   0.00e+00 (  1.23e+00,  2.92e+01)
10     -0.004   1.29e-02   2.89e-02  -5.83e-04  -2.28e-02   0.00e+00 (  6.84e+00,  5.76e+01)
15     -0.004   7.30e-02   2.81e-02   9.57e-03  -2.38e-02   0.00e+00 (  4.25e+01,  8.48e+01)
20      0.002   9.28e-02   6.60e-02   2.33e-02   1.85e-02   0.00e+00 (  5.57e+01,  1.04e+02)
25      0.031   1.29e-01   1.01e-01   3.42e-02   2.65e-01   0.00e+00 (  7.33e+01,  1.20e+02)
30      0.041   1.65e-01   1.48e-01   6.26e-02   3.90e-01   0.00e+00 (  8.65e+01,  1.32e+02)
35      0.045   1.86e-01   1.78e-01   9.09e-02   4.61e-01   0.00e+00 (  9.05e+01,  1.41e+02)
40      0.055   2.15e-01   2.30e-01   1.16e-01   6.04e-01   0.00e+00 (  9.42e+01,  1.45e+02)
45      0.070   2.38e-01   2.85e-01   1.53e-01   8.11e-01   0.00e+00 (  9.18e+01,  1.45e+02)
50      0.085   2.61e-01   3.34e-01   1.67e-01   1.05e+00   0.00e+00 (  8.62e+01,  1.42e+02)
55      0.097   2.86e-01   4.14e-01   2.23e-01   1.24e+00   0.00e+00 (  8.26e+01,  1.36e+02)
60      0.113   3.08e-01   4.66e-01   2.93e-01   1.50e+00   0.00e+00 (  7.66e+01,  1.29e+02)
65      0.142   3.39e-01   5.52e-01   3.81e-01   1.94e+00   0.00e+00 (  7.12e+01,  1.21e+02)
70      0.154   3.57e-01   6.18e-01   4.68e-01   2.16e+00   0.00e+00 (  6.49e+01,  1.12e+02)
75      0.162   3.65e-01   6.56e-01   5.45e-01   2.32e+00   0.00e+00 (  5.88e+01,  1.04e+02)
80      0.166   3.65e-01   6.85e-01   5.91e-01   2.42e+00   0.00e+00 (  5.33e+01,  9.54e+01)
85      0.161   3.43e-01   6.79e-01   5.89e-01   2.39e+00   0.00e+00 (  4.69e+01,  8.77e+01)
90      0.163   3.38e-01   6.65e-01   5.87e-01   2.65e+00   0.00e+00 (  4.21e+01,  8.06e+01)
95      1.889   4.33e+00   5.33e+00   3.66e+00   1.21e+02   0.00e+00 (  1.74e+03,  7.42e+01)
41 e: 7.511e-06 i: 1.433e-05 :: e: 1.506e-02 i: 1.667e-02 :: n: 2.762e+01 e:20.205 i:20.626 v:4.993e+03
>>> tau_he = 5.000000, nhe(0)=2.387536e+00
 5     -0.006   4.07e-03   2.46e-01   3.73e-03  -2.48e-02   0.00e+00 (  1.23e+00,  2.92e+01)
10     -0.004   1.31e-02   2.96e-02  -5.67e-04  -2.31e-02   0.00e+00 (  6.96e+00,  5.76e+01)
15     -0.003   7.30e-02   2.92e-02   9.69e-03  -2.11e-02   0.00e+00 (  4.26e+01,  8.48e+01)
20      0.002   9.31e-02   6.74e-02   2.38e-02   1.75e-02   0.00e+00 (  5.60e+01,  1.04e+02)
25      0.031   1.29e-01   1.02e-01   3.47e-02   2.66e-01   0.00e+00 (  7.37e+01,  1.20e+02)
30      0.041   1.66e-01   1.50e-01   6.38e-02   3.90e-01   0.00e+00 (  8.70e+01,  1.32e+02)
35      0.045   1.86e-01   1.81e-01   9.25e-02   4.62e-01   0.00e+00 (  9.11e+01,  1.41e+02)
40      0.055   2.15e-01   2.33e-01   1.18e-01   6.06e-01   0.00e+00 (  9.49e+01,  1.45e+02)
45      0.070   2.39e-01   2.90e-01   1.55e-01   8.18e-01   0.00e+00 (  9.26e+01,  1.45e+02)
50      0.102   2.89e-01   4.02e-01   1.90e-01   1.24e+00   0.00e+00 (  9.62e+01,  1.42e+02)
55      0.098   2.87e-01   4.20e-01   2.26e-01   1.25e+00   0.00e+00 (  8.32e+01,  1.36e+02)
60      0.113   3.10e-01   4.70e-01   2.96e-01   1.50e+00   0.00e+00 (  7.72e+01,  1.29e+02)
65      0.142   3.41e-01   5.57e-01   3.84e-01   1.94e+00   0.00e+00 (  7.18e+01,  1.21e+02)
70      0.153   3.57e-01   6.20e-01   4.69e-01   2.15e+00   0.00e+00 (  6.53e+01,  1.12e+02)
75      0.161   3.65e-01   6.56e-01   5.45e-01   2.30e+00   0.00e+00 (  5.90e+01,  1.04e+02)
80      0.164   3.64e-01   6.81e-01   5.87e-01   2.38e+00   0.00e+00 (  5.35e+01,  9.54e+01)
85      0.159   3.41e-01   6.74e-01   5.85e-01   2.36e+00   0.00e+00 (  4.68e+01,  8.77e+01)
90      0.161   3.35e-01   6.58e-01   5.81e-01   2.62e+00   0.00e+00 (  4.20e+01,  8.06e+01)
95      1.890   4.33e+00   5.34e+00   3.66e+00   1.21e+02   0.00e+00 (  1.75e+03,  7.42e+01)
42 e: 2.154e-05 i: 4.021e-06 :: e: 1.618e-02 i: 1.810e-02 :: n: 2.762e+01 e:20.264 i:20.563 v:4.993e+03
>>> tau_he = 5.000000, nhe(0)=2.390335e+00
 5     -0.006   4.09e-03   2.47e-01   3.71e-03  -2.48e-02   0.00e+00 (  1.23e+00,  2.92e+01)
10     -0.004   1.29e-02   2.90e-02  -5.78e-04  -2.28e-02   0.00e+00 (  6.84e+00,  5.76e+01)
15     -0.004   7.28e-02   2.83e-02   9.59e-03  -2.31e-02   0.00e+00 (  4.23e+01,  8.48e+01)
20      0.002   9.25e-02   6.61e-02   2.34e-02   1.90e-02   0.00e+00 (  5.55e+01,  1.04e+02)
25      0.031   1.28e-01   1.01e-01   3.42e-02   2.65e-01   0.00e+00 (  7.30e+01,  1.20e+02)
30      0.041   1.65e-01   1.48e-01   6.27e-02   3.89e-01   0.00e+00 (  8.61e+01,  1.32e+02)
35      0.045   1.85e-01   1.78e-01   9.11e-02   4.61e-01   0.00e+00 (  9.00e+01,  1.41e+02)
40      0.055   2.14e-01   2.30e-01   1.16e-01   6.04e-01   0.00e+00 (  9.37e+01,  1.45e+02)
45      0.070   2.37e-01   2.85e-01   1.53e-01   8.11e-01   0.00e+00 (  9.12e+01,  1.45e+02)
50      0.085   2.60e-01   3.34e-01   1.67e-01   1.04e+00   0.00e+00 (  8.56e+01,  1.42e+02)
55      0.097   2.85e-01   4.13e-01   2.23e-01   1.24e+00   0.00e+00 (  8.20e+01,  1.36e+02)
60      0.113   3.07e-01   4.64e-01   2.92e-01   1.50e+00   0.00e+00 (  7.60e+01,  1.29e+02)
65      0.142   3.38e-01   5.51e-01   3.80e-01   1.94e+00   0.00e+00 (  7.07e+01,  1.21e+02)
70      0.153   3.55e-01   6.14e-01   4.65e-01   2.15e+00   0.00e+00 (  6.42e+01,  1.12e+02)
75      0.161   3.63e-01   6.51e-01   5.41e-01   2.31e+00   0.00e+00 (  5.82e+01,  1.04e+02)
80      0.165   3.62e-01   6.80e-01   5.87e-01   2.40e+00   0.00e+00 (  5.27e+01,  9.54e+01)
85      0.160   3.41e-01   6.74e-01   5.85e-01   2.37e+00   0.00e+00 (  4.64e+01,  8.77e+01)
90      0.162   3.36e-01   6.61e-01   5.83e-01   2.64e+00   0.00e+00 (  4.17e+01,  8.06e+01)
95      1.889   4.33e+00   5.34e+00   3.66e+00   1.21e+02   0.00e+00 (  1.74e+03,  7.42e+01)
43 e: 4.743e-06 i: 1.456e-05 :: e: 9.900e-03 i: 1.150e-02 :: n: 2.762e+01 e:20.170 i:20.589 v:4.993e+03
>>> tau_he = 5.000000, nhe(0)=2.383474e+00
 5     -0.006   4.05e-03   2.45e-01   3.72e-03  -2.47e-02   0.00e+00 (  1.22e+00,  2.92e+01)
10     -0.004   1.31e-02   2.95e-02  -5.64e-04  -2.31e-02   0.00e+00 (  6.93e+00,  5.76e+01)
15     -0.003   7.27e-02   2.93e-02   9.70e-03  -2.04e-02   0.00e+00 (  4.23e+01,  8.48e+01)
20      0.003   9.32e-02   6.77e-02   2.03e-02   2.11e-02   0.00e+00 (  5.60e+01,  1.04e+02)
25      0.031   1.28e-01   1.02e-01   3.47e-02   2.65e-01   0.00e+00 (  7.33e+01,  1.20e+02)
30      0.041   1.65e-01   1.50e-01   6.39e-02   3.90e-01   0.00e+00 (  8.64e+01,  1.32e+02)
35      0.045   1.85e-01   1.81e-01   9.26e-02   4.62e-01   0.00e+00 (  9.04e+01,  1.41e+02)
40      0.055   2.15e-01   2.33e-01   1.18e-01   6.06e-01   0.00e+00 (  9.42e+01,  1.45e+02)
45      0.070   2.38e-01   2.89e-01   1.54e-01   8.17e-01   0.00e+00 (  9.19e+01,  1.45e+02)
50      0.101   2.88e-01   4.00e-01   1.89e-01   1.24e+00   0.00e+00 (  9.52e+01,  1.42e+02)
55      0.098   2.85e-01   4.18e-01   2.25e-01   1.25e+00   0.00e+00 (  8.25e+01,  1.36e+02)
60      0.113   3.08e-01   4.68e-01   2.94e-01   1.50e+00   0.00e+00 (  7.64e+01,  1.29e+02)
65      0.142   3.39e-01   5.55e-01   3.82e-01   1.93e+00   0.00e+00 (  7.11e+01,  1.21e+02)
70      0.152   3.55e-01   6.16e-01   4.66e-01   2.14e+00   0.00e+00 (  6.45e+01,  1.12e+02)
75      0.160   3.62e-01   6.50e-01   5.41e-01   2.29e+00   0.00e+00 (  5.83e+01,  1.04e+02)
80      0.163   3.61e-01   6.75e-01   5.83e-01   2.37e+00   0.00e+00 (  5.28e+01,  9.54e+01)
85      0.158   3.38e-01   6.69e-01   5.81e-01   2.34e+00   0.00e+00 (  4.63e+01,  8.77e+01)
90      0.160   3.33e-01   6.53e-01   5.77e-01   2.60e+00   0.00e+00 (  4.15e+01,  8.06e+01)
95      1.890   4.34e+00   5.34e+00   3.66e+00   1.21e+02   0.00e+00 (  1.75e+03,  7.42e+01)
44 e: 2.078e-05 i: 2.950e-06 :: e: 1.029e-02 i: 1.243e-02 :: n: 2.762e+01 e:20.216 i:20.523 v:4.993e+03
>>> tau_he = 5.000000, nhe(0)=2.385328e+00
 5     -0.006   4.06e-03   2.45e-01   3.70e-03  -2.47e-02   0.00e+00 (  1.22e+00,  2.92e+01)
10     -0.004   1.29e-02   2.90e-02  -5.74e-04  -2.28e-02   0.00e+00 (  6.81e+00,  5.76e+01)
15     -0.003   7.25e-02   2.85e-02   9.60e-03  -2.25e-02   0.00e+00 (  4.20e+01,  8.48e+01)
20      0.003   9.21e-02   6.61e-02   2.35e-02   1.95e-02   0.00e+00 (  5.51e+01,  1.04e+02)
25      0.031   1.28e-01   1.01e-01   3.43e-02   2.64e-01   0.00e+00 (  7.26e+01,  1.20e+02)
30      0.041   1.64e-01   1.47e-01   6.28e-02   3.88e-01   0.00e+00 (  8.55e+01,  1.32e+02)
35      0.045   1.84e-01   1.78e-01   9.13e-02   4.60e-01   0.00e+00 (  8.94e+01,  1.41e+02)
40      0.055   2.13e-01   2.29e-01   1.17e-01   6.03e-01   0.00e+00 (  9.30e+01,  1.45e+02)
45      0.069   2.36e-01   2.84e-01   1.53e-01   8.10e-01   0.00e+00 (  9.05e+01,  1.45e+02)
50      0.085   2.58e-01   3.33e-01   1.67e-01   1.04e+00   0.00e+00 (  8.48e+01,  1.42e+02)
55      0.097   2.82e-01   4.12e-01   2.23e-01   1.24e+00   0.00e+00 (  8.11e+01,  1.36e+02)
60      0.112   3.05e-01   4.62e-01   2.91e-01   1.49e+00   0.00e+00 (  7.52e+01,  1.29e+02)
65      0.141   3.36e-01   5.48e-01   3.78e-01   1.93e+00   0.00e+00 (  7.00e+01,  1.21e+02)
70      0.152   3.52e-01   6.10e-01   4.62e-01   2.13e+00   0.00e+00 (  6.35e+01,  1.12e+02)
75      0.160   3.60e-01   6.46e-01   5.37e-01   2.29e+00   0.00e+00 (  5.74e+01,  1.04e+02)
80      0.163   3.59e-01   6.74e-01   5.83e-01   2.38e+00   0.00e+00 (  5.20e+01,  9.54e+01)
85      0.159   3.38e-01   6.68e-01   5.80e-01   2.36e+00   0.00e+00 (  4.58e+01,  8.77e+01)
90      0.161   3.34e-01   6.55e-01   5.78e-01   2.62e+00   0.00e+00 (  4.13e+01,  8.06e+01)
95      1.890   4.34e+00   5.34e+00   3.66e+00   1.21e+02   0.00e+00 (  1.74e+03,  7.42e+01)
45 e: 3.256e-06 i: 1.382e-05 :: e: 5.003e-03 i: 6.960e-03 :: n: 2.762e+01 e:20.124 i:20.541 v:4.993e+03
>>> tau_he = 5.000000, nhe(0)=2.378458e+00
 5     -0.006   4.03e-03   2.43e-01   3.71e-03  -2.46e-02   0.00e+00 (  1.21e+00,  2.92e+01)
10     -0.004   1.30e-02   2.95e-02  -5.61e-04  -2.31e-02   0.00e+00 (  6.90e+00,  5.76e+01)
15     -0.004   7.26e-02   2.93e-02   9.68e-03  -2.33e-02   0.00e+00 (  4.22e+01,  8.48e+01)
20      0.003   9.27e-02   6.76e-02   2.04e-02   2.18e-02   0.00e+00 (  5.57e+01,  1.04e+02)
25      0.031   1.28e-01   1.02e-01   3.47e-02   2.65e-01   0.00e+00 (  7.28e+01,  1.20e+02)
30      0.041   1.64e-01   1.49e-01   6.39e-02   3.88e-01   0.00e+00 (  8.58e+01,  1.32e+02)
35      0.045   1.85e-01   1.80e-01   9.27e-02   4.61e-01   0.00e+00 (  8.97e+01,  1.41e+02)
40      0.055   2.14e-01   2.32e-01   1.18e-01   6.05e-01   0.00e+00 (  9.34e+01,  1.45e+02)
45      0.070   2.37e-01   2.88e-01   1.54e-01   8.15e-01   0.00e+00 (  9.11e+01,  1.45e+02)
50      0.083   2.59e-01   3.47e-01   1.71e-01   1.02e+00   0.00e+00 (  8.53e+01,  1.42e+02)
55      0.097   2.84e-01   4.17e-01   2.25e-01   1.24e+00   0.00e+00 (  8.16e+01,  1.36e+02)
60      0.112   3.05e-01   4.65e-01   2.93e-01   1.49e+00   0.00e+00 (  7.55e+01,  1.29e+02)
65      0.145   3.45e-01   5.77e-01   3.95e-01   1.99e+00   0.00e+00 (  7.20e+01,  1.21e+02)
70      0.151   3.52e-01   6.11e-01   4.63e-01   2.12e+00   0.00e+00 (  6.36e+01,  1.12e+02)
75      0.159   3.59e-01   6.45e-01   5.36e-01   2.27e+00   0.00e+00 (  5.75e+01,  1.04e+02)
80      0.161   3.58e-01   6.69e-01   5.78e-01   2.35e+00   0.00e+00 (  5.21e+01,  9.54e+01)
85      0.157   3.36e-01   6.63e-01   5.76e-01   2.33e+00   0.00e+00 (  4.56e+01,  8.77e+01)
90      0.159   3.31e-01   6.48e-01   5.72e-01   2.59e+00   0.00e+00 (  4.10e+01,  8.06e+01)
95      1.890   4.34e+00   5.34e+00   3.66e+00   1.21e+02   0.00e+00 (  1.74e+03,  7.42e+01)
46 e: 1.855e-05 i: 1.848e-06 :: e: 5.464e-03 i: 7.674e-03 :: n: 2.762e+01 e:20.162 i:20.475 v:4.993e+03
>>> tau_he = 5.000000, nhe(0)=2.379932e+00
 5     -0.006   4.04e-03   2.44e-01   3.69e-03  -2.46e-02   0.00e+00 (  1.21e+00,  2.92e+01)
10     -0.004   1.28e-02   2.89e-02  -5.72e-04  -2.28e-02   0.00e+00 (  6.78e+00,  5.76e+01)
15     -0.003   7.21e-02   2.85e-02   9.62e-03  -2.18e-02   0.00e+00 (  4.17e+01,  8.48e+01)
20      0.003   9.16e-02   6.61e-02   2.36e-02   2.01e-02   0.00e+00 (  5.48e+01,  1.04e+02)
25      0.031   1.27e-01   1.01e-01   3.43e-02   2.63e-01   0.00e+00 (  7.21e+01,  1.20e+02)
30      0.041   1.63e-01   1.47e-01   6.29e-02   3.87e-01   0.00e+00 (  8.49e+01,  1.32e+02)
35      0.045   1.83e-01   1.78e-01   9.14e-02   4.59e-01   0.00e+00 (  8.87e+01,  1.41e+02)
40      0.055   2.12e-01   2.29e-01   1.17e-01   6.02e-01   0.00e+00 (  9.23e+01,  1.45e+02)
45      0.069   2.35e-01   2.84e-01   1.53e-01   8.09e-01   0.00e+00 (  8.99e+01,  1.45e+02)
50      0.083   2.57e-01   3.43e-01   1.70e-01   1.02e+00   0.00e+00 (  8.45e+01,  1.42e+02)
55      0.097   2.81e-01   4.11e-01   2.22e-01   1.24e+00   0.00e+00 (  8.04e+01,  1.36e+02)
60      0.112   3.02e-01   4.59e-01   2.89e-01   1.48e+00   0.00e+00 (  7.42e+01,  1.29e+02)
65      0.144   3.41e-01   5.68e-01   3.89e-01   1.97e+00   0.00e+00 (  7.05e+01,  1.21e+02)
70      0.151   3.49e-01   6.04e-01   4.58e-01   2.12e+00   0.00e+00 (  6.26e+01,  1.12e+02)
75      0.159   3.57e-01   6.40e-01   5.33e-01   2.28e+00   0.00e+00 (  5.67e+01,  1.04e+02)
80      0.162   3.56e-01   6.68e-01   5.78e-01   2.37e+00   0.00e+00 (  5.13e+01,  9.54e+01)
85      0.158   3.35e-01   6.62e-01   5.75e-01   2.34e+00   0.00e+00 (  4.52e+01,  8.77e+01)
90      0.160   3.31e-01   6.49e-01   5.73e-01   2.60e+00   0.00e+00 (  4.07e+01,  8.06e+01)
95      1.890   4.34e+00   5.34e+00   3.66e+00   1.21e+02   0.00e+00 (  1.74e+03,  7.42e+01)
47 e: 2.816e-06 i: 1.137e-05 :: e: 3.812e-03 i: 4.596e-03 :: n: 2.762e+01 e:20.075 i:20.488 v:4.993e+03
>>> tau_he = 5.000000, nhe(0)=2.373452e+00
 5     -0.006   4.01e-03   2.42e-01   3.69e-03  -2.45e-02   0.00e+00 (  1.20e+00,  2.92e+01)
10     -0.004   1.29e-02   2.94e-02  -5.60e-04  -2.30e-02   0.00e+00 (  6.85e+00,  5.76e+01)
15     -0.003   7.22e-02   2.93e-02   9.69e-03  -2.25e-02   0.00e+00 (  4.18e+01,  8.48e+01)
20      0.003   9.23e-02   6.74e-02   2.05e-02   2.24e-02   0.00e+00 (  5.53e+01,  1.04e+02)
25      0.031   1.27e-01   1.02e-01   3.47e-02   2.64e-01   0.00e+00 (  7.23e+01,  1.20e+02)
30      0.041   1.63e-01   1.49e-01   6.39e-02   3.87e-01   0.00e+00 (  8.51e+01,  1.32e+02)
35      0.045   1.84e-01   1.80e-01   9.27e-02   4.60e-01   0.00e+00 (  8.90e+01,  1.41e+02)
40      0.055   2.13e-01   2.32e-01   1.18e-01   6.04e-01   0.00e+00 (  9.27e+01,  1.45e+02)
45      0.070   2.36e-01   2.88e-01   1.54e-01   8.14e-01   0.00e+00 (  9.05e+01,  1.45e+02)
50      0.101   2.86e-01   4.01e-01   1.89e-01   1.24e+00   0.00e+00 (  9.43e+01,  1.42e+02)
55      0.097   2.82e-01   4.16e-01   2.24e-01   1.24e+00   0.00e+00 (  8.09e+01,  1.36e+02)
60      0.111   3.03e-01   4.62e-01   2.91e-01   1.48e+00   0.00e+00 (  7.45e+01,  1.29e+02)
65      0.143   3.40e-01   5.68e-01   3.89e-01   1.96e+00   0.00e+00 (  7.05e+01,  1.21e+02)
70      0.150   3.49e-01   6.05e-01   4.59e-01   2.11e+00   0.00e+00 (  6.27e+01,  1.12e+02)
75      0.158   3.56e-01   6.40e-01   5.32e-01   2.26e+00   0.00e+00 (  5.67e+01,  1.04e+02)
80      0.160   3.56e-01   6.64e-01   5.74e-01   2.34e+00   0.00e+00 (  5.13e+01,  9.54e+01)
85      0.156   3.33e-01   6.57e-01   5.71e-01   2.31e+00   0.00e+00 (  4.50e+01,  8.77e+01)
90      0.158   3.29e-01   6.42e-01   5.67e-01   2.57e+00   0.00e+00 (  4.05e+01,  8.06e+01)
95      1.890   4.34e+00   5.34e+00   3.66e+00   1.21e+02   0.00e+00 (  1.74e+03,  7.42e+01)
48 e: 1.686e-05 i: 3.273e-06 :: e: 5.343e-03 i: 8.730e-03 :: n: 2.762e+01 e:20.110 i:20.427 v:4.993e+03
>>> tau_he = 5.000000, nhe(0)=2.374632e+00
 5     -0.006   4.01e-03   2.42e-01   3.68e-03  -2.45e-02   0.00e+00 (  1.20e+00,  2.92e+01)
10     -0.004   1.28e-02   2.89e-02  -5.69e-04  -2.27e-02   0.00e+00 (  6.74e+00,  5.76e+01)
15     -0.003   7.18e-02   2.86e-02   9.63e-03  -2.13e-02   0.00e+00 (  4.15e+01,  8.48e+01)
20      0.003   9.17e-02   6.64e-02   2.02e-02   2.36e-02   0.00e+00 (  5.47e+01,  1.04e+02)
25      0.031   1.27e-01   1.00e-01   3.44e-02   2.63e-01   0.00e+00 (  7.17e+01,  1.20e+02)
30      0.041   1.62e-01   1.47e-01   6.31e-02   3.86e-01   0.00e+00 (  8.44e+01,  1.32e+02)
35      0.045   1.83e-01   1.78e-01   9.16e-02   4.58e-01   0.00e+00 (  8.82e+01,  1.41e+02)
40      0.055   2.11e-01   2.29e-01   1.17e-01   6.02e-01   0.00e+00 (  9.17e+01,  1.45e+02)
45      0.069   2.34e-01   2.84e-01   1.53e-01   8.07e-01   0.00e+00 (  8.92e+01,  1.45e+02)
50      0.085   2.57e-01   3.34e-01   1.67e-01   1.04e+00   0.00e+00 (  8.41e+01,  1.42e+02)
55      0.096   2.80e-01   4.10e-01   2.22e-01   1.23e+00   0.00e+00 (  7.97e+01,  1.36e+02)
60      0.111   3.01e-01   4.57e-01   2.88e-01   1.47e+00   0.00e+00 (  7.34e+01,  1.29e+02)
65      0.142   3.37e-01   5.61e-01   3.84e-01   1.95e+00   0.00e+00 (  6.94e+01,  1.21e+02)
70      0.150   3.46e-01   6.00e-01   4.55e-01   2.10e+00   0.00e+00 (  6.18e+01,  1.12e+02)
75      0.158   3.54e-01   6.36e-01   5.30e-01   2.26e+00   0.00e+00 (  5.60e+01,  1.04e+02)
80      0.161   3.54e-01   6.63e-01   5.74e-01   2.35e+00   0.00e+00 (  5.07e+01,  9.54e+01)
85      0.157   3.33e-01   6.57e-01   5.71e-01   2.33e+00   0.00e+00 (  4.46e+01,  8.77e+01)
90      0.159   3.29e-01   6.43e-01   5.68e-01   2.59e+00   0.00e+00 (  4.03e+01,  8.06e+01)
95      1.890   4.34e+00   5.34e+00   3.66e+00   1.21e+02   0.00e+00 (  1.74e+03,  7.42e+01)
49 e: 2.097e-06 i: 1.035e-05 :: e: 5.702e-03 i: 6.699e-03 :: n: 2.762e+01 e:20.028 i:20.437 v:4.993e+03
 plasma volume = 149.058955
 stored energy(e,i,b) = 5.457904e+01 4.860133e+01 0.000000e+00
 betan = 1.168586
*power
 Pnb(e,i) = 0.000000e+00 0.000000e+00
 Prf(e,i) = 6.381823e+00 1.363163e+01
 Prad     = -3.098406e+01 
 Pei      = -3.547127e+00 
 Pfuse    = 4.357049e+01 
 Pfusi    = 1.307030e+01 
 Poh      = 0.000000e+00 
*confinement time
 taut, tauITER98y2, H98y2 : 2.259251e+00 2.280629e+00 9.906263e-01
 taue, taui : 3.539240e+00 2.924721e+00
 taut, tau89, H89 : 2.259251e+00 1.024694e+00 2.204805e+00
*temperature
 nea, nebar : 1.945411e+01 2.196698e+01 
 tea, tia : 7.069034e+00 6.993008e+00 (1.010872e+00)
 te0, ti0 : 1.772744e+01 1.815706e+01 (9.763386e-01)
 Sn : 0.000000e+00 
*current balance
 Ip,Ibs,Inb,Irf: 1.000000e+01 1.794102e+00 0.000000e+00 8.684563e-02
 fni,fbs: 0.188 0.179

 plasma volume = 149.058955
 stored energy(e,i,b) = 5.457904e+01 4.860133e+01 0.000000e+00
 betan = 1.168586
*power
 Pnb(e,i) = 0.000000e+00 0.000000e+00
 Prf(e,i) = 6.381823e+00 1.363163e+01
 Prad     = -3.098406e+01 
 Pei      = -3.547127e+00 
 Pfuse    = 4.357049e+01 
 Pfusi    = 1.307030e+01 
 Poh      = 0.000000e+00 
*confinement time
 taut, tauITER98y2, H98y2 : 2.259251e+00 2.280629e+00 9.906263e-01
 taue, taui : 3.539240e+00 2.924721e+00
 taut, tau89, H89 : 2.259251e+00 1.024694e+00 2.204805e+00
*temperature
 nea, nebar : 1.945411e+01 2.196698e+01 
 tea, tia : 7.069034e+00 6.993008e+00 (1.010872e+00)
 te0, ti0 : 1.772744e+01 1.815706e+01 (9.763386e-01)
 Sn : 0.000000e+00 
*current balance
 Ip,Ibs,Inb,Irf: 1.000000e+01 1.794102e+00 0.000000e+00 8.684563e-02
 fni,fbs: 0.188 0.179
 ELAPASED TIME = 1774 sec
