========================================================================
= FASTRAN

nonlinear model = 0
ichi = 1
ineo = 0
reading state...
read formatted input, inprof...
init geometry...
read formatted input, inmetric...
nrho in inmetric = 101
rhob in inmetric = 1.259477e+00
solve avg grad-shafranv...
solve_avg_gs::Ip_temp = 9.989072e+00 
solve_avg_gs::Ip      = 1.000000e+01 
>>> tau_he = 5.000000, nhe(0)=2.442454e+00

 plasma volume = 147.335937
 stored energy(e,i,b,a) = 4.170712e+01 3.961425e+01 0.000000e+00 0.000000e+00
 betan = 0.930126
*power
 Pnb(e,i) = 0.000000e+00 0.000000e+00
 Prf(e,i) = 1.089227e+01 2.916132e+01
 Prad     = -1.155526e+01 
 Pei      = -9.523691e-01 
 Pfuse    = 3.856075e+01 
 Pfusi    = 1.235775e+01 
 Poh      = 0.000000e+00 
*confinement time
 taut, tauITER98y2, H98y2 : 1.023982e+00 1.510162e+00 6.780610e-01
 taue, taui : 1.128886e+00 2.976250e+00
 taut, tau89, H89 : 1.023982e+00 7.692167e-01 1.331200e+00
*temperature
 nea, nebar : 1.773354e+01 2.075164e+01 
 tea, tia : 5.431744e+00 5.395549e+00 (1.006708e+00)
 te0, ti0 : 1.830831e+01 1.859624e+01 (9.845166e-01)
 Sn : 0.000000e+00 
*current balance
 Ip,Ibs,Inb,Irf: 1.000000e+01 1.539213e+00 0.000000e+00 2.544527e-01
 fni,fbs: 0.179 0.154

Time advancing...
rho_bdry 0.900000 ...
te_bdry = 0.972258
ti_bdry = 0.972455
ne_bdry = 13.087061
rv_bdry = 279.463030
nrho_tr_bdry = 18
drho_bdry = 0.000000e+00
nrhob = 90
 [    0] t = 0.0000 
>>> tau_he = 5.000000, nhe(0)=2.432835e+00
 5     -0.002   3.78e-03   1.09e-01   2.52e-03  -1.09e-02   0.00e+00 (  7.71e-01,  4.66e+01)
10      0.000   2.92e-03  -2.87e-03  -6.00e-04   1.98e-03   0.00e+00 (  8.98e-01,  9.27e+01)
15      0.003   1.63e-02  -2.74e-02  -9.32e-03   2.72e-02   0.00e+00 (  6.45e+00,  1.31e+02)
20      0.019   5.35e-02  -9.66e-03  -2.36e-03   1.76e-01   0.00e+00 (  2.47e+01,  1.59e+02)
25      0.035   1.20e-01   6.06e-02   2.74e-02   3.70e-01   0.00e+00 (  6.08e+01,  1.82e+02)
30      0.077   2.27e-01   2.38e-01   8.99e-02   8.96e-01   0.00e+00 (  1.20e+02,  1.99e+02)
35      0.082   2.51e-01   2.98e-01   9.07e-02   1.04e+00   0.00e+00 (  1.28e+02,  2.05e+02)
40      0.092   2.89e-01   3.84e-01   1.02e-01   1.24e+00   0.00e+00 (  1.38e+02,  2.04e+02)
45      0.159   3.77e-01   6.12e-01   2.34e-01   2.29e+00   0.00e+00 (  1.65e+02,  1.99e+02)
50      0.223   4.67e-01   8.68e-01   3.69e-01   3.36e+00   0.00e+00 (  1.86e+02,  1.90e+02)
55      0.279   5.51e-01   1.12e+00   5.84e-01   4.39e+00   0.00e+00 (  2.00e+02,  1.78e+02)
60      0.314   6.09e-01   1.30e+00   7.91e-01   5.11e+00   0.00e+00 (  1.99e+02,  1.67e+02)
65      0.319   6.39e-01   1.38e+00   9.57e-01   5.33e+00   0.00e+00 (  1.87e+02,  1.55e+02)
70      0.287   6.23e-01   1.33e+00   1.01e+00   4.91e+00   0.00e+00 (  1.62e+02,  1.44e+02)
75      0.227   5.55e-01   1.15e+00   9.26e-01   3.97e+00   0.00e+00 (  1.28e+02,  1.34e+02)
80      0.159   4.32e-01   8.69e-01   7.29e-01   2.87e+00   0.00e+00 (  8.87e+01,  1.26e+02)
85      0.092   2.96e-01   5.62e-01   4.81e-01   1.87e+00   0.00e+00 (  5.72e+01,  1.19e+02)
90      0.026   1.24e-01   2.18e-01   1.85e-01   7.68e-01   0.00e+00 (  1.90e+01,  1.13e+02)
95      0.006   3.23e-02   4.66e-02   4.12e-02   2.78e-01   0.00e+00 (  2.77e+00,  1.06e+02)
 0 e: 1.495e-06 i: 1.351e-05 :: e: 0.000e+00 i: 0.000e+00 :: n: 2.763e+01 e:18.309 i:18.510 v:4.993e+03
>>> tau_he = 5.000000, nhe(0)=2.421387e+00
 5     -0.002   4.07e-03   1.50e-01   3.11e-03  -8.88e-03   0.00e+00 (  8.22e-01,  4.66e+01)
10     -0.003   9.80e-03   4.63e-02  -3.15e-03  -1.72e-02   0.00e+00 (  3.04e+00,  9.27e+01)
15      0.003   2.19e-02  -2.49e-02  -1.48e-02   2.74e-02   0.00e+00 (  8.74e+00,  1.31e+02)
20      0.019   5.53e-02  -9.51e-03  -1.92e-03   1.81e-01   0.00e+00 (  2.58e+01,  1.59e+02)
25      0.038   1.22e-01   6.94e-02   3.18e-02   3.98e-01   0.00e+00 (  6.25e+01,  1.82e+02)
30      0.075   2.23e-01   2.34e-01   8.77e-02   8.76e-01   0.00e+00 (  1.17e+02,  1.99e+02)
35      0.083   2.51e-01   3.00e-01   9.17e-02   1.05e+00   0.00e+00 (  1.28e+02,  2.05e+02)
40      0.097   2.93e-01   3.97e-01   1.10e-01   1.32e+00   0.00e+00 (  1.41e+02,  2.04e+02)
45      0.164   3.81e-01   6.27e-01   2.39e-01   2.36e+00   0.00e+00 (  1.67e+02,  1.99e+02)
50      0.223   4.67e-01   8.74e-01   3.72e-01   3.36e+00   0.00e+00 (  1.86e+02,  1.90e+02)
55      0.271   5.48e-01   1.11e+00   5.73e-01   4.26e+00   0.00e+00 (  1.98e+02,  1.78e+02)
60      0.310   6.02e-01   1.29e+00   7.90e-01   5.04e+00   0.00e+00 (  1.95e+02,  1.67e+02)
65      0.316   6.36e-01   1.38e+00   9.52e-01   5.28e+00   0.00e+00 (  1.85e+02,  1.55e+02)
70      0.280   6.21e-01   1.32e+00   1.00e+00   4.79e+00   0.00e+00 (  1.60e+02,  1.44e+02)
75      0.225   5.54e-01   1.14e+00   9.20e-01   3.93e+00   0.00e+00 (  1.27e+02,  1.34e+02)
80      0.162   4.35e-01   8.79e-01   7.40e-01   2.93e+00   0.00e+00 (  8.92e+01,  1.26e+02)
85      0.096   3.02e-01   5.71e-01   4.88e-01   1.95e+00   0.00e+00 (  5.92e+01,  1.19e+02)
90      0.026   1.25e-01   2.19e-01   1.86e-01   7.66e-01   0.00e+00 (  1.97e+01,  1.13e+02)
95      0.006   3.23e-02   4.66e-02   4.12e-02   2.78e-01   0.00e+00 (  2.77e+00,  1.06e+02)
 1 e: 5.193e-02 i: 2.471e-01 :: e: 6.672e-03 i: 1.198e-02 :: n: 2.763e+01 e:22.030 i:26.354 v:4.993e+03
>>> tau_he = 5.000000, nhe(0)=3.195518e+00
 5     -0.012   9.42e-03   4.58e-01   6.01e-03  -6.40e-02   0.00e+00 (  3.47e+00,  4.66e+01)
10     -0.052   7.45e-02   1.46e-02  -5.07e-03  -3.52e-01   0.00e+00 (  5.27e+01,  9.27e+01)
15      0.097   3.40e-01   4.09e-01   9.28e-02   7.91e-01   0.00e+00 (  3.06e+02,  1.31e+02)
20      0.459   4.17e-01   5.03e-01   2.70e-01   4.32e+00   0.00e+00 (  3.63e+02,  1.59e+02)
25      0.378   3.72e-01   4.66e-01   2.57e-01   4.00e+00   0.00e+00 (  2.71e+02,  1.82e+02)
30      0.163   2.72e-01   4.16e-01   1.54e-01   1.90e+00   0.00e+00 (  1.61e+02,  1.99e+02)
35      0.169   2.94e-01   5.24e-01   1.72e-01   2.14e+00   0.00e+00 (  1.63e+02,  2.05e+02)
40      0.214   3.73e-01   7.51e-01   2.88e-01   2.90e+00   0.00e+00 (  1.88e+02,  2.04e+02)
45      0.200   4.11e-01   8.94e-01   3.68e-01   2.87e+00   0.00e+00 (  1.72e+02,  1.99e+02)
50      0.177   4.27e-01   9.37e-01   4.18e-01   2.66e+00   0.00e+00 (  1.49e+02,  1.90e+02)
55      0.170   4.50e-01   9.60e-01   4.96e-01   2.67e+00   0.00e+00 (  1.32e+02,  1.78e+02)
60      0.188   4.94e-01   1.05e+00   6.33e-01   3.05e+00   0.00e+00 (  1.26e+02,  1.67e+02)
65      0.206   5.36e-01   1.12e+00   7.63e-01   3.45e+00   0.00e+00 (  1.23e+02,  1.55e+02)
70      0.204   5.65e-01   1.14e+00   8.41e-01   3.49e+00   0.00e+00 (  1.20e+02,  1.44e+02)
75      0.196   5.69e-01   1.14e+00   8.84e-01   3.43e+00   0.00e+00 (  1.18e+02,  1.34e+02)
80      0.182   5.22e-01   1.05e+00   8.54e-01   3.29e+00   0.00e+00 (  1.12e+02,  1.26e+02)
85      0.139   4.01e-01   7.52e-01   6.33e-01   2.81e+00   0.00e+00 (  9.80e+01,  1.19e+02)
90      0.020   1.25e-01   2.16e-01   1.85e-01   5.82e-01   0.00e+00 (  2.44e+01,  1.13e+02)
95      0.006   3.23e-02   4.66e-02   4.12e-02   2.78e-01   0.00e+00 (  2.77e+00,  1.06e+02)
 2 e: 2.628e-02 i: 9.578e-03 :: e: 2.014e-01 i: 2.211e-01 :: n: 2.763e+01 e:24.544 i:27.802 v:4.993e+03
>>> tau_he = 5.000000, nhe(0)=3.293174e+00
 5     -0.025   1.33e-02   4.49e-01   8.84e-03  -1.34e-01   0.00e+00 (  7.48e+00,  4.66e+01)
10     -0.422   1.04e-01   2.31e-02  -3.36e-02  -2.87e+00   0.00e+00 (  1.09e+02,  9.27e+01)
15     -0.046   4.13e-01   5.09e-01   2.31e-01  -3.72e-01   0.00e+00 (  4.81e+02,  1.31e+02)
20      0.380   4.23e-01   5.14e-01   3.73e-01   3.57e+00   0.00e+00 (  4.62e+02,  1.59e+02)
25      0.333   3.39e-01   4.21e-01   3.16e-01   3.52e+00   0.00e+00 (  3.11e+02,  1.82e+02)
30      0.160   2.86e-01   3.96e-01   1.97e-01   1.87e+00   0.00e+00 (  2.07e+02,  1.99e+02)
35      0.140   2.84e-01   4.51e-01   1.69e-01   1.78e+00   0.00e+00 (  1.77e+02,  2.05e+02)
40      0.162   3.20e-01   5.86e-01   2.11e-01   2.20e+00   0.00e+00 (  1.65e+02,  2.04e+02)
45      0.156   3.42e-01   6.73e-01   2.71e-01   2.25e+00   0.00e+00 (  1.36e+02,  1.99e+02)
50      0.143   3.45e-01   6.91e-01   3.03e-01   2.16e+00   0.00e+00 (  1.07e+02,  1.90e+02)
55      0.145   3.57e-01   7.12e-01   3.68e-01   2.28e+00   0.00e+00 (  8.87e+01,  1.78e+02)
60      0.165   3.91e-01   7.87e-01   4.66e-01   2.68e+00   0.00e+00 (  8.15e+01,  1.67e+02)
65      0.189   4.38e-01   8.77e-01   5.87e-01   3.16e+00   0.00e+00 (  8.03e+01,  1.55e+02)
70      0.202   4.82e-01   9.47e-01   6.87e-01   3.45e+00   0.00e+00 (  8.24e+01,  1.44e+02)
75      0.210   5.20e-01   1.02e+00   7.85e-01   3.68e+00   0.00e+00 (  8.95e+01,  1.34e+02)
80      0.206   5.19e-01   1.03e+00   8.37e-01   3.73e+00   0.00e+00 (  9.92e+01,  1.26e+02)
85      0.163   4.27e-01   7.95e-01   6.67e-01   3.31e+00   0.00e+00 (  1.05e+02,  1.19e+02)
90      0.019   1.25e-01   2.14e-01   1.84e-01   5.66e-01   0.00e+00 (  2.56e+01,  1.13e+02)
95      0.006   3.23e-02   4.66e-02   4.12e-02   2.78e-01   0.00e+00 (  2.77e+00,  1.06e+02)
 3 e: 4.824e-03 i: 5.934e-03 :: e: 2.570e-01 i: 2.781e-01 :: n: 2.763e+01 e:23.966 i:27.770 v:4.993e+03
>>> tau_he = 5.000000, nhe(0)=3.291506e+00
 5     -0.027   1.31e-02   4.00e-01   8.46e-03  -1.43e-01   0.00e+00 (  7.55e+00,  4.66e+01)
10     -0.385   1.04e-01   3.20e-02  -3.51e-02  -2.62e+00   0.00e+00 (  1.02e+02,  9.27e+01)
15      0.166   3.91e-01   4.73e-01   1.53e-01   1.35e+00   0.00e+00 (  3.91e+02,  1.31e+02)
20      0.365   4.05e-01   4.92e-01   2.84e-01   3.43e+00   0.00e+00 (  3.93e+02,  1.59e+02)
25      0.348   3.47e-01   4.39e-01   3.11e-01   3.68e+00   0.00e+00 (  3.05e+02,  1.82e+02)
30      0.195   3.01e-01   4.36e-01   2.22e-01   2.27e+00   0.00e+00 (  2.20e+02,  1.99e+02)
35      0.173   3.05e-01   5.14e-01   2.29e-01   2.19e+00   0.00e+00 (  1.94e+02,  2.05e+02)
40      0.186   3.49e-01   6.78e-01   2.50e-01   2.53e+00   0.00e+00 (  1.84e+02,  2.04e+02)
45      0.187   3.73e-01   7.94e-01   3.32e-01   2.69e+00   0.00e+00 (  1.52e+02,  1.99e+02)
50      0.168   3.80e-01   8.27e-01   3.71e-01   2.53e+00   0.00e+00 (  1.21e+02,  1.90e+02)
55      0.164   3.94e-01   8.41e-01   4.38e-01   2.58e+00   0.00e+00 (  1.01e+02,  1.78e+02)
60      0.179   4.23e-01   8.94e-01   5.39e-01   2.91e+00   0.00e+00 (  9.04e+01,  1.67e+02)
65      0.197   4.65e-01   9.65e-01   6.53e-01   3.29e+00   0.00e+00 (  8.72e+01,  1.55e+02)
70      0.204   5.03e-01   1.01e+00   7.41e-01   3.50e+00   0.00e+00 (  8.78e+01,  1.44e+02)
75      0.208   5.36e-01   1.07e+00   8.27e-01   3.63e+00   0.00e+00 (  9.39e+01,  1.34e+02)
80      0.200   5.29e-01   1.07e+00   8.71e-01   3.61e+00   0.00e+00 (  1.03e+02,  1.26e+02)
85      0.154   4.43e-01   8.36e-01   7.01e-01   3.13e+00   0.00e+00 (  1.13e+02,  1.19e+02)
90      0.015   1.25e-01   2.14e-01   1.83e-01   4.32e-01   0.00e+00 (  2.65e+01,  1.13e+02)
95      0.006   3.23e-02   4.66e-02   4.12e-02   2.78e-01   0.00e+00 (  2.77e+00,  1.06e+02)
 4 e: 3.341e-03 i: 4.913e-03 :: e: 2.081e-01 i: 2.182e-01 :: n: 2.763e+01 e:23.177 i:27.129 v:4.993e+03
>>> tau_he = 5.000000, nhe(0)=3.249875e+00
 5     -0.027   1.26e-02   3.70e-01   8.16e-03  -1.43e-01   0.00e+00 (  7.44e+00,  4.66e+01)
10     -0.302   1.08e-01   5.44e-02  -1.79e-02  -2.05e+00   0.00e+00 (  1.02e+02,  9.27e+01)
15      0.106   3.39e-01   4.09e-01   9.58e-02   8.67e-01   0.00e+00 (  3.03e+02,  1.31e+02)
20      0.283   3.63e-01   4.26e-01   1.89e-01   2.66e+00   0.00e+00 (  3.19e+02,  1.59e+02)
25      0.307   3.45e-01   4.19e-01   2.52e-01   3.25e+00   0.00e+00 (  2.90e+02,  1.82e+02)
30      0.178   2.97e-01   4.08e-01   1.82e-01   2.08e+00   0.00e+00 (  2.16e+02,  1.99e+02)
35      0.156   2.94e-01   4.74e-01   2.08e-01   1.97e+00   0.00e+00 (  1.88e+02,  2.05e+02)
40      0.169   3.27e-01   6.02e-01   2.15e-01   2.29e+00   0.00e+00 (  1.72e+02,  2.04e+02)
45      0.167   3.54e-01   7.07e-01   2.86e-01   2.40e+00   0.00e+00 (  1.45e+02,  1.99e+02)
50      0.157   3.62e-01   7.49e-01   3.30e-01   2.37e+00   0.00e+00 (  1.16e+02,  1.90e+02)
55      0.157   3.77e-01   7.75e-01   4.01e-01   2.47e+00   0.00e+00 (  9.69e+01,  1.78e+02)
60      0.172   4.04e-01   8.30e-01   4.99e-01   2.80e+00   0.00e+00 (  8.63e+01,  1.67e+02)
65      0.190   4.41e-01   8.97e-01   6.05e-01   3.18e+00   0.00e+00 (  8.19e+01,  1.55e+02)
70      0.200   4.76e-01   9.48e-01   6.96e-01   3.41e+00   0.00e+00 (  8.12e+01,  1.44e+02)
75      0.204   5.06e-01   9.98e-01   7.70e-01   3.56e+00   0.00e+00 (  8.54e+01,  1.34e+02)
80      0.198   5.00e-01   9.99e-01   8.11e-01   3.58e+00   0.00e+00 (  9.23e+01,  1.26e+02)
85      0.157   4.20e-01   7.85e-01   6.59e-01   3.18e+00   0.00e+00 (  1.00e+02,  1.19e+02)
90      0.019   1.25e-01   2.14e-01   1.84e-01   5.55e-01   0.00e+00 (  2.55e+01,  1.13e+02)
95      0.006   3.23e-02   4.66e-02   4.12e-02   2.78e-01   0.00e+00 (  2.77e+00,  1.06e+02)
 5 e: 1.880e-03 i: 3.041e-03 :: e: 1.923e-01 i: 2.034e-01 :: n: 2.763e+01 e:22.756 i:26.194 v:4.993e+03
>>> tau_he = 5.000000, nhe(0)=3.185084e+00
 5     -0.025   1.18e-02   3.40e-01   7.92e-03  -1.35e-01   0.00e+00 (  6.94e+00,  4.66e+01)
10     -0.253   1.06e-01   6.39e-02  -1.60e-02  -1.72e+00   0.00e+00 (  9.50e+01,  9.27e+01)
15      0.121   3.14e-01   3.70e-01   6.90e-02   9.88e-01   0.00e+00 (  2.56e+02,  1.31e+02)
20      0.219   3.25e-01   3.82e-01   1.50e-01   2.06e+00   0.00e+00 (  2.62e+02,  1.59e+02)
25      0.312   3.32e-01   4.06e-01   2.21e-01   3.30e+00   0.00e+00 (  2.63e+02,  1.82e+02)
30      0.181   3.00e-01   4.21e-01   1.79e-01   2.11e+00   0.00e+00 (  2.13e+02,  1.99e+02)
35      0.163   3.02e-01   5.00e-01   2.16e-01   2.07e+00   0.00e+00 (  1.91e+02,  2.05e+02)
40      0.178   3.39e-01   6.45e-01   2.30e-01   2.42e+00   0.00e+00 (  1.79e+02,  2.04e+02)
45      0.180   3.74e-01   7.71e-01   3.16e-01   2.59e+00   0.00e+00 (  1.56e+02,  1.99e+02)
50      0.173   3.88e-01   8.34e-01   3.75e-01   2.60e+00   0.00e+00 (  1.28e+02,  1.90e+02)
55      0.174   4.07e-01   8.74e-01   4.62e-01   2.74e+00   0.00e+00 (  1.09e+02,  1.78e+02)
60      0.187   4.36e-01   9.29e-01   5.64e-01   3.05e+00   0.00e+00 (  9.72e+01,  1.67e+02)
65      0.202   4.72e-01   9.88e-01   6.74e-01   3.38e+00   0.00e+00 (  9.13e+01,  1.55e+02)
70      0.208   5.03e-01   1.03e+00   7.59e-01   3.55e+00   0.00e+00 (  8.90e+01,  1.44e+02)
75      0.206   5.24e-01   1.05e+00   8.15e-01   3.60e+00   0.00e+00 (  9.12e+01,  1.34e+02)
80      0.193   5.07e-01   1.03e+00   8.34e-01   3.50e+00   0.00e+00 (  9.54e+01,  1.26e+02)
85      0.147   4.25e-01   8.00e-01   6.72e-01   2.99e+00   0.00e+00 (  1.03e+02,  1.19e+02)
90      0.016   1.25e-01   2.14e-01   1.84e-01   4.73e-01   0.00e+00 (  2.58e+01,  1.13e+02)
95      0.006   3.23e-02   4.66e-02   4.12e-02   2.78e-01   0.00e+00 (  2.77e+00,  1.06e+02)
 6 e: 1.623e-03 i: 1.611e-03 :: e: 1.434e-01 i: 1.477e-01 :: n: 2.763e+01 e:21.994 i:25.576 v:4.993e+03
>>> tau_he = 5.000000, nhe(0)=3.139517e+00
 5     -0.024   1.11e-02   3.23e-01   7.71e-03  -1.29e-01   0.00e+00 (  6.48e+00,  4.66e+01)
10     -0.217   9.76e-02   5.58e-02  -1.43e-02  -1.48e+00   0.00e+00 (  8.25e+01,  9.27e+01)
15      0.004   2.60e-01   3.41e-01   4.16e-02   3.32e-02   0.00e+00 (  1.95e+02,  1.31e+02)
20      0.215   2.86e-01   3.28e-01   1.23e-01   2.02e+00   0.00e+00 (  2.15e+02,  1.59e+02)
25      0.261   3.14e-01   3.64e-01   1.69e-01   2.76e+00   0.00e+00 (  2.34e+02,  1.82e+02)
30      0.158   2.83e-01   3.94e-01   1.88e-01   1.85e+00   0.00e+00 (  1.94e+02,  1.99e+02)
35      0.144   2.88e-01   4.59e-01   1.69e-01   1.82e+00   0.00e+00 (  1.77e+02,  2.05e+02)
40      0.162   3.24e-01   5.94e-01   2.13e-01   2.19e+00   0.00e+00 (  1.67e+02,  2.04e+02)
45      0.167   3.57e-01   7.10e-01   2.86e-01   2.40e+00   0.00e+00 (  1.47e+02,  1.99e+02)
50      0.165   3.74e-01   7.78e-01   3.45e-01   2.48e+00   0.00e+00 (  1.23e+02,  1.90e+02)
55      0.170   3.96e-01   8.29e-01   4.35e-01   2.66e+00   0.00e+00 (  1.06e+02,  1.78e+02)
60      0.184   4.25e-01   8.88e-01   5.36e-01   2.98e+00   0.00e+00 (  9.49e+01,  1.67e+02)
65      0.199   4.59e-01   9.49e-01   6.46e-01   3.32e+00   0.00e+00 (  8.90e+01,  1.55e+02)
70      0.205   4.87e-01   9.84e-01   7.26e-01   3.50e+00   0.00e+00 (  8.58e+01,  1.44e+02)
75      0.203   5.06e-01   1.01e+00   7.81e-01   3.55e+00   0.00e+00 (  8.67e+01,  1.34e+02)
80      0.191   4.87e-01   9.78e-01   7.96e-01   3.47e+00   0.00e+00 (  8.91e+01,  1.26e+02)
85      0.148   4.08e-01   7.63e-01   6.42e-01   3.01e+00   0.00e+00 (  9.47e+01,  1.19e+02)
90      0.019   1.25e-01   2.15e-01   1.85e-01   5.62e-01   0.00e+00 (  2.51e+01,  1.13e+02)
95      0.006   3.23e-02   4.66e-02   4.12e-02   2.78e-01   0.00e+00 (  2.77e+00,  1.06e+02)
 7 e: 5.178e-04 i: 1.141e-03 :: e: 1.219e-01 i: 1.297e-01 :: n: 2.763e+01 e:21.766 i:24.858 v:4.993e+03
>>> tau_he = 5.000000, nhe(0)=3.083674e+00
 5     -0.023   1.05e-02   3.05e-01   7.57e-03  -1.23e-01   0.00e+00 (  6.11e+00,  4.66e+01)
10     -0.195   9.28e-02   5.33e-02  -1.50e-02  -1.33e+00   0.00e+00 (  7.58e+01,  9.27e+01)
15      0.010   2.43e-01   3.21e-01   3.66e-02   8.50e-02   0.00e+00 (  1.75e+02,  1.31e+02)
20      0.207   2.75e-01   3.12e-01   1.07e-01   1.95e+00   0.00e+00 (  1.98e+02,  1.59e+02)
25      0.242   2.96e-01   3.51e-01   1.52e-01   2.56e+00   0.00e+00 (  2.13e+02,  1.82e+02)
30      0.152   2.76e-01   4.00e-01   1.73e-01   1.77e+00   0.00e+00 (  1.86e+02,  1.99e+02)
35      0.146   2.91e-01   4.75e-01   1.69e-01   1.85e+00   0.00e+00 (  1.77e+02,  2.05e+02)
40      0.166   3.30e-01   6.20e-01   2.25e-01   2.25e+00   0.00e+00 (  1.69e+02,  2.04e+02)
45      0.173   3.67e-01   7.48e-01   3.04e-01   2.49e+00   0.00e+00 (  1.51e+02,  1.99e+02)
50      0.173   3.89e-01   8.29e-01   3.72e-01   2.61e+00   0.00e+00 (  1.30e+02,  1.90e+02)
55      0.179   4.15e-01   8.90e-01   4.72e-01   2.81e+00   0.00e+00 (  1.13e+02,  1.78e+02)
60      0.192   4.45e-01   9.51e-01   5.79e-01   3.13e+00   0.00e+00 (  1.02e+02,  1.67e+02)
65      0.206   4.78e-01   1.01e+00   6.90e-01   3.44e+00   0.00e+00 (  9.51e+01,  1.55e+02)
70      0.209   5.04e-01   1.03e+00   7.67e-01   3.58e+00   0.00e+00 (  9.10e+01,  1.44e+02)
75      0.204   5.17e-01   1.04e+00   8.10e-01   3.57e+00   0.00e+00 (  9.04e+01,  1.34e+02)
80      0.188   4.91e-01   9.94e-01   8.10e-01   3.40e+00   0.00e+00 (  9.09e+01,  1.26e+02)
85      0.142   4.09e-01   7.72e-01   6.50e-01   2.88e+00   0.00e+00 (  9.59e+01,  1.19e+02)
90      0.017   1.25e-01   2.15e-01   1.85e-01   5.08e-01   0.00e+00 (  2.53e+01,  1.13e+02)
95      0.006   3.23e-02   4.66e-02   4.12e-02   2.78e-01   0.00e+00 (  2.77e+00,  1.06e+02)
 8 e: 6.868e-04 i: 4.924e-04 :: e: 9.021e-02 i: 9.557e-02 :: n: 2.763e+01 e:21.236 i:24.491 v:4.993e+03
>>> tau_he = 5.000000, nhe(0)=3.053912e+00
 5     -0.022   9.96e-03   2.95e-01   7.31e-03  -1.18e-01   0.00e+00 (  5.76e+00,  4.66e+01)
10     -0.090   8.10e-02   3.75e-02  -2.06e-02  -6.10e-01   0.00e+00 (  6.38e+01,  9.27e+01)
15     -0.032   1.18e-01   9.14e-02  -2.58e-02  -2.59e-01   0.00e+00 (  8.10e+01,  1.31e+02)
20      0.117   2.37e-01   2.95e-01   9.15e-02   1.10e+00   0.00e+00 (  1.63e+02,  1.59e+02)
25      0.152   2.59e-01   3.40e-01   1.52e-01   1.61e+00   0.00e+00 (  1.79e+02,  1.82e+02)
30      0.136   2.65e-01   3.77e-01   1.53e-01   1.59e+00   0.00e+00 (  1.73e+02,  1.99e+02)
35      0.136   2.82e-01   4.52e-01   1.68e-01   1.72e+00   0.00e+00 (  1.67e+02,  2.05e+02)
40      0.153   3.17e-01   5.79e-01   2.11e-01   2.07e+00   0.00e+00 (  1.59e+02,  2.04e+02)
45      0.163   3.53e-01   7.01e-01   2.83e-01   2.34e+00   0.00e+00 (  1.43e+02,  1.99e+02)
50      0.166   3.76e-01   7.85e-01   3.48e-01   2.51e+00   0.00e+00 (  1.24e+02,  1.90e+02)
55      0.175   4.04e-01   8.53e-01   4.50e-01   2.75e+00   0.00e+00 (  1.10e+02,  1.78e+02)
60      0.189   4.34e-01   9.17e-01   5.57e-01   3.07e+00   0.00e+00 (  9.91e+01,  1.67e+02)
65      0.202   4.67e-01   9.74e-01   6.67e-01   3.38e+00   0.00e+00 (  9.24e+01,  1.55e+02)
70      0.206   4.89e-01   9.99e-01   7.38e-01   3.53e+00   0.00e+00 (  8.77e+01,  1.44e+02)
75      0.202   5.03e-01   1.01e+00   7.84e-01   3.53e+00   0.00e+00 (  8.67e+01,  1.34e+02)
80      0.187   4.77e-01   9.59e-01   7.82e-01   3.38e+00   0.00e+00 (  8.63e+01,  1.26e+02)
85      0.142   3.98e-01   7.46e-01   6.28e-01   2.88e+00   0.00e+00 (  9.03e+01,  1.19e+02)
90      0.019   1.25e-01   2.16e-01   1.85e-01   5.70e-01   0.00e+00 (  2.48e+01,  1.13e+02)
95      0.006   3.23e-02   4.66e-02   4.12e-02   2.78e-01   0.00e+00 (  2.77e+00,  1.06e+02)
 9 e: 1.186e-04 i: 7.875e-04 :: e: 7.630e-02 i: 9.025e-02 :: n: 2.763e+01 e:21.206 i:24.164 v:4.993e+03
>>> tau_he = 5.000000, nhe(0)=3.026628e+00
 5     -0.021   9.67e-03   2.88e-01   7.25e-03  -1.14e-01   0.00e+00 (  5.59e+00,  4.66e+01)
10     -0.088   8.00e-02   3.78e-02  -2.10e-02  -6.01e-01   0.00e+00 (  6.24e+01,  9.27e+01)
15      0.017   2.33e-01   3.02e-01   3.52e-02   1.37e-01   0.00e+00 (  1.61e+02,  1.31e+02)
20      0.114   2.26e-01   2.93e-01   9.35e-02   1.07e+00   0.00e+00 (  1.54e+02,  1.59e+02)
25      0.149   2.58e-01   3.39e-01   1.57e-01   1.58e+00   0.00e+00 (  1.75e+02,  1.82e+02)
30      0.136   2.63e-01   3.82e-01   1.52e-01   1.58e+00   0.00e+00 (  1.70e+02,  1.99e+02)
35      0.137   2.83e-01   4.63e-01   1.70e-01   1.74e+00   0.00e+00 (  1.66e+02,  2.05e+02)
40      0.155   3.20e-01   5.98e-01   2.21e-01   2.10e+00   0.00e+00 (  1.60e+02,  2.04e+02)
45      0.167   3.60e-01   7.28e-01   2.95e-01   2.40e+00   0.00e+00 (  1.45e+02,  1.99e+02)
50      0.171   3.85e-01   8.19e-01   3.67e-01   2.59e+00   0.00e+00 (  1.28e+02,  1.90e+02)
55      0.181   4.15e-01   8.93e-01   4.75e-01   2.84e+00   0.00e+00 (  1.14e+02,  1.78e+02)
60      0.194   4.46e-01   9.57e-01   5.85e-01   3.15e+00   0.00e+00 (  1.03e+02,  1.67e+02)
65      0.206   4.78e-01   1.01e+00   6.94e-01   3.44e+00   0.00e+00 (  9.61e+01,  1.55e+02)
70      0.208   4.99e-01   1.03e+00   7.63e-01   3.57e+00   0.00e+00 (  9.07e+01,  1.44e+02)
75      0.202   5.08e-01   1.02e+00   7.99e-01   3.52e+00   0.00e+00 (  8.85e+01,  1.34e+02)
80      0.183   4.78e-01   9.67e-01   7.89e-01   3.32e+00   0.00e+00 (  8.70e+01,  1.26e+02)
85      0.137   3.97e-01   7.49e-01   6.32e-01   2.78e+00   0.00e+00 (  9.05e+01,  1.19e+02)
90      0.018   1.25e-01   2.16e-01   1.85e-01   5.34e-01   0.00e+00 (  2.48e+01,  1.13e+02)
95      0.006   3.23e-02   4.66e-02   4.12e-02   2.78e-01   0.00e+00 (  2.77e+00,  1.06e+02)
10 e: 3.005e-04 i: 1.599e-04 :: e: 5.982e-02 i: 6.819e-02 :: n: 2.763e+01 e:20.871 i:23.996 v:4.993e+03
>>> tau_he = 5.000000, nhe(0)=3.012374e+00
 5     -0.021   9.46e-03   2.83e-01   7.11e-03  -1.14e-01   0.00e+00 (  5.44e+00,  4.66e+01)
10     -0.082   7.76e-02   3.62e-02  -2.02e-02  -5.60e-01   0.00e+00 (  5.94e+01,  9.27e+01)
15     -0.029   1.16e-01   9.16e-02  -2.43e-02  -2.35e-01   0.00e+00 (  7.82e+01,  1.31e+02)
20      0.109   2.16e-01   2.77e-01   8.88e-02   1.03e+00   0.00e+00 (  1.44e+02,  1.59e+02)
25      0.136   2.46e-01   3.25e-01   1.45e-01   1.44e+00   0.00e+00 (  1.64e+02,  1.82e+02)
30      0.128   2.56e-01   3.69e-01   1.47e-01   1.49e+00   0.00e+00 (  1.62e+02,  1.99e+02)
35      0.126   2.73e-01   4.38e-01   1.51e-01   1.60e+00   0.00e+00 (  1.58e+02,  2.05e+02)
40      0.145   3.09e-01   5.64e-01   1.75e-01   1.97e+00   0.00e+00 (  1.51e+02,  2.04e+02)
45      0.160   3.49e-01   6.93e-01   2.80e-01   2.30e+00   0.00e+00 (  1.39e+02,  1.99e+02)
50      0.167   3.75e-01   7.85e-01   3.49e-01   2.51e+00   0.00e+00 (  1.23e+02,  1.90e+02)
55      0.177   4.06e-01   8.62e-01   4.58e-01   2.79e+00   0.00e+00 (  1.10e+02,  1.78e+02)
60      0.191   4.37e-01   9.29e-01   5.67e-01   3.11e+00   0.00e+00 (  1.00e+02,  1.67e+02)
65      0.203   4.68e-01   9.81e-01   6.75e-01   3.40e+00   0.00e+00 (  9.34e+01,  1.55e+02)
70      0.206   4.88e-01   1.00e+00   7.44e-01   3.53e+00   0.00e+00 (  8.80e+01,  1.44e+02)
75      0.201   4.95e-01   9.98e-01   7.83e-01   3.51e+00   0.00e+00 (  8.52e+01,  1.34e+02)
80      0.182   4.66e-01   9.39e-01   7.67e-01   3.30e+00   0.00e+00 (  8.33e+01,  1.26e+02)
85      0.136   3.88e-01   7.29e-01   6.15e-01   2.77e+00   0.00e+00 (  8.62e+01,  1.19e+02)
90      0.020   1.25e-01   2.16e-01   1.85e-01   5.81e-01   0.00e+00 (  2.44e+01,  1.13e+02)
95      0.006   3.23e-02   4.66e-02   4.12e-02   2.78e-01   0.00e+00 (  2.77e+00,  1.06e+02)
11 e: 5.137e-05 i: 4.448e-04 :: e: 6.015e-02 i: 6.665e-02 :: n: 2.763e+01 e:20.902 i:23.789 v:4.993e+03
>>> tau_he = 5.000000, nhe(0)=2.994487e+00
 5     -0.021   9.32e-03   2.79e-01   7.10e-03  -1.11e-01   0.00e+00 (  5.36e+00,  4.66e+01)
10     -0.081   7.70e-02   3.64e-02  -2.05e-02  -5.50e-01   0.00e+00 (  5.87e+01,  9.27e+01)
15      0.026   2.29e-01   2.96e-01   3.44e-02   2.13e-01   0.00e+00 (  1.56e+02,  1.31e+02)
20      0.110   2.14e-01   2.78e-01   8.97e-02   1.03e+00   0.00e+00 (  1.42e+02,  1.59e+02)
25      0.134   2.44e-01   3.26e-01   1.44e-01   1.42e+00   0.00e+00 (  1.61e+02,  1.82e+02)
30      0.127   2.55e-01   3.74e-01   1.53e-01   1.49e+00   0.00e+00 (  1.61e+02,  1.99e+02)
35      0.127   2.75e-01   4.48e-01   1.53e-01   1.61e+00   0.00e+00 (  1.58e+02,  2.05e+02)
40      0.147   3.12e-01   5.80e-01   1.84e-01   2.00e+00   0.00e+00 (  1.52e+02,  2.04e+02)
45      0.163   3.54e-01   7.14e-01   2.90e-01   2.34e+00   0.00e+00 (  1.41e+02,  1.99e+02)
50      0.170   3.82e-01   8.11e-01   3.63e-01   2.57e+00   0.00e+00 (  1.26e+02,  1.90e+02)
55      0.181   4.14e-01   8.92e-01   4.76e-01   2.85e+00   0.00e+00 (  1.13e+02,  1.78e+02)
60      0.194   4.45e-01   9.57e-01   5.87e-01   3.16e+00   0.00e+00 (  1.03e+02,  1.67e+02)
65      0.206   4.73e-01   1.01e+00   6.99e-01   3.45e+00   0.00e+00 (  9.53e+01,  1.55e+02)
70      0.207   4.94e-01   1.02e+00   7.61e-01   3.54e+00   0.00e+00 (  8.99e+01,  1.44e+02)
75      0.200   4.98e-01   1.01e+00   7.93e-01   3.49e+00   0.00e+00 (  8.63e+01,  1.34e+02)
80      0.179   4.66e-01   9.43e-01   7.71e-01   3.24e+00   0.00e+00 (  8.36e+01,  1.26e+02)
85      0.132   3.87e-01   7.30e-01   6.16e-01   2.69e+00   0.00e+00 (  8.61e+01,  1.19e+02)
90      0.020   1.25e-01   2.16e-01   1.85e-01   5.81e-01   0.00e+00 (  2.45e+01,  1.13e+02)
95      0.006   3.23e-02   4.66e-02   4.12e-02   2.78e-01   0.00e+00 (  2.77e+00,  1.06e+02)
12 e: 1.772e-04 i: 8.848e-05 :: e: 4.743e-02 i: 5.069e-02 :: n: 2.763e+01 e:20.660 i:23.687 v:4.993e+03
>>> tau_he = 5.000000, nhe(0)=2.985580e+00
 5     -0.021   9.19e-03   2.75e-01   7.00e-03  -1.11e-01   0.00e+00 (  5.27e+00,  4.66e+01)
10     -0.077   7.54e-02   3.53e-02  -1.99e-02  -5.21e-01   0.00e+00 (  5.67e+01,  9.27e+01)
15      0.020   2.20e-01   2.82e-01   2.92e-02   1.67e-01   0.00e+00 (  1.47e+02,  1.31e+02)
20      0.097   2.07e-01   2.68e-01   8.55e-02   9.15e-01   0.00e+00 (  1.36e+02,  1.59e+02)
25      0.128   2.38e-01   3.15e-01   1.37e-01   1.35e+00   0.00e+00 (  1.56e+02,  1.82e+02)
30      0.123   2.50e-01   3.64e-01   1.45e-01   1.43e+00   0.00e+00 (  1.56e+02,  1.99e+02)
35      0.120   2.74e-01   4.28e-01   1.53e-01   1.53e+00   0.00e+00 (  1.56e+02,  2.05e+02)
40      0.141   3.04e-01   5.57e-01   1.77e-01   1.92e+00   0.00e+00 (  1.46e+02,  2.04e+02)
45      0.158   3.45e-01   6.88e-01   2.78e-01   2.27e+00   0.00e+00 (  1.36e+02,  1.99e+02)
50      0.167   3.74e-01   7.85e-01   3.50e-01   2.51e+00   0.00e+00 (  1.22e+02,  1.90e+02)
55      0.179   4.06e-01   8.68e-01   4.62e-01   2.81e+00   0.00e+00 (  1.11e+02,  1.78e+02)
60      0.192   4.37e-01   9.34e-01   5.72e-01   3.12e+00   0.00e+00 (  1.01e+02,  1.67e+02)
65      0.204   4.64e-01   9.84e-01   6.82e-01   3.40e+00   0.00e+00 (  9.30e+01,  1.55e+02)
70      0.206   4.84e-01   1.00e+00   7.50e-01   3.53e+00   0.00e+00 (  8.74e+01,  1.44e+02)
75      0.199   4.88e-01   9.89e-01   7.81e-01   3.47e+00   0.00e+00 (  8.36e+01,  1.34e+02)
80      0.178   4.57e-01   9.22e-01   7.54e-01   3.23e+00   0.00e+00 (  8.08e+01,  1.26e+02)
85      0.132   3.80e-01   7.14e-01   6.03e-01   2.68e+00   0.00e+00 (  8.28e+01,  1.19e+02)
90      0.021   1.25e-01   2.17e-01   1.86e-01   6.18e-01   0.00e+00 (  2.41e+01,  1.13e+02)
95      0.006   3.23e-02   4.66e-02   4.12e-02   2.78e-01   0.00e+00 (  2.77e+00,  1.06e+02)
13 e: 3.231e-05 i: 1.307e-04 :: e: 5.107e-02 i: 4.902e-02 :: n: 2.763e+01 e:20.650 i:23.464 v:4.993e+03
>>> tau_he = 5.000000, nhe(0)=2.965848e+00
 5     -0.020   9.04e-03   2.70e-01   6.98e-03  -1.09e-01   0.00e+00 (  5.19e+00,  4.66e+01)
10     -0.073   7.53e-02   3.64e-02  -2.43e-02  -4.94e-01   0.00e+00 (  5.62e+01,  9.27e+01)
15      0.025   2.18e-01   2.79e-01   3.02e-02   2.07e-01   0.00e+00 (  1.44e+02,  1.31e+02)
20      0.098   2.05e-01   2.68e-01   8.74e-02   9.20e-01   0.00e+00 (  1.34e+02,  1.59e+02)
25      0.127   2.38e-01   3.17e-01   1.40e-01   1.35e+00   0.00e+00 (  1.55e+02,  1.82e+02)
30      0.124   2.51e-01   3.68e-01   1.47e-01   1.44e+00   0.00e+00 (  1.57e+02,  1.99e+02)
35      0.122   2.75e-01   4.36e-01   1.55e-01   1.55e+00   0.00e+00 (  1.56e+02,  2.05e+02)
40      0.144   3.07e-01   5.70e-01   1.84e-01   1.95e+00   0.00e+00 (  1.48e+02,  2.04e+02)
45      0.161   3.50e-01   7.06e-01   2.86e-01   2.31e+00   0.00e+00 (  1.38e+02,  1.99e+02)
50      0.170   3.79e-01   8.06e-01   3.61e-01   2.56e+00   0.00e+00 (  1.25e+02,  1.90e+02)
55      0.182   4.13e-01   8.91e-01   4.76e-01   2.86e+00   0.00e+00 (  1.13e+02,  1.78e+02)
60      0.194   4.44e-01   9.56e-01   5.88e-01   3.16e+00   0.00e+00 (  1.03e+02,  1.67e+02)
65      0.205   4.70e-01   1.00e+00   6.97e-01   3.43e+00   0.00e+00 (  9.49e+01,  1.55e+02)
70      0.207   4.88e-01   1.02e+00   7.60e-01   3.54e+00   0.00e+00 (  8.87e+01,  1.44e+02)
75      0.198   4.90e-01   9.98e-01   7.89e-01   3.46e+00   0.00e+00 (  8.45e+01,  1.34e+02)
80      0.176   4.57e-01   9.24e-01   7.57e-01   3.19e+00   0.00e+00 (  8.10e+01,  1.26e+02)
85      0.129   3.79e-01   7.14e-01   6.04e-01   2.62e+00   0.00e+00 (  8.26e+01,  1.19e+02)
90      0.020   1.25e-01   2.17e-01   1.86e-01   5.99e-01   0.00e+00 (  2.41e+01,  1.13e+02)
95      0.006   3.23e-02   4.66e-02   4.12e-02   2.78e-01   0.00e+00 (  2.77e+00,  1.06e+02)
14 e: 1.038e-04 i: 5.256e-05 :: e: 4.083e-02 i: 3.804e-02 :: n: 2.763e+01 e:20.465 i:23.379 v:4.993e+03
>>> tau_he = 5.000000, nhe(0)=2.958172e+00
 5     -0.020   8.89e-03   2.67e-01   6.89e-03  -1.08e-01   0.00e+00 (  5.08e+00,  4.66e+01)
10     -0.069   7.39e-02   3.52e-02  -2.37e-02  -4.69e-01   0.00e+00 (  5.44e+01,  9.27e+01)
15     -0.019   1.10e-01   8.84e-02  -2.20e-02  -1.54e-01   0.00e+00 (  7.13e+01,  1.31e+02)
20      0.047   1.19e-01   1.25e-01  -2.11e-03   4.41e-01   0.00e+00 (  7.73e+01,  1.59e+02)
25      0.123   2.33e-01   3.09e-01   1.34e-01   1.30e+00   0.00e+00 (  1.51e+02,  1.82e+02)
30      0.120   2.47e-01   3.59e-01   1.39e-01   1.40e+00   0.00e+00 (  1.53e+02,  1.99e+02)
35      0.121   2.67e-01   4.22e-01   1.45e-01   1.53e+00   0.00e+00 (  1.50e+02,  2.05e+02)
40      0.139   3.01e-01   5.53e-01   1.79e-01   1.89e+00   0.00e+00 (  1.44e+02,  2.04e+02)
45      0.157   3.44e-01   6.86e-01   2.77e-01   2.25e+00   0.00e+00 (  1.35e+02,  1.99e+02)
50      0.167   3.74e-01   7.87e-01   3.51e-01   2.52e+00   0.00e+00 (  1.22e+02,  1.90e+02)
55      0.180   4.07e-01   8.72e-01   4.66e-01   2.82e+00   0.00e+00 (  1.11e+02,  1.78e+02)
60      0.192   4.38e-01   9.38e-01   5.76e-01   3.13e+00   0.00e+00 (  1.01e+02,  1.67e+02)
65      0.203   4.64e-01   9.85e-01   6.85e-01   3.40e+00   0.00e+00 (  9.32e+01,  1.55e+02)
70      0.205   4.81e-01   1.00e+00   7.48e-01   3.51e+00   0.00e+00 (  8.70e+01,  1.44e+02)
75      0.197   4.83e-01   9.82e-01   7.76e-01   3.44e+00   0.00e+00 (  8.26e+01,  1.34e+02)
80      0.175   4.50e-01   9.08e-01   7.44e-01   3.17e+00   0.00e+00 (  7.89e+01,  1.26e+02)
85      0.129   3.73e-01   7.02e-01   5.94e-01   2.62e+00   0.00e+00 (  8.02e+01,  1.19e+02)
90      0.021   1.25e-01   2.17e-01   1.86e-01   6.27e-01   0.00e+00 (  2.39e+01,  1.13e+02)
95      0.006   3.23e-02   4.66e-02   4.12e-02   2.78e-01   0.00e+00 (  2.77e+00,  1.06e+02)
15 e: 8.616e-05 i: 3.418e-04 :: e: 6.276e-02 i: 5.257e-02 :: n: 2.763e+01 e:20.553 i:23.355 v:4.993e+03
>>> tau_he = 5.000000, nhe(0)=2.956070e+00
 5     -0.020   8.86e-03   2.67e-01   6.90e-03  -1.07e-01   0.00e+00 (  5.05e+00,  4.66e+01)
10     -0.069   7.44e-02   3.48e-02  -2.36e-02  -4.67e-01   0.00e+00 (  5.47e+01,  9.27e+01)
15      0.031   2.21e-01   2.81e-01   3.36e-02   2.55e-01   0.00e+00 (  1.46e+02,  1.31e+02)
20      0.102   2.05e-01   2.71e-01   8.60e-02   9.60e-01   0.00e+00 (  1.36e+02,  1.59e+02)
25      0.123   2.33e-01   3.12e-01   1.37e-01   1.30e+00   0.00e+00 (  1.51e+02,  1.82e+02)
30      0.120   2.47e-01   3.63e-01   1.40e-01   1.40e+00   0.00e+00 (  1.53e+02,  1.99e+02)
35      0.122   2.67e-01   4.29e-01   1.46e-01   1.54e+00   0.00e+00 (  1.50e+02,  2.05e+02)
40      0.141   3.04e-01   5.64e-01   1.84e-01   1.91e+00   0.00e+00 (  1.45e+02,  2.04e+02)
45      0.158   3.47e-01   6.99e-01   2.84e-01   2.28e+00   0.00e+00 (  1.36e+02,  1.99e+02)
50      0.169   3.78e-01   8.03e-01   3.60e-01   2.55e+00   0.00e+00 (  1.24e+02,  1.90e+02)
55      0.182   4.11e-01   8.89e-01   4.74e-01   2.86e+00   0.00e+00 (  1.13e+02,  1.78e+02)
60      0.194   4.42e-01   9.54e-01   5.88e-01   3.15e+00   0.00e+00 (  1.03e+02,  1.67e+02)
65      0.204   4.67e-01   9.99e-01   6.94e-01   3.41e+00   0.00e+00 (  9.45e+01,  1.55e+02)
70      0.206   4.85e-01   1.01e+00   7.58e-01   3.52e+00   0.00e+00 (  8.82e+01,  1.44e+02)
75      0.196   4.85e-01   9.88e-01   7.83e-01   3.43e+00   0.00e+00 (  8.33e+01,  1.34e+02)
80      0.174   4.50e-01   9.10e-01   7.46e-01   3.14e+00   0.00e+00 (  7.91e+01,  1.26e+02)
85      0.126   3.73e-01   7.03e-01   5.94e-01   2.57e+00   0.00e+00 (  8.01e+01,  1.19e+02)
90      0.021   1.25e-01   2.17e-01   1.86e-01   6.12e-01   0.00e+00 (  2.39e+01,  1.13e+02)
95      0.006   3.23e-02   4.66e-02   4.12e-02   2.78e-01   0.00e+00 (  2.77e+00,  1.06e+02)
16 e: 5.260e-05 i: 4.087e-05 :: e: 3.874e-02 i: 3.302e-02 :: n: 2.763e+01 e:20.446 i:23.325 v:4.993e+03
>>> tau_he = 5.000000, nhe(0)=2.953373e+00
 5     -0.020   8.85e-03   2.66e-01   6.88e-03  -1.07e-01   0.00e+00 (  5.06e+00,  4.66e+01)
10     -0.067   7.38e-02   3.46e-02  -2.35e-02  -4.58e-01   0.00e+00 (  5.40e+01,  9.27e+01)
15      0.027   2.14e-01   2.74e-01   2.89e-02   2.20e-01   0.00e+00 (  1.40e+02,  1.31e+02)
20      0.096   2.03e-01   2.65e-01   8.76e-02   9.04e-01   0.00e+00 (  1.33e+02,  1.59e+02)
25      0.120   2.30e-01   3.06e-01   1.33e-01   1.27e+00   0.00e+00 (  1.49e+02,  1.82e+02)
30      0.117   2.45e-01   3.57e-01   1.36e-01   1.37e+00   0.00e+00 (  1.51e+02,  1.99e+02)
35      0.120   2.65e-01   4.20e-01   1.43e-01   1.52e+00   0.00e+00 (  1.48e+02,  2.05e+02)
40      0.137   2.99e-01   5.50e-01   1.80e-01   1.86e+00   0.00e+00 (  1.42e+02,  2.04e+02)
45      0.156   3.42e-01   6.83e-01   2.76e-01   2.24e+00   0.00e+00 (  1.34e+02,  1.99e+02)
50      0.167   3.73e-01   7.86e-01   3.51e-01   2.52e+00   0.00e+00 (  1.21e+02,  1.90e+02)
55      0.180   4.07e-01   8.74e-01   4.65e-01   2.83e+00   0.00e+00 (  1.11e+02,  1.78e+02)
60      0.193   4.37e-01   9.40e-01   5.78e-01   3.13e+00   0.00e+00 (  1.01e+02,  1.67e+02)
65      0.203   4.62e-01   9.84e-01   6.84e-01   3.39e+00   0.00e+00 (  9.31e+01,  1.55e+02)
70      0.205   4.80e-01   9.98e-01   7.49e-01   3.50e+00   0.00e+00 (  8.69e+01,  1.44e+02)
75      0.195   4.80e-01   9.76e-01   7.73e-01   3.41e+00   0.00e+00 (  8.20e+01,  1.34e+02)
80      0.173   4.45e-01   8.99e-01   7.37e-01   3.14e+00   0.00e+00 (  7.75e+01,  1.26e+02)
85      0.126   3.69e-01   6.93e-01   5.87e-01   2.57e+00   0.00e+00 (  7.83e+01,  1.19e+02)
90      0.021   1.25e-01   2.17e-01   1.86e-01   6.34e-01   0.00e+00 (  2.37e+01,  1.13e+02)
95      0.006   3.23e-02   4.66e-02   4.12e-02   2.78e-01   0.00e+00 (  2.77e+00,  1.06e+02)
17 e: 1.990e-05 i: 5.562e-05 :: e: 4.088e-02 i: 3.442e-02 :: n: 2.763e+01 e:20.461 i:23.202 v:4.993e+03
>>> tau_he = 5.000000, nhe(0)=2.942137e+00
 5     -0.020   8.77e-03   2.63e-01   6.87e-03  -1.07e-01   0.00e+00 (  5.02e+00,  4.66e+01)
10     -0.066   7.37e-02   3.53e-02  -2.42e-02  -4.47e-01   0.00e+00 (  5.37e+01,  9.27e+01)
15     -0.017   1.13e-01   9.88e-02  -4.43e-02  -1.37e-01   0.00e+00 (  7.28e+01,  1.31e+02)
20      0.096   2.02e-01   2.65e-01   8.84e-02   9.05e-01   0.00e+00 (  1.33e+02,  1.59e+02)
25      0.120   2.31e-01   3.08e-01   1.35e-01   1.28e+00   0.00e+00 (  1.49e+02,  1.82e+02)
30      0.118   2.46e-01   3.61e-01   1.38e-01   1.38e+00   0.00e+00 (  1.52e+02,  1.99e+02)
35      0.121   2.66e-01   4.26e-01   1.45e-01   1.53e+00   0.00e+00 (  1.49e+02,  2.05e+02)
40      0.139   3.02e-01   5.59e-01   1.83e-01   1.89e+00   0.00e+00 (  1.44e+02,  2.04e+02)
45      0.158   3.45e-01   6.95e-01   2.82e-01   2.27e+00   0.00e+00 (  1.36e+02,  1.99e+02)
50      0.169   3.77e-01   8.00e-01   3.59e-01   2.55e+00   0.00e+00 (  1.23e+02,  1.90e+02)
55      0.182   4.11e-01   8.89e-01   4.74e-01   2.86e+00   0.00e+00 (  1.13e+02,  1.78e+02)
60      0.194   4.42e-01   9.54e-01   5.88e-01   3.16e+00   0.00e+00 (  1.03e+02,  1.67e+02)
65      0.204   4.66e-01   9.97e-01   6.93e-01   3.41e+00   0.00e+00 (  9.45e+01,  1.55e+02)
70      0.205   4.83e-01   1.01e+00   7.57e-01   3.51e+00   0.00e+00 (  8.80e+01,  1.44e+02)
75      0.195   4.82e-01   9.82e-01   7.79e-01   3.41e+00   0.00e+00 (  8.27e+01,  1.34e+02)
80      0.172   4.45e-01   9.01e-01   7.39e-01   3.12e+00   0.00e+00 (  7.79e+01,  1.26e+02)
85      0.125   3.68e-01   6.94e-01   5.88e-01   2.53e+00   0.00e+00 (  7.84e+01,  1.19e+02)
90      0.021   1.25e-01   2.17e-01   1.86e-01   6.22e-01   0.00e+00 (  2.37e+01,  1.13e+02)
95      0.006   3.23e-02   4.66e-02   4.12e-02   2.78e-01   0.00e+00 (  2.77e+00,  1.06e+02)
18 e: 4.636e-05 i: 1.757e-04 :: e: 3.841e-02 i: 3.191e-02 :: n: 2.763e+01 e:20.417 i:23.240 v:4.993e+03
>>> tau_he = 5.000000, nhe(0)=2.945616e+00
 5     -0.020   8.74e-03   2.65e-01   6.84e-03  -1.06e-01   0.00e+00 (  4.98e+00,  4.66e+01)
10     -0.065   7.33e-02   3.41e-02  -2.34e-02  -4.43e-01   0.00e+00 (  5.32e+01,  9.27e+01)
15      0.033   2.18e-01   2.77e-01   3.24e-02   2.65e-01   0.00e+00 (  1.42e+02,  1.31e+02)
20      0.095   2.00e-01   2.63e-01   8.64e-02   8.91e-01   0.00e+00 (  1.31e+02,  1.59e+02)
25      0.118   2.28e-01   3.04e-01   1.32e-01   1.25e+00   0.00e+00 (  1.47e+02,  1.82e+02)
30      0.116   2.44e-01   3.56e-01   1.37e-01   1.35e+00   0.00e+00 (  1.50e+02,  1.99e+02)
35      0.119   2.64e-01   4.20e-01   1.42e-01   1.51e+00   0.00e+00 (  1.47e+02,  2.05e+02)
40      0.136   2.99e-01   5.49e-01   1.80e-01   1.85e+00   0.00e+00 (  1.42e+02,  2.04e+02)
45      0.155   3.42e-01   6.83e-01   2.77e-01   2.23e+00   0.00e+00 (  1.34e+02,  1.99e+02)
50      0.167   3.73e-01   7.88e-01   3.53e-01   2.52e+00   0.00e+00 (  1.22e+02,  1.90e+02)
55      0.181   4.08e-01   8.77e-01   4.68e-01   2.84e+00   0.00e+00 (  1.11e+02,  1.78e+02)
60      0.193   4.38e-01   9.43e-01   5.81e-01   3.14e+00   0.00e+00 (  1.02e+02,  1.67e+02)
65      0.203   4.62e-01   9.87e-01   6.86e-01   3.39e+00   0.00e+00 (  9.36e+01,  1.55e+02)
70      0.205   4.80e-01   9.99e-01   7.50e-01   3.50e+00   0.00e+00 (  8.71e+01,  1.44e+02)
75      0.195   4.79e-01   9.74e-01   7.72e-01   3.40e+00   0.00e+00 (  8.18e+01,  1.34e+02)
80      0.172   4.42e-01   8.93e-01   7.33e-01   3.11e+00   0.00e+00 (  7.69e+01,  1.26e+02)
85      0.125   3.66e-01   6.88e-01   5.82e-01   2.54e+00   0.00e+00 (  7.71e+01,  1.19e+02)
90      0.022   1.26e-01   2.17e-01   1.86e-01   6.39e-01   0.00e+00 (  2.35e+01,  1.13e+02)
95      0.006   3.23e-02   4.66e-02   4.12e-02   2.78e-01   0.00e+00 (  2.77e+00,  1.06e+02)
19 e: 1.536e-05 i: 4.400e-05 :: e: 3.644e-02 i: 2.914e-02 :: n: 2.763e+01 e:20.438 i:23.160 v:4.993e+03
>>> tau_he = 5.000000, nhe(0)=2.938366e+00
 5     -0.020   8.73e-03   2.63e-01   6.85e-03  -1.06e-01   0.00e+00 (  4.99e+00,  4.66e+01)
10     -0.065   7.34e-02   3.49e-02  -2.40e-02  -4.39e-01   0.00e+00 (  5.32e+01,  9.27e+01)
15      0.031   2.14e-01   2.74e-01   3.16e-02   2.53e-01   0.00e+00 (  1.39e+02,  1.31e+02)
20      0.095   2.00e-01   2.63e-01   8.68e-02   8.90e-01   0.00e+00 (  1.31e+02,  1.59e+02)
25      0.118   2.29e-01   3.05e-01   1.33e-01   1.25e+00   0.00e+00 (  1.47e+02,  1.82e+02)
30      0.117   2.45e-01   3.58e-01   1.38e-01   1.36e+00   0.00e+00 (  1.51e+02,  1.99e+02)
35      0.120   2.65e-01   4.24e-01   1.43e-01   1.52e+00   0.00e+00 (  1.48e+02,  2.05e+02)
40      0.138   3.00e-01   5.55e-01   1.82e-01   1.87e+00   0.00e+00 (  1.43e+02,  2.04e+02)
45      0.157   3.44e-01   6.92e-01   2.80e-01   2.25e+00   0.00e+00 (  1.35e+02,  1.99e+02)
50      0.169   3.76e-01   7.98e-01   3.58e-01   2.54e+00   0.00e+00 (  1.23e+02,  1.90e+02)
55      0.182   4.11e-01   8.88e-01   4.74e-01   2.87e+00   0.00e+00 (  1.13e+02,  1.78e+02)
60      0.194   4.42e-01   9.54e-01   5.89e-01   3.16e+00   0.00e+00 (  1.03e+02,  1.67e+02)
65      0.204   4.66e-01   9.97e-01   6.94e-01   3.41e+00   0.00e+00 (  9.47e+01,  1.55e+02)
70      0.205   4.83e-01   1.01e+00   7.57e-01   3.51e+00   0.00e+00 (  8.81e+01,  1.44e+02)
75      0.195   4.81e-01   9.80e-01   7.77e-01   3.40e+00   0.00e+00 (  8.25e+01,  1.34e+02)
80      0.171   4.43e-01   8.96e-01   7.35e-01   3.10e+00   0.00e+00 (  7.73e+01,  1.26e+02)
85      0.124   3.66e-01   6.89e-01   5.83e-01   2.52e+00   0.00e+00 (  7.73e+01,  1.19e+02)
90      0.021   1.25e-01   2.17e-01   1.86e-01   6.29e-01   0.00e+00 (  2.36e+01,  1.13e+02)
95      0.006   3.23e-02   4.66e-02   4.12e-02   2.78e-01   0.00e+00 (  2.77e+00,  1.06e+02)
20 e: 2.182e-05 i: 3.728e-05 :: e: 2.891e-02 i: 2.201e-02 :: n: 2.763e+01 e:20.370 i:23.126 v:4.993e+03
>>> tau_he = 5.000000, nhe(0)=2.935188e+00
 5     -0.020   8.67e-03   2.61e-01   6.82e-03  -1.05e-01   0.00e+00 (  4.94e+00,  4.66e+01)
10     -0.063   7.29e-02   3.45e-02  -2.39e-02  -4.26e-01   0.00e+00 (  5.24e+01,  9.27e+01)
15     -0.016   1.12e-01   9.04e-02  -2.09e-02  -1.33e-01   0.00e+00 (  7.16e+01,  1.31e+02)
20      0.045   1.18e-01   1.25e-01  -1.97e-03   4.28e-01   0.00e+00 (  7.68e+01,  1.59e+02)
25      0.117   2.28e-01   3.03e-01   1.30e-01   1.23e+00   0.00e+00 (  1.46e+02,  1.82e+02)
30      0.115   2.44e-01   3.55e-01   1.36e-01   1.35e+00   0.00e+00 (  1.50e+02,  1.99e+02)
35      0.119   2.64e-01   4.20e-01   1.42e-01   1.51e+00   0.00e+00 (  1.47e+02,  2.05e+02)
40      0.136   2.99e-01   5.48e-01   1.80e-01   1.84e+00   0.00e+00 (  1.42e+02,  2.04e+02)
45      0.155   3.42e-01   6.84e-01   2.77e-01   2.23e+00   0.00e+00 (  1.34e+02,  1.99e+02)
50      0.168   3.74e-01   7.90e-01   3.54e-01   2.53e+00   0.00e+00 (  1.22e+02,  1.90e+02)
55      0.182   4.09e-01   8.81e-01   4.70e-01   2.85e+00   0.00e+00 (  1.12e+02,  1.78e+02)
60      0.194   4.40e-01   9.47e-01   5.84e-01   3.15e+00   0.00e+00 (  1.03e+02,  1.67e+02)
65      0.203   4.64e-01   9.90e-01   6.89e-01   3.40e+00   0.00e+00 (  9.43e+01,  1.55e+02)
70      0.205   4.81e-01   1.00e+00   7.53e-01   3.51e+00   0.00e+00 (  8.77e+01,  1.44e+02)
75      0.195   4.79e-01   9.75e-01   7.73e-01   3.40e+00   0.00e+00 (  8.20e+01,  1.34e+02)
80      0.172   4.41e-01   8.91e-01   7.31e-01   3.10e+00   0.00e+00 (  7.67e+01,  1.26e+02)
85      0.124   3.64e-01   6.85e-01   5.80e-01   2.52e+00   0.00e+00 (  7.65e+01,  1.19e+02)
90      0.022   1.26e-01   2.17e-01   1.86e-01   6.41e-01   0.00e+00 (  2.35e+01,  1.13e+02)
95      0.006   3.23e-02   4.66e-02   4.12e-02   2.78e-01   0.00e+00 (  2.77e+00,  1.06e+02)
21 e: 7.375e-05 i: 2.726e-04 :: e: 4.611e-02 i: 3.686e-02 :: n: 2.763e+01 e:20.460 i:23.190 v:4.993e+03
>>> tau_he = 5.000000, nhe(0)=2.941086e+00
 5     -0.019   8.68e-03   2.64e-01   6.83e-03  -1.04e-01   0.00e+00 (  4.94e+00,  4.66e+01)
10     -0.063   7.32e-02   3.39e-02  -2.34e-02  -4.26e-01   0.00e+00 (  5.27e+01,  9.27e+01)
15      0.035   2.20e-01   2.80e-01   3.25e-02   2.89e-01   0.00e+00 (  1.44e+02,  1.31e+02)
20      0.103   2.06e-01   2.68e-01   8.64e-02   9.70e-01   0.00e+00 (  1.37e+02,  1.59e+02)
25      0.117   2.28e-01   3.05e-01   1.32e-01   1.24e+00   0.00e+00 (  1.47e+02,  1.82e+02)
30      0.115   2.44e-01   3.57e-01   1.37e-01   1.35e+00   0.00e+00 (  1.50e+02,  1.99e+02)
35      0.119   2.65e-01   4.23e-01   1.42e-01   1.51e+00   0.00e+00 (  1.48e+02,  2.05e+02)
40      0.136   3.00e-01   5.53e-01   1.82e-01   1.85e+00   0.00e+00 (  1.42e+02,  2.04e+02)
45      0.156   3.44e-01   6.90e-01   2.80e-01   2.24e+00   0.00e+00 (  1.35e+02,  1.99e+02)
50      0.168   3.77e-01   7.98e-01   3.57e-01   2.54e+00   0.00e+00 (  1.23e+02,  1.90e+02)
55      0.183   4.12e-01   8.89e-01   4.75e-01   2.87e+00   0.00e+00 (  1.13e+02,  1.78e+02)
60      0.195   4.43e-01   9.55e-01   5.90e-01   3.16e+00   0.00e+00 (  1.04e+02,  1.67e+02)
65      0.204   4.66e-01   9.98e-01   6.95e-01   3.41e+00   0.00e+00 (  9.52e+01,  1.55e+02)
70      0.205   4.83e-01   1.01e+00   7.59e-01   3.52e+00   0.00e+00 (  8.85e+01,  1.44e+02)
75      0.195   4.81e-01   9.80e-01   7.78e-01   3.41e+00   0.00e+00 (  8.27e+01,  1.34e+02)
80      0.171   4.42e-01   8.94e-01   7.34e-01   3.10e+00   0.00e+00 (  7.71e+01,  1.26e+02)
85      0.123   3.64e-01   6.86e-01   5.81e-01   2.51e+00   0.00e+00 (  7.68e+01,  1.19e+02)
90      0.021   1.26e-01   2.17e-01   1.86e-01   6.33e-01   0.00e+00 (  2.35e+01,  1.13e+02)
95      0.006   3.23e-02   4.66e-02   4.12e-02   2.78e-01   0.00e+00 (  2.77e+00,  1.06e+02)
22 e: 1.258e-05 i: 4.221e-05 :: e: 2.690e-02 i: 2.028e-02 :: n: 2.763e+01 e:20.432 i:23.191 v:4.993e+03
>>> tau_he = 5.000000, nhe(0)=2.941193e+00
 5     -0.020   8.73e-03   2.63e-01   6.84e-03  -1.06e-01   0.00e+00 (  4.98e+00,  4.66e+01)
10     -0.062   7.32e-02   3.42e-02  -2.36e-02  -4.25e-01   0.00e+00 (  5.26e+01,  9.27e+01)
15      0.029   2.15e-01   2.75e-01   3.11e-02   2.35e-01   0.00e+00 (  1.39e+02,  1.31e+02)
20      0.098   2.06e-01   2.64e-01   8.96e-02   9.27e-01   0.00e+00 (  1.36e+02,  1.59e+02)
25      0.116   2.28e-01   3.03e-01   1.30e-01   1.23e+00   0.00e+00 (  1.47e+02,  1.82e+02)
30      0.115   2.44e-01   3.55e-01   1.35e-01   1.34e+00   0.00e+00 (  1.50e+02,  1.99e+02)
35      0.118   2.64e-01   4.19e-01   1.41e-01   1.50e+00   0.00e+00 (  1.47e+02,  2.05e+02)
40      0.135   2.98e-01   5.46e-01   1.79e-01   1.83e+00   0.00e+00 (  1.41e+02,  2.04e+02)
45      0.155   3.42e-01   6.83e-01   2.76e-01   2.23e+00   0.00e+00 (  1.34e+02,  1.99e+02)
50      0.168   3.75e-01   7.91e-01   3.54e-01   2.53e+00   0.00e+00 (  1.23e+02,  1.90e+02)
55      0.182   4.10e-01   8.83e-01   4.71e-01   2.86e+00   0.00e+00 (  1.13e+02,  1.78e+02)
60      0.194   4.41e-01   9.50e-01   5.86e-01   3.16e+00   0.00e+00 (  1.03e+02,  1.67e+02)
65      0.204   4.65e-01   9.93e-01   6.91e-01   3.40e+00   0.00e+00 (  9.49e+01,  1.55e+02)
70      0.206   4.82e-01   1.01e+00   7.56e-01   3.52e+00   0.00e+00 (  8.82e+01,  1.44e+02)
75      0.195   4.79e-01   9.77e-01   7.75e-01   3.41e+00   0.00e+00 (  8.24e+01,  1.34e+02)
80      0.172   4.41e-01   8.91e-01   7.31e-01   3.10e+00   0.00e+00 (  7.68e+01,  1.26e+02)
85      0.124   3.63e-01   6.83e-01   5.79e-01   2.51e+00   0.00e+00 (  7.63e+01,  1.19e+02)
90      0.022   1.26e-01   2.17e-01   1.86e-01   6.42e-01   0.00e+00 (  2.34e+01,  1.13e+02)
95      0.006   3.23e-02   4.66e-02   4.12e-02   2.78e-01   0.00e+00 (  2.77e+00,  1.06e+02)
23 e: 1.996e-05 i: 3.936e-05 :: e: 2.559e-02 i: 2.038e-02 :: n: 2.763e+01 e:20.446 i:23.133 v:4.993e+03
>>> tau_he = 5.000000, nhe(0)=2.935895e+00
 5     -0.020   8.69e-03   2.62e-01   6.84e-03  -1.05e-01   0.00e+00 (  4.96e+00,  4.66e+01)
10     -0.061   7.31e-02   3.46e-02  -2.41e-02  -4.17e-01   0.00e+00 (  5.23e+01,  9.27e+01)
15     -0.017   1.13e-01   9.95e-02  -4.48e-02  -1.39e-01   0.00e+00 (  7.27e+01,  1.31e+02)
20      0.095   2.01e-01   2.65e-01   8.87e-02   8.94e-01   0.00e+00 (  1.33e+02,  1.59e+02)
25      0.116   2.29e-01   3.04e-01   1.31e-01   1.23e+00   0.00e+00 (  1.48e+02,  1.82e+02)
30      0.115   2.45e-01   3.57e-01   1.37e-01   1.35e+00   0.00e+00 (  1.51e+02,  1.99e+02)
35      0.119   2.65e-01   4.23e-01   1.42e-01   1.51e+00   0.00e+00 (  1.48e+02,  2.05e+02)
40      0.136   3.00e-01   5.52e-01   1.81e-01   1.85e+00   0.00e+00 (  1.43e+02,  2.04e+02)
45      0.156   3.45e-01   6.90e-01   2.79e-01   2.25e+00   0.00e+00 (  1.36e+02,  1.99e+02)
50      0.169   3.77e-01   7.99e-01   3.58e-01   2.55e+00   0.00e+00 (  1.24e+02,  1.90e+02)
55      0.183   4.13e-01   8.91e-01   4.76e-01   2.88e+00   0.00e+00 (  1.14e+02,  1.78e+02)
60      0.195   4.44e-01   9.58e-01   5.91e-01   3.17e+00   0.00e+00 (  1.04e+02,  1.67e+02)
65      0.205   4.68e-01   1.00e+00   6.96e-01   3.42e+00   0.00e+00 (  9.59e+01,  1.55e+02)
70      0.206   4.85e-01   1.01e+00   7.61e-01   3.53e+00   0.00e+00 (  8.91e+01,  1.44e+02)
75      0.195   4.82e-01   9.82e-01   7.79e-01   3.42e+00   0.00e+00 (  8.31e+01,  1.34e+02)
80      0.171   4.42e-01   8.95e-01   7.35e-01   3.10e+00   0.00e+00 (  7.73e+01,  1.26e+02)
85      0.123   3.64e-01   6.85e-01   5.80e-01   2.51e+00   0.00e+00 (  7.66e+01,  1.19e+02)
90      0.021   1.26e-01   2.17e-01   1.86e-01   6.35e-01   0.00e+00 (  2.35e+01,  1.13e+02)
95      0.006   3.23e-02   4.66e-02   4.12e-02   2.78e-01   0.00e+00 (  2.77e+00,  1.06e+02)
24 e: 3.021e-05 i: 1.584e-04 :: e: 2.467e-02 i: 2.002e-02 :: n: 2.763e+01 e:20.457 i:23.190 v:4.993e+03
>>> tau_he = 5.000000, nhe(0)=2.941134e+00
 5     -0.020   8.69e-03   2.64e-01   6.83e-03  -1.05e-01   0.00e+00 (  4.95e+00,  4.66e+01)
10     -0.062   7.30e-02   3.39e-02  -2.35e-02  -4.18e-01   0.00e+00 (  5.23e+01,  9.27e+01)
15      0.033   2.20e-01   2.80e-01   3.17e-02   2.70e-01   0.00e+00 (  1.43e+02,  1.31e+02)
20      0.094   2.01e-01   2.64e-01   8.78e-02   8.87e-01   0.00e+00 (  1.32e+02,  1.59e+02)
25      0.115   2.28e-01   3.02e-01   1.29e-01   1.22e+00   0.00e+00 (  1.47e+02,  1.82e+02)
30      0.114   2.44e-01   3.55e-01   1.35e-01   1.34e+00   0.00e+00 (  1.51e+02,  1.99e+02)
35      0.118   2.65e-01   4.20e-01   1.41e-01   1.50e+00   0.00e+00 (  1.48e+02,  2.05e+02)
40      0.135   2.99e-01   5.47e-01   1.79e-01   1.83e+00   0.00e+00 (  1.42e+02,  2.04e+02)
45      0.155   3.43e-01   6.84e-01   2.77e-01   2.23e+00   0.00e+00 (  1.35e+02,  1.99e+02)
50      0.168   3.76e-01   7.93e-01   3.55e-01   2.54e+00   0.00e+00 (  1.24e+02,  1.90e+02)
55      0.183   4.12e-01   8.87e-01   4.73e-01   2.87e+00   0.00e+00 (  1.14e+02,  1.78e+02)
60      0.195   4.43e-01   9.54e-01   5.88e-01   3.17e+00   0.00e+00 (  1.04e+02,  1.67e+02)
65      0.204   4.67e-01   9.97e-01   6.94e-01   3.42e+00   0.00e+00 (  9.58e+01,  1.55e+02)
70      0.206   4.84e-01   1.01e+00   7.59e-01   3.53e+00   0.00e+00 (  8.90e+01,  1.44e+02)
75      0.196   4.81e-01   9.80e-01   7.78e-01   3.42e+00   0.00e+00 (  8.31e+01,  1.34e+02)
80      0.172   4.42e-01   8.93e-01   7.33e-01   3.11e+00   0.00e+00 (  7.72e+01,  1.26e+02)
85      0.124   3.63e-01   6.84e-01   5.79e-01   2.52e+00   0.00e+00 (  7.64e+01,  1.19e+02)
90      0.022   1.26e-01   2.17e-01   1.86e-01   6.42e-01   0.00e+00 (  2.34e+01,  1.13e+02)
95      0.006   3.23e-02   4.66e-02   4.12e-02   2.78e-01   0.00e+00 (  2.77e+00,  1.06e+02)
25 e: 1.494e-05 i: 4.120e-05 :: e: 2.031e-02 i: 1.642e-02 :: n: 2.763e+01 e:20.473 i:23.157 v:4.993e+03
>>> tau_he = 5.000000, nhe(0)=2.938023e+00
 5     -0.020   8.71e-03   2.63e-01   6.85e-03  -1.05e-01   0.00e+00 (  4.97e+00,  4.66e+01)
10     -0.061   7.31e-02   3.45e-02  -2.40e-02  -4.16e-01   0.00e+00 (  5.23e+01,  9.27e+01)
15      0.031   2.15e-01   2.76e-01   3.21e-02   2.54e-01   0.00e+00 (  1.39e+02,  1.31e+02)
20      0.094   2.00e-01   2.64e-01   8.71e-02   8.84e-01   0.00e+00 (  1.32e+02,  1.59e+02)
25      0.115   2.28e-01   3.03e-01   1.30e-01   1.22e+00   0.00e+00 (  1.48e+02,  1.82e+02)
30      0.115   2.45e-01   3.57e-01   1.36e-01   1.34e+00   0.00e+00 (  1.52e+02,  1.99e+02)
35      0.119   2.66e-01   4.22e-01   1.42e-01   1.51e+00   0.00e+00 (  1.48e+02,  2.05e+02)
40      0.136   3.00e-01   5.50e-01   1.79e-01   1.84e+00   0.00e+00 (  1.43e+02,  2.04e+02)
45      0.156   3.45e-01   6.89e-01   2.78e-01   2.24e+00   0.00e+00 (  1.36e+02,  1.99e+02)
50      0.169   3.78e-01   7.99e-01   3.57e-01   2.55e+00   0.00e+00 (  1.25e+02,  1.90e+02)
55      0.184   4.14e-01   8.93e-01   4.76e-01   2.89e+00   0.00e+00 (  1.15e+02,  1.78e+02)
60      0.196   4.46e-01   9.60e-01   5.92e-01   3.18e+00   0.00e+00 (  1.05e+02,  1.67e+02)
65      0.205   4.70e-01   1.00e+00   6.98e-01   3.43e+00   0.00e+00 (  9.67e+01,  1.55e+02)
70      0.207   4.87e-01   1.02e+00   7.64e-01   3.54e+00   0.00e+00 (  8.98e+01,  1.44e+02)
75      0.196   4.83e-01   9.86e-01   7.82e-01   3.43e+00   0.00e+00 (  8.37e+01,  1.34e+02)
80      0.172   4.43e-01   8.97e-01   7.36e-01   3.11e+00   0.00e+00 (  7.77e+01,  1.26e+02)
85      0.124   3.64e-01   6.86e-01   5.81e-01   2.51e+00   0.00e+00 (  7.68e+01,  1.19e+02)
90      0.022   1.26e-01   2.17e-01   1.86e-01   6.36e-01   0.00e+00 (  2.35e+01,  1.13e+02)
95      0.006   3.23e-02   4.66e-02   4.12e-02   2.78e-01   0.00e+00 (  2.77e+00,  1.06e+02)
26 e: 1.353e-05 i: 3.861e-05 :: e: 1.501e-02 i: 1.146e-02 :: n: 2.763e+01 e:20.443 i:23.133 v:4.993e+03
>>> tau_he = 5.000000, nhe(0)=2.935891e+00
 5     -0.020   8.67e-03   2.62e-01   6.83e-03  -1.05e-01   0.00e+00 (  4.94e+00,  4.66e+01)
10     -0.060   7.28e-02   3.44e-02  -2.40e-02  -4.06e-01   0.00e+00 (  5.18e+01,  9.27e+01)
15     -0.015   1.13e-01   9.13e-02  -2.11e-02  -1.19e-01   0.00e+00 (  7.20e+01,  1.31e+02)
20      0.043   1.17e-01   1.26e-01  -1.44e-03   4.03e-01   0.00e+00 (  7.69e+01,  1.59e+02)
25      0.115   2.28e-01   3.02e-01   1.29e-01   1.21e+00   0.00e+00 (  1.47e+02,  1.82e+02)
30      0.115   2.45e-01   3.56e-01   1.35e-01   1.34e+00   0.00e+00 (  1.52e+02,  1.99e+02)
35      0.117   2.70e-01   4.23e-01   1.46e-01   1.48e+00   0.00e+00 (  1.51e+02,  2.05e+02)
40      0.135   3.00e-01   5.47e-01   1.78e-01   1.83e+00   0.00e+00 (  1.43e+02,  2.04e+02)
45      0.156   3.45e-01   6.86e-01   2.77e-01   2.24e+00   0.00e+00 (  1.36e+02,  1.99e+02)
50      0.169   3.78e-01   7.96e-01   3.56e-01   2.55e+00   0.00e+00 (  1.25e+02,  1.90e+02)
55      0.184   4.14e-01   8.90e-01   4.75e-01   2.89e+00   0.00e+00 (  1.15e+02,  1.78e+02)
60      0.196   4.45e-01   9.58e-01   5.91e-01   3.18e+00   0.00e+00 (  1.05e+02,  1.67e+02)
65      0.205   4.70e-01   1.00e+00   6.97e-01   3.43e+00   0.00e+00 (  9.68e+01,  1.55e+02)
70      0.207   4.87e-01   1.02e+00   7.63e-01   3.55e+00   0.00e+00 (  8.99e+01,  1.44e+02)
75      0.197   4.84e-01   9.85e-01   7.82e-01   3.44e+00   0.00e+00 (  8.38e+01,  1.34e+02)
80      0.172   4.44e-01   8.96e-01   7.36e-01   3.12e+00   0.00e+00 (  7.78e+01,  1.26e+02)
85      0.124   3.64e-01   6.85e-01   5.80e-01   2.52e+00   0.00e+00 (  7.67e+01,  1.19e+02)
90      0.022   1.26e-01   2.17e-01   1.86e-01   6.41e-01   0.00e+00 (  2.35e+01,  1.13e+02)
95      0.006   3.23e-02   4.66e-02   4.12e-02   2.78e-01   0.00e+00 (  2.77e+00,  1.06e+02)
27 e: 7.087e-05 i: 2.670e-04 :: e: 2.943e-02 i: 2.475e-02 :: n: 2.763e+01 e:20.525 i:23.228 v:4.993e+03
>>> tau_he = 5.000000, nhe(0)=2.944606e+00
 5     -0.019   8.70e-03   2.65e-01   6.85e-03  -1.04e-01   0.00e+00 (  4.95e+00,  4.66e+01)
10     -0.060   7.29e-02   3.34e-02  -2.21e-02  -4.09e-01   0.00e+00 (  5.20e+01,  9.27e+01)
15      0.035   2.22e-01   2.83e-01   3.28e-02   2.87e-01   0.00e+00 (  1.45e+02,  1.31e+02)
20      0.099   2.09e-01   2.70e-01   8.98e-02   9.34e-01   0.00e+00 (  1.39e+02,  1.59e+02)
25      0.115   2.29e-01   3.04e-01   1.30e-01   1.22e+00   0.00e+00 (  1.48e+02,  1.82e+02)
30      0.114   2.45e-01   3.56e-01   1.35e-01   1.34e+00   0.00e+00 (  1.52e+02,  1.99e+02)
35      0.119   2.66e-01   4.21e-01   1.41e-01   1.50e+00   0.00e+00 (  1.49e+02,  2.05e+02)
40      0.135   3.00e-01   5.49e-01   1.79e-01   1.84e+00   0.00e+00 (  1.43e+02,  2.04e+02)
45      0.156   3.46e-01   6.89e-01   2.78e-01   2.24e+00   0.00e+00 (  1.37e+02,  1.99e+02)
50      0.169   3.79e-01   8.00e-01   3.57e-01   2.55e+00   0.00e+00 (  1.25e+02,  1.90e+02)
55      0.184   4.16e-01   8.95e-01   4.77e-01   2.89e+00   0.00e+00 (  1.15e+02,  1.78e+02)
60      0.196   4.47e-01   9.63e-01   5.94e-01   3.19e+00   0.00e+00 (  1.06e+02,  1.67e+02)
65      0.206   4.71e-01   1.01e+00   7.00e-01   3.44e+00   0.00e+00 (  9.75e+01,  1.55e+02)
70      0.208   4.89e-01   1.02e+00   7.67e-01   3.56e+00   0.00e+00 (  9.06e+01,  1.44e+02)
75      0.197   4.85e-01   9.90e-01   7.85e-01   3.44e+00   0.00e+00 (  8.44e+01,  1.34e+02)
80      0.173   4.45e-01   9.00e-01   7.39e-01   3.12e+00   0.00e+00 (  7.82e+01,  1.26e+02)
85      0.124   3.65e-01   6.87e-01   5.82e-01   2.52e+00   0.00e+00 (  7.71e+01,  1.19e+02)
90      0.022   1.26e-01   2.17e-01   1.86e-01   6.36e-01   0.00e+00 (  2.35e+01,  1.13e+02)
95      0.006   3.23e-02   4.66e-02   4.12e-02   2.78e-01   0.00e+00 (  2.77e+00,  1.06e+02)
28 e: 1.006e-05 i: 4.491e-05 :: e: 1.459e-02 i: 1.085e-02 :: n: 2.763e+01 e:20.520 i:23.235 v:4.993e+03
>>> tau_he = 5.000000, nhe(0)=2.945163e+00
 5     -0.020   8.76e-03   2.65e-01   6.87e-03  -1.05e-01   0.00e+00 (  5.00e+00,  4.66e+01)
10     -0.060   7.32e-02   3.42e-02  -2.37e-02  -4.09e-01   0.00e+00 (  5.22e+01,  9.27e+01)
15      0.032   2.17e-01   2.78e-01   3.19e-02   2.58e-01   0.00e+00 (  1.40e+02,  1.31e+02)
20      0.099   2.08e-01   2.67e-01   9.04e-02   9.27e-01   0.00e+00 (  1.38e+02,  1.59e+02)
25      0.115   2.29e-01   3.03e-01   1.29e-01   1.22e+00   0.00e+00 (  1.49e+02,  1.82e+02)
30      0.114   2.45e-01   3.55e-01   1.34e-01   1.33e+00   0.00e+00 (  1.52e+02,  1.99e+02)
35      0.116   2.71e-01   4.22e-01   1.50e-01   1.47e+00   0.00e+00 (  1.51e+02,  2.05e+02)
40      0.135   3.00e-01   5.46e-01   1.77e-01   1.83e+00   0.00e+00 (  1.43e+02,  2.04e+02)
45      0.156   3.45e-01   6.85e-01   2.76e-01   2.24e+00   0.00e+00 (  1.36e+02,  1.99e+02)
50      0.169   3.79e-01   7.96e-01   3.56e-01   2.55e+00   0.00e+00 (  1.25e+02,  1.90e+02)
55      0.184   4.15e-01   8.92e-01   4.75e-01   2.89e+00   0.00e+00 (  1.15e+02,  1.78e+02)
60      0.196   4.47e-01   9.61e-01   5.92e-01   3.19e+00   0.00e+00 (  1.06e+02,  1.67e+02)
65      0.206   4.71e-01   1.01e+00   6.99e-01   3.44e+00   0.00e+00 (  9.74e+01,  1.55e+02)
70      0.208   4.89e-01   1.02e+00   7.66e-01   3.56e+00   0.00e+00 (  9.06e+01,  1.44e+02)
75      0.197   4.86e-01   9.89e-01   7.85e-01   3.45e+00   0.00e+00 (  8.44e+01,  1.34e+02)
80      0.173   4.45e-01   9.00e-01   7.38e-01   3.13e+00   0.00e+00 (  7.83e+01,  1.26e+02)
85      0.125   3.65e-01   6.87e-01   5.81e-01   2.53e+00   0.00e+00 (  7.71e+01,  1.19e+02)
90      0.022   1.26e-01   2.17e-01   1.86e-01   6.40e-01   0.00e+00 (  2.35e+01,  1.13e+02)
95      0.006   3.23e-02   4.66e-02   4.12e-02   2.78e-01   0.00e+00 (  2.77e+00,  1.06e+02)
29 e: 1.855e-05 i: 4.108e-05 :: e: 1.277e-02 i: 1.039e-02 :: n: 2.763e+01 e:20.523 i:23.195 v:4.993e+03
>>> tau_he = 5.000000, nhe(0)=2.941542e+00
 5     -0.020   8.74e-03   2.64e-01   6.87e-03  -1.05e-01   0.00e+00 (  4.99e+00,  4.66e+01)
10     -0.059   7.31e-02   3.45e-02  -2.41e-02  -4.03e-01   0.00e+00 (  5.20e+01,  9.27e+01)
15     -0.014   1.14e-01   9.23e-02  -2.15e-02  -1.16e-01   0.00e+00 (  7.29e+01,  1.31e+02)
20      0.095   2.03e-01   2.66e-01   8.89e-02   8.92e-01   0.00e+00 (  1.34e+02,  1.59e+02)
25      0.115   2.30e-01   3.04e-01   1.30e-01   1.22e+00   0.00e+00 (  1.49e+02,  1.82e+02)
30      0.115   2.46e-01   3.57e-01   1.35e-01   1.34e+00   0.00e+00 (  1.53e+02,  1.99e+02)
35      0.117   2.72e-01   4.25e-01   1.47e-01   1.48e+00   0.00e+00 (  1.52e+02,  2.05e+02)
40      0.136   3.01e-01   5.49e-01   1.78e-01   1.84e+00   0.00e+00 (  1.44e+02,  2.04e+02)
45      0.156   3.47e-01   6.90e-01   2.78e-01   2.25e+00   0.00e+00 (  1.37e+02,  1.99e+02)
50      0.170   3.81e-01   8.01e-01   3.58e-01   2.56e+00   0.00e+00 (  1.26e+02,  1.90e+02)
55      0.185   4.17e-01   8.97e-01   4.78e-01   2.91e+00   0.00e+00 (  1.16e+02,  1.78e+02)
60      0.197   4.49e-01   9.66e-01   5.95e-01   3.20e+00   0.00e+00 (  1.07e+02,  1.67e+02)
65      0.207   4.73e-01   1.01e+00   7.03e-01   3.45e+00   0.00e+00 (  9.82e+01,  1.55e+02)
70      0.209   4.91e-01   1.02e+00   7.70e-01   3.57e+00   0.00e+00 (  9.13e+01,  1.44e+02)
75      0.198   4.88e-01   9.94e-01   7.88e-01   3.46e+00   0.00e+00 (  8.50e+01,  1.34e+02)
80      0.173   4.47e-01   9.03e-01   7.41e-01   3.14e+00   0.00e+00 (  7.88e+01,  1.26e+02)
85      0.125   3.66e-01   6.89e-01   5.83e-01   2.53e+00   0.00e+00 (  7.75e+01,  1.19e+02)
90      0.021   1.26e-01   2.17e-01   1.86e-01   6.35e-01   0.00e+00 (  2.35e+01,  1.13e+02)
95      0.006   3.23e-02   4.66e-02   4.12e-02   2.78e-01   0.00e+00 (  2.77e+00,  1.06e+02)
30 e: 3.265e-05 i: 1.764e-04 :: e: 1.382e-02 i: 1.304e-02 :: n: 2.763e+01 e:20.546 i:23.254 v:4.993e+03
>>> tau_he = 5.000000, nhe(0)=2.946965e+00
 5     -0.020   8.75e-03   2.66e-01   6.87e-03  -1.05e-01   0.00e+00 (  4.99e+00,  4.66e+01)
10     -0.060   7.32e-02   3.39e-02  -2.36e-02  -4.06e-01   0.00e+00 (  5.21e+01,  9.27e+01)
15      0.036   2.23e-01   2.82e-01   3.48e-02   2.97e-01   0.00e+00 (  1.45e+02,  1.31e+02)
20      0.094   2.03e-01   2.66e-01   8.84e-02   8.88e-01   0.00e+00 (  1.34e+02,  1.59e+02)
25      0.114   2.29e-01   3.03e-01   1.28e-01   1.21e+00   0.00e+00 (  1.48e+02,  1.82e+02)
30      0.114   2.46e-01   3.56e-01   1.34e-01   1.34e+00   0.00e+00 (  1.53e+02,  1.99e+02)
35      0.116   2.71e-01   4.23e-01   1.50e-01   1.48e+00   0.00e+00 (  1.52e+02,  2.05e+02)
40      0.135   3.01e-01   5.47e-01   1.77e-01   1.83e+00   0.00e+00 (  1.44e+02,  2.04e+02)
45      0.156   3.46e-01   6.87e-01   2.77e-01   2.24e+00   0.00e+00 (  1.37e+02,  1.99e+02)
50      0.169   3.80e-01   7.99e-01   3.56e-01   2.56e+00   0.00e+00 (  1.26e+02,  1.90e+02)
55      0.185   4.17e-01   8.95e-01   4.77e-01   2.90e+00   0.00e+00 (  1.16e+02,  1.78e+02)
60      0.197   4.49e-01   9.65e-01   5.94e-01   3.20e+00   0.00e+00 (  1.07e+02,  1.67e+02)
65      0.207   4.73e-01   1.01e+00   7.02e-01   3.45e+00   0.00e+00 (  9.83e+01,  1.55e+02)
70      0.209   4.91e-01   1.02e+00   7.69e-01   3.58e+00   0.00e+00 (  9.14e+01,  1.44e+02)
75      0.198   4.88e-01   9.94e-01   7.88e-01   3.46e+00   0.00e+00 (  8.52e+01,  1.34e+02)
80      0.174   4.47e-01   9.03e-01   7.41e-01   3.14e+00   0.00e+00 (  7.89e+01,  1.26e+02)
85      0.125   3.66e-01   6.89e-01   5.83e-01   2.54e+00   0.00e+00 (  7.76e+01,  1.19e+02)
90      0.022   1.26e-01   2.17e-01   1.86e-01   6.38e-01   0.00e+00 (  2.35e+01,  1.13e+02)
95      0.006   3.23e-02   4.66e-02   4.12e-02   2.78e-01   0.00e+00 (  2.77e+00,  1.06e+02)
31 e: 1.306e-05 i: 4.424e-05 :: e: 9.788e-03 i: 8.183e-03 :: n: 2.763e+01 e:20.550 i:23.230 v:4.993e+03
>>> tau_he = 5.000000, nhe(0)=2.944728e+00
 5     -0.020   8.77e-03   2.65e-01   6.89e-03  -1.06e-01   0.00e+00 (  5.01e+00,  4.66e+01)
10     -0.060   7.33e-02   3.44e-02  -2.40e-02  -4.05e-01   0.00e+00 (  5.22e+01,  9.27e+01)
15      0.033   2.18e-01   2.78e-01   3.23e-02   2.72e-01   0.00e+00 (  1.40e+02,  1.31e+02)
20      0.045   1.20e-01   1.27e-01  -3.82e-03   4.26e-01   0.00e+00 (  7.94e+01,  1.59e+02)
25      0.114   2.29e-01   3.03e-01   1.28e-01   1.21e+00   0.00e+00 (  1.49e+02,  1.82e+02)
30      0.115   2.47e-01   3.57e-01   1.35e-01   1.34e+00   0.00e+00 (  1.53e+02,  1.99e+02)
35      0.119   2.67e-01   4.21e-01   1.45e-01   1.51e+00   0.00e+00 (  1.49e+02,  2.05e+02)
40      0.136   3.01e-01   5.49e-01   1.77e-01   1.84e+00   0.00e+00 (  1.44e+02,  2.04e+02)
45      0.157   3.47e-01   6.89e-01   2.78e-01   2.25e+00   0.00e+00 (  1.38e+02,  1.99e+02)
50      0.170   3.81e-01   8.02e-01   3.58e-01   2.57e+00   0.00e+00 (  1.27e+02,  1.90e+02)
55      0.185   4.18e-01   8.98e-01   4.79e-01   2.91e+00   0.00e+00 (  1.17e+02,  1.78e+02)
60      0.198   4.50e-01   9.68e-01   5.96e-01   3.21e+00   0.00e+00 (  1.07e+02,  1.67e+02)
65      0.207   4.75e-01   1.01e+00   7.04e-01   3.46e+00   0.00e+00 (  9.88e+01,  1.55e+02)
70      0.210   4.93e-01   1.03e+00   7.72e-01   3.59e+00   0.00e+00 (  9.19e+01,  1.44e+02)
75      0.199   4.89e-01   9.97e-01   7.91e-01   3.47e+00   0.00e+00 (  8.56e+01,  1.34e+02)
80      0.174   4.48e-01   9.06e-01   7.44e-01   3.15e+00   0.00e+00 (  7.93e+01,  1.26e+02)
85      0.125   3.67e-01   6.91e-01   5.85e-01   2.54e+00   0.00e+00 (  7.79e+01,  1.19e+02)
90      0.021   1.26e-01   2.17e-01   1.86e-01   6.34e-01   0.00e+00 (  2.36e+01,  1.13e+02)
95      0.006   3.23e-02   4.66e-02   4.12e-02   2.78e-01   0.00e+00 (  2.77e+00,  1.06e+02)
32 e: 4.800e-05 i: 1.759e-04 :: e: 1.502e-02 i: 1.423e-02 :: n: 2.763e+01 e:20.553 i:23.254 v:4.993e+03
>>> tau_he = 5.000000, nhe(0)=2.946910e+00
 5     -0.020   8.76e-03   2.65e-01   6.87e-03  -1.05e-01   0.00e+00 (  4.99e+00,  4.66e+01)
10     -0.058   7.31e-02   3.41e-02  -2.38e-02  -3.95e-01   0.00e+00 (  5.17e+01,  9.27e+01)
15     -0.014   1.15e-01   9.24e-02  -2.18e-02  -1.11e-01   0.00e+00 (  7.32e+01,  1.31e+02)
20      0.096   2.06e-01   2.71e-01   9.18e-02   9.07e-01   0.00e+00 (  1.38e+02,  1.59e+02)
25      0.115   2.30e-01   3.04e-01   1.29e-01   1.22e+00   0.00e+00 (  1.50e+02,  1.82e+02)
30      0.115   2.47e-01   3.56e-01   1.34e-01   1.34e+00   0.00e+00 (  1.53e+02,  1.99e+02)
35      0.117   2.72e-01   4.23e-01   1.50e-01   1.48e+00   0.00e+00 (  1.52e+02,  2.05e+02)
40      0.135   3.01e-01   5.47e-01   1.76e-01   1.83e+00   0.00e+00 (  1.44e+02,  2.04e+02)
45      0.156   3.47e-01   6.88e-01   2.77e-01   2.25e+00   0.00e+00 (  1.38e+02,  1.99e+02)
50      0.170   3.81e-01   8.01e-01   3.57e-01   2.56e+00   0.00e+00 (  1.27e+02,  1.90e+02)
55      0.185   4.18e-01   8.98e-01   4.78e-01   2.91e+00   0.00e+00 (  1.17e+02,  1.78e+02)
60      0.198   4.51e-01   9.68e-01   5.96e-01   3.21e+00   0.00e+00 (  1.07e+02,  1.67e+02)
65      0.207   4.75e-01   1.01e+00   7.04e-01   3.46e+00   0.00e+00 (  9.90e+01,  1.55e+02)
70      0.210   4.93e-01   1.03e+00   7.72e-01   3.59e+00   0.00e+00 (  9.20e+01,  1.44e+02)
75      0.199   4.90e-01   9.98e-01   7.91e-01   3.48e+00   0.00e+00 (  8.58e+01,  1.34e+02)
80      0.174   4.49e-01   9.07e-01   7.44e-01   3.15e+00   0.00e+00 (  7.94e+01,  1.26e+02)
85      0.126   3.67e-01   6.91e-01   5.85e-01   2.55e+00   0.00e+00 (  7.80e+01,  1.19e+02)
90      0.021   1.26e-01   2.17e-01   1.86e-01   6.35e-01   0.00e+00 (  2.36e+01,  1.13e+02)
95      0.006   3.23e-02   4.66e-02   4.12e-02   2.78e-01   0.00e+00 (  2.77e+00,  1.06e+02)
33 e: 4.080e-05 i: 1.924e-04 :: e: 1.278e-02 i: 1.337e-02 :: n: 2.763e+01 e:20.608 i:23.313 v:4.993e+03
>>> tau_he = 5.000000, nhe(0)=2.952248e+00
 5     -0.020   8.81e-03   2.67e-01   6.90e-03  -1.05e-01   0.00e+00 (  5.02e+00,  4.66e+01)
10     -0.059   7.34e-02   3.37e-02  -2.23e-02  -4.04e-01   0.00e+00 (  5.22e+01,  9.27e+01)
15      0.037   2.25e-01   2.85e-01   3.31e-02   3.00e-01   0.00e+00 (  1.46e+02,  1.31e+02)
20      0.100   2.10e-01   2.70e-01   9.24e-02   9.37e-01   0.00e+00 (  1.41e+02,  1.59e+02)
25      0.115   2.30e-01   3.04e-01   1.29e-01   1.21e+00   0.00e+00 (  1.50e+02,  1.82e+02)
30      0.114   2.47e-01   3.57e-01   1.34e-01   1.34e+00   0.00e+00 (  1.53e+02,  1.99e+02)
35      0.117   2.72e-01   4.24e-01   1.50e-01   1.48e+00   0.00e+00 (  1.52e+02,  2.05e+02)
40      0.135   3.02e-01   5.48e-01   1.76e-01   1.84e+00   0.00e+00 (  1.45e+02,  2.04e+02)
45      0.156   3.48e-01   6.89e-01   2.78e-01   2.25e+00   0.00e+00 (  1.38e+02,  1.99e+02)
50      0.170   3.82e-01   8.02e-01   3.58e-01   2.57e+00   0.00e+00 (  1.27e+02,  1.90e+02)
55      0.185   4.19e-01   8.99e-01   4.79e-01   2.91e+00   0.00e+00 (  1.17e+02,  1.78e+02)
60      0.198   4.51e-01   9.70e-01   5.97e-01   3.22e+00   0.00e+00 (  1.08e+02,  1.67e+02)
65      0.208   4.76e-01   1.02e+00   7.05e-01   3.47e+00   0.00e+00 (  9.93e+01,  1.55e+02)
70      0.210   4.94e-01   1.03e+00   7.74e-01   3.59e+00   0.00e+00 (  9.24e+01,  1.44e+02)
75      0.199   4.91e-01   1.00e+00   7.93e-01   3.48e+00   0.00e+00 (  8.61e+01,  1.34e+02)
80      0.175   4.50e-01   9.09e-01   7.46e-01   3.16e+00   0.00e+00 (  7.97e+01,  1.26e+02)
85      0.126   3.68e-01   6.92e-01   5.86e-01   2.55e+00   0.00e+00 (  7.83e+01,  1.19e+02)
90      0.021   1.25e-01   2.17e-01   1.86e-01   6.33e-01   0.00e+00 (  2.36e+01,  1.13e+02)
95      0.006   3.23e-02   4.66e-02   4.12e-02   2.78e-01   0.00e+00 (  2.77e+00,  1.06e+02)
34 e: 1.388e-05 i: 5.030e-05 :: e: 1.001e-02 i: 1.010e-02 :: n: 2.763e+01 e:20.591 i:23.299 v:4.993e+03
>>> tau_he = 5.000000, nhe(0)=2.950973e+00
 5     -0.020   8.84e-03   2.66e-01   6.91e-03  -1.06e-01   0.00e+00 (  5.05e+00,  4.66e+01)
10     -0.059   7.35e-02   3.44e-02  -2.39e-02  -4.02e-01   0.00e+00 (  5.23e+01,  9.27e+01)
15      0.034   2.20e-01   2.80e-01   3.22e-02   2.76e-01   0.00e+00 (  1.41e+02,  1.31e+02)
20      0.095   2.05e-01   2.68e-01   8.97e-02   8.95e-01   0.00e+00 (  1.36e+02,  1.59e+02)
25      0.115   2.30e-01   3.04e-01   1.29e-01   1.21e+00   0.00e+00 (  1.50e+02,  1.82e+02)
30      0.115   2.47e-01   3.56e-01   1.34e-01   1.34e+00   0.00e+00 (  1.54e+02,  1.99e+02)
35      0.117   2.72e-01   4.23e-01   1.50e-01   1.48e+00   0.00e+00 (  1.52e+02,  2.05e+02)
40      0.135   3.02e-01   5.47e-01   1.76e-01   1.84e+00   0.00e+00 (  1.45e+02,  2.04e+02)
45      0.157   3.48e-01   6.89e-01   2.77e-01   2.25e+00   0.00e+00 (  1.38e+02,  1.99e+02)
50      0.170   3.82e-01   8.01e-01   3.57e-01   2.57e+00   0.00e+00 (  1.27e+02,  1.90e+02)
55      0.186   4.19e-01   8.99e-01   4.78e-01   2.92e+00   0.00e+00 (  1.17e+02,  1.78e+02)
60      0.198   4.52e-01   9.69e-01   5.97e-01   3.22e+00   0.00e+00 (  1.08e+02,  1.67e+02)
65      0.208   4.76e-01   1.02e+00   7.05e-01   3.47e+00   0.00e+00 (  9.94e+01,  1.55e+02)
70      0.210   4.95e-01   1.03e+00   7.74e-01   3.60e+00   0.00e+00 (  9.25e+01,  1.44e+02)
75      0.200   4.91e-01   1.00e+00   7.93e-01   3.49e+00   0.00e+00 (  8.62e+01,  1.34e+02)
80      0.175   4.50e-01   9.09e-01   7.46e-01   3.16e+00   0.00e+00 (  7.98e+01,  1.26e+02)
85      0.126   3.68e-01   6.93e-01   5.86e-01   2.56e+00   0.00e+00 (  7.84e+01,  1.19e+02)
90      0.021   1.25e-01   2.17e-01   1.86e-01   6.34e-01   0.00e+00 (  2.36e+01,  1.13e+02)
95      0.006   3.23e-02   4.66e-02   4.12e-02   2.78e-01   0.00e+00 (  2.77e+00,  1.06e+02)
35 e: 1.473e-05 i: 4.427e-05 :: e: 7.952e-03 i: 8.513e-03 :: n: 2.763e+01 e:20.577 i:23.255 v:4.993e+03
>>> tau_he = 5.000000, nhe(0)=2.946986e+00
 5     -0.020   8.80e-03   2.65e-01   6.90e-03  -1.06e-01   0.00e+00 (  5.03e+00,  4.66e+01)
10     -0.058   7.33e-02   3.46e-02  -2.42e-02  -3.96e-01   0.00e+00 (  5.19e+01,  9.27e+01)
15     -0.013   1.15e-01   9.25e-02  -2.18e-02  -1.05e-01   0.00e+00 (  7.31e+01,  1.31e+02)
20      0.092   2.02e-01   2.66e-01   8.75e-02   8.69e-01   0.00e+00 (  1.33e+02,  1.59e+02)
25      0.113   2.29e-01   3.04e-01   1.28e-01   1.20e+00   0.00e+00 (  1.49e+02,  1.82e+02)
30      0.115   2.48e-01   3.57e-01   1.34e-01   1.34e+00   0.00e+00 (  1.54e+02,  1.99e+02)
35      0.119   2.68e-01   4.21e-01   1.45e-01   1.51e+00   0.00e+00 (  1.50e+02,  2.05e+02)
40      0.136   3.03e-01   5.49e-01   1.76e-01   1.84e+00   0.00e+00 (  1.45e+02,  2.04e+02)
45      0.157   3.49e-01   6.91e-01   2.78e-01   2.26e+00   0.00e+00 (  1.39e+02,  1.99e+02)
50      0.171   3.83e-01   8.04e-01   3.58e-01   2.57e+00   0.00e+00 (  1.28e+02,  1.90e+02)
55      0.186   4.22e-01   9.05e-01   4.79e-01   2.92e+00   0.00e+00 (  1.18e+02,  1.78e+02)
60      0.198   4.53e-01   9.72e-01   5.98e-01   3.22e+00   0.00e+00 (  1.08e+02,  1.67e+02)
65      0.208   4.77e-01   1.02e+00   7.07e-01   3.48e+00   0.00e+00 (  9.98e+01,  1.55e+02)
70      0.211   4.96e-01   1.03e+00   7.76e-01   3.60e+00   0.00e+00 (  9.28e+01,  1.44e+02)
75      0.200   4.92e-01   1.00e+00   7.95e-01   3.49e+00   0.00e+00 (  8.65e+01,  1.34e+02)
80      0.175   4.51e-01   9.11e-01   7.48e-01   3.17e+00   0.00e+00 (  8.01e+01,  1.26e+02)
85      0.126   3.69e-01   6.94e-01   5.87e-01   2.56e+00   0.00e+00 (  7.87e+01,  1.19e+02)
90      0.021   1.25e-01   2.17e-01   1.86e-01   6.31e-01   0.00e+00 (  2.36e+01,  1.13e+02)
95      0.006   3.23e-02   4.66e-02   4.12e-02   2.78e-01   0.00e+00 (  2.77e+00,  1.06e+02)
36 e: 3.326e-05 i: 1.724e-04 :: e: 1.336e-02 i: 1.442e-02 :: n: 2.763e+01 e:20.601 i:23.304 v:4.993e+03
>>> tau_he = 5.000000, nhe(0)=2.951497e+00
 5     -0.020   8.80e-03   2.67e-01   6.90e-03  -1.05e-01   0.00e+00 (  5.02e+00,  4.66e+01)
10     -0.059   7.33e-02   3.38e-02  -2.24e-02  -4.00e-01   0.00e+00 (  5.20e+01,  9.27e+01)
15      0.038   2.25e-01   2.84e-01   3.49e-02   3.13e-01   0.00e+00 (  1.45e+02,  1.31e+02)
20      0.092   2.01e-01   2.66e-01   8.74e-02   8.67e-01   0.00e+00 (  1.33e+02,  1.59e+02)
25      0.113   2.29e-01   3.03e-01   1.27e-01   1.19e+00   0.00e+00 (  1.48e+02,  1.82e+02)
30      0.115   2.47e-01   3.57e-01   1.34e-01   1.34e+00   0.00e+00 (  1.54e+02,  1.99e+02)
35      0.117   2.73e-01   4.23e-01   1.62e-01   1.48e+00   0.00e+00 (  1.53e+02,  2.05e+02)
40      0.136   3.02e-01   5.48e-01   1.76e-01   1.84e+00   0.00e+00 (  1.45e+02,  2.04e+02)
45      0.157   3.49e-01   6.90e-01   2.77e-01   2.25e+00   0.00e+00 (  1.39e+02,  1.99e+02)
50      0.170   3.83e-01   8.03e-01   3.58e-01   2.57e+00   0.00e+00 (  1.28e+02,  1.90e+02)
55      0.186   4.20e-01   9.00e-01   4.79e-01   2.92e+00   0.00e+00 (  1.18e+02,  1.78e+02)
60      0.198   4.53e-01   9.71e-01   5.98e-01   3.22e+00   0.00e+00 (  1.08e+02,  1.67e+02)
65      0.208   4.78e-01   1.02e+00   7.07e-01   3.48e+00   0.00e+00 (  9.99e+01,  1.55e+02)
70      0.211   4.96e-01   1.03e+00   7.76e-01   3.61e+00   0.00e+00 (  9.29e+01,  1.44e+02)
75      0.200   4.93e-01   1.00e+00   7.95e-01   3.50e+00   0.00e+00 (  8.66e+01,  1.34e+02)
80      0.175   4.51e-01   9.12e-01   7.48e-01   3.17e+00   0.00e+00 (  8.02e+01,  1.26e+02)
85      0.126   3.69e-01   6.94e-01   5.88e-01   2.57e+00   0.00e+00 (  7.88e+01,  1.19e+02)
90      0.021   1.25e-01   2.17e-01   1.86e-01   6.32e-01   0.00e+00 (  2.36e+01,  1.13e+02)
95      0.006   3.23e-02   4.66e-02   4.12e-02   2.78e-01   0.00e+00 (  2.77e+00,  1.06e+02)
37 e: 1.118e-05 i: 4.500e-05 :: e: 9.357e-03 i: 9.273e-03 :: n: 2.763e+01 e:20.591 i:23.280 v:4.993e+03
>>> tau_he = 5.000000, nhe(0)=2.949306e+00
 5     -0.020   8.82e-03   2.66e-01   6.91e-03  -1.06e-01   0.00e+00 (  5.04e+00,  4.66e+01)
10     -0.059   7.35e-02   3.45e-02  -2.40e-02  -3.98e-01   0.00e+00 (  5.21e+01,  9.27e+01)
15      0.035   2.20e-01   2.79e-01   3.21e-02   2.86e-01   0.00e+00 (  1.41e+02,  1.31e+02)
20      0.043   1.20e-01   1.27e-01  -2.29e-03   4.03e-01   0.00e+00 (  7.94e+01,  1.59e+02)
25      0.113   2.29e-01   3.03e-01   1.27e-01   1.19e+00   0.00e+00 (  1.49e+02,  1.82e+02)
30      0.115   2.48e-01   3.57e-01   1.34e-01   1.34e+00   0.00e+00 (  1.54e+02,  1.99e+02)
35      0.119   2.68e-01   4.21e-01   1.45e-01   1.51e+00   0.00e+00 (  1.50e+02,  2.05e+02)
40      0.136   3.03e-01   5.48e-01   1.76e-01   1.84e+00   0.00e+00 (  1.45e+02,  2.04e+02)
45      0.157   3.49e-01   6.90e-01   2.78e-01   2.26e+00   0.00e+00 (  1.39e+02,  1.99e+02)
50      0.171   3.83e-01   8.04e-01   3.58e-01   2.58e+00   0.00e+00 (  1.28e+02,  1.90e+02)
55      0.186   4.21e-01   9.02e-01   4.80e-01   2.92e+00   0.00e+00 (  1.18e+02,  1.78e+02)
60      0.199   4.53e-01   9.73e-01   5.98e-01   3.23e+00   0.00e+00 (  1.09e+02,  1.67e+02)
65      0.208   4.78e-01   1.02e+00   7.07e-01   3.48e+00   0.00e+00 (  1.00e+02,  1.55e+02)
70      0.211   4.97e-01   1.04e+00   7.77e-01   3.61e+00   0.00e+00 (  9.31e+01,  1.44e+02)
75      0.200   4.93e-01   1.00e+00   7.97e-01   3.50e+00   0.00e+00 (  8.68e+01,  1.34e+02)
80      0.175   4.52e-01   9.13e-01   7.49e-01   3.18e+00   0.00e+00 (  8.04e+01,  1.26e+02)
85      0.127   3.70e-01   6.95e-01   5.88e-01   2.57e+00   0.00e+00 (  7.89e+01,  1.19e+02)
90      0.021   1.25e-01   2.17e-01   1.86e-01   6.31e-01   0.00e+00 (  2.37e+01,  1.13e+02)
95      0.006   3.23e-02   4.66e-02   4.12e-02   2.78e-01   0.00e+00 (  2.77e+00,  1.06e+02)
38 e: 4.813e-05 i: 1.801e-04 :: e: 1.685e-02 i: 1.597e-02 :: n: 2.763e+01 e:20.595 i:23.294 v:4.993e+03
>>> tau_he = 5.000000, nhe(0)=2.950599e+00
 5     -0.020   8.80e-03   2.66e-01   6.90e-03  -1.06e-01   0.00e+00 (  5.02e+00,  4.66e+01)
10     -0.057   7.33e-02   3.42e-02  -2.39e-02  -3.89e-01   0.00e+00 (  5.17e+01,  9.27e+01)
15     -0.012   1.15e-01   9.27e-02  -2.20e-02  -1.01e-01   0.00e+00 (  7.33e+01,  1.31e+02)
20      0.096   2.07e-01   2.71e-01   9.15e-02   9.05e-01   0.00e+00 (  1.38e+02,  1.59e+02)
25      0.115   2.31e-01   3.05e-01   1.29e-01   1.22e+00   0.00e+00 (  1.51e+02,  1.82e+02)
30      0.115   2.48e-01   3.57e-01   1.34e-01   1.34e+00   0.00e+00 (  1.54e+02,  1.99e+02)
35      0.119   2.68e-01   4.20e-01   1.56e-01   1.51e+00   0.00e+00 (  1.50e+02,  2.05e+02)
40      0.136   3.03e-01   5.49e-01   1.76e-01   1.84e+00   0.00e+00 (  1.45e+02,  2.04e+02)
45      0.157   3.49e-01   6.90e-01   2.78e-01   2.26e+00   0.00e+00 (  1.39e+02,  1.99e+02)
50      0.171   3.84e-01   8.04e-01   3.58e-01   2.57e+00   0.00e+00 (  1.28e+02,  1.90e+02)
55      0.186   4.21e-01   9.02e-01   4.80e-01   2.92e+00   0.00e+00 (  1.18e+02,  1.78e+02)
60      0.199   4.53e-01   9.73e-01   5.98e-01   3.23e+00   0.00e+00 (  1.09e+02,  1.67e+02)
65      0.208   4.78e-01   1.02e+00   7.07e-01   3.48e+00   0.00e+00 (  1.00e+02,  1.55e+02)
70      0.211   4.97e-01   1.04e+00   7.77e-01   3.61e+00   0.00e+00 (  9.32e+01,  1.44e+02)
75      0.200   4.94e-01   1.01e+00   7.97e-01   3.50e+00   0.00e+00 (  8.69e+01,  1.34e+02)
80      0.176   4.52e-01   9.13e-01   7.49e-01   3.18e+00   0.00e+00 (  8.05e+01,  1.26e+02)
85      0.127   3.70e-01   6.96e-01   5.89e-01   2.57e+00   0.00e+00 (  7.90e+01,  1.19e+02)
90      0.021   1.25e-01   2.17e-01   1.86e-01   6.30e-01   0.00e+00 (  2.37e+01,  1.13e+02)
95      0.006   3.23e-02   4.66e-02   4.12e-02   2.78e-01   0.00e+00 (  2.77e+00,  1.06e+02)
39 e: 4.135e-05 i: 1.916e-04 :: e: 1.471e-02 i: 1.494e-02 :: n: 2.763e+01 e:20.638 i:23.351 v:4.993e+03
>>> tau_he = 5.000000, nhe(0)=2.955740e+00
 5     -0.020   8.85e-03   2.68e-01   6.91e-03  -1.06e-01   0.00e+00 (  5.05e+00,  4.66e+01)
10     -0.059   7.35e-02   3.37e-02  -2.24e-02  -3.99e-01   0.00e+00 (  5.21e+01,  9.27e+01)
15      0.039   2.26e-01   2.86e-01   3.53e-02   3.16e-01   0.00e+00 (  1.46e+02,  1.31e+02)
20      0.099   2.11e-01   2.70e-01   9.18e-02   9.34e-01   0.00e+00 (  1.41e+02,  1.59e+02)
25      0.113   2.29e-01   3.04e-01   1.28e-01   1.20e+00   0.00e+00 (  1.49e+02,  1.82e+02)
30      0.115   2.48e-01   3.57e-01   1.34e-01   1.34e+00   0.00e+00 (  1.54e+02,  1.99e+02)
35      0.117   2.73e-01   4.23e-01   1.62e-01   1.48e+00   0.00e+00 (  1.53e+02,  2.05e+02)
40      0.136   3.03e-01   5.49e-01   1.76e-01   1.84e+00   0.00e+00 (  1.45e+02,  2.04e+02)
45      0.157   3.49e-01   6.90e-01   2.78e-01   2.26e+00   0.00e+00 (  1.39e+02,  1.99e+02)
50      0.171   3.84e-01   8.04e-01   3.58e-01   2.57e+00   0.00e+00 (  1.28e+02,  1.90e+02)
55      0.186   4.21e-01   9.02e-01   4.80e-01   2.92e+00   0.00e+00 (  1.18e+02,  1.78e+02)
60      0.199   4.53e-01   9.73e-01   5.98e-01   3.23e+00   0.00e+00 (  1.09e+02,  1.67e+02)
65      0.208   4.78e-01   1.02e+00   7.08e-01   3.48e+00   0.00e+00 (  1.00e+02,  1.55e+02)
70      0.211   4.97e-01   1.04e+00   7.77e-01   3.61e+00   0.00e+00 (  9.32e+01,  1.44e+02)
75      0.200   4.94e-01   1.01e+00   7.97e-01   3.50e+00   0.00e+00 (  8.69e+01,  1.34e+02)
80      0.176   4.52e-01   9.14e-01   7.50e-01   3.18e+00   0.00e+00 (  8.05e+01,  1.26e+02)
85      0.127   3.70e-01   6.96e-01   5.89e-01   2.57e+00   0.00e+00 (  7.91e+01,  1.19e+02)
90      0.021   1.25e-01   2.17e-01   1.86e-01   6.30e-01   0.00e+00 (  2.37e+01,  1.13e+02)
95      0.006   3.23e-02   4.66e-02   4.12e-02   2.78e-01   0.00e+00 (  2.77e+00,  1.06e+02)
40 e: 1.363e-05 i: 4.990e-05 :: e: 1.139e-02 i: 1.039e-02 :: n: 2.763e+01 e:20.620 i:23.328 v:4.993e+03
>>> tau_he = 5.000000, nhe(0)=2.953668e+00
 5     -0.020   8.87e-03   2.67e-01   6.93e-03  -1.06e-01   0.00e+00 (  5.07e+00,  4.66e+01)
10     -0.059   7.37e-02   3.44e-02  -2.40e-02  -3.98e-01   0.00e+00 (  5.22e+01,  9.27e+01)
15      0.035   2.21e-01   2.80e-01   3.22e-02   2.88e-01   0.00e+00 (  1.41e+02,  1.31e+02)
20      0.095   2.05e-01   2.69e-01   8.94e-02   8.94e-01   0.00e+00 (  1.37e+02,  1.59e+02)
25      0.113   2.30e-01   3.04e-01   1.28e-01   1.20e+00   0.00e+00 (  1.50e+02,  1.82e+02)
30      0.115   2.48e-01   3.57e-01   1.34e-01   1.34e+00   0.00e+00 (  1.54e+02,  1.99e+02)
35      0.119   2.68e-01   4.20e-01   1.56e-01   1.51e+00   0.00e+00 (  1.50e+02,  2.05e+02)
40      0.136   3.03e-01   5.48e-01   1.75e-01   1.84e+00   0.00e+00 (  1.46e+02,  2.04e+02)
45      0.157   3.49e-01   6.90e-01   2.78e-01   2.26e+00   0.00e+00 (  1.39e+02,  1.99e+02)
50      0.171   3.84e-01   8.04e-01   3.58e-01   2.58e+00   0.00e+00 (  1.28e+02,  1.90e+02)
55      0.186   4.21e-01   9.02e-01   4.80e-01   2.93e+00   0.00e+00 (  1.18e+02,  1.78e+02)
60      0.199   4.54e-01   9.73e-01   5.98e-01   3.23e+00   0.00e+00 (  1.09e+02,  1.67e+02)
65      0.208   4.78e-01   1.02e+00   7.08e-01   3.48e+00   0.00e+00 (  1.00e+02,  1.55e+02)
70      0.211   4.97e-01   1.04e+00   7.77e-01   3.61e+00   0.00e+00 (  9.32e+01,  1.44e+02)
75      0.201   4.94e-01   1.01e+00   7.97e-01   3.51e+00   0.00e+00 (  8.70e+01,  1.34e+02)
80      0.176   4.53e-01   9.14e-01   7.50e-01   3.18e+00   0.00e+00 (  8.06e+01,  1.26e+02)
85      0.127   3.70e-01   6.96e-01   5.89e-01   2.58e+00   0.00e+00 (  7.92e+01,  1.19e+02)
90      0.021   1.25e-01   2.17e-01   1.86e-01   6.30e-01   0.00e+00 (  2.37e+01,  1.13e+02)
95      0.006   3.23e-02   4.66e-02   4.12e-02   2.78e-01   0.00e+00 (  2.77e+00,  1.06e+02)
41 e: 1.357e-05 i: 4.488e-05 :: e: 8.861e-03 i: 8.918e-03 :: n: 2.763e+01 e:20.595 i:23.282 v:4.993e+03
>>> tau_he = 5.000000, nhe(0)=2.949428e+00
 5     -0.020   8.83e-03   2.66e-01   6.91e-03  -1.06e-01   0.00e+00 (  5.05e+00,  4.66e+01)
10     -0.058   7.34e-02   3.46e-02  -2.42e-02  -3.91e-01   0.00e+00 (  5.19e+01,  9.27e+01)
15     -0.012   1.15e-01   9.26e-02  -2.19e-02  -9.75e-02   0.00e+00 (  7.30e+01,  1.31e+02)
20      0.045   1.21e-01   1.27e-01  -3.85e-03   4.27e-01   0.00e+00 (  8.01e+01,  1.59e+02)
25      0.113   2.30e-01   3.04e-01   1.28e-01   1.20e+00   0.00e+00 (  1.50e+02,  1.82e+02)
30      0.115   2.48e-01   3.57e-01   1.34e-01   1.34e+00   0.00e+00 (  1.55e+02,  1.99e+02)
35      0.118   2.74e-01   4.24e-01   1.51e-01   1.49e+00   0.00e+00 (  1.54e+02,  2.05e+02)
40      0.136   3.03e-01   5.49e-01   1.75e-01   1.85e+00   0.00e+00 (  1.46e+02,  2.04e+02)
45      0.157   3.50e-01   6.91e-01   2.78e-01   2.26e+00   0.00e+00 (  1.39e+02,  1.99e+02)
50      0.171   3.84e-01   8.05e-01   3.59e-01   2.58e+00   0.00e+00 (  1.28e+02,  1.90e+02)
55      0.186   4.23e-01   9.06e-01   4.79e-01   2.93e+00   0.00e+00 (  1.19e+02,  1.78e+02)
60      0.199   4.54e-01   9.74e-01   5.99e-01   3.23e+00   0.00e+00 (  1.09e+02,  1.67e+02)
65      0.209   4.79e-01   1.02e+00   7.08e-01   3.49e+00   0.00e+00 (  1.00e+02,  1.55e+02)
70      0.211   4.97e-01   1.04e+00   7.78e-01   3.61e+00   0.00e+00 (  9.34e+01,  1.44e+02)
75      0.201   4.94e-01   1.01e+00   7.98e-01   3.51e+00   0.00e+00 (  8.70e+01,  1.34e+02)
80      0.176   4.53e-01   9.15e-01   7.50e-01   3.18e+00   0.00e+00 (  8.07e+01,  1.26e+02)
85      0.127   3.70e-01   6.97e-01   5.89e-01   2.58e+00   0.00e+00 (  7.92e+01,  1.19e+02)
90      0.021   1.25e-01   2.17e-01   1.86e-01   6.29e-01   0.00e+00 (  2.37e+01,  1.13e+02)
95      0.006   3.23e-02   4.66e-02   4.12e-02   2.78e-01   0.00e+00 (  2.77e+00,  1.06e+02)
42 e: 6.180e-05 i: 2.634e-04 :: e: 2.206e-02 i: 2.105e-02 :: n: 2.763e+01 e:20.645 i:23.377 v:4.993e+03
>>> tau_he = 5.000000, nhe(0)=2.958069e+00
 5     -0.020   8.85e-03   2.69e-01   6.91e-03  -1.06e-01   0.00e+00 (  5.05e+00,  4.66e+01)
10     -0.058   7.34e-02   3.35e-02  -2.23e-02  -3.94e-01   0.00e+00 (  5.20e+01,  9.27e+01)
15      0.040   2.27e-01   2.86e-01   3.51e-02   3.22e-01   0.00e+00 (  1.47e+02,  1.31e+02)
20      0.105   2.13e-01   2.74e-01   9.12e-02   9.84e-01   0.00e+00 (  1.43e+02,  1.59e+02)
25      0.113   2.30e-01   3.04e-01   1.28e-01   1.20e+00   0.00e+00 (  1.50e+02,  1.82e+02)
30      0.115   2.48e-01   3.57e-01   1.33e-01   1.34e+00   0.00e+00 (  1.54e+02,  1.99e+02)
35      0.119   2.68e-01   4.21e-01   1.56e-01   1.51e+00   0.00e+00 (  1.50e+02,  2.05e+02)
40      0.136   3.03e-01   5.49e-01   1.76e-01   1.84e+00   0.00e+00 (  1.46e+02,  2.04e+02)
45      0.157   3.49e-01   6.91e-01   2.78e-01   2.26e+00   0.00e+00 (  1.39e+02,  1.99e+02)
50      0.171   3.84e-01   8.04e-01   3.58e-01   2.58e+00   0.00e+00 (  1.28e+02,  1.90e+02)
55      0.186   4.21e-01   9.02e-01   4.80e-01   2.92e+00   0.00e+00 (  1.18e+02,  1.78e+02)
60      0.199   4.54e-01   9.73e-01   5.99e-01   3.23e+00   0.00e+00 (  1.09e+02,  1.67e+02)
65      0.208   4.79e-01   1.02e+00   7.08e-01   3.48e+00   0.00e+00 (  1.00e+02,  1.55e+02)
70      0.211   4.97e-01   1.04e+00   7.78e-01   3.61e+00   0.00e+00 (  9.33e+01,  1.44e+02)
75      0.201   4.94e-01   1.01e+00   7.98e-01   3.51e+00   0.00e+00 (  8.70e+01,  1.34e+02)
80      0.176   4.53e-01   9.15e-01   7.50e-01   3.18e+00   0.00e+00 (  8.07e+01,  1.26e+02)
85      0.127   3.70e-01   6.97e-01   5.89e-01   2.58e+00   0.00e+00 (  7.93e+01,  1.19e+02)
90      0.021   1.25e-01   2.17e-01   1.86e-01   6.29e-01   0.00e+00 (  2.37e+01,  1.13e+02)
95      0.006   3.23e-02   4.66e-02   4.12e-02   2.78e-01   0.00e+00 (  2.77e+00,  1.06e+02)
43 e: 1.118e-05 i: 5.068e-05 :: e: 1.150e-02 i: 1.070e-02 :: n: 2.763e+01 e:20.638 i:23.359 v:4.993e+03
>>> tau_he = 5.000000, nhe(0)=2.956428e+00
 5     -0.020   8.90e-03   2.68e-01   6.94e-03  -1.07e-01   0.00e+00 (  5.10e+00,  4.66e+01)
10     -0.058   7.37e-02   3.44e-02  -2.39e-02  -3.97e-01   0.00e+00 (  5.23e+01,  9.27e+01)
15      0.036   2.22e-01   2.81e-01   3.22e-02   2.90e-01   0.00e+00 (  1.42e+02,  1.31e+02)
20      0.100   2.12e-01   2.71e-01   9.23e-02   9.39e-01   0.00e+00 (  1.42e+02,  1.59e+02)
25      0.113   2.30e-01   3.04e-01   1.28e-01   1.20e+00   0.00e+00 (  1.50e+02,  1.82e+02)
30      0.115   2.48e-01   3.57e-01   1.34e-01   1.34e+00   0.00e+00 (  1.54e+02,  1.99e+02)
35      0.117   2.73e-01   4.23e-01   1.62e-01   1.49e+00   0.00e+00 (  1.53e+02,  2.05e+02)
40      0.136   3.03e-01   5.48e-01   1.75e-01   1.84e+00   0.00e+00 (  1.46e+02,  2.04e+02)
45      0.157   3.49e-01   6.90e-01   2.78e-01   2.26e+00   0.00e+00 (  1.39e+02,  1.99e+02)
50      0.171   3.84e-01   8.04e-01   3.58e-01   2.58e+00   0.00e+00 (  1.28e+02,  1.90e+02)
55      0.186   4.21e-01   9.02e-01   4.80e-01   2.92e+00   0.00e+00 (  1.18e+02,  1.78e+02)
60      0.199   4.54e-01   9.73e-01   5.98e-01   3.23e+00   0.00e+00 (  1.09e+02,  1.67e+02)
65      0.208   4.79e-01   1.02e+00   7.08e-01   3.48e+00   0.00e+00 (  1.00e+02,  1.55e+02)
70      0.211   4.97e-01   1.04e+00   7.77e-01   3.61e+00   0.00e+00 (  9.33e+01,  1.44e+02)
75      0.201   4.94e-01   1.01e+00   7.97e-01   3.51e+00   0.00e+00 (  8.70e+01,  1.34e+02)
80      0.176   4.53e-01   9.15e-01   7.50e-01   3.18e+00   0.00e+00 (  8.06e+01,  1.26e+02)
85      0.127   3.70e-01   6.97e-01   5.89e-01   2.58e+00   0.00e+00 (  7.93e+01,  1.19e+02)
90      0.021   1.25e-01   2.17e-01   1.86e-01   6.29e-01   0.00e+00 (  2.37e+01,  1.13e+02)
95      0.006   3.23e-02   4.66e-02   4.12e-02   2.78e-01   0.00e+00 (  2.77e+00,  1.06e+02)
44 e: 1.616e-05 i: 4.844e-05 :: e: 9.670e-03 i: 8.807e-03 :: n: 2.763e+01 e:20.609 i:23.311 v:4.993e+03
>>> tau_he = 5.000000, nhe(0)=2.952078e+00
 5     -0.020   8.86e-03   2.66e-01   6.92e-03  -1.07e-01   0.00e+00 (  5.07e+00,  4.66e+01)
10     -0.057   7.35e-02   3.46e-02  -2.42e-02  -3.91e-01   0.00e+00 (  5.19e+01,  9.27e+01)
15     -0.012   1.16e-01   9.28e-02  -2.20e-02  -9.68e-02   0.00e+00 (  7.33e+01,  1.31e+02)
20      0.096   2.06e-01   2.70e-01   8.98e-02   8.99e-01   0.00e+00 (  1.37e+02,  1.59e+02)
25      0.113   2.30e-01   3.04e-01   1.28e-01   1.20e+00   0.00e+00 (  1.50e+02,  1.82e+02)
30      0.115   2.48e-01   3.57e-01   1.34e-01   1.34e+00   0.00e+00 (  1.55e+02,  1.99e+02)
35      0.120   2.69e-01   4.22e-01   1.45e-01   1.52e+00   0.00e+00 (  1.51e+02,  2.05e+02)
40      0.136   3.03e-01   5.50e-01   1.75e-01   1.85e+00   0.00e+00 (  1.46e+02,  2.04e+02)
45      0.157   3.50e-01   6.92e-01   2.78e-01   2.26e+00   0.00e+00 (  1.40e+02,  1.99e+02)
50      0.171   3.84e-01   8.05e-01   3.59e-01   2.58e+00   0.00e+00 (  1.28e+02,  1.90e+02)
55      0.186   4.23e-01   9.06e-01   4.79e-01   2.93e+00   0.00e+00 (  1.19e+02,  1.78e+02)
60      0.199   4.54e-01   9.74e-01   5.99e-01   3.23e+00   0.00e+00 (  1.09e+02,  1.67e+02)
65      0.208   4.79e-01   1.02e+00   7.08e-01   3.48e+00   0.00e+00 (  1.00e+02,  1.55e+02)
70      0.211   4.97e-01   1.04e+00   7.78e-01   3.61e+00   0.00e+00 (  9.34e+01,  1.44e+02)
75      0.201   4.94e-01   1.01e+00   7.98e-01   3.51e+00   0.00e+00 (  8.71e+01,  1.34e+02)
80      0.176   4.53e-01   9.15e-01   7.51e-01   3.18e+00   0.00e+00 (  8.07e+01,  1.26e+02)
85      0.127   3.70e-01   6.97e-01   5.90e-01   2.58e+00   0.00e+00 (  7.93e+01,  1.19e+02)
90      0.021   1.25e-01   2.17e-01   1.86e-01   6.29e-01   0.00e+00 (  2.37e+01,  1.13e+02)
95      0.006   3.23e-02   4.66e-02   4.12e-02   2.78e-01   0.00e+00 (  2.77e+00,  1.06e+02)
45 e: 3.742e-05 i: 1.783e-04 :: e: 1.390e-02 i: 1.396e-02 :: n: 2.763e+01 e:20.629 i:23.348 v:4.993e+03
>>> tau_he = 5.000000, nhe(0)=2.955484e+00
 5     -0.020   8.86e-03   2.68e-01   6.92e-03  -1.06e-01   0.00e+00 (  5.06e+00,  4.66e+01)
10     -0.058   7.35e-02   3.38e-02  -2.24e-02  -3.96e-01   0.00e+00 (  5.20e+01,  9.27e+01)
15      0.040   2.26e-01   2.85e-01   3.49e-02   3.25e-01   0.00e+00 (  1.46e+02,  1.31e+02)
20      0.095   2.05e-01   2.69e-01   8.95e-02   8.96e-01   0.00e+00 (  1.36e+02,  1.59e+02)
25      0.113   2.29e-01   3.03e-01   1.27e-01   1.19e+00   0.00e+00 (  1.49e+02,  1.82e+02)
30      0.115   2.48e-01   3.57e-01   1.34e-01   1.34e+00   0.00e+00 (  1.54e+02,  1.99e+02)
35      0.117   2.73e-01   4.24e-01   1.62e-01   1.49e+00   0.00e+00 (  1.53e+02,  2.05e+02)
40      0.136   3.03e-01   5.49e-01   1.75e-01   1.85e+00   0.00e+00 (  1.46e+02,  2.04e+02)
45      0.157   3.50e-01   6.91e-01   2.78e-01   2.26e+00   0.00e+00 (  1.39e+02,  1.99e+02)
50      0.171   3.84e-01   8.05e-01   3.59e-01   2.58e+00   0.00e+00 (  1.28e+02,  1.90e+02)
55      0.186   4.21e-01   9.02e-01   4.80e-01   2.92e+00   0.00e+00 (  1.18e+02,  1.78e+02)
60      0.199   4.54e-01   9.73e-01   5.99e-01   3.23e+00   0.00e+00 (  1.09e+02,  1.67e+02)
65      0.208   4.79e-01   1.02e+00   7.08e-01   3.48e+00   0.00e+00 (  1.00e+02,  1.55e+02)
70      0.211   4.97e-01   1.04e+00   7.77e-01   3.61e+00   0.00e+00 (  9.33e+01,  1.44e+02)
75      0.201   4.94e-01   1.01e+00   7.98e-01   3.51e+00   0.00e+00 (  8.70e+01,  1.34e+02)
80      0.176   4.53e-01   9.15e-01   7.50e-01   3.18e+00   0.00e+00 (  8.07e+01,  1.26e+02)
85      0.127   3.70e-01   6.97e-01   5.90e-01   2.58e+00   0.00e+00 (  7.93e+01,  1.19e+02)
90      0.021   1.25e-01   2.17e-01   1.86e-01   6.29e-01   0.00e+00 (  2.37e+01,  1.13e+02)
95      0.006   3.23e-02   4.66e-02   4.12e-02   2.78e-01   0.00e+00 (  2.77e+00,  1.06e+02)
46 e: 1.111e-05 i: 4.829e-05 :: e: 9.238e-03 i: 8.756e-03 :: n: 2.763e+01 e:20.607 i:23.316 v:4.993e+03
>>> tau_he = 5.000000, nhe(0)=2.952519e+00
 5     -0.020   8.87e-03   2.67e-01   6.92e-03  -1.07e-01   0.00e+00 (  5.07e+00,  4.66e+01)
10     -0.058   7.36e-02   3.45e-02  -2.40e-02  -3.95e-01   0.00e+00 (  5.21e+01,  9.27e+01)
15      0.036   2.21e-01   2.80e-01   3.19e-02   2.97e-01   0.00e+00 (  1.41e+02,  1.31e+02)
20      0.045   1.21e-01   1.27e-01  -4.14e-03   4.27e-01   0.00e+00 (  8.02e+01,  1.59e+02)
25      0.113   2.29e-01   3.03e-01   1.27e-01   1.19e+00   0.00e+00 (  1.49e+02,  1.82e+02)
30      0.115   2.48e-01   3.57e-01   1.34e-01   1.34e+00   0.00e+00 (  1.54e+02,  1.99e+02)
35      0.120   2.69e-01   4.21e-01   1.45e-01   1.52e+00   0.00e+00 (  1.51e+02,  2.05e+02)
40      0.136   3.03e-01   5.49e-01   1.75e-01   1.85e+00   0.00e+00 (  1.46e+02,  2.04e+02)
45      0.157   3.50e-01   6.91e-01   2.78e-01   2.26e+00   0.00e+00 (  1.39e+02,  1.99e+02)
50      0.171   3.84e-01   8.05e-01   3.59e-01   2.58e+00   0.00e+00 (  1.28e+02,  1.90e+02)
55      0.186   4.21e-01   9.02e-01   4.80e-01   2.93e+00   0.00e+00 (  1.18e+02,  1.78e+02)
60      0.199   4.54e-01   9.74e-01   5.99e-01   3.23e+00   0.00e+00 (  1.09e+02,  1.67e+02)
65      0.208   4.79e-01   1.02e+00   7.08e-01   3.48e+00   0.00e+00 (  1.00e+02,  1.55e+02)
70      0.211   4.97e-01   1.04e+00   7.78e-01   3.61e+00   0.00e+00 (  9.33e+01,  1.44e+02)
75      0.201   4.94e-01   1.01e+00   7.98e-01   3.51e+00   0.00e+00 (  8.70e+01,  1.34e+02)
80      0.176   4.53e-01   9.15e-01   7.51e-01   3.18e+00   0.00e+00 (  8.07e+01,  1.26e+02)
85      0.127   3.70e-01   6.97e-01   5.90e-01   2.58e+00   0.00e+00 (  7.93e+01,  1.19e+02)
90      0.021   1.25e-01   2.17e-01   1.86e-01   6.29e-01   0.00e+00 (  2.37e+01,  1.13e+02)
95      0.006   3.23e-02   4.66e-02   4.12e-02   2.78e-01   0.00e+00 (  2.77e+00,  1.06e+02)
47 e: 4.517e-05 i: 1.739e-04 :: e: 1.526e-02 i: 1.419e-02 :: n: 2.763e+01 e:20.606 i:23.319 v:4.993e+03
>>> tau_he = 5.000000, nhe(0)=2.952858e+00
 5     -0.020   8.84e-03   2.67e-01   6.91e-03  -1.06e-01   0.00e+00 (  5.05e+00,  4.66e+01)
10     -0.057   7.33e-02   3.43e-02  -2.39e-02  -3.86e-01   0.00e+00 (  5.17e+01,  9.27e+01)
15     -0.011   1.16e-01   9.29e-02  -2.21e-02  -9.37e-02   0.00e+00 (  7.33e+01,  1.31e+02)
20      0.097   2.08e-01   2.73e-01   9.26e-02   9.13e-01   0.00e+00 (  1.39e+02,  1.59e+02)
25      0.113   2.30e-01   3.04e-01   1.29e-01   1.20e+00   0.00e+00 (  1.50e+02,  1.82e+02)
30      0.115   2.48e-01   3.57e-01   1.34e-01   1.34e+00   0.00e+00 (  1.54e+02,  1.99e+02)
35      0.120   2.69e-01   4.21e-01   1.45e-01   1.52e+00   0.00e+00 (  1.51e+02,  2.05e+02)
40      0.136   3.03e-01   5.50e-01   1.76e-01   1.85e+00   0.00e+00 (  1.46e+02,  2.04e+02)
45      0.157   3.50e-01   6.91e-01   2.78e-01   2.26e+00   0.00e+00 (  1.39e+02,  1.99e+02)
50      0.171   3.84e-01   8.05e-01   3.59e-01   2.58e+00   0.00e+00 (  1.28e+02,  1.90e+02)
55      0.186   4.21e-01   9.03e-01   4.80e-01   2.93e+00   0.00e+00 (  1.18e+02,  1.78e+02)
60      0.199   4.54e-01   9.74e-01   5.99e-01   3.23e+00   0.00e+00 (  1.09e+02,  1.67e+02)
65      0.208   4.79e-01   1.02e+00   7.08e-01   3.48e+00   0.00e+00 (  1.00e+02,  1.55e+02)
70      0.211   4.97e-01   1.04e+00   7.78e-01   3.61e+00   0.00e+00 (  9.33e+01,  1.44e+02)
75      0.201   4.94e-01   1.01e+00   7.98e-01   3.51e+00   0.00e+00 (  8.70e+01,  1.34e+02)
80      0.176   4.53e-01   9.15e-01   7.50e-01   3.18e+00   0.00e+00 (  8.07e+01,  1.26e+02)
85      0.127   3.70e-01   6.97e-01   5.90e-01   2.58e+00   0.00e+00 (  7.93e+01,  1.19e+02)
90      0.021   1.25e-01   2.17e-01   1.86e-01   6.29e-01   0.00e+00 (  2.37e+01,  1.13e+02)
95      0.006   3.23e-02   4.66e-02   4.12e-02   2.78e-01   0.00e+00 (  2.77e+00,  1.06e+02)
48 e: 4.307e-05 i: 1.938e-04 :: e: 1.380e-02 i: 1.363e-02 :: n: 2.763e+01 e:20.640 i:23.370 v:4.993e+03
>>> tau_he = 5.000000, nhe(0)=2.957425e+00
 5     -0.020   8.87e-03   2.69e-01   6.92e-03  -1.06e-01   0.00e+00 (  5.07e+00,  4.66e+01)
10     -0.058   7.35e-02   3.37e-02  -2.24e-02  -3.96e-01   0.00e+00 (  5.20e+01,  9.27e+01)
15      0.040   2.27e-01   2.86e-01   3.51e-02   3.26e-01   0.00e+00 (  1.46e+02,  1.31e+02)
20      0.100   2.12e-01   2.71e-01   9.27e-02   9.40e-01   0.00e+00 (  1.42e+02,  1.59e+02)
25      0.113   2.30e-01   3.04e-01   1.28e-01   1.19e+00   0.00e+00 (  1.50e+02,  1.82e+02)
30      0.115   2.48e-01   3.57e-01   1.34e-01   1.34e+00   0.00e+00 (  1.54e+02,  1.99e+02)
35      0.117   2.73e-01   4.24e-01   1.62e-01   1.49e+00   0.00e+00 (  1.53e+02,  2.05e+02)
40      0.136   3.03e-01   5.49e-01   1.76e-01   1.84e+00   0.00e+00 (  1.46e+02,  2.04e+02)
45      0.157   3.49e-01   6.91e-01   2.78e-01   2.26e+00   0.00e+00 (  1.39e+02,  1.99e+02)
50      0.171   3.84e-01   8.04e-01   3.58e-01   2.58e+00   0.00e+00 (  1.28e+02,  1.90e+02)
55      0.186   4.21e-01   9.02e-01   4.80e-01   2.92e+00   0.00e+00 (  1.18e+02,  1.78e+02)
60      0.198   4.53e-01   9.73e-01   5.98e-01   3.23e+00   0.00e+00 (  1.09e+02,  1.67e+02)
65      0.208   4.78e-01   1.02e+00   7.07e-01   3.48e+00   0.00e+00 (  1.00e+02,  1.55e+02)
70      0.211   4.97e-01   1.04e+00   7.77e-01   3.61e+00   0.00e+00 (  9.32e+01,  1.44e+02)
75      0.200   4.94e-01   1.01e+00   7.97e-01   3.50e+00   0.00e+00 (  8.69e+01,  1.34e+02)
80      0.176   4.53e-01   9.15e-01   7.50e-01   3.18e+00   0.00e+00 (  8.06e+01,  1.26e+02)
85      0.127   3.70e-01   6.97e-01   5.90e-01   2.58e+00   0.00e+00 (  7.93e+01,  1.19e+02)
90      0.021   1.25e-01   2.17e-01   1.86e-01   6.29e-01   0.00e+00 (  2.37e+01,  1.13e+02)
95      0.006   3.23e-02   4.66e-02   4.12e-02   2.78e-01   0.00e+00 (  2.77e+00,  1.06e+02)
49 e: 1.337e-05 i: 5.207e-05 :: e: 9.701e-03 i: 8.606e-03 :: n: 2.763e+01 e:20.618 i:23.339 v:4.993e+03
 plasma volume = 147.335937
 stored energy(e,i,b,a) = 3.854169e+01 3.600254e+01 0.000000e+00 0.000000e+00
 betan = 0.852612
*power
 Pnb(e,i) = 0.000000e+00 0.000000e+00
 Prf(e,i) = 1.089227e+01 2.916132e+01
 Prad     = -1.114382e+01 
 Pei      = -5.296820e+00 
 Pfuse    = 3.294259e+01 
 Pfusi    = 1.068243e+01 
 Poh      = 0.000000e+00 
*confinement time
 taut, tauITER98y2, H98y2 : 1.027703e+00 1.607630e+00 6.392661e-01
 taue, taui : 1.406928e+00 2.253081e+00
 taut, tau89, H89 : 1.027703e+00 8.048812e-01 1.276838e+00
*temperature
 nea, nebar : 1.773354e+01 2.075164e+01 
 tea, tia : 5.044411e+00 4.921031e+00 (1.025072e+00)
 te0, ti0 : 1.773028e+01 1.831096e+01 (9.682875e-01)
 Sn : 0.000000e+00 
*current balance
 Ip,Ibs,Inb,Irf: 1.000000e+01 1.413291e+00 0.000000e+00 2.544527e-01
 fni,fbs: 0.167 0.141

 plasma volume = 147.335937
 stored energy(e,i,b,a) = 3.854169e+01 3.600254e+01 0.000000e+00 0.000000e+00
 betan = 0.852612
*power
 Pnb(e,i) = 0.000000e+00 0.000000e+00
 Prf(e,i) = 1.089227e+01 2.916132e+01
 Prad     = -1.114382e+01 
 Pei      = -5.296820e+00 
 Pfuse    = 3.294259e+01 
 Pfusi    = 1.068243e+01 
 Poh      = 0.000000e+00 
*confinement time
 taut, tauITER98y2, H98y2 : 1.027703e+00 1.607630e+00 6.392661e-01
 taue, taui : 1.406928e+00 2.253081e+00
 taut, tau89, H89 : 1.027703e+00 8.048812e-01 1.276838e+00
*temperature
 nea, nebar : 1.773354e+01 2.075164e+01 
 tea, tia : 5.044411e+00 4.921031e+00 (1.025072e+00)
 te0, ti0 : 1.773028e+01 1.831096e+01 (9.682875e-01)
 Sn : 0.000000e+00 
*current balance
 Ip,Ibs,Inb,Irf: 1.000000e+01 1.413291e+00 0.000000e+00 2.544527e-01
 fni,fbs: 0.167 0.141
 ELAPASED TIME = 1910 sec

finalize
