========================================================================
= FASTRAN

nonlinear model = 1
ichi = 0
ineo = 0
reading state...
read formatted input, inprof...
init geometry...
read formatted input, inmetric...
nrho in inmetric = 101
rhob in inmetric = 1.382035e+00
solve avg grad-shafranv...
solve_avg_gs::Ip_temp = 3.274954e+00 
solve_avg_gs::Ip      = 1.000000e+01 
>>> tau_he = 5.000000, nhe(0)=2.395067e+00

 plasma volume = 177.858874
 stored energy(e,i,b) = 7.398427e+01 6.919929e+01 0.000000e+00
 betan = 1.471945
*power
 Pnb(e,i) = 0.000000e+00 0.000000e+00
 Prf(e,i) = 4.560377e+00 2.823518e+01
 Prad     = -2.572066e+01 
 Pei      = 2.444097e+00 
 Pfuse    = 7.295123e+01 
 Pfusi    = 2.338347e+01 
 Poh      = 0.000000e+00 
*confinement time
 taut, tauITER98y2, H98y2 : 1.384626e+00 1.406339e+00 9.845606e-01
 taue, taui : 1.364141e+00 3.304745e+00
 taut, tau89, H89 : 1.384626e+00 7.114550e-01 1.946188e+00
*temperature
 nea, nebar : 1.985379e+01 2.224508e+01 
 tea, tia : 7.836714e+00 7.896340e+00 (9.924489e-01)
 te0, ti0 : 1.881385e+01 1.901400e+01 (9.894732e-01)
 Sn : 0.000000e+00 
*current balance
 Ip,Ibs,Inb,Irf: 1.000000e+01 2.591019e+00 0.000000e+00 0.000000e+00
 fni,fbs: 0.259 0.259

 plasma volume = 177.858874
 stored energy(e,i,b) = 7.398427e+01 6.919929e+01 0.000000e+00
 betan = 1.471945
*power
 Pnb(e,i) = 0.000000e+00 0.000000e+00
 Prf(e,i) = 4.560377e+00 2.823518e+01
 Prad     = -2.572066e+01 
 Pei      = 2.444097e+00 
 Pfuse    = 7.295123e+01 
 Pfusi    = 2.338347e+01 
 Poh      = 0.000000e+00 
*confinement time
 taut, tauITER98y2, H98y2 : 1.384626e+00 1.406339e+00 9.845606e-01
 taue, taui : 1.364141e+00 3.304745e+00
 taut, tau89, H89 : 1.384626e+00 7.114550e-01 1.946188e+00
*temperature
 nea, nebar : 1.985379e+01 2.224508e+01 
 tea, tia : 7.836714e+00 7.896340e+00 (9.924489e-01)
 te0, ti0 : 1.881385e+01 1.901400e+01 (9.894732e-01)
 Sn : 0.000000e+00 
*current balance
 Ip,Ibs,Inb,Irf: 1.000000e+01 2.591019e+00 0.000000e+00 0.000000e+00
 fni,fbs: 0.259 0.259
 ELAPASED TIME = 0 sec
