NCAPTC: : NetCDF: Variable not found
Warning: ieee_overflow is signaling
Warning: ieee_underflow is signaling
Warning: ieee_inexact is signaling
FORTRAN STOP
 solver
 /global/common/software/atom/perlmutter/data/greentable/
 /global/common/software/atom/perlmutter/data/greentable/

          EFITD Version  07/09/2014


 type mode (2=file, 3=snap, 4=time, 5=input, 6=com file, 7=snap_ext):

 number of time slices?

 type input file names:
 #
 table_dir = </global/common/software/atom/perlmutter/data/greentable/>

  ----- time =     3 ms ----- ( 0)
 it=  1 chi2=0.00E+00 zm= 7.53E-03 err=5.202E+00 dz= 7.535E-03 chigam= 0.00E+00
 it=  2 chi2=0.00E+00 zm= 1.07E-02 err=8.408E-01 dz= 3.185E-03 chigam= 0.00E+00
 it=  3 chi2=0.00E+00 zm= 1.31E-02 err=4.792E-01 dz= 2.404E-03 chigam= 0.00E+00
 it=  4 chi2=0.00E+00 zm= 1.49E-02 err=2.825E-01 dz= 1.822E-03 chigam= 0.00E+00
 it=  5 chi2=0.00E+00 zm= 1.63E-02 err=1.727E-01 dz= 1.394E-03 chigam= 0.00E+00
 it=  6 chi2=0.00E+00 zm= 1.74E-02 err=1.035E-01 dz= 1.060E-03 chigam= 0.00E+00
 it=  7 chi2=0.00E+00 zm= 1.82E-02 err=6.383E-02 dz= 8.042E-04 chigam= 0.00E+00
 it=  8 chi2=0.00E+00 zm= 1.88E-02 err=4.402E-02 dz= 6.118E-04 chigam= 0.00E+00
 it=  9 chi2=0.00E+00 zm= 1.93E-02 err=2.491E-02 dz= 4.524E-04 chigam= 0.00E+00
 it= 10 chi2=0.00E+00 zm= 1.96E-02 err=1.658E-02 dz= 3.378E-04 chigam= 0.00E+00
 it= 11 chi2=0.00E+00 zm= 1.99E-02 err=7.342E-03 dz= 2.456E-04 chigam= 0.00E+00
 it= 12 chi2=0.00E+00 zm= 2.00E-02 err=5.301E-03 dz= 1.805E-04 chigam= 0.00E+00
 it= 13 chi2=0.00E+00 zm= 2.02E-02 err=3.782E-03 dz= 1.324E-04 chigam= 0.00E+00
 it= 14 chi2=0.00E+00 zm= 2.03E-02 err=2.678E-03 dz= 9.697E-05 chigam= 0.00E+00
 it= 15 chi2=0.00E+00 zm= 2.03E-02 err=1.381E-03 dz= 6.743E-05 chigam= 0.00E+00
 it= 16 chi2=0.00E+00 zm= 2.04E-02 err=8.749E-04 dz= 4.872E-05 chigam= 0.00E+00
 it= 17 chi2=0.00E+00 zm= 2.04E-02 err=5.989E-04 dz= 3.524E-05 chigam= 0.00E+00
 it= 18 chi2=0.00E+00 zm= 2.04E-02 err=4.230E-04 dz= 2.552E-05 chigam= 0.00E+00
 it= 19 chi2=0.00E+00 zm= 2.05E-02 err=3.008E-04 dz= 1.850E-05 chigam= 0.00E+00
 it= 20 chi2=0.00E+00 zm= 2.05E-02 err=2.145E-04 dz= 1.342E-05 chigam= 0.00E+00
 it= 21 chi2=0.00E+00 zm= 2.05E-02 err=1.659E-04 dz= 9.744E-06 chigam= 0.00E+00
 it= 22 chi2=0.00E+00 zm= 2.05E-02 err=1.264E-04 dz= 7.078E-06 chigam= 0.00E+00
 it= 23 chi2=0.00E+00 zm= 2.05E-02 err=9.412E-05 dz= 5.145E-06 chigam= 0.00E+00

      ******************** EFITD129 x 129  output ********************

       data used:   
  0 flux loops
  0 magnetic probes(i)
  0 full rogowski
  0 diamagnetic loop


 shot #   =          1 time(ms) =          3 chi**2   =  0.000E+00
 betat(%) =      1.038 betap    =      0.522 li       =      0.860
 vol(cm3) =  0.775E+07 rout(cm) =    172.157 zout(cm) =      0.814
 elong    =      1.344 utriang  =     -0.373 ltriang  =     -0.309
 a(cm)    =     41.388 lin(cm)  = ********** lout(cm) =     10.630
 ltop(cm) = ********** q*       =      2.302 rc(cm)   =    176.444
 zc(cm)   =      1.821 bt0(t)   =      2.000 qout     =      2.199
