Dakota version 6.15 released Nov. 15 2021.
Repository revision fbfa1db (2021-11-04) built Jul 30 2024 13:15:11.
Running serial Dakota executable in serial mode.
Start time: Tue Aug 19 13:49:18 2025

-----------------------
Begin DAKOTA input file
dakota.in.resolved
-----------------------

strategy
single_method
tabular_graphics_data

model
single

interface
fork asynchronous evaluation_concurrency = 4 file_tag, file_save
analysis_driver = 'ips_dakota_client.py'
parameters_file = 'params.in'
results_file    = 'results.out'
failure_capture = recover -1.0 -1.0

responses
num_objective_functions = 2
no_gradients
no_hessians

variables
continuous_design = 17
descriptors
'efit__TIME_ID'
'fastran_init__R0'
'fastran_init__A0'
'fastran_init__KAPPA'
'fastran_init__DELTA'
'fastran_init__B0'
'fastran_init__IP'
'fastran_init__XWID'
'fastran_init__XMID'
'fastran_init__NE_AXIS'
'fastran_init__NE_PED'
'fastran_init__NE_SEP'
'fastran_init__TE_AXIS'
'fastran_init__TE_PED'
'fastran_init__TI_AXIS'
'fastran_init__TI_PED'
'fastran_init__H98_TARGET'

method
list_parameter_study
list_of_points =
0 4.550000e+00 1.200000e+00 1.400000e+00 -5.000000e-01 1.100000e+01 1.000000e+01 1.000000e-01 9.500000e-01 2.760000e+01 1.300000e+01 9.000000e+00 1.880000e+01 1.000000e+00 1.900000e+01 1.000000e+00 8.000000e-01
1 4.550000e+00 1.200000e+00 1.400000e+00 -5.000000e-01 1.100000e+01 1.000000e+01 1.000000e-01 9.500000e-01 2.760000e+01 1.300000e+01 9.000000e+00 1.880000e+01 3.000000e+00 1.900000e+01 3.000000e+00 8.000000e-01
2 4.550000e+00 1.200000e+00 1.400000e+00 -5.000000e-01 1.100000e+01 1.000000e+01 1.000000e-01 9.500000e-01 2.760000e+01 1.500000e+01 9.000000e+00 1.880000e+01 1.000000e+00 1.900000e+01 1.000000e+00 8.000000e-01
3 4.550000e+00 1.200000e+00 1.400000e+00 -5.000000e-01 1.100000e+01 1.000000e+01 1.000000e-01 9.500000e-01 2.760000e+01 1.500000e+01 9.000000e+00 1.880000e+01 3.000000e+00 1.900000e+01 3.000000e+00 8.000000e-01
---------------------
End DAKOTA input file
---------------------

Using Dakota input file 'dakota.in.resolved'

Unrecognized keyword "strategy", input line 2.

Unrecognized keyword "single_method", input line 3.

Unrecognized keyword "tabular_graphics_data", input line 4.
Writing new restart file 'dakota.rst'.

>>>>> Executing environment.

>>>>> Running list_parameter_study iterator.

List parameter study for 4 samples


---------------------
Begin Evaluation    1
---------------------
Parameters for evaluation 1:
                      0.0000000000e+00 efit__TIME_ID
                      4.5500000000e+00 fastran_init__R0
                      1.2000000000e+00 fastran_init__A0
                      1.4000000000e+00 fastran_init__KAPPA
                     -5.0000000000e-01 fastran_init__DELTA
                      1.1000000000e+01 fastran_init__B0
                      1.0000000000e+01 fastran_init__IP
                      1.0000000000e-01 fastran_init__XWID
                      9.5000000000e-01 fastran_init__XMID
                      2.7600000000e+01 fastran_init__NE_AXIS
                      1.3000000000e+01 fastran_init__NE_PED
                      9.0000000000e+00 fastran_init__NE_SEP
                      1.8800000000e+01 fastran_init__TE_AXIS
                      1.0000000000e+00 fastran_init__TE_PED
                      1.9000000000e+01 fastran_init__TI_AXIS
                      1.0000000000e+00 fastran_init__TI_PED
                      8.0000000000e-01 fastran_init__H98_TARGET

(Asynchronous job 1 added to queue)

---------------------
Begin Evaluation    2
---------------------
Parameters for evaluation 2:
                      1.0000000000e+00 efit__TIME_ID
                      4.5500000000e+00 fastran_init__R0
                      1.2000000000e+00 fastran_init__A0
                      1.4000000000e+00 fastran_init__KAPPA
                     -5.0000000000e-01 fastran_init__DELTA
                      1.1000000000e+01 fastran_init__B0
                      1.0000000000e+01 fastran_init__IP
                      1.0000000000e-01 fastran_init__XWID
                      9.5000000000e-01 fastran_init__XMID
                      2.7600000000e+01 fastran_init__NE_AXIS
                      1.3000000000e+01 fastran_init__NE_PED
                      9.0000000000e+00 fastran_init__NE_SEP
                      1.8800000000e+01 fastran_init__TE_AXIS
                      3.0000000000e+00 fastran_init__TE_PED
                      1.9000000000e+01 fastran_init__TI_AXIS
                      3.0000000000e+00 fastran_init__TI_PED
                      8.0000000000e-01 fastran_init__H98_TARGET

(Asynchronous job 2 added to queue)

---------------------
Begin Evaluation    3
---------------------
Parameters for evaluation 3:
                      2.0000000000e+00 efit__TIME_ID
                      4.5500000000e+00 fastran_init__R0
                      1.2000000000e+00 fastran_init__A0
                      1.4000000000e+00 fastran_init__KAPPA
                     -5.0000000000e-01 fastran_init__DELTA
                      1.1000000000e+01 fastran_init__B0
                      1.0000000000e+01 fastran_init__IP
                      1.0000000000e-01 fastran_init__XWID
                      9.5000000000e-01 fastran_init__XMID
                      2.7600000000e+01 fastran_init__NE_AXIS
                      1.5000000000e+01 fastran_init__NE_PED
                      9.0000000000e+00 fastran_init__NE_SEP
                      1.8800000000e+01 fastran_init__TE_AXIS
                      1.0000000000e+00 fastran_init__TE_PED
                      1.9000000000e+01 fastran_init__TI_AXIS
                      1.0000000000e+00 fastran_init__TI_PED
                      8.0000000000e-01 fastran_init__H98_TARGET

(Asynchronous job 3 added to queue)

---------------------
Begin Evaluation    4
---------------------
Parameters for evaluation 4:
                      3.0000000000e+00 efit__TIME_ID
                      4.5500000000e+00 fastran_init__R0
                      1.2000000000e+00 fastran_init__A0
                      1.4000000000e+00 fastran_init__KAPPA
                     -5.0000000000e-01 fastran_init__DELTA
                      1.1000000000e+01 fastran_init__B0
                      1.0000000000e+01 fastran_init__IP
                      1.0000000000e-01 fastran_init__XWID
                      9.5000000000e-01 fastran_init__XMID
                      2.7600000000e+01 fastran_init__NE_AXIS
                      1.5000000000e+01 fastran_init__NE_PED
                      9.0000000000e+00 fastran_init__NE_SEP
                      1.8800000000e+01 fastran_init__TE_AXIS
                      3.0000000000e+00 fastran_init__TE_PED
                      1.9000000000e+01 fastran_init__TI_AXIS
                      3.0000000000e+00 fastran_init__TI_PED
                      8.0000000000e-01 fastran_init__H98_TARGET

(Asynchronous job 4 added to queue)

Blocking synchronize of 4 asynchronous evaluations
First pass: initiating 4 local asynchronous jobs
Initiating evaluation 1
nonblocking fork: ips_dakota_client.py params.in.1 results.out.1
Initiating evaluation 2
nonblocking fork: ips_dakota_client.py params.in.2 results.out.2
Initiating evaluation 3
nonblocking fork: ips_dakota_client.py params.in.3 results.out.3
Initiating evaluation 4
nonblocking fork: ips_dakota_client.py params.in.4 results.out.4
Waiting on completed jobs
Evaluation 1 has completed
Waiting on completed jobs
