cmd = /global/common/software/atom/perlmutter/cesol/conda/dev/bin/ips.py --simulation=/pscratch/sd/h/hswils/github_repos/MANTA_DBSCANS/tnbdry_scan/SCAN/dakota_bridge_1857735.conf --platform=/pscratch/sd/h/hswils/github_repos/MANTA_DBSCANS/tnbdry_scan/perlmutter_cpu.conf --verbose --log=ips_sweep.log
Aug 19 2025 13:49:10  Launched IPS
Aug 19 2025 13:49:10  0 ips_dakota_dynamic connecting to IPS dakota bridge <class 'FileNotFoundError'> [Errno 2] No such file or directory
Starting IPS 0.8.1
IPS SLURM_NODES =  [('nid005828', 256)]
Aug 19 2025 13:49:11  About to Create Listener /tmp/ips_dynamic_1857735.tmp
Aug 19 2025 13:49:11  Created Listener /tmp/ips_dynamic_1857735.tmp
Aug 19 2025 13:49:15  ips_dakota_dynamic received response from IPS  {'SIMSTATUS': 'ACK'}
Aug 19 2025 13:49:15  Launched DAKOTA
Redirecting stdout for fastran_FPP_000001_1857735_0000 to /pscratch/sd/h/hswils/github_repos/MANTA_DBSCANS/tnbdry_scan/SCAN/fastran_FPP_000001_1857735_0000.out 
Created <class 'fastran.driver.fastran_init.fastran_init'>
Created <class 'fastran.driver.fastran_driver.fastran_driver'>
Created <class 'fastran.equilibrium.efit.efit'>
Created <class 'fastran.solver.fastran.fastran'>
Created <class 'fastran.external.rf_ic_toric_abr_mcmd.toric'>
Created <class 'fastran.equilibrium.efit.efit'>
Created <class 'fastran.solver.fastran.fastran'>
Redirecting stdout for fastran_FPP_000001_1857735_0001 to /pscratch/sd/h/hswils/github_repos/MANTA_DBSCANS/tnbdry_scan/SCAN/fastran_FPP_000001_1857735_0001.out 
Created <class 'fastran.driver.fastran_init.fastran_init'>
Created <class 'fastran.driver.fastran_driver.fastran_driver'>
Created <class 'fastran.equilibrium.efit.efit'>
Created <class 'fastran.solver.fastran.fastran'>
Created <class 'fastran.external.rf_ic_toric_abr_mcmd.toric'>
Created <class 'fastran.equilibrium.efit.efit'>
Created <class 'fastran.solver.fastran.fastran'>
Redirecting stdout for fastran_FPP_000001_1857735_0002 to /pscratch/sd/h/hswils/github_repos/MANTA_DBSCANS/tnbdry_scan/SCAN/fastran_FPP_000001_1857735_0002.out 
Created <class 'fastran.driver.fastran_init.fastran_init'>
Created <class 'fastran.driver.fastran_driver.fastran_driver'>
Created <class 'fastran.equilibrium.efit.efit'>
Created <class 'fastran.solver.fastran.fastran'>
Created <class 'fastran.external.rf_ic_toric_abr_mcmd.toric'>
Created <class 'fastran.equilibrium.efit.efit'>
Created <class 'fastran.solver.fastran.fastran'>
Redirecting stdout for fastran_FPP_000001_1857735_0003 to /pscratch/sd/h/hswils/github_repos/MANTA_DBSCANS/tnbdry_scan/SCAN/fastran_FPP_000001_1857735_0003.out 
Created <class 'fastran.driver.fastran_init.fastran_init'>
Created <class 'fastran.driver.fastran_driver.fastran_driver'>
Created <class 'fastran.equilibrium.efit.efit'>
Created <class 'fastran.solver.fastran.fastran'>
Created <class 'fastran.external.rf_ic_toric_abr_mcmd.toric'>
Created <class 'fastran.equilibrium.efit.efit'>
Created <class 'fastran.solver.fastran.fastran'>
