NCAPTC: : NetCDF: Variable not found
Warning: ieee_overflow is signaling
Warning: ieee_underflow is signaling
Warning: ieee_inexact is signaling
FORTRAN STOP
 solver
 /global/common/software/atom/perlmutter/data/greentable/
 /global/common/software/atom/perlmutter/data/greentable/

          EFITD Version  07/09/2014


 type mode (2=file, 3=snap, 4=time, 5=input, 6=com file, 7=snap_ext):

 number of time slices?

 type input file names:
 #
 table_dir = </global/common/software/atom/perlmutter/data/greentable/>

  ----- time =     1 ms ----- ( 0)
 it=  1 chi2=0.00E+00 zm= 7.50E-03 err=4.533E+00 dz= 7.499E-03 chigam= 0.00E+00
 it=  2 chi2=0.00E+00 zm= 1.04E-02 err=9.443E-01 dz= 2.878E-03 chigam= 0.00E+00
 it=  3 chi2=0.00E+00 zm= 1.26E-02 err=5.169E-01 dz= 2.181E-03 chigam= 0.00E+00
 it=  4 chi2=0.00E+00 zm= 1.42E-02 err=2.820E-01 dz= 1.603E-03 chigam= 0.00E+00
 it=  5 chi2=0.00E+00 zm= 1.53E-02 err=1.574E-01 dz= 1.156E-03 chigam= 0.00E+00
 it=  6 chi2=0.00E+00 zm= 1.61E-02 err=8.657E-02 dz= 8.111E-04 chigam= 0.00E+00
 it=  7 chi2=0.00E+00 zm= 1.67E-02 err=4.975E-02 dz= 5.712E-04 chigam= 0.00E+00
 it=  8 chi2=0.00E+00 zm= 1.71E-02 err=2.890E-02 dz= 4.004E-04 chigam= 0.00E+00
 it=  9 chi2=0.00E+00 zm= 1.74E-02 err=1.843E-02 dz= 2.804E-04 chigam= 0.00E+00
 it= 10 chi2=0.00E+00 zm= 1.76E-02 err=1.131E-02 dz= 1.949E-04 chigam= 0.00E+00
 it= 11 chi2=0.00E+00 zm= 1.77E-02 err=7.339E-03 dz= 1.359E-04 chigam= 0.00E+00
 it= 12 chi2=0.00E+00 zm= 1.78E-02 err=4.859E-03 dz= 9.483E-05 chigam= 0.00E+00
 it= 13 chi2=0.00E+00 zm= 1.79E-02 err=3.046E-03 dz= 6.580E-05 chigam= 0.00E+00
 it= 14 chi2=0.00E+00 zm= 1.79E-02 err=1.953E-03 dz= 4.567E-05 chigam= 0.00E+00
 it= 15 chi2=0.00E+00 zm= 1.79E-02 err=1.460E-03 dz= 3.214E-05 chigam= 0.00E+00
 it= 16 chi2=0.00E+00 zm= 1.80E-02 err=8.326E-04 dz= 2.217E-05 chigam= 0.00E+00
 it= 17 chi2=0.00E+00 zm= 1.80E-02 err=5.164E-04 dz= 1.533E-05 chigam= 0.00E+00
 it= 18 chi2=0.00E+00 zm= 1.80E-02 err=3.263E-04 dz= 1.059E-05 chigam= 0.00E+00
 it= 19 chi2=0.00E+00 zm= 1.80E-02 err=4.148E-04 dz= 7.795E-06 chigam= 0.00E+00
 it= 20 chi2=0.00E+00 zm= 1.80E-02 err=1.571E-04 dz= 5.276E-06 chigam= 0.00E+00
 it= 21 chi2=0.00E+00 zm= 1.80E-02 err=5.229E-05 dz= 3.549E-06 chigam= 0.00E+00

      ******************** EFITD129 x 129  output ********************

       data used:   
  0 flux loops
  0 magnetic probes(i)
  0 full rogowski
  0 diamagnetic loop


 shot #   =          1 time(ms) =          1 chi**2   =  0.000E+00
 betat(%) =      0.945 betap    =      0.599 li       =      0.873
 vol(cm3) =  0.927E+07 rout(cm) =    170.927 zout(cm) =     -0.341
 elong    =      1.398 utriang  =     -0.519 ltriang  =     -0.490
 a(cm)    =     44.881 lin(cm)  = ********** lout(cm) =      0.899
 ltop(cm) = ********** q*       =      3.048 rc(cm)   =    176.788
 zc(cm)   =      1.424 bt0(t)   =      2.000 qout     =      2.898
