NCAPTC: : NetCDF: Variable not found
Warning: ieee_overflow is signaling
Warning: ieee_underflow is signaling
Warning: ieee_inexact is signaling
FORTRAN STOP
 solver
 /global/common/software/atom/perlmutter/data/greentable/
 /global/common/software/atom/perlmutter/data/greentable/

          EFITD Version  07/09/2014


 type mode (2=file, 3=snap, 4=time, 5=input, 6=com file, 7=snap_ext):

 number of time slices?

 type input file names:
 #
 table_dir = </global/common/software/atom/perlmutter/data/greentable/>

  ----- time =     0 ms ----- ( 0)
 it=  1 chi2=0.00E+00 zm= 7.53E-03 err=5.202E+00 dz= 7.535E-03 chigam= 0.00E+00
 it=  2 chi2=0.00E+00 zm= 1.07E-02 err=8.752E-01 dz= 3.137E-03 chigam= 0.00E+00
 it=  3 chi2=0.00E+00 zm= 1.30E-02 err=4.815E-01 dz= 2.337E-03 chigam= 0.00E+00
 it=  4 chi2=0.00E+00 zm= 1.48E-02 err=2.754E-01 dz= 1.747E-03 chigam= 0.00E+00
 it=  5 chi2=0.00E+00 zm= 1.61E-02 err=1.650E-01 dz= 1.324E-03 chigam= 0.00E+00
 it=  6 chi2=0.00E+00 zm= 1.71E-02 err=1.035E-01 dz= 1.013E-03 chigam= 0.00E+00
 it=  7 chi2=0.00E+00 zm= 1.79E-02 err=6.511E-02 dz= 7.656E-04 chigam= 0.00E+00
 it=  8 chi2=0.00E+00 zm= 1.84E-02 err=3.692E-02 dz= 5.696E-04 chigam= 0.00E+00
 it=  9 chi2=0.00E+00 zm= 1.88E-02 err=1.905E-02 dz= 4.205E-04 chigam= 0.00E+00
 it= 10 chi2=0.00E+00 zm= 1.92E-02 err=1.222E-02 dz= 3.087E-04 chigam= 0.00E+00
 it= 11 chi2=0.00E+00 zm= 1.94E-02 err=1.227E-02 dz= 2.320E-04 chigam= 0.00E+00
 it= 12 chi2=0.00E+00 zm= 1.96E-02 err=7.155E-03 dz= 1.674E-04 chigam= 0.00E+00
 it= 13 chi2=0.00E+00 zm= 1.97E-02 err=4.558E-03 dz= 1.220E-04 chigam= 0.00E+00
 it= 14 chi2=0.00E+00 zm= 1.98E-02 err=6.006E-03 dz= 8.712E-05 chigam= 0.00E+00
 it= 15 chi2=0.00E+00 zm= 1.98E-02 err=2.630E-03 dz= 5.949E-05 chigam= 0.00E+00
 it= 16 chi2=0.00E+00 zm= 1.99E-02 err=1.485E-03 dz= 4.219E-05 chigam= 0.00E+00
 it= 17 chi2=0.00E+00 zm= 1.99E-02 err=8.470E-04 dz= 2.996E-05 chigam= 0.00E+00
 it= 18 chi2=0.00E+00 zm= 1.99E-02 err=4.880E-04 dz= 2.130E-05 chigam= 0.00E+00
 it= 19 chi2=0.00E+00 zm= 1.99E-02 err=2.836E-04 dz= 1.517E-05 chigam= 0.00E+00
 it= 20 chi2=0.00E+00 zm= 1.99E-02 err=1.717E-04 dz= 1.083E-05 chigam= 0.00E+00
 it= 21 chi2=0.00E+00 zm= 2.00E-02 err=1.218E-04 dz= 7.735E-06 chigam= 0.00E+00
 it= 22 chi2=0.00E+00 zm= 2.00E-02 err=8.634E-05 dz= 5.534E-06 chigam= 0.00E+00

      ******************** EFITD129 x 129  output ********************

       data used:   
  0 flux loops
  0 magnetic probes(i)
  0 full rogowski
  0 diamagnetic loop


 shot #   =          1 time(ms) =          0 chi**2   =  0.000E+00
 betat(%) =      1.149 betap    =      0.582 li       =      0.855
 vol(cm3) =  0.779E+07 rout(cm) =    172.188 zout(cm) =      0.757
 elong    =      1.349 utriang  =     -0.372 ltriang  =     -0.308
 a(cm)    =     41.419 lin(cm)  = ********** lout(cm) =     10.569
 ltop(cm) = ********** q*       =      2.326 rc(cm)   =    176.834
 zc(cm)   =      1.793 bt0(t)   =      2.000 qout     =      2.212
