========================================================================
= FASTRAN

nonlinear model = 1
ichi = 0
ineo = 0
reading state...
read formatted input, inprof...
init geometry...
read formatted input, inmetric...
nrho in inmetric = 101
rhob in inmetric = 1.266081e+00
solve avg grad-shafranv...
solve_avg_gs::Ip_temp = 2.737186e+00 
solve_avg_gs::Ip      = 1.000000e+01 
>>> tau_he = 5.000000, nhe(0)=2.380013e+00

 plasma volume = 149.577937
 stored energy(e,i,b) = 6.489222e+01 6.042586e+01 0.000000e+00
 betan = 1.415459
*power
 Pnb(e,i) = 0.000000e+00 0.000000e+00
 Prf(e,i) = 0.000000e+00 0.000000e+00
 Prad     = -2.280283e+01 
 Pei      = 1.833474e+00 
 Pfuse    = 6.410587e+01 
 Pfusi    = 2.057085e+01 
 Poh      = 0.000000e+00 
*confinement time
 taut, tauITER98y2, H98y2 : 2.025379e+00 1.853380e+00 1.092803e+00
 taue, taui : 1.504346e+00 3.224883e+00
 taut, tau89, H89 : 2.025379e+00 8.814974e-01 2.297658e+00
*temperature
 nea, nebar : 1.946009e+01 2.196432e+01 
 tea, tia : 8.376601e+00 8.436003e+00 (9.929586e-01)
 te0, ti0 : 1.881350e+01 1.901367e+01 (9.894724e-01)
 Sn : 0.000000e+00 
*current balance
 Ip,Ibs,Inb,Irf: 1.000000e+01 2.131246e+00 0.000000e+00 0.000000e+00
 fni,fbs: 0.213 0.213

 plasma volume = 149.577937
 stored energy(e,i,b) = 6.489222e+01 6.042586e+01 0.000000e+00
 betan = 1.415459
*power
 Pnb(e,i) = 0.000000e+00 0.000000e+00
 Prf(e,i) = 0.000000e+00 0.000000e+00
 Prad     = -2.280283e+01 
 Pei      = 1.833474e+00 
 Pfuse    = 6.410587e+01 
 Pfusi    = 2.057085e+01 
 Poh      = 0.000000e+00 
*confinement time
 taut, tauITER98y2, H98y2 : 2.025379e+00 1.853380e+00 1.092803e+00
 taue, taui : 1.504346e+00 3.224883e+00
 taut, tau89, H89 : 2.025379e+00 8.814974e-01 2.297658e+00
*temperature
 nea, nebar : 1.946009e+01 2.196432e+01 
 tea, tia : 8.376601e+00 8.436003e+00 (9.929586e-01)
 te0, ti0 : 1.881350e+01 1.901367e+01 (9.894724e-01)
 Sn : 0.000000e+00 
*current balance
 Ip,Ibs,Inb,Irf: 1.000000e+01 2.131246e+00 0.000000e+00 0.000000e+00
 fni,fbs: 0.213 0.213
 ELAPASED TIME = 0 sec
