========================================================================
= FASTRAN

nonlinear model = 0
ichi = 1
ineo = 0
reading state...
read formatted input, inprof...
init geometry...
read formatted input, inmetric...
nrho in inmetric = 101
rhob in inmetric = 1.262567e+00
solve avg grad-shafranv...
solve_avg_gs::Ip_temp = 9.989585e+00 
solve_avg_gs::Ip      = 1.000000e+01 
>>> tau_he = 5.000000, nhe(0)=2.518755e+00

 plasma volume = 148.401803
 stored energy(e,i,b,a) = 5.351006e+01 5.042761e+01 0.000000e+00 0.000000e+00
 betan = 1.181631
*power
 Pnb(e,i) = 0.000000e+00 0.000000e+00
 Prf(e,i) = 1.275345e+01 2.727166e+01
 Prad     = -1.460918e+01 
 Pei      = -3.113477e+00 
 Pfuse    = 5.014985e+01 
 Pfusi    = 1.628468e+01 
 Poh      = 0.000000e+00 
*confinement time
 taut, tauITER98y2, H98y2 : 1.131597e+00 1.397384e+00 8.097964e-01
 taue, taui : 1.184358e+00 2.599609e+00
 taut, tau89, H89 : 1.131597e+00 7.204060e-01 1.570776e+00
*temperature
 nea, nebar : 1.902261e+01 2.170727e+01 
 tea, tia : 6.850233e+00 6.762960e+00 (1.012905e+00)
 te0, ti0 : 1.890842e+01 1.920076e+01 (9.847745e-01)
 Sn : 0.000000e+00 
*current balance
 Ip,Ibs,Inb,Irf: 1.000000e+01 1.835426e+00 0.000000e+00 3.181404e-01
 fni,fbs: 0.215 0.184

Time advancing...
rho_bdry 0.900000 ...
te_bdry = 2.998496
ti_bdry = 2.998302
ne_bdry = 15.070099
rv_bdry = 279.463030
nrho_tr_bdry = 18
drho_bdry = 0.000000e+00
nrhob = 90
 [    0] t = 0.0000 
>>> tau_he = 5.000000, nhe(0)=2.508810e+00
 5     -0.003   3.99e-03   1.26e-01   2.44e-03  -1.13e-02   0.00e+00 (  7.34e-01,  5.01e+01)
10      0.000   2.20e-03  -4.39e-03  -6.92e-04   6.14e-04   0.00e+00 (  6.07e-01,  9.78e+01)
15     -0.004  -2.12e-04  -5.67e-03  -4.55e-03  -2.57e-02   0.00e+00 ( -7.52e-02,  1.35e+02)
20      0.013   4.20e-02  -3.38e-02  -2.79e-03   1.04e-01   0.00e+00 (  1.76e+01,  1.75e+02)
25      0.032   1.17e-01   2.65e-02   2.47e-02   2.80e-01   0.00e+00 (  5.44e+01,  2.02e+02)
30      0.047   1.80e-01   1.38e-01   6.22e-02   4.60e-01   0.00e+00 (  8.86e+01,  2.18e+02)
35      0.049   2.18e-01   1.82e-01   8.47e-02   5.20e-01   0.00e+00 (  1.05e+02,  2.27e+02)
40      0.083   3.03e-01   3.28e-01   1.21e-01   9.40e-01   0.00e+00 (  1.40e+02,  2.28e+02)
45      0.106   3.47e-01   4.20e-01   2.01e-01   1.27e+00   0.00e+00 (  1.49e+02,  2.25e+02)
50      0.161   4.35e-01   6.23e-01   2.72e-01   2.02e+00   0.00e+00 (  1.71e+02,  2.19e+02)
55      0.218   5.25e-01   8.73e-01   4.49e-01   2.85e+00   0.00e+00 (  1.89e+02,  2.09e+02)
60      0.265   6.04e-01   1.12e+00   6.75e-01   3.59e+00   0.00e+00 (  1.98e+02,  1.99e+02)
65      0.272   6.33e-01   1.22e+00   8.31e-01   3.78e+00   0.00e+00 (  1.89e+02,  1.87e+02)
70      0.306   7.14e-01   1.45e+00   1.07e+00   4.35e+00   0.00e+00 (  1.90e+02,  1.75e+02)
75      0.289   7.18e-01   1.46e+00   1.16e+00   4.22e+00   0.00e+00 (  1.70e+02,  1.64e+02)
80      0.263   6.58e-01   1.37e+00   1.12e+00   4.04e+00   0.00e+00 (  1.39e+02,  1.54e+02)
85      0.258   6.27e-01   1.22e+00   9.78e-01   4.96e+00   0.00e+00 (  1.14e+02,  1.45e+02)
90      0.389   8.72e-01   1.28e+00   8.46e-01   1.48e+01   0.00e+00 (  1.98e+02,  1.37e+02)
95      0.285   5.42e-01   7.59e-01   5.62e-01   2.00e+01   0.00e+00 (  2.33e+02,  1.30e+02)
 0 e: 1.093e-06 i: 7.595e-06 :: e: 0.000e+00 i: 0.000e+00 :: n: 2.762e+01 e:18.911 i:19.171 v:4.993e+03
>>> tau_he = 5.000000, nhe(0)=2.505122e+00
 5     -0.002   4.15e-03   1.48e-01   2.58e-03  -9.68e-03   0.00e+00 (  7.54e-01,  5.01e+01)
10      0.000   2.90e-03  -3.70e-03  -5.54e-04   1.55e-03   0.00e+00 (  8.07e-01,  9.78e+01)
15     -0.004  -2.15e-04  -5.68e-03  -4.71e-03  -2.68e-02   0.00e+00 ( -7.68e-02,  1.35e+02)
20      0.013   4.27e-02  -3.40e-02  -2.80e-03   1.01e-01   0.00e+00 (  1.82e+01,  1.75e+02)
25      0.035   1.22e-01   3.55e-02   2.78e-02   3.06e-01   0.00e+00 (  5.70e+01,  2.02e+02)
30      0.051   1.77e-01   1.10e-01   5.86e-02   4.92e-01   0.00e+00 (  8.67e+01,  2.18e+02)
35      0.050   2.19e-01   1.87e-01   8.67e-02   5.29e-01   0.00e+00 (  1.07e+02,  2.27e+02)
40      0.084   3.02e-01   3.29e-01   1.21e-01   9.43e-01   0.00e+00 (  1.39e+02,  2.28e+02)
45      0.110   3.52e-01   4.36e-01   2.06e-01   1.31e+00   0.00e+00 (  1.52e+02,  2.25e+02)
50      0.165   4.38e-01   6.42e-01   2.74e-01   2.07e+00   0.00e+00 (  1.73e+02,  2.19e+02)
55      0.219   5.23e-01   8.80e-01   4.58e-01   2.86e+00   0.00e+00 (  1.88e+02,  2.09e+02)
60      0.259   6.00e-01   1.11e+00   6.72e-01   3.51e+00   0.00e+00 (  1.96e+02,  1.99e+02)
65      0.269   6.30e-01   1.21e+00   8.27e-01   3.73e+00   0.00e+00 (  1.88e+02,  1.87e+02)
70      0.297   7.05e-01   1.42e+00   1.06e+00   4.23e+00   0.00e+00 (  1.86e+02,  1.75e+02)
75      0.281   7.10e-01   1.43e+00   1.13e+00   4.10e+00   0.00e+00 (  1.67e+02,  1.64e+02)
80      0.261   6.58e-01   1.36e+00   1.12e+00   4.01e+00   0.00e+00 (  1.40e+02,  1.54e+02)
85      0.265   6.44e-01   1.25e+00   1.01e+00   5.09e+00   0.00e+00 (  1.21e+02,  1.45e+02)
90      0.386   8.70e-01   1.27e+00   8.36e-01   1.47e+01   0.00e+00 (  1.90e+02,  1.37e+02)
95      0.285   5.42e-01   7.59e-01   5.62e-01   2.00e+01   0.00e+00 (  2.33e+02,  1.30e+02)
 1 e: 4.516e-02 i: 1.842e-01 :: e: 7.373e-03 i: 1.293e-02 :: n: 2.762e+01 e:24.149 i:27.394 v:4.993e+03
>>> tau_he = 5.000000, nhe(0)=3.262280e+00
 5     -0.016   9.53e-03   3.61e-01   4.49e-03  -7.29e-02   0.00e+00 (  3.42e+00,  5.01e+01)
10     -0.167   7.61e-02   1.99e-02   8.95e-03  -9.42e-01   0.00e+00 (  5.35e+01,  9.78e+01)
15     -0.362   1.36e-01   6.07e-02  -6.99e-03  -2.45e+00   0.00e+00 (  1.30e+02,  1.35e+02)
20      0.140   4.12e-01   4.73e-01   2.61e-01   1.09e+00   0.00e+00 (  3.88e+02,  1.75e+02)
25      0.509   4.74e-01   5.51e-01   3.27e-01   4.48e+00   0.00e+00 (  3.67e+02,  2.02e+02)
30      0.248   3.62e-01   4.87e-01   2.31e-01   2.41e+00   0.00e+00 (  2.43e+02,  2.18e+02)
35      0.208   3.48e-01   5.52e-01   2.77e-01   2.19e+00   0.00e+00 (  2.13e+02,  2.27e+02)
40      0.198   3.76e-01   6.70e-01   2.81e-01   2.24e+00   0.00e+00 (  1.96e+02,  2.28e+02)
45      0.236   4.45e-01   8.79e-01   3.80e-01   2.82e+00   0.00e+00 (  2.05e+02,  2.25e+02)
50      0.215   4.81e-01   1.00e+00   4.52e-01   2.69e+00   0.00e+00 (  1.87e+02,  2.19e+02)
55      0.184   4.90e-01   1.01e+00   5.34e-01   2.41e+00   0.00e+00 (  1.61e+02,  2.09e+02)
60      0.167   5.02e-01   1.01e+00   5.99e-01   2.26e+00   0.00e+00 (  1.43e+02,  1.99e+02)
65      0.139   4.84e-01   9.17e-01   6.11e-01   1.93e+00   0.00e+00 (  1.25e+02,  1.87e+02)
70      0.165   5.45e-01   1.06e+00   7.67e-01   2.34e+00   0.00e+00 (  1.24e+02,  1.75e+02)
75      0.161   5.67e-01   1.09e+00   8.45e-01   2.35e+00   0.00e+00 (  1.20e+02,  1.64e+02)
80      0.166   5.79e-01   1.13e+00   8.98e-01   2.56e+00   0.00e+00 (  1.22e+02,  1.54e+02)
85      0.208   5.79e-01   1.12e+00   8.81e-01   4.00e+00   0.00e+00 (  1.13e+02,  1.45e+02)
90      0.371   8.52e-01   1.22e+00   7.92e-01   1.41e+01   0.00e+00 (  1.83e+02,  1.37e+02)
95      0.285   5.42e-01   7.59e-01   5.62e-01   2.00e+01   0.00e+00 (  2.33e+02,  1.30e+02)
 2 e: 2.882e-02 i: 1.270e-02 :: e: 2.311e-01 i: 2.878e-01 :: n: 2.762e+01 e:27.112 i:29.669 v:4.993e+03
>>> tau_he = 5.000000, nhe(0)=3.399674e+00
 5     -0.036   1.47e-02   4.45e-01   7.94e-03  -1.61e-01   0.00e+00 (  7.98e+00,  5.01e+01)
10     -0.665   1.41e-01   5.18e-02  -2.23e-03  -3.76e+00   0.00e+00 (  1.46e+02,  9.78e+01)
15     -0.772   5.07e-01   6.36e-01   4.03e-01  -5.23e+00   0.00e+00 (  6.68e+02,  1.35e+02)
20      0.065   5.11e-01   5.88e-01   4.28e-01   5.11e-01   0.00e+00 (  5.97e+02,  1.75e+02)
25      0.413   4.77e-01   5.46e-01   4.09e-01   3.64e+00   0.00e+00 (  4.61e+02,  2.02e+02)
30      0.242   3.85e-01   4.78e-01   3.00e-01   2.35e+00   0.00e+00 (  3.23e+02,  2.18e+02)
35      0.176   3.52e-01   4.90e-01   2.74e-01   1.86e+00   0.00e+00 (  2.56e+02,  2.27e+02)
40      0.157   3.60e-01   5.60e-01   2.43e-01   1.77e+00   0.00e+00 (  2.08e+02,  2.28e+02)
45      0.190   3.93e-01   6.88e-01   2.94e-01   2.27e+00   0.00e+00 (  1.86e+02,  2.25e+02)
50      0.175   4.11e-01   7.61e-01   3.35e-01   2.20e+00   0.00e+00 (  1.54e+02,  2.19e+02)
55      0.162   4.08e-01   7.67e-01   4.06e-01   2.11e+00   0.00e+00 (  1.21e+02,  2.09e+02)
60      0.124   3.60e-01   6.27e-01   3.87e-01   1.67e+00   0.00e+00 (  8.85e+01,  1.99e+02)
65      0.142   3.85e-01   7.00e-01   4.80e-01   1.97e+00   0.00e+00 (  8.22e+01,  1.87e+02)
70      0.177   4.37e-01   8.49e-01   6.28e-01   2.51e+00   0.00e+00 (  8.00e+01,  1.75e+02)
75      0.185   4.62e-01   9.06e-01   7.17e-01   2.70e+00   0.00e+00 (  7.79e+01,  1.64e+02)
80      0.198   4.91e-01   9.96e-01   8.00e-01   3.04e+00   0.00e+00 (  8.18e+01,  1.54e+02)
85      0.229   5.37e-01   1.04e+00   8.21e-01   4.41e+00   0.00e+00 (  8.27e+01,  1.45e+02)
90      0.378   8.65e-01   1.23e+00   8.07e-01   1.43e+01   0.00e+00 (  1.71e+02,  1.37e+02)
95      0.285   5.42e-01   7.59e-01   5.62e-01   2.00e+01   0.00e+00 (  2.33e+02,  1.30e+02)
 3 e: 8.347e-03 i: 7.666e-03 :: e: 3.382e-01 i: 3.744e-01 :: n: 2.762e+01 e:26.247 i:29.090 v:4.993e+03
>>> tau_he = 5.000000, nhe(0)=3.368683e+00
 5     -0.041   1.45e-02   4.15e-01   7.59e-03  -1.84e-01   0.00e+00 (  8.34e+00,  5.01e+01)
10     -0.510   1.35e-01   4.66e-02  -1.79e-02  -2.88e+00   0.00e+00 (  1.32e+02,  9.78e+01)
15     -0.316   4.22e-01   4.90e-01   2.28e-01  -2.14e+00   0.00e+00 (  4.49e+02,  1.35e+02)
20      0.082   4.48e-01   5.23e-01   3.20e-01   6.45e-01   0.00e+00 (  4.52e+02,  1.75e+02)
25      0.382   4.71e-01   5.41e-01   3.63e-01   3.36e+00   0.00e+00 (  4.28e+02,  2.02e+02)
30      0.265   3.87e-01   5.00e-01   3.17e-01   2.57e+00   0.00e+00 (  3.22e+02,  2.18e+02)
35      0.216   3.78e-01   5.32e-01   2.69e-01   2.27e+00   0.00e+00 (  2.80e+02,  2.27e+02)
40      0.188   3.81e-01   6.34e-01   2.77e-01   2.12e+00   0.00e+00 (  2.28e+02,  2.28e+02)
45      0.196   4.03e-01   7.27e-01   3.13e-01   2.35e+00   0.00e+00 (  1.97e+02,  2.25e+02)
50      0.199   4.43e-01   8.92e-01   4.12e-01   2.49e+00   0.00e+00 (  1.72e+02,  2.19e+02)
55      0.179   4.42e-01   9.01e-01   4.85e-01   2.34e+00   0.00e+00 (  1.37e+02,  2.09e+02)
60      0.138   3.96e-01   7.53e-01   4.64e-01   1.86e+00   0.00e+00 (  1.02e+02,  1.99e+02)
65      0.145   4.09e-01   7.85e-01   5.37e-01   2.01e+00   0.00e+00 (  9.07e+01,  1.87e+02)
70      0.167   4.43e-01   8.83e-01   6.53e-01   2.38e+00   0.00e+00 (  8.39e+01,  1.75e+02)
75      0.166   4.52e-01   8.92e-01   7.06e-01   2.42e+00   0.00e+00 (  7.83e+01,  1.64e+02)
80      0.170   4.58e-01   9.33e-01   7.42e-01   2.61e+00   0.00e+00 (  7.76e+01,  1.54e+02)
85      0.197   4.90e-01   9.42e-01   7.34e-01   3.79e+00   0.00e+00 (  7.58e+01,  1.45e+02)
90      0.367   8.49e-01   1.20e+00   7.70e-01   1.39e+01   0.00e+00 (  1.68e+02,  1.37e+02)
95      0.285   5.42e-01   7.59e-01   5.62e-01   2.00e+01   0.00e+00 (  2.33e+02,  1.30e+02)
 4 e: 4.530e-03 i: 5.550e-03 :: e: 2.925e-01 i: 3.239e-01 :: n: 2.762e+01 e:24.986 i:27.957 v:4.993e+03
>>> tau_he = 5.000000, nhe(0)=3.300942e+00
 5     -0.041   1.38e-02   3.83e-01   7.45e-03  -1.85e-01   0.00e+00 (  8.10e+00,  5.01e+01)
10     -0.446   1.18e-01   4.16e-02  -1.67e-02  -2.52e+00   0.00e+00 (  1.09e+02,  9.78e+01)
15     -0.270   1.37e-01   7.15e-02  -2.91e-02  -1.83e+00   0.00e+00 (  1.25e+02,  1.35e+02)
20     -0.000   3.57e-01   4.51e-01   2.03e-01  -1.29e-03   0.00e+00 (  3.18e+02,  1.75e+02)
25      0.328   3.99e-01   4.51e-01   2.76e-01   2.89e+00   0.00e+00 (  3.33e+02,  2.02e+02)
30      0.218   3.69e-01   4.64e-01   2.59e-01   2.12e+00   0.00e+00 (  2.93e+02,  2.18e+02)
35      0.178   3.54e-01   4.97e-01   2.75e-01   1.88e+00   0.00e+00 (  2.54e+02,  2.27e+02)
40      0.165   3.67e-01   5.81e-01   2.52e-01   1.86e+00   0.00e+00 (  2.17e+02,  2.28e+02)
45      0.175   3.88e-01   6.50e-01   2.79e-01   2.09e+00   0.00e+00 (  1.88e+02,  2.25e+02)
50      0.183   4.21e-01   7.99e-01   3.56e-01   2.30e+00   0.00e+00 (  1.62e+02,  2.19e+02)
55      0.173   4.26e-01   8.28e-01   4.44e-01   2.25e+00   0.00e+00 (  1.31e+02,  2.09e+02)
60      0.141   3.90e-01   7.18e-01   4.45e-01   1.90e+00   0.00e+00 (  9.95e+01,  1.99e+02)
65      0.151   4.03e-01   7.61e-01   5.24e-01   2.10e+00   0.00e+00 (  8.80e+01,  1.87e+02)
70      0.176   4.37e-01   8.64e-01   6.42e-01   2.50e+00   0.00e+00 (  8.04e+01,  1.75e+02)
75      0.178   4.46e-01   8.82e-01   7.00e-01   2.59e+00   0.00e+00 (  7.40e+01,  1.64e+02)
80      0.184   4.55e-01   9.29e-01   7.45e-01   2.83e+00   0.00e+00 (  7.27e+01,  1.54e+02)
85      0.210   4.90e-01   9.43e-01   7.39e-01   4.03e+00   0.00e+00 (  7.01e+01,  1.45e+02)
90      0.371   8.57e-01   1.21e+00   7.84e-01   1.41e+01   0.00e+00 (  1.65e+02,  1.37e+02)
95      0.285   5.42e-01   7.59e-01   5.62e-01   2.00e+01   0.00e+00 (  2.33e+02,  1.30e+02)
 5 e: 1.483e-03 i: 3.750e-03 :: e: 2.274e-01 i: 2.668e-01 :: n: 2.762e+01 e:24.471 i:26.887 v:4.993e+03
>>> tau_he = 5.000000, nhe(0)=3.231068e+00
 5     -0.039   1.29e-02   3.54e-01   7.38e-03  -1.74e-01   0.00e+00 (  7.57e+00,  5.01e+01)
10     -0.289   1.07e-01   4.22e-02  -2.20e-02  -1.64e+00   0.00e+00 (  9.41e+01,  9.78e+01)
15     -0.193   3.27e-01   4.39e-01   1.09e-01  -1.31e+00   0.00e+00 (  2.87e+02,  1.35e+02)
20      0.038   3.22e-01   4.02e-01   1.79e-01   2.99e-01   0.00e+00 (  2.65e+02,  1.75e+02)
25      0.304   3.71e-01   4.15e-01   2.58e-01   2.67e+00   0.00e+00 (  2.87e+02,  2.02e+02)
30      0.189   3.54e-01   4.56e-01   2.67e-01   1.83e+00   0.00e+00 (  2.66e+02,  2.18e+02)
35      0.172   3.51e-01   5.03e-01   2.42e-01   1.81e+00   0.00e+00 (  2.44e+02,  2.27e+02)
40      0.165   3.70e-01   6.00e-01   2.56e-01   1.86e+00   0.00e+00 (  2.15e+02,  2.28e+02)
45      0.198   4.08e-01   7.44e-01   3.18e-01   2.36e+00   0.00e+00 (  1.97e+02,  2.25e+02)
50      0.183   4.32e-01   8.32e-01   3.72e-01   2.30e+00   0.00e+00 (  1.67e+02,  2.19e+02)
55      0.176   4.40e-01   8.75e-01   4.69e-01   2.30e+00   0.00e+00 (  1.38e+02,  2.09e+02)
60      0.147   4.10e-01   7.78e-01   4.79e-01   1.99e+00   0.00e+00 (  1.08e+02,  1.99e+02)
65      0.155   4.24e-01   8.18e-01   5.62e-01   2.15e+00   0.00e+00 (  9.59e+01,  1.87e+02)
70      0.176   4.54e-01   9.08e-01   6.74e-01   2.50e+00   0.00e+00 (  8.67e+01,  1.75e+02)
75      0.174   4.58e-01   9.08e-01   7.20e-01   2.53e+00   0.00e+00 (  7.89e+01,  1.64e+02)
80      0.176   4.56e-01   9.32e-01   7.45e-01   2.71e+00   0.00e+00 (  7.54e+01,  1.54e+02)
85      0.199   4.80e-01   9.22e-01   7.18e-01   3.82e+00   0.00e+00 (  7.04e+01,  1.45e+02)
90      0.368   8.53e-01   1.20e+00   7.76e-01   1.40e+01   0.00e+00 (  1.65e+02,  1.37e+02)
95      0.285   5.42e-01   7.59e-01   5.62e-01   2.00e+01   0.00e+00 (  2.33e+02,  1.30e+02)
 6 e: 1.799e-03 i: 1.897e-03 :: e: 2.031e-01 i: 2.363e-01 :: n: 2.762e+01 e:23.498 i:26.177 v:4.993e+03
>>> tau_he = 5.000000, nhe(0)=3.181274e+00
 5     -0.037   1.26e-02   3.36e-01   7.52e-03  -1.66e-01   0.00e+00 (  7.34e+00,  5.01e+01)
10     -0.253   9.93e-02   3.80e-02  -1.96e-02  -1.43e+00   0.00e+00 (  8.28e+01,  9.78e+01)
15     -0.175   1.37e-01   9.41e-02  -2.34e-02  -1.18e+00   0.00e+00 (  1.09e+02,  1.35e+02)
20      0.012   1.54e-01   1.26e-01   2.83e-03   9.39e-02   0.00e+00 (  1.18e+02,  1.75e+02)
25      0.139   3.11e-01   3.94e-01   2.09e-01   1.22e+00   0.00e+00 (  2.26e+02,  2.02e+02)
30      0.163   3.30e-01   4.21e-01   2.24e-01   1.58e+00   0.00e+00 (  2.33e+02,  2.18e+02)
35      0.150   3.33e-01   4.71e-01   2.14e-01   1.58e+00   0.00e+00 (  2.20e+02,  2.27e+02)
40      0.148   3.53e-01   5.53e-01   2.12e-01   1.66e+00   0.00e+00 (  1.97e+02,  2.28e+02)
45      0.179   3.88e-01   6.82e-01   2.91e-01   2.14e+00   0.00e+00 (  1.80e+02,  2.25e+02)
50      0.172   4.14e-01   7.68e-01   3.39e-01   2.16e+00   0.00e+00 (  1.56e+02,  2.19e+02)
55      0.173   4.28e-01   8.26e-01   4.42e-01   2.26e+00   0.00e+00 (  1.32e+02,  2.09e+02)
60      0.150   4.06e-01   7.57e-01   4.67e-01   2.03e+00   0.00e+00 (  1.06e+02,  1.99e+02)
65      0.161   4.23e-01   8.13e-01   5.62e-01   2.24e+00   0.00e+00 (  9.51e+01,  1.87e+02)
70      0.183   4.58e-01   9.12e-01   6.79e-01   2.61e+00   0.00e+00 (  8.69e+01,  1.75e+02)
75      0.183   4.64e-01   9.22e-01   7.32e-01   2.67e+00   0.00e+00 (  7.93e+01,  1.64e+02)
80      0.186   4.63e-01   9.48e-01   7.57e-01   2.86e+00   0.00e+00 (  7.55e+01,  1.54e+02)
85      0.207   4.87e-01   9.36e-01   7.33e-01   3.98e+00   0.00e+00 (  6.97e+01,  1.45e+02)
90      0.369   8.55e-01   1.20e+00   7.79e-01   1.40e+01   0.00e+00 (  1.64e+02,  1.37e+02)
95      0.285   5.42e-01   7.59e-01   5.62e-01   2.00e+01   0.00e+00 (  2.33e+02,  1.30e+02)
 7 e: 4.022e-04 i: 1.271e-03 :: e: 1.441e-01 i: 1.857e-01 :: n: 2.762e+01 e:23.306 i:25.611 v:4.993e+03
>>> tau_he = 5.000000, nhe(0)=3.139652e+00
 5     -0.035   1.20e-02   3.22e-01   7.44e-03  -1.57e-01   0.00e+00 (  6.96e+00,  5.01e+01)
10     -0.233   9.44e-02   3.61e-02  -1.88e-02  -1.32e+00   0.00e+00 (  7.66e+01,  9.78e+01)
15     -0.165   1.35e-01   9.78e-02  -2.61e-02  -1.12e+00   0.00e+00 (  1.06e+02,  1.35e+02)
20     -0.014   1.54e-01   1.34e-01   1.17e-02  -1.10e-01   0.00e+00 (  1.16e+02,  1.75e+02)
25      0.134   2.99e-01   3.84e-01   2.02e-01   1.18e+00   0.00e+00 (  2.10e+02,  2.02e+02)
30      0.143   3.12e-01   4.15e-01   2.10e-01   1.39e+00   0.00e+00 (  2.14e+02,  2.18e+02)
35      0.139   3.30e-01   4.71e-01   2.15e-01   1.46e+00   0.00e+00 (  2.12e+02,  2.27e+02)
40      0.144   3.46e-01   5.59e-01   2.15e-01   1.63e+00   0.00e+00 (  1.90e+02,  2.28e+02)
45      0.174   3.87e-01   6.88e-01   2.92e-01   2.08e+00   0.00e+00 (  1.78e+02,  2.25e+02)
50      0.169   4.16e-01   7.78e-01   3.44e-01   2.12e+00   0.00e+00 (  1.56e+02,  2.19e+02)
55      0.172   4.35e-01   8.44e-01   4.47e-01   2.25e+00   0.00e+00 (  1.35e+02,  2.09e+02)
60      0.152   4.17e-01   7.87e-01   4.84e-01   2.05e+00   0.00e+00 (  1.11e+02,  1.99e+02)
65      0.162   4.35e-01   8.44e-01   5.83e-01   2.26e+00   0.00e+00 (  9.99e+01,  1.87e+02)
70      0.183   4.69e-01   9.41e-01   6.99e-01   2.61e+00   0.00e+00 (  9.14e+01,  1.75e+02)
75      0.181   4.74e-01   9.43e-01   7.48e-01   2.64e+00   0.00e+00 (  8.32e+01,  1.64e+02)
80      0.182   4.68e-01   9.58e-01   7.65e-01   2.80e+00   0.00e+00 (  7.83e+01,  1.54e+02)
85      0.202   4.83e-01   9.30e-01   7.26e-01   3.89e+00   0.00e+00 (  7.06e+01,  1.45e+02)
90      0.368   8.53e-01   1.20e+00   7.75e-01   1.40e+01   0.00e+00 (  1.64e+02,  1.37e+02)
95      0.285   5.42e-01   7.59e-01   5.62e-01   2.00e+01   0.00e+00 (  2.33e+02,  1.30e+02)
 8 e: 4.218e-04 i: 7.096e-04 :: e: 1.172e-01 i: 1.544e-01 :: n: 2.762e+01 e:22.886 i:25.436 v:4.993e+03
>>> tau_he = 5.000000, nhe(0)=3.126369e+00
 5     -0.035   1.16e-02   3.17e-01   7.12e-03  -1.57e-01   0.00e+00 (  6.67e+00,  5.01e+01)
10     -0.217   9.12e-02   3.32e-02  -1.80e-02  -1.22e+00   0.00e+00 (  7.21e+01,  9.78e+01)
15     -0.156   1.33e-01   9.70e-02  -2.57e-02  -1.05e+00   0.00e+00 (  1.02e+02,  1.35e+02)
20     -0.012   1.51e-01   1.36e-01   5.81e-04  -9.74e-02   0.00e+00 (  1.13e+02,  1.75e+02)
25      0.138   2.81e-01   3.62e-01   1.82e-01   1.21e+00   0.00e+00 (  1.92e+02,  2.02e+02)
30      0.131   2.99e-01   3.92e-01   1.94e-01   1.27e+00   0.00e+00 (  1.97e+02,  2.18e+02)
35      0.128   3.22e-01   4.44e-01   1.92e-01   1.34e+00   0.00e+00 (  1.99e+02,  2.27e+02)
40      0.135   3.34e-01   5.27e-01   2.08e-01   1.52e+00   0.00e+00 (  1.77e+02,  2.28e+02)
45      0.155   3.71e-01   6.44e-01   2.71e-01   1.85e+00   0.00e+00 (  1.66e+02,  2.25e+02)
50      0.163   4.02e-01   7.32e-01   3.19e-01   2.04e+00   0.00e+00 (  1.47e+02,  2.19e+02)
55      0.169   4.25e-01   8.09e-01   4.28e-01   2.21e+00   0.00e+00 (  1.30e+02,  2.09e+02)
60      0.154   4.13e-01   7.71e-01   4.74e-01   2.07e+00   0.00e+00 (  1.09e+02,  1.99e+02)
65      0.166   4.34e-01   8.37e-01   5.79e-01   2.31e+00   0.00e+00 (  9.90e+01,  1.87e+02)
70      0.188   4.71e-01   9.43e-01   7.02e-01   2.68e+00   0.00e+00 (  9.14e+01,  1.75e+02)
75      0.187   4.78e-01   9.53e-01   7.57e-01   2.73e+00   0.00e+00 (  8.36e+01,  1.64e+02)
80      0.188   4.73e-01   9.69e-01   7.75e-01   2.90e+00   0.00e+00 (  7.85e+01,  1.54e+02)
85      0.207   4.88e-01   9.40e-01   7.37e-01   3.99e+00   0.00e+00 (  7.04e+01,  1.45e+02)
90      0.369   8.55e-01   1.20e+00   7.77e-01   1.40e+01   0.00e+00 (  1.63e+02,  1.37e+02)
95      0.285   5.42e-01   7.59e-01   5.62e-01   2.00e+01   0.00e+00 (  2.33e+02,  1.30e+02)
 9 e: 1.307e-04 i: 4.611e-04 :: e: 1.005e-01 i: 1.285e-01 :: n: 2.762e+01 e:22.848 i:25.174 v:4.993e+03
>>> tau_he = 5.000000, nhe(0)=3.106126e+00
 5     -0.035   1.14e-02   3.11e-01   7.13e-03  -1.55e-01   0.00e+00 (  6.59e+00,  5.01e+01)
10     -0.209   8.93e-02   3.29e-02  -1.77e-02  -1.18e+00   0.00e+00 (  6.98e+01,  9.78e+01)
15     -0.145   1.30e-01   1.09e-01  -7.05e-02  -9.85e-01   0.00e+00 (  9.98e+01,  1.35e+02)
20      0.084   2.68e-01   3.40e-01   1.38e-01   6.55e-01   0.00e+00 (  2.01e+02,  1.75e+02)
25      0.132   2.73e-01   3.57e-01   1.79e-01   1.16e+00   0.00e+00 (  1.85e+02,  2.02e+02)
30      0.127   2.94e-01   3.89e-01   1.89e-01   1.23e+00   0.00e+00 (  1.91e+02,  2.18e+02)
35      0.124   3.19e-01   4.43e-01   1.96e-01   1.31e+00   0.00e+00 (  1.94e+02,  2.27e+02)
40      0.132   3.32e-01   5.29e-01   2.16e-01   1.49e+00   0.00e+00 (  1.74e+02,  2.28e+02)
45      0.152   3.72e-01   6.45e-01   2.71e-01   1.82e+00   0.00e+00 (  1.65e+02,  2.25e+02)
50      0.160   4.03e-01   7.38e-01   3.19e-01   2.01e+00   0.00e+00 (  1.47e+02,  2.19e+02)
55      0.169   4.29e-01   8.21e-01   4.34e-01   2.21e+00   0.00e+00 (  1.32e+02,  2.09e+02)
60      0.155   4.20e-01   7.90e-01   4.85e-01   2.09e+00   0.00e+00 (  1.12e+02,  1.99e+02)
65      0.167   4.41e-01   8.56e-01   5.89e-01   2.32e+00   0.00e+00 (  1.02e+02,  1.87e+02)
70      0.188   4.79e-01   9.61e-01   7.15e-01   2.68e+00   0.00e+00 (  9.44e+01,  1.75e+02)
75      0.186   4.84e-01   9.68e-01   7.68e-01   2.72e+00   0.00e+00 (  8.63e+01,  1.64e+02)
80      0.186   4.76e-01   9.76e-01   7.80e-01   2.86e+00   0.00e+00 (  8.04e+01,  1.54e+02)
85      0.204   4.86e-01   9.36e-01   7.33e-01   3.93e+00   0.00e+00 (  7.10e+01,  1.45e+02)
90      0.368   8.53e-01   1.20e+00   7.74e-01   1.40e+01   0.00e+00 (  1.63e+02,  1.37e+02)
95      0.285   5.42e-01   7.59e-01   5.62e-01   2.00e+01   0.00e+00 (  2.33e+02,  1.30e+02)
10 e: 1.574e-04 i: 3.929e-04 :: e: 8.965e-02 i: 1.120e-01 :: n: 2.762e+01 e:22.586 i:25.001 v:4.993e+03
>>> tau_he = 5.000000, nhe(0)=3.092578e+00
 5     -0.034   1.12e-02   3.06e-01   7.05e-03  -1.53e-01   0.00e+00 (  6.47e+00,  5.01e+01)
10     -0.202   8.73e-02   3.20e-02  -1.71e-02  -1.14e+00   0.00e+00 (  6.74e+01,  9.78e+01)
15     -0.138   1.28e-01   1.08e-01  -7.21e-02  -9.35e-01   0.00e+00 (  9.71e+01,  1.35e+02)
20      0.003   1.39e-01   1.25e-01   4.40e-03   2.55e-02   0.00e+00 (  1.02e+02,  1.75e+02)
25      0.124   2.65e-01   3.44e-01   1.65e-01   1.09e+00   0.00e+00 (  1.76e+02,  2.02e+02)
30      0.106   2.99e-01   3.70e-01   1.82e-01   1.03e+00   0.00e+00 (  1.91e+02,  2.18e+02)
35      0.119   3.13e-01   4.27e-01   2.01e-01   1.25e+00   0.00e+00 (  1.86e+02,  2.27e+02)
40      0.126   3.26e-01   5.10e-01   2.13e-01   1.42e+00   0.00e+00 (  1.68e+02,  2.28e+02)
45      0.145   3.65e-01   6.18e-01   2.61e-01   1.73e+00   0.00e+00 (  1.59e+02,  2.25e+02)
50      0.157   3.95e-01   7.12e-01   3.08e-01   1.96e+00   0.00e+00 (  1.43e+02,  2.19e+02)
55      0.168   4.24e-01   8.01e-01   4.24e-01   2.20e+00   0.00e+00 (  1.29e+02,  2.09e+02)
60      0.156   4.18e-01   7.82e-01   4.81e-01   2.11e+00   0.00e+00 (  1.11e+02,  1.99e+02)
65      0.169   4.42e-01   8.54e-01   5.88e-01   2.36e+00   0.00e+00 (  1.02e+02,  1.87e+02)
70      0.191   4.81e-01   9.64e-01   7.17e-01   2.72e+00   0.00e+00 (  9.46e+01,  1.75e+02)
75      0.190   4.88e-01   9.75e-01   7.75e-01   2.78e+00   0.00e+00 (  8.67e+01,  1.64e+02)
80      0.190   4.79e-01   9.84e-01   7.87e-01   2.93e+00   0.00e+00 (  8.06e+01,  1.54e+02)
85      0.208   4.89e-01   9.43e-01   7.40e-01   3.99e+00   0.00e+00 (  7.09e+01,  1.45e+02)
90      0.368   8.54e-01   1.20e+00   7.75e-01   1.40e+01   0.00e+00 (  1.63e+02,  1.37e+02)
95      0.285   5.42e-01   7.59e-01   5.62e-01   2.00e+01   0.00e+00 (  2.33e+02,  1.30e+02)
11 e: 8.217e-05 i: 2.220e-04 :: e: 7.889e-02 i: 9.389e-02 :: n: 2.762e+01 e:22.563 i:24.866 v:4.993e+03
>>> tau_he = 5.000000, nhe(0)=3.081861e+00
 5     -0.034   1.10e-02   3.04e-01   7.04e-03  -1.51e-01   0.00e+00 (  6.39e+00,  5.01e+01)
10     -0.186   8.58e-02   3.03e-02  -1.69e-02  -1.05e+00   0.00e+00 (  6.55e+01,  9.78e+01)
15     -0.080   2.68e-01   3.59e-01   7.53e-02  -5.40e-01   0.00e+00 (  2.04e+02,  1.35e+02)
20      0.006   1.38e-01   1.33e-01  -1.40e-02   4.77e-02   0.00e+00 (  1.01e+02,  1.75e+02)
25      0.122   2.63e-01   3.42e-01   1.64e-01   1.07e+00   0.00e+00 (  1.73e+02,  2.02e+02)
30      0.106   2.96e-01   3.68e-01   1.79e-01   1.03e+00   0.00e+00 (  1.86e+02,  2.18e+02)
35      0.117   3.11e-01   4.26e-01   2.01e-01   1.24e+00   0.00e+00 (  1.83e+02,  2.27e+02)
40      0.124   3.25e-01   5.09e-01   2.22e-01   1.40e+00   0.00e+00 (  1.67e+02,  2.28e+02)
45      0.144   3.64e-01   6.20e-01   2.62e-01   1.71e+00   0.00e+00 (  1.59e+02,  2.25e+02)
50      0.156   3.97e-01   7.17e-01   3.10e-01   1.96e+00   0.00e+00 (  1.44e+02,  2.19e+02)
55      0.168   4.27e-01   8.11e-01   4.28e-01   2.20e+00   0.00e+00 (  1.31e+02,  2.09e+02)
60      0.158   4.24e-01   7.97e-01   4.90e-01   2.13e+00   0.00e+00 (  1.14e+02,  1.99e+02)
65      0.170   4.48e-01   8.69e-01   5.98e-01   2.37e+00   0.00e+00 (  1.04e+02,  1.87e+02)
70      0.192   4.87e-01   9.78e-01   7.27e-01   2.73e+00   0.00e+00 (  9.70e+01,  1.75e+02)
75      0.190   4.93e-01   9.87e-01   7.84e-01   2.77e+00   0.00e+00 (  8.88e+01,  1.64e+02)
80      0.189   4.82e-01   9.90e-01   7.92e-01   2.91e+00   0.00e+00 (  8.21e+01,  1.54e+02)
85      0.206   4.89e-01   9.42e-01   7.39e-01   3.96e+00   0.00e+00 (  7.14e+01,  1.45e+02)
90      0.368   8.53e-01   1.19e+00   7.73e-01   1.40e+01   0.00e+00 (  1.63e+02,  1.37e+02)
95      0.285   5.42e-01   7.59e-01   5.62e-01   2.00e+01   0.00e+00 (  2.33e+02,  1.30e+02)
12 e: 2.369e-04 i: 5.033e-04 :: e: 8.215e-02 i: 9.098e-02 :: n: 2.762e+01 e:22.376 i:24.806 v:4.993e+03
>>> tau_he = 5.000000, nhe(0)=3.077116e+00
 5     -0.034   1.10e-02   3.01e-01   7.02e-03  -1.51e-01   0.00e+00 (  6.35e+00,  5.01e+01)
10     -0.186   8.51e-02   3.08e-02  -1.61e-02  -1.05e+00   0.00e+00 (  6.38e+01,  9.78e+01)
15     -0.094   1.20e-01   9.20e-02  -2.08e-02  -6.34e-01   0.00e+00 (  8.77e+01,  1.35e+02)
20      0.076   2.57e-01   3.26e-01   1.29e-01   5.98e-01   0.00e+00 (  1.88e+02,  1.75e+02)
25      0.045   1.61e-01   1.68e-01   3.34e-02   3.96e-01   0.00e+00 (  1.06e+02,  2.02e+02)
30      0.104   2.93e-01   3.60e-01   1.73e-01   1.01e+00   0.00e+00 (  1.82e+02,  2.18e+02)
35      0.115   3.07e-01   4.17e-01   1.96e-01   1.21e+00   0.00e+00 (  1.78e+02,  2.27e+02)
40      0.122   3.21e-01   4.97e-01   2.33e-01   1.37e+00   0.00e+00 (  1.64e+02,  2.28e+02)
45      0.141   3.60e-01   6.04e-01   2.56e-01   1.68e+00   0.00e+00 (  1.56e+02,  2.25e+02)
50      0.155   3.94e-01   7.03e-01   3.04e-01   1.94e+00   0.00e+00 (  1.42e+02,  2.19e+02)
55      0.168   4.25e-01   8.01e-01   4.23e-01   2.20e+00   0.00e+00 (  1.30e+02,  2.09e+02)
60      0.160   4.25e-01   7.95e-01   4.88e-01   2.16e+00   0.00e+00 (  1.14e+02,  1.99e+02)
65      0.173   4.49e-01   8.70e-01   5.99e-01   2.40e+00   0.00e+00 (  1.05e+02,  1.87e+02)
70      0.195   4.89e-01   9.82e-01   7.31e-01   2.77e+00   0.00e+00 (  9.76e+01,  1.75e+02)
75      0.193   4.97e-01   9.95e-01   7.90e-01   2.82e+00   0.00e+00 (  8.95e+01,  1.64e+02)
80      0.192   4.86e-01   9.98e-01   7.99e-01   2.96e+00   0.00e+00 (  8.27e+01,  1.54e+02)
85      0.209   4.91e-01   9.48e-01   7.44e-01   4.01e+00   0.00e+00 (  7.16e+01,  1.45e+02)
90      0.368   8.54e-01   1.20e+00   7.74e-01   1.40e+01   0.00e+00 (  1.62e+02,  1.37e+02)
95      0.285   5.42e-01   7.59e-01   5.62e-01   2.00e+01   0.00e+00 (  2.33e+02,  1.30e+02)
13 e: 1.086e-04 i: 2.537e-04 :: e: 7.798e-02 i: 7.879e-02 :: n: 2.762e+01 e:22.434 i:24.718 v:4.993e+03
>>> tau_he = 5.000000, nhe(0)=3.069966e+00
 5     -0.034   1.09e-02   3.00e-01   7.04e-03  -1.50e-01   0.00e+00 (  6.31e+00,  5.01e+01)
10     -0.182   8.38e-02   3.08e-02  -1.60e-02  -1.03e+00   0.00e+00 (  6.25e+01,  9.78e+01)
15     -0.092   1.21e-01   9.41e-02  -2.12e-02  -6.25e-01   0.00e+00 (  8.81e+01,  1.35e+02)
20     -0.003   1.34e-01   1.32e-01  -3.98e-03  -2.52e-02   0.00e+00 (  9.68e+01,  1.75e+02)
25      0.123   2.63e-01   3.44e-01   1.67e-01   1.08e+00   0.00e+00 (  1.75e+02,  2.02e+02)
30      0.104   2.94e-01   3.63e-01   1.75e-01   1.01e+00   0.00e+00 (  1.83e+02,  2.18e+02)
35      0.115   3.08e-01   4.19e-01   1.97e-01   1.21e+00   0.00e+00 (  1.78e+02,  2.27e+02)
40      0.121   3.22e-01   5.00e-01   2.35e-01   1.36e+00   0.00e+00 (  1.64e+02,  2.28e+02)
45      0.140   3.62e-01   6.08e-01   2.58e-01   1.67e+00   0.00e+00 (  1.57e+02,  2.25e+02)
50      0.155   3.97e-01   7.11e-01   3.07e-01   1.94e+00   0.00e+00 (  1.44e+02,  2.19e+02)
55      0.169   4.30e-01   8.11e-01   4.28e-01   2.21e+00   0.00e+00 (  1.32e+02,  2.09e+02)
60      0.161   4.31e-01   8.09e-01   4.97e-01   2.17e+00   0.00e+00 (  1.16e+02,  1.99e+02)
65      0.174   4.55e-01   8.84e-01   6.08e-01   2.41e+00   0.00e+00 (  1.07e+02,  1.87e+02)
70      0.195   4.95e-01   9.95e-01   7.41e-01   2.77e+00   0.00e+00 (  9.99e+01,  1.75e+02)
75      0.193   5.02e-01   1.01e+00   7.99e-01   2.82e+00   0.00e+00 (  9.16e+01,  1.64e+02)
80      0.191   4.89e-01   1.01e+00   8.04e-01   2.95e+00   0.00e+00 (  8.42e+01,  1.54e+02)
85      0.208   4.92e-01   9.49e-01   7.45e-01   3.99e+00   0.00e+00 (  7.23e+01,  1.45e+02)
90      0.368   8.54e-01   1.20e+00   7.74e-01   1.40e+01   0.00e+00 (  1.63e+02,  1.37e+02)
95      0.285   5.42e-01   7.59e-01   5.62e-01   2.00e+01   0.00e+00 (  2.33e+02,  1.30e+02)
14 e: 4.202e-05 i: 1.817e-04 :: e: 5.351e-02 i: 5.989e-02 :: n: 2.762e+01 e:22.398 i:24.791 v:4.993e+03
>>> tau_he = 5.000000, nhe(0)=3.075916e+00
 5     -0.033   1.09e-02   3.01e-01   6.98e-03  -1.49e-01   0.00e+00 (  6.27e+00,  5.01e+01)
10     -0.179   8.34e-02   2.99e-02  -1.58e-02  -1.01e+00   0.00e+00 (  6.17e+01,  9.78e+01)
15     -0.113   1.22e-01   9.60e-02  -2.49e-02  -7.68e-01   0.00e+00 (  8.92e+01,  1.35e+02)
20      0.008   1.37e-01   1.33e-01  -1.25e-02   5.88e-02   0.00e+00 (  1.00e+02,  1.75e+02)
25      0.044   1.62e-01   1.69e-01   3.22e-02   3.87e-01   0.00e+00 (  1.07e+02,  2.02e+02)
30      0.103   2.91e-01   3.57e-01   1.81e-01   1.00e+00   0.00e+00 (  1.80e+02,  2.18e+02)
35      0.113   3.06e-01   4.12e-01   1.94e-01   1.19e+00   0.00e+00 (  1.76e+02,  2.27e+02)
40      0.116   3.23e-01   4.90e-01   2.29e-01   1.31e+00   0.00e+00 (  1.64e+02,  2.28e+02)
45      0.138   3.60e-01   5.97e-01   2.54e-01   1.65e+00   0.00e+00 (  1.55e+02,  2.25e+02)
50      0.154   3.95e-01   7.01e-01   3.03e-01   1.93e+00   0.00e+00 (  1.43e+02,  2.19e+02)
55      0.169   4.30e-01   8.05e-01   4.25e-01   2.21e+00   0.00e+00 (  1.32e+02,  2.09e+02)
60      0.162   4.32e-01   8.08e-01   4.96e-01   2.19e+00   0.00e+00 (  1.17e+02,  1.99e+02)
65      0.176   4.57e-01   8.86e-01   6.10e-01   2.44e+00   0.00e+00 (  1.08e+02,  1.87e+02)
70      0.197   4.98e-01   1.00e+00   7.44e-01   2.81e+00   0.00e+00 (  1.01e+02,  1.75e+02)
75      0.196   5.05e-01   1.01e+00   8.08e-01   2.86e+00   0.00e+00 (  9.24e+01,  1.64e+02)
80      0.194   4.95e-01   1.02e+00   8.16e-01   2.99e+00   0.00e+00 (  8.53e+01,  1.54e+02)
85      0.210   4.95e-01   9.56e-01   7.52e-01   4.03e+00   0.00e+00 (  7.27e+01,  1.45e+02)
90      0.368   8.54e-01   1.20e+00   7.75e-01   1.40e+01   0.00e+00 (  1.63e+02,  1.37e+02)
95      0.285   5.42e-01   7.59e-01   5.62e-01   2.00e+01   0.00e+00 (  2.33e+02,  1.30e+02)
15 e: 1.048e-04 i: 1.716e-04 :: e: 5.573e-02 i: 5.434e-02 :: n: 2.762e+01 e:22.521 i:24.879 v:4.993e+03
>>> tau_he = 5.000000, nhe(0)=3.082942e+00
 5     -0.033   1.10e-02   3.05e-01   7.05e-03  -1.49e-01   0.00e+00 (  6.35e+00,  5.01e+01)
10     -0.177   8.39e-02   2.96e-02  -1.58e-02  -1.00e+00   0.00e+00 (  6.20e+01,  9.78e+01)
15     -0.120   1.25e-01   1.08e-01  -6.55e-02  -8.11e-01   0.00e+00 (  9.18e+01,  1.35e+02)
20      0.081   2.57e-01   3.37e-01   1.37e-01   6.33e-01   0.00e+00 (  1.90e+02,  1.75e+02)
25      0.128   2.71e-01   3.46e-01   1.71e-01   1.12e+00   0.00e+00 (  1.83e+02,  2.02e+02)
30      0.104   2.92e-01   3.59e-01   1.83e-01   1.01e+00   0.00e+00 (  1.80e+02,  2.18e+02)
35      0.112   3.06e-01   4.13e-01   1.94e-01   1.18e+00   0.00e+00 (  1.76e+02,  2.27e+02)
40      0.116   3.24e-01   4.92e-01   2.30e-01   1.31e+00   0.00e+00 (  1.65e+02,  2.28e+02)
45      0.138   3.61e-01   6.01e-01   2.55e-01   1.65e+00   0.00e+00 (  1.57e+02,  2.25e+02)
50      0.154   3.98e-01   7.08e-01   3.05e-01   1.93e+00   0.00e+00 (  1.45e+02,  2.19e+02)
55      0.170   4.33e-01   8.14e-01   4.29e-01   2.22e+00   0.00e+00 (  1.35e+02,  2.09e+02)
60      0.164   4.37e-01   8.20e-01   5.03e-01   2.21e+00   0.00e+00 (  1.19e+02,  1.99e+02)
65      0.176   4.62e-01   8.97e-01   6.17e-01   2.45e+00   0.00e+00 (  1.10e+02,  1.87e+02)
70      0.198   5.03e-01   1.01e+00   7.52e-01   2.81e+00   0.00e+00 (  1.03e+02,  1.75e+02)
75      0.196   5.10e-01   1.02e+00   8.15e-01   2.86e+00   0.00e+00 (  9.41e+01,  1.64e+02)
80      0.194   4.98e-01   1.02e+00   8.21e-01   2.98e+00   0.00e+00 (  8.67e+01,  1.54e+02)
85      0.209   4.96e-01   9.58e-01   7.54e-01   4.02e+00   0.00e+00 (  7.35e+01,  1.45e+02)
90      0.368   8.54e-01   1.20e+00   7.74e-01   1.40e+01   0.00e+00 (  1.63e+02,  1.37e+02)
95      0.285   5.42e-01   7.59e-01   5.62e-01   2.00e+01   0.00e+00 (  2.33e+02,  1.30e+02)
16 e: 4.128e-05 i: 2.937e-04 :: e: 4.262e-02 i: 4.664e-02 :: n: 2.762e+01 e:22.511 i:24.875 v:4.993e+03
>>> tau_he = 5.000000, nhe(0)=3.082586e+00
 5     -0.034   1.11e-02   3.05e-01   7.06e-03  -1.50e-01   0.00e+00 (  6.40e+00,  5.01e+01)
10     -0.178   8.42e-02   3.00e-02  -1.59e-02  -1.01e+00   0.00e+00 (  6.22e+01,  9.78e+01)
15     -0.120   1.27e-01   1.08e-01  -7.26e-02  -8.13e-01   0.00e+00 (  9.36e+01,  1.35e+02)
20     -0.004   1.35e-01   1.33e-01  -8.16e-03  -2.81e-02   0.00e+00 (  9.81e+01,  1.75e+02)
25      0.124   2.69e-01   3.41e-01   1.65e-01   1.09e+00   0.00e+00 (  1.80e+02,  2.02e+02)
30      0.103   2.92e-01   3.56e-01   1.80e-01   9.97e-01   0.00e+00 (  1.80e+02,  2.18e+02)
35      0.112   3.06e-01   4.10e-01   1.93e-01   1.17e+00   0.00e+00 (  1.75e+02,  2.27e+02)
40      0.115   3.24e-01   4.88e-01   2.27e-01   1.30e+00   0.00e+00 (  1.65e+02,  2.28e+02)
45      0.137   3.61e-01   5.95e-01   2.53e-01   1.64e+00   0.00e+00 (  1.57e+02,  2.25e+02)
50      0.154   3.99e-01   7.04e-01   3.03e-01   1.93e+00   0.00e+00 (  1.46e+02,  2.19e+02)
55      0.171   4.34e-01   8.12e-01   4.28e-01   2.23e+00   0.00e+00 (  1.35e+02,  2.09e+02)
60      0.165   4.39e-01   8.22e-01   5.04e-01   2.23e+00   0.00e+00 (  1.20e+02,  1.99e+02)
65      0.178   4.64e-01   9.01e-01   6.19e-01   2.47e+00   0.00e+00 (  1.11e+02,  1.87e+02)
70      0.200   5.06e-01   1.02e+00   7.59e-01   2.84e+00   0.00e+00 (  1.04e+02,  1.75e+02)
75      0.198   5.14e-01   1.03e+00   8.22e-01   2.89e+00   0.00e+00 (  9.52e+01,  1.64e+02)
80      0.196   5.01e-01   1.03e+00   8.27e-01   3.02e+00   0.00e+00 (  8.76e+01,  1.54e+02)
85      0.211   4.99e-01   9.65e-01   7.60e-01   4.06e+00   0.00e+00 (  7.41e+01,  1.45e+02)
90      0.369   8.55e-01   1.20e+00   7.75e-01   1.40e+01   0.00e+00 (  1.63e+02,  1.37e+02)
95      0.285   5.42e-01   7.59e-01   5.62e-01   2.00e+01   0.00e+00 (  2.33e+02,  1.30e+02)
17 e: 4.407e-05 i: 1.134e-04 :: e: 3.352e-02 i: 3.544e-02 :: n: 2.762e+01 e:22.559 i:24.913 v:4.993e+03
>>> tau_he = 5.000000, nhe(0)=3.085660e+00
 5     -0.034   1.11e-02   3.06e-01   7.08e-03  -1.50e-01   0.00e+00 (  6.41e+00,  5.01e+01)
10     -0.176   8.44e-02   2.98e-02  -1.58e-02  -9.92e-01   0.00e+00 (  6.21e+01,  9.78e+01)
15     -0.060   2.70e-01   3.61e-01   7.47e-02  -4.05e-01   0.00e+00 (  1.99e+02,  1.35e+02)
20      0.071   2.56e-01   3.33e-01   1.34e-01   5.59e-01   0.00e+00 (  1.88e+02,  1.75e+02)
25      0.047   1.68e-01   1.68e-01   3.39e-02   4.10e-01   0.00e+00 (  1.12e+02,  2.02e+02)
30      0.116   2.90e-01   3.51e-01   1.74e-01   1.12e+00   0.00e+00 (  1.78e+02,  2.18e+02)
35      0.112   3.07e-01   4.11e-01   1.93e-01   1.18e+00   0.00e+00 (  1.76e+02,  2.27e+02)
40      0.116   3.26e-01   4.90e-01   2.27e-01   1.31e+00   0.00e+00 (  1.66e+02,  2.28e+02)
45      0.138   3.63e-01   5.99e-01   2.54e-01   1.64e+00   0.00e+00 (  1.58e+02,  2.25e+02)
50      0.155   4.02e-01   7.10e-01   3.06e-01   1.95e+00   0.00e+00 (  1.48e+02,  2.19e+02)
55      0.172   4.38e-01   8.20e-01   4.32e-01   2.24e+00   0.00e+00 (  1.37e+02,  2.09e+02)
60      0.137   4.03e-01   7.16e-01   4.71e-01   1.85e+00   0.00e+00 (  1.11e+02,  1.99e+02)
65      0.179   4.69e-01   9.11e-01   6.26e-01   2.49e+00   0.00e+00 (  1.13e+02,  1.87e+02)
70      0.200   5.11e-01   1.03e+00   7.64e-01   2.85e+00   0.00e+00 (  1.06e+02,  1.75e+02)
75      0.199   5.18e-01   1.04e+00   8.29e-01   2.90e+00   0.00e+00 (  9.69e+01,  1.64e+02)
80      0.196   5.05e-01   1.04e+00   8.34e-01   3.02e+00   0.00e+00 (  8.90e+01,  1.54e+02)
85      0.211   5.01e-01   9.69e-01   7.63e-01   4.06e+00   0.00e+00 (  7.50e+01,  1.45e+02)
90      0.369   8.54e-01   1.20e+00   7.76e-01   1.40e+01   0.00e+00 (  1.63e+02,  1.37e+02)
95      0.285   5.42e-01   7.59e-01   5.62e-01   2.00e+01   0.00e+00 (  2.33e+02,  1.30e+02)
18 e: 3.285e-04 i: 1.032e-03 :: e: 5.613e-02 i: 5.819e-02 :: n: 2.762e+01 e:22.485 i:24.887 v:4.993e+03
>>> tau_he = 5.000000, nhe(0)=3.083583e+00
 5     -0.034   1.11e-02   3.04e-01   7.03e-03  -1.52e-01   0.00e+00 (  6.41e+00,  5.01e+01)
10     -0.171   8.45e-02   3.04e-02  -1.57e-02  -9.68e-01   0.00e+00 (  6.15e+01,  9.78e+01)
15     -0.085   1.23e-01   9.32e-02  -2.03e-02  -5.76e-01   0.00e+00 (  8.71e+01,  1.35e+02)
20     -0.001   1.35e-01   1.28e-01   4.19e-03  -9.05e-03   0.00e+00 (  9.71e+01,  1.75e+02)
25      0.127   2.73e-01   3.46e-01   1.68e-01   1.12e+00   0.00e+00 (  1.84e+02,  2.02e+02)
30      0.117   2.92e-01   3.51e-01   1.74e-01   1.14e+00   0.00e+00 (  1.79e+02,  2.18e+02)
35      0.112   3.07e-01   4.08e-01   1.92e-01   1.18e+00   0.00e+00 (  1.76e+02,  2.27e+02)
40      0.116   3.26e-01   4.87e-01   2.24e-01   1.30e+00   0.00e+00 (  1.66e+02,  2.28e+02)
45      0.137   3.63e-01   5.94e-01   2.53e-01   1.64e+00   0.00e+00 (  1.59e+02,  2.25e+02)
50      0.155   4.02e-01   7.06e-01   3.04e-01   1.95e+00   0.00e+00 (  1.48e+02,  2.19e+02)
55      0.173   4.40e-01   8.20e-01   4.32e-01   2.26e+00   0.00e+00 (  1.38e+02,  2.09e+02)
60      0.201   4.93e-01   9.76e-01   5.93e-01   2.71e+00   0.00e+00 (  1.37e+02,  1.99e+02)
65      0.181   4.72e-01   9.17e-01   6.30e-01   2.52e+00   0.00e+00 (  1.14e+02,  1.87e+02)
70      0.202   5.13e-01   1.03e+00   7.71e-01   2.88e+00   0.00e+00 (  1.07e+02,  1.75e+02)
75      0.201   5.21e-01   1.05e+00   8.35e-01   2.93e+00   0.00e+00 (  9.79e+01,  1.64e+02)
80      0.197   5.09e-01   1.04e+00   8.46e-01   3.03e+00   0.00e+00 (  9.00e+01,  1.54e+02)
85      0.213   5.04e-01   9.76e-01   7.69e-01   4.09e+00   0.00e+00 (  7.57e+01,  1.45e+02)
90      0.369   8.55e-01   1.20e+00   7.77e-01   1.40e+01   0.00e+00 (  1.63e+02,  1.37e+02)
95      0.285   5.42e-01   7.59e-01   5.62e-01   2.00e+01   0.00e+00 (  2.33e+02,  1.30e+02)
19 e: 5.709e-05 i: 1.841e-04 :: e: 2.968e-02 i: 3.584e-02 :: n: 2.762e+01 e:22.574 i:24.928 v:4.993e+03
>>> tau_he = 5.000000, nhe(0)=3.086837e+00
 5     -0.034   1.11e-02   3.06e-01   7.07e-03  -1.51e-01   0.00e+00 (  6.41e+00,  5.01e+01)
10     -0.168   8.44e-02   3.00e-02  -1.57e-02  -9.48e-01   0.00e+00 (  6.12e+01,  9.78e+01)
15     -0.108   1.25e-01   9.67e-02  -2.54e-02  -7.32e-01   0.00e+00 (  8.93e+01,  1.35e+02)
20      0.004   1.38e-01   1.34e-01  -1.06e-02   2.92e-02   0.00e+00 (  1.00e+02,  1.75e+02)
25      0.133   2.87e-01   3.34e-01   1.39e-01   1.17e+00   0.00e+00 (  1.93e+02,  2.02e+02)
30      0.117   2.93e-01   3.53e-01   1.75e-01   1.14e+00   0.00e+00 (  1.81e+02,  2.18e+02)
35      0.112   3.09e-01   4.11e-01   1.93e-01   1.18e+00   0.00e+00 (  1.78e+02,  2.27e+02)
40      0.116   3.28e-01   4.92e-01   2.25e-01   1.31e+00   0.00e+00 (  1.68e+02,  2.28e+02)
45      0.138   3.67e-01   6.01e-01   2.56e-01   1.65e+00   0.00e+00 (  1.61e+02,  2.25e+02)
50      0.157   4.07e-01   7.16e-01   3.08e-01   1.97e+00   0.00e+00 (  1.51e+02,  2.19e+02)
55      0.173   4.44e-01   8.29e-01   4.36e-01   2.27e+00   0.00e+00 (  1.41e+02,  2.09e+02)
60      0.199   4.94e-01   9.76e-01   5.92e-01   2.69e+00   0.00e+00 (  1.38e+02,  1.99e+02)
65      0.181   4.76e-01   9.25e-01   6.35e-01   2.52e+00   0.00e+00 (  1.16e+02,  1.87e+02)
70      0.203   5.18e-01   1.04e+00   7.78e-01   2.89e+00   0.00e+00 (  1.09e+02,  1.75e+02)
75      0.201   5.26e-01   1.06e+00   8.42e-01   2.93e+00   0.00e+00 (  9.97e+01,  1.64e+02)
80      0.197   5.13e-01   1.05e+00   8.53e-01   3.03e+00   0.00e+00 (  9.15e+01,  1.54e+02)
85      0.213   5.07e-01   9.81e-01   7.74e-01   4.10e+00   0.00e+00 (  7.67e+01,  1.45e+02)
90      0.369   8.55e-01   1.20e+00   7.77e-01   1.40e+01   0.00e+00 (  1.64e+02,  1.37e+02)
95      0.285   5.42e-01   7.59e-01   5.62e-01   2.00e+01   0.00e+00 (  2.33e+02,  1.30e+02)
20 e: 4.888e-05 i: 1.582e-04 :: e: 2.394e-02 i: 2.730e-02 :: n: 2.762e+01 e:22.595 i:25.036 v:4.993e+03
>>> tau_he = 5.000000, nhe(0)=3.095370e+00
 5     -0.034   1.12e-02   3.09e-01   7.10e-03  -1.51e-01   0.00e+00 (  6.47e+00,  5.01e+01)
10     -0.168   8.52e-02   2.96e-02  -1.57e-02  -9.52e-01   0.00e+00 (  6.17e+01,  9.78e+01)
15     -0.112   1.27e-01   9.91e-02  -2.63e-02  -7.56e-01   0.00e+00 (  9.13e+01,  1.35e+02)
20      0.072   2.62e-01   3.38e-01   1.36e-01   5.60e-01   0.00e+00 (  1.92e+02,  1.75e+02)
25      0.043   1.65e-01   1.71e-01   3.30e-02   3.80e-01   0.00e+00 (  1.10e+02,  2.02e+02)
30      0.117   2.93e-01   3.50e-01   1.73e-01   1.13e+00   0.00e+00 (  1.79e+02,  2.18e+02)
35      0.112   3.09e-01   4.09e-01   1.92e-01   1.18e+00   0.00e+00 (  1.77e+02,  2.27e+02)
40      0.116   3.28e-01   4.89e-01   2.23e-01   1.31e+00   0.00e+00 (  1.68e+02,  2.28e+02)
45      0.138   3.67e-01   5.99e-01   2.55e-01   1.65e+00   0.00e+00 (  1.62e+02,  2.25e+02)
50      0.157   4.07e-01   7.15e-01   3.07e-01   1.97e+00   0.00e+00 (  1.52e+02,  2.19e+02)
55      0.174   4.44e-01   8.27e-01   4.35e-01   2.27e+00   0.00e+00 (  1.41e+02,  2.09e+02)
60      0.137   4.06e-01   7.16e-01   4.70e-01   1.85e+00   0.00e+00 (  1.13e+02,  1.99e+02)
65      0.182   4.77e-01   9.25e-01   6.35e-01   2.53e+00   0.00e+00 (  1.17e+02,  1.87e+02)
70      0.204   5.21e-01   1.05e+00   7.82e-01   2.91e+00   0.00e+00 (  1.10e+02,  1.75e+02)
75      0.203   5.30e-01   1.06e+00   8.48e-01   2.96e+00   0.00e+00 (  1.01e+02,  1.64e+02)
80      0.199   5.17e-01   1.06e+00   8.59e-01   3.06e+00   0.00e+00 (  9.25e+01,  1.54e+02)
85      0.215   5.11e-01   9.89e-01   7.83e-01   4.13e+00   0.00e+00 (  7.77e+01,  1.45e+02)
90      0.369   8.55e-01   1.20e+00   7.79e-01   1.40e+01   0.00e+00 (  1.64e+02,  1.37e+02)
95      0.285   5.42e-01   7.59e-01   5.62e-01   2.00e+01   0.00e+00 (  2.33e+02,  1.30e+02)
21 e: 8.035e-05 i: 2.740e-04 :: e: 3.281e-02 i: 3.577e-02 :: n: 2.762e+01 e:22.665 i:25.046 v:4.993e+03
>>> tau_he = 5.000000, nhe(0)=3.096153e+00
 5     -0.034   1.12e-02   3.10e-01   7.15e-03  -1.52e-01   0.00e+00 (  6.53e+00,  5.01e+01)
10     -0.169   8.57e-02   2.99e-02  -1.58e-02  -9.58e-01   0.00e+00 (  6.22e+01,  9.78e+01)
15     -0.116   1.28e-01   1.11e-01  -6.30e-02  -7.86e-01   0.00e+00 (  9.23e+01,  1.35e+02)
20     -0.003   1.37e-01   1.31e-01   4.08e-03  -2.28e-02   0.00e+00 (  9.97e+01,  1.75e+02)
25      0.127   2.76e-01   3.49e-01   1.70e-01   1.12e+00   0.00e+00 (  1.87e+02,  2.02e+02)
30      0.118   2.94e-01   3.53e-01   1.75e-01   1.14e+00   0.00e+00 (  1.81e+02,  2.18e+02)
35      0.112   3.10e-01   4.10e-01   1.93e-01   1.18e+00   0.00e+00 (  1.78e+02,  2.27e+02)
40      0.116   3.29e-01   4.91e-01   2.23e-01   1.31e+00   0.00e+00 (  1.69e+02,  2.28e+02)
45      0.138   3.68e-01   6.01e-01   2.55e-01   1.65e+00   0.00e+00 (  1.63e+02,  2.25e+02)
50      0.157   4.09e-01   7.17e-01   3.08e-01   1.97e+00   0.00e+00 (  1.53e+02,  2.19e+02)
55      0.174   4.47e-01   8.33e-01   4.38e-01   2.28e+00   0.00e+00 (  1.43e+02,  2.09e+02)
60      0.201   4.98e-01   9.84e-01   5.97e-01   2.71e+00   0.00e+00 (  1.40e+02,  1.99e+02)
65      0.183   4.81e-01   9.33e-01   6.41e-01   2.54e+00   0.00e+00 (  1.18e+02,  1.87e+02)
70      0.205   5.24e-01   1.06e+00   7.86e-01   2.91e+00   0.00e+00 (  1.11e+02,  1.75e+02)
75      0.203   5.32e-01   1.07e+00   8.52e-01   2.96e+00   0.00e+00 (  1.02e+02,  1.64e+02)
80      0.199   5.19e-01   1.06e+00   8.62e-01   3.05e+00   0.00e+00 (  9.34e+01,  1.54e+02)
85      0.215   5.12e-01   9.92e-01   7.85e-01   4.13e+00   0.00e+00 (  7.84e+01,  1.45e+02)
90      0.369   8.55e-01   1.20e+00   7.79e-01   1.40e+01   0.00e+00 (  1.64e+02,  1.37e+02)
95      0.285   5.42e-01   7.59e-01   5.62e-01   2.00e+01   0.00e+00 (  2.33e+02,  1.30e+02)
22 e: 3.307e-05 i: 1.493e-04 :: e: 2.139e-02 i: 2.734e-02 :: n: 2.762e+01 e:22.681 i:25.128 v:4.993e+03
>>> tau_he = 5.000000, nhe(0)=3.102582e+00
 5     -0.034   1.13e-02   3.13e-01   7.16e-03  -1.52e-01   0.00e+00 (  6.56e+00,  5.01e+01)
10     -0.168   8.59e-02   2.96e-02  -1.57e-02  -9.51e-01   0.00e+00 (  6.22e+01,  9.78e+01)
15     -0.118   1.30e-01   1.12e-01  -7.21e-02  -7.99e-01   0.00e+00 (  9.43e+01,  1.35e+02)
20      0.006   1.43e-01   1.37e-01  -1.53e-02   4.32e-02   0.00e+00 (  1.05e+02,  1.75e+02)
25      0.048   1.71e-01   1.70e-01   3.13e-02   4.21e-01   0.00e+00 (  1.16e+02,  2.02e+02)
30      0.117   2.93e-01   3.51e-01   1.73e-01   1.14e+00   0.00e+00 (  1.80e+02,  2.18e+02)
35      0.112   3.10e-01   4.09e-01   1.92e-01   1.18e+00   0.00e+00 (  1.78e+02,  2.27e+02)
40      0.116   3.30e-01   4.90e-01   2.22e-01   1.31e+00   0.00e+00 (  1.70e+02,  2.28e+02)
45      0.139   3.69e-01   6.00e-01   2.55e-01   1.66e+00   0.00e+00 (  1.63e+02,  2.25e+02)
50      0.158   4.10e-01   7.18e-01   3.08e-01   1.98e+00   0.00e+00 (  1.53e+02,  2.19e+02)
55      0.175   4.48e-01   8.32e-01   4.38e-01   2.28e+00   0.00e+00 (  1.43e+02,  2.09e+02)
60      0.199   4.96e-01   9.75e-01   5.91e-01   2.69e+00   0.00e+00 (  1.40e+02,  1.99e+02)
65      0.183   4.82e-01   9.33e-01   6.41e-01   2.54e+00   0.00e+00 (  1.18e+02,  1.87e+02)
70      0.206   5.26e-01   1.06e+00   7.89e-01   2.92e+00   0.00e+00 (  1.12e+02,  1.75e+02)
75      0.204   5.35e-01   1.07e+00   8.56e-01   2.98e+00   0.00e+00 (  1.03e+02,  1.64e+02)
80      0.200   5.21e-01   1.07e+00   8.66e-01   3.07e+00   0.00e+00 (  9.41e+01,  1.54e+02)
85      0.216   5.15e-01   9.97e-01   7.90e-01   4.16e+00   0.00e+00 (  7.90e+01,  1.45e+02)
90      0.370   8.56e-01   1.20e+00   7.80e-01   1.40e+01   0.00e+00 (  1.64e+02,  1.37e+02)
95      0.285   5.42e-01   7.59e-01   5.62e-01   2.00e+01   0.00e+00 (  2.33e+02,  1.30e+02)
23 e: 6.420e-05 i: 1.650e-04 :: e: 2.381e-02 i: 2.746e-02 :: n: 2.762e+01 e:22.770 i:25.240 v:4.993e+03
>>> tau_he = 5.000000, nhe(0)=3.111308e+00
 5     -0.034   1.14e-02   3.16e-01   7.21e-03  -1.53e-01   0.00e+00 (  6.64e+00,  5.01e+01)
10     -0.168   8.65e-02   2.93e-02  -1.58e-02  -9.49e-01   0.00e+00 (  6.26e+01,  9.78e+01)
15     -0.121   1.32e-01   1.13e-01  -7.83e-02  -8.18e-01   0.00e+00 (  9.66e+01,  1.35e+02)
20      0.082   2.69e-01   3.48e-01   1.42e-01   6.38e-01   0.00e+00 (  2.00e+02,  1.75e+02)
25      0.129   2.80e-01   3.54e-01   1.75e-01   1.14e+00   0.00e+00 (  1.92e+02,  2.02e+02)
30      0.118   2.94e-01   3.53e-01   1.75e-01   1.14e+00   0.00e+00 (  1.81e+02,  2.18e+02)
35      0.112   3.10e-01   4.10e-01   1.93e-01   1.18e+00   0.00e+00 (  1.78e+02,  2.27e+02)
40      0.116   3.30e-01   4.92e-01   2.22e-01   1.31e+00   0.00e+00 (  1.70e+02,  2.28e+02)
45      0.139   3.70e-01   6.03e-01   2.56e-01   1.66e+00   0.00e+00 (  1.64e+02,  2.25e+02)
50      0.159   4.12e-01   7.22e-01   3.10e-01   1.99e+00   0.00e+00 (  1.54e+02,  2.19e+02)
55      0.175   4.49e-01   8.35e-01   4.39e-01   2.28e+00   0.00e+00 (  1.44e+02,  2.09e+02)
60      0.197   4.95e-01   9.71e-01   5.88e-01   2.66e+00   0.00e+00 (  1.39e+02,  1.99e+02)
65      0.183   4.83e-01   9.35e-01   6.42e-01   2.54e+00   0.00e+00 (  1.19e+02,  1.87e+02)
70      0.206   5.28e-01   1.06e+00   7.92e-01   2.93e+00   0.00e+00 (  1.12e+02,  1.75e+02)
75      0.204   5.37e-01   1.08e+00   8.59e-01   2.98e+00   0.00e+00 (  1.03e+02,  1.64e+02)
80      0.200   5.23e-01   1.07e+00   8.69e-01   3.07e+00   0.00e+00 (  9.48e+01,  1.54e+02)
85      0.216   5.16e-01   1.00e+00   7.92e-01   4.16e+00   0.00e+00 (  7.96e+01,  1.45e+02)
90      0.370   8.56e-01   1.20e+00   7.81e-01   1.40e+01   0.00e+00 (  1.64e+02,  1.37e+02)
95      0.285   5.42e-01   7.59e-01   5.62e-01   2.00e+01   0.00e+00 (  2.33e+02,  1.30e+02)
24 e: 6.599e-05 i: 3.463e-04 :: e: 2.619e-02 i: 3.118e-02 :: n: 2.762e+01 e:22.761 i:25.202 v:4.993e+03
>>> tau_he = 5.000000, nhe(0)=3.108392e+00
 5     -0.035   1.15e-02   3.15e-01   7.23e-03  -1.54e-01   0.00e+00 (  6.70e+00,  5.01e+01)
10     -0.170   8.68e-02   3.01e-02  -1.60e-02  -9.60e-01   0.00e+00 (  6.30e+01,  9.78e+01)
15     -0.057   2.80e-01   3.72e-01   7.73e-02  -3.83e-01   0.00e+00 (  2.05e+02,  1.35e+02)
20      0.003   1.39e-01   1.35e-01  -9.94e-03   2.02e-02   0.00e+00 (  1.02e+02,  1.75e+02)
25      0.126   2.77e-01   3.49e-01   1.70e-01   1.11e+00   0.00e+00 (  1.89e+02,  2.02e+02)
30      0.118   2.96e-01   3.53e-01   1.74e-01   1.14e+00   0.00e+00 (  1.82e+02,  2.18e+02)
35      0.112   3.11e-01   4.10e-01   1.92e-01   1.18e+00   0.00e+00 (  1.79e+02,  2.27e+02)
40      0.117   3.31e-01   4.91e-01   2.22e-01   1.32e+00   0.00e+00 (  1.71e+02,  2.28e+02)
45      0.140   3.71e-01   6.03e-01   2.56e-01   1.67e+00   0.00e+00 (  1.64e+02,  2.25e+02)
50      0.159   4.12e-01   7.23e-01   3.10e-01   1.99e+00   0.00e+00 (  1.55e+02,  2.19e+02)
55      0.175   4.49e-01   8.35e-01   4.39e-01   2.29e+00   0.00e+00 (  1.44e+02,  2.09e+02)
60      0.164   4.48e-01   8.28e-01   5.06e-01   2.22e+00   0.00e+00 (  1.25e+02,  1.99e+02)
65      0.183   4.83e-01   9.35e-01   6.41e-01   2.55e+00   0.00e+00 (  1.19e+02,  1.87e+02)
70      0.207   5.29e-01   1.07e+00   7.94e-01   2.94e+00   0.00e+00 (  1.13e+02,  1.75e+02)
75      0.205   5.38e-01   1.08e+00   8.62e-01   2.99e+00   0.00e+00 (  1.04e+02,  1.64e+02)
80      0.201   5.24e-01   1.07e+00   8.72e-01   3.09e+00   0.00e+00 (  9.52e+01,  1.54e+02)
85      0.217   5.19e-01   1.00e+00   7.95e-01   4.17e+00   0.00e+00 (  8.02e+01,  1.45e+02)
90      0.370   8.56e-01   1.20e+00   7.81e-01   1.40e+01   0.00e+00 (  1.65e+02,  1.37e+02)
95      0.285   5.42e-01   7.59e-01   5.62e-01   2.00e+01   0.00e+00 (  2.33e+02,  1.30e+02)
25 e: 1.641e-04 i: 5.241e-04 :: e: 3.517e-02 i: 3.790e-02 :: n: 2.762e+01 e:22.672 i:25.178 v:4.993e+03
>>> tau_he = 5.000000, nhe(0)=3.106496e+00
 5     -0.035   1.14e-02   3.13e-01   7.16e-03  -1.55e-01   0.00e+00 (  6.66e+00,  5.01e+01)
10     -0.165   8.68e-02   3.05e-02  -1.58e-02  -9.31e-01   0.00e+00 (  6.23e+01,  9.78e+01)
15     -0.102   1.28e-01   9.71e-02  -2.59e-02  -6.94e-01   0.00e+00 (  8.99e+01,  1.35e+02)
20      0.007   1.44e-01   1.37e-01  -1.43e-02   5.54e-02   0.00e+00 (  1.05e+02,  1.75e+02)
25      0.048   1.72e-01   1.71e-01   3.07e-02   4.25e-01   0.00e+00 (  1.17e+02,  2.02e+02)
30      0.119   2.95e-01   3.53e-01   1.74e-01   1.15e+00   0.00e+00 (  1.81e+02,  2.18e+02)
35      0.114   3.12e-01   4.11e-01   1.93e-01   1.20e+00   0.00e+00 (  1.79e+02,  2.27e+02)
40      0.118   3.32e-01   4.92e-01   2.21e-01   1.33e+00   0.00e+00 (  1.71e+02,  2.28e+02)
45      0.141   3.72e-01   6.04e-01   2.57e-01   1.68e+00   0.00e+00 (  1.65e+02,  2.25e+02)
50      0.160   4.13e-01   7.24e-01   3.11e-01   2.01e+00   0.00e+00 (  1.55e+02,  2.19e+02)
55      0.176   4.51e-01   8.38e-01   4.41e-01   2.30e+00   0.00e+00 (  1.45e+02,  2.09e+02)
60      0.198   4.96e-01   9.73e-01   5.89e-01   2.68e+00   0.00e+00 (  1.40e+02,  1.99e+02)
65      0.184   4.85e-01   9.40e-01   6.45e-01   2.56e+00   0.00e+00 (  1.20e+02,  1.87e+02)
70      0.207   5.31e-01   1.07e+00   7.96e-01   2.95e+00   0.00e+00 (  1.13e+02,  1.75e+02)
75      0.205   5.40e-01   1.09e+00   8.64e-01   2.99e+00   0.00e+00 (  1.04e+02,  1.64e+02)
80      0.201   5.26e-01   1.08e+00   8.74e-01   3.09e+00   0.00e+00 (  9.57e+01,  1.54e+02)
85      0.217   5.20e-01   1.00e+00   7.97e-01   4.18e+00   0.00e+00 (  8.06e+01,  1.45e+02)
90      0.370   8.56e-01   1.20e+00   7.82e-01   1.40e+01   0.00e+00 (  1.65e+02,  1.37e+02)
95      0.285   5.42e-01   7.59e-01   5.62e-01   2.00e+01   0.00e+00 (  2.33e+02,  1.30e+02)
26 e: 5.701e-05 i: 1.455e-04 :: e: 2.779e-02 i: 3.155e-02 :: n: 2.762e+01 e:22.752 i:25.254 v:4.993e+03
>>> tau_he = 5.000000, nhe(0)=3.112370e+00
 5     -0.035   1.15e-02   3.16e-01   7.20e-03  -1.54e-01   0.00e+00 (  6.67e+00,  5.01e+01)
10     -0.163   8.69e-02   2.98e-02  -1.57e-02  -9.20e-01   0.00e+00 (  6.22e+01,  9.78e+01)
15     -0.105   1.30e-01   9.93e-02  -2.68e-02  -7.10e-01   0.00e+00 (  9.18e+01,  1.35e+02)
20      0.083   2.71e-01   3.49e-01   1.41e-01   6.51e-01   0.00e+00 (  2.00e+02,  1.75e+02)
25      0.130   2.81e-01   3.56e-01   1.76e-01   1.14e+00   0.00e+00 (  1.94e+02,  2.02e+02)
30      0.119   2.96e-01   3.55e-01   1.75e-01   1.16e+00   0.00e+00 (  1.83e+02,  2.18e+02)
35      0.113   3.12e-01   4.11e-01   1.93e-01   1.19e+00   0.00e+00 (  1.79e+02,  2.27e+02)
40      0.117   3.33e-01   4.94e-01   2.22e-01   1.33e+00   0.00e+00 (  1.72e+02,  2.28e+02)
45      0.140   3.73e-01   6.07e-01   2.58e-01   1.68e+00   0.00e+00 (  1.66e+02,  2.25e+02)
50      0.160   4.15e-01   7.27e-01   3.12e-01   2.01e+00   0.00e+00 (  1.56e+02,  2.19e+02)
55      0.176   4.52e-01   8.40e-01   4.42e-01   2.30e+00   0.00e+00 (  1.45e+02,  2.09e+02)
60      0.196   4.95e-01   9.69e-01   5.86e-01   2.65e+00   0.00e+00 (  1.40e+02,  1.99e+02)
65      0.184   4.86e-01   9.41e-01   6.45e-01   2.55e+00   0.00e+00 (  1.20e+02,  1.87e+02)
70      0.207   5.32e-01   1.07e+00   7.98e-01   2.94e+00   0.00e+00 (  1.14e+02,  1.75e+02)
75      0.205   5.41e-01   1.09e+00   8.66e-01   2.99e+00   0.00e+00 (  1.05e+02,  1.64e+02)
80      0.201   5.27e-01   1.08e+00   8.76e-01   3.09e+00   0.00e+00 (  9.62e+01,  1.54e+02)
85      0.218   5.21e-01   1.01e+00   7.99e-01   4.18e+00   0.00e+00 (  8.10e+01,  1.45e+02)
90      0.370   8.56e-01   1.20e+00   7.82e-01   1.41e+01   0.00e+00 (  1.65e+02,  1.37e+02)
95      0.285   5.42e-01   7.59e-01   5.62e-01   2.00e+01   0.00e+00 (  2.33e+02,  1.30e+02)
27 e: 7.979e-05 i: 4.023e-04 :: e: 2.954e-02 i: 3.342e-02 :: n: 2.762e+01 e:22.730 i:25.216 v:4.993e+03
>>> tau_he = 5.000000, nhe(0)=3.109465e+00
 5     -0.035   1.15e-02   3.15e-01   7.21e-03  -1.55e-01   0.00e+00 (  6.71e+00,  5.01e+01)
10     -0.165   8.70e-02   3.03e-02  -1.58e-02  -9.31e-01   0.00e+00 (  6.25e+01,  9.78e+01)
15     -0.107   1.30e-01   1.01e-01  -2.72e-02  -7.22e-01   0.00e+00 (  9.24e+01,  1.35e+02)
20      0.005   1.37e-01   1.36e-01  -8.12e-03   3.68e-02   0.00e+00 (  1.00e+02,  1.75e+02)
25      0.134   2.93e-01   3.37e-01   1.39e-01   1.18e+00   0.00e+00 (  1.99e+02,  2.02e+02)
30      0.119   2.96e-01   3.54e-01   1.74e-01   1.15e+00   0.00e+00 (  1.83e+02,  2.18e+02)
35      0.113   3.13e-01   4.11e-01   1.93e-01   1.19e+00   0.00e+00 (  1.80e+02,  2.27e+02)
40      0.118   3.33e-01   4.93e-01   2.21e-01   1.33e+00   0.00e+00 (  1.72e+02,  2.28e+02)
45      0.141   3.73e-01   6.06e-01   2.57e-01   1.68e+00   0.00e+00 (  1.66e+02,  2.25e+02)
50      0.160   4.15e-01   7.27e-01   3.12e-01   2.01e+00   0.00e+00 (  1.57e+02,  2.19e+02)
55      0.176   4.52e-01   8.39e-01   4.41e-01   2.30e+00   0.00e+00 (  1.45e+02,  2.09e+02)
60      0.163   4.48e-01   8.26e-01   5.04e-01   2.21e+00   0.00e+00 (  1.26e+02,  1.99e+02)
65      0.184   4.86e-01   9.40e-01   6.45e-01   2.56e+00   0.00e+00 (  1.20e+02,  1.87e+02)
70      0.208   5.33e-01   1.07e+00   7.99e-01   2.95e+00   0.00e+00 (  1.14e+02,  1.75e+02)
75      0.206   5.43e-01   1.09e+00   8.67e-01   3.00e+00   0.00e+00 (  1.05e+02,  1.64e+02)
80      0.202   5.28e-01   1.08e+00   8.78e-01   3.10e+00   0.00e+00 (  9.64e+01,  1.54e+02)
85      0.218   5.23e-01   1.01e+00   8.00e-01   4.19e+00   0.00e+00 (  8.14e+01,  1.45e+02)
90      0.371   8.56e-01   1.21e+00   7.83e-01   1.41e+01   0.00e+00 (  1.65e+02,  1.37e+02)
95      0.285   5.42e-01   7.59e-01   5.62e-01   2.00e+01   0.00e+00 (  2.33e+02,  1.30e+02)
28 e: 4.563e-05 i: 1.246e-04 :: e: 2.485e-02 i: 2.553e-02 :: n: 2.762e+01 e:22.732 i:25.238 v:4.993e+03
>>> tau_he = 5.000000, nhe(0)=3.111137e+00
 5     -0.035   1.15e-02   3.16e-01   7.22e-03  -1.54e-01   0.00e+00 (  6.71e+00,  5.01e+01)
10     -0.164   8.69e-02   2.99e-02  -1.57e-02  -9.25e-01   0.00e+00 (  6.22e+01,  9.78e+01)
15     -0.111   1.32e-01   1.13e-01  -7.12e-02  -7.55e-01   0.00e+00 (  9.42e+01,  1.35e+02)
20      0.007   1.45e-01   1.38e-01  -1.71e-02   5.39e-02   0.00e+00 (  1.06e+02,  1.75e+02)
25      0.044   1.66e-01   1.72e-01   3.23e-02   3.84e-01   0.00e+00 (  1.12e+02,  2.02e+02)
30      0.119   2.95e-01   3.53e-01   1.74e-01   1.15e+00   0.00e+00 (  1.81e+02,  2.18e+02)
35      0.113   3.12e-01   4.11e-01   1.93e-01   1.19e+00   0.00e+00 (  1.79e+02,  2.27e+02)
40      0.118   3.33e-01   4.94e-01   2.21e-01   1.33e+00   0.00e+00 (  1.72e+02,  2.28e+02)
45      0.141   3.73e-01   6.07e-01   2.58e-01   1.68e+00   0.00e+00 (  1.66e+02,  2.25e+02)
50      0.160   4.15e-01   7.27e-01   3.12e-01   2.01e+00   0.00e+00 (  1.57e+02,  2.19e+02)
55      0.176   4.53e-01   8.41e-01   4.42e-01   2.30e+00   0.00e+00 (  1.46e+02,  2.09e+02)
60      0.197   4.97e-01   9.71e-01   5.88e-01   2.66e+00   0.00e+00 (  1.40e+02,  1.99e+02)
65      0.184   4.87e-01   9.43e-01   6.47e-01   2.56e+00   0.00e+00 (  1.21e+02,  1.87e+02)
70      0.207   5.33e-01   1.07e+00   7.99e-01   2.95e+00   0.00e+00 (  1.14e+02,  1.75e+02)
75      0.206   5.43e-01   1.09e+00   8.68e-01   3.00e+00   0.00e+00 (  1.05e+02,  1.64e+02)
80      0.201   5.28e-01   1.08e+00   8.78e-01   3.10e+00   0.00e+00 (  9.66e+01,  1.54e+02)
85      0.218   5.23e-01   1.01e+00   8.00e-01   4.19e+00   0.00e+00 (  8.16e+01,  1.45e+02)
90      0.371   8.56e-01   1.21e+00   7.83e-01   1.41e+01   0.00e+00 (  1.65e+02,  1.37e+02)
95      0.285   5.42e-01   7.59e-01   5.62e-01   2.00e+01   0.00e+00 (  2.33e+02,  1.30e+02)
29 e: 6.115e-05 i: 1.540e-04 :: e: 2.694e-02 i: 2.839e-02 :: n: 2.762e+01 e:22.775 i:25.329 v:4.993e+03
>>> tau_he = 5.000000, nhe(0)=3.118186e+00
 5     -0.035   1.16e-02   3.19e-01   7.25e-03  -1.55e-01   0.00e+00 (  6.75e+00,  5.01e+01)
10     -0.163   8.70e-02   2.94e-02  -1.57e-02  -9.23e-01   0.00e+00 (  6.23e+01,  9.78e+01)
15     -0.114   1.33e-01   1.13e-01  -7.61e-02  -7.73e-01   0.00e+00 (  9.60e+01,  1.35e+02)
20      0.083   2.71e-01   3.50e-01   1.42e-01   6.50e-01   0.00e+00 (  2.01e+02,  1.75e+02)
25      0.129   2.80e-01   3.54e-01   1.74e-01   1.13e+00   0.00e+00 (  1.92e+02,  2.02e+02)
30      0.119   2.95e-01   3.53e-01   1.74e-01   1.15e+00   0.00e+00 (  1.81e+02,  2.18e+02)
35      0.113   3.11e-01   4.10e-01   1.92e-01   1.19e+00   0.00e+00 (  1.78e+02,  2.27e+02)
40      0.117   3.32e-01   4.93e-01   2.21e-01   1.32e+00   0.00e+00 (  1.72e+02,  2.28e+02)
45      0.140   3.72e-01   6.05e-01   2.57e-01   1.68e+00   0.00e+00 (  1.66e+02,  2.25e+02)
50      0.160   4.14e-01   7.26e-01   3.12e-01   2.01e+00   0.00e+00 (  1.56e+02,  2.19e+02)
55      0.176   4.52e-01   8.39e-01   4.41e-01   2.30e+00   0.00e+00 (  1.45e+02,  2.09e+02)
60      0.163   4.48e-01   8.26e-01   5.05e-01   2.21e+00   0.00e+00 (  1.26e+02,  1.99e+02)
65      0.184   4.86e-01   9.40e-01   6.45e-01   2.55e+00   0.00e+00 (  1.21e+02,  1.87e+02)
70      0.207   5.33e-01   1.07e+00   7.98e-01   2.95e+00   0.00e+00 (  1.14e+02,  1.75e+02)
75      0.206   5.43e-01   1.09e+00   8.67e-01   3.00e+00   0.00e+00 (  1.05e+02,  1.64e+02)
80      0.202   5.28e-01   1.08e+00   8.78e-01   3.10e+00   0.00e+00 (  9.66e+01,  1.54e+02)
85      0.218   5.23e-01   1.01e+00   8.01e-01   4.19e+00   0.00e+00 (  8.16e+01,  1.45e+02)
90      0.371   8.57e-01   1.21e+00   7.83e-01   1.41e+01   0.00e+00 (  1.65e+02,  1.37e+02)
95      0.285   5.42e-01   7.59e-01   5.62e-01   2.00e+01   0.00e+00 (  2.33e+02,  1.30e+02)
30 e: 7.081e-05 i: 3.501e-04 :: e: 2.569e-02 i: 2.886e-02 :: n: 2.762e+01 e:22.765 i:25.259 v:4.993e+03
>>> tau_he = 5.000000, nhe(0)=3.112805e+00
 5     -0.035   1.16e-02   3.17e-01   7.26e-03  -1.55e-01   0.00e+00 (  6.79e+00,  5.01e+01)
10     -0.166   8.72e-02   3.02e-02  -1.59e-02  -9.36e-01   0.00e+00 (  6.27e+01,  9.78e+01)
15     -0.049   2.82e-01   3.72e-01   7.65e-02  -3.29e-01   0.00e+00 (  2.04e+02,  1.35e+02)
20      0.003   1.40e-01   1.36e-01  -1.09e-02   2.71e-02   0.00e+00 (  1.02e+02,  1.75e+02)
25      0.047   1.73e-01   1.71e-01   3.06e-02   4.17e-01   0.00e+00 (  1.18e+02,  2.02e+02)
30      0.118   2.96e-01   3.53e-01   1.74e-01   1.15e+00   0.00e+00 (  1.82e+02,  2.18e+02)
35      0.113   3.12e-01   4.10e-01   1.93e-01   1.19e+00   0.00e+00 (  1.79e+02,  2.27e+02)
40      0.118   3.33e-01   4.93e-01   2.21e-01   1.33e+00   0.00e+00 (  1.72e+02,  2.28e+02)
45      0.140   3.72e-01   6.06e-01   2.57e-01   1.68e+00   0.00e+00 (  1.66e+02,  2.25e+02)
50      0.160   4.14e-01   7.26e-01   3.12e-01   2.01e+00   0.00e+00 (  1.56e+02,  2.19e+02)
55      0.176   4.52e-01   8.40e-01   4.42e-01   2.30e+00   0.00e+00 (  1.45e+02,  2.09e+02)
60      0.197   4.96e-01   9.70e-01   5.87e-01   2.66e+00   0.00e+00 (  1.40e+02,  1.99e+02)
65      0.184   4.86e-01   9.42e-01   6.46e-01   2.56e+00   0.00e+00 (  1.21e+02,  1.87e+02)
70      0.207   5.33e-01   1.07e+00   7.98e-01   2.95e+00   0.00e+00 (  1.14e+02,  1.75e+02)
75      0.206   5.42e-01   1.09e+00   8.67e-01   3.00e+00   0.00e+00 (  1.05e+02,  1.64e+02)
80      0.201   5.28e-01   1.08e+00   8.78e-01   3.10e+00   0.00e+00 (  9.65e+01,  1.54e+02)
85      0.218   5.23e-01   1.01e+00   8.01e-01   4.19e+00   0.00e+00 (  8.16e+01,  1.45e+02)
90      0.371   8.56e-01   1.21e+00   7.83e-01   1.41e+01   0.00e+00 (  1.65e+02,  1.37e+02)
95      0.285   5.42e-01   7.59e-01   5.62e-01   2.00e+01   0.00e+00 (  2.33e+02,  1.30e+02)
31 e: 2.868e-04 i: 1.046e-03 :: e: 3.879e-02 i: 4.067e-02 :: n: 2.762e+01 e:22.683 i:25.284 v:4.993e+03
>>> tau_he = 5.000000, nhe(0)=3.114737e+00
 5     -0.035   1.16e-02   3.16e-01   7.19e-03  -1.56e-01   0.00e+00 (  6.75e+00,  5.01e+01)
10     -0.160   8.73e-02   3.03e-02  -1.56e-02  -9.05e-01   0.00e+00 (  6.20e+01,  9.78e+01)
15     -0.096   1.28e-01   9.65e-02  -2.49e-02  -6.48e-01   0.00e+00 (  8.93e+01,  1.35e+02)
20      0.007   1.45e-01   1.38e-01  -1.70e-02   5.84e-02   0.00e+00 (  1.06e+02,  1.75e+02)
25      0.131   2.83e-01   3.56e-01   1.76e-01   1.15e+00   0.00e+00 (  1.94e+02,  2.02e+02)
30      0.120   2.96e-01   3.54e-01   1.74e-01   1.16e+00   0.00e+00 (  1.82e+02,  2.18e+02)
35      0.114   3.12e-01   4.10e-01   1.92e-01   1.20e+00   0.00e+00 (  1.78e+02,  2.27e+02)
40      0.118   3.32e-01   4.93e-01   2.21e-01   1.33e+00   0.00e+00 (  1.72e+02,  2.28e+02)
45      0.141   3.72e-01   6.06e-01   2.57e-01   1.69e+00   0.00e+00 (  1.66e+02,  2.25e+02)
50      0.161   4.15e-01   7.27e-01   3.12e-01   2.02e+00   0.00e+00 (  1.56e+02,  2.19e+02)
55      0.176   4.52e-01   8.40e-01   4.42e-01   2.30e+00   0.00e+00 (  1.45e+02,  2.09e+02)
60      0.135   4.09e-01   7.14e-01   4.68e-01   1.83e+00   0.00e+00 (  1.15e+02,  1.99e+02)
65      0.184   4.86e-01   9.41e-01   6.45e-01   2.56e+00   0.00e+00 (  1.21e+02,  1.87e+02)
70      0.207   5.33e-01   1.07e+00   7.98e-01   2.95e+00   0.00e+00 (  1.14e+02,  1.75e+02)
75      0.206   5.43e-01   1.09e+00   8.67e-01   3.00e+00   0.00e+00 (  1.05e+02,  1.64e+02)
80      0.202   5.28e-01   1.08e+00   8.78e-01   3.10e+00   0.00e+00 (  9.65e+01,  1.54e+02)
85      0.218   5.24e-01   1.01e+00   8.01e-01   4.20e+00   0.00e+00 (  8.17e+01,  1.45e+02)
90      0.371   8.57e-01   1.21e+00   7.83e-01   1.41e+01   0.00e+00 (  1.65e+02,  1.37e+02)
95      0.285   5.42e-01   7.59e-01   5.62e-01   2.00e+01   0.00e+00 (  2.33e+02,  1.30e+02)
32 e: 4.685e-05 i: 2.007e-04 :: e: 2.635e-02 i: 3.362e-02 :: n: 2.762e+01 e:22.754 i:25.300 v:4.993e+03
>>> tau_he = 5.000000, nhe(0)=3.115935e+00
 5     -0.035   1.16e-02   3.17e-01   7.23e-03  -1.56e-01   0.00e+00 (  6.77e+00,  5.01e+01)
10     -0.160   8.74e-02   3.01e-02  -1.57e-02  -9.06e-01   0.00e+00 (  6.22e+01,  9.78e+01)
15     -0.101   1.30e-01   9.99e-02  -2.70e-02  -6.83e-01   0.00e+00 (  9.16e+01,  1.35e+02)
20      0.084   2.72e-01   3.51e-01   1.42e-01   6.58e-01   0.00e+00 (  2.01e+02,  1.75e+02)
25      0.129   2.81e-01   3.54e-01   1.74e-01   1.13e+00   0.00e+00 (  1.93e+02,  2.02e+02)
30      0.119   2.97e-01   3.55e-01   1.75e-01   1.16e+00   0.00e+00 (  1.83e+02,  2.18e+02)
35      0.114   3.13e-01   4.11e-01   1.93e-01   1.20e+00   0.00e+00 (  1.80e+02,  2.27e+02)
40      0.118   3.33e-01   4.94e-01   2.21e-01   1.33e+00   0.00e+00 (  1.73e+02,  2.28e+02)
45      0.141   3.73e-01   6.07e-01   2.58e-01   1.68e+00   0.00e+00 (  1.66e+02,  2.25e+02)
50      0.160   4.15e-01   7.27e-01   3.12e-01   2.01e+00   0.00e+00 (  1.57e+02,  2.19e+02)
55      0.177   4.54e-01   8.43e-01   4.43e-01   2.31e+00   0.00e+00 (  1.46e+02,  2.09e+02)
60      0.199   5.00e-01   9.81e-01   5.94e-01   2.69e+00   0.00e+00 (  1.42e+02,  1.99e+02)
65      0.185   4.88e-01   9.45e-01   6.48e-01   2.56e+00   0.00e+00 (  1.21e+02,  1.87e+02)
70      0.207   5.34e-01   1.07e+00   7.95e-01   2.94e+00   0.00e+00 (  1.14e+02,  1.75e+02)
75      0.205   5.42e-01   1.09e+00   8.66e-01   2.99e+00   0.00e+00 (  1.05e+02,  1.64e+02)
80      0.201   5.28e-01   1.08e+00   8.77e-01   3.10e+00   0.00e+00 (  9.65e+01,  1.54e+02)
85      0.218   5.23e-01   1.01e+00   8.01e-01   4.19e+00   0.00e+00 (  8.17e+01,  1.45e+02)
90      0.371   8.56e-01   1.21e+00   7.83e-01   1.41e+01   0.00e+00 (  1.65e+02,  1.37e+02)
95      0.285   5.42e-01   7.59e-01   5.62e-01   2.00e+01   0.00e+00 (  2.33e+02,  1.30e+02)
33 e: 9.881e-05 i: 4.103e-04 :: e: 2.762e-02 i: 3.108e-02 :: n: 2.762e+01 e:22.701 i:25.244 v:4.993e+03
>>> tau_he = 5.000000, nhe(0)=3.111648e+00
 5     -0.035   1.16e-02   3.16e-01   7.22e-03  -1.56e-01   0.00e+00 (  6.77e+00,  5.01e+01)
10     -0.161   8.72e-02   3.03e-02  -1.57e-02  -9.13e-01   0.00e+00 (  6.21e+01,  9.78e+01)
15     -0.102   1.30e-01   1.01e-01  -2.73e-02  -6.91e-01   0.00e+00 (  9.18e+01,  1.35e+02)
20      0.006   1.38e-01   1.36e-01  -8.30e-03   4.42e-02   0.00e+00 (  9.98e+01,  1.75e+02)
25      0.047   1.72e-01   1.70e-01   3.19e-02   4.16e-01   0.00e+00 (  1.17e+02,  2.02e+02)
30      0.119   2.96e-01   3.53e-01   1.73e-01   1.15e+00   0.00e+00 (  1.82e+02,  2.18e+02)
35      0.114   3.13e-01   4.10e-01   1.92e-01   1.20e+00   0.00e+00 (  1.79e+02,  2.27e+02)
40      0.118   3.33e-01   4.94e-01   2.21e-01   1.33e+00   0.00e+00 (  1.73e+02,  2.28e+02)
45      0.141   3.73e-01   6.06e-01   2.57e-01   1.69e+00   0.00e+00 (  1.66e+02,  2.25e+02)
50      0.161   4.15e-01   7.27e-01   3.12e-01   2.01e+00   0.00e+00 (  1.57e+02,  2.19e+02)
55      0.177   4.53e-01   8.42e-01   4.42e-01   2.31e+00   0.00e+00 (  1.46e+02,  2.09e+02)
60      0.198   4.98e-01   9.74e-01   5.90e-01   2.67e+00   0.00e+00 (  1.41e+02,  1.99e+02)
65      0.185   4.87e-01   9.44e-01   6.47e-01   2.56e+00   0.00e+00 (  1.21e+02,  1.87e+02)
70      0.207   5.33e-01   1.07e+00   7.99e-01   2.95e+00   0.00e+00 (  1.14e+02,  1.75e+02)
75      0.206   5.43e-01   1.09e+00   8.67e-01   3.00e+00   0.00e+00 (  1.05e+02,  1.64e+02)
80      0.202   5.28e-01   1.08e+00   8.78e-01   3.11e+00   0.00e+00 (  9.65e+01,  1.54e+02)
85      0.219   5.24e-01   1.01e+00   8.02e-01   4.20e+00   0.00e+00 (  8.18e+01,  1.45e+02)
90      0.371   8.57e-01   1.21e+00   7.84e-01   1.41e+01   0.00e+00 (  1.65e+02,  1.37e+02)
95      0.285   5.42e-01   7.59e-01   5.62e-01   2.00e+01   0.00e+00 (  2.33e+02,  1.30e+02)
34 e: 4.469e-05 i: 1.464e-04 :: e: 2.588e-02 i: 2.763e-02 :: n: 2.762e+01 e:22.736 i:25.301 v:4.993e+03
>>> tau_he = 5.000000, nhe(0)=3.115993e+00
 5     -0.035   1.16e-02   3.18e-01   7.24e-03  -1.55e-01   0.00e+00 (  6.76e+00,  5.01e+01)
10     -0.159   8.65e-02   2.96e-02  -1.56e-02  -8.99e-01   0.00e+00 (  6.15e+01,  9.78e+01)
15     -0.107   1.32e-01   1.13e-01  -6.64e-02  -7.24e-01   0.00e+00 (  9.34e+01,  1.35e+02)
20      0.016   1.46e-01   1.39e-01  -1.94e-02   1.27e-01   0.00e+00 (  1.07e+02,  1.75e+02)
25      0.129   2.81e-01   3.54e-01   1.74e-01   1.14e+00   0.00e+00 (  1.93e+02,  2.02e+02)
30      0.119   2.96e-01   3.54e-01   1.74e-01   1.16e+00   0.00e+00 (  1.82e+02,  2.18e+02)
35      0.113   3.12e-01   4.11e-01   1.93e-01   1.20e+00   0.00e+00 (  1.78e+02,  2.27e+02)
40      0.118   3.33e-01   4.94e-01   2.22e-01   1.33e+00   0.00e+00 (  1.72e+02,  2.28e+02)
45      0.141   3.73e-01   6.08e-01   2.58e-01   1.68e+00   0.00e+00 (  1.66e+02,  2.25e+02)
50      0.160   4.16e-01   7.29e-01   3.13e-01   2.01e+00   0.00e+00 (  1.57e+02,  2.19e+02)
55      0.176   4.53e-01   8.43e-01   4.43e-01   2.30e+00   0.00e+00 (  1.46e+02,  2.09e+02)
60      0.196   4.96e-01   9.69e-01   5.86e-01   2.65e+00   0.00e+00 (  1.40e+02,  1.99e+02)
65      0.184   4.87e-01   9.43e-01   6.46e-01   2.56e+00   0.00e+00 (  1.21e+02,  1.87e+02)
70      0.207   5.34e-01   1.07e+00   7.96e-01   2.94e+00   0.00e+00 (  1.15e+02,  1.75e+02)
75      0.206   5.42e-01   1.09e+00   8.68e-01   3.00e+00   0.00e+00 (  1.05e+02,  1.64e+02)
80      0.201   5.28e-01   1.08e+00   8.78e-01   3.10e+00   0.00e+00 (  9.67e+01,  1.54e+02)
85      0.218   5.24e-01   1.01e+00   8.02e-01   4.19e+00   0.00e+00 (  8.19e+01,  1.45e+02)
90      0.371   8.57e-01   1.21e+00   7.84e-01   1.41e+01   0.00e+00 (  1.66e+02,  1.37e+02)
95      0.285   5.42e-01   7.59e-01   5.62e-01   2.00e+01   0.00e+00 (  2.33e+02,  1.30e+02)
35 e: 3.516e-05 i: 1.291e-04 :: e: 1.881e-02 i: 2.175e-02 :: n: 2.762e+01 e:22.755 i:25.344 v:4.993e+03
>>> tau_he = 5.000000, nhe(0)=3.119343e+00
 5     -0.035   1.16e-02   3.20e-01   7.26e-03  -1.56e-01   0.00e+00 (  6.81e+00,  5.01e+01)
10     -0.161   8.73e-02   2.96e-02  -1.57e-02  -9.13e-01   0.00e+00 (  6.22e+01,  9.78e+01)
15     -0.111   1.34e-01   1.14e-01  -7.82e-02  -7.49e-01   0.00e+00 (  9.58e+01,  1.35e+02)
20      0.084   2.71e-01   3.50e-01   1.43e-01   6.56e-01   0.00e+00 (  2.01e+02,  1.75e+02)
25      0.127   2.79e-01   3.51e-01   1.71e-01   1.11e+00   0.00e+00 (  1.91e+02,  2.02e+02)
30      0.119   2.95e-01   3.52e-01   1.73e-01   1.15e+00   0.00e+00 (  1.81e+02,  2.18e+02)
35      0.113   3.11e-01   4.10e-01   1.92e-01   1.19e+00   0.00e+00 (  1.78e+02,  2.27e+02)
40      0.118   3.32e-01   4.93e-01   2.21e-01   1.33e+00   0.00e+00 (  1.72e+02,  2.28e+02)
45      0.141   3.72e-01   6.06e-01   2.57e-01   1.68e+00   0.00e+00 (  1.66e+02,  2.25e+02)
50      0.160   4.15e-01   7.27e-01   3.12e-01   2.01e+00   0.00e+00 (  1.56e+02,  2.19e+02)
55      0.176   4.52e-01   8.39e-01   4.41e-01   2.30e+00   0.00e+00 (  1.45e+02,  2.09e+02)
60      0.163   4.47e-01   8.23e-01   5.03e-01   2.20e+00   0.00e+00 (  1.25e+02,  1.99e+02)
65      0.184   4.86e-01   9.39e-01   6.44e-01   2.55e+00   0.00e+00 (  1.20e+02,  1.87e+02)
70      0.207   5.33e-01   1.07e+00   7.98e-01   2.95e+00   0.00e+00 (  1.14e+02,  1.75e+02)
75      0.206   5.42e-01   1.09e+00   8.67e-01   3.00e+00   0.00e+00 (  1.05e+02,  1.64e+02)
80      0.202   5.28e-01   1.08e+00   8.78e-01   3.10e+00   0.00e+00 (  9.65e+01,  1.54e+02)
85      0.219   5.24e-01   1.01e+00   8.02e-01   4.20e+00   0.00e+00 (  8.18e+01,  1.45e+02)
90      0.371   8.57e-01   1.21e+00   7.84e-01   1.41e+01   0.00e+00 (  1.66e+02,  1.37e+02)
95      0.285   5.42e-01   7.59e-01   5.62e-01   2.00e+01   0.00e+00 (  2.33e+02,  1.30e+02)
36 e: 8.194e-05 i: 3.490e-04 :: e: 2.269e-02 i: 2.568e-02 :: n: 2.762e+01 e:22.724 i:25.252 v:4.993e+03
>>> tau_he = 5.000000, nhe(0)=3.112243e+00
 5     -0.035   1.16e-02   3.17e-01   7.26e-03  -1.56e-01   0.00e+00 (  6.81e+00,  5.01e+01)
10     -0.163   8.72e-02   3.03e-02  -1.58e-02  -9.23e-01   0.00e+00 (  6.24e+01,  9.78e+01)
15     -0.043   2.81e-01   3.71e-01   7.61e-02  -2.95e-01   0.00e+00 (  2.02e+02,  1.35e+02)
20      0.005   1.38e-01   1.36e-01  -1.10e-02   3.83e-02   0.00e+00 (  1.00e+02,  1.75e+02)
25      0.046   1.71e-01   1.70e-01   3.38e-02   4.07e-01   0.00e+00 (  1.16e+02,  2.02e+02)
30      0.118   2.95e-01   3.52e-01   1.73e-01   1.15e+00   0.00e+00 (  1.81e+02,  2.18e+02)
35      0.113   3.12e-01   4.10e-01   1.93e-01   1.19e+00   0.00e+00 (  1.78e+02,  2.27e+02)
40      0.118   3.33e-01   4.94e-01   2.22e-01   1.33e+00   0.00e+00 (  1.72e+02,  2.28e+02)
45      0.141   3.73e-01   6.07e-01   2.58e-01   1.68e+00   0.00e+00 (  1.66e+02,  2.25e+02)
50      0.160   4.15e-01   7.27e-01   3.12e-01   2.01e+00   0.00e+00 (  1.56e+02,  2.19e+02)
55      0.176   4.52e-01   8.41e-01   4.42e-01   2.30e+00   0.00e+00 (  1.45e+02,  2.09e+02)
60      0.196   4.95e-01   9.68e-01   5.86e-01   2.65e+00   0.00e+00 (  1.39e+02,  1.99e+02)
65      0.184   4.86e-01   9.41e-01   6.45e-01   2.56e+00   0.00e+00 (  1.20e+02,  1.87e+02)
70      0.207   5.33e-01   1.07e+00   7.94e-01   2.94e+00   0.00e+00 (  1.14e+02,  1.75e+02)
75      0.205   5.41e-01   1.09e+00   8.66e-01   3.00e+00   0.00e+00 (  1.05e+02,  1.64e+02)
80      0.201   5.28e-01   1.08e+00   8.77e-01   3.10e+00   0.00e+00 (  9.64e+01,  1.54e+02)
85      0.218   5.24e-01   1.01e+00   8.01e-01   4.19e+00   0.00e+00 (  8.18e+01,  1.45e+02)
90      0.371   8.57e-01   1.21e+00   7.84e-01   1.41e+01   0.00e+00 (  1.66e+02,  1.37e+02)
95      0.285   5.42e-01   7.59e-01   5.62e-01   2.00e+01   0.00e+00 (  2.33e+02,  1.30e+02)
37 e: 2.856e-04 i: 1.071e-03 :: e: 3.600e-02 i: 3.744e-02 :: n: 2.762e+01 e:22.638 i:25.266 v:4.993e+03
>>> tau_he = 5.000000, nhe(0)=3.113352e+00
 5     -0.035   1.16e-02   3.16e-01   7.19e-03  -1.57e-01   0.00e+00 (  6.76e+00,  5.01e+01)
10     -0.157   8.66e-02   3.03e-02  -1.56e-02  -8.86e-01   0.00e+00 (  6.12e+01,  9.78e+01)
15     -0.093   1.28e-01   9.66e-02  -2.49e-02  -6.27e-01   0.00e+00 (  8.87e+01,  1.35e+02)
20      0.008   1.45e-01   1.38e-01  -1.67e-02   6.40e-02   0.00e+00 (  1.06e+02,  1.75e+02)
25      0.129   2.81e-01   3.53e-01   1.73e-01   1.14e+00   0.00e+00 (  1.92e+02,  2.02e+02)
30      0.120   2.95e-01   3.53e-01   1.74e-01   1.16e+00   0.00e+00 (  1.81e+02,  2.18e+02)
35      0.114   3.11e-01   4.09e-01   1.92e-01   1.20e+00   0.00e+00 (  1.78e+02,  2.27e+02)
40      0.119   3.32e-01   4.93e-01   2.22e-01   1.34e+00   0.00e+00 (  1.71e+02,  2.28e+02)
45      0.141   3.72e-01   6.06e-01   2.57e-01   1.69e+00   0.00e+00 (  1.65e+02,  2.25e+02)
50      0.161   4.14e-01   7.27e-01   3.12e-01   2.02e+00   0.00e+00 (  1.56e+02,  2.19e+02)
55      0.176   4.51e-01   8.39e-01   4.41e-01   2.30e+00   0.00e+00 (  1.45e+02,  2.09e+02)
60      0.163   4.47e-01   8.25e-01   5.04e-01   2.21e+00   0.00e+00 (  1.25e+02,  1.99e+02)
65      0.184   4.85e-01   9.39e-01   6.44e-01   2.56e+00   0.00e+00 (  1.20e+02,  1.87e+02)
70      0.207   5.32e-01   1.07e+00   7.97e-01   2.95e+00   0.00e+00 (  1.14e+02,  1.75e+02)
75      0.206   5.41e-01   1.09e+00   8.66e-01   3.00e+00   0.00e+00 (  1.05e+02,  1.64e+02)
80      0.202   5.27e-01   1.08e+00   8.77e-01   3.10e+00   0.00e+00 (  9.62e+01,  1.54e+02)
85      0.219   5.24e-01   1.01e+00   8.02e-01   4.20e+00   0.00e+00 (  8.17e+01,  1.45e+02)
90      0.371   8.57e-01   1.21e+00   7.84e-01   1.41e+01   0.00e+00 (  1.66e+02,  1.37e+02)
95      0.285   5.42e-01   7.59e-01   5.62e-01   2.00e+01   0.00e+00 (  2.33e+02,  1.30e+02)
38 e: 3.923e-05 i: 1.633e-04 :: e: 1.845e-02 i: 2.222e-02 :: n: 2.762e+01 e:22.707 i:25.273 v:4.993e+03
>>> tau_he = 5.000000, nhe(0)=3.113866e+00
 5     -0.035   1.16e-02   3.17e-01   7.22e-03  -1.56e-01   0.00e+00 (  6.77e+00,  5.01e+01)
10     -0.157   8.67e-02   3.01e-02  -1.56e-02  -8.88e-01   0.00e+00 (  6.14e+01,  9.78e+01)
15     -0.098   1.30e-01   9.99e-02  -2.69e-02  -6.62e-01   0.00e+00 (  9.09e+01,  1.35e+02)
20      0.085   2.71e-01   3.49e-01   1.42e-01   6.63e-01   0.00e+00 (  2.00e+02,  1.75e+02)
25      0.127   2.79e-01   3.52e-01   1.71e-01   1.12e+00   0.00e+00 (  1.91e+02,  2.02e+02)
30      0.119   2.96e-01   3.54e-01   1.74e-01   1.16e+00   0.00e+00 (  1.82e+02,  2.18e+02)
35      0.114   3.12e-01   4.11e-01   1.93e-01   1.20e+00   0.00e+00 (  1.79e+02,  2.27e+02)
40      0.118   3.33e-01   4.95e-01   2.22e-01   1.33e+00   0.00e+00 (  1.72e+02,  2.28e+02)
45      0.141   3.73e-01   6.08e-01   2.58e-01   1.69e+00   0.00e+00 (  1.66e+02,  2.25e+02)
50      0.160   4.15e-01   7.28e-01   3.12e-01   2.01e+00   0.00e+00 (  1.57e+02,  2.19e+02)
55      0.176   4.53e-01   8.42e-01   4.43e-01   2.30e+00   0.00e+00 (  1.46e+02,  2.09e+02)
60      0.197   4.96e-01   9.70e-01   5.87e-01   2.66e+00   0.00e+00 (  1.40e+02,  1.99e+02)
65      0.184   4.86e-01   9.42e-01   6.46e-01   2.55e+00   0.00e+00 (  1.21e+02,  1.87e+02)
70      0.206   5.33e-01   1.07e+00   7.94e-01   2.94e+00   0.00e+00 (  1.14e+02,  1.75e+02)
75      0.205   5.41e-01   1.09e+00   8.65e-01   2.99e+00   0.00e+00 (  1.05e+02,  1.64e+02)
80      0.201   5.27e-01   1.08e+00   8.76e-01   3.09e+00   0.00e+00 (  9.63e+01,  1.54e+02)
85      0.218   5.23e-01   1.01e+00   8.01e-01   4.19e+00   0.00e+00 (  8.17e+01,  1.45e+02)
90      0.371   8.56e-01   1.21e+00   7.84e-01   1.41e+01   0.00e+00 (  1.66e+02,  1.37e+02)
95      0.285   5.42e-01   7.59e-01   5.62e-01   2.00e+01   0.00e+00 (  2.33e+02,  1.30e+02)
39 e: 9.678e-05 i: 3.835e-04 :: e: 2.318e-02 i: 2.590e-02 :: n: 2.762e+01 e:22.650 i:25.215 v:4.993e+03
>>> tau_he = 5.000000, nhe(0)=3.109390e+00
 5     -0.035   1.15e-02   3.15e-01   7.21e-03  -1.56e-01   0.00e+00 (  6.76e+00,  5.01e+01)
10     -0.160   8.70e-02   3.03e-02  -1.56e-02  -9.03e-01   0.00e+00 (  6.17e+01,  9.78e+01)
15     -0.099   1.30e-01   1.01e-01  -2.71e-02  -6.72e-01   0.00e+00 (  9.11e+01,  1.35e+02)
20      0.006   1.37e-01   1.36e-01  -8.40e-03   4.81e-02   0.00e+00 (  9.92e+01,  1.75e+02)
25      0.046   1.71e-01   1.70e-01   3.40e-02   4.09e-01   0.00e+00 (  1.16e+02,  2.02e+02)
30      0.119   2.95e-01   3.52e-01   1.73e-01   1.15e+00   0.00e+00 (  1.81e+02,  2.18e+02)
35      0.114   3.12e-01   4.10e-01   1.92e-01   1.20e+00   0.00e+00 (  1.78e+02,  2.27e+02)
40      0.118   3.33e-01   4.94e-01   2.21e-01   1.34e+00   0.00e+00 (  1.72e+02,  2.28e+02)
45      0.141   3.73e-01   6.06e-01   2.57e-01   1.69e+00   0.00e+00 (  1.66e+02,  2.25e+02)
50      0.161   4.15e-01   7.27e-01   3.12e-01   2.01e+00   0.00e+00 (  1.56e+02,  2.19e+02)
55      0.176   4.52e-01   8.40e-01   4.41e-01   2.30e+00   0.00e+00 (  1.45e+02,  2.09e+02)
60      0.164   4.48e-01   8.26e-01   5.05e-01   2.21e+00   0.00e+00 (  1.26e+02,  1.99e+02)
65      0.184   4.86e-01   9.39e-01   6.44e-01   2.56e+00   0.00e+00 (  1.20e+02,  1.87e+02)
70      0.207   5.32e-01   1.07e+00   7.97e-01   2.95e+00   0.00e+00 (  1.14e+02,  1.75e+02)
75      0.206   5.41e-01   1.09e+00   8.66e-01   3.00e+00   0.00e+00 (  1.05e+02,  1.64e+02)
80      0.202   5.27e-01   1.08e+00   8.77e-01   3.10e+00   0.00e+00 (  9.62e+01,  1.54e+02)
85      0.219   5.24e-01   1.01e+00   8.01e-01   4.20e+00   0.00e+00 (  8.17e+01,  1.45e+02)
90      0.371   8.57e-01   1.21e+00   7.84e-01   1.41e+01   0.00e+00 (  1.66e+02,  1.37e+02)
95      0.285   5.42e-01   7.59e-01   5.62e-01   2.00e+01   0.00e+00 (  2.33e+02,  1.30e+02)
40 e: 4.550e-05 i: 1.502e-04 :: e: 2.300e-02 i: 2.488e-02 :: n: 2.762e+01 e:22.689 i:25.269 v:4.993e+03
>>> tau_he = 5.000000, nhe(0)=3.113521e+00
 5     -0.035   1.15e-02   3.17e-01   7.22e-03  -1.55e-01   0.00e+00 (  6.75e+00,  5.01e+01)
10     -0.157   8.63e-02   2.96e-02  -1.55e-02  -8.90e-01   0.00e+00 (  6.11e+01,  9.78e+01)
15     -0.104   1.32e-01   1.13e-01  -6.66e-02  -7.06e-01   0.00e+00 (  9.27e+01,  1.35e+02)
20      0.017   1.46e-01   1.38e-01  -1.93e-02   1.31e-01   0.00e+00 (  1.07e+02,  1.75e+02)
25      0.128   2.79e-01   3.52e-01   1.72e-01   1.12e+00   0.00e+00 (  1.91e+02,  2.02e+02)
30      0.119   2.95e-01   3.53e-01   1.74e-01   1.16e+00   0.00e+00 (  1.81e+02,  2.18e+02)
35      0.113   3.11e-01   4.10e-01   1.92e-01   1.19e+00   0.00e+00 (  1.78e+02,  2.27e+02)
40      0.118   3.32e-01   4.94e-01   2.22e-01   1.33e+00   0.00e+00 (  1.71e+02,  2.28e+02)
45      0.141   3.72e-01   6.06e-01   2.58e-01   1.68e+00   0.00e+00 (  1.65e+02,  2.25e+02)
50      0.160   4.14e-01   7.27e-01   3.12e-01   2.01e+00   0.00e+00 (  1.56e+02,  2.19e+02)
55      0.176   4.52e-01   8.41e-01   4.42e-01   2.30e+00   0.00e+00 (  1.45e+02,  2.09e+02)
60      0.197   4.96e-01   9.70e-01   5.87e-01   2.66e+00   0.00e+00 (  1.40e+02,  1.99e+02)
65      0.184   4.86e-01   9.41e-01   6.45e-01   2.55e+00   0.00e+00 (  1.20e+02,  1.87e+02)
70      0.206   5.33e-01   1.07e+00   7.94e-01   2.94e+00   0.00e+00 (  1.14e+02,  1.75e+02)
75      0.205   5.41e-01   1.09e+00   8.65e-01   2.99e+00   0.00e+00 (  1.05e+02,  1.64e+02)
80      0.201   5.27e-01   1.08e+00   8.76e-01   3.09e+00   0.00e+00 (  9.61e+01,  1.54e+02)
85      0.218   5.23e-01   1.01e+00   8.00e-01   4.19e+00   0.00e+00 (  8.16e+01,  1.45e+02)
90      0.371   8.56e-01   1.21e+00   7.83e-01   1.41e+01   0.00e+00 (  1.66e+02,  1.37e+02)
95      0.285   5.42e-01   7.59e-01   5.62e-01   2.00e+01   0.00e+00 (  2.33e+02,  1.30e+02)
41 e: 3.437e-05 i: 1.233e-04 :: e: 1.574e-02 i: 1.846e-02 :: n: 2.762e+01 e:22.711 i:25.314 v:4.993e+03
>>> tau_he = 5.000000, nhe(0)=3.117034e+00
 5     -0.035   1.16e-02   3.19e-01   7.25e-03  -1.56e-01   0.00e+00 (  6.80e+00,  5.01e+01)
10     -0.159   8.65e-02   2.96e-02  -1.56e-02  -8.98e-01   0.00e+00 (  6.14e+01,  9.78e+01)
15     -0.108   1.34e-01   1.13e-01  -7.81e-02  -7.32e-01   0.00e+00 (  9.52e+01,  1.35e+02)
20      0.084   2.70e-01   3.49e-01   1.42e-01   6.58e-01   0.00e+00 (  2.00e+02,  1.75e+02)
25      0.133   2.91e-01   3.36e-01   1.39e-01   1.17e+00   0.00e+00 (  1.99e+02,  2.02e+02)
30      0.120   2.94e-01   3.67e-01   1.80e-01   1.17e+00   0.00e+00 (  1.80e+02,  2.18e+02)
35      0.113   3.11e-01   4.09e-01   1.92e-01   1.19e+00   0.00e+00 (  1.77e+02,  2.27e+02)
40      0.118   3.32e-01   4.93e-01   2.22e-01   1.33e+00   0.00e+00 (  1.71e+02,  2.28e+02)
45      0.141   3.71e-01   6.05e-01   2.57e-01   1.68e+00   0.00e+00 (  1.65e+02,  2.25e+02)
50      0.160   4.14e-01   7.25e-01   3.11e-01   2.01e+00   0.00e+00 (  1.56e+02,  2.19e+02)
55      0.176   4.51e-01   8.38e-01   4.41e-01   2.29e+00   0.00e+00 (  1.45e+02,  2.09e+02)
60      0.163   4.47e-01   8.25e-01   5.04e-01   2.20e+00   0.00e+00 (  1.25e+02,  1.99e+02)
65      0.183   4.85e-01   9.37e-01   6.43e-01   2.55e+00   0.00e+00 (  1.20e+02,  1.87e+02)
70      0.207   5.31e-01   1.07e+00   7.96e-01   2.94e+00   0.00e+00 (  1.14e+02,  1.75e+02)
75      0.205   5.40e-01   1.09e+00   8.64e-01   2.99e+00   0.00e+00 (  1.04e+02,  1.64e+02)
80      0.201   5.27e-01   1.08e+00   8.75e-01   3.10e+00   0.00e+00 (  9.59e+01,  1.54e+02)
85      0.218   5.23e-01   1.01e+00   8.00e-01   4.19e+00   0.00e+00 (  8.15e+01,  1.45e+02)
90      0.371   8.57e-01   1.21e+00   7.84e-01   1.41e+01   0.00e+00 (  1.65e+02,  1.37e+02)
95      0.285   5.42e-01   7.59e-01   5.62e-01   2.00e+01   0.00e+00 (  2.33e+02,  1.30e+02)
42 e: 9.380e-05 i: 2.985e-04 :: e: 2.173e-02 i: 2.269e-02 :: n: 2.762e+01 e:22.682 i:25.227 v:4.993e+03
>>> tau_he = 5.000000, nhe(0)=3.110298e+00
 5     -0.035   1.16e-02   3.16e-01   7.24e-03  -1.56e-01   0.00e+00 (  6.80e+00,  5.01e+01)
10     -0.162   8.69e-02   3.02e-02  -1.57e-02  -9.16e-01   0.00e+00 (  6.20e+01,  9.78e+01)
15     -0.041   2.81e-01   3.70e-01   7.54e-02  -2.79e-01   0.00e+00 (  2.00e+02,  1.35e+02)
20      0.005   1.39e-01   1.36e-01  -1.13e-02   3.75e-02   0.00e+00 (  1.01e+02,  1.75e+02)
25      0.046   1.71e-01   1.70e-01   3.47e-02   4.04e-01   0.00e+00 (  1.15e+02,  2.02e+02)
30      0.116   2.94e-01   3.67e-01   1.80e-01   1.13e+00   0.00e+00 (  1.80e+02,  2.18e+02)
35      0.113   3.11e-01   4.09e-01   1.92e-01   1.19e+00   0.00e+00 (  1.78e+02,  2.27e+02)
40      0.118   3.32e-01   4.94e-01   2.22e-01   1.33e+00   0.00e+00 (  1.71e+02,  2.28e+02)
45      0.141   3.72e-01   6.06e-01   2.57e-01   1.68e+00   0.00e+00 (  1.65e+02,  2.25e+02)
50      0.160   4.14e-01   7.26e-01   3.12e-01   2.01e+00   0.00e+00 (  1.56e+02,  2.19e+02)
55      0.176   4.51e-01   8.40e-01   4.41e-01   2.30e+00   0.00e+00 (  1.45e+02,  2.09e+02)
60      0.197   4.95e-01   9.69e-01   5.87e-01   2.66e+00   0.00e+00 (  1.39e+02,  1.99e+02)
65      0.184   4.85e-01   9.39e-01   6.44e-01   2.55e+00   0.00e+00 (  1.20e+02,  1.87e+02)
70      0.206   5.32e-01   1.07e+00   7.92e-01   2.93e+00   0.00e+00 (  1.14e+02,  1.75e+02)
75      0.205   5.40e-01   1.08e+00   8.63e-01   2.99e+00   0.00e+00 (  1.04e+02,  1.64e+02)
80      0.201   5.26e-01   1.08e+00   8.75e-01   3.09e+00   0.00e+00 (  9.58e+01,  1.54e+02)
85      0.218   5.23e-01   1.01e+00   7.99e-01   4.19e+00   0.00e+00 (  8.14e+01,  1.45e+02)
90      0.371   8.56e-01   1.21e+00   7.83e-01   1.41e+01   0.00e+00 (  1.65e+02,  1.37e+02)
95      0.285   5.42e-01   7.59e-01   5.62e-01   2.00e+01   0.00e+00 (  2.33e+02,  1.30e+02)
43 e: 2.796e-04 i: 1.076e-03 :: e: 3.362e-02 i: 3.612e-02 :: n: 2.762e+01 e:22.602 i:25.240 v:4.993e+03
>>> tau_he = 5.000000, nhe(0)=3.111299e+00
 5     -0.035   1.15e-02   3.15e-01   7.18e-03  -1.57e-01   0.00e+00 (  6.75e+00,  5.01e+01)
10     -0.156   8.64e-02   3.03e-02  -1.55e-02  -8.81e-01   0.00e+00 (  6.09e+01,  9.78e+01)
15     -0.091   1.28e-01   9.66e-02  -2.48e-02  -6.17e-01   0.00e+00 (  8.82e+01,  1.35e+02)
20      0.009   1.45e-01   1.38e-01  -1.73e-02   6.83e-02   0.00e+00 (  1.05e+02,  1.75e+02)
25      0.129   2.79e-01   3.52e-01   1.72e-01   1.14e+00   0.00e+00 (  1.91e+02,  2.02e+02)
30      0.119   2.94e-01   3.51e-01   1.72e-01   1.15e+00   0.00e+00 (  1.80e+02,  2.18e+02)
35      0.114   3.10e-01   4.09e-01   1.92e-01   1.20e+00   0.00e+00 (  1.77e+02,  2.27e+02)
40      0.119   3.32e-01   4.93e-01   2.22e-01   1.34e+00   0.00e+00 (  1.71e+02,  2.28e+02)
45      0.141   3.71e-01   6.05e-01   2.57e-01   1.69e+00   0.00e+00 (  1.65e+02,  2.25e+02)
50      0.160   4.14e-01   7.25e-01   3.11e-01   2.01e+00   0.00e+00 (  1.55e+02,  2.19e+02)
55      0.176   4.51e-01   8.38e-01   4.41e-01   2.30e+00   0.00e+00 (  1.45e+02,  2.09e+02)
60      0.164   4.47e-01   8.26e-01   5.04e-01   2.21e+00   0.00e+00 (  1.25e+02,  1.99e+02)
65      0.184   4.84e-01   9.38e-01   6.43e-01   2.55e+00   0.00e+00 (  1.20e+02,  1.87e+02)
70      0.207   5.31e-01   1.07e+00   7.95e-01   2.94e+00   0.00e+00 (  1.13e+02,  1.75e+02)
75      0.205   5.40e-01   1.08e+00   8.63e-01   3.00e+00   0.00e+00 (  1.04e+02,  1.64e+02)
80      0.201   5.26e-01   1.08e+00   8.75e-01   3.10e+00   0.00e+00 (  9.58e+01,  1.54e+02)
85      0.218   5.23e-01   1.01e+00   8.00e-01   4.19e+00   0.00e+00 (  8.14e+01,  1.45e+02)
90      0.371   8.57e-01   1.21e+00   7.84e-01   1.41e+01   0.00e+00 (  1.65e+02,  1.37e+02)
95      0.285   5.42e-01   7.59e-01   5.62e-01   2.00e+01   0.00e+00 (  2.33e+02,  1.30e+02)
44 e: 3.846e-05 i: 1.565e-04 :: e: 1.688e-02 i: 2.036e-02 :: n: 2.762e+01 e:22.672 i:25.249 v:4.993e+03
>>> tau_he = 5.000000, nhe(0)=3.112024e+00
 5     -0.035   1.15e-02   3.16e-01   7.21e-03  -1.56e-01   0.00e+00 (  6.76e+00,  5.01e+01)
10     -0.156   8.65e-02   3.00e-02  -1.55e-02  -8.83e-01   0.00e+00 (  6.11e+01,  9.78e+01)
15     -0.096   1.30e-01   9.98e-02  -2.68e-02  -6.53e-01   0.00e+00 (  9.05e+01,  1.35e+02)
20      0.085   2.70e-01   3.49e-01   1.41e-01   6.66e-01   0.00e+00 (  1.99e+02,  1.75e+02)
25      0.127   2.78e-01   3.51e-01   1.71e-01   1.12e+00   0.00e+00 (  1.90e+02,  2.02e+02)
30      0.118   2.95e-01   3.52e-01   1.73e-01   1.15e+00   0.00e+00 (  1.81e+02,  2.18e+02)
35      0.113   3.11e-01   4.10e-01   1.93e-01   1.19e+00   0.00e+00 (  1.78e+02,  2.27e+02)
40      0.118   3.33e-01   4.95e-01   2.22e-01   1.33e+00   0.00e+00 (  1.72e+02,  2.28e+02)
45      0.141   3.72e-01   6.07e-01   2.58e-01   1.68e+00   0.00e+00 (  1.66e+02,  2.25e+02)
50      0.160   4.14e-01   7.27e-01   3.12e-01   2.01e+00   0.00e+00 (  1.56e+02,  2.19e+02)
55      0.176   4.52e-01   8.41e-01   4.42e-01   2.30e+00   0.00e+00 (  1.45e+02,  2.09e+02)
60      0.197   4.96e-01   9.71e-01   5.87e-01   2.66e+00   0.00e+00 (  1.40e+02,  1.99e+02)
65      0.184   4.85e-01   9.40e-01   6.45e-01   2.55e+00   0.00e+00 (  1.20e+02,  1.87e+02)
70      0.206   5.32e-01   1.07e+00   7.93e-01   2.93e+00   0.00e+00 (  1.14e+02,  1.75e+02)
75      0.205   5.40e-01   1.08e+00   8.63e-01   2.99e+00   0.00e+00 (  1.04e+02,  1.64e+02)
80      0.201   5.26e-01   1.08e+00   8.74e-01   3.09e+00   0.00e+00 (  9.58e+01,  1.54e+02)
85      0.218   5.22e-01   1.01e+00   8.01e-01   4.19e+00   0.00e+00 (  8.14e+01,  1.45e+02)
90      0.371   8.56e-01   1.21e+00   7.83e-01   1.41e+01   0.00e+00 (  1.65e+02,  1.37e+02)
95      0.285   5.42e-01   7.59e-01   5.62e-01   2.00e+01   0.00e+00 (  2.33e+02,  1.30e+02)
45 e: 9.413e-05 i: 3.814e-04 :: e: 2.131e-02 i: 2.426e-02 :: n: 2.762e+01 e:22.621 i:25.194 v:4.993e+03
>>> tau_he = 5.000000, nhe(0)=3.107741e+00
 5     -0.035   1.15e-02   3.15e-01   7.20e-03  -1.56e-01   0.00e+00 (  6.75e+00,  5.01e+01)
10     -0.158   8.62e-02   3.03e-02  -1.56e-02  -8.92e-01   0.00e+00 (  6.11e+01,  9.78e+01)
15     -0.098   1.30e-01   1.01e-01  -2.70e-02  -6.63e-01   0.00e+00 (  9.07e+01,  1.35e+02)
20      0.006   1.37e-01   1.36e-01  -8.83e-03   5.07e-02   0.00e+00 (  9.89e+01,  1.75e+02)
25      0.047   1.70e-01   1.69e-01   3.46e-02   4.10e-01   0.00e+00 (  1.15e+02,  2.02e+02)
30      0.116   2.95e-01   3.66e-01   1.80e-01   1.13e+00   0.00e+00 (  1.80e+02,  2.18e+02)
35      0.113   3.11e-01   4.09e-01   1.92e-01   1.20e+00   0.00e+00 (  1.78e+02,  2.27e+02)
40      0.118   3.32e-01   4.93e-01   2.22e-01   1.33e+00   0.00e+00 (  1.72e+02,  2.28e+02)
45      0.141   3.72e-01   6.06e-01   2.57e-01   1.69e+00   0.00e+00 (  1.65e+02,  2.25e+02)
50      0.160   4.14e-01   7.26e-01   3.11e-01   2.01e+00   0.00e+00 (  1.56e+02,  2.19e+02)
55      0.176   4.51e-01   8.39e-01   4.41e-01   2.30e+00   0.00e+00 (  1.45e+02,  2.09e+02)
60      0.164   4.48e-01   8.26e-01   5.05e-01   2.21e+00   0.00e+00 (  1.26e+02,  1.99e+02)
65      0.184   4.85e-01   9.38e-01   6.44e-01   2.55e+00   0.00e+00 (  1.20e+02,  1.87e+02)
70      0.207   5.31e-01   1.07e+00   7.96e-01   2.95e+00   0.00e+00 (  1.14e+02,  1.75e+02)
75      0.206   5.40e-01   1.09e+00   8.64e-01   3.00e+00   0.00e+00 (  1.04e+02,  1.64e+02)
80      0.202   5.26e-01   1.08e+00   8.75e-01   3.10e+00   0.00e+00 (  9.58e+01,  1.54e+02)
85      0.218   5.23e-01   1.01e+00   8.00e-01   4.19e+00   0.00e+00 (  8.14e+01,  1.45e+02)
90      0.371   8.57e-01   1.21e+00   7.84e-01   1.41e+01   0.00e+00 (  1.65e+02,  1.37e+02)
95      0.285   5.42e-01   7.59e-01   5.62e-01   2.00e+01   0.00e+00 (  2.33e+02,  1.30e+02)
46 e: 4.615e-05 i: 1.578e-04 :: e: 2.207e-02 i: 2.438e-02 :: n: 2.762e+01 e:22.663 i:25.247 v:4.993e+03
>>> tau_he = 5.000000, nhe(0)=3.111869e+00
 5     -0.035   1.15e-02   3.16e-01   7.21e-03  -1.55e-01   0.00e+00 (  6.73e+00,  5.01e+01)
10     -0.157   8.61e-02   2.96e-02  -1.55e-02  -8.86e-01   0.00e+00 (  6.09e+01,  9.78e+01)
15     -0.103   1.31e-01   1.13e-01  -6.70e-02  -6.97e-01   0.00e+00 (  9.24e+01,  1.35e+02)
20      0.084   2.67e-01   3.43e-01   1.37e-01   6.58e-01   0.00e+00 (  1.95e+02,  1.75e+02)
25      0.127   2.78e-01   3.51e-01   1.72e-01   1.12e+00   0.00e+00 (  1.90e+02,  2.02e+02)
30      0.116   2.94e-01   3.67e-01   1.80e-01   1.13e+00   0.00e+00 (  1.80e+02,  2.18e+02)
35      0.113   3.10e-01   4.09e-01   1.92e-01   1.19e+00   0.00e+00 (  1.77e+02,  2.27e+02)
40      0.118   3.32e-01   4.93e-01   2.22e-01   1.33e+00   0.00e+00 (  1.71e+02,  2.28e+02)
45      0.141   3.72e-01   6.06e-01   2.57e-01   1.68e+00   0.00e+00 (  1.65e+02,  2.25e+02)
50      0.160   4.14e-01   7.26e-01   3.12e-01   2.00e+00   0.00e+00 (  1.56e+02,  2.19e+02)
55      0.176   4.51e-01   8.40e-01   4.42e-01   2.30e+00   0.00e+00 (  1.45e+02,  2.09e+02)
60      0.197   4.96e-01   9.70e-01   5.87e-01   2.66e+00   0.00e+00 (  1.39e+02,  1.99e+02)
65      0.184   4.85e-01   9.40e-01   6.45e-01   2.55e+00   0.00e+00 (  1.20e+02,  1.87e+02)
70      0.206   5.32e-01   1.07e+00   7.92e-01   2.93e+00   0.00e+00 (  1.14e+02,  1.75e+02)
75      0.205   5.40e-01   1.08e+00   8.63e-01   2.99e+00   0.00e+00 (  1.04e+02,  1.64e+02)
80      0.201   5.26e-01   1.08e+00   8.74e-01   3.09e+00   0.00e+00 (  9.58e+01,  1.54e+02)
85      0.218   5.22e-01   1.01e+00   8.00e-01   4.18e+00   0.00e+00 (  8.14e+01,  1.45e+02)
90      0.371   8.56e-01   1.21e+00   7.83e-01   1.41e+01   0.00e+00 (  1.65e+02,  1.37e+02)
95      0.285   5.42e-01   7.59e-01   5.62e-01   2.00e+01   0.00e+00 (  2.33e+02,  1.30e+02)
47 e: 6.881e-05 i: 2.879e-04 :: e: 1.974e-02 i: 2.239e-02 :: n: 2.762e+01 e:22.638 i:25.179 v:4.993e+03
>>> tau_he = 5.000000, nhe(0)=3.106559e+00
 5     -0.035   1.15e-02   3.15e-01   7.21e-03  -1.55e-01   0.00e+00 (  6.75e+00,  5.01e+01)
10     -0.159   8.61e-02   3.02e-02  -1.56e-02  -8.99e-01   0.00e+00 (  6.12e+01,  9.78e+01)
15     -0.105   1.32e-01   1.12e-01  -7.50e-02  -7.09e-01   0.00e+00 (  9.33e+01,  1.35e+02)
20      0.000   1.35e-01   1.31e-01   3.99e-03   5.00e-04   0.00e+00 (  9.76e+01,  1.75e+02)
25      0.047   1.71e-01   1.70e-01   3.27e-02   4.10e-01   0.00e+00 (  1.16e+02,  2.02e+02)
30      0.115   2.94e-01   3.65e-01   1.80e-01   1.12e+00   0.00e+00 (  1.80e+02,  2.18e+02)
35      0.113   3.10e-01   4.08e-01   1.92e-01   1.19e+00   0.00e+00 (  1.77e+02,  2.27e+02)
40      0.118   3.32e-01   4.93e-01   2.22e-01   1.33e+00   0.00e+00 (  1.71e+02,  2.28e+02)
45      0.141   3.71e-01   6.05e-01   2.57e-01   1.68e+00   0.00e+00 (  1.65e+02,  2.25e+02)
50      0.160   4.13e-01   7.25e-01   3.11e-01   2.01e+00   0.00e+00 (  1.55e+02,  2.19e+02)
55      0.176   4.51e-01   8.38e-01   4.40e-01   2.30e+00   0.00e+00 (  1.45e+02,  2.09e+02)
60      0.163   4.47e-01   8.25e-01   5.04e-01   2.21e+00   0.00e+00 (  1.25e+02,  1.99e+02)
65      0.183   4.84e-01   9.37e-01   6.43e-01   2.55e+00   0.00e+00 (  1.20e+02,  1.87e+02)
70      0.207   5.31e-01   1.07e+00   7.95e-01   2.94e+00   0.00e+00 (  1.13e+02,  1.75e+02)
75      0.205   5.40e-01   1.08e+00   8.63e-01   2.99e+00   0.00e+00 (  1.04e+02,  1.64e+02)
80      0.201   5.26e-01   1.08e+00   8.74e-01   3.10e+00   0.00e+00 (  9.57e+01,  1.54e+02)
85      0.218   5.23e-01   1.01e+00   7.99e-01   4.19e+00   0.00e+00 (  8.13e+01,  1.45e+02)
90      0.371   8.57e-01   1.21e+00   7.83e-01   1.41e+01   0.00e+00 (  1.65e+02,  1.37e+02)
95      0.285   5.42e-01   7.59e-01   5.62e-01   2.00e+01   0.00e+00 (  2.33e+02,  1.30e+02)
48 e: 4.557e-05 i: 1.775e-04 :: e: 2.148e-02 i: 2.322e-02 :: n: 2.762e+01 e:22.662 i:25.241 v:4.993e+03
>>> tau_he = 5.000000, nhe(0)=3.111360e+00
 5     -0.035   1.15e-02   3.17e-01   7.22e-03  -1.55e-01   0.00e+00 (  6.72e+00,  5.01e+01)
10     -0.158   8.60e-02   2.95e-02  -1.55e-02  -8.91e-01   0.00e+00 (  6.10e+01,  9.78e+01)
15     -0.039   2.80e-01   3.68e-01   7.32e-02  -2.64e-01   0.00e+00 (  1.99e+02,  1.35e+02)
20      0.008   1.43e-01   1.37e-01  -1.53e-02   6.28e-02   0.00e+00 (  1.05e+02,  1.75e+02)
25      0.128   2.79e-01   3.52e-01   1.73e-01   1.12e+00   0.00e+00 (  1.91e+02,  2.02e+02)
30      0.115   2.93e-01   3.65e-01   1.80e-01   1.12e+00   0.00e+00 (  1.79e+02,  2.18e+02)
35      0.113   3.10e-01   4.08e-01   1.92e-01   1.19e+00   0.00e+00 (  1.76e+02,  2.27e+02)
40      0.118   3.31e-01   4.92e-01   2.22e-01   1.33e+00   0.00e+00 (  1.70e+02,  2.28e+02)
45      0.140   3.71e-01   6.04e-01   2.57e-01   1.67e+00   0.00e+00 (  1.64e+02,  2.25e+02)
50      0.159   4.13e-01   7.24e-01   3.11e-01   2.00e+00   0.00e+00 (  1.55e+02,  2.19e+02)
55      0.176   4.50e-01   8.38e-01   4.41e-01   2.29e+00   0.00e+00 (  1.44e+02,  2.09e+02)
60      0.136   4.09e-01   7.17e-01   4.70e-01   1.83e+00   0.00e+00 (  1.15e+02,  1.99e+02)
65      0.183   4.84e-01   9.38e-01   6.43e-01   2.55e+00   0.00e+00 (  1.20e+02,  1.87e+02)
70      0.206   5.31e-01   1.07e+00   7.91e-01   2.93e+00   0.00e+00 (  1.13e+02,  1.75e+02)
75      0.205   5.39e-01   1.08e+00   8.62e-01   2.98e+00   0.00e+00 (  1.04e+02,  1.64e+02)
80      0.201   5.25e-01   1.08e+00   8.73e-01   3.09e+00   0.00e+00 (  9.56e+01,  1.54e+02)
85      0.218   5.22e-01   1.01e+00   8.00e-01   4.18e+00   0.00e+00 (  8.12e+01,  1.45e+02)
90      0.371   8.56e-01   1.21e+00   7.83e-01   1.41e+01   0.00e+00 (  1.65e+02,  1.37e+02)
95      0.285   5.42e-01   7.59e-01   5.62e-01   2.00e+01   0.00e+00 (  2.33e+02,  1.30e+02)
49 e: 1.267e-04 i: 5.140e-04 :: e: 3.369e-02 i: 3.980e-02 :: n: 2.762e+01 e:22.611 i:25.238 v:4.993e+03
 plasma volume = 148.401803
 stored energy(e,i,b,a) = 5.019823e+01 4.619079e+01 0.000000e+00 0.000000e+00
 betan = 1.095813
*power
 Pnb(e,i) = 0.000000e+00 0.000000e+00
 Prf(e,i) = 1.275345e+01 2.727166e+01
 Prad     = -1.418800e+01 
 Pei      = -1.006686e+01 
 Pfuse    = 4.375848e+01 
 Pfusi    = 1.485574e+01 
 Poh      = 0.000000e+00 
*confinement time
 taut, tauITER98y2, H98y2 : 1.141356e+00 1.480756e+00 7.707928e-01
 taue, taui : 1.556194e+00 1.853369e+00
 taut, tau89, H89 : 1.141356e+00 7.513023e-01 1.519170e+00
*temperature
 nea, nebar : 1.902261e+01 2.170727e+01 
 tea, tia : 6.415205e+00 6.183881e+00 (1.037408e+00)
 te0, ti0 : 1.902419e+01 1.957638e+01 (9.717929e-01)
 Sn : 0.000000e+00 
*current balance
 Ip,Ibs,Inb,Irf: 1.000000e+01 1.719852e+00 0.000000e+00 3.181404e-01
 fni,fbs: 0.204 0.172

 plasma volume = 148.401803
 stored energy(e,i,b,a) = 5.019823e+01 4.619079e+01 0.000000e+00 0.000000e+00
 betan = 1.095813
*power
 Pnb(e,i) = 0.000000e+00 0.000000e+00
 Prf(e,i) = 1.275345e+01 2.727166e+01
 Prad     = -1.418800e+01 
 Pei      = -1.006686e+01 
 Pfuse    = 4.375848e+01 
 Pfusi    = 1.485574e+01 
 Poh      = 0.000000e+00 
*confinement time
 taut, tauITER98y2, H98y2 : 1.141356e+00 1.480756e+00 7.707928e-01
 taue, taui : 1.556194e+00 1.853369e+00
 taut, tau89, H89 : 1.141356e+00 7.513023e-01 1.519170e+00
*temperature
 nea, nebar : 1.902261e+01 2.170727e+01 
 tea, tia : 6.415205e+00 6.183881e+00 (1.037408e+00)
 te0, ti0 : 1.902419e+01 1.957638e+01 (9.717929e-01)
 Sn : 0.000000e+00 
*current balance
 Ip,Ibs,Inb,Irf: 1.000000e+01 1.719852e+00 0.000000e+00 3.181404e-01
 fni,fbs: 0.204 0.172
 ELAPASED TIME = 1918 sec

finalize
