========================================================================
= FASTRAN

nonlinear model = 1
ichi = 0
ineo = 0
reading state...
read formatted input, inprof...
init geometry...
read formatted input, inmetric...
nrho in inmetric = 101
rhob in inmetric = 1.382081e+00
solve avg grad-shafranv...
solve_avg_gs::Ip_temp = 3.271648e+00 
solve_avg_gs::Ip      = 1.000000e+01 
>>> tau_he = 5.000000, nhe(0)=2.395710e+00

 plasma volume = 177.807745
 stored energy(e,i,b) = 7.040381e+01 6.584476e+01 0.000000e+00
 betan = 1.401217
*power
 Pnb(e,i) = 0.000000e+00 0.000000e+00
 Prf(e,i) = 4.560372e+00 2.823514e+01
 Prad     = -2.320330e+01 
 Pei      = 2.211450e+00 
 Pfuse    = 6.874129e+01 
 Pfusi    = 2.227753e+01 
 Poh      = 0.000000e+00 
*confinement time
 taut, tauITER98y2, H98y2 : 1.354211e+00 1.407500e+00 9.621394e-01
 taue, taui : 1.345901e+00 3.281396e+00
 taut, tau89, H89 : 1.354211e+00 7.180657e-01 1.885915e+00
*temperature
 nea, nebar : 1.852836e+01 2.128998e+01 
 tea, tia : 7.835784e+00 7.895404e+00 (9.924488e-01)
 te0, ti0 : 1.881385e+01 1.901400e+01 (9.894732e-01)
 Sn : 0.000000e+00 
*current balance
 Ip,Ibs,Inb,Irf: 1.000000e+01 2.567552e+00 0.000000e+00 0.000000e+00
 fni,fbs: 0.257 0.257

 plasma volume = 177.807745
 stored energy(e,i,b) = 7.040381e+01 6.584476e+01 0.000000e+00
 betan = 1.401217
*power
 Pnb(e,i) = 0.000000e+00 0.000000e+00
 Prf(e,i) = 4.560372e+00 2.823514e+01
 Prad     = -2.320330e+01 
 Pei      = 2.211450e+00 
 Pfuse    = 6.874129e+01 
 Pfusi    = 2.227753e+01 
 Poh      = 0.000000e+00 
*confinement time
 taut, tauITER98y2, H98y2 : 1.354211e+00 1.407500e+00 9.621394e-01
 taue, taui : 1.345901e+00 3.281396e+00
 taut, tau89, H89 : 1.354211e+00 7.180657e-01 1.885915e+00
*temperature
 nea, nebar : 1.852836e+01 2.128998e+01 
 tea, tia : 7.835784e+00 7.895404e+00 (9.924488e-01)
 te0, ti0 : 1.881385e+01 1.901400e+01 (9.894732e-01)
 Sn : 0.000000e+00 
*current balance
 Ip,Ibs,Inb,Irf: 1.000000e+01 2.567552e+00 0.000000e+00 0.000000e+00
 fni,fbs: 0.257 0.257
 ELAPASED TIME = 0 sec
