========================================================================
= FASTRAN

nonlinear model = 1
ichi = 0
ineo = 0
reading state...
read formatted input, inprof...
init geometry...
read formatted input, inmetric...
nrho in inmetric = 101
rhob in inmetric = 1.382381e+00
solve avg grad-shafranv...
solve_avg_gs::Ip_temp = 3.270348e+00 
solve_avg_gs::Ip      = 1.000000e+01 
>>> tau_he = 5.000000, nhe(0)=2.395343e+00

 plasma volume = 177.809328
 stored energy(e,i,b) = 6.639867e+01 6.216477e+01 0.000000e+00
 betan = 1.322568
*power
 Pnb(e,i) = 0.000000e+00 0.000000e+00
 Prf(e,i) = 4.560367e+00 2.823511e+01
 Prad     = -2.330700e+01 
 Pei      = 2.661505e+00 
 Pfuse    = 6.468428e+01 
 Pfusi    = 2.084207e+01 
 Poh      = 0.000000e+00 
*confinement time
 taut, tauITER98y2, H98y2 : 1.353088e+00 1.477719e+00 9.156598e-01
 taue, taui : 1.366252e+00 3.419299e+00
 taut, tau89, H89 : 1.353088e+00 7.405689e-01 1.827093e+00
*temperature
 nea, nebar : 1.919056e+01 2.177007e+01 
 tea, tia : 7.092088e+00 7.151728e+00 (9.916608e-01)
 te0, ti0 : 1.881354e+01 1.901366e+01 (9.894750e-01)
 Sn : 0.000000e+00 
*current balance
 Ip,Ibs,Inb,Irf: 1.000000e+01 2.382618e+00 0.000000e+00 0.000000e+00
 fni,fbs: 0.238 0.238

 plasma volume = 177.809328
 stored energy(e,i,b) = 6.639867e+01 6.216477e+01 0.000000e+00
 betan = 1.322568
*power
 Pnb(e,i) = 0.000000e+00 0.000000e+00
 Prf(e,i) = 4.560367e+00 2.823511e+01
 Prad     = -2.330700e+01 
 Pei      = 2.661505e+00 
 Pfuse    = 6.468428e+01 
 Pfusi    = 2.084207e+01 
 Poh      = 0.000000e+00 
*confinement time
 taut, tauITER98y2, H98y2 : 1.353088e+00 1.477719e+00 9.156598e-01
 taue, taui : 1.366252e+00 3.419299e+00
 taut, tau89, H89 : 1.353088e+00 7.405689e-01 1.827093e+00
*temperature
 nea, nebar : 1.919056e+01 2.177007e+01 
 tea, tia : 7.092088e+00 7.151728e+00 (9.916608e-01)
 te0, ti0 : 1.881354e+01 1.901366e+01 (9.894750e-01)
 Sn : 0.000000e+00 
*current balance
 Ip,Ibs,Inb,Irf: 1.000000e+01 2.382618e+00 0.000000e+00 0.000000e+00
 fni,fbs: 0.238 0.238
 ELAPASED TIME = 0 sec
