NCAPTC: : NetCDF: Variable not found
Warning: ieee_overflow is signaling
Warning: ieee_underflow is signaling
Warning: ieee_inexact is signaling
FORTRAN STOP
 solver
 /global/common/software/atom/perlmutter/data/greentable/
 /global/common/software/atom/perlmutter/data/greentable/

          EFITD Version  07/09/2014


 type mode (2=file, 3=snap, 4=time, 5=input, 6=com file, 7=snap_ext):

 number of time slices?

 type input file names:
 #
 table_dir = </global/common/software/atom/perlmutter/data/greentable/>

  ----- time =     3 ms ----- ( 0)
 it=  1 chi2=0.00E+00 zm= 7.50E-03 err=4.533E+00 dz= 7.499E-03 chigam= 0.00E+00
 it=  2 chi2=0.00E+00 zm= 1.04E-02 err=9.443E-01 dz= 2.870E-03 chigam= 0.00E+00
 it=  3 chi2=0.00E+00 zm= 1.25E-02 err=5.162E-01 dz= 2.173E-03 chigam= 0.00E+00
 it=  4 chi2=0.00E+00 zm= 1.41E-02 err=2.812E-01 dz= 1.598E-03 chigam= 0.00E+00
 it=  5 chi2=0.00E+00 zm= 1.53E-02 err=1.569E-01 dz= 1.152E-03 chigam= 0.00E+00
 it=  6 chi2=0.00E+00 zm= 1.61E-02 err=8.597E-02 dz= 8.074E-04 chigam= 0.00E+00
 it=  7 chi2=0.00E+00 zm= 1.67E-02 err=4.950E-02 dz= 5.678E-04 chigam= 0.00E+00
 it=  8 chi2=0.00E+00 zm= 1.71E-02 err=2.861E-02 dz= 3.983E-04 chigam= 0.00E+00
 it=  9 chi2=0.00E+00 zm= 1.73E-02 err=1.827E-02 dz= 2.789E-04 chigam= 0.00E+00
 it= 10 chi2=0.00E+00 zm= 1.75E-02 err=1.159E-02 dz= 1.947E-04 chigam= 0.00E+00
 it= 11 chi2=0.00E+00 zm= 1.77E-02 err=7.081E-03 dz= 1.350E-04 chigam= 0.00E+00
 it= 12 chi2=0.00E+00 zm= 1.78E-02 err=4.718E-03 dz= 9.416E-05 chigam= 0.00E+00
 it= 13 chi2=0.00E+00 zm= 1.78E-02 err=2.919E-03 dz= 6.518E-05 chigam= 0.00E+00
 it= 14 chi2=0.00E+00 zm= 1.79E-02 err=2.080E-03 dz= 4.565E-05 chigam= 0.00E+00
 it= 15 chi2=0.00E+00 zm= 1.79E-02 err=1.236E-03 dz= 3.151E-05 chigam= 0.00E+00
 it= 16 chi2=0.00E+00 zm= 1.79E-02 err=7.918E-04 dz= 2.182E-05 chigam= 0.00E+00
 it= 17 chi2=0.00E+00 zm= 1.79E-02 err=7.138E-04 dz= 1.558E-05 chigam= 0.00E+00
 it= 18 chi2=0.00E+00 zm= 1.80E-02 err=3.537E-04 dz= 1.067E-05 chigam= 0.00E+00
 it= 19 chi2=0.00E+00 zm= 1.80E-02 err=1.816E-04 dz= 7.292E-06 chigam= 0.00E+00
 it= 20 chi2=0.00E+00 zm= 1.80E-02 err=9.769E-05 dz= 4.971E-06 chigam= 0.00E+00

      ******************** EFITD129 x 129  output ********************

       data used:   
  0 flux loops
  0 magnetic probes(i)
  0 full rogowski
  0 diamagnetic loop


 shot #   =          1 time(ms) =          3 chi**2   =  0.000E+00
 betat(%) =      0.937 betap    =      0.594 li       =      0.872
 vol(cm3) =  0.927E+07 rout(cm) =    170.926 zout(cm) =     -0.343
 elong    =      1.397 utriang  =     -0.519 ltriang  =     -0.490
 a(cm)    =     44.883 lin(cm)  = ********** lout(cm) =      0.898
 ltop(cm) = ********** q*       =      3.047 rc(cm)   =    176.758
 zc(cm)   =      1.419 bt0(t)   =      2.000 qout     =      2.897
