NCAPTC: : NetCDF: Variable not found
Warning: ieee_overflow is signaling
Warning: ieee_underflow is signaling
Warning: ieee_inexact is signaling
FORTRAN STOP
 solver
 /global/common/software/atom/perlmutter/data/greentable/
 /global/common/software/atom/perlmutter/data/greentable/

          EFITD Version  07/09/2014


 type mode (2=file, 3=snap, 4=time, 5=input, 6=com file, 7=snap_ext):

 number of time slices?

 type input file names:
 #
 table_dir = </global/common/software/atom/perlmutter/data/greentable/>

  ----- time =     6 ms ----- ( 0)
 it=  1 chi2=0.00E+00 zm= 7.50E-03 err=4.533E+00 dz= 7.499E-03 chigam= 0.00E+00
 it=  2 chi2=0.00E+00 zm= 1.04E-02 err=9.505E-01 dz= 2.866E-03 chigam= 0.00E+00
 it=  3 chi2=0.00E+00 zm= 1.25E-02 err=5.196E-01 dz= 2.169E-03 chigam= 0.00E+00
 it=  4 chi2=0.00E+00 zm= 1.41E-02 err=2.830E-01 dz= 1.594E-03 chigam= 0.00E+00
 it=  5 chi2=0.00E+00 zm= 1.53E-02 err=1.579E-01 dz= 1.149E-03 chigam= 0.00E+00
 it=  6 chi2=0.00E+00 zm= 1.61E-02 err=8.662E-02 dz= 8.026E-04 chigam= 0.00E+00
 it=  7 chi2=0.00E+00 zm= 1.66E-02 err=4.973E-02 dz= 5.659E-04 chigam= 0.00E+00
 it=  8 chi2=0.00E+00 zm= 1.70E-02 err=2.873E-02 dz= 3.964E-04 chigam= 0.00E+00
 it=  9 chi2=0.00E+00 zm= 1.73E-02 err=1.828E-02 dz= 2.774E-04 chigam= 0.00E+00
 it= 10 chi2=0.00E+00 zm= 1.75E-02 err=1.117E-02 dz= 1.926E-04 chigam= 0.00E+00
 it= 11 chi2=0.00E+00 zm= 1.76E-02 err=7.254E-03 dz= 1.341E-04 chigam= 0.00E+00
 it= 12 chi2=0.00E+00 zm= 1.77E-02 err=4.804E-03 dz= 9.352E-05 chigam= 0.00E+00
 it= 13 chi2=0.00E+00 zm= 1.78E-02 err=2.962E-03 dz= 6.471E-05 chigam= 0.00E+00
 it= 14 chi2=0.00E+00 zm= 1.78E-02 err=3.012E-03 dz= 4.516E-05 chigam= 0.00E+00
 it= 15 chi2=0.00E+00 zm= 1.79E-02 err=1.692E-03 dz= 3.110E-05 chigam= 0.00E+00
 it= 16 chi2=0.00E+00 zm= 1.79E-02 err=1.001E-03 dz= 2.145E-05 chigam= 0.00E+00
 it= 17 chi2=0.00E+00 zm= 1.79E-02 err=8.164E-04 dz= 1.528E-05 chigam= 0.00E+00
 it= 18 chi2=0.00E+00 zm= 1.79E-02 err=3.994E-04 dz= 1.044E-05 chigam= 0.00E+00
 it= 19 chi2=0.00E+00 zm= 1.79E-02 err=2.008E-04 dz= 7.109E-06 chigam= 0.00E+00
 it= 20 chi2=0.00E+00 zm= 1.79E-02 err=1.179E-04 dz= 4.863E-06 chigam= 0.00E+00
 it= 21 chi2=0.00E+00 zm= 1.79E-02 err=7.502E-05 dz= 3.331E-06 chigam= 0.00E+00

      ******************** EFITD129 x 129  output ********************

       data used:   
  0 flux loops
  0 magnetic probes(i)
  0 full rogowski
  0 diamagnetic loop


 shot #   =          1 time(ms) =          6 chi**2   =  0.000E+00
 betat(%) =      0.957 betap    =      0.607 li       =      0.871
 vol(cm3) =  0.927E+07 rout(cm) =    170.929 zout(cm) =     -0.340
 elong    =      1.397 utriang  =     -0.519 ltriang  =     -0.490
 a(cm)    =     44.877 lin(cm)  = ********** lout(cm) =      0.902
 ltop(cm) = ********** q*       =      3.049 rc(cm)   =    176.835
 zc(cm)   =      1.417 bt0(t)   =      2.000 qout     =      2.895
