========================================================================
= FASTRAN

nonlinear model = 1
ichi = 1
ineo = 0
reading state...
read formatted input, inprof...
init geometry...
read formatted input, inmetric...
nrho in inmetric = 101
rhob in inmetric = 1.263353e+00
solve avg grad-shafranv...
solve_avg_gs::Ip_temp = 2.717825e+00 
solve_avg_gs::Ip      = 1.000000e+01 
>>> tau_he = 5.000000, nhe(0)=2.532638e+00

 plasma volume = 148.676695
 stored energy(e,i,b,a) = 5.609549e+01 5.428050e+01 0.000000e+00 0.000000e+00
 betan = 1.253003
*power
 Pnb(e,i) = 0.000000e+00 0.000000e+00
 Prf(e,i) = 0.000000e+00 0.000000e+00
 Prad     = -9.700639e+00 
 Pei      = 1.823757e+00 
 Pfuse    = 5.793353e+01 
 Pfusi    = 1.895872e+01 
 Poh      = 0.000000e+00 
*confinement time
 taut, tauITER98y2, H98y2 : 1.642705e+00 1.735410e+00 9.465804e-01
 taue, taui : 1.120640e+00 3.167820e+00
 taut, tau89, H89 : 1.642705e+00 8.427881e-01 1.949132e+00
*temperature
 nea, nebar : 1.902698e+01 2.170445e+01 
 tea, tia : 7.175617e+00 7.229052e+00 (9.926083e-01)
 te0, ti0 : 1.881708e+01 1.901726e+01 (9.894738e-01)
 Sn : 0.000000e+00 
*current balance
 Ip,Ibs,Inb,Irf: 1.000000e+01 1.909492e+00 0.000000e+00 0.000000e+00
 fni,fbs: 0.191 0.191

 plasma volume = 148.676695
 stored energy(e,i,b,a) = 5.609549e+01 5.428050e+01 0.000000e+00 0.000000e+00
 betan = 1.253003
*power
 Pnb(e,i) = 0.000000e+00 0.000000e+00
 Prf(e,i) = 0.000000e+00 0.000000e+00
 Prad     = -9.700639e+00 
 Pei      = 1.823757e+00 
 Pfuse    = 5.793353e+01 
 Pfusi    = 1.895872e+01 
 Poh      = 0.000000e+00 
*confinement time
 taut, tauITER98y2, H98y2 : 1.642705e+00 1.735410e+00 9.465804e-01
 taue, taui : 1.120640e+00 3.167820e+00
 taut, tau89, H89 : 1.642705e+00 8.427881e-01 1.949132e+00
*temperature
 nea, nebar : 1.902698e+01 2.170445e+01 
 tea, tia : 7.175617e+00 7.229052e+00 (9.926083e-01)
 te0, ti0 : 1.881708e+01 1.901726e+01 (9.894738e-01)
 Sn : 0.000000e+00 
*current balance
 Ip,Ibs,Inb,Irf: 1.000000e+01 1.909492e+00 0.000000e+00 0.000000e+00
 fni,fbs: 0.191 0.191
 ELAPASED TIME = 0 sec

finalize
