NCAPTC: : NetCDF: Variable not found
Warning: ieee_overflow is signaling
Warning: ieee_underflow is signaling
Warning: ieee_inexact is signaling
FORTRAN STOP
 solver
 /global/common/software/atom/perlmutter/data/greentable/
 /global/common/software/atom/perlmutter/data/greentable/

          EFITD Version  07/09/2014


 type mode (2=file, 3=snap, 4=time, 5=input, 6=com file, 7=snap_ext):

 number of time slices?

 type input file names:
 #
 table_dir = </global/common/software/atom/perlmutter/data/greentable/>

  ----- time =     1 ms ----- ( 0)
 it=  1 chi2=0.00E+00 zm= 7.53E-03 err=5.202E+00 dz= 7.535E-03 chigam= 0.00E+00
 it=  2 chi2=0.00E+00 zm= 1.07E-02 err=8.467E-01 dz= 3.189E-03 chigam= 0.00E+00
 it=  3 chi2=0.00E+00 zm= 1.31E-02 err=4.878E-01 dz= 2.410E-03 chigam= 0.00E+00
 it=  4 chi2=0.00E+00 zm= 1.50E-02 err=2.876E-01 dz= 1.831E-03 chigam= 0.00E+00
 it=  5 chi2=0.00E+00 zm= 1.64E-02 err=1.743E-01 dz= 1.401E-03 chigam= 0.00E+00
 it=  6 chi2=0.00E+00 zm= 1.74E-02 err=1.053E-01 dz= 1.069E-03 chigam= 0.00E+00
 it=  7 chi2=0.00E+00 zm= 1.83E-02 err=6.783E-02 dz= 8.161E-04 chigam= 0.00E+00
 it=  8 chi2=0.00E+00 zm= 1.89E-02 err=4.033E-02 dz= 6.093E-04 chigam= 0.00E+00
 it=  9 chi2=0.00E+00 zm= 1.93E-02 err=2.609E-02 dz= 4.562E-04 chigam= 0.00E+00
 it= 10 chi2=0.00E+00 zm= 1.97E-02 err=1.380E-02 dz= 3.350E-04 chigam= 0.00E+00
 it= 11 chi2=0.00E+00 zm= 1.99E-02 err=7.002E-03 dz= 2.442E-04 chigam= 0.00E+00
 it= 12 chi2=0.00E+00 zm= 2.01E-02 err=5.039E-03 dz= 1.790E-04 chigam= 0.00E+00
 it= 13 chi2=0.00E+00 zm= 2.02E-02 err=3.587E-03 dz= 1.309E-04 chigam= 0.00E+00
 it= 14 chi2=0.00E+00 zm= 2.03E-02 err=2.535E-03 dz= 9.563E-05 chigam= 0.00E+00
 it= 15 chi2=0.00E+00 zm= 2.04E-02 err=1.099E-03 dz= 7.012E-05 chigam= 0.00E+00
 it= 16 chi2=0.00E+00 zm= 2.04E-02 err=4.151E-03 dz= 5.625E-05 chigam= 0.00E+00
 it= 17 chi2=0.00E+00 zm= 2.05E-02 err=2.308E-03 dz= 4.166E-05 chigam= 0.00E+00
 it= 18 chi2=0.00E+00 zm= 2.05E-02 err=1.315E-03 dz= 3.071E-05 chigam= 0.00E+00
 it= 19 chi2=0.00E+00 zm= 2.05E-02 err=7.699E-04 dz= 2.256E-05 chigam= 0.00E+00
 it= 20 chi2=0.00E+00 zm= 2.05E-02 err=4.647E-04 dz= 1.653E-05 chigam= 0.00E+00
 it= 21 chi2=0.00E+00 zm= 2.06E-02 err=2.894E-04 dz= 1.209E-05 chigam= 0.00E+00
 it= 22 chi2=0.00E+00 zm= 2.06E-02 err=1.856E-04 dz= 8.826E-06 chigam= 0.00E+00
 it= 23 chi2=0.00E+00 zm= 2.06E-02 err=1.223E-04 dz= 6.437E-06 chigam= 0.00E+00
 it= 24 chi2=0.00E+00 zm= 2.06E-02 err=8.260E-05 dz= 4.692E-06 chigam= 0.00E+00

      ******************** EFITD129 x 129  output ********************

       data used:   
  0 flux loops
  0 magnetic probes(i)
  0 full rogowski
  0 diamagnetic loop


 shot #   =          1 time(ms) =          1 chi**2   =  0.000E+00
 betat(%) =      1.082 betap    =      0.545 li       =      0.862
 vol(cm3) =  0.775E+07 rout(cm) =    172.167 zout(cm) =      0.814
 elong    =      1.345 utriang  =     -0.373 ltriang  =     -0.308
 a(cm)    =     41.398 lin(cm)  = ********** lout(cm) =     10.611
 ltop(cm) = ********** q*       =      2.308 rc(cm)   =    176.571
 zc(cm)   =      1.834 bt0(t)   =      2.000 qout     =      2.204
