========================================================================
= FASTRAN

nonlinear model = 1
ichi = 1
ineo = 0
reading state...
read formatted input, inprof...
init geometry...
read formatted input, inmetric...
nrho in inmetric = 101
rhob in inmetric = 1.263952e+00
solve avg grad-shafranv...
solve_avg_gs::Ip_temp = 2.721605e+00 
solve_avg_gs::Ip      = 1.000000e+01 
>>> tau_he = 5.000000, nhe(0)=2.380465e+00

 plasma volume = 148.874963
 stored energy(e,i,b,a) = 5.883379e+01 5.480846e+01 0.000000e+00 0.000000e+00
 betan = 1.288533
*power
 Pnb(e,i) = 0.000000e+00 0.000000e+00
 Prf(e,i) = 0.000000e+00 0.000000e+00
 Prad     = -2.072847e+01 
 Pei      = 1.643684e+00 
 Pfuse    = 5.734825e+01 
 Pfusi    = 1.840092e+01 
 Poh      = 0.000000e+00 
*confinement time
 taut, tauITER98y2, H98y2 : 2.065445e+00 1.983245e+00 1.041448e+00
 taue, taui : 1.537597e+00 3.270733e+00
 taut, tau89, H89 : 2.065445e+00 9.306591e-01 2.219336e+00
*temperature
 nea, nebar : 1.865574e+01 2.142806e+01 
 tea, tia : 7.708615e+00 7.762025e+00 (9.931190e-01)
 te0, ti0 : 1.881676e+01 1.901697e+01 (9.894721e-01)
 Sn : 0.000000e+00 
*current balance
 Ip,Ibs,Inb,Irf: 1.000000e+01 1.981097e+00 0.000000e+00 0.000000e+00
 fni,fbs: 0.198 0.198

 plasma volume = 148.874963
 stored energy(e,i,b,a) = 5.883379e+01 5.480846e+01 0.000000e+00 0.000000e+00
 betan = 1.288533
*power
 Pnb(e,i) = 0.000000e+00 0.000000e+00
 Prf(e,i) = 0.000000e+00 0.000000e+00
 Prad     = -2.072847e+01 
 Pei      = 1.643684e+00 
 Pfuse    = 5.734825e+01 
 Pfusi    = 1.840092e+01 
 Poh      = 0.000000e+00 
*confinement time
 taut, tauITER98y2, H98y2 : 2.065445e+00 1.983245e+00 1.041448e+00
 taue, taui : 1.537597e+00 3.270733e+00
 taut, tau89, H89 : 2.065445e+00 9.306591e-01 2.219336e+00
*temperature
 nea, nebar : 1.865574e+01 2.142806e+01 
 tea, tia : 7.708615e+00 7.762025e+00 (9.931190e-01)
 te0, ti0 : 1.881676e+01 1.901697e+01 (9.894721e-01)
 Sn : 0.000000e+00 
*current balance
 Ip,Ibs,Inb,Irf: 1.000000e+01 1.981097e+00 0.000000e+00 0.000000e+00
 fni,fbs: 0.198 0.198
 ELAPASED TIME = 0 sec

finalize
