========================================================================
= FASTRAN

nonlinear model = 1
ichi = 1
ineo = 0
reading state...
read formatted input, inprof...
init geometry...
read formatted input, inmetric...
nrho in inmetric = 101
rhob in inmetric = 1.262608e+00
solve avg grad-shafranv...
solve_avg_gs::Ip_temp = 2.710991e+00 
solve_avg_gs::Ip      = 1.000000e+01 
>>> tau_he = 5.000000, nhe(0)=2.533352e+00

 plasma volume = 148.418902
 stored energy(e,i,b,a) = 5.326441e+01 5.153562e+01 0.000000e+00 0.000000e+00
 betan = 1.191472
*power
 Pnb(e,i) = 0.000000e+00 0.000000e+00
 Prf(e,i) = 0.000000e+00 0.000000e+00
 Prad     = -8.735034e+00 
 Pei      = 1.647264e+00 
 Pfuse    = 5.449541e+01 
 Pfusi    = 1.803108e+01 
 Poh      = 0.000000e+00 
*confinement time
 taut, tauITER98y2, H98y2 : 1.642854e+00 1.763925e+00 9.313623e-01
 taue, taui : 1.123541e+00 3.145520e+00
 taut, tau89, H89 : 1.642854e+00 8.605064e-01 1.909171e+00
*temperature
 nea, nebar : 1.774101e+01 2.074722e+01 
 tea, tia : 7.174598e+00 7.228025e+00 (9.926083e-01)
 te0, ti0 : 1.881708e+01 1.901726e+01 (9.894738e-01)
 Sn : 0.000000e+00 
*current balance
 Ip,Ibs,Inb,Irf: 1.000000e+01 1.897668e+00 0.000000e+00 0.000000e+00
 fni,fbs: 0.190 0.190

 plasma volume = 148.418902
 stored energy(e,i,b,a) = 5.326441e+01 5.153562e+01 0.000000e+00 0.000000e+00
 betan = 1.191472
*power
 Pnb(e,i) = 0.000000e+00 0.000000e+00
 Prf(e,i) = 0.000000e+00 0.000000e+00
 Prad     = -8.735034e+00 
 Pei      = 1.647264e+00 
 Pfuse    = 5.449541e+01 
 Pfusi    = 1.803108e+01 
 Poh      = 0.000000e+00 
*confinement time
 taut, tauITER98y2, H98y2 : 1.642854e+00 1.763925e+00 9.313623e-01
 taue, taui : 1.123541e+00 3.145520e+00
 taut, tau89, H89 : 1.642854e+00 8.605064e-01 1.909171e+00
*temperature
 nea, nebar : 1.774101e+01 2.074722e+01 
 tea, tia : 7.174598e+00 7.228025e+00 (9.926083e-01)
 te0, ti0 : 1.881708e+01 1.901726e+01 (9.894738e-01)
 Sn : 0.000000e+00 
*current balance
 Ip,Ibs,Inb,Irf: 1.000000e+01 1.897668e+00 0.000000e+00 0.000000e+00
 fni,fbs: 0.190 0.190
 ELAPASED TIME = 0 sec

finalize
