========================================================================
= FASTRAN

nonlinear model = 0
ichi = 0
ineo = 0
reading state...
read formatted input, inprof...
init geometry...
read formatted input, inmetric...
nrho in inmetric = 101
rhob in inmetric = 1.264150e+00
solve avg grad-shafranv...
solve_avg_gs::Ip_temp = 9.986284e+00 
solve_avg_gs::Ip      = 1.000000e+01 
>>> tau_he = 5.000000, nhe(0)=2.174506e+00

 plasma volume = 148.921994
 stored energy(e,i,b) = 5.898542e+01 5.249466e+01 0.000000e+00
 betan = 1.263559
*power
 Pnb(e,i) = 0.000000e+00 0.000000e+00
 Prf(e,i) = 6.492974e+00 1.351686e+01
 Prad     = -3.365073e+01 
 Pei      = -1.274702e+00 
 Pfuse    = 4.941466e+01 
 Pfusi    = 1.487005e+01 
 Poh      = 0.000000e+00 
*confinement time
 taut, tauITER98y2, H98y2 : 2.201258e+00 2.122548e+00 1.037083e+00
 taue, taui : 2.811212e+00 3.251501e+00
 taut, tau89, H89 : 2.201258e+00 9.727663e-01 2.262884e+00
*temperature
 nea, nebar : 1.945241e+01 2.196768e+01 
 tea, tia : 7.646131e+00 7.615908e+00 (1.003968e+00)
 te0, ti0 : 1.831517e+01 1.865817e+01 (9.816165e-01)
 Sn : 0.000000e+00 
*current balance
 Ip,Ibs,Inb,Irf: 1.000000e+01 1.940662e+00 0.000000e+00 8.485348e-02
 fni,fbs: 0.203 0.194

Time advancing...
rho_bdry 0.950000 ...
te_bdry = 3.741993
ti_bdry = 3.741797
ne_bdry = 14.453942
rv_bdry = 100.762170
nrho_tr_bdry = 19
drho_bdry = 0.000000e+00
nrhob = 95
 [    0] t = 0.0000 
>>> tau_he = 5.000000, nhe(0)=2.156552e+00
 5     -0.001   3.44e-03   1.33e-01   2.28e-03  -4.39e-03   0.00e+00 (  5.17e-01,  2.78e+01)
10      0.000   5.96e-04  -1.65e-03  -4.06e-04   2.40e-04   0.00e+00 (  1.42e-01,  5.54e+01)
15     -0.001   2.07e-04  -3.12e-03  -2.24e-03  -9.82e-03   0.00e+00 (  6.56e-02,  8.25e+01)
20      0.007   1.90e-02  -4.45e-02  -3.90e-03   5.16e-02   0.00e+00 (  7.20e+00,  1.01e+02)
25      0.020   7.45e-02  -3.53e-03   9.52e-03   1.74e-01   0.00e+00 (  3.18e+01,  1.16e+02)
30      0.035   1.29e-01   5.46e-02   3.62e-02   3.28e-01   0.00e+00 (  5.89e+01,  1.27e+02)
35      0.042   1.66e-01   9.90e-02   5.73e-02   4.30e-01   0.00e+00 (  7.27e+01,  1.34e+02)
40      0.051   2.00e-01   1.37e-01   6.03e-02   5.57e-01   0.00e+00 (  8.25e+01,  1.36e+02)
45      0.062   2.32e-01   2.00e-01   1.18e-01   7.19e-01   0.00e+00 (  8.84e+01,  1.34e+02)
50      0.079   2.70e-01   2.79e-01   1.66e-01   9.73e-01   0.00e+00 (  9.31e+01,  1.29e+02)
55      0.102   3.17e-01   4.02e-01   2.21e-01   1.30e+00   0.00e+00 (  1.00e+02,  1.22e+02)
60      0.133   3.71e-01   5.13e-01   3.21e-01   1.77e+00   0.00e+00 (  1.06e+02,  1.15e+02)
65      0.194   4.62e-01   7.59e-01   5.17e-01   2.65e+00   0.00e+00 (  1.17e+02,  1.06e+02)
70      0.216   5.05e-01   8.78e-01   6.60e-01   3.03e+00   0.00e+00 (  1.14e+02,  9.72e+01)
75      0.227   5.26e-01   9.55e-01   7.72e-01   3.25e+00   0.00e+00 (  1.06e+02,  8.88e+01)
80      0.223   5.07e-01   9.68e-01   8.11e-01   3.25e+00   0.00e+00 (  9.13e+01,  8.08e+01)
85      0.199   4.39e-01   8.85e-01   7.69e-01   2.95e+00   0.00e+00 (  7.06e+01,  7.35e+01)
90      0.186   3.94e-01   7.94e-01   6.96e-01   3.02e+00   0.00e+00 (  5.60e+01,  6.69e+01)
95      2.076   4.54e+00   5.79e+00   4.18e+00   1.33e+02   0.00e+00 (  2.10e+03,  6.11e+01)
 0 e: 3.078e-07 i: 1.438e-06 :: e: 0.000e+00 i: 0.000e+00 :: n: 2.762e+01 e:18.315 i:18.658 v:4.993e+03
>>> tau_he = 5.000000, nhe(0)=2.152454e+00
 5     -0.001   3.58e-03   1.51e-01   2.32e-03  -4.01e-03   0.00e+00 (  5.34e-01,  2.78e+01)
10      0.000   5.38e-04  -1.59e-03  -4.32e-04   9.04e-05   0.00e+00 (  1.28e-01,  5.54e+01)
15     -0.002   2.03e-04  -3.30e-03  -2.44e-03  -1.05e-02   0.00e+00 (  6.47e-02,  8.25e+01)
20      0.006   1.87e-02  -4.44e-02  -4.02e-03   4.87e-02   0.00e+00 (  7.17e+00,  1.01e+02)
25      0.021   7.63e-02  -2.07e-03   1.02e-02   1.81e-01   0.00e+00 (  3.27e+01,  1.16e+02)
30      0.035   1.28e-01   5.26e-02   3.51e-02   3.28e-01   0.00e+00 (  5.77e+01,  1.27e+02)
35      0.042   1.66e-01   9.90e-02   5.73e-02   4.30e-01   0.00e+00 (  7.27e+01,  1.34e+02)
40      0.051   2.01e-01   1.39e-01   6.09e-02   5.64e-01   0.00e+00 (  8.28e+01,  1.36e+02)
45      0.062   2.33e-01   2.03e-01   1.20e-01   7.24e-01   0.00e+00 (  8.88e+01,  1.34e+02)
50      0.081   2.72e-01   2.86e-01   1.67e-01   9.96e-01   0.00e+00 (  9.43e+01,  1.29e+02)
55      0.102   3.17e-01   4.05e-01   2.22e-01   1.31e+00   0.00e+00 (  1.00e+02,  1.22e+02)
60      0.137   3.75e-01   5.25e-01   3.28e-01   1.81e+00   0.00e+00 (  1.07e+02,  1.15e+02)
65      0.189   4.57e-01   7.47e-01   5.08e-01   2.59e+00   0.00e+00 (  1.15e+02,  1.06e+02)
70      0.212   4.98e-01   8.63e-01   6.48e-01   2.97e+00   0.00e+00 (  1.12e+02,  9.72e+01)
75      0.222   5.18e-01   9.35e-01   7.57e-01   3.18e+00   0.00e+00 (  1.04e+02,  8.88e+01)
80      0.219   4.99e-01   9.49e-01   7.97e-01   3.18e+00   0.00e+00 (  8.94e+01,  8.08e+01)
85      0.201   4.42e-01   8.92e-01   7.75e-01   2.98e+00   0.00e+00 (  7.14e+01,  7.35e+01)
90      0.208   4.49e-01   9.21e-01   8.09e-01   3.37e+00   0.00e+00 (  6.93e+01,  6.69e+01)
95      1.856   4.16e+00   5.23e+00   3.64e+00   1.19e+02   0.00e+00 (  1.78e+03,  6.11e+01)
 1 e: 1.558e-02 i: 4.353e-02 :: e: 1.361e-02 i: 2.122e-02 :: n: 2.762e+01 e:18.315 i:18.623 v:4.993e+03
>>> tau_he = 5.000000, nhe(0)=2.421055e+00
 5     -0.003   4.72e-03   2.95e-01   3.45e-03  -1.23e-02   0.00e+00 (  1.03e+00,  2.78e+01)
10     -0.001   6.17e-04  -2.78e-03  -1.18e-03  -4.92e-03   0.00e+00 (  2.62e-01,  5.54e+01)
15      0.004   6.24e-02  -1.67e-02   7.59e-03   2.85e-02   0.00e+00 (  3.99e+01,  8.25e+01)
20     -0.006   1.04e-01  -7.72e-03   1.06e-02  -4.74e-02   0.00e+00 (  7.06e+01,  1.01e+02)
25      0.041   1.39e-01   1.05e-01   3.19e-02   3.53e-01   0.00e+00 (  8.09e+01,  1.16e+02)
30      0.055   1.60e-01   1.48e-01   6.84e-02   5.23e-01   0.00e+00 (  8.11e+01,  1.27e+02)
35      0.062   1.88e-01   1.98e-01   9.88e-02   6.39e-01   0.00e+00 (  8.85e+01,  1.34e+02)
40      0.105   2.59e-01   3.57e-01   1.87e-01   1.16e+00   0.00e+00 (  1.13e+02,  1.36e+02)
45      0.135   3.03e-01   4.60e-01   2.07e-01   1.58e+00   0.00e+00 (  1.21e+02,  1.34e+02)
50      0.160   3.54e-01   5.78e-01   2.43e-01   1.97e+00   0.00e+00 (  1.26e+02,  1.29e+02)
55      0.122   3.24e-01   5.02e-01   2.82e-01   1.56e+00   0.00e+00 (  1.00e+02,  1.22e+02)
60      0.129   3.41e-01   5.49e-01   3.42e-01   1.71e+00   0.00e+00 (  8.96e+01,  1.15e+02)
65      0.137   3.46e-01   5.71e-01   3.84e-01   1.87e+00   0.00e+00 (  7.50e+01,  1.06e+02)
70      0.139   3.48e-01   5.88e-01   4.45e-01   1.95e+00   0.00e+00 (  6.58e+01,  9.72e+01)
75      0.149   3.65e-01   6.38e-01   5.32e-01   2.13e+00   0.00e+00 (  6.26e+01,  8.88e+01)
80      0.160   3.92e-01   7.20e-01   6.20e-01   2.34e+00   0.00e+00 (  6.41e+01,  8.08e+01)
85      0.169   4.12e-01   8.00e-01   6.89e-01   2.50e+00   0.00e+00 (  6.81e+01,  7.35e+01)
90      0.178   4.26e-01   8.42e-01   7.34e-01   2.89e+00   0.00e+00 (  6.92e+01,  6.69e+01)
95      1.870   4.23e+00   5.29e+00   3.65e+00   1.19e+02   0.00e+00 (  1.77e+03,  6.11e+01)
 2 e: 8.096e-03 i: 3.558e-03 :: e: 1.581e-01 i: 2.167e-01 :: n: 2.762e+01 e:20.647 i:21.088 v:4.993e+03
>>> tau_he = 5.000000, nhe(0)=2.507339e+00
 5     -0.005   5.01e-03   3.09e-01   3.89e-03  -2.01e-02   0.00e+00 (  1.34e+00,  2.78e+01)
10     -0.002   8.72e-03   1.38e-02  -7.06e-04  -1.26e-02   0.00e+00 (  4.69e+00,  5.54e+01)
15     -0.069   9.59e-02   1.81e-02   1.60e-02  -4.53e-01   0.00e+00 (  7.47e+01,  8.25e+01)
20     -0.054   1.41e-01   5.69e-02   3.56e-02  -4.13e-01   0.00e+00 (  1.15e+02,  1.01e+02)
25      0.015   1.72e-01   1.33e-01   2.91e-02   1.30e-01   0.00e+00 (  1.22e+02,  1.16e+02)
30      0.032   1.87e-01   1.68e-01   5.72e-02   2.98e-01   0.00e+00 (  1.14e+02,  1.27e+02)
35      0.043   2.06e-01   2.10e-01   9.70e-02   4.36e-01   0.00e+00 (  1.13e+02,  1.34e+02)
40      0.089   2.71e-01   3.44e-01   1.77e-01   9.78e-01   0.00e+00 (  1.32e+02,  1.36e+02)
45      0.082   2.58e-01   3.30e-01   1.49e-01   9.58e-01   0.00e+00 (  1.09e+02,  1.34e+02)
50      0.130   3.30e-01   4.88e-01   2.08e-01   1.60e+00   0.00e+00 (  1.18e+02,  1.29e+02)
55      0.105   2.98e-01   4.49e-01   2.33e-01   1.35e+00   0.00e+00 (  8.95e+01,  1.22e+02)
60      0.112   2.99e-01   4.58e-01   2.88e-01   1.48e+00   0.00e+00 (  7.32e+01,  1.15e+02)
65      0.121   2.92e-01   4.64e-01   3.18e-01   1.65e+00   0.00e+00 (  5.70e+01,  1.06e+02)
70      0.125   2.88e-01   4.78e-01   3.69e-01   1.75e+00   0.00e+00 (  4.78e+01,  9.72e+01)
75      0.136   3.03e-01   5.26e-01   4.48e-01   1.95e+00   0.00e+00 (  4.47e+01,  8.88e+01)
80      0.152   3.31e-01   6.07e-01   5.34e-01   2.21e+00   0.00e+00 (  4.61e+01,  8.08e+01)
85      0.165   3.51e-01   6.95e-01   6.03e-01   2.45e+00   0.00e+00 (  4.90e+01,  7.35e+01)
90      0.178   3.72e-01   7.51e-01   6.58e-01   2.90e+00   0.00e+00 (  5.04e+01,  6.69e+01)
95      1.864   4.26e+00   5.28e+00   3.63e+00   1.19e+02   0.00e+00 (  1.73e+03,  6.11e+01)
 3 e: 2.688e-04 i: 1.773e-03 :: e: 2.183e-01 i: 2.475e-01 :: n: 2.762e+01 e:22.041 i:22.019 v:4.993e+03
>>> tau_he = 5.000000, nhe(0)=2.533451e+00
 5     -0.005   5.09e-03   3.11e-01   3.98e-03  -2.36e-02   0.00e+00 (  1.44e+00,  2.78e+01)
10     -0.005   1.32e-02   2.59e-02  -1.21e-03  -2.59e-02   0.00e+00 (  7.50e+00,  5.54e+01)
15     -0.065   9.89e-02   3.36e-02   6.46e-03  -4.32e-01   0.00e+00 (  7.74e+01,  8.25e+01)
20     -0.053   1.40e-01   6.84e-02   3.79e-02  -4.07e-01   0.00e+00 (  1.14e+02,  1.01e+02)
25      0.014   1.63e-01   1.25e-01   3.21e-02   1.22e-01   0.00e+00 (  1.16e+02,  1.16e+02)
30      0.039   1.87e-01   1.80e-01   5.51e-02   3.65e-01   0.00e+00 (  1.16e+02,  1.27e+02)
35      0.088   2.56e-01   3.15e-01   1.45e-01   8.98e-01   0.00e+00 (  1.43e+02,  1.34e+02)
40      0.099   2.73e-01   3.71e-01   1.83e-01   1.09e+00   0.00e+00 (  1.33e+02,  1.36e+02)
45      0.122   3.05e-01   4.56e-01   2.01e-01   1.43e+00   0.00e+00 (  1.28e+02,  1.34e+02)
50      0.139   3.33e-01   5.31e-01   2.21e-01   1.70e+00   0.00e+00 (  1.18e+02,  1.29e+02)
55      0.110   2.99e-01   4.64e-01   2.60e-01   1.41e+00   0.00e+00 (  8.89e+01,  1.22e+02)
60      0.116   3.03e-01   4.91e-01   3.08e-01   1.54e+00   0.00e+00 (  7.36e+01,  1.15e+02)
65      0.124   2.97e-01   4.96e-01   3.37e-01   1.69e+00   0.00e+00 (  5.78e+01,  1.06e+02)
70      0.123   2.86e-01   4.90e-01   3.77e-01   1.73e+00   0.00e+00 (  4.74e+01,  9.72e+01)
75      0.128   2.90e-01   5.10e-01   4.34e-01   1.83e+00   0.00e+00 (  4.24e+01,  8.88e+01)
80      0.135   3.03e-01   5.55e-01   4.92e-01   1.97e+00   0.00e+00 (  4.15e+01,  8.08e+01)
85      0.142   3.13e-01   6.02e-01   5.27e-01   2.11e+00   0.00e+00 (  4.23e+01,  7.35e+01)
90      0.152   3.24e-01   6.33e-01   5.61e-01   2.46e+00   0.00e+00 (  4.22e+01,  6.69e+01)
95      1.872   4.29e+00   5.32e+00   3.64e+00   1.20e+02   0.00e+00 (  1.73e+03,  6.11e+01)
 4 e: 7.110e-04 i: 3.031e-04 :: e: 2.300e-01 i: 2.698e-01 :: n: 2.762e+01 e:22.124 i:22.316 v:4.993e+03
>>> tau_he = 5.000000, nhe(0)=2.513250e+00
 5     -0.006   4.92e-03   3.05e-01   4.02e-03  -2.52e-02   0.00e+00 (  1.45e+00,  2.78e+01)
10     -0.006   1.46e-02   2.96e-02  -9.89e-04  -3.10e-02   0.00e+00 (  8.54e+00,  5.54e+01)
15     -0.063   9.69e-02   3.63e-02   6.12e-03  -4.15e-01   0.00e+00 (  7.50e+01,  8.25e+01)
20     -0.013   1.33e-01   6.00e-02   2.38e-02  -9.65e-02   0.00e+00 (  1.06e+02,  1.01e+02)
25      0.017   1.68e-01   1.40e-01   3.22e-02   1.48e-01   0.00e+00 (  1.20e+02,  1.16e+02)
30      0.035   1.92e-01   1.75e-01   6.58e-02   3.27e-01   0.00e+00 (  1.20e+02,  1.27e+02)
35      0.042   2.10e-01   2.12e-01   1.06e-01   4.34e-01   0.00e+00 (  1.17e+02,  1.34e+02)
40      0.086   2.63e-01   3.43e-01   1.71e-01   9.41e-01   0.00e+00 (  1.27e+02,  1.36e+02)
45      0.080   2.51e-01   3.28e-01   1.45e-01   9.30e-01   0.00e+00 (  1.04e+02,  1.34e+02)
50      0.122   3.12e-01   4.70e-01   2.02e-01   1.50e+00   0.00e+00 (  1.08e+02,  1.29e+02)
55      0.104   2.87e-01   4.45e-01   2.31e-01   1.33e+00   0.00e+00 (  8.34e+01,  1.22e+02)
60      0.111   2.89e-01   4.56e-01   2.87e-01   1.47e+00   0.00e+00 (  6.87e+01,  1.15e+02)
65      0.121   2.86e-01   4.69e-01   3.21e-01   1.65e+00   0.00e+00 (  5.43e+01,  1.06e+02)
70      0.122   2.77e-01   4.69e-01   3.62e-01   1.71e+00   0.00e+00 (  4.43e+01,  9.72e+01)
75      0.127   2.79e-01   4.88e-01   4.18e-01   1.82e+00   0.00e+00 (  3.91e+01,  8.88e+01)
80      0.135   2.90e-01   5.29e-01   4.72e-01   1.97e+00   0.00e+00 (  3.74e+01,  8.08e+01)
85      0.142   2.98e-01   5.72e-01   5.03e-01   2.10e+00   0.00e+00 (  3.72e+01,  7.35e+01)
90      0.152   3.13e-01   6.01e-01   5.34e-01   2.47e+00   0.00e+00 (  3.70e+01,  6.69e+01)
95      1.870   4.30e+00   5.31e+00   3.63e+00   1.19e+02   0.00e+00 (  1.72e+03,  6.11e+01)
 5 e: 2.627e-04 i: 4.947e-04 :: e: 2.102e-01 i: 2.429e-01 :: n: 2.762e+01 e:21.880 i:22.095 v:4.993e+03
>>> tau_he = 5.000000, nhe(0)=2.472362e+00
 5     -0.006   4.67e-03   2.91e-01   3.96e-03  -2.47e-02   0.00e+00 (  1.39e+00,  2.78e+01)
10     -0.005   1.45e-02   3.07e-02  -7.77e-05  -2.79e-02   0.00e+00 (  8.44e+00,  5.54e+01)
15     -0.053   9.25e-02   3.75e-02   6.49e-03  -3.47e-01   0.00e+00 (  6.88e+01,  8.25e+01)
20     -0.005   1.23e-01   6.27e-02   2.53e-02  -3.60e-02   0.00e+00 (  9.36e+01,  1.01e+02)
25      0.018   1.62e-01   1.38e-01   3.29e-02   1.56e-01   0.00e+00 (  1.11e+02,  1.16e+02)
30      0.030   1.79e-01   1.74e-01   6.20e-02   2.84e-01   0.00e+00 (  1.09e+02,  1.27e+02)
35      0.043   1.97e-01   2.15e-01   1.05e-01   4.37e-01   0.00e+00 (  1.07e+02,  1.34e+02)
40      0.084   2.56e-01   3.43e-01   1.85e-01   9.28e-01   0.00e+00 (  1.20e+02,  1.36e+02)
45      0.081   2.47e-01   3.36e-01   1.46e-01   9.45e-01   0.00e+00 (  9.99e+01,  1.34e+02)
50      0.121   3.06e-01   4.72e-01   2.05e-01   1.48e+00   0.00e+00 (  1.04e+02,  1.29e+02)
55      0.104   2.85e-01   4.54e-01   2.36e-01   1.33e+00   0.00e+00 (  8.20e+01,  1.22e+02)
60      0.111   2.90e-01   4.67e-01   2.94e-01   1.48e+00   0.00e+00 (  6.87e+01,  1.15e+02)
65      0.123   2.91e-01   4.88e-01   3.33e-01   1.68e+00   0.00e+00 (  5.58e+01,  1.06e+02)
70      0.123   2.82e-01   4.84e-01   3.73e-01   1.72e+00   0.00e+00 (  4.57e+01,  9.72e+01)
75      0.126   2.80e-01   4.93e-01   4.22e-01   1.80e+00   0.00e+00 (  3.97e+01,  8.88e+01)
80      0.130   2.83e-01   5.17e-01   4.63e-01   1.89e+00   0.00e+00 (  3.68e+01,  8.08e+01)
85      0.133   2.84e-01   5.39e-01   4.76e-01   1.97e+00   0.00e+00 (  3.55e+01,  7.35e+01)
90      0.139   2.91e-01   5.48e-01   4.88e-01   2.26e+00   0.00e+00 (  3.41e+01,  6.69e+01)
95      1.874   4.31e+00   5.33e+00   3.64e+00   1.20e+02   0.00e+00 (  1.72e+03,  6.11e+01)
 6 e: 5.011e-04 i: 3.567e-04 :: e: 1.878e-01 i: 2.245e-01 :: n: 2.762e+01 e:21.509 i:21.652 v:4.993e+03
>>> tau_he = 5.000000, nhe(0)=2.435214e+00
 5     -0.006   4.46e-03   2.80e-01   3.87e-03  -2.42e-02   0.00e+00 (  1.32e+00,  2.78e+01)
10     -0.005   1.35e-02   2.82e-02  -1.42e-04  -2.60e-02   0.00e+00 (  7.73e+00,  5.54e+01)
15     -0.042   8.53e-02   3.44e-02   8.00e-03  -2.77e-01   0.00e+00 (  6.10e+01,  8.25e+01)
20     -0.013   1.15e-01   6.21e-02   2.59e-02  -9.86e-02   0.00e+00 (  8.37e+01,  1.01e+02)
25      0.019   1.52e-01   1.29e-01   3.29e-02   1.64e-01   0.00e+00 (  1.01e+02,  1.16e+02)
30      0.030   1.73e-01   1.64e-01   6.02e-02   2.80e-01   0.00e+00 (  1.02e+02,  1.27e+02)
35      0.039   1.91e-01   2.04e-01   1.02e-01   3.96e-01   0.00e+00 (  1.00e+02,  1.34e+02)
40      0.053   2.14e-01   2.49e-01   1.47e-01   5.82e-01   0.00e+00 (  9.69e+01,  1.36e+02)
45      0.076   2.37e-01   3.11e-01   1.43e-01   8.82e-01   0.00e+00 (  9.30e+01,  1.34e+02)
50      0.109   2.85e-01   4.25e-01   1.89e-01   1.33e+00   0.00e+00 (  9.32e+01,  1.29e+02)
55      0.099   2.72e-01   4.22e-01   2.24e-01   1.27e+00   0.00e+00 (  7.61e+01,  1.22e+02)
60      0.107   2.78e-01   4.40e-01   2.77e-01   1.42e+00   0.00e+00 (  6.44e+01,  1.15e+02)
65      0.121   2.83e-01   4.69e-01   3.21e-01   1.66e+00   0.00e+00 (  5.33e+01,  1.06e+02)
70      0.123   2.78e-01   4.75e-01   3.67e-01   1.73e+00   0.00e+00 (  4.43e+01,  9.72e+01)
75      0.127   2.78e-01   4.89e-01   4.19e-01   1.82e+00   0.00e+00 (  3.87e+01,  8.88e+01)
80      0.132   2.82e-01   5.14e-01   4.61e-01   1.92e+00   0.00e+00 (  3.57e+01,  8.08e+01)
85      0.135   2.81e-01   5.35e-01   4.73e-01   2.00e+00   0.00e+00 (  3.39e+01,  7.35e+01)
90      0.141   2.91e-01   5.44e-01   4.84e-01   2.29e+00   0.00e+00 (  3.26e+01,  6.69e+01)
95      1.871   4.32e+00   5.32e+00   3.63e+00   1.20e+02   0.00e+00 (  1.71e+03,  6.11e+01)
 7 e: 1.849e-04 i: 4.285e-04 :: e: 1.718e-01 i: 1.926e-01 :: n: 2.762e+01 e:20.962 i:21.261 v:4.993e+03
>>> tau_he = 5.000000, nhe(0)=2.387007e+00
 5     -0.005   4.21e-03   2.66e-01   3.79e-03  -2.30e-02   0.00e+00 (  1.23e+00,  2.78e+01)
10     -0.004   1.27e-02   2.72e-02  -2.12e-04  -2.47e-02   0.00e+00 (  7.16e+00,  5.54e+01)
15     -0.035   8.08e-02   3.42e-02   8.56e-03  -2.30e-01   0.00e+00 (  5.58e+01,  8.25e+01)
20     -0.004   1.11e-01   7.60e-02   2.37e-02  -2.93e-02   0.00e+00 (  7.76e+01,  1.01e+02)
25      0.020   1.46e-01   1.27e-01   3.49e-02   1.75e-01   0.00e+00 (  9.32e+01,  1.16e+02)
30      0.031   1.67e-01   1.62e-01   6.20e-02   2.89e-01   0.00e+00 (  9.60e+01,  1.27e+02)
35      0.039   1.87e-01   2.05e-01   1.05e-01   4.04e-01   0.00e+00 (  9.56e+01,  1.34e+02)
40      0.054   2.10e-01   2.55e-01   1.50e-01   5.98e-01   0.00e+00 (  9.33e+01,  1.36e+02)
45      0.075   2.33e-01   3.13e-01   1.45e-01   8.71e-01   0.00e+00 (  8.97e+01,  1.34e+02)
50      0.105   2.77e-01   4.18e-01   1.89e-01   1.28e+00   0.00e+00 (  8.90e+01,  1.29e+02)
55      0.098   2.69e-01   4.22e-01   2.24e-01   1.25e+00   0.00e+00 (  7.42e+01,  1.22e+02)
60      0.106   2.76e-01   4.41e-01   2.78e-01   1.40e+00   0.00e+00 (  6.36e+01,  1.15e+02)
65      0.121   2.85e-01   4.76e-01   3.25e-01   1.66e+00   0.00e+00 (  5.38e+01,  1.06e+02)
70      0.123   2.81e-01   4.83e-01   3.72e-01   1.73e+00   0.00e+00 (  4.52e+01,  9.72e+01)
75      0.127   2.80e-01   4.94e-01   4.22e-01   1.81e+00   0.00e+00 (  3.94e+01,  8.88e+01)
80      0.129   2.80e-01   5.11e-01   4.58e-01   1.88e+00   0.00e+00 (  3.59e+01,  8.08e+01)
85      0.131   2.75e-01   5.21e-01   4.61e-01   1.93e+00   0.00e+00 (  3.34e+01,  7.35e+01)
90      0.135   2.81e-01   5.21e-01   4.66e-01   2.20e+00   0.00e+00 (  3.16e+01,  6.69e+01)
95      1.873   4.32e+00   5.33e+00   3.64e+00   1.20e+02   0.00e+00 (  1.71e+03,  6.11e+01)
 8 e: 3.729e-04 i: 2.145e-04 :: e: 1.575e-01 i: 1.751e-01 :: n: 2.762e+01 e:20.641 i:20.772 v:4.993e+03
>>> tau_he = 5.000000, nhe(0)=2.356027e+00
 5     -0.005   4.05e-03   2.58e-01   3.69e-03  -2.22e-02   0.00e+00 (  1.17e+00,  2.78e+01)
10     -0.004   1.15e-02   2.45e-02  -3.02e-04  -2.22e-02   0.00e+00 (  6.35e+00,  5.54e+01)
15     -0.022   7.60e-02   3.02e-02   7.75e-03  -1.43e-01   0.00e+00 (  5.05e+01,  8.25e+01)
20     -0.000   1.08e-01   7.08e-02   2.39e-02  -3.53e-03   0.00e+00 (  7.26e+01,  1.01e+02)
25      0.022   1.38e-01   1.18e-01   3.45e-02   1.86e-01   0.00e+00 (  8.47e+01,  1.16e+02)
30      0.031   1.61e-01   1.53e-01   7.26e-02   2.92e-01   0.00e+00 (  8.94e+01,  1.27e+02)
35      0.039   1.82e-01   1.94e-01   1.03e-01   4.00e-01   0.00e+00 (  9.02e+01,  1.34e+02)
40      0.052   2.05e-01   2.39e-01   1.41e-01   5.68e-01   0.00e+00 (  8.86e+01,  1.36e+02)
45      0.071   2.24e-01   2.92e-01   1.43e-01   8.26e-01   0.00e+00 (  8.35e+01,  1.34e+02)
50      0.081   2.38e-01   3.35e-01   1.61e-01   9.90e-01   0.00e+00 (  7.40e+01,  1.29e+02)
55      0.094   2.58e-01   3.97e-01   2.14e-01   1.20e+00   0.00e+00 (  6.92e+01,  1.22e+02)
60      0.103   2.66e-01   4.21e-01   2.68e-01   1.36e+00   0.00e+00 (  5.99e+01,  1.15e+02)
65      0.120   2.78e-01   4.60e-01   3.16e-01   1.64e+00   0.00e+00 (  5.15e+01,  1.06e+02)
70      0.124   2.77e-01   4.75e-01   3.67e-01   1.73e+00   0.00e+00 (  4.40e+01,  9.72e+01)
75      0.128   2.79e-01   4.92e-01   4.21e-01   1.83e+00   0.00e+00 (  3.87e+01,  8.88e+01)
80      0.132   2.80e-01   5.12e-01   4.59e-01   1.92e+00   0.00e+00 (  3.53e+01,  8.08e+01)
85      0.133   2.76e-01   5.22e-01   4.62e-01   1.97e+00   0.00e+00 (  3.27e+01,  7.35e+01)
90      0.137   2.83e-01   5.23e-01   4.67e-01   2.23e+00   0.00e+00 (  3.09e+01,  6.69e+01)
95      1.872   4.32e+00   5.32e+00   3.63e+00   1.20e+02   0.00e+00 (  1.71e+03,  6.11e+01)
 9 e: 8.573e-05 i: 2.731e-04 :: e: 1.548e-01 i: 1.607e-01 :: n: 2.762e+01 e:20.150 i:20.465 v:4.993e+03
>>> tau_he = 5.000000, nhe(0)=2.314927e+00
 5     -0.005   3.87e-03   2.46e-01   3.63e-03  -2.12e-02   0.00e+00 (  1.11e+00,  2.78e+01)
10     -0.004   1.09e-02   2.38e-02  -3.48e-04  -2.11e-02   0.00e+00 (  5.96e+00,  5.54e+01)
15     -0.017   7.25e-02   3.04e-02   8.45e-03  -1.15e-01   0.00e+00 (  4.70e+01,  8.25e+01)
20     -0.006   1.05e-01   6.93e-02   2.24e-02  -4.64e-02   0.00e+00 (  6.91e+01,  1.01e+02)
25      0.022   1.34e-01   1.17e-01   3.62e-02   1.90e-01   0.00e+00 (  8.04e+01,  1.16e+02)
30      0.031   1.56e-01   1.53e-01   7.36e-02   2.96e-01   0.00e+00 (  8.50e+01,  1.27e+02)
35      0.039   1.79e-01   1.95e-01   1.05e-01   4.04e-01   0.00e+00 (  8.73e+01,  1.34e+02)
40      0.052   2.03e-01   2.41e-01   1.44e-01   5.70e-01   0.00e+00 (  8.62e+01,  1.36e+02)
45      0.070   2.21e-01   2.93e-01   1.45e-01   8.20e-01   0.00e+00 (  8.16e+01,  1.34e+02)
50      0.083   2.36e-01   3.31e-01   1.61e-01   1.01e+00   0.00e+00 (  7.30e+01,  1.29e+02)
55      0.093   2.55e-01   3.98e-01   2.16e-01   1.19e+00   0.00e+00 (  6.80e+01,  1.22e+02)
60      0.101   2.64e-01   4.20e-01   2.65e-01   1.34e+00   0.00e+00 (  5.93e+01,  1.15e+02)
65      0.119   2.78e-01   4.63e-01   3.17e-01   1.63e+00   0.00e+00 (  5.18e+01,  1.06e+02)
70      0.123   2.79e-01   4.79e-01   3.70e-01   1.73e+00   0.00e+00 (  4.45e+01,  9.72e+01)
75      0.127   2.80e-01   4.94e-01   4.23e-01   1.82e+00   0.00e+00 (  3.93e+01,  8.88e+01)
80      0.130   2.79e-01   5.10e-01   4.57e-01   1.89e+00   0.00e+00 (  3.55e+01,  8.08e+01)
85      0.130   2.72e-01   5.12e-01   4.54e-01   1.92e+00   0.00e+00 (  3.25e+01,  7.35e+01)
90      0.133   2.77e-01   5.08e-01   4.55e-01   2.17e+00   0.00e+00 (  3.04e+01,  6.69e+01)
95      1.873   4.33e+00   5.33e+00   3.64e+00   1.20e+02   0.00e+00 (  1.71e+03,  6.11e+01)
10 e: 2.310e-04 i: 9.864e-05 :: e: 1.418e-01 i: 1.459e-01 :: n: 2.762e+01 e:19.944 i:20.072 v:4.993e+03
>>> tau_he = 5.000000, nhe(0)=2.294594e+00
 5     -0.005   3.77e-03   2.41e-01   3.55e-03  -2.06e-02   0.00e+00 (  1.07e+00,  2.78e+01)
10     -0.003   9.96e-03   2.15e-02  -4.16e-04  -1.90e-02   0.00e+00 (  5.33e+00,  5.54e+01)
15     -0.014   6.93e-02   2.76e-02   8.76e-03  -9.19e-02   0.00e+00 (  4.36e+01,  8.25e+01)
20      0.002   1.02e-01   6.41e-02   2.22e-02   1.83e-02   0.00e+00 (  6.47e+01,  1.01e+02)
25      0.022   1.29e-01   1.10e-01   3.58e-02   1.92e-01   0.00e+00 (  7.52e+01,  1.16e+02)
30      0.034   1.60e-01   1.62e-01   7.08e-02   3.18e-01   0.00e+00 (  8.47e+01,  1.27e+02)
35      0.044   1.72e-01   1.81e-01   9.70e-02   4.52e-01   0.00e+00 (  8.18e+01,  1.34e+02)
40      0.053   1.95e-01   2.24e-01   1.30e-01   5.85e-01   0.00e+00 (  8.09e+01,  1.36e+02)
45      0.068   2.14e-01   2.77e-01   1.42e-01   7.90e-01   0.00e+00 (  7.72e+01,  1.34e+02)
50      0.080   2.29e-01   3.14e-01   1.57e-01   9.84e-01   0.00e+00 (  6.93e+01,  1.29e+02)
55      0.091   2.47e-01   3.80e-01   2.10e-01   1.16e+00   0.00e+00 (  6.45e+01,  1.22e+02)
60      0.099   2.56e-01   4.05e-01   2.55e-01   1.31e+00   0.00e+00 (  5.65e+01,  1.15e+02)
65      0.118   2.73e-01   4.51e-01   3.10e-01   1.61e+00   0.00e+00 (  5.00e+01,  1.06e+02)
70      0.123   2.76e-01   4.73e-01   3.66e-01   1.73e+00   0.00e+00 (  4.35e+01,  9.72e+01)
75      0.129   2.79e-01   4.92e-01   4.21e-01   1.84e+00   0.00e+00 (  3.87e+01,  8.88e+01)
80      0.132   2.80e-01   5.11e-01   4.58e-01   1.92e+00   0.00e+00 (  3.51e+01,  8.08e+01)
85      0.132   2.73e-01   5.14e-01   4.56e-01   1.95e+00   0.00e+00 (  3.21e+01,  7.35e+01)
90      0.136   2.79e-01   5.11e-01   4.57e-01   2.20e+00   0.00e+00 (  3.00e+01,  6.69e+01)
95      1.872   4.33e+00   5.32e+00   3.63e+00   1.20e+02   0.00e+00 (  1.70e+03,  6.11e+01)
11 e: 3.435e-05 i: 1.568e-04 :: e: 1.359e-01 i: 1.361e-01 :: n: 2.762e+01 e:19.562 i:19.880 v:4.993e+03
>>> tau_he = 5.000000, nhe(0)=2.263162e+00
 5     -0.005   3.64e-03   2.33e-01   3.51e-03  -1.98e-02   0.00e+00 (  1.03e+00,  2.78e+01)
10     -0.003   9.67e-03   2.13e-02  -4.34e-04  -1.84e-02   0.00e+00 (  5.13e+00,  5.54e+01)
15     -0.012   6.78e-02   2.81e-02   9.13e-03  -8.10e-02   0.00e+00 (  4.20e+01,  8.25e+01)
20      0.006   9.80e-02   6.51e-02   2.01e-02   4.70e-02   0.00e+00 (  6.10e+01,  1.01e+02)
25      0.023   1.26e-01   1.10e-01   3.72e-02   1.94e-01   0.00e+00 (  7.23e+01,  1.16e+02)
30      0.040   1.56e-01   1.58e-01   6.91e-02   3.81e-01   0.00e+00 (  8.14e+01,  1.27e+02)
35      0.044   1.70e-01   1.82e-01   9.90e-02   4.52e-01   0.00e+00 (  8.03e+01,  1.34e+02)
40      0.053   1.94e-01   2.27e-01   1.33e-01   5.86e-01   0.00e+00 (  8.00e+01,  1.36e+02)
45      0.067   2.14e-01   2.80e-01   1.45e-01   7.87e-01   0.00e+00 (  7.65e+01,  1.34e+02)
50      0.080   2.29e-01   3.19e-01   1.60e-01   9.84e-01   0.00e+00 (  6.93e+01,  1.29e+02)
55      0.090   2.47e-01   3.82e-01   2.12e-01   1.15e+00   0.00e+00 (  6.44e+01,  1.22e+02)
60      0.098   2.56e-01   4.10e-01   2.52e-01   1.29e+00   0.00e+00 (  5.66e+01,  1.15e+02)
65      0.118   2.74e-01   4.55e-01   3.12e-01   1.61e+00   0.00e+00 (  5.06e+01,  1.06e+02)
70      0.123   2.78e-01   4.77e-01   3.69e-01   1.72e+00   0.00e+00 (  4.42e+01,  9.72e+01)
75      0.128   2.80e-01   4.95e-01   4.23e-01   1.83e+00   0.00e+00 (  3.92e+01,  8.88e+01)
80      0.130   2.79e-01   5.10e-01   4.56e-01   1.89e+00   0.00e+00 (  3.53e+01,  8.08e+01)
85      0.129   2.70e-01   5.07e-01   4.51e-01   1.91e+00   0.00e+00 (  3.20e+01,  7.35e+01)
90      0.132   2.74e-01   4.99e-01   4.48e-01   2.15e+00   0.00e+00 (  2.96e+01,  6.69e+01)
95      1.873   4.33e+00   5.33e+00   3.64e+00   1.20e+02   0.00e+00 (  1.71e+03,  6.11e+01)
12 e: 1.305e-04 i: 4.615e-05 :: e: 1.222e-01 i: 1.205e-01 :: n: 2.762e+01 e:19.461 i:19.593 v:4.993e+03
>>> tau_he = 5.000000, nhe(0)=2.252392e+00
 5     -0.004   3.60e-03   2.31e-01   3.45e-03  -1.94e-02   0.00e+00 (  9.99e-01,  2.78e+01)
10     -0.003   8.95e-03   1.95e-02  -4.83e-04  -1.69e-02   0.00e+00 (  4.67e+00,  5.54e+01)
15     -0.010   6.56e-02   2.56e-02   9.15e-03  -6.79e-02   0.00e+00 (  3.97e+01,  8.25e+01)
20      0.008   9.49e-02   6.18e-02   2.00e-02   5.81e-02   0.00e+00 (  5.76e+01,  1.01e+02)
25      0.023   1.22e-01   1.05e-01   3.65e-02   1.94e-01   0.00e+00 (  6.87e+01,  1.16e+02)
30      0.040   1.52e-01   1.50e-01   6.67e-02   3.75e-01   0.00e+00 (  7.78e+01,  1.27e+02)
35      0.043   1.67e-01   1.74e-01   9.53e-02   4.42e-01   0.00e+00 (  7.72e+01,  1.34e+02)
40      0.052   1.90e-01   2.18e-01   1.26e-01   5.76e-01   0.00e+00 (  7.70e+01,  1.36e+02)
45      0.066   2.09e-01   2.67e-01   1.42e-01   7.65e-01   0.00e+00 (  7.34e+01,  1.34e+02)
50      0.078   2.24e-01   3.06e-01   1.55e-01   9.62e-01   0.00e+00 (  6.67e+01,  1.29e+02)
55      0.088   2.41e-01   3.68e-01   2.07e-01   1.13e+00   0.00e+00 (  6.19e+01,  1.22e+02)
60      0.097   2.51e-01   3.99e-01   2.45e-01   1.28e+00   0.00e+00 (  5.47e+01,  1.15e+02)
65      0.117   2.71e-01   4.47e-01   3.07e-01   1.60e+00   0.00e+00 (  4.93e+01,  1.06e+02)
70      0.124   2.76e-01   4.73e-01   3.66e-01   1.73e+00   0.00e+00 (  4.34e+01,  9.72e+01)
75      0.129   2.80e-01   4.94e-01   4.23e-01   1.85e+00   0.00e+00 (  3.88e+01,  8.88e+01)
80      0.132   2.80e-01   5.12e-01   4.58e-01   1.92e+00   0.00e+00 (  3.51e+01,  8.08e+01)
85      0.131   2.72e-01   5.11e-01   4.54e-01   1.94e+00   0.00e+00 (  3.17e+01,  7.35e+01)
90      0.135   2.77e-01   5.04e-01   4.52e-01   2.19e+00   0.00e+00 (  2.94e+01,  6.69e+01)
95      1.871   4.33e+00   5.32e+00   3.63e+00   1.20e+02   0.00e+00 (  1.70e+03,  6.11e+01)
13 e: 1.949e-05 i: 7.699e-05 :: e: 1.146e-01 i: 1.128e-01 :: n: 2.762e+01 e:19.178 i:19.494 v:4.993e+03
>>> tau_he = 5.000000, nhe(0)=2.229950e+00
 5     -0.004   3.51e-03   2.25e-01   3.43e-03  -1.89e-02   0.00e+00 (  9.72e-01,  2.78e+01)
10     -0.003   8.83e-03   1.96e-02  -4.91e-04  -1.66e-02   0.00e+00 (  4.58e+00,  5.54e+01)
15     -0.008   6.37e-02   2.66e-02   9.42e-03  -5.52e-02   0.00e+00 (  3.82e+01,  8.25e+01)
20      0.008   9.32e-02   6.28e-02   2.11e-02   6.45e-02   0.00e+00 (  5.60e+01,  1.01e+02)
25      0.029   1.19e-01   1.03e-01   3.61e-02   2.47e-01   0.00e+00 (  6.62e+01,  1.16e+02)
30      0.040   1.51e-01   1.51e-01   6.84e-02   3.74e-01   0.00e+00 (  7.68e+01,  1.27e+02)
35      0.043   1.67e-01   1.77e-01   9.71e-02   4.42e-01   0.00e+00 (  7.68e+01,  1.34e+02)
40      0.053   1.90e-01   2.21e-01   1.28e-01   5.78e-01   0.00e+00 (  7.71e+01,  1.36e+02)
45      0.066   2.09e-01   2.71e-01   1.44e-01   7.66e-01   0.00e+00 (  7.37e+01,  1.34e+02)
50      0.079   2.26e-01   3.12e-01   1.57e-01   9.67e-01   0.00e+00 (  6.74e+01,  1.29e+02)
55      0.088   2.43e-01   3.73e-01   2.10e-01   1.13e+00   0.00e+00 (  6.25e+01,  1.22e+02)
60      0.096   2.53e-01   4.03e-01   2.48e-01   1.28e+00   0.00e+00 (  5.54e+01,  1.15e+02)
65      0.117   2.73e-01   4.53e-01   3.11e-01   1.60e+00   0.00e+00 (  5.02e+01,  1.06e+02)
70      0.123   2.78e-01   4.79e-01   3.70e-01   1.73e+00   0.00e+00 (  4.43e+01,  9.72e+01)
75      0.128   2.81e-01   4.98e-01   4.25e-01   1.84e+00   0.00e+00 (  3.95e+01,  8.88e+01)
80      0.130   2.80e-01   5.12e-01   4.58e-01   1.90e+00   0.00e+00 (  3.55e+01,  8.08e+01)
85      0.129   2.69e-01   5.06e-01   4.49e-01   1.91e+00   0.00e+00 (  3.17e+01,  7.35e+01)
90      0.132   2.73e-01   4.96e-01   4.45e-01   2.14e+00   0.00e+00 (  2.92e+01,  6.69e+01)
95      1.873   4.33e+00   5.33e+00   3.64e+00   1.20e+02   0.00e+00 (  1.71e+03,  6.11e+01)
14 e: 6.713e-05 i: 2.450e-05 :: e: 1.025e-01 i: 9.951e-02 :: n: 2.762e+01 e:19.160 i:19.294 v:4.993e+03
>>> tau_he = 5.000000, nhe(0)=2.227353e+00
 5     -0.004   3.50e-03   2.25e-01   3.39e-03  -1.87e-02   0.00e+00 (  9.59e-01,  2.78e+01)
10     -0.003   8.29e-03   1.82e-02  -5.28e-04  -1.54e-02   0.00e+00 (  4.25e+00,  5.54e+01)
15     -0.007   6.21e-02   2.45e-02   9.36e-03  -4.67e-02   0.00e+00 (  3.66e+01,  8.25e+01)
20      0.009   9.12e-02   6.00e-02   2.07e-02   7.12e-02   0.00e+00 (  5.38e+01,  1.01e+02)
25      0.026   1.16e-01   9.84e-02   3.49e-02   2.22e-01   0.00e+00 (  6.39e+01,  1.16e+02)
30      0.039   1.49e-01   1.45e-01   6.59e-02   3.68e-01   0.00e+00 (  7.44e+01,  1.27e+02)
35      0.043   1.64e-01   1.70e-01   9.37e-02   4.37e-01   0.00e+00 (  7.46e+01,  1.34e+02)
40      0.052   1.87e-01   2.14e-01   1.21e-01   5.70e-01   0.00e+00 (  7.50e+01,  1.36e+02)
45      0.069   2.08e-01   2.59e-01   1.41e-01   8.08e-01   0.00e+00 (  7.25e+01,  1.34e+02)
50      0.078   2.22e-01   3.02e-01   1.54e-01   9.52e-01   0.00e+00 (  6.57e+01,  1.29e+02)
55      0.089   2.40e-01   3.62e-01   2.07e-01   1.14e+00   0.00e+00 (  6.13e+01,  1.22e+02)
60      0.096   2.49e-01   3.94e-01   2.43e-01   1.27e+00   0.00e+00 (  5.41e+01,  1.15e+02)
65      0.117   2.71e-01   4.47e-01   3.07e-01   1.61e+00   0.00e+00 (  4.94e+01,  1.06e+02)
70      0.124   2.78e-01   4.77e-01   3.68e-01   1.74e+00   0.00e+00 (  4.38e+01,  9.72e+01)
75      0.130   2.82e-01   4.99e-01   4.26e-01   1.86e+00   0.00e+00 (  3.93e+01,  8.88e+01)
80      0.133   2.82e-01   5.15e-01   4.61e-01   1.93e+00   0.00e+00 (  3.54e+01,  8.08e+01)
85      0.132   2.72e-01   5.12e-01   4.54e-01   1.95e+00   0.00e+00 (  3.17e+01,  7.35e+01)
90      0.135   2.77e-01   5.03e-01   4.50e-01   2.19e+00   0.00e+00 (  2.92e+01,  6.69e+01)
95      1.871   4.33e+00   5.32e+00   3.63e+00   1.20e+02   0.00e+00 (  1.70e+03,  6.11e+01)
15 e: 2.506e-05 i: 3.328e-05 :: e: 9.422e-02 i: 9.234e-02 :: n: 2.762e+01 e:18.959 i:19.269 v:4.993e+03
>>> tau_he = 5.000000, nhe(0)=2.212539e+00
 5     -0.004   3.44e-03   2.21e-01   3.38e-03  -1.84e-02   0.00e+00 (  9.43e-01,  2.78e+01)
10     -0.003   8.80e-03   1.83e-02  -4.49e-04  -1.41e-02   0.00e+00 (  4.50e+00,  5.54e+01)
15     -0.007   6.18e-02   2.54e-02   9.60e-03  -4.34e-02   0.00e+00 (  3.63e+01,  8.25e+01)
20      0.003   8.75e-02   6.36e-02   2.07e-02   2.06e-02   0.00e+00 (  5.14e+01,  1.01e+02)
25      0.026   1.16e-01   9.96e-02   3.57e-02   2.23e-01   0.00e+00 (  6.35e+01,  1.16e+02)
30      0.039   1.48e-01   1.47e-01   6.75e-02   3.68e-01   0.00e+00 (  7.41e+01,  1.27e+02)
35      0.043   1.65e-01   1.73e-01   9.55e-02   4.38e-01   0.00e+00 (  7.50e+01,  1.34e+02)
40      0.052   1.89e-01   2.18e-01   1.23e-01   5.73e-01   0.00e+00 (  7.57e+01,  1.36e+02)
45      0.070   2.10e-01   2.64e-01   1.43e-01   8.14e-01   0.00e+00 (  7.35e+01,  1.34e+02)
50      0.078   2.25e-01   3.09e-01   1.57e-01   9.61e-01   0.00e+00 (  6.70e+01,  1.29e+02)
55      0.089   2.43e-01   3.68e-01   2.10e-01   1.14e+00   0.00e+00 (  6.25e+01,  1.22e+02)
60      0.096   2.52e-01   4.00e-01   2.46e-01   1.27e+00   0.00e+00 (  5.53e+01,  1.15e+02)
65      0.118   2.75e-01   4.55e-01   3.12e-01   1.61e+00   0.00e+00 (  5.07e+01,  1.06e+02)
70      0.125   2.81e-01   4.83e-01   3.73e-01   1.75e+00   0.00e+00 (  4.49e+01,  9.72e+01)
75      0.130   2.85e-01   5.04e-01   4.30e-01   1.86e+00   0.00e+00 (  4.01e+01,  8.88e+01)
80      0.132   2.83e-01   5.17e-01   4.62e-01   1.92e+00   0.00e+00 (  3.60e+01,  8.08e+01)
85      0.130   2.71e-01   5.09e-01   4.52e-01   1.92e+00   0.00e+00 (  3.19e+01,  7.35e+01)
90      0.132   2.74e-01   4.97e-01   4.46e-01   2.15e+00   0.00e+00 (  2.92e+01,  6.69e+01)
95      1.872   4.33e+00   5.33e+00   3.63e+00   1.20e+02   0.00e+00 (  1.70e+03,  6.11e+01)
16 e: 3.150e-05 i: 2.424e-05 :: e: 8.123e-02 i: 7.949e-02 :: n: 2.762e+01 e:19.005 i:19.140 v:4.993e+03
>>> tau_he = 5.000000, nhe(0)=2.216297e+00
 5     -0.004   3.46e-03   2.22e-01   3.36e-03  -1.83e-02   0.00e+00 (  9.39e-01,  2.78e+01)
10     -0.002   8.37e-03   1.71e-02  -4.84e-04  -1.33e-02   0.00e+00 (  4.24e+00,  5.54e+01)
15      0.002   5.94e-02   2.09e-02   9.87e-03   1.58e-02   0.00e+00 (  3.45e+01,  8.25e+01)
20      0.003   8.64e-02   6.10e-02   2.02e-02   2.57e-02   0.00e+00 (  5.02e+01,  1.01e+02)
25      0.026   1.14e-01   9.58e-02   3.47e-02   2.21e-01   0.00e+00 (  6.21e+01,  1.16e+02)
30      0.039   1.47e-01   1.41e-01   6.51e-02   3.64e-01   0.00e+00 (  7.25e+01,  1.27e+02)
35      0.042   1.63e-01   1.67e-01   9.24e-02   4.33e-01   0.00e+00 (  7.35e+01,  1.34e+02)
40      0.051   1.87e-01   2.11e-01   1.17e-01   5.66e-01   0.00e+00 (  7.44e+01,  1.36e+02)
45      0.069   2.07e-01   2.55e-01   1.41e-01   7.99e-01   0.00e+00 (  7.19e+01,  1.34e+02)
50      0.078   2.22e-01   3.01e-01   1.54e-01   9.51e-01   0.00e+00 (  6.58e+01,  1.29e+02)
55      0.089   2.40e-01   3.60e-01   2.06e-01   1.13e+00   0.00e+00 (  6.13e+01,  1.22e+02)
60      0.095   2.50e-01   3.93e-01   2.42e-01   1.27e+00   0.00e+00 (  5.45e+01,  1.15e+02)
65      0.119   2.74e-01   4.51e-01   3.10e-01   1.62e+00   0.00e+00 (  5.02e+01,  1.06e+02)
70      0.126   2.81e-01   4.83e-01   3.73e-01   1.77e+00   0.00e+00 (  4.47e+01,  9.72e+01)
75      0.132   2.86e-01   5.06e-01   4.32e-01   1.89e+00   0.00e+00 (  4.01e+01,  8.88e+01)
80      0.134   2.85e-01   5.23e-01   4.67e-01   1.96e+00   0.00e+00 (  3.61e+01,  8.08e+01)
85      0.133   2.74e-01   5.17e-01   4.59e-01   1.97e+00   0.00e+00 (  3.21e+01,  7.35e+01)
90      0.135   2.78e-01   5.06e-01   4.53e-01   2.20e+00   0.00e+00 (  2.93e+01,  6.69e+01)
95      1.871   4.33e+00   5.32e+00   3.63e+00   1.20e+02   0.00e+00 (  1.70e+03,  6.11e+01)
17 e: 3.960e-05 i: 1.214e-05 :: e: 7.328e-02 i: 7.268e-02 :: n: 2.762e+01 e:18.868 i:19.171 v:4.993e+03
>>> tau_he = 5.000000, nhe(0)=2.207519e+00
 5     -0.004   3.43e-03   2.20e-01   3.36e-03  -1.81e-02   0.00e+00 (  9.32e-01,  2.78e+01)
10     -0.002   8.46e-03   1.75e-02  -4.81e-04  -1.34e-02   0.00e+00 (  4.29e+00,  5.54e+01)
15      0.003   5.96e-02   2.19e-02   9.83e-03   2.23e-02   0.00e+00 (  3.46e+01,  8.25e+01)
20      0.004   8.64e-02   6.24e-02   2.09e-02   2.70e-02   0.00e+00 (  5.02e+01,  1.01e+02)
25      0.026   1.15e-01   9.74e-02   3.55e-02   2.21e-01   0.00e+00 (  6.24e+01,  1.16e+02)
30      0.039   1.47e-01   1.44e-01   6.66e-02   3.65e-01   0.00e+00 (  7.31e+01,  1.27e+02)
35      0.042   1.64e-01   1.70e-01   9.42e-02   4.35e-01   0.00e+00 (  7.45e+01,  1.34e+02)
40      0.052   1.89e-01   2.16e-01   1.20e-01   5.69e-01   0.00e+00 (  7.57e+01,  1.36e+02)
45      0.069   2.10e-01   2.62e-01   1.44e-01   8.09e-01   0.00e+00 (  7.35e+01,  1.34e+02)
50      0.078   2.26e-01   3.09e-01   1.57e-01   9.62e-01   0.00e+00 (  6.76e+01,  1.29e+02)
55      0.089   2.44e-01   3.67e-01   2.10e-01   1.14e+00   0.00e+00 (  6.29e+01,  1.22e+02)
60      0.096   2.54e-01   4.00e-01   2.47e-01   1.27e+00   0.00e+00 (  5.60e+01,  1.15e+02)
65      0.120   2.79e-01   4.61e-01   3.16e-01   1.63e+00   0.00e+00 (  5.18e+01,  1.06e+02)
70      0.127   2.86e-01   4.91e-01   3.79e-01   1.77e+00   0.00e+00 (  4.60e+01,  9.72e+01)
75      0.132   2.90e-01   5.13e-01   4.37e-01   1.89e+00   0.00e+00 (  4.12e+01,  8.88e+01)
80      0.134   2.87e-01   5.26e-01   4.69e-01   1.95e+00   0.00e+00 (  3.69e+01,  8.08e+01)
85      0.131   2.74e-01   5.17e-01   4.58e-01   1.95e+00   0.00e+00 (  3.25e+01,  7.35e+01)
90      0.134   2.76e-01   5.03e-01   4.51e-01   2.18e+00   0.00e+00 (  2.95e+01,  6.69e+01)
95      1.872   4.33e+00   5.32e+00   3.63e+00   1.20e+02   0.00e+00 (  1.70e+03,  6.11e+01)
18 e: 1.340e-05 i: 3.272e-05 :: e: 6.064e-02 i: 5.907e-02 :: n: 2.762e+01 e:18.963 i:19.095 v:4.993e+03
>>> tau_he = 5.000000, nhe(0)=2.216269e+00
 5     -0.004   3.46e-03   2.22e-01   3.35e-03  -1.81e-02   0.00e+00 (  9.35e-01,  2.78e+01)
10     -0.011   1.16e-02   5.55e-02  -2.77e-03  -5.84e-02   0.00e+00 (  5.84e+00,  5.54e+01)
15      0.004   5.90e-02   2.02e-02   9.65e-03   2.49e-02   0.00e+00 (  3.40e+01,  8.25e+01)
20      0.004   8.57e-02   6.02e-02   2.03e-02   3.02e-02   0.00e+00 (  4.94e+01,  1.01e+02)
25      0.026   1.14e-01   9.42e-02   3.44e-02   2.20e-01   0.00e+00 (  6.15e+01,  1.16e+02)
30      0.038   1.47e-01   1.39e-01   6.43e-02   3.62e-01   0.00e+00 (  7.21e+01,  1.27e+02)
35      0.042   1.63e-01   1.66e-01   9.12e-02   4.31e-01   0.00e+00 (  7.36e+01,  1.34e+02)
40      0.051   1.87e-01   2.10e-01   1.15e-01   5.64e-01   0.00e+00 (  7.48e+01,  1.36e+02)
45      0.068   2.08e-01   2.54e-01   1.42e-01   7.97e-01   0.00e+00 (  7.25e+01,  1.34e+02)
50      0.078   2.24e-01   3.02e-01   1.54e-01   9.55e-01   0.00e+00 (  6.69e+01,  1.29e+02)
55      0.089   2.42e-01   3.61e-01   2.06e-01   1.14e+00   0.00e+00 (  6.23e+01,  1.22e+02)
60      0.096   2.52e-01   3.95e-01   2.44e-01   1.27e+00   0.00e+00 (  5.55e+01,  1.15e+02)
65      0.120   2.79e-01   4.59e-01   3.15e-01   1.65e+00   0.00e+00 (  5.16e+01,  1.06e+02)
70      0.128   2.87e-01   4.92e-01   3.80e-01   1.80e+00   0.00e+00 (  4.61e+01,  9.72e+01)
75      0.134   2.92e-01   5.17e-01   4.40e-01   1.92e+00   0.00e+00 (  4.14e+01,  8.88e+01)
80      0.137   2.91e-01   5.34e-01   4.76e-01   1.99e+00   0.00e+00 (  3.72e+01,  8.08e+01)
85      0.135   2.78e-01   5.27e-01   4.67e-01   2.00e+00   0.00e+00 (  3.29e+01,  7.35e+01)
90      0.137   2.81e-01   5.15e-01   4.60e-01   2.23e+00   0.00e+00 (  2.99e+01,  6.69e+01)
95      1.871   4.33e+00   5.32e+00   3.63e+00   1.20e+02   0.00e+00 (  1.70e+03,  6.11e+01)
19 e: 5.551e-05 i: 2.279e-05 :: e: 5.373e-02 i: 5.639e-02 :: n: 2.762e+01 e:18.873 i:19.171 v:4.993e+03
>>> tau_he = 5.000000, nhe(0)=2.208132e+00
 5     -0.004   3.44e-03   2.22e-01   3.37e-03  -1.79e-02   0.00e+00 (  9.32e-01,  2.78e+01)
10     -0.011   1.14e-02   5.65e-02  -2.73e-03  -5.82e-02   0.00e+00 (  5.73e+00,  5.54e+01)
15      0.004   5.91e-02   2.05e-02   9.74e-03   2.57e-02   0.00e+00 (  3.41e+01,  8.25e+01)
20      0.004   8.61e-02   6.15e-02   2.09e-02   2.97e-02   0.00e+00 (  4.98e+01,  1.01e+02)
25      0.026   1.15e-01   9.60e-02   3.52e-02   2.20e-01   0.00e+00 (  6.22e+01,  1.16e+02)
30      0.038   1.48e-01   1.42e-01   6.58e-02   3.63e-01   0.00e+00 (  7.32e+01,  1.27e+02)
35      0.042   1.65e-01   1.69e-01   9.31e-02   4.33e-01   0.00e+00 (  7.50e+01,  1.34e+02)
40      0.052   1.90e-01   2.15e-01   1.17e-01   5.68e-01   0.00e+00 (  7.65e+01,  1.36e+02)
45      0.069   2.11e-01   2.61e-01   1.44e-01   8.08e-01   0.00e+00 (  7.44e+01,  1.34e+02)
50      0.079   2.28e-01   3.11e-01   1.58e-01   9.68e-01   0.00e+00 (  6.90e+01,  1.29e+02)
55      0.088   2.45e-01   3.69e-01   2.09e-01   1.12e+00   0.00e+00 (  6.37e+01,  1.22e+02)
60      0.096   2.57e-01   4.04e-01   2.48e-01   1.28e+00   0.00e+00 (  5.73e+01,  1.15e+02)
65      0.122   2.84e-01   4.70e-01   3.22e-01   1.66e+00   0.00e+00 (  5.34e+01,  1.06e+02)
70      0.129   2.92e-01   5.02e-01   3.86e-01   1.81e+00   0.00e+00 (  4.76e+01,  9.72e+01)
75      0.135   2.96e-01   5.25e-01   4.46e-01   1.93e+00   0.00e+00 (  4.26e+01,  8.88e+01)
80      0.136   2.94e-01   5.39e-01   4.80e-01   1.99e+00   0.00e+00 (  3.81e+01,  8.08e+01)
85      0.134   2.79e-01   5.29e-01   4.68e-01   1.98e+00   0.00e+00 (  3.34e+01,  7.35e+01)
90      0.136   2.80e-01   5.13e-01   4.59e-01   2.21e+00   0.00e+00 (  3.02e+01,  6.69e+01)
95      1.872   4.33e+00   5.32e+00   3.63e+00   1.20e+02   0.00e+00 (  1.70e+03,  6.11e+01)
20 e: 9.340e-06 i: 5.236e-05 :: e: 4.170e-02 i: 4.321e-02 :: n: 2.762e+01 e:19.000 i:19.101 v:4.993e+03
>>> tau_he = 5.000000, nhe(0)=2.216680e+00
 5     -0.004   3.47e-03   2.25e-01   3.37e-03  -1.79e-02   0.00e+00 (  9.36e-01,  2.78e+01)
10     -0.009   9.99e-03   4.88e-02  -2.57e-03  -5.12e-02   0.00e+00 (  4.99e+00,  5.54e+01)
15      0.004   5.83e-02   1.80e-02   9.51e-03   2.80e-02   0.00e+00 (  3.33e+01,  8.25e+01)
20      0.004   8.55e-02   5.91e-02   2.03e-02   3.26e-02   0.00e+00 (  4.91e+01,  1.01e+02)
25      0.026   1.14e-01   9.29e-02   3.41e-02   2.19e-01   0.00e+00 (  6.15e+01,  1.16e+02)
30      0.038   1.47e-01   1.38e-01   6.35e-02   3.61e-01   0.00e+00 (  7.25e+01,  1.27e+02)
35      0.042   1.64e-01   1.65e-01   9.02e-02   4.30e-01   0.00e+00 (  7.44e+01,  1.34e+02)
40      0.051   1.89e-01   2.10e-01   1.12e-01   5.63e-01   0.00e+00 (  7.59e+01,  1.36e+02)
45      0.068   2.10e-01   2.54e-01   1.42e-01   7.99e-01   0.00e+00 (  7.37e+01,  1.34e+02)
50      0.079   2.27e-01   3.05e-01   1.55e-01   9.63e-01   0.00e+00 (  6.85e+01,  1.29e+02)
55      0.089   2.46e-01   3.63e-01   2.07e-01   1.14e+00   0.00e+00 (  6.38e+01,  1.22e+02)
60      0.097   2.56e-01   3.99e-01   2.46e-01   1.28e+00   0.00e+00 (  5.71e+01,  1.15e+02)
65      0.123   2.85e-01   4.69e-01   3.21e-01   1.68e+00   0.00e+00 (  5.34e+01,  1.06e+02)
70      0.131   2.93e-01   5.04e-01   3.88e-01   1.83e+00   0.00e+00 (  4.77e+01,  9.72e+01)
75      0.137   2.99e-01   5.30e-01   4.50e-01   1.96e+00   0.00e+00 (  4.29e+01,  8.88e+01)
80      0.140   2.98e-01   5.48e-01   4.87e-01   2.03e+00   0.00e+00 (  3.86e+01,  8.08e+01)
85      0.137   2.84e-01   5.40e-01   4.78e-01   2.03e+00   0.00e+00 (  3.39e+01,  7.35e+01)
90      0.140   2.86e-01   5.27e-01   4.70e-01   2.27e+00   0.00e+00 (  3.07e+01,  6.69e+01)
95      1.870   4.32e+00   5.32e+00   3.63e+00   1.19e+02   0.00e+00 (  1.70e+03,  6.11e+01)
21 e: 6.287e-05 i: 9.340e-06 :: e: 3.449e-02 i: 3.665e-02 :: n: 2.762e+01 e:18.923 i:19.174 v:4.993e+03
>>> tau_he = 5.000000, nhe(0)=2.212053e+00
 5     -0.004   3.46e-03   2.25e-01   3.39e-03  -1.78e-02   0.00e+00 (  9.35e-01,  2.78e+01)
10     -0.009   9.84e-03   4.89e-02  -2.55e-03  -5.08e-02   0.00e+00 (  4.91e+00,  5.54e+01)
15      0.005   5.92e-02   1.92e-02   8.61e-03   3.14e-02   0.00e+00 (  3.39e+01,  8.25e+01)
20      0.004   8.60e-02   6.06e-02   2.08e-02   3.24e-02   0.00e+00 (  4.96e+01,  1.01e+02)
25      0.026   1.15e-01   9.48e-02   3.49e-02   2.20e-01   0.00e+00 (  6.23e+01,  1.16e+02)
30      0.038   1.49e-01   1.41e-01   6.50e-02   3.63e-01   0.00e+00 (  7.37e+01,  1.27e+02)
35      0.042   1.66e-01   1.68e-01   9.22e-02   4.33e-01   0.00e+00 (  7.59e+01,  1.34e+02)
40      0.052   1.92e-01   2.15e-01   1.15e-01   5.68e-01   0.00e+00 (  7.78e+01,  1.36e+02)
45      0.070   2.14e-01   2.62e-01   1.45e-01   8.12e-01   0.00e+00 (  7.58e+01,  1.34e+02)
50      0.080   2.32e-01   3.14e-01   1.58e-01   9.77e-01   0.00e+00 (  7.08e+01,  1.29e+02)
55      0.088   2.48e-01   3.73e-01   2.10e-01   1.13e+00   0.00e+00 (  6.55e+01,  1.22e+02)
60      0.097   2.61e-01   4.08e-01   2.51e-01   1.29e+00   0.00e+00 (  5.91e+01,  1.15e+02)
65      0.124   2.90e-01   4.80e-01   3.28e-01   1.69e+00   0.00e+00 (  5.53e+01,  1.06e+02)
70      0.132   2.99e-01   5.14e-01   3.95e-01   1.85e+00   0.00e+00 (  4.94e+01,  9.72e+01)
75      0.138   3.03e-01   5.39e-01   4.56e-01   1.97e+00   0.00e+00 (  4.43e+01,  8.88e+01)
80      0.139   3.01e-01   5.54e-01   4.91e-01   2.03e+00   0.00e+00 (  3.96e+01,  8.08e+01)
85      0.137   2.85e-01   5.43e-01   4.80e-01   2.02e+00   0.00e+00 (  3.46e+01,  7.35e+01)
90      0.139   2.85e-01   5.27e-01   4.71e-01   2.25e+00   0.00e+00 (  3.11e+01,  6.69e+01)
95      1.871   4.32e+00   5.32e+00   3.63e+00   1.20e+02   0.00e+00 (  1.71e+03,  6.11e+01)
22 e: 4.471e-06 i: 4.846e-05 :: e: 2.384e-02 i: 2.453e-02 :: n: 2.762e+01 e:19.059 i:19.135 v:4.993e+03
>>> tau_he = 5.000000, nhe(0)=2.223409e+00
 5     -0.004   3.51e-03   2.28e-01   3.39e-03  -1.79e-02   0.00e+00 (  9.43e-01,  2.78e+01)
10     -0.009   9.77e-03   4.92e-02  -2.48e-03  -4.97e-02   0.00e+00 (  4.85e+00,  5.54e+01)
15      0.005   5.87e-02   1.69e-02   8.84e-03   3.30e-02   0.00e+00 (  3.34e+01,  8.25e+01)
20      0.005   8.57e-02   5.85e-02   2.02e-02   3.44e-02   0.00e+00 (  4.92e+01,  1.01e+02)
25      0.026   1.14e-01   9.21e-02   3.39e-02   2.19e-01   0.00e+00 (  6.19e+01,  1.16e+02)
30      0.038   1.48e-01   1.37e-01   6.29e-02   3.61e-01   0.00e+00 (  7.32e+01,  1.27e+02)
35      0.042   1.66e-01   1.64e-01   8.95e-02   4.30e-01   0.00e+00 (  7.55e+01,  1.34e+02)
40      0.051   1.91e-01   2.10e-01   1.11e-01   5.64e-01   0.00e+00 (  7.74e+01,  1.36e+02)
45      0.069   2.12e-01   2.55e-01   1.43e-01   8.03e-01   0.00e+00 (  7.52e+01,  1.34e+02)
50      0.079   2.31e-01   3.08e-01   1.57e-01   9.74e-01   0.00e+00 (  7.05e+01,  1.29e+02)
55      0.088   2.48e-01   3.67e-01   2.08e-01   1.13e+00   0.00e+00 (  6.52e+01,  1.22e+02)
60      0.098   2.61e-01   4.01e-01   2.51e-01   1.30e+00   0.00e+00 (  5.90e+01,  1.15e+02)
65      0.125   2.91e-01   4.79e-01   3.28e-01   1.71e+00   0.00e+00 (  5.54e+01,  1.06e+02)
70      0.133   3.00e-01   5.16e-01   3.96e-01   1.87e+00   0.00e+00 (  4.96e+01,  9.72e+01)
75      0.140   3.07e-01   5.44e-01   4.61e-01   2.01e+00   0.00e+00 (  4.47e+01,  8.88e+01)
80      0.143   3.05e-01   5.63e-01   4.99e-01   2.08e+00   0.00e+00 (  4.01e+01,  8.08e+01)
85      0.140   2.90e-01   5.55e-01   4.89e-01   2.07e+00   0.00e+00 (  3.52e+01,  7.35e+01)
90      0.142   2.91e-01   5.41e-01   4.82e-01   2.31e+00   0.00e+00 (  3.17e+01,  6.69e+01)
95      1.870   4.32e+00   5.31e+00   3.63e+00   1.19e+02   0.00e+00 (  1.70e+03,  6.11e+01)
23 e: 6.775e-05 i: 5.233e-06 :: e: 1.841e-02 i: 2.129e-02 :: n: 2.762e+01 e:19.005 i:19.233 v:4.993e+03
>>> tau_he = 5.000000, nhe(0)=2.221172e+00
 5     -0.004   3.51e-03   2.29e-01   3.41e-03  -1.78e-02   0.00e+00 (  9.46e-01,  2.78e+01)
10     -0.009   9.68e-03   4.94e-02  -2.46e-03  -4.98e-02   0.00e+00 (  4.82e+00,  5.54e+01)
15      0.005   5.93e-02   1.79e-02   8.57e-03   3.34e-02   0.00e+00 (  3.39e+01,  8.25e+01)
20      0.004   8.64e-02   6.00e-02   2.07e-02   3.37e-02   0.00e+00 (  4.98e+01,  1.01e+02)
25      0.026   1.15e-01   9.43e-02   3.46e-02   2.20e-01   0.00e+00 (  6.29e+01,  1.16e+02)
30      0.038   1.50e-01   1.40e-01   6.44e-02   3.64e-01   0.00e+00 (  7.46e+01,  1.27e+02)
35      0.042   1.68e-01   1.68e-01   9.14e-02   4.34e-01   0.00e+00 (  7.72e+01,  1.34e+02)
40      0.052   1.94e-01   2.15e-01   1.14e-01   5.69e-01   0.00e+00 (  7.94e+01,  1.36e+02)
45      0.070   2.16e-01   2.63e-01   1.46e-01   8.17e-01   0.00e+00 (  7.75e+01,  1.34e+02)
50      0.081   2.36e-01   3.17e-01   1.60e-01   9.89e-01   0.00e+00 (  7.29e+01,  1.29e+02)
55      0.089   2.53e-01   3.77e-01   2.12e-01   1.14e+00   0.00e+00 (  6.75e+01,  1.22e+02)
60      0.099   2.67e-01   4.11e-01   2.56e-01   1.31e+00   0.00e+00 (  6.11e+01,  1.15e+02)
65      0.126   2.97e-01   4.91e-01   3.36e-01   1.73e+00   0.00e+00 (  5.74e+01,  1.06e+02)
70      0.134   3.06e-01   5.27e-01   4.04e-01   1.88e+00   0.00e+00 (  5.13e+01,  9.72e+01)
75      0.141   3.11e-01   5.53e-01   4.67e-01   2.01e+00   0.00e+00 (  4.61e+01,  8.88e+01)
80      0.143   3.09e-01   5.70e-01   5.04e-01   2.08e+00   0.00e+00 (  4.13e+01,  8.08e+01)
85      0.140   2.92e-01   5.59e-01   4.92e-01   2.07e+00   0.00e+00 (  3.60e+01,  7.35e+01)
90      0.141   2.91e-01   5.42e-01   4.83e-01   2.30e+00   0.00e+00 (  3.22e+01,  6.69e+01)
95      1.871   4.32e+00   5.32e+00   3.63e+00   1.20e+02   0.00e+00 (  1.71e+03,  6.11e+01)
24 e: 2.474e-06 i: 4.861e-05 :: e: 8.715e-03 i: 1.029e-02 :: n: 2.762e+01 e:19.155 i:19.215 v:4.993e+03
>>> tau_he = 5.000000, nhe(0)=2.233982e+00
 5     -0.004   3.56e-03   2.33e-01   3.42e-03  -1.79e-02   0.00e+00 (  9.57e-01,  2.78e+01)
10     -0.009   9.66e-03   4.97e-02  -2.40e-03  -4.89e-02   0.00e+00 (  4.79e+00,  5.54e+01)
15      0.004   5.98e-02   1.50e-02   7.53e-03   2.77e-02   0.00e+00 (  3.40e+01,  8.25e+01)
20      0.005   8.63e-02   5.82e-02   2.01e-02   3.51e-02   0.00e+00 (  4.96e+01,  1.01e+02)
25      0.026   1.15e-01   9.18e-02   3.37e-02   2.19e-01   0.00e+00 (  6.26e+01,  1.16e+02)
30      0.038   1.50e-01   1.37e-01   6.24e-02   3.62e-01   0.00e+00 (  7.43e+01,  1.27e+02)
35      0.043   1.68e-01   1.64e-01   8.91e-02   4.41e-01   0.00e+00 (  7.70e+01,  1.34e+02)
40      0.051   1.94e-01   2.11e-01   1.10e-01   5.66e-01   0.00e+00 (  7.91e+01,  1.36e+02)
45      0.069   2.15e-01   2.57e-01   1.44e-01   8.10e-01   0.00e+00 (  7.71e+01,  1.34e+02)
50      0.080   2.35e-01   3.11e-01   1.58e-01   9.85e-01   0.00e+00 (  7.26e+01,  1.29e+02)
55      0.089   2.52e-01   3.72e-01   2.09e-01   1.14e+00   0.00e+00 (  6.73e+01,  1.22e+02)
60      0.099   2.67e-01   4.08e-01   2.55e-01   1.32e+00   0.00e+00 (  6.11e+01,  1.15e+02)
65      0.128   2.98e-01   4.90e-01   3.36e-01   1.75e+00   0.00e+00 (  5.75e+01,  1.06e+02)
70      0.136   3.08e-01   5.29e-01   4.05e-01   1.91e+00   0.00e+00 (  5.15e+01,  9.72e+01)
75      0.143   3.14e-01   5.58e-01   4.71e-01   2.05e+00   0.00e+00 (  4.65e+01,  8.88e+01)
80      0.146   3.13e-01   5.78e-01   5.11e-01   2.13e+00   0.00e+00 (  4.18e+01,  8.08e+01)
85      0.143   2.97e-01   5.71e-01   5.02e-01   2.12e+00   0.00e+00 (  3.66e+01,  7.35e+01)
90      0.146   2.99e-01   5.61e-01   5.01e-01   2.38e+00   0.00e+00 (  3.31e+01,  6.69e+01)
95      1.869   4.32e+00   5.31e+00   3.63e+00   1.19e+02   0.00e+00 (  1.71e+03,  6.11e+01)
25 e: 6.782e-05 i: 3.548e-06 :: e: 5.545e-03 i: 1.059e-02 :: n: 2.762e+01 e:19.115 i:19.327 v:4.993e+03
>>> tau_he = 5.000000, nhe(0)=2.233185e+00
 5     -0.004   3.56e-03   2.34e-01   3.45e-03  -1.79e-02   0.00e+00 (  9.62e-01,  2.78e+01)
10     -0.009   9.62e-03   5.01e-02  -2.40e-03  -4.92e-02   0.00e+00 (  4.79e+00,  5.54e+01)
15      0.005   6.07e-02   1.64e-02   8.57e-03   3.20e-02   0.00e+00 (  3.47e+01,  8.25e+01)
20      0.004   8.72e-02   5.98e-02   2.06e-02   3.42e-02   0.00e+00 (  5.03e+01,  1.01e+02)
25      0.026   1.17e-01   9.41e-02   3.44e-02   2.21e-01   0.00e+00 (  6.37e+01,  1.16e+02)
30      0.039   1.51e-01   1.40e-01   6.39e-02   3.66e-01   0.00e+00 (  7.58e+01,  1.27e+02)
35      0.042   1.70e-01   1.69e-01   9.09e-02   4.36e-01   0.00e+00 (  7.87e+01,  1.34e+02)
40      0.052   1.96e-01   2.16e-01   1.13e-01   5.71e-01   0.00e+00 (  8.12e+01,  1.36e+02)
45      0.071   2.19e-01   2.65e-01   1.47e-01   8.24e-01   0.00e+00 (  7.94e+01,  1.34e+02)
50      0.082   2.41e-01   3.21e-01   1.61e-01   1.00e+00   0.00e+00 (  7.53e+01,  1.29e+02)
55      0.090   2.57e-01   3.82e-01   2.13e-01   1.15e+00   0.00e+00 (  6.96e+01,  1.22e+02)
60      0.101   2.73e-01   4.18e-01   2.63e-01   1.34e+00   0.00e+00 (  6.33e+01,  1.15e+02)
65      0.129   3.04e-01   5.02e-01   3.44e-01   1.76e+00   0.00e+00 (  5.95e+01,  1.06e+02)
70      0.137   3.13e-01   5.39e-01   4.13e-01   1.92e+00   0.00e+00 (  5.32e+01,  9.72e+01)
75      0.144   3.19e-01   5.67e-01   4.78e-01   2.06e+00   0.00e+00 (  4.79e+01,  8.88e+01)
80      0.146   3.17e-01   5.85e-01   5.16e-01   2.12e+00   0.00e+00 (  4.29e+01,  8.08e+01)
85      0.142   2.99e-01   5.75e-01   5.05e-01   2.11e+00   0.00e+00 (  3.74e+01,  7.35e+01)
90      0.145   2.99e-01   5.62e-01   5.01e-01   2.36e+00   0.00e+00 (  3.36e+01,  6.69e+01)
95      1.870   4.31e+00   5.32e+00   3.63e+00   1.20e+02   0.00e+00 (  1.71e+03,  6.11e+01)
26 e: 1.852e-06 i: 4.602e-05 :: e: 5.389e-03 i: 8.316e-03 :: n: 2.762e+01 e:19.271 i:19.321 v:4.993e+03
>>> tau_he = 5.000000, nhe(0)=2.246514e+00
 5     -0.004   3.62e-03   2.38e-01   3.45e-03  -1.81e-02   0.00e+00 (  9.74e-01,  2.78e+01)
10     -0.009   9.62e-03   5.04e-02  -2.34e-03  -4.86e-02   0.00e+00 (  4.77e+00,  5.54e+01)
15      0.003   5.87e-02   1.20e-02   6.58e-03   2.09e-02   0.00e+00 (  3.34e+01,  8.25e+01)
20      0.005   8.72e-02   5.81e-02   1.99e-02   3.53e-02   0.00e+00 (  5.02e+01,  1.01e+02)
25      0.026   1.17e-01   9.18e-02   3.35e-02   2.20e-01   0.00e+00 (  6.36e+01,  1.16e+02)
30      0.039   1.51e-01   1.37e-01   6.21e-02   3.65e-01   0.00e+00 (  7.56e+01,  1.27e+02)
35      0.043   1.70e-01   1.65e-01   8.88e-02   4.43e-01   0.00e+00 (  7.86e+01,  1.34e+02)
40      0.052   1.96e-01   2.12e-01   1.09e-01   5.68e-01   0.00e+00 (  8.10e+01,  1.36e+02)
45      0.070   2.19e-01   2.59e-01   1.45e-01   8.17e-01   0.00e+00 (  7.91e+01,  1.34e+02)
50      0.081   2.40e-01   3.15e-01   1.59e-01   9.98e-01   0.00e+00 (  7.51e+01,  1.29e+02)
55      0.090   2.57e-01   3.77e-01   2.11e-01   1.15e+00   0.00e+00 (  6.94e+01,  1.22e+02)
60      0.101   2.73e-01   4.15e-01   2.61e-01   1.34e+00   0.00e+00 (  6.33e+01,  1.15e+02)
65      0.130   3.05e-01   5.01e-01   3.44e-01   1.78e+00   0.00e+00 (  5.95e+01,  1.06e+02)
70      0.139   3.14e-01   5.41e-01   4.14e-01   1.94e+00   0.00e+00 (  5.34e+01,  9.72e+01)
75      0.146   3.22e-01   5.72e-01   4.82e-01   2.09e+00   0.00e+00 (  4.82e+01,  8.88e+01)
80      0.149   3.21e-01   5.93e-01   5.22e-01   2.17e+00   0.00e+00 (  4.34e+01,  8.08e+01)
85      0.146   3.03e-01   5.86e-01   5.14e-01   2.16e+00   0.00e+00 (  3.79e+01,  7.35e+01)
90      0.149   3.04e-01   5.75e-01   5.12e-01   2.42e+00   0.00e+00 (  3.42e+01,  6.69e+01)
95      1.869   4.31e+00   5.31e+00   3.63e+00   1.19e+02   0.00e+00 (  1.71e+03,  6.11e+01)
27 e: 6.345e-05 i: 3.036e-06 :: e: 7.423e-03 i: 1.453e-02 :: n: 2.762e+01 e:19.238 i:19.439 v:4.993e+03
>>> tau_he = 5.000000, nhe(0)=2.246351e+00
 5     -0.004   3.63e-03   2.39e-01   3.48e-03  -1.81e-02   0.00e+00 (  9.80e-01,  2.78e+01)
10     -0.009   8.55e-03   5.10e-02  -2.44e-03  -4.90e-02   0.00e+00 (  4.26e+00,  5.54e+01)
15      0.004   6.05e-02   1.43e-02   8.58e-03   2.51e-02   0.00e+00 (  3.46e+01,  8.25e+01)
20      0.005   8.60e-02   5.99e-02   2.03e-02   3.46e-02   0.00e+00 (  4.98e+01,  1.01e+02)
25      0.026   1.18e-01   9.42e-02   3.42e-02   2.22e-01   0.00e+00 (  6.47e+01,  1.16e+02)
30      0.039   1.53e-01   1.40e-01   6.36e-02   3.68e-01   0.00e+00 (  7.71e+01,  1.27e+02)
35      0.043   1.72e-01   1.69e-01   9.06e-02   4.38e-01   0.00e+00 (  8.03e+01,  1.34e+02)
40      0.052   1.99e-01   2.17e-01   1.12e-01   5.74e-01   0.00e+00 (  8.30e+01,  1.36e+02)
45      0.071   2.22e-01   2.67e-01   1.48e-01   8.32e-01   0.00e+00 (  8.14e+01,  1.34e+02)
50      0.083   2.45e-01   3.25e-01   1.62e-01   1.01e+00   0.00e+00 (  7.75e+01,  1.29e+02)
55      0.091   2.62e-01   3.86e-01   2.14e-01   1.16e+00   0.00e+00 (  7.16e+01,  1.22e+02)
60      0.102   2.78e-01   4.24e-01   2.68e-01   1.36e+00   0.00e+00 (  6.54e+01,  1.15e+02)
65      0.131   3.10e-01   5.13e-01   3.51e-01   1.79e+00   0.00e+00 (  6.15e+01,  1.06e+02)
70      0.139   3.20e-01   5.51e-01   4.21e-01   1.96e+00   0.00e+00 (  5.50e+01,  9.72e+01)
75      0.146   3.25e-01   5.81e-01   4.88e-01   2.10e+00   0.00e+00 (  4.95e+01,  8.88e+01)
80      0.149   3.24e-01   6.00e-01   5.26e-01   2.17e+00   0.00e+00 (  4.45e+01,  8.08e+01)
85      0.145   3.04e-01   5.89e-01   5.17e-01   2.15e+00   0.00e+00 (  3.86e+01,  7.35e+01)
90      0.148   3.04e-01   5.76e-01   5.13e-01   2.40e+00   0.00e+00 (  3.47e+01,  6.69e+01)
95      1.870   4.31e+00   5.31e+00   3.63e+00   1.19e+02   0.00e+00 (  1.71e+03,  6.11e+01)
28 e: 1.795e-06 i: 4.119e-05 :: e: 1.376e-02 i: 1.647e-02 :: n: 2.762e+01 e:19.393 i:19.438 v:4.993e+03
>>> tau_he = 5.000000, nhe(0)=2.259473e+00
 5     -0.004   3.68e-03   2.43e-01   3.49e-03  -1.82e-02   0.00e+00 (  9.93e-01,  2.78e+01)
10     -0.009   9.64e-03   5.12e-02  -2.29e-03  -4.86e-02   0.00e+00 (  4.79e+00,  5.54e+01)
15      0.011   5.99e-02   1.08e-02   1.12e-02   6.96e-02   0.00e+00 (  3.42e+01,  8.25e+01)
20      0.005   8.82e-02   5.83e-02   1.98e-02   3.46e-02   0.00e+00 (  5.10e+01,  1.01e+02)
25      0.026   1.18e-01   9.21e-02   3.34e-02   2.21e-01   0.00e+00 (  6.47e+01,  1.16e+02)
30      0.039   1.53e-01   1.38e-01   6.18e-02   3.67e-01   0.00e+00 (  7.69e+01,  1.27e+02)
35      0.043   1.72e-01   1.66e-01   8.84e-02   4.36e-01   0.00e+00 (  8.01e+01,  1.34e+02)
40      0.052   1.99e-01   2.13e-01   1.09e-01   5.71e-01   0.00e+00 (  8.28e+01,  1.36e+02)
45      0.071   2.22e-01   2.62e-01   1.46e-01   8.26e-01   0.00e+00 (  8.10e+01,  1.34e+02)
50      0.082   2.44e-01   3.19e-01   1.60e-01   1.01e+00   0.00e+00 (  7.71e+01,  1.29e+02)
55      0.091   2.61e-01   3.81e-01   2.12e-01   1.16e+00   0.00e+00 (  7.14e+01,  1.22e+02)
60      0.103   2.78e-01   4.21e-01   2.66e-01   1.37e+00   0.00e+00 (  6.53e+01,  1.15e+02)
65      0.132   3.10e-01   5.11e-01   3.50e-01   1.81e+00   0.00e+00 (  6.14e+01,  1.06e+02)
70      0.141   3.21e-01   5.52e-01   4.21e-01   1.98e+00   0.00e+00 (  5.51e+01,  9.72e+01)
75      0.149   3.28e-01   5.85e-01   4.91e-01   2.13e+00   0.00e+00 (  4.98e+01,  8.88e+01)
80      0.152   3.27e-01   6.07e-01   5.32e-01   2.21e+00   0.00e+00 (  4.49e+01,  8.08e+01)
85      0.148   3.09e-01   6.00e-01   5.25e-01   2.19e+00   0.00e+00 (  3.92e+01,  7.35e+01)
90      0.151   3.09e-01   5.88e-01   5.23e-01   2.46e+00   0.00e+00 (  3.52e+01,  6.69e+01)
95      1.869   4.31e+00   5.31e+00   3.63e+00   1.19e+02   0.00e+00 (  1.71e+03,  6.11e+01)
29 e: 5.565e-05 i: 2.743e-06 :: e: 1.504e-02 i: 1.852e-02 :: n: 2.762e+01 e:19.362 i:19.556 v:4.993e+03
>>> tau_he = 5.000000, nhe(0)=2.259256e+00
 5     -0.004   3.69e-03   2.44e-01   3.52e-03  -1.83e-02   0.00e+00 (  1.00e+00,  2.78e+01)
10     -0.009   8.57e-03   5.17e-02  -2.39e-03  -4.90e-02   0.00e+00 (  4.28e+00,  5.54e+01)
15      0.004   5.96e-02   1.31e-02   8.56e-03   2.42e-02   0.00e+00 (  3.42e+01,  8.25e+01)
20      0.004   8.70e-02   6.01e-02   2.02e-02   3.40e-02   0.00e+00 (  5.06e+01,  1.01e+02)
25      0.026   1.19e-01   9.45e-02   3.41e-02   2.23e-01   0.00e+00 (  6.58e+01,  1.16e+02)
30      0.039   1.55e-01   1.41e-01   6.33e-02   3.70e-01   0.00e+00 (  7.84e+01,  1.27e+02)
35      0.043   1.74e-01   1.70e-01   9.04e-02   4.40e-01   0.00e+00 (  8.18e+01,  1.34e+02)
40      0.052   2.01e-01   2.19e-01   1.12e-01   5.77e-01   0.00e+00 (  8.47e+01,  1.36e+02)
45      0.072   2.25e-01   2.70e-01   1.49e-01   8.40e-01   0.00e+00 (  8.32e+01,  1.34e+02)
50      0.084   2.48e-01   3.28e-01   1.63e-01   1.03e+00   0.00e+00 (  7.94e+01,  1.29e+02)
55      0.092   2.65e-01   3.91e-01   2.16e-01   1.18e+00   0.00e+00 (  7.35e+01,  1.22e+02)
60      0.104   2.83e-01   4.30e-01   2.73e-01   1.38e+00   0.00e+00 (  6.73e+01,  1.15e+02)
65      0.133   3.16e-01   5.22e-01   3.57e-01   1.82e+00   0.00e+00 (  6.33e+01,  1.06e+02)
70      0.142   3.26e-01   5.61e-01   4.28e-01   1.99e+00   0.00e+00 (  5.67e+01,  9.72e+01)
75      0.149   3.32e-01   5.92e-01   4.97e-01   2.13e+00   0.00e+00 (  5.11e+01,  8.88e+01)
80      0.151   3.30e-01   6.13e-01   5.37e-01   2.20e+00   0.00e+00 (  4.59e+01,  8.08e+01)
85      0.147   3.10e-01   6.03e-01   5.28e-01   2.18e+00   0.00e+00 (  3.99e+01,  7.35e+01)
90      0.150   3.08e-01   5.88e-01   5.23e-01   2.44e+00   0.00e+00 (  3.57e+01,  6.69e+01)
95      1.870   4.31e+00   5.31e+00   3.63e+00   1.19e+02   0.00e+00 (  1.71e+03,  6.11e+01)
30 e: 2.572e-06 i: 3.443e-05 :: e: 1.984e-02 i: 2.252e-02 :: n: 2.762e+01 e:19.511 i:19.555 v:4.993e+03
>>> tau_he = 5.000000, nhe(0)=2.271507e+00
 5     -0.004   3.74e-03   2.48e-01   3.53e-03  -1.85e-02   0.00e+00 (  1.01e+00,  2.78e+01)
10     -0.009   9.67e-03   5.19e-02  -2.24e-03  -4.87e-02   0.00e+00 (  4.83e+00,  5.54e+01)
15      0.010   6.03e-02   1.00e-02   1.10e-02   6.81e-02   0.00e+00 (  3.45e+01,  8.25e+01)
20      0.005   8.70e-02   5.87e-02   1.96e-02   3.43e-02   0.00e+00 (  5.05e+01,  1.01e+02)
25      0.026   1.19e-01   9.25e-02   3.33e-02   2.23e-01   0.00e+00 (  6.57e+01,  1.16e+02)
30      0.039   1.55e-01   1.38e-01   6.16e-02   3.70e-01   0.00e+00 (  7.82e+01,  1.27e+02)
35      0.043   1.74e-01   1.67e-01   8.83e-02   4.39e-01   0.00e+00 (  8.16e+01,  1.34e+02)
40      0.052   2.01e-01   2.15e-01   1.09e-01   5.74e-01   0.00e+00 (  8.44e+01,  1.36e+02)
45      0.071   2.24e-01   2.64e-01   1.47e-01   8.34e-01   0.00e+00 (  8.27e+01,  1.34e+02)
50      0.083   2.47e-01   3.23e-01   1.61e-01   1.02e+00   0.00e+00 (  7.89e+01,  1.29e+02)
55      0.092   2.65e-01   3.86e-01   2.13e-01   1.18e+00   0.00e+00 (  7.31e+01,  1.22e+02)
60      0.104   2.82e-01   4.27e-01   2.71e-01   1.38e+00   0.00e+00 (  6.70e+01,  1.15e+02)
65      0.134   3.15e-01   5.19e-01   3.55e-01   1.83e+00   0.00e+00 (  6.30e+01,  1.06e+02)
70      0.143   3.26e-01   5.61e-01   4.28e-01   2.00e+00   0.00e+00 (  5.66e+01,  9.72e+01)
75      0.151   3.34e-01   5.95e-01   4.99e-01   2.16e+00   0.00e+00 (  5.12e+01,  8.88e+01)
80      0.154   3.33e-01   6.19e-01   5.41e-01   2.24e+00   0.00e+00 (  4.62e+01,  8.08e+01)
85      0.150   3.13e-01   6.12e-01   5.35e-01   2.23e+00   0.00e+00 (  4.02e+01,  7.35e+01)
90      0.153   3.13e-01   6.00e-01   5.33e-01   2.49e+00   0.00e+00 (  3.62e+01,  6.69e+01)
95      1.869   4.30e+00   5.31e+00   3.63e+00   1.19e+02   0.00e+00 (  1.71e+03,  6.11e+01)
31 e: 4.627e-05 i: 2.880e-06 :: e: 1.956e-02 i: 2.161e-02 :: n: 2.762e+01 e:19.476 i:19.665 v:4.993e+03
>>> tau_he = 5.000000, nhe(0)=2.270701e+00
 5     -0.004   3.74e-03   2.49e-01   3.55e-03  -1.85e-02   0.00e+00 (  1.02e+00,  2.78e+01)
10     -0.008   9.71e-03   5.20e-02  -2.00e-03  -4.48e-02   0.00e+00 (  4.87e+00,  5.54e+01)
15      0.013   6.20e-02   1.43e-02   1.35e-02   8.39e-02   0.00e+00 (  3.57e+01,  8.25e+01)
20      0.004   8.57e-02   6.06e-02   2.08e-02   2.98e-02   0.00e+00 (  5.01e+01,  1.01e+02)
25      0.026   1.20e-01   9.49e-02   3.40e-02   2.24e-01   0.00e+00 (  6.67e+01,  1.16e+02)
30      0.039   1.56e-01   1.42e-01   6.31e-02   3.73e-01   0.00e+00 (  7.95e+01,  1.27e+02)
35      0.043   1.76e-01   1.71e-01   9.03e-02   4.43e-01   0.00e+00 (  8.31e+01,  1.34e+02)
40      0.053   2.03e-01   2.20e-01   1.12e-01   5.80e-01   0.00e+00 (  8.62e+01,  1.36e+02)
45      0.068   2.23e-01   2.71e-01   1.47e-01   7.89e-01   0.00e+00 (  8.32e+01,  1.34e+02)
50      0.084   2.51e-01   3.31e-01   1.64e-01   1.04e+00   0.00e+00 (  8.09e+01,  1.29e+02)
55      0.093   2.69e-01   3.95e-01   2.17e-01   1.19e+00   0.00e+00 (  7.51e+01,  1.22e+02)
60      0.105   2.87e-01   4.36e-01   2.77e-01   1.40e+00   0.00e+00 (  6.88e+01,  1.15e+02)
65      0.135   3.20e-01   5.29e-01   3.62e-01   1.84e+00   0.00e+00 (  6.47e+01,  1.06e+02)
70      0.143   3.30e-01   5.70e-01   4.34e-01   2.01e+00   0.00e+00 (  5.80e+01,  9.72e+01)
75      0.151   3.37e-01   6.02e-01   5.04e-01   2.16e+00   0.00e+00 (  5.23e+01,  8.88e+01)
80      0.153   3.35e-01   6.23e-01   5.45e-01   2.23e+00   0.00e+00 (  4.71e+01,  8.08e+01)
85      0.149   3.14e-01   6.13e-01   5.36e-01   2.21e+00   0.00e+00 (  4.09e+01,  7.35e+01)
90      0.152   3.12e-01   5.99e-01   5.32e-01   2.47e+00   0.00e+00 (  3.66e+01,  6.69e+01)
95      1.870   4.30e+00   5.31e+00   3.63e+00   1.19e+02   0.00e+00 (  1.71e+03,  6.11e+01)
32 e: 4.286e-06 i: 2.668e-05 :: e: 2.304e-02 i: 2.566e-02 :: n: 2.762e+01 e:19.614 i:19.659 v:4.993e+03
>>> tau_he = 5.000000, nhe(0)=2.281615e+00
 5     -0.004   3.79e-03   2.53e-01   3.56e-03  -1.87e-02   0.00e+00 (  1.03e+00,  2.78e+01)
10     -0.008   9.74e-03   5.23e-02  -1.96e-03  -4.44e-02   0.00e+00 (  4.88e+00,  5.54e+01)
15      0.013   6.15e-02   5.69e-03   1.33e-02   8.42e-02   0.00e+00 (  3.53e+01,  8.25e+01)
20      0.004   8.79e-02   5.90e-02   1.94e-02   3.29e-02   0.00e+00 (  5.13e+01,  1.01e+02)
25      0.026   1.20e-01   9.30e-02   3.32e-02   2.24e-01   0.00e+00 (  6.65e+01,  1.16e+02)
30      0.039   1.56e-01   1.39e-01   6.16e-02   3.72e-01   0.00e+00 (  7.92e+01,  1.27e+02)
35      0.043   1.75e-01   1.68e-01   8.83e-02   4.41e-01   0.00e+00 (  8.28e+01,  1.34e+02)
40      0.052   2.03e-01   2.16e-01   1.09e-01   5.77e-01   0.00e+00 (  8.58e+01,  1.36e+02)
45      0.072   2.27e-01   2.66e-01   1.48e-01   8.40e-01   0.00e+00 (  8.42e+01,  1.34e+02)
50      0.084   2.49e-01   3.26e-01   1.62e-01   1.03e+00   0.00e+00 (  8.03e+01,  1.29e+02)
55      0.093   2.68e-01   3.89e-01   2.14e-01   1.18e+00   0.00e+00 (  7.47e+01,  1.22e+02)
60      0.106   2.86e-01   4.32e-01   2.75e-01   1.40e+00   0.00e+00 (  6.84e+01,  1.15e+02)
65      0.135   3.19e-01   5.26e-01   3.60e-01   1.85e+00   0.00e+00 (  6.43e+01,  1.06e+02)
70      0.144   3.30e-01   5.68e-01   4.33e-01   2.02e+00   0.00e+00 (  5.78e+01,  9.72e+01)
75      0.152   3.38e-01   6.03e-01   5.06e-01   2.18e+00   0.00e+00 (  5.23e+01,  8.88e+01)
80      0.156   3.38e-01   6.28e-01   5.48e-01   2.27e+00   0.00e+00 (  4.72e+01,  8.08e+01)
85      0.152   3.18e-01   6.21e-01   5.43e-01   2.25e+00   0.00e+00 (  4.12e+01,  7.35e+01)
90      0.155   3.16e-01   6.09e-01   5.40e-01   2.51e+00   0.00e+00 (  3.70e+01,  6.69e+01)
95      1.869   4.30e+00   5.31e+00   3.63e+00   1.19e+02   0.00e+00 (  1.71e+03,  6.11e+01)
33 e: 3.622e-05 i: 4.272e-06 :: e: 2.224e-02 i: 2.354e-02 :: n: 2.762e+01 e:19.571 i:19.758 v:4.993e+03
>>> tau_he = 5.000000, nhe(0)=2.280127e+00
 5     -0.004   3.79e-03   2.53e-01   3.58e-03  -1.87e-02   0.00e+00 (  1.03e+00,  2.78e+01)
10     -0.008   9.74e-03   5.26e-02  -1.96e-03  -4.49e-02   0.00e+00 (  4.90e+00,  5.54e+01)
15      0.004   6.08e-02   1.32e-02   9.40e-03   2.64e-02   0.00e+00 (  3.51e+01,  8.25e+01)
20      0.004   8.65e-02   6.09e-02   2.07e-02   2.87e-02   0.00e+00 (  5.08e+01,  1.01e+02)
25      0.026   1.21e-01   9.52e-02   3.39e-02   2.26e-01   0.00e+00 (  6.75e+01,  1.16e+02)
30      0.040   1.57e-01   1.42e-01   6.30e-02   3.75e-01   0.00e+00 (  8.04e+01,  1.27e+02)
35      0.043   1.77e-01   1.72e-01   9.02e-02   4.45e-01   0.00e+00 (  8.42e+01,  1.34e+02)
40      0.053   2.05e-01   2.21e-01   1.12e-01   5.83e-01   0.00e+00 (  8.74e+01,  1.36e+02)
45      0.068   2.25e-01   2.73e-01   1.48e-01   7.94e-01   0.00e+00 (  8.45e+01,  1.34e+02)
50      0.082   2.52e-01   3.41e-01   1.67e-01   1.01e+00   0.00e+00 (  8.18e+01,  1.29e+02)
55      0.093   2.71e-01   3.98e-01   2.17e-01   1.20e+00   0.00e+00 (  7.63e+01,  1.22e+02)
60      0.106   2.90e-01   4.40e-01   2.80e-01   1.41e+00   0.00e+00 (  7.00e+01,  1.15e+02)
65      0.136   3.23e-01   5.34e-01   3.65e-01   1.86e+00   0.00e+00 (  6.58e+01,  1.06e+02)
70      0.145   3.34e-01   5.76e-01   4.38e-01   2.03e+00   0.00e+00 (  5.90e+01,  9.72e+01)
75      0.152   3.41e-01   6.09e-01   5.10e-01   2.18e+00   0.00e+00 (  5.33e+01,  8.88e+01)
80      0.155   3.39e-01   6.31e-01   5.51e-01   2.25e+00   0.00e+00 (  4.79e+01,  8.08e+01)
85      0.151   3.18e-01   6.22e-01   5.43e-01   2.23e+00   0.00e+00 (  4.17e+01,  7.35e+01)
90      0.153   3.15e-01   6.07e-01   5.39e-01   2.49e+00   0.00e+00 (  3.73e+01,  6.69e+01)
95      1.870   4.30e+00   5.31e+00   3.63e+00   1.19e+02   0.00e+00 (  1.72e+03,  6.11e+01)
34 e: 6.234e-06 i: 1.975e-05 :: e: 2.359e-02 i: 2.736e-02 :: n: 2.762e+01 e:19.694 i:19.745 v:4.993e+03
>>> tau_he = 5.000000, nhe(0)=2.289514e+00
 5     -0.004   3.83e-03   2.56e-01   3.58e-03  -1.88e-02   0.00e+00 (  1.04e+00,  2.78e+01)
10     -0.008   9.76e-03   5.28e-02  -1.93e-03  -4.45e-02   0.00e+00 (  4.90e+00,  5.54e+01)
15      0.011   6.09e-02   1.06e-02   1.17e-02   7.31e-02   0.00e+00 (  3.51e+01,  8.25e+01)
20      0.004   8.82e-02   5.90e-02   2.25e-02   2.89e-02   0.00e+00 (  5.16e+01,  1.01e+02)
25      0.026   1.21e-01   9.35e-02   3.32e-02   2.25e-01   0.00e+00 (  6.72e+01,  1.16e+02)
30      0.040   1.57e-01   1.40e-01   6.16e-02   3.74e-01   0.00e+00 (  8.00e+01,  1.27e+02)
35      0.043   1.77e-01   1.69e-01   8.85e-02   4.44e-01   0.00e+00 (  8.37e+01,  1.34e+02)
40      0.053   2.04e-01   2.17e-01   1.10e-01   5.80e-01   0.00e+00 (  8.68e+01,  1.36e+02)
45      0.067   2.24e-01   2.68e-01   1.46e-01   7.87e-01   0.00e+00 (  8.38e+01,  1.34e+02)
50      0.084   2.51e-01   3.28e-01   1.62e-01   1.04e+00   0.00e+00 (  8.14e+01,  1.29e+02)
55      0.093   2.70e-01   3.92e-01   2.15e-01   1.19e+00   0.00e+00 (  7.57e+01,  1.22e+02)
60      0.106   2.88e-01   4.35e-01   2.74e-01   1.41e+00   0.00e+00 (  6.94e+01,  1.15e+02)
65      0.136   3.22e-01   5.30e-01   3.63e-01   1.86e+00   0.00e+00 (  6.52e+01,  1.06e+02)
70      0.145   3.33e-01   5.74e-01   4.37e-01   2.04e+00   0.00e+00 (  5.86e+01,  9.72e+01)
75      0.153   3.41e-01   6.09e-01   5.10e-01   2.20e+00   0.00e+00 (  5.31e+01,  8.88e+01)
80      0.157   3.41e-01   6.34e-01   5.53e-01   2.28e+00   0.00e+00 (  4.79e+01,  8.08e+01)
85      0.153   3.20e-01   6.28e-01   5.48e-01   2.27e+00   0.00e+00 (  4.19e+01,  7.35e+01)
90      0.156   3.19e-01   6.15e-01   5.46e-01   2.53e+00   0.00e+00 (  3.76e+01,  6.69e+01)
95      1.869   4.30e+00   5.31e+00   3.63e+00   1.19e+02   0.00e+00 (  1.71e+03,  6.11e+01)
35 e: 2.713e-05 i: 4.545e-06 :: e: 2.165e-02 i: 2.264e-02 :: n: 2.762e+01 e:19.645 i:19.831 v:4.993e+03
>>> tau_he = 5.000000, nhe(0)=2.286772e+00
 5     -0.004   3.82e-03   2.56e-01   3.60e-03  -1.88e-02   0.00e+00 (  1.05e+00,  2.78e+01)
10     -0.008   9.76e-03   5.30e-02  -1.93e-03  -4.49e-02   0.00e+00 (  4.92e+00,  5.54e+01)
15      0.004   6.14e-02   1.33e-02   9.45e-03   2.60e-02   0.00e+00 (  3.55e+01,  8.25e+01)
20      0.004   8.71e-02   6.12e-02   2.06e-02   2.75e-02   0.00e+00 (  5.13e+01,  1.01e+02)
25      0.026   1.22e-01   9.56e-02   3.39e-02   2.27e-01   0.00e+00 (  6.80e+01,  1.16e+02)
30      0.040   1.58e-01   1.43e-01   6.29e-02   3.77e-01   0.00e+00 (  8.10e+01,  1.27e+02)
35      0.044   1.78e-01   1.72e-01   9.03e-02   4.47e-01   0.00e+00 (  8.49e+01,  1.34e+02)
40      0.053   2.06e-01   2.22e-01   1.12e-01   5.85e-01   0.00e+00 (  8.82e+01,  1.36e+02)
45      0.068   2.27e-01   2.74e-01   1.48e-01   7.97e-01   0.00e+00 (  8.54e+01,  1.34e+02)
50      0.083   2.53e-01   3.42e-01   1.67e-01   1.01e+00   0.00e+00 (  8.26e+01,  1.29e+02)
55      0.094   2.73e-01   4.00e-01   2.18e-01   1.20e+00   0.00e+00 (  7.70e+01,  1.22e+02)
60      0.107   2.92e-01   4.42e-01   2.78e-01   1.42e+00   0.00e+00 (  7.07e+01,  1.15e+02)
65      0.137   3.25e-01   5.38e-01   3.68e-01   1.87e+00   0.00e+00 (  6.64e+01,  1.06e+02)
70      0.145   3.36e-01   5.80e-01   4.41e-01   2.04e+00   0.00e+00 (  5.96e+01,  9.72e+01)
75      0.153   3.43e-01   6.13e-01   5.13e-01   2.19e+00   0.00e+00 (  5.39e+01,  8.88e+01)
80      0.156   3.42e-01   6.36e-01   5.54e-01   2.27e+00   0.00e+00 (  4.85e+01,  8.08e+01)
85      0.152   3.20e-01   6.27e-01   5.48e-01   2.25e+00   0.00e+00 (  4.23e+01,  7.35e+01)
90      0.154   3.17e-01   6.12e-01   5.43e-01   2.50e+00   0.00e+00 (  3.78e+01,  6.69e+01)
95      1.870   4.30e+00   5.31e+00   3.63e+00   1.19e+02   0.00e+00 (  1.72e+03,  6.11e+01)
36 e: 8.908e-06 i: 1.374e-05 :: e: 2.285e-02 i: 2.626e-02 :: n: 2.762e+01 e:19.753 i:19.807 v:4.993e+03
>>> tau_he = 5.000000, nhe(0)=2.294567e+00
 5     -0.004   3.85e-03   2.59e-01   3.60e-03  -1.90e-02   0.00e+00 (  1.05e+00,  2.78e+01)
10     -0.008   9.78e-03   5.31e-02  -1.90e-03  -4.46e-02   0.00e+00 (  4.92e+00,  5.54e+01)
15      0.012   6.16e-02   1.14e-02   1.27e-02   7.78e-02   0.00e+00 (  3.55e+01,  8.25e+01)
20      0.004   8.87e-02   5.94e-02   2.24e-02   2.81e-02   0.00e+00 (  5.21e+01,  1.01e+02)
25      0.026   1.22e-01   9.38e-02   3.32e-02   2.26e-01   0.00e+00 (  6.77e+01,  1.16e+02)
30      0.040   1.58e-01   1.40e-01   6.16e-02   3.76e-01   0.00e+00 (  8.05e+01,  1.27e+02)
35      0.043   1.77e-01   1.69e-01   8.86e-02   4.46e-01   0.00e+00 (  8.42e+01,  1.34e+02)
40      0.053   2.05e-01   2.18e-01   1.10e-01   5.83e-01   0.00e+00 (  8.75e+01,  1.36e+02)
45      0.068   2.25e-01   2.69e-01   1.46e-01   7.90e-01   0.00e+00 (  8.47e+01,  1.34e+02)
50      0.082   2.51e-01   3.36e-01   1.65e-01   1.01e+00   0.00e+00 (  8.17e+01,  1.29e+02)
55      0.094   2.72e-01   3.94e-01   2.15e-01   1.20e+00   0.00e+00 (  7.64e+01,  1.22e+02)
60      0.107   2.90e-01   4.38e-01   2.76e-01   1.42e+00   0.00e+00 (  7.00e+01,  1.15e+02)
65      0.137   3.24e-01   5.33e-01   3.65e-01   1.87e+00   0.00e+00 (  6.57e+01,  1.06e+02)
70      0.146   3.35e-01   5.77e-01   4.39e-01   2.05e+00   0.00e+00 (  5.91e+01,  9.72e+01)
75      0.154   3.43e-01   6.13e-01   5.13e-01   2.21e+00   0.00e+00 (  5.35e+01,  8.88e+01)
80      0.157   3.43e-01   6.38e-01   5.56e-01   2.29e+00   0.00e+00 (  4.84e+01,  8.08e+01)
85      0.154   3.22e-01   6.32e-01   5.51e-01   2.27e+00   0.00e+00 (  4.23e+01,  7.35e+01)
90      0.156   3.20e-01   6.19e-01   5.49e-01   2.54e+00   0.00e+00 (  3.79e+01,  6.69e+01)
95      1.869   4.30e+00   5.30e+00   3.63e+00   1.19e+02   0.00e+00 (  1.71e+03,  6.11e+01)
37 e: 1.956e-05 i: 6.092e-06 :: e: 2.001e-02 i: 2.145e-02 :: n: 2.762e+01 e:19.693 i:19.878 v:4.993e+03
>>> tau_he = 5.000000, nhe(0)=2.290661e+00
 5     -0.004   3.84e-03   2.59e-01   3.62e-03  -1.89e-02   0.00e+00 (  1.05e+00,  2.78e+01)
10     -0.008   9.77e-03   5.32e-02  -1.90e-03  -4.50e-02   0.00e+00 (  4.94e+00,  5.54e+01)
15      0.004   6.18e-02   1.36e-02   9.55e-03   2.63e-02   0.00e+00 (  3.58e+01,  8.25e+01)
20      0.004   8.75e-02   6.15e-02   2.05e-02   2.70e-02   0.00e+00 (  5.16e+01,  1.01e+02)
25      0.027   1.22e-01   9.59e-02   3.39e-02   2.27e-01   0.00e+00 (  6.83e+01,  1.16e+02)
30      0.040   1.58e-01   1.43e-01   6.30e-02   3.79e-01   0.00e+00 (  8.13e+01,  1.27e+02)
35      0.044   1.78e-01   1.73e-01   9.04e-02   4.49e-01   0.00e+00 (  8.52e+01,  1.34e+02)
40      0.053   2.07e-01   2.23e-01   1.13e-01   5.87e-01   0.00e+00 (  8.86e+01,  1.36e+02)
45      0.068   2.28e-01   2.77e-01   1.51e-01   7.91e-01   0.00e+00 (  8.63e+01,  1.34e+02)
50      0.083   2.54e-01   3.42e-01   1.67e-01   1.01e+00   0.00e+00 (  8.31e+01,  1.29e+02)
55      0.094   2.74e-01   4.01e-01   2.18e-01   1.20e+00   0.00e+00 (  7.76e+01,  1.22e+02)
60      0.107   2.93e-01   4.44e-01   2.79e-01   1.42e+00   0.00e+00 (  7.11e+01,  1.15e+02)
65      0.137   3.26e-01   5.40e-01   3.69e-01   1.88e+00   0.00e+00 (  6.67e+01,  1.06e+02)
70      0.146   3.37e-01   5.82e-01   4.42e-01   2.04e+00   0.00e+00 (  5.99e+01,  9.72e+01)
75      0.153   3.44e-01   6.16e-01   5.15e-01   2.20e+00   0.00e+00 (  5.42e+01,  8.88e+01)
80      0.156   3.43e-01   6.37e-01   5.54e-01   2.27e+00   0.00e+00 (  4.89e+01,  8.08e+01)
85      0.152   3.22e-01   6.30e-01   5.50e-01   2.25e+00   0.00e+00 (  4.26e+01,  7.35e+01)
90      0.154   3.18e-01   6.15e-01   5.46e-01   2.51e+00   0.00e+00 (  3.81e+01,  6.69e+01)
95      1.870   4.30e+00   5.31e+00   3.63e+00   1.19e+02   0.00e+00 (  1.72e+03,  6.11e+01)
38 e: 1.183e-05 i: 9.120e-06 :: e: 2.089e-02 i: 2.370e-02 :: n: 2.762e+01 e:19.785 i:19.843 v:4.993e+03
>>> tau_he = 5.000000, nhe(0)=2.296920e+00
 5     -0.004   3.87e-03   2.61e-01   3.62e-03  -1.90e-02   0.00e+00 (  1.06e+00,  2.78e+01)
10     -0.008   9.78e-03   5.32e-02  -1.87e-03  -4.46e-02   0.00e+00 (  4.93e+00,  5.54e+01)
15      0.012   6.21e-02   1.19e-02   1.29e-02   7.92e-02   0.00e+00 (  3.58e+01,  8.25e+01)
20      0.004   8.90e-02   5.96e-02   2.24e-02   2.77e-02   0.00e+00 (  5.23e+01,  1.01e+02)
25      0.026   1.22e-01   9.41e-02   3.33e-02   2.27e-01   0.00e+00 (  6.79e+01,  1.16e+02)
30      0.040   1.58e-01   1.41e-01   6.17e-02   3.78e-01   0.00e+00 (  8.07e+01,  1.27e+02)
35      0.044   1.78e-01   1.70e-01   8.88e-02   4.47e-01   0.00e+00 (  8.45e+01,  1.34e+02)
40      0.053   2.05e-01   2.19e-01   1.11e-01   5.85e-01   0.00e+00 (  8.78e+01,  1.36e+02)
45      0.068   2.26e-01   2.70e-01   1.46e-01   7.92e-01   0.00e+00 (  8.50e+01,  1.34e+02)
50      0.082   2.52e-01   3.36e-01   1.65e-01   1.01e+00   0.00e+00 (  8.20e+01,  1.29e+02)
55      0.094   2.72e-01   3.95e-01   2.16e-01   1.20e+00   0.00e+00 (  7.66e+01,  1.22e+02)
60      0.107   2.91e-01   4.39e-01   2.76e-01   1.42e+00   0.00e+00 (  7.02e+01,  1.15e+02)
65      0.137   3.24e-01   5.34e-01   3.65e-01   1.87e+00   0.00e+00 (  6.59e+01,  1.06e+02)
70      0.146   3.35e-01   5.78e-01   4.40e-01   2.05e+00   0.00e+00 (  5.93e+01,  9.72e+01)
75      0.154   3.44e-01   6.14e-01   5.14e-01   2.21e+00   0.00e+00 (  5.37e+01,  8.88e+01)
80      0.158   3.43e-01   6.40e-01   5.57e-01   2.30e+00   0.00e+00 (  4.85e+01,  8.08e+01)
85      0.154   3.23e-01   6.33e-01   5.53e-01   2.28e+00   0.00e+00 (  4.24e+01,  7.35e+01)
90      0.156   3.21e-01   6.21e-01   5.50e-01   2.54e+00   0.00e+00 (  3.81e+01,  6.69e+01)
95      1.869   4.30e+00   5.30e+00   3.63e+00   1.19e+02   0.00e+00 (  1.72e+03,  6.11e+01)
39 e: 1.377e-05 i: 7.827e-06 :: e: 1.714e-02 i: 1.833e-02 :: n: 2.762e+01 e:19.716 i:19.900 v:4.993e+03
>>> tau_he = 5.000000, nhe(0)=2.291983e+00
 5     -0.004   3.85e-03   2.60e-01   3.63e-03  -1.90e-02   0.00e+00 (  1.06e+00,  2.78e+01)
10     -0.008   9.77e-03   5.33e-02  -1.88e-03  -4.49e-02   0.00e+00 (  4.94e+00,  5.54e+01)
15      0.004   6.22e-02   1.40e-02   9.67e-03   2.72e-02   0.00e+00 (  3.60e+01,  8.25e+01)
20      0.004   8.77e-02   6.17e-02   2.05e-02   2.67e-02   0.00e+00 (  5.17e+01,  1.01e+02)
25      0.027   1.22e-01   9.60e-02   3.39e-02   2.28e-01   0.00e+00 (  6.85e+01,  1.16e+02)
30      0.040   1.59e-01   1.43e-01   6.30e-02   3.79e-01   0.00e+00 (  8.14e+01,  1.27e+02)
35      0.044   1.79e-01   1.73e-01   9.05e-02   4.50e-01   0.00e+00 (  8.53e+01,  1.34e+02)
40      0.054   2.07e-01   2.23e-01   1.13e-01   5.89e-01   0.00e+00 (  8.88e+01,  1.36e+02)
45      0.068   2.29e-01   2.78e-01   1.51e-01   7.92e-01   0.00e+00 (  8.65e+01,  1.34e+02)
50      0.083   2.54e-01   3.42e-01   1.67e-01   1.01e+00   0.00e+00 (  8.32e+01,  1.29e+02)
55      0.094   2.74e-01   4.02e-01   2.18e-01   1.21e+00   0.00e+00 (  7.77e+01,  1.22e+02)
60      0.108   2.93e-01   4.44e-01   2.80e-01   1.43e+00   0.00e+00 (  7.11e+01,  1.15e+02)
65      0.137   3.26e-01   5.40e-01   3.69e-01   1.88e+00   0.00e+00 (  6.67e+01,  1.06e+02)
70      0.146   3.37e-01   5.82e-01   4.42e-01   2.05e+00   0.00e+00 (  5.99e+01,  9.72e+01)
75      0.153   3.44e-01   6.16e-01   5.15e-01   2.20e+00   0.00e+00 (  5.42e+01,  8.88e+01)
80      0.156   3.43e-01   6.39e-01   5.56e-01   2.28e+00   0.00e+00 (  4.88e+01,  8.08e+01)
85      0.152   3.22e-01   6.30e-01   5.50e-01   2.25e+00   0.00e+00 (  4.26e+01,  7.35e+01)
90      0.154   3.19e-01   6.16e-01   5.46e-01   2.51e+00   0.00e+00 (  3.82e+01,  6.69e+01)
95      1.870   4.30e+00   5.31e+00   3.63e+00   1.19e+02   0.00e+00 (  1.72e+03,  6.11e+01)
40 e: 1.443e-05 i: 5.886e-06 :: e: 1.730e-02 i: 2.012e-02 :: n: 2.762e+01 e:19.794 i:19.855 v:4.993e+03
>>> tau_he = 5.000000, nhe(0)=2.296893e+00
 5     -0.004   3.87e-03   2.62e-01   3.62e-03  -1.91e-02   0.00e+00 (  1.06e+00,  2.78e+01)
10     -0.008   9.77e-03   5.33e-02  -1.85e-03  -4.45e-02   0.00e+00 (  4.93e+00,  5.54e+01)
15      0.012   6.24e-02   1.24e-02   1.31e-02   8.07e-02   0.00e+00 (  3.61e+01,  8.25e+01)
20      0.004   8.91e-02   5.98e-02   2.24e-02   2.76e-02   0.00e+00 (  5.24e+01,  1.01e+02)
25      0.026   1.22e-01   9.43e-02   3.33e-02   2.27e-01   0.00e+00 (  6.79e+01,  1.16e+02)
30      0.040   1.58e-01   1.41e-01   6.18e-02   3.78e-01   0.00e+00 (  8.07e+01,  1.27e+02)
35      0.044   1.78e-01   1.70e-01   8.90e-02   4.48e-01   0.00e+00 (  8.45e+01,  1.34e+02)
40      0.053   2.05e-01   2.19e-01   1.11e-01   5.86e-01   0.00e+00 (  8.78e+01,  1.36e+02)
45      0.068   2.26e-01   2.71e-01   1.46e-01   7.93e-01   0.00e+00 (  8.51e+01,  1.34e+02)
50      0.082   2.52e-01   3.36e-01   1.65e-01   1.00e+00   0.00e+00 (  8.20e+01,  1.29e+02)
55      0.094   2.72e-01   3.96e-01   2.16e-01   1.20e+00   0.00e+00 (  7.65e+01,  1.22e+02)
60      0.107   2.90e-01   4.39e-01   2.77e-01   1.42e+00   0.00e+00 (  7.01e+01,  1.15e+02)
65      0.137   3.24e-01   5.34e-01   3.65e-01   1.87e+00   0.00e+00 (  6.58e+01,  1.06e+02)
70      0.146   3.35e-01   5.77e-01   4.39e-01   2.05e+00   0.00e+00 (  5.91e+01,  9.72e+01)
75      0.154   3.43e-01   6.13e-01   5.13e-01   2.21e+00   0.00e+00 (  5.36e+01,  8.88e+01)
80      0.157   3.43e-01   6.39e-01   5.56e-01   2.29e+00   0.00e+00 (  4.84e+01,  8.08e+01)
85      0.154   3.23e-01   6.33e-01   5.52e-01   2.27e+00   0.00e+00 (  4.24e+01,  7.35e+01)
90      0.156   3.21e-01   6.20e-01   5.50e-01   2.54e+00   0.00e+00 (  3.81e+01,  6.69e+01)
95      1.869   4.30e+00   5.31e+00   3.63e+00   1.19e+02   0.00e+00 (  1.72e+03,  6.11e+01)
41 e: 9.674e-06 i: 9.354e-06 :: e: 1.338e-02 i: 1.440e-02 :: n: 2.762e+01 e:19.717 i:19.900 v:4.993e+03
>>> tau_he = 5.000000, nhe(0)=2.291148e+00
 5     -0.004   3.85e-03   2.61e-01   3.63e-03  -1.90e-02   0.00e+00 (  1.06e+00,  2.78e+01)
10     -0.008   9.74e-03   5.32e-02  -1.86e-03  -4.48e-02   0.00e+00 (  4.93e+00,  5.54e+01)
15      0.004   6.24e-02   1.43e-02   9.80e-03   2.84e-02   0.00e+00 (  3.61e+01,  8.25e+01)
20      0.004   8.76e-02   6.18e-02   2.05e-02   2.68e-02   0.00e+00 (  5.17e+01,  1.01e+02)
25      0.027   1.22e-01   9.61e-02   3.39e-02   2.28e-01   0.00e+00 (  6.84e+01,  1.16e+02)
30      0.040   1.58e-01   1.43e-01   6.30e-02   3.80e-01   0.00e+00 (  8.13e+01,  1.27e+02)
35      0.044   1.78e-01   1.73e-01   9.07e-02   4.50e-01   0.00e+00 (  8.52e+01,  1.34e+02)
40      0.054   2.07e-01   2.23e-01   1.14e-01   5.89e-01   0.00e+00 (  8.86e+01,  1.36e+02)
45      0.068   2.28e-01   2.78e-01   1.50e-01   7.91e-01   0.00e+00 (  8.64e+01,  1.34e+02)
50      0.082   2.54e-01   3.42e-01   1.67e-01   1.01e+00   0.00e+00 (  8.30e+01,  1.29e+02)
55      0.094   2.74e-01   4.01e-01   2.18e-01   1.21e+00   0.00e+00 (  7.74e+01,  1.22e+02)
60      0.108   2.92e-01   4.44e-01   2.79e-01   1.43e+00   0.00e+00 (  7.09e+01,  1.15e+02)
65      0.137   3.25e-01   5.38e-01   3.68e-01   1.87e+00   0.00e+00 (  6.64e+01,  1.06e+02)
70      0.146   3.36e-01   5.80e-01   4.41e-01   2.04e+00   0.00e+00 (  5.97e+01,  9.72e+01)
75      0.153   3.43e-01   6.14e-01   5.14e-01   2.19e+00   0.00e+00 (  5.39e+01,  8.88e+01)
80      0.156   3.42e-01   6.37e-01   5.55e-01   2.27e+00   0.00e+00 (  4.86e+01,  8.08e+01)
85      0.152   3.21e-01   6.29e-01   5.49e-01   2.25e+00   0.00e+00 (  4.25e+01,  7.35e+01)
90      0.154   3.18e-01   6.15e-01   5.45e-01   2.50e+00   0.00e+00 (  3.81e+01,  6.69e+01)
95      1.870   4.30e+00   5.31e+00   3.63e+00   1.19e+02   0.00e+00 (  1.72e+03,  6.11e+01)
42 e: 1.632e-05 i: 3.821e-06 :: e: 1.317e-02 i: 1.591e-02 :: n: 2.762e+01 e:19.782 i:19.847 v:4.993e+03
>>> tau_he = 5.000000, nhe(0)=2.294962e+00
 5     -0.004   3.86e-03   2.62e-01   3.62e-03  -1.90e-02   0.00e+00 (  1.06e+00,  2.78e+01)
10     -0.008   9.74e-03   5.32e-02  -1.83e-03  -4.43e-02   0.00e+00 (  4.91e+00,  5.54e+01)
15      0.012   6.26e-02   1.29e-02   1.32e-02   8.21e-02   0.00e+00 (  3.62e+01,  8.25e+01)
20      0.004   8.90e-02   5.99e-02   2.25e-02   2.78e-02   0.00e+00 (  5.23e+01,  1.01e+02)
25      0.027   1.22e-01   9.44e-02   3.33e-02   2.27e-01   0.00e+00 (  6.78e+01,  1.16e+02)
30      0.040   1.58e-01   1.41e-01   6.19e-02   3.78e-01   0.00e+00 (  8.05e+01,  1.27e+02)
35      0.044   1.77e-01   1.71e-01   8.92e-02   4.48e-01   0.00e+00 (  8.43e+01,  1.34e+02)
40      0.053   2.05e-01   2.20e-01   1.12e-01   5.86e-01   0.00e+00 (  8.76e+01,  1.36e+02)
45      0.068   2.26e-01   2.71e-01   1.46e-01   7.92e-01   0.00e+00 (  8.49e+01,  1.34e+02)
50      0.085   2.53e-01   3.29e-01   1.63e-01   1.04e+00   0.00e+00 (  8.21e+01,  1.29e+02)
55      0.094   2.71e-01   3.95e-01   2.16e-01   1.20e+00   0.00e+00 (  7.62e+01,  1.22e+02)
60      0.107   2.90e-01   4.39e-01   2.76e-01   1.42e+00   0.00e+00 (  6.98e+01,  1.15e+02)
65      0.137   3.23e-01   5.32e-01   3.64e-01   1.87e+00   0.00e+00 (  6.54e+01,  1.06e+02)
70      0.146   3.34e-01   5.75e-01   4.38e-01   2.04e+00   0.00e+00 (  5.88e+01,  9.72e+01)
75      0.154   3.42e-01   6.11e-01   5.11e-01   2.20e+00   0.00e+00 (  5.33e+01,  8.88e+01)
80      0.157   3.42e-01   6.36e-01   5.54e-01   2.29e+00   0.00e+00 (  4.81e+01,  8.08e+01)
85      0.153   3.21e-01   6.30e-01   5.50e-01   2.27e+00   0.00e+00 (  4.22e+01,  7.35e+01)
90      0.156   3.20e-01   6.18e-01   5.48e-01   2.53e+00   0.00e+00 (  3.79e+01,  6.69e+01)
95      1.869   4.30e+00   5.31e+00   3.63e+00   1.19e+02   0.00e+00 (  1.72e+03,  6.11e+01)
43 e: 6.957e-06 i: 1.038e-05 :: e: 9.401e-03 i: 1.015e-02 :: n: 2.762e+01 e:19.701 i:19.882 v:4.993e+03
>>> tau_he = 5.000000, nhe(0)=2.288695e+00
 5     -0.004   3.84e-03   2.60e-01   3.63e-03  -1.90e-02   0.00e+00 (  1.05e+00,  2.78e+01)
10     -0.008   9.71e-03   5.31e-02  -1.84e-03  -4.46e-02   0.00e+00 (  4.91e+00,  5.54e+01)
15      0.004   6.24e-02   1.47e-02   9.90e-03   2.96e-02   0.00e+00 (  3.61e+01,  8.25e+01)
20      0.004   8.74e-02   6.18e-02   2.05e-02   2.70e-02   0.00e+00 (  5.15e+01,  1.01e+02)
25      0.027   1.22e-01   9.60e-02   3.39e-02   2.28e-01   0.00e+00 (  6.82e+01,  1.16e+02)
30      0.040   1.58e-01   1.43e-01   6.31e-02   3.79e-01   0.00e+00 (  8.10e+01,  1.27e+02)
35      0.044   1.78e-01   1.73e-01   9.07e-02   4.50e-01   0.00e+00 (  8.48e+01,  1.34e+02)
40      0.054   2.06e-01   2.23e-01   1.14e-01   5.89e-01   0.00e+00 (  8.82e+01,  1.36e+02)
45      0.068   2.28e-01   2.77e-01   1.50e-01   7.91e-01   0.00e+00 (  8.60e+01,  1.34e+02)
50      0.082   2.53e-01   3.42e-01   1.67e-01   1.01e+00   0.00e+00 (  8.26e+01,  1.29e+02)
55      0.094   2.72e-01   4.01e-01   2.18e-01   1.21e+00   0.00e+00 (  7.68e+01,  1.22e+02)
60      0.107   2.91e-01   4.43e-01   2.79e-01   1.42e+00   0.00e+00 (  7.04e+01,  1.15e+02)
65      0.136   3.24e-01   5.36e-01   3.66e-01   1.87e+00   0.00e+00 (  6.60e+01,  1.06e+02)
70      0.145   3.35e-01   5.78e-01   4.39e-01   2.03e+00   0.00e+00 (  5.92e+01,  9.72e+01)
75      0.153   3.42e-01   6.11e-01   5.11e-01   2.18e+00   0.00e+00 (  5.35e+01,  8.88e+01)
80      0.155   3.41e-01   6.34e-01   5.53e-01   2.26e+00   0.00e+00 (  4.82e+01,  8.08e+01)
85      0.151   3.20e-01   6.26e-01   5.47e-01   2.24e+00   0.00e+00 (  4.22e+01,  7.35e+01)
90      0.154   3.17e-01   6.12e-01   5.43e-01   2.50e+00   0.00e+00 (  3.78e+01,  6.69e+01)
95      1.870   4.30e+00   5.31e+00   3.63e+00   1.19e+02   0.00e+00 (  1.72e+03,  6.11e+01)
44 e: 1.709e-05 i: 2.617e-06 :: e: 8.806e-03 i: 1.162e-02 :: n: 2.762e+01 e:19.756 i:19.825 v:4.993e+03
>>> tau_he = 5.000000, nhe(0)=2.291689e+00
 5     -0.004   3.85e-03   2.62e-01   3.62e-03  -1.90e-02   0.00e+00 (  1.05e+00,  2.78e+01)
10     -0.008   9.70e-03   5.30e-02  -1.82e-03  -4.42e-02   0.00e+00 (  4.89e+00,  5.54e+01)
15      0.004   6.06e-02   1.19e-02   8.98e-03   2.32e-02   0.00e+00 (  3.49e+01,  8.25e+01)
20      0.004   9.10e-02   5.99e-02   2.25e-02   2.76e-02   0.00e+00 (  5.35e+01,  1.01e+02)
25      0.026   1.21e-01   9.43e-02   3.34e-02   2.27e-01   0.00e+00 (  6.76e+01,  1.16e+02)
30      0.040   1.57e-01   1.41e-01   6.20e-02   3.78e-01   0.00e+00 (  8.01e+01,  1.27e+02)
35      0.044   1.77e-01   1.70e-01   8.93e-02   4.48e-01   0.00e+00 (  8.39e+01,  1.34e+02)
40      0.053   2.05e-01   2.20e-01   1.12e-01   5.86e-01   0.00e+00 (  8.72e+01,  1.36e+02)
45      0.068   2.25e-01   2.71e-01   1.46e-01   7.91e-01   0.00e+00 (  8.45e+01,  1.34e+02)
50      0.084   2.52e-01   3.29e-01   1.63e-01   1.04e+00   0.00e+00 (  8.17e+01,  1.29e+02)
55      0.094   2.71e-01   3.95e-01   2.16e-01   1.20e+00   0.00e+00 (  7.58e+01,  1.22e+02)
60      0.107   2.89e-01   4.38e-01   2.76e-01   1.42e+00   0.00e+00 (  6.93e+01,  1.15e+02)
65      0.136   3.21e-01   5.30e-01   3.62e-01   1.86e+00   0.00e+00 (  6.49e+01,  1.06e+02)
70      0.145   3.32e-01   5.73e-01   4.36e-01   2.03e+00   0.00e+00 (  5.84e+01,  9.72e+01)
75      0.153   3.40e-01   6.08e-01   5.09e-01   2.19e+00   0.00e+00 (  5.28e+01,  8.88e+01)
80      0.156   3.40e-01   6.33e-01   5.51e-01   2.27e+00   0.00e+00 (  4.77e+01,  8.08e+01)
85      0.152   3.20e-01   6.26e-01   5.47e-01   2.26e+00   0.00e+00 (  4.19e+01,  7.35e+01)
90      0.155   3.18e-01   6.14e-01   5.45e-01   2.52e+00   0.00e+00 (  3.77e+01,  6.69e+01)
95      1.869   4.30e+00   5.31e+00   3.63e+00   1.19e+02   0.00e+00 (  1.72e+03,  6.11e+01)
45 e: 5.302e-06 i: 1.064e-05 :: e: 5.496e-03 i: 6.482e-03 :: n: 2.762e+01 e:19.673 i:19.852 v:4.993e+03
>>> tau_he = 5.000000, nhe(0)=2.285267e+00
 5     -0.004   3.82e-03   2.60e-01   3.62e-03  -1.89e-02   0.00e+00 (  1.05e+00,  2.78e+01)
10     -0.008   9.67e-03   5.29e-02  -1.83e-03  -4.44e-02   0.00e+00 (  4.89e+00,  5.54e+01)
15      0.005   6.24e-02   1.51e-02   1.00e-02   3.08e-02   0.00e+00 (  3.61e+01,  8.25e+01)
20      0.004   8.72e-02   6.18e-02   2.06e-02   2.79e-02   0.00e+00 (  5.13e+01,  1.01e+02)
25      0.027   1.22e-01   9.59e-02   3.39e-02   2.28e-01   0.00e+00 (  6.78e+01,  1.16e+02)
30      0.040   1.58e-01   1.43e-01   6.31e-02   3.79e-01   0.00e+00 (  8.06e+01,  1.27e+02)
35      0.044   1.77e-01   1.73e-01   9.08e-02   4.50e-01   0.00e+00 (  8.44e+01,  1.34e+02)
40      0.054   2.05e-01   2.23e-01   1.14e-01   5.89e-01   0.00e+00 (  8.78e+01,  1.36e+02)
45      0.068   2.27e-01   2.77e-01   1.50e-01   7.89e-01   0.00e+00 (  8.55e+01,  1.34e+02)
50      0.082   2.52e-01   3.41e-01   1.67e-01   1.01e+00   0.00e+00 (  8.20e+01,  1.29e+02)
55      0.094   2.71e-01   4.00e-01   2.18e-01   1.20e+00   0.00e+00 (  7.63e+01,  1.22e+02)
60      0.107   2.90e-01   4.41e-01   2.78e-01   1.42e+00   0.00e+00 (  6.98e+01,  1.15e+02)
65      0.136   3.22e-01   5.33e-01   3.64e-01   1.86e+00   0.00e+00 (  6.54e+01,  1.06e+02)
70      0.144   3.33e-01   5.74e-01   4.37e-01   2.02e+00   0.00e+00 (  5.87e+01,  9.72e+01)
75      0.152   3.40e-01   6.08e-01   5.09e-01   2.17e+00   0.00e+00 (  5.30e+01,  8.88e+01)
80      0.155   3.39e-01   6.30e-01   5.50e-01   2.25e+00   0.00e+00 (  4.78e+01,  8.08e+01)
85      0.151   3.18e-01   6.22e-01   5.43e-01   2.23e+00   0.00e+00 (  4.18e+01,  7.35e+01)
90      0.153   3.16e-01   6.08e-01   5.40e-01   2.49e+00   0.00e+00 (  3.75e+01,  6.69e+01)
95      1.870   4.30e+00   5.31e+00   3.63e+00   1.19e+02   0.00e+00 (  1.72e+03,  6.11e+01)
46 e: 1.682e-05 i: 1.962e-06 :: e: 4.897e-03 i: 7.515e-03 :: n: 2.762e+01 e:19.721 i:19.793 v:4.993e+03
>>> tau_he = 5.000000, nhe(0)=2.287693e+00
 5     -0.004   3.83e-03   2.61e-01   3.61e-03  -1.89e-02   0.00e+00 (  1.05e+00,  2.78e+01)
10     -0.008   9.66e-03   5.28e-02  -1.81e-03  -4.40e-02   0.00e+00 (  4.87e+00,  5.54e+01)
15      0.004   6.07e-02   1.25e-02   9.14e-03   2.47e-02   0.00e+00 (  3.50e+01,  8.25e+01)
20      0.004   9.07e-02   5.99e-02   2.26e-02   2.83e-02   0.00e+00 (  5.32e+01,  1.01e+02)
25      0.026   1.21e-01   9.43e-02   3.34e-02   2.27e-01   0.00e+00 (  6.73e+01,  1.16e+02)
30      0.040   1.57e-01   1.41e-01   6.21e-02   3.77e-01   0.00e+00 (  7.98e+01,  1.27e+02)
35      0.044   1.76e-01   1.70e-01   8.95e-02   4.48e-01   0.00e+00 (  8.35e+01,  1.34e+02)
40      0.053   2.04e-01   2.19e-01   1.12e-01   5.86e-01   0.00e+00 (  8.67e+01,  1.36e+02)
45      0.068   2.25e-01   2.70e-01   1.46e-01   7.90e-01   0.00e+00 (  8.41e+01,  1.34e+02)
50      0.084   2.51e-01   3.29e-01   1.62e-01   1.03e+00   0.00e+00 (  8.12e+01,  1.29e+02)
55      0.094   2.70e-01   3.94e-01   2.15e-01   1.20e+00   0.00e+00 (  7.53e+01,  1.22e+02)
60      0.107   2.87e-01   4.36e-01   2.75e-01   1.41e+00   0.00e+00 (  6.87e+01,  1.15e+02)
65      0.135   3.20e-01   5.27e-01   3.61e-01   1.85e+00   0.00e+00 (  6.44e+01,  1.06e+02)
70      0.144   3.30e-01   5.69e-01   4.34e-01   2.02e+00   0.00e+00 (  5.78e+01,  9.72e+01)
75      0.152   3.38e-01   6.04e-01   5.06e-01   2.18e+00   0.00e+00 (  5.23e+01,  8.88e+01)
80      0.155   3.38e-01   6.29e-01   5.49e-01   2.26e+00   0.00e+00 (  4.73e+01,  8.08e+01)
85      0.152   3.18e-01   6.22e-01   5.44e-01   2.24e+00   0.00e+00 (  4.15e+01,  7.35e+01)
90      0.154   3.17e-01   6.10e-01   5.41e-01   2.50e+00   0.00e+00 (  3.74e+01,  6.69e+01)
95      1.869   4.30e+00   5.31e+00   3.63e+00   1.19e+02   0.00e+00 (  1.71e+03,  6.11e+01)
47 e: 4.288e-06 i: 1.025e-05 :: e: 1.966e-03 i: 3.403e-03 :: n: 2.762e+01 e:19.639 i:19.815 v:4.993e+03
>>> tau_he = 5.000000, nhe(0)=2.281262e+00
 5     -0.004   3.81e-03   2.59e-01   3.61e-03  -1.88e-02   0.00e+00 (  1.04e+00,  2.78e+01)
10     -0.008   9.63e-03   5.27e-02  -1.82e-03  -4.42e-02   0.00e+00 (  4.87e+00,  5.54e+01)
15      0.005   6.24e-02   1.54e-02   1.01e-02   3.18e-02   0.00e+00 (  3.60e+01,  8.25e+01)
20      0.004   8.68e-02   6.17e-02   2.06e-02   2.86e-02   0.00e+00 (  5.10e+01,  1.01e+02)
25      0.027   1.21e-01   9.57e-02   3.39e-02   2.27e-01   0.00e+00 (  6.75e+01,  1.16e+02)
30      0.040   1.57e-01   1.43e-01   6.32e-02   3.78e-01   0.00e+00 (  8.01e+01,  1.27e+02)
35      0.044   1.77e-01   1.73e-01   9.09e-02   4.49e-01   0.00e+00 (  8.39e+01,  1.34e+02)
40      0.053   2.05e-01   2.23e-01   1.14e-01   5.88e-01   0.00e+00 (  8.72e+01,  1.36e+02)
45      0.068   2.26e-01   2.76e-01   1.50e-01   7.88e-01   0.00e+00 (  8.50e+01,  1.34e+02)
50      0.082   2.51e-01   3.40e-01   1.67e-01   1.01e+00   0.00e+00 (  8.14e+01,  1.29e+02)
55      0.094   2.70e-01   3.98e-01   2.17e-01   1.20e+00   0.00e+00 (  7.57e+01,  1.22e+02)
60      0.107   2.88e-01   4.40e-01   2.80e-01   1.41e+00   0.00e+00 (  6.93e+01,  1.15e+02)
65      0.135   3.20e-01   5.30e-01   3.62e-01   1.85e+00   0.00e+00 (  6.48e+01,  1.06e+02)
70      0.144   3.31e-01   5.71e-01   4.35e-01   2.01e+00   0.00e+00 (  5.81e+01,  9.72e+01)
75      0.151   3.38e-01   6.04e-01   5.06e-01   2.16e+00   0.00e+00 (  5.25e+01,  8.88e+01)
80      0.154   3.36e-01   6.26e-01   5.47e-01   2.24e+00   0.00e+00 (  4.73e+01,  8.08e+01)
85      0.150   3.16e-01   6.18e-01   5.40e-01   2.22e+00   0.00e+00 (  4.14e+01,  7.35e+01)
90      0.152   3.14e-01   6.04e-01   5.36e-01   2.47e+00   0.00e+00 (  3.72e+01,  6.69e+01)
95      1.870   4.30e+00   5.31e+00   3.63e+00   1.19e+02   0.00e+00 (  1.72e+03,  6.11e+01)
48 e: 1.581e-05 i: 1.655e-06 :: e: 1.902e-03 i: 4.171e-03 :: n: 2.762e+01 e:19.682 i:19.756 v:4.993e+03
>>> tau_he = 5.000000, nhe(0)=2.283350e+00
 5     -0.004   3.81e-03   2.60e-01   3.60e-03  -1.88e-02   0.00e+00 (  1.04e+00,  2.78e+01)
10     -0.008   9.62e-03   5.26e-02  -1.80e-03  -4.37e-02   0.00e+00 (  4.84e+00,  5.54e+01)
15      0.004   6.06e-02   1.28e-02   9.25e-03   2.59e-02   0.00e+00 (  3.49e+01,  8.25e+01)
20      0.004   9.09e-02   6.03e-02   1.95e-02   3.19e-02   0.00e+00 (  5.33e+01,  1.01e+02)
25      0.026   1.21e-01   9.42e-02   3.35e-02   2.26e-01   0.00e+00 (  6.69e+01,  1.16e+02)
30      0.040   1.56e-01   1.40e-01   6.21e-02   3.76e-01   0.00e+00 (  7.93e+01,  1.27e+02)
35      0.044   1.76e-01   1.70e-01   8.96e-02   4.47e-01   0.00e+00 (  8.30e+01,  1.34e+02)
40      0.053   2.03e-01   2.19e-01   1.13e-01   5.85e-01   0.00e+00 (  8.62e+01,  1.36e+02)
45      0.068   2.24e-01   2.70e-01   1.46e-01   7.88e-01   0.00e+00 (  8.35e+01,  1.34e+02)
50      0.084   2.50e-01   3.28e-01   1.62e-01   1.03e+00   0.00e+00 (  8.06e+01,  1.29e+02)
55      0.093   2.68e-01   3.93e-01   2.15e-01   1.19e+00   0.00e+00 (  7.45e+01,  1.22e+02)
60      0.106   2.86e-01   4.35e-01   2.77e-01   1.41e+00   0.00e+00 (  6.82e+01,  1.15e+02)
65      0.135   3.18e-01   5.24e-01   3.59e-01   1.84e+00   0.00e+00 (  6.38e+01,  1.06e+02)
70      0.144   3.28e-01   5.66e-01   4.31e-01   2.01e+00   0.00e+00 (  5.73e+01,  9.72e+01)
75      0.151   3.36e-01   6.00e-01   5.03e-01   2.17e+00   0.00e+00 (  5.18e+01,  8.88e+01)
80      0.154   3.36e-01   6.24e-01   5.46e-01   2.25e+00   0.00e+00 (  4.68e+01,  8.08e+01)
85      0.151   3.16e-01   6.18e-01   5.40e-01   2.23e+00   0.00e+00 (  4.11e+01,  7.35e+01)
90      0.153   3.15e-01   6.06e-01   5.38e-01   2.49e+00   0.00e+00 (  3.70e+01,  6.69e+01)
95      1.869   4.30e+00   5.31e+00   3.63e+00   1.19e+02   0.00e+00 (  1.71e+03,  6.11e+01)
49 e: 3.766e-06 i: 9.410e-06 :: e: 2.726e-03 i: 3.269e-03 :: n: 2.762e+01 e:19.602 i:19.775 v:4.993e+03
 plasma volume = 148.921994
 stored energy(e,i,b) = 5.379441e+01 4.786948e+01 0.000000e+00
 betan = 1.152298
*power
 Pnb(e,i) = 0.000000e+00 0.000000e+00
 Prf(e,i) = 6.492974e+00 1.351686e+01
 Prad     = -3.217541e+01 
 Pei      = -2.410078e+00 
 Pfuse    = 4.227579e+01 
 Pfusi    = 1.245981e+01 
 Poh      = 0.000000e+00 
*confinement time
 taut, tauITER98y2, H98y2 : 2.388156e+00 2.392759e+00 9.980763e-01
 taue, taui : 3.792804e+00 3.219222e+00
 taut, tau89, H89 : 2.388156e+00 1.061011e+00 2.250831e+00
*temperature
 nea, nebar : 1.945241e+01 2.196768e+01 
 tea, tia : 6.979666e+00 6.928665e+00 (1.007361e+00)
 te0, ti0 : 1.740662e+01 1.785572e+01 (9.748483e-01)
 Sn : 0.000000e+00 
*current balance
 Ip,Ibs,Inb,Irf: 1.000000e+01 1.765000e+00 0.000000e+00 8.485348e-02
 fni,fbs: 0.185 0.176

 plasma volume = 148.921994
 stored energy(e,i,b) = 5.379441e+01 4.786948e+01 0.000000e+00
 betan = 1.152298
*power
 Pnb(e,i) = 0.000000e+00 0.000000e+00
 Prf(e,i) = 6.492974e+00 1.351686e+01
 Prad     = -3.217541e+01 
 Pei      = -2.410078e+00 
 Pfuse    = 4.227579e+01 
 Pfusi    = 1.245981e+01 
 Poh      = 0.000000e+00 
*confinement time
 taut, tauITER98y2, H98y2 : 2.388156e+00 2.392759e+00 9.980763e-01
 taue, taui : 3.792804e+00 3.219222e+00
 taut, tau89, H89 : 2.388156e+00 1.061011e+00 2.250831e+00
*temperature
 nea, nebar : 1.945241e+01 2.196768e+01 
 tea, tia : 6.979666e+00 6.928665e+00 (1.007361e+00)
 te0, ti0 : 1.740662e+01 1.785572e+01 (9.748483e-01)
 Sn : 0.000000e+00 
*current balance
 Ip,Ibs,Inb,Irf: 1.000000e+01 1.765000e+00 0.000000e+00 8.485348e-02
 fni,fbs: 0.185 0.176
 ELAPASED TIME = 1776 sec
