NCAPTC: : NetCDF: Variable not found
Warning: ieee_overflow is signaling
Warning: ieee_underflow is signaling
Warning: ieee_inexact is signaling
FORTRAN STOP
 solver
 /global/common/software/atom/perlmutter/data/greentable/
 /global/common/software/atom/perlmutter/data/greentable/

          EFITD Version  07/09/2014


 type mode (2=file, 3=snap, 4=time, 5=input, 6=com file, 7=snap_ext):

 number of time slices?

 type input file names:
 #
 table_dir = </global/common/software/atom/perlmutter/data/greentable/>

  ----- time =     1 ms ----- ( 0)
 it=  1 chi2=0.00E+00 zm= 7.50E-03 err=4.533E+00 dz= 7.499E-03 chigam= 0.00E+00
 it=  2 chi2=0.00E+00 zm= 1.03E-02 err=9.975E-01 dz= 2.798E-03 chigam= 0.00E+00
 it=  3 chi2=0.00E+00 zm= 1.24E-02 err=5.385E-01 dz= 2.106E-03 chigam= 0.00E+00
 it=  4 chi2=0.00E+00 zm= 1.39E-02 err=2.924E-01 dz= 1.545E-03 chigam= 0.00E+00
 it=  5 chi2=0.00E+00 zm= 1.50E-02 err=1.592E-01 dz= 1.095E-03 chigam= 0.00E+00
 it=  6 chi2=0.00E+00 zm= 1.58E-02 err=8.897E-02 dz= 7.729E-04 chigam= 0.00E+00
 it=  7 chi2=0.00E+00 zm= 1.64E-02 err=5.031E-02 dz= 5.414E-04 chigam= 0.00E+00
 it=  8 chi2=0.00E+00 zm= 1.67E-02 err=2.905E-02 dz= 3.779E-04 chigam= 0.00E+00
 it=  9 chi2=0.00E+00 zm= 1.70E-02 err=1.835E-02 dz= 2.609E-04 chigam= 0.00E+00
 it= 10 chi2=0.00E+00 zm= 1.72E-02 err=1.164E-02 dz= 1.811E-04 chigam= 0.00E+00
 it= 11 chi2=0.00E+00 zm= 1.73E-02 err=7.484E-03 dz= 1.257E-04 chigam= 0.00E+00
 it= 12 chi2=0.00E+00 zm= 1.74E-02 err=5.021E-03 dz= 8.796E-05 chigam= 0.00E+00
 it= 13 chi2=0.00E+00 zm= 1.75E-02 err=2.967E-03 dz= 6.057E-05 chigam= 0.00E+00
 it= 14 chi2=0.00E+00 zm= 1.75E-02 err=2.157E-03 dz= 4.240E-05 chigam= 0.00E+00
 it= 15 chi2=0.00E+00 zm= 1.75E-02 err=1.208E-03 dz= 2.910E-05 chigam= 0.00E+00
 it= 16 chi2=0.00E+00 zm= 1.75E-02 err=6.497E-04 dz= 1.728E-05 chigam= 0.00E+00
 it= 17 chi2=0.00E+00 zm= 1.76E-02 err=9.948E-04 dz= 1.479E-05 chigam= 0.00E+00
 it= 18 chi2=0.00E+00 zm= 1.76E-02 err=5.174E-04 dz= 7.450E-06 chigam= 0.00E+00
 it= 19 chi2=0.00E+00 zm= 1.76E-02 err=7.985E-04 dz= 8.139E-06 chigam= 0.00E+00
 it= 20 chi2=0.00E+00 zm= 1.76E-02 err=4.964E-04 dz= 2.644E-06 chigam= 0.00E+00
 it= 21 chi2=0.00E+00 zm= 1.76E-02 err=6.215E-04 dz= 4.797E-06 chigam= 0.00E+00
 it= 22 chi2=0.00E+00 zm= 1.76E-02 err=4.959E-04 dz= 3.314E-07 chigam= 0.00E+00
 it= 23 chi2=0.00E+00 zm= 1.76E-02 err=5.505E-04 dz= 3.185E-06 chigam= 0.00E+00
 it= 24 chi2=0.00E+00 zm= 1.76E-02 err=2.399E-04 dz= 2.275E-06 chigam= 0.00E+00
 it= 25 chi2=0.00E+00 zm= 1.76E-02 err=6.264E-04 dz=-1.335E-06 chigam= 0.00E+00
 it= 26 chi2=0.00E+00 zm= 1.76E-02 err=4.792E-04 dz= 1.972E-06 chigam= 0.00E+00
 it= 27 chi2=0.00E+00 zm= 1.76E-02 err=2.105E-04 dz= 1.393E-06 chigam= 0.00E+00
 it= 28 chi2=0.00E+00 zm= 1.76E-02 err=6.401E-04 dz=-1.970E-06 chigam= 0.00E+00
 it= 29 chi2=0.00E+00 zm= 1.76E-02 err=4.624E-04 dz= 1.518E-06 chigam= 0.00E+00
 it= 30 chi2=0.00E+00 zm= 1.76E-02 err=5.346E-04 dz=-1.716E-06 chigam= 0.00E+00
 it= 31 chi2=0.00E+00 zm= 1.76E-02 err=2.718E-04 dz=-1.579E-06 chigam= 0.00E+00
 it= 32 chi2=0.00E+00 zm= 1.76E-02 err=6.522E-04 dz= 2.005E-06 chigam= 0.00E+00
 it= 33 chi2=0.00E+00 zm= 1.76E-02 err=4.464E-04 dz=-1.514E-06 chigam= 0.00E+00
 it= 34 chi2=0.00E+00 zm= 1.76E-02 err=5.518E-04 dz= 1.966E-06 chigam= 0.00E+00
 it= 35 chi2=0.00E+00 zm= 1.76E-02 err=5.058E-04 dz=-1.605E-06 chigam= 0.00E+00
 it= 36 chi2=0.00E+00 zm= 1.76E-02 err=5.176E-04 dz= 1.868E-06 chigam= 0.00E+00
 it= 37 chi2=0.00E+00 zm= 1.76E-02 err=5.253E-04 dz=-1.695E-06 chigam= 0.00E+00
 it= 38 chi2=0.00E+00 zm= 1.76E-02 err=5.059E-04 dz= 1.789E-06 chigam= 0.00E+00
 it= 39 chi2=0.00E+00 zm= 1.76E-02 err=5.314E-04 dz=-1.754E-06 chigam= 0.00E+00
 it= 40 chi2=0.00E+00 zm= 1.76E-02 err=5.019E-04 dz= 1.739E-06 chigam= 0.00E+00
 it= 41 chi2=0.00E+00 zm= 1.76E-02 err=2.381E-04 dz= 1.271E-06 chigam= 0.00E+00
 it= 42 chi2=0.00E+00 zm= 1.76E-02 err=6.280E-04 dz=-2.033E-06 chigam= 0.00E+00
 it= 43 chi2=0.00E+00 zm= 1.76E-02 err=4.656E-04 dz= 1.490E-06 chigam= 0.00E+00
 it= 44 chi2=0.00E+00 zm= 1.76E-02 err=2.101E-04 dz= 1.059E-06 chigam= 0.00E+00
 it= 45 chi2=0.00E+00 zm= 1.76E-02 err=6.407E-04 dz=-2.204E-06 chigam= 0.00E+00
 it= 46 chi2=0.00E+00 zm= 1.76E-02 err=4.585E-04 dz= 1.355E-06 chigam= 0.00E+00
 it= 47 chi2=0.00E+00 zm= 1.76E-02 err=2.074E-04 dz= 9.580E-07 chigam= 0.00E+00
 it= 48 chi2=0.00E+00 zm= 1.76E-02 err=6.412E-04 dz=-2.274E-06 chigam= 0.00E+00
 it= 49 chi2=0.00E+00 zm= 1.76E-02 err=4.570E-04 dz= 1.301E-06 chigam= 0.00E+00
 it= 50 chi2=0.00E+00 zm= 1.76E-02 err=5.346E-04 dz=-1.865E-06 chigam= 0.00E+00
 it= 51 chi2=0.00E+00 zm= 1.76E-02 err=2.739E-04 dz=-1.684E-06 chigam= 0.00E+00

      ******************** EFITD129 x 129  output ********************

       data used:   
  0 flux loops
  0 magnetic probes(i)
  0 full rogowski
  0 diamagnetic loop


 shot #   =          1 time(ms) =          1 chi**2   =  0.000E+00
 betat(%) =      1.096 betap    =      0.695 li       =      0.871
 vol(cm3) =  0.927E+07 rout(cm) =    170.948 zout(cm) =     -0.342
 elong    =      1.398 utriang  =     -0.490 ltriang  =     -0.490
 a(cm)    =     44.853 lin(cm)  = ********** lout(cm) =      0.907
 ltop(cm) = ********** q*       =      3.058 rc(cm)   =    177.403
 zc(cm)   =      1.390 bt0(t)   =      2.000 qout     =      2.874
