NCAPTC: : NetCDF: Variable not found
Warning: ieee_overflow is signaling
Warning: ieee_underflow is signaling
Warning: ieee_inexact is signaling
FORTRAN STOP
 solver
 /global/common/software/atom/perlmutter/data/greentable/
 /global/common/software/atom/perlmutter/data/greentable/

          EFITD Version  07/09/2014


 type mode (2=file, 3=snap, 4=time, 5=input, 6=com file, 7=snap_ext):

 number of time slices?

 type input file names:
 #
 table_dir = </global/common/software/atom/perlmutter/data/greentable/>

  ----- time =     1 ms ----- ( 0)
 it=  1 chi2=0.00E+00 zm= 7.53E-03 err=5.202E+00 dz= 7.535E-03 chigam= 0.00E+00
 it=  2 chi2=0.00E+00 zm= 1.07E-02 err=8.250E-01 dz= 3.202E-03 chigam= 0.00E+00
 it=  3 chi2=0.00E+00 zm= 1.31E-02 err=4.579E-01 dz= 2.411E-03 chigam= 0.00E+00
 it=  4 chi2=0.00E+00 zm= 1.50E-02 err=2.734E-01 dz= 1.813E-03 chigam= 0.00E+00
 it=  5 chi2=0.00E+00 zm= 1.64E-02 err=1.677E-01 dz= 1.390E-03 chigam= 0.00E+00
 it=  6 chi2=0.00E+00 zm= 1.74E-02 err=9.848E-02 dz= 1.047E-03 chigam= 0.00E+00
 it=  7 chi2=0.00E+00 zm= 1.82E-02 err=6.260E-02 dz= 7.981E-04 chigam= 0.00E+00
 it=  8 chi2=0.00E+00 zm= 1.88E-02 err=3.857E-02 dz= 6.032E-04 chigam= 0.00E+00
 it=  9 chi2=0.00E+00 zm= 1.93E-02 err=2.970E-02 dz= 4.622E-04 chigam= 0.00E+00
 it= 10 chi2=0.00E+00 zm= 1.96E-02 err=1.898E-02 dz= 3.467E-04 chigam= 0.00E+00
 it= 11 chi2=0.00E+00 zm= 1.99E-02 err=1.232E-02 dz= 2.589E-04 chigam= 0.00E+00
 it= 12 chi2=0.00E+00 zm= 2.01E-02 err=8.894E-03 dz= 1.908E-04 chigam= 0.00E+00
 it= 13 chi2=0.00E+00 zm= 2.02E-02 err=2.968E-03 dz= 1.348E-04 chigam= 0.00E+00
 it= 14 chi2=0.00E+00 zm= 2.03E-02 err=1.973E-03 dz= 9.869E-05 chigam= 0.00E+00
 it= 15 chi2=0.00E+00 zm= 2.04E-02 err=1.343E-03 dz= 7.228E-05 chigam= 0.00E+00
 it= 16 chi2=0.00E+00 zm= 2.04E-02 err=1.081E-03 dz= 5.295E-05 chigam= 0.00E+00
 it= 17 chi2=0.00E+00 zm= 2.05E-02 err=8.466E-04 dz= 3.879E-05 chigam= 0.00E+00
 it= 18 chi2=0.00E+00 zm= 2.05E-02 err=7.994E-04 dz= 2.845E-05 chigam= 0.00E+00
 it= 19 chi2=0.00E+00 zm= 2.05E-02 err=6.136E-04 dz= 2.109E-05 chigam= 0.00E+00
 it= 20 chi2=0.00E+00 zm= 2.05E-02 err=4.568E-04 dz= 1.563E-05 chigam= 0.00E+00
 it= 21 chi2=0.00E+00 zm= 2.05E-02 err=3.336E-04 dz= 1.159E-05 chigam= 0.00E+00
 it= 22 chi2=0.00E+00 zm= 2.05E-02 err=2.405E-04 dz= 8.581E-06 chigam= 0.00E+00
 it= 23 chi2=0.00E+00 zm= 2.05E-02 err=1.721E-04 dz= 6.351E-06 chigam= 0.00E+00
 it= 24 chi2=0.00E+00 zm= 2.06E-02 err=1.224E-04 dz= 4.697E-06 chigam= 0.00E+00
 it= 25 chi2=0.00E+00 zm= 2.06E-02 err=8.689E-05 dz= 3.470E-06 chigam= 0.00E+00

      ******************** EFITD129 x 129  output ********************

       data used:   
  0 flux loops
  0 magnetic probes(i)
  0 full rogowski
  0 diamagnetic loop


 shot #   =          1 time(ms) =          1 chi**2   =  0.000E+00
 betat(%) =      0.927 betap    =      0.465 li       =      0.857
 vol(cm3) =  0.772E+07 rout(cm) =    172.130 zout(cm) =      0.818
 elong    =      1.342 utriang  =     -0.374 ltriang  =     -0.310
 a(cm)    =     41.361 lin(cm)  = ********** lout(cm) =     10.685
 ltop(cm) = ********** q*       =      2.287 rc(cm)   =    176.115
 zc(cm)   =      1.799 bt0(t)   =      2.000 qout     =      2.189
