========================================================================
= FASTRAN

nonlinear model = 1
ichi = 0
ineo = 0
reading state...
read formatted input, inprof...
init geometry...
read formatted input, inmetric...
nrho in inmetric = 101
rhob in inmetric = 1.381996e+00
solve avg grad-shafranv...
solve_avg_gs::Ip_temp = 3.273024e+00 
solve_avg_gs::Ip      = 1.000000e+01 
>>> tau_he = 5.000000, nhe(0)=2.395386e+00

 plasma volume = 177.818346
 stored energy(e,i,b) = 7.218736e+01 6.751632e+01 0.000000e+00
 betan = 1.436522
*power
 Pnb(e,i) = 0.000000e+00 0.000000e+00
 Prf(e,i) = 4.560375e+00 2.823516e+01
 Prad     = -2.443399e+01 
 Pei      = 2.325514e+00 
 Pfuse    = 7.081530e+01 
 Pfusi    = 2.282308e+01 
 Poh      = 0.000000e+00 
*confinement time
 taut, tauITER98y2, H98y2 : 1.369645e+00 1.407013e+00 9.734413e-01
 taue, taui : 1.355193e+00 3.293870e+00
 taut, tau89, H89 : 1.369645e+00 7.147578e-01 1.916236e+00
*temperature
 nea, nebar : 1.919101e+01 2.176754e+01 
 tea, tia : 7.836239e+00 7.895862e+00 (9.924489e-01)
 te0, ti0 : 1.881385e+01 1.901400e+01 (9.894732e-01)
 Sn : 0.000000e+00 
*current balance
 Ip,Ibs,Inb,Irf: 1.000000e+01 2.579267e+00 0.000000e+00 0.000000e+00
 fni,fbs: 0.258 0.258

 plasma volume = 177.818346
 stored energy(e,i,b) = 7.218736e+01 6.751632e+01 0.000000e+00
 betan = 1.436522
*power
 Pnb(e,i) = 0.000000e+00 0.000000e+00
 Prf(e,i) = 4.560375e+00 2.823516e+01
 Prad     = -2.443399e+01 
 Pei      = 2.325514e+00 
 Pfuse    = 7.081530e+01 
 Pfusi    = 2.282308e+01 
 Poh      = 0.000000e+00 
*confinement time
 taut, tauITER98y2, H98y2 : 1.369645e+00 1.407013e+00 9.734413e-01
 taue, taui : 1.355193e+00 3.293870e+00
 taut, tau89, H89 : 1.369645e+00 7.147578e-01 1.916236e+00
*temperature
 nea, nebar : 1.919101e+01 2.176754e+01 
 tea, tia : 7.836239e+00 7.895862e+00 (9.924489e-01)
 te0, ti0 : 1.881385e+01 1.901400e+01 (9.894732e-01)
 Sn : 0.000000e+00 
*current balance
 Ip,Ibs,Inb,Irf: 1.000000e+01 2.579267e+00 0.000000e+00 0.000000e+00
 fni,fbs: 0.258 0.258
 ELAPASED TIME = 0 sec
