========================================================================
= FASTRAN

nonlinear model = 1
ichi = 0
ineo = 0
reading state...
read formatted input, inprof...
init geometry...
read formatted input, inmetric...
nrho in inmetric = 101
rhob in inmetric = 1.265801e+00
solve avg grad-shafranv...
solve_avg_gs::Ip_temp = 1.000103e+01 
solve_avg_gs::Ip      = 1.000000e+01 
>>> tau_he = 5.000000, nhe(0)=2.298542e+00

 plasma volume = 149.477591
 stored energy(e,i,b) = 6.483158e+01 5.922363e+01 0.000000e+00
 betan = 1.401847
*power
 Pnb(e,i) = 0.000000e+00 0.000000e+00
 Prf(e,i) = 0.000000e+00 0.000000e+00
 Prad     = -2.906328e+01 
 Pei      = 1.840347e+00 
 Pfuse    = 6.188402e+01 
 Pfusi    = 1.961507e+01 
 Poh      = 0.000000e+00 
*confinement time
 taut, tauITER98y2, H98y2 : 2.365849e+00 2.077032e+00 1.139053e+00
 taue, taui : 1.870442e+00 3.331902e+00
 taut, tau89, H89 : 2.365849e+00 9.573926e-01 2.471138e+00
*temperature
 nea, nebar : 1.945844e+01 2.196472e+01 
 tea, tia : 8.374893e+00 8.434273e+00 (9.929596e-01)
 te0, ti0 : 1.881350e+01 1.901367e+01 (9.894724e-01)
 Sn : 0.000000e+00 
*current balance
 Ip,Ibs,Inb,Irf: 1.000000e+01 2.115546e+00 0.000000e+00 0.000000e+00
 fni,fbs: 0.212 0.212

 plasma volume = 149.477591
 stored energy(e,i,b) = 6.483158e+01 5.922363e+01 0.000000e+00
 betan = 1.401847
*power
 Pnb(e,i) = 0.000000e+00 0.000000e+00
 Prf(e,i) = 0.000000e+00 0.000000e+00
 Prad     = -2.906328e+01 
 Pei      = 1.840347e+00 
 Pfuse    = 6.188402e+01 
 Pfusi    = 1.961507e+01 
 Poh      = 0.000000e+00 
*confinement time
 taut, tauITER98y2, H98y2 : 2.365849e+00 2.077032e+00 1.139053e+00
 taue, taui : 1.870442e+00 3.331902e+00
 taut, tau89, H89 : 2.365849e+00 9.573926e-01 2.471138e+00
*temperature
 nea, nebar : 1.945844e+01 2.196472e+01 
 tea, tia : 8.374893e+00 8.434273e+00 (9.929596e-01)
 te0, ti0 : 1.881350e+01 1.901367e+01 (9.894724e-01)
 Sn : 0.000000e+00 
*current balance
 Ip,Ibs,Inb,Irf: 1.000000e+01 2.115546e+00 0.000000e+00 0.000000e+00
 fni,fbs: 0.212 0.212
 ELAPASED TIME = 0 sec
