========================================================================
= FASTRAN

nonlinear model = 0
ichi = 0
ineo = 0
reading state...
read formatted input, inprof...
init geometry...
read formatted input, inmetric...
nrho in inmetric = 101
rhob in inmetric = 1.262629e+00
solve avg grad-shafranv...
solve_avg_gs::Ip_temp = 9.986249e+00 
solve_avg_gs::Ip      = 1.000000e+01 
>>> tau_he = 5.000000, nhe(0)=2.380030e+00

 plasma volume = 148.421704
 stored energy(e,i,b) = 5.457884e+01 4.906239e+01 0.000000e+00
 betan = 1.178063
*power
 Pnb(e,i) = 0.000000e+00 0.000000e+00
 Prf(e,i) = 1.234407e+01 2.767535e+01
 Prad     = -3.020338e+01 
 Pei      = 1.069851e+00 
 Pfuse    = 4.776250e+01 
 Pfusi    = 1.498876e+01 
 Poh      = 0.000000e+00 
*confinement time
 taut, tauITER98y2, H98y2 : 1.428208e+00 1.635768e+00 8.731116e-01
 taue, taui : 1.762140e+00 3.524874e+00
 taut, tau89, H89 : 1.428208e+00 8.095346e-01 1.764234e+00
*temperature
 nea, nebar : 1.865200e+01 2.143188e+01 
 tea, tia : 7.120368e+00 7.162414e+00 (9.941296e-01)
 te0, ti0 : 1.916548e+01 2.038499e+01 (9.401763e-01)
 Sn : 0.000000e+00 
*current balance
 Ip,Ibs,Inb,Irf: 1.000000e+01 1.859893e+00 0.000000e+00 1.842765e-01
 fni,fbs: 0.204 0.186

Time advancing...
rho_bdry 0.950000 ...
te_bdry = 1.923139
ti_bdry = 1.923358
ne_bdry = 11.710562
rv_bdry = 100.762170
nrho_tr_bdry = 19
drho_bdry = 0.000000e+00
nrhob = 95
 [    0] t = 0.0000 
>>> tau_he = 5.000000, nhe(0)=2.359322e+00
 5     -0.002   3.94e-03   1.33e-01   2.22e-03  -8.64e-03   0.00e+00 (  7.18e-01,  4.72e+01)
10      0.000   2.05e-03  -2.51e-03   1.71e-05   2.44e-03   0.00e+00 (  5.67e-01,  8.93e+01)
15     -0.002   2.27e-04  -4.47e-03  -3.79e-03  -1.74e-02   0.00e+00 (  8.14e-02,  1.22e+02)
20      0.017   3.55e-02  -4.08e-02  -4.95e-03   1.42e-01   0.00e+00 (  1.50e+01,  1.46e+02)
25      0.038   1.09e-01   2.75e-02   1.80e-02   3.54e-01   0.00e+00 (  5.09e+01,  1.66e+02)
30      0.054   1.62e-01   1.07e-01   5.01e-02   5.57e-01   0.00e+00 (  8.01e+01,  1.78e+02)
35      0.057   1.93e-01   1.46e-01   6.66e-02   6.33e-01   0.00e+00 (  9.22e+01,  1.84e+02)
40      0.062   2.32e-01   1.96e-01   5.86e-02   7.36e-01   0.00e+00 (  1.06e+02,  1.86e+02)
45      0.079   2.69e-01   2.80e-01   1.51e-01   1.00e+00   0.00e+00 (  1.13e+02,  1.81e+02)
50      0.126   3.56e-01   4.68e-01   2.06e-01   1.67e+00   0.00e+00 (  1.37e+02,  1.73e+02)
55      0.175   4.34e-01   6.67e-01   3.38e-01   2.41e+00   0.00e+00 (  1.52e+02,  1.63e+02)
60      0.158   4.21e-01   6.49e-01   4.17e-01   2.26e+00   0.00e+00 (  1.35e+02,  1.52e+02)
65      0.224   5.28e-01   9.37e-01   6.37e-01   3.29e+00   0.00e+00 (  1.51e+02,  1.41e+02)
70      0.266   6.13e-01   1.17e+00   8.66e-01   4.00e+00   0.00e+00 (  1.55e+02,  1.30e+02)
75      0.266   6.32e-01   1.22e+00   9.66e-01   4.10e+00   0.00e+00 (  1.42e+02,  1.20e+02)
80      0.250   6.11e-01   1.18e+00   9.64e-01   4.03e+00   0.00e+00 (  1.22e+02,  1.10e+02)
85      0.252   6.06e-01   1.14e+00   9.12e-01   4.92e+00   0.00e+00 (  1.13e+02,  1.02e+02)
90      0.341   7.69e-01   1.19e+00   8.14e-01   1.21e+01   0.00e+00 (  1.82e+02,  9.53e+01)
95      0.198   3.96e-01   5.78e-01   4.16e-01   1.25e+01   0.00e+00 (  1.74e+02,  8.94e+01)
 0 e: 7.855e-07 i: 7.795e-06 :: e: 0.000e+00 i: 0.000e+00 :: n: 2.762e+01 e:19.165 i:20.385 v:4.993e+03
>>> tau_he = 5.000000, nhe(0)=2.344986e+00
 5     -0.001   4.51e-03   2.17e-01   2.87e-03  -6.23e-03   0.00e+00 (  7.94e-01,  4.72e+01)
10      0.001   2.78e-03  -2.52e-03  -1.61e-05   3.79e-03   0.00e+00 (  7.73e-01,  8.93e+01)
15      0.001   1.16e-02  -2.64e-02  -6.97e-03   9.15e-03   0.00e+00 (  4.23e+00,  1.22e+02)
20      0.017   3.53e-02  -4.07e-02  -5.28e-03   1.37e-01   0.00e+00 (  1.51e+01,  1.46e+02)
25      0.039   1.10e-01   3.03e-02   1.88e-02   3.66e-01   0.00e+00 (  5.16e+01,  1.66e+02)
30      0.054   1.59e-01   1.02e-01   4.92e-02   5.59e-01   0.00e+00 (  7.81e+01,  1.78e+02)
35      0.057   1.93e-01   1.47e-01   6.71e-02   6.35e-01   0.00e+00 (  9.28e+01,  1.84e+02)
40      0.063   2.33e-01   2.00e-01   6.08e-02   7.49e-01   0.00e+00 (  1.06e+02,  1.86e+02)
45      0.082   2.72e-01   2.91e-01   1.55e-01   1.04e+00   0.00e+00 (  1.15e+02,  1.81e+02)
50      0.126   3.56e-01   4.71e-01   2.07e-01   1.67e+00   0.00e+00 (  1.36e+02,  1.73e+02)
55      0.170   4.29e-01   6.55e-01   3.28e-01   2.35e+00   0.00e+00 (  1.49e+02,  1.63e+02)
60      0.165   4.29e-01   6.73e-01   4.31e-01   2.36e+00   0.00e+00 (  1.39e+02,  1.52e+02)
65      0.221   5.24e-01   9.31e-01   6.33e-01   3.25e+00   0.00e+00 (  1.50e+02,  1.41e+02)
70      0.257   6.03e-01   1.14e+00   8.41e-01   3.86e+00   0.00e+00 (  1.51e+02,  1.30e+02)
75      0.261   6.26e-01   1.20e+00   9.49e-01   4.02e+00   0.00e+00 (  1.40e+02,  1.20e+02)
80      0.254   6.21e-01   1.20e+00   9.85e-01   4.10e+00   0.00e+00 (  1.26e+02,  1.10e+02)
85      0.268   6.46e-01   1.22e+00   9.95e-01   5.24e+00   0.00e+00 (  1.29e+02,  1.02e+02)
90      0.341   7.53e-01   1.20e+00   8.36e-01   1.21e+01   0.00e+00 (  1.93e+02,  9.53e+01)
95      0.200   4.02e-01   5.86e-01   4.14e-01   1.26e+01   0.00e+00 (  1.61e+02,  8.94e+01)
 1 e: 4.222e-02 i: 1.545e-01 :: e: 1.391e-02 i: 2.248e-02 :: n: 2.762e+01 e:19.155 i:20.247 v:4.993e+03
>>> tau_he = 5.000000, nhe(0)=2.939216e+00
 5     -0.006   9.60e-03   7.80e-01   3.78e-03  -2.60e-02   0.00e+00 (  2.54e+00,  4.72e+01)
10     -0.042   5.44e-02   3.64e-02   9.82e-03  -2.52e-01   0.00e+00 (  3.47e+01,  8.93e+01)
15     -0.064   1.41e-01   8.61e-02  -2.79e-03  -4.56e-01   0.00e+00 (  1.30e+02,  1.22e+02)
20      0.021   1.64e-01   1.09e-01   3.49e-03   1.74e-01   0.00e+00 (  1.37e+02,  1.46e+02)
25      0.138   2.66e-01   3.42e-01   1.24e-01   1.28e+00   0.00e+00 (  1.80e+02,  1.66e+02)
30      0.148   2.75e-01   3.55e-01   1.41e-01   1.52e+00   0.00e+00 (  1.66e+02,  1.78e+02)
35      0.146   2.91e-01   3.94e-01   1.52e-01   1.62e+00   0.00e+00 (  1.67e+02,  1.84e+02)
40      0.180   3.24e-01   5.10e-01   2.00e-01   2.15e+00   0.00e+00 (  1.71e+02,  1.86e+02)
45      0.203   3.68e-01   6.21e-01   2.53e-01   2.56e+00   0.00e+00 (  1.72e+02,  1.81e+02)
50      0.206   4.10e-01   7.87e-01   3.36e-01   2.73e+00   0.00e+00 (  1.58e+02,  1.73e+02)
55      0.207   4.44e-01   8.91e-01   4.67e-01   2.85e+00   0.00e+00 (  1.48e+02,  1.63e+02)
60      0.242   5.19e-01   1.10e+00   6.80e-01   3.45e+00   0.00e+00 (  1.62e+02,  1.52e+02)
65      0.190   4.74e-01   9.62e-01   6.65e-01   2.79e+00   0.00e+00 (  1.25e+02,  1.41e+02)
70      0.196   5.07e-01   1.03e+00   7.74e-01   2.94e+00   0.00e+00 (  1.16e+02,  1.30e+02)
75      0.194   5.33e-01   1.07e+00   8.62e-01   2.99e+00   0.00e+00 (  1.14e+02,  1.20e+02)
80      0.189   5.41e-01   1.10e+00   9.14e-01   3.05e+00   0.00e+00 (  1.16e+02,  1.10e+02)
85      0.183   5.26e-01   1.00e+00   8.38e-01   3.57e+00   0.00e+00 (  1.10e+02,  1.02e+02)
90      0.206   4.91e-01   7.66e-01   5.32e-01   7.32e+00   0.00e+00 (  9.01e+01,  9.53e+01)
95      0.200   4.08e-01   5.89e-01   4.02e-01   1.26e+01   0.00e+00 (  1.39e+02,  8.94e+01)
 2 e: 2.867e-02 i: 8.910e-03 :: e: 1.910e-01 i: 2.504e-01 :: n: 2.762e+01 e:23.000 i:27.696 v:4.993e+03
>>> tau_he = 5.000000, nhe(0)=3.051671e+00
 5     -0.014   1.09e-02   7.80e-01   5.96e-03  -6.59e-02   0.00e+00 (  4.34e+00,  4.72e+01)
10     -0.251   7.60e-02   5.08e-02   1.93e-02  -1.50e+00   0.00e+00 (  6.79e+01,  8.93e+01)
15     -0.743   3.36e-01   3.08e-01   1.59e-01  -5.32e+00   0.00e+00 (  4.08e+02,  1.22e+02)
20     -0.184   3.85e-01   5.04e-01   2.52e-01  -1.52e+00   0.00e+00 (  4.34e+02,  1.46e+02)
25      0.282   3.68e-01   3.89e-01   2.17e-01   2.62e+00   0.00e+00 (  3.33e+02,  1.66e+02)
30      0.157   3.19e-01   3.89e-01   1.95e-01   1.61e+00   0.00e+00 (  2.52e+02,  1.78e+02)
35      0.141   3.17e-01   4.06e-01   1.85e-01   1.57e+00   0.00e+00 (  2.28e+02,  1.84e+02)
40      0.156   3.31e-01   4.82e-01   2.02e-01   1.86e+00   0.00e+00 (  2.08e+02,  1.86e+02)
45      0.178   3.51e-01   5.65e-01   2.27e-01   2.25e+00   0.00e+00 (  1.83e+02,  1.81e+02)
50      0.179   3.78e-01   6.88e-01   2.92e-01   2.37e+00   0.00e+00 (  1.54e+02,  1.73e+02)
55      0.176   3.91e-01   7.50e-01   3.93e-01   2.43e+00   0.00e+00 (  1.29e+02,  1.63e+02)
60      0.148   3.66e-01   6.70e-01   4.37e-01   2.11e+00   0.00e+00 (  1.06e+02,  1.52e+02)
65      0.163   3.92e-01   7.58e-01   5.31e-01   2.39e+00   0.00e+00 (  9.28e+01,  1.41e+02)
70      0.172   4.10e-01   8.16e-01   6.19e-01   2.59e+00   0.00e+00 (  8.14e+01,  1.30e+02)
75      0.174   4.26e-01   8.41e-01   6.82e-01   2.69e+00   0.00e+00 (  7.71e+01,  1.20e+02)
80      0.171   4.38e-01   8.55e-01   7.22e-01   2.76e+00   0.00e+00 (  7.67e+01,  1.10e+02)
85      0.169   4.25e-01   8.06e-01   6.70e-01   3.31e+00   0.00e+00 (  7.09e+01,  1.02e+02)
90      0.179   4.22e-01   6.38e-01   4.37e-01   6.35e+00   0.00e+00 (  5.99e+01,  9.53e+01)
95      0.200   4.09e-01   5.87e-01   3.98e-01   1.26e+01   0.00e+00 (  1.32e+02,  8.94e+01)
 3 e: 3.752e-03 i: 4.900e-03 :: e: 3.051e-01 i: 3.222e-01 :: n: 2.762e+01 e:26.284 i:29.852 v:4.993e+03
>>> tau_he = 5.000000, nhe(0)=3.078478e+00
 5     -0.016   1.11e-02   7.12e-01   5.95e-03  -7.69e-02   0.00e+00 (  4.63e+00,  4.72e+01)
10     -0.201   7.78e-02   2.72e-02   3.87e-03  -1.20e+00   0.00e+00 (  6.84e+01,  8.93e+01)
15     -0.514   3.02e-01   2.64e-01   1.00e-01  -3.68e+00   0.00e+00 (  3.18e+02,  1.22e+02)
20     -0.027   3.58e-01   4.64e-01   1.82e-01  -2.20e-01   0.00e+00 (  3.58e+02,  1.46e+02)
25      0.301   3.68e-01   3.90e-01   2.05e-01   2.80e+00   0.00e+00 (  3.17e+02,  1.66e+02)
30      0.176   3.21e-01   3.96e-01   2.00e-01   1.80e+00   0.00e+00 (  2.52e+02,  1.78e+02)
35      0.162   3.18e-01   4.20e-01   2.19e-01   1.80e+00   0.00e+00 (  2.30e+02,  1.84e+02)
40      0.178   3.32e-01   5.05e-01   2.16e-01   2.13e+00   0.00e+00 (  2.10e+02,  1.86e+02)
45      0.203   3.60e-01   6.13e-01   2.57e-01   2.57e+00   0.00e+00 (  1.90e+02,  1.81e+02)
50      0.204   3.94e-01   7.66e-01   3.49e-01   2.70e+00   0.00e+00 (  1.61e+02,  1.73e+02)
55      0.197   4.08e-01   8.38e-01   4.49e-01   2.72e+00   0.00e+00 (  1.35e+02,  1.63e+02)
60      0.214   4.42e-01   9.58e-01   6.02e-01   3.06e+00   0.00e+00 (  1.28e+02,  1.52e+02)
65      0.171   4.01e-01   8.23e-01   5.82e-01   2.51e+00   0.00e+00 (  9.46e+01,  1.41e+02)
70      0.171   4.08e-01   8.45e-01   6.46e-01   2.57e+00   0.00e+00 (  8.01e+01,  1.30e+02)
75      0.165   4.11e-01   8.33e-01   6.79e-01   2.54e+00   0.00e+00 (  7.28e+01,  1.20e+02)
80      0.156   4.08e-01   8.17e-01   6.91e-01   2.52e+00   0.00e+00 (  6.91e+01,  1.10e+02)
85      0.151   3.92e-01   7.52e-01   6.28e-01   2.95e+00   0.00e+00 (  6.28e+01,  1.02e+02)
90      0.164   3.97e-01   5.88e-01   3.97e-01   5.82e+00   0.00e+00 (  5.40e+01,  9.53e+01)
95      0.200   4.10e-01   5.87e-01   3.96e-01   1.26e+01   0.00e+00 (  1.31e+02,  8.94e+01)
 4 e: 2.248e-03 i: 3.549e-03 :: e: 2.765e-01 i: 3.076e-01 :: n: 2.762e+01 e:25.450 i:30.414 v:4.993e+03
>>> tau_he = 5.000000, nhe(0)=3.040713e+00
 5     -0.017   1.09e-02   6.51e-01   6.40e-03  -8.03e-02   0.00e+00 (  4.81e+00,  4.72e+01)
10     -0.209   7.90e-02   2.51e-02   5.49e-03  -1.25e+00   0.00e+00 (  6.93e+01,  8.93e+01)
15     -0.242   1.77e-01   1.51e-01  -1.77e-01  -1.73e+00   0.00e+00 (  1.72e+02,  1.22e+02)
20     -0.006   3.21e-01   4.18e-01   1.44e-01  -4.60e-02   0.00e+00 (  2.97e+02,  1.46e+02)
25      0.150   3.14e-01   3.84e-01   1.81e-01   1.40e+00   0.00e+00 (  2.62e+02,  1.66e+02)
30      0.160   3.13e-01   3.86e-01   1.91e-01   1.64e+00   0.00e+00 (  2.46e+02,  1.78e+02)
35      0.149   3.14e-01   4.12e-01   2.13e-01   1.66e+00   0.00e+00 (  2.29e+02,  1.84e+02)
40      0.166   3.27e-01   4.91e-01   2.06e-01   1.98e+00   0.00e+00 (  2.10e+02,  1.86e+02)
45      0.187   3.51e-01   5.84e-01   2.38e-01   2.37e+00   0.00e+00 (  1.87e+02,  1.81e+02)
50      0.189   3.81e-01   7.23e-01   3.22e-01   2.51e+00   0.00e+00 (  1.58e+02,  1.73e+02)
55      0.184   3.92e-01   7.85e-01   4.18e-01   2.54e+00   0.00e+00 (  1.31e+02,  1.63e+02)
60      0.198   4.21e-01   8.84e-01   5.54e-01   2.83e+00   0.00e+00 (  1.21e+02,  1.52e+02)
65      0.162   3.82e-01   7.64e-01   5.40e-01   2.38e+00   0.00e+00 (  8.91e+01,  1.41e+02)
70      0.165   3.88e-01   7.89e-01   6.04e-01   2.48e+00   0.00e+00 (  7.46e+01,  1.30e+02)
75      0.161   3.88e-01   7.76e-01   6.33e-01   2.47e+00   0.00e+00 (  6.61e+01,  1.20e+02)
80      0.154   3.85e-01   7.61e-01   6.46e-01   2.48e+00   0.00e+00 (  6.16e+01,  1.10e+02)
85      0.150   3.72e-01   7.07e-01   5.87e-01   2.93e+00   0.00e+00 (  5.53e+01,  1.02e+02)
90      0.160   3.85e-01   5.66e-01   3.80e-01   5.68e+00   0.00e+00 (  4.84e+01,  9.53e+01)
95      0.200   4.10e-01   5.86e-01   3.96e-01   1.26e+01   0.00e+00 (  1.29e+02,  8.94e+01)
 5 e: 1.103e-03 i: 2.176e-03 :: e: 2.468e-01 i: 2.815e-01 :: n: 2.762e+01 e:24.971 i:29.644 v:4.993e+03
>>> tau_he = 5.000000, nhe(0)=3.006771e+00
 5     -0.016   1.03e-02   5.98e-01   6.40e-03  -7.60e-02   0.00e+00 (  4.56e+00,  4.72e+01)
10     -0.171   7.30e-02   1.89e-02   4.27e-03  -1.02e+00   0.00e+00 (  6.18e+01,  8.93e+01)
15     -0.180   1.28e-01   7.21e-02  -1.41e-02  -1.29e+00   0.00e+00 (  1.17e+02,  1.22e+02)
20     -0.001   1.63e-01   1.16e-01   1.22e-02  -6.11e-03   0.00e+00 (  1.38e+02,  1.46e+02)
25      0.136   2.92e-01   3.53e-01   1.52e-01   1.27e+00   0.00e+00 (  2.29e+02,  1.66e+02)
30      0.153   3.02e-01   3.76e-01   1.81e-01   1.57e+00   0.00e+00 (  2.26e+02,  1.78e+02)
35      0.148   3.09e-01   4.07e-01   1.87e-01   1.65e+00   0.00e+00 (  2.17e+02,  1.84e+02)
40      0.163   3.25e-01   4.92e-01   2.00e-01   1.94e+00   0.00e+00 (  2.02e+02,  1.86e+02)
45      0.187   3.48e-01   5.88e-01   2.43e-01   2.36e+00   0.00e+00 (  1.81e+02,  1.81e+02)
50      0.192   3.81e-01   7.36e-01   3.32e-01   2.55e+00   0.00e+00 (  1.56e+02,  1.73e+02)
55      0.188   3.95e-01   8.04e-01   4.30e-01   2.59e+00   0.00e+00 (  1.31e+02,  1.63e+02)
60      0.200   4.23e-01   8.99e-01   5.65e-01   2.86e+00   0.00e+00 (  1.21e+02,  1.52e+02)
65      0.167   3.90e-01   7.93e-01   5.62e-01   2.46e+00   0.00e+00 (  9.11e+01,  1.41e+02)
70      0.168   3.96e-01   8.17e-01   6.27e-01   2.53e+00   0.00e+00 (  7.67e+01,  1.30e+02)
75      0.162   3.93e-01   7.94e-01   6.49e-01   2.49e+00   0.00e+00 (  6.75e+01,  1.20e+02)
80      0.151   3.85e-01   7.66e-01   6.51e-01   2.45e+00   0.00e+00 (  6.19e+01,  1.10e+02)
85      0.147   3.69e-01   7.04e-01   5.87e-01   2.86e+00   0.00e+00 (  5.51e+01,  1.02e+02)
90      0.159   3.85e-01   5.62e-01   3.76e-01   5.63e+00   0.00e+00 (  4.89e+01,  9.53e+01)
95      0.200   4.10e-01   5.86e-01   3.95e-01   1.26e+01   0.00e+00 (  1.29e+02,  8.94e+01)
 6 e: 3.906e-04 i: 1.465e-03 :: e: 1.947e-01 i: 2.323e-01 :: n: 2.762e+01 e:24.206 i:28.984 v:4.993e+03
>>> tau_he = 5.000000, nhe(0)=2.981383e+00
 5     -0.016   9.88e-03   5.75e-01   6.34e-03  -7.55e-02   0.00e+00 (  4.42e+00,  4.72e+01)
10     -0.163   7.00e-02   1.71e-02   3.81e-03  -9.73e-01   0.00e+00 (  5.81e+01,  8.93e+01)
15     -0.177   2.71e-01   4.13e-01   6.36e-02  -1.26e+00   0.00e+00 (  2.43e+02,  1.22e+02)
20      0.056   2.69e-01   3.50e-01   9.82e-02   4.61e-01   0.00e+00 (  2.24e+02,  1.46e+02)
25      0.121   2.74e-01   3.33e-01   1.39e-01   1.13e+00   0.00e+00 (  2.06e+02,  1.66e+02)
30      0.135   2.87e-01   3.58e-01   1.63e-01   1.38e+00   0.00e+00 (  2.07e+02,  1.78e+02)
35      0.135   2.98e-01   3.95e-01   1.77e-01   1.50e+00   0.00e+00 (  2.02e+02,  1.84e+02)
40      0.150   3.17e-01   4.80e-01   1.97e-01   1.79e+00   0.00e+00 (  1.92e+02,  1.86e+02)
45      0.172   3.37e-01   5.65e-01   2.34e-01   2.17e+00   0.00e+00 (  1.71e+02,  1.81e+02)
50      0.180   3.71e-01   7.03e-01   3.12e-01   2.39e+00   0.00e+00 (  1.49e+02,  1.73e+02)
55      0.179   3.84e-01   7.67e-01   4.08e-01   2.47e+00   0.00e+00 (  1.26e+02,  1.63e+02)
60      0.142   3.48e-01   6.55e-01   4.30e-01   2.03e+00   0.00e+00 (  9.80e+01,  1.52e+02)
65      0.163   3.82e-01   7.66e-01   5.42e-01   2.40e+00   0.00e+00 (  8.88e+01,  1.41e+02)
70      0.168   3.93e-01   8.01e-01   6.14e-01   2.52e+00   0.00e+00 (  7.57e+01,  1.30e+02)
75      0.162   3.90e-01   7.82e-01   6.39e-01   2.50e+00   0.00e+00 (  6.66e+01,  1.20e+02)
80      0.153   3.83e-01   7.57e-01   6.43e-01   2.47e+00   0.00e+00 (  6.08e+01,  1.10e+02)
85      0.149   3.68e-01   6.99e-01   5.81e-01   2.90e+00   0.00e+00 (  5.42e+01,  1.02e+02)
90      0.159   3.83e-01   5.62e-01   3.77e-01   5.64e+00   0.00e+00 (  4.80e+01,  9.53e+01)
95      0.200   4.10e-01   5.86e-01   3.95e-01   1.26e+01   0.00e+00 (  1.29e+02,  8.94e+01)
 7 e: 7.196e-04 i: 1.348e-03 :: e: 2.078e-01 i: 2.298e-01 :: n: 2.762e+01 e:23.741 i:28.511 v:4.993e+03
>>> tau_he = 5.000000, nhe(0)=2.956829e+00
 5     -0.016   9.46e-03   5.30e-01   6.13e-03  -7.57e-02   0.00e+00 (  4.26e+00,  4.72e+01)
10     -0.142   6.79e-02   1.51e-02   3.41e-03  -8.46e-01   0.00e+00 (  5.50e+01,  8.93e+01)
15     -0.118   1.12e-01   6.57e-02  -1.49e-02  -8.43e-01   0.00e+00 (  9.32e+01,  1.22e+02)
20      0.039   1.50e-01   1.20e-01   9.76e-04   3.21e-01   0.00e+00 (  1.18e+02,  1.46e+02)
25      0.115   2.61e-01   3.20e-01   1.27e-01   1.07e+00   0.00e+00 (  1.89e+02,  1.66e+02)
30      0.127   2.77e-01   3.49e-01   1.52e-01   1.31e+00   0.00e+00 (  1.93e+02,  1.78e+02)
35      0.131   2.89e-01   3.88e-01   1.67e-01   1.46e+00   0.00e+00 (  1.90e+02,  1.84e+02)
40      0.149   3.13e-01   4.75e-01   1.96e-01   1.77e+00   0.00e+00 (  1.83e+02,  1.86e+02)
45      0.167   3.32e-01   5.55e-01   2.30e-01   2.11e+00   0.00e+00 (  1.64e+02,  1.81e+02)
50      0.177   3.65e-01   6.92e-01   2.99e-01   2.35e+00   0.00e+00 (  1.44e+02,  1.73e+02)
55      0.178   3.83e-01   7.65e-01   4.07e-01   2.46e+00   0.00e+00 (  1.24e+02,  1.63e+02)
60      0.144   3.50e-01   6.61e-01   4.34e-01   2.06e+00   0.00e+00 (  9.80e+01,  1.52e+02)
65      0.166   3.86e-01   7.77e-01   5.50e-01   2.44e+00   0.00e+00 (  8.96e+01,  1.41e+02)
70      0.171   3.99e-01   8.17e-01   6.26e-01   2.57e+00   0.00e+00 (  7.73e+01,  1.30e+02)
75      0.164   3.97e-01   7.98e-01   6.52e-01   2.53e+00   0.00e+00 (  6.83e+01,  1.20e+02)
80      0.154   3.88e-01   7.69e-01   6.53e-01   2.49e+00   0.00e+00 (  6.22e+01,  1.10e+02)
85      0.149   3.72e-01   7.08e-01   5.88e-01   2.91e+00   0.00e+00 (  5.55e+01,  1.02e+02)
90      0.161   3.89e-01   5.71e-01   3.84e-01   5.72e+00   0.00e+00 (  4.97e+01,  9.53e+01)
95      0.200   4.10e-01   5.86e-01   3.96e-01   1.26e+01   0.00e+00 (  1.29e+02,  8.94e+01)
 8 e: 1.337e-04 i: 7.385e-04 :: e: 1.499e-01 i: 1.769e-01 :: n: 2.762e+01 e:23.191 i:28.070 v:4.993e+03
>>> tau_he = 5.000000, nhe(0)=2.938945e+00
 5     -0.016   9.22e-03   5.18e-01   6.11e-03  -7.48e-02   0.00e+00 (  4.17e+00,  4.72e+01)
10     -0.136   6.56e-02   1.19e-02  -1.24e-03  -8.14e-01   0.00e+00 (  5.24e+01,  8.93e+01)
15     -0.117   2.46e-01   3.71e-01   4.47e-02  -8.37e-01   0.00e+00 (  2.04e+02,  1.22e+02)
20      0.039   1.49e-01   1.22e-01   9.94e-04   3.25e-01   0.00e+00 (  1.16e+02,  1.46e+02)
25      0.109   2.53e-01   3.11e-01   1.18e-01   1.02e+00   0.00e+00 (  1.80e+02,  1.66e+02)
30      0.121   2.67e-01   3.39e-01   1.48e-01   1.24e+00   0.00e+00 (  1.82e+02,  1.78e+02)
35      0.123   2.82e-01   3.80e-01   1.58e-01   1.37e+00   0.00e+00 (  1.81e+02,  1.84e+02)
40      0.142   3.08e-01   4.67e-01   1.89e-01   1.69e+00   0.00e+00 (  1.77e+02,  1.86e+02)
45      0.158   3.27e-01   5.39e-01   2.21e-01   1.99e+00   0.00e+00 (  1.59e+02,  1.81e+02)
50      0.170   3.60e-01   6.72e-01   2.88e-01   2.25e+00   0.00e+00 (  1.40e+02,  1.73e+02)
55      0.173   3.78e-01   7.47e-01   3.95e-01   2.39e+00   0.00e+00 (  1.22e+02,  1.63e+02)
60      0.142   3.48e-01   6.51e-01   4.27e-01   2.03e+00   0.00e+00 (  9.74e+01,  1.52e+02)
65      0.165   3.85e-01   7.68e-01   5.42e-01   2.42e+00   0.00e+00 (  8.94e+01,  1.41e+02)
70      0.171   4.00e-01   8.15e-01   6.24e-01   2.57e+00   0.00e+00 (  7.78e+01,  1.30e+02)
75      0.166   3.99e-01   8.00e-01   6.53e-01   2.55e+00   0.00e+00 (  6.90e+01,  1.20e+02)
80      0.156   3.90e-01   7.72e-01   6.56e-01   2.52e+00   0.00e+00 (  6.28e+01,  1.10e+02)
85      0.151   3.75e-01   7.14e-01   5.93e-01   2.95e+00   0.00e+00 (  5.63e+01,  1.02e+02)
90      0.162   3.90e-01   5.76e-01   3.88e-01   5.77e+00   0.00e+00 (  5.01e+01,  9.53e+01)
95      0.200   4.10e-01   5.86e-01   3.96e-01   1.26e+01   0.00e+00 (  1.29e+02,  8.94e+01)
 9 e: 3.292e-04 i: 4.412e-04 :: e: 1.456e-01 i: 1.659e-01 :: n: 2.762e+01 e:22.981 i:27.757 v:4.993e+03
>>> tau_he = 5.000000, nhe(0)=2.934828e+00
 5     -0.017   9.10e-03   4.99e-01   6.05e-03  -7.83e-02   0.00e+00 (  4.12e+00,  4.72e+01)
10     -0.125   6.69e-02   1.03e-02  -1.12e-03  -7.48e-01   0.00e+00 (  5.23e+01,  8.93e+01)
15     -0.092   1.13e-01   6.97e-02  -1.10e-02  -6.57e-01   0.00e+00 (  8.96e+01,  1.22e+02)
20      0.073   2.43e-01   3.18e-01   8.26e-02   6.01e-01   0.00e+00 (  1.86e+02,  1.46e+02)
25      0.109   2.48e-01   3.05e-01   1.13e-01   1.01e+00   0.00e+00 (  1.72e+02,  1.66e+02)
30      0.118   2.61e-01   3.31e-01   1.40e-01   1.21e+00   0.00e+00 (  1.74e+02,  1.78e+02)
35      0.119   2.77e-01   3.73e-01   1.50e-01   1.33e+00   0.00e+00 (  1.74e+02,  1.84e+02)
40      0.137   3.03e-01   4.57e-01   1.85e-01   1.63e+00   0.00e+00 (  1.70e+02,  1.86e+02)
45      0.153   3.22e-01   5.25e-01   2.15e-01   1.94e+00   0.00e+00 (  1.53e+02,  1.81e+02)
50      0.167   3.55e-01   6.59e-01   2.81e-01   2.21e+00   0.00e+00 (  1.36e+02,  1.73e+02)
55      0.172   3.76e-01   7.38e-01   3.90e-01   2.38e+00   0.00e+00 (  1.20e+02,  1.63e+02)
60      0.144   3.49e-01   6.51e-01   4.27e-01   2.05e+00   0.00e+00 (  9.73e+01,  1.52e+02)
65      0.167   3.87e-01   7.72e-01   5.45e-01   2.45e+00   0.00e+00 (  9.01e+01,  1.41e+02)
70      0.174   4.05e-01   8.25e-01   6.31e-01   2.61e+00   0.00e+00 (  7.92e+01,  1.30e+02)
75      0.169   4.05e-01   8.12e-01   6.63e-01   2.60e+00   0.00e+00 (  7.06e+01,  1.20e+02)
80      0.158   3.96e-01   7.84e-01   6.65e-01   2.55e+00   0.00e+00 (  6.44e+01,  1.10e+02)
85      0.153   3.81e-01   7.25e-01   6.02e-01   2.99e+00   0.00e+00 (  5.78e+01,  1.02e+02)
90      0.165   3.94e-01   5.86e-01   3.95e-01   5.85e+00   0.00e+00 (  5.17e+01,  9.53e+01)
95      0.200   4.10e-01   5.86e-01   3.96e-01   1.26e+01   0.00e+00 (  1.30e+02,  8.94e+01)
10 e: 9.267e-05 i: 5.783e-04 :: e: 1.224e-01 i: 1.362e-01 :: n: 2.762e+01 e:22.649 i:27.685 v:4.993e+03
>>> tau_he = 5.000000, nhe(0)=2.919596e+00
 5     -0.017   8.94e-03   4.90e-01   6.08e-03  -7.82e-02   0.00e+00 (  4.10e+00,  4.72e+01)
10     -0.124   6.66e-02   9.93e-03  -1.39e-03  -7.42e-01   0.00e+00 (  5.19e+01,  8.93e+01)
15     -0.090   1.14e-01   7.28e-02  -1.47e-02  -6.42e-01   0.00e+00 (  9.03e+01,  1.22e+02)
20      0.044   1.43e-01   1.19e-01   1.64e-03   3.65e-01   0.00e+00 (  1.07e+02,  1.46e+02)
25      0.054   1.64e-01   1.50e-01   2.73e-02   5.05e-01   0.00e+00 (  1.13e+02,  1.66e+02)
30      0.114   2.59e-01   3.29e-01   1.37e-01   1.17e+00   0.00e+00 (  1.71e+02,  1.78e+02)
35      0.117   2.76e-01   3.72e-01   1.46e-01   1.30e+00   0.00e+00 (  1.72e+02,  1.84e+02)
40      0.133   3.02e-01   4.55e-01   1.82e-01   1.59e+00   0.00e+00 (  1.68e+02,  1.86e+02)
45      0.149   3.20e-01   5.19e-01   2.13e-01   1.88e+00   0.00e+00 (  1.51e+02,  1.81e+02)
50      0.163   3.55e-01   6.53e-01   2.78e-01   2.17e+00   0.00e+00 (  1.36e+02,  1.73e+02)
55      0.170   3.77e-01   7.34e-01   3.86e-01   2.35e+00   0.00e+00 (  1.20e+02,  1.63e+02)
60      0.143   3.51e-01   6.51e-01   4.27e-01   2.05e+00   0.00e+00 (  9.85e+01,  1.52e+02)
65      0.167   3.90e-01   7.75e-01   5.46e-01   2.46e+00   0.00e+00 (  9.15e+01,  1.41e+02)
70      0.175   4.09e-01   8.32e-01   6.36e-01   2.63e+00   0.00e+00 (  8.09e+01,  1.30e+02)
75      0.170   4.11e-01   8.22e-01   6.71e-01   2.62e+00   0.00e+00 (  7.24e+01,  1.20e+02)
80      0.160   4.02e-01   7.94e-01   6.73e-01   2.58e+00   0.00e+00 (  6.60e+01,  1.10e+02)
85      0.155   3.87e-01   7.36e-01   6.11e-01   3.03e+00   0.00e+00 (  5.94e+01,  1.02e+02)
90      0.167   3.99e-01   5.96e-01   4.03e-01   5.94e+00   0.00e+00 (  5.32e+01,  9.53e+01)
95      0.200   4.09e-01   5.86e-01   3.97e-01   1.26e+01   0.00e+00 (  1.30e+02,  8.94e+01)
11 e: 1.157e-04 i: 2.567e-04 :: e: 1.015e-01 i: 1.127e-01 :: n: 2.762e+01 e:22.615 i:27.427 v:4.993e+03
>>> tau_he = 5.000000, nhe(0)=2.923558e+00
 5     -0.017   8.98e-03   4.95e-01   6.05e-03  -7.83e-02   0.00e+00 (  4.10e+00,  4.72e+01)
10     -0.119   6.54e-02   9.57e-03  -1.11e-03  -7.10e-01   0.00e+00 (  5.02e+01,  8.93e+01)
15     -0.081   2.43e-01   3.59e-01   3.77e-02  -5.83e-01   0.00e+00 (  1.91e+02,  1.22e+02)
20      0.045   1.43e-01   1.21e-01   1.53e-03   3.76e-01   0.00e+00 (  1.07e+02,  1.46e+02)
25      0.107   2.41e-01   3.01e-01   1.11e-01   1.00e+00   0.00e+00 (  1.66e+02,  1.66e+02)
30      0.110   2.57e-01   3.23e-01   1.31e-01   1.13e+00   0.00e+00 (  1.67e+02,  1.78e+02)
35      0.112   2.70e-01   3.60e-01   1.39e-01   1.24e+00   0.00e+00 (  1.65e+02,  1.84e+02)
40      0.129   2.98e-01   4.44e-01   1.79e-01   1.53e+00   0.00e+00 (  1.63e+02,  1.86e+02)
45      0.144   3.16e-01   5.06e-01   2.07e-01   1.82e+00   0.00e+00 (  1.47e+02,  1.81e+02)
50      0.160   3.50e-01   6.37e-01   2.65e-01   2.12e+00   0.00e+00 (  1.33e+02,  1.73e+02)
55      0.169   3.75e-01   7.24e-01   3.80e-01   2.33e+00   0.00e+00 (  1.19e+02,  1.63e+02)
60      0.144   3.51e-01   6.48e-01   4.25e-01   2.06e+00   0.00e+00 (  9.86e+01,  1.52e+02)
65      0.168   3.92e-01   7.75e-01   5.46e-01   2.48e+00   0.00e+00 (  9.21e+01,  1.41e+02)
70      0.177   4.14e-01   8.39e-01   6.40e-01   2.67e+00   0.00e+00 (  8.22e+01,  1.30e+02)
75      0.173   4.16e-01   8.32e-01   6.78e-01   2.67e+00   0.00e+00 (  7.39e+01,  1.20e+02)
80      0.162   4.09e-01   8.03e-01   6.80e-01   2.62e+00   0.00e+00 (  6.76e+01,  1.10e+02)
85      0.158   3.93e-01   7.47e-01   6.20e-01   3.08e+00   0.00e+00 (  6.10e+01,  1.02e+02)
90      0.170   4.05e-01   6.06e-01   4.12e-01   6.04e+00   0.00e+00 (  5.48e+01,  9.53e+01)
95      0.200   4.09e-01   5.87e-01   3.97e-01   1.26e+01   0.00e+00 (  1.30e+02,  8.94e+01)
12 e: 1.604e-04 i: 3.166e-04 :: e: 9.586e-02 i: 1.072e-01 :: n: 2.762e+01 e:22.477 i:27.492 v:4.993e+03
>>> tau_he = 5.000000, nhe(0)=2.926658e+00
 5     -0.017   9.01e-03   4.83e-01   5.94e-03  -7.99e-02   0.00e+00 (  4.14e+00,  4.72e+01)
10     -0.117   6.70e-02   9.89e-03  -1.17e-03  -6.96e-01   0.00e+00 (  5.09e+01,  8.93e+01)
15     -0.076   1.12e-01   7.03e-02  -1.20e-02  -5.46e-01   0.00e+00 (  8.56e+01,  1.22e+02)
20      0.080   2.40e-01   3.15e-01   8.23e-02   6.59e-01   0.00e+00 (  1.79e+02,  1.46e+02)
25      0.108   2.42e-01   3.02e-01   1.11e-01   1.01e+00   0.00e+00 (  1.66e+02,  1.66e+02)
30      0.110   2.57e-01   3.23e-01   1.30e-01   1.13e+00   0.00e+00 (  1.66e+02,  1.78e+02)
35      0.112   2.71e-01   3.59e-01   1.37e-01   1.24e+00   0.00e+00 (  1.65e+02,  1.84e+02)
40      0.127   2.98e-01   4.42e-01   1.78e-01   1.52e+00   0.00e+00 (  1.62e+02,  1.86e+02)
45      0.143   3.16e-01   5.02e-01   2.06e-01   1.80e+00   0.00e+00 (  1.47e+02,  1.81e+02)
50      0.160   3.52e-01   6.35e-01   2.64e-01   2.12e+00   0.00e+00 (  1.34e+02,  1.73e+02)
55      0.169   3.77e-01   7.25e-01   3.80e-01   2.34e+00   0.00e+00 (  1.21e+02,  1.63e+02)
60      0.145   3.55e-01   6.53e-01   4.28e-01   2.07e+00   0.00e+00 (  1.00e+02,  1.52e+02)
65      0.170   3.97e-01   7.83e-01   5.51e-01   2.50e+00   0.00e+00 (  9.41e+01,  1.41e+02)
70      0.180   4.20e-01   8.50e-01   6.49e-01   2.70e+00   0.00e+00 (  8.43e+01,  1.30e+02)
75      0.176   4.23e-01   8.46e-01   6.89e-01   2.70e+00   0.00e+00 (  7.60e+01,  1.20e+02)
80      0.164   4.15e-01   8.16e-01   6.90e-01   2.65e+00   0.00e+00 (  6.96e+01,  1.10e+02)
85      0.160   3.99e-01   7.59e-01   6.31e-01   3.12e+00   0.00e+00 (  6.29e+01,  1.02e+02)
90      0.173   4.10e-01   6.16e-01   4.20e-01   6.13e+00   0.00e+00 (  5.65e+01,  9.53e+01)
95      0.200   4.09e-01   5.87e-01   3.97e-01   1.26e+01   0.00e+00 (  1.31e+02,  8.94e+01)
13 e: 8.566e-05 i: 4.284e-04 :: e: 7.864e-02 i: 8.731e-02 :: n: 2.762e+01 e:22.445 i:27.545 v:4.993e+03
>>> tau_he = 5.000000, nhe(0)=2.923114e+00
 5     -0.017   9.00e-03   4.83e-01   5.97e-03  -8.03e-02   0.00e+00 (  4.16e+00,  4.72e+01)
10     -0.116   6.69e-02   9.77e-03  -1.22e-03  -6.91e-01   0.00e+00 (  5.07e+01,  8.93e+01)
15     -0.075   1.14e-01   7.26e-02  -1.54e-02  -5.39e-01   0.00e+00 (  8.70e+01,  1.22e+02)
20      0.048   1.42e-01   1.20e-01   1.81e-03   4.01e-01   0.00e+00 (  1.04e+02,  1.46e+02)
25      0.055   1.62e-01   1.49e-01   2.80e-02   5.13e-01   0.00e+00 (  1.10e+02,  1.66e+02)
30      0.107   2.67e-01   3.12e-01   1.20e-01   1.10e+00   0.00e+00 (  1.72e+02,  1.78e+02)
35      0.110   2.71e-01   3.56e-01   1.41e-01   1.22e+00   0.00e+00 (  1.64e+02,  1.84e+02)
40      0.123   2.97e-01   4.34e-01   1.56e-01   1.47e+00   0.00e+00 (  1.61e+02,  1.86e+02)
45      0.140   3.16e-01   4.96e-01   2.04e-01   1.77e+00   0.00e+00 (  1.47e+02,  1.81e+02)
50      0.158   3.52e-01   6.30e-01   2.61e-01   2.10e+00   0.00e+00 (  1.34e+02,  1.73e+02)
55      0.169   3.79e-01   7.22e-01   3.78e-01   2.33e+00   0.00e+00 (  1.22e+02,  1.63e+02)
60      0.146   3.58e-01   6.55e-01   4.28e-01   2.08e+00   0.00e+00 (  1.02e+02,  1.52e+02)
65      0.171   4.01e-01   7.88e-01   5.53e-01   2.52e+00   0.00e+00 (  9.59e+01,  1.41e+02)
70      0.182   4.26e-01   8.59e-01   6.55e-01   2.73e+00   0.00e+00 (  8.63e+01,  1.30e+02)
75      0.178   4.30e-01   8.57e-01   6.98e-01   2.74e+00   0.00e+00 (  7.80e+01,  1.20e+02)
80      0.167   4.22e-01   8.28e-01   7.00e-01   2.69e+00   0.00e+00 (  7.15e+01,  1.10e+02)
85      0.163   4.06e-01   7.71e-01   6.41e-01   3.17e+00   0.00e+00 (  6.47e+01,  1.02e+02)
90      0.176   4.16e-01   6.27e-01   4.28e-01   6.23e+00   0.00e+00 (  5.83e+01,  9.53e+01)
95      0.200   4.09e-01   5.87e-01   3.97e-01   1.26e+01   0.00e+00 (  1.31e+02,  8.94e+01)
14 e: 8.240e-05 i: 1.815e-04 :: e: 6.464e-02 i: 6.931e-02 :: n: 2.762e+01 e:22.455 i:27.485 v:4.993e+03
>>> tau_he = 5.000000, nhe(0)=2.930361e+00
 5     -0.017   9.09e-03   4.91e-01   6.06e-03  -8.08e-02   0.00e+00 (  4.20e+00,  4.72e+01)
10     -0.113   6.64e-02   9.54e-03  -9.89e-04  -6.73e-01   0.00e+00 (  4.99e+01,  8.93e+01)
15     -0.075   1.16e-01   7.44e-02  -1.61e-02  -5.35e-01   0.00e+00 (  8.84e+01,  1.22e+02)
20      0.049   1.43e-01   1.23e-01   1.52e-03   4.07e-01   0.00e+00 (  1.05e+02,  1.46e+02)
25      0.056   1.63e-01   1.51e-01   2.70e-02   5.22e-01   0.00e+00 (  1.11e+02,  1.66e+02)
30      0.060   2.02e-01   1.96e-01   3.75e-02   6.15e-01   0.00e+00 (  1.29e+02,  1.78e+02)
35      0.109   2.71e-01   3.54e-01   1.46e-01   1.21e+00   0.00e+00 (  1.63e+02,  1.84e+02)
40      0.122   2.96e-01   4.31e-01   1.55e-01   1.45e+00   0.00e+00 (  1.60e+02,  1.86e+02)
45      0.139   3.16e-01   4.93e-01   2.03e-01   1.76e+00   0.00e+00 (  1.46e+02,  1.81e+02)
50      0.158   3.52e-01   6.28e-01   2.59e-01   2.09e+00   0.00e+00 (  1.34e+02,  1.73e+02)
55      0.169   3.82e-01   7.23e-01   3.78e-01   2.34e+00   0.00e+00 (  1.23e+02,  1.63e+02)
60      0.147   3.62e-01   6.59e-01   4.30e-01   2.10e+00   0.00e+00 (  1.04e+02,  1.52e+02)
65      0.173   4.06e-01   7.96e-01   5.58e-01   2.54e+00   0.00e+00 (  9.79e+01,  1.41e+02)
70      0.184   4.32e-01   8.71e-01   6.63e-01   2.77e+00   0.00e+00 (  8.86e+01,  1.30e+02)
75      0.181   4.37e-01   8.71e-01   7.08e-01   2.78e+00   0.00e+00 (  8.02e+01,  1.20e+02)
80      0.169   4.29e-01   8.42e-01   7.11e-01   2.73e+00   0.00e+00 (  7.35e+01,  1.10e+02)
85      0.165   4.13e-01   7.84e-01   6.51e-01   3.22e+00   0.00e+00 (  6.68e+01,  1.02e+02)
90      0.178   4.21e-01   6.38e-01   4.37e-01   6.33e+00   0.00e+00 (  6.01e+01,  9.53e+01)
95      0.200   4.09e-01   5.87e-01   3.98e-01   1.26e+01   0.00e+00 (  1.32e+02,  8.94e+01)
15 e: 7.655e-05 i: 1.868e-04 :: e: 5.517e-02 i: 6.039e-02 :: n: 2.762e+01 e:22.483 i:27.607 v:4.993e+03
>>> tau_he = 5.000000, nhe(0)=2.941158e+00
 5     -0.017   9.27e-03   5.04e-01   6.13e-03  -8.20e-02   0.00e+00 (  4.30e+00,  4.72e+01)
10     -0.111   6.69e-02   1.06e-02  -3.28e-03  -6.66e-01   0.00e+00 (  5.01e+01,  8.93e+01)
15     -0.065   2.51e-01   3.68e-01   3.95e-02  -4.68e-01   0.00e+00 (  1.92e+02,  1.22e+02)
20      0.083   2.43e-01   3.21e-01   8.38e-02   6.89e-01   0.00e+00 (  1.81e+02,  1.46e+02)
25      0.111   2.46e-01   3.08e-01   1.15e-01   1.03e+00   0.00e+00 (  1.70e+02,  1.66e+02)
30      0.110   2.70e-01   3.17e-01   1.22e-01   1.13e+00   0.00e+00 (  1.74e+02,  1.78e+02)
35      0.108   2.71e-01   3.53e-01   1.45e-01   1.20e+00   0.00e+00 (  1.63e+02,  1.84e+02)
40      0.120   2.96e-01   4.27e-01   1.54e-01   1.43e+00   0.00e+00 (  1.59e+02,  1.86e+02)
45      0.137   3.15e-01   4.88e-01   2.01e-01   1.73e+00   0.00e+00 (  1.46e+02,  1.81e+02)
50      0.156   3.53e-01   6.25e-01   2.66e-01   2.07e+00   0.00e+00 (  1.35e+02,  1.73e+02)
55      0.169   3.82e-01   7.21e-01   3.76e-01   2.33e+00   0.00e+00 (  1.24e+02,  1.63e+02)
60      0.147   3.64e-01   6.61e-01   4.31e-01   2.10e+00   0.00e+00 (  1.05e+02,  1.52e+02)
65      0.174   4.10e-01   8.00e-01   5.61e-01   2.56e+00   0.00e+00 (  9.95e+01,  1.41e+02)
70      0.186   4.37e-01   8.79e-01   6.69e-01   2.79e+00   0.00e+00 (  9.04e+01,  1.30e+02)
75      0.183   4.43e-01   8.81e-01   7.16e-01   2.81e+00   0.00e+00 (  8.21e+01,  1.20e+02)
80      0.171   4.35e-01   8.53e-01   7.20e-01   2.76e+00   0.00e+00 (  7.53e+01,  1.10e+02)
85      0.167   4.19e-01   7.96e-01   6.61e-01   3.26e+00   0.00e+00 (  6.86e+01,  1.02e+02)
90      0.181   4.26e-01   6.48e-01   4.45e-01   6.42e+00   0.00e+00 (  6.18e+01,  9.53e+01)
95      0.200   4.09e-01   5.87e-01   3.98e-01   1.26e+01   0.00e+00 (  1.32e+02,  8.94e+01)
16 e: 1.808e-04 i: 5.385e-04 :: e: 6.236e-02 i: 6.683e-02 :: n: 2.762e+01 e:22.597 i:27.792 v:4.993e+03
>>> tau_he = 5.000000, nhe(0)=2.948555e+00
 5     -0.018   9.35e-03   4.93e-01   5.99e-03  -8.42e-02   0.00e+00 (  4.37e+00,  4.72e+01)
10     -0.110   6.92e-02   1.02e-02  -7.74e-04  -6.59e-01   0.00e+00 (  5.15e+01,  8.93e+01)
15     -0.066   1.16e-01   7.18e-02  -1.27e-02  -4.69e-01   0.00e+00 (  8.57e+01,  1.22e+02)
20      0.052   1.45e-01   1.22e-01   1.49e-03   4.34e-01   0.00e+00 (  1.05e+02,  1.46e+02)
25      0.111   2.48e-01   3.08e-01   1.12e-01   1.04e+00   0.00e+00 (  1.70e+02,  1.66e+02)
30      0.112   2.72e-01   3.17e-01   1.20e-01   1.15e+00   0.00e+00 (  1.75e+02,  1.78e+02)
35      0.109   2.73e-01   3.53e-01   1.45e-01   1.22e+00   0.00e+00 (  1.65e+02,  1.84e+02)
40      0.120   2.98e-01   4.25e-01   1.53e-01   1.44e+00   0.00e+00 (  1.61e+02,  1.86e+02)
45      0.138   3.17e-01   4.86e-01   2.01e-01   1.74e+00   0.00e+00 (  1.48e+02,  1.81e+02)
50      0.158   3.55e-01   6.24e-01   2.65e-01   2.09e+00   0.00e+00 (  1.37e+02,  1.73e+02)
55      0.171   3.86e-01   7.23e-01   3.77e-01   2.36e+00   0.00e+00 (  1.26e+02,  1.63e+02)
60      0.149   3.68e-01   6.66e-01   4.33e-01   2.14e+00   0.00e+00 (  1.07e+02,  1.52e+02)
65      0.177   4.15e-01   8.08e-01   5.66e-01   2.60e+00   0.00e+00 (  1.02e+02,  1.41e+02)
70      0.189   4.43e-01   8.91e-01   6.77e-01   2.84e+00   0.00e+00 (  9.26e+01,  1.30e+02)
75      0.186   4.50e-01   8.94e-01   7.26e-01   2.86e+00   0.00e+00 (  8.42e+01,  1.20e+02)
80      0.174   4.42e-01   8.66e-01   7.30e-01   2.81e+00   0.00e+00 (  7.73e+01,  1.10e+02)
85      0.170   4.26e-01   8.08e-01   6.71e-01   3.31e+00   0.00e+00 (  7.05e+01,  1.02e+02)
90      0.184   4.31e-01   6.58e-01   4.53e-01   6.52e+00   0.00e+00 (  6.37e+01,  9.53e+01)
95      0.200   4.09e-01   5.87e-01   3.99e-01   1.26e+01   0.00e+00 (  1.32e+02,  8.94e+01)
17 e: 1.103e-04 i: 2.845e-04 :: e: 3.579e-02 i: 4.108e-02 :: n: 2.762e+01 e:22.551 i:27.921 v:4.993e+03
>>> tau_he = 5.000000, nhe(0)=2.951744e+00
 5     -0.018   9.44e-03   5.00e-01   6.07e-03  -8.46e-02   0.00e+00 (  4.43e+00,  4.72e+01)
10     -0.109   6.92e-02   1.01e-02  -7.29e-04  -6.54e-01   0.00e+00 (  5.14e+01,  8.93e+01)
15     -0.066   1.19e-01   7.56e-02  -1.68e-02  -4.75e-01   0.00e+00 (  8.91e+01,  1.22e+02)
20      0.053   1.47e-01   1.27e-01   1.17e-03   4.36e-01   0.00e+00 (  1.07e+02,  1.46e+02)
25      0.058   1.66e-01   1.53e-01   2.79e-02   5.40e-01   0.00e+00 (  1.13e+02,  1.66e+02)
30      0.112   2.73e-01   3.19e-01   1.19e-01   1.15e+00   0.00e+00 (  1.76e+02,  1.78e+02)
35      0.110   2.77e-01   3.56e-01   1.46e-01   1.22e+00   0.00e+00 (  1.67e+02,  1.84e+02)
40      0.120   3.01e-01   4.28e-01   1.54e-01   1.44e+00   0.00e+00 (  1.64e+02,  1.86e+02)
45      0.136   3.24e-01   4.89e-01   2.00e-01   1.72e+00   0.00e+00 (  1.52e+02,  1.81e+02)
50      0.158   3.60e-01   6.30e-01   2.67e-01   2.10e+00   0.00e+00 (  1.40e+02,  1.73e+02)
55      0.172   3.92e-01   7.32e-01   3.80e-01   2.38e+00   0.00e+00 (  1.30e+02,  1.63e+02)
60      0.151   3.74e-01   6.75e-01   4.38e-01   2.15e+00   0.00e+00 (  1.11e+02,  1.52e+02)
65      0.178   4.22e-01   8.20e-01   5.74e-01   2.62e+00   0.00e+00 (  1.05e+02,  1.41e+02)
70      0.191   4.51e-01   9.05e-01   6.87e-01   2.87e+00   0.00e+00 (  9.55e+01,  1.30e+02)
75      0.188   4.57e-01   9.09e-01   7.38e-01   2.89e+00   0.00e+00 (  8.69e+01,  1.20e+02)
80      0.176   4.49e-01   8.80e-01   7.42e-01   2.84e+00   0.00e+00 (  7.97e+01,  1.10e+02)
85      0.172   4.32e-01   8.21e-01   6.82e-01   3.35e+00   0.00e+00 (  7.27e+01,  1.02e+02)
90      0.186   4.36e-01   6.68e-01   4.61e-01   6.61e+00   0.00e+00 (  6.56e+01,  9.53e+01)
95      0.200   4.08e-01   5.87e-01   3.99e-01   1.26e+01   0.00e+00 (  1.33e+02,  8.94e+01)
18 e: 5.758e-05 i: 2.029e-04 :: e: 2.832e-02 i: 3.240e-02 :: n: 2.762e+01 e:22.706 i:27.977 v:4.993e+03
>>> tau_he = 5.000000, nhe(0)=2.964344e+00
 5     -0.018   9.62e-03   5.13e-01   6.16e-03  -8.58e-02   0.00e+00 (  4.51e+00,  4.72e+01)
10     -0.070   6.66e-02   8.51e-03   1.28e-03  -4.19e-01   0.00e+00 (  4.92e+01,  8.93e+01)
15     -0.067   1.21e-01   7.70e-02  -1.74e-02  -4.80e-01   0.00e+00 (  9.10e+01,  1.22e+02)
20      0.088   2.50e-01   3.29e-01   8.48e-02   7.30e-01   0.00e+00 (  1.84e+02,  1.46e+02)
25      0.059   1.67e-01   1.55e-01   2.61e-02   5.48e-01   0.00e+00 (  1.15e+02,  1.66e+02)
30      0.062   2.05e-01   1.98e-01   3.44e-02   6.39e-01   0.00e+00 (  1.31e+02,  1.78e+02)
35      0.109   2.76e-01   3.52e-01   1.43e-01   1.21e+00   0.00e+00 (  1.66e+02,  1.84e+02)
40      0.119   3.01e-01   4.23e-01   1.58e-01   1.42e+00   0.00e+00 (  1.63e+02,  1.86e+02)
45      0.135   3.24e-01   4.83e-01   1.98e-01   1.71e+00   0.00e+00 (  1.52e+02,  1.81e+02)
50      0.158   3.61e-01   6.24e-01   2.64e-01   2.09e+00   0.00e+00 (  1.41e+02,  1.73e+02)
55      0.172   3.93e-01   7.28e-01   3.78e-01   2.38e+00   0.00e+00 (  1.31e+02,  1.63e+02)
60      0.152   3.77e-01   6.75e-01   4.38e-01   2.17e+00   0.00e+00 (  1.12e+02,  1.52e+02)
65      0.180   4.25e-01   8.24e-01   5.75e-01   2.65e+00   0.00e+00 (  1.06e+02,  1.41e+02)
70      0.193   4.56e-01   9.12e-01   6.92e-01   2.90e+00   0.00e+00 (  9.72e+01,  1.30e+02)
75      0.190   4.63e-01   9.19e-01   7.45e-01   2.93e+00   0.00e+00 (  8.87e+01,  1.20e+02)
80      0.178   4.56e-01   8.91e-01   7.51e-01   2.88e+00   0.00e+00 (  8.15e+01,  1.10e+02)
85      0.174   4.39e-01   8.33e-01   6.91e-01   3.41e+00   0.00e+00 (  7.45e+01,  1.02e+02)
90      0.189   4.42e-01   6.78e-01   4.68e-01   6.71e+00   0.00e+00 (  6.74e+01,  9.53e+01)
95      0.201   4.08e-01   5.87e-01   3.99e-01   1.26e+01   0.00e+00 (  1.33e+02,  8.94e+01)
19 e: 1.558e-04 i: 5.230e-04 :: e: 3.246e-02 i: 3.715e-02 :: n: 2.762e+01 e:22.740 i:28.199 v:4.993e+03
>>> tau_he = 5.000000, nhe(0)=2.968856e+00
 5     -0.018   9.73e-03   5.20e-01   6.23e-03  -8.68e-02   0.00e+00 (  4.59e+00,  4.72e+01)
10     -0.071   6.69e-02   8.64e-03   1.28e-03  -4.24e-01   0.00e+00 (  4.96e+01,  8.93e+01)
15     -0.053   2.62e-01   3.82e-01   4.21e-02  -3.77e-01   0.00e+00 (  1.98e+02,  1.22e+02)
20      0.048   1.43e-01   1.27e-01   9.35e-04   4.01e-01   0.00e+00 (  1.04e+02,  1.46e+02)
25      0.115   2.55e-01   3.18e-01   1.18e-01   1.07e+00   0.00e+00 (  1.78e+02,  1.66e+02)
30      0.115   2.79e-01   3.25e-01   1.22e-01   1.18e+00   0.00e+00 (  1.81e+02,  1.78e+02)
35      0.110   2.79e-01   3.55e-01   1.45e-01   1.22e+00   0.00e+00 (  1.69e+02,  1.84e+02)
40      0.119   3.03e-01   4.25e-01   1.59e-01   1.42e+00   0.00e+00 (  1.65e+02,  1.86e+02)
45      0.136   3.27e-01   4.86e-01   2.00e-01   1.72e+00   0.00e+00 (  1.54e+02,  1.81e+02)
50      0.159   3.65e-01   6.30e-01   2.66e-01   2.11e+00   0.00e+00 (  1.44e+02,  1.73e+02)
55      0.174   3.98e-01   7.37e-01   3.82e-01   2.40e+00   0.00e+00 (  1.33e+02,  1.63e+02)
60      0.209   4.54e-01   9.04e-01   5.56e-01   2.98e+00   0.00e+00 (  1.36e+02,  1.52e+02)
65      0.182   4.31e-01   8.35e-01   5.83e-01   2.67e+00   0.00e+00 (  1.09e+02,  1.41e+02)
70      0.195   4.62e-01   9.25e-01   7.01e-01   2.93e+00   0.00e+00 (  9.98e+01,  1.30e+02)
75      0.192   4.70e-01   9.33e-01   7.56e-01   2.96e+00   0.00e+00 (  9.11e+01,  1.20e+02)
80      0.180   4.62e-01   9.04e-01   7.62e-01   2.91e+00   0.00e+00 (  8.38e+01,  1.10e+02)
85      0.176   4.47e-01   8.46e-01   7.06e-01   3.43e+00   0.00e+00 (  7.69e+01,  1.02e+02)
90      0.191   4.46e-01   6.88e-01   4.75e-01   6.79e+00   0.00e+00 (  6.93e+01,  9.53e+01)
95      0.201   4.08e-01   5.87e-01   4.00e-01   1.26e+01   0.00e+00 (  1.34e+02,  8.94e+01)
20 e: 1.555e-04 i: 4.246e-04 :: e: 5.040e-02 i: 5.959e-02 :: n: 2.762e+01 e:22.886 i:28.281 v:4.993e+03
>>> tau_he = 5.000000, nhe(0)=2.985156e+00
 5     -0.019   9.92e-03   5.15e-01   6.06e-03  -8.92e-02   0.00e+00 (  4.67e+00,  4.72e+01)
10     -0.067   6.91e-02   9.62e-03   1.71e-03  -4.02e-01   0.00e+00 (  5.06e+01,  8.93e+01)
15     -0.057   1.21e-01   7.44e-02  -1.36e-02  -4.09e-01   0.00e+00 (  8.84e+01,  1.22e+02)
20      0.051   1.46e-01   1.30e-01   5.02e-04   4.18e-01   0.00e+00 (  1.05e+02,  1.46e+02)
25      0.108   2.50e-01   3.16e-01   1.11e-01   1.00e+00   0.00e+00 (  1.73e+02,  1.66e+02)
30      0.118   2.79e-01   3.24e-01   1.20e-01   1.22e+00   0.00e+00 (  1.80e+02,  1.78e+02)
35      0.111   2.81e-01   3.54e-01   1.43e-01   1.24e+00   0.00e+00 (  1.70e+02,  1.84e+02)
40      0.120   3.04e-01   4.22e-01   1.57e-01   1.43e+00   0.00e+00 (  1.66e+02,  1.86e+02)
45      0.137   3.28e-01   4.84e-01   1.99e-01   1.74e+00   0.00e+00 (  1.55e+02,  1.81e+02)
50      0.161   3.67e-01   6.28e-01   2.65e-01   2.13e+00   0.00e+00 (  1.45e+02,  1.73e+02)
55      0.175   4.00e-01   7.34e-01   3.80e-01   2.42e+00   0.00e+00 (  1.34e+02,  1.63e+02)
60      0.151   3.80e-01   6.71e-01   4.38e-01   2.15e+00   0.00e+00 (  1.14e+02,  1.52e+02)
65      0.183   4.33e-01   8.35e-01   5.82e-01   2.69e+00   0.00e+00 (  1.10e+02,  1.41e+02)
70      0.197   4.67e-01   9.32e-01   7.06e-01   2.97e+00   0.00e+00 (  1.02e+02,  1.30e+02)
75      0.195   4.76e-01   9.42e-01   7.63e-01   3.00e+00   0.00e+00 (  9.29e+01,  1.20e+02)
80      0.183   4.68e-01   9.14e-01   7.69e-01   2.95e+00   0.00e+00 (  8.54e+01,  1.10e+02)
85      0.178   4.53e-01   8.55e-01   7.13e-01   3.48e+00   0.00e+00 (  7.86e+01,  1.02e+02)
90      0.194   4.51e-01   6.97e-01   4.83e-01   6.89e+00   0.00e+00 (  7.09e+01,  9.53e+01)
95      0.201   4.08e-01   5.87e-01   4.00e-01   1.26e+01   0.00e+00 (  1.34e+02,  8.94e+01)
21 e: 1.399e-04 i: 3.092e-04 :: e: 3.078e-02 i: 3.458e-02 :: n: 2.762e+01 e:22.821 i:28.576 v:4.993e+03
>>> tau_he = 5.000000, nhe(0)=2.987245e+00
 5     -0.019   1.00e-02   5.22e-01   6.17e-03  -9.00e-02   0.00e+00 (  4.76e+00,  4.72e+01)
10     -0.069   6.93e-02   9.65e-03   1.62e-03  -4.12e-01   0.00e+00 (  5.10e+01,  8.93e+01)
15     -0.060   1.26e-01   7.92e-02  -1.83e-02  -4.28e-01   0.00e+00 (  9.29e+01,  1.22e+02)
20      0.087   2.55e-01   3.44e-01   8.97e-02   7.18e-01   0.00e+00 (  1.87e+02,  1.46e+02)
25      0.052   1.65e-01   1.56e-01   2.26e-02   4.85e-01   0.00e+00 (  1.14e+02,  1.66e+02)
30      0.065   2.12e-01   2.04e-01   3.24e-02   6.70e-01   0.00e+00 (  1.38e+02,  1.78e+02)
35      0.112   2.85e-01   3.60e-01   1.46e-01   1.25e+00   0.00e+00 (  1.74e+02,  1.84e+02)
40      0.121   3.09e-01   4.29e-01   1.59e-01   1.44e+00   0.00e+00 (  1.70e+02,  1.86e+02)
45      0.139   3.33e-01   4.92e-01   2.03e-01   1.76e+00   0.00e+00 (  1.60e+02,  1.81e+02)
50      0.163   3.73e-01   6.39e-01   2.61e-01   2.16e+00   0.00e+00 (  1.49e+02,  1.73e+02)
55      0.177   4.07e-01   7.48e-01   3.87e-01   2.45e+00   0.00e+00 (  1.39e+02,  1.63e+02)
60      0.209   4.60e-01   9.10e-01   5.61e-01   2.99e+00   0.00e+00 (  1.40e+02,  1.52e+02)
65      0.185   4.41e-01   8.52e-01   5.93e-01   2.72e+00   0.00e+00 (  1.14e+02,  1.41e+02)
70      0.199   4.75e-01   9.48e-01   7.18e-01   3.00e+00   0.00e+00 (  1.05e+02,  1.30e+02)
75      0.197   4.84e-01   9.58e-01   7.76e-01   3.03e+00   0.00e+00 (  9.57e+01,  1.20e+02)
80      0.184   4.75e-01   9.29e-01   7.82e-01   2.97e+00   0.00e+00 (  8.80e+01,  1.10e+02)
85      0.180   4.59e-01   8.68e-01   7.23e-01   3.51e+00   0.00e+00 (  8.10e+01,  1.02e+02)
90      0.196   4.56e-01   7.06e-01   4.90e-01   6.96e+00   0.00e+00 (  7.30e+01,  9.53e+01)
95      0.201   4.08e-01   5.87e-01   4.00e-01   1.26e+01   0.00e+00 (  1.34e+02,  8.94e+01)
22 e: 1.156e-04 i: 6.301e-04 :: e: 5.316e-02 i: 6.073e-02 :: n: 2.762e+01 e:23.054 i:28.616 v:4.993e+03
>>> tau_he = 5.000000, nhe(0)=2.996116e+00
 5     -0.019   1.01e-02   5.32e-01   6.17e-03  -9.07e-02   0.00e+00 (  4.82e+00,  4.72e+01)
10     -0.068   6.90e-02   9.76e-03   1.77e-03  -4.05e-01   0.00e+00 (  5.05e+01,  8.93e+01)
15     -0.059   1.26e-01   7.90e-02  -1.59e-02  -4.25e-01   0.00e+00 (  9.27e+01,  1.22e+02)
20      0.052   1.46e-01   1.28e-01   8.37e-04   4.30e-01   0.00e+00 (  1.05e+02,  1.46e+02)
25      0.053   1.66e-01   1.56e-01   2.25e-02   4.96e-01   0.00e+00 (  1.16e+02,  1.66e+02)
30      0.121   2.82e-01   3.29e-01   1.22e-01   1.24e+00   0.00e+00 (  1.84e+02,  1.78e+02)
35      0.112   2.85e-01   3.56e-01   1.43e-01   1.24e+00   0.00e+00 (  1.73e+02,  1.84e+02)
40      0.120   3.07e-01   4.23e-01   1.57e-01   1.43e+00   0.00e+00 (  1.68e+02,  1.86e+02)
45      0.138   3.32e-01   4.85e-01   2.01e-01   1.75e+00   0.00e+00 (  1.59e+02,  1.81e+02)
50      0.162   3.72e-01   6.32e-01   2.58e-01   2.15e+00   0.00e+00 (  1.49e+02,  1.73e+02)
55      0.177   4.06e-01   7.39e-01   3.82e-01   2.44e+00   0.00e+00 (  1.38e+02,  1.63e+02)
60      0.150   3.84e-01   6.71e-01   4.36e-01   2.14e+00   0.00e+00 (  1.16e+02,  1.52e+02)
65      0.185   4.41e-01   8.46e-01   5.88e-01   2.72e+00   0.00e+00 (  1.14e+02,  1.41e+02)
70      0.201   4.78e-01   9.49e-01   7.18e-01   3.02e+00   0.00e+00 (  1.06e+02,  1.30e+02)
75      0.199   4.87e-01   9.62e-01   7.79e-01   3.07e+00   0.00e+00 (  9.68e+01,  1.20e+02)
80      0.187   4.79e-01   9.35e-01   7.86e-01   3.01e+00   0.00e+00 (  8.91e+01,  1.10e+02)
85      0.182   4.64e-01   8.76e-01   7.30e-01   3.56e+00   0.00e+00 (  8.22e+01,  1.02e+02)
90      0.199   4.60e-01   7.14e-01   4.96e-01   7.05e+00   0.00e+00 (  7.43e+01,  9.53e+01)
95      0.201   4.08e-01   5.87e-01   4.01e-01   1.26e+01   0.00e+00 (  1.34e+02,  8.94e+01)
23 e: 1.008e-04 i: 1.779e-04 :: e: 3.589e-02 i: 3.900e-02 :: n: 2.762e+01 e:23.008 i:28.780 v:4.993e+03
>>> tau_he = 5.000000, nhe(0)=3.001120e+00
 5     -0.019   1.02e-02   5.42e-01   6.09e-03  -9.18e-02   0.00e+00 (  4.88e+00,  4.72e+01)
10     -0.068   6.89e-02   9.81e-03   1.74e-03  -4.08e-01   0.00e+00 (  5.05e+01,  8.93e+01)
15     -0.046   2.79e-01   4.01e-01   4.62e-02  -3.30e-01   0.00e+00 (  2.07e+02,  1.22e+02)
20      0.051   1.50e-01   1.34e-01   1.10e-04   4.25e-01   0.00e+00 (  1.09e+02,  1.46e+02)
25      0.123   2.64e-01   3.29e-01   1.25e-01   1.14e+00   0.00e+00 (  1.86e+02,  1.66e+02)
30      0.122   2.86e-01   3.33e-01   1.24e-01   1.25e+00   0.00e+00 (  1.87e+02,  1.78e+02)
35      0.113   2.87e-01   3.60e-01   1.45e-01   1.25e+00   0.00e+00 (  1.75e+02,  1.84e+02)
40      0.121   3.11e-01   4.29e-01   1.58e-01   1.45e+00   0.00e+00 (  1.71e+02,  1.86e+02)
45      0.135   3.36e-01   4.93e-01   2.01e-01   1.70e+00   0.00e+00 (  1.61e+02,  1.81e+02)
50      0.164   3.77e-01   6.43e-01   2.62e-01   2.18e+00   0.00e+00 (  1.52e+02,  1.73e+02)
55      0.179   4.12e-01   7.53e-01   3.89e-01   2.47e+00   0.00e+00 (  1.42e+02,  1.63e+02)
60      0.209   4.64e-01   9.12e-01   5.59e-01   2.98e+00   0.00e+00 (  1.42e+02,  1.52e+02)
65      0.187   4.48e-01   8.62e-01   5.99e-01   2.75e+00   0.00e+00 (  1.17e+02,  1.41e+02)
70      0.202   4.84e-01   9.64e-01   7.29e-01   3.04e+00   0.00e+00 (  1.08e+02,  1.30e+02)
75      0.200   4.94e-01   9.77e-01   7.90e-01   3.08e+00   0.00e+00 (  9.91e+01,  1.20e+02)
80      0.187   4.85e-01   9.48e-01   7.97e-01   3.02e+00   0.00e+00 (  9.13e+01,  1.10e+02)
85      0.183   4.69e-01   8.87e-01   7.39e-01   3.57e+00   0.00e+00 (  8.43e+01,  1.02e+02)
90      0.201   4.68e-01   7.24e-01   5.04e-01   7.13e+00   0.00e+00 (  7.68e+01,  9.53e+01)
95      0.201   4.08e-01   5.87e-01   4.01e-01   1.26e+01   0.00e+00 (  1.35e+02,  8.94e+01)
24 e: 1.503e-04 i: 4.472e-04 :: e: 6.017e-02 i: 6.705e-02 :: n: 2.762e+01 e:23.194 i:28.874 v:4.993e+03
>>> tau_he = 5.000000, nhe(0)=3.018085e+00
 5     -0.020   1.05e-02   5.35e-01   6.12e-03  -9.45e-02   0.00e+00 (  4.99e+00,  4.72e+01)
10     -0.065   7.15e-02   1.10e-02   2.29e-03  -3.88e-01   0.00e+00 (  5.19e+01,  8.93e+01)
15     -0.054   1.29e-01   7.71e-02  -1.44e-02  -3.83e-01   0.00e+00 (  9.29e+01,  1.22e+02)
20      0.053   1.52e-01   1.36e-01  -1.94e-04   4.42e-01   0.00e+00 (  1.11e+02,  1.46e+02)
25      0.113   2.58e-01   3.25e-01   1.15e-01   1.05e+00   0.00e+00 (  1.80e+02,  1.66e+02)
30      0.122   2.84e-01   3.28e-01   1.19e-01   1.25e+00   0.00e+00 (  1.84e+02,  1.78e+02)
35      0.114   2.88e-01   3.57e-01   1.43e-01   1.26e+00   0.00e+00 (  1.74e+02,  1.84e+02)
40      0.122   3.10e-01   4.23e-01   1.56e-01   1.45e+00   0.00e+00 (  1.71e+02,  1.86e+02)
45      0.137   3.32e-01   4.87e-01   2.02e-01   1.73e+00   0.00e+00 (  1.59e+02,  1.81e+02)
50      0.165   3.76e-01   6.34e-01   2.58e-01   2.18e+00   0.00e+00 (  1.52e+02,  1.73e+02)
55      0.179   4.10e-01   7.43e-01   3.83e-01   2.47e+00   0.00e+00 (  1.41e+02,  1.63e+02)
60      0.150   3.86e-01   6.70e-01   4.35e-01   2.14e+00   0.00e+00 (  1.17e+02,  1.52e+02)
65      0.188   4.47e-01   8.53e-01   5.93e-01   2.76e+00   0.00e+00 (  1.16e+02,  1.41e+02)
70      0.204   4.85e-01   9.62e-01   7.27e-01   3.07e+00   0.00e+00 (  1.09e+02,  1.30e+02)
75      0.202   4.95e-01   9.77e-01   7.90e-01   3.11e+00   0.00e+00 (  9.96e+01,  1.20e+02)
80      0.191   4.85e-01   9.51e-01   7.99e-01   3.08e+00   0.00e+00 (  9.12e+01,  1.10e+02)
85      0.186   4.73e-01   8.92e-01   7.43e-01   3.63e+00   0.00e+00 (  8.50e+01,  1.02e+02)
90      0.202   4.68e-01   7.28e-01   5.06e-01   7.18e+00   0.00e+00 (  7.70e+01,  9.53e+01)
95      0.201   4.08e-01   5.87e-01   4.01e-01   1.26e+01   0.00e+00 (  1.35e+02,  8.94e+01)
25 e: 1.467e-04 i: 3.282e-04 :: e: 3.694e-02 i: 4.200e-02 :: n: 2.762e+01 e:23.062 i:29.195 v:4.993e+03
>>> tau_he = 5.000000, nhe(0)=3.015719e+00
 5     -0.020   1.05e-02   5.39e-01   6.25e-03  -9.50e-02   0.00e+00 (  5.07e+00,  4.72e+01)
10     -0.067   7.11e-02   1.09e-02   2.09e-03  -4.00e-01   0.00e+00 (  5.20e+01,  8.93e+01)
15     -0.057   1.33e-01   8.25e-02  -1.72e-02  -4.09e-01   0.00e+00 (  9.72e+01,  1.22e+02)
20      0.093   2.66e-01   3.62e-01   9.65e-02   7.68e-01   0.00e+00 (  1.97e+02,  1.46e+02)
25      0.054   1.70e-01   1.60e-01   2.28e-02   5.02e-01   0.00e+00 (  1.19e+02,  1.66e+02)
30      0.071   2.11e-01   2.07e-01   3.17e-02   7.24e-01   0.00e+00 (  1.37e+02,  1.78e+02)
35      0.115   2.92e-01   3.65e-01   1.47e-01   1.28e+00   0.00e+00 (  1.79e+02,  1.84e+02)
40      0.124   3.16e-01   4.34e-01   1.58e-01   1.48e+00   0.00e+00 (  1.76e+02,  1.86e+02)
45      0.138   3.41e-01   4.99e-01   2.04e-01   1.74e+00   0.00e+00 (  1.66e+02,  1.81e+02)
50      0.167   3.84e-01   6.52e-01   2.66e-01   2.22e+00   0.00e+00 (  1.57e+02,  1.73e+02)
55      0.182   4.19e-01   7.64e-01   3.94e-01   2.51e+00   0.00e+00 (  1.46e+02,  1.63e+02)
60      0.210   4.70e-01   9.20e-01   5.63e-01   3.01e+00   0.00e+00 (  1.45e+02,  1.52e+02)
65      0.190   4.55e-01   8.75e-01   6.07e-01   2.79e+00   0.00e+00 (  1.20e+02,  1.41e+02)
70      0.205   4.93e-01   9.81e-01   7.41e-01   3.09e+00   0.00e+00 (  1.12e+02,  1.30e+02)
75      0.203   5.02e-01   9.94e-01   8.03e-01   3.12e+00   0.00e+00 (  1.02e+02,  1.20e+02)
80      0.190   4.94e-01   9.64e-01   8.10e-01   3.06e+00   0.00e+00 (  9.42e+01,  1.10e+02)
85      0.186   4.78e-01   9.03e-01   7.52e-01   3.63e+00   0.00e+00 (  8.71e+01,  1.02e+02)
90      0.204   4.75e-01   7.37e-01   5.14e-01   7.25e+00   0.00e+00 (  7.95e+01,  9.53e+01)
95      0.201   4.08e-01   5.87e-01   4.01e-01   1.26e+01   0.00e+00 (  1.35e+02,  8.94e+01)
26 e: 1.521e-04 i: 7.122e-04 :: e: 6.056e-02 i: 6.780e-02 :: n: 2.762e+01 e:23.318 i:29.152 v:4.993e+03
>>> tau_he = 5.000000, nhe(0)=3.022886e+00
 5     -0.020   1.06e-02   5.50e-01   5.98e-03  -9.58e-02   0.00e+00 (  5.09e+00,  4.72e+01)
10     -0.066   7.09e-02   1.09e-02   2.26e-03  -3.93e-01   0.00e+00 (  5.16e+01,  8.93e+01)
15     -0.056   1.33e-01   8.15e-02  -1.68e-02  -3.99e-01   0.00e+00 (  9.66e+01,  1.22e+02)
20      0.055   1.51e-01   1.33e-01   3.46e-04   4.53e-01   0.00e+00 (  1.09e+02,  1.46e+02)
25      0.057   1.70e-01   1.58e-01   2.30e-02   5.30e-01   0.00e+00 (  1.19e+02,  1.66e+02)
30      0.124   2.89e-01   3.33e-01   1.21e-01   1.27e+00   0.00e+00 (  1.88e+02,  1.78e+02)
35      0.114   2.90e-01   3.58e-01   1.43e-01   1.27e+00   0.00e+00 (  1.76e+02,  1.84e+02)
40      0.122   3.13e-01   4.24e-01   1.55e-01   1.45e+00   0.00e+00 (  1.73e+02,  1.86e+02)
45      0.136   3.38e-01   4.87e-01   2.00e-01   1.71e+00   0.00e+00 (  1.63e+02,  1.81e+02)
50      0.166   3.80e-01   6.37e-01   2.59e-01   2.20e+00   0.00e+00 (  1.54e+02,  1.73e+02)
55      0.180   4.15e-01   7.47e-01   3.85e-01   2.48e+00   0.00e+00 (  1.44e+02,  1.63e+02)
60      0.149   3.89e-01   6.71e-01   4.35e-01   2.13e+00   0.00e+00 (  1.19e+02,  1.52e+02)
65      0.189   4.52e-01   8.60e-01   5.97e-01   2.78e+00   0.00e+00 (  1.19e+02,  1.41e+02)
70      0.206   4.92e-01   9.72e-01   7.34e-01   3.10e+00   0.00e+00 (  1.11e+02,  1.30e+02)
75      0.204   5.02e-01   9.89e-01   7.99e-01   3.15e+00   0.00e+00 (  1.02e+02,  1.20e+02)
80      0.193   4.92e-01   9.64e-01   8.09e-01   3.12e+00   0.00e+00 (  9.36e+01,  1.10e+02)
85      0.188   4.80e-01   9.05e-01   7.54e-01   3.68e+00   0.00e+00 (  8.73e+01,  1.02e+02)
90      0.205   4.74e-01   7.39e-01   5.15e-01   7.28e+00   0.00e+00 (  7.93e+01,  9.53e+01)
95      0.201   4.08e-01   5.87e-01   4.02e-01   1.26e+01   0.00e+00 (  1.35e+02,  8.94e+01)
27 e: 9.463e-05 i: 1.713e-04 :: e: 3.919e-02 i: 4.348e-02 :: n: 2.762e+01 e:23.189 i:29.289 v:4.993e+03
>>> tau_he = 5.000000, nhe(0)=3.023391e+00
 5     -0.020   1.07e-02   5.56e-01   6.14e-03  -9.60e-02   0.00e+00 (  5.14e+00,  4.72e+01)
10     -0.067   7.03e-02   1.08e-02   2.14e-03  -3.98e-01   0.00e+00 (  5.13e+01,  8.93e+01)
15     -0.036   2.89e-01   4.13e-01   4.91e-02  -2.56e-01   0.00e+00 (  2.12e+02,  1.22e+02)
20      0.053   1.56e-01   1.39e-01  -3.34e-04   4.36e-01   0.00e+00 (  1.14e+02,  1.46e+02)
25      0.116   2.64e-01   3.35e-01   1.23e-01   1.08e+00   0.00e+00 (  1.88e+02,  1.66e+02)
30      0.125   2.90e-01   3.38e-01   1.24e-01   1.28e+00   0.00e+00 (  1.90e+02,  1.78e+02)
35      0.115   2.93e-01   3.64e-01   1.46e-01   1.28e+00   0.00e+00 (  1.79e+02,  1.84e+02)
40      0.124   3.16e-01   4.33e-01   1.58e-01   1.48e+00   0.00e+00 (  1.76e+02,  1.86e+02)
45      0.138   3.42e-01   5.00e-01   2.04e-01   1.74e+00   0.00e+00 (  1.67e+02,  1.81e+02)
50      0.168   3.87e-01   6.54e-01   2.66e-01   2.23e+00   0.00e+00 (  1.59e+02,  1.73e+02)
55      0.183   4.21e-01   7.67e-01   3.95e-01   2.52e+00   0.00e+00 (  1.47e+02,  1.63e+02)
60      0.211   4.72e-01   9.21e-01   5.63e-01   3.01e+00   0.00e+00 (  1.46e+02,  1.52e+02)
65      0.191   4.59e-01   8.81e-01   6.11e-01   2.80e+00   0.00e+00 (  1.22e+02,  1.41e+02)
70      0.207   4.98e-01   9.89e-01   7.46e-01   3.11e+00   0.00e+00 (  1.13e+02,  1.30e+02)
75      0.204   5.08e-01   1.00e+00   8.11e-01   3.15e+00   0.00e+00 (  1.04e+02,  1.20e+02)
80      0.191   5.00e-01   9.75e-01   8.19e-01   3.09e+00   0.00e+00 (  9.61e+01,  1.10e+02)
85      0.188   4.83e-01   9.14e-01   7.61e-01   3.66e+00   0.00e+00 (  8.90e+01,  1.02e+02)
90      0.206   4.79e-01   7.46e-01   5.21e-01   7.33e+00   0.00e+00 (  8.14e+01,  9.53e+01)
95      0.201   4.08e-01   5.88e-01   4.02e-01   1.26e+01   0.00e+00 (  1.36e+02,  8.94e+01)
28 e: 1.750e-04 i: 4.861e-04 :: e: 6.210e-02 i: 6.903e-02 :: n: 2.762e+01 e:23.382 i:29.300 v:4.993e+03
>>> tau_he = 5.000000, nhe(0)=3.039942e+00
 5     -0.021   1.09e-02   5.48e-01   6.14e-03  -9.87e-02   0.00e+00 (  5.23e+00,  4.72e+01)
10     -0.062   7.26e-02   1.18e-02   3.60e-03  -3.70e-01   0.00e+00 (  5.24e+01,  8.93e+01)
15     -0.046   1.32e-01   7.89e-02  -1.50e-02  -3.29e-01   0.00e+00 (  9.35e+01,  1.22e+02)
20      0.093   2.68e-01   3.62e-01   8.99e-02   7.71e-01   0.00e+00 (  1.95e+02,  1.46e+02)
25      0.115   2.63e-01   3.31e-01   1.17e-01   1.07e+00   0.00e+00 (  1.85e+02,  1.66e+02)
30      0.072   2.14e-01   2.05e-01   2.89e-02   7.35e-01   0.00e+00 (  1.39e+02,  1.78e+02)
35      0.116   2.92e-01   3.58e-01   1.43e-01   1.29e+00   0.00e+00 (  1.77e+02,  1.84e+02)
40      0.123   3.14e-01   4.24e-01   1.55e-01   1.47e+00   0.00e+00 (  1.74e+02,  1.86e+02)
45      0.139   3.37e-01   4.89e-01   2.04e-01   1.76e+00   0.00e+00 (  1.63e+02,  1.81e+02)
50      0.168   3.82e-01   6.39e-01   2.59e-01   2.22e+00   0.00e+00 (  1.56e+02,  1.73e+02)
55      0.181   4.17e-01   7.49e-01   3.86e-01   2.51e+00   0.00e+00 (  1.45e+02,  1.63e+02)
60      0.150   3.90e-01   6.70e-01   4.34e-01   2.14e+00   0.00e+00 (  1.19e+02,  1.52e+02)
65      0.190   4.55e-01   8.64e-01   5.99e-01   2.80e+00   0.00e+00 (  1.20e+02,  1.41e+02)
70      0.208   4.95e-01   9.78e-01   7.38e-01   3.13e+00   0.00e+00 (  1.12e+02,  1.30e+02)
75      0.206   5.06e-01   9.96e-01   8.04e-01   3.17e+00   0.00e+00 (  1.03e+02,  1.20e+02)
80      0.195   4.96e-01   9.71e-01   8.15e-01   3.14e+00   0.00e+00 (  9.49e+01,  1.10e+02)
85      0.190   4.84e-01   9.13e-01   7.61e-01   3.71e+00   0.00e+00 (  8.87e+01,  1.02e+02)
90      0.207   4.78e-01   7.46e-01   5.20e-01   7.36e+00   0.00e+00 (  8.09e+01,  9.53e+01)
95      0.201   4.08e-01   5.87e-01   4.02e-01   1.26e+01   0.00e+00 (  1.36e+02,  8.94e+01)
29 e: 2.489e-04 i: 8.976e-04 :: e: 4.890e-02 i: 5.381e-02 :: n: 2.762e+01 e:23.176 i:29.624 v:4.993e+03
>>> tau_he = 5.000000, nhe(0)=3.029172e+00
 5     -0.021   1.08e-02   5.46e-01   6.04e-03  -9.88e-02   0.00e+00 (  5.25e+00,  4.72e+01)
10     -0.066   7.31e-02   1.18e-02   2.40e-03  -3.92e-01   0.00e+00 (  5.34e+01,  8.93e+01)
15     -0.049   1.33e-01   8.36e-02  -1.76e-02  -3.48e-01   0.00e+00 (  9.57e+01,  1.22e+02)
20      0.055   1.55e-01   1.37e-01   1.28e-04   4.59e-01   0.00e+00 (  1.12e+02,  1.46e+02)
25      0.057   1.72e-01   1.61e-01   2.33e-02   5.34e-01   0.00e+00 (  1.21e+02,  1.66e+02)
30      0.130   2.84e-01   3.54e-01   1.39e-01   1.33e+00   0.00e+00 (  1.88e+02,  1.78e+02)
35      0.118   2.97e-01   3.70e-01   1.48e-01   1.31e+00   0.00e+00 (  1.83e+02,  1.84e+02)
40      0.126   3.20e-01   4.37e-01   1.58e-01   1.51e+00   0.00e+00 (  1.79e+02,  1.86e+02)
45      0.143   3.43e-01   5.07e-01   2.09e-01   1.80e+00   0.00e+00 (  1.69e+02,  1.81e+02)
50      0.171   3.90e-01   6.62e-01   2.69e-01   2.27e+00   0.00e+00 (  1.61e+02,  1.73e+02)
55      0.185   4.26e-01   7.76e-01   4.00e-01   2.55e+00   0.00e+00 (  1.50e+02,  1.63e+02)
60      0.212   4.76e-01   9.28e-01   5.66e-01   3.03e+00   0.00e+00 (  1.48e+02,  1.52e+02)
65      0.192   4.64e-01   8.90e-01   6.17e-01   2.83e+00   0.00e+00 (  1.24e+02,  1.41e+02)
70      0.208   5.03e-01   9.99e-01   7.53e-01   3.13e+00   0.00e+00 (  1.15e+02,  1.30e+02)
75      0.206   5.12e-01   1.01e+00   8.18e-01   3.17e+00   0.00e+00 (  1.06e+02,  1.20e+02)
80      0.193   5.05e-01   9.85e-01   8.27e-01   3.11e+00   0.00e+00 (  9.77e+01,  1.10e+02)
85      0.189   4.88e-01   9.22e-01   7.68e-01   3.69e+00   0.00e+00 (  9.05e+01,  1.02e+02)
90      0.208   4.83e-01   7.53e-01   5.26e-01   7.39e+00   0.00e+00 (  8.30e+01,  9.53e+01)
95      0.201   4.08e-01   5.88e-01   4.02e-01   1.26e+01   0.00e+00 (  1.36e+02,  8.94e+01)
30 e: 7.305e-05 i: 2.506e-04 :: e: 5.017e-02 i: 5.893e-02 :: n: 2.762e+01 e:23.423 i:29.413 v:4.993e+03
>>> tau_he = 5.000000, nhe(0)=3.038823e+00
 5     -0.021   1.09e-02   5.59e-01   5.99e-03  -9.87e-02   0.00e+00 (  5.26e+00,  4.72e+01)
10     -0.063   7.14e-02   1.17e-02   2.62e-03  -3.78e-01   0.00e+00 (  5.15e+01,  8.93e+01)
15     -0.048   1.35e-01   8.30e-02  -1.75e-02  -3.47e-01   0.00e+00 (  9.68e+01,  1.22e+02)
20      0.056   1.56e-01   1.36e-01  -2.19e-05   4.63e-01   0.00e+00 (  1.12e+02,  1.46e+02)
25      0.058   1.72e-01   1.60e-01   2.15e-02   5.35e-01   0.00e+00 (  1.20e+02,  1.66e+02)
30      0.125   2.91e-01   3.34e-01   1.19e-01   1.28e+00   0.00e+00 (  1.90e+02,  1.78e+02)
35      0.116   2.93e-01   3.59e-01   1.43e-01   1.29e+00   0.00e+00 (  1.78e+02,  1.84e+02)
40      0.123   3.15e-01   4.23e-01   1.51e-01   1.46e+00   0.00e+00 (  1.75e+02,  1.86e+02)
45      0.140   3.39e-01   4.91e-01   2.05e-01   1.76e+00   0.00e+00 (  1.65e+02,  1.81e+02)
50      0.168   3.84e-01   6.41e-01   2.60e-01   2.23e+00   0.00e+00 (  1.57e+02,  1.73e+02)
55      0.182   4.19e-01   7.53e-01   3.87e-01   2.51e+00   0.00e+00 (  1.47e+02,  1.63e+02)
60      0.149   3.91e-01   6.71e-01   4.34e-01   2.14e+00   0.00e+00 (  1.20e+02,  1.52e+02)
65      0.191   4.57e-01   8.68e-01   6.01e-01   2.81e+00   0.00e+00 (  1.21e+02,  1.41e+02)
70      0.209   4.98e-01   9.83e-01   7.41e-01   3.14e+00   0.00e+00 (  1.14e+02,  1.30e+02)
75      0.207   5.09e-01   1.00e+00   8.08e-01   3.19e+00   0.00e+00 (  1.04e+02,  1.20e+02)
80      0.196   4.99e-01   9.77e-01   8.20e-01   3.16e+00   0.00e+00 (  9.60e+01,  1.10e+02)
85      0.191   4.88e-01   9.19e-01   7.66e-01   3.73e+00   0.00e+00 (  8.99e+01,  1.02e+02)
90      0.209   4.80e-01   7.52e-01   5.24e-01   7.41e+00   0.00e+00 (  8.20e+01,  9.53e+01)
95      0.201   4.08e-01   5.87e-01   4.02e-01   1.26e+01   0.00e+00 (  1.36e+02,  8.94e+01)
31 e: 1.007e-04 i: 1.782e-04 :: e: 3.629e-02 i: 4.055e-02 :: n: 2.762e+01 e:23.251 i:29.602 v:4.993e+03
>>> tau_he = 5.000000, nhe(0)=3.036318e+00
 5     -0.021   1.09e-02   5.63e-01   6.17e-03  -9.89e-02   0.00e+00 (  5.30e+00,  4.72e+01)
10     -0.065   7.16e-02   1.15e-02   2.43e-03  -3.90e-01   0.00e+00 (  5.20e+01,  8.93e+01)
15     -0.028   2.94e-01   4.20e-01   5.05e-02  -2.00e-01   0.00e+00 (  2.13e+02,  1.22e+02)
20      0.095   2.73e-01   3.67e-01   9.56e-02   7.84e-01   0.00e+00 (  1.99e+02,  1.46e+02)
25      0.117   2.67e-01   3.38e-01   1.25e-01   1.09e+00   0.00e+00 (  1.90e+02,  1.66e+02)
30      0.126   2.92e-01   3.39e-01   1.23e-01   1.29e+00   0.00e+00 (  1.91e+02,  1.78e+02)
35      0.117   2.95e-01   3.66e-01   1.47e-01   1.30e+00   0.00e+00 (  1.80e+02,  1.84e+02)
40      0.126   3.19e-01   4.36e-01   1.58e-01   1.50e+00   0.00e+00 (  1.78e+02,  1.86e+02)
45      0.142   3.43e-01   5.05e-01   2.09e-01   1.80e+00   0.00e+00 (  1.68e+02,  1.81e+02)
50      0.171   3.91e-01   6.61e-01   2.69e-01   2.27e+00   0.00e+00 (  1.61e+02,  1.73e+02)
55      0.185   4.26e-01   7.75e-01   4.00e-01   2.55e+00   0.00e+00 (  1.50e+02,  1.63e+02)
60      0.212   4.76e-01   9.27e-01   5.65e-01   3.02e+00   0.00e+00 (  1.48e+02,  1.52e+02)
65      0.193   4.64e-01   8.90e-01   6.17e-01   2.83e+00   0.00e+00 (  1.24e+02,  1.41e+02)
70      0.209   5.04e-01   1.00e+00   7.55e-01   3.14e+00   0.00e+00 (  1.16e+02,  1.30e+02)
75      0.206   5.14e-01   1.02e+00   8.20e-01   3.17e+00   0.00e+00 (  1.06e+02,  1.20e+02)
80      0.193   5.06e-01   9.88e-01   8.29e-01   3.12e+00   0.00e+00 (  9.83e+01,  1.10e+02)
85      0.190   4.90e-01   9.26e-01   7.71e-01   3.71e+00   0.00e+00 (  9.12e+01,  1.02e+02)
90      0.209   4.85e-01   7.57e-01   5.29e-01   7.43e+00   0.00e+00 (  8.39e+01,  9.53e+01)
95      0.201   4.08e-01   5.88e-01   4.02e-01   1.26e+01   0.00e+00 (  1.36e+02,  8.94e+01)
32 e: 2.613e-04 i: 8.019e-04 :: e: 6.466e-02 i: 7.168e-02 :: n: 2.762e+01 e:23.455 i:29.553 v:4.993e+03
>>> tau_he = 5.000000, nhe(0)=3.046202e+00
 5     -0.021   1.11e-02   5.47e-01   6.13e-03  -1.01e-01   0.00e+00 (  5.36e+00,  4.72e+01)
10     -0.061   7.47e-02   1.24e-02   3.81e-03  -3.63e-01   0.00e+00 (  5.37e+01,  8.93e+01)
15     -0.040   1.32e-01   7.93e-02  -1.52e-02  -2.83e-01   0.00e+00 (  9.18e+01,  1.22e+02)
20      0.058   1.55e-01   1.33e-01   5.06e-04   4.83e-01   0.00e+00 (  1.10e+02,  1.46e+02)
25      0.059   1.73e-01   1.60e-01   2.01e-02   5.46e-01   0.00e+00 (  1.21e+02,  1.66e+02)
30      0.072   2.15e-01   2.05e-01   2.81e-02   7.42e-01   0.00e+00 (  1.39e+02,  1.78e+02)
35      0.117   2.93e-01   3.59e-01   1.43e-01   1.30e+00   0.00e+00 (  1.78e+02,  1.84e+02)
40      0.125   3.16e-01   4.24e-01   1.54e-01   1.49e+00   0.00e+00 (  1.75e+02,  1.86e+02)
45      0.141   3.39e-01   4.90e-01   2.05e-01   1.78e+00   0.00e+00 (  1.65e+02,  1.81e+02)
50      0.170   3.85e-01   6.41e-01   2.60e-01   2.25e+00   0.00e+00 (  1.58e+02,  1.73e+02)
55      0.183   4.20e-01   7.53e-01   3.87e-01   2.53e+00   0.00e+00 (  1.46e+02,  1.63e+02)
60      0.150   3.91e-01   6.70e-01   4.34e-01   2.14e+00   0.00e+00 (  1.20e+02,  1.52e+02)
65      0.192   4.58e-01   8.68e-01   6.01e-01   2.82e+00   0.00e+00 (  1.21e+02,  1.41e+02)
70      0.209   4.99e-01   9.84e-01   7.42e-01   3.15e+00   0.00e+00 (  1.14e+02,  1.30e+02)
75      0.208   5.10e-01   1.00e+00   8.09e-01   3.20e+00   0.00e+00 (  1.05e+02,  1.20e+02)
80      0.196   5.00e-01   9.79e-01   8.21e-01   3.17e+00   0.00e+00 (  9.61e+01,  1.10e+02)
85      0.192   4.89e-01   9.21e-01   7.67e-01   3.75e+00   0.00e+00 (  9.03e+01,  1.02e+02)
90      0.210   4.82e-01   7.55e-01   5.27e-01   7.44e+00   0.00e+00 (  8.26e+01,  9.53e+01)
95      0.201   4.08e-01   5.87e-01   4.02e-01   1.26e+01   0.00e+00 (  1.36e+02,  8.94e+01)
33 e: 1.641e-04 i: 1.522e-04 :: e: 3.883e-02 i: 4.338e-02 :: n: 2.762e+01 e:23.154 i:29.750 v:4.993e+03
>>> tau_he = 5.000000, nhe(0)=3.041261e+00
 5     -0.021   1.10e-02   5.54e-01   6.05e-03  -1.01e-01   0.00e+00 (  5.40e+00,  4.72e+01)
10     -0.063   7.38e-02   1.19e-02   3.56e-03  -3.75e-01   0.00e+00 (  5.35e+01,  8.93e+01)
15     -0.043   1.35e-01   8.42e-02  -1.76e-02  -3.07e-01   0.00e+00 (  9.59e+01,  1.22e+02)
20      0.057   1.59e-01   1.41e-01  -3.69e-04   4.73e-01   0.00e+00 (  1.14e+02,  1.46e+02)
25      0.119   2.71e-01   3.42e-01   1.28e-01   1.11e+00   0.00e+00 (  1.93e+02,  1.66e+02)
30      0.131   2.85e-01   3.57e-01   1.41e-01   1.35e+00   0.00e+00 (  1.89e+02,  1.78e+02)
35      0.119   2.98e-01   3.71e-01   1.49e-01   1.32e+00   0.00e+00 (  1.83e+02,  1.84e+02)
40      0.128   3.21e-01   4.40e-01   1.59e-01   1.52e+00   0.00e+00 (  1.80e+02,  1.86e+02)
45      0.144   3.46e-01   5.11e-01   2.10e-01   1.82e+00   0.00e+00 (  1.70e+02,  1.81e+02)
50      0.173   3.94e-01   6.67e-01   2.72e-01   2.29e+00   0.00e+00 (  1.64e+02,  1.73e+02)
55      0.187   4.29e-01   7.82e-01   4.03e-01   2.58e+00   0.00e+00 (  1.52e+02,  1.63e+02)
60      0.212   4.78e-01   9.32e-01   5.69e-01   3.03e+00   0.00e+00 (  1.49e+02,  1.52e+02)
65      0.193   4.67e-01   8.97e-01   6.21e-01   2.84e+00   0.00e+00 (  1.25e+02,  1.41e+02)
70      0.209   5.06e-01   1.01e+00   7.58e-01   3.15e+00   0.00e+00 (  1.17e+02,  1.30e+02)
75      0.206   5.16e-01   1.02e+00   8.23e-01   3.18e+00   0.00e+00 (  1.07e+02,  1.20e+02)
80      0.193   5.08e-01   9.91e-01   8.32e-01   3.12e+00   0.00e+00 (  9.89e+01,  1.10e+02)
85      0.190   4.91e-01   9.29e-01   7.74e-01   3.71e+00   0.00e+00 (  9.18e+01,  1.02e+02)
90      0.210   4.86e-01   7.59e-01   5.31e-01   7.45e+00   0.00e+00 (  8.46e+01,  9.53e+01)
95      0.201   4.08e-01   5.88e-01   4.02e-01   1.26e+01   0.00e+00 (  1.36e+02,  8.94e+01)
34 e: 1.360e-04 i: 4.544e-04 :: e: 4.523e-02 i: 5.469e-02 :: n: 2.762e+01 e:23.469 i:29.652 v:4.993e+03
>>> tau_he = 5.000000, nhe(0)=3.048033e+00
 5     -0.021   1.11e-02   5.64e-01   6.00e-03  -1.01e-01   0.00e+00 (  5.41e+00,  4.72e+01)
10     -0.062   7.23e-02   1.18e-02   3.71e-03  -3.68e-01   0.00e+00 (  5.21e+01,  8.93e+01)
15     -0.045   1.37e-01   8.43e-02  -1.81e-02  -3.22e-01   0.00e+00 (  9.73e+01,  1.22e+02)
20      0.058   1.57e-01   1.39e-01  -4.02e-04   4.76e-01   0.00e+00 (  1.13e+02,  1.46e+02)
25      0.058   1.73e-01   1.60e-01   2.15e-02   5.36e-01   0.00e+00 (  1.21e+02,  1.66e+02)
30      0.071   2.16e-01   2.05e-01   2.82e-02   7.32e-01   0.00e+00 (  1.41e+02,  1.78e+02)
35      0.116   2.93e-01   3.59e-01   1.43e-01   1.29e+00   0.00e+00 (  1.78e+02,  1.84e+02)
40      0.123   3.16e-01   4.23e-01   1.51e-01   1.47e+00   0.00e+00 (  1.75e+02,  1.86e+02)
45      0.140   3.39e-01   4.91e-01   2.05e-01   1.77e+00   0.00e+00 (  1.65e+02,  1.81e+02)
50      0.169   3.86e-01   6.42e-01   2.60e-01   2.24e+00   0.00e+00 (  1.58e+02,  1.73e+02)
55      0.183   4.20e-01   7.53e-01   3.88e-01   2.52e+00   0.00e+00 (  1.47e+02,  1.63e+02)
60      0.149   3.91e-01   6.69e-01   4.33e-01   2.13e+00   0.00e+00 (  1.20e+02,  1.52e+02)
65      0.191   4.58e-01   8.68e-01   6.01e-01   2.81e+00   0.00e+00 (  1.21e+02,  1.41e+02)
70      0.209   4.99e-01   9.83e-01   7.41e-01   3.14e+00   0.00e+00 (  1.14e+02,  1.30e+02)
75      0.207   5.10e-01   1.00e+00   8.09e-01   3.19e+00   0.00e+00 (  1.05e+02,  1.20e+02)
80      0.196   5.01e-01   9.79e-01   8.21e-01   3.17e+00   0.00e+00 (  9.62e+01,  1.10e+02)
85      0.192   4.90e-01   9.22e-01   7.68e-01   3.75e+00   0.00e+00 (  9.04e+01,  1.02e+02)
90      0.211   4.86e-01   7.59e-01   5.31e-01   7.48e+00   0.00e+00 (  8.36e+01,  9.53e+01)
95      0.201   4.08e-01   5.87e-01   4.02e-01   1.26e+01   0.00e+00 (  1.36e+02,  8.94e+01)
35 e: 9.308e-05 i: 1.551e-04 :: e: 3.334e-02 i: 3.920e-02 :: n: 2.762e+01 e:23.263 i:29.787 v:4.993e+03
>>> tau_he = 5.000000, nhe(0)=3.044507e+00
 5     -0.021   1.11e-02   5.68e-01   6.11e-03  -1.01e-01   0.00e+00 (  5.44e+00,  4.72e+01)
10     -0.064   7.24e-02   1.19e-02   2.64e-03  -3.83e-01   0.00e+00 (  5.24e+01,  8.93e+01)
15     -0.023   2.97e-01   4.24e-01   5.10e-02  -1.61e-01   0.00e+00 (  2.14e+02,  1.22e+02)
20      0.097   2.76e-01   3.72e-01   9.79e-02   8.03e-01   0.00e+00 (  2.01e+02,  1.46e+02)
25      0.118   2.69e-01   3.40e-01   1.26e-01   1.10e+00   0.00e+00 (  1.92e+02,  1.66e+02)
30      0.130   2.84e-01   3.55e-01   1.40e-01   1.34e+00   0.00e+00 (  1.88e+02,  1.78e+02)
35      0.118   2.96e-01   3.68e-01   1.48e-01   1.31e+00   0.00e+00 (  1.81e+02,  1.84e+02)
40      0.127   3.20e-01   4.38e-01   1.59e-01   1.51e+00   0.00e+00 (  1.78e+02,  1.86e+02)
45      0.144   3.44e-01   5.08e-01   2.10e-01   1.81e+00   0.00e+00 (  1.69e+02,  1.81e+02)
50      0.172   3.92e-01   6.65e-01   2.71e-01   2.29e+00   0.00e+00 (  1.62e+02,  1.73e+02)
55      0.186   4.28e-01   7.80e-01   4.02e-01   2.57e+00   0.00e+00 (  1.51e+02,  1.63e+02)
60      0.212   4.77e-01   9.29e-01   5.67e-01   3.02e+00   0.00e+00 (  1.48e+02,  1.52e+02)
65      0.193   4.66e-01   8.94e-01   6.19e-01   2.84e+00   0.00e+00 (  1.25e+02,  1.41e+02)
70      0.209   5.05e-01   1.00e+00   7.57e-01   3.14e+00   0.00e+00 (  1.16e+02,  1.30e+02)
75      0.206   5.15e-01   1.02e+00   8.22e-01   3.17e+00   0.00e+00 (  1.07e+02,  1.20e+02)
80      0.193   5.07e-01   9.90e-01   8.31e-01   3.12e+00   0.00e+00 (  9.86e+01,  1.10e+02)
85      0.190   4.91e-01   9.29e-01   7.74e-01   3.71e+00   0.00e+00 (  9.16e+01,  1.02e+02)
90      0.210   4.87e-01   7.60e-01   5.31e-01   7.45e+00   0.00e+00 (  8.47e+01,  9.53e+01)
95      0.201   4.08e-01   5.88e-01   4.02e-01   1.26e+01   0.00e+00 (  1.37e+02,  8.94e+01)
36 e: 2.938e-04 i: 8.451e-04 :: e: 5.750e-02 i: 6.794e-02 :: n: 2.762e+01 e:23.477 i:29.717 v:4.993e+03
>>> tau_he = 5.000000, nhe(0)=3.054531e+00
 5     -0.022   1.12e-02   5.51e-01   6.14e-03  -1.03e-01   0.00e+00 (  5.48e+00,  4.72e+01)
10     -0.060   7.54e-02   1.29e-02   4.02e-03  -3.56e-01   0.00e+00 (  5.40e+01,  8.93e+01)
15     -0.036   1.33e-01   8.00e-02  -1.55e-02  -2.59e-01   0.00e+00 (  9.21e+01,  1.22e+02)
20      0.059   1.57e-01   1.35e-01   2.71e-04   4.92e-01   0.00e+00 (  1.11e+02,  1.46e+02)
25      0.116   2.66e-01   3.32e-01   1.16e-01   1.08e+00   0.00e+00 (  1.86e+02,  1.66e+02)
30      0.127   2.94e-01   3.36e-01   1.20e-01   1.30e+00   0.00e+00 (  1.92e+02,  1.78e+02)
35      0.117   2.94e-01   3.59e-01   1.43e-01   1.31e+00   0.00e+00 (  1.78e+02,  1.84e+02)
40      0.125   3.16e-01   4.24e-01   1.54e-01   1.49e+00   0.00e+00 (  1.75e+02,  1.86e+02)
45      0.141   3.39e-01   4.90e-01   2.05e-01   1.79e+00   0.00e+00 (  1.65e+02,  1.81e+02)
50      0.170   3.85e-01   6.40e-01   2.60e-01   2.25e+00   0.00e+00 (  1.57e+02,  1.73e+02)
55      0.183   4.19e-01   7.52e-01   3.87e-01   2.53e+00   0.00e+00 (  1.46e+02,  1.63e+02)
60      0.150   3.90e-01   6.67e-01   4.32e-01   2.14e+00   0.00e+00 (  1.19e+02,  1.52e+02)
65      0.192   4.57e-01   8.66e-01   6.00e-01   2.81e+00   0.00e+00 (  1.21e+02,  1.41e+02)
70      0.209   4.98e-01   9.81e-01   7.40e-01   3.14e+00   0.00e+00 (  1.13e+02,  1.30e+02)
75      0.207   5.09e-01   9.99e-01   8.07e-01   3.19e+00   0.00e+00 (  1.04e+02,  1.20e+02)
80      0.196   4.99e-01   9.77e-01   8.19e-01   3.17e+00   0.00e+00 (  9.58e+01,  1.10e+02)
85      0.192   4.89e-01   9.21e-01   7.67e-01   3.75e+00   0.00e+00 (  9.01e+01,  1.02e+02)
90      0.210   4.83e-01   7.56e-01   5.28e-01   7.45e+00   0.00e+00 (  8.29e+01,  9.53e+01)
95      0.201   4.08e-01   5.87e-01   4.02e-01   1.26e+01   0.00e+00 (  1.36e+02,  8.94e+01)
37 e: 1.839e-04 i: 4.011e-04 :: e: 3.068e-02 i: 3.481e-02 :: n: 2.762e+01 e:23.156 i:29.918 v:4.993e+03
>>> tau_he = 5.000000, nhe(0)=3.042073e+00
 5     -0.022   1.11e-02   5.49e-01   6.29e-03  -1.02e-01   0.00e+00 (  5.47e+00,  4.72e+01)
10     -0.062   7.47e-02   1.23e-02   3.64e-03  -3.71e-01   0.00e+00 (  5.40e+01,  8.93e+01)
15     -0.039   1.37e-01   8.63e-02  -2.14e-02  -2.82e-01   0.00e+00 (  9.67e+01,  1.22e+02)
20      0.056   1.59e-01   1.48e-01  -1.47e-02   4.64e-01   0.00e+00 (  1.14e+02,  1.46e+02)
25      0.058   1.73e-01   1.63e-01   2.25e-02   5.42e-01   0.00e+00 (  1.21e+02,  1.66e+02)
30      0.128   2.96e-01   3.43e-01   1.25e-01   1.32e+00   0.00e+00 (  1.95e+02,  1.78e+02)
35      0.120   2.99e-01   3.72e-01   1.49e-01   1.33e+00   0.00e+00 (  1.84e+02,  1.84e+02)
40      0.129   3.22e-01   4.42e-01   1.59e-01   1.54e+00   0.00e+00 (  1.81e+02,  1.86e+02)
45      0.146   3.47e-01   5.14e-01   2.11e-01   1.84e+00   0.00e+00 (  1.71e+02,  1.81e+02)
50      0.174   3.95e-01   6.71e-01   2.74e-01   2.31e+00   0.00e+00 (  1.64e+02,  1.73e+02)
55      0.188   4.30e-01   7.86e-01   4.06e-01   2.59e+00   0.00e+00 (  1.52e+02,  1.63e+02)
60      0.212   4.79e-01   9.34e-01   5.70e-01   3.04e+00   0.00e+00 (  1.49e+02,  1.52e+02)
65      0.194   4.67e-01   8.99e-01   6.23e-01   2.85e+00   0.00e+00 (  1.26e+02,  1.41e+02)
70      0.209   5.06e-01   1.01e+00   7.59e-01   3.15e+00   0.00e+00 (  1.17e+02,  1.30e+02)
75      0.206   5.15e-01   1.02e+00   8.23e-01   3.17e+00   0.00e+00 (  1.07e+02,  1.20e+02)
80      0.193   5.08e-01   9.91e-01   8.32e-01   3.12e+00   0.00e+00 (  9.87e+01,  1.10e+02)
85      0.190   4.91e-01   9.30e-01   7.74e-01   3.71e+00   0.00e+00 (  9.17e+01,  1.02e+02)
90      0.210   4.87e-01   7.60e-01   5.32e-01   7.45e+00   0.00e+00 (  8.48e+01,  9.53e+01)
95      0.201   4.08e-01   5.88e-01   4.02e-01   1.26e+01   0.00e+00 (  1.37e+02,  8.94e+01)
38 e: 1.585e-04 i: 2.030e-04 :: e: 3.964e-02 i: 4.671e-02 :: n: 2.762e+01 e:23.437 i:29.669 v:4.993e+03
>>> tau_he = 5.000000, nhe(0)=3.050476e+00
 5     -0.022   1.12e-02   5.63e-01   5.98e-03  -1.02e-01   0.00e+00 (  5.45e+00,  4.72e+01)
10     -0.060   7.24e-02   1.20e-02   3.82e-03  -3.60e-01   0.00e+00 (  5.19e+01,  8.93e+01)
15     -0.041   1.37e-01   8.43e-02  -1.83e-02  -2.97e-01   0.00e+00 (  9.63e+01,  1.22e+02)
20      0.056   1.57e-01   1.45e-01  -1.44e-02   4.67e-01   0.00e+00 (  1.13e+02,  1.46e+02)
25      0.058   1.72e-01   1.59e-01   2.10e-02   5.40e-01   0.00e+00 (  1.20e+02,  1.66e+02)
30      0.071   2.14e-01   2.04e-01   2.88e-02   7.31e-01   0.00e+00 (  1.38e+02,  1.78e+02)
35      0.116   2.92e-01   3.57e-01   1.42e-01   1.29e+00   0.00e+00 (  1.77e+02,  1.84e+02)
40      0.125   3.15e-01   4.24e-01   1.55e-01   1.48e+00   0.00e+00 (  1.75e+02,  1.86e+02)
45      0.141   3.39e-01   4.91e-01   2.05e-01   1.78e+00   0.00e+00 (  1.65e+02,  1.81e+02)
50      0.169   3.85e-01   6.41e-01   2.60e-01   2.25e+00   0.00e+00 (  1.58e+02,  1.73e+02)
55      0.183   4.19e-01   7.52e-01   3.87e-01   2.52e+00   0.00e+00 (  1.46e+02,  1.63e+02)
60      0.149   3.90e-01   6.67e-01   4.32e-01   2.13e+00   0.00e+00 (  1.19e+02,  1.52e+02)
65      0.191   4.57e-01   8.66e-01   6.00e-01   2.81e+00   0.00e+00 (  1.21e+02,  1.41e+02)
70      0.209   4.97e-01   9.81e-01   7.39e-01   3.14e+00   0.00e+00 (  1.13e+02,  1.30e+02)
75      0.207   5.08e-01   9.99e-01   8.06e-01   3.19e+00   0.00e+00 (  1.04e+02,  1.20e+02)
80      0.196   4.99e-01   9.76e-01   8.19e-01   3.16e+00   0.00e+00 (  9.57e+01,  1.10e+02)
85      0.192   4.89e-01   9.21e-01   7.67e-01   3.75e+00   0.00e+00 (  8.99e+01,  1.02e+02)
90      0.211   4.86e-01   7.59e-01   5.31e-01   7.48e+00   0.00e+00 (  8.36e+01,  9.53e+01)
95      0.201   4.08e-01   5.87e-01   4.02e-01   1.26e+01   0.00e+00 (  1.36e+02,  8.94e+01)
39 e: 1.258e-04 i: 1.664e-04 :: e: 2.870e-02 i: 3.637e-02 :: n: 2.762e+01 e:23.188 i:29.836 v:4.993e+03
>>> tau_he = 5.000000, nhe(0)=3.044909e+00
 5     -0.022   1.11e-02   5.66e-01   6.11e-03  -1.02e-01   0.00e+00 (  5.48e+00,  4.72e+01)
10     -0.063   7.26e-02   1.16e-02   3.58e-03  -3.74e-01   0.00e+00 (  5.24e+01,  8.93e+01)
15     -0.018   2.96e-01   4.24e-01   5.10e-02  -1.32e-01   0.00e+00 (  2.12e+02,  1.22e+02)
20      0.098   2.76e-01   3.73e-01   9.87e-02   8.11e-01   0.00e+00 (  2.01e+02,  1.46e+02)
25      0.118   2.68e-01   3.40e-01   1.27e-01   1.10e+00   0.00e+00 (  1.91e+02,  1.66e+02)
30      0.129   2.95e-01   3.44e-01   1.27e-01   1.32e+00   0.00e+00 (  1.94e+02,  1.78e+02)
35      0.118   2.95e-01   3.68e-01   1.48e-01   1.31e+00   0.00e+00 (  1.80e+02,  1.84e+02)
40      0.127   3.19e-01   4.39e-01   1.59e-01   1.52e+00   0.00e+00 (  1.78e+02,  1.86e+02)
45      0.144   3.44e-01   5.10e-01   2.10e-01   1.82e+00   0.00e+00 (  1.68e+02,  1.81e+02)
50      0.173   3.92e-01   6.67e-01   2.72e-01   2.29e+00   0.00e+00 (  1.62e+02,  1.73e+02)
55      0.186   4.27e-01   7.82e-01   4.03e-01   2.57e+00   0.00e+00 (  1.50e+02,  1.63e+02)
60      0.211   4.76e-01   9.29e-01   5.67e-01   3.02e+00   0.00e+00 (  1.48e+02,  1.52e+02)
65      0.193   4.65e-01   8.94e-01   6.19e-01   2.83e+00   0.00e+00 (  1.24e+02,  1.41e+02)
70      0.208   5.04e-01   1.00e+00   7.56e-01   3.13e+00   0.00e+00 (  1.16e+02,  1.30e+02)
75      0.206   5.13e-01   1.02e+00   8.20e-01   3.16e+00   0.00e+00 (  1.06e+02,  1.20e+02)
80      0.193   5.06e-01   9.88e-01   8.29e-01   3.11e+00   0.00e+00 (  9.81e+01,  1.10e+02)
85      0.189   4.90e-01   9.27e-01   7.72e-01   3.70e+00   0.00e+00 (  9.12e+01,  1.02e+02)
90      0.210   4.86e-01   7.59e-01   5.31e-01   7.44e+00   0.00e+00 (  8.46e+01,  9.53e+01)
95      0.201   4.08e-01   5.88e-01   4.02e-01   1.26e+01   0.00e+00 (  1.37e+02,  8.94e+01)
40 e: 3.236e-04 i: 8.611e-04 :: e: 5.142e-02 i: 6.136e-02 :: n: 2.762e+01 e:23.444 i:29.725 v:4.993e+03
>>> tau_he = 5.000000, nhe(0)=3.056105e+00
 5     -0.022   1.13e-02   5.50e-01   6.12e-03  -1.04e-01   0.00e+00 (  5.51e+00,  4.72e+01)
10     -0.059   7.56e-02   1.30e-02   4.11e-03  -3.50e-01   0.00e+00 (  5.40e+01,  8.93e+01)
15     -0.034   1.33e-01   8.00e-02  -1.56e-02  -2.43e-01   0.00e+00 (  9.14e+01,  1.22e+02)
20      0.060   1.56e-01   1.35e-01   2.25e-04   4.94e-01   0.00e+00 (  1.10e+02,  1.46e+02)
25      0.116   2.65e-01   3.31e-01   1.16e-01   1.08e+00   0.00e+00 (  1.85e+02,  1.66e+02)
30      0.127   2.92e-01   3.34e-01   1.18e-01   1.30e+00   0.00e+00 (  1.90e+02,  1.78e+02)
35      0.117   2.92e-01   3.58e-01   1.42e-01   1.31e+00   0.00e+00 (  1.77e+02,  1.84e+02)
40      0.125   3.15e-01   4.23e-01   1.54e-01   1.50e+00   0.00e+00 (  1.74e+02,  1.86e+02)
45      0.141   3.38e-01   4.89e-01   2.04e-01   1.79e+00   0.00e+00 (  1.64e+02,  1.81e+02)
50      0.170   3.83e-01   6.39e-01   2.59e-01   2.25e+00   0.00e+00 (  1.56e+02,  1.73e+02)
55      0.183   4.17e-01   7.50e-01   3.86e-01   2.53e+00   0.00e+00 (  1.45e+02,  1.63e+02)
60      0.149   3.88e-01   6.65e-01   4.31e-01   2.13e+00   0.00e+00 (  1.18e+02,  1.52e+02)
65      0.191   4.55e-01   8.62e-01   5.97e-01   2.81e+00   0.00e+00 (  1.20e+02,  1.41e+02)
70      0.208   4.95e-01   9.77e-01   7.37e-01   3.13e+00   0.00e+00 (  1.12e+02,  1.30e+02)
75      0.207   5.06e-01   9.95e-01   8.03e-01   3.18e+00   0.00e+00 (  1.03e+02,  1.20e+02)
80      0.196   4.97e-01   9.73e-01   8.16e-01   3.16e+00   0.00e+00 (  9.50e+01,  1.10e+02)
85      0.192   4.87e-01   9.18e-01   7.65e-01   3.75e+00   0.00e+00 (  8.93e+01,  1.02e+02)
90      0.210   4.82e-01   7.55e-01   5.27e-01   7.44e+00   0.00e+00 (  8.26e+01,  9.53e+01)
95      0.201   4.08e-01   5.87e-01   4.02e-01   1.26e+01   0.00e+00 (  1.36e+02,  8.94e+01)
41 e: 2.102e-04 i: 4.044e-04 :: e: 2.482e-02 i: 3.298e-02 :: n: 2.762e+01 e:23.086 i:29.950 v:4.993e+03
>>> tau_he = 5.000000, nhe(0)=3.041968e+00
 5     -0.022   1.11e-02   5.47e-01   6.29e-03  -1.03e-01   0.00e+00 (  5.50e+00,  4.72e+01)
10     -0.061   7.49e-02   1.24e-02   3.67e-03  -3.67e-01   0.00e+00 (  5.41e+01,  8.93e+01)
15     -0.038   1.37e-01   8.66e-02  -2.16e-02  -2.69e-01   0.00e+00 (  9.63e+01,  1.22e+02)
20      0.098   2.74e-01   3.67e-01   9.46e-02   8.14e-01   0.00e+00 (  1.97e+02,  1.46e+02)
25      0.058   1.73e-01   1.63e-01   2.09e-02   5.42e-01   0.00e+00 (  1.21e+02,  1.66e+02)
30      0.128   2.95e-01   3.42e-01   1.25e-01   1.32e+00   0.00e+00 (  1.93e+02,  1.78e+02)
35      0.120   2.98e-01   3.72e-01   1.49e-01   1.33e+00   0.00e+00 (  1.83e+02,  1.84e+02)
40      0.129   3.22e-01   4.43e-01   1.60e-01   1.54e+00   0.00e+00 (  1.81e+02,  1.86e+02)
45      0.146   3.47e-01   5.15e-01   2.12e-01   1.85e+00   0.00e+00 (  1.71e+02,  1.81e+02)
50      0.175   3.95e-01   6.73e-01   2.74e-01   2.32e+00   0.00e+00 (  1.64e+02,  1.73e+02)
55      0.188   4.30e-01   7.88e-01   4.07e-01   2.59e+00   0.00e+00 (  1.52e+02,  1.63e+02)
60      0.212   4.77e-01   9.33e-01   5.70e-01   3.03e+00   0.00e+00 (  1.49e+02,  1.52e+02)
65      0.193   4.66e-01   8.98e-01   6.22e-01   2.84e+00   0.00e+00 (  1.25e+02,  1.41e+02)
70      0.208   5.04e-01   1.00e+00   7.58e-01   3.13e+00   0.00e+00 (  1.16e+02,  1.30e+02)
75      0.205   5.14e-01   1.02e+00   8.21e-01   3.16e+00   0.00e+00 (  1.06e+02,  1.20e+02)
80      0.193   5.03e-01   9.90e-01   8.32e-01   3.12e+00   0.00e+00 (  9.76e+01,  1.10e+02)
85      0.189   4.90e-01   9.27e-01   7.72e-01   3.69e+00   0.00e+00 (  9.11e+01,  1.02e+02)
90      0.209   4.86e-01   7.59e-01   5.30e-01   7.43e+00   0.00e+00 (  8.46e+01,  9.53e+01)
95      0.201   4.08e-01   5.88e-01   4.02e-01   1.26e+01   0.00e+00 (  1.37e+02,  8.94e+01)
42 e: 2.337e-04 i: 4.006e-04 :: e: 4.003e-02 i: 4.859e-02 :: n: 2.762e+01 e:23.402 i:29.667 v:4.993e+03
>>> tau_he = 5.000000, nhe(0)=3.044904e+00
 5     -0.022   1.11e-02   5.54e-01   6.20e-03  -1.02e-01   0.00e+00 (  5.44e+00,  4.72e+01)
10     -0.060   7.32e-02   1.19e-02   3.77e-03  -3.57e-01   0.00e+00 (  5.24e+01,  8.93e+01)
15     -0.038   1.34e-01   8.32e-02  -1.78e-02  -2.73e-01   0.00e+00 (  9.33e+01,  1.22e+02)
20      0.059   1.53e-01   1.31e-01   9.94e-04   4.91e-01   0.00e+00 (  1.07e+02,  1.46e+02)
25      0.058   1.71e-01   1.58e-01   2.26e-02   5.42e-01   0.00e+00 (  1.19e+02,  1.66e+02)
30      0.072   2.13e-01   2.03e-01   2.88e-02   7.34e-01   0.00e+00 (  1.37e+02,  1.78e+02)
35      0.116   2.91e-01   3.56e-01   1.42e-01   1.29e+00   0.00e+00 (  1.76e+02,  1.84e+02)
40      0.125   3.15e-01   4.23e-01   1.54e-01   1.49e+00   0.00e+00 (  1.74e+02,  1.86e+02)
45      0.141   3.38e-01   4.90e-01   2.04e-01   1.78e+00   0.00e+00 (  1.64e+02,  1.81e+02)
50      0.169   3.83e-01   6.40e-01   2.60e-01   2.25e+00   0.00e+00 (  1.56e+02,  1.73e+02)
55      0.183   4.17e-01   7.50e-01   3.86e-01   2.52e+00   0.00e+00 (  1.45e+02,  1.63e+02)
60      0.149   3.88e-01   6.64e-01   4.30e-01   2.12e+00   0.00e+00 (  1.18e+02,  1.52e+02)
65      0.191   4.55e-01   8.62e-01   5.97e-01   2.80e+00   0.00e+00 (  1.20e+02,  1.41e+02)
70      0.208   4.95e-01   9.76e-01   7.36e-01   3.13e+00   0.00e+00 (  1.12e+02,  1.30e+02)
75      0.206   5.06e-01   9.94e-01   8.03e-01   3.18e+00   0.00e+00 (  1.03e+02,  1.20e+02)
80      0.195   4.97e-01   9.71e-01   8.15e-01   3.16e+00   0.00e+00 (  9.48e+01,  1.10e+02)
85      0.192   4.87e-01   9.17e-01   7.64e-01   3.74e+00   0.00e+00 (  8.91e+01,  1.02e+02)
90      0.209   4.82e-01   7.54e-01   5.26e-01   7.44e+00   0.00e+00 (  8.25e+01,  9.53e+01)
95      0.201   4.08e-01   5.87e-01   4.02e-01   1.26e+01   0.00e+00 (  1.36e+02,  8.94e+01)
43 e: 1.372e-04 i: 1.813e-04 :: e: 2.832e-02 i: 3.850e-02 :: n: 2.762e+01 e:23.078 i:29.724 v:4.993e+03
>>> tau_he = 5.000000, nhe(0)=3.036919e+00
 5     -0.021   1.10e-02   5.57e-01   6.09e-03  -1.01e-01   0.00e+00 (  5.42e+00,  4.72e+01)
10     -0.061   7.23e-02   1.14e-02   3.48e-03  -3.67e-01   0.00e+00 (  5.20e+01,  8.93e+01)
15     -0.013   2.91e-01   4.17e-01   4.89e-02  -9.08e-02   0.00e+00 (  2.06e+02,  1.22e+02)
20      0.058   1.56e-01   1.38e-01   4.24e-05   4.80e-01   0.00e+00 (  1.11e+02,  1.46e+02)
25      0.118   2.67e-01   3.38e-01   1.24e-01   1.09e+00   0.00e+00 (  1.89e+02,  1.66e+02)
30      0.129   2.94e-01   3.43e-01   1.27e-01   1.32e+00   0.00e+00 (  1.93e+02,  1.78e+02)
35      0.118   2.95e-01   3.68e-01   1.48e-01   1.32e+00   0.00e+00 (  1.79e+02,  1.84e+02)
40      0.128   3.19e-01   4.40e-01   1.60e-01   1.53e+00   0.00e+00 (  1.78e+02,  1.86e+02)
45      0.145   3.44e-01   5.12e-01   2.10e-01   1.83e+00   0.00e+00 (  1.68e+02,  1.81e+02)
50      0.173   3.92e-01   6.69e-01   2.73e-01   2.30e+00   0.00e+00 (  1.61e+02,  1.73e+02)
55      0.186   4.27e-01   7.83e-01   4.04e-01   2.57e+00   0.00e+00 (  1.50e+02,  1.63e+02)
60      0.211   4.75e-01   9.29e-01   5.67e-01   3.01e+00   0.00e+00 (  1.47e+02,  1.52e+02)
65      0.192   4.64e-01   8.94e-01   6.19e-01   2.83e+00   0.00e+00 (  1.24e+02,  1.41e+02)
70      0.208   5.02e-01   1.00e+00   7.55e-01   3.13e+00   0.00e+00 (  1.15e+02,  1.30e+02)
75      0.205   5.12e-01   1.01e+00   8.19e-01   3.15e+00   0.00e+00 (  1.06e+02,  1.20e+02)
80      0.193   5.02e-01   9.88e-01   8.30e-01   3.11e+00   0.00e+00 (  9.71e+01,  1.10e+02)
85      0.189   4.89e-01   9.25e-01   7.70e-01   3.68e+00   0.00e+00 (  9.07e+01,  1.02e+02)
90      0.209   4.85e-01   7.57e-01   5.29e-01   7.42e+00   0.00e+00 (  8.43e+01,  9.53e+01)
95      0.201   4.08e-01   5.88e-01   4.02e-01   1.26e+01   0.00e+00 (  1.36e+02,  8.94e+01)
44 e: 2.823e-04 i: 6.066e-04 :: e: 3.994e-02 i: 5.100e-02 :: n: 2.762e+01 e:23.340 i:29.566 v:4.993e+03
>>> tau_he = 5.000000, nhe(0)=3.054981e+00
 5     -0.022   1.12e-02   5.49e-01   6.10e-03  -1.04e-01   0.00e+00 (  5.49e+00,  4.72e+01)
10     -0.057   7.50e-02   1.28e-02   4.12e-03  -3.41e-01   0.00e+00 (  5.32e+01,  8.93e+01)
15     -0.032   1.32e-01   7.97e-02  -1.56e-02  -2.32e-01   0.00e+00 (  9.07e+01,  1.22e+02)
20      0.060   1.56e-01   1.37e-01  -9.15e-05   5.00e-01   0.00e+00 (  1.10e+02,  1.46e+02)
25      0.116   2.63e-01   3.30e-01   1.15e-01   1.08e+00   0.00e+00 (  1.84e+02,  1.66e+02)
30      0.126   2.89e-01   3.31e-01   1.17e-01   1.29e+00   0.00e+00 (  1.87e+02,  1.78e+02)
35      0.117   2.91e-01   3.56e-01   1.42e-01   1.30e+00   0.00e+00 (  1.75e+02,  1.84e+02)
40      0.125   3.13e-01   4.22e-01   1.54e-01   1.49e+00   0.00e+00 (  1.72e+02,  1.86e+02)
45      0.141   3.36e-01   4.88e-01   2.04e-01   1.78e+00   0.00e+00 (  1.62e+02,  1.81e+02)
50      0.169   3.82e-01   6.37e-01   2.58e-01   2.24e+00   0.00e+00 (  1.55e+02,  1.73e+02)
55      0.182   4.15e-01   7.47e-01   3.85e-01   2.52e+00   0.00e+00 (  1.44e+02,  1.63e+02)
60      0.148   3.86e-01   6.61e-01   4.29e-01   2.12e+00   0.00e+00 (  1.17e+02,  1.52e+02)
65      0.190   4.53e-01   8.58e-01   5.95e-01   2.79e+00   0.00e+00 (  1.19e+02,  1.41e+02)
70      0.208   4.93e-01   9.72e-01   7.33e-01   3.12e+00   0.00e+00 (  1.11e+02,  1.30e+02)
75      0.206   5.04e-01   9.90e-01   7.99e-01   3.17e+00   0.00e+00 (  1.02e+02,  1.20e+02)
80      0.195   4.95e-01   9.68e-01   8.12e-01   3.15e+00   0.00e+00 (  9.41e+01,  1.10e+02)
85      0.191   4.85e-01   9.14e-01   7.61e-01   3.74e+00   0.00e+00 (  8.85e+01,  1.02e+02)
90      0.209   4.81e-01   7.53e-01   5.25e-01   7.42e+00   0.00e+00 (  8.21e+01,  9.53e+01)
95      0.201   4.08e-01   5.87e-01   4.02e-01   1.26e+01   0.00e+00 (  1.36e+02,  8.94e+01)
45 e: 2.493e-04 i: 4.055e-04 :: e: 2.520e-02 i: 3.416e-02 :: n: 2.762e+01 e:23.010 i:29.927 v:4.993e+03
>>> tau_he = 5.000000, nhe(0)=3.041120e+00
 5     -0.022   1.11e-02   5.47e-01   6.29e-03  -1.03e-01   0.00e+00 (  5.51e+00,  4.72e+01)
10     -0.061   7.47e-02   1.23e-02   3.67e-03  -3.64e-01   0.00e+00 (  5.39e+01,  8.93e+01)
15     -0.037   1.37e-01   8.68e-02  -2.18e-02  -2.68e-01   0.00e+00 (  9.63e+01,  1.22e+02)
20      0.100   2.74e-01   3.70e-01   9.75e-02   8.27e-01   0.00e+00 (  1.98e+02,  1.46e+02)
25      0.116   2.65e-01   3.35e-01   1.21e-01   1.08e+00   0.00e+00 (  1.86e+02,  1.66e+02)
30      0.129   2.89e-01   3.41e-01   1.25e-01   1.32e+00   0.00e+00 (  1.89e+02,  1.78e+02)
35      0.119   2.96e-01   3.71e-01   1.49e-01   1.33e+00   0.00e+00 (  1.82e+02,  1.84e+02)
40      0.129   3.21e-01   4.43e-01   1.60e-01   1.54e+00   0.00e+00 (  1.80e+02,  1.86e+02)
45      0.146   3.46e-01   5.15e-01   2.11e-01   1.84e+00   0.00e+00 (  1.70e+02,  1.81e+02)
50      0.174   3.93e-01   6.73e-01   2.75e-01   2.31e+00   0.00e+00 (  1.63e+02,  1.73e+02)
55      0.187   4.28e-01   7.87e-01   4.06e-01   2.58e+00   0.00e+00 (  1.51e+02,  1.63e+02)
60      0.211   4.76e-01   9.31e-01   5.69e-01   3.02e+00   0.00e+00 (  1.48e+02,  1.52e+02)
65      0.193   4.65e-01   8.96e-01   6.21e-01   2.83e+00   0.00e+00 (  1.24e+02,  1.41e+02)
70      0.208   5.02e-01   1.00e+00   7.56e-01   3.12e+00   0.00e+00 (  1.15e+02,  1.30e+02)
75      0.205   5.11e-01   1.01e+00   8.18e-01   3.15e+00   0.00e+00 (  1.05e+02,  1.20e+02)
80      0.192   5.01e-01   9.86e-01   8.29e-01   3.10e+00   0.00e+00 (  9.69e+01,  1.10e+02)
85      0.188   4.88e-01   9.23e-01   7.69e-01   3.68e+00   0.00e+00 (  9.04e+01,  1.02e+02)
90      0.209   4.85e-01   7.56e-01   5.29e-01   7.41e+00   0.00e+00 (  8.41e+01,  9.53e+01)
95      0.201   4.08e-01   5.88e-01   4.02e-01   1.26e+01   0.00e+00 (  1.36e+02,  8.94e+01)
46 e: 3.155e-04 i: 5.799e-04 :: e: 3.418e-02 i: 4.425e-02 :: n: 2.762e+01 e:23.373 i:29.650 v:4.993e+03
>>> tau_he = 5.000000, nhe(0)=3.041324e+00
 5     -0.022   1.10e-02   5.49e-01   6.19e-03  -1.02e-01   0.00e+00 (  5.42e+00,  4.72e+01)
10     -0.059   7.33e-02   1.19e-02   3.74e-03  -3.55e-01   0.00e+00 (  5.24e+01,  8.93e+01)
15     -0.038   1.35e-01   8.39e-02  -2.08e-02  -2.72e-01   0.00e+00 (  9.46e+01,  1.22e+02)
20      0.059   1.52e-01   1.32e-01   7.59e-04   4.86e-01   0.00e+00 (  1.07e+02,  1.46e+02)
25      0.056   1.69e-01   1.53e-01   2.15e-02   5.19e-01   0.00e+00 (  1.15e+02,  1.66e+02)
30      0.071   2.13e-01   2.01e-01   2.97e-02   7.25e-01   0.00e+00 (  1.37e+02,  1.78e+02)
35      0.116   2.90e-01   3.55e-01   1.41e-01   1.29e+00   0.00e+00 (  1.75e+02,  1.84e+02)
40      0.124   3.13e-01   4.22e-01   1.54e-01   1.48e+00   0.00e+00 (  1.73e+02,  1.86e+02)
45      0.140   3.36e-01   4.88e-01   2.04e-01   1.77e+00   0.00e+00 (  1.63e+02,  1.81e+02)
50      0.169   3.81e-01   6.38e-01   2.59e-01   2.24e+00   0.00e+00 (  1.55e+02,  1.73e+02)
55      0.182   4.15e-01   7.47e-01   3.85e-01   2.51e+00   0.00e+00 (  1.44e+02,  1.63e+02)
60      0.148   3.86e-01   6.61e-01   4.29e-01   2.11e+00   0.00e+00 (  1.17e+02,  1.52e+02)
65      0.190   4.52e-01   8.58e-01   5.94e-01   2.79e+00   0.00e+00 (  1.19e+02,  1.41e+02)
70      0.207   4.93e-01   9.71e-01   7.32e-01   3.12e+00   0.00e+00 (  1.11e+02,  1.30e+02)
75      0.206   5.03e-01   9.89e-01   7.98e-01   3.17e+00   0.00e+00 (  1.02e+02,  1.20e+02)
80      0.195   4.94e-01   9.67e-01   8.11e-01   3.15e+00   0.00e+00 (  9.39e+01,  1.10e+02)
85      0.191   4.84e-01   9.13e-01   7.60e-01   3.73e+00   0.00e+00 (  8.83e+01,  1.02e+02)
90      0.209   4.80e-01   7.52e-01   5.24e-01   7.42e+00   0.00e+00 (  8.19e+01,  9.53e+01)
95      0.201   4.08e-01   5.87e-01   4.02e-01   1.26e+01   0.00e+00 (  1.36e+02,  8.94e+01)
47 e: 1.378e-04 i: 1.844e-04 :: e: 3.196e-02 i: 4.203e-02 :: n: 2.762e+01 e:23.008 i:29.653 v:4.993e+03
>>> tau_he = 5.000000, nhe(0)=3.031672e+00
 5     -0.021   1.09e-02   5.51e-01   6.07e-03  -1.01e-01   0.00e+00 (  5.38e+00,  4.72e+01)
10     -0.062   7.21e-02   1.16e-02   2.57e-03  -3.68e-01   0.00e+00 (  5.18e+01,  8.93e+01)
15     -0.010   2.89e-01   4.15e-01   4.94e-02  -7.49e-02   0.00e+00 (  2.05e+02,  1.22e+02)
20      0.058   1.55e-01   1.39e-01   4.05e-05   4.77e-01   0.00e+00 (  1.10e+02,  1.46e+02)
25      0.058   1.70e-01   1.61e-01   2.36e-02   5.37e-01   0.00e+00 (  1.19e+02,  1.66e+02)
30      0.129   2.87e-01   3.40e-01   1.25e-01   1.32e+00   0.00e+00 (  1.87e+02,  1.78e+02)
35      0.118   2.93e-01   3.68e-01   1.48e-01   1.32e+00   0.00e+00 (  1.78e+02,  1.84e+02)
40      0.128   3.18e-01   4.40e-01   1.60e-01   1.53e+00   0.00e+00 (  1.77e+02,  1.86e+02)
45      0.145   3.43e-01   5.12e-01   2.10e-01   1.83e+00   0.00e+00 (  1.67e+02,  1.81e+02)
50      0.173   3.91e-01   6.69e-01   2.73e-01   2.30e+00   0.00e+00 (  1.61e+02,  1.73e+02)
55      0.186   4.26e-01   7.83e-01   4.04e-01   2.57e+00   0.00e+00 (  1.49e+02,  1.63e+02)
60      0.210   4.73e-01   9.27e-01   5.66e-01   3.00e+00   0.00e+00 (  1.46e+02,  1.52e+02)
65      0.192   4.62e-01   8.92e-01   6.18e-01   2.82e+00   0.00e+00 (  1.23e+02,  1.41e+02)
70      0.207   5.01e-01   9.98e-01   7.53e-01   3.11e+00   0.00e+00 (  1.14e+02,  1.30e+02)
75      0.204   5.10e-01   1.01e+00   8.16e-01   3.14e+00   0.00e+00 (  1.05e+02,  1.20e+02)
80      0.192   5.00e-01   9.84e-01   8.27e-01   3.10e+00   0.00e+00 (  9.64e+01,  1.10e+02)
85      0.188   4.87e-01   9.21e-01   7.67e-01   3.67e+00   0.00e+00 (  9.00e+01,  1.02e+02)
90      0.208   4.84e-01   7.55e-01   5.28e-01   7.39e+00   0.00e+00 (  8.38e+01,  9.53e+01)
95      0.201   4.08e-01   5.88e-01   4.02e-01   1.26e+01   0.00e+00 (  1.36e+02,  8.94e+01)
48 e: 3.783e-04 i: 1.179e-03 :: e: 3.601e-02 i: 4.748e-02 :: n: 2.762e+01 e:23.264 i:29.462 v:4.993e+03
>>> tau_he = 5.000000, nhe(0)=3.053268e+00
 5     -0.022   1.12e-02   5.48e-01   6.09e-03  -1.04e-01   0.00e+00 (  5.47e+00,  4.72e+01)
10     -0.056   7.45e-02   1.26e-02   4.10e-03  -3.37e-01   0.00e+00 (  5.27e+01,  8.93e+01)
15     -0.032   1.32e-01   7.92e-02  -1.54e-02  -2.28e-01   0.00e+00 (  9.00e+01,  1.22e+02)
20      0.060   1.56e-01   1.38e-01  -2.24e-04   4.97e-01   0.00e+00 (  1.10e+02,  1.46e+02)
25      0.116   2.63e-01   3.29e-01   1.16e-01   1.08e+00   0.00e+00 (  1.83e+02,  1.66e+02)
30      0.125   2.88e-01   3.29e-01   1.17e-01   1.29e+00   0.00e+00 (  1.85e+02,  1.78e+02)
35      0.116   2.89e-01   3.54e-01   1.41e-01   1.29e+00   0.00e+00 (  1.73e+02,  1.84e+02)
40      0.124   3.12e-01   4.20e-01   1.54e-01   1.48e+00   0.00e+00 (  1.71e+02,  1.86e+02)
45      0.140   3.34e-01   4.86e-01   2.03e-01   1.77e+00   0.00e+00 (  1.61e+02,  1.81e+02)
50      0.168   3.80e-01   6.34e-01   2.58e-01   2.23e+00   0.00e+00 (  1.53e+02,  1.73e+02)
55      0.181   4.13e-01   7.43e-01   3.83e-01   2.50e+00   0.00e+00 (  1.42e+02,  1.63e+02)
60      0.148   3.84e-01   6.58e-01   4.27e-01   2.11e+00   0.00e+00 (  1.16e+02,  1.52e+02)
65      0.189   4.50e-01   8.53e-01   5.92e-01   2.78e+00   0.00e+00 (  1.18e+02,  1.41e+02)
70      0.207   4.90e-01   9.67e-01   7.29e-01   3.11e+00   0.00e+00 (  1.10e+02,  1.30e+02)
75      0.205   5.01e-01   9.85e-01   7.95e-01   3.16e+00   0.00e+00 (  1.01e+02,  1.20e+02)
80      0.193   4.96e-01   9.63e-01   8.08e-01   3.12e+00   0.00e+00 (  9.38e+01,  1.10e+02)
85      0.191   4.83e-01   9.10e-01   7.58e-01   3.72e+00   0.00e+00 (  8.77e+01,  1.02e+02)
90      0.208   4.79e-01   7.50e-01   5.23e-01   7.40e+00   0.00e+00 (  8.15e+01,  9.53e+01)
95      0.201   4.08e-01   5.87e-01   4.02e-01   1.26e+01   0.00e+00 (  1.36e+02,  8.94e+01)
49 e: 2.784e-04 i: 4.066e-04 :: e: 2.798e-02 i: 3.715e-02 :: n: 2.762e+01 e:22.954 i:29.892 v:4.993e+03
 plasma volume = 148.421704
 stored energy(e,i,b) = 5.114886e+01 4.600397e+01 0.000000e+00
 betan = 1.104311
*power
 Pnb(e,i) = 0.000000e+00 0.000000e+00
 Prf(e,i) = 1.234407e+01 2.767535e+01
 Prad     = -2.911276e+01 
 Pei      = -4.280191e-01 
 Pfuse    = 4.629984e+01 
 Pfusi    = 1.534898e+01 
 Poh      = 0.000000e+00 
*confinement time
 taut, tauITER98y2, H98y2 : 1.339014e+00 1.635952e+00 8.184923e-01
 taue, taui : 1.757504e+00 2.915889e+00
 taut, tau89, H89 : 1.339014e+00 8.096005e-01 1.653920e+00
*temperature
 nea, nebar : 1.865200e+01 2.143188e+01 
 tea, tia : 6.589543e+00 6.651264e+00 (9.907203e-01)
 te0, ti0 : 2.025849e+01 2.355178e+01 (8.601680e-01)
 Sn : 0.000000e+00 
*current balance
 Ip,Ibs,Inb,Irf: 1.000000e+01 1.778639e+00 0.000000e+00 1.842765e-01
 fni,fbs: 0.196 0.178

 plasma volume = 148.421704
 stored energy(e,i,b) = 5.114886e+01 4.600397e+01 0.000000e+00
 betan = 1.104311
*power
 Pnb(e,i) = 0.000000e+00 0.000000e+00
 Prf(e,i) = 1.234407e+01 2.767535e+01
 Prad     = -2.911276e+01 
 Pei      = -4.280191e-01 
 Pfuse    = 4.629984e+01 
 Pfusi    = 1.534898e+01 
 Poh      = 0.000000e+00 
*confinement time
 taut, tauITER98y2, H98y2 : 1.339014e+00 1.635952e+00 8.184923e-01
 taue, taui : 1.757504e+00 2.915889e+00
 taut, tau89, H89 : 1.339014e+00 8.096005e-01 1.653920e+00
*temperature
 nea, nebar : 1.865200e+01 2.143188e+01 
 tea, tia : 6.589543e+00 6.651264e+00 (9.907203e-01)
 te0, ti0 : 2.025849e+01 2.355178e+01 (8.601680e-01)
 Sn : 0.000000e+00 
*current balance
 Ip,Ibs,Inb,Irf: 1.000000e+01 1.778639e+00 0.000000e+00 1.842765e-01
 fni,fbs: 0.196 0.178
 ELAPASED TIME = 1772 sec
