NCAPTC: : NetCDF: Variable not found
Warning: ieee_overflow is signaling
Warning: ieee_underflow is signaling
Warning: ieee_inexact is signaling
FORTRAN STOP
 solver
 /global/common/software/atom/perlmutter/data/greentable/
 /global/common/software/atom/perlmutter/data/greentable/

          EFITD Version  07/09/2014


 type mode (2=file, 3=snap, 4=time, 5=input, 6=com file, 7=snap_ext):

 number of time slices?

 type input file names:
 #
 table_dir = </global/common/software/atom/perlmutter/data/greentable/>

  ----- time =     1 ms ----- ( 0)
 it=  1 chi2=0.00E+00 zm= 7.50E-03 err=4.533E+00 dz= 7.499E-03 chigam= 0.00E+00
 it=  2 chi2=0.00E+00 zm= 1.03E-02 err=9.834E-01 dz= 2.825E-03 chigam= 0.00E+00
 it=  3 chi2=0.00E+00 zm= 1.25E-02 err=5.343E-01 dz= 2.129E-03 chigam= 0.00E+00
 it=  4 chi2=0.00E+00 zm= 1.40E-02 err=2.906E-01 dz= 1.563E-03 chigam= 0.00E+00
 it=  5 chi2=0.00E+00 zm= 1.51E-02 err=1.587E-01 dz= 1.110E-03 chigam= 0.00E+00
 it=  6 chi2=0.00E+00 zm= 1.59E-02 err=8.938E-02 dz= 7.842E-04 chigam= 0.00E+00
 it=  7 chi2=0.00E+00 zm= 1.65E-02 err=5.075E-02 dz= 5.515E-04 chigam= 0.00E+00
 it=  8 chi2=0.00E+00 zm= 1.68E-02 err=2.925E-02 dz= 3.844E-04 chigam= 0.00E+00
 it=  9 chi2=0.00E+00 zm= 1.71E-02 err=1.770E-02 dz= 2.657E-04 chigam= 0.00E+00
 it= 10 chi2=0.00E+00 zm= 1.73E-02 err=1.132E-02 dz= 1.846E-04 chigam= 0.00E+00
 it= 11 chi2=0.00E+00 zm= 1.74E-02 err=8.144E-03 dz= 1.280E-04 chigam= 0.00E+00
 it= 12 chi2=0.00E+00 zm= 1.75E-02 err=5.258E-03 dz= 8.902E-05 chigam= 0.00E+00
 it= 13 chi2=0.00E+00 zm= 1.76E-02 err=3.202E-03 dz= 6.147E-05 chigam= 0.00E+00
 it= 14 chi2=0.00E+00 zm= 1.76E-02 err=2.011E-03 dz= 4.248E-05 chigam= 0.00E+00
 it= 15 chi2=0.00E+00 zm= 1.76E-02 err=1.521E-03 dz= 2.988E-05 chigam= 0.00E+00
 it= 16 chi2=0.00E+00 zm= 1.77E-02 err=8.308E-04 dz= 2.049E-05 chigam= 0.00E+00
 it= 17 chi2=0.00E+00 zm= 1.77E-02 err=5.024E-04 dz= 1.410E-05 chigam= 0.00E+00
 it= 18 chi2=0.00E+00 zm= 1.77E-02 err=7.053E-04 dz= 6.917E-06 chigam= 0.00E+00
 it= 19 chi2=0.00E+00 zm= 1.77E-02 err=6.843E-04 dz= 7.606E-06 chigam= 0.00E+00
 it= 20 chi2=0.00E+00 zm= 1.77E-02 err=2.811E-04 dz= 5.279E-06 chigam= 0.00E+00
 it= 21 chi2=0.00E+00 zm= 1.77E-02 err=6.442E-04 dz= 8.516E-07 chigam= 0.00E+00
 it= 22 chi2=0.00E+00 zm= 1.77E-02 err=5.479E-04 dz= 3.471E-06 chigam= 0.00E+00
 it= 23 chi2=0.00E+00 zm= 1.77E-02 err=2.094E-04 dz= 2.454E-06 chigam= 0.00E+00
 it= 24 chi2=0.00E+00 zm= 1.77E-02 err=6.415E-04 dz=-1.214E-06 chigam= 0.00E+00
 it= 25 chi2=0.00E+00 zm= 1.77E-02 err=4.698E-04 dz= 2.019E-06 chigam= 0.00E+00
 it= 26 chi2=0.00E+00 zm= 1.77E-02 err=2.088E-04 dz= 1.436E-06 chigam= 0.00E+00
 it= 27 chi2=0.00E+00 zm= 1.77E-02 err=1.006E-04 dz= 9.883E-07 chigam= 0.00E+00
 it= 28 chi2=0.00E+00 zm= 1.77E-02 err=6.952E-04 dz=-2.188E-06 chigam= 0.00E+00
 it= 29 chi2=0.00E+00 zm= 1.77E-02 err=4.464E-04 dz= 1.321E-06 chigam= 0.00E+00
 it= 30 chi2=0.00E+00 zm= 1.77E-02 err=1.966E-04 dz= 9.390E-07 chigam= 0.00E+00
 it= 31 chi2=0.00E+00 zm= 1.77E-02 err=9.482E-05 dz= 6.337E-07 chigam= 0.00E+00

      ******************** EFITD129 x 129  output ********************

       data used:   
  0 flux loops
  0 magnetic probes(i)
  0 full rogowski
  0 diamagnetic loop


 shot #   =          1 time(ms) =          1 chi**2   =  0.000E+00
 betat(%) =      1.058 betap    =      0.671 li       =      0.873
 vol(cm3) =  0.927E+07 rout(cm) =    170.938 zout(cm) =     -0.341
 elong    =      1.398 utriang  =     -0.490 ltriang  =     -0.490
 a(cm)    =     44.863 lin(cm)  = ********** lout(cm) =      0.907
 ltop(cm) = ********** q*       =      3.055 rc(cm)   =    177.245
 zc(cm)   =      1.400 bt0(t)   =      2.000 qout     =      2.882
