========================================================================
= FASTRAN

nonlinear model = 1
ichi = 0
ineo = 0
reading state...
read formatted input, inprof...
init geometry...
read formatted input, inmetric...
nrho in inmetric = 101
rhob in inmetric = 1.382316e+00
solve avg grad-shafranv...
solve_avg_gs::Ip_temp = 3.271727e+00 
solve_avg_gs::Ip      = 1.000000e+01 
>>> tau_he = 5.000000, nhe(0)=2.395024e+00

 plasma volume = 177.820548
 stored energy(e,i,b) = 6.793059e+01 6.360288e+01 0.000000e+00
 betan = 1.352928
*power
 Pnb(e,i) = 0.000000e+00 0.000000e+00
 Prf(e,i) = 4.560370e+00 2.823513e+01
 Prad     = -2.448490e+01 
 Pei      = 2.807999e+00 
 Pfuse    = 6.642922e+01 
 Pfusi    = 2.130200e+01 
 Poh      = 0.000000e+00 
*confinement time
 taut, tauITER98y2, H98y2 : 1.369544e+00 1.479936e+00 9.254075e-01
 taue, taui : 1.377548e+00 3.439110e+00
 taut, tau89, H89 : 1.369544e+00 7.382114e-01 1.855219e+00
*temperature
 nea, nebar : 1.985313e+01 2.224786e+01 
 tea, tia : 7.092713e+00 7.152358e+00 (9.916607e-01)
 te0, ti0 : 1.881354e+01 1.901366e+01 (9.894750e-01)
 Sn : 0.000000e+00 
*current balance
 Ip,Ibs,Inb,Irf: 1.000000e+01 2.387821e+00 0.000000e+00 0.000000e+00
 fni,fbs: 0.239 0.239

 plasma volume = 177.820548
 stored energy(e,i,b) = 6.793059e+01 6.360288e+01 0.000000e+00
 betan = 1.352928
*power
 Pnb(e,i) = 0.000000e+00 0.000000e+00
 Prf(e,i) = 4.560370e+00 2.823513e+01
 Prad     = -2.448490e+01 
 Pei      = 2.807999e+00 
 Pfuse    = 6.642922e+01 
 Pfusi    = 2.130200e+01 
 Poh      = 0.000000e+00 
*confinement time
 taut, tauITER98y2, H98y2 : 1.369544e+00 1.479936e+00 9.254075e-01
 taue, taui : 1.377548e+00 3.439110e+00
 taut, tau89, H89 : 1.369544e+00 7.382114e-01 1.855219e+00
*temperature
 nea, nebar : 1.985313e+01 2.224786e+01 
 tea, tia : 7.092713e+00 7.152358e+00 (9.916607e-01)
 te0, ti0 : 1.881354e+01 1.901366e+01 (9.894750e-01)
 Sn : 0.000000e+00 
*current balance
 Ip,Ibs,Inb,Irf: 1.000000e+01 2.387821e+00 0.000000e+00 0.000000e+00
 fni,fbs: 0.239 0.239
 ELAPASED TIME = 0 sec
