Dakota version 6.15 released Nov. 15 2021.
Repository revision fbfa1db (2021-11-04) built Jul 30 2024 13:15:11.
Running serial Dakota executable in serial mode.
Start time: Mon Mar 31 09:45:27 2025

-----------------------
Begin DAKOTA input file
dakota.in.resolved
-----------------------

strategy
single_method
tabular_graphics_data

model
single

interface
fork asynchronous evaluation_concurrency = 1 file_tag, file_save
analysis_driver = 'ips_dakota_client.py'
parameters_file = 'params.in'
results_file    = 'results.out'
failure_capture = recover -1.0 -1.0

responses
num_objective_functions = 2
no_gradients
no_hessians

variables
continuous_design = 19
descriptors
'efit__TIME_ID'
'fastran_init__R0'
'fastran_init__A0'
'fastran_init__KAPPA'
'fastran_init__DELTA'
'fastran_init__B0'
'fastran_init__IP'
'fastran_init__XWID'
'fastran_init__XMID'
'fastran_init__NE_AXIS'
'fastran_init__NE_PED'
'fastran_init__NE_SEP'
'fastran_init__TE_AXIS'
'fastran_init__TE_PED'
'fastran_init__TI_AXIS'
'fastran_init__TI_PED'
'fastran_init__H98_TARGET'
'hcd_model__INHCD_PE_0'
'hcd_model__INHCD_PI_0'

method
list_parameter_study
list_of_points =
0 4.550000e+00 1.200000e+00 1.400000e+00 -5.000000e-01 1.100000e+01 1.000000e+01 5.000000e-02 9.750000e-01 2.760000e+01 1.300000e+01 9.000000e+00 1.880000e+01 1.000000e+00 1.900000e+01 1.000000e+00 8.000000e-01 5.000000e+00 3.500000e+01
1 4.550000e+00 1.200000e+00 1.400000e+00 -5.000000e-01 1.100000e+01 1.000000e+01 5.000000e-02 9.750000e-01 2.760000e+01 1.300000e+01 9.000000e+00 1.880000e+01 2.000000e+00 1.900000e+01 2.000000e+00 8.000000e-01 5.000000e+00 3.500000e+01
2 4.550000e+00 1.200000e+00 1.400000e+00 -5.000000e-01 1.100000e+01 1.000000e+01 5.000000e-02 9.750000e-01 2.760000e+01 1.300000e+01 9.000000e+00 1.880000e+01 3.000000e+00 1.900000e+01 3.000000e+00 8.000000e-01 5.000000e+00 3.500000e+01
3 4.550000e+00 1.200000e+00 1.400000e+00 -5.000000e-01 1.100000e+01 1.000000e+01 5.000000e-02 9.750000e-01 2.760000e+01 1.400000e+01 9.000000e+00 1.880000e+01 1.000000e+00 1.900000e+01 1.000000e+00 8.000000e-01 5.000000e+00 3.500000e+01
4 4.550000e+00 1.200000e+00 1.400000e+00 -5.000000e-01 1.100000e+01 1.000000e+01 5.000000e-02 9.750000e-01 2.760000e+01 1.400000e+01 9.000000e+00 1.880000e+01 2.000000e+00 1.900000e+01 2.000000e+00 8.000000e-01 5.000000e+00 3.500000e+01
5 4.550000e+00 1.200000e+00 1.400000e+00 -5.000000e-01 1.100000e+01 1.000000e+01 5.000000e-02 9.750000e-01 2.760000e+01 1.400000e+01 9.000000e+00 1.880000e+01 3.000000e+00 1.900000e+01 3.000000e+00 8.000000e-01 5.000000e+00 3.500000e+01
6 4.550000e+00 1.200000e+00 1.400000e+00 -5.000000e-01 1.100000e+01 1.000000e+01 5.000000e-02 9.750000e-01 2.760000e+01 1.500000e+01 9.000000e+00 1.880000e+01 1.000000e+00 1.900000e+01 1.000000e+00 8.000000e-01 5.000000e+00 3.500000e+01
7 4.550000e+00 1.200000e+00 1.400000e+00 -5.000000e-01 1.100000e+01 1.000000e+01 5.000000e-02 9.750000e-01 2.760000e+01 1.500000e+01 9.000000e+00 1.880000e+01 2.000000e+00 1.900000e+01 2.000000e+00 8.000000e-01 5.000000e+00 3.500000e+01
8 4.550000e+00 1.200000e+00 1.400000e+00 -5.000000e-01 1.100000e+01 1.000000e+01 5.000000e-02 9.750000e-01 2.760000e+01 1.500000e+01 9.000000e+00 1.880000e+01 3.000000e+00 1.900000e+01 3.000000e+00 8.000000e-01 5.000000e+00 3.500000e+01
---------------------
End DAKOTA input file
---------------------

Using Dakota input file 'dakota.in.resolved'

Unrecognized keyword "strategy", input line 2.

Unrecognized keyword "single_method", input line 3.

Unrecognized keyword "tabular_graphics_data", input line 4.
Writing new restart file 'dakota.rst'.

>>>>> Executing environment.

>>>>> Running list_parameter_study iterator.

List parameter study for 9 samples


---------------------
Begin Evaluation    1
---------------------
Parameters for evaluation 1:
                      0.0000000000e+00 efit__TIME_ID
                      4.5500000000e+00 fastran_init__R0
                      1.2000000000e+00 fastran_init__A0
                      1.4000000000e+00 fastran_init__KAPPA
                     -5.0000000000e-01 fastran_init__DELTA
                      1.1000000000e+01 fastran_init__B0
                      1.0000000000e+01 fastran_init__IP
                      5.0000000000e-02 fastran_init__XWID
                      9.7500000000e-01 fastran_init__XMID
                      2.7600000000e+01 fastran_init__NE_AXIS
                      1.3000000000e+01 fastran_init__NE_PED
                      9.0000000000e+00 fastran_init__NE_SEP
                      1.8800000000e+01 fastran_init__TE_AXIS
                      1.0000000000e+00 fastran_init__TE_PED
                      1.9000000000e+01 fastran_init__TI_AXIS
                      1.0000000000e+00 fastran_init__TI_PED
                      8.0000000000e-01 fastran_init__H98_TARGET
                      5.0000000000e+00 hcd_model__INHCD_PE_0
                      3.5000000000e+01 hcd_model__INHCD_PI_0

blocking fork: ips_dakota_client.py params.in.1 results.out.1

Active response data for evaluation 1:
Active set vector = { 1 1 }
                      0.0000000000e+00 obj_fn_1
                      0.0000000000e+00 obj_fn_2



---------------------
Begin Evaluation    2
---------------------
Parameters for evaluation 2:
                      1.0000000000e+00 efit__TIME_ID
                      4.5500000000e+00 fastran_init__R0
                      1.2000000000e+00 fastran_init__A0
                      1.4000000000e+00 fastran_init__KAPPA
                     -5.0000000000e-01 fastran_init__DELTA
                      1.1000000000e+01 fastran_init__B0
                      1.0000000000e+01 fastran_init__IP
                      5.0000000000e-02 fastran_init__XWID
                      9.7500000000e-01 fastran_init__XMID
                      2.7600000000e+01 fastran_init__NE_AXIS
                      1.3000000000e+01 fastran_init__NE_PED
                      9.0000000000e+00 fastran_init__NE_SEP
                      1.8800000000e+01 fastran_init__TE_AXIS
                      2.0000000000e+00 fastran_init__TE_PED
                      1.9000000000e+01 fastran_init__TI_AXIS
                      2.0000000000e+00 fastran_init__TI_PED
                      8.0000000000e-01 fastran_init__H98_TARGET
                      5.0000000000e+00 hcd_model__INHCD_PE_0
                      3.5000000000e+01 hcd_model__INHCD_PI_0

blocking fork: ips_dakota_client.py params.in.2 results.out.2

Active response data for evaluation 2:
Active set vector = { 1 1 }
                      0.0000000000e+00 obj_fn_1
                      0.0000000000e+00 obj_fn_2



---------------------
Begin Evaluation    3
---------------------
Parameters for evaluation 3:
                      2.0000000000e+00 efit__TIME_ID
                      4.5500000000e+00 fastran_init__R0
                      1.2000000000e+00 fastran_init__A0
                      1.4000000000e+00 fastran_init__KAPPA
                     -5.0000000000e-01 fastran_init__DELTA
                      1.1000000000e+01 fastran_init__B0
                      1.0000000000e+01 fastran_init__IP
                      5.0000000000e-02 fastran_init__XWID
                      9.7500000000e-01 fastran_init__XMID
                      2.7600000000e+01 fastran_init__NE_AXIS
                      1.3000000000e+01 fastran_init__NE_PED
                      9.0000000000e+00 fastran_init__NE_SEP
                      1.8800000000e+01 fastran_init__TE_AXIS
                      3.0000000000e+00 fastran_init__TE_PED
                      1.9000000000e+01 fastran_init__TI_AXIS
                      3.0000000000e+00 fastran_init__TI_PED
                      8.0000000000e-01 fastran_init__H98_TARGET
                      5.0000000000e+00 hcd_model__INHCD_PE_0
                      3.5000000000e+01 hcd_model__INHCD_PI_0

blocking fork: ips_dakota_client.py params.in.3 results.out.3
Failure captured: recovering with specified function values for evaluation 3.

Active response data for evaluation 3:
Active set vector = { 1 1 }
                     -1.0000000000e+00 obj_fn_1
                     -1.0000000000e+00 obj_fn_2



---------------------
Begin Evaluation    4
---------------------
Parameters for evaluation 4:
                      3.0000000000e+00 efit__TIME_ID
                      4.5500000000e+00 fastran_init__R0
                      1.2000000000e+00 fastran_init__A0
                      1.4000000000e+00 fastran_init__KAPPA
                     -5.0000000000e-01 fastran_init__DELTA
                      1.1000000000e+01 fastran_init__B0
                      1.0000000000e+01 fastran_init__IP
                      5.0000000000e-02 fastran_init__XWID
                      9.7500000000e-01 fastran_init__XMID
                      2.7600000000e+01 fastran_init__NE_AXIS
                      1.4000000000e+01 fastran_init__NE_PED
                      9.0000000000e+00 fastran_init__NE_SEP
                      1.8800000000e+01 fastran_init__TE_AXIS
                      1.0000000000e+00 fastran_init__TE_PED
                      1.9000000000e+01 fastran_init__TI_AXIS
                      1.0000000000e+00 fastran_init__TI_PED
                      8.0000000000e-01 fastran_init__H98_TARGET
                      5.0000000000e+00 hcd_model__INHCD_PE_0
                      3.5000000000e+01 hcd_model__INHCD_PI_0

blocking fork: ips_dakota_client.py params.in.4 results.out.4

Active response data for evaluation 4:
Active set vector = { 1 1 }
                      0.0000000000e+00 obj_fn_1
                      0.0000000000e+00 obj_fn_2



---------------------
Begin Evaluation    5
---------------------
Parameters for evaluation 5:
                      4.0000000000e+00 efit__TIME_ID
                      4.5500000000e+00 fastran_init__R0
                      1.2000000000e+00 fastran_init__A0
                      1.4000000000e+00 fastran_init__KAPPA
                     -5.0000000000e-01 fastran_init__DELTA
                      1.1000000000e+01 fastran_init__B0
                      1.0000000000e+01 fastran_init__IP
                      5.0000000000e-02 fastran_init__XWID
                      9.7500000000e-01 fastran_init__XMID
                      2.7600000000e+01 fastran_init__NE_AXIS
                      1.4000000000e+01 fastran_init__NE_PED
                      9.0000000000e+00 fastran_init__NE_SEP
                      1.8800000000e+01 fastran_init__TE_AXIS
                      2.0000000000e+00 fastran_init__TE_PED
                      1.9000000000e+01 fastran_init__TI_AXIS
                      2.0000000000e+00 fastran_init__TI_PED
                      8.0000000000e-01 fastran_init__H98_TARGET
                      5.0000000000e+00 hcd_model__INHCD_PE_0
                      3.5000000000e+01 hcd_model__INHCD_PI_0

blocking fork: ips_dakota_client.py params.in.5 results.out.5
Failure captured: recovering with specified function values for evaluation 5.

Active response data for evaluation 5:
Active set vector = { 1 1 }
                     -1.0000000000e+00 obj_fn_1
                     -1.0000000000e+00 obj_fn_2



---------------------
Begin Evaluation    6
---------------------
Parameters for evaluation 6:
                      5.0000000000e+00 efit__TIME_ID
                      4.5500000000e+00 fastran_init__R0
                      1.2000000000e+00 fastran_init__A0
                      1.4000000000e+00 fastran_init__KAPPA
                     -5.0000000000e-01 fastran_init__DELTA
                      1.1000000000e+01 fastran_init__B0
                      1.0000000000e+01 fastran_init__IP
                      5.0000000000e-02 fastran_init__XWID
                      9.7500000000e-01 fastran_init__XMID
                      2.7600000000e+01 fastran_init__NE_AXIS
                      1.4000000000e+01 fastran_init__NE_PED
                      9.0000000000e+00 fastran_init__NE_SEP
                      1.8800000000e+01 fastran_init__TE_AXIS
                      3.0000000000e+00 fastran_init__TE_PED
                      1.9000000000e+01 fastran_init__TI_AXIS
                      3.0000000000e+00 fastran_init__TI_PED
                      8.0000000000e-01 fastran_init__H98_TARGET
                      5.0000000000e+00 hcd_model__INHCD_PE_0
                      3.5000000000e+01 hcd_model__INHCD_PI_0

blocking fork: ips_dakota_client.py params.in.6 results.out.6
