cmd = /global/common/software/atom/perlmutter/cesol/conda/dev/bin/ips.py --simulation=/pscratch/sd/h/hswils/example2_builddb3_withrad/SCAN/dakota_bridge_566314.conf --platform=/pscratch/sd/h/hswils/example2_builddb3_withrad/perlmutter_cpu.conf --verbose --log=ips_sweep.log
Apr 03 2025 07:41:46  Launched IPS
Apr 03 2025 07:41:46  0 ips_dakota_dynamic connecting to IPS dakota bridge <class 'FileNotFoundError'> [Errno 2] No such file or directory
Starting IPS 0.8.1
IPS SLURM_NODES =  [('nid004142', 256)]
Apr 03 2025 07:41:47  About to Create Listener /tmp/ips_dynamic_566314.tmp
Apr 03 2025 07:41:47  Created Listener /tmp/ips_dynamic_566314.tmp
Apr 03 2025 07:41:51  ips_dakota_dynamic received response from IPS  {'SIMSTATUS': 'ACK'}
Apr 03 2025 07:41:51  Launched DAKOTA
Redirecting stdout for fastran_MANTA_000001_566314_0000 to /pscratch/sd/h/hswils/example2_builddb3_withrad/SCAN/fastran_MANTA_000001_566314_0000.out 
Created <class 'fastran.driver.fastran_init.fastran_init'>
Created <class 'fastran.driver.fastran_driver.fastran_driver'>
Created <class 'fastran.equilibrium.efit.efit'>
Created <class 'fastran.solver.fastran.fastran'>
Created <class 'fastran.radiation.impurity_radiation.impurity_radiation'>
Created <class 'fastran.equilibrium.efit.efit'>
Created <class 'fastran.solver.fastran.fastran'>
Redirecting stdout for fastran_MANTA_000001_566314_0001 to /pscratch/sd/h/hswils/example2_builddb3_withrad/SCAN/fastran_MANTA_000001_566314_0001.out 
Created <class 'fastran.driver.fastran_init.fastran_init'>
Created <class 'fastran.driver.fastran_driver.fastran_driver'>
Created <class 'fastran.equilibrium.efit.efit'>
Created <class 'fastran.solver.fastran.fastran'>
Created <class 'fastran.radiation.impurity_radiation.impurity_radiation'>
Created <class 'fastran.equilibrium.efit.efit'>
Created <class 'fastran.solver.fastran.fastran'>
Redirecting stdout for fastran_MANTA_000001_566314_0002 to /pscratch/sd/h/hswils/example2_builddb3_withrad/SCAN/fastran_MANTA_000001_566314_0002.out 
Created <class 'fastran.driver.fastran_init.fastran_init'>
Created <class 'fastran.driver.fastran_driver.fastran_driver'>
Created <class 'fastran.equilibrium.efit.efit'>
Created <class 'fastran.solver.fastran.fastran'>
Created <class 'fastran.radiation.impurity_radiation.impurity_radiation'>
Created <class 'fastran.equilibrium.efit.efit'>
Created <class 'fastran.solver.fastran.fastran'>
Redirecting stdout for fastran_MANTA_000001_566314_0003 to /pscratch/sd/h/hswils/example2_builddb3_withrad/SCAN/fastran_MANTA_000001_566314_0003.out 
Created <class 'fastran.driver.fastran_init.fastran_init'>
Created <class 'fastran.driver.fastran_driver.fastran_driver'>
Created <class 'fastran.equilibrium.efit.efit'>
Created <class 'fastran.solver.fastran.fastran'>
Created <class 'fastran.radiation.impurity_radiation.impurity_radiation'>
Created <class 'fastran.equilibrium.efit.efit'>
Created <class 'fastran.solver.fastran.fastran'>
Redirecting stdout for fastran_MANTA_000001_566314_0004 to /pscratch/sd/h/hswils/example2_builddb3_withrad/SCAN/fastran_MANTA_000001_566314_0004.out 
Created <class 'fastran.driver.fastran_init.fastran_init'>
Created <class 'fastran.driver.fastran_driver.fastran_driver'>
Created <class 'fastran.equilibrium.efit.efit'>
Created <class 'fastran.solver.fastran.fastran'>
Created <class 'fastran.radiation.impurity_radiation.impurity_radiation'>
Created <class 'fastran.equilibrium.efit.efit'>
Created <class 'fastran.solver.fastran.fastran'>
Redirecting stdout for fastran_MANTA_000001_566314_0005 to /pscratch/sd/h/hswils/example2_builddb3_withrad/SCAN/fastran_MANTA_000001_566314_0005.out 
Created <class 'fastran.driver.fastran_init.fastran_init'>
Created <class 'fastran.driver.fastran_driver.fastran_driver'>
Created <class 'fastran.equilibrium.efit.efit'>
Created <class 'fastran.solver.fastran.fastran'>
Created <class 'fastran.radiation.impurity_radiation.impurity_radiation'>
Created <class 'fastran.equilibrium.efit.efit'>
Created <class 'fastran.solver.fastran.fastran'>
Redirecting stdout for fastran_MANTA_000001_566314_0006 to /pscratch/sd/h/hswils/example2_builddb3_withrad/SCAN/fastran_MANTA_000001_566314_0006.out 
Created <class 'fastran.driver.fastran_init.fastran_init'>
Created <class 'fastran.driver.fastran_driver.fastran_driver'>
Created <class 'fastran.equilibrium.efit.efit'>
Created <class 'fastran.solver.fastran.fastran'>
Created <class 'fastran.radiation.impurity_radiation.impurity_radiation'>
Created <class 'fastran.equilibrium.efit.efit'>
Created <class 'fastran.solver.fastran.fastran'>
Redirecting stdout for fastran_MANTA_000001_566314_0007 to /pscratch/sd/h/hswils/example2_builddb3_withrad/SCAN/fastran_MANTA_000001_566314_0007.out 
Created <class 'fastran.driver.fastran_init.fastran_init'>
Created <class 'fastran.driver.fastran_driver.fastran_driver'>
Created <class 'fastran.equilibrium.efit.efit'>
Created <class 'fastran.solver.fastran.fastran'>
Created <class 'fastran.radiation.impurity_radiation.impurity_radiation'>
Created <class 'fastran.equilibrium.efit.efit'>
Created <class 'fastran.solver.fastran.fastran'>
Redirecting stdout for fastran_MANTA_000001_566314_0008 to /pscratch/sd/h/hswils/example2_builddb3_withrad/SCAN/fastran_MANTA_000001_566314_0008.out 
Created <class 'fastran.driver.fastran_init.fastran_init'>
Created <class 'fastran.driver.fastran_driver.fastran_driver'>
Created <class 'fastran.equilibrium.efit.efit'>
Created <class 'fastran.solver.fastran.fastran'>
Created <class 'fastran.radiation.impurity_radiation.impurity_radiation'>
Created <class 'fastran.equilibrium.efit.efit'>
Created <class 'fastran.solver.fastran.fastran'>
Apr 03 2025 07:46:55  Received status = END, returning from dakota_bridge.
Apr 03 2025 07:46:55  ips_dakota_dynamic received response from IPS  {'SIMSTATUS': 'ACK'}
