NCAPTC: : NetCDF: Variable not found
Warning: ieee_overflow is signaling
Warning: ieee_underflow is signaling
Warning: ieee_inexact is signaling
FORTRAN STOP
 solver
 /global/common/software/atom/perlmutter/data/greentable/
 /global/common/software/atom/perlmutter/data/greentable/

          EFITD Version  07/09/2014


 type mode (2=file, 3=snap, 4=time, 5=input, 6=com file, 7=snap_ext):

 number of time slices?

 type input file names:
 #
 table_dir = </global/common/software/atom/perlmutter/data/greentable/>

  ----- time =     0 ms ----- ( 0)
 it=  1 chi2=0.00E+00 zm= 7.53E-03 err=5.202E+00 dz= 7.535E-03 chigam= 0.00E+00
 it=  2 chi2=0.00E+00 zm= 1.07E-02 err=7.953E-01 dz= 3.190E-03 chigam= 0.00E+00
 it=  3 chi2=0.00E+00 zm= 1.31E-02 err=4.596E-01 dz= 2.421E-03 chigam= 0.00E+00
 it=  4 chi2=0.00E+00 zm= 1.50E-02 err=2.791E-01 dz= 1.858E-03 chigam= 0.00E+00
 it=  5 chi2=0.00E+00 zm= 1.64E-02 err=1.700E-01 dz= 1.432E-03 chigam= 0.00E+00
 it=  6 chi2=0.00E+00 zm= 1.75E-02 err=1.050E-01 dz= 1.102E-03 chigam= 0.00E+00
 it=  7 chi2=0.00E+00 zm= 1.84E-02 err=6.603E-02 dz= 8.470E-04 chigam= 0.00E+00
 it=  8 chi2=0.00E+00 zm= 1.90E-02 err=4.148E-02 dz= 6.444E-04 chigam= 0.00E+00
 it=  9 chi2=0.00E+00 zm= 1.95E-02 err=2.707E-02 dz= 4.881E-04 chigam= 0.00E+00
 it= 10 chi2=0.00E+00 zm= 1.99E-02 err=1.787E-02 dz= 3.674E-04 chigam= 0.00E+00
 it= 11 chi2=0.00E+00 zm= 2.02E-02 err=1.169E-02 dz= 2.736E-04 chigam= 0.00E+00
 it= 12 chi2=0.00E+00 zm= 2.04E-02 err=7.871E-03 dz= 2.039E-04 chigam= 0.00E+00
 it= 13 chi2=0.00E+00 zm= 2.05E-02 err=7.773E-03 dz= 1.555E-04 chigam= 0.00E+00
 it= 14 chi2=0.00E+00 zm= 2.06E-02 err=5.469E-03 dz= 1.181E-04 chigam= 0.00E+00
 it= 15 chi2=0.00E+00 zm= 2.07E-02 err=3.398E-03 dz= 8.799E-05 chigam= 0.00E+00
 it= 16 chi2=0.00E+00 zm= 2.08E-02 err=2.168E-03 dz= 6.536E-05 chigam= 0.00E+00
 it= 17 chi2=0.00E+00 zm= 2.08E-02 err=1.418E-03 dz= 4.843E-05 chigam= 0.00E+00
 it= 18 chi2=0.00E+00 zm= 2.09E-02 err=9.466E-04 dz= 3.582E-05 chigam= 0.00E+00
 it= 19 chi2=0.00E+00 zm= 2.09E-02 err=6.434E-04 dz= 2.646E-05 chigam= 0.00E+00
 it= 20 chi2=0.00E+00 zm= 2.09E-02 err=4.437E-04 dz= 1.952E-05 chigam= 0.00E+00
 it= 21 chi2=0.00E+00 zm= 2.09E-02 err=3.097E-04 dz= 1.439E-05 chigam= 0.00E+00
 it= 22 chi2=0.00E+00 zm= 2.09E-02 err=2.181E-04 dz= 1.060E-05 chigam= 0.00E+00
 it= 23 chi2=0.00E+00 zm= 2.10E-02 err=1.547E-04 dz= 7.810E-06 chigam= 0.00E+00
 it= 24 chi2=0.00E+00 zm= 2.10E-02 err=1.105E-04 dz= 5.750E-06 chigam= 0.00E+00
 it= 25 chi2=0.00E+00 zm= 2.10E-02 err=7.925E-05 dz= 4.233E-06 chigam= 0.00E+00

      ******************** EFITD129 x 129  output ********************

       data used:   
  0 flux loops
  0 magnetic probes(i)
  0 full rogowski
  0 diamagnetic loop


 shot #   =          1 time(ms) =          0 chi**2   =  0.000E+00
 betat(%) =      0.852 betap    =      0.425 li       =      0.864
 vol(cm3) =  0.770E+07 rout(cm) =    172.118 zout(cm) =      0.858
 elong    =      1.338 utriang  =     -0.342 ltriang  =     -0.310
 a(cm)    =     41.348 lin(cm)  = ********** lout(cm) =     10.710
 ltop(cm) = ********** q*       =      2.269 rc(cm)   =    175.870
 zc(cm)   =      1.845 bt0(t)   =      2.000 qout     =      2.182
