========================================================================
= FASTRAN

nonlinear model = 1
ichi = 1
ineo = 0
reading state...
read formatted input, inprof...
init geometry...
read formatted input, inmetric...
nrho in inmetric = 101
rhob in inmetric = 1.260631e+00
solve avg grad-shafranv...
solve_avg_gs::Ip_temp = 2.695173e+00 
solve_avg_gs::Ip      = 1.000000e+01 
>>> tau_he = 5.000000, nhe(0)=2.529694e+00

 plasma volume = 147.735436
 stored energy(e,i,b,a) = 4.629133e+01 4.485798e+01 0.000000e+00 0.000000e+00
 betan = 1.040380
*power
 Pnb(e,i) = 0.000000e+00 0.000000e+00
 Prf(e,i) = 0.000000e+00 0.000000e+00
 Prad     = -8.598320e+00 
 Pei      = 2.484514e+00 
 Pfuse    = 4.797521e+01 
 Pfusi    = 1.572152e+01 
 Poh      = 0.000000e+00 
*confinement time
 taut, tauITER98y2, H98y2 : 1.654300e+00 1.982461e+00 8.344680e-01
 taue, taui : 1.105824e+00 3.388832e+00
 taut, tau89, H89 : 1.654300e+00 9.284557e-01 1.781776e+00
*temperature
 nea, nebar : 1.902514e+01 2.170764e+01 
 tea, tia : 5.742575e+00 5.796033e+00 (9.907768e-01)
 te0, ti0 : 1.879515e+01 1.899462e+01 (9.894984e-01)
 Sn : 0.000000e+00 
*current balance
 Ip,Ibs,Inb,Irf: 1.000000e+01 1.620680e+00 0.000000e+00 0.000000e+00
 fni,fbs: 0.162 0.162

 plasma volume = 147.735436
 stored energy(e,i,b,a) = 4.629133e+01 4.485798e+01 0.000000e+00 0.000000e+00
 betan = 1.040380
*power
 Pnb(e,i) = 0.000000e+00 0.000000e+00
 Prf(e,i) = 0.000000e+00 0.000000e+00
 Prad     = -8.598320e+00 
 Pei      = 2.484514e+00 
 Pfuse    = 4.797521e+01 
 Pfusi    = 1.572152e+01 
 Poh      = 0.000000e+00 
*confinement time
 taut, tauITER98y2, H98y2 : 1.654300e+00 1.982461e+00 8.344680e-01
 taue, taui : 1.105824e+00 3.388832e+00
 taut, tau89, H89 : 1.654300e+00 9.284557e-01 1.781776e+00
*temperature
 nea, nebar : 1.902514e+01 2.170764e+01 
 tea, tia : 5.742575e+00 5.796033e+00 (9.907768e-01)
 te0, ti0 : 1.879515e+01 1.899462e+01 (9.894984e-01)
 Sn : 0.000000e+00 
*current balance
 Ip,Ibs,Inb,Irf: 1.000000e+01 1.620680e+00 0.000000e+00 0.000000e+00
 fni,fbs: 0.162 0.162
 ELAPASED TIME = 0 sec

finalize
