========================================================================
= FASTRAN

nonlinear model = 0
ichi = 0
ineo = 0
reading state...
read formatted input, inprof...
init geometry...
read formatted input, inmetric...
nrho in inmetric = 101
rhob in inmetric = 1.263290e+00
solve avg grad-shafranv...
solve_avg_gs::Ip_temp = 9.993135e+00 
solve_avg_gs::Ip      = 1.000000e+01 
>>> tau_he = 5.000000, nhe(0)=2.062079e+00

 plasma volume = 148.631944
 stored energy(e,i,b) = 5.561577e+01 4.898822e+01 0.000000e+00
 betan = 1.187378
*power
 Pnb(e,i) = 0.000000e+00 0.000000e+00
 Prf(e,i) = 6.615894e+00 1.340096e+01
 Prad     = -3.676863e+01 
 Pei      = -9.283323e-01 
 Pfuse    = 4.330440e+01 
 Pfusi    = 1.252452e+01 
 Poh      = 0.000000e+00 
*confinement time
 taut, tauITER98y2, H98y2 : 2.676858e+00 2.535891e+00 1.055589e+00
 taue, taui : 4.549967e+00 3.641476e+00
 taut, tau89, H89 : 2.676858e+00 1.106750e+00 2.418666e+00
*temperature
 nea, nebar : 1.944867e+01 2.196895e+01 
 tea, tia : 7.229425e+00 7.210785e+00 (1.002585e+00)
 te0, ti0 : 1.770444e+01 1.818985e+01 (9.733143e-01)
 Sn : 0.000000e+00 
*current balance
 Ip,Ibs,Inb,Irf: 1.000000e+01 1.835652e+00 0.000000e+00 7.736169e-02
 fni,fbs: 0.191 0.184

Time advancing...
rho_bdry 0.950000 ...
te_bdry = 3.741993
ti_bdry = 3.741797
ne_bdry = 14.453942
rv_bdry = 100.762170
nrho_tr_bdry = 19
drho_bdry = 0.000000e+00
nrhob = 95
 [    0] t = 0.0000 
>>> tau_he = 5.000000, nhe(0)=2.045524e+00
 5     -0.001   3.34e-03   1.32e-01   2.17e-03  -2.38e-03   0.00e+00 (  4.43e-01,  2.42e+01)
10      0.000   6.06e-04  -1.58e-03  -3.08e-04   5.25e-04   0.00e+00 (  1.42e-01,  4.97e+01)
15     -0.002   2.06e-04  -3.99e-03  -2.86e-03  -1.17e-02   0.00e+00 (  6.67e-02,  7.54e+01)
20      0.006   1.82e-02  -3.21e-02  -6.51e-03   4.61e-02   0.00e+00 (  7.21e+00,  9.27e+01)
25      0.023   9.17e-02   1.89e-02   1.64e-02   2.01e-01   0.00e+00 (  4.14e+01,  1.05e+02)
30      0.041   1.43e-01   9.24e-02   5.27e-02   3.92e-01   0.00e+00 (  6.91e+01,  1.13e+02)
35      0.047   1.71e-01   1.35e-01   7.57e-02   4.84e-01   0.00e+00 (  7.82e+01,  1.17e+02)
40      0.053   1.99e-01   1.73e-01   7.76e-02   5.83e-01   0.00e+00 (  8.34e+01,  1.16e+02)
45      0.064   2.21e-01   2.27e-01   1.48e-01   7.46e-01   0.00e+00 (  8.28e+01,  1.10e+02)
50      0.079   2.48e-01   2.93e-01   1.56e-01   9.68e-01   0.00e+00 (  8.21e+01,  1.03e+02)
55      0.093   2.77e-01   3.79e-01   2.08e-01   1.19e+00   0.00e+00 (  8.12e+01,  9.42e+01)
60      0.112   3.07e-01   4.45e-01   2.78e-01   1.49e+00   0.00e+00 (  7.90e+01,  8.52e+01)
65      0.152   3.62e-01   5.98e-01   4.05e-01   2.08e+00   0.00e+00 (  8.03e+01,  7.63e+01)
70      0.166   3.84e-01   6.63e-01   4.99e-01   2.33e+00   0.00e+00 (  7.50e+01,  6.78e+01)
75      0.175   3.97e-01   7.11e-01   5.87e-01   2.51e+00   0.00e+00 (  6.88e+01,  6.00e+01)
80      0.176   3.90e-01   7.27e-01   6.32e-01   2.56e+00   0.00e+00 (  6.06e+01,  5.30e+01)
85      0.164   3.48e-01   6.87e-01   5.99e-01   2.42e+00   0.00e+00 (  4.93e+01,  4.67e+01)
90      0.159   3.30e-01   6.43e-01   5.71e-01   2.58e+00   0.00e+00 (  4.16e+01,  4.13e+01)
95      1.778   4.00e+00   5.08e+00   3.53e+00   1.13e+02   0.00e+00 (  1.70e+03,  3.63e+01)
 0 e: 2.110e-07 i: 9.507e-07 :: e: 0.000e+00 i: 0.000e+00 :: n: 2.762e+01 e:17.704 i:18.190 v:4.993e+03
>>> tau_he = 5.000000, nhe(0)=2.043045e+00
 5     -0.000   3.46e-03   1.48e-01   2.19e-03  -1.95e-03   0.00e+00 (  4.53e-01,  2.42e+01)
10      0.000   5.23e-04  -1.57e-03  -3.91e-04   2.17e-04   0.00e+00 (  1.22e-01,  4.97e+01)
15     -0.002   2.02e-04  -4.02e-03  -2.96e-03  -1.22e-02   0.00e+00 (  6.58e-02,  7.54e+01)
20      0.006   1.92e-02  -3.26e-02  -6.34e-03   4.75e-02   0.00e+00 (  7.72e+00,  9.27e+01)
25      0.024   9.29e-02   2.11e-02   1.72e-02   2.08e-01   0.00e+00 (  4.20e+01,  1.05e+02)
30      0.040   1.41e-01   8.90e-02   5.04e-02   3.76e-01   0.00e+00 (  6.73e+01,  1.13e+02)
35      0.047   1.71e-01   1.34e-01   7.55e-02   4.83e-01   0.00e+00 (  7.80e+01,  1.17e+02)
40      0.053   2.00e-01   1.74e-01   7.81e-02   5.87e-01   0.00e+00 (  8.34e+01,  1.16e+02)
45      0.064   2.21e-01   2.28e-01   1.48e-01   7.49e-01   0.00e+00 (  8.28e+01,  1.10e+02)
50      0.080   2.49e-01   2.95e-01   1.56e-01   9.76e-01   0.00e+00 (  8.25e+01,  1.03e+02)
55      0.093   2.77e-01   3.80e-01   2.08e-01   1.19e+00   0.00e+00 (  8.13e+01,  9.42e+01)
60      0.113   3.08e-01   4.48e-01   2.81e-01   1.50e+00   0.00e+00 (  7.93e+01,  8.52e+01)
65      0.150   3.59e-01   5.92e-01   4.01e-01   2.06e+00   0.00e+00 (  7.95e+01,  7.63e+01)
70      0.165   3.82e-01   6.57e-01   4.96e-01   2.31e+00   0.00e+00 (  7.43e+01,  6.78e+01)
75      0.174   3.94e-01   7.04e-01   5.82e-01   2.49e+00   0.00e+00 (  6.81e+01,  6.00e+01)
80      0.174   3.87e-01   7.19e-01   6.27e-01   2.53e+00   0.00e+00 (  6.00e+01,  5.30e+01)
85      0.164   3.49e-01   6.89e-01   6.00e-01   2.43e+00   0.00e+00 (  4.95e+01,  4.67e+01)
90      0.169   3.49e-01   6.94e-01   6.13e-01   2.74e+00   0.00e+00 (  4.58e+01,  4.13e+01)
95      1.786   4.07e+00   5.13e+00   3.53e+00   1.14e+02   0.00e+00 (  1.66e+03,  3.63e+01)
 1 e: 9.969e-03 i: 2.258e-02 :: e: 6.199e-03 i: 1.045e-02 :: n: 2.762e+01 e:17.709 i:18.168 v:4.993e+03
>>> tau_he = 5.000000, nhe(0)=2.237925e+00
 5     -0.001   4.16e-03   2.57e-01   2.95e-03  -6.47e-03   0.00e+00 (  7.40e-01,  2.42e+01)
10     -0.001   2.46e-04  -1.95e-03  -1.17e-03  -4.17e-03   0.00e+00 (  9.69e-02,  4.97e+01)
15      0.005   5.25e-02  -1.42e-02   5.52e-03   3.23e-02   0.00e+00 (  3.25e+01,  7.54e+01)
20      0.009   1.02e-01   7.65e-03   2.01e-02   6.89e-02   0.00e+00 (  6.74e+01,  9.27e+01)
25      0.035   1.15e-01   9.33e-02   3.11e-02   2.99e-01   0.00e+00 (  6.07e+01,  1.05e+02)
30      0.048   1.44e-01   1.36e-01   6.15e-02   4.52e-01   0.00e+00 (  6.71e+01,  1.13e+02)
35      0.050   1.62e-01   1.59e-01   8.66e-02   5.16e-01   0.00e+00 (  7.07e+01,  1.17e+02)
40      0.061   1.87e-01   2.16e-01   1.19e-01   6.68e-01   0.00e+00 (  7.53e+01,  1.16e+02)
45      0.075   2.17e-01   2.78e-01   1.43e-01   8.81e-01   0.00e+00 (  7.92e+01,  1.10e+02)
50      0.110   2.77e-01   4.09e-01   1.82e-01   1.35e+00   0.00e+00 (  8.95e+01,  1.03e+02)
55      0.098   2.69e-01   4.05e-01   2.14e-01   1.26e+00   0.00e+00 (  7.58e+01,  9.42e+01)
60      0.107   2.85e-01   4.37e-01   2.73e-01   1.43e+00   0.00e+00 (  6.89e+01,  8.52e+01)
65      0.125   3.01e-01   4.85e-01   3.30e-01   1.70e+00   0.00e+00 (  6.09e+01,  7.63e+01)
70      0.132   3.10e-01   5.19e-01   3.98e-01   1.85e+00   0.00e+00 (  5.46e+01,  6.78e+01)
75      0.142   3.21e-01   5.62e-01   4.76e-01   2.03e+00   0.00e+00 (  5.06e+01,  6.00e+01)
80      0.151   3.37e-01   6.14e-01   5.47e-01   2.19e+00   0.00e+00 (  4.92e+01,  5.30e+01)
85      0.156   3.36e-01   6.56e-01   5.74e-01   2.30e+00   0.00e+00 (  4.73e+01,  4.67e+01)
90      0.164   3.42e-01   6.77e-01   6.00e-01   2.65e+00   0.00e+00 (  4.51e+01,  4.13e+01)
95      1.789   4.09e+00   5.15e+00   3.53e+00   1.14e+02   0.00e+00 (  1.65e+03,  3.63e+01)
 2 e: 2.441e-03 i: 1.668e-03 :: e: 8.561e-02 i: 1.080e-01 :: n: 2.762e+01 e:19.208 i:19.884 v:4.993e+03
>>> tau_he = 5.000000, nhe(0)=2.280747e+00
 5     -0.002   4.15e-03   2.55e-01   3.20e-03  -1.05e-02   0.00e+00 (  8.80e-01,  2.42e+01)
10     -0.007   8.37e-03   5.33e-02  -2.16e-03  -3.74e-02   0.00e+00 (  3.95e+00,  4.97e+01)
15     -0.008   7.28e-02   2.35e-04   1.24e-02  -5.38e-02   0.00e+00 (  5.22e+01,  7.54e+01)
20     -0.028   1.27e-01   6.68e-02   3.27e-02  -2.16e-01   0.00e+00 (  9.47e+01,  9.27e+01)
25      0.024   1.36e-01   1.14e-01   3.41e-02   2.03e-01   0.00e+00 (  8.24e+01,  1.05e+02)
30      0.043   1.59e-01   1.51e-01   6.35e-02   4.04e-01   0.00e+00 (  8.34e+01,  1.13e+02)
35      0.045   1.74e-01   1.72e-01   8.99e-02   4.58e-01   0.00e+00 (  8.33e+01,  1.17e+02)
40      0.053   2.00e-01   2.28e-01   1.30e-01   5.80e-01   0.00e+00 (  8.63e+01,  1.16e+02)
45      0.069   2.24e-01   2.78e-01   1.42e-01   8.08e-01   0.00e+00 (  8.50e+01,  1.10e+02)
50      0.082   2.45e-01   3.37e-01   1.57e-01   1.01e+00   0.00e+00 (  8.00e+01,  1.03e+02)
55      0.091   2.60e-01   3.84e-01   2.07e-01   1.17e+00   0.00e+00 (  7.25e+01,  9.42e+01)
60      0.100   2.68e-01   4.09e-01   2.58e-01   1.33e+00   0.00e+00 (  6.29e+01,  8.52e+01)
65      0.116   2.78e-01   4.43e-01   3.04e-01   1.59e+00   0.00e+00 (  5.35e+01,  7.63e+01)
70      0.123   2.82e-01   4.72e-01   3.65e-01   1.73e+00   0.00e+00 (  4.69e+01,  6.78e+01)
75      0.133   2.93e-01   5.10e-01   4.36e-01   1.90e+00   0.00e+00 (  4.31e+01,  6.00e+01)
80      0.142   3.07e-01   5.58e-01   5.03e-01   2.06e+00   0.00e+00 (  4.17e+01,  5.30e+01)
85      0.147   3.09e-01   5.98e-01   5.26e-01   2.17e+00   0.00e+00 (  4.05e+01,  4.67e+01)
90      0.155   3.19e-01   6.19e-01   5.51e-01   2.51e+00   0.00e+00 (  3.90e+01,  4.13e+01)
95      1.790   4.11e+00   5.15e+00   3.53e+00   1.14e+02   0.00e+00 (  1.64e+03,  3.63e+01)
 3 e: 3.271e-04 i: 4.700e-04 :: e: 1.149e-01 i: 1.317e-01 :: n: 2.762e+01 e:20.230 i:20.310 v:4.993e+03
>>> tau_he = 5.000000, nhe(0)=2.308282e+00
 5     -0.003   4.21e-03   2.60e-01   3.24e-03  -1.23e-02   0.00e+00 (  9.34e-01,  2.42e+01)
10     -0.008   9.07e-03   5.56e-02  -2.62e-03  -4.48e-02   0.00e+00 (  4.44e+00,  4.97e+01)
15     -0.005   7.50e-02   6.29e-03   1.33e-02  -3.18e-02   0.00e+00 (  5.33e+01,  7.54e+01)
20     -0.006   1.20e-01   6.36e-02   2.37e-02  -4.52e-02   0.00e+00 (  8.75e+01,  9.27e+01)
25      0.024   1.37e-01   1.15e-01   3.33e-02   2.02e-01   0.00e+00 (  8.35e+01,  1.05e+02)
30      0.044   1.57e-01   1.54e-01   6.40e-02   4.21e-01   0.00e+00 (  8.29e+01,  1.13e+02)
35      0.046   1.73e-01   1.75e-01   9.15e-02   4.74e-01   0.00e+00 (  8.29e+01,  1.17e+02)
40      0.055   1.97e-01   2.32e-01   1.37e-01   6.07e-01   0.00e+00 (  8.44e+01,  1.16e+02)
45      0.072   2.21e-01   2.84e-01   1.38e-01   8.43e-01   0.00e+00 (  8.26e+01,  1.10e+02)
50      0.085   2.40e-01   3.42e-01   1.55e-01   1.04e+00   0.00e+00 (  7.66e+01,  1.03e+02)
55      0.093   2.55e-01   3.88e-01   2.07e-01   1.20e+00   0.00e+00 (  6.92e+01,  9.42e+01)
60      0.101   2.62e-01   4.09e-01   2.57e-01   1.34e+00   0.00e+00 (  6.00e+01,  8.52e+01)
65      0.117   2.72e-01   4.44e-01   3.04e-01   1.59e+00   0.00e+00 (  5.13e+01,  7.63e+01)
70      0.121   2.74e-01   4.64e-01   3.59e-01   1.70e+00   0.00e+00 (  4.44e+01,  6.78e+01)
75      0.128   2.80e-01   4.90e-01   4.21e-01   1.83e+00   0.00e+00 (  4.02e+01,  6.00e+01)
80      0.134   2.89e-01   5.23e-01   4.75e-01   1.95e+00   0.00e+00 (  3.79e+01,  5.30e+01)
85      0.137   2.88e-01   5.48e-01   4.86e-01   2.03e+00   0.00e+00 (  3.62e+01,  4.67e+01)
90      0.144   2.96e-01   5.60e-01   5.03e-01   2.33e+00   0.00e+00 (  3.44e+01,  4.13e+01)
95      1.792   4.13e+00   5.16e+00   3.53e+00   1.14e+02   0.00e+00 (  1.64e+03,  3.63e+01)
 4 e: 1.814e-04 i: 1.824e-04 :: e: 1.215e-01 i: 1.398e-01 :: n: 2.762e+01 e:20.074 i:20.585 v:4.993e+03
>>> tau_he = 5.000000, nhe(0)=2.283074e+00
 5     -0.003   4.06e-03   2.56e-01   3.29e-03  -1.30e-02   0.00e+00 (  9.36e-01,  2.42e+01)
10     -0.009   9.01e-03   5.50e-02  -2.60e-03  -4.73e-02   0.00e+00 (  4.54e+00,  4.97e+01)
15     -0.028   7.56e-02   1.46e-02   1.67e-02  -1.87e-01   0.00e+00 (  5.34e+01,  7.54e+01)
20     -0.004   1.18e-01   6.75e-02   2.28e-02  -2.94e-02   0.00e+00 (  8.50e+01,  9.27e+01)
25      0.021   1.37e-01   1.16e-01   3.44e-02   1.83e-01   0.00e+00 (  8.49e+01,  1.05e+02)
30      0.042   1.59e-01   1.57e-01   6.57e-02   4.02e-01   0.00e+00 (  8.59e+01,  1.13e+02)
35      0.044   1.75e-01   1.80e-01   9.37e-02   4.55e-01   0.00e+00 (  8.62e+01,  1.17e+02)
40      0.052   2.01e-01   2.36e-01   1.41e-01   5.78e-01   0.00e+00 (  8.77e+01,  1.16e+02)
45      0.070   2.22e-01   2.85e-01   1.39e-01   8.16e-01   0.00e+00 (  8.42e+01,  1.10e+02)
50      0.082   2.41e-01   3.40e-01   1.55e-01   1.01e+00   0.00e+00 (  7.75e+01,  1.03e+02)
55      0.091   2.53e-01   3.83e-01   2.06e-01   1.16e+00   0.00e+00 (  6.90e+01,  9.42e+01)
60      0.098   2.59e-01   4.03e-01   2.55e-01   1.30e+00   0.00e+00 (  5.92e+01,  8.52e+01)
65      0.114   2.69e-01   4.37e-01   3.00e-01   1.56e+00   0.00e+00 (  5.05e+01,  7.63e+01)
70      0.119   2.69e-01   4.54e-01   3.52e-01   1.66e+00   0.00e+00 (  4.33e+01,  6.78e+01)
75      0.124   2.72e-01   4.74e-01   4.09e-01   1.78e+00   0.00e+00 (  3.84e+01,  6.00e+01)
80      0.129   2.76e-01   5.01e-01   4.52e-01   1.88e+00   0.00e+00 (  3.54e+01,  5.30e+01)
85      0.131   2.73e-01   5.15e-01   4.60e-01   1.94e+00   0.00e+00 (  3.32e+01,  4.67e+01)
90      0.137   2.82e-01   5.23e-01   4.71e-01   2.23e+00   0.00e+00 (  3.14e+01,  4.13e+01)
95      1.793   4.14e+00   5.17e+00   3.53e+00   1.14e+02   0.00e+00 (  1.63e+03,  3.63e+01)
 5 e: 2.943e-04 i: 5.505e-05 :: e: 1.220e-01 i: 1.422e-01 :: n: 2.762e+01 e:20.156 i:20.339 v:4.993e+03
>>> tau_he = 5.000000, nhe(0)=2.272538e+00
 5     -0.003   4.00e-03   2.54e-01   3.24e-03  -1.30e-02   0.00e+00 (  9.16e-01,  2.42e+01)
10     -0.008   8.78e-03   5.37e-02  -2.39e-03  -4.47e-02   0.00e+00 (  4.36e+00,  4.97e+01)
15      0.000   7.16e-02   7.79e-03   1.36e-02   1.89e-03   0.00e+00 (  4.84e+01,  7.54e+01)
20      0.001   1.13e-01   6.45e-02   2.29e-02   6.98e-03   0.00e+00 (  7.80e+01,  9.27e+01)
25      0.023   1.32e-01   1.11e-01   3.39e-02   1.97e-01   0.00e+00 (  7.92e+01,  1.05e+02)
30      0.041   1.57e-01   1.51e-01   6.27e-02   3.86e-01   0.00e+00 (  8.34e+01,  1.13e+02)
35      0.044   1.71e-01   1.75e-01   9.20e-02   4.55e-01   0.00e+00 (  8.27e+01,  1.17e+02)
40      0.052   1.97e-01   2.30e-01   1.40e-01   5.76e-01   0.00e+00 (  8.40e+01,  1.16e+02)
45      0.069   2.17e-01   2.78e-01   1.36e-01   8.11e-01   0.00e+00 (  8.04e+01,  1.10e+02)
50      0.082   2.34e-01   3.33e-01   1.52e-01   1.00e+00   0.00e+00 (  7.37e+01,  1.03e+02)
55      0.091   2.47e-01   3.76e-01   2.03e-01   1.16e+00   0.00e+00 (  6.61e+01,  9.42e+01)
60      0.098   2.54e-01   3.98e-01   2.52e-01   1.30e+00   0.00e+00 (  5.71e+01,  8.52e+01)
65      0.115   2.66e-01   4.36e-01   3.00e-01   1.57e+00   0.00e+00 (  4.93e+01,  7.63e+01)
70      0.118   2.63e-01   4.40e-01   3.47e-01   1.65e+00   0.00e+00 (  4.18e+01,  6.78e+01)
75      0.124   2.69e-01   4.70e-01   4.05e-01   1.77e+00   0.00e+00 (  3.74e+01,  6.00e+01)
80      0.127   2.71e-01   4.88e-01   4.47e-01   1.85e+00   0.00e+00 (  3.41e+01,  5.30e+01)
85      0.128   2.65e-01   4.96e-01   4.44e-01   1.89e+00   0.00e+00 (  3.14e+01,  4.67e+01)
90      0.132   2.71e-01   4.95e-01   4.47e-01   2.14e+00   0.00e+00 (  2.92e+01,  4.13e+01)
95      1.793   4.15e+00   5.17e+00   3.53e+00   1.14e+02   0.00e+00 (  1.63e+03,  3.63e+01)
 6 e: 5.373e-05 i: 2.071e-04 :: e: 1.176e-01 i: 1.338e-01 :: n: 2.762e+01 e:19.754 i:20.234 v:4.993e+03
>>> tau_he = 5.000000, nhe(0)=2.238143e+00
 5     -0.003   3.84e-03   2.47e-01   3.24e-03  -1.28e-02   0.00e+00 (  8.86e-01,  2.42e+01)
10     -0.008   8.43e-03   5.23e-02  -2.31e-03  -4.36e-02   0.00e+00 (  4.19e+00,  4.97e+01)
15      0.002   6.84e-02   8.29e-03   1.32e-02   1.36e-02   0.00e+00 (  4.52e+01,  7.54e+01)
20      0.000   1.03e-01   6.66e-02   2.36e-02   1.38e-03   0.00e+00 (  6.87e+01,  9.27e+01)
25      0.022   1.29e-01   1.10e-01   3.52e-02   1.93e-01   0.00e+00 (  7.68e+01,  1.05e+02)
30      0.040   1.56e-01   1.52e-01   6.46e-02   3.78e-01   0.00e+00 (  8.26e+01,  1.13e+02)
35      0.044   1.71e-01   1.77e-01   9.42e-02   4.49e-01   0.00e+00 (  8.25e+01,  1.17e+02)
40      0.051   1.96e-01   2.31e-01   1.41e-01   5.66e-01   0.00e+00 (  8.38e+01,  1.16e+02)
45      0.068   2.16e-01   2.78e-01   1.38e-01   7.94e-01   0.00e+00 (  8.01e+01,  1.10e+02)
50      0.080   2.33e-01   3.32e-01   1.55e-01   9.84e-01   0.00e+00 (  7.35e+01,  1.03e+02)
55      0.089   2.46e-01   3.74e-01   2.04e-01   1.14e+00   0.00e+00 (  6.58e+01,  9.42e+01)
60      0.096   2.53e-01   3.95e-01   2.48e-01   1.28e+00   0.00e+00 (  5.69e+01,  8.52e+01)
65      0.114   2.66e-01   4.36e-01   2.99e-01   1.55e+00   0.00e+00 (  4.95e+01,  7.63e+01)
70      0.118   2.67e-01   4.53e-01   3.51e-01   1.66e+00   0.00e+00 (  4.25e+01,  6.78e+01)
75      0.122   2.67e-01   4.66e-01   4.02e-01   1.75e+00   0.00e+00 (  3.72e+01,  6.00e+01)
80      0.125   2.66e-01   4.81e-01   4.36e-01   1.82e+00   0.00e+00 (  3.33e+01,  5.30e+01)
85      0.125   2.59e-01   4.81e-01   4.32e-01   1.84e+00   0.00e+00 (  3.03e+01,  4.67e+01)
90      0.128   2.64e-01   4.76e-01   4.31e-01   2.08e+00   0.00e+00 (  2.80e+01,  4.13e+01)
95      1.794   4.15e+00   5.18e+00   3.53e+00   1.14e+02   0.00e+00 (  1.63e+03,  3.63e+01)
 7 e: 2.250e-04 i: 5.937e-05 :: e: 1.073e-01 i: 1.245e-01 :: n: 2.762e+01 e:19.656 i:19.905 v:4.993e+03
>>> tau_he = 5.000000, nhe(0)=2.222722e+00
 5     -0.003   3.77e-03   2.45e-01   3.18e-03  -1.25e-02   0.00e+00 (  8.58e-01,  2.42e+01)
10     -0.007   8.02e-03   4.96e-02  -1.88e-03  -3.81e-02   0.00e+00 (  3.92e+00,  4.97e+01)
15      0.003   6.48e-02   5.04e-03   1.24e-02   2.06e-02   0.00e+00 (  4.14e+01,  7.54e+01)
20      0.001   1.03e-01   6.07e-02   2.06e-02   9.21e-03   0.00e+00 (  6.63e+01,  9.27e+01)
25      0.023   1.25e-01   1.04e-01   3.48e-02   1.96e-01   0.00e+00 (  7.20e+01,  1.05e+02)
30      0.040   1.52e-01   1.45e-01   6.27e-02   3.74e-01   0.00e+00 (  7.85e+01,  1.13e+02)
35      0.043   1.67e-01   1.71e-01   9.17e-02   4.45e-01   0.00e+00 (  7.86e+01,  1.17e+02)
40      0.051   1.91e-01   2.22e-01   1.36e-01   5.59e-01   0.00e+00 (  7.97e+01,  1.16e+02)
45      0.066   2.10e-01   2.67e-01   1.36e-01   7.76e-01   0.00e+00 (  7.61e+01,  1.10e+02)
50      0.081   2.28e-01   3.14e-01   1.50e-01   9.96e-01   0.00e+00 (  7.03e+01,  1.03e+02)
55      0.088   2.40e-01   3.63e-01   1.99e-01   1.12e+00   0.00e+00 (  6.28e+01,  9.42e+01)
60      0.095   2.47e-01   3.86e-01   2.42e-01   1.27e+00   0.00e+00 (  5.47e+01,  8.52e+01)
65      0.114   2.62e-01   4.30e-01   2.96e-01   1.56e+00   0.00e+00 (  4.82e+01,  7.63e+01)
70      0.118   2.61e-01   4.38e-01   3.45e-01   1.65e+00   0.00e+00 (  4.12e+01,  6.78e+01)
75      0.123   2.66e-01   4.64e-01   4.01e-01   1.76e+00   0.00e+00 (  3.66e+01,  6.00e+01)
80      0.125   2.65e-01   4.77e-01   4.38e-01   1.82e+00   0.00e+00 (  3.28e+01,  5.30e+01)
85      0.125   2.57e-01   4.77e-01   4.28e-01   1.84e+00   0.00e+00 (  2.96e+01,  4.67e+01)
90      0.128   2.63e-01   4.70e-01   4.27e-01   2.07e+00   0.00e+00 (  2.72e+01,  4.13e+01)
95      1.793   4.16e+00   5.18e+00   3.53e+00   1.14e+02   0.00e+00 (  1.62e+03,  3.63e+01)
 8 e: 3.138e-05 i: 1.578e-04 :: e: 1.036e-01 i: 1.130e-01 :: n: 2.762e+01 e:19.280 i:19.757 v:4.993e+03
>>> tau_he = 5.000000, nhe(0)=2.191558e+00
 5     -0.003   3.64e-03   2.38e-01   3.16e-03  -1.22e-02   0.00e+00 (  8.28e-01,  2.42e+01)
10     -0.006   7.84e-03   4.96e-02  -1.89e-03  -3.57e-02   0.00e+00 (  3.81e+00,  4.97e+01)
15      0.004   6.30e-02   5.70e-03   1.23e-02   2.39e-02   0.00e+00 (  3.94e+01,  7.54e+01)
20      0.003   9.82e-02   6.15e-02   2.19e-02   2.56e-02   0.00e+00 (  6.20e+01,  9.27e+01)
25      0.023   1.22e-01   1.04e-01   3.60e-02   1.94e-01   0.00e+00 (  6.97e+01,  1.05e+02)
30      0.039   1.50e-01   1.46e-01   6.45e-02   3.71e-01   0.00e+00 (  7.72e+01,  1.13e+02)
35      0.043   1.66e-01   1.72e-01   9.37e-02   4.42e-01   0.00e+00 (  7.78e+01,  1.17e+02)
40      0.050   1.92e-01   2.23e-01   1.37e-01   5.48e-01   0.00e+00 (  8.00e+01,  1.16e+02)
45      0.066   2.09e-01   2.68e-01   1.37e-01   7.67e-01   0.00e+00 (  7.54e+01,  1.10e+02)
50      0.080   2.27e-01   3.14e-01   1.52e-01   9.84e-01   0.00e+00 (  6.98e+01,  1.03e+02)
55      0.087   2.39e-01   3.63e-01   2.01e-01   1.11e+00   0.00e+00 (  6.26e+01,  9.42e+01)
60      0.094   2.47e-01   3.89e-01   2.41e-01   1.25e+00   0.00e+00 (  5.47e+01,  8.52e+01)
65      0.113   2.63e-01   4.31e-01   2.96e-01   1.54e+00   0.00e+00 (  4.85e+01,  7.63e+01)
70      0.117   2.62e-01   4.39e-01   3.47e-01   1.64e+00   0.00e+00 (  4.16e+01,  6.78e+01)
75      0.122   2.65e-01   4.64e-01   4.01e-01   1.74e+00   0.00e+00 (  3.68e+01,  6.00e+01)
80      0.124   2.63e-01   4.75e-01   4.31e-01   1.80e+00   0.00e+00 (  3.27e+01,  5.30e+01)
85      0.122   2.53e-01   4.68e-01   4.21e-01   1.81e+00   0.00e+00 (  2.92e+01,  4.67e+01)
90      0.125   2.58e-01   4.59e-01   4.17e-01   2.03e+00   0.00e+00 (  2.67e+01,  4.13e+01)
95      1.794   4.16e+00   5.18e+00   3.53e+00   1.14e+02   0.00e+00 (  1.62e+03,  3.63e+01)
 9 e: 1.597e-04 i: 4.151e-05 :: e: 9.403e-02 i: 1.032e-01 :: n: 2.762e+01 e:19.186 i:19.469 v:4.993e+03
>>> tau_he = 5.000000, nhe(0)=2.179751e+00
 5     -0.003   3.59e-03   2.36e-01   3.11e-03  -1.19e-02   0.00e+00 (  8.06e-01,  2.42e+01)
10     -0.002   1.44e-03  -4.32e-03  -1.22e-03  -1.17e-02   0.00e+00 (  6.88e-01,  4.97e+01)
15      0.005   6.06e-02   3.78e-03   1.20e-02   3.27e-02   0.00e+00 (  3.68e+01,  7.54e+01)
20      0.005   9.47e-02   5.83e-02   2.18e-02   4.09e-02   0.00e+00 (  5.80e+01,  9.27e+01)
25      0.028   1.17e-01   9.59e-02   3.40e-02   2.43e-01   0.00e+00 (  6.49e+01,  1.05e+02)
30      0.039   1.47e-01   1.40e-01   6.24e-02   3.66e-01   0.00e+00 (  7.38e+01,  1.13e+02)
35      0.042   1.62e-01   1.66e-01   9.06e-02   4.34e-01   0.00e+00 (  7.45e+01,  1.17e+02)
40      0.052   1.86e-01   2.10e-01   1.25e-01   5.68e-01   0.00e+00 (  7.57e+01,  1.16e+02)
45      0.069   2.07e-01   2.57e-01   1.37e-01   8.02e-01   0.00e+00 (  7.33e+01,  1.10e+02)
50      0.078   2.21e-01   3.01e-01   1.48e-01   9.60e-01   0.00e+00 (  6.67e+01,  1.03e+02)
55      0.087   2.35e-01   3.51e-01   1.97e-01   1.12e+00   0.00e+00 (  6.04e+01,  9.42e+01)
60      0.093   2.42e-01   3.79e-01   2.35e-01   1.24e+00   0.00e+00 (  5.27e+01,  8.52e+01)
65      0.113   2.59e-01   4.23e-01   2.92e-01   1.54e+00   0.00e+00 (  4.71e+01,  7.63e+01)
70      0.117   2.60e-01   4.36e-01   3.44e-01   1.65e+00   0.00e+00 (  4.08e+01,  6.78e+01)
75      0.123   2.65e-01   4.63e-01   4.00e-01   1.76e+00   0.00e+00 (  3.63e+01,  6.00e+01)
80      0.125   2.63e-01   4.74e-01   4.35e-01   1.82e+00   0.00e+00 (  3.24e+01,  5.30e+01)
85      0.124   2.54e-01   4.69e-01   4.22e-01   1.83e+00   0.00e+00 (  2.89e+01,  4.67e+01)
90      0.126   2.59e-01   4.60e-01   4.18e-01   2.05e+00   0.00e+00 (  2.64e+01,  4.13e+01)
95      1.793   4.16e+00   5.18e+00   3.53e+00   1.14e+02   0.00e+00 (  1.62e+03,  3.63e+01)
10 e: 1.854e-05 i: 9.922e-05 :: e: 8.910e-02 i: 9.438e-02 :: n: 2.762e+01 e:18.874 i:19.359 v:4.993e+03
>>> tau_he = 5.000000, nhe(0)=2.157025e+00
 5     -0.003   3.50e-03   2.31e-01   3.09e-03  -1.16e-02   0.00e+00 (  7.83e-01,  2.42e+01)
10     -0.006   7.38e-03   4.66e-02  -1.77e-03  -3.45e-02   0.00e+00 (  3.52e+00,  4.97e+01)
15      0.006   5.98e-02   5.30e-03   1.20e-02   3.82e-02   0.00e+00 (  3.59e+01,  7.54e+01)
20      0.008   9.07e-02   5.93e-02   2.26e-02   6.45e-02   0.00e+00 (  5.48e+01,  9.27e+01)
25      0.026   1.15e-01   9.67e-02   3.45e-02   2.21e-01   0.00e+00 (  6.35e+01,  1.05e+02)
30      0.038   1.46e-01   1.41e-01   6.42e-02   3.64e-01   0.00e+00 (  7.29e+01,  1.13e+02)
35      0.042   1.61e-01   1.68e-01   9.26e-02   4.34e-01   0.00e+00 (  7.40e+01,  1.17e+02)
40      0.052   1.85e-01   2.13e-01   1.27e-01   5.68e-01   0.00e+00 (  7.53e+01,  1.16e+02)
45      0.068   2.07e-01   2.59e-01   1.39e-01   7.99e-01   0.00e+00 (  7.29e+01,  1.10e+02)
50      0.078   2.21e-01   3.04e-01   1.50e-01   9.55e-01   0.00e+00 (  6.67e+01,  1.03e+02)
55      0.087   2.35e-01   3.53e-01   1.99e-01   1.11e+00   0.00e+00 (  6.04e+01,  9.42e+01)
60      0.092   2.42e-01   3.81e-01   2.34e-01   1.22e+00   0.00e+00 (  5.30e+01,  8.52e+01)
65      0.112   2.60e-01   4.26e-01   2.93e-01   1.53e+00   0.00e+00 (  4.76e+01,  7.63e+01)
70      0.117   2.62e-01   4.39e-01   3.46e-01   1.64e+00   0.00e+00 (  4.14e+01,  6.78e+01)
75      0.122   2.65e-01   4.63e-01   4.00e-01   1.74e+00   0.00e+00 (  3.67e+01,  6.00e+01)
80      0.123   2.62e-01   4.73e-01   4.29e-01   1.79e+00   0.00e+00 (  3.25e+01,  5.30e+01)
85      0.121   2.51e-01   4.63e-01   4.17e-01   1.79e+00   0.00e+00 (  2.88e+01,  4.67e+01)
90      0.124   2.55e-01   4.51e-01   4.11e-01   2.01e+00   0.00e+00 (  2.61e+01,  4.13e+01)
95      1.794   4.16e+00   5.18e+00   3.53e+00   1.14e+02   0.00e+00 (  1.62e+03,  3.63e+01)
11 e: 9.801e-05 i: 2.302e-05 :: e: 8.072e-02 i: 8.490e-02 :: n: 2.762e+01 e:18.832 i:19.154 v:4.993e+03
>>> tau_he = 5.000000, nhe(0)=2.150717e+00
 5     -0.003   3.47e-03   2.30e-01   3.05e-03  -1.14e-02   0.00e+00 (  7.70e-01,  2.42e+01)
10     -0.002   1.34e-03  -4.20e-03  -1.21e-03  -1.13e-02   0.00e+00 (  6.29e-01,  4.97e+01)
15      0.007   5.73e-02   4.38e-03   1.09e-02   4.72e-02   0.00e+00 (  3.37e+01,  7.54e+01)
20      0.010   8.82e-02   5.65e-02   2.23e-02   7.25e-02   0.00e+00 (  5.21e+01,  9.27e+01)
25      0.025   1.12e-01   9.21e-02   3.35e-02   2.18e-01   0.00e+00 (  6.10e+01,  1.05e+02)
30      0.038   1.43e-01   1.35e-01   6.20e-02   3.59e-01   0.00e+00 (  7.04e+01,  1.13e+02)
35      0.042   1.58e-01   1.61e-01   8.95e-02   4.28e-01   0.00e+00 (  7.15e+01,  1.17e+02)
40      0.051   1.82e-01   2.05e-01   1.20e-01   5.59e-01   0.00e+00 (  7.27e+01,  1.16e+02)
45      0.067   2.02e-01   2.47e-01   1.36e-01   7.77e-01   0.00e+00 (  7.00e+01,  1.10e+02)
50      0.076   2.16e-01   2.91e-01   1.47e-01   9.34e-01   0.00e+00 (  6.41e+01,  1.03e+02)
55      0.085   2.29e-01   3.41e-01   1.95e-01   1.09e+00   0.00e+00 (  5.82e+01,  9.42e+01)
60      0.091   2.37e-01   3.71e-01   2.29e-01   1.21e+00   0.00e+00 (  5.13e+01,  8.52e+01)
65      0.112   2.57e-01   4.19e-01   2.89e-01   1.53e+00   0.00e+00 (  4.65e+01,  7.63e+01)
70      0.118   2.60e-01   4.35e-01   3.44e-01   1.65e+00   0.00e+00 (  4.07e+01,  6.78e+01)
75      0.123   2.65e-01   4.62e-01   3.99e-01   1.76e+00   0.00e+00 (  3.63e+01,  6.00e+01)
80      0.125   2.63e-01   4.73e-01   4.34e-01   1.82e+00   0.00e+00 (  3.23e+01,  5.30e+01)
85      0.123   2.53e-01   4.67e-01   4.20e-01   1.82e+00   0.00e+00 (  2.86e+01,  4.67e+01)
90      0.126   2.58e-01   4.56e-01   4.15e-01   2.04e+00   0.00e+00 (  2.60e+01,  4.13e+01)
95      1.793   4.16e+00   5.17e+00   3.53e+00   1.14e+02   0.00e+00 (  1.62e+03,  3.63e+01)
12 e: 1.552e-05 i: 5.845e-05 :: e: 7.770e-02 i: 7.966e-02 :: n: 2.762e+01 e:18.596 i:19.096 v:4.993e+03
>>> tau_he = 5.000000, nhe(0)=2.133707e+00
 5     -0.003   3.41e-03   2.26e-01   3.04e-03  -1.12e-02   0.00e+00 (  7.55e-01,  2.42e+01)
10     -0.006   7.16e-03   4.55e-02  -1.74e-03  -3.30e-02   0.00e+00 (  3.37e+00,  4.97e+01)
15      0.008   5.68e-02   5.84e-03   1.10e-02   5.19e-02   0.00e+00 (  3.32e+01,  7.54e+01)
20      0.004   8.46e-02   6.04e-02   1.97e-02   3.07e-02   0.00e+00 (  4.96e+01,  9.27e+01)
25      0.025   1.11e-01   9.32e-02   3.44e-02   2.19e-01   0.00e+00 (  6.03e+01,  1.05e+02)
30      0.038   1.43e-01   1.37e-01   6.38e-02   3.59e-01   0.00e+00 (  7.02e+01,  1.13e+02)
35      0.042   1.58e-01   1.64e-01   9.16e-02   4.29e-01   0.00e+00 (  7.15e+01,  1.17e+02)
40      0.051   1.82e-01   2.08e-01   1.23e-01   5.61e-01   0.00e+00 (  7.28e+01,  1.16e+02)
45      0.067   2.02e-01   2.52e-01   1.38e-01   7.80e-01   0.00e+00 (  7.03e+01,  1.10e+02)
50      0.076   2.17e-01   2.96e-01   1.49e-01   9.37e-01   0.00e+00 (  6.46e+01,  1.03e+02)
55      0.085   2.31e-01   3.46e-01   1.97e-01   1.09e+00   0.00e+00 (  5.88e+01,  9.42e+01)
60      0.091   2.39e-01   3.75e-01   2.31e-01   1.21e+00   0.00e+00 (  5.19e+01,  8.52e+01)
65      0.112   2.58e-01   4.23e-01   2.91e-01   1.52e+00   0.00e+00 (  4.72e+01,  7.63e+01)
70      0.117   2.62e-01   4.39e-01   3.47e-01   1.64e+00   0.00e+00 (  4.13e+01,  6.78e+01)
75      0.122   2.65e-01   4.64e-01   4.01e-01   1.75e+00   0.00e+00 (  3.68e+01,  6.00e+01)
80      0.123   2.62e-01   4.73e-01   4.29e-01   1.79e+00   0.00e+00 (  3.25e+01,  5.30e+01)
85      0.121   2.51e-01   4.62e-01   4.16e-01   1.79e+00   0.00e+00 (  2.86e+01,  4.67e+01)
90      0.123   2.52e-01   4.45e-01   4.01e-01   1.99e+00   0.00e+00 (  2.57e+01,  4.13e+01)
95      1.794   4.16e+00   5.18e+00   3.53e+00   1.14e+02   0.00e+00 (  1.62e+03,  3.63e+01)
13 e: 6.083e-05 i: 1.726e-05 :: e: 6.938e-02 i: 7.041e-02 :: n: 2.762e+01 e:18.604 i:18.946 v:4.993e+03
>>> tau_he = 5.000000, nhe(0)=2.132281e+00
 5     -0.003   3.40e-03   2.26e-01   3.01e-03  -1.11e-02   0.00e+00 (  7.47e-01,  2.42e+01)
10     -0.002   1.26e-03  -4.12e-03  -1.20e-03  -1.10e-02   0.00e+00 (  5.87e-01,  4.97e+01)
15      0.008   5.55e-02   4.14e-03   1.08e-02   5.51e-02   0.00e+00 (  3.19e+01,  7.54e+01)
20      0.005   8.30e-02   5.77e-02   1.93e-02   3.67e-02   0.00e+00 (  4.79e+01,  9.27e+01)
25      0.025   1.10e-01   8.92e-02   3.33e-02   2.15e-01   0.00e+00 (  5.86e+01,  1.05e+02)
30      0.037   1.41e-01   1.32e-01   6.16e-02   3.54e-01   0.00e+00 (  6.84e+01,  1.13e+02)
35      0.041   1.56e-01   1.58e-01   8.85e-02   4.23e-01   0.00e+00 (  6.96e+01,  1.17e+02)
40      0.053   1.82e-01   2.04e-01   1.19e-01   5.86e-01   0.00e+00 (  7.19e+01,  1.16e+02)
45      0.066   1.98e-01   2.40e-01   1.33e-01   7.66e-01   0.00e+00 (  6.78e+01,  1.10e+02)
50      0.075   2.13e-01   2.86e-01   1.45e-01   9.18e-01   0.00e+00 (  6.26e+01,  1.03e+02)
55      0.084   2.27e-01   3.36e-01   1.93e-01   1.08e+00   0.00e+00 (  5.70e+01,  9.42e+01)
60      0.091   2.35e-01   3.67e-01   2.27e-01   1.20e+00   0.00e+00 (  5.06e+01,  8.52e+01)
65      0.111   2.56e-01   4.17e-01   2.87e-01   1.52e+00   0.00e+00 (  4.62e+01,  7.63e+01)
70      0.118   2.60e-01   4.36e-01   3.45e-01   1.65e+00   0.00e+00 (  4.07e+01,  6.78e+01)
75      0.123   2.65e-01   4.63e-01   4.00e-01   1.76e+00   0.00e+00 (  3.64e+01,  6.00e+01)
80      0.125   2.64e-01   4.74e-01   4.35e-01   1.82e+00   0.00e+00 (  3.24e+01,  5.30e+01)
85      0.123   2.53e-01   4.66e-01   4.20e-01   1.82e+00   0.00e+00 (  2.85e+01,  4.67e+01)
90      0.126   2.58e-01   4.55e-01   4.14e-01   2.04e+00   0.00e+00 (  2.59e+01,  4.13e+01)
95      1.793   4.16e+00   5.17e+00   3.53e+00   1.14e+02   0.00e+00 (  1.62e+03,  3.63e+01)
14 e: 2.161e-05 i: 3.496e-05 :: e: 6.555e-02 i: 6.692e-02 :: n: 2.762e+01 e:18.423 i:18.932 v:4.993e+03
>>> tau_he = 5.000000, nhe(0)=2.119907e+00
 5     -0.002   3.36e-03   2.23e-01   3.01e-03  -1.09e-02   0.00e+00 (  7.37e-01,  2.42e+01)
10     -0.002   1.28e-03  -4.19e-03  -1.22e-03  -1.11e-02   0.00e+00 (  5.97e-01,  4.97e+01)
15      0.010   5.39e-02   5.86e-03   1.08e-02   6.51e-02   0.00e+00 (  3.08e+01,  7.54e+01)
20      0.005   8.25e-02   5.91e-02   2.01e-02   4.03e-02   0.00e+00 (  4.75e+01,  9.27e+01)
25      0.025   1.09e-01   9.07e-02   3.42e-02   2.16e-01   0.00e+00 (  5.85e+01,  1.05e+02)
30      0.038   1.41e-01   1.35e-01   6.34e-02   3.55e-01   0.00e+00 (  6.86e+01,  1.13e+02)
35      0.041   1.57e-01   1.62e-01   9.07e-02   4.26e-01   0.00e+00 (  7.01e+01,  1.17e+02)
40      0.054   1.83e-01   2.08e-01   1.22e-01   5.90e-01   0.00e+00 (  7.25e+01,  1.16e+02)
45      0.066   1.99e-01   2.45e-01   1.35e-01   7.74e-01   0.00e+00 (  6.86e+01,  1.10e+02)
50      0.075   2.15e-01   2.92e-01   1.47e-01   9.26e-01   0.00e+00 (  6.36e+01,  1.03e+02)
55      0.084   2.29e-01   3.42e-01   1.96e-01   1.08e+00   0.00e+00 (  5.81e+01,  9.42e+01)
60      0.091   2.38e-01   3.73e-01   2.30e-01   1.20e+00   0.00e+00 (  5.16e+01,  8.52e+01)
65      0.112   2.59e-01   4.23e-01   2.91e-01   1.53e+00   0.00e+00 (  4.72e+01,  7.63e+01)
70      0.118   2.63e-01   4.41e-01   3.48e-01   1.65e+00   0.00e+00 (  4.16e+01,  6.78e+01)
75      0.123   2.66e-01   4.66e-01   4.02e-01   1.75e+00   0.00e+00 (  3.70e+01,  6.00e+01)
80      0.124   2.63e-01   4.75e-01   4.31e-01   1.80e+00   0.00e+00 (  3.27e+01,  5.30e+01)
85      0.122   2.51e-01   4.63e-01   4.17e-01   1.80e+00   0.00e+00 (  2.87e+01,  4.67e+01)
90      0.123   2.53e-01   4.45e-01   4.02e-01   1.99e+00   0.00e+00 (  2.56e+01,  4.13e+01)
95      1.794   4.16e+00   5.18e+00   3.53e+00   1.14e+02   0.00e+00 (  1.62e+03,  3.63e+01)
15 e: 3.767e-05 i: 2.309e-05 :: e: 5.698e-02 i: 5.764e-02 :: n: 2.762e+01 e:18.472 i:18.825 v:4.993e+03
>>> tau_he = 5.000000, nhe(0)=2.125573e+00
 5     -0.002   3.38e-03   2.24e-01   2.99e-03  -1.09e-02   0.00e+00 (  7.36e-01,  2.42e+01)
10     -0.002   1.28e-03  -4.18e-03  -1.22e-03  -1.11e-02   0.00e+00 (  5.91e-01,  4.97e+01)
15      0.009   5.48e-02   4.62e-03   1.08e-02   6.18e-02   0.00e+00 (  3.10e+01,  7.54e+01)
20      0.006   8.14e-02   5.68e-02   1.96e-02   4.43e-02   0.00e+00 (  4.64e+01,  9.27e+01)
25      0.025   1.08e-01   8.72e-02   3.34e-02   2.16e-01   0.00e+00 (  5.73e+01,  1.05e+02)
30      0.037   1.40e-01   1.30e-01   6.13e-02   3.52e-01   0.00e+00 (  6.73e+01,  1.13e+02)
35      0.042   1.55e-01   1.56e-01   8.78e-02   4.28e-01   0.00e+00 (  6.87e+01,  1.17e+02)
40      0.054   1.81e-01   1.90e-01   1.14e-01   5.97e-01   0.00e+00 (  7.08e+01,  1.16e+02)
45      0.065   1.96e-01   2.36e-01   1.33e-01   7.58e-01   0.00e+00 (  6.69e+01,  1.10e+02)
50      0.074   2.12e-01   2.92e-01   1.48e-01   9.11e-01   0.00e+00 (  6.22e+01,  1.03e+02)
55      0.084   2.26e-01   3.33e-01   1.92e-01   1.07e+00   0.00e+00 (  5.67e+01,  9.42e+01)
60      0.090   2.35e-01   3.65e-01   2.26e-01   1.20e+00   0.00e+00 (  5.05e+01,  8.52e+01)
65      0.112   2.56e-01   4.17e-01   2.88e-01   1.53e+00   0.00e+00 (  4.64e+01,  7.63e+01)
70      0.119   2.62e-01   4.39e-01   3.47e-01   1.66e+00   0.00e+00 (  4.11e+01,  6.78e+01)
75      0.124   2.67e-01   4.66e-01   4.02e-01   1.77e+00   0.00e+00 (  3.67e+01,  6.00e+01)
80      0.126   2.65e-01   4.77e-01   4.37e-01   1.83e+00   0.00e+00 (  3.27e+01,  5.30e+01)
85      0.124   2.54e-01   4.69e-01   4.22e-01   1.83e+00   0.00e+00 (  2.87e+01,  4.67e+01)
90      0.126   2.59e-01   4.57e-01   4.16e-01   2.05e+00   0.00e+00 (  2.59e+01,  4.13e+01)
95      1.792   4.16e+00   5.17e+00   3.53e+00   1.14e+02   0.00e+00 (  1.62e+03,  3.63e+01)
16 e: 3.511e-05 i: 1.965e-05 :: e: 5.311e-02 i: 5.427e-02 :: n: 2.762e+01 e:18.336 i:18.873 v:4.993e+03
>>> tau_he = 5.000000, nhe(0)=2.117031e+00
 5     -0.002   3.35e-03   2.22e-01   3.00e-03  -1.08e-02   0.00e+00 (  7.32e-01,  2.42e+01)
10     -0.006   7.05e-03   4.47e-02  -1.96e-03  -3.53e-02   0.00e+00 (  3.28e+00,  4.97e+01)
15      0.004   5.19e-02   5.30e-03   7.19e-03   2.44e-02   0.00e+00 (  2.94e+01,  7.54e+01)
20      0.006   8.15e-02   5.84e-02   2.04e-02   4.58e-02   0.00e+00 (  4.65e+01,  9.27e+01)
25      0.025   1.08e-01   8.93e-02   3.40e-02   2.15e-01   0.00e+00 (  5.77e+01,  1.05e+02)
30      0.037   1.40e-01   1.33e-01   6.30e-02   3.53e-01   0.00e+00 (  6.81e+01,  1.13e+02)
35      0.041   1.56e-01   1.60e-01   8.99e-02   4.24e-01   0.00e+00 (  6.97e+01,  1.17e+02)
40      0.055   1.82e-01   1.96e-01   1.18e-01   6.06e-01   0.00e+00 (  7.20e+01,  1.16e+02)
45      0.066   1.99e-01   2.44e-01   1.35e-01   7.69e-01   0.00e+00 (  6.83e+01,  1.10e+02)
50      0.075   2.15e-01   2.90e-01   1.47e-01   9.20e-01   0.00e+00 (  6.34e+01,  1.03e+02)
55      0.084   2.29e-01   3.41e-01   1.96e-01   1.08e+00   0.00e+00 (  5.81e+01,  9.42e+01)
60      0.091   2.38e-01   3.72e-01   2.30e-01   1.20e+00   0.00e+00 (  5.18e+01,  8.52e+01)
65      0.112   2.60e-01   4.26e-01   2.93e-01   1.53e+00   0.00e+00 (  4.77e+01,  7.63e+01)
70      0.119   2.65e-01   4.45e-01   3.51e-01   1.66e+00   0.00e+00 (  4.21e+01,  6.78e+01)
75      0.123   2.69e-01   4.70e-01   4.05e-01   1.77e+00   0.00e+00 (  3.75e+01,  6.00e+01)
80      0.125   2.65e-01   4.79e-01   4.34e-01   1.81e+00   0.00e+00 (  3.31e+01,  5.30e+01)
85      0.122   2.53e-01   4.66e-01   4.20e-01   1.81e+00   0.00e+00 (  2.89e+01,  4.67e+01)
90      0.124   2.56e-01   4.52e-01   4.11e-01   2.02e+00   0.00e+00 (  2.60e+01,  4.13e+01)
95      1.794   4.16e+00   5.18e+00   3.53e+00   1.14e+02   0.00e+00 (  1.62e+03,  3.63e+01)
17 e: 2.498e-05 i: 2.833e-05 :: e: 4.364e-02 i: 4.495e-02 :: n: 2.762e+01 e:18.432 i:18.799 v:4.993e+03
>>> tau_he = 5.000000, nhe(0)=2.123706e+00
 5     -0.002   3.37e-03   2.24e-01   2.99e-03  -1.09e-02   0.00e+00 (  7.34e-01,  2.42e+01)
10     -0.002   6.88e-04  -4.10e-03  -1.24e-03  -1.09e-02   0.00e+00 (  3.18e-01,  4.97e+01)
15      0.011   5.28e-02   4.49e-03   1.07e-02   7.05e-02   0.00e+00 (  2.96e+01,  7.54e+01)
20      0.006   8.07e-02   5.60e-02   1.97e-02   4.82e-02   0.00e+00 (  4.56e+01,  9.27e+01)
25      0.025   1.07e-01   8.59e-02   3.31e-02   2.14e-01   0.00e+00 (  5.68e+01,  1.05e+02)
30      0.036   1.39e-01   1.29e-01   6.04e-02   3.37e-01   0.00e+00 (  6.71e+01,  1.13e+02)
35      0.041   1.55e-01   1.55e-01   8.71e-02   4.26e-01   0.00e+00 (  6.87e+01,  1.17e+02)
40      0.054   1.80e-01   1.89e-01   1.13e-01   5.97e-01   0.00e+00 (  7.08e+01,  1.16e+02)
45      0.065   1.96e-01   2.35e-01   1.33e-01   7.56e-01   0.00e+00 (  6.70e+01,  1.10e+02)
50      0.074   2.13e-01   2.90e-01   1.48e-01   9.09e-01   0.00e+00 (  6.25e+01,  1.03e+02)
55      0.084   2.26e-01   3.33e-01   1.92e-01   1.07e+00   0.00e+00 (  5.70e+01,  9.42e+01)
60      0.090   2.36e-01   3.65e-01   2.26e-01   1.20e+00   0.00e+00 (  5.09e+01,  8.52e+01)
65      0.113   2.59e-01   4.21e-01   2.90e-01   1.54e+00   0.00e+00 (  4.71e+01,  7.63e+01)
70      0.120   2.65e-01   4.44e-01   3.50e-01   1.68e+00   0.00e+00 (  4.17e+01,  6.78e+01)
75      0.125   2.70e-01   4.71e-01   4.06e-01   1.79e+00   0.00e+00 (  3.73e+01,  6.00e+01)
80      0.127   2.68e-01   4.82e-01   4.41e-01   1.85e+00   0.00e+00 (  3.32e+01,  5.30e+01)
85      0.125   2.56e-01   4.74e-01   4.26e-01   1.85e+00   0.00e+00 (  2.90e+01,  4.67e+01)
90      0.127   2.61e-01   4.62e-01   4.20e-01   2.07e+00   0.00e+00 (  2.62e+01,  4.13e+01)
95      1.792   4.16e+00   5.17e+00   3.53e+00   1.14e+02   0.00e+00 (  1.62e+03,  3.63e+01)
18 e: 4.725e-05 i: 1.267e-05 :: e: 4.009e-02 i: 4.211e-02 :: n: 2.762e+01 e:18.321 i:18.856 v:4.993e+03
>>> tau_he = 5.000000, nhe(0)=2.117889e+00
 5     -0.002   3.36e-03   2.23e-01   3.00e-03  -1.08e-02   0.00e+00 (  7.31e-01,  2.42e+01)
10     -0.006   7.01e-03   4.47e-02  -1.95e-03  -3.49e-02   0.00e+00 (  3.25e+00,  4.97e+01)
15      0.011   5.33e-02   5.85e-03   1.09e-02   7.18e-02   0.00e+00 (  2.99e+01,  7.54e+01)
20      0.006   8.10e-02   5.78e-02   2.04e-02   4.94e-02   0.00e+00 (  4.59e+01,  9.27e+01)
25      0.025   1.08e-01   8.81e-02   3.40e-02   2.16e-01   0.00e+00 (  5.74e+01,  1.05e+02)
30      0.037   1.40e-01   1.32e-01   6.27e-02   3.53e-01   0.00e+00 (  6.79e+01,  1.13e+02)
35      0.042   1.57e-01   1.59e-01   8.95e-02   4.30e-01   0.00e+00 (  6.99e+01,  1.17e+02)
40      0.055   1.83e-01   1.96e-01   1.17e-01   6.07e-01   0.00e+00 (  7.23e+01,  1.16e+02)
45      0.066   1.99e-01   2.43e-01   1.36e-01   7.69e-01   0.00e+00 (  6.87e+01,  1.10e+02)
50      0.075   2.15e-01   2.90e-01   1.47e-01   9.19e-01   0.00e+00 (  6.40e+01,  1.03e+02)
55      0.084   2.30e-01   3.42e-01   1.96e-01   1.08e+00   0.00e+00 (  5.87e+01,  9.42e+01)
60      0.091   2.40e-01   3.74e-01   2.30e-01   1.21e+00   0.00e+00 (  5.25e+01,  8.52e+01)
65      0.113   2.63e-01   4.30e-01   2.96e-01   1.55e+00   0.00e+00 (  4.85e+01,  7.63e+01)
70      0.120   2.68e-01   4.51e-01   3.55e-01   1.68e+00   0.00e+00 (  4.29e+01,  6.78e+01)
75      0.125   2.72e-01   4.76e-01   4.10e-01   1.79e+00   0.00e+00 (  3.82e+01,  6.00e+01)
80      0.126   2.69e-01   4.84e-01   4.43e-01   1.83e+00   0.00e+00 (  3.39e+01,  5.30e+01)
85      0.124   2.55e-01   4.73e-01   4.25e-01   1.83e+00   0.00e+00 (  2.94e+01,  4.67e+01)
90      0.126   2.58e-01   4.58e-01   4.16e-01   2.04e+00   0.00e+00 (  2.63e+01,  4.13e+01)
95      1.793   4.16e+00   5.18e+00   3.53e+00   1.14e+02   0.00e+00 (  1.62e+03,  3.63e+01)
19 e: 1.738e-05 i: 3.590e-05 :: e: 3.119e-02 i: 3.263e-02 :: n: 2.762e+01 e:18.437 i:18.806 v:4.993e+03
>>> tau_he = 5.000000, nhe(0)=2.126977e+00
 5     -0.002   3.39e-03   2.26e-01   2.99e-03  -1.08e-02   0.00e+00 (  7.36e-01,  2.42e+01)
10     -0.002   6.74e-04  -4.07e-03  -1.24e-03  -1.08e-02   0.00e+00 (  3.10e-01,  4.97e+01)
15      0.011   5.26e-02   3.95e-03   1.07e-02   7.27e-02   0.00e+00 (  2.93e+01,  7.54e+01)
20      0.014   7.88e-02   5.30e-02   1.94e-02   1.10e-01   0.00e+00 (  4.43e+01,  9.27e+01)
25      0.025   1.07e-01   8.50e-02   3.28e-02   2.13e-01   0.00e+00 (  5.69e+01,  1.05e+02)
30      0.035   1.40e-01   1.28e-01   6.00e-02   3.36e-01   0.00e+00 (  6.75e+01,  1.13e+02)
35      0.041   1.56e-01   1.54e-01   8.65e-02   4.25e-01   0.00e+00 (  6.91e+01,  1.17e+02)
40      0.054   1.81e-01   1.89e-01   1.12e-01   5.99e-01   0.00e+00 (  7.13e+01,  1.16e+02)
45      0.065   1.97e-01   2.35e-01   1.33e-01   7.56e-01   0.00e+00 (  6.76e+01,  1.10e+02)
50      0.074   2.14e-01   2.90e-01   1.48e-01   9.10e-01   0.00e+00 (  6.33e+01,  1.03e+02)
55      0.084   2.28e-01   3.34e-01   1.93e-01   1.07e+00   0.00e+00 (  5.78e+01,  9.42e+01)
60      0.091   2.38e-01   3.67e-01   2.27e-01   1.20e+00   0.00e+00 (  5.17e+01,  8.52e+01)
65      0.114   2.62e-01   4.26e-01   2.93e-01   1.56e+00   0.00e+00 (  4.80e+01,  7.63e+01)
70      0.121   2.68e-01   4.50e-01   3.55e-01   1.70e+00   0.00e+00 (  4.27e+01,  6.78e+01)
75      0.127   2.74e-01   4.78e-01   4.12e-01   1.81e+00   0.00e+00 (  3.82e+01,  6.00e+01)
80      0.129   2.72e-01   4.90e-01   4.48e-01   1.87e+00   0.00e+00 (  3.40e+01,  5.30e+01)
85      0.127   2.59e-01   4.81e-01   4.32e-01   1.87e+00   0.00e+00 (  2.96e+01,  4.67e+01)
90      0.129   2.63e-01   4.69e-01   4.25e-01   2.09e+00   0.00e+00 (  2.66e+01,  4.13e+01)
95      1.792   4.16e+00   5.17e+00   3.53e+00   1.14e+02   0.00e+00 (  1.62e+03,  3.63e+01)
20 e: 5.847e-05 i: 8.914e-06 :: e: 2.734e-02 i: 3.047e-02 :: n: 2.762e+01 e:18.347 i:18.885 v:4.993e+03
>>> tau_he = 5.000000, nhe(0)=2.123290e+00
 5     -0.002   3.38e-03   2.25e-01   3.01e-03  -1.07e-02   0.00e+00 (  7.36e-01,  2.42e+01)
10     -0.002   1.26e-03  -4.21e-03  -1.24e-03  -1.10e-02   0.00e+00 (  5.85e-01,  4.97e+01)
15      0.012   5.27e-02   5.33e-03   1.08e-02   8.06e-02   0.00e+00 (  2.95e+01,  7.54e+01)
20      0.007   8.10e-02   5.74e-02   2.04e-02   5.14e-02   0.00e+00 (  4.58e+01,  9.27e+01)
25      0.025   1.08e-01   8.75e-02   3.38e-02   2.15e-01   0.00e+00 (  5.77e+01,  1.05e+02)
30      0.036   1.41e-01   1.32e-01   6.19e-02   3.39e-01   0.00e+00 (  6.84e+01,  1.13e+02)
35      0.042   1.58e-01   1.59e-01   8.89e-02   4.30e-01   0.00e+00 (  7.06e+01,  1.17e+02)
40      0.055   1.84e-01   1.96e-01   1.17e-01   6.10e-01   0.00e+00 (  7.31e+01,  1.16e+02)
45      0.066   2.01e-01   2.44e-01   1.36e-01   7.71e-01   0.00e+00 (  6.96e+01,  1.10e+02)
50      0.075   2.17e-01   2.91e-01   1.48e-01   9.23e-01   0.00e+00 (  6.49e+01,  1.03e+02)
55      0.085   2.33e-01   3.44e-01   1.97e-01   1.09e+00   0.00e+00 (  5.98e+01,  9.42e+01)
60      0.091   2.43e-01   3.76e-01   2.32e-01   1.21e+00   0.00e+00 (  5.35e+01,  8.52e+01)
65      0.115   2.67e-01   4.36e-01   3.00e-01   1.57e+00   0.00e+00 (  4.97e+01,  7.63e+01)
70      0.122   2.73e-01   4.59e-01   3.61e-01   1.71e+00   0.00e+00 (  4.40e+01,  6.78e+01)
75      0.127   2.77e-01   4.84e-01   4.16e-01   1.81e+00   0.00e+00 (  3.92e+01,  6.00e+01)
80      0.128   2.73e-01   4.93e-01   4.50e-01   1.86e+00   0.00e+00 (  3.47e+01,  5.30e+01)
85      0.125   2.59e-01   4.81e-01   4.32e-01   1.85e+00   0.00e+00 (  3.01e+01,  4.67e+01)
90      0.127   2.61e-01   4.65e-01   4.22e-01   2.06e+00   0.00e+00 (  2.68e+01,  4.13e+01)
95      1.793   4.16e+00   5.18e+00   3.53e+00   1.14e+02   0.00e+00 (  1.62e+03,  3.63e+01)
21 e: 1.241e-05 i: 4.663e-05 :: e: 1.887e-02 i: 2.070e-02 :: n: 2.762e+01 e:18.483 i:18.854 v:4.993e+03
>>> tau_he = 5.000000, nhe(0)=2.137234e+00
 5     -0.002   3.43e-03   2.28e-01   3.00e-03  -1.09e-02   0.00e+00 (  7.44e-01,  2.42e+01)
10     -0.002   7.16e-04  -4.17e-03  -1.25e-03  -1.10e-02   0.00e+00 (  3.31e-01,  4.97e+01)
15      0.011   5.32e-02   4.24e-03   1.08e-02   7.57e-02   0.00e+00 (  2.96e+01,  7.54e+01)
20      0.015   7.90e-02   5.28e-02   1.94e-02   1.12e-01   0.00e+00 (  4.44e+01,  9.27e+01)
25      0.025   1.08e-01   8.46e-02   3.26e-02   2.13e-01   0.00e+00 (  5.72e+01,  1.05e+02)
30      0.036   1.41e-01   1.28e-01   5.96e-02   3.36e-01   0.00e+00 (  6.81e+01,  1.13e+02)
35      0.041   1.57e-01   1.54e-01   8.60e-02   4.25e-01   0.00e+00 (  6.99e+01,  1.17e+02)
40      0.055   1.83e-01   1.90e-01   1.11e-01   6.02e-01   0.00e+00 (  7.22e+01,  1.16e+02)
45      0.065   1.99e-01   2.36e-01   1.34e-01   7.59e-01   0.00e+00 (  6.86e+01,  1.10e+02)
50      0.074   2.15e-01   2.83e-01   1.45e-01   9.14e-01   0.00e+00 (  6.41e+01,  1.03e+02)
55      0.084   2.31e-01   3.36e-01   1.94e-01   1.08e+00   0.00e+00 (  5.90e+01,  9.42e+01)
60      0.091   2.41e-01   3.71e-01   2.29e-01   1.21e+00   0.00e+00 (  5.28e+01,  8.52e+01)
65      0.115   2.66e-01   4.33e-01   2.97e-01   1.58e+00   0.00e+00 (  4.92e+01,  7.63e+01)
70      0.123   2.73e-01   4.58e-01   3.60e-01   1.73e+00   0.00e+00 (  4.38e+01,  6.78e+01)
75      0.129   2.78e-01   4.87e-01   4.18e-01   1.84e+00   0.00e+00 (  3.92e+01,  6.00e+01)
80      0.131   2.77e-01   4.99e-01   4.55e-01   1.90e+00   0.00e+00 (  3.49e+01,  5.30e+01)
85      0.129   2.63e-01   4.91e-01   4.40e-01   1.90e+00   0.00e+00 (  3.04e+01,  4.67e+01)
90      0.131   2.67e-01   4.78e-01   4.32e-01   2.12e+00   0.00e+00 (  2.72e+01,  4.13e+01)
95      1.792   4.16e+00   5.17e+00   3.53e+00   1.14e+02   0.00e+00 (  1.62e+03,  3.63e+01)
22 e: 7.250e-05 i: 6.477e-06 :: e: 1.596e-02 i: 2.020e-02 :: n: 2.762e+01 e:18.411 i:18.975 v:4.993e+03
>>> tau_he = 5.000000, nhe(0)=2.134939e+00
 5     -0.002   3.43e-03   2.27e-01   3.03e-03  -1.09e-02   0.00e+00 (  7.48e-01,  2.42e+01)
10     -0.006   7.17e-03   4.55e-02  -2.00e-03  -3.58e-02   0.00e+00 (  3.34e+00,  4.97e+01)
15      0.006   5.18e-02   4.63e-03   7.18e-03   3.81e-02   0.00e+00 (  2.90e+01,  7.54e+01)
20      0.007   8.15e-02   5.74e-02   2.03e-02   5.20e-02   0.00e+00 (  4.62e+01,  9.27e+01)
25      0.025   1.09e-01   8.74e-02   3.36e-02   2.15e-01   0.00e+00 (  5.83e+01,  1.05e+02)
30      0.036   1.42e-01   1.32e-01   6.16e-02   3.40e-01   0.00e+00 (  6.93e+01,  1.13e+02)
35      0.042   1.59e-01   1.59e-01   8.85e-02   4.31e-01   0.00e+00 (  7.17e+01,  1.17e+02)
40      0.056   1.86e-01   1.97e-01   1.16e-01   6.12e-01   0.00e+00 (  7.42e+01,  1.16e+02)
45      0.066   2.03e-01   2.45e-01   1.37e-01   7.76e-01   0.00e+00 (  7.09e+01,  1.10e+02)
50      0.076   2.20e-01   2.94e-01   1.49e-01   9.32e-01   0.00e+00 (  6.64e+01,  1.03e+02)
55      0.086   2.36e-01   3.47e-01   1.98e-01   1.10e+00   0.00e+00 (  6.11e+01,  9.42e+01)
60      0.092   2.46e-01   3.80e-01   2.34e-01   1.22e+00   0.00e+00 (  5.48e+01,  8.52e+01)
65      0.117   2.72e-01   4.44e-01   3.04e-01   1.59e+00   0.00e+00 (  5.10e+01,  7.63e+01)
70      0.124   2.78e-01   4.67e-01   3.67e-01   1.73e+00   0.00e+00 (  4.52e+01,  6.78e+01)
75      0.129   2.82e-01   4.94e-01   4.23e-01   1.84e+00   0.00e+00 (  4.03e+01,  6.00e+01)
80      0.130   2.79e-01   5.03e-01   4.58e-01   1.89e+00   0.00e+00 (  3.58e+01,  5.30e+01)
85      0.127   2.63e-01   4.91e-01   4.40e-01   1.88e+00   0.00e+00 (  3.09e+01,  4.67e+01)
90      0.129   2.65e-01   4.75e-01   4.31e-01   2.09e+00   0.00e+00 (  2.75e+01,  4.13e+01)
95      1.793   4.15e+00   5.17e+00   3.53e+00   1.14e+02   0.00e+00 (  1.62e+03,  3.63e+01)
23 e: 1.100e-05 i: 5.113e-05 :: e: 7.763e-03 i: 1.128e-02 :: n: 2.762e+01 e:18.574 i:18.956 v:4.993e+03
>>> tau_he = 5.000000, nhe(0)=2.147506e+00
 5     -0.003   3.48e-03   2.32e-01   3.03e-03  -1.10e-02   0.00e+00 (  7.57e-01,  2.42e+01)
10     -0.002   1.27e-03  -4.20e-03  -1.23e-03  -1.10e-02   0.00e+00 (  5.91e-01,  4.97e+01)
15      0.012   5.36e-02   3.75e-03   1.09e-02   7.65e-02   0.00e+00 (  2.98e+01,  7.54e+01)
20      0.014   7.91e-02   5.21e-02   2.15e-02   1.08e-01   0.00e+00 (  4.46e+01,  9.27e+01)
25      0.025   1.09e-01   8.44e-02   3.24e-02   2.13e-01   0.00e+00 (  5.80e+01,  1.05e+02)
30      0.036   1.42e-01   1.28e-01   5.92e-02   3.37e-01   0.00e+00 (  6.91e+01,  1.13e+02)
35      0.041   1.58e-01   1.54e-01   8.55e-02   4.26e-01   0.00e+00 (  7.11e+01,  1.17e+02)
40      0.055   1.85e-01   1.91e-01   1.10e-01   6.05e-01   0.00e+00 (  7.34e+01,  1.16e+02)
45      0.065   2.01e-01   2.37e-01   1.35e-01   7.64e-01   0.00e+00 (  7.00e+01,  1.10e+02)
50      0.075   2.18e-01   2.86e-01   1.46e-01   9.23e-01   0.00e+00 (  6.56e+01,  1.03e+02)
55      0.085   2.35e-01   3.40e-01   1.95e-01   1.09e+00   0.00e+00 (  6.06e+01,  9.42e+01)
60      0.092   2.44e-01   3.75e-01   2.31e-01   1.22e+00   0.00e+00 (  5.42e+01,  8.52e+01)
65      0.117   2.71e-01   4.40e-01   3.02e-01   1.60e+00   0.00e+00 (  5.06e+01,  7.63e+01)
70      0.125   2.78e-01   4.67e-01   3.67e-01   1.75e+00   0.00e+00 (  4.50e+01,  6.78e+01)
75      0.131   2.83e-01   4.97e-01   4.26e-01   1.87e+00   0.00e+00 (  4.03e+01,  6.00e+01)
80      0.133   2.82e-01   5.10e-01   4.64e-01   1.94e+00   0.00e+00 (  3.60e+01,  5.30e+01)
85      0.131   2.68e-01   5.02e-01   4.48e-01   1.93e+00   0.00e+00 (  3.12e+01,  4.67e+01)
90      0.133   2.71e-01   4.88e-01   4.41e-01   2.15e+00   0.00e+00 (  2.79e+01,  4.13e+01)
95      1.791   4.15e+00   5.17e+00   3.53e+00   1.14e+02   0.00e+00 (  1.62e+03,  3.63e+01)
24 e: 7.596e-05 i: 6.473e-06 :: e: 5.626e-03 i: 1.084e-02 :: n: 2.762e+01 e:18.505 i:19.066 v:4.993e+03
>>> tau_he = 5.000000, nhe(0)=2.145776e+00
 5     -0.003   3.47e-03   2.31e-01   3.05e-03  -1.10e-02   0.00e+00 (  7.60e-01,  2.42e+01)
10     -0.006   7.23e-03   4.59e-02  -1.79e-03  -3.27e-02   0.00e+00 (  3.37e+00,  4.97e+01)
15      0.013   5.38e-02   5.18e-03   1.09e-02   8.52e-02   0.00e+00 (  3.01e+01,  7.54e+01)
20      0.007   8.21e-02   5.73e-02   2.02e-02   5.25e-02   0.00e+00 (  4.66e+01,  9.27e+01)
25      0.025   1.10e-01   8.73e-02   3.34e-02   2.16e-01   0.00e+00 (  5.90e+01,  1.05e+02)
30      0.036   1.43e-01   1.32e-01   6.11e-02   3.40e-01   0.00e+00 (  7.04e+01,  1.13e+02)
35      0.042   1.61e-01   1.59e-01   8.82e-02   4.32e-01   0.00e+00 (  7.29e+01,  1.17e+02)
40      0.054   1.88e-01   2.09e-01   1.17e-01   5.97e-01   0.00e+00 (  7.55e+01,  1.16e+02)
45      0.067   2.05e-01   2.47e-01   1.38e-01   7.81e-01   0.00e+00 (  7.23e+01,  1.10e+02)
50      0.077   2.23e-01   2.97e-01   1.50e-01   9.41e-01   0.00e+00 (  6.79e+01,  1.03e+02)
55      0.086   2.39e-01   3.51e-01   1.99e-01   1.11e+00   0.00e+00 (  6.26e+01,  9.42e+01)
60      0.093   2.50e-01   3.85e-01   2.36e-01   1.23e+00   0.00e+00 (  5.62e+01,  8.52e+01)
65      0.118   2.77e-01   4.52e-01   3.10e-01   1.62e+00   0.00e+00 (  5.25e+01,  7.63e+01)
70      0.126   2.83e-01   4.76e-01   3.73e-01   1.76e+00   0.00e+00 (  4.66e+01,  6.78e+01)
75      0.131   2.87e-01   5.04e-01   4.31e-01   1.87e+00   0.00e+00 (  4.16e+01,  6.00e+01)
80      0.132   2.84e-01   5.14e-01   4.67e-01   1.92e+00   0.00e+00 (  3.69e+01,  5.30e+01)
85      0.129   2.68e-01   5.03e-01   4.49e-01   1.91e+00   0.00e+00 (  3.18e+01,  4.67e+01)
90      0.131   2.69e-01   4.86e-01   4.40e-01   2.13e+00   0.00e+00 (  2.82e+01,  4.13e+01)
95      1.793   4.15e+00   5.17e+00   3.53e+00   1.14e+02   0.00e+00 (  1.62e+03,  3.63e+01)
25 e: 1.081e-05 i: 5.219e-05 :: e: 5.464e-03 i: 8.994e-03 :: n: 2.762e+01 e:18.668 i:19.052 v:4.993e+03
>>> tau_he = 5.000000, nhe(0)=2.158490e+00
 5     -0.003   3.52e-03   2.35e-01   3.05e-03  -1.11e-02   0.00e+00 (  7.70e-01,  2.42e+01)
10     -0.002   1.27e-03  -4.19e-03  -1.22e-03  -1.10e-02   0.00e+00 (  5.88e-01,  4.97e+01)
15      0.013   5.34e-02   3.24e-03   1.08e-02   8.52e-02   0.00e+00 (  2.97e+01,  7.54e+01)
20      0.014   7.98e-02   5.21e-02   2.14e-02   1.09e-01   0.00e+00 (  4.51e+01,  9.27e+01)
25      0.025   1.10e-01   8.44e-02   3.23e-02   2.13e-01   0.00e+00 (  5.87e+01,  1.05e+02)
30      0.036   1.43e-01   1.28e-01   5.89e-02   3.38e-01   0.00e+00 (  7.02e+01,  1.13e+02)
35      0.042   1.60e-01   1.55e-01   8.52e-02   4.28e-01   0.00e+00 (  7.23e+01,  1.17e+02)
40      0.055   1.86e-01   1.91e-01   1.09e-01   6.05e-01   0.00e+00 (  7.48e+01,  1.16e+02)
45      0.066   2.03e-01   2.39e-01   1.35e-01   7.69e-01   0.00e+00 (  7.14e+01,  1.10e+02)
50      0.076   2.21e-01   2.89e-01   1.47e-01   9.32e-01   0.00e+00 (  6.71e+01,  1.03e+02)
55      0.086   2.38e-01   3.43e-01   1.96e-01   1.10e+00   0.00e+00 (  6.21e+01,  9.42e+01)
60      0.093   2.48e-01   3.79e-01   2.33e-01   1.24e+00   0.00e+00 (  5.56e+01,  8.52e+01)
65      0.119   2.76e-01   4.48e-01   3.07e-01   1.63e+00   0.00e+00 (  5.20e+01,  7.63e+01)
70      0.127   2.83e-01   4.76e-01   3.73e-01   1.78e+00   0.00e+00 (  4.63e+01,  6.78e+01)
75      0.133   2.89e-01   5.07e-01   4.33e-01   1.90e+00   0.00e+00 (  4.16e+01,  6.00e+01)
80      0.136   2.88e-01   5.21e-01   4.73e-01   1.97e+00   0.00e+00 (  3.71e+01,  5.30e+01)
85      0.133   2.72e-01   5.13e-01   4.58e-01   1.96e+00   0.00e+00 (  3.22e+01,  4.67e+01)
90      0.135   2.75e-01   5.00e-01   4.50e-01   2.19e+00   0.00e+00 (  2.87e+01,  4.13e+01)
95      1.791   4.15e+00   5.16e+00   3.53e+00   1.14e+02   0.00e+00 (  1.62e+03,  3.63e+01)
26 e: 7.623e-05 i: 7.345e-06 :: e: 5.553e-03 i: 1.220e-02 :: n: 2.762e+01 e:18.601 i:19.165 v:4.993e+03
>>> tau_he = 5.000000, nhe(0)=2.156908e+00
 5     -0.003   3.52e-03   2.35e-01   3.07e-03  -1.11e-02   0.00e+00 (  7.74e-01,  2.42e+01)
10     -0.002   1.32e-03  -4.30e-03  -1.25e-03  -1.12e-02   0.00e+00 (  6.18e-01,  4.97e+01)
15      0.013   5.43e-02   4.73e-03   1.10e-02   8.67e-02   0.00e+00 (  3.04e+01,  7.54e+01)
20      0.007   8.28e-02   5.73e-02   2.01e-02   5.28e-02   0.00e+00 (  4.71e+01,  9.27e+01)
25      0.025   1.11e-01   8.74e-02   3.33e-02   2.16e-01   0.00e+00 (  5.98e+01,  1.05e+02)
30      0.038   1.45e-01   1.33e-01   6.13e-02   3.56e-01   0.00e+00 (  7.14e+01,  1.13e+02)
35      0.042   1.62e-01   1.60e-01   8.79e-02   4.34e-01   0.00e+00 (  7.40e+01,  1.17e+02)
40      0.051   1.87e-01   2.06e-01   1.13e-01   5.63e-01   0.00e+00 (  7.57e+01,  1.16e+02)
45      0.067   2.08e-01   2.48e-01   1.38e-01   7.87e-01   0.00e+00 (  7.38e+01,  1.10e+02)
50      0.077   2.26e-01   3.00e-01   1.51e-01   9.51e-01   0.00e+00 (  6.95e+01,  1.03e+02)
55      0.087   2.43e-01   3.55e-01   2.01e-01   1.12e+00   0.00e+00 (  6.44e+01,  9.42e+01)
60      0.094   2.53e-01   3.89e-01   2.38e-01   1.25e+00   0.00e+00 (  5.77e+01,  8.52e+01)
65      0.120   2.81e-01   4.60e-01   3.15e-01   1.64e+00   0.00e+00 (  5.40e+01,  7.63e+01)
70      0.128   2.88e-01   4.86e-01   3.80e-01   1.79e+00   0.00e+00 (  4.79e+01,  6.78e+01)
75      0.133   2.93e-01   5.14e-01   4.39e-01   1.90e+00   0.00e+00 (  4.28e+01,  6.00e+01)
80      0.135   2.90e-01   5.25e-01   4.76e-01   1.96e+00   0.00e+00 (  3.81e+01,  5.30e+01)
85      0.132   2.73e-01   5.14e-01   4.58e-01   1.94e+00   0.00e+00 (  3.28e+01,  4.67e+01)
90      0.133   2.73e-01   4.97e-01   4.48e-01   2.16e+00   0.00e+00 (  2.90e+01,  4.13e+01)
95      1.793   4.15e+00   5.17e+00   3.53e+00   1.14e+02   0.00e+00 (  1.63e+03,  3.63e+01)
27 e: 1.135e-05 i: 5.515e-05 :: e: 1.185e-02 i: 1.462e-02 :: n: 2.762e+01 e:18.765 i:19.152 v:4.993e+03
>>> tau_he = 5.000000, nhe(0)=2.172684e+00
 5     -0.003   3.58e-03   2.39e-01   3.07e-03  -1.13e-02   0.00e+00 (  7.85e-01,  2.42e+01)
10     -0.002   1.34e-03  -4.30e-03  -1.24e-03  -1.13e-02   0.00e+00 (  6.26e-01,  4.97e+01)
15      0.013   5.43e-02   3.67e-03   1.10e-02   8.82e-02   0.00e+00 (  3.03e+01,  7.54e+01)
20      0.015   8.05e-02   5.23e-02   2.19e-02   1.11e-01   0.00e+00 (  4.56e+01,  9.27e+01)
25      0.025   1.11e-01   8.46e-02   3.22e-02   2.15e-01   0.00e+00 (  5.95e+01,  1.05e+02)
30      0.036   1.44e-01   1.29e-01   5.87e-02   3.41e-01   0.00e+00 (  7.10e+01,  1.13e+02)
35      0.042   1.62e-01   1.55e-01   8.50e-02   4.30e-01   0.00e+00 (  7.35e+01,  1.17e+02)
40      0.055   1.88e-01   1.92e-01   1.08e-01   6.08e-01   0.00e+00 (  7.61e+01,  1.16e+02)
45      0.066   2.06e-01   2.40e-01   1.36e-01   7.75e-01   0.00e+00 (  7.28e+01,  1.10e+02)
50      0.077   2.24e-01   2.91e-01   1.48e-01   9.41e-01   0.00e+00 (  6.86e+01,  1.03e+02)
55      0.087   2.41e-01   3.47e-01   1.97e-01   1.11e+00   0.00e+00 (  6.35e+01,  9.42e+01)
60      0.094   2.52e-01   3.81e-01   2.39e-01   1.25e+00   0.00e+00 (  5.71e+01,  8.52e+01)
65      0.121   2.80e-01   4.55e-01   3.12e-01   1.65e+00   0.00e+00 (  5.34e+01,  7.63e+01)
70      0.129   2.88e-01   4.84e-01   3.79e-01   1.81e+00   0.00e+00 (  4.76e+01,  6.78e+01)
75      0.135   2.94e-01   5.16e-01   4.41e-01   1.93e+00   0.00e+00 (  4.28e+01,  6.00e+01)
80      0.138   2.93e-01   5.32e-01   4.82e-01   2.00e+00   0.00e+00 (  3.82e+01,  5.30e+01)
85      0.135   2.77e-01   5.25e-01   4.67e-01   2.00e+00   0.00e+00 (  3.31e+01,  4.67e+01)
90      0.137   2.79e-01   5.11e-01   4.60e-01   2.22e+00   0.00e+00 (  2.95e+01,  4.13e+01)
95      1.791   4.15e+00   5.16e+00   3.53e+00   1.14e+02   0.00e+00 (  1.62e+03,  3.63e+01)
28 e: 7.980e-05 i: 7.573e-06 :: e: 1.174e-02 i: 1.561e-02 :: n: 2.762e+01 e:18.699 i:19.293 v:4.993e+03
>>> tau_he = 5.000000, nhe(0)=2.170897e+00
 5     -0.003   3.58e-03   2.39e-01   3.10e-03  -1.13e-02   0.00e+00 (  7.90e-01,  2.42e+01)
10     -0.006   7.46e-03   4.71e-02  -1.83e-03  -3.40e-02   0.00e+00 (  3.51e+00,  4.97e+01)
15      0.013   5.54e-02   5.27e-03   1.12e-02   8.87e-02   0.00e+00 (  3.11e+01,  7.54e+01)
20      0.007   8.32e-02   5.72e-02   2.28e-02   4.98e-02   0.00e+00 (  4.75e+01,  9.27e+01)
25      0.025   1.12e-01   8.78e-02   3.32e-02   2.17e-01   0.00e+00 (  6.08e+01,  1.05e+02)
30      0.038   1.46e-01   1.33e-01   6.11e-02   3.58e-01   0.00e+00 (  7.26e+01,  1.13e+02)
35      0.042   1.64e-01   1.61e-01   8.78e-02   4.36e-01   0.00e+00 (  7.53e+01,  1.17e+02)
40      0.051   1.89e-01   2.07e-01   1.13e-01   5.65e-01   0.00e+00 (  7.71e+01,  1.16e+02)
45      0.068   2.10e-01   2.50e-01   1.39e-01   7.93e-01   0.00e+00 (  7.52e+01,  1.10e+02)
50      0.078   2.29e-01   3.03e-01   1.51e-01   9.60e-01   0.00e+00 (  7.10e+01,  1.03e+02)
55      0.086   2.45e-01   3.59e-01   2.01e-01   1.10e+00   0.00e+00 (  6.53e+01,  9.42e+01)
60      0.095   2.58e-01   3.91e-01   2.45e-01   1.27e+00   0.00e+00 (  5.92e+01,  8.52e+01)
65      0.122   2.86e-01   4.67e-01   3.20e-01   1.67e+00   0.00e+00 (  5.54e+01,  7.63e+01)
70      0.130   2.93e-01   4.94e-01   3.86e-01   1.82e+00   0.00e+00 (  4.92e+01,  6.78e+01)
75      0.135   2.98e-01   5.24e-01   4.46e-01   1.93e+00   0.00e+00 (  4.40e+01,  6.00e+01)
80      0.137   2.95e-01   5.36e-01   4.85e-01   1.99e+00   0.00e+00 (  3.92e+01,  5.30e+01)
85      0.134   2.77e-01   5.25e-01   4.67e-01   1.97e+00   0.00e+00 (  3.38e+01,  4.67e+01)
90      0.135   2.77e-01   5.08e-01   4.57e-01   2.19e+00   0.00e+00 (  2.98e+01,  4.13e+01)
95      1.792   4.15e+00   5.17e+00   3.53e+00   1.14e+02   0.00e+00 (  1.63e+03,  3.63e+01)
29 e: 1.425e-05 i: 5.173e-05 :: e: 1.794e-02 i: 2.150e-02 :: n: 2.762e+01 e:18.877 i:19.278 v:4.993e+03
>>> tau_he = 5.000000, nhe(0)=2.183538e+00
 5     -0.003   3.63e-03   2.43e-01   3.10e-03  -1.15e-02   0.00e+00 (  8.00e-01,  2.42e+01)
10     -0.002   1.35e-03  -4.29e-03  -1.23e-03  -1.13e-02   0.00e+00 (  6.32e-01,  4.97e+01)
15      0.013   5.49e-02   3.28e-03   1.10e-02   8.90e-02   0.00e+00 (  3.07e+01,  7.54e+01)
20      0.015   8.13e-02   5.24e-02   2.18e-02   1.12e-01   0.00e+00 (  4.62e+01,  9.27e+01)
25      0.025   1.12e-01   8.49e-02   3.21e-02   2.15e-01   0.00e+00 (  6.04e+01,  1.05e+02)
30      0.036   1.46e-01   1.29e-01   5.85e-02   3.42e-01   0.00e+00 (  7.21e+01,  1.13e+02)
35      0.042   1.63e-01   1.56e-01   8.48e-02   4.32e-01   0.00e+00 (  7.47e+01,  1.17e+02)
40      0.055   1.90e-01   1.92e-01   1.08e-01   6.11e-01   0.00e+00 (  7.75e+01,  1.16e+02)
45      0.067   2.08e-01   2.42e-01   1.37e-01   7.80e-01   0.00e+00 (  7.42e+01,  1.10e+02)
50      0.077   2.26e-01   2.94e-01   1.48e-01   9.50e-01   0.00e+00 (  6.99e+01,  1.03e+02)
55      0.088   2.44e-01   3.50e-01   1.98e-01   1.12e+00   0.00e+00 (  6.49e+01,  9.42e+01)
60      0.096   2.56e-01   3.85e-01   2.42e-01   1.27e+00   0.00e+00 (  5.85e+01,  8.52e+01)
65      0.122   2.85e-01   4.62e-01   3.18e-01   1.67e+00   0.00e+00 (  5.47e+01,  7.63e+01)
70      0.131   2.93e-01   4.92e-01   3.84e-01   1.83e+00   0.00e+00 (  4.88e+01,  6.78e+01)
75      0.137   2.99e-01   5.25e-01   4.48e-01   1.96e+00   0.00e+00 (  4.39e+01,  6.00e+01)
80      0.140   2.98e-01   5.42e-01   4.90e-01   2.03e+00   0.00e+00 (  3.93e+01,  5.30e+01)
85      0.137   2.82e-01   5.35e-01   4.75e-01   2.03e+00   0.00e+00 (  3.40e+01,  4.67e+01)
90      0.140   2.85e-01   5.26e-01   4.74e-01   2.28e+00   0.00e+00 (  3.05e+01,  4.13e+01)
95      1.791   4.14e+00   5.16e+00   3.53e+00   1.14e+02   0.00e+00 (  1.62e+03,  3.63e+01)
30 e: 7.242e-05 i: 9.685e-06 :: e: 1.708e-02 i: 1.907e-02 :: n: 2.762e+01 e:18.801 i:19.392 v:4.993e+03
>>> tau_he = 5.000000, nhe(0)=2.180972e+00
 5     -0.003   3.63e-03   2.42e-01   3.13e-03  -1.14e-02   0.00e+00 (  8.03e-01,  2.42e+01)
10     -0.002   1.40e-03  -4.39e-03  -1.25e-03  -1.15e-02   0.00e+00 (  6.63e-01,  4.97e+01)
15      0.014   5.59e-02   4.87e-03   1.12e-02   8.99e-02   0.00e+00 (  3.14e+01,  7.54e+01)
20      0.007   8.39e-02   5.74e-02   2.27e-02   5.01e-02   0.00e+00 (  4.80e+01,  9.27e+01)
25      0.025   1.13e-01   8.80e-02   3.32e-02   2.19e-01   0.00e+00 (  6.15e+01,  1.05e+02)
30      0.038   1.47e-01   1.34e-01   6.09e-02   3.60e-01   0.00e+00 (  7.35e+01,  1.13e+02)
35      0.043   1.65e-01   1.61e-01   8.76e-02   4.39e-01   0.00e+00 (  7.64e+01,  1.17e+02)
40      0.051   1.90e-01   2.08e-01   1.12e-01   5.67e-01   0.00e+00 (  7.83e+01,  1.16e+02)
45      0.068   2.12e-01   2.52e-01   1.40e-01   7.99e-01   0.00e+00 (  7.66e+01,  1.10e+02)
50      0.079   2.31e-01   3.06e-01   1.52e-01   9.69e-01   0.00e+00 (  7.23e+01,  1.03e+02)
55      0.087   2.47e-01   3.62e-01   2.02e-01   1.11e+00   0.00e+00 (  6.67e+01,  9.42e+01)
60      0.097   2.61e-01   3.96e-01   2.48e-01   1.28e+00   0.00e+00 (  6.06e+01,  8.52e+01)
65      0.123   2.90e-01   4.74e-01   3.25e-01   1.69e+00   0.00e+00 (  5.67e+01,  7.63e+01)
70      0.131   2.97e-01   5.02e-01   3.91e-01   1.84e+00   0.00e+00 (  5.03e+01,  6.78e+01)
75      0.137   3.02e-01   5.32e-01   4.53e-01   1.96e+00   0.00e+00 (  4.51e+01,  6.00e+01)
80      0.139   3.00e-01   5.45e-01   4.93e-01   2.02e+00   0.00e+00 (  4.02e+01,  5.30e+01)
85      0.135   2.82e-01   5.35e-01   4.75e-01   2.00e+00   0.00e+00 (  3.46e+01,  4.67e+01)
90      0.138   2.83e-01   5.22e-01   4.71e-01   2.24e+00   0.00e+00 (  3.08e+01,  4.13e+01)
95      1.792   4.14e+00   5.17e+00   3.53e+00   1.14e+02   0.00e+00 (  1.63e+03,  3.63e+01)
31 e: 1.720e-05 i: 4.904e-05 :: e: 2.177e-02 i: 2.427e-02 :: n: 2.762e+01 e:18.964 i:19.369 v:4.993e+03
>>> tau_he = 5.000000, nhe(0)=2.195890e+00
 5     -0.003   3.68e-03   2.47e-01   3.12e-03  -1.16e-02   0.00e+00 (  8.14e-01,  2.42e+01)
10     -0.002   1.42e-03  -4.39e-03  -1.25e-03  -1.16e-02   0.00e+00 (  6.69e-01,  4.97e+01)
15      0.013   5.53e-02   3.01e-03   1.21e-02   8.92e-02   0.00e+00 (  3.09e+01,  7.54e+01)
20      0.015   8.20e-02   5.27e-02   2.18e-02   1.13e-01   0.00e+00 (  4.67e+01,  9.27e+01)
25      0.025   1.13e-01   8.52e-02   3.21e-02   2.17e-01   0.00e+00 (  6.11e+01,  1.05e+02)
30      0.038   1.47e-01   1.30e-01   5.88e-02   3.58e-01   0.00e+00 (  7.29e+01,  1.13e+02)
35      0.042   1.65e-01   1.56e-01   8.47e-02   4.34e-01   0.00e+00 (  7.57e+01,  1.17e+02)
40      0.056   1.92e-01   1.93e-01   1.08e-01   6.14e-01   0.00e+00 (  7.87e+01,  1.16e+02)
45      0.067   2.10e-01   2.43e-01   1.37e-01   7.86e-01   0.00e+00 (  7.54e+01,  1.10e+02)
50      0.078   2.29e-01   2.96e-01   1.49e-01   9.58e-01   0.00e+00 (  7.11e+01,  1.03e+02)
55      0.086   2.45e-01   3.53e-01   1.98e-01   1.11e+00   0.00e+00 (  6.56e+01,  9.42e+01)
60      0.097   2.59e-01   3.89e-01   2.44e-01   1.28e+00   0.00e+00 (  5.97e+01,  8.52e+01)
65      0.124   2.88e-01   4.68e-01   3.22e-01   1.69e+00   0.00e+00 (  5.59e+01,  7.63e+01)
70      0.132   2.96e-01   4.99e-01   3.89e-01   1.85e+00   0.00e+00 (  4.98e+01,  6.78e+01)
75      0.139   3.03e-01   5.33e-01   4.54e-01   1.99e+00   0.00e+00 (  4.48e+01,  6.00e+01)
80      0.142   3.03e-01   5.51e-01   4.97e-01   2.06e+00   0.00e+00 (  4.02e+01,  5.30e+01)
85      0.139   2.86e-01   5.44e-01   4.83e-01   2.05e+00   0.00e+00 (  3.48e+01,  4.67e+01)
90      0.142   2.88e-01   5.34e-01   4.81e-01   2.30e+00   0.00e+00 (  3.12e+01,  4.13e+01)
95      1.790   4.14e+00   5.16e+00   3.53e+00   1.14e+02   0.00e+00 (  1.63e+03,  3.63e+01)
32 e: 7.124e-05 i: 1.123e-05 :: e: 1.946e-02 i: 2.067e-02 :: n: 2.762e+01 e:18.884 i:19.505 v:4.993e+03
>>> tau_he = 5.000000, nhe(0)=2.192526e+00
 5     -0.003   3.67e-03   2.46e-01   3.15e-03  -1.16e-02   0.00e+00 (  8.19e-01,  2.42e+01)
10     -0.006   7.66e-03   4.81e-02  -1.86e-03  -3.52e-02   0.00e+00 (  3.64e+00,  4.97e+01)
15      0.006   5.36e-02   3.69e-03   8.69e-03   4.12e-02   0.00e+00 (  3.02e+01,  7.54e+01)
20      0.007   8.47e-02   5.77e-02   2.26e-02   4.98e-02   0.00e+00 (  4.86e+01,  9.27e+01)
25      0.026   1.14e-01   8.85e-02   3.31e-02   2.20e-01   0.00e+00 (  6.23e+01,  1.05e+02)
30      0.038   1.49e-01   1.34e-01   6.08e-02   3.62e-01   0.00e+00 (  7.45e+01,  1.13e+02)
35      0.043   1.67e-01   1.62e-01   8.76e-02   4.41e-01   0.00e+00 (  7.75e+01,  1.17e+02)
40      0.052   1.92e-01   2.09e-01   1.12e-01   5.69e-01   0.00e+00 (  7.95e+01,  1.16e+02)
45      0.068   2.15e-01   2.56e-01   1.43e-01   7.99e-01   0.00e+00 (  7.80e+01,  1.10e+02)
50      0.080   2.33e-01   3.08e-01   1.53e-01   9.77e-01   0.00e+00 (  7.35e+01,  1.03e+02)
55      0.088   2.50e-01   3.65e-01   2.03e-01   1.12e+00   0.00e+00 (  6.79e+01,  9.42e+01)
60      0.098   2.64e-01   4.00e-01   2.50e-01   1.29e+00   0.00e+00 (  6.17e+01,  8.52e+01)
65      0.125   2.94e-01   4.80e-01   3.29e-01   1.70e+00   0.00e+00 (  5.77e+01,  7.63e+01)
70      0.133   3.01e-01   5.08e-01   3.96e-01   1.86e+00   0.00e+00 (  5.13e+01,  6.78e+01)
75      0.138   3.06e-01   5.39e-01   4.58e-01   1.98e+00   0.00e+00 (  4.59e+01,  6.00e+01)
80      0.140   3.04e-01   5.53e-01   4.99e-01   2.04e+00   0.00e+00 (  4.11e+01,  5.30e+01)
85      0.137   2.85e-01   5.43e-01   4.82e-01   2.02e+00   0.00e+00 (  3.54e+01,  4.67e+01)
90      0.140   2.85e-01   5.29e-01   4.77e-01   2.26e+00   0.00e+00 (  3.14e+01,  4.13e+01)
95      1.792   4.14e+00   5.17e+00   3.53e+00   1.14e+02   0.00e+00 (  1.63e+03,  3.63e+01)
33 e: 2.249e-05 i: 4.475e-05 :: e: 2.389e-02 i: 2.834e-02 :: n: 2.762e+01 e:19.056 i:19.475 v:4.993e+03
>>> tau_he = 5.000000, nhe(0)=2.203680e+00
 5     -0.003   3.72e-03   2.50e-01   3.15e-03  -1.18e-02   0.00e+00 (  8.27e-01,  2.42e+01)
10     -0.002   1.42e-03  -4.36e-03  -1.23e-03  -1.15e-02   0.00e+00 (  6.72e-01,  4.97e+01)
15      0.013   5.57e-02   2.78e-03   1.21e-02   8.92e-02   0.00e+00 (  3.13e+01,  7.54e+01)
20      0.015   8.26e-02   5.28e-02   2.17e-02   1.12e-01   0.00e+00 (  4.72e+01,  9.27e+01)
25      0.025   1.14e-01   8.55e-02   3.20e-02   2.18e-01   0.00e+00 (  6.18e+01,  1.05e+02)
30      0.038   1.48e-01   1.30e-01   5.86e-02   3.59e-01   0.00e+00 (  7.38e+01,  1.13e+02)
35      0.042   1.66e-01   1.57e-01   8.47e-02   4.36e-01   0.00e+00 (  7.66e+01,  1.17e+02)
40      0.054   1.93e-01   2.06e-01   1.10e-01   5.97e-01   0.00e+00 (  7.96e+01,  1.16e+02)
45      0.068   2.12e-01   2.45e-01   1.38e-01   7.91e-01   0.00e+00 (  7.64e+01,  1.10e+02)
50      0.079   2.31e-01   2.99e-01   1.49e-01   9.64e-01   0.00e+00 (  7.22e+01,  1.03e+02)
55      0.087   2.47e-01   3.56e-01   1.99e-01   1.11e+00   0.00e+00 (  6.67e+01,  9.42e+01)
60      0.098   2.62e-01   3.93e-01   2.46e-01   1.29e+00   0.00e+00 (  6.06e+01,  8.52e+01)
65      0.125   2.91e-01   4.73e-01   3.25e-01   1.71e+00   0.00e+00 (  5.68e+01,  7.63e+01)
70      0.134   3.00e-01   5.04e-01   3.93e-01   1.87e+00   0.00e+00 (  5.07e+01,  6.78e+01)
75      0.140   3.07e-01   5.39e-01   4.58e-01   2.00e+00   0.00e+00 (  4.56e+01,  6.00e+01)
80      0.143   3.06e-01   5.58e-01   5.03e-01   2.08e+00   0.00e+00 (  4.10e+01,  5.30e+01)
85      0.140   2.89e-01   5.51e-01   4.89e-01   2.07e+00   0.00e+00 (  3.55e+01,  4.67e+01)
90      0.143   2.91e-01   5.41e-01   4.86e-01   2.32e+00   0.00e+00 (  3.17e+01,  4.13e+01)
95      1.790   4.14e+00   5.16e+00   3.53e+00   1.14e+02   0.00e+00 (  1.63e+03,  3.63e+01)
34 e: 6.084e-05 i: 1.491e-05 :: e: 2.067e-02 i: 2.160e-02 :: n: 2.762e+01 e:18.962 i:19.577 v:4.993e+03
>>> tau_he = 5.000000, nhe(0)=2.199039e+00
 5     -0.003   3.70e-03   2.49e-01   3.17e-03  -1.17e-02   0.00e+00 (  8.28e-01,  2.42e+01)
10     -0.006   7.67e-03   4.85e-02  -1.83e-03  -3.52e-02   0.00e+00 (  3.65e+00,  4.97e+01)
15      0.014   5.58e-02   4.68e-03   1.27e-02   9.19e-02   0.00e+00 (  3.15e+01,  7.54e+01)
20      0.006   8.30e-02   5.81e-02   2.34e-02   4.71e-02   0.00e+00 (  4.77e+01,  9.27e+01)
25      0.026   1.15e-01   8.88e-02   3.31e-02   2.21e-01   0.00e+00 (  6.28e+01,  1.05e+02)
30      0.038   1.49e-01   1.35e-01   6.08e-02   3.64e-01   0.00e+00 (  7.51e+01,  1.13e+02)
35      0.043   1.68e-01   1.63e-01   8.77e-02   4.43e-01   0.00e+00 (  7.82e+01,  1.17e+02)
40      0.052   1.93e-01   2.09e-01   1.12e-01   5.69e-01   0.00e+00 (  8.03e+01,  1.16e+02)
45      0.069   2.16e-01   2.57e-01   1.43e-01   8.03e-01   0.00e+00 (  7.89e+01,  1.10e+02)
50      0.080   2.35e-01   3.10e-01   1.53e-01   9.83e-01   0.00e+00 (  7.44e+01,  1.03e+02)
55      0.088   2.52e-01   3.67e-01   2.03e-01   1.13e+00   0.00e+00 (  6.88e+01,  9.42e+01)
60      0.098   2.67e-01   4.03e-01   2.52e-01   1.31e+00   0.00e+00 (  6.26e+01,  8.52e+01)
65      0.126   2.96e-01   4.84e-01   3.32e-01   1.72e+00   0.00e+00 (  5.85e+01,  7.63e+01)
70      0.134   3.04e-01   5.13e-01   3.99e-01   1.87e+00   0.00e+00 (  5.21e+01,  6.78e+01)
75      0.139   3.09e-01   5.45e-01   4.63e-01   1.99e+00   0.00e+00 (  4.66e+01,  6.00e+01)
80      0.142   3.07e-01   5.60e-01   5.04e-01   2.06e+00   0.00e+00 (  4.17e+01,  5.30e+01)
85      0.138   2.88e-01   5.49e-01   4.87e-01   2.04e+00   0.00e+00 (  3.60e+01,  4.67e+01)
90      0.141   2.87e-01   5.35e-01   4.82e-01   2.28e+00   0.00e+00 (  3.19e+01,  4.13e+01)
95      1.792   4.14e+00   5.17e+00   3.53e+00   1.14e+02   0.00e+00 (  1.63e+03,  3.63e+01)
35 e: 2.845e-05 i: 3.761e-05 :: e: 2.405e-02 i: 2.842e-02 :: n: 2.762e+01 e:19.114 i:19.535 v:4.993e+03
>>> tau_he = 5.000000, nhe(0)=2.208760e+00
 5     -0.003   3.74e-03   2.53e-01   3.16e-03  -1.19e-02   0.00e+00 (  8.35e-01,  2.42e+01)
10     -0.002   1.41e-03  -4.33e-03  -1.23e-03  -1.15e-02   0.00e+00 (  6.65e-01,  4.97e+01)
15      0.014   5.60e-02   2.55e-03   1.21e-02   8.97e-02   0.00e+00 (  3.15e+01,  7.54e+01)
20      0.015   8.30e-02   5.30e-02   2.17e-02   1.13e-01   0.00e+00 (  4.75e+01,  9.27e+01)
25      0.025   1.14e-01   8.57e-02   3.20e-02   2.19e-01   0.00e+00 (  6.22e+01,  1.05e+02)
30      0.038   1.48e-01   1.31e-01   5.86e-02   3.61e-01   0.00e+00 (  7.43e+01,  1.13e+02)
35      0.043   1.67e-01   1.58e-01   8.47e-02   4.38e-01   0.00e+00 (  7.72e+01,  1.17e+02)
40      0.054   1.94e-01   2.06e-01   1.09e-01   5.97e-01   0.00e+00 (  8.03e+01,  1.16e+02)
45      0.068   2.13e-01   2.46e-01   1.38e-01   7.94e-01   0.00e+00 (  7.70e+01,  1.10e+02)
50      0.079   2.32e-01   3.00e-01   1.50e-01   9.70e-01   0.00e+00 (  7.29e+01,  1.03e+02)
55      0.087   2.49e-01   3.58e-01   1.99e-01   1.12e+00   0.00e+00 (  6.74e+01,  9.42e+01)
60      0.098   2.64e-01   3.95e-01   2.48e-01   1.30e+00   0.00e+00 (  6.13e+01,  8.52e+01)
65      0.126   2.93e-01   4.76e-01   3.27e-01   1.72e+00   0.00e+00 (  5.74e+01,  7.63e+01)
70      0.134   3.02e-01   5.08e-01   3.96e-01   1.88e+00   0.00e+00 (  5.12e+01,  6.78e+01)
75      0.141   3.09e-01   5.44e-01   4.62e-01   2.02e+00   0.00e+00 (  4.62e+01,  6.00e+01)
80      0.144   3.09e-01   5.63e-01   5.07e-01   2.10e+00   0.00e+00 (  4.15e+01,  5.30e+01)
85      0.141   2.91e-01   5.57e-01   4.93e-01   2.08e+00   0.00e+00 (  3.60e+01,  4.67e+01)
90      0.144   2.92e-01   5.46e-01   4.91e-01   2.34e+00   0.00e+00 (  3.21e+01,  4.13e+01)
95      1.790   4.14e+00   5.16e+00   3.53e+00   1.14e+02   0.00e+00 (  1.63e+03,  3.63e+01)
36 e: 5.240e-05 i: 1.903e-05 :: e: 2.005e-02 i: 2.112e-02 :: n: 2.762e+01 e:19.009 i:19.625 v:4.993e+03
>>> tau_he = 5.000000, nhe(0)=2.202998e+00
 5     -0.003   3.72e-03   2.51e-01   3.18e-03  -1.18e-02   0.00e+00 (  8.34e-01,  2.42e+01)
10     -0.002   1.46e-03  -4.43e-03  -1.25e-03  -1.17e-02   0.00e+00 (  6.96e-01,  4.97e+01)
15      0.014   5.60e-02   4.51e-03   1.28e-02   9.25e-02   0.00e+00 (  3.16e+01,  7.54e+01)
20      0.006   8.33e-02   5.82e-02   2.34e-02   4.71e-02   0.00e+00 (  4.80e+01,  9.27e+01)
25      0.026   1.15e-01   8.90e-02   3.31e-02   2.22e-01   0.00e+00 (  6.31e+01,  1.05e+02)
30      0.039   1.50e-01   1.35e-01   6.08e-02   3.66e-01   0.00e+00 (  7.55e+01,  1.13e+02)
35      0.042   1.68e-01   1.64e-01   8.75e-02   4.35e-01   0.00e+00 (  7.86e+01,  1.17e+02)
40      0.052   1.94e-01   2.10e-01   1.11e-01   5.69e-01   0.00e+00 (  8.08e+01,  1.16e+02)
45      0.069   2.17e-01   2.58e-01   1.44e-01   8.05e-01   0.00e+00 (  7.94e+01,  1.10e+02)
50      0.080   2.36e-01   3.11e-01   1.53e-01   9.87e-01   0.00e+00 (  7.50e+01,  1.03e+02)
55      0.088   2.53e-01   3.69e-01   2.04e-01   1.13e+00   0.00e+00 (  6.94e+01,  9.42e+01)
60      0.099   2.68e-01   4.06e-01   2.57e-01   1.31e+00   0.00e+00 (  6.32e+01,  8.52e+01)
65      0.126   2.98e-01   4.87e-01   3.34e-01   1.73e+00   0.00e+00 (  5.90e+01,  7.63e+01)
70      0.134   3.05e-01   5.16e-01   4.01e-01   1.88e+00   0.00e+00 (  5.25e+01,  6.78e+01)
75      0.140   3.10e-01   5.48e-01   4.65e-01   2.00e+00   0.00e+00 (  4.71e+01,  6.00e+01)
80      0.142   3.09e-01   5.64e-01   5.07e-01   2.07e+00   0.00e+00 (  4.21e+01,  5.30e+01)
85      0.139   2.90e-01   5.53e-01   4.90e-01   2.05e+00   0.00e+00 (  3.64e+01,  4.67e+01)
90      0.141   2.89e-01   5.39e-01   4.85e-01   2.29e+00   0.00e+00 (  3.22e+01,  4.13e+01)
95      1.792   4.14e+00   5.17e+00   3.53e+00   1.14e+02   0.00e+00 (  1.63e+03,  3.63e+01)
37 e: 3.383e-05 i: 3.344e-05 :: e: 2.225e-02 i: 2.564e-02 :: n: 2.762e+01 e:19.149 i:19.572 v:4.993e+03
>>> tau_he = 5.000000, nhe(0)=2.214957e+00
 5     -0.003   3.77e-03   2.54e-01   3.17e-03  -1.19e-02   0.00e+00 (  8.42e-01,  2.42e+01)
10     -0.002   1.47e-03  -4.42e-03  -1.24e-03  -1.17e-02   0.00e+00 (  7.00e-01,  4.97e+01)
15      0.014   5.58e-02   3.52e-03   1.27e-02   9.37e-02   0.00e+00 (  3.14e+01,  7.54e+01)
20      0.007   8.51e-02   5.59e-02   2.18e-02   5.06e-02   0.00e+00 (  4.88e+01,  9.27e+01)
25      0.026   1.14e-01   8.60e-02   3.20e-02   2.20e-01   0.00e+00 (  6.24e+01,  1.05e+02)
30      0.038   1.49e-01   1.31e-01   5.86e-02   3.63e-01   0.00e+00 (  7.45e+01,  1.13e+02)
35      0.043   1.67e-01   1.58e-01   8.48e-02   4.40e-01   0.00e+00 (  7.75e+01,  1.17e+02)
40      0.054   1.95e-01   2.06e-01   1.09e-01   5.98e-01   0.00e+00 (  8.06e+01,  1.16e+02)
45      0.068   2.13e-01   2.46e-01   1.38e-01   7.97e-01   0.00e+00 (  7.74e+01,  1.10e+02)
50      0.079   2.33e-01   3.01e-01   1.50e-01   9.74e-01   0.00e+00 (  7.33e+01,  1.03e+02)
55      0.088   2.50e-01   3.59e-01   1.99e-01   1.12e+00   0.00e+00 (  6.78e+01,  9.42e+01)
60      0.099   2.65e-01   3.97e-01   2.50e-01   1.31e+00   0.00e+00 (  6.17e+01,  8.52e+01)
65      0.126   2.94e-01   4.78e-01   3.28e-01   1.72e+00   0.00e+00 (  5.77e+01,  7.63e+01)
70      0.135   3.03e-01   5.10e-01   3.97e-01   1.89e+00   0.00e+00 (  5.16e+01,  6.78e+01)
75      0.142   3.10e-01   5.46e-01   4.64e-01   2.02e+00   0.00e+00 (  4.65e+01,  6.00e+01)
80      0.145   3.10e-01   5.66e-01   5.09e-01   2.11e+00   0.00e+00 (  4.18e+01,  5.30e+01)
85      0.142   2.92e-01   5.60e-01   4.95e-01   2.09e+00   0.00e+00 (  3.62e+01,  4.67e+01)
90      0.145   2.93e-01   5.49e-01   4.93e-01   2.34e+00   0.00e+00 (  3.24e+01,  4.13e+01)
95      1.790   4.14e+00   5.16e+00   3.53e+00   1.14e+02   0.00e+00 (  1.63e+03,  3.63e+01)
38 e: 5.068e-05 i: 2.198e-05 :: e: 1.815e-02 i: 1.861e-02 :: n: 2.762e+01 e:19.038 i:19.682 v:4.993e+03
>>> tau_he = 5.000000, nhe(0)=2.208066e+00
 5     -0.003   3.74e-03   2.52e-01   3.19e-03  -1.19e-02   0.00e+00 (  8.42e-01,  2.42e+01)
10     -0.007   7.80e-03   4.89e-02  -1.86e-03  -3.61e-02   0.00e+00 (  3.74e+00,  4.97e+01)
15      0.006   5.48e-02   4.17e-03   8.86e-03   4.16e-02   0.00e+00 (  3.11e+01,  7.54e+01)
20      0.006   8.37e-02   5.85e-02   2.34e-02   4.68e-02   0.00e+00 (  4.82e+01,  9.27e+01)
25      0.026   1.15e-01   8.93e-02   3.32e-02   2.23e-01   0.00e+00 (  6.34e+01,  1.05e+02)
30      0.039   1.50e-01   1.36e-01   6.09e-02   3.67e-01   0.00e+00 (  7.58e+01,  1.13e+02)
35      0.042   1.69e-01   1.64e-01   8.76e-02   4.36e-01   0.00e+00 (  7.89e+01,  1.17e+02)
40      0.052   1.94e-01   2.10e-01   1.11e-01   5.70e-01   0.00e+00 (  8.11e+01,  1.16e+02)
45      0.069   2.17e-01   2.58e-01   1.44e-01   8.08e-01   0.00e+00 (  7.97e+01,  1.10e+02)
50      0.081   2.37e-01   3.12e-01   1.54e-01   9.91e-01   0.00e+00 (  7.53e+01,  1.03e+02)
55      0.089   2.54e-01   3.70e-01   2.04e-01   1.13e+00   0.00e+00 (  6.98e+01,  9.42e+01)
60      0.099   2.69e-01   4.07e-01   2.57e-01   1.32e+00   0.00e+00 (  6.35e+01,  8.52e+01)
65      0.126   2.98e-01   4.88e-01   3.34e-01   1.73e+00   0.00e+00 (  5.92e+01,  7.63e+01)
70      0.135   3.06e-01   5.17e-01   4.02e-01   1.89e+00   0.00e+00 (  5.27e+01,  6.78e+01)
75      0.140   3.11e-01   5.50e-01   4.66e-01   2.01e+00   0.00e+00 (  4.73e+01,  6.00e+01)
80      0.143   3.10e-01   5.65e-01   5.09e-01   2.08e+00   0.00e+00 (  4.23e+01,  5.30e+01)
85      0.139   2.91e-01   5.55e-01   4.92e-01   2.06e+00   0.00e+00 (  3.66e+01,  4.67e+01)
90      0.142   2.89e-01   5.41e-01   4.87e-01   2.29e+00   0.00e+00 (  3.24e+01,  4.13e+01)
95      1.792   4.14e+00   5.17e+00   3.53e+00   1.14e+02   0.00e+00 (  1.63e+03,  3.63e+01)
39 e: 4.114e-05 i: 3.120e-05 :: e: 2.010e-02 i: 2.500e-02 :: n: 2.762e+01 e:19.185 i:19.619 v:4.993e+03
>>> tau_he = 5.000000, nhe(0)=2.216132e+00
 5     -0.003   3.77e-03   2.56e-01   3.18e-03  -1.20e-02   0.00e+00 (  8.46e-01,  2.42e+01)
10     -0.002   1.46e-03  -4.38e-03  -1.23e-03  -1.17e-02   0.00e+00 (  6.96e-01,  4.97e+01)
15      0.014   5.59e-02   3.41e-03   1.27e-02   9.32e-02   0.00e+00 (  3.15e+01,  7.54e+01)
20      0.007   8.53e-02   5.59e-02   2.17e-02   5.01e-02   0.00e+00 (  4.89e+01,  9.27e+01)
25      0.026   1.15e-01   8.62e-02   3.20e-02   2.20e-01   0.00e+00 (  6.26e+01,  1.05e+02)
30      0.038   1.49e-01   1.31e-01   5.86e-02   3.63e-01   0.00e+00 (  7.47e+01,  1.13e+02)
35      0.043   1.67e-01   1.58e-01   8.48e-02   4.40e-01   0.00e+00 (  7.77e+01,  1.17e+02)
40      0.054   1.95e-01   2.06e-01   1.09e-01   5.98e-01   0.00e+00 (  8.08e+01,  1.16e+02)
45      0.068   2.13e-01   2.47e-01   1.38e-01   7.98e-01   0.00e+00 (  7.76e+01,  1.10e+02)
50      0.079   2.33e-01   3.02e-01   1.50e-01   9.76e-01   0.00e+00 (  7.35e+01,  1.03e+02)
55      0.088   2.50e-01   3.60e-01   2.00e-01   1.13e+00   0.00e+00 (  6.80e+01,  9.42e+01)
60      0.099   2.65e-01   3.98e-01   2.52e-01   1.31e+00   0.00e+00 (  6.19e+01,  8.52e+01)
65      0.126   2.95e-01   4.78e-01   3.29e-01   1.72e+00   0.00e+00 (  5.78e+01,  7.63e+01)
70      0.135   3.03e-01   5.11e-01   3.98e-01   1.89e+00   0.00e+00 (  5.17e+01,  6.78e+01)
75      0.142   3.11e-01   5.47e-01   4.64e-01   2.03e+00   0.00e+00 (  4.66e+01,  6.00e+01)
80      0.145   3.11e-01   5.67e-01   5.10e-01   2.11e+00   0.00e+00 (  4.19e+01,  5.30e+01)
85      0.142   2.93e-01   5.61e-01   4.96e-01   2.10e+00   0.00e+00 (  3.64e+01,  4.67e+01)
90      0.145   2.94e-01   5.50e-01   4.94e-01   2.35e+00   0.00e+00 (  3.25e+01,  4.13e+01)
95      1.790   4.14e+00   5.16e+00   3.53e+00   1.14e+02   0.00e+00 (  1.63e+03,  3.63e+01)
40 e: 4.251e-05 i: 2.639e-05 :: e: 1.537e-02 i: 1.622e-02 :: n: 2.762e+01 e:19.058 i:19.693 v:4.993e+03
>>> tau_he = 5.000000, nhe(0)=2.208106e+00
 5     -0.003   3.74e-03   2.53e-01   3.19e-03  -1.20e-02   0.00e+00 (  8.43e-01,  2.42e+01)
10     -0.002   1.51e-03  -4.49e-03  -1.25e-03  -1.19e-02   0.00e+00 (  7.25e-01,  4.97e+01)
15      0.006   5.48e-02   4.01e-03   8.85e-03   4.17e-02   0.00e+00 (  3.10e+01,  7.54e+01)
20      0.006   8.37e-02   5.85e-02   2.34e-02   4.72e-02   0.00e+00 (  4.82e+01,  9.27e+01)
25      0.026   1.15e-01   8.94e-02   3.32e-02   2.23e-01   0.00e+00 (  6.34e+01,  1.05e+02)
30      0.039   1.50e-01   1.36e-01   6.09e-02   3.67e-01   0.00e+00 (  7.59e+01,  1.13e+02)
35      0.042   1.69e-01   1.64e-01   8.77e-02   4.37e-01   0.00e+00 (  7.90e+01,  1.17e+02)
40      0.052   1.94e-01   2.10e-01   1.11e-01   5.70e-01   0.00e+00 (  8.12e+01,  1.16e+02)
45      0.069   2.18e-01   2.59e-01   1.44e-01   8.09e-01   0.00e+00 (  7.98e+01,  1.10e+02)
50      0.081   2.37e-01   3.13e-01   1.54e-01   9.92e-01   0.00e+00 (  7.54e+01,  1.03e+02)
55      0.089   2.54e-01   3.71e-01   2.04e-01   1.14e+00   0.00e+00 (  6.98e+01,  9.42e+01)
60      0.100   2.69e-01   4.08e-01   2.58e-01   1.32e+00   0.00e+00 (  6.35e+01,  8.52e+01)
65      0.127   2.98e-01   4.88e-01   3.35e-01   1.73e+00   0.00e+00 (  5.92e+01,  7.63e+01)
70      0.135   3.06e-01   5.17e-01   4.02e-01   1.89e+00   0.00e+00 (  5.27e+01,  6.78e+01)
75      0.140   3.11e-01   5.50e-01   4.67e-01   2.01e+00   0.00e+00 (  4.73e+01,  6.00e+01)
80      0.143   3.10e-01   5.66e-01   5.09e-01   2.08e+00   0.00e+00 (  4.23e+01,  5.30e+01)
85      0.139   2.90e-01   5.56e-01   4.92e-01   2.06e+00   0.00e+00 (  3.65e+01,  4.67e+01)
90      0.141   2.89e-01   5.42e-01   4.87e-01   2.29e+00   0.00e+00 (  3.25e+01,  4.13e+01)
95      1.792   4.14e+00   5.17e+00   3.53e+00   1.14e+02   0.00e+00 (  1.63e+03,  3.63e+01)
41 e: 4.572e-05 i: 2.599e-05 :: e: 1.618e-02 i: 2.006e-02 :: n: 2.762e+01 e:19.186 i:19.620 v:4.993e+03
>>> tau_he = 5.000000, nhe(0)=2.218482e+00
 5     -0.003   3.78e-03   2.56e-01   3.18e-03  -1.21e-02   0.00e+00 (  8.48e-01,  2.42e+01)
10     -0.002   1.52e-03  -4.46e-03  -1.24e-03  -1.19e-02   0.00e+00 (  7.26e-01,  4.97e+01)
15      0.014   5.64e-02   4.26e-03   1.29e-02   9.46e-02   0.00e+00 (  3.18e+01,  7.54e+01)
20      0.007   8.53e-02   5.61e-02   2.17e-02   5.10e-02   0.00e+00 (  4.89e+01,  9.27e+01)
25      0.026   1.15e-01   8.63e-02   3.21e-02   2.21e-01   0.00e+00 (  6.26e+01,  1.05e+02)
30      0.038   1.49e-01   1.32e-01   5.87e-02   3.64e-01   0.00e+00 (  7.47e+01,  1.13e+02)
35      0.043   1.67e-01   1.58e-01   8.49e-02   4.41e-01   0.00e+00 (  7.76e+01,  1.17e+02)
40      0.054   1.95e-01   2.06e-01   1.09e-01   5.98e-01   0.00e+00 (  8.08e+01,  1.16e+02)
45      0.068   2.13e-01   2.47e-01   1.38e-01   8.00e-01   0.00e+00 (  7.75e+01,  1.10e+02)
50      0.080   2.33e-01   3.02e-01   1.50e-01   9.77e-01   0.00e+00 (  7.34e+01,  1.03e+02)
55      0.088   2.50e-01   3.60e-01   2.00e-01   1.13e+00   0.00e+00 (  6.80e+01,  9.42e+01)
60      0.099   2.65e-01   3.98e-01   2.52e-01   1.32e+00   0.00e+00 (  6.18e+01,  8.52e+01)
65      0.126   2.94e-01   4.78e-01   3.28e-01   1.72e+00   0.00e+00 (  5.77e+01,  7.63e+01)
70      0.135   3.03e-01   5.10e-01   3.97e-01   1.89e+00   0.00e+00 (  5.16e+01,  6.78e+01)
75      0.142   3.10e-01   5.47e-01   4.64e-01   2.03e+00   0.00e+00 (  4.65e+01,  6.00e+01)
80      0.145   3.10e-01   5.66e-01   5.09e-01   2.11e+00   0.00e+00 (  4.18e+01,  5.30e+01)
85      0.142   2.93e-01   5.60e-01   4.96e-01   2.09e+00   0.00e+00 (  3.63e+01,  4.67e+01)
90      0.145   2.94e-01   5.50e-01   4.94e-01   2.34e+00   0.00e+00 (  3.25e+01,  4.13e+01)
95      1.790   4.14e+00   5.16e+00   3.53e+00   1.14e+02   0.00e+00 (  1.63e+03,  3.63e+01)
42 e: 4.254e-05 i: 2.857e-05 :: e: 1.191e-02 i: 1.285e-02 :: n: 2.762e+01 e:19.056 i:19.715 v:4.993e+03
>>> tau_he = 5.000000, nhe(0)=2.209688e+00
 5     -0.003   3.75e-03   2.53e-01   3.20e-03  -1.20e-02   0.00e+00 (  8.46e-01,  2.42e+01)
10     -0.007   7.86e-03   4.90e-02  -1.87e-03  -3.66e-02   0.00e+00 (  3.78e+00,  4.97e+01)
15      0.006   5.52e-02   4.88e-03   8.94e-03   4.17e-02   0.00e+00 (  3.14e+01,  7.54e+01)
20      0.006   8.37e-02   5.87e-02   2.34e-02   4.72e-02   0.00e+00 (  4.83e+01,  9.27e+01)
25      0.026   1.15e-01   8.96e-02   3.32e-02   2.23e-01   0.00e+00 (  6.35e+01,  1.05e+02)
30      0.039   1.50e-01   1.36e-01   6.10e-02   3.68e-01   0.00e+00 (  7.59e+01,  1.13e+02)
35      0.043   1.69e-01   1.64e-01   8.79e-02   4.37e-01   0.00e+00 (  7.90e+01,  1.17e+02)
40      0.052   1.94e-01   2.10e-01   1.11e-01   5.70e-01   0.00e+00 (  8.11e+01,  1.16e+02)
45      0.069   2.17e-01   2.59e-01   1.44e-01   8.10e-01   0.00e+00 (  7.97e+01,  1.10e+02)
50      0.081   2.37e-01   3.13e-01   1.54e-01   9.93e-01   0.00e+00 (  7.53e+01,  1.03e+02)
55      0.089   2.54e-01   3.71e-01   2.04e-01   1.14e+00   0.00e+00 (  6.97e+01,  9.42e+01)
60      0.100   2.69e-01   4.07e-01   2.58e-01   1.32e+00   0.00e+00 (  6.34e+01,  8.52e+01)
65      0.126   2.98e-01   4.87e-01   3.34e-01   1.73e+00   0.00e+00 (  5.91e+01,  7.63e+01)
70      0.134   3.05e-01   5.16e-01   4.01e-01   1.88e+00   0.00e+00 (  5.26e+01,  6.78e+01)
75      0.140   3.11e-01   5.49e-01   4.66e-01   2.01e+00   0.00e+00 (  4.71e+01,  6.00e+01)
80      0.142   3.09e-01   5.64e-01   5.08e-01   2.07e+00   0.00e+00 (  4.22e+01,  5.30e+01)
85      0.139   2.90e-01   5.55e-01   4.91e-01   2.05e+00   0.00e+00 (  3.65e+01,  4.67e+01)
90      0.141   2.89e-01   5.40e-01   4.86e-01   2.29e+00   0.00e+00 (  3.24e+01,  4.13e+01)
95      1.792   4.14e+00   5.17e+00   3.53e+00   1.14e+02   0.00e+00 (  1.63e+03,  3.63e+01)
43 e: 5.194e-05 i: 2.762e-05 :: e: 1.353e-02 i: 1.872e-02 :: n: 2.762e+01 e:19.191 i:19.635 v:4.993e+03
>>> tau_he = 5.000000, nhe(0)=2.216325e+00
 5     -0.003   3.77e-03   2.56e-01   3.18e-03  -1.21e-02   0.00e+00 (  8.48e-01,  2.42e+01)
10     -0.002   1.50e-03  -4.41e-03  -1.23e-03  -1.19e-02   0.00e+00 (  7.14e-01,  4.97e+01)
15      0.014   5.62e-02   4.06e-03   1.28e-02   9.38e-02   0.00e+00 (  3.17e+01,  7.54e+01)
20      0.007   8.53e-02   5.61e-02   2.18e-02   5.06e-02   0.00e+00 (  4.89e+01,  9.27e+01)
25      0.026   1.15e-01   8.63e-02   3.21e-02   2.21e-01   0.00e+00 (  6.25e+01,  1.05e+02)
30      0.038   1.49e-01   1.32e-01   5.87e-02   3.64e-01   0.00e+00 (  7.46e+01,  1.13e+02)
35      0.043   1.67e-01   1.58e-01   8.50e-02   4.41e-01   0.00e+00 (  7.75e+01,  1.17e+02)
40      0.054   1.95e-01   2.06e-01   1.10e-01   5.98e-01   0.00e+00 (  8.06e+01,  1.16e+02)
45      0.068   2.13e-01   2.47e-01   1.38e-01   8.00e-01   0.00e+00 (  7.74e+01,  1.10e+02)
50      0.080   2.33e-01   3.02e-01   1.50e-01   9.77e-01   0.00e+00 (  7.33e+01,  1.03e+02)
55      0.088   2.50e-01   3.60e-01   2.00e-01   1.13e+00   0.00e+00 (  6.78e+01,  9.42e+01)
60      0.099   2.65e-01   3.98e-01   2.52e-01   1.31e+00   0.00e+00 (  6.16e+01,  8.52e+01)
65      0.126   2.94e-01   4.77e-01   3.28e-01   1.72e+00   0.00e+00 (  5.75e+01,  7.63e+01)
70      0.135   3.02e-01   5.09e-01   3.96e-01   1.89e+00   0.00e+00 (  5.13e+01,  6.78e+01)
75      0.141   3.09e-01   5.45e-01   4.63e-01   2.02e+00   0.00e+00 (  4.63e+01,  6.00e+01)
80      0.144   3.09e-01   5.64e-01   5.08e-01   2.10e+00   0.00e+00 (  4.16e+01,  5.30e+01)
85      0.141   2.92e-01   5.59e-01   4.95e-01   2.09e+00   0.00e+00 (  3.62e+01,  4.67e+01)
90      0.144   2.93e-01   5.48e-01   4.92e-01   2.34e+00   0.00e+00 (  3.23e+01,  4.13e+01)
95      1.791   4.14e+00   5.16e+00   3.53e+00   1.14e+02   0.00e+00 (  1.63e+03,  3.63e+01)
44 e: 3.676e-05 i: 3.206e-05 :: e: 8.368e-03 i: 1.015e-02 :: n: 2.762e+01 e:19.048 i:19.695 v:4.993e+03
>>> tau_he = 5.000000, nhe(0)=2.206709e+00
 5     -0.003   3.74e-03   2.53e-01   3.20e-03  -1.20e-02   0.00e+00 (  8.43e-01,  2.42e+01)
10     -0.007   7.78e-03   4.88e-02  -1.84e-03  -3.61e-02   0.00e+00 (  3.74e+00,  4.97e+01)
15      0.006   5.49e-02   4.62e-03   8.90e-03   4.19e-02   0.00e+00 (  3.11e+01,  7.54e+01)
20      0.006   8.35e-02   5.86e-02   2.34e-02   4.78e-02   0.00e+00 (  4.81e+01,  9.27e+01)
25      0.026   1.15e-01   8.95e-02   3.32e-02   2.23e-01   0.00e+00 (  6.32e+01,  1.05e+02)
30      0.039   1.50e-01   1.36e-01   6.11e-02   3.68e-01   0.00e+00 (  7.56e+01,  1.13e+02)
35      0.043   1.68e-01   1.64e-01   8.80e-02   4.37e-01   0.00e+00 (  7.87e+01,  1.17e+02)
40      0.052   1.94e-01   2.10e-01   1.11e-01   5.69e-01   0.00e+00 (  8.09e+01,  1.16e+02)
45      0.069   2.17e-01   2.59e-01   1.44e-01   8.10e-01   0.00e+00 (  7.94e+01,  1.10e+02)
50      0.081   2.36e-01   3.13e-01   1.54e-01   9.92e-01   0.00e+00 (  7.50e+01,  1.03e+02)
55      0.089   2.54e-01   3.71e-01   2.04e-01   1.14e+00   0.00e+00 (  6.95e+01,  9.42e+01)
60      0.099   2.68e-01   4.07e-01   2.57e-01   1.32e+00   0.00e+00 (  6.31e+01,  8.52e+01)
65      0.126   2.97e-01   4.86e-01   3.33e-01   1.72e+00   0.00e+00 (  5.88e+01,  7.63e+01)
70      0.134   3.04e-01   5.14e-01   4.00e-01   1.88e+00   0.00e+00 (  5.23e+01,  6.78e+01)
75      0.140   3.09e-01   5.47e-01   4.64e-01   2.00e+00   0.00e+00 (  4.69e+01,  6.00e+01)
80      0.142   3.08e-01   5.62e-01   5.06e-01   2.06e+00   0.00e+00 (  4.20e+01,  5.30e+01)
85      0.138   2.89e-01   5.52e-01   4.90e-01   2.04e+00   0.00e+00 (  3.63e+01,  4.67e+01)
90      0.141   2.88e-01   5.38e-01   4.84e-01   2.28e+00   0.00e+00 (  3.23e+01,  4.13e+01)
95      1.792   4.14e+00   5.17e+00   3.53e+00   1.14e+02   0.00e+00 (  1.63e+03,  3.63e+01)
45 e: 5.553e-05 i: 2.478e-05 :: e: 9.747e-03 i: 1.495e-02 :: n: 2.762e+01 e:19.167 i:19.607 v:4.993e+03
>>> tau_he = 5.000000, nhe(0)=2.212571e+00
 5     -0.003   3.76e-03   2.56e-01   3.18e-03  -1.21e-02   0.00e+00 (  8.44e-01,  2.42e+01)
10     -0.002   1.46e-03  -4.36e-03  -1.22e-03  -1.17e-02   0.00e+00 (  6.94e-01,  4.97e+01)
15      0.014   5.59e-02   3.82e-03   1.27e-02   9.34e-02   0.00e+00 (  3.15e+01,  7.54e+01)
20      0.007   8.50e-02   5.60e-02   2.18e-02   5.11e-02   0.00e+00 (  4.87e+01,  9.27e+01)
25      0.026   1.14e-01   8.62e-02   3.21e-02   2.20e-01   0.00e+00 (  6.23e+01,  1.05e+02)
30      0.038   1.49e-01   1.31e-01   5.88e-02   3.63e-01   0.00e+00 (  7.43e+01,  1.13e+02)
35      0.043   1.67e-01   1.58e-01   8.51e-02   4.41e-01   0.00e+00 (  7.72e+01,  1.17e+02)
40      0.054   1.94e-01   2.06e-01   1.10e-01   5.97e-01   0.00e+00 (  8.03e+01,  1.16e+02)
45      0.068   2.13e-01   2.47e-01   1.38e-01   7.99e-01   0.00e+00 (  7.70e+01,  1.10e+02)
50      0.079   2.32e-01   3.02e-01   1.50e-01   9.75e-01   0.00e+00 (  7.29e+01,  1.03e+02)
55      0.088   2.49e-01   3.59e-01   1.99e-01   1.12e+00   0.00e+00 (  6.74e+01,  9.42e+01)
60      0.099   2.64e-01   3.97e-01   2.50e-01   1.31e+00   0.00e+00 (  6.12e+01,  8.52e+01)
65      0.125   2.92e-01   4.75e-01   3.26e-01   1.71e+00   0.00e+00 (  5.71e+01,  7.63e+01)
70      0.134   3.01e-01   5.07e-01   3.95e-01   1.88e+00   0.00e+00 (  5.10e+01,  6.78e+01)
75      0.141   3.08e-01   5.43e-01   4.61e-01   2.01e+00   0.00e+00 (  4.60e+01,  6.00e+01)
80      0.144   3.08e-01   5.62e-01   5.06e-01   2.09e+00   0.00e+00 (  4.13e+01,  5.30e+01)
85      0.141   2.91e-01   5.56e-01   4.92e-01   2.08e+00   0.00e+00 (  3.59e+01,  4.67e+01)
90      0.144   2.92e-01   5.46e-01   4.90e-01   2.33e+00   0.00e+00 (  3.22e+01,  4.13e+01)
95      1.791   4.14e+00   5.16e+00   3.53e+00   1.14e+02   0.00e+00 (  1.63e+03,  3.63e+01)
46 e: 3.387e-05 i: 3.432e-05 :: e: 4.767e-03 i: 7.953e-03 :: n: 2.762e+01 e:19.020 i:19.660 v:4.993e+03
>>> tau_he = 5.000000, nhe(0)=2.202580e+00
 5     -0.003   3.72e-03   2.53e-01   3.19e-03  -1.20e-02   0.00e+00 (  8.38e-01,  2.42e+01)
10     -0.002   1.50e-03  -4.46e-03  -1.24e-03  -1.19e-02   0.00e+00 (  7.20e-01,  4.97e+01)
15      0.006   5.46e-02   4.43e-03   8.85e-03   4.21e-02   0.00e+00 (  3.09e+01,  7.54e+01)
20      0.006   8.32e-02   5.85e-02   2.35e-02   4.83e-02   0.00e+00 (  4.79e+01,  9.27e+01)
25      0.026   1.15e-01   8.94e-02   3.33e-02   2.23e-01   0.00e+00 (  6.29e+01,  1.05e+02)
30      0.039   1.50e-01   1.36e-01   6.12e-02   3.67e-01   0.00e+00 (  7.53e+01,  1.13e+02)
35      0.042   1.68e-01   1.64e-01   8.81e-02   4.37e-01   0.00e+00 (  7.83e+01,  1.17e+02)
40      0.052   1.93e-01   2.10e-01   1.12e-01   5.69e-01   0.00e+00 (  8.04e+01,  1.16e+02)
45      0.069   2.16e-01   2.58e-01   1.43e-01   8.09e-01   0.00e+00 (  7.90e+01,  1.10e+02)
50      0.081   2.36e-01   3.12e-01   1.53e-01   9.90e-01   0.00e+00 (  7.46e+01,  1.03e+02)
55      0.088   2.53e-01   3.70e-01   2.04e-01   1.13e+00   0.00e+00 (  6.90e+01,  9.42e+01)
60      0.099   2.67e-01   4.06e-01   2.57e-01   1.32e+00   0.00e+00 (  6.26e+01,  8.52e+01)
65      0.125   2.96e-01   4.84e-01   3.32e-01   1.72e+00   0.00e+00 (  5.83e+01,  7.63e+01)
70      0.133   3.03e-01   5.12e-01   3.98e-01   1.87e+00   0.00e+00 (  5.19e+01,  6.78e+01)
75      0.139   3.08e-01   5.44e-01   4.62e-01   1.99e+00   0.00e+00 (  4.65e+01,  6.00e+01)
80      0.141   3.07e-01   5.59e-01   5.03e-01   2.06e+00   0.00e+00 (  4.16e+01,  5.30e+01)
85      0.138   2.88e-01   5.49e-01   4.87e-01   2.04e+00   0.00e+00 (  3.61e+01,  4.67e+01)
90      0.140   2.87e-01   5.35e-01   4.82e-01   2.27e+00   0.00e+00 (  3.20e+01,  4.13e+01)
95      1.792   4.14e+00   5.17e+00   3.53e+00   1.14e+02   0.00e+00 (  1.63e+03,  3.63e+01)
47 e: 5.646e-05 i: 2.096e-05 :: e: 5.929e-03 i: 9.732e-03 :: n: 2.762e+01 e:19.132 i:19.569 v:4.993e+03
>>> tau_he = 5.000000, nhe(0)=2.211555e+00
 5     -0.003   3.75e-03   2.55e-01   3.17e-03  -1.20e-02   0.00e+00 (  8.41e-01,  2.42e+01)
10     -0.002   1.50e-03  -4.43e-03  -1.24e-03  -1.19e-02   0.00e+00 (  7.18e-01,  4.97e+01)
15      0.007   5.42e-02   3.39e-03   8.80e-03   4.35e-02   0.00e+00 (  3.05e+01,  7.54e+01)
20      0.007   8.48e-02   5.61e-02   2.18e-02   5.20e-02   0.00e+00 (  4.84e+01,  9.27e+01)
25      0.026   1.14e-01   8.62e-02   3.21e-02   2.21e-01   0.00e+00 (  6.20e+01,  1.05e+02)
30      0.038   1.48e-01   1.31e-01   5.88e-02   3.63e-01   0.00e+00 (  7.39e+01,  1.13e+02)
35      0.043   1.66e-01   1.58e-01   8.52e-02   4.41e-01   0.00e+00 (  7.68e+01,  1.17e+02)
40      0.054   1.94e-01   2.06e-01   1.10e-01   5.97e-01   0.00e+00 (  7.99e+01,  1.16e+02)
45      0.068   2.12e-01   2.46e-01   1.38e-01   7.98e-01   0.00e+00 (  7.66e+01,  1.10e+02)
50      0.079   2.31e-01   3.01e-01   1.50e-01   9.74e-01   0.00e+00 (  7.24e+01,  1.03e+02)
55      0.088   2.48e-01   3.59e-01   1.99e-01   1.12e+00   0.00e+00 (  6.70e+01,  9.42e+01)
60      0.098   2.62e-01   3.95e-01   2.48e-01   1.31e+00   0.00e+00 (  6.08e+01,  8.52e+01)
65      0.125   2.91e-01   4.73e-01   3.25e-01   1.71e+00   0.00e+00 (  5.67e+01,  7.63e+01)
70      0.133   2.99e-01   5.04e-01   3.93e-01   1.87e+00   0.00e+00 (  5.06e+01,  6.78e+01)
75      0.140   3.07e-01   5.40e-01   4.59e-01   2.00e+00   0.00e+00 (  4.56e+01,  6.00e+01)
80      0.143   3.06e-01   5.59e-01   5.03e-01   2.08e+00   0.00e+00 (  4.10e+01,  5.30e+01)
85      0.140   2.89e-01   5.53e-01   4.90e-01   2.07e+00   0.00e+00 (  3.57e+01,  4.67e+01)
90      0.143   2.91e-01   5.42e-01   4.88e-01   2.32e+00   0.00e+00 (  3.19e+01,  4.13e+01)
95      1.791   4.14e+00   5.16e+00   3.53e+00   1.14e+02   0.00e+00 (  1.63e+03,  3.63e+01)
48 e: 3.741e-05 i: 3.392e-05 :: e: 3.332e-03 i: 6.581e-03 :: n: 2.762e+01 e:18.988 i:19.651 v:4.993e+03
>>> tau_he = 5.000000, nhe(0)=2.201440e+00
 5     -0.003   3.71e-03   2.52e-01   3.19e-03  -1.20e-02   0.00e+00 (  8.37e-01,  2.42e+01)
10     -0.007   7.79e-03   4.86e-02  -1.86e-03  -3.63e-02   0.00e+00 (  3.74e+00,  4.97e+01)
15      0.006   5.49e-02   5.32e-03   8.93e-03   4.18e-02   0.00e+00 (  3.11e+01,  7.54e+01)
20      0.006   8.31e-02   5.87e-02   2.35e-02   4.81e-02   0.00e+00 (  4.78e+01,  9.27e+01)
25      0.026   1.15e-01   8.95e-02   3.33e-02   2.23e-01   0.00e+00 (  6.28e+01,  1.05e+02)
30      0.039   1.49e-01   1.36e-01   6.13e-02   3.67e-01   0.00e+00 (  7.50e+01,  1.13e+02)
35      0.042   1.67e-01   1.64e-01   8.82e-02   4.36e-01   0.00e+00 (  7.80e+01,  1.17e+02)
40      0.052   1.93e-01   2.10e-01   1.12e-01   5.68e-01   0.00e+00 (  8.01e+01,  1.16e+02)
45      0.069   2.16e-01   2.58e-01   1.43e-01   8.08e-01   0.00e+00 (  7.86e+01,  1.10e+02)
50      0.080   2.35e-01   3.12e-01   1.53e-01   9.88e-01   0.00e+00 (  7.42e+01,  1.03e+02)
55      0.088   2.52e-01   3.69e-01   2.04e-01   1.13e+00   0.00e+00 (  6.86e+01,  9.42e+01)
60      0.099   2.66e-01   4.04e-01   2.54e-01   1.31e+00   0.00e+00 (  6.22e+01,  8.52e+01)
65      0.125   2.94e-01   4.81e-01   3.30e-01   1.71e+00   0.00e+00 (  5.79e+01,  7.63e+01)
70      0.133   3.01e-01   5.09e-01   3.97e-01   1.86e+00   0.00e+00 (  5.15e+01,  6.78e+01)
75      0.139   3.06e-01   5.41e-01   4.60e-01   1.98e+00   0.00e+00 (  4.61e+01,  6.00e+01)
80      0.141   3.05e-01   5.56e-01   5.01e-01   2.05e+00   0.00e+00 (  4.13e+01,  5.30e+01)
85      0.137   2.86e-01   5.46e-01   4.84e-01   2.03e+00   0.00e+00 (  3.57e+01,  4.67e+01)
90      0.140   2.86e-01   5.32e-01   4.79e-01   2.26e+00   0.00e+00 (  3.18e+01,  4.13e+01)
95      1.793   4.14e+00   5.17e+00   3.53e+00   1.14e+02   0.00e+00 (  1.63e+03,  3.63e+01)
49 e: 5.905e-05 i: 2.566e-05 :: e: 4.232e-03 i: 9.514e-03 :: n: 2.762e+01 e:19.116 i:19.558 v:4.993e+03
 plasma volume = 148.631944
 stored energy(e,i,b) = 5.246149e+01 4.689414e+01 0.000000e+00
 betan = 1.127803
*power
 Pnb(e,i) = 0.000000e+00 0.000000e+00
 Prf(e,i) = 6.615894e+00 1.340096e+01
 Prad     = -3.595080e+01 
 Pei      = 2.860509e+00 
 Pfuse    = 4.024970e+01 
 Pfusi    = 1.160789e+01 
 Poh      = 0.000000e+00 
*confinement time
 taut, tauITER98y2, H98y2 : 2.765744e+00 2.687478e+00 1.029123e+00
 taue, taui : 3.808373e+00 5.360933e+00
 taut, tau89, H89 : 2.765744e+00 1.154305e+00 2.396025e+00
*temperature
 nea, nebar : 1.944867e+01 2.196895e+01 
 tea, tia : 6.828836e+00 6.897469e+00 (9.900495e-01)
 te0, ti0 : 1.695588e+01 1.779706e+01 (9.527350e-01)
 Sn : 0.000000e+00 
*current balance
 Ip,Ibs,Inb,Irf: 1.000000e+01 1.722912e+00 0.000000e+00 7.736169e-02
 fni,fbs: 0.180 0.172

 plasma volume = 148.631944
 stored energy(e,i,b) = 5.246149e+01 4.689414e+01 0.000000e+00
 betan = 1.127803
*power
 Pnb(e,i) = 0.000000e+00 0.000000e+00
 Prf(e,i) = 6.615894e+00 1.340096e+01
 Prad     = -3.595080e+01 
 Pei      = 2.860509e+00 
 Pfuse    = 4.024970e+01 
 Pfusi    = 1.160789e+01 
 Poh      = 0.000000e+00 
*confinement time
 taut, tauITER98y2, H98y2 : 2.765744e+00 2.687478e+00 1.029123e+00
 taue, taui : 3.808373e+00 5.360933e+00
 taut, tau89, H89 : 2.765744e+00 1.154305e+00 2.396025e+00
*temperature
 nea, nebar : 1.944867e+01 2.196895e+01 
 tea, tia : 6.828836e+00 6.897469e+00 (9.900495e-01)
 te0, ti0 : 1.695588e+01 1.779706e+01 (9.527350e-01)
 Sn : 0.000000e+00 
*current balance
 Ip,Ibs,Inb,Irf: 1.000000e+01 1.722912e+00 0.000000e+00 7.736169e-02
 fni,fbs: 0.180 0.172
 ELAPASED TIME = 1767 sec
