NCAPTC: : NetCDF: Variable not found
Warning: ieee_overflow is signaling
Warning: ieee_underflow is signaling
Warning: ieee_inexact is signaling
FORTRAN STOP
 solver
 /global/common/software/atom/perlmutter/data/greentable/
 /global/common/software/atom/perlmutter/data/greentable/

          EFITD Version  07/09/2014


 type mode (2=file, 3=snap, 4=time, 5=input, 6=com file, 7=snap_ext):

 number of time slices?

 type input file names:
 #
 table_dir = </global/common/software/atom/perlmutter/data/greentable/>

  ----- time =     0 ms ----- ( 0)
 it=  1 chi2=0.00E+00 zm= 7.53E-03 err=5.202E+00 dz= 7.535E-03 chigam= 0.00E+00
 it=  2 chi2=0.00E+00 zm= 1.07E-02 err=7.915E-01 dz= 3.185E-03 chigam= 0.00E+00
 it=  3 chi2=0.00E+00 zm= 1.31E-02 err=4.533E-01 dz= 2.410E-03 chigam= 0.00E+00
 it=  4 chi2=0.00E+00 zm= 1.50E-02 err=2.755E-01 dz= 1.843E-03 chigam= 0.00E+00
 it=  5 chi2=0.00E+00 zm= 1.64E-02 err=1.676E-01 dz= 1.416E-03 chigam= 0.00E+00
 it=  6 chi2=0.00E+00 zm= 1.75E-02 err=1.031E-01 dz= 1.093E-03 chigam= 0.00E+00
 it=  7 chi2=0.00E+00 zm= 1.83E-02 err=6.514E-02 dz= 8.388E-04 chigam= 0.00E+00
 it=  8 chi2=0.00E+00 zm= 1.90E-02 err=4.069E-02 dz= 6.398E-04 chigam= 0.00E+00
 it=  9 chi2=0.00E+00 zm= 1.94E-02 err=2.606E-02 dz= 4.823E-04 chigam= 0.00E+00
 it= 10 chi2=0.00E+00 zm= 1.98E-02 err=1.728E-02 dz= 3.629E-04 chigam= 0.00E+00
 it= 11 chi2=0.00E+00 zm= 2.01E-02 err=1.156E-02 dz= 2.719E-04 chigam= 0.00E+00
 it= 12 chi2=0.00E+00 zm= 2.03E-02 err=7.807E-03 dz= 2.030E-04 chigam= 0.00E+00
 it= 13 chi2=0.00E+00 zm= 2.04E-02 err=5.311E-03 dz= 1.511E-04 chigam= 0.00E+00
 it= 14 chi2=0.00E+00 zm= 2.05E-02 err=3.638E-03 dz= 1.122E-04 chigam= 0.00E+00
 it= 15 chi2=0.00E+00 zm= 2.06E-02 err=2.508E-03 dz= 8.319E-05 chigam= 0.00E+00
 it= 16 chi2=0.00E+00 zm= 2.07E-02 err=1.738E-03 dz= 6.157E-05 chigam= 0.00E+00
 it= 17 chi2=0.00E+00 zm= 2.07E-02 err=1.210E-03 dz= 4.551E-05 chigam= 0.00E+00
 it= 18 chi2=0.00E+00 zm= 2.08E-02 err=8.469E-04 dz= 3.361E-05 chigam= 0.00E+00
 it= 19 chi2=0.00E+00 zm= 2.08E-02 err=5.951E-04 dz= 2.480E-05 chigam= 0.00E+00
 it= 20 chi2=0.00E+00 zm= 2.08E-02 err=4.198E-04 dz= 1.829E-05 chigam= 0.00E+00
 it= 21 chi2=0.00E+00 zm= 2.08E-02 err=2.900E-03 dz= 1.781E-05 chigam= 0.00E+00
 it= 22 chi2=0.00E+00 zm= 2.08E-02 err=2.158E-03 dz= 1.613E-05 chigam= 0.00E+00
 it= 23 chi2=0.00E+00 zm= 2.09E-02 err=1.093E-03 dz= 1.253E-05 chigam= 0.00E+00
 it= 24 chi2=0.00E+00 zm= 2.09E-02 err=5.612E-04 dz= 9.587E-06 chigam= 0.00E+00
 it= 25 chi2=0.00E+00 zm= 2.09E-02 err=2.941E-04 dz= 7.255E-06 chigam= 0.00E+00
 it= 26 chi2=0.00E+00 zm= 2.09E-02 err=1.592E-04 dz= 5.448E-06 chigam= 0.00E+00
 it= 27 chi2=0.00E+00 zm= 2.09E-02 err=8.987E-05 dz= 4.067E-06 chigam= 0.00E+00

      ******************** EFITD129 x 129  output ********************

       data used:   
  0 flux loops
  0 magnetic probes(i)
  0 full rogowski
  0 diamagnetic loop


 shot #   =          1 time(ms) =          0 chi**2   =  0.000E+00
 betat(%) =      0.821 betap    =      0.410 li       =      0.864
 vol(cm3) =  0.769E+07 rout(cm) =    172.109 zout(cm) =      0.858
 elong    =      1.337 utriang  =     -0.342 ltriang  =     -0.310
 a(cm)    =     41.340 lin(cm)  = ********** lout(cm) =     10.727
 ltop(cm) = ********** q*       =      2.266 rc(cm)   =    175.786
 zc(cm)   =      1.838 bt0(t)   =      2.000 qout     =      2.180
