========================================================================
= FASTRAN

nonlinear model = 0
ichi = 1
ineo = 0
reading state...
read formatted input, inprof...
init geometry...
read formatted input, inmetric...
nrho in inmetric = 101
rhob in inmetric = 1.262845e+00
solve avg grad-shafranv...
solve_avg_gs::Ip_temp = 9.985818e+00 
solve_avg_gs::Ip      = 1.000000e+01 
>>> tau_he = 5.000000, nhe(0)=2.520300e+00

 plasma volume = 148.503326
 stored energy(e,i,b,a) = 5.461623e+01 5.203148e+01 0.000000e+00 0.000000e+00
 betan = 1.211801
*power
 Pnb(e,i) = 0.000000e+00 0.000000e+00
 Prf(e,i) = 1.296197e+01 2.706320e+01
 Prad     = -1.292673e+01 
 Pei      = -8.988539e-01 
 Pfuse    = 5.335969e+01 
 Pfusi    = 1.736068e+01 
 Poh      = 0.000000e+00 
*confinement time
 taut, tauITER98y2, H98y2 : 1.090258e+00 1.338427e+00 8.145812e-01
 taue, taui : 1.040387e+00 2.849552e+00
 taut, tau89, H89 : 1.090258e+00 6.982306e-01 1.561458e+00
*temperature
 nea, nebar : 1.902420e+01 2.170589e+01 
 tea, tia : 6.990576e+00 6.962133e+00 (1.004085e+00)
 te0, ti0 : 1.886364e+01 1.910862e+01 (9.871796e-01)
 Sn : 0.000000e+00 
*current balance
 Ip,Ibs,Inb,Irf: 1.000000e+01 1.866934e+00 0.000000e+00 3.526552e-01
 fni,fbs: 0.222 0.187

Time advancing...
rho_bdry 0.900000 ...
te_bdry = 2.998496
ti_bdry = 2.998302
ne_bdry = 15.070099
rv_bdry = 279.463030
nrho_tr_bdry = 18
drho_bdry = 0.000000e+00
nrhob = 90
 [    0] t = 0.0000 
>>> tau_he = 5.000000, nhe(0)=2.510347e+00
 5     -0.003   4.01e-03   1.27e-01   2.57e-03  -1.38e-02   0.00e+00 (  7.81e-01,  4.97e+01)
10      0.000   1.76e-03  -4.03e-03  -6.02e-04   1.52e-04   0.00e+00 (  4.78e-01,  9.77e+01)
15     -0.003   2.59e-04  -5.44e-03  -3.90e-03  -2.15e-02   0.00e+00 (  8.75e-02,  1.37e+02)
20      0.002   1.45e-02  -3.40e-02  -8.60e-03   1.33e-02   0.00e+00 (  5.66e+00,  1.78e+02)
25      0.024   9.67e-02  -6.59e-03   1.08e-02   2.13e-01   0.00e+00 (  4.15e+01,  2.07e+02)
30      0.039   1.55e-01   5.70e-02   3.68e-02   3.79e-01   0.00e+00 (  7.06e+01,  2.25e+02)
35      0.045   2.07e-01   1.25e-01   6.32e-02   4.77e-01   0.00e+00 (  9.38e+01,  2.38e+02)
40      0.059   2.58e-01   1.96e-01   6.78e-02   6.61e-01   0.00e+00 (  1.15e+02,  2.43e+02)
45      0.102   3.51e-01   3.89e-01   1.77e-01   1.22e+00   0.00e+00 (  1.49e+02,  2.44e+02)
50      0.163   4.51e-01   6.08e-01   2.70e-01   2.04e+00   0.00e+00 (  1.80e+02,  2.40e+02)
55      0.233   5.61e-01   9.01e-01   4.51e-01   3.04e+00   0.00e+00 (  2.09e+02,  2.33e+02)
60      0.292   6.51e-01   1.18e+00   7.09e-01   3.95e+00   0.00e+00 (  2.24e+02,  2.24e+02)
65      0.331   7.30e-01   1.43e+00   9.70e-01   4.60e+00   0.00e+00 (  2.30e+02,  2.13e+02)
70      0.340   7.82e-01   1.58e+00   1.17e+00   4.84e+00   0.00e+00 (  2.22e+02,  2.01e+02)
75      0.318   7.84e-01   1.59e+00   1.26e+00   4.64e+00   0.00e+00 (  1.97e+02,  1.89e+02)
80      0.287   7.12e-01   1.48e+00   1.21e+00   4.42e+00   0.00e+00 (  1.57e+02,  1.78e+02)
85      0.274   6.72e-01   1.31e+00   1.05e+00   5.27e+00   0.00e+00 (  1.28e+02,  1.68e+02)
90      0.407   9.03e-01   1.34e+00   8.88e-01   1.55e+01   0.00e+00 (  2.15e+02,  1.59e+02)
95      0.357   6.52e-01   9.13e-01   6.83e-01   2.50e+01   0.00e+00 (  2.81e+02,  1.51e+02)
 0 e: 1.486e-06 i: 8.870e-06 :: e: 0.000e+00 i: 0.000e+00 :: n: 2.762e+01 e:18.853 i:19.074 v:4.993e+03
>>> tau_he = 5.000000, nhe(0)=2.505999e+00
 5     -0.003   4.07e-03   1.43e-01   2.61e-03  -1.15e-02   0.00e+00 (  7.77e-01,  4.97e+01)
10      0.000   2.47e-03  -4.40e-03  -7.36e-04   9.11e-04   0.00e+00 (  6.76e-01,  9.77e+01)
15     -0.003   2.60e-04  -5.48e-03  -4.02e-03  -2.18e-02   0.00e+00 (  8.79e-02,  1.37e+02)
20      0.001   1.46e-02  -3.42e-02  -8.58e-03   1.04e-02   0.00e+00 (  5.79e+00,  1.78e+02)
25      0.027   1.02e-01   2.66e-05   1.03e-02   2.36e-01   0.00e+00 (  4.39e+01,  2.07e+02)
30      0.040   1.56e-01   5.83e-02   3.73e-02   3.85e-01   0.00e+00 (  7.06e+01,  2.25e+02)
35      0.046   2.08e-01   1.28e-01   6.45e-02   4.84e-01   0.00e+00 (  9.47e+01,  2.38e+02)
40      0.086   3.02e-01   2.79e-01   9.17e-02   9.68e-01   0.00e+00 (  1.35e+02,  2.43e+02)
45      0.106   3.54e-01   4.00e-01   1.78e-01   1.26e+00   0.00e+00 (  1.51e+02,  2.44e+02)
50      0.170   4.56e-01   6.29e-01   2.75e-01   2.13e+00   0.00e+00 (  1.82e+02,  2.40e+02)
55      0.231   5.59e-01   9.03e-01   4.52e-01   3.02e+00   0.00e+00 (  2.07e+02,  2.33e+02)
60      0.274   6.44e-01   1.15e+00   6.81e-01   3.70e+00   0.00e+00 (  2.21e+02,  2.24e+02)
65      0.325   7.23e-01   1.41e+00   9.58e-01   4.52e+00   0.00e+00 (  2.26e+02,  2.13e+02)
70      0.342   7.80e-01   1.58e+00   1.17e+00   4.87e+00   0.00e+00 (  2.19e+02,  2.01e+02)
75      0.318   7.82e-01   1.59e+00   1.26e+00   4.64e+00   0.00e+00 (  1.95e+02,  1.89e+02)
80      0.277   7.10e-01   1.47e+00   1.20e+00   4.26e+00   0.00e+00 (  1.58e+02,  1.78e+02)
85      0.276   6.87e-01   1.33e+00   1.07e+00   5.32e+00   0.00e+00 (  1.37e+02,  1.68e+02)
90      0.403   9.00e-01   1.32e+00   8.72e-01   1.53e+01   0.00e+00 (  2.03e+02,  1.59e+02)
95      0.357   6.52e-01   9.13e-01   6.83e-01   2.50e+01   0.00e+00 (  2.81e+02,  1.51e+02)
 1 e: 5.988e-02 i: 2.244e-01 :: e: 1.046e-02 i: 1.422e-02 :: n: 2.762e+01 e:24.832 i:28.807 v:4.993e+03
>>> tau_he = 5.000000, nhe(0)=3.362940e+00
 5     -0.016   1.11e-02   3.99e-01   4.28e-03  -6.98e-02   0.00e+00 (  3.64e+00,  4.97e+01)
10     -0.141   7.69e-02   3.05e-02   1.29e-02  -7.96e-01   0.00e+00 (  5.09e+01,  9.77e+01)
15     -0.333   1.89e-01   1.27e-01  -1.70e-02  -2.26e+00   0.00e+00 (  1.76e+02,  1.37e+02)
20     -0.124   4.65e-01   5.55e-01   2.88e-01  -9.68e-01   0.00e+00 (  4.86e+02,  1.78e+02)
25      0.616   5.55e-01   6.18e-01   3.86e-01   5.42e+00   0.00e+00 (  4.56e+02,  2.07e+02)
30      0.459   4.64e-01   5.56e-01   3.44e-01   4.45e+00   0.00e+00 (  3.28e+02,  2.25e+02)
35      0.280   4.15e-01   6.12e-01   3.07e-01   2.95e+00   0.00e+00 (  2.66e+02,  2.38e+02)
40      0.266   4.33e-01   7.82e-01   3.38e-01   2.99e+00   0.00e+00 (  2.46e+02,  2.43e+02)
45      0.257   4.76e-01   9.56e-01   4.16e-01   3.06e+00   0.00e+00 (  2.28e+02,  2.44e+02)
50      0.207   4.98e-01   1.04e+00   4.62e-01   2.60e+00   0.00e+00 (  1.99e+02,  2.40e+02)
55      0.159   4.98e-01   9.88e-01   5.11e-01   2.08e+00   0.00e+00 (  1.68e+02,  2.33e+02)
60      0.139   5.09e-01   9.56e-01   5.52e-01   1.88e+00   0.00e+00 (  1.48e+02,  2.24e+02)
65      0.142   5.06e-01   9.50e-01   6.23e-01   1.97e+00   0.00e+00 (  1.30e+02,  2.13e+02)
70      0.202   6.06e-01   1.26e+00   9.20e-01   2.88e+00   0.00e+00 (  1.41e+02,  2.01e+02)
75      0.187   6.33e-01   1.27e+00   9.89e-01   2.73e+00   0.00e+00 (  1.40e+02,  1.89e+02)
80      0.150   6.24e-01   1.18e+00   9.34e-01   2.31e+00   0.00e+00 (  1.39e+02,  1.78e+02)
85      0.190   6.18e-01   1.13e+00   8.71e-01   3.66e+00   0.00e+00 (  1.29e+02,  1.68e+02)
90      0.385   8.82e-01   1.27e+00   8.25e-01   1.46e+01   0.00e+00 (  1.96e+02,  1.59e+02)
95      0.357   6.52e-01   9.13e-01   6.83e-01   2.50e+01   0.00e+00 (  2.81e+02,  1.51e+02)
 2 e: 4.021e-02 i: 1.587e-02 :: e: 2.844e-01 i: 2.919e-01 :: n: 2.762e+01 e:28.626 i:31.717 v:4.993e+03
>>> tau_he = 5.000000, nhe(0)=3.519498e+00
 5     -0.041   1.69e-02   5.02e-01   7.76e-03  -1.81e-01   0.00e+00 (  9.08e+00,  4.97e+01)
10     -0.721   1.33e-01   1.46e-02  -2.97e-02  -4.08e+00   0.00e+00 (  1.39e+02,  9.77e+01)
15     -1.121   5.84e-01   7.42e-01   4.83e-01  -7.59e+00   0.00e+00 (  7.84e+02,  1.37e+02)
20     -0.391   5.90e-01   6.88e-01   5.92e-01  -3.06e+00   0.00e+00 (  7.73e+02,  1.78e+02)
25      0.482   5.81e-01   6.51e-01   5.61e-01   4.24e+00   0.00e+00 (  6.22e+02,  2.07e+02)
30      0.511   4.79e-01   5.46e-01   4.49e-01   4.95e+00   0.00e+00 (  4.47e+02,  2.25e+02)
35      0.276   4.12e-01   5.41e-01   3.47e-01   2.91e+00   0.00e+00 (  3.33e+02,  2.38e+02)
40      0.209   3.96e-01   6.17e-01   2.85e-01   2.35e+00   0.00e+00 (  2.61e+02,  2.43e+02)
45      0.171   4.06e-01   6.68e-01   2.82e-01   2.04e+00   0.00e+00 (  2.06e+02,  2.44e+02)
50      0.172   4.29e-01   7.81e-01   3.44e-01   2.15e+00   0.00e+00 (  1.67e+02,  2.40e+02)
55      0.148   4.15e-01   7.47e-01   3.94e-01   1.94e+00   0.00e+00 (  1.26e+02,  2.33e+02)
60      0.106   3.54e-01   5.77e-01   3.57e-01   1.43e+00   0.00e+00 (  8.80e+01,  2.24e+02)
65      0.147   3.93e-01   7.11e-01   4.86e-01   2.04e+00   0.00e+00 (  8.26e+01,  2.13e+02)
70      0.206   4.83e-01   9.66e-01   7.18e-01   2.94e+00   0.00e+00 (  8.90e+01,  2.01e+02)
75      0.211   5.09e-01   1.02e+00   8.11e-01   3.08e+00   0.00e+00 (  8.73e+01,  1.89e+02)
80      0.197   5.03e-01   1.03e+00   8.14e-01   3.04e+00   0.00e+00 (  8.57e+01,  1.78e+02)
85      0.227   5.49e-01   1.06e+00   8.34e-01   4.37e+00   0.00e+00 (  8.76e+01,  1.68e+02)
90      0.392   8.92e-01   1.27e+00   8.34e-01   1.49e+01   0.00e+00 (  1.80e+02,  1.59e+02)
95      0.357   6.52e-01   9.13e-01   6.83e-01   2.50e+01   0.00e+00 (  2.81e+02,  1.51e+02)
 3 e: 1.358e-02 i: 9.753e-03 :: e: 3.954e-01 i: 3.881e-01 :: n: 2.762e+01 e:27.390 i:31.363 v:4.993e+03
>>> tau_he = 5.000000, nhe(0)=3.505449e+00
 5     -0.049   1.75e-02   4.77e-01   7.63e-03  -2.17e-01   0.00e+00 (  9.95e+00,  4.97e+01)
10     -0.637   1.38e-01   2.69e-02  -4.26e-02  -3.60e+00   0.00e+00 (  1.36e+02,  9.77e+01)
15     -0.429   4.84e-01   5.63e-01   2.58e-01  -2.91e+00   0.00e+00 (  5.09e+02,  1.37e+02)
20     -0.010   5.46e-01   6.04e-01   3.96e-01  -7.82e-02   0.00e+00 (  5.84e+02,  1.78e+02)
25      0.460   5.68e-01   6.34e-01   4.58e-01   4.04e+00   0.00e+00 (  5.48e+02,  2.07e+02)
30      0.469   5.00e-01   5.76e-01   4.64e-01   4.55e+00   0.00e+00 (  4.51e+02,  2.25e+02)
35      0.322   4.16e-01   5.82e-01   4.12e-01   3.39e+00   0.00e+00 (  3.38e+02,  2.38e+02)
40      0.240   4.17e-01   6.77e-01   3.34e-01   2.70e+00   0.00e+00 (  2.84e+02,  2.43e+02)
45      0.225   4.43e-01   7.89e-01   3.42e-01   2.69e+00   0.00e+00 (  2.35e+02,  2.44e+02)
50      0.207   4.73e-01   9.45e-01   4.36e-01   2.59e+00   0.00e+00 (  1.94e+02,  2.40e+02)
55      0.174   4.64e-01   9.25e-01   4.90e-01   2.28e+00   0.00e+00 (  1.50e+02,  2.33e+02)
60      0.128   4.07e-01   7.47e-01   4.55e-01   1.73e+00   0.00e+00 (  1.08e+02,  2.24e+02)
65      0.154   4.28e-01   8.30e-01   5.67e-01   2.14e+00   0.00e+00 (  9.53e+01,  2.13e+02)
70      0.194   4.92e-01   1.01e+00   7.49e-01   2.77e+00   0.00e+00 (  9.47e+01,  2.01e+02)
75      0.186   4.98e-01   1.01e+00   7.95e-01   2.71e+00   0.00e+00 (  8.85e+01,  1.89e+02)
80      0.164   4.89e-01   9.63e-01   7.61e-01   2.53e+00   0.00e+00 (  8.57e+01,  1.78e+02)
85      0.194   5.05e-01   9.62e-01   7.42e-01   3.73e+00   0.00e+00 (  8.19e+01,  1.68e+02)
90      0.382   8.80e-01   1.24e+00   8.06e-01   1.45e+01   0.00e+00 (  1.78e+02,  1.59e+02)
95      0.357   6.52e-01   9.13e-01   6.83e-01   2.50e+01   0.00e+00 (  2.81e+02,  1.51e+02)
 4 e: 6.030e-03 i: 8.165e-03 :: e: 3.383e-01 i: 3.290e-01 :: n: 2.762e+01 e:26.015 i:29.952 v:4.993e+03
>>> tau_he = 5.000000, nhe(0)=3.434017e+00
 5     -0.049   1.66e-02   4.33e-01   7.51e-03  -2.20e-01   0.00e+00 (  9.76e+00,  4.97e+01)
10     -0.569   1.28e-01   2.73e-02  -4.13e-02  -3.22e+00   0.00e+00 (  1.20e+02,  9.77e+01)
15     -0.285   2.10e-01   1.54e-01  -1.91e-01  -1.93e+00   0.00e+00 (  1.89e+02,  1.37e+02)
20     -0.036   4.16e-01   5.10e-01   2.27e-01  -2.85e-01   0.00e+00 (  3.82e+02,  1.78e+02)
25      0.390   4.90e-01   5.34e-01   3.15e-01   3.43e+00   0.00e+00 (  4.25e+02,  2.07e+02)
30      0.424   4.51e-01   5.09e-01   3.57e-01   4.11e+00   0.00e+00 (  3.79e+02,  2.25e+02)
35      0.261   4.14e-01   5.47e-01   3.25e-01   2.74e+00   0.00e+00 (  3.26e+02,  2.38e+02)
40      0.211   4.05e-01   6.32e-01   2.90e-01   2.37e+00   0.00e+00 (  2.71e+02,  2.43e+02)
45      0.187   4.24e-01   7.09e-01   2.99e-01   2.23e+00   0.00e+00 (  2.24e+02,  2.44e+02)
50      0.192   4.54e-01   8.52e-01   3.80e-01   2.40e+00   0.00e+00 (  1.87e+02,  2.40e+02)
55      0.171   4.56e-01   8.63e-01   4.56e-01   2.23e+00   0.00e+00 (  1.48e+02,  2.33e+02)
60      0.135   4.10e-01   7.32e-01   4.47e-01   1.82e+00   0.00e+00 (  1.10e+02,  2.24e+02)
65      0.162   4.30e-01   8.16e-01   5.60e-01   2.25e+00   0.00e+00 (  9.54e+01,  2.13e+02)
70      0.202   4.87e-01   9.88e-01   7.36e-01   2.88e+00   0.00e+00 (  9.21e+01,  2.01e+02)
75      0.199   4.94e-01   9.98e-01   7.89e-01   2.90e+00   0.00e+00 (  8.50e+01,  1.89e+02)
80      0.184   4.77e-01   9.74e-01   7.72e-01   2.84e+00   0.00e+00 (  7.95e+01,  1.78e+02)
85      0.210   5.09e-01   9.77e-01   7.62e-01   4.04e+00   0.00e+00 (  7.70e+01,  1.68e+02)
90      0.385   8.86e-01   1.25e+00   8.13e-01   1.46e+01   0.00e+00 (  1.74e+02,  1.59e+02)
95      0.357   6.52e-01   9.13e-01   6.83e-01   2.50e+01   0.00e+00 (  2.81e+02,  1.51e+02)
 5 e: 2.739e-03 i: 5.307e-03 :: e: 2.656e-01 i: 2.589e-01 :: n: 2.762e+01 e:25.257 i:28.726 v:4.993e+03
>>> tau_he = 5.000000, nhe(0)=3.364566e+00
 5     -0.047   1.54e-02   3.97e-01   7.42e-03  -2.09e-01   0.00e+00 (  9.10e+00,  4.97e+01)
10     -0.453   1.30e-01   5.89e-02  -1.92e-02  -2.56e+00   0.00e+00 (  1.16e+02,  9.77e+01)
15     -0.231   1.50e-01   7.58e-02  -3.54e-02  -1.56e+00   0.00e+00 (  1.27e+02,  1.37e+02)
20     -0.051   1.78e-01   1.27e-01   7.40e-03  -3.98e-01   0.00e+00 (  1.48e+02,  1.78e+02)
25      0.313   4.16e-01   4.67e-01   2.82e-01   2.75e+00   0.00e+00 (  3.28e+02,  2.07e+02)
30      0.359   4.25e-01   4.79e-01   2.94e-01   3.48e+00   0.00e+00 (  3.31e+02,  2.25e+02)
35      0.227   3.99e-01   5.41e-01   2.77e-01   2.39e+00   0.00e+00 (  2.97e+02,  2.38e+02)
40      0.204   4.08e-01   6.49e-01   2.82e-01   2.30e+00   0.00e+00 (  2.64e+02,  2.43e+02)
45      0.186   4.29e-01   7.28e-01   3.06e-01   2.22e+00   0.00e+00 (  2.24e+02,  2.44e+02)
50      0.194   4.65e-01   8.86e-01   3.95e-01   2.43e+00   0.00e+00 (  1.92e+02,  2.40e+02)
55      0.178   4.73e-01   9.19e-01   4.85e-01   2.32e+00   0.00e+00 (  1.57e+02,  2.33e+02)
60      0.146   4.37e-01   8.10e-01   4.95e-01   1.97e+00   0.00e+00 (  1.21e+02,  2.24e+02)
65      0.168   4.57e-01   8.87e-01   6.08e-01   2.34e+00   0.00e+00 (  1.06e+02,  2.13e+02)
70      0.202   5.07e-01   1.04e+00   7.69e-01   2.87e+00   0.00e+00 (  1.00e+02,  2.01e+02)
75      0.194   5.09e-01   1.03e+00   8.14e-01   2.83e+00   0.00e+00 (  9.14e+01,  1.89e+02)
80      0.178   4.85e-01   9.90e-01   7.82e-01   2.74e+00   0.00e+00 (  8.44e+01,  1.78e+02)
85      0.202   5.07e-01   9.69e-01   7.50e-01   3.88e+00   0.00e+00 (  7.94e+01,  1.68e+02)
90      0.383   8.82e-01   1.24e+00   8.07e-01   1.45e+01   0.00e+00 (  1.75e+02,  1.59e+02)
95      0.357   6.52e-01   9.13e-01   6.83e-01   2.50e+01   0.00e+00 (  2.81e+02,  1.51e+02)
 6 e: 1.620e-03 i: 3.133e-03 :: e: 1.919e-01 i: 2.087e-01 :: n: 2.762e+01 e:24.476 i:27.999 v:4.993e+03
>>> tau_he = 5.000000, nhe(0)=3.320125e+00
 5     -0.045   1.47e-02   3.79e-01   7.31e-03  -1.99e-01   0.00e+00 (  8.66e+00,  4.97e+01)
10     -0.393   1.22e-01   6.55e-02  -8.89e-03  -2.22e+00   0.00e+00 (  1.04e+02,  9.77e+01)
15     -0.190   1.35e-01   7.50e-02  -3.45e-02  -1.29e+00   0.00e+00 (  1.11e+02,  1.37e+02)
20     -0.026   1.80e-01   1.44e-01   9.88e-03  -2.02e-01   0.00e+00 (  1.46e+02,  1.78e+02)
25      0.250   3.69e-01   4.04e-01   2.32e-01   2.20e+00   0.00e+00 (  2.72e+02,  2.07e+02)
30      0.213   3.67e-01   4.63e-01   2.68e-01   2.06e+00   0.00e+00 (  2.65e+02,  2.25e+02)
35      0.188   3.72e-01   5.09e-01   2.49e-01   1.98e+00   0.00e+00 (  2.59e+02,  2.38e+02)
40      0.179   3.91e-01   6.12e-01   2.60e-01   2.02e+00   0.00e+00 (  2.40e+02,  2.43e+02)
45      0.189   4.29e-01   7.40e-01   3.12e-01   2.26e+00   0.00e+00 (  2.15e+02,  2.44e+02)
50      0.179   4.49e-01   8.23e-01   3.62e-01   2.25e+00   0.00e+00 (  1.80e+02,  2.40e+02)
55      0.174   4.62e-01   8.73e-01   4.60e-01   2.27e+00   0.00e+00 (  1.51e+02,  2.33e+02)
60      0.148   4.35e-01   7.95e-01   4.86e-01   2.00e+00   0.00e+00 (  1.20e+02,  2.24e+02)
65      0.173   4.57e-01   8.82e-01   6.05e-01   2.40e+00   0.00e+00 (  1.06e+02,  2.13e+02)
70      0.206   5.09e-01   1.03e+00   7.70e-01   2.94e+00   0.00e+00 (  1.01e+02,  2.01e+02)
75      0.201   5.15e-01   1.04e+00   8.22e-01   2.93e+00   0.00e+00 (  9.23e+01,  1.89e+02)
80      0.187   4.94e-01   1.01e+00   8.03e-01   2.88e+00   0.00e+00 (  8.56e+01,  1.78e+02)
85      0.211   5.15e-01   9.91e-01   7.75e-01   4.05e+00   0.00e+00 (  7.96e+01,  1.68e+02)
90      0.385   8.85e-01   1.25e+00   8.11e-01   1.46e+01   0.00e+00 (  1.74e+02,  1.59e+02)
95      0.357   6.52e-01   9.13e-01   6.83e-01   2.50e+01   0.00e+00 (  2.81e+02,  1.51e+02)
 7 e: 6.753e-04 i: 1.862e-03 :: e: 1.550e-01 i: 1.736e-01 :: n: 2.762e+01 e:24.130 i:27.214 v:4.993e+03
>>> tau_he = 5.000000, nhe(0)=3.269425e+00
 5     -0.042   1.40e-02   3.60e-01   7.61e-03  -1.89e-01   0.00e+00 (  8.28e+00,  4.97e+01)
10     -0.265   1.11e-01   4.64e-02  -2.17e-02  -1.50e+00   0.00e+00 (  9.16e+01,  9.77e+01)
15     -0.114   3.33e-01   4.40e-01   1.05e-01  -7.70e-01   0.00e+00 (  2.72e+02,  1.37e+02)
20     -0.023   1.75e-01   1.49e-01  -2.50e-02  -1.79e-01   0.00e+00 (  1.40e+02,  1.78e+02)
25      0.161   3.25e-01   4.01e-01   2.13e-01   1.42e+00   0.00e+00 (  2.30e+02,  2.07e+02)
30      0.187   3.48e-01   4.46e-01   2.41e-01   1.81e+00   0.00e+00 (  2.40e+02,  2.25e+02)
35      0.171   3.57e-01   5.00e-01   2.29e-01   1.80e+00   0.00e+00 (  2.39e+02,  2.38e+02)
40      0.167   3.84e-01   6.05e-01   2.31e-01   1.88e+00   0.00e+00 (  2.27e+02,  2.43e+02)
45      0.180   4.18e-01   7.33e-01   3.08e-01   2.14e+00   0.00e+00 (  2.04e+02,  2.44e+02)
50      0.175   4.46e-01   8.20e-01   3.61e-01   2.19e+00   0.00e+00 (  1.76e+02,  2.40e+02)
55      0.174   4.65e-01   8.83e-01   4.65e-01   2.27e+00   0.00e+00 (  1.52e+02,  2.33e+02)
60      0.183   4.90e-01   9.63e-01   5.82e-01   2.48e+00   0.00e+00 (  1.37e+02,  2.24e+02)
65      0.174   4.68e-01   9.07e-01   6.19e-01   2.41e+00   0.00e+00 (  1.10e+02,  2.13e+02)
70      0.205   5.17e-01   1.05e+00   7.80e-01   2.91e+00   0.00e+00 (  1.04e+02,  2.01e+02)
75      0.198   5.22e-01   1.05e+00   8.33e-01   2.90e+00   0.00e+00 (  9.57e+01,  1.89e+02)
80      0.185   5.00e-01   1.02e+00   8.12e-01   2.84e+00   0.00e+00 (  8.85e+01,  1.78e+02)
85      0.208   5.16e-01   9.91e-01   7.74e-01   4.00e+00   0.00e+00 (  8.10e+01,  1.68e+02)
90      0.384   8.84e-01   1.25e+00   8.09e-01   1.46e+01   0.00e+00 (  1.74e+02,  1.59e+02)
95      0.357   6.52e-01   9.13e-01   6.83e-01   2.50e+01   0.00e+00 (  2.81e+02,  1.51e+02)
 8 e: 1.023e-03 i: 1.586e-03 :: e: 1.373e-01 i: 1.453e-01 :: n: 2.762e+01 e:23.467 i:26.694 v:4.993e+03
>>> tau_he = 5.000000, nhe(0)=3.233991e+00
 5     -0.041   1.34e-02   3.44e-01   7.37e-03  -1.85e-01   0.00e+00 (  7.88e+00,  4.97e+01)
10     -0.240   1.05e-01   4.32e-02  -2.02e-02  -1.35e+00   0.00e+00 (  8.35e+01,  9.77e+01)
15     -0.159   1.44e-01   1.02e-01  -2.80e-02  -1.07e+00   0.00e+00 (  1.10e+02,  1.37e+02)
20      0.075   3.04e-01   3.76e-01   1.49e-01   5.87e-01   0.00e+00 (  2.35e+02,  1.78e+02)
25      0.151   3.06e-01   3.80e-01   1.92e-01   1.32e+00   0.00e+00 (  2.10e+02,  2.07e+02)
30      0.157   3.22e-01   4.21e-01   2.11e-01   1.52e+00   0.00e+00 (  2.14e+02,  2.25e+02)
35      0.153   3.43e-01   4.76e-01   2.13e-01   1.61e+00   0.00e+00 (  2.19e+02,  2.38e+02)
40      0.155   3.70e-01   5.74e-01   2.18e-01   1.74e+00   0.00e+00 (  2.10e+02,  2.43e+02)
45      0.168   4.01e-01   6.90e-01   2.90e-01   2.00e+00   0.00e+00 (  1.89e+02,  2.44e+02)
50      0.169   4.31e-01   7.77e-01   3.38e-01   2.11e+00   0.00e+00 (  1.66e+02,  2.40e+02)
55      0.172   4.54e-01   8.52e-01   4.49e-01   2.24e+00   0.00e+00 (  1.46e+02,  2.33e+02)
60      0.151   4.36e-01   7.99e-01   4.88e-01   2.04e+00   0.00e+00 (  1.20e+02,  2.24e+02)
65      0.176   4.64e-01   8.98e-01   6.16e-01   2.45e+00   0.00e+00 (  1.09e+02,  2.13e+02)
70      0.207   5.16e-01   1.05e+00   7.79e-01   2.95e+00   0.00e+00 (  1.03e+02,  2.01e+02)
75      0.202   5.24e-01   1.06e+00   8.35e-01   2.95e+00   0.00e+00 (  9.56e+01,  1.89e+02)
80      0.190   5.04e-01   1.03e+00   8.21e-01   2.93e+00   0.00e+00 (  8.87e+01,  1.78e+02)
85      0.213   5.20e-01   1.00e+00   7.83e-01   4.09e+00   0.00e+00 (  8.07e+01,  1.68e+02)
90      0.385   8.85e-01   1.25e+00   8.11e-01   1.46e+01   0.00e+00 (  1.74e+02,  1.59e+02)
95      0.357   6.52e-01   9.13e-01   6.83e-01   2.50e+01   0.00e+00 (  2.81e+02,  1.51e+02)
 9 e: 2.264e-04 i: 9.854e-04 :: e: 1.177e-01 i: 1.277e-01 :: n: 2.762e+01 e:23.248 i:26.084 v:4.993e+03
>>> tau_he = 5.000000, nhe(0)=3.190643e+00
 5     -0.040   1.30e-02   3.29e-01   7.40e-03  -1.77e-01   0.00e+00 (  7.59e+00,  4.97e+01)
10     -0.202   9.52e-02   3.99e-02  -1.76e-02  -1.14e+00   0.00e+00 (  7.42e+01,  9.77e+01)
15     -0.139   1.36e-01   1.03e-01  -2.90e-02  -9.41e-01   0.00e+00 (  1.02e+02,  1.37e+02)
20      0.002   1.48e-01   1.38e-01  -1.17e-02   1.73e-02   0.00e+00 (  1.11e+02,  1.78e+02)
25      0.140   2.92e-01   3.70e-01   1.83e-01   1.23e+00   0.00e+00 (  1.97e+02,  2.07e+02)
30      0.148   3.16e-01   4.13e-01   2.09e-01   1.43e+00   0.00e+00 (  2.06e+02,  2.25e+02)
35      0.140   3.32e-01   4.70e-01   2.00e-01   1.47e+00   0.00e+00 (  2.08e+02,  2.38e+02)
40      0.149   3.60e-01   5.70e-01   2.17e-01   1.68e+00   0.00e+00 (  2.00e+02,  2.43e+02)
45      0.162   3.97e-01   6.84e-01   2.87e-01   1.93e+00   0.00e+00 (  1.84e+02,  2.44e+02)
50      0.165   4.29e-01   7.76e-01   3.35e-01   2.06e+00   0.00e+00 (  1.64e+02,  2.40e+02)
55      0.171   4.55e-01   8.58e-01   4.52e-01   2.23e+00   0.00e+00 (  1.46e+02,  2.33e+02)
60      0.153   4.42e-01   8.16e-01   4.99e-01   2.07e+00   0.00e+00 (  1.22e+02,  2.24e+02)
65      0.176   4.69e-01   9.12e-01   6.25e-01   2.44e+00   0.00e+00 (  1.11e+02,  2.13e+02)
70      0.205   5.19e-01   1.05e+00   7.80e-01   2.91e+00   0.00e+00 (  1.05e+02,  2.01e+02)
75      0.200   5.26e-01   1.06e+00   8.38e-01   2.91e+00   0.00e+00 (  9.72e+01,  1.89e+02)
80      0.188   5.06e-01   1.04e+00   8.23e-01   2.89e+00   0.00e+00 (  9.00e+01,  1.78e+02)
85      0.210   5.18e-01   9.96e-01   7.80e-01   4.04e+00   0.00e+00 (  8.10e+01,  1.68e+02)
90      0.384   8.84e-01   1.25e+00   8.09e-01   1.46e+01   0.00e+00 (  1.74e+02,  1.59e+02)
95      0.357   6.52e-01   9.13e-01   6.83e-01   2.50e+01   0.00e+00 (  2.81e+02,  1.51e+02)
10 e: 2.768e-04 i: 4.843e-04 :: e: 9.386e-02 i: 1.048e-01 :: n: 2.762e+01 e:22.897 i:25.854 v:4.993e+03
>>> tau_he = 5.000000, nhe(0)=3.173737e+00
 5     -0.039   1.26e-02   3.23e-01   7.28e-03  -1.72e-01   0.00e+00 (  7.30e+00,  4.97e+01)
10     -0.189   9.15e-02   3.68e-02  -1.65e-02  -1.07e+00   0.00e+00 (  6.98e+01,  9.77e+01)
15     -0.136   1.35e-01   1.13e-01  -7.17e-02  -9.19e-01   0.00e+00 (  1.00e+02,  1.37e+02)
20      0.006   1.45e-01   1.36e-01  -1.93e-02   4.57e-02   0.00e+00 (  1.08e+02,  1.78e+02)
25      0.133   2.81e-01   3.56e-01   1.71e-01   1.17e+00   0.00e+00 (  1.85e+02,  2.07e+02)
30      0.138   3.05e-01   3.96e-01   1.93e-01   1.34e+00   0.00e+00 (  1.93e+02,  2.25e+02)
35      0.132   3.32e-01   4.51e-01   2.04e-01   1.39e+00   0.00e+00 (  2.01e+02,  2.38e+02)
40      0.140   3.49e-01   5.46e-01   2.17e-01   1.57e+00   0.00e+00 (  1.88e+02,  2.43e+02)
45      0.153   3.85e-01   6.53e-01   2.75e-01   1.83e+00   0.00e+00 (  1.74e+02,  2.44e+02)
50      0.160   4.19e-01   7.47e-01   3.22e-01   2.01e+00   0.00e+00 (  1.57e+02,  2.40e+02)
55      0.170   4.48e-01   8.36e-01   4.41e-01   2.21e+00   0.00e+00 (  1.41e+02,  2.33e+02)
60      0.155   4.39e-01   8.08e-01   4.94e-01   2.09e+00   0.00e+00 (  1.20e+02,  2.24e+02)
65      0.177   4.66e-01   9.03e-01   6.20e-01   2.46e+00   0.00e+00 (  1.10e+02,  2.13e+02)
70      0.205   5.17e-01   1.04e+00   7.74e-01   2.92e+00   0.00e+00 (  1.04e+02,  2.01e+02)
75      0.201   5.25e-01   1.06e+00   8.35e-01   2.94e+00   0.00e+00 (  9.63e+01,  1.89e+02)
80      0.191   5.06e-01   1.04e+00   8.26e-01   2.94e+00   0.00e+00 (  8.95e+01,  1.78e+02)
85      0.213   5.19e-01   9.99e-01   7.83e-01   4.10e+00   0.00e+00 (  8.02e+01,  1.68e+02)
90      0.384   8.85e-01   1.25e+00   8.09e-01   1.46e+01   0.00e+00 (  1.73e+02,  1.59e+02)
95      0.357   6.52e-01   9.13e-01   6.83e-01   2.50e+01   0.00e+00 (  2.81e+02,  1.51e+02)
11 e: 8.145e-05 i: 3.469e-04 :: e: 8.632e-02 i: 8.896e-02 :: n: 2.762e+01 e:22.827 i:25.602 v:4.993e+03
>>> tau_he = 5.000000, nhe(0)=3.154853e+00
 5     -0.038   1.24e-02   3.18e-01   7.27e-03  -1.68e-01   0.00e+00 (  7.18e+00,  4.97e+01)
10     -0.174   9.02e-02   3.47e-02  -1.62e-02  -9.82e-01   0.00e+00 (  6.84e+01,  9.77e+01)
15     -0.044   2.89e-01   3.79e-01   8.02e-02  -2.98e-01   0.00e+00 (  2.15e+02,  1.37e+02)
20      0.081   2.74e-01   3.52e-01   1.45e-01   6.31e-01   0.00e+00 (  2.05e+02,  1.78e+02)
25      0.139   2.91e-01   3.41e-01   1.40e-01   1.23e+00   0.00e+00 (  1.90e+02,  2.07e+02)
30      0.136   3.13e-01   3.81e-01   1.86e-01   1.31e+00   0.00e+00 (  1.96e+02,  2.25e+02)
35      0.128   3.27e-01   4.46e-01   2.12e-01   1.34e+00   0.00e+00 (  1.95e+02,  2.38e+02)
40      0.136   3.45e-01   5.42e-01   2.17e-01   1.53e+00   0.00e+00 (  1.83e+02,  2.43e+02)
45      0.149   3.84e-01   6.48e-01   2.74e-01   1.78e+00   0.00e+00 (  1.72e+02,  2.44e+02)
50      0.158   4.17e-01   7.46e-01   3.22e-01   1.98e+00   0.00e+00 (  1.56e+02,  2.40e+02)
55      0.169   4.48e-01   8.41e-01   4.43e-01   2.21e+00   0.00e+00 (  1.41e+02,  2.33e+02)
60      0.156   4.42e-01   8.19e-01   5.01e-01   2.11e+00   0.00e+00 (  1.22e+02,  2.24e+02)
65      0.176   4.69e-01   9.11e-01   6.25e-01   2.45e+00   0.00e+00 (  1.11e+02,  2.13e+02)
70      0.203   5.17e-01   1.05e+00   7.75e-01   2.89e+00   0.00e+00 (  1.05e+02,  2.01e+02)
75      0.199   5.25e-01   1.06e+00   8.35e-01   2.90e+00   0.00e+00 (  9.70e+01,  1.89e+02)
80      0.189   5.06e-01   1.04e+00   8.26e-01   2.91e+00   0.00e+00 (  9.00e+01,  1.78e+02)
85      0.211   5.16e-01   9.94e-01   7.78e-01   4.06e+00   0.00e+00 (  8.00e+01,  1.68e+02)
90      0.384   8.84e-01   1.24e+00   8.07e-01   1.46e+01   0.00e+00 (  1.73e+02,  1.59e+02)
95      0.357   6.52e-01   9.13e-01   6.83e-01   2.50e+01   0.00e+00 (  2.81e+02,  1.51e+02)
12 e: 3.480e-04 i: 7.381e-04 :: e: 9.535e-02 i: 9.191e-02 :: n: 2.762e+01 e:22.509 i:25.326 v:4.993e+03
>>> tau_he = 5.000000, nhe(0)=3.133809e+00
 5     -0.038   1.24e-02   3.10e-01   7.31e-03  -1.68e-01   0.00e+00 (  7.17e+00,  4.97e+01)
10     -0.175   8.75e-02   3.59e-02  -1.58e-02  -9.87e-01   0.00e+00 (  6.51e+01,  9.77e+01)
15     -0.093   1.26e-01   9.42e-02  -2.14e-02  -6.31e-01   0.00e+00 (  8.96e+01,  1.37e+02)
20      0.001   1.39e-01   1.28e-01   2.49e-03   1.06e-02   0.00e+00 (  1.00e+02,  1.78e+02)
25      0.048   1.65e-01   1.70e-01   3.38e-02   4.22e-01   0.00e+00 (  1.07e+02,  2.07e+02)
30      0.130   3.05e-01   3.71e-01   1.77e-01   1.26e+00   0.00e+00 (  1.88e+02,  2.25e+02)
35      0.125   3.22e-01   4.35e-01   2.06e-01   1.31e+00   0.00e+00 (  1.89e+02,  2.38e+02)
40      0.131   3.39e-01   5.26e-01   2.14e-01   1.48e+00   0.00e+00 (  1.77e+02,  2.43e+02)
45      0.145   3.77e-01   6.30e-01   2.67e-01   1.73e+00   0.00e+00 (  1.67e+02,  2.44e+02)
50      0.157   4.11e-01   7.30e-01   3.15e-01   1.96e+00   0.00e+00 (  1.52e+02,  2.40e+02)
55      0.169   4.44e-01   8.29e-01   4.37e-01   2.21e+00   0.00e+00 (  1.39e+02,  2.33e+02)
60      0.158   4.41e-01   8.16e-01   5.00e-01   2.13e+00   0.00e+00 (  1.21e+02,  2.24e+02)
65      0.177   4.68e-01   9.07e-01   6.22e-01   2.47e+00   0.00e+00 (  1.10e+02,  2.13e+02)
70      0.204   5.16e-01   1.04e+00   7.72e-01   2.90e+00   0.00e+00 (  1.04e+02,  2.01e+02)
75      0.201   5.24e-01   1.05e+00   8.33e-01   2.93e+00   0.00e+00 (  9.64e+01,  1.89e+02)
80      0.192   5.07e-01   1.04e+00   8.27e-01   2.95e+00   0.00e+00 (  8.95e+01,  1.78e+02)
85      0.213   5.17e-01   9.95e-01   7.80e-01   4.10e+00   0.00e+00 (  7.93e+01,  1.68e+02)
90      0.384   8.85e-01   1.24e+00   8.07e-01   1.46e+01   0.00e+00 (  1.72e+02,  1.59e+02)
95      0.357   6.52e-01   9.13e-01   6.83e-01   2.50e+01   0.00e+00 (  2.81e+02,  1.51e+02)
13 e: 1.160e-04 i: 2.812e-04 :: e: 9.112e-02 i: 7.969e-02 :: n: 2.762e+01 e:22.522 i:25.224 v:4.993e+03
>>> tau_he = 5.000000, nhe(0)=3.125850e+00
 5     -0.037   1.22e-02   3.09e-01   7.31e-03  -1.63e-01   0.00e+00 (  7.00e+00,  4.97e+01)
10     -0.168   8.62e-02   3.44e-02  -1.53e-02  -9.53e-01   0.00e+00 (  6.36e+01,  9.77e+01)
15     -0.115   1.27e-01   9.68e-02  -2.61e-02  -7.78e-01   0.00e+00 (  9.05e+01,  1.37e+02)
20      0.012   1.45e-01   1.36e-01  -2.00e-02   9.34e-02   0.00e+00 (  1.06e+02,  1.78e+02)
25      0.130   2.73e-01   3.51e-01   1.72e-01   1.14e+00   0.00e+00 (  1.79e+02,  2.07e+02)
30      0.129   3.02e-01   3.71e-01   1.78e-01   1.25e+00   0.00e+00 (  1.86e+02,  2.25e+02)
35      0.122   3.19e-01   4.34e-01   2.05e-01   1.28e+00   0.00e+00 (  1.86e+02,  2.38e+02)
40      0.128   3.37e-01   5.24e-01   2.18e-01   1.44e+00   0.00e+00 (  1.76e+02,  2.43e+02)
45      0.143   3.76e-01   6.30e-01   2.67e-01   1.71e+00   0.00e+00 (  1.66e+02,  2.44e+02)
50      0.156   4.12e-01   7.33e-01   3.17e-01   1.95e+00   0.00e+00 (  1.52e+02,  2.40e+02)
55      0.169   4.46e-01   8.35e-01   4.40e-01   2.21e+00   0.00e+00 (  1.40e+02,  2.33e+02)
60      0.191   4.90e-01   9.65e-01   5.85e-01   2.57e+00   0.00e+00 (  1.35e+02,  2.24e+02)
65      0.177   4.70e-01   9.14e-01   6.27e-01   2.46e+00   0.00e+00 (  1.12e+02,  2.13e+02)
70      0.202   5.17e-01   1.04e+00   7.74e-01   2.88e+00   0.00e+00 (  1.05e+02,  2.01e+02)
75      0.199   5.25e-01   1.05e+00   8.34e-01   2.90e+00   0.00e+00 (  9.72e+01,  1.89e+02)
80      0.190   5.07e-01   1.04e+00   8.27e-01   2.93e+00   0.00e+00 (  9.00e+01,  1.78e+02)
85      0.211   5.15e-01   9.91e-01   7.77e-01   4.07e+00   0.00e+00 (  7.92e+01,  1.68e+02)
90      0.383   8.84e-01   1.24e+00   8.05e-01   1.46e+01   0.00e+00 (  1.72e+02,  1.59e+02)
95      0.357   6.52e-01   9.13e-01   6.83e-01   2.50e+01   0.00e+00 (  2.81e+02,  1.51e+02)
14 e: 5.242e-05 i: 2.087e-04 :: e: 5.956e-02 i: 6.031e-02 :: n: 2.762e+01 e:22.461 i:25.231 v:4.993e+03
>>> tau_he = 5.000000, nhe(0)=3.126452e+00
 5     -0.036   1.21e-02   3.09e-01   7.30e-03  -1.63e-01   0.00e+00 (  6.97e+00,  4.97e+01)
10     -0.166   8.55e-02   3.34e-02  -1.50e-02  -9.40e-01   0.00e+00 (  6.28e+01,  9.77e+01)
15     -0.118   1.28e-01   9.90e-02  -2.67e-02  -7.98e-01   0.00e+00 (  9.17e+01,  1.37e+02)
20      0.083   2.67e-01   3.43e-01   1.40e-01   6.47e-01   0.00e+00 (  1.96e+02,  1.78e+02)
25      0.135   2.84e-01   3.35e-01   1.39e-01   1.19e+00   0.00e+00 (  1.86e+02,  2.07e+02)
30      0.125   2.98e-01   3.64e-01   1.72e-01   1.21e+00   0.00e+00 (  1.82e+02,  2.25e+02)
35      0.119   3.16e-01   4.26e-01   2.01e-01   1.25e+00   0.00e+00 (  1.82e+02,  2.38e+02)
40      0.125   3.33e-01   5.12e-01   2.30e-01   1.40e+00   0.00e+00 (  1.72e+02,  2.43e+02)
45      0.140   3.72e-01   6.18e-01   2.62e-01   1.68e+00   0.00e+00 (  1.63e+02,  2.44e+02)
50      0.155   4.09e-01   7.23e-01   3.13e-01   1.94e+00   0.00e+00 (  1.50e+02,  2.40e+02)
55      0.169   4.43e-01   8.26e-01   4.36e-01   2.20e+00   0.00e+00 (  1.38e+02,  2.33e+02)
60      0.157   4.40e-01   8.13e-01   4.97e-01   2.12e+00   0.00e+00 (  1.20e+02,  2.24e+02)
65      0.177   4.69e-01   9.09e-01   6.24e-01   2.46e+00   0.00e+00 (  1.11e+02,  2.13e+02)
70      0.203   5.17e-01   1.04e+00   7.72e-01   2.89e+00   0.00e+00 (  1.05e+02,  2.01e+02)
75      0.200   5.25e-01   1.05e+00   8.34e-01   2.92e+00   0.00e+00 (  9.71e+01,  1.89e+02)
80      0.192   5.08e-01   1.04e+00   8.29e-01   2.96e+00   0.00e+00 (  8.99e+01,  1.78e+02)
85      0.213   5.16e-01   9.93e-01   7.79e-01   4.10e+00   0.00e+00 (  7.88e+01,  1.68e+02)
90      0.383   8.85e-01   1.24e+00   8.05e-01   1.46e+01   0.00e+00 (  1.71e+02,  1.59e+02)
95      0.357   6.52e-01   9.13e-01   6.83e-01   2.50e+01   0.00e+00 (  2.81e+02,  1.51e+02)
15 e: 5.724e-05 i: 2.995e-04 :: e: 6.698e-02 i: 6.147e-02 :: n: 2.762e+01 e:22.456 i:25.096 v:4.993e+03
>>> tau_he = 5.000000, nhe(0)=3.115842e+00
 5     -0.036   1.21e-02   3.06e-01   7.30e-03  -1.62e-01   0.00e+00 (  6.94e+00,  4.97e+01)
10     -0.167   8.52e-02   3.38e-02  -1.51e-02  -9.42e-01   0.00e+00 (  6.26e+01,  9.77e+01)
15     -0.121   1.29e-01   1.10e-01  -7.55e-02  -8.23e-01   0.00e+00 (  9.31e+01,  1.37e+02)
20      0.004   1.42e-01   1.35e-01  -1.43e-02   2.77e-02   0.00e+00 (  1.02e+02,  1.78e+02)
25      0.046   1.64e-01   1.71e-01   3.34e-02   4.02e-01   0.00e+00 (  1.06e+02,  2.07e+02)
30      0.124   2.97e-01   3.64e-01   1.72e-01   1.21e+00   0.00e+00 (  1.81e+02,  2.25e+02)
35      0.118   3.15e-01   4.26e-01   2.01e-01   1.24e+00   0.00e+00 (  1.81e+02,  2.38e+02)
40      0.124   3.33e-01   5.12e-01   2.31e-01   1.39e+00   0.00e+00 (  1.71e+02,  2.43e+02)
45      0.140   3.72e-01   6.19e-01   2.63e-01   1.67e+00   0.00e+00 (  1.63e+02,  2.44e+02)
50      0.155   4.10e-01   7.27e-01   3.14e-01   1.94e+00   0.00e+00 (  1.51e+02,  2.40e+02)
55      0.169   4.46e-01   8.32e-01   4.39e-01   2.21e+00   0.00e+00 (  1.40e+02,  2.33e+02)
60      0.191   4.90e-01   9.63e-01   5.83e-01   2.58e+00   0.00e+00 (  1.35e+02,  2.24e+02)
65      0.177   4.72e-01   9.17e-01   6.29e-01   2.47e+00   0.00e+00 (  1.12e+02,  2.13e+02)
70      0.202   5.19e-01   1.05e+00   7.75e-01   2.88e+00   0.00e+00 (  1.06e+02,  2.01e+02)
75      0.199   5.27e-01   1.06e+00   8.36e-01   2.90e+00   0.00e+00 (  9.79e+01,  1.89e+02)
80      0.191   5.09e-01   1.04e+00   8.31e-01   2.95e+00   0.00e+00 (  9.05e+01,  1.78e+02)
85      0.212   5.15e-01   9.92e-01   7.78e-01   4.09e+00   0.00e+00 (  7.89e+01,  1.68e+02)
90      0.383   8.84e-01   1.24e+00   8.04e-01   1.46e+01   0.00e+00 (  1.71e+02,  1.59e+02)
95      0.357   6.52e-01   9.13e-01   6.83e-01   2.50e+01   0.00e+00 (  2.81e+02,  1.51e+02)
16 e: 8.282e-05 i: 2.118e-04 :: e: 6.362e-02 i: 5.347e-02 :: n: 2.762e+01 e:22.437 i:25.156 v:4.993e+03
>>> tau_he = 5.000000, nhe(0)=3.120602e+00
 5     -0.036   1.20e-02   3.08e-01   7.29e-03  -1.60e-01   0.00e+00 (  6.88e+00,  4.97e+01)
10     -0.185   8.90e-02   3.43e-02  -1.65e-02  -1.04e+00   0.00e+00 (  6.50e+01,  9.77e+01)
15     -0.055   2.77e-01   3.62e-01   7.32e-02  -3.75e-01   0.00e+00 (  1.99e+02,  1.37e+02)
20      0.083   2.64e-01   3.39e-01   1.38e-01   6.49e-01   0.00e+00 (  1.92e+02,  1.78e+02)
25      0.127   2.69e-01   3.48e-01   1.71e-01   1.11e+00   0.00e+00 (  1.77e+02,  2.07e+02)
30      0.123   2.95e-01   3.61e-01   1.70e-01   1.19e+00   0.00e+00 (  1.79e+02,  2.25e+02)
35      0.116   3.12e-01   4.20e-01   1.98e-01   1.22e+00   0.00e+00 (  1.78e+02,  2.38e+02)
40      0.119   3.33e-01   5.05e-01   2.27e-01   1.34e+00   0.00e+00 (  1.70e+02,  2.43e+02)
45      0.138   3.70e-01   6.12e-01   2.60e-01   1.65e+00   0.00e+00 (  1.61e+02,  2.44e+02)
50      0.154   4.08e-01   7.22e-01   3.12e-01   1.93e+00   0.00e+00 (  1.50e+02,  2.40e+02)
55      0.169   4.45e-01   8.28e-01   4.36e-01   2.21e+00   0.00e+00 (  1.39e+02,  2.33e+02)
60      0.157   4.40e-01   8.14e-01   4.98e-01   2.12e+00   0.00e+00 (  1.20e+02,  2.24e+02)
65      0.178   4.72e-01   9.14e-01   6.27e-01   2.47e+00   0.00e+00 (  1.12e+02,  2.13e+02)
70      0.203   5.19e-01   1.05e+00   7.75e-01   2.89e+00   0.00e+00 (  1.06e+02,  2.01e+02)
75      0.200   5.28e-01   1.06e+00   8.38e-01   2.92e+00   0.00e+00 (  9.82e+01,  1.89e+02)
80      0.193   5.10e-01   1.05e+00   8.34e-01   2.97e+00   0.00e+00 (  9.07e+01,  1.78e+02)
85      0.214   5.16e-01   9.94e-01   7.80e-01   4.11e+00   0.00e+00 (  7.89e+01,  1.68e+02)
90      0.383   8.85e-01   1.24e+00   8.04e-01   1.46e+01   0.00e+00 (  1.71e+02,  1.59e+02)
95      0.357   6.52e-01   9.13e-01   6.83e-01   2.50e+01   0.00e+00 (  2.81e+02,  1.51e+02)
17 e: 1.749e-04 i: 5.369e-04 :: e: 6.693e-02 i: 6.228e-02 :: n: 2.762e+01 e:22.374 i:24.990 v:4.993e+03
>>> tau_he = 5.000000, nhe(0)=3.107489e+00
 5     -0.036   1.20e-02   3.02e-01   7.24e-03  -1.61e-01   0.00e+00 (  6.87e+00,  4.97e+01)
10     -0.160   8.47e-02   3.39e-02  -1.48e-02  -9.03e-01   0.00e+00 (  6.13e+01,  9.77e+01)
15     -0.084   1.24e-01   9.43e-02  -2.09e-02  -5.68e-01   0.00e+00 (  8.68e+01,  1.37e+02)
20      0.002   1.37e-01   1.33e-01  -6.42e-03   1.77e-02   0.00e+00 (  9.78e+01,  1.78e+02)
25      0.125   2.69e-01   3.46e-01   1.69e-01   1.10e+00   0.00e+00 (  1.77e+02,  2.07e+02)
30      0.123   2.96e-01   3.61e-01   1.70e-01   1.19e+00   0.00e+00 (  1.80e+02,  2.25e+02)
35      0.116   3.13e-01   4.21e-01   1.98e-01   1.22e+00   0.00e+00 (  1.79e+02,  2.38e+02)
40      0.119   3.33e-01   5.05e-01   2.27e-01   1.34e+00   0.00e+00 (  1.71e+02,  2.43e+02)
45      0.139   3.71e-01   6.13e-01   2.61e-01   1.65e+00   0.00e+00 (  1.62e+02,  2.44e+02)
50      0.155   4.10e-01   7.25e-01   3.13e-01   1.94e+00   0.00e+00 (  1.51e+02,  2.40e+02)
55      0.170   4.47e-01   8.33e-01   4.39e-01   2.22e+00   0.00e+00 (  1.40e+02,  2.33e+02)
60      0.192   4.91e-01   9.64e-01   5.84e-01   2.59e+00   0.00e+00 (  1.35e+02,  2.24e+02)
65      0.179   4.75e-01   9.22e-01   6.32e-01   2.48e+00   0.00e+00 (  1.14e+02,  2.13e+02)
70      0.203   5.22e-01   1.05e+00   7.78e-01   2.89e+00   0.00e+00 (  1.07e+02,  2.01e+02)
75      0.200   5.30e-01   1.06e+00   8.41e-01   2.92e+00   0.00e+00 (  9.91e+01,  1.89e+02)
80      0.193   5.12e-01   1.05e+00   8.37e-01   2.97e+00   0.00e+00 (  9.14e+01,  1.78e+02)
85      0.214   5.17e-01   9.96e-01   7.82e-01   4.11e+00   0.00e+00 (  7.91e+01,  1.68e+02)
90      0.383   8.85e-01   1.24e+00   8.04e-01   1.46e+01   0.00e+00 (  1.71e+02,  1.59e+02)
95      0.357   6.52e-01   9.13e-01   6.83e-01   2.50e+01   0.00e+00 (  2.81e+02,  1.51e+02)
18 e: 3.107e-05 i: 1.705e-04 :: e: 4.377e-02 i: 4.179e-02 :: n: 2.762e+01 e:22.375 i:24.997 v:4.993e+03
>>> tau_he = 5.000000, nhe(0)=3.108060e+00
 5     -0.036   1.18e-02   3.03e-01   7.22e-03  -1.59e-01   0.00e+00 (  6.76e+00,  4.97e+01)
10     -0.156   8.44e-02   3.29e-02  -1.45e-02  -8.83e-01   0.00e+00 (  6.08e+01,  9.77e+01)
15     -0.106   1.26e-01   9.70e-02  -2.57e-02  -7.18e-01   0.00e+00 (  8.82e+01,  1.37e+02)
20      0.005   1.42e-01   1.35e-01  -1.59e-02   3.91e-02   0.00e+00 (  1.03e+02,  1.78e+02)
25      0.044   1.65e-01   1.71e-01   3.23e-02   3.91e-01   0.00e+00 (  1.08e+02,  2.07e+02)
30      0.122   2.95e-01   3.59e-01   1.68e-01   1.18e+00   0.00e+00 (  1.79e+02,  2.25e+02)
35      0.115   3.13e-01   4.19e-01   1.98e-01   1.21e+00   0.00e+00 (  1.78e+02,  2.38e+02)
40      0.118   3.33e-01   5.03e-01   2.26e-01   1.33e+00   0.00e+00 (  1.71e+02,  2.43e+02)
45      0.138   3.71e-01   6.12e-01   2.60e-01   1.65e+00   0.00e+00 (  1.62e+02,  2.44e+02)
50      0.155   4.11e-01   7.26e-01   3.14e-01   1.95e+00   0.00e+00 (  1.52e+02,  2.40e+02)
55      0.170   4.48e-01   8.34e-01   4.40e-01   2.22e+00   0.00e+00 (  1.41e+02,  2.33e+02)
60      0.158   4.44e-01   8.21e-01   5.02e-01   2.14e+00   0.00e+00 (  1.22e+02,  2.24e+02)
65      0.179   4.77e-01   9.24e-01   6.34e-01   2.48e+00   0.00e+00 (  1.15e+02,  2.13e+02)
70      0.203   5.24e-01   1.05e+00   7.81e-01   2.89e+00   0.00e+00 (  1.08e+02,  2.01e+02)
75      0.200   5.32e-01   1.07e+00   8.44e-01   2.92e+00   0.00e+00 (  1.00e+02,  1.89e+02)
80      0.194   5.14e-01   1.05e+00   8.40e-01   2.99e+00   0.00e+00 (  9.21e+01,  1.78e+02)
85      0.215   5.18e-01   9.99e-01   7.85e-01   4.13e+00   0.00e+00 (  7.95e+01,  1.68e+02)
90      0.383   8.85e-01   1.24e+00   8.04e-01   1.46e+01   0.00e+00 (  1.71e+02,  1.59e+02)
95      0.357   6.52e-01   9.13e-01   6.83e-01   2.50e+01   0.00e+00 (  2.81e+02,  1.51e+02)
19 e: 7.692e-05 i: 1.878e-04 :: e: 5.427e-02 i: 4.426e-02 :: n: 2.762e+01 e:22.450 i:25.102 v:4.993e+03
>>> tau_he = 5.000000, nhe(0)=3.116331e+00
 5     -0.036   1.19e-02   3.06e-01   7.27e-03  -1.59e-01   0.00e+00 (  6.80e+00,  4.97e+01)
10     -0.176   8.89e-02   3.39e-02  -1.62e-02  -9.98e-01   0.00e+00 (  6.39e+01,  9.77e+01)
15     -0.110   1.28e-01   9.93e-02  -2.66e-02  -7.46e-01   0.00e+00 (  9.04e+01,  1.37e+02)
20      0.084   2.68e-01   3.43e-01   1.42e-01   6.54e-01   0.00e+00 (  1.96e+02,  1.78e+02)
25      0.126   2.71e-01   3.51e-01   1.74e-01   1.11e+00   0.00e+00 (  1.81e+02,  2.07e+02)
30      0.121   2.95e-01   3.59e-01   1.68e-01   1.17e+00   0.00e+00 (  1.79e+02,  2.25e+02)
35      0.114   3.12e-01   4.17e-01   1.97e-01   1.20e+00   0.00e+00 (  1.77e+02,  2.38e+02)
40      0.117   3.33e-01   5.01e-01   2.25e-01   1.32e+00   0.00e+00 (  1.70e+02,  2.43e+02)
45      0.137   3.71e-01   6.10e-01   2.60e-01   1.64e+00   0.00e+00 (  1.62e+02,  2.44e+02)
50      0.155   4.11e-01   7.25e-01   3.13e-01   1.94e+00   0.00e+00 (  1.52e+02,  2.40e+02)
55      0.171   4.49e-01   8.35e-01   4.40e-01   2.23e+00   0.00e+00 (  1.41e+02,  2.33e+02)
60      0.192   4.93e-01   9.67e-01   5.85e-01   2.60e+00   0.00e+00 (  1.36e+02,  2.24e+02)
65      0.179   4.79e-01   9.29e-01   6.37e-01   2.49e+00   0.00e+00 (  1.15e+02,  2.13e+02)
70      0.203   5.26e-01   1.06e+00   7.83e-01   2.89e+00   0.00e+00 (  1.09e+02,  2.01e+02)
75      0.200   5.34e-01   1.07e+00   8.47e-01   2.93e+00   0.00e+00 (  1.01e+02,  1.89e+02)
80      0.194   5.16e-01   1.06e+00   8.43e-01   2.99e+00   0.00e+00 (  9.27e+01,  1.78e+02)
85      0.215   5.19e-01   1.00e+00   7.87e-01   4.14e+00   0.00e+00 (  7.98e+01,  1.68e+02)
90      0.383   8.85e-01   1.24e+00   8.04e-01   1.46e+01   0.00e+00 (  1.71e+02,  1.59e+02)
95      0.357   6.52e-01   9.13e-01   6.83e-01   2.50e+01   0.00e+00 (  2.81e+02,  1.51e+02)
20 e: 5.554e-05 i: 3.169e-04 :: e: 3.940e-02 i: 3.766e-02 :: n: 2.762e+01 e:22.479 i:25.058 v:4.993e+03
>>> tau_he = 5.000000, nhe(0)=3.112876e+00
 5     -0.036   1.19e-02   3.06e-01   7.30e-03  -1.59e-01   0.00e+00 (  6.85e+00,  4.97e+01)
10     -0.157   8.49e-02   3.27e-02  -1.46e-02  -8.88e-01   0.00e+00 (  6.12e+01,  9.77e+01)
15     -0.115   1.30e-01   1.10e-01  -7.30e-02  -7.79e-01   0.00e+00 (  9.23e+01,  1.37e+02)
20      0.004   1.42e-01   1.35e-01  -1.28e-02   3.16e-02   0.00e+00 (  1.02e+02,  1.78e+02)
25      0.132   2.85e-01   3.37e-01   1.42e-01   1.16e+00   0.00e+00 (  1.90e+02,  2.07e+02)
30      0.121   2.96e-01   3.59e-01   1.80e-01   1.17e+00   0.00e+00 (  1.80e+02,  2.25e+02)
35      0.114   3.13e-01   4.17e-01   1.97e-01   1.20e+00   0.00e+00 (  1.78e+02,  2.38e+02)
40      0.117   3.33e-01   5.01e-01   2.25e-01   1.31e+00   0.00e+00 (  1.71e+02,  2.43e+02)
45      0.138   3.72e-01   6.11e-01   2.60e-01   1.64e+00   0.00e+00 (  1.63e+02,  2.44e+02)
50      0.156   4.13e-01   7.28e-01   3.14e-01   1.95e+00   0.00e+00 (  1.53e+02,  2.40e+02)
55      0.171   4.50e-01   8.38e-01   4.41e-01   2.23e+00   0.00e+00 (  1.42e+02,  2.33e+02)
60      0.191   4.93e-01   9.64e-01   5.83e-01   2.58e+00   0.00e+00 (  1.36e+02,  2.24e+02)
65      0.180   4.81e-01   9.31e-01   6.38e-01   2.49e+00   0.00e+00 (  1.16e+02,  2.13e+02)
70      0.204   5.28e-01   1.06e+00   7.86e-01   2.90e+00   0.00e+00 (  1.10e+02,  2.01e+02)
75      0.201   5.36e-01   1.07e+00   8.50e-01   2.93e+00   0.00e+00 (  1.02e+02,  1.89e+02)
80      0.195   5.20e-01   1.07e+00   8.52e-01   3.00e+00   0.00e+00 (  9.38e+01,  1.78e+02)
85      0.216   5.21e-01   1.00e+00   7.90e-01   4.15e+00   0.00e+00 (  8.02e+01,  1.68e+02)
90      0.384   8.85e-01   1.24e+00   8.05e-01   1.46e+01   0.00e+00 (  1.71e+02,  1.59e+02)
95      0.357   6.52e-01   9.13e-01   6.83e-01   2.50e+01   0.00e+00 (  2.81e+02,  1.51e+02)
21 e: 3.298e-05 i: 1.181e-04 :: e: 3.179e-02 i: 2.747e-02 :: n: 2.762e+01 e:22.486 i:25.104 v:4.993e+03
>>> tau_he = 5.000000, nhe(0)=3.116535e+00
 5     -0.036   1.19e-02   3.07e-01   7.30e-03  -1.59e-01   0.00e+00 (  6.83e+00,  4.97e+01)
10     -0.177   8.91e-02   3.40e-02  -1.62e-02  -9.99e-01   0.00e+00 (  6.41e+01,  9.77e+01)
15     -0.046   2.79e-01   3.65e-01   7.63e-02  -3.14e-01   0.00e+00 (  2.00e+02,  1.37e+02)
20      0.083   2.66e-01   3.40e-01   1.40e-01   6.53e-01   0.00e+00 (  1.93e+02,  1.78e+02)
25      0.043   1.65e-01   1.71e-01   3.19e-02   3.82e-01   0.00e+00 (  1.09e+02,  2.07e+02)
30      0.121   2.96e-01   3.58e-01   1.79e-01   1.17e+00   0.00e+00 (  1.79e+02,  2.25e+02)
35      0.114   3.13e-01   4.16e-01   1.97e-01   1.20e+00   0.00e+00 (  1.78e+02,  2.38e+02)
40      0.117   3.33e-01   5.00e-01   2.24e-01   1.31e+00   0.00e+00 (  1.71e+02,  2.43e+02)
45      0.138   3.72e-01   6.11e-01   2.60e-01   1.64e+00   0.00e+00 (  1.63e+02,  2.44e+02)
50      0.156   4.14e-01   7.29e-01   3.15e-01   1.96e+00   0.00e+00 (  1.54e+02,  2.40e+02)
55      0.172   4.51e-01   8.39e-01   4.42e-01   2.24e+00   0.00e+00 (  1.43e+02,  2.33e+02)
60      0.158   4.46e-01   8.21e-01   5.02e-01   2.14e+00   0.00e+00 (  1.23e+02,  2.24e+02)
65      0.180   4.82e-01   9.34e-01   6.40e-01   2.50e+00   0.00e+00 (  1.17e+02,  2.13e+02)
70      0.204   5.30e-01   1.07e+00   7.89e-01   2.91e+00   0.00e+00 (  1.11e+02,  2.01e+02)
75      0.201   5.39e-01   1.08e+00   8.54e-01   2.94e+00   0.00e+00 (  1.02e+02,  1.89e+02)
80      0.196   5.22e-01   1.07e+00   8.55e-01   3.01e+00   0.00e+00 (  9.45e+01,  1.78e+02)
85      0.216   5.22e-01   1.01e+00   7.93e-01   4.16e+00   0.00e+00 (  8.07e+01,  1.68e+02)
90      0.384   8.85e-01   1.24e+00   8.05e-01   1.46e+01   0.00e+00 (  1.71e+02,  1.59e+02)
95      0.357   6.52e-01   9.13e-01   6.83e-01   2.50e+01   0.00e+00 (  2.81e+02,  1.51e+02)
22 e: 3.148e-04 i: 1.034e-03 :: e: 5.528e-02 i: 4.808e-02 :: n: 2.762e+01 e:22.436 i:25.027 v:4.993e+03
>>> tau_he = 5.000000, nhe(0)=3.110406e+00
 5     -0.036   1.19e-02   3.04e-01   7.25e-03  -1.60e-01   0.00e+00 (  6.83e+00,  4.97e+01)
10     -0.152   8.50e-02   3.31e-02  -1.45e-02  -8.61e-01   0.00e+00 (  6.07e+01,  9.77e+01)
15     -0.079   1.26e-01   9.45e-02  -2.10e-02  -5.35e-01   0.00e+00 (  8.67e+01,  1.37e+02)
20     -0.009   1.36e-01   1.31e-01   4.26e-03  -6.73e-02   0.00e+00 (  9.68e+01,  1.78e+02)
25      0.126   2.73e-01   3.52e-01   1.75e-01   1.11e+00   0.00e+00 (  1.84e+02,  2.07e+02)
30      0.122   2.97e-01   3.59e-01   1.80e-01   1.18e+00   0.00e+00 (  1.81e+02,  2.25e+02)
35      0.114   3.13e-01   4.16e-01   1.96e-01   1.20e+00   0.00e+00 (  1.78e+02,  2.38e+02)
40      0.117   3.34e-01   4.99e-01   2.23e-01   1.31e+00   0.00e+00 (  1.71e+02,  2.43e+02)
45      0.138   3.73e-01   6.10e-01   2.60e-01   1.65e+00   0.00e+00 (  1.64e+02,  2.44e+02)
50      0.157   4.15e-01   7.29e-01   3.15e-01   1.96e+00   0.00e+00 (  1.54e+02,  2.40e+02)
55      0.172   4.52e-01   8.41e-01   4.43e-01   2.25e+00   0.00e+00 (  1.43e+02,  2.33e+02)
60      0.193   4.96e-01   9.70e-01   5.87e-01   2.61e+00   0.00e+00 (  1.38e+02,  2.24e+02)
65      0.181   4.84e-01   9.38e-01   6.43e-01   2.51e+00   0.00e+00 (  1.18e+02,  2.13e+02)
70      0.205   5.32e-01   1.07e+00   7.91e-01   2.91e+00   0.00e+00 (  1.12e+02,  2.01e+02)
75      0.202   5.41e-01   1.08e+00   8.56e-01   2.94e+00   0.00e+00 (  1.03e+02,  1.89e+02)
80      0.196   5.24e-01   1.07e+00   8.58e-01   3.02e+00   0.00e+00 (  9.51e+01,  1.78e+02)
85      0.217   5.24e-01   1.01e+00   7.95e-01   4.18e+00   0.00e+00 (  8.11e+01,  1.68e+02)
90      0.384   8.85e-01   1.24e+00   8.05e-01   1.46e+01   0.00e+00 (  1.71e+02,  1.59e+02)
95      0.357   6.52e-01   9.13e-01   6.83e-01   2.50e+01   0.00e+00 (  2.81e+02,  1.51e+02)
23 e: 3.883e-05 i: 1.877e-04 :: e: 2.809e-02 i: 2.752e-02 :: n: 2.762e+01 e:22.488 i:25.062 v:4.993e+03
>>> tau_he = 5.000000, nhe(0)=3.113219e+00
 5     -0.036   1.19e-02   3.05e-01   7.27e-03  -1.59e-01   0.00e+00 (  6.78e+00,  4.97e+01)
10     -0.150   8.50e-02   3.24e-02  -1.44e-02  -8.51e-01   0.00e+00 (  6.05e+01,  9.77e+01)
15     -0.103   1.28e-01   9.78e-02  -2.61e-02  -6.94e-01   0.00e+00 (  8.88e+01,  1.37e+02)
20      0.005   1.43e-01   1.37e-01  -1.60e-02   4.03e-02   0.00e+00 (  1.03e+02,  1.78e+02)
25      0.125   2.73e-01   3.51e-01   1.73e-01   1.10e+00   0.00e+00 (  1.83e+02,  2.07e+02)
30      0.121   2.98e-01   3.59e-01   1.80e-01   1.17e+00   0.00e+00 (  1.81e+02,  2.25e+02)
35      0.114   3.14e-01   4.17e-01   1.97e-01   1.20e+00   0.00e+00 (  1.79e+02,  2.38e+02)
40      0.117   3.35e-01   5.01e-01   2.23e-01   1.31e+00   0.00e+00 (  1.72e+02,  2.43e+02)
45      0.138   3.75e-01   6.13e-01   2.61e-01   1.65e+00   0.00e+00 (  1.65e+02,  2.44e+02)
50      0.157   4.17e-01   7.33e-01   3.16e-01   1.97e+00   0.00e+00 (  1.55e+02,  2.40e+02)
55      0.173   4.54e-01   8.45e-01   4.45e-01   2.25e+00   0.00e+00 (  1.45e+02,  2.33e+02)
60      0.192   4.97e-01   9.70e-01   5.86e-01   2.59e+00   0.00e+00 (  1.38e+02,  2.24e+02)
65      0.181   4.86e-01   9.42e-01   6.45e-01   2.51e+00   0.00e+00 (  1.19e+02,  2.13e+02)
70      0.205   5.34e-01   1.07e+00   7.94e-01   2.91e+00   0.00e+00 (  1.13e+02,  2.01e+02)
75      0.202   5.44e-01   1.09e+00   8.60e-01   2.95e+00   0.00e+00 (  1.04e+02,  1.89e+02)
80      0.197   5.26e-01   1.08e+00   8.62e-01   3.03e+00   0.00e+00 (  9.58e+01,  1.78e+02)
85      0.218   5.25e-01   1.01e+00   7.98e-01   4.18e+00   0.00e+00 (  8.16e+01,  1.68e+02)
90      0.384   8.85e-01   1.24e+00   8.06e-01   1.46e+01   0.00e+00 (  1.71e+02,  1.59e+02)
95      0.357   6.52e-01   9.13e-01   6.83e-01   2.50e+01   0.00e+00 (  2.81e+02,  1.51e+02)
24 e: 3.811e-05 i: 1.699e-04 :: e: 2.188e-02 i: 2.208e-02 :: n: 2.762e+01 e:22.527 i:25.137 v:4.993e+03
>>> tau_he = 5.000000, nhe(0)=3.119124e+00
 5     -0.036   1.20e-02   3.08e-01   7.30e-03  -1.59e-01   0.00e+00 (  6.84e+00,  4.97e+01)
10     -0.172   8.95e-02   3.39e-02  -1.61e-02  -9.70e-01   0.00e+00 (  6.38e+01,  9.77e+01)
15     -0.107   1.30e-01   1.01e-01  -2.71e-02  -7.25e-01   0.00e+00 (  9.10e+01,  1.37e+02)
20      0.085   2.70e-01   3.46e-01   1.43e-01   6.65e-01   0.00e+00 (  1.97e+02,  1.78e+02)
25      0.043   1.66e-01   1.72e-01   3.05e-02   3.80e-01   0.00e+00 (  1.11e+02,  2.07e+02)
30      0.120   2.97e-01   3.57e-01   1.78e-01   1.17e+00   0.00e+00 (  1.81e+02,  2.25e+02)
35      0.114   3.14e-01   4.16e-01   1.96e-01   1.19e+00   0.00e+00 (  1.79e+02,  2.38e+02)
40      0.116   3.35e-01   5.00e-01   2.22e-01   1.31e+00   0.00e+00 (  1.72e+02,  2.43e+02)
45      0.138   3.75e-01   6.12e-01   2.61e-01   1.65e+00   0.00e+00 (  1.65e+02,  2.44e+02)
50      0.157   4.17e-01   7.33e-01   3.16e-01   1.97e+00   0.00e+00 (  1.56e+02,  2.40e+02)
55      0.173   4.55e-01   8.45e-01   4.45e-01   2.26e+00   0.00e+00 (  1.45e+02,  2.33e+02)
60      0.191   4.96e-01   9.66e-01   5.83e-01   2.58e+00   0.00e+00 (  1.38e+02,  2.24e+02)
65      0.181   4.87e-01   9.43e-01   6.46e-01   2.51e+00   0.00e+00 (  1.19e+02,  2.13e+02)
70      0.205   5.36e-01   1.08e+00   7.96e-01   2.92e+00   0.00e+00 (  1.13e+02,  2.01e+02)
75      0.203   5.45e-01   1.09e+00   8.62e-01   2.96e+00   0.00e+00 (  1.05e+02,  1.89e+02)
80      0.197   5.28e-01   1.08e+00   8.65e-01   3.04e+00   0.00e+00 (  9.64e+01,  1.78e+02)
85      0.218   5.28e-01   1.02e+00   8.04e-01   4.20e+00   0.00e+00 (  8.21e+01,  1.68e+02)
90      0.384   8.86e-01   1.24e+00   8.06e-01   1.46e+01   0.00e+00 (  1.71e+02,  1.59e+02)
95      0.357   6.52e-01   9.13e-01   6.83e-01   2.50e+01   0.00e+00 (  2.81e+02,  1.51e+02)
25 e: 6.912e-05 i: 2.566e-04 :: e: 3.210e-02 i: 2.826e-02 :: n: 2.762e+01 e:22.569 i:25.133 v:4.993e+03
>>> tau_he = 5.000000, nhe(0)=3.118763e+00
 5     -0.036   1.20e-02   3.08e-01   7.33e-03  -1.59e-01   0.00e+00 (  6.87e+00,  4.97e+01)
10     -0.172   8.97e-02   3.41e-02  -1.61e-02  -9.75e-01   0.00e+00 (  6.40e+01,  9.77e+01)
15     -0.111   1.31e-01   1.12e-01  -7.05e-02  -7.54e-01   0.00e+00 (  9.24e+01,  1.37e+02)
20      0.005   1.41e-01   1.37e-01  -1.20e-02   3.96e-02   0.00e+00 (  1.01e+02,  1.78e+02)
25      0.129   2.80e-01   3.53e-01   1.77e-01   1.13e+00   0.00e+00 (  1.90e+02,  2.07e+02)
30      0.121   2.98e-01   3.59e-01   1.80e-01   1.17e+00   0.00e+00 (  1.82e+02,  2.25e+02)
35      0.113   3.14e-01   4.16e-01   1.97e-01   1.19e+00   0.00e+00 (  1.79e+02,  2.38e+02)
40      0.116   3.35e-01   5.01e-01   2.23e-01   1.31e+00   0.00e+00 (  1.72e+02,  2.43e+02)
45      0.138   3.75e-01   6.14e-01   2.61e-01   1.65e+00   0.00e+00 (  1.66e+02,  2.44e+02)
50      0.158   4.18e-01   7.36e-01   3.17e-01   1.97e+00   0.00e+00 (  1.56e+02,  2.40e+02)
55      0.173   4.56e-01   8.47e-01   4.46e-01   2.26e+00   0.00e+00 (  1.45e+02,  2.33e+02)
60      0.190   4.96e-01   9.65e-01   5.82e-01   2.57e+00   0.00e+00 (  1.38e+02,  2.24e+02)
65      0.181   4.88e-01   9.45e-01   6.47e-01   2.51e+00   0.00e+00 (  1.20e+02,  2.13e+02)
70      0.205   5.37e-01   1.08e+00   7.98e-01   2.92e+00   0.00e+00 (  1.14e+02,  2.01e+02)
75      0.202   5.47e-01   1.09e+00   8.65e-01   2.95e+00   0.00e+00 (  1.05e+02,  1.89e+02)
80      0.198   5.29e-01   1.08e+00   8.67e-01   3.04e+00   0.00e+00 (  9.69e+01,  1.78e+02)
85      0.219   5.29e-01   1.02e+00   8.06e-01   4.21e+00   0.00e+00 (  8.25e+01,  1.68e+02)
90      0.384   8.86e-01   1.24e+00   8.07e-01   1.46e+01   0.00e+00 (  1.71e+02,  1.59e+02)
95      0.357   6.52e-01   9.13e-01   6.83e-01   2.50e+01   0.00e+00 (  2.81e+02,  1.51e+02)
26 e: 3.323e-05 i: 1.371e-04 :: e: 1.950e-02 i: 1.905e-02 :: n: 2.762e+01 e:22.588 i:25.182 v:4.993e+03
>>> tau_he = 5.000000, nhe(0)=3.122586e+00
 5     -0.036   1.20e-02   3.10e-01   7.35e-03  -1.59e-01   0.00e+00 (  6.89e+00,  4.97e+01)
10     -0.172   8.97e-02   3.37e-02  -1.61e-02  -9.70e-01   0.00e+00 (  6.40e+01,  9.77e+01)
15     -0.042   2.84e-01   3.69e-01   7.76e-02  -2.82e-01   0.00e+00 (  2.01e+02,  1.37e+02)
20      0.084   2.69e-01   3.45e-01   1.42e-01   6.59e-01   0.00e+00 (  1.96e+02,  1.78e+02)
25      0.128   2.79e-01   3.50e-01   1.74e-01   1.12e+00   0.00e+00 (  1.88e+02,  2.07e+02)
30      0.120   2.98e-01   3.58e-01   1.79e-01   1.16e+00   0.00e+00 (  1.81e+02,  2.25e+02)
35      0.113   3.14e-01   4.16e-01   1.96e-01   1.19e+00   0.00e+00 (  1.79e+02,  2.38e+02)
40      0.116   3.35e-01   5.00e-01   2.22e-01   1.31e+00   0.00e+00 (  1.72e+02,  2.43e+02)
45      0.138   3.75e-01   6.13e-01   2.61e-01   1.65e+00   0.00e+00 (  1.66e+02,  2.44e+02)
50      0.158   4.18e-01   7.35e-01   3.17e-01   1.98e+00   0.00e+00 (  1.57e+02,  2.40e+02)
55      0.173   4.56e-01   8.46e-01   4.45e-01   2.26e+00   0.00e+00 (  1.45e+02,  2.33e+02)
60      0.157   4.47e-01   8.19e-01   5.00e-01   2.12e+00   0.00e+00 (  1.24e+02,  2.24e+02)
65      0.181   4.89e-01   9.45e-01   6.47e-01   2.51e+00   0.00e+00 (  1.20e+02,  2.13e+02)
70      0.205   5.38e-01   1.08e+00   7.99e-01   2.92e+00   0.00e+00 (  1.14e+02,  2.01e+02)
75      0.203   5.48e-01   1.09e+00   8.66e-01   2.96e+00   0.00e+00 (  1.06e+02,  1.89e+02)
80      0.198   5.30e-01   1.09e+00   8.68e-01   3.05e+00   0.00e+00 (  9.72e+01,  1.78e+02)
85      0.219   5.30e-01   1.02e+00   8.08e-01   4.22e+00   0.00e+00 (  8.28e+01,  1.68e+02)
90      0.384   8.86e-01   1.24e+00   8.07e-01   1.46e+01   0.00e+00 (  1.71e+02,  1.59e+02)
95      0.357   6.52e-01   9.13e-01   6.83e-01   2.50e+01   0.00e+00 (  2.81e+02,  1.51e+02)
27 e: 1.784e-04 i: 5.870e-04 :: e: 3.636e-02 i: 3.772e-02 :: n: 2.762e+01 e:22.494 i:25.048 v:4.993e+03
>>> tau_he = 5.000000, nhe(0)=3.112110e+00
 5     -0.036   1.20e-02   3.05e-01   7.29e-03  -1.61e-01   0.00e+00 (  6.88e+00,  4.97e+01)
10     -0.149   8.55e-02   3.32e-02  -1.45e-02  -8.41e-01   0.00e+00 (  6.06e+01,  9.77e+01)
15     -0.076   1.27e-01   9.57e-02  -2.14e-02  -5.18e-01   0.00e+00 (  8.71e+01,  1.37e+02)
20     -0.002   1.36e-01   1.30e-01   3.68e-03  -1.59e-02   0.00e+00 (  9.66e+01,  1.78e+02)
25      0.043   1.66e-01   1.72e-01   3.13e-02   3.75e-01   0.00e+00 (  1.11e+02,  2.07e+02)
30      0.121   2.99e-01   3.58e-01   1.79e-01   1.17e+00   0.00e+00 (  1.82e+02,  2.25e+02)
35      0.114   3.15e-01   4.16e-01   1.96e-01   1.20e+00   0.00e+00 (  1.80e+02,  2.38e+02)
40      0.117   3.36e-01   5.00e-01   2.22e-01   1.32e+00   0.00e+00 (  1.73e+02,  2.43e+02)
45      0.139   3.76e-01   6.14e-01   2.61e-01   1.66e+00   0.00e+00 (  1.66e+02,  2.44e+02)
50      0.158   4.19e-01   7.36e-01   3.17e-01   1.98e+00   0.00e+00 (  1.57e+02,  2.40e+02)
55      0.174   4.57e-01   8.49e-01   4.47e-01   2.27e+00   0.00e+00 (  1.46e+02,  2.33e+02)
60      0.193   4.99e-01   9.72e-01   5.87e-01   2.60e+00   0.00e+00 (  1.39e+02,  2.24e+02)
65      0.182   4.91e-01   9.49e-01   6.50e-01   2.53e+00   0.00e+00 (  1.21e+02,  2.13e+02)
70      0.206   5.39e-01   1.08e+00   8.00e-01   2.93e+00   0.00e+00 (  1.15e+02,  2.01e+02)
75      0.203   5.49e-01   1.10e+00   8.67e-01   2.96e+00   0.00e+00 (  1.06e+02,  1.89e+02)
80      0.198   5.31e-01   1.09e+00   8.70e-01   3.05e+00   0.00e+00 (  9.75e+01,  1.78e+02)
85      0.219   5.30e-01   1.02e+00   8.09e-01   4.22e+00   0.00e+00 (  8.30e+01,  1.68e+02)
90      0.384   8.86e-01   1.24e+00   8.08e-01   1.46e+01   0.00e+00 (  1.71e+02,  1.59e+02)
95      0.357   6.52e-01   9.13e-01   6.83e-01   2.50e+01   0.00e+00 (  2.81e+02,  1.51e+02)
28 e: 5.855e-05 i: 1.730e-04 :: e: 2.627e-02 i: 2.708e-02 :: n: 2.762e+01 e:22.545 i:25.117 v:4.993e+03
>>> tau_he = 5.000000, nhe(0)=3.117548e+00
 5     -0.036   1.19e-02   3.07e-01   7.30e-03  -1.59e-01   0.00e+00 (  6.82e+00,  4.97e+01)
10     -0.146   8.53e-02   3.21e-02  -1.42e-02  -8.25e-01   0.00e+00 (  6.02e+01,  9.77e+01)
15     -0.099   1.29e-01   9.80e-02  -2.62e-02  -6.71e-01   0.00e+00 (  8.88e+01,  1.37e+02)
20      0.006   1.42e-01   1.38e-01  -1.48e-02   4.71e-02   0.00e+00 (  1.02e+02,  1.78e+02)
25      0.130   2.82e-01   3.54e-01   1.78e-01   1.14e+00   0.00e+00 (  1.91e+02,  2.07e+02)
30      0.121   2.99e-01   3.60e-01   1.80e-01   1.17e+00   0.00e+00 (  1.83e+02,  2.25e+02)
35      0.114   3.15e-01   4.17e-01   1.97e-01   1.20e+00   0.00e+00 (  1.79e+02,  2.38e+02)
40      0.117   3.36e-01   5.01e-01   2.22e-01   1.31e+00   0.00e+00 (  1.73e+02,  2.43e+02)
45      0.139   3.77e-01   6.15e-01   2.62e-01   1.66e+00   0.00e+00 (  1.67e+02,  2.44e+02)
50      0.158   4.20e-01   7.38e-01   3.18e-01   1.98e+00   0.00e+00 (  1.58e+02,  2.40e+02)
55      0.174   4.58e-01   8.51e-01   4.48e-01   2.27e+00   0.00e+00 (  1.47e+02,  2.33e+02)
60      0.192   4.99e-01   9.71e-01   5.86e-01   2.59e+00   0.00e+00 (  1.39e+02,  2.24e+02)
65      0.181   4.93e-01   9.50e-01   6.47e-01   2.52e+00   0.00e+00 (  1.22e+02,  2.13e+02)
70      0.205   5.40e-01   1.08e+00   8.02e-01   2.92e+00   0.00e+00 (  1.15e+02,  2.01e+02)
75      0.203   5.50e-01   1.10e+00   8.69e-01   2.96e+00   0.00e+00 (  1.07e+02,  1.89e+02)
80      0.198   5.32e-01   1.09e+00   8.71e-01   3.05e+00   0.00e+00 (  9.79e+01,  1.78e+02)
85      0.220   5.31e-01   1.03e+00   8.10e-01   4.22e+00   0.00e+00 (  8.33e+01,  1.68e+02)
90      0.384   8.86e-01   1.24e+00   8.08e-01   1.46e+01   0.00e+00 (  1.71e+02,  1.59e+02)
95      0.357   6.52e-01   9.13e-01   6.83e-01   2.50e+01   0.00e+00 (  2.81e+02,  1.51e+02)
29 e: 4.841e-05 i: 1.824e-04 :: e: 1.693e-02 i: 2.142e-02 :: n: 2.762e+01 e:22.593 i:25.197 v:4.993e+03
>>> tau_he = 5.000000, nhe(0)=3.123774e+00
 5     -0.036   1.20e-02   3.10e-01   7.34e-03  -1.59e-01   0.00e+00 (  6.89e+00,  4.97e+01)
10     -0.168   8.99e-02   3.37e-02  -1.60e-02  -9.48e-01   0.00e+00 (  6.36e+01,  9.77e+01)
15     -0.105   1.31e-01   1.01e-01  -2.74e-02  -7.08e-01   0.00e+00 (  9.13e+01,  1.37e+02)
20      0.086   2.72e-01   3.49e-01   1.44e-01   6.69e-01   0.00e+00 (  1.99e+02,  1.78e+02)
25      0.128   2.80e-01   3.52e-01   1.75e-01   1.13e+00   0.00e+00 (  1.90e+02,  2.07e+02)
30      0.120   2.99e-01   3.58e-01   1.79e-01   1.16e+00   0.00e+00 (  1.82e+02,  2.25e+02)
35      0.113   3.15e-01   4.16e-01   1.96e-01   1.19e+00   0.00e+00 (  1.79e+02,  2.38e+02)
40      0.117   3.36e-01   5.00e-01   2.21e-01   1.31e+00   0.00e+00 (  1.73e+02,  2.43e+02)
45      0.139   3.77e-01   6.14e-01   2.61e-01   1.66e+00   0.00e+00 (  1.67e+02,  2.44e+02)
50      0.158   4.20e-01   7.37e-01   3.18e-01   1.98e+00   0.00e+00 (  1.58e+02,  2.40e+02)
55      0.174   4.58e-01   8.50e-01   4.47e-01   2.27e+00   0.00e+00 (  1.47e+02,  2.33e+02)
60      0.191   4.98e-01   9.66e-01   5.83e-01   2.58e+00   0.00e+00 (  1.39e+02,  2.24e+02)
65      0.181   4.93e-01   9.49e-01   6.46e-01   2.52e+00   0.00e+00 (  1.22e+02,  2.13e+02)
70      0.206   5.41e-01   1.08e+00   8.02e-01   2.93e+00   0.00e+00 (  1.16e+02,  2.01e+02)
75      0.203   5.51e-01   1.10e+00   8.70e-01   2.97e+00   0.00e+00 (  1.07e+02,  1.89e+02)
80      0.199   5.32e-01   1.09e+00   8.72e-01   3.06e+00   0.00e+00 (  9.80e+01,  1.78e+02)
85      0.220   5.33e-01   1.03e+00   8.11e-01   4.23e+00   0.00e+00 (  8.37e+01,  1.68e+02)
90      0.385   8.86e-01   1.24e+00   8.08e-01   1.46e+01   0.00e+00 (  1.72e+02,  1.59e+02)
95      0.357   6.52e-01   9.13e-01   6.83e-01   2.50e+01   0.00e+00 (  2.81e+02,  1.51e+02)
30 e: 7.759e-05 i: 3.326e-04 :: e: 1.997e-02 i: 2.289e-02 :: n: 2.762e+01 e:22.592 i:25.133 v:4.993e+03
>>> tau_he = 5.000000, nhe(0)=3.118758e+00
 5     -0.036   1.20e-02   3.08e-01   7.35e-03  -1.60e-01   0.00e+00 (  6.92e+00,  4.97e+01)
10     -0.150   8.57e-02   3.25e-02  -1.45e-02  -8.46e-01   0.00e+00 (  6.09e+01,  9.77e+01)
15     -0.109   1.32e-01   1.12e-01  -7.41e-02  -7.39e-01   0.00e+00 (  9.29e+01,  1.37e+02)
20      0.006   1.40e-01   1.37e-01  -9.80e-03   4.32e-02   0.00e+00 (  1.01e+02,  1.78e+02)
25      0.046   1.72e-01   1.71e-01   3.25e-02   4.03e-01   0.00e+00 (  1.15e+02,  2.07e+02)
30      0.120   2.99e-01   3.58e-01   1.79e-01   1.16e+00   0.00e+00 (  1.82e+02,  2.25e+02)
35      0.114   3.16e-01   4.17e-01   1.97e-01   1.20e+00   0.00e+00 (  1.80e+02,  2.38e+02)
40      0.117   3.37e-01   5.01e-01   2.22e-01   1.32e+00   0.00e+00 (  1.74e+02,  2.43e+02)
45      0.139   3.78e-01   6.16e-01   2.62e-01   1.66e+00   0.00e+00 (  1.67e+02,  2.44e+02)
50      0.159   4.21e-01   7.40e-01   3.19e-01   1.99e+00   0.00e+00 (  1.58e+02,  2.40e+02)
55      0.174   4.59e-01   8.52e-01   4.48e-01   2.27e+00   0.00e+00 (  1.47e+02,  2.33e+02)
60      0.190   4.97e-01   9.66e-01   5.83e-01   2.57e+00   0.00e+00 (  1.39e+02,  2.24e+02)
65      0.181   4.93e-01   9.50e-01   6.47e-01   2.52e+00   0.00e+00 (  1.22e+02,  2.13e+02)
70      0.206   5.42e-01   1.09e+00   8.03e-01   2.93e+00   0.00e+00 (  1.16e+02,  2.01e+02)
75      0.203   5.51e-01   1.10e+00   8.71e-01   2.96e+00   0.00e+00 (  1.07e+02,  1.89e+02)
80      0.199   5.33e-01   1.09e+00   8.73e-01   3.06e+00   0.00e+00 (  9.83e+01,  1.78e+02)
85      0.220   5.33e-01   1.03e+00   8.12e-01   4.23e+00   0.00e+00 (  8.39e+01,  1.68e+02)
90      0.385   8.86e-01   1.24e+00   8.08e-01   1.46e+01   0.00e+00 (  1.72e+02,  1.59e+02)
95      0.357   6.52e-01   9.13e-01   6.83e-01   2.50e+01   0.00e+00 (  2.81e+02,  1.51e+02)
31 e: 4.760e-05 i: 1.737e-04 :: e: 2.072e-02 i: 2.338e-02 :: n: 2.762e+01 e:22.611 i:25.221 v:4.993e+03
>>> tau_he = 5.000000, nhe(0)=3.125644e+00
 5     -0.036   1.21e-02   3.11e-01   7.36e-03  -1.59e-01   0.00e+00 (  6.91e+00,  4.97e+01)
10     -0.168   8.99e-02   3.35e-02  -1.60e-02  -9.52e-01   0.00e+00 (  6.37e+01,  9.77e+01)
15     -0.111   1.34e-01   1.13e-01  -7.82e-02  -7.52e-01   0.00e+00 (  9.43e+01,  1.37e+02)
20      0.085   2.70e-01   3.46e-01   1.42e-01   6.65e-01   0.00e+00 (  1.97e+02,  1.78e+02)
25      0.129   2.82e-01   3.54e-01   1.78e-01   1.13e+00   0.00e+00 (  1.92e+02,  2.07e+02)
30      0.120   2.98e-01   3.58e-01   1.79e-01   1.16e+00   0.00e+00 (  1.82e+02,  2.25e+02)
35      0.113   3.14e-01   4.15e-01   1.96e-01   1.19e+00   0.00e+00 (  1.79e+02,  2.38e+02)
40      0.116   3.36e-01   5.00e-01   2.22e-01   1.31e+00   0.00e+00 (  1.73e+02,  2.43e+02)
45      0.139   3.77e-01   6.15e-01   2.62e-01   1.66e+00   0.00e+00 (  1.67e+02,  2.44e+02)
50      0.158   4.20e-01   7.38e-01   3.18e-01   1.98e+00   0.00e+00 (  1.58e+02,  2.40e+02)
55      0.173   4.58e-01   8.50e-01   4.47e-01   2.26e+00   0.00e+00 (  1.46e+02,  2.33e+02)
60      0.157   4.48e-01   8.19e-01   4.99e-01   2.12e+00   0.00e+00 (  1.25e+02,  2.24e+02)
65      0.181   4.93e-01   9.48e-01   6.46e-01   2.51e+00   0.00e+00 (  1.22e+02,  2.13e+02)
70      0.206   5.41e-01   1.08e+00   8.03e-01   2.93e+00   0.00e+00 (  1.16e+02,  2.01e+02)
75      0.203   5.51e-01   1.10e+00   8.70e-01   2.96e+00   0.00e+00 (  1.07e+02,  1.89e+02)
80      0.199   5.33e-01   1.09e+00   8.73e-01   3.06e+00   0.00e+00 (  9.83e+01,  1.78e+02)
85      0.220   5.34e-01   1.03e+00   8.13e-01   4.23e+00   0.00e+00 (  8.39e+01,  1.68e+02)
90      0.385   8.86e-01   1.25e+00   8.09e-01   1.46e+01   0.00e+00 (  1.72e+02,  1.59e+02)
95      0.357   6.52e-01   9.13e-01   6.83e-01   2.50e+01   0.00e+00 (  2.81e+02,  1.51e+02)
32 e: 6.121e-05 i: 2.861e-04 :: e: 2.213e-02 i: 2.653e-02 :: n: 2.762e+01 e:22.617 i:25.150 v:4.993e+03
>>> tau_he = 5.000000, nhe(0)=3.120086e+00
 5     -0.036   1.21e-02   3.10e-01   7.38e-03  -1.60e-01   0.00e+00 (  6.95e+00,  4.97e+01)
10     -0.150   8.58e-02   3.24e-02  -1.45e-02  -8.51e-01   0.00e+00 (  6.10e+01,  9.77e+01)
15     -0.027   2.85e-01   3.72e-01   8.15e-02  -1.82e-01   0.00e+00 (  2.02e+02,  1.37e+02)
20      0.004   1.36e-01   1.31e-01   3.29e-03   2.78e-02   0.00e+00 (  9.79e+01,  1.78e+02)
25      0.046   1.73e-01   1.72e-01   2.99e-02   4.05e-01   0.00e+00 (  1.17e+02,  2.07e+02)
30      0.120   2.99e-01   3.58e-01   1.79e-01   1.16e+00   0.00e+00 (  1.82e+02,  2.25e+02)
35      0.113   3.15e-01   4.16e-01   1.96e-01   1.19e+00   0.00e+00 (  1.79e+02,  2.38e+02)
40      0.116   3.36e-01   5.00e-01   2.22e-01   1.31e+00   0.00e+00 (  1.73e+02,  2.43e+02)
45      0.139   3.77e-01   6.14e-01   2.62e-01   1.66e+00   0.00e+00 (  1.67e+02,  2.44e+02)
50      0.158   4.20e-01   7.37e-01   3.18e-01   1.98e+00   0.00e+00 (  1.58e+02,  2.40e+02)
55      0.174   4.58e-01   8.51e-01   4.48e-01   2.27e+00   0.00e+00 (  1.47e+02,  2.33e+02)
60      0.192   4.99e-01   9.71e-01   5.86e-01   2.59e+00   0.00e+00 (  1.40e+02,  2.24e+02)
65      0.181   4.93e-01   9.50e-01   6.47e-01   2.52e+00   0.00e+00 (  1.22e+02,  2.13e+02)
70      0.205   5.41e-01   1.08e+00   8.02e-01   2.92e+00   0.00e+00 (  1.16e+02,  2.01e+02)
75      0.203   5.51e-01   1.10e+00   8.69e-01   2.96e+00   0.00e+00 (  1.07e+02,  1.89e+02)
80      0.199   5.33e-01   1.09e+00   8.73e-01   3.06e+00   0.00e+00 (  9.82e+01,  1.78e+02)
85      0.220   5.34e-01   1.03e+00   8.12e-01   4.23e+00   0.00e+00 (  8.39e+01,  1.68e+02)
90      0.385   8.86e-01   1.25e+00   8.08e-01   1.46e+01   0.00e+00 (  1.72e+02,  1.59e+02)
95      0.357   6.52e-01   9.13e-01   6.83e-01   2.50e+01   0.00e+00 (  2.81e+02,  1.51e+02)
33 e: 2.762e-04 i: 1.083e-03 :: e: 3.363e-02 i: 3.608e-02 :: n: 2.762e+01 e:22.545 i:25.182 v:4.993e+03
>>> tau_he = 5.000000, nhe(0)=3.122649e+00
 5     -0.036   1.20e-02   3.09e-01   7.31e-03  -1.60e-01   0.00e+00 (  6.90e+00,  4.97e+01)
10     -0.145   8.59e-02   3.24e-02  -1.43e-02  -8.22e-01   0.00e+00 (  6.04e+01,  9.77e+01)
15     -0.096   1.29e-01   9.67e-02  -2.50e-02  -6.47e-01   0.00e+00 (  8.81e+01,  1.37e+02)
20      0.006   1.43e-01   1.38e-01  -1.48e-02   4.69e-02   0.00e+00 (  1.03e+02,  1.78e+02)
25      0.132   2.84e-01   3.57e-01   1.81e-01   1.16e+00   0.00e+00 (  1.94e+02,  2.07e+02)
30      0.121   2.99e-01   3.59e-01   1.79e-01   1.17e+00   0.00e+00 (  1.83e+02,  2.25e+02)
35      0.114   3.15e-01   4.15e-01   1.96e-01   1.20e+00   0.00e+00 (  1.79e+02,  2.38e+02)
40      0.117   3.36e-01   5.00e-01   2.21e-01   1.32e+00   0.00e+00 (  1.73e+02,  2.43e+02)
45      0.139   3.77e-01   6.14e-01   2.61e-01   1.66e+00   0.00e+00 (  1.67e+02,  2.44e+02)
50      0.159   4.20e-01   7.37e-01   3.18e-01   1.99e+00   0.00e+00 (  1.58e+02,  2.40e+02)
55      0.174   4.58e-01   8.51e-01   4.47e-01   2.27e+00   0.00e+00 (  1.47e+02,  2.33e+02)
60      0.191   4.98e-01   9.68e-01   5.84e-01   2.59e+00   0.00e+00 (  1.39e+02,  2.24e+02)
65      0.182   4.92e-01   9.51e-01   6.51e-01   2.53e+00   0.00e+00 (  1.22e+02,  2.13e+02)
70      0.205   5.41e-01   1.08e+00   8.02e-01   2.93e+00   0.00e+00 (  1.16e+02,  2.01e+02)
75      0.203   5.51e-01   1.10e+00   8.70e-01   2.96e+00   0.00e+00 (  1.07e+02,  1.89e+02)
80      0.199   5.33e-01   1.09e+00   8.73e-01   3.06e+00   0.00e+00 (  9.82e+01,  1.78e+02)
85      0.220   5.34e-01   1.03e+00   8.13e-01   4.24e+00   0.00e+00 (  8.39e+01,  1.68e+02)
90      0.385   8.86e-01   1.25e+00   8.09e-01   1.46e+01   0.00e+00 (  1.72e+02,  1.59e+02)
95      0.357   6.52e-01   9.13e-01   6.83e-01   2.50e+01   0.00e+00 (  2.81e+02,  1.51e+02)
34 e: 5.059e-05 i: 1.837e-04 :: e: 1.745e-02 i: 2.040e-02 :: n: 2.762e+01 e:22.627 i:25.210 v:4.993e+03
>>> tau_he = 5.000000, nhe(0)=3.124789e+00
 5     -0.036   1.21e-02   3.10e-01   7.35e-03  -1.60e-01   0.00e+00 (  6.92e+00,  4.97e+01)
10     -0.146   8.62e-02   3.23e-02  -1.44e-02  -8.27e-01   0.00e+00 (  6.08e+01,  9.77e+01)
15     -0.102   1.31e-01   1.00e-01  -2.72e-02  -6.88e-01   0.00e+00 (  9.07e+01,  1.37e+02)
20      0.086   2.74e-01   3.51e-01   1.46e-01   6.74e-01   0.00e+00 (  2.00e+02,  1.78e+02)
25      0.129   2.83e-01   3.56e-01   1.80e-01   1.14e+00   0.00e+00 (  1.94e+02,  2.07e+02)
30      0.120   3.00e-01   3.60e-01   1.80e-01   1.17e+00   0.00e+00 (  1.84e+02,  2.25e+02)
35      0.114   3.16e-01   4.17e-01   1.97e-01   1.19e+00   0.00e+00 (  1.80e+02,  2.38e+02)
40      0.117   3.37e-01   5.02e-01   2.22e-01   1.32e+00   0.00e+00 (  1.74e+02,  2.43e+02)
45      0.140   3.78e-01   6.18e-01   2.63e-01   1.66e+00   0.00e+00 (  1.68e+02,  2.44e+02)
50      0.159   4.22e-01   7.41e-01   3.19e-01   1.99e+00   0.00e+00 (  1.59e+02,  2.40e+02)
55      0.174   4.59e-01   8.53e-01   4.49e-01   2.27e+00   0.00e+00 (  1.47e+02,  2.33e+02)
60      0.191   4.98e-01   9.67e-01   5.84e-01   2.57e+00   0.00e+00 (  1.39e+02,  2.24e+02)
65      0.181   4.94e-01   9.51e-01   6.47e-01   2.51e+00   0.00e+00 (  1.22e+02,  2.13e+02)
70      0.205   5.42e-01   1.09e+00   8.03e-01   2.92e+00   0.00e+00 (  1.16e+02,  2.01e+02)
75      0.203   5.52e-01   1.10e+00   8.70e-01   2.96e+00   0.00e+00 (  1.07e+02,  1.89e+02)
80      0.199   5.33e-01   1.09e+00   8.74e-01   3.06e+00   0.00e+00 (  9.84e+01,  1.78e+02)
85      0.220   5.34e-01   1.03e+00   8.13e-01   4.23e+00   0.00e+00 (  8.41e+01,  1.68e+02)
90      0.385   8.86e-01   1.25e+00   8.09e-01   1.46e+01   0.00e+00 (  1.72e+02,  1.59e+02)
95      0.357   6.52e-01   9.13e-01   6.83e-01   2.50e+01   0.00e+00 (  2.81e+02,  1.51e+02)
35 e: 9.460e-05 i: 3.689e-04 :: e: 2.058e-02 i: 2.379e-02 :: n: 2.762e+01 e:22.584 i:25.171 v:4.993e+03
>>> tau_he = 5.000000, nhe(0)=3.121747e+00
 5     -0.036   1.21e-02   3.09e-01   7.35e-03  -1.60e-01   0.00e+00 (  6.93e+00,  4.97e+01)
10     -0.148   8.60e-02   3.26e-02  -1.45e-02  -8.37e-01   0.00e+00 (  6.09e+01,  9.77e+01)
15     -0.106   1.31e-01   1.12e-01  -6.65e-02  -7.18e-01   0.00e+00 (  9.15e+01,  1.37e+02)
20      0.003   1.38e-01   1.36e-01  -9.80e-03   2.34e-02   0.00e+00 (  9.89e+01,  1.78e+02)
25      0.046   1.74e-01   1.72e-01   2.97e-02   4.09e-01   0.00e+00 (  1.17e+02,  2.07e+02)
30      0.120   2.99e-01   3.58e-01   1.78e-01   1.16e+00   0.00e+00 (  1.83e+02,  2.25e+02)
35      0.114   3.16e-01   4.16e-01   1.96e-01   1.20e+00   0.00e+00 (  1.80e+02,  2.38e+02)
40      0.117   3.37e-01   5.01e-01   2.21e-01   1.32e+00   0.00e+00 (  1.74e+02,  2.43e+02)
45      0.140   3.78e-01   6.16e-01   2.62e-01   1.67e+00   0.00e+00 (  1.68e+02,  2.44e+02)
50      0.159   4.21e-01   7.39e-01   3.18e-01   1.99e+00   0.00e+00 (  1.58e+02,  2.40e+02)
55      0.174   4.59e-01   8.52e-01   4.48e-01   2.27e+00   0.00e+00 (  1.47e+02,  2.33e+02)
60      0.190   4.97e-01   9.64e-01   5.81e-01   2.57e+00   0.00e+00 (  1.39e+02,  2.24e+02)
65      0.181   4.94e-01   9.50e-01   6.47e-01   2.52e+00   0.00e+00 (  1.22e+02,  2.13e+02)
70      0.206   5.42e-01   1.09e+00   8.03e-01   2.93e+00   0.00e+00 (  1.16e+02,  2.01e+02)
75      0.203   5.52e-01   1.10e+00   8.71e-01   2.97e+00   0.00e+00 (  1.07e+02,  1.89e+02)
80      0.199   5.34e-01   1.09e+00   8.74e-01   3.07e+00   0.00e+00 (  9.84e+01,  1.78e+02)
85      0.221   5.35e-01   1.03e+00   8.15e-01   4.24e+00   0.00e+00 (  8.41e+01,  1.68e+02)
90      0.385   8.86e-01   1.25e+00   8.09e-01   1.46e+01   0.00e+00 (  1.72e+02,  1.59e+02)
95      0.357   6.52e-01   9.13e-01   6.83e-01   2.50e+01   0.00e+00 (  2.81e+02,  1.51e+02)
36 e: 4.770e-05 i: 1.649e-04 :: e: 2.068e-02 i: 2.175e-02 :: n: 2.762e+01 e:22.632 i:25.237 v:4.993e+03
>>> tau_he = 5.000000, nhe(0)=3.126899e+00
 5     -0.036   1.21e-02   3.11e-01   7.37e-03  -1.60e-01   0.00e+00 (  6.93e+00,  4.97e+01)
10     -0.168   9.03e-02   3.38e-02  -1.61e-02  -9.47e-01   0.00e+00 (  6.39e+01,  9.77e+01)
15     -0.109   1.33e-01   1.13e-01  -7.29e-02  -7.36e-01   0.00e+00 (  9.34e+01,  1.37e+02)
20      0.086   2.70e-01   3.47e-01   1.42e-01   6.73e-01   0.00e+00 (  1.96e+02,  1.78e+02)
25      0.130   2.84e-01   3.57e-01   1.81e-01   1.15e+00   0.00e+00 (  1.94e+02,  2.07e+02)
30      0.120   2.99e-01   3.60e-01   1.80e-01   1.17e+00   0.00e+00 (  1.83e+02,  2.25e+02)
35      0.113   3.15e-01   4.16e-01   1.97e-01   1.19e+00   0.00e+00 (  1.79e+02,  2.38e+02)
40      0.117   3.37e-01   5.02e-01   2.22e-01   1.32e+00   0.00e+00 (  1.73e+02,  2.43e+02)
45      0.139   3.78e-01   6.17e-01   2.63e-01   1.66e+00   0.00e+00 (  1.68e+02,  2.44e+02)
50      0.159   4.21e-01   7.41e-01   3.19e-01   1.99e+00   0.00e+00 (  1.58e+02,  2.40e+02)
55      0.174   4.59e-01   8.53e-01   4.49e-01   2.27e+00   0.00e+00 (  1.47e+02,  2.33e+02)
60      0.189   4.97e-01   9.63e-01   5.81e-01   2.56e+00   0.00e+00 (  1.38e+02,  2.24e+02)
65      0.181   4.94e-01   9.50e-01   6.47e-01   2.51e+00   0.00e+00 (  1.22e+02,  2.13e+02)
70      0.205   5.42e-01   1.09e+00   8.04e-01   2.92e+00   0.00e+00 (  1.16e+02,  2.01e+02)
75      0.203   5.52e-01   1.10e+00   8.71e-01   2.96e+00   0.00e+00 (  1.07e+02,  1.89e+02)
80      0.199   5.34e-01   1.09e+00   8.74e-01   3.06e+00   0.00e+00 (  9.86e+01,  1.78e+02)
85      0.220   5.35e-01   1.03e+00   8.14e-01   4.24e+00   0.00e+00 (  8.42e+01,  1.68e+02)
90      0.385   8.86e-01   1.25e+00   8.09e-01   1.46e+01   0.00e+00 (  1.72e+02,  1.59e+02)
95      0.357   6.52e-01   9.13e-01   6.83e-01   2.50e+01   0.00e+00 (  2.81e+02,  1.51e+02)
37 e: 6.503e-05 i: 2.919e-04 :: e: 1.892e-02 i: 2.092e-02 :: n: 2.762e+01 e:22.613 i:25.173 v:4.993e+03
>>> tau_he = 5.000000, nhe(0)=3.121896e+00
 5     -0.036   1.21e-02   3.10e-01   7.38e-03  -1.60e-01   0.00e+00 (  6.96e+00,  4.97e+01)
10     -0.149   8.60e-02   3.25e-02  -1.45e-02  -8.44e-01   0.00e+00 (  6.10e+01,  9.77e+01)
15     -0.036   2.84e-01   3.69e-01   7.87e-02  -2.47e-01   0.00e+00 (  2.01e+02,  1.37e+02)
20      0.004   1.37e-01   1.31e-01   3.17e-03   2.90e-02   0.00e+00 (  9.80e+01,  1.78e+02)
25      0.127   2.81e-01   3.52e-01   1.75e-01   1.12e+00   0.00e+00 (  1.90e+02,  2.07e+02)
30      0.120   2.99e-01   3.58e-01   1.79e-01   1.16e+00   0.00e+00 (  1.83e+02,  2.25e+02)
35      0.113   3.15e-01   4.16e-01   1.96e-01   1.19e+00   0.00e+00 (  1.80e+02,  2.38e+02)
40      0.117   3.36e-01   5.01e-01   2.21e-01   1.31e+00   0.00e+00 (  1.73e+02,  2.43e+02)
45      0.139   3.77e-01   6.16e-01   2.62e-01   1.66e+00   0.00e+00 (  1.67e+02,  2.44e+02)
50      0.159   4.21e-01   7.39e-01   3.18e-01   1.99e+00   0.00e+00 (  1.58e+02,  2.40e+02)
55      0.174   4.58e-01   8.50e-01   4.47e-01   2.27e+00   0.00e+00 (  1.47e+02,  2.33e+02)
60      0.156   4.47e-01   8.16e-01   4.97e-01   2.11e+00   0.00e+00 (  1.24e+02,  2.24e+02)
65      0.181   4.93e-01   9.48e-01   6.46e-01   2.51e+00   0.00e+00 (  1.22e+02,  2.13e+02)
70      0.205   5.42e-01   1.08e+00   8.03e-01   2.92e+00   0.00e+00 (  1.16e+02,  2.01e+02)
75      0.203   5.52e-01   1.10e+00   8.70e-01   2.96e+00   0.00e+00 (  1.07e+02,  1.89e+02)
80      0.199   5.34e-01   1.09e+00   8.74e-01   3.07e+00   0.00e+00 (  9.84e+01,  1.78e+02)
85      0.221   5.35e-01   1.03e+00   8.15e-01   4.24e+00   0.00e+00 (  8.41e+01,  1.68e+02)
90      0.385   8.86e-01   1.25e+00   8.09e-01   1.46e+01   0.00e+00 (  1.72e+02,  1.59e+02)
95      0.357   6.52e-01   9.13e-01   6.83e-01   2.50e+01   0.00e+00 (  2.81e+02,  1.51e+02)
38 e: 1.428e-04 i: 5.690e-04 :: e: 3.182e-02 i: 3.611e-02 :: n: 2.762e+01 e:22.522 i:25.132 v:4.993e+03
>>> tau_he = 5.000000, nhe(0)=3.118679e+00
 5     -0.036   1.20e-02   3.07e-01   7.30e-03  -1.61e-01   0.00e+00 (  6.90e+00,  4.97e+01)
10     -0.145   8.59e-02   3.30e-02  -1.44e-02  -8.20e-01   0.00e+00 (  6.04e+01,  9.77e+01)
15     -0.094   1.28e-01   9.68e-02  -2.49e-02  -6.36e-01   0.00e+00 (  8.76e+01,  1.37e+02)
20      0.007   1.41e-01   1.37e-01  -1.28e-02   5.11e-02   0.00e+00 (  1.02e+02,  1.78e+02)
25      0.136   2.95e-01   3.39e-01   1.43e-01   1.19e+00   0.00e+00 (  1.99e+02,  2.07e+02)
30      0.121   2.99e-01   3.58e-01   1.78e-01   1.17e+00   0.00e+00 (  1.82e+02,  2.25e+02)
35      0.114   3.15e-01   4.16e-01   1.96e-01   1.20e+00   0.00e+00 (  1.79e+02,  2.38e+02)
40      0.117   3.37e-01   5.01e-01   2.21e-01   1.32e+00   0.00e+00 (  1.73e+02,  2.43e+02)
45      0.140   3.77e-01   6.16e-01   2.62e-01   1.67e+00   0.00e+00 (  1.67e+02,  2.44e+02)
50      0.159   4.21e-01   7.39e-01   3.18e-01   1.99e+00   0.00e+00 (  1.58e+02,  2.40e+02)
55      0.175   4.59e-01   8.53e-01   4.48e-01   2.28e+00   0.00e+00 (  1.47e+02,  2.33e+02)
60      0.192   4.99e-01   9.70e-01   5.86e-01   2.59e+00   0.00e+00 (  1.39e+02,  2.24e+02)
65      0.182   4.93e-01   9.53e-01   6.52e-01   2.53e+00   0.00e+00 (  1.22e+02,  2.13e+02)
70      0.205   5.42e-01   1.08e+00   8.03e-01   2.92e+00   0.00e+00 (  1.16e+02,  2.01e+02)
75      0.203   5.52e-01   1.10e+00   8.70e-01   2.96e+00   0.00e+00 (  1.07e+02,  1.89e+02)
80      0.199   5.33e-01   1.09e+00   8.74e-01   3.06e+00   0.00e+00 (  9.84e+01,  1.78e+02)
85      0.220   5.35e-01   1.03e+00   8.14e-01   4.24e+00   0.00e+00 (  8.41e+01,  1.68e+02)
90      0.385   8.86e-01   1.25e+00   8.09e-01   1.46e+01   0.00e+00 (  1.72e+02,  1.59e+02)
95      0.357   6.52e-01   9.13e-01   6.83e-01   2.50e+01   0.00e+00 (  2.81e+02,  1.51e+02)
39 e: 4.928e-05 i: 1.391e-04 :: e: 1.787e-02 i: 1.800e-02 :: n: 2.762e+01 e:22.563 i:25.147 v:4.993e+03
>>> tau_he = 5.000000, nhe(0)=3.119861e+00
 5     -0.036   1.20e-02   3.08e-01   7.32e-03  -1.60e-01   0.00e+00 (  6.88e+00,  4.97e+01)
10     -0.145   8.58e-02   3.24e-02  -1.43e-02  -8.20e-01   0.00e+00 (  6.03e+01,  9.77e+01)
15     -0.099   1.30e-01   9.98e-02  -2.68e-02  -6.71e-01   0.00e+00 (  8.97e+01,  1.37e+02)
20      0.087   2.69e-01   3.47e-01   1.43e-01   6.81e-01   0.00e+00 (  1.95e+02,  1.78e+02)
25      0.043   1.67e-01   1.73e-01   3.13e-02   3.75e-01   0.00e+00 (  1.12e+02,  2.07e+02)
30      0.120   2.99e-01   3.58e-01   1.78e-01   1.16e+00   0.00e+00 (  1.82e+02,  2.25e+02)
35      0.114   3.16e-01   4.17e-01   1.97e-01   1.20e+00   0.00e+00 (  1.80e+02,  2.38e+02)
40      0.117   3.37e-01   5.02e-01   2.22e-01   1.32e+00   0.00e+00 (  1.74e+02,  2.43e+02)
45      0.140   3.78e-01   6.17e-01   2.63e-01   1.67e+00   0.00e+00 (  1.68e+02,  2.44e+02)
50      0.159   4.22e-01   7.41e-01   3.19e-01   1.99e+00   0.00e+00 (  1.59e+02,  2.40e+02)
55      0.174   4.60e-01   8.54e-01   4.49e-01   2.27e+00   0.00e+00 (  1.48e+02,  2.33e+02)
60      0.191   4.99e-01   9.69e-01   5.84e-01   2.58e+00   0.00e+00 (  1.39e+02,  2.24e+02)
65      0.181   4.94e-01   9.52e-01   6.48e-01   2.52e+00   0.00e+00 (  1.23e+02,  2.13e+02)
70      0.205   5.42e-01   1.09e+00   8.03e-01   2.92e+00   0.00e+00 (  1.16e+02,  2.01e+02)
75      0.203   5.52e-01   1.10e+00   8.71e-01   2.96e+00   0.00e+00 (  1.07e+02,  1.89e+02)
80      0.199   5.34e-01   1.09e+00   8.74e-01   3.06e+00   0.00e+00 (  9.85e+01,  1.78e+02)
85      0.220   5.35e-01   1.03e+00   8.14e-01   4.24e+00   0.00e+00 (  8.42e+01,  1.68e+02)
90      0.385   8.86e-01   1.25e+00   8.09e-01   1.46e+01   0.00e+00 (  1.72e+02,  1.59e+02)
95      0.357   6.52e-01   9.13e-01   6.83e-01   2.50e+01   0.00e+00 (  2.81e+02,  1.51e+02)
40 e: 6.678e-05 i: 2.560e-04 :: e: 2.583e-02 i: 2.670e-02 :: n: 2.762e+01 e:22.562 i:25.152 v:4.993e+03
>>> tau_he = 5.000000, nhe(0)=3.120256e+00
 5     -0.036   1.20e-02   3.08e-01   7.33e-03  -1.60e-01   0.00e+00 (  6.89e+00,  4.97e+01)
10     -0.146   8.58e-02   3.24e-02  -1.44e-02  -8.28e-01   0.00e+00 (  6.05e+01,  9.77e+01)
15     -0.101   1.30e-01   1.01e-01  -2.71e-02  -6.85e-01   0.00e+00 (  9.03e+01,  1.37e+02)
20      0.003   1.38e-01   1.36e-01  -8.90e-03   2.55e-02   0.00e+00 (  9.86e+01,  1.78e+02)
25      0.128   2.81e-01   3.53e-01   1.76e-01   1.13e+00   0.00e+00 (  1.91e+02,  2.07e+02)
30      0.120   2.99e-01   3.58e-01   1.79e-01   1.16e+00   0.00e+00 (  1.82e+02,  2.25e+02)
35      0.113   3.15e-01   4.15e-01   1.96e-01   1.19e+00   0.00e+00 (  1.79e+02,  2.38e+02)
40      0.117   3.36e-01   5.00e-01   2.21e-01   1.32e+00   0.00e+00 (  1.73e+02,  2.43e+02)
45      0.139   3.77e-01   6.16e-01   2.62e-01   1.66e+00   0.00e+00 (  1.67e+02,  2.44e+02)
50      0.159   4.21e-01   7.39e-01   3.18e-01   1.99e+00   0.00e+00 (  1.58e+02,  2.40e+02)
55      0.174   4.59e-01   8.52e-01   4.48e-01   2.27e+00   0.00e+00 (  1.47e+02,  2.33e+02)
60      0.190   4.97e-01   9.64e-01   5.82e-01   2.57e+00   0.00e+00 (  1.39e+02,  2.24e+02)
65      0.181   4.94e-01   9.50e-01   6.47e-01   2.52e+00   0.00e+00 (  1.22e+02,  2.13e+02)
70      0.205   5.42e-01   1.09e+00   8.03e-01   2.92e+00   0.00e+00 (  1.16e+02,  2.01e+02)
75      0.203   5.52e-01   1.10e+00   8.70e-01   2.96e+00   0.00e+00 (  1.07e+02,  1.89e+02)
80      0.199   5.34e-01   1.09e+00   8.74e-01   3.07e+00   0.00e+00 (  9.85e+01,  1.78e+02)
85      0.221   5.35e-01   1.03e+00   8.15e-01   4.24e+00   0.00e+00 (  8.42e+01,  1.68e+02)
90      0.385   8.86e-01   1.25e+00   8.09e-01   1.46e+01   0.00e+00 (  1.72e+02,  1.59e+02)
95      0.357   6.52e-01   9.13e-01   6.83e-01   2.50e+01   0.00e+00 (  2.81e+02,  1.51e+02)
41 e: 3.955e-05 i: 1.569e-04 :: e: 1.581e-02 i: 1.732e-02 :: n: 2.762e+01 e:22.594 i:25.186 v:4.993e+03
>>> tau_he = 5.000000, nhe(0)=3.122927e+00
 5     -0.036   1.20e-02   3.10e-01   7.35e-03  -1.59e-01   0.00e+00 (  6.90e+00,  4.97e+01)
10     -0.147   8.59e-02   3.22e-02  -1.44e-02  -8.32e-01   0.00e+00 (  6.07e+01,  9.77e+01)
15     -0.107   1.33e-01   1.13e-01  -7.50e-02  -7.26e-01   0.00e+00 (  9.32e+01,  1.37e+02)
20      0.015   1.44e-01   1.39e-01  -2.03e-02   1.16e-01   0.00e+00 (  1.05e+02,  1.78e+02)
25      0.136   2.95e-01   3.40e-01   1.44e-01   1.19e+00   0.00e+00 (  1.99e+02,  2.07e+02)
30      0.120   2.98e-01   3.58e-01   1.79e-01   1.16e+00   0.00e+00 (  1.82e+02,  2.25e+02)
35      0.113   3.15e-01   4.16e-01   1.96e-01   1.19e+00   0.00e+00 (  1.79e+02,  2.38e+02)
40      0.117   3.36e-01   5.01e-01   2.22e-01   1.32e+00   0.00e+00 (  1.73e+02,  2.43e+02)
45      0.139   3.78e-01   6.17e-01   2.62e-01   1.66e+00   0.00e+00 (  1.67e+02,  2.44e+02)
50      0.159   4.21e-01   7.40e-01   3.19e-01   1.99e+00   0.00e+00 (  1.58e+02,  2.40e+02)
55      0.174   4.59e-01   8.52e-01   4.48e-01   2.27e+00   0.00e+00 (  1.47e+02,  2.33e+02)
60      0.190   4.96e-01   9.63e-01   5.80e-01   2.56e+00   0.00e+00 (  1.38e+02,  2.24e+02)
65      0.181   4.94e-01   9.50e-01   6.47e-01   2.51e+00   0.00e+00 (  1.22e+02,  2.13e+02)
70      0.205   5.42e-01   1.09e+00   8.03e-01   2.92e+00   0.00e+00 (  1.16e+02,  2.01e+02)
75      0.203   5.52e-01   1.10e+00   8.70e-01   2.96e+00   0.00e+00 (  1.07e+02,  1.89e+02)
80      0.199   5.33e-01   1.09e+00   8.74e-01   3.06e+00   0.00e+00 (  9.85e+01,  1.78e+02)
85      0.220   5.35e-01   1.03e+00   8.14e-01   4.24e+00   0.00e+00 (  8.42e+01,  1.68e+02)
90      0.385   8.86e-01   1.25e+00   8.09e-01   1.46e+01   0.00e+00 (  1.72e+02,  1.59e+02)
95      0.357   6.52e-01   9.13e-01   6.83e-01   2.50e+01   0.00e+00 (  2.81e+02,  1.51e+02)
42 e: 4.463e-05 i: 1.085e-04 :: e: 1.462e-02 i: 1.388e-02 :: n: 2.762e+01 e:22.607 i:25.236 v:4.993e+03
>>> tau_he = 5.000000, nhe(0)=3.126802e+00
 5     -0.036   1.21e-02   3.11e-01   7.37e-03  -1.60e-01   0.00e+00 (  6.94e+00,  4.97e+01)
10     -0.168   9.02e-02   3.38e-02  -1.61e-02  -9.53e-01   0.00e+00 (  6.39e+01,  9.77e+01)
15     -0.025   2.86e-01   3.73e-01   8.00e-02  -1.70e-01   0.00e+00 (  2.03e+02,  1.37e+02)
20      0.086   2.73e-01   3.50e-01   1.47e-01   6.73e-01   0.00e+00 (  2.00e+02,  1.78e+02)
25      0.043   1.67e-01   1.73e-01   3.09e-02   3.75e-01   0.00e+00 (  1.12e+02,  2.07e+02)
30      0.119   2.98e-01   3.57e-01   1.78e-01   1.16e+00   0.00e+00 (  1.81e+02,  2.25e+02)
35      0.113   3.15e-01   4.15e-01   1.96e-01   1.19e+00   0.00e+00 (  1.79e+02,  2.38e+02)
40      0.117   3.36e-01   5.00e-01   2.22e-01   1.31e+00   0.00e+00 (  1.73e+02,  2.43e+02)
45      0.139   3.77e-01   6.16e-01   2.62e-01   1.66e+00   0.00e+00 (  1.67e+02,  2.44e+02)
50      0.159   4.20e-01   7.39e-01   3.18e-01   1.99e+00   0.00e+00 (  1.58e+02,  2.40e+02)
55      0.174   4.58e-01   8.50e-01   4.47e-01   2.27e+00   0.00e+00 (  1.47e+02,  2.33e+02)
60      0.156   4.47e-01   8.16e-01   4.97e-01   2.11e+00   0.00e+00 (  1.24e+02,  2.24e+02)
65      0.181   4.93e-01   9.48e-01   6.45e-01   2.51e+00   0.00e+00 (  1.22e+02,  2.13e+02)
70      0.205   5.41e-01   1.08e+00   8.02e-01   2.92e+00   0.00e+00 (  1.16e+02,  2.01e+02)
75      0.203   5.51e-01   1.10e+00   8.69e-01   2.96e+00   0.00e+00 (  1.07e+02,  1.89e+02)
80      0.199   5.33e-01   1.09e+00   8.73e-01   3.06e+00   0.00e+00 (  9.83e+01,  1.78e+02)
85      0.221   5.35e-01   1.03e+00   8.14e-01   4.24e+00   0.00e+00 (  8.41e+01,  1.68e+02)
90      0.385   8.86e-01   1.25e+00   8.09e-01   1.46e+01   0.00e+00 (  1.72e+02,  1.59e+02)
95      0.357   6.52e-01   9.13e-01   6.83e-01   2.50e+01   0.00e+00 (  2.81e+02,  1.51e+02)
43 e: 3.231e-04 i: 1.138e-03 :: e: 4.138e-02 i: 4.298e-02 :: n: 2.762e+01 e:22.537 i:25.144 v:4.993e+03
>>> tau_he = 5.000000, nhe(0)=3.119667e+00
 5     -0.036   1.21e-02   3.08e-01   7.32e-03  -1.61e-01   0.00e+00 (  6.95e+00,  4.97e+01)
10     -0.146   8.61e-02   3.31e-02  -1.45e-02  -8.24e-01   0.00e+00 (  6.06e+01,  9.77e+01)
15     -0.074   1.28e-01   9.62e-02  -2.17e-02  -5.01e-01   0.00e+00 (  8.75e+01,  1.37e+02)
20      0.006   1.41e-01   1.37e-01  -1.03e-02   4.76e-02   0.00e+00 (  1.01e+02,  1.78e+02)
25      0.130   2.83e-01   3.55e-01   1.78e-01   1.14e+00   0.00e+00 (  1.92e+02,  2.07e+02)
30      0.121   2.99e-01   3.59e-01   1.79e-01   1.17e+00   0.00e+00 (  1.83e+02,  2.25e+02)
35      0.114   3.15e-01   4.16e-01   1.96e-01   1.20e+00   0.00e+00 (  1.79e+02,  2.38e+02)
40      0.117   3.36e-01   5.00e-01   2.22e-01   1.32e+00   0.00e+00 (  1.73e+02,  2.43e+02)
45      0.140   3.77e-01   6.15e-01   2.62e-01   1.67e+00   0.00e+00 (  1.67e+02,  2.44e+02)
50      0.159   4.20e-01   7.38e-01   3.18e-01   1.99e+00   0.00e+00 (  1.58e+02,  2.40e+02)
55      0.174   4.58e-01   8.52e-01   4.48e-01   2.27e+00   0.00e+00 (  1.47e+02,  2.33e+02)
60      0.192   4.99e-01   9.69e-01   5.85e-01   2.59e+00   0.00e+00 (  1.39e+02,  2.24e+02)
65      0.181   4.94e-01   9.50e-01   6.47e-01   2.52e+00   0.00e+00 (  1.22e+02,  2.13e+02)
70      0.205   5.41e-01   1.08e+00   8.02e-01   2.92e+00   0.00e+00 (  1.16e+02,  2.01e+02)
75      0.203   5.51e-01   1.10e+00   8.69e-01   2.96e+00   0.00e+00 (  1.07e+02,  1.89e+02)
80      0.199   5.33e-01   1.09e+00   8.73e-01   3.06e+00   0.00e+00 (  9.82e+01,  1.78e+02)
85      0.220   5.34e-01   1.03e+00   8.14e-01   4.24e+00   0.00e+00 (  8.40e+01,  1.68e+02)
90      0.385   8.86e-01   1.25e+00   8.09e-01   1.46e+01   0.00e+00 (  1.72e+02,  1.59e+02)
95      0.357   6.52e-01   9.13e-01   6.83e-01   2.50e+01   0.00e+00 (  2.81e+02,  1.51e+02)
44 e: 3.476e-05 i: 1.671e-04 :: e: 1.718e-02 i: 1.875e-02 :: n: 2.762e+01 e:22.567 i:25.160 v:4.993e+03
>>> tau_he = 5.000000, nhe(0)=3.120883e+00
 5     -0.036   1.20e-02   3.08e-01   7.32e-03  -1.60e-01   0.00e+00 (  6.88e+00,  4.97e+01)
10     -0.145   8.59e-02   3.25e-02  -1.43e-02  -8.17e-01   0.00e+00 (  6.03e+01,  9.77e+01)
15     -0.098   1.30e-01   9.93e-02  -2.67e-02  -6.61e-01   0.00e+00 (  8.94e+01,  1.37e+02)
20      0.015   1.45e-01   1.39e-01  -2.11e-02   1.21e-01   0.00e+00 (  1.05e+02,  1.78e+02)
25      0.125   2.75e-01   3.54e-01   1.75e-01   1.10e+00   0.00e+00 (  1.86e+02,  2.07e+02)
30      0.120   2.99e-01   3.59e-01   1.79e-01   1.17e+00   0.00e+00 (  1.83e+02,  2.25e+02)
35      0.114   3.16e-01   4.17e-01   1.97e-01   1.19e+00   0.00e+00 (  1.80e+02,  2.38e+02)
40      0.117   3.37e-01   5.02e-01   2.22e-01   1.32e+00   0.00e+00 (  1.74e+02,  2.43e+02)
45      0.140   3.78e-01   6.17e-01   2.63e-01   1.67e+00   0.00e+00 (  1.68e+02,  2.44e+02)
50      0.159   4.21e-01   7.40e-01   3.19e-01   1.99e+00   0.00e+00 (  1.58e+02,  2.40e+02)
55      0.174   4.59e-01   8.53e-01   4.49e-01   2.27e+00   0.00e+00 (  1.47e+02,  2.33e+02)
60      0.191   4.98e-01   9.68e-01   5.84e-01   2.58e+00   0.00e+00 (  1.39e+02,  2.24e+02)
65      0.181   4.94e-01   9.51e-01   6.47e-01   2.51e+00   0.00e+00 (  1.22e+02,  2.13e+02)
70      0.205   5.42e-01   1.08e+00   8.02e-01   2.91e+00   0.00e+00 (  1.16e+02,  2.01e+02)
75      0.202   5.51e-01   1.10e+00   8.69e-01   2.95e+00   0.00e+00 (  1.07e+02,  1.89e+02)
80      0.199   5.33e-01   1.09e+00   8.73e-01   3.06e+00   0.00e+00 (  9.83e+01,  1.78e+02)
85      0.220   5.34e-01   1.03e+00   8.14e-01   4.24e+00   0.00e+00 (  8.41e+01,  1.68e+02)
90      0.385   8.86e-01   1.25e+00   8.09e-01   1.46e+01   0.00e+00 (  1.72e+02,  1.59e+02)
95      0.357   6.52e-01   9.13e-01   6.83e-01   2.50e+01   0.00e+00 (  2.81e+02,  1.51e+02)
45 e: 3.879e-05 i: 1.590e-04 :: e: 1.416e-02 i: 1.710e-02 :: n: 2.762e+01 e:22.585 i:25.214 v:4.993e+03
>>> tau_he = 5.000000, nhe(0)=3.125120e+00
 5     -0.036   1.21e-02   3.10e-01   7.34e-03  -1.60e-01   0.00e+00 (  6.91e+00,  4.97e+01)
10     -0.146   8.60e-02   3.22e-02  -1.43e-02  -8.24e-01   0.00e+00 (  6.05e+01,  9.77e+01)
15     -0.105   1.32e-01   1.12e-01  -6.55e-02  -7.09e-01   0.00e+00 (  9.16e+01,  1.37e+02)
20      0.087   2.74e-01   3.51e-01   1.47e-01   6.80e-01   0.00e+00 (  2.00e+02,  1.78e+02)
25      0.047   1.73e-01   1.71e-01   3.03e-02   4.09e-01   0.00e+00 (  1.17e+02,  2.07e+02)
30      0.120   2.98e-01   3.57e-01   1.78e-01   1.16e+00   0.00e+00 (  1.82e+02,  2.25e+02)
35      0.113   3.15e-01   4.16e-01   1.96e-01   1.19e+00   0.00e+00 (  1.79e+02,  2.38e+02)
40      0.117   3.36e-01   5.01e-01   2.22e-01   1.32e+00   0.00e+00 (  1.73e+02,  2.43e+02)
45      0.139   3.77e-01   6.16e-01   2.62e-01   1.66e+00   0.00e+00 (  1.67e+02,  2.44e+02)
50      0.159   4.21e-01   7.39e-01   3.18e-01   1.99e+00   0.00e+00 (  1.58e+02,  2.40e+02)
55      0.174   4.59e-01   8.52e-01   4.48e-01   2.27e+00   0.00e+00 (  1.47e+02,  2.33e+02)
60      0.190   4.97e-01   9.64e-01   5.82e-01   2.57e+00   0.00e+00 (  1.39e+02,  2.24e+02)
65      0.181   4.94e-01   9.50e-01   6.47e-01   2.51e+00   0.00e+00 (  1.22e+02,  2.13e+02)
70      0.205   5.42e-01   1.08e+00   8.02e-01   2.92e+00   0.00e+00 (  1.16e+02,  2.01e+02)
75      0.203   5.51e-01   1.10e+00   8.70e-01   2.96e+00   0.00e+00 (  1.07e+02,  1.89e+02)
80      0.199   5.33e-01   1.09e+00   8.73e-01   3.07e+00   0.00e+00 (  9.83e+01,  1.78e+02)
85      0.221   5.35e-01   1.03e+00   8.14e-01   4.24e+00   0.00e+00 (  8.41e+01,  1.68e+02)
90      0.385   8.86e-01   1.25e+00   8.09e-01   1.46e+01   0.00e+00 (  1.72e+02,  1.59e+02)
95      0.357   6.52e-01   9.13e-01   6.83e-01   2.50e+01   0.00e+00 (  2.81e+02,  1.51e+02)
46 e: 6.890e-05 i: 2.856e-04 :: e: 2.418e-02 i: 2.411e-02 :: n: 2.762e+01 e:22.606 i:25.197 v:4.993e+03
>>> tau_he = 5.000000, nhe(0)=3.123806e+00
 5     -0.036   1.21e-02   3.10e-01   7.36e-03  -1.60e-01   0.00e+00 (  6.94e+00,  4.97e+01)
10     -0.148   8.61e-02   3.25e-02  -1.44e-02  -8.35e-01   0.00e+00 (  6.09e+01,  9.77e+01)
15     -0.107   1.32e-01   1.12e-01  -7.06e-02  -7.24e-01   0.00e+00 (  9.25e+01,  1.37e+02)
20      0.005   1.42e-01   1.38e-01  -1.56e-02   4.23e-02   0.00e+00 (  1.03e+02,  1.78e+02)
25      0.129   2.82e-01   3.54e-01   1.78e-01   1.13e+00   0.00e+00 (  1.92e+02,  2.07e+02)
30      0.120   2.99e-01   3.59e-01   1.79e-01   1.16e+00   0.00e+00 (  1.83e+02,  2.25e+02)
35      0.113   3.15e-01   4.16e-01   1.96e-01   1.19e+00   0.00e+00 (  1.79e+02,  2.38e+02)
40      0.117   3.36e-01   5.01e-01   2.22e-01   1.32e+00   0.00e+00 (  1.73e+02,  2.43e+02)
45      0.139   3.78e-01   6.17e-01   2.62e-01   1.66e+00   0.00e+00 (  1.67e+02,  2.44e+02)
50      0.159   4.21e-01   7.40e-01   3.19e-01   1.99e+00   0.00e+00 (  1.58e+02,  2.40e+02)
55      0.174   4.59e-01   8.52e-01   4.48e-01   2.27e+00   0.00e+00 (  1.47e+02,  2.33e+02)
60      0.190   4.96e-01   9.63e-01   5.80e-01   2.56e+00   0.00e+00 (  1.38e+02,  2.24e+02)
65      0.181   4.93e-01   9.50e-01   6.46e-01   2.51e+00   0.00e+00 (  1.22e+02,  2.13e+02)
70      0.205   5.42e-01   1.08e+00   8.03e-01   2.92e+00   0.00e+00 (  1.16e+02,  2.01e+02)
75      0.203   5.51e-01   1.10e+00   8.70e-01   2.96e+00   0.00e+00 (  1.07e+02,  1.89e+02)
80      0.199   5.33e-01   1.09e+00   8.73e-01   3.06e+00   0.00e+00 (  9.83e+01,  1.78e+02)
85      0.220   5.34e-01   1.03e+00   8.14e-01   4.24e+00   0.00e+00 (  8.41e+01,  1.68e+02)
90      0.385   8.86e-01   1.25e+00   8.09e-01   1.46e+01   0.00e+00 (  1.72e+02,  1.59e+02)
95      0.357   6.52e-01   9.13e-01   6.83e-01   2.50e+01   0.00e+00 (  2.81e+02,  1.51e+02)
47 e: 3.240e-05 i: 1.312e-04 :: e: 1.445e-02 i: 1.541e-02 :: n: 2.762e+01 e:22.613 i:25.236 v:4.993e+03
>>> tau_he = 5.000000, nhe(0)=3.126796e+00
 5     -0.036   1.21e-02   3.11e-01   7.37e-03  -1.60e-01   0.00e+00 (  6.94e+00,  4.97e+01)
10     -0.148   8.61e-02   3.22e-02  -1.44e-02  -8.36e-01   0.00e+00 (  6.09e+01,  9.77e+01)
15     -0.035   2.86e-01   3.70e-01   7.81e-02  -2.39e-01   0.00e+00 (  2.01e+02,  1.37e+02)
20      0.086   2.72e-01   3.48e-01   1.44e-01   6.72e-01   0.00e+00 (  1.98e+02,  1.78e+02)
25      0.128   2.80e-01   3.51e-01   1.75e-01   1.12e+00   0.00e+00 (  1.90e+02,  2.07e+02)
30      0.119   2.98e-01   3.58e-01   1.78e-01   1.16e+00   0.00e+00 (  1.82e+02,  2.25e+02)
35      0.113   3.15e-01   4.15e-01   1.96e-01   1.19e+00   0.00e+00 (  1.79e+02,  2.38e+02)
40      0.117   3.36e-01   5.01e-01   2.22e-01   1.31e+00   0.00e+00 (  1.73e+02,  2.43e+02)
45      0.139   3.77e-01   6.16e-01   2.62e-01   1.66e+00   0.00e+00 (  1.67e+02,  2.44e+02)
50      0.159   4.21e-01   7.39e-01   3.18e-01   1.99e+00   0.00e+00 (  1.58e+02,  2.40e+02)
55      0.174   4.58e-01   8.50e-01   4.47e-01   2.27e+00   0.00e+00 (  1.47e+02,  2.33e+02)
60      0.156   4.47e-01   8.16e-01   4.98e-01   2.11e+00   0.00e+00 (  1.24e+02,  2.24e+02)
65      0.181   4.93e-01   9.48e-01   6.45e-01   2.51e+00   0.00e+00 (  1.22e+02,  2.13e+02)
70      0.205   5.41e-01   1.08e+00   8.02e-01   2.92e+00   0.00e+00 (  1.16e+02,  2.01e+02)
75      0.203   5.51e-01   1.10e+00   8.69e-01   2.96e+00   0.00e+00 (  1.07e+02,  1.89e+02)
80      0.199   5.33e-01   1.09e+00   8.73e-01   3.06e+00   0.00e+00 (  9.82e+01,  1.78e+02)
85      0.221   5.35e-01   1.03e+00   8.14e-01   4.24e+00   0.00e+00 (  8.40e+01,  1.68e+02)
90      0.385   8.86e-01   1.25e+00   8.09e-01   1.46e+01   0.00e+00 (  1.72e+02,  1.59e+02)
95      0.357   6.52e-01   9.13e-01   6.83e-01   2.50e+01   0.00e+00 (  2.81e+02,  1.51e+02)
48 e: 1.806e-04 i: 6.098e-04 :: e: 3.352e-02 i: 3.689e-02 :: n: 2.762e+01 e:22.507 i:25.097 v:4.993e+03
>>> tau_he = 5.000000, nhe(0)=3.115977e+00
 5     -0.036   1.20e-02   3.06e-01   7.29e-03  -1.61e-01   0.00e+00 (  6.92e+00,  4.97e+01)
10     -0.146   8.61e-02   3.36e-02  -1.45e-02  -8.27e-01   0.00e+00 (  6.06e+01,  9.77e+01)
15     -0.093   1.28e-01   9.65e-02  -2.47e-02  -6.27e-01   0.00e+00 (  8.70e+01,  1.37e+02)
20      0.006   1.36e-01   1.31e-01   3.14e-03   4.41e-02   0.00e+00 (  9.72e+01,  1.78e+02)
25      0.042   1.67e-01   1.72e-01   3.08e-02   3.72e-01   0.00e+00 (  1.12e+02,  2.07e+02)
30      0.120   2.99e-01   3.58e-01   1.78e-01   1.17e+00   0.00e+00 (  1.82e+02,  2.25e+02)
35      0.114   3.15e-01   4.16e-01   1.96e-01   1.20e+00   0.00e+00 (  1.80e+02,  2.38e+02)
40      0.117   3.37e-01   5.01e-01   2.21e-01   1.32e+00   0.00e+00 (  1.73e+02,  2.43e+02)
45      0.140   3.77e-01   6.16e-01   2.62e-01   1.67e+00   0.00e+00 (  1.67e+02,  2.44e+02)
50      0.159   4.21e-01   7.38e-01   3.18e-01   1.99e+00   0.00e+00 (  1.58e+02,  2.40e+02)
55      0.175   4.59e-01   8.52e-01   4.48e-01   2.28e+00   0.00e+00 (  1.47e+02,  2.33e+02)
60      0.192   4.99e-01   9.70e-01   5.85e-01   2.59e+00   0.00e+00 (  1.39e+02,  2.24e+02)
65      0.182   4.93e-01   9.52e-01   6.52e-01   2.53e+00   0.00e+00 (  1.22e+02,  2.13e+02)
70      0.205   5.41e-01   1.08e+00   8.02e-01   2.92e+00   0.00e+00 (  1.16e+02,  2.01e+02)
75      0.203   5.51e-01   1.10e+00   8.69e-01   2.96e+00   0.00e+00 (  1.07e+02,  1.89e+02)
80      0.199   5.33e-01   1.09e+00   8.73e-01   3.06e+00   0.00e+00 (  9.82e+01,  1.78e+02)
85      0.221   5.34e-01   1.03e+00   8.14e-01   4.24e+00   0.00e+00 (  8.40e+01,  1.68e+02)
90      0.385   8.86e-01   1.25e+00   8.09e-01   1.46e+01   0.00e+00 (  1.72e+02,  1.59e+02)
95      0.357   6.52e-01   9.13e-01   6.83e-01   2.50e+01   0.00e+00 (  2.81e+02,  1.51e+02)
49 e: 5.356e-05 i: 1.655e-04 :: e: 2.371e-02 i: 2.407e-02 :: n: 2.762e+01 e:22.553 i:25.151 v:4.993e+03
 plasma volume = 148.503326
 stored energy(e,i,b,a) = 5.038332e+01 4.624639e+01 0.000000e+00 0.000000e+00
 betan = 1.097970
*power
 Pnb(e,i) = 0.000000e+00 0.000000e+00
 Prf(e,i) = 1.296197e+01 2.706320e+01
 Prad     = -1.240707e+01 
 Pei      = -1.116132e+01 
 Pfuse    = 4.387561e+01 
 Pfusi    = 1.490553e+01 
 Poh      = 0.000000e+00 
*confinement time
 taut, tauITER98y2, H98y2 : 1.118409e+00 1.458124e+00 7.670194e-01
 taue, taui : 1.514413e+00 1.774146e+00
 taut, tau89, H89 : 1.118409e+00 7.429422e-01 1.505378e+00
*temperature
 nea, nebar : 1.902420e+01 2.170589e+01 
 tea, tia : 6.434391e+00 6.170406e+00 (1.042782e+00)
 te0, ti0 : 1.904970e+01 1.948613e+01 (9.776035e-01)
 Sn : 0.000000e+00 
*current balance
 Ip,Ibs,Inb,Irf: 1.000000e+01 1.725084e+00 0.000000e+00 3.526552e-01
 fni,fbs: 0.208 0.173

 plasma volume = 148.503326
 stored energy(e,i,b,a) = 5.038332e+01 4.624639e+01 0.000000e+00 0.000000e+00
 betan = 1.097970
*power
 Pnb(e,i) = 0.000000e+00 0.000000e+00
 Prf(e,i) = 1.296197e+01 2.706320e+01
 Prad     = -1.240707e+01 
 Pei      = -1.116132e+01 
 Pfuse    = 4.387561e+01 
 Pfusi    = 1.490553e+01 
 Poh      = 0.000000e+00 
*confinement time
 taut, tauITER98y2, H98y2 : 1.118409e+00 1.458124e+00 7.670194e-01
 taue, taui : 1.514413e+00 1.774146e+00
 taut, tau89, H89 : 1.118409e+00 7.429422e-01 1.505378e+00
*temperature
 nea, nebar : 1.902420e+01 2.170589e+01 
 tea, tia : 6.434391e+00 6.170406e+00 (1.042782e+00)
 te0, ti0 : 1.904970e+01 1.948613e+01 (9.776035e-01)
 Sn : 0.000000e+00 
*current balance
 Ip,Ibs,Inb,Irf: 1.000000e+01 1.725084e+00 0.000000e+00 3.526552e-01
 fni,fbs: 0.208 0.173
 ELAPASED TIME = 1917 sec

finalize
