========================================================================
= FASTRAN

nonlinear model = 0
ichi = 1
ineo = 0
reading state...
read formatted input, inprof...
init geometry...
read formatted input, inmetric...
nrho in inmetric = 101
rhob in inmetric = 1.259187e+00
solve avg grad-shafranv...
solve_avg_gs::Ip_temp = 9.996114e+00 
solve_avg_gs::Ip      = 1.000000e+01 
>>> tau_he = 5.000000, nhe(0)=2.412372e+00

 plasma volume = 147.234112
 stored energy(e,i,b,a) = 4.035453e+01 3.792653e+01 0.000000e+00 0.000000e+00
 betan = 0.895783
*power
 Pnb(e,i) = 0.000000e+00 0.000000e+00
 Prf(e,i) = 1.041496e+01 2.964403e+01
 Prad     = -1.411808e+01 
 Pei      = -2.420875e+00 
 Pfuse    = 3.507022e+01 
 Pfusi    = 1.109137e+01 
 Poh      = 0.000000e+00 
*confinement time
 taut, tauITER98y2, H98y2 : 1.085691e+00 1.613844e+00 6.727360e-01
 taue, taui : 1.394120e+00 2.806826e+00
 taut, tau89, H89 : 1.085691e+00 8.071571e-01 1.345080e+00
*temperature
 nea, nebar : 1.773063e+01 2.075284e+01 
 tea, tia : 5.270192e+00 5.200383e+00 (1.013424e+00)
 te0, ti0 : 1.808758e+01 1.855456e+01 (9.748324e-01)
 Sn : 0.000000e+00 
*current balance
 Ip,Ibs,Inb,Irf: 1.000000e+01 1.495765e+00 0.000000e+00 2.048739e-01
 fni,fbs: 0.170 0.150

Time advancing...
rho_bdry 0.900000 ...
te_bdry = 0.972258
ti_bdry = 0.972455
ne_bdry = 13.087061
rv_bdry = 279.463030
nrho_tr_bdry = 18
drho_bdry = 0.000000e+00
nrhob = 90
 [    0] t = 0.0000 
>>> tau_he = 5.000000, nhe(0)=2.402886e+00
 5     -0.001   3.63e-03   1.06e-01   2.32e-03  -7.87e-03   0.00e+00 (  6.79e-01,  4.52e+01)
10     -0.002   9.35e-03   4.46e-02  -3.07e-03  -1.49e-02   0.00e+00 (  2.91e+00,  9.01e+01)
15      0.010   2.94e-02  -2.52e-02  -1.29e-02   7.81e-02   0.00e+00 (  1.23e+01,  1.26e+02)
20      0.025   7.51e-02   5.68e-03   5.67e-03   2.32e-01   0.00e+00 (  3.73e+01,  1.52e+02)
25      0.041   1.28e-01   1.13e-01   3.68e-02   4.30e-01   0.00e+00 (  6.99e+01,  1.72e+02)
30      0.086   2.35e-01   2.87e-01   1.11e-01   1.01e+00   0.00e+00 (  1.34e+02,  1.85e+02)
35      0.090   2.47e-01   3.41e-01   1.09e-01   1.15e+00   0.00e+00 (  1.32e+02,  1.86e+02)
40      0.103   2.81e-01   4.25e-01   1.55e-01   1.40e+00   0.00e+00 (  1.35e+02,  1.81e+02)
45      0.155   3.53e-01   6.23e-01   2.41e-01   2.24e+00   0.00e+00 (  1.49e+02,  1.71e+02)
50      0.197   4.15e-01   8.15e-01   3.46e-01   2.97e+00   0.00e+00 (  1.54e+02,  1.59e+02)
55      0.234   4.80e-01   1.00e+00   5.24e-01   3.68e+00   0.00e+00 (  1.57e+02,  1.47e+02)
60      0.258   5.30e-01   1.14e+00   7.05e-01   4.19e+00   0.00e+00 (  1.53e+02,  1.35e+02)
65      0.265   5.56e-01   1.21e+00   8.36e-01   4.42e+00   0.00e+00 (  1.43e+02,  1.24e+02)
70      0.251   5.59e-01   1.19e+00   9.03e-01   4.28e+00   0.00e+00 (  1.28e+02,  1.14e+02)
75      0.213   5.17e-01   1.07e+00   8.59e-01   3.72e+00   0.00e+00 (  1.07e+02,  1.05e+02)
80      0.164   4.33e-01   8.78e-01   7.37e-01   2.96e+00   0.00e+00 (  8.37e+01,  9.84e+01)
85      0.102   3.19e-01   6.03e-01   5.15e-01   2.07e+00   0.00e+00 (  6.46e+01,  9.31e+01)
90      0.017   1.19e-01   2.09e-01   1.79e-01   5.10e-01   0.00e+00 (  2.01e+01,  8.86e+01)
95      0.005   3.15e-02   4.43e-02   3.94e-02   2.21e-01   0.00e+00 (  2.70e+00,  8.34e+01)
 0 e: 8.940e-07 i: 9.795e-06 :: e: 0.000e+00 i: 0.000e+00 :: n: 2.763e+01 e:18.103 i:18.466 v:4.993e+03
>>> tau_he = 5.000000, nhe(0)=2.391211e+00
 5     -0.001   4.01e-03   1.53e-01   2.98e-03  -6.65e-03   0.00e+00 (  7.51e-01,  4.52e+01)
10     -0.002   9.55e-03   4.11e-02  -3.38e-03  -1.51e-02   0.00e+00 (  3.00e+00,  9.01e+01)
15      0.012   3.53e-02  -1.82e-02  -1.00e-02   1.01e-01   0.00e+00 (  1.49e+01,  1.26e+02)
20      0.026   7.83e-02   9.02e-03   6.60e-03   2.41e-01   0.00e+00 (  3.91e+01,  1.52e+02)
25      0.041   1.32e-01   1.18e-01   3.77e-02   4.36e-01   0.00e+00 (  7.31e+01,  1.72e+02)
30      0.083   2.30e-01   2.79e-01   1.08e-01   9.76e-01   0.00e+00 (  1.30e+02,  1.85e+02)
35      0.090   2.47e-01   3.41e-01   1.09e-01   1.15e+00   0.00e+00 (  1.32e+02,  1.86e+02)
40      0.108   2.85e-01   4.37e-01   1.65e-01   1.47e+00   0.00e+00 (  1.38e+02,  1.81e+02)
45      0.157   3.54e-01   6.30e-01   2.43e-01   2.27e+00   0.00e+00 (  1.50e+02,  1.71e+02)
50      0.197   4.16e-01   8.19e-01   3.49e-01   2.97e+00   0.00e+00 (  1.54e+02,  1.59e+02)
55      0.232   4.80e-01   1.00e+00   5.31e-01   3.65e+00   0.00e+00 (  1.57e+02,  1.47e+02)
60      0.254   5.26e-01   1.14e+00   7.00e-01   4.13e+00   0.00e+00 (  1.52e+02,  1.35e+02)
65      0.260   5.51e-01   1.20e+00   8.25e-01   4.34e+00   0.00e+00 (  1.41e+02,  1.24e+02)
70      0.247   5.56e-01   1.18e+00   8.94e-01   4.23e+00   0.00e+00 (  1.26e+02,  1.14e+02)
75      0.212   5.17e-01   1.07e+00   8.55e-01   3.70e+00   0.00e+00 (  1.06e+02,  1.05e+02)
80      0.165   4.35e-01   8.80e-01   7.38e-01   2.98e+00   0.00e+00 (  8.38e+01,  9.84e+01)
85      0.105   3.24e-01   6.10e-01   5.20e-01   2.12e+00   0.00e+00 (  6.64e+01,  9.31e+01)
90      0.017   1.20e-01   2.09e-01   1.79e-01   5.06e-01   0.00e+00 (  2.05e+01,  8.86e+01)
95      0.005   3.15e-02   4.43e-02   3.94e-02   2.21e-01   0.00e+00 (  2.70e+00,  8.34e+01)
 1 e: 3.035e-02 i: 1.624e-01 :: e: 5.661e-03 i: 9.998e-03 :: n: 2.763e+01 e:20.991 i:24.001 v:4.993e+03
>>> tau_he = 5.000000, nhe(0)=2.984849e+00
 5     -0.010   7.45e-03   4.70e-01   5.82e-03  -5.39e-02   0.00e+00 (  2.83e+00,  4.52e+01)
10     -0.060   6.35e-02   1.37e-02   5.98e-03  -4.11e-01   0.00e+00 (  4.42e+01,  9.01e+01)
15     -0.047   2.39e-01   3.36e-01   4.30e-02  -3.86e-01   0.00e+00 (  2.00e+02,  1.26e+02)
20      0.369   3.52e-01   4.29e-01   1.97e-01   3.47e+00   0.00e+00 (  2.80e+02,  1.52e+02)
25      0.254   2.80e-01   3.56e-01   1.60e-01   2.69e+00   0.00e+00 (  1.96e+02,  1.72e+02)
30      0.119   2.32e-01   3.61e-01   1.33e-01   1.39e+00   0.00e+00 (  1.32e+02,  1.85e+02)
35      0.129   2.60e-01   4.44e-01   1.49e-01   1.64e+00   0.00e+00 (  1.39e+02,  1.86e+02)
40      0.179   3.22e-01   6.36e-01   2.50e-01   2.43e+00   0.00e+00 (  1.54e+02,  1.81e+02)
45      0.174   3.62e-01   7.69e-01   3.13e-01   2.51e+00   0.00e+00 (  1.45e+02,  1.71e+02)
50      0.170   3.85e-01   8.43e-01   3.75e-01   2.56e+00   0.00e+00 (  1.29e+02,  1.59e+02)
55      0.170   4.10e-01   8.88e-01   4.66e-01   2.67e+00   0.00e+00 (  1.15e+02,  1.47e+02)
60      0.175   4.37e-01   9.30e-01   5.60e-01   2.85e+00   0.00e+00 (  1.07e+02,  1.35e+02)
65      0.185   4.66e-01   9.73e-01   6.62e-01   3.08e+00   0.00e+00 (  1.01e+02,  1.24e+02)
70      0.194   5.00e-01   1.02e+00   7.55e-01   3.31e+00   0.00e+00 (  9.92e+01,  1.14e+02)
75      0.193   5.10e-01   1.03e+00   8.04e-01   3.36e+00   0.00e+00 (  9.71e+01,  1.05e+02)
80      0.175   4.77e-01   9.56e-01   7.89e-01   3.16e+00   0.00e+00 (  9.31e+01,  9.84e+01)
85      0.129   3.76e-01   7.04e-01   5.96e-01   2.62e+00   0.00e+00 (  8.59e+01,  9.31e+01)
90      0.014   1.20e-01   2.06e-01   1.78e-01   4.11e-01   0.00e+00 (  2.29e+01,  8.86e+01)
95      0.005   3.15e-02   4.43e-02   3.94e-02   2.21e-01   0.00e+00 (  2.70e+00,  8.34e+01)
 2 e: 1.384e-02 i: 6.309e-03 :: e: 1.472e-01 i: 1.883e-01 :: n: 2.763e+01 e:22.858 i:24.709 v:4.993e+03
>>> tau_he = 5.000000, nhe(0)=3.042099e+00
 5     -0.017   9.48e-03   4.33e-01   8.00e-03  -9.08e-02   0.00e+00 (  4.97e+00,  4.52e+01)
10     -0.186   7.64e-02   1.93e-02  -1.01e-02  -1.27e+00   0.00e+00 (  7.22e+01,  9.01e+01)
15     -0.112   2.82e-01   4.02e-01   1.25e-01  -9.11e-01   0.00e+00 (  2.97e+02,  1.26e+02)
20      0.317   3.39e-01   4.22e-01   2.51e-01   2.99e+00   0.00e+00 (  3.27e+02,  1.52e+02)
25      0.256   2.86e-01   3.54e-01   2.08e-01   2.71e+00   0.00e+00 (  2.38e+02,  1.72e+02)
30      0.111   2.40e-01   3.51e-01   1.39e-01   1.30e+00   0.00e+00 (  1.57e+02,  1.85e+02)
35      0.106   2.58e-01   3.91e-01   1.46e-01   1.34e+00   0.00e+00 (  1.48e+02,  1.86e+02)
40      0.145   2.93e-01   5.47e-01   2.14e-01   1.98e+00   0.00e+00 (  1.41e+02,  1.81e+02)
45      0.147   3.18e-01   6.40e-01   2.58e-01   2.12e+00   0.00e+00 (  1.21e+02,  1.71e+02)
50      0.147   3.30e-01   6.90e-01   3.04e-01   2.22e+00   0.00e+00 (  1.01e+02,  1.59e+02)
55      0.151   3.48e-01   7.30e-01   3.79e-01   2.38e+00   0.00e+00 (  8.67e+01,  1.47e+02)
60      0.161   3.73e-01   7.73e-01   4.65e-01   2.61e+00   0.00e+00 (  7.84e+01,  1.35e+02)
65      0.175   4.07e-01   8.32e-01   5.63e-01   2.93e+00   0.00e+00 (  7.55e+01,  1.24e+02)
70      0.191   4.49e-01   9.04e-01   6.70e-01   3.27e+00   0.00e+00 (  7.66e+01,  1.14e+02)
75      0.199   4.77e-01   9.56e-01   7.53e-01   3.47e+00   0.00e+00 (  8.01e+01,  1.05e+02)
80      0.186   4.71e-01   9.38e-01   7.71e-01   3.36e+00   0.00e+00 (  8.50e+01,  9.84e+01)
85      0.140   3.86e-01   7.21e-01   6.09e-01   2.83e+00   0.00e+00 (  8.77e+01,  9.31e+01)
90      0.014   1.19e-01   2.06e-01   1.78e-01   4.00e-01   0.00e+00 (  2.34e+01,  8.86e+01)
95      0.005   3.15e-02   4.43e-02   3.94e-02   2.21e-01   0.00e+00 (  2.70e+00,  8.34e+01)
 3 e: 1.839e-03 i: 4.446e-03 :: e: 1.871e-01 i: 2.167e-01 :: n: 2.763e+01 e:22.369 i:24.650 v:4.993e+03
>>> tau_he = 5.000000, nhe(0)=3.037261e+00
 5     -0.018   9.32e-03   3.88e-01   7.61e-03  -9.47e-02   0.00e+00 (  4.96e+00,  4.52e+01)
10     -0.156   7.95e-02   2.16e-02  -1.52e-02  -1.06e+00   0.00e+00 (  7.24e+01,  9.01e+01)
15     -0.053   2.67e-01   3.77e-01   9.09e-02  -4.30e-01   0.00e+00 (  2.54e+02,  1.26e+02)
20      0.285   3.20e-01   3.93e-01   1.91e-01   2.69e+00   0.00e+00 (  2.83e+02,  1.52e+02)
25      0.265   2.92e-01   3.62e-01   2.06e-01   2.81e+00   0.00e+00 (  2.35e+02,  1.72e+02)
30      0.130   2.50e-01   3.75e-01   1.52e-01   1.53e+00   0.00e+00 (  1.65e+02,  1.85e+02)
35      0.136   2.61e-01   4.49e-01   1.52e-01   1.72e+00   0.00e+00 (  1.51e+02,  1.86e+02)
40      0.170   3.04e-01   5.97e-01   2.36e-01   2.31e+00   0.00e+00 (  1.48e+02,  1.81e+02)
45      0.164   3.31e-01   7.07e-01   2.93e-01   2.36e+00   0.00e+00 (  1.27e+02,  1.71e+02)
50      0.159   3.47e-01   7.62e-01   3.41e-01   2.40e+00   0.00e+00 (  1.07e+02,  1.59e+02)
55      0.161   3.64e-01   7.95e-01   4.20e-01   2.53e+00   0.00e+00 (  9.12e+01,  1.47e+02)
60      0.167   3.85e-01   8.25e-01   4.98e-01   2.71e+00   0.00e+00 (  8.13e+01,  1.35e+02)
65      0.177   4.14e-01   8.67e-01   5.91e-01   2.96e+00   0.00e+00 (  7.71e+01,  1.24e+02)
70      0.189   4.51e-01   9.24e-01   6.88e-01   3.23e+00   0.00e+00 (  7.70e+01,  1.14e+02)
75      0.192   4.76e-01   9.60e-01   7.52e-01   3.35e+00   0.00e+00 (  8.00e+01,  1.05e+02)
80      0.179   4.66e-01   9.41e-01   7.74e-01   3.24e+00   0.00e+00 (  8.39e+01,  9.84e+01)
85      0.132   3.87e-01   7.30e-01   6.17e-01   2.67e+00   0.00e+00 (  8.86e+01,  9.31e+01)
90      0.011   1.19e-01   2.05e-01   1.77e-01   3.36e-01   0.00e+00 (  2.36e+01,  8.86e+01)
95      0.005   3.15e-02   4.43e-02   3.94e-02   2.21e-01   0.00e+00 (  2.70e+00,  8.34e+01)
 4 e: 1.578e-03 i: 3.106e-03 :: e: 1.578e-01 i: 1.806e-01 :: n: 2.763e+01 e:21.862 i:24.248 v:4.993e+03
>>> tau_he = 5.000000, nhe(0)=3.004282e+00
 5     -0.017   9.09e-03   3.64e-01   7.43e-03  -9.30e-02   0.00e+00 (  4.93e+00,  4.52e+01)
10     -0.147   7.69e-02   2.23e-02  -1.53e-02  -9.98e-01   0.00e+00 (  6.83e+01,  9.01e+01)
15     -0.051   2.41e-01   3.36e-01   5.90e-02  -4.17e-01   0.00e+00 (  2.13e+02,  1.26e+02)
20      0.206   2.81e-01   3.43e-01   1.49e-01   1.94e+00   0.00e+00 (  2.33e+02,  1.52e+02)
25      0.171   2.67e-01   3.55e-01   1.72e-01   1.81e+00   0.00e+00 (  2.07e+02,  1.72e+02)
30      0.123   2.46e-01   3.60e-01   1.45e-01   1.43e+00   0.00e+00 (  1.63e+02,  1.85e+02)
35      0.125   2.61e-01   4.31e-01   1.48e-01   1.58e+00   0.00e+00 (  1.52e+02,  1.86e+02)
40      0.150   2.95e-01   5.59e-01   2.20e-01   2.04e+00   0.00e+00 (  1.43e+02,  1.81e+02)
45      0.153   3.21e-01   6.57e-01   2.67e-01   2.20e+00   0.00e+00 (  1.23e+02,  1.71e+02)
50      0.152   3.34e-01   7.14e-01   3.16e-01   2.30e+00   0.00e+00 (  1.03e+02,  1.59e+02)
55      0.156   3.51e-01   7.53e-01   3.96e-01   2.45e+00   0.00e+00 (  8.79e+01,  1.47e+02)
60      0.163   3.71e-01   7.85e-01   4.75e-01   2.64e+00   0.00e+00 (  7.80e+01,  1.35e+02)
65      0.173   3.98e-01   8.26e-01   5.63e-01   2.89e+00   0.00e+00 (  7.31e+01,  1.24e+02)
70      0.185   4.32e-01   8.77e-01   6.53e-01   3.15e+00   0.00e+00 (  7.20e+01,  1.14e+02)
75      0.188   4.52e-01   9.10e-01   7.19e-01   3.29e+00   0.00e+00 (  7.34e+01,  1.05e+02)
80      0.175   4.46e-01   8.89e-01   7.33e-01   3.16e+00   0.00e+00 (  7.68e+01,  9.84e+01)
85      0.131   3.71e-01   6.95e-01   5.88e-01   2.65e+00   0.00e+00 (  8.10e+01,  9.31e+01)
90      0.014   1.20e-01   2.06e-01   1.78e-01   4.18e-01   0.00e+00 (  2.30e+01,  8.86e+01)
95      0.005   3.15e-02   4.43e-02   3.94e-02   2.21e-01   0.00e+00 (  2.70e+00,  8.34e+01)
 5 e: 7.417e-04 i: 1.804e-03 :: e: 1.428e-01 i: 1.668e-01 :: n: 2.763e+01 e:21.529 i:23.831 v:4.993e+03
>>> tau_he = 5.000000, nhe(0)=2.968915e+00
 5     -0.017   8.67e-03   3.40e-01   7.17e-03  -9.07e-02   0.00e+00 (  4.70e+00,  4.52e+01)
10     -0.119   7.22e-02   2.22e-02  -1.40e-02  -8.11e-01   0.00e+00 (  6.17e+01,  9.01e+01)
15     -0.030   2.25e-01   3.20e-01   4.60e-02  -2.46e-01   0.00e+00 (  1.86e+02,  1.26e+02)
20      0.186   2.68e-01   3.22e-01   1.23e-01   1.75e+00   0.00e+00 (  2.09e+02,  1.52e+02)
25      0.164   2.63e-01   3.51e-01   1.59e-01   1.74e+00   0.00e+00 (  1.97e+02,  1.72e+02)
30      0.127   2.47e-01   3.69e-01   1.48e-01   1.48e+00   0.00e+00 (  1.62e+02,  1.85e+02)
35      0.132   2.59e-01   4.42e-01   1.47e-01   1.67e+00   0.00e+00 (  1.50e+02,  1.86e+02)
40      0.156   3.01e-01   5.83e-01   2.31e-01   2.12e+00   0.00e+00 (  1.46e+02,  1.81e+02)
45      0.162   3.29e-01   6.94e-01   2.87e-01   2.33e+00   0.00e+00 (  1.28e+02,  1.71e+02)
50      0.161   3.48e-01   7.61e-01   3.42e-01   2.43e+00   0.00e+00 (  1.09e+02,  1.59e+02)
55      0.165   3.68e-01   8.08e-01   4.30e-01   2.60e+00   0.00e+00 (  9.39e+01,  1.47e+02)
60      0.171   3.88e-01   8.40e-01   5.12e-01   2.78e+00   0.00e+00 (  8.33e+01,  1.35e+02)
65      0.180   4.12e-01   8.76e-01   6.06e-01   3.01e+00   0.00e+00 (  7.72e+01,  1.24e+02)
70      0.188   4.40e-01   9.13e-01   6.86e-01   3.22e+00   0.00e+00 (  7.46e+01,  1.14e+02)
75      0.187   4.56e-01   9.29e-01   7.37e-01   3.27e+00   0.00e+00 (  7.50e+01,  1.05e+02)
80      0.170   4.39e-01   8.88e-01   7.30e-01   3.08e+00   0.00e+00 (  7.61e+01,  9.84e+01)
85      0.124   3.69e-01   6.95e-01   5.89e-01   2.51e+00   0.00e+00 (  8.04e+01,  9.31e+01)
90      0.013   1.19e-01   2.06e-01   1.78e-01   3.76e-01   0.00e+00 (  2.30e+01,  8.86e+01)
95      0.005   3.15e-02   4.43e-02   3.94e-02   2.21e-01   0.00e+00 (  2.70e+00,  8.34e+01)
 6 e: 6.724e-04 i: 9.288e-04 :: e: 1.132e-01 i: 1.298e-01 :: n: 2.763e+01 e:21.093 i:23.628 v:4.993e+03
>>> tau_he = 5.000000, nhe(0)=2.951379e+00
 5     -0.017   8.45e-03   3.27e-01   6.95e-03  -9.03e-02   0.00e+00 (  4.57e+00,  4.52e+01)
10     -0.091   6.84e-02   1.94e-02  -1.31e-02  -6.18e-01   0.00e+00 (  5.67e+01,  9.01e+01)
15     -0.032   2.15e-01   2.96e-01   3.61e-02  -2.57e-01   0.00e+00 (  1.68e+02,  1.26e+02)
20      0.196   2.47e-01   2.91e-01   1.04e-01   1.84e+00   0.00e+00 (  1.83e+02,  1.52e+02)
25      0.139   2.43e-01   3.29e-01   1.54e-01   1.48e+00   0.00e+00 (  1.76e+02,  1.72e+02)
30      0.120   2.41e-01   3.57e-01   1.49e-01   1.40e+00   0.00e+00 (  1.55e+02,  1.85e+02)
35      0.126   2.54e-01   4.24e-01   1.39e-01   1.60e+00   0.00e+00 (  1.46e+02,  1.86e+02)
40      0.147   2.93e-01   5.52e-01   2.18e-01   2.00e+00   0.00e+00 (  1.41e+02,  1.81e+02)
45      0.155   3.20e-01   6.60e-01   2.70e-01   2.23e+00   0.00e+00 (  1.24e+02,  1.71e+02)
50      0.157   3.40e-01   7.30e-01   3.25e-01   2.37e+00   0.00e+00 (  1.06e+02,  1.59e+02)
55      0.163   3.62e-01   7.83e-01   4.16e-01   2.56e+00   0.00e+00 (  9.26e+01,  1.47e+02)
60      0.170   3.81e-01   8.21e-01   5.03e-01   2.77e+00   0.00e+00 (  8.21e+01,  1.35e+02)
65      0.179   4.05e-01   8.56e-01   5.92e-01   2.98e+00   0.00e+00 (  7.61e+01,  1.24e+02)
70      0.186   4.28e-01   8.86e-01   6.64e-01   3.18e+00   0.00e+00 (  7.24e+01,  1.14e+02)
75      0.185   4.44e-01   8.99e-01   7.13e-01   3.23e+00   0.00e+00 (  7.21e+01,  1.05e+02)
80      0.168   4.26e-01   8.56e-01   7.04e-01   3.04e+00   0.00e+00 (  7.21e+01,  9.84e+01)
85      0.123   3.57e-01   6.70e-01   5.69e-01   2.50e+00   0.00e+00 (  7.54e+01,  9.31e+01)
90      0.015   1.20e-01   2.07e-01   1.79e-01   4.37e-01   0.00e+00 (  2.25e+01,  8.86e+01)
95      0.005   3.15e-02   4.43e-02   3.94e-02   2.21e-01   0.00e+00 (  2.70e+00,  8.34e+01)
 7 e: 2.466e-04 i: 6.020e-04 :: e: 1.024e-01 i: 1.189e-01 :: n: 2.763e+01 e:20.974 i:23.386 v:4.993e+03
>>> tau_he = 5.000000, nhe(0)=2.929964e+00
 5     -0.017   8.23e-03   3.13e-01   6.82e-03  -8.91e-02   0.00e+00 (  4.46e+00,  4.52e+01)
10     -0.086   6.63e-02   2.16e-02  -1.27e-02  -5.85e-01   0.00e+00 (  5.38e+01,  9.01e+01)
15     -0.024   2.11e-01   2.87e-01   3.23e-02  -1.99e-01   0.00e+00 (  1.59e+02,  1.26e+02)
20      0.115   2.21e-01   2.95e-01   1.11e-01   1.08e+00   0.00e+00 (  1.59e+02,  1.52e+02)
25      0.136   2.39e-01   3.29e-01   1.48e-01   1.45e+00   0.00e+00 (  1.69e+02,  1.72e+02)
30      0.122   2.42e-01   3.62e-01   1.45e-01   1.43e+00   0.00e+00 (  1.56e+02,  1.85e+02)
35      0.128   2.56e-01   4.35e-01   1.41e-01   1.63e+00   0.00e+00 (  1.47e+02,  1.86e+02)
40      0.150   2.97e-01   5.69e-01   2.25e-01   2.04e+00   0.00e+00 (  1.43e+02,  1.81e+02)
45      0.160   3.27e-01   6.84e-01   2.81e-01   2.30e+00   0.00e+00 (  1.27e+02,  1.71e+02)
50      0.163   3.50e-01   7.62e-01   3.42e-01   2.46e+00   0.00e+00 (  1.11e+02,  1.59e+02)
55      0.170   3.73e-01   8.22e-01   4.42e-01   2.67e+00   0.00e+00 (  9.72e+01,  1.47e+02)
60      0.177   3.94e-01   8.62e-01   5.32e-01   2.87e+00   0.00e+00 (  8.67e+01,  1.35e+02)
65      0.184   4.18e-01   8.94e-01   6.22e-01   3.07e+00   0.00e+00 (  8.01e+01,  1.24e+02)
70      0.189   4.39e-01   9.16e-01   6.89e-01   3.23e+00   0.00e+00 (  7.56e+01,  1.14e+02)
75      0.185   4.49e-01   9.15e-01   7.28e-01   3.23e+00   0.00e+00 (  7.37e+01,  1.05e+02)
80      0.166   4.26e-01   8.62e-01   7.10e-01   3.00e+00   0.00e+00 (  7.27e+01,  9.84e+01)
85      0.119   3.57e-01   6.72e-01   5.71e-01   2.42e+00   0.00e+00 (  7.55e+01,  9.31e+01)
90      0.014   1.20e-01   2.07e-01   1.78e-01   4.06e-01   0.00e+00 (  2.25e+01,  8.86e+01)
95      0.005   3.15e-02   4.43e-02   3.94e-02   2.21e-01   0.00e+00 (  2.70e+00,  8.34e+01)
 8 e: 2.318e-04 i: 3.371e-04 :: e: 7.843e-02 i: 9.309e-02 :: n: 2.763e+01 e:20.712 i:23.330 v:4.993e+03
>>> tau_he = 5.000000, nhe(0)=2.924985e+00
 5     -0.017   8.14e-03   3.07e-01   6.68e-03  -8.93e-02   0.00e+00 (  4.40e+00,  4.52e+01)
10     -0.080   6.53e-02   2.15e-02  -1.23e-02  -5.46e-01   0.00e+00 (  5.19e+01,  9.01e+01)
15     -0.045   1.08e-01   8.69e-02  -2.20e-02  -3.67e-01   0.00e+00 (  7.90e+01,  1.26e+02)
20      0.108   2.12e-01   2.81e-01   9.90e-02   1.02e+00   0.00e+00 (  1.49e+02,  1.52e+02)
25      0.129   2.35e-01   3.17e-01   1.38e-01   1.37e+00   0.00e+00 (  1.63e+02,  1.72e+02)
30      0.118   2.38e-01   3.53e-01   1.43e-01   1.37e+00   0.00e+00 (  1.52e+02,  1.85e+02)
35      0.124   2.52e-01   4.20e-01   1.35e-01   1.57e+00   0.00e+00 (  1.43e+02,  1.86e+02)
40      0.144   2.91e-01   5.45e-01   2.15e-01   1.95e+00   0.00e+00 (  1.39e+02,  1.81e+02)
45      0.153   3.23e-01   6.56e-01   2.66e-01   2.21e+00   0.00e+00 (  1.25e+02,  1.71e+02)
50      0.160   3.45e-01   7.39e-01   3.30e-01   2.41e+00   0.00e+00 (  1.09e+02,  1.59e+02)
55      0.168   3.70e-01   8.03e-01   4.28e-01   2.64e+00   0.00e+00 (  9.66e+01,  1.47e+02)
60      0.176   3.91e-01   8.48e-01   5.23e-01   2.86e+00   0.00e+00 (  8.64e+01,  1.35e+02)
65      0.184   4.15e-01   8.82e-01   6.13e-01   3.07e+00   0.00e+00 (  7.96e+01,  1.24e+02)
70      0.189   4.35e-01   9.03e-01   6.79e-01   3.22e+00   0.00e+00 (  7.49e+01,  1.14e+02)
75      0.184   4.42e-01   8.99e-01   7.14e-01   3.22e+00   0.00e+00 (  7.23e+01,  1.05e+02)
80      0.165   4.19e-01   8.43e-01   6.95e-01   2.99e+00   0.00e+00 (  7.05e+01,  9.84e+01)
85      0.119   3.50e-01   6.57e-01   5.59e-01   2.42e+00   0.00e+00 (  7.26e+01,  9.31e+01)
90      0.015   1.20e-01   2.07e-01   1.79e-01   4.48e-01   0.00e+00 (  2.22e+01,  8.86e+01)
95      0.005   3.15e-02   4.43e-02   3.94e-02   2.21e-01   0.00e+00 (  2.70e+00,  8.34e+01)
 9 e: 9.361e-05 i: 5.220e-04 :: e: 6.726e-02 i: 8.605e-02 :: n: 2.763e+01 e:20.771 i:23.262 v:4.993e+03
>>> tau_he = 5.000000, nhe(0)=2.918870e+00
 5     -0.017   8.10e-03   3.04e-01   6.69e-03  -8.90e-02   0.00e+00 (  4.40e+00,  4.52e+01)
10     -0.079   6.57e-02   2.26e-02  -1.22e-02  -5.36e-01   0.00e+00 (  5.20e+01,  9.01e+01)
15     -0.009   2.10e-01   2.84e-01   3.03e-02  -7.12e-02   0.00e+00 (  1.54e+02,  1.26e+02)
20      0.113   2.15e-01   2.81e-01   9.17e-02   1.06e+00   0.00e+00 (  1.50e+02,  1.52e+02)
25      0.127   2.34e-01   3.17e-01   1.35e-01   1.35e+00   0.00e+00 (  1.60e+02,  1.72e+02)
30      0.119   2.40e-01   3.58e-01   1.44e-01   1.39e+00   0.00e+00 (  1.52e+02,  1.85e+02)
35      0.126   2.55e-01   4.29e-01   1.36e-01   1.59e+00   0.00e+00 (  1.45e+02,  1.86e+02)
40      0.146   2.95e-01   5.58e-01   2.20e-01   1.99e+00   0.00e+00 (  1.41e+02,  1.81e+02)
45      0.157   3.29e-01   6.76e-01   2.75e-01   2.25e+00   0.00e+00 (  1.28e+02,  1.71e+02)
50      0.164   3.53e-01   7.64e-01   3.42e-01   2.47e+00   0.00e+00 (  1.13e+02,  1.59e+02)
55      0.173   3.78e-01   8.33e-01   4.46e-01   2.72e+00   0.00e+00 (  1.00e+02,  1.47e+02)
60      0.181   4.02e-01   8.80e-01   5.45e-01   2.94e+00   0.00e+00 (  9.03e+01,  1.35e+02)
65      0.188   4.25e-01   9.12e-01   6.36e-01   3.13e+00   0.00e+00 (  8.31e+01,  1.24e+02)
70      0.191   4.44e-01   9.28e-01   7.00e-01   3.27e+00   0.00e+00 (  7.77e+01,  1.14e+02)
75      0.185   4.48e-01   9.15e-01   7.29e-01   3.23e+00   0.00e+00 (  7.42e+01,  1.05e+02)
80      0.164   4.21e-01   8.51e-01   7.02e-01   2.96e+00   0.00e+00 (  7.16e+01,  9.84e+01)
85      0.117   3.51e-01   6.60e-01   5.62e-01   2.37e+00   0.00e+00 (  7.31e+01,  9.31e+01)
90      0.014   1.20e-01   2.07e-01   1.79e-01   4.23e-01   0.00e+00 (  2.22e+01,  8.86e+01)
95      0.005   3.15e-02   4.43e-02   3.94e-02   2.21e-01   0.00e+00 (  2.70e+00,  8.34e+01)
10 e: 1.077e-04 i: 1.540e-04 :: e: 5.841e-02 i: 6.805e-02 :: n: 2.763e+01 e:20.596 i:23.294 v:4.993e+03
>>> tau_he = 5.000000, nhe(0)=2.921834e+00
 5     -0.017   8.10e-03   3.01e-01   6.60e-03  -9.01e-02   0.00e+00 (  4.40e+00,  4.52e+01)
10     -0.075   6.56e-02   2.27e-02  -1.36e-02  -5.10e-01   0.00e+00 (  5.11e+01,  9.01e+01)
15     -0.009   2.06e-01   2.74e-01   2.54e-02  -7.65e-02   0.00e+00 (  1.47e+02,  1.26e+02)
20      0.107   2.09e-01   2.71e-01   8.50e-02   1.01e+00   0.00e+00 (  1.43e+02,  1.52e+02)
25      0.123   2.31e-01   3.10e-01   1.34e-01   1.30e+00   0.00e+00 (  1.56e+02,  1.72e+02)
30      0.116   2.38e-01   3.50e-01   1.38e-01   1.36e+00   0.00e+00 (  1.49e+02,  1.85e+02)
35      0.112   2.52e-01   3.90e-01   1.42e-01   1.42e+00   0.00e+00 (  1.43e+02,  1.86e+02)
40      0.141   2.90e-01   5.37e-01   2.12e-01   1.92e+00   0.00e+00 (  1.38e+02,  1.81e+02)
45      0.153   3.24e-01   6.54e-01   2.64e-01   2.20e+00   0.00e+00 (  1.26e+02,  1.71e+02)
50      0.162   3.49e-01   7.45e-01   3.32e-01   2.44e+00   0.00e+00 (  1.12e+02,  1.59e+02)
55      0.172   3.75e-01   8.18e-01   4.37e-01   2.70e+00   0.00e+00 (  9.97e+01,  1.47e+02)
60      0.181   4.00e-01   8.69e-01   5.37e-01   2.94e+00   0.00e+00 (  9.00e+01,  1.35e+02)
65      0.188   4.23e-01   9.03e-01   6.30e-01   3.14e+00   0.00e+00 (  8.29e+01,  1.24e+02)
70      0.192   4.41e-01   9.18e-01   6.92e-01   3.27e+00   0.00e+00 (  7.72e+01,  1.14e+02)
75      0.185   4.45e-01   9.06e-01   7.21e-01   3.23e+00   0.00e+00 (  7.35e+01,  1.05e+02)
80      0.165   4.18e-01   8.41e-01   6.93e-01   2.97e+00   0.00e+00 (  7.04e+01,  9.84e+01)
85      0.118   3.47e-01   6.51e-01   5.54e-01   2.39e+00   0.00e+00 (  7.14e+01,  9.31e+01)
90      0.015   1.20e-01   2.08e-01   1.79e-01   4.53e-01   0.00e+00 (  2.20e+01,  8.86e+01)
95      0.005   3.15e-02   4.43e-02   3.94e-02   2.21e-01   0.00e+00 (  2.70e+00,  8.34e+01)
11 e: 9.795e-05 i: 1.158e-04 :: e: 5.385e-02 i: 6.028e-02 :: n: 2.763e+01 e:20.641 i:23.220 v:4.993e+03
>>> tau_he = 5.000000, nhe(0)=2.915054e+00
 5     -0.017   8.04e-03   2.95e-01   6.58e-03  -9.01e-02   0.00e+00 (  4.39e+00,  4.52e+01)
10     -0.073   6.60e-02   2.40e-02  -1.39e-02  -4.95e-01   0.00e+00 (  5.10e+01,  9.01e+01)
15     -0.002   2.06e-01   2.73e-01   2.54e-02  -1.77e-02   0.00e+00 (  1.44e+02,  1.26e+02)
20      0.107   2.08e-01   2.70e-01   8.47e-02   1.01e+00   0.00e+00 (  1.41e+02,  1.52e+02)
25      0.123   2.30e-01   3.12e-01   1.35e-01   1.30e+00   0.00e+00 (  1.55e+02,  1.72e+02)
30      0.118   2.40e-01   3.56e-01   1.40e-01   1.38e+00   0.00e+00 (  1.51e+02,  1.85e+02)
35      0.115   2.57e-01   4.01e-01   1.44e-01   1.46e+00   0.00e+00 (  1.46e+02,  1.86e+02)
40      0.144   2.94e-01   5.50e-01   2.16e-01   1.95e+00   0.00e+00 (  1.41e+02,  1.81e+02)
45      0.156   3.30e-01   6.72e-01   2.72e-01   2.25e+00   0.00e+00 (  1.29e+02,  1.71e+02)
50      0.165   3.56e-01   7.66e-01   3.43e-01   2.50e+00   0.00e+00 (  1.15e+02,  1.59e+02)
55      0.176   3.84e-01   8.43e-01   4.52e-01   2.77e+00   0.00e+00 (  1.03e+02,  1.47e+02)
60      0.185   4.10e-01   8.96e-01   5.56e-01   3.00e+00   0.00e+00 (  9.37e+01,  1.35e+02)
65      0.192   4.33e-01   9.29e-01   6.47e-01   3.20e+00   0.00e+00 (  8.60e+01,  1.24e+02)
70      0.194   4.50e-01   9.42e-01   7.10e-01   3.32e+00   0.00e+00 (  7.99e+01,  1.14e+02)
75      0.186   4.51e-01   9.22e-01   7.35e-01   3.25e+00   0.00e+00 (  7.56e+01,  1.05e+02)
80      0.164   4.21e-01   8.51e-01   7.02e-01   2.96e+00   0.00e+00 (  7.18e+01,  9.84e+01)
85      0.116   3.48e-01   6.56e-01   5.58e-01   2.36e+00   0.00e+00 (  7.23e+01,  9.31e+01)
90      0.015   1.20e-01   2.07e-01   1.79e-01   4.30e-01   0.00e+00 (  2.21e+01,  8.86e+01)
95      0.005   3.15e-02   4.43e-02   3.94e-02   2.21e-01   0.00e+00 (  2.70e+00,  8.34e+01)
12 e: 5.835e-05 i: 9.240e-05 :: e: 4.063e-02 i: 4.483e-02 :: n: 2.763e+01 e:20.528 i:23.268 v:4.993e+03
>>> tau_he = 5.000000, nhe(0)=2.919501e+00
 5     -0.017   8.06e-03   2.94e-01   6.52e-03  -9.08e-02   0.00e+00 (  4.39e+00,  4.52e+01)
10     -0.069   6.58e-02   2.39e-02  -1.38e-02  -4.73e-01   0.00e+00 (  5.02e+01,  9.01e+01)
15     -0.030   1.08e-01   8.56e-02  -2.18e-02  -2.42e-01   0.00e+00 (  7.43e+01,  1.26e+02)
20      0.100   2.04e-01   2.63e-01   7.80e-02   9.38e-01   0.00e+00 (  1.37e+02,  1.52e+02)
25      0.119   2.28e-01   3.06e-01   1.30e-01   1.27e+00   0.00e+00 (  1.52e+02,  1.72e+02)
30      0.116   2.39e-01   3.50e-01   1.35e-01   1.35e+00   0.00e+00 (  1.50e+02,  1.85e+02)
35      0.113   2.55e-01   3.91e-01   1.42e-01   1.43e+00   0.00e+00 (  1.44e+02,  1.86e+02)
40      0.139   2.89e-01   5.31e-01   1.75e-01   1.88e+00   0.00e+00 (  1.38e+02,  1.81e+02)
45      0.153   3.26e-01   6.55e-01   2.64e-01   2.21e+00   0.00e+00 (  1.28e+02,  1.71e+02)
50      0.164   3.54e-01   7.52e-01   3.34e-01   2.47e+00   0.00e+00 (  1.15e+02,  1.59e+02)
55      0.175   3.84e-01   8.31e-01   4.41e-01   2.75e+00   0.00e+00 (  1.04e+02,  1.47e+02)
60      0.185   4.09e-01   8.88e-01   5.50e-01   3.00e+00   0.00e+00 (  9.38e+01,  1.35e+02)
65      0.192   4.32e-01   9.23e-01   6.43e-01   3.21e+00   0.00e+00 (  8.62e+01,  1.24e+02)
70      0.195   4.49e-01   9.37e-01   7.06e-01   3.33e+00   0.00e+00 (  8.00e+01,  1.14e+02)
75      0.187   4.51e-01   9.17e-01   7.31e-01   3.27e+00   0.00e+00 (  7.54e+01,  1.05e+02)
80      0.165   4.20e-01   8.45e-01   6.97e-01   2.98e+00   0.00e+00 (  7.13e+01,  9.84e+01)
85      0.118   3.47e-01   6.51e-01   5.54e-01   2.38e+00   0.00e+00 (  7.14e+01,  9.31e+01)
90      0.015   1.20e-01   2.08e-01   1.79e-01   4.53e-01   0.00e+00 (  2.20e+01,  8.86e+01)
95      0.005   3.15e-02   4.43e-02   3.94e-02   2.21e-01   0.00e+00 (  2.70e+00,  8.34e+01)
13 e: 8.316e-05 i: 2.769e-04 :: e: 3.658e-02 i: 4.488e-02 :: n: 2.763e+01 e:20.654 i:23.298 v:4.993e+03
>>> tau_he = 5.000000, nhe(0)=2.922152e+00
 5     -0.017   8.11e-03   2.96e-01   6.59e-03  -9.11e-02   0.00e+00 (  4.44e+00,  4.52e+01)
10     -0.071   6.68e-02   2.47e-02  -1.40e-02  -4.83e-01   0.00e+00 (  5.09e+01,  9.01e+01)
15      0.004   2.09e-01   2.77e-01   2.74e-02   3.04e-02   0.00e+00 (  1.45e+02,  1.26e+02)
20      0.101   2.05e-01   2.66e-01   8.02e-02   9.50e-01   0.00e+00 (  1.38e+02,  1.52e+02)
25      0.119   2.29e-01   3.08e-01   1.33e-01   1.27e+00   0.00e+00 (  1.52e+02,  1.72e+02)
30      0.117   2.41e-01   3.54e-01   1.37e-01   1.37e+00   0.00e+00 (  1.52e+02,  1.85e+02)
35      0.115   2.58e-01   3.98e-01   1.45e-01   1.46e+00   0.00e+00 (  1.46e+02,  1.86e+02)
40      0.141   2.93e-01   5.42e-01   1.78e-01   1.91e+00   0.00e+00 (  1.41e+02,  1.81e+02)
45      0.156   3.32e-01   6.70e-01   2.70e-01   2.25e+00   0.00e+00 (  1.31e+02,  1.71e+02)
50      0.167   3.61e-01   7.70e-01   3.44e-01   2.52e+00   0.00e+00 (  1.18e+02,  1.59e+02)
55      0.178   3.91e-01   8.52e-01   4.54e-01   2.80e+00   0.00e+00 (  1.07e+02,  1.47e+02)
60      0.188   4.17e-01   9.11e-01   5.65e-01   3.06e+00   0.00e+00 (  9.70e+01,  1.35e+02)
65      0.195   4.41e-01   9.46e-01   6.59e-01   3.26e+00   0.00e+00 (  8.92e+01,  1.24e+02)
70      0.198   4.57e-01   9.58e-01   7.23e-01   3.38e+00   0.00e+00 (  8.26e+01,  1.14e+02)
75      0.189   4.57e-01   9.33e-01   7.44e-01   3.29e+00   0.00e+00 (  7.75e+01,  1.05e+02)
80      0.165   4.24e-01   8.56e-01   7.06e-01   2.98e+00   0.00e+00 (  7.29e+01,  9.84e+01)
85      0.117   3.49e-01   6.57e-01   5.59e-01   2.37e+00   0.00e+00 (  7.26e+01,  9.31e+01)
90      0.015   1.20e-01   2.07e-01   1.79e-01   4.32e-01   0.00e+00 (  2.21e+01,  8.86e+01)
95      0.005   3.15e-02   4.43e-02   3.94e-02   2.21e-01   0.00e+00 (  2.70e+00,  8.34e+01)
14 e: 3.194e-05 i: 6.856e-05 :: e: 2.833e-02 i: 3.088e-02 :: n: 2.763e+01 e:20.582 i:23.381 v:4.993e+03
>>> tau_he = 5.000000, nhe(0)=2.929642e+00
 5     -0.017   8.17e-03   2.96e-01   6.56e-03  -9.25e-02   0.00e+00 (  4.48e+00,  4.52e+01)
10     -0.069   6.70e-02   2.47e-02  -1.39e-02  -4.69e-01   0.00e+00 (  5.06e+01,  9.01e+01)
15     -0.028   1.10e-01   8.79e-02  -2.23e-02  -2.26e-01   0.00e+00 (  7.49e+01,  1.26e+02)
20      0.094   2.00e-01   2.61e-01   8.06e-02   8.85e-01   0.00e+00 (  1.33e+02,  1.52e+02)
25      0.117   2.27e-01   3.03e-01   1.28e-01   1.24e+00   0.00e+00 (  1.51e+02,  1.72e+02)
30      0.115   2.40e-01   3.48e-01   1.31e-01   1.35e+00   0.00e+00 (  1.51e+02,  1.85e+02)
35      0.119   2.59e-01   4.10e-01   1.41e-01   1.51e+00   0.00e+00 (  1.47e+02,  1.86e+02)
40      0.138   2.91e-01   5.29e-01   1.72e-01   1.88e+00   0.00e+00 (  1.39e+02,  1.81e+02)
45      0.154   3.29e-01   6.56e-01   2.63e-01   2.21e+00   0.00e+00 (  1.30e+02,  1.71e+02)
50      0.165   3.58e-01   7.57e-01   3.36e-01   2.50e+00   0.00e+00 (  1.18e+02,  1.59e+02)
55      0.178   3.90e-01   8.42e-01   4.47e-01   2.80e+00   0.00e+00 (  1.07e+02,  1.47e+02)
60      0.189   4.17e-01   9.04e-01   5.59e-01   3.06e+00   0.00e+00 (  9.72e+01,  1.35e+02)
65      0.196   4.41e-01   9.41e-01   6.55e-01   3.27e+00   0.00e+00 (  8.94e+01,  1.24e+02)
70      0.199   4.58e-01   9.55e-01   7.20e-01   3.40e+00   0.00e+00 (  8.29e+01,  1.14e+02)
75      0.190   4.57e-01   9.31e-01   7.42e-01   3.31e+00   0.00e+00 (  7.76e+01,  1.05e+02)
80      0.167   4.24e-01   8.53e-01   7.04e-01   3.01e+00   0.00e+00 (  7.28e+01,  9.84e+01)
85      0.118   3.48e-01   6.54e-01   5.56e-01   2.40e+00   0.00e+00 (  7.22e+01,  9.31e+01)
90      0.015   1.20e-01   2.07e-01   1.79e-01   4.49e-01   0.00e+00 (  2.21e+01,  8.86e+01)
95      0.005   3.15e-02   4.43e-02   3.94e-02   2.21e-01   0.00e+00 (  2.70e+00,  8.34e+01)
15 e: 7.867e-05 i: 2.120e-04 :: e: 2.485e-02 i: 3.171e-02 :: n: 2.763e+01 e:20.722 i:23.424 v:4.993e+03
>>> tau_he = 5.000000, nhe(0)=2.933389e+00
 5     -0.017   8.24e-03   2.99e-01   6.63e-03  -9.29e-02   0.00e+00 (  4.53e+00,  4.52e+01)
10     -0.069   6.78e-02   2.53e-02  -1.41e-02  -4.71e-01   0.00e+00 (  5.12e+01,  9.01e+01)
15      0.010   2.14e-01   2.83e-01   2.99e-02   8.32e-02   0.00e+00 (  1.48e+02,  1.26e+02)
20      0.094   2.00e-01   2.66e-01   8.36e-02   8.86e-01   0.00e+00 (  1.33e+02,  1.52e+02)
25      0.118   2.29e-01   3.05e-01   1.29e-01   1.25e+00   0.00e+00 (  1.51e+02,  1.72e+02)
30      0.116   2.42e-01   3.53e-01   1.33e-01   1.36e+00   0.00e+00 (  1.53e+02,  1.85e+02)
35      0.121   2.62e-01   4.16e-01   1.42e-01   1.53e+00   0.00e+00 (  1.49e+02,  1.86e+02)
40      0.140   2.95e-01   5.39e-01   1.75e-01   1.90e+00   0.00e+00 (  1.42e+02,  1.81e+02)
45      0.156   3.35e-01   6.70e-01   2.69e-01   2.25e+00   0.00e+00 (  1.33e+02,  1.71e+02)
50      0.168   3.65e-01   7.74e-01   3.44e-01   2.54e+00   0.00e+00 (  1.21e+02,  1.59e+02)
55      0.181   3.99e-01   8.64e-01   4.56e-01   2.84e+00   0.00e+00 (  1.10e+02,  1.47e+02)
60      0.191   4.24e-01   9.24e-01   5.73e-01   3.11e+00   0.00e+00 (  1.00e+02,  1.35e+02)
65      0.199   4.48e-01   9.62e-01   6.70e-01   3.32e+00   0.00e+00 (  9.22e+01,  1.24e+02)
70      0.201   4.65e-01   9.74e-01   7.35e-01   3.44e+00   0.00e+00 (  8.53e+01,  1.14e+02)
75      0.191   4.64e-01   9.47e-01   7.55e-01   3.34e+00   0.00e+00 (  7.97e+01,  1.05e+02)
80      0.167   4.28e-01   8.65e-01   7.14e-01   3.02e+00   0.00e+00 (  7.44e+01,  9.84e+01)
85      0.118   3.51e-01   6.61e-01   5.62e-01   2.39e+00   0.00e+00 (  7.35e+01,  9.31e+01)
90      0.015   1.20e-01   2.07e-01   1.79e-01   4.29e-01   0.00e+00 (  2.22e+01,  8.86e+01)
95      0.005   3.15e-02   4.43e-02   3.94e-02   2.21e-01   0.00e+00 (  2.70e+00,  8.34e+01)
16 e: 3.116e-05 i: 6.897e-05 :: e: 1.938e-02 i: 2.259e-02 :: n: 2.763e+01 e:20.659 i:23.510 v:4.993e+03
>>> tau_he = 5.000000, nhe(0)=2.941065e+00
 5     -0.018   8.30e-03   2.99e-01   6.60e-03  -9.42e-02   0.00e+00 (  4.57e+00,  4.52e+01)
10     -0.067   6.80e-02   2.53e-02  -1.41e-02  -4.58e-01   0.00e+00 (  5.10e+01,  9.01e+01)
15      0.010   2.09e-01   2.76e-01   2.38e-02   7.95e-02   0.00e+00 (  1.42e+02,  1.26e+02)
20      0.090   1.97e-01   2.62e-01   7.87e-02   8.50e-01   0.00e+00 (  1.31e+02,  1.52e+02)
25      0.116   2.28e-01   3.02e-01   1.26e-01   1.23e+00   0.00e+00 (  1.50e+02,  1.72e+02)
30      0.115   2.42e-01   3.48e-01   1.32e-01   1.34e+00   0.00e+00 (  1.52e+02,  1.85e+02)
35      0.119   2.61e-01   4.09e-01   1.40e-01   1.51e+00   0.00e+00 (  1.48e+02,  1.86e+02)
40      0.135   2.92e-01   5.27e-01   1.69e-01   1.84e+00   0.00e+00 (  1.41e+02,  1.81e+02)
45      0.155   3.33e-01   6.57e-01   2.63e-01   2.23e+00   0.00e+00 (  1.32e+02,  1.71e+02)
50      0.167   3.63e-01   7.63e-01   3.38e-01   2.52e+00   0.00e+00 (  1.20e+02,  1.59e+02)
55      0.180   3.96e-01   8.52e-01   4.52e-01   2.83e+00   0.00e+00 (  1.10e+02,  1.47e+02)
60      0.192   4.24e-01   9.17e-01   5.67e-01   3.12e+00   0.00e+00 (  1.00e+02,  1.35e+02)
65      0.200   4.48e-01   9.58e-01   6.66e-01   3.33e+00   0.00e+00 (  9.24e+01,  1.24e+02)
70      0.202   4.66e-01   9.72e-01   7.33e-01   3.46e+00   0.00e+00 (  8.56e+01,  1.14e+02)
75      0.193   4.64e-01   9.46e-01   7.53e-01   3.36e+00   0.00e+00 (  7.99e+01,  1.05e+02)
80      0.168   4.29e-01   8.64e-01   7.13e-01   3.04e+00   0.00e+00 (  7.45e+01,  9.84e+01)
85      0.120   3.51e-01   6.60e-01   5.61e-01   2.43e+00   0.00e+00 (  7.34e+01,  9.31e+01)
90      0.015   1.20e-01   2.07e-01   1.79e-01   4.43e-01   0.00e+00 (  2.22e+01,  8.86e+01)
95      0.005   3.15e-02   4.43e-02   3.94e-02   2.21e-01   0.00e+00 (  2.70e+00,  8.34e+01)
17 e: 7.332e-05 i: 3.858e-05 :: e: 1.625e-02 i: 1.914e-02 :: n: 2.763e+01 e:20.738 i:23.496 v:4.993e+03
>>> tau_he = 5.000000, nhe(0)=2.939823e+00
 5     -0.018   8.29e-03   2.96e-01   6.61e-03  -9.44e-02   0.00e+00 (  4.58e+00,  4.52e+01)
10     -0.066   6.87e-02   2.63e-02  -1.43e-02  -4.49e-01   0.00e+00 (  5.12e+01,  9.01e+01)
15     -0.022   1.11e-01   8.96e-02  -2.31e-02  -1.82e-01   0.00e+00 (  7.45e+01,  1.26e+02)
20      0.091   1.98e-01   2.64e-01   7.96e-02   8.59e-01   0.00e+00 (  1.31e+02,  1.52e+02)
25      0.118   2.30e-01   3.05e-01   1.28e-01   1.25e+00   0.00e+00 (  1.52e+02,  1.72e+02)
30      0.117   2.44e-01   3.53e-01   1.32e-01   1.37e+00   0.00e+00 (  1.54e+02,  1.85e+02)
35      0.121   2.64e-01   4.15e-01   1.41e-01   1.54e+00   0.00e+00 (  1.51e+02,  1.86e+02)
40      0.138   2.96e-01   5.37e-01   1.71e-01   1.87e+00   0.00e+00 (  1.44e+02,  1.81e+02)
45      0.157   3.38e-01   6.70e-01   2.68e-01   2.26e+00   0.00e+00 (  1.36e+02,  1.71e+02)
50      0.170   3.69e-01   7.78e-01   3.45e-01   2.56e+00   0.00e+00 (  1.23e+02,  1.59e+02)
55      0.183   4.04e-01   8.72e-01   4.60e-01   2.88e+00   0.00e+00 (  1.13e+02,  1.47e+02)
60      0.194   4.31e-01   9.36e-01   5.79e-01   3.16e+00   0.00e+00 (  1.03e+02,  1.35e+02)
65      0.202   4.56e-01   9.76e-01   6.80e-01   3.38e+00   0.00e+00 (  9.50e+01,  1.24e+02)
70      0.205   4.73e-01   9.90e-01   7.46e-01   3.49e+00   0.00e+00 (  8.79e+01,  1.14e+02)
75      0.194   4.71e-01   9.61e-01   7.65e-01   3.39e+00   0.00e+00 (  8.19e+01,  1.05e+02)
80      0.169   4.34e-01   8.75e-01   7.22e-01   3.05e+00   0.00e+00 (  7.61e+01,  9.84e+01)
85      0.120   3.54e-01   6.67e-01   5.66e-01   2.43e+00   0.00e+00 (  7.48e+01,  9.31e+01)
90      0.014   1.20e-01   2.07e-01   1.79e-01   4.25e-01   0.00e+00 (  2.23e+01,  8.86e+01)
95      0.005   3.15e-02   4.43e-02   3.94e-02   2.21e-01   0.00e+00 (  2.70e+00,  8.34e+01)
18 e: 2.186e-05 i: 2.105e-04 :: e: 1.615e-02 i: 2.117e-02 :: n: 2.763e+01 e:20.749 i:23.616 v:4.993e+03
>>> tau_he = 5.000000, nhe(0)=2.950373e+00
 5     -0.018   8.40e-03   3.02e-01   6.65e-03  -9.53e-02   0.00e+00 (  4.64e+00,  4.52e+01)
10     -0.065   6.93e-02   2.56e-02  -1.41e-02  -4.45e-01   0.00e+00 (  5.15e+01,  9.01e+01)
15      0.013   2.13e-01   2.82e-01   2.61e-02   1.09e-01   0.00e+00 (  1.45e+02,  1.26e+02)
20      0.047   1.19e-01   1.25e-01  -2.21e-03   4.43e-01   0.00e+00 (  7.88e+01,  1.52e+02)
25      0.114   2.27e-01   3.01e-01   1.24e-01   1.21e+00   0.00e+00 (  1.49e+02,  1.72e+02)
30      0.115   2.44e-01   3.49e-01   1.31e-01   1.35e+00   0.00e+00 (  1.53e+02,  1.85e+02)
35      0.120   2.63e-01   4.10e-01   1.39e-01   1.52e+00   0.00e+00 (  1.50e+02,  1.86e+02)
40      0.135   2.94e-01   5.28e-01   1.67e-01   1.84e+00   0.00e+00 (  1.43e+02,  1.81e+02)
45      0.156   3.36e-01   6.60e-01   2.64e-01   2.24e+00   0.00e+00 (  1.35e+02,  1.71e+02)
50      0.169   3.68e-01   7.69e-01   3.40e-01   2.55e+00   0.00e+00 (  1.23e+02,  1.59e+02)
55      0.182   4.03e-01   8.65e-01   4.55e-01   2.87e+00   0.00e+00 (  1.13e+02,  1.47e+02)
60      0.194   4.31e-01   9.31e-01   5.75e-01   3.16e+00   0.00e+00 (  1.03e+02,  1.35e+02)
65      0.203   4.56e-01   9.73e-01   6.76e-01   3.38e+00   0.00e+00 (  9.53e+01,  1.24e+02)
70      0.205   4.74e-01   9.89e-01   7.44e-01   3.51e+00   0.00e+00 (  8.83e+01,  1.14e+02)
75      0.195   4.72e-01   9.61e-01   7.65e-01   3.41e+00   0.00e+00 (  8.22e+01,  1.05e+02)
80      0.170   4.36e-01   8.76e-01   7.23e-01   3.07e+00   0.00e+00 (  7.65e+01,  9.84e+01)
85      0.121   3.55e-01   6.67e-01   5.66e-01   2.46e+00   0.00e+00 (  7.49e+01,  9.31e+01)
90      0.015   1.20e-01   2.07e-01   1.79e-01   4.35e-01   0.00e+00 (  2.23e+01,  8.86e+01)
95      0.005   3.15e-02   4.43e-02   3.94e-02   2.21e-01   0.00e+00 (  2.70e+00,  8.34e+01)
19 e: 9.967e-05 i: 1.694e-04 :: e: 2.479e-02 i: 2.062e-02 :: n: 2.763e+01 e:20.833 i:23.687 v:4.993e+03
>>> tau_he = 5.000000, nhe(0)=2.956578e+00
 5     -0.018   8.47e-03   3.02e-01   6.68e-03  -9.63e-02   0.00e+00 (  4.69e+00,  4.52e+01)
10     -0.064   7.01e-02   2.62e-02  -1.42e-02  -4.38e-01   0.00e+00 (  5.19e+01,  9.01e+01)
15     -0.024   1.13e-01   1.00e-01  -4.88e-02  -1.98e-01   0.00e+00 (  7.64e+01,  1.26e+02)
20      0.098   2.03e-01   2.70e-01   8.43e-02   9.20e-01   0.00e+00 (  1.37e+02,  1.52e+02)
25      0.118   2.31e-01   3.05e-01   1.27e-01   1.25e+00   0.00e+00 (  1.53e+02,  1.72e+02)
30      0.117   2.45e-01   3.52e-01   1.32e-01   1.36e+00   0.00e+00 (  1.55e+02,  1.85e+02)
35      0.121   2.65e-01   4.14e-01   1.40e-01   1.53e+00   0.00e+00 (  1.51e+02,  1.86e+02)
40      0.137   2.97e-01   5.34e-01   1.69e-01   1.86e+00   0.00e+00 (  1.45e+02,  1.81e+02)
45      0.158   3.40e-01   6.70e-01   2.67e-01   2.27e+00   0.00e+00 (  1.37e+02,  1.71e+02)
50      0.171   3.72e-01   7.80e-01   3.46e-01   2.58e+00   0.00e+00 (  1.25e+02,  1.59e+02)
55      0.185   4.08e-01   8.78e-01   4.62e-01   2.90e+00   0.00e+00 (  1.15e+02,  1.47e+02)
60      0.197   4.36e-01   9.45e-01   5.84e-01   3.20e+00   0.00e+00 (  1.05e+02,  1.35e+02)
65      0.205   4.62e-01   9.88e-01   6.87e-01   3.42e+00   0.00e+00 (  9.73e+01,  1.24e+02)
70      0.207   4.80e-01   1.00e+00   7.55e-01   3.54e+00   0.00e+00 (  9.01e+01,  1.14e+02)
75      0.197   4.77e-01   9.73e-01   7.75e-01   3.43e+00   0.00e+00 (  8.39e+01,  1.05e+02)
80      0.171   4.39e-01   8.85e-01   7.30e-01   3.09e+00   0.00e+00 (  7.78e+01,  9.84e+01)
85      0.122   3.58e-01   6.73e-01   5.71e-01   2.46e+00   0.00e+00 (  7.62e+01,  9.31e+01)
90      0.014   1.20e-01   2.07e-01   1.78e-01   4.19e-01   0.00e+00 (  2.25e+01,  8.86e+01)
95      0.005   3.15e-02   4.43e-02   3.94e-02   2.21e-01   0.00e+00 (  2.70e+00,  8.34e+01)
20 e: 2.320e-05 i: 1.857e-04 :: e: 2.199e-02 i: 2.439e-02 :: n: 2.763e+01 e:20.882 i:23.797 v:4.993e+03
>>> tau_he = 5.000000, nhe(0)=2.966090e+00
 5     -0.018   8.58e-03   3.07e-01   6.71e-03  -9.74e-02   0.00e+00 (  4.77e+00,  4.52e+01)
10     -0.065   7.06e-02   2.59e-02  -1.41e-02  -4.40e-01   0.00e+00 (  5.23e+01,  9.01e+01)
15      0.017   2.21e-01   2.90e-01   2.91e-02   1.38e-01   0.00e+00 (  1.51e+02,  1.26e+02)
20      0.092   2.03e-01   2.70e-01   8.32e-02   8.69e-01   0.00e+00 (  1.37e+02,  1.52e+02)
25      0.115   2.29e-01   3.03e-01   1.24e-01   1.22e+00   0.00e+00 (  1.51e+02,  1.72e+02)
30      0.116   2.45e-01   3.50e-01   1.30e-01   1.35e+00   0.00e+00 (  1.55e+02,  1.85e+02)
35      0.120   2.65e-01   4.11e-01   1.39e-01   1.52e+00   0.00e+00 (  1.51e+02,  1.86e+02)
40      0.136   2.96e-01   5.29e-01   1.66e-01   1.85e+00   0.00e+00 (  1.45e+02,  1.81e+02)
45      0.157   3.39e-01   6.63e-01   2.64e-01   2.25e+00   0.00e+00 (  1.37e+02,  1.71e+02)
50      0.170   3.71e-01   7.74e-01   3.42e-01   2.57e+00   0.00e+00 (  1.25e+02,  1.59e+02)
55      0.184   4.08e-01   8.72e-01   4.58e-01   2.90e+00   0.00e+00 (  1.16e+02,  1.47e+02)
60      0.197   4.36e-01   9.41e-01   5.81e-01   3.19e+00   0.00e+00 (  1.06e+02,  1.35e+02)
65      0.205   4.62e-01   9.86e-01   6.85e-01   3.43e+00   0.00e+00 (  9.76e+01,  1.24e+02)
70      0.208   4.80e-01   1.00e+00   7.54e-01   3.55e+00   0.00e+00 (  9.05e+01,  1.14e+02)
75      0.198   4.78e-01   9.74e-01   7.75e-01   3.45e+00   0.00e+00 (  8.42e+01,  1.05e+02)
80      0.172   4.41e-01   8.87e-01   7.31e-01   3.11e+00   0.00e+00 (  7.82e+01,  9.84e+01)
85      0.123   3.59e-01   6.74e-01   5.72e-01   2.49e+00   0.00e+00 (  7.64e+01,  9.31e+01)
90      0.014   1.20e-01   2.07e-01   1.78e-01   4.26e-01   0.00e+00 (  2.25e+01,  8.86e+01)
95      0.005   3.15e-02   4.43e-02   3.94e-02   2.21e-01   0.00e+00 (  2.70e+00,  8.34e+01)
21 e: 4.202e-05 i: 5.971e-05 :: e: 2.194e-02 i: 2.000e-02 :: n: 2.763e+01 e:20.907 i:23.816 v:4.993e+03
>>> tau_he = 5.000000, nhe(0)=2.967757e+00
 5     -0.018   8.60e-03   3.04e-01   6.70e-03  -9.82e-02   0.00e+00 (  4.80e+00,  4.52e+01)
10     -0.064   7.11e-02   2.67e-02  -1.44e-02  -4.33e-01   0.00e+00 (  5.25e+01,  9.01e+01)
15      0.017   2.18e-01   2.86e-01   2.58e-02   1.41e-01   0.00e+00 (  1.47e+02,  1.26e+02)
20      0.092   2.04e-01   2.70e-01   8.21e-02   8.69e-01   0.00e+00 (  1.37e+02,  1.52e+02)
25      0.116   2.31e-01   3.05e-01   1.25e-01   1.23e+00   0.00e+00 (  1.52e+02,  1.72e+02)
30      0.117   2.47e-01   3.52e-01   1.32e-01   1.37e+00   0.00e+00 (  1.56e+02,  1.85e+02)
35      0.121   2.66e-01   4.13e-01   1.40e-01   1.54e+00   0.00e+00 (  1.53e+02,  1.86e+02)
40      0.137   2.98e-01   5.33e-01   1.66e-01   1.87e+00   0.00e+00 (  1.46e+02,  1.81e+02)
45      0.158   3.42e-01   6.70e-01   2.67e-01   2.28e+00   0.00e+00 (  1.39e+02,  1.71e+02)
50      0.172   3.75e-01   7.82e-01   3.46e-01   2.59e+00   0.00e+00 (  1.27e+02,  1.59e+02)
55      0.186   4.12e-01   8.82e-01   4.64e-01   2.92e+00   0.00e+00 (  1.17e+02,  1.47e+02)
60      0.199   4.40e-01   9.52e-01   5.87e-01   3.23e+00   0.00e+00 (  1.07e+02,  1.35e+02)
65      0.207   4.67e-01   9.97e-01   6.92e-01   3.46e+00   0.00e+00 (  9.91e+01,  1.24e+02)
70      0.210   4.85e-01   1.01e+00   7.62e-01   3.58e+00   0.00e+00 (  9.19e+01,  1.14e+02)
75      0.199   4.83e-01   9.84e-01   7.83e-01   3.47e+00   0.00e+00 (  8.55e+01,  1.05e+02)
80      0.173   4.44e-01   8.94e-01   7.37e-01   3.13e+00   0.00e+00 (  7.93e+01,  9.84e+01)
85      0.123   3.61e-01   6.79e-01   5.76e-01   2.50e+00   0.00e+00 (  7.75e+01,  9.31e+01)
90      0.014   1.20e-01   2.07e-01   1.78e-01   4.15e-01   0.00e+00 (  2.26e+01,  8.86e+01)
95      0.005   3.15e-02   4.43e-02   3.94e-02   2.21e-01   0.00e+00 (  2.70e+00,  8.34e+01)
22 e: 2.852e-05 i: 6.083e-05 :: e: 2.456e-02 i: 2.364e-02 :: n: 2.763e+01 e:20.887 i:23.833 v:4.993e+03
>>> tau_he = 5.000000, nhe(0)=2.969166e+00
 5     -0.018   8.61e-03   3.03e-01   6.70e-03  -9.85e-02   0.00e+00 (  4.80e+00,  4.52e+01)
10     -0.062   7.11e-02   2.69e-02  -1.44e-02  -4.21e-01   0.00e+00 (  5.21e+01,  9.01e+01)
15     -0.018   1.14e-01   9.09e-02  -2.42e-02  -1.48e-01   0.00e+00 (  7.57e+01,  1.26e+02)
20      0.048   1.22e-01   1.26e-01  -3.70e-03   4.50e-01   0.00e+00 (  8.13e+01,  1.52e+02)
25      0.116   2.31e-01   3.04e-01   1.23e-01   1.23e+00   0.00e+00 (  1.52e+02,  1.72e+02)
30      0.117   2.48e-01   3.52e-01   1.31e-01   1.37e+00   0.00e+00 (  1.56e+02,  1.85e+02)
35      0.121   2.67e-01   4.12e-01   1.39e-01   1.54e+00   0.00e+00 (  1.53e+02,  1.86e+02)
40      0.137   2.98e-01   5.30e-01   1.64e-01   1.86e+00   0.00e+00 (  1.47e+02,  1.81e+02)
45      0.158   3.42e-01   6.67e-01   2.65e-01   2.28e+00   0.00e+00 (  1.39e+02,  1.71e+02)
50      0.172   3.75e-01   7.80e-01   3.44e-01   2.59e+00   0.00e+00 (  1.28e+02,  1.59e+02)
55      0.186   4.12e-01   8.80e-01   4.62e-01   2.92e+00   0.00e+00 (  1.18e+02,  1.47e+02)
60      0.199   4.41e-01   9.51e-01   5.86e-01   3.23e+00   0.00e+00 (  1.08e+02,  1.35e+02)
65      0.207   4.68e-01   9.97e-01   6.92e-01   3.46e+00   0.00e+00 (  9.96e+01,  1.24e+02)
70      0.210   4.86e-01   1.01e+00   7.63e-01   3.60e+00   0.00e+00 (  9.24e+01,  1.14e+02)
75      0.200   4.84e-01   9.85e-01   7.84e-01   3.49e+00   0.00e+00 (  8.60e+01,  1.05e+02)
80      0.174   4.46e-01   8.97e-01   7.39e-01   3.14e+00   0.00e+00 (  7.98e+01,  9.84e+01)
85      0.124   3.62e-01   6.80e-01   5.77e-01   2.52e+00   0.00e+00 (  7.78e+01,  9.31e+01)
90      0.014   1.20e-01   2.07e-01   1.78e-01   4.18e-01   0.00e+00 (  2.26e+01,  8.86e+01)
95      0.005   3.15e-02   4.43e-02   3.94e-02   2.21e-01   0.00e+00 (  2.70e+00,  8.34e+01)
23 e: 7.238e-05 i: 2.675e-04 :: e: 3.258e-02 i: 2.997e-02 :: n: 2.763e+01 e:20.984 i:23.940 v:4.993e+03
>>> tau_he = 5.000000, nhe(0)=2.978430e+00
 5     -0.018   8.72e-03   3.09e-01   6.78e-03  -9.90e-02   0.00e+00 (  4.87e+00,  4.52e+01)
10     -0.062   7.13e-02   2.64e-02  -1.42e-02  -4.20e-01   0.00e+00 (  5.22e+01,  9.01e+01)
15      0.020   2.22e-01   2.92e-01   2.76e-02   1.60e-01   0.00e+00 (  1.50e+02,  1.26e+02)
20      0.101   2.11e-01   2.77e-01   8.71e-02   9.56e-01   0.00e+00 (  1.43e+02,  1.52e+02)
25      0.116   2.32e-01   3.06e-01   1.24e-01   1.23e+00   0.00e+00 (  1.53e+02,  1.72e+02)
30      0.117   2.48e-01   3.53e-01   1.31e-01   1.37e+00   0.00e+00 (  1.57e+02,  1.85e+02)
35      0.122   2.68e-01   4.14e-01   1.39e-01   1.54e+00   0.00e+00 (  1.54e+02,  1.86e+02)
40      0.138   3.00e-01   5.34e-01   1.65e-01   1.87e+00   0.00e+00 (  1.48e+02,  1.81e+02)
45      0.159   3.44e-01   6.72e-01   2.67e-01   2.29e+00   0.00e+00 (  1.41e+02,  1.71e+02)
50      0.173   3.77e-01   7.86e-01   3.47e-01   2.60e+00   0.00e+00 (  1.29e+02,  1.59e+02)
55      0.187   4.15e-01   8.87e-01   4.66e-01   2.94e+00   0.00e+00 (  1.19e+02,  1.47e+02)
60      0.200   4.44e-01   9.58e-01   5.91e-01   3.25e+00   0.00e+00 (  1.09e+02,  1.35e+02)
65      0.209   4.71e-01   1.00e+00   6.97e-01   3.48e+00   0.00e+00 (  1.01e+02,  1.24e+02)
70      0.212   4.90e-01   1.02e+00   7.69e-01   3.61e+00   0.00e+00 (  9.35e+01,  1.14e+02)
75      0.201   4.87e-01   9.93e-01   7.90e-01   3.50e+00   0.00e+00 (  8.70e+01,  1.05e+02)
80      0.175   4.49e-01   9.03e-01   7.44e-01   3.15e+00   0.00e+00 (  8.07e+01,  9.84e+01)
85      0.125   3.64e-01   6.84e-01   5.81e-01   2.53e+00   0.00e+00 (  7.87e+01,  9.31e+01)
90      0.014   1.20e-01   2.07e-01   1.78e-01   4.09e-01   0.00e+00 (  2.27e+01,  8.86e+01)
95      0.005   3.15e-02   4.43e-02   3.94e-02   2.21e-01   0.00e+00 (  2.70e+00,  8.34e+01)
24 e: 1.788e-05 i: 6.487e-05 :: e: 2.837e-02 i: 2.684e-02 :: n: 2.763e+01 e:20.964 i:23.979 v:4.993e+03
>>> tau_he = 5.000000, nhe(0)=2.981686e+00
 5     -0.019   8.76e-03   3.07e-01   6.77e-03  -1.00e-01   0.00e+00 (  4.91e+00,  4.52e+01)
10     -0.061   7.17e-02   2.69e-02  -1.44e-02  -4.17e-01   0.00e+00 (  5.24e+01,  9.01e+01)
15     -0.019   1.16e-01   9.28e-02  -2.49e-02  -1.52e-01   0.00e+00 (  7.73e+01,  1.26e+02)
20      0.098   2.08e-01   2.73e-01   8.30e-02   9.20e-01   0.00e+00 (  1.40e+02,  1.52e+02)
25      0.116   2.32e-01   3.05e-01   1.23e-01   1.23e+00   0.00e+00 (  1.53e+02,  1.72e+02)
30      0.117   2.49e-01   3.52e-01   1.30e-01   1.37e+00   0.00e+00 (  1.57e+02,  1.85e+02)
35      0.121   2.68e-01   4.12e-01   1.39e-01   1.54e+00   0.00e+00 (  1.54e+02,  1.86e+02)
40      0.137   2.99e-01   5.30e-01   1.63e-01   1.87e+00   0.00e+00 (  1.47e+02,  1.81e+02)
45      0.159   3.44e-01   6.68e-01   2.65e-01   2.28e+00   0.00e+00 (  1.40e+02,  1.71e+02)
50      0.172   3.77e-01   7.82e-01   3.45e-01   2.60e+00   0.00e+00 (  1.29e+02,  1.59e+02)
55      0.187   4.15e-01   8.84e-01   4.63e-01   2.94e+00   0.00e+00 (  1.19e+02,  1.47e+02)
60      0.200   4.44e-01   9.56e-01   5.89e-01   3.25e+00   0.00e+00 (  1.09e+02,  1.35e+02)
65      0.209   4.71e-01   1.00e+00   6.96e-01   3.49e+00   0.00e+00 (  1.01e+02,  1.24e+02)
70      0.212   4.90e-01   1.02e+00   7.68e-01   3.62e+00   0.00e+00 (  9.37e+01,  1.14e+02)
75      0.202   4.88e-01   9.94e-01   7.90e-01   3.52e+00   0.00e+00 (  8.72e+01,  1.05e+02)
80      0.175   4.50e-01   9.04e-01   7.45e-01   3.17e+00   0.00e+00 (  8.10e+01,  9.84e+01)
85      0.126   3.65e-01   6.85e-01   5.81e-01   2.55e+00   0.00e+00 (  7.90e+01,  9.31e+01)
90      0.014   1.20e-01   2.07e-01   1.78e-01   4.12e-01   0.00e+00 (  2.27e+01,  8.86e+01)
95      0.005   3.15e-02   4.43e-02   3.94e-02   2.21e-01   0.00e+00 (  2.70e+00,  8.34e+01)
25 e: 3.488e-05 i: 1.797e-04 :: e: 2.598e-02 i: 2.483e-02 :: n: 2.763e+01 e:21.037 i:24.012 v:4.993e+03
>>> tau_he = 5.000000, nhe(0)=2.984533e+00
 5     -0.019   8.81e-03   3.11e-01   6.82e-03  -1.00e-01   0.00e+00 (  4.95e+00,  4.52e+01)
10     -0.062   7.19e-02   2.69e-02  -1.44e-02  -4.19e-01   0.00e+00 (  5.26e+01,  9.01e+01)
15      0.024   2.27e-01   2.96e-01   3.00e-02   1.94e-01   0.00e+00 (  1.53e+02,  1.26e+02)
20      0.094   2.08e-01   2.74e-01   8.41e-02   8.81e-01   0.00e+00 (  1.40e+02,  1.52e+02)
25      0.116   2.33e-01   3.06e-01   1.23e-01   1.23e+00   0.00e+00 (  1.54e+02,  1.72e+02)
30      0.118   2.50e-01   3.54e-01   1.31e-01   1.38e+00   0.00e+00 (  1.58e+02,  1.85e+02)
35      0.122   2.69e-01   4.15e-01   1.40e-01   1.55e+00   0.00e+00 (  1.55e+02,  1.86e+02)
40      0.138   3.01e-01   5.35e-01   1.64e-01   1.88e+00   0.00e+00 (  1.49e+02,  1.81e+02)
45      0.160   3.46e-01   6.74e-01   2.68e-01   2.30e+00   0.00e+00 (  1.42e+02,  1.71e+02)
50      0.173   3.80e-01   7.89e-01   3.48e-01   2.62e+00   0.00e+00 (  1.30e+02,  1.59e+02)
55      0.188   4.18e-01   8.91e-01   4.67e-01   2.96e+00   0.00e+00 (  1.20e+02,  1.47e+02)
60      0.201   4.47e-01   9.63e-01   5.93e-01   3.26e+00   0.00e+00 (  1.10e+02,  1.35e+02)
65      0.210   4.74e-01   1.01e+00   7.01e-01   3.50e+00   0.00e+00 (  1.02e+02,  1.24e+02)
70      0.213   4.93e-01   1.03e+00   7.73e-01   3.64e+00   0.00e+00 (  9.46e+01,  1.14e+02)
75      0.202   4.91e-01   1.00e+00   7.95e-01   3.53e+00   0.00e+00 (  8.81e+01,  1.05e+02)
80      0.176   4.52e-01   9.10e-01   7.49e-01   3.18e+00   0.00e+00 (  8.17e+01,  9.84e+01)
85      0.126   3.67e-01   6.89e-01   5.84e-01   2.55e+00   0.00e+00 (  7.97e+01,  9.31e+01)
90      0.014   1.20e-01   2.06e-01   1.78e-01   4.03e-01   0.00e+00 (  2.28e+01,  8.86e+01)
95      0.005   3.15e-02   4.43e-02   3.94e-02   2.21e-01   0.00e+00 (  2.70e+00,  8.34e+01)
26 e: 2.743e-05 i: 7.561e-05 :: e: 2.832e-02 i: 2.667e-02 :: n: 2.763e+01 e:20.980 i:24.032 v:4.993e+03
>>> tau_he = 5.000000, nhe(0)=2.986162e+00
 5     -0.019   8.82e-03   3.08e-01   6.78e-03  -1.01e-01   0.00e+00 (  4.96e+00,  4.52e+01)
10     -0.061   7.19e-02   2.72e-02  -1.45e-02  -4.12e-01   0.00e+00 (  5.24e+01,  9.01e+01)
15     -0.020   1.17e-01   1.02e-01  -5.10e-02  -1.60e-01   0.00e+00 (  7.78e+01,  1.26e+02)
20      0.048   1.24e-01   1.27e-01  -5.46e-03   4.53e-01   0.00e+00 (  8.29e+01,  1.52e+02)
25      0.116   2.33e-01   3.04e-01   1.22e-01   1.23e+00   0.00e+00 (  1.53e+02,  1.72e+02)
30      0.118   2.49e-01   3.52e-01   1.30e-01   1.38e+00   0.00e+00 (  1.58e+02,  1.85e+02)
35      0.122   2.69e-01   4.12e-01   1.39e-01   1.55e+00   0.00e+00 (  1.55e+02,  1.86e+02)
40      0.138   3.00e-01   5.30e-01   1.63e-01   1.87e+00   0.00e+00 (  1.48e+02,  1.81e+02)
45      0.159   3.45e-01   6.69e-01   2.65e-01   2.29e+00   0.00e+00 (  1.41e+02,  1.71e+02)
50      0.173   3.79e-01   7.84e-01   3.45e-01   2.61e+00   0.00e+00 (  1.30e+02,  1.59e+02)
55      0.188   4.17e-01   8.86e-01   4.64e-01   2.95e+00   0.00e+00 (  1.20e+02,  1.47e+02)
60      0.201   4.46e-01   9.60e-01   5.91e-01   3.26e+00   0.00e+00 (  1.10e+02,  1.35e+02)
65      0.210   4.74e-01   1.01e+00   6.99e-01   3.51e+00   0.00e+00 (  1.02e+02,  1.24e+02)
70      0.213   4.93e-01   1.03e+00   7.72e-01   3.64e+00   0.00e+00 (  9.46e+01,  1.14e+02)
75      0.203   4.91e-01   1.00e+00   7.94e-01   3.54e+00   0.00e+00 (  8.81e+01,  1.05e+02)
80      0.177   4.52e-01   9.10e-01   7.49e-01   3.19e+00   0.00e+00 (  8.18e+01,  9.84e+01)
85      0.127   3.67e-01   6.89e-01   5.85e-01   2.57e+00   0.00e+00 (  7.98e+01,  9.31e+01)
90      0.014   1.20e-01   2.06e-01   1.78e-01   4.07e-01   0.00e+00 (  2.28e+01,  8.86e+01)
95      0.005   3.15e-02   4.43e-02   3.94e-02   2.21e-01   0.00e+00 (  2.70e+00,  8.34e+01)
27 e: 6.492e-05 i: 2.281e-04 :: e: 3.202e-02 i: 2.875e-02 :: n: 2.763e+01 e:21.079 i:24.101 v:4.993e+03
>>> tau_he = 5.000000, nhe(0)=2.992055e+00
 5     -0.019   8.90e-03   3.14e-01   6.86e-03  -1.01e-01   0.00e+00 (  5.01e+00,  4.52e+01)
10     -0.061   7.21e-02   2.68e-02  -1.43e-02  -4.12e-01   0.00e+00 (  5.26e+01,  9.01e+01)
15      0.025   2.30e-01   3.00e-01   3.06e-02   2.05e-01   0.00e+00 (  1.55e+02,  1.26e+02)
20      0.107   2.14e-01   2.81e-01   8.90e-02   1.01e+00   0.00e+00 (  1.46e+02,  1.52e+02)
25      0.117   2.33e-01   3.06e-01   1.24e-01   1.24e+00   0.00e+00 (  1.54e+02,  1.72e+02)
30      0.118   2.50e-01   3.54e-01   1.30e-01   1.38e+00   0.00e+00 (  1.58e+02,  1.85e+02)
35      0.122   2.70e-01   4.15e-01   1.40e-01   1.55e+00   0.00e+00 (  1.55e+02,  1.86e+02)
40      0.139   3.02e-01   5.36e-01   1.64e-01   1.89e+00   0.00e+00 (  1.49e+02,  1.81e+02)
45      0.160   3.47e-01   6.76e-01   2.68e-01   2.31e+00   0.00e+00 (  1.43e+02,  1.71e+02)
50      0.174   3.81e-01   7.91e-01   3.49e-01   2.63e+00   0.00e+00 (  1.31e+02,  1.59e+02)
55      0.189   4.19e-01   8.94e-01   4.69e-01   2.96e+00   0.00e+00 (  1.21e+02,  1.47e+02)
60      0.202   4.49e-01   9.67e-01   5.95e-01   3.27e+00   0.00e+00 (  1.11e+02,  1.35e+02)
65      0.211   4.76e-01   1.02e+00   7.03e-01   3.52e+00   0.00e+00 (  1.03e+02,  1.24e+02)
70      0.214   4.95e-01   1.03e+00   7.76e-01   3.65e+00   0.00e+00 (  9.54e+01,  1.14e+02)
75      0.203   4.93e-01   1.01e+00   7.98e-01   3.54e+00   0.00e+00 (  8.88e+01,  1.05e+02)
80      0.177   4.54e-01   9.14e-01   7.53e-01   3.19e+00   0.00e+00 (  8.24e+01,  9.84e+01)
85      0.127   3.69e-01   6.93e-01   5.87e-01   2.57e+00   0.00e+00 (  8.05e+01,  9.31e+01)
90      0.014   1.20e-01   2.06e-01   1.78e-01   3.99e-01   0.00e+00 (  2.29e+01,  8.86e+01)
95      0.005   3.15e-02   4.43e-02   3.94e-02   2.21e-01   0.00e+00 (  2.70e+00,  8.34e+01)
28 e: 2.776e-05 i: 8.620e-05 :: e: 2.891e-02 i: 2.728e-02 :: n: 2.763e+01 e:21.020 i:24.125 v:4.993e+03
>>> tau_he = 5.000000, nhe(0)=2.994082e+00
 5     -0.019   8.91e-03   3.11e-01   6.89e-03  -1.02e-01   0.00e+00 (  5.03e+00,  4.52e+01)
10     -0.060   7.23e-02   2.72e-02  -1.44e-02  -4.08e-01   0.00e+00 (  5.26e+01,  9.01e+01)
15      0.023   2.25e-01   2.93e-01   2.53e-02   1.87e-01   0.00e+00 (  1.49e+02,  1.26e+02)
20      0.098   2.10e-01   2.76e-01   8.37e-02   9.26e-01   0.00e+00 (  1.42e+02,  1.52e+02)
25      0.116   2.33e-01   3.05e-01   1.22e-01   1.23e+00   0.00e+00 (  1.54e+02,  1.72e+02)
30      0.118   2.50e-01   3.52e-01   1.30e-01   1.38e+00   0.00e+00 (  1.58e+02,  1.85e+02)
35      0.122   2.69e-01   4.11e-01   1.43e-01   1.55e+00   0.00e+00 (  1.55e+02,  1.86e+02)
40      0.138   3.01e-01   5.30e-01   1.62e-01   1.88e+00   0.00e+00 (  1.49e+02,  1.81e+02)
45      0.160   3.46e-01   6.69e-01   2.65e-01   2.30e+00   0.00e+00 (  1.42e+02,  1.71e+02)
50      0.173   3.79e-01   7.85e-01   3.45e-01   2.62e+00   0.00e+00 (  1.30e+02,  1.59e+02)
55      0.188   4.17e-01   8.87e-01   4.65e-01   2.96e+00   0.00e+00 (  1.20e+02,  1.47e+02)
60      0.201   4.47e-01   9.61e-01   5.91e-01   3.27e+00   0.00e+00 (  1.10e+02,  1.35e+02)
65      0.210   4.75e-01   1.01e+00   7.00e-01   3.51e+00   0.00e+00 (  1.02e+02,  1.24e+02)
70      0.214   4.94e-01   1.03e+00   7.73e-01   3.65e+00   0.00e+00 (  9.50e+01,  1.14e+02)
75      0.203   4.93e-01   1.00e+00   7.96e-01   3.55e+00   0.00e+00 (  8.85e+01,  1.05e+02)
80      0.177   4.54e-01   9.13e-01   7.52e-01   3.20e+00   0.00e+00 (  8.22e+01,  9.84e+01)
85      0.127   3.69e-01   6.92e-01   5.87e-01   2.58e+00   0.00e+00 (  8.04e+01,  9.31e+01)
90      0.014   1.20e-01   2.06e-01   1.78e-01   4.05e-01   0.00e+00 (  2.29e+01,  8.86e+01)
95      0.005   3.15e-02   4.43e-02   3.94e-02   2.21e-01   0.00e+00 (  2.70e+00,  8.34e+01)
29 e: 3.139e-05 i: 7.806e-05 :: e: 2.341e-02 i: 2.016e-02 :: n: 2.763e+01 e:21.027 i:24.068 v:4.993e+03
>>> tau_he = 5.000000, nhe(0)=2.989226e+00
 5     -0.019   8.86e-03   3.07e-01   6.86e-03  -1.02e-01   0.00e+00 (  5.00e+00,  4.52e+01)
10     -0.058   7.26e-02   2.79e-02  -1.74e-02  -3.95e-01   0.00e+00 (  5.25e+01,  9.01e+01)
15     -0.017   1.18e-01   9.35e-02  -2.52e-02  -1.42e-01   0.00e+00 (  7.72e+01,  1.26e+02)
20      0.094   2.09e-01   2.75e-01   8.29e-02   8.85e-01   0.00e+00 (  1.41e+02,  1.52e+02)
25      0.117   2.34e-01   3.06e-01   1.23e-01   1.24e+00   0.00e+00 (  1.55e+02,  1.72e+02)
30      0.119   2.51e-01   3.55e-01   1.31e-01   1.39e+00   0.00e+00 (  1.59e+02,  1.85e+02)
35      0.123   2.71e-01   4.16e-01   1.40e-01   1.56e+00   0.00e+00 (  1.56e+02,  1.86e+02)
40      0.140   3.03e-01   5.37e-01   1.64e-01   1.90e+00   0.00e+00 (  1.50e+02,  1.81e+02)
45      0.161   3.48e-01   6.77e-01   2.68e-01   2.32e+00   0.00e+00 (  1.43e+02,  1.71e+02)
50      0.175   3.82e-01   7.93e-01   3.50e-01   2.64e+00   0.00e+00 (  1.32e+02,  1.59e+02)
55      0.189   4.20e-01   8.96e-01   4.70e-01   2.97e+00   0.00e+00 (  1.22e+02,  1.47e+02)
60      0.201   4.52e-01   9.68e-01   5.92e-01   3.27e+00   0.00e+00 (  1.12e+02,  1.35e+02)
65      0.211   4.78e-01   1.02e+00   7.05e-01   3.53e+00   0.00e+00 (  1.03e+02,  1.24e+02)
70      0.214   4.97e-01   1.04e+00   7.78e-01   3.66e+00   0.00e+00 (  9.58e+01,  1.14e+02)
75      0.204   4.95e-01   1.01e+00   8.00e-01   3.55e+00   0.00e+00 (  8.92e+01,  1.05e+02)
80      0.177   4.56e-01   9.17e-01   7.55e-01   3.20e+00   0.00e+00 (  8.28e+01,  9.84e+01)
85      0.127   3.70e-01   6.95e-01   5.89e-01   2.58e+00   0.00e+00 (  8.09e+01,  9.31e+01)
90      0.013   1.20e-01   2.06e-01   1.78e-01   3.96e-01   0.00e+00 (  2.30e+01,  8.86e+01)
95      0.005   3.15e-02   4.43e-02   3.94e-02   2.21e-01   0.00e+00 (  2.70e+00,  8.34e+01)
30 e: 2.872e-05 i: 1.726e-04 :: e: 2.647e-02 i: 2.605e-02 :: n: 2.763e+01 e:21.016 i:24.106 v:4.993e+03
>>> tau_he = 5.000000, nhe(0)=2.992458e+00
 5     -0.019   8.90e-03   3.11e-01   6.89e-03  -1.02e-01   0.00e+00 (  5.02e+00,  4.52e+01)
10     -0.059   7.21e-02   2.71e-02  -1.44e-02  -4.00e-01   0.00e+00 (  5.21e+01,  9.01e+01)
15      0.022   2.26e-01   2.94e-01   2.65e-02   1.80e-01   0.00e+00 (  1.50e+02,  1.26e+02)
20      0.048   1.24e-01   1.28e-01  -6.19e-03   4.55e-01   0.00e+00 (  8.35e+01,  1.52e+02)
25      0.116   2.33e-01   3.04e-01   1.21e-01   1.23e+00   0.00e+00 (  1.53e+02,  1.72e+02)
30      0.118   2.50e-01   3.53e-01   1.30e-01   1.38e+00   0.00e+00 (  1.58e+02,  1.85e+02)
35      0.122   2.70e-01   4.12e-01   1.43e-01   1.55e+00   0.00e+00 (  1.55e+02,  1.86e+02)
40      0.139   3.02e-01   5.32e-01   1.63e-01   1.88e+00   0.00e+00 (  1.49e+02,  1.81e+02)
45      0.160   3.47e-01   6.72e-01   2.66e-01   2.31e+00   0.00e+00 (  1.43e+02,  1.71e+02)
50      0.174   3.81e-01   7.87e-01   3.47e-01   2.62e+00   0.00e+00 (  1.31e+02,  1.59e+02)
55      0.188   4.19e-01   8.90e-01   4.66e-01   2.96e+00   0.00e+00 (  1.21e+02,  1.47e+02)
60      0.201   4.50e-01   9.63e-01   5.89e-01   3.26e+00   0.00e+00 (  1.11e+02,  1.35e+02)
65      0.211   4.76e-01   1.01e+00   7.01e-01   3.52e+00   0.00e+00 (  1.03e+02,  1.24e+02)
70      0.214   4.96e-01   1.03e+00   7.75e-01   3.66e+00   0.00e+00 (  9.54e+01,  1.14e+02)
75      0.204   4.94e-01   1.01e+00   7.98e-01   3.56e+00   0.00e+00 (  8.89e+01,  1.05e+02)
80      0.178   4.55e-01   9.15e-01   7.54e-01   3.21e+00   0.00e+00 (  8.26e+01,  9.84e+01)
85      0.128   3.70e-01   6.94e-01   5.88e-01   2.59e+00   0.00e+00 (  8.08e+01,  9.31e+01)
90      0.014   1.20e-01   2.06e-01   1.78e-01   4.01e-01   0.00e+00 (  2.29e+01,  8.86e+01)
95      0.005   3.15e-02   4.43e-02   3.94e-02   2.21e-01   0.00e+00 (  2.70e+00,  8.34e+01)
31 e: 5.385e-05 i: 1.994e-04 :: e: 2.842e-02 i: 2.476e-02 :: n: 2.763e+01 e:21.028 i:24.126 v:4.993e+03
>>> tau_he = 5.000000, nhe(0)=2.994154e+00
 5     -0.019   8.91e-03   3.09e-01   6.88e-03  -1.03e-01   0.00e+00 (  5.03e+00,  4.52e+01)
10     -0.057   7.25e-02   2.74e-02  -1.71e-02  -3.89e-01   0.00e+00 (  5.23e+01,  9.01e+01)
15     -0.018   1.18e-01   9.46e-02  -2.55e-02  -1.44e-01   0.00e+00 (  7.80e+01,  1.26e+02)
20      0.100   2.12e-01   2.79e-01   8.63e-02   9.43e-01   0.00e+00 (  1.44e+02,  1.52e+02)
25      0.117   2.34e-01   3.06e-01   1.23e-01   1.24e+00   0.00e+00 (  1.54e+02,  1.72e+02)
30      0.119   2.50e-01   3.54e-01   1.30e-01   1.39e+00   0.00e+00 (  1.58e+02,  1.85e+02)
35      0.123   2.70e-01   4.15e-01   1.40e-01   1.56e+00   0.00e+00 (  1.56e+02,  1.86e+02)
40      0.139   3.03e-01   5.36e-01   1.63e-01   1.90e+00   0.00e+00 (  1.50e+02,  1.81e+02)
45      0.161   3.48e-01   6.76e-01   2.68e-01   2.32e+00   0.00e+00 (  1.43e+02,  1.71e+02)
50      0.175   3.82e-01   7.92e-01   3.49e-01   2.64e+00   0.00e+00 (  1.32e+02,  1.59e+02)
55      0.189   4.20e-01   8.95e-01   4.69e-01   2.97e+00   0.00e+00 (  1.22e+02,  1.47e+02)
60      0.201   4.52e-01   9.67e-01   5.92e-01   3.27e+00   0.00e+00 (  1.12e+02,  1.35e+02)
65      0.211   4.78e-01   1.02e+00   7.05e-01   3.53e+00   0.00e+00 (  1.03e+02,  1.24e+02)
70      0.214   4.97e-01   1.04e+00   7.78e-01   3.66e+00   0.00e+00 (  9.58e+01,  1.14e+02)
75      0.204   4.95e-01   1.01e+00   8.01e-01   3.56e+00   0.00e+00 (  8.93e+01,  1.05e+02)
80      0.178   4.56e-01   9.18e-01   7.56e-01   3.21e+00   0.00e+00 (  8.30e+01,  9.84e+01)
85      0.128   3.70e-01   6.96e-01   5.90e-01   2.59e+00   0.00e+00 (  8.12e+01,  9.31e+01)
90      0.013   1.20e-01   2.06e-01   1.78e-01   3.95e-01   0.00e+00 (  2.30e+01,  8.86e+01)
95      0.005   3.15e-02   4.43e-02   3.94e-02   2.21e-01   0.00e+00 (  2.70e+00,  8.34e+01)
32 e: 3.090e-05 i: 1.799e-04 :: e: 2.424e-02 i: 2.391e-02 :: n: 2.763e+01 e:21.050 i:24.159 v:4.993e+03
>>> tau_he = 5.000000, nhe(0)=2.996920e+00
 5     -0.019   8.97e-03   3.13e-01   6.93e-03  -1.03e-01   0.00e+00 (  5.07e+00,  4.52e+01)
10     -0.059   7.23e-02   2.70e-02  -1.43e-02  -4.00e-01   0.00e+00 (  5.23e+01,  9.01e+01)
15      0.025   2.30e-01   2.99e-01   2.90e-02   2.02e-01   0.00e+00 (  1.54e+02,  1.26e+02)
20      0.099   2.11e-01   2.77e-01   8.53e-02   9.33e-01   0.00e+00 (  1.43e+02,  1.52e+02)
25      0.116   2.33e-01   3.05e-01   1.21e-01   1.23e+00   0.00e+00 (  1.54e+02,  1.72e+02)
30      0.118   2.50e-01   3.53e-01   1.30e-01   1.38e+00   0.00e+00 (  1.58e+02,  1.85e+02)
35      0.122   2.70e-01   4.13e-01   1.43e-01   1.55e+00   0.00e+00 (  1.55e+02,  1.86e+02)
40      0.139   3.02e-01   5.33e-01   1.63e-01   1.89e+00   0.00e+00 (  1.49e+02,  1.81e+02)
45      0.160   3.47e-01   6.73e-01   2.67e-01   2.31e+00   0.00e+00 (  1.43e+02,  1.71e+02)
50      0.174   3.81e-01   7.88e-01   3.47e-01   2.63e+00   0.00e+00 (  1.31e+02,  1.59e+02)
55      0.188   4.19e-01   8.91e-01   4.67e-01   2.96e+00   0.00e+00 (  1.21e+02,  1.47e+02)
60      0.201   4.51e-01   9.63e-01   5.89e-01   3.26e+00   0.00e+00 (  1.11e+02,  1.35e+02)
65      0.211   4.76e-01   1.01e+00   7.02e-01   3.52e+00   0.00e+00 (  1.03e+02,  1.24e+02)
70      0.214   4.96e-01   1.03e+00   7.75e-01   3.66e+00   0.00e+00 (  9.54e+01,  1.14e+02)
75      0.204   4.94e-01   1.01e+00   7.98e-01   3.56e+00   0.00e+00 (  8.90e+01,  1.05e+02)
80      0.178   4.56e-01   9.16e-01   7.54e-01   3.21e+00   0.00e+00 (  8.27e+01,  9.84e+01)
85      0.128   3.70e-01   6.95e-01   5.89e-01   2.59e+00   0.00e+00 (  8.10e+01,  9.31e+01)
90      0.014   1.20e-01   2.06e-01   1.78e-01   3.99e-01   0.00e+00 (  2.30e+01,  8.86e+01)
95      0.005   3.15e-02   4.43e-02   3.94e-02   2.21e-01   0.00e+00 (  2.70e+00,  8.34e+01)
33 e: 2.465e-05 i: 8.655e-05 :: e: 2.076e-02 i: 1.855e-02 :: n: 2.763e+01 e:21.010 i:24.127 v:4.993e+03
>>> tau_he = 5.000000, nhe(0)=2.994242e+00
 5     -0.019   8.93e-03   3.09e-01   6.88e-03  -1.03e-01   0.00e+00 (  5.06e+00,  4.52e+01)
10     -0.057   7.27e-02   2.76e-02  -1.73e-02  -3.91e-01   0.00e+00 (  5.24e+01,  9.01e+01)
15      0.024   2.25e-01   2.92e-01   2.48e-02   1.94e-01   0.00e+00 (  1.48e+02,  1.26e+02)
20      0.094   2.09e-01   2.75e-01   8.29e-02   8.83e-01   0.00e+00 (  1.41e+02,  1.52e+02)
25      0.116   2.33e-01   3.05e-01   1.21e-01   1.23e+00   0.00e+00 (  1.54e+02,  1.72e+02)
30      0.119   2.50e-01   3.53e-01   1.30e-01   1.39e+00   0.00e+00 (  1.58e+02,  1.85e+02)
35      0.123   2.70e-01   4.14e-01   1.40e-01   1.56e+00   0.00e+00 (  1.55e+02,  1.86e+02)
40      0.140   3.03e-01   5.35e-01   1.63e-01   1.90e+00   0.00e+00 (  1.50e+02,  1.81e+02)
45      0.161   3.47e-01   6.75e-01   2.68e-01   2.32e+00   0.00e+00 (  1.43e+02,  1.71e+02)
50      0.175   3.81e-01   7.91e-01   3.48e-01   2.64e+00   0.00e+00 (  1.31e+02,  1.59e+02)
55      0.189   4.20e-01   8.93e-01   4.68e-01   2.97e+00   0.00e+00 (  1.21e+02,  1.47e+02)
60      0.202   4.49e-01   9.67e-01   5.95e-01   3.28e+00   0.00e+00 (  1.11e+02,  1.35e+02)
65      0.211   4.77e-01   1.02e+00   7.04e-01   3.52e+00   0.00e+00 (  1.03e+02,  1.24e+02)
70      0.214   4.96e-01   1.04e+00   7.77e-01   3.66e+00   0.00e+00 (  9.56e+01,  1.14e+02)
75      0.204   4.95e-01   1.01e+00   8.00e-01   3.56e+00   0.00e+00 (  8.91e+01,  1.05e+02)
80      0.178   4.56e-01   9.17e-01   7.55e-01   3.21e+00   0.00e+00 (  8.28e+01,  9.84e+01)
85      0.128   3.70e-01   6.96e-01   5.90e-01   2.59e+00   0.00e+00 (  8.11e+01,  9.31e+01)
90      0.013   1.20e-01   2.06e-01   1.78e-01   3.95e-01   0.00e+00 (  2.30e+01,  8.86e+01)
95      0.005   3.15e-02   4.43e-02   3.94e-02   2.21e-01   0.00e+00 (  2.70e+00,  8.34e+01)
34 e: 2.349e-05 i: 7.495e-05 :: e: 1.844e-02 i: 1.732e-02 :: n: 2.763e+01 e:20.967 i:24.073 v:4.993e+03
>>> tau_he = 5.000000, nhe(0)=2.989680e+00
 5     -0.019   8.87e-03   3.06e-01   6.84e-03  -1.03e-01   0.00e+00 (  5.02e+00,  4.52e+01)
10     -0.056   7.24e-02   2.79e-02  -1.74e-02  -3.82e-01   0.00e+00 (  5.20e+01,  9.01e+01)
15     -0.015   1.17e-01   9.27e-02  -2.50e-02  -1.20e-01   0.00e+00 (  7.61e+01,  1.26e+02)
20      0.048   1.24e-01   1.27e-01  -5.05e-03   4.56e-01   0.00e+00 (  8.30e+01,  1.52e+02)
25      0.116   2.33e-01   3.04e-01   1.21e-01   1.23e+00   0.00e+00 (  1.53e+02,  1.72e+02)
30      0.119   2.50e-01   3.53e-01   1.31e-01   1.39e+00   0.00e+00 (  1.58e+02,  1.85e+02)
35      0.123   2.70e-01   4.14e-01   1.40e-01   1.56e+00   0.00e+00 (  1.55e+02,  1.86e+02)
40      0.140   3.03e-01   5.35e-01   1.63e-01   1.90e+00   0.00e+00 (  1.50e+02,  1.81e+02)
45      0.161   3.47e-01   6.74e-01   2.67e-01   2.32e+00   0.00e+00 (  1.43e+02,  1.71e+02)
50      0.174   3.81e-01   7.90e-01   3.48e-01   2.63e+00   0.00e+00 (  1.31e+02,  1.59e+02)
55      0.189   4.19e-01   8.92e-01   4.68e-01   2.97e+00   0.00e+00 (  1.21e+02,  1.47e+02)
60      0.202   4.49e-01   9.66e-01   5.94e-01   3.28e+00   0.00e+00 (  1.11e+02,  1.35e+02)
65      0.211   4.76e-01   1.01e+00   7.02e-01   3.52e+00   0.00e+00 (  1.03e+02,  1.24e+02)
70      0.214   4.96e-01   1.03e+00   7.76e-01   3.66e+00   0.00e+00 (  9.54e+01,  1.14e+02)
75      0.204   4.94e-01   1.01e+00   7.98e-01   3.55e+00   0.00e+00 (  8.89e+01,  1.05e+02)
80      0.178   4.56e-01   9.16e-01   7.54e-01   3.21e+00   0.00e+00 (  8.26e+01,  9.84e+01)
85      0.128   3.70e-01   6.95e-01   5.89e-01   2.59e+00   0.00e+00 (  8.10e+01,  9.31e+01)
90      0.013   1.20e-01   2.06e-01   1.78e-01   3.98e-01   0.00e+00 (  2.30e+01,  8.86e+01)
95      0.005   3.15e-02   4.43e-02   3.94e-02   2.21e-01   0.00e+00 (  2.70e+00,  8.34e+01)
35 e: 5.580e-05 i: 2.523e-04 :: e: 2.581e-02 i: 2.447e-02 :: n: 2.763e+01 e:21.010 i:24.134 v:4.993e+03
>>> tau_he = 5.000000, nhe(0)=2.994805e+00
 5     -0.019   8.93e-03   3.11e-01   6.90e-03  -1.03e-01   0.00e+00 (  5.05e+00,  4.52e+01)
10     -0.057   7.19e-02   2.70e-02  -1.43e-02  -3.88e-01   0.00e+00 (  5.16e+01,  9.01e+01)
15      0.027   2.29e-01   2.96e-01   2.69e-02   2.21e-01   0.00e+00 (  1.51e+02,  1.26e+02)
20      0.100   2.11e-01   2.79e-01   8.68e-02   9.42e-01   0.00e+00 (  1.44e+02,  1.52e+02)
25      0.116   2.33e-01   3.05e-01   1.22e-01   1.23e+00   0.00e+00 (  1.53e+02,  1.72e+02)
30      0.118   2.50e-01   3.53e-01   1.30e-01   1.38e+00   0.00e+00 (  1.57e+02,  1.85e+02)
35      0.123   2.70e-01   4.14e-01   1.40e-01   1.56e+00   0.00e+00 (  1.55e+02,  1.86e+02)
40      0.139   3.02e-01   5.36e-01   1.64e-01   1.90e+00   0.00e+00 (  1.50e+02,  1.81e+02)
45      0.161   3.47e-01   6.76e-01   2.68e-01   2.32e+00   0.00e+00 (  1.43e+02,  1.71e+02)
50      0.174   3.81e-01   7.91e-01   3.49e-01   2.63e+00   0.00e+00 (  1.31e+02,  1.59e+02)
55      0.189   4.19e-01   8.93e-01   4.68e-01   2.97e+00   0.00e+00 (  1.21e+02,  1.47e+02)
60      0.201   4.51e-01   9.65e-01   5.91e-01   3.26e+00   0.00e+00 (  1.11e+02,  1.35e+02)
65      0.211   4.77e-01   1.01e+00   7.03e-01   3.52e+00   0.00e+00 (  1.03e+02,  1.24e+02)
70      0.214   4.96e-01   1.03e+00   7.76e-01   3.65e+00   0.00e+00 (  9.54e+01,  1.14e+02)
75      0.203   4.94e-01   1.01e+00   7.99e-01   3.55e+00   0.00e+00 (  8.89e+01,  1.05e+02)
80      0.177   4.56e-01   9.16e-01   7.54e-01   3.20e+00   0.00e+00 (  8.26e+01,  9.84e+01)
85      0.128   3.70e-01   6.96e-01   5.90e-01   2.59e+00   0.00e+00 (  8.10e+01,  9.31e+01)
90      0.013   1.20e-01   2.06e-01   1.78e-01   3.95e-01   0.00e+00 (  2.30e+01,  8.86e+01)
95      0.005   3.15e-02   4.43e-02   3.94e-02   2.21e-01   0.00e+00 (  2.70e+00,  8.34e+01)
36 e: 1.818e-05 i: 7.341e-05 :: e: 1.771e-02 i: 1.675e-02 :: n: 2.763e+01 e:20.969 i:24.115 v:4.993e+03
>>> tau_he = 5.000000, nhe(0)=2.993162e+00
 5     -0.019   8.92e-03   3.08e-01   6.86e-03  -1.03e-01   0.00e+00 (  5.05e+00,  4.52e+01)
10     -0.056   7.24e-02   2.76e-02  -1.72e-02  -3.82e-01   0.00e+00 (  5.20e+01,  9.01e+01)
15     -0.016   1.18e-01   9.40e-02  -2.53e-02  -1.29e-01   0.00e+00 (  7.70e+01,  1.26e+02)
20      0.098   2.10e-01   2.76e-01   8.35e-02   9.27e-01   0.00e+00 (  1.42e+02,  1.52e+02)
25      0.116   2.33e-01   3.04e-01   1.21e-01   1.23e+00   0.00e+00 (  1.53e+02,  1.72e+02)
30      0.118   2.50e-01   3.52e-01   1.30e-01   1.38e+00   0.00e+00 (  1.57e+02,  1.85e+02)
35      0.123   2.69e-01   4.13e-01   1.40e-01   1.56e+00   0.00e+00 (  1.55e+02,  1.86e+02)
40      0.139   3.02e-01   5.34e-01   1.63e-01   1.89e+00   0.00e+00 (  1.49e+02,  1.81e+02)
45      0.161   3.47e-01   6.73e-01   2.67e-01   2.31e+00   0.00e+00 (  1.42e+02,  1.71e+02)
50      0.174   3.80e-01   7.88e-01   3.47e-01   2.63e+00   0.00e+00 (  1.31e+02,  1.59e+02)
55      0.188   4.18e-01   8.90e-01   4.67e-01   2.96e+00   0.00e+00 (  1.21e+02,  1.47e+02)
60      0.202   4.48e-01   9.64e-01   5.93e-01   3.27e+00   0.00e+00 (  1.10e+02,  1.35e+02)
65      0.210   4.75e-01   1.01e+00   7.01e-01   3.51e+00   0.00e+00 (  1.02e+02,  1.24e+02)
70      0.214   4.95e-01   1.03e+00   7.74e-01   3.65e+00   0.00e+00 (  9.50e+01,  1.14e+02)
75      0.203   4.93e-01   1.00e+00   7.97e-01   3.55e+00   0.00e+00 (  8.86e+01,  1.05e+02)
80      0.177   4.55e-01   9.15e-01   7.53e-01   3.20e+00   0.00e+00 (  8.24e+01,  9.84e+01)
85      0.128   3.70e-01   6.95e-01   5.89e-01   2.59e+00   0.00e+00 (  8.08e+01,  9.31e+01)
90      0.014   1.20e-01   2.06e-01   1.78e-01   3.98e-01   0.00e+00 (  2.30e+01,  8.86e+01)
95      0.005   3.15e-02   4.43e-02   3.94e-02   2.21e-01   0.00e+00 (  2.70e+00,  8.34e+01)
37 e: 3.079e-05 i: 1.653e-04 :: e: 1.637e-02 i: 1.590e-02 :: n: 2.763e+01 e:21.001 i:24.108 v:4.993e+03
>>> tau_he = 5.000000, nhe(0)=2.992634e+00
 5     -0.019   8.93e-03   3.10e-01   6.90e-03  -1.03e-01   0.00e+00 (  5.06e+00,  4.52e+01)
10     -0.057   7.23e-02   2.73e-02  -1.71e-02  -3.87e-01   0.00e+00 (  5.20e+01,  9.01e+01)
15      0.028   2.29e-01   2.97e-01   2.86e-02   2.24e-01   0.00e+00 (  1.52e+02,  1.26e+02)
20      0.098   2.09e-01   2.75e-01   8.35e-02   9.25e-01   0.00e+00 (  1.41e+02,  1.52e+02)
25      0.116   2.32e-01   3.04e-01   1.21e-01   1.23e+00   0.00e+00 (  1.53e+02,  1.72e+02)
30      0.118   2.50e-01   3.53e-01   1.30e-01   1.38e+00   0.00e+00 (  1.57e+02,  1.85e+02)
35      0.123   2.70e-01   4.15e-01   1.40e-01   1.56e+00   0.00e+00 (  1.55e+02,  1.86e+02)
40      0.140   3.02e-01   5.36e-01   1.64e-01   1.90e+00   0.00e+00 (  1.50e+02,  1.81e+02)
45      0.161   3.47e-01   6.76e-01   2.68e-01   2.32e+00   0.00e+00 (  1.43e+02,  1.71e+02)
50      0.174   3.81e-01   7.91e-01   3.49e-01   2.63e+00   0.00e+00 (  1.31e+02,  1.59e+02)
55      0.189   4.19e-01   8.93e-01   4.68e-01   2.96e+00   0.00e+00 (  1.21e+02,  1.47e+02)
60      0.201   4.48e-01   9.66e-01   5.94e-01   3.27e+00   0.00e+00 (  1.11e+02,  1.35e+02)
65      0.210   4.76e-01   1.01e+00   7.02e-01   3.51e+00   0.00e+00 (  1.02e+02,  1.24e+02)
70      0.213   4.95e-01   1.03e+00   7.75e-01   3.65e+00   0.00e+00 (  9.51e+01,  1.14e+02)
75      0.203   4.93e-01   1.00e+00   7.97e-01   3.54e+00   0.00e+00 (  8.86e+01,  1.05e+02)
80      0.177   4.55e-01   9.15e-01   7.53e-01   3.20e+00   0.00e+00 (  8.24e+01,  9.84e+01)
85      0.127   3.70e-01   6.95e-01   5.89e-01   2.58e+00   0.00e+00 (  8.08e+01,  9.31e+01)
90      0.013   1.20e-01   2.06e-01   1.78e-01   3.96e-01   0.00e+00 (  2.30e+01,  8.86e+01)
95      0.005   3.15e-02   4.43e-02   3.94e-02   2.21e-01   0.00e+00 (  2.70e+00,  8.34e+01)
38 e: 2.579e-05 i: 8.143e-05 :: e: 1.460e-02 i: 1.453e-02 :: n: 2.763e+01 e:20.931 i:24.082 v:4.993e+03
>>> tau_he = 5.000000, nhe(0)=2.990411e+00
 5     -0.019   8.89e-03   3.07e-01   6.85e-03  -1.03e-01   0.00e+00 (  5.04e+00,  4.52e+01)
10     -0.056   7.22e-02   2.76e-02  -1.72e-02  -3.82e-01   0.00e+00 (  5.18e+01,  9.01e+01)
15     -0.018   1.18e-01   1.03e-01  -5.08e-02  -1.45e-01   0.00e+00 (  7.70e+01,  1.26e+02)
20      0.048   1.24e-01   1.27e-01  -6.14e-03   4.54e-01   0.00e+00 (  8.31e+01,  1.52e+02)
25      0.115   2.32e-01   3.03e-01   1.20e-01   1.22e+00   0.00e+00 (  1.52e+02,  1.72e+02)
30      0.118   2.49e-01   3.52e-01   1.30e-01   1.38e+00   0.00e+00 (  1.57e+02,  1.85e+02)
35      0.123   2.69e-01   4.13e-01   1.39e-01   1.56e+00   0.00e+00 (  1.54e+02,  1.86e+02)
40      0.139   3.01e-01   5.33e-01   1.63e-01   1.89e+00   0.00e+00 (  1.49e+02,  1.81e+02)
45      0.161   3.46e-01   6.72e-01   2.67e-01   2.31e+00   0.00e+00 (  1.42e+02,  1.71e+02)
50      0.174   3.79e-01   7.87e-01   3.47e-01   2.63e+00   0.00e+00 (  1.30e+02,  1.59e+02)
55      0.188   4.17e-01   8.89e-01   4.66e-01   2.96e+00   0.00e+00 (  1.20e+02,  1.47e+02)
60      0.201   4.47e-01   9.62e-01   5.92e-01   3.27e+00   0.00e+00 (  1.10e+02,  1.35e+02)
65      0.210   4.74e-01   1.01e+00   6.99e-01   3.51e+00   0.00e+00 (  1.02e+02,  1.24e+02)
70      0.213   4.94e-01   1.03e+00   7.72e-01   3.64e+00   0.00e+00 (  9.46e+01,  1.14e+02)
75      0.203   4.92e-01   1.00e+00   7.95e-01   3.54e+00   0.00e+00 (  8.82e+01,  1.05e+02)
80      0.177   4.54e-01   9.12e-01   7.51e-01   3.20e+00   0.00e+00 (  8.20e+01,  9.84e+01)
85      0.127   3.69e-01   6.94e-01   5.88e-01   2.58e+00   0.00e+00 (  8.05e+01,  9.31e+01)
90      0.014   1.20e-01   2.06e-01   1.78e-01   4.00e-01   0.00e+00 (  2.29e+01,  8.86e+01)
95      0.005   3.15e-02   4.43e-02   3.94e-02   2.21e-01   0.00e+00 (  2.70e+00,  8.34e+01)
39 e: 5.584e-05 i: 2.185e-04 :: e: 1.997e-02 i: 1.830e-02 :: n: 2.763e+01 e:21.000 i:24.120 v:4.993e+03
>>> tau_he = 5.000000, nhe(0)=2.993673e+00
 5     -0.019   8.94e-03   3.11e-01   6.91e-03  -1.03e-01   0.00e+00 (  5.06e+00,  4.52e+01)
10     -0.057   7.19e-02   2.70e-02  -1.43e-02  -3.89e-01   0.00e+00 (  5.16e+01,  9.01e+01)
15      0.028   2.30e-01   2.98e-01   2.93e-02   2.25e-01   0.00e+00 (  1.53e+02,  1.26e+02)
20      0.107   2.13e-01   2.80e-01   8.86e-02   1.01e+00   0.00e+00 (  1.46e+02,  1.52e+02)
25      0.116   2.32e-01   3.04e-01   1.22e-01   1.23e+00   0.00e+00 (  1.53e+02,  1.72e+02)
30      0.118   2.49e-01   3.53e-01   1.30e-01   1.38e+00   0.00e+00 (  1.57e+02,  1.85e+02)
35      0.123   2.69e-01   4.15e-01   1.40e-01   1.56e+00   0.00e+00 (  1.54e+02,  1.86e+02)
40      0.140   3.02e-01   5.37e-01   1.65e-01   1.90e+00   0.00e+00 (  1.49e+02,  1.81e+02)
45      0.161   3.47e-01   6.76e-01   2.69e-01   2.32e+00   0.00e+00 (  1.42e+02,  1.71e+02)
50      0.174   3.80e-01   7.91e-01   3.49e-01   2.63e+00   0.00e+00 (  1.31e+02,  1.59e+02)
55      0.188   4.18e-01   8.92e-01   4.68e-01   2.96e+00   0.00e+00 (  1.20e+02,  1.47e+02)
60      0.201   4.47e-01   9.65e-01   5.94e-01   3.27e+00   0.00e+00 (  1.10e+02,  1.35e+02)
65      0.210   4.75e-01   1.01e+00   7.01e-01   3.50e+00   0.00e+00 (  1.02e+02,  1.24e+02)
70      0.213   4.94e-01   1.03e+00   7.74e-01   3.64e+00   0.00e+00 (  9.47e+01,  1.14e+02)
75      0.203   4.92e-01   1.00e+00   7.96e-01   3.53e+00   0.00e+00 (  8.82e+01,  1.05e+02)
80      0.176   4.54e-01   9.13e-01   7.52e-01   3.19e+00   0.00e+00 (  8.21e+01,  9.84e+01)
85      0.127   3.69e-01   6.94e-01   5.88e-01   2.57e+00   0.00e+00 (  8.05e+01,  9.31e+01)
90      0.013   1.20e-01   2.06e-01   1.78e-01   3.96e-01   0.00e+00 (  2.29e+01,  8.86e+01)
95      0.005   3.15e-02   4.43e-02   3.94e-02   2.21e-01   0.00e+00 (  2.70e+00,  8.34e+01)
40 e: 2.669e-05 i: 8.853e-05 :: e: 1.400e-02 i: 1.433e-02 :: n: 2.763e+01 e:20.935 i:24.111 v:4.993e+03
>>> tau_he = 5.000000, nhe(0)=2.992863e+00
 5     -0.019   8.92e-03   3.08e-01   6.86e-03  -1.03e-01   0.00e+00 (  5.06e+00,  4.52e+01)
10     -0.056   7.23e-02   2.74e-02  -1.71e-02  -3.82e-01   0.00e+00 (  5.19e+01,  9.01e+01)
15      0.025   2.24e-01   2.91e-01   2.44e-02   2.02e-01   0.00e+00 (  1.47e+02,  1.26e+02)
20      0.098   2.09e-01   2.75e-01   8.39e-02   9.26e-01   0.00e+00 (  1.41e+02,  1.52e+02)
25      0.115   2.32e-01   3.03e-01   1.21e-01   1.22e+00   0.00e+00 (  1.52e+02,  1.72e+02)
30      0.118   2.49e-01   3.51e-01   1.29e-01   1.38e+00   0.00e+00 (  1.56e+02,  1.85e+02)
35      0.122   2.68e-01   4.12e-01   1.39e-01   1.55e+00   0.00e+00 (  1.53e+02,  1.86e+02)
40      0.139   3.01e-01   5.33e-01   1.64e-01   1.89e+00   0.00e+00 (  1.48e+02,  1.81e+02)
45      0.160   3.45e-01   6.71e-01   2.66e-01   2.31e+00   0.00e+00 (  1.41e+02,  1.71e+02)
50      0.173   3.78e-01   7.85e-01   3.46e-01   2.62e+00   0.00e+00 (  1.29e+02,  1.59e+02)
55      0.188   4.16e-01   8.87e-01   4.65e-01   2.95e+00   0.00e+00 (  1.19e+02,  1.47e+02)
60      0.201   4.46e-01   9.59e-01   5.90e-01   3.26e+00   0.00e+00 (  1.09e+02,  1.35e+02)
65      0.209   4.73e-01   1.01e+00   6.97e-01   3.50e+00   0.00e+00 (  1.01e+02,  1.24e+02)
70      0.213   4.92e-01   1.03e+00   7.70e-01   3.63e+00   0.00e+00 (  9.41e+01,  1.14e+02)
75      0.202   4.90e-01   9.98e-01   7.93e-01   3.53e+00   0.00e+00 (  8.77e+01,  1.05e+02)
80      0.177   4.52e-01   9.10e-01   7.49e-01   3.19e+00   0.00e+00 (  8.16e+01,  9.84e+01)
85      0.127   3.68e-01   6.92e-01   5.87e-01   2.58e+00   0.00e+00 (  8.01e+01,  9.31e+01)
90      0.014   1.20e-01   2.06e-01   1.78e-01   4.02e-01   0.00e+00 (  2.29e+01,  8.86e+01)
95      0.005   3.15e-02   4.43e-02   3.94e-02   2.21e-01   0.00e+00 (  2.70e+00,  8.34e+01)
41 e: 2.199e-05 i: 8.261e-05 :: e: 9.182e-03 i: 9.152e-03 :: n: 2.763e+01 e:20.924 i:24.035 v:4.993e+03
>>> tau_he = 5.000000, nhe(0)=2.986410e+00
 5     -0.019   8.85e-03   3.04e-01   6.83e-03  -1.03e-01   0.00e+00 (  5.02e+00,  4.52e+01)
10     -0.055   7.21e-02   2.79e-02  -1.74e-02  -3.76e-01   0.00e+00 (  5.16e+01,  9.01e+01)
15     -0.014   1.17e-01   9.32e-02  -2.49e-02  -1.15e-01   0.00e+00 (  7.58e+01,  1.26e+02)
20      0.093   2.07e-01   2.73e-01   8.25e-02   8.80e-01   0.00e+00 (  1.40e+02,  1.52e+02)
25      0.116   2.32e-01   3.04e-01   1.22e-01   1.23e+00   0.00e+00 (  1.53e+02,  1.72e+02)
30      0.119   2.49e-01   3.53e-01   1.31e-01   1.39e+00   0.00e+00 (  1.57e+02,  1.85e+02)
35      0.123   2.69e-01   4.15e-01   1.40e-01   1.56e+00   0.00e+00 (  1.54e+02,  1.86e+02)
40      0.140   3.02e-01   5.37e-01   1.65e-01   1.91e+00   0.00e+00 (  1.49e+02,  1.81e+02)
45      0.161   3.47e-01   6.77e-01   2.69e-01   2.32e+00   0.00e+00 (  1.42e+02,  1.71e+02)
50      0.174   3.80e-01   7.91e-01   3.49e-01   2.63e+00   0.00e+00 (  1.30e+02,  1.59e+02)
55      0.188   4.18e-01   8.92e-01   4.68e-01   2.96e+00   0.00e+00 (  1.20e+02,  1.47e+02)
60      0.201   4.47e-01   9.64e-01   5.94e-01   3.27e+00   0.00e+00 (  1.10e+02,  1.35e+02)
65      0.210   4.74e-01   1.01e+00   7.00e-01   3.50e+00   0.00e+00 (  1.02e+02,  1.24e+02)
70      0.213   4.93e-01   1.03e+00   7.73e-01   3.63e+00   0.00e+00 (  9.44e+01,  1.14e+02)
75      0.202   4.91e-01   1.00e+00   7.94e-01   3.53e+00   0.00e+00 (  8.79e+01,  1.05e+02)
80      0.176   4.53e-01   9.11e-01   7.50e-01   3.18e+00   0.00e+00 (  8.17e+01,  9.84e+01)
85      0.127   3.69e-01   6.93e-01   5.87e-01   2.57e+00   0.00e+00 (  8.03e+01,  9.31e+01)
90      0.013   1.20e-01   2.06e-01   1.78e-01   3.97e-01   0.00e+00 (  2.29e+01,  8.86e+01)
95      0.005   3.15e-02   4.43e-02   3.94e-02   2.21e-01   0.00e+00 (  2.70e+00,  8.34e+01)
42 e: 3.398e-05 i: 1.581e-04 :: e: 1.314e-02 i: 1.426e-02 :: n: 2.763e+01 e:20.910 i:24.049 v:4.993e+03
>>> tau_he = 5.000000, nhe(0)=2.987642e+00
 5     -0.019   8.87e-03   3.07e-01   6.85e-03  -1.03e-01   0.00e+00 (  5.02e+00,  4.52e+01)
10     -0.056   7.18e-02   2.72e-02  -1.70e-02  -3.78e-01   0.00e+00 (  5.14e+01,  9.01e+01)
15      0.028   2.26e-01   2.92e-01   2.64e-02   2.30e-01   0.00e+00 (  1.48e+02,  1.26e+02)
20      0.093   2.06e-01   2.71e-01   8.11e-02   8.71e-01   0.00e+00 (  1.38e+02,  1.52e+02)
25      0.115   2.31e-01   3.02e-01   1.20e-01   1.22e+00   0.00e+00 (  1.51e+02,  1.72e+02)
30      0.118   2.48e-01   3.52e-01   1.30e-01   1.38e+00   0.00e+00 (  1.56e+02,  1.85e+02)
35      0.122   2.68e-01   4.13e-01   1.39e-01   1.55e+00   0.00e+00 (  1.54e+02,  1.86e+02)
40      0.139   3.01e-01   5.34e-01   1.64e-01   1.89e+00   0.00e+00 (  1.48e+02,  1.81e+02)
45      0.160   3.45e-01   6.72e-01   2.67e-01   2.31e+00   0.00e+00 (  1.41e+02,  1.71e+02)
50      0.173   3.78e-01   7.86e-01   3.47e-01   2.62e+00   0.00e+00 (  1.30e+02,  1.59e+02)
55      0.188   4.16e-01   8.87e-01   4.65e-01   2.95e+00   0.00e+00 (  1.19e+02,  1.47e+02)
60      0.200   4.45e-01   9.59e-01   5.90e-01   3.25e+00   0.00e+00 (  1.09e+02,  1.35e+02)
65      0.209   4.72e-01   1.01e+00   6.97e-01   3.49e+00   0.00e+00 (  1.01e+02,  1.24e+02)
70      0.212   4.91e-01   1.02e+00   7.69e-01   3.63e+00   0.00e+00 (  9.39e+01,  1.14e+02)
75      0.202   4.89e-01   9.97e-01   7.91e-01   3.52e+00   0.00e+00 (  8.75e+01,  1.05e+02)
80      0.176   4.52e-01   9.08e-01   7.48e-01   3.18e+00   0.00e+00 (  8.13e+01,  9.84e+01)
85      0.127   3.68e-01   6.91e-01   5.86e-01   2.57e+00   0.00e+00 (  7.99e+01,  9.31e+01)
90      0.014   1.20e-01   2.06e-01   1.78e-01   4.03e-01   0.00e+00 (  2.29e+01,  8.86e+01)
95      0.005   3.15e-02   4.43e-02   3.94e-02   2.21e-01   0.00e+00 (  2.70e+00,  8.34e+01)
43 e: 1.564e-05 i: 7.177e-05 :: e: 8.583e-03 i: 8.454e-03 :: n: 2.763e+01 e:20.883 i:24.000 v:4.993e+03
>>> tau_he = 5.000000, nhe(0)=2.983456e+00
 5     -0.019   8.82e-03   3.04e-01   6.81e-03  -1.03e-01   0.00e+00 (  5.00e+00,  4.52e+01)
10     -0.055   7.18e-02   2.77e-02  -1.73e-02  -3.76e-01   0.00e+00 (  5.13e+01,  9.01e+01)
15     -0.014   1.17e-01   9.36e-02  -2.48e-02  -1.18e-01   0.00e+00 (  7.58e+01,  1.26e+02)
20      0.048   1.22e-01   1.26e-01  -3.95e-03   4.52e-01   0.00e+00 (  8.18e+01,  1.52e+02)
25      0.115   2.31e-01   3.02e-01   1.20e-01   1.22e+00   0.00e+00 (  1.51e+02,  1.72e+02)
30      0.118   2.49e-01   3.52e-01   1.30e-01   1.38e+00   0.00e+00 (  1.56e+02,  1.85e+02)
35      0.123   2.68e-01   4.14e-01   1.40e-01   1.56e+00   0.00e+00 (  1.54e+02,  1.86e+02)
40      0.140   3.01e-01   5.36e-01   1.65e-01   1.90e+00   0.00e+00 (  1.48e+02,  1.81e+02)
45      0.161   3.46e-01   6.75e-01   2.68e-01   2.32e+00   0.00e+00 (  1.41e+02,  1.71e+02)
50      0.174   3.79e-01   7.89e-01   3.48e-01   2.63e+00   0.00e+00 (  1.30e+02,  1.59e+02)
55      0.188   4.17e-01   8.90e-01   4.67e-01   2.96e+00   0.00e+00 (  1.20e+02,  1.47e+02)
60      0.201   4.46e-01   9.62e-01   5.92e-01   3.26e+00   0.00e+00 (  1.10e+02,  1.35e+02)
65      0.209   4.73e-01   1.01e+00   6.99e-01   3.50e+00   0.00e+00 (  1.01e+02,  1.24e+02)
70      0.212   4.92e-01   1.03e+00   7.71e-01   3.63e+00   0.00e+00 (  9.41e+01,  1.14e+02)
75      0.202   4.90e-01   9.98e-01   7.93e-01   3.52e+00   0.00e+00 (  8.76e+01,  1.05e+02)
80      0.176   4.52e-01   9.09e-01   7.49e-01   3.18e+00   0.00e+00 (  8.14e+01,  9.84e+01)
85      0.126   3.68e-01   6.91e-01   5.86e-01   2.56e+00   0.00e+00 (  8.00e+01,  9.31e+01)
90      0.014   1.20e-01   2.06e-01   1.78e-01   3.99e-01   0.00e+00 (  2.29e+01,  8.86e+01)
95      0.005   3.15e-02   4.43e-02   3.94e-02   2.21e-01   0.00e+00 (  2.70e+00,  8.34e+01)
44 e: 5.712e-05 i: 2.425e-04 :: e: 1.831e-02 i: 1.842e-02 :: n: 2.763e+01 e:20.922 i:24.062 v:4.993e+03
>>> tau_he = 5.000000, nhe(0)=2.988752e+00
 5     -0.019   8.88e-03   3.09e-01   6.87e-03  -1.02e-01   0.00e+00 (  5.03e+00,  4.52e+01)
10     -0.055   7.16e-02   2.68e-02  -1.68e-02  -3.77e-01   0.00e+00 (  5.13e+01,  9.01e+01)
15      0.028   2.27e-01   2.95e-01   2.81e-02   2.31e-01   0.00e+00 (  1.50e+02,  1.26e+02)
20      0.099   2.09e-01   2.76e-01   8.56e-02   9.31e-01   0.00e+00 (  1.42e+02,  1.52e+02)
25      0.115   2.31e-01   3.02e-01   1.21e-01   1.22e+00   0.00e+00 (  1.51e+02,  1.72e+02)
30      0.117   2.48e-01   3.52e-01   1.29e-01   1.37e+00   0.00e+00 (  1.56e+02,  1.85e+02)
35      0.122   2.68e-01   4.13e-01   1.39e-01   1.55e+00   0.00e+00 (  1.53e+02,  1.86e+02)
40      0.139   3.01e-01   5.35e-01   1.65e-01   1.89e+00   0.00e+00 (  1.48e+02,  1.81e+02)
45      0.160   3.45e-01   6.73e-01   2.67e-01   2.31e+00   0.00e+00 (  1.41e+02,  1.71e+02)
50      0.173   3.78e-01   7.87e-01   3.47e-01   2.61e+00   0.00e+00 (  1.29e+02,  1.59e+02)
55      0.187   4.16e-01   8.87e-01   4.65e-01   2.94e+00   0.00e+00 (  1.19e+02,  1.47e+02)
60      0.200   4.45e-01   9.59e-01   5.90e-01   3.25e+00   0.00e+00 (  1.09e+02,  1.35e+02)
65      0.209   4.72e-01   1.01e+00   6.97e-01   3.48e+00   0.00e+00 (  1.01e+02,  1.24e+02)
70      0.212   4.91e-01   1.02e+00   7.69e-01   3.62e+00   0.00e+00 (  9.37e+01,  1.14e+02)
75      0.201   4.89e-01   9.95e-01   7.91e-01   3.52e+00   0.00e+00 (  8.73e+01,  1.05e+02)
80      0.176   4.51e-01   9.07e-01   7.47e-01   3.17e+00   0.00e+00 (  8.11e+01,  9.84e+01)
85      0.126   3.67e-01   6.90e-01   5.85e-01   2.56e+00   0.00e+00 (  7.97e+01,  9.31e+01)
90      0.014   1.20e-01   2.06e-01   1.78e-01   4.02e-01   0.00e+00 (  2.29e+01,  8.86e+01)
95      0.005   3.15e-02   4.43e-02   3.94e-02   2.21e-01   0.00e+00 (  2.70e+00,  8.34e+01)
45 e: 1.631e-05 i: 7.886e-05 :: e: 1.057e-02 i: 1.026e-02 :: n: 2.763e+01 e:20.893 i:24.039 v:4.993e+03
>>> tau_he = 5.000000, nhe(0)=2.986793e+00
 5     -0.019   8.86e-03   3.06e-01   6.84e-03  -1.03e-01   0.00e+00 (  5.03e+00,  4.52e+01)
10     -0.056   7.19e-02   2.74e-02  -1.72e-02  -3.77e-01   0.00e+00 (  5.14e+01,  9.01e+01)
15      0.026   2.22e-01   2.89e-01   2.43e-02   2.12e-01   0.00e+00 (  1.45e+02,  1.26e+02)
20      0.098   2.07e-01   2.73e-01   8.30e-02   9.19e-01   0.00e+00 (  1.40e+02,  1.52e+02)
25      0.115   2.31e-01   3.02e-01   1.21e-01   1.22e+00   0.00e+00 (  1.52e+02,  1.72e+02)
30      0.118   2.48e-01   3.52e-01   1.30e-01   1.38e+00   0.00e+00 (  1.56e+02,  1.85e+02)
35      0.122   2.68e-01   4.13e-01   1.39e-01   1.55e+00   0.00e+00 (  1.53e+02,  1.86e+02)
40      0.139   3.00e-01   5.34e-01   1.65e-01   1.89e+00   0.00e+00 (  1.48e+02,  1.81e+02)
45      0.160   3.45e-01   6.73e-01   2.67e-01   2.31e+00   0.00e+00 (  1.41e+02,  1.71e+02)
50      0.173   3.78e-01   7.87e-01   3.47e-01   2.62e+00   0.00e+00 (  1.29e+02,  1.59e+02)
55      0.188   4.15e-01   8.87e-01   4.66e-01   2.95e+00   0.00e+00 (  1.19e+02,  1.47e+02)
60      0.200   4.45e-01   9.59e-01   5.91e-01   3.25e+00   0.00e+00 (  1.09e+02,  1.35e+02)
65      0.209   4.72e-01   1.01e+00   6.97e-01   3.49e+00   0.00e+00 (  1.01e+02,  1.24e+02)
70      0.212   4.90e-01   1.02e+00   7.69e-01   3.62e+00   0.00e+00 (  9.36e+01,  1.14e+02)
75      0.201   4.89e-01   9.95e-01   7.91e-01   3.51e+00   0.00e+00 (  8.72e+01,  1.05e+02)
80      0.176   4.51e-01   9.07e-01   7.47e-01   3.17e+00   0.00e+00 (  8.11e+01,  9.84e+01)
85      0.126   3.67e-01   6.90e-01   5.85e-01   2.56e+00   0.00e+00 (  7.96e+01,  9.31e+01)
90      0.014   1.20e-01   2.06e-01   1.78e-01   4.02e-01   0.00e+00 (  2.29e+01,  8.86e+01)
95      0.005   3.15e-02   4.43e-02   3.94e-02   2.21e-01   0.00e+00 (  2.70e+00,  8.34e+01)
46 e: 1.948e-05 i: 7.323e-05 :: e: 8.917e-03 i: 8.447e-03 :: n: 2.763e+01 e:20.862 i:23.983 v:4.993e+03
>>> tau_he = 5.000000, nhe(0)=2.982016e+00
 5     -0.019   8.79e-03   3.02e-01   6.80e-03  -1.03e-01   0.00e+00 (  4.99e+00,  4.52e+01)
10     -0.055   7.17e-02   2.78e-02  -1.73e-02  -3.71e-01   0.00e+00 (  5.11e+01,  9.01e+01)
15     -0.013   1.16e-01   9.24e-02  -2.45e-02  -1.08e-01   0.00e+00 (  7.50e+01,  1.26e+02)
20      0.093   2.06e-01   2.71e-01   8.12e-02   8.72e-01   0.00e+00 (  1.38e+02,  1.52e+02)
25      0.115   2.31e-01   3.03e-01   1.21e-01   1.22e+00   0.00e+00 (  1.52e+02,  1.72e+02)
30      0.118   2.48e-01   3.52e-01   1.31e-01   1.38e+00   0.00e+00 (  1.56e+02,  1.85e+02)
35      0.123   2.68e-01   4.13e-01   1.40e-01   1.56e+00   0.00e+00 (  1.53e+02,  1.86e+02)
40      0.139   3.01e-01   5.35e-01   1.65e-01   1.90e+00   0.00e+00 (  1.48e+02,  1.81e+02)
45      0.161   3.45e-01   6.74e-01   2.68e-01   2.31e+00   0.00e+00 (  1.41e+02,  1.71e+02)
50      0.173   3.78e-01   7.87e-01   3.48e-01   2.62e+00   0.00e+00 (  1.29e+02,  1.59e+02)
55      0.188   4.16e-01   8.87e-01   4.66e-01   2.95e+00   0.00e+00 (  1.19e+02,  1.47e+02)
60      0.200   4.45e-01   9.59e-01   5.91e-01   3.25e+00   0.00e+00 (  1.09e+02,  1.35e+02)
65      0.209   4.71e-01   1.00e+00   6.97e-01   3.48e+00   0.00e+00 (  1.01e+02,  1.24e+02)
70      0.212   4.90e-01   1.02e+00   7.68e-01   3.62e+00   0.00e+00 (  9.35e+01,  1.14e+02)
75      0.201   4.88e-01   9.94e-01   7.90e-01   3.51e+00   0.00e+00 (  8.71e+01,  1.05e+02)
80      0.175   4.50e-01   9.06e-01   7.46e-01   3.17e+00   0.00e+00 (  8.09e+01,  9.84e+01)
85      0.126   3.67e-01   6.89e-01   5.85e-01   2.55e+00   0.00e+00 (  7.95e+01,  9.31e+01)
90      0.014   1.20e-01   2.06e-01   1.78e-01   4.03e-01   0.00e+00 (  2.29e+01,  8.86e+01)
95      0.005   3.15e-02   4.43e-02   3.94e-02   2.21e-01   0.00e+00 (  2.70e+00,  8.34e+01)
47 e: 3.224e-05 i: 1.555e-04 :: e: 1.186e-02 i: 1.222e-02 :: n: 2.763e+01 e:20.876 i:23.988 v:4.993e+03
>>> tau_he = 5.000000, nhe(0)=2.982492e+00
 5     -0.019   8.81e-03   3.05e-01   6.83e-03  -1.02e-01   0.00e+00 (  4.99e+00,  4.52e+01)
10     -0.055   7.15e-02   2.72e-02  -1.71e-02  -3.75e-01   0.00e+00 (  5.11e+01,  9.01e+01)
15      0.029   2.25e-01   2.90e-01   2.63e-02   2.36e-01   0.00e+00 (  1.47e+02,  1.26e+02)
20      0.092   2.05e-01   2.70e-01   8.08e-02   8.67e-01   0.00e+00 (  1.37e+02,  1.52e+02)
25      0.115   2.30e-01   3.02e-01   1.20e-01   1.21e+00   0.00e+00 (  1.51e+02,  1.72e+02)
30      0.118   2.48e-01   3.52e-01   1.30e-01   1.38e+00   0.00e+00 (  1.56e+02,  1.85e+02)
35      0.122   2.68e-01   4.13e-01   1.40e-01   1.55e+00   0.00e+00 (  1.53e+02,  1.86e+02)
40      0.139   3.01e-01   5.35e-01   1.65e-01   1.89e+00   0.00e+00 (  1.48e+02,  1.81e+02)
45      0.160   3.45e-01   6.73e-01   2.68e-01   2.31e+00   0.00e+00 (  1.41e+02,  1.71e+02)
50      0.173   3.78e-01   7.87e-01   3.47e-01   2.62e+00   0.00e+00 (  1.29e+02,  1.59e+02)
55      0.187   4.15e-01   8.87e-01   4.66e-01   2.94e+00   0.00e+00 (  1.19e+02,  1.47e+02)
60      0.200   4.44e-01   9.58e-01   5.90e-01   3.25e+00   0.00e+00 (  1.09e+02,  1.35e+02)
65      0.209   4.71e-01   1.00e+00   6.97e-01   3.48e+00   0.00e+00 (  1.01e+02,  1.24e+02)
70      0.212   4.90e-01   1.02e+00   7.68e-01   3.61e+00   0.00e+00 (  9.35e+01,  1.14e+02)
75      0.201   4.88e-01   9.94e-01   7.90e-01   3.51e+00   0.00e+00 (  8.70e+01,  1.05e+02)
80      0.175   4.50e-01   9.06e-01   7.46e-01   3.17e+00   0.00e+00 (  8.09e+01,  9.84e+01)
85      0.126   3.67e-01   6.89e-01   5.84e-01   2.55e+00   0.00e+00 (  7.94e+01,  9.31e+01)
90      0.014   1.20e-01   2.06e-01   1.78e-01   4.03e-01   0.00e+00 (  2.28e+01,  8.86e+01)
95      0.005   3.15e-02   4.43e-02   3.94e-02   2.21e-01   0.00e+00 (  2.70e+00,  8.34e+01)
48 e: 1.531e-05 i: 6.660e-05 :: e: 8.918e-03 i: 8.538e-03 :: n: 2.763e+01 e:20.835 i:23.955 v:4.993e+03
>>> tau_he = 5.000000, nhe(0)=2.979687e+00
 5     -0.019   8.77e-03   3.02e-01   6.79e-03  -1.02e-01   0.00e+00 (  4.97e+00,  4.52e+01)
10     -0.055   7.14e-02   2.75e-02  -1.73e-02  -3.72e-01   0.00e+00 (  5.10e+01,  9.01e+01)
15     -0.014   1.16e-01   9.30e-02  -2.45e-02  -1.13e-01   0.00e+00 (  7.51e+01,  1.26e+02)
20      0.048   1.22e-01   1.26e-01  -2.85e-03   4.49e-01   0.00e+00 (  8.11e+01,  1.52e+02)
25      0.115   2.30e-01   3.01e-01   1.20e-01   1.21e+00   0.00e+00 (  1.51e+02,  1.72e+02)
30      0.118   2.48e-01   3.51e-01   1.30e-01   1.38e+00   0.00e+00 (  1.56e+02,  1.85e+02)
35      0.122   2.67e-01   4.12e-01   1.40e-01   1.55e+00   0.00e+00 (  1.53e+02,  1.86e+02)
40      0.139   3.00e-01   5.34e-01   1.65e-01   1.89e+00   0.00e+00 (  1.47e+02,  1.81e+02)
45      0.160   3.44e-01   6.72e-01   2.67e-01   2.31e+00   0.00e+00 (  1.41e+02,  1.71e+02)
50      0.173   3.78e-01   7.86e-01   3.47e-01   2.62e+00   0.00e+00 (  1.29e+02,  1.59e+02)
55      0.187   4.15e-01   8.86e-01   4.65e-01   2.94e+00   0.00e+00 (  1.19e+02,  1.47e+02)
60      0.200   4.44e-01   9.57e-01   5.90e-01   3.25e+00   0.00e+00 (  1.09e+02,  1.35e+02)
65      0.208   4.71e-01   1.00e+00   6.96e-01   3.48e+00   0.00e+00 (  1.01e+02,  1.24e+02)
70      0.212   4.90e-01   1.02e+00   7.67e-01   3.61e+00   0.00e+00 (  9.33e+01,  1.14e+02)
75      0.201   4.88e-01   9.93e-01   7.89e-01   3.51e+00   0.00e+00 (  8.69e+01,  1.05e+02)
80      0.175   4.50e-01   9.05e-01   7.45e-01   3.16e+00   0.00e+00 (  8.08e+01,  9.84e+01)
85      0.126   3.66e-01   6.88e-01   5.84e-01   2.55e+00   0.00e+00 (  7.93e+01,  9.31e+01)
90      0.014   1.20e-01   2.06e-01   1.78e-01   4.04e-01   0.00e+00 (  2.28e+01,  8.86e+01)
95      0.005   3.15e-02   4.43e-02   3.94e-02   2.21e-01   0.00e+00 (  2.70e+00,  8.34e+01)
49 e: 5.882e-05 i: 2.432e-04 :: e: 1.969e-02 i: 1.893e-02 :: n: 2.763e+01 e:20.895 i:24.012 v:4.993e+03
 plasma volume = 147.234112
 stored energy(e,i,b,a) = 3.904466e+01 3.654649e+01 0.000000e+00 0.000000e+00
 betan = 0.865002
*power
 Pnb(e,i) = 0.000000e+00 0.000000e+00
 Prf(e,i) = 1.041496e+01 2.964403e+01
 Prad     = -1.396741e+01 
 Pei      = -3.626598e+00 
 Pfuse    = 3.415381e+01 
 Pfusi    = 1.110321e+01 
 Poh      = 0.000000e+00 
*confinement time
 taut, tauITER98y2, H98y2 : 1.059462e+00 1.625591e+00 6.517395e-01
 taue, taui : 1.447452e+00 2.481124e+00
 taut, tau89, H89 : 1.059462e+00 8.114104e-01 1.305705e+00
*temperature
 nea, nebar : 1.773063e+01 2.075284e+01 
 tea, tia : 5.112009e+00 5.029109e+00 (1.016484e+00)
 te0, ti0 : 1.795220e+01 1.894424e+01 (9.476338e-01)
 Sn : 0.000000e+00 
*current balance
 Ip,Ibs,Inb,Irf: 1.000000e+01 1.433947e+00 0.000000e+00 2.048739e-01
 fni,fbs: 0.164 0.143

 plasma volume = 147.234112
 stored energy(e,i,b,a) = 3.904466e+01 3.654649e+01 0.000000e+00 0.000000e+00
 betan = 0.865002
*power
 Pnb(e,i) = 0.000000e+00 0.000000e+00
 Prf(e,i) = 1.041496e+01 2.964403e+01
 Prad     = -1.396741e+01 
 Pei      = -3.626598e+00 
 Pfuse    = 3.415381e+01 
 Pfusi    = 1.110321e+01 
 Poh      = 0.000000e+00 
*confinement time
 taut, tauITER98y2, H98y2 : 1.059462e+00 1.625591e+00 6.517395e-01
 taue, taui : 1.447452e+00 2.481124e+00
 taut, tau89, H89 : 1.059462e+00 8.114104e-01 1.305705e+00
*temperature
 nea, nebar : 1.773063e+01 2.075284e+01 
 tea, tia : 5.112009e+00 5.029109e+00 (1.016484e+00)
 te0, ti0 : 1.795220e+01 1.894424e+01 (9.476338e-01)
 Sn : 0.000000e+00 
*current balance
 Ip,Ibs,Inb,Irf: 1.000000e+01 1.433947e+00 0.000000e+00 2.048739e-01
 fni,fbs: 0.164 0.143
 ELAPASED TIME = 1907 sec

finalize
