========================================================================
= FASTRAN

nonlinear model = 0
ichi = 0
ineo = 0
reading state...
read formatted input, inprof...
init geometry...
read formatted input, inmetric...
nrho in inmetric = 101
rhob in inmetric = 1.261112e+00
solve avg grad-shafranv...
solve_avg_gs::Ip_temp = 9.993333e+00 
solve_avg_gs::Ip      = 1.000000e+01 
>>> tau_he = 5.000000, nhe(0)=2.333283e+00

 plasma volume = 147.883746
 stored energy(e,i,b) = 4.804363e+01 4.237217e+01 0.000000e+00
 betan = 1.030642
*power
 Pnb(e,i) = 0.000000e+00 0.000000e+00
 Prf(e,i) = 1.224012e+01 2.777815e+01
 Prad     = -3.729268e+01 
 Pei      = 4.423925e+00 
 Pfuse    = 3.783256e+01 
 Pfusi    = 1.142380e+01 
 Poh      = 0.000000e+00 
*confinement time
 taut, tauITER98y2, H98y2 : 1.739369e+00 2.055402e+00 8.462430e-01
 taue, taui : 2.792597e+00 6.053273e+00
 taut, tau89, H89 : 1.739369e+00 9.553845e-01 1.820596e+00
*temperature
 nea, nebar : 1.864622e+01 2.143639e+01 
 tea, tia : 6.238142e+00 6.363104e+00 (9.803615e-01)
 te0, ti0 : 1.898028e+01 2.145603e+01 (8.846129e-01)
 Sn : 0.000000e+00 
*current balance
 Ip,Ibs,Inb,Irf: 1.000000e+01 1.678948e+00 0.000000e+00 1.442437e-01
 fni,fbs: 0.182 0.168

Time advancing...
rho_bdry 0.950000 ...
te_bdry = 1.923139
ti_bdry = 1.923358
ne_bdry = 11.710562
rv_bdry = 100.762170
nrho_tr_bdry = 19
drho_bdry = 0.000000e+00
nrhob = 95
 [    0] t = 0.0000 
>>> tau_he = 5.000000, nhe(0)=2.312836e+00
 5     -0.001   4.23e-03   1.39e-01   2.07e-03  -6.75e-03   0.00e+00 (  7.07e-01,  4.42e+01)
10     -0.000   1.27e-02   5.04e-02  -2.16e-03  -1.99e-03   0.00e+00 (  3.92e+00,  8.44e+01)
15      0.008   3.11e-02  -3.21e-02  -8.88e-03   5.67e-02   0.00e+00 (  1.33e+01,  1.19e+02)
20      0.024   7.58e-02   5.18e-03   1.30e-02   2.00e-01   0.00e+00 (  3.96e+01,  1.42e+02)
25      0.035   1.33e-01   1.13e-01   2.67e-02   3.25e-01   0.00e+00 (  7.79e+01,  1.58e+02)
30      0.044   1.77e-01   1.77e-01   4.75e-02   4.55e-01   0.00e+00 (  1.09e+02,  1.65e+02)
35      0.050   1.91e-01   2.12e-01   8.32e-02   5.60e-01   0.00e+00 (  1.07e+02,  1.63e+02)
40      0.084   2.54e-01   3.37e-01   1.55e-01   1.00e+00   0.00e+00 (  1.27e+02,  1.55e+02)
45      0.108   2.81e-01   4.15e-01   1.70e-01   1.37e+00   0.00e+00 (  1.22e+02,  1.42e+02)
50      0.128   3.09e-01   5.10e-01   2.10e-01   1.70e+00   0.00e+00 (  1.15e+02,  1.28e+02)
55      0.147   3.44e-01   6.16e-01   3.17e-01   2.04e+00   0.00e+00 (  1.10e+02,  1.14e+02)
60      0.152   3.56e-01   6.47e-01   3.99e-01   2.17e+00   0.00e+00 (  1.01e+02,  1.01e+02)
65      0.162   3.80e-01   7.16e-01   4.99e-01   2.39e+00   0.00e+00 (  9.30e+01,  8.90e+01)
70      0.181   4.17e-01   8.24e-01   6.26e-01   2.72e+00   0.00e+00 (  8.80e+01,  7.87e+01)
75      0.179   4.26e-01   8.35e-01   6.80e-01   2.76e+00   0.00e+00 (  8.03e+01,  7.01e+01)
80      0.169   4.23e-01   8.11e-01   6.84e-01   2.72e+00   0.00e+00 (  7.35e+01,  6.33e+01)
85      0.165   4.11e-01   7.71e-01   6.44e-01   3.21e+00   0.00e+00 (  6.76e+01,  5.82e+01)
90      0.183   4.28e-01   6.74e-01   4.68e-01   6.47e+00   0.00e+00 (  6.99e+01,  5.42e+01)
95      0.175   3.63e-01   5.32e-01   3.67e-01   1.09e+01   0.00e+00 (  1.24e+02,  5.02e+01)
 0 e: 4.082e-07 i: 3.820e-06 :: e: 0.000e+00 i: 0.000e+00 :: n: 2.762e+01 e:18.980 i:21.456 v:4.993e+03
>>> tau_he = 5.000000, nhe(0)=2.307573e+00
 5     -0.001   4.47e-03   1.69e-01   2.25e-03  -5.66e-03   0.00e+00 (  7.44e-01,  4.42e+01)
10      0.000   3.39e-03  -1.47e-03   2.48e-04   2.67e-03   0.00e+00 (  1.05e+00,  8.44e+01)
15      0.009   3.58e-02  -2.45e-02  -7.15e-03   6.67e-02   0.00e+00 (  1.56e+01,  1.19e+02)
20      0.025   7.91e-02   9.71e-03   1.37e-02   2.11e-01   0.00e+00 (  4.16e+01,  1.42e+02)
25      0.038   1.35e-01   1.13e-01   3.00e-02   3.56e-01   0.00e+00 (  7.92e+01,  1.58e+02)
30      0.043   1.72e-01   1.73e-01   4.79e-02   4.40e-01   0.00e+00 (  1.04e+02,  1.65e+02)
35      0.075   2.31e-01   2.73e-01   1.16e-01   8.35e-01   0.00e+00 (  1.30e+02,  1.63e+02)
40      0.083   2.52e-01   3.34e-01   1.54e-01   9.89e-01   0.00e+00 (  1.25e+02,  1.55e+02)
45      0.108   2.81e-01   4.16e-01   1.70e-01   1.37e+00   0.00e+00 (  1.22e+02,  1.42e+02)
50      0.128   3.10e-01   5.12e-01   2.11e-01   1.71e+00   0.00e+00 (  1.15e+02,  1.28e+02)
55      0.148   3.44e-01   6.17e-01   3.17e-01   2.04e+00   0.00e+00 (  1.10e+02,  1.14e+02)
60      0.151   3.55e-01   6.44e-01   3.97e-01   2.16e+00   0.00e+00 (  1.00e+02,  1.01e+02)
65      0.163   3.81e-01   7.17e-01   5.00e-01   2.39e+00   0.00e+00 (  9.31e+01,  8.90e+01)
70      0.180   4.16e-01   8.21e-01   6.24e-01   2.71e+00   0.00e+00 (  8.77e+01,  7.87e+01)
75      0.179   4.25e-01   8.32e-01   6.78e-01   2.75e+00   0.00e+00 (  8.00e+01,  7.01e+01)
80      0.169   4.24e-01   8.12e-01   6.85e-01   2.73e+00   0.00e+00 (  7.36e+01,  6.33e+01)
85      0.166   4.15e-01   7.80e-01   6.52e-01   3.24e+00   0.00e+00 (  6.88e+01,  5.82e+01)
90      0.183   4.28e-01   6.78e-01   4.72e-01   6.48e+00   0.00e+00 (  7.12e+01,  5.42e+01)
95      0.175   3.63e-01   5.31e-01   3.65e-01   1.09e+01   0.00e+00 (  1.22e+02,  5.02e+01)
 1 e: 1.693e-02 i: 6.426e-02 :: e: 1.051e-02 i: 1.436e-02 :: n: 2.762e+01 e:19.001 i:21.396 v:4.993e+03
>>> tau_he = 5.000000, nhe(0)=2.541773e+00
 5     -0.006   5.74e-03   3.72e-01   3.82e-03  -2.87e-02   0.00e+00 (  1.80e+00,  4.42e+01)
10     -0.004   2.82e-02   6.91e-02   4.10e-03  -2.61e-02   0.00e+00 (  1.77e+01,  8.44e+01)
15     -0.034   1.04e-01   7.74e-02   2.32e-03  -2.43e-01   0.00e+00 (  8.34e+01,  1.19e+02)
20      0.045   1.25e-01   1.12e-01   5.78e-03   3.70e-01   0.00e+00 (  9.33e+01,  1.42e+02)
25      0.041   1.50e-01   1.43e-01   2.60e-02   3.86e-01   0.00e+00 (  9.83e+01,  1.58e+02)
30      0.047   1.68e-01   1.71e-01   4.60e-02   4.83e-01   0.00e+00 (  1.01e+02,  1.65e+02)
35      0.079   2.21e-01   2.75e-01   1.18e-01   8.81e-01   0.00e+00 (  1.22e+02,  1.63e+02)
40      0.085   2.33e-01   3.27e-01   1.66e-01   1.02e+00   0.00e+00 (  1.09e+02,  1.55e+02)
45      0.108   2.64e-01   4.10e-01   1.67e-01   1.37e+00   0.00e+00 (  1.07e+02,  1.42e+02)
50      0.127   2.92e-01   5.06e-01   2.10e-01   1.69e+00   0.00e+00 (  1.02e+02,  1.28e+02)
55      0.105   2.75e-01   4.55e-01   2.51e-01   1.45e+00   0.00e+00 (  8.26e+01,  1.14e+02)
60      0.140   3.27e-01   5.99e-01   3.71e-01   2.00e+00   0.00e+00 (  8.67e+01,  1.01e+02)
65      0.151   3.52e-01   6.64e-01   4.64e-01   2.22e+00   0.00e+00 (  8.12e+01,  8.90e+01)
70      0.167   3.86e-01   7.63e-01   5.81e-01   2.52e+00   0.00e+00 (  7.72e+01,  7.87e+01)
75      0.169   4.01e-01   7.86e-01   6.41e-01   2.60e+00   0.00e+00 (  7.27e+01,  7.01e+01)
80      0.163   4.10e-01   7.86e-01   6.65e-01   2.63e+00   0.00e+00 (  7.01e+01,  6.33e+01)
85      0.159   4.01e-01   7.54e-01   6.32e-01   3.10e+00   0.00e+00 (  6.65e+01,  5.82e+01)
90      0.168   3.96e-01   6.24e-01   4.35e-01   5.96e+00   0.00e+00 (  6.13e+01,  5.42e+01)
95      0.175   3.63e-01   5.31e-01   3.63e-01   1.09e+01   0.00e+00 (  1.18e+02,  5.02e+01)
 2 e: 2.468e-03 i: 1.601e-03 :: e: 6.842e-02 i: 7.757e-02 :: n: 2.762e+01 e:21.088 i:24.252 v:4.993e+03
>>> tau_he = 5.000000, nhe(0)=2.567085e+00
 5     -0.008   5.90e-03   3.69e-01   4.23e-03  -3.72e-02   0.00e+00 (  2.13e+00,  4.42e+01)
10     -0.032   3.83e-02   1.03e-01   8.45e-03  -1.90e-01   0.00e+00 (  2.77e+01,  8.44e+01)
15     -0.003   1.25e-01   1.02e-01   4.87e-03  -1.82e-02   0.00e+00 (  1.13e+02,  1.19e+02)
20      0.057   2.12e-01   2.94e-01   8.18e-02   4.75e-01   0.00e+00 (  1.79e+02,  1.42e+02)
25      0.036   1.58e-01   1.39e-01   2.84e-02   3.34e-01   0.00e+00 (  1.16e+02,  1.58e+02)
30      0.044   1.80e-01   1.79e-01   4.29e-02   4.52e-01   0.00e+00 (  1.18e+02,  1.65e+02)
35      0.078   2.25e-01   2.87e-01   1.21e-01   8.71e-01   0.00e+00 (  1.31e+02,  1.63e+02)
40      0.085   2.40e-01   3.42e-01   1.74e-01   1.02e+00   0.00e+00 (  1.16e+02,  1.55e+02)
45      0.109   2.66e-01   4.23e-01   1.71e-01   1.39e+00   0.00e+00 (  1.09e+02,  1.42e+02)
50      0.127   2.90e-01   5.13e-01   2.14e-01   1.69e+00   0.00e+00 (  1.01e+02,  1.28e+02)
55      0.105   2.72e-01   4.60e-01   2.54e-01   1.45e+00   0.00e+00 (  8.10e+01,  1.14e+02)
60      0.136   3.17e-01   5.91e-01   3.68e-01   1.95e+00   0.00e+00 (  8.23e+01,  1.01e+02)
65      0.145   3.37e-01   6.43e-01   4.51e-01   2.13e+00   0.00e+00 (  7.55e+01,  8.90e+01)
70      0.160   3.68e-01   7.33e-01   5.59e-01   2.41e+00   0.00e+00 (  7.11e+01,  7.87e+01)
75      0.161   3.80e-01   7.49e-01   6.12e-01   2.48e+00   0.00e+00 (  6.65e+01,  7.01e+01)
80      0.155   3.87e-01   7.46e-01   6.33e-01   2.50e+00   0.00e+00 (  6.38e+01,  6.33e+01)
85      0.151   3.80e-01   7.15e-01   6.01e-01   2.94e+00   0.00e+00 (  6.04e+01,  5.82e+01)
90      0.160   3.79e-01   5.90e-01   4.07e-01   5.65e+00   0.00e+00 (  5.56e+01,  5.42e+01)
95      0.174   3.63e-01   5.31e-01   3.62e-01   1.09e+01   0.00e+00 (  1.17e+02,  5.02e+01)
 3 e: 7.138e-04 i: 7.351e-04 :: e: 9.627e-02 i: 1.041e-01 :: n: 2.762e+01 e:22.165 i:24.632 v:4.993e+03
>>> tau_he = 5.000000, nhe(0)=2.573324e+00
 5     -0.008   5.92e-03   3.68e-01   4.19e-03  -3.90e-02   0.00e+00 (  2.16e+00,  4.42e+01)
10     -0.032   3.88e-02   1.03e-01   8.57e-03  -1.91e-01   0.00e+00 (  2.78e+01,  8.44e+01)
15     -0.022   1.19e-01   9.75e-02  -2.21e-04  -1.60e-01   0.00e+00 (  1.04e+02,  1.19e+02)
20      0.053   2.01e-01   2.71e-01   6.82e-02   4.44e-01   0.00e+00 (  1.63e+02,  1.42e+02)
25      0.037   1.57e-01   1.36e-01   2.76e-02   3.44e-01   0.00e+00 (  1.14e+02,  1.58e+02)
30      0.045   1.80e-01   1.77e-01   4.08e-02   4.69e-01   0.00e+00 (  1.17e+02,  1.65e+02)
35      0.078   2.22e-01   2.82e-01   1.19e-01   8.75e-01   0.00e+00 (  1.28e+02,  1.63e+02)
40      0.089   2.33e-01   3.38e-01   1.67e-01   1.07e+00   0.00e+00 (  1.12e+02,  1.55e+02)
45      0.111   2.62e-01   4.20e-01   1.70e-01   1.41e+00   0.00e+00 (  1.07e+02,  1.42e+02)
50      0.128   2.85e-01   5.08e-01   2.13e-01   1.70e+00   0.00e+00 (  9.82e+01,  1.28e+02)
55      0.107   2.67e-01   4.58e-01   2.52e-01   1.49e+00   0.00e+00 (  7.86e+01,  1.14e+02)
60      0.136   3.10e-01   5.83e-01   3.64e-01   1.95e+00   0.00e+00 (  7.86e+01,  1.01e+02)
65      0.143   3.26e-01   6.25e-01   4.39e-01   2.10e+00   0.00e+00 (  7.11e+01,  8.90e+01)
70      0.156   3.54e-01   7.06e-01   5.40e-01   2.35e+00   0.00e+00 (  6.62e+01,  7.87e+01)
75      0.156   3.63e-01   7.17e-01   5.87e-01   2.40e+00   0.00e+00 (  6.14e+01,  7.01e+01)
80      0.150   3.69e-01   7.11e-01   6.03e-01   2.42e+00   0.00e+00 (  5.84e+01,  6.33e+01)
85      0.146   3.63e-01   6.82e-01   5.73e-01   2.84e+00   0.00e+00 (  5.52e+01,  5.82e+01)
90      0.154   3.68e-01   5.68e-01   3.89e-01   5.46e+00   0.00e+00 (  5.16e+01,  5.42e+01)
95      0.174   3.63e-01   5.30e-01   3.61e-01   1.09e+01   0.00e+00 (  1.16e+02,  5.02e+01)
 4 e: 2.568e-04 i: 8.236e-04 :: e: 1.022e-01 i: 1.057e-01 :: n: 2.762e+01 e:21.771 i:24.723 v:4.993e+03
>>> tau_he = 5.000000, nhe(0)=2.541108e+00
 5     -0.008   5.67e-03   3.57e-01   4.25e-03  -3.87e-02   0.00e+00 (  2.11e+00,  4.42e+01)
10     -0.032   3.79e-02   1.03e-01   8.44e-03  -1.92e-01   0.00e+00 (  2.72e+01,  8.44e+01)
15     -0.029   9.58e-02   4.01e-02   2.22e-03  -2.07e-01   0.00e+00 (  8.18e+01,  1.19e+02)
20      0.011   1.32e-01   1.13e-01   1.08e-02   9.11e-02   0.00e+00 (  1.04e+02,  1.42e+02)
25      0.036   1.57e-01   1.39e-01   2.86e-02   3.36e-01   0.00e+00 (  1.15e+02,  1.58e+02)
30      0.088   2.25e-01   2.94e-01   1.13e-01   9.05e-01   0.00e+00 (  1.49e+02,  1.65e+02)
35      0.079   2.24e-01   2.91e-01   1.23e-01   8.81e-01   0.00e+00 (  1.31e+02,  1.63e+02)
40      0.092   2.38e-01   3.54e-01   1.48e-01   1.10e+00   0.00e+00 (  1.17e+02,  1.55e+02)
45      0.114   2.67e-01   4.38e-01   1.76e-01   1.45e+00   0.00e+00 (  1.10e+02,  1.42e+02)
50      0.130   2.89e-01   5.28e-01   2.21e-01   1.73e+00   0.00e+00 (  1.01e+02,  1.28e+02)
55      0.146   3.18e-01   6.18e-01   3.22e-01   2.02e+00   0.00e+00 (  9.48e+01,  1.14e+02)
60      0.137   3.11e-01   5.95e-01   3.72e-01   1.96e+00   0.00e+00 (  7.95e+01,  1.01e+02)
65      0.141   3.24e-01   6.28e-01   4.43e-01   2.08e+00   0.00e+00 (  7.07e+01,  8.90e+01)
70      0.153   3.48e-01   7.01e-01   5.37e-01   2.30e+00   0.00e+00 (  6.49e+01,  7.87e+01)
75      0.151   3.55e-01   7.03e-01   5.76e-01   2.33e+00   0.00e+00 (  5.93e+01,  7.01e+01)
80      0.145   3.58e-01   6.92e-01   5.87e-01   2.34e+00   0.00e+00 (  5.57e+01,  6.33e+01)
85      0.141   3.51e-01   6.60e-01   5.54e-01   2.74e+00   0.00e+00 (  5.22e+01,  5.82e+01)
90      0.150   3.59e-01   5.52e-01   3.76e-01   5.31e+00   0.00e+00 (  4.92e+01,  5.42e+01)
95      0.174   3.63e-01   5.30e-01   3.61e-01   1.09e+01   0.00e+00 (  1.15e+02,  5.02e+01)
 5 e: 3.790e-04 i: 1.117e-04 :: e: 8.313e-02 i: 9.158e-02 :: n: 2.762e+01 e:21.774 i:24.275 v:4.993e+03
>>> tau_he = 5.000000, nhe(0)=2.532812e+00
 5     -0.008   5.60e-03   3.56e-01   4.18e-03  -3.81e-02   0.00e+00 (  2.06e+00,  4.42e+01)
10     -0.028   3.57e-02   9.53e-02   8.28e-03  -1.70e-01   0.00e+00 (  2.50e+01,  8.44e+01)
15     -0.040   8.65e-02   3.92e-02   2.25e-03  -2.85e-01   0.00e+00 (  7.15e+01,  1.19e+02)
20      0.034   1.26e-01   1.05e-01   1.18e-02   2.86e-01   0.00e+00 (  9.67e+01,  1.42e+02)
25      0.036   1.53e-01   1.34e-01   2.80e-02   3.40e-01   0.00e+00 (  1.09e+02,  1.58e+02)
30      0.044   1.76e-01   1.74e-01   4.24e-02   4.51e-01   0.00e+00 (  1.13e+02,  1.65e+02)
35      0.076   2.18e-01   2.79e-01   1.19e-01   8.51e-01   0.00e+00 (  1.25e+02,  1.63e+02)
40      0.090   2.33e-01   3.43e-01   1.45e-01   1.08e+00   0.00e+00 (  1.12e+02,  1.55e+02)
45      0.112   2.58e-01   4.24e-01   1.73e-01   1.42e+00   0.00e+00 (  1.05e+02,  1.42e+02)
50      0.127   2.83e-01   5.10e-01   2.12e-01   1.69e+00   0.00e+00 (  9.74e+01,  1.28e+02)
55      0.143   3.09e-01   5.96e-01   3.10e-01   1.97e+00   0.00e+00 (  9.04e+01,  1.14e+02)
60      0.135   3.03e-01   5.78e-01   3.64e-01   1.94e+00   0.00e+00 (  7.60e+01,  1.01e+02)
65      0.140   3.17e-01   6.12e-01   4.31e-01   2.06e+00   0.00e+00 (  6.79e+01,  8.90e+01)
70      0.152   3.40e-01   6.83e-01   5.24e-01   2.28e+00   0.00e+00 (  6.21e+01,  7.87e+01)
75      0.150   3.46e-01   6.84e-01   5.61e-01   2.31e+00   0.00e+00 (  5.64e+01,  7.01e+01)
80      0.144   3.48e-01   6.72e-01   5.71e-01   2.31e+00   0.00e+00 (  5.28e+01,  6.33e+01)
85      0.139   3.42e-01   6.42e-01   5.39e-01   2.71e+00   0.00e+00 (  4.94e+01,  5.82e+01)
90      0.148   3.54e-01   5.41e-01   3.68e-01   5.23e+00   0.00e+00 (  4.70e+01,  5.42e+01)
95      0.174   3.63e-01   5.30e-01   3.60e-01   1.09e+01   0.00e+00 (  1.14e+02,  5.02e+01)
 6 e: 1.431e-05 i: 2.192e-04 :: e: 7.988e-02 i: 7.941e-02 :: n: 2.762e+01 e:21.326 i:24.158 v:4.993e+03
>>> tau_he = 5.000000, nhe(0)=2.509600e+00
 5     -0.008   5.44e-03   3.50e-01   4.20e-03  -3.74e-02   0.00e+00 (  2.01e+00,  4.42e+01)
10     -0.028   3.46e-02   9.35e-02   8.14e-03  -1.66e-01   0.00e+00 (  2.41e+01,  8.44e+01)
15     -0.028   8.56e-02   4.12e-02   2.68e-03  -1.98e-01   0.00e+00 (  7.02e+01,  1.19e+02)
20      0.035   1.24e-01   1.06e-01   1.21e-02   2.87e-01   0.00e+00 (  9.51e+01,  1.42e+02)
25      0.036   1.52e-01   1.36e-01   2.91e-02   3.39e-01   0.00e+00 (  1.08e+02,  1.58e+02)
30      0.045   1.76e-01   1.79e-01   4.50e-02   4.63e-01   0.00e+00 (  1.14e+02,  1.65e+02)
35      0.077   2.18e-01   2.86e-01   1.23e-01   8.61e-01   0.00e+00 (  1.25e+02,  1.63e+02)
40      0.092   2.35e-01   3.54e-01   1.48e-01   1.10e+00   0.00e+00 (  1.14e+02,  1.55e+02)
45      0.115   2.61e-01   4.40e-01   1.79e-01   1.45e+00   0.00e+00 (  1.07e+02,  1.42e+02)
50      0.128   2.86e-01   5.26e-01   2.21e-01   1.71e+00   0.00e+00 (  9.89e+01,  1.28e+02)
55      0.143   3.11e-01   6.09e-01   3.18e-01   1.98e+00   0.00e+00 (  9.13e+01,  1.14e+02)
60      0.136   3.05e-01   5.91e-01   3.72e-01   1.94e+00   0.00e+00 (  7.70e+01,  1.01e+02)
65      0.140   3.19e-01   6.22e-01   4.39e-01   2.06e+00   0.00e+00 (  6.86e+01,  8.90e+01)
70      0.150   3.40e-01   6.88e-01   5.29e-01   2.26e+00   0.00e+00 (  6.24e+01,  7.87e+01)
75      0.148   3.44e-01   6.84e-01   5.61e-01   2.27e+00   0.00e+00 (  5.63e+01,  7.01e+01)
80      0.140   3.44e-01   6.67e-01   5.67e-01   2.26e+00   0.00e+00 (  5.22e+01,  6.33e+01)
85      0.136   3.36e-01   6.34e-01   5.32e-01   2.64e+00   0.00e+00 (  4.85e+01,  5.82e+01)
90      0.145   3.50e-01   5.33e-01   3.61e-01   5.14e+00   0.00e+00 (  4.61e+01,  5.42e+01)
95      0.174   3.63e-01   5.30e-01   3.60e-01   1.09e+01   0.00e+00 (  1.14e+02,  5.02e+01)
 7 e: 2.120e-04 i: 4.094e-05 :: e: 7.124e-02 i: 7.432e-02 :: n: 2.762e+01 e:21.324 i:23.845 v:4.993e+03
>>> tau_he = 5.000000, nhe(0)=2.505940e+00
 5     -0.008   5.40e-03   3.51e-01   4.16e-03  -3.71e-02   0.00e+00 (  1.99e+00,  4.42e+01)
10     -0.025   3.29e-02   8.86e-02   7.83e-03  -1.52e-01   0.00e+00 (  2.26e+01,  8.44e+01)
15     -0.033   8.32e-02   3.90e-02   2.70e-03  -2.40e-01   0.00e+00 (  6.69e+01,  1.19e+02)
20      0.032   1.21e-01   1.02e-01   1.23e-02   2.67e-01   0.00e+00 (  9.14e+01,  1.42e+02)
25      0.036   1.49e-01   1.31e-01   2.84e-02   3.38e-01   0.00e+00 (  1.05e+02,  1.58e+02)
30      0.044   1.72e-01   1.74e-01   4.39e-02   4.53e-01   0.00e+00 (  1.10e+02,  1.65e+02)
35      0.074   2.12e-01   2.74e-01   1.18e-01   8.29e-01   0.00e+00 (  1.20e+02,  1.63e+02)
40      0.088   2.28e-01   3.39e-01   1.57e-01   1.05e+00   0.00e+00 (  1.09e+02,  1.55e+02)
45      0.110   2.54e-01   4.20e-01   1.71e-01   1.40e+00   0.00e+00 (  1.02e+02,  1.42e+02)
50      0.124   2.77e-01   5.01e-01   2.11e-01   1.65e+00   0.00e+00 (  9.39e+01,  1.28e+02)
55      0.104   2.58e-01   4.48e-01   2.47e-01   1.44e+00   0.00e+00 (  7.44e+01,  1.14e+02)
60      0.133   2.97e-01   5.68e-01   3.58e-01   1.90e+00   0.00e+00 (  7.36e+01,  1.01e+02)
65      0.138   3.12e-01   6.03e-01   4.25e-01   2.03e+00   0.00e+00 (  6.59e+01,  8.90e+01)
70      0.149   3.33e-01   6.71e-01   5.16e-01   2.24e+00   0.00e+00 (  6.01e+01,  7.87e+01)
75      0.147   3.38e-01   6.69e-01   5.49e-01   2.26e+00   0.00e+00 (  5.43e+01,  7.01e+01)
80      0.140   3.39e-01   6.54e-01   5.55e-01   2.26e+00   0.00e+00 (  5.03e+01,  6.33e+01)
85      0.136   3.32e-01   6.23e-01   5.23e-01   2.64e+00   0.00e+00 (  4.68e+01,  5.82e+01)
90      0.144   3.48e-01   5.28e-01   3.57e-01   5.11e+00   0.00e+00 (  4.48e+01,  5.42e+01)
95      0.174   3.62e-01   5.30e-01   3.62e-01   1.09e+01   0.00e+00 (  1.14e+02,  5.02e+01)
 8 e: 1.611e-05 i: 1.328e-04 :: e: 8.175e-02 i: 8.250e-02 :: n: 2.762e+01 e:20.999 i:23.794 v:4.993e+03
>>> tau_he = 5.000000, nhe(0)=2.488608e+00
 5     -0.008   5.29e-03   3.46e-01   4.18e-03  -3.66e-02   0.00e+00 (  1.95e+00,  4.42e+01)
10     -0.025   3.27e-02   8.81e-02   7.85e-03  -1.51e-01   0.00e+00 (  2.24e+01,  8.44e+01)
15     -0.032   8.29e-02   4.10e-02   4.08e-03  -2.30e-01   0.00e+00 (  6.63e+01,  1.19e+02)
20      0.033   1.19e-01   1.04e-01   1.24e-02   2.75e-01   0.00e+00 (  8.97e+01,  1.42e+02)
25      0.036   1.49e-01   1.34e-01   2.95e-02   3.39e-01   0.00e+00 (  1.05e+02,  1.58e+02)
30      0.045   1.73e-01   1.78e-01   4.63e-02   4.65e-01   0.00e+00 (  1.11e+02,  1.65e+02)
35      0.075   2.13e-01   2.81e-01   1.22e-01   8.41e-01   0.00e+00 (  1.20e+02,  1.63e+02)
40      0.090   2.31e-01   3.51e-01   1.49e-01   1.08e+00   0.00e+00 (  1.11e+02,  1.55e+02)
45      0.111   2.59e-01   4.33e-01   1.75e-01   1.41e+00   0.00e+00 (  1.05e+02,  1.42e+02)
50      0.126   2.81e-01   5.19e-01   2.17e-01   1.68e+00   0.00e+00 (  9.59e+01,  1.28e+02)
55      0.142   3.06e-01   6.05e-01   3.17e-01   1.97e+00   0.00e+00 (  8.91e+01,  1.14e+02)
60      0.134   3.01e-01   5.84e-01   3.69e-01   1.92e+00   0.00e+00 (  7.50e+01,  1.01e+02)
65      0.138   3.14e-01   6.15e-01   4.34e-01   2.04e+00   0.00e+00 (  6.68e+01,  8.90e+01)
70      0.149   3.35e-01   6.80e-01   5.23e-01   2.24e+00   0.00e+00 (  6.08e+01,  7.87e+01)
75      0.146   3.38e-01   6.74e-01   5.53e-01   2.24e+00   0.00e+00 (  5.47e+01,  7.01e+01)
80      0.138   3.38e-01   6.54e-01   5.56e-01   2.23e+00   0.00e+00 (  5.04e+01,  6.33e+01)
85      0.133   3.29e-01   6.20e-01   5.20e-01   2.59e+00   0.00e+00 (  4.66e+01,  5.82e+01)
90      0.143   3.45e-01   5.23e-01   3.53e-01   5.05e+00   0.00e+00 (  4.45e+01,  5.42e+01)
95      0.174   3.62e-01   5.30e-01   3.61e-01   1.09e+01   0.00e+00 (  1.14e+02,  5.02e+01)
 9 e: 1.323e-04 i: 2.920e-05 :: e: 6.271e-02 i: 6.429e-02 :: n: 2.762e+01 e:21.044 i:23.567 v:4.993e+03
>>> tau_he = 5.000000, nhe(0)=2.489246e+00
 5     -0.008   5.29e-03   3.49e-01   4.10e-03  -3.65e-02   0.00e+00 (  1.94e+00,  4.42e+01)
10     -0.024   3.14e-02   8.45e-02   7.55e-03  -1.41e-01   0.00e+00 (  2.13e+01,  8.44e+01)
15     -0.036   8.24e-02   3.99e-02   2.45e-03  -2.60e-01   0.00e+00 (  6.49e+01,  1.19e+02)
20      0.033   1.17e-01   1.00e-01   1.26e-02   2.76e-01   0.00e+00 (  8.70e+01,  1.42e+02)
25      0.036   1.47e-01   1.30e-01   2.87e-02   3.36e-01   0.00e+00 (  1.02e+02,  1.58e+02)
30      0.044   1.70e-01   1.73e-01   4.49e-02   4.54e-01   0.00e+00 (  1.08e+02,  1.65e+02)
35      0.072   2.09e-01   2.71e-01   1.18e-01   8.12e-01   0.00e+00 (  1.16e+02,  1.63e+02)
40      0.086   2.26e-01   3.36e-01   1.58e-01   1.03e+00   0.00e+00 (  1.07e+02,  1.55e+02)
45      0.107   2.52e-01   4.14e-01   1.68e-01   1.36e+00   0.00e+00 (  1.01e+02,  1.42e+02)
50      0.122   2.73e-01   4.95e-01   2.08e-01   1.62e+00   0.00e+00 (  9.18e+01,  1.28e+02)
55      0.104   2.55e-01   4.46e-01   2.47e-01   1.43e+00   0.00e+00 (  7.32e+01,  1.14e+02)
60      0.131   2.93e-01   5.62e-01   3.54e-01   1.88e+00   0.00e+00 (  7.21e+01,  1.01e+02)
65      0.137   3.08e-01   5.96e-01   4.21e-01   2.01e+00   0.00e+00 (  6.45e+01,  8.90e+01)
70      0.148   3.30e-01   6.64e-01   5.10e-01   2.22e+00   0.00e+00 (  5.90e+01,  7.87e+01)
75      0.146   3.33e-01   6.61e-01   5.43e-01   2.24e+00   0.00e+00 (  5.31e+01,  7.01e+01)
80      0.139   3.34e-01   6.44e-01   5.48e-01   2.24e+00   0.00e+00 (  4.90e+01,  6.33e+01)
85      0.134   3.26e-01   6.14e-01   5.14e-01   2.61e+00   0.00e+00 (  4.54e+01,  5.82e+01)
90      0.143   3.44e-01   5.21e-01   3.52e-01   5.05e+00   0.00e+00 (  4.36e+01,  5.42e+01)
95      0.174   3.62e-01   5.30e-01   3.61e-01   1.09e+01   0.00e+00 (  1.13e+02,  5.02e+01)
10 e: 3.309e-05 i: 7.927e-05 :: e: 7.229e-02 i: 7.405e-02 :: n: 2.762e+01 e:20.793 i:23.573 v:4.993e+03
>>> tau_he = 5.000000, nhe(0)=2.476504e+00
 5     -0.008   5.21e-03   3.45e-01   4.13e-03  -3.61e-02   0.00e+00 (  1.92e+00,  4.42e+01)
10     -0.024   3.15e-02   8.47e-02   7.61e-03  -1.42e-01   0.00e+00 (  2.13e+01,  8.44e+01)
15     -0.035   8.26e-02   4.19e-02   3.72e-03  -2.54e-01   0.00e+00 (  6.49e+01,  1.19e+02)
20      0.033   1.17e-01   1.02e-01   1.27e-02   2.77e-01   0.00e+00 (  8.70e+01,  1.42e+02)
25      0.037   1.44e-01   1.33e-01   2.95e-02   3.45e-01   0.00e+00 (  1.00e+02,  1.58e+02)
30      0.045   1.72e-01   1.79e-01   4.35e-02   4.68e-01   0.00e+00 (  1.09e+02,  1.65e+02)
35      0.074   2.10e-01   2.78e-01   1.22e-01   8.27e-01   0.00e+00 (  1.18e+02,  1.63e+02)
40      0.088   2.29e-01   3.47e-01   1.62e-01   1.06e+00   0.00e+00 (  1.09e+02,  1.55e+02)
45      0.110   2.56e-01   4.29e-01   1.73e-01   1.39e+00   0.00e+00 (  1.03e+02,  1.42e+02)
50      0.125   2.78e-01   5.14e-01   2.15e-01   1.66e+00   0.00e+00 (  9.42e+01,  1.28e+02)
55      0.141   3.05e-01   6.03e-01   3.16e-01   1.96e+00   0.00e+00 (  8.83e+01,  1.14e+02)
60      0.133   2.99e-01   5.80e-01   3.66e-01   1.91e+00   0.00e+00 (  7.40e+01,  1.01e+02)
65      0.138   3.12e-01   6.11e-01   4.32e-01   2.03e+00   0.00e+00 (  6.60e+01,  8.90e+01)
70      0.148   3.33e-01   6.76e-01   5.20e-01   2.23e+00   0.00e+00 (  6.01e+01,  7.87e+01)
75      0.145   3.36e-01   6.70e-01   5.50e-01   2.23e+00   0.00e+00 (  5.40e+01,  7.01e+01)
80      0.137   3.35e-01   6.49e-01   5.52e-01   2.21e+00   0.00e+00 (  4.97e+01,  6.33e+01)
85      0.132   3.26e-01   6.14e-01   5.15e-01   2.57e+00   0.00e+00 (  4.58e+01,  5.82e+01)
90      0.141   3.42e-01   5.18e-01   3.49e-01   5.01e+00   0.00e+00 (  4.38e+01,  5.42e+01)
95      0.174   3.62e-01   5.30e-01   3.61e-01   1.09e+01   0.00e+00 (  1.14e+02,  5.02e+01)
11 e: 8.476e-05 i: 3.161e-05 :: e: 5.250e-02 i: 5.388e-02 :: n: 2.762e+01 e:20.881 i:23.409 v:4.993e+03
>>> tau_he = 5.000000, nhe(0)=2.480729e+00
 5     -0.008   5.24e-03   3.49e-01   4.10e-03  -3.62e-02   0.00e+00 (  1.92e+00,  4.42e+01)
10     -0.022   3.05e-02   8.19e-02   7.35e-03  -1.33e-01   0.00e+00 (  2.05e+01,  8.44e+01)
15     -0.033   8.13e-02   3.98e-02   5.25e-03  -2.39e-01   0.00e+00 (  6.31e+01,  1.19e+02)
20      0.033   1.16e-01   9.90e-02   1.28e-02   2.77e-01   0.00e+00 (  8.51e+01,  1.42e+02)
25      0.036   1.46e-01   1.29e-01   2.88e-02   3.36e-01   0.00e+00 (  1.01e+02,  1.58e+02)
30      0.044   1.69e-01   1.73e-01   4.54e-02   4.55e-01   0.00e+00 (  1.07e+02,  1.65e+02)
35      0.071   2.07e-01   2.68e-01   1.18e-01   8.00e-01   0.00e+00 (  1.14e+02,  1.63e+02)
40      0.085   2.24e-01   3.33e-01   1.71e-01   1.02e+00   0.00e+00 (  1.06e+02,  1.55e+02)
45      0.106   2.51e-01   4.11e-01   1.66e-01   1.34e+00   0.00e+00 (  9.96e+01,  1.42e+02)
50      0.121   2.71e-01   4.91e-01   2.06e-01   1.61e+00   0.00e+00 (  9.08e+01,  1.28e+02)
55      0.103   2.55e-01   4.45e-01   2.46e-01   1.43e+00   0.00e+00 (  7.28e+01,  1.14e+02)
60      0.131   2.92e-01   5.59e-01   3.53e-01   1.87e+00   0.00e+00 (  7.16e+01,  1.01e+02)
65      0.137   3.05e-01   5.94e-01   4.22e-01   2.01e+00   0.00e+00 (  6.38e+01,  8.90e+01)
70      0.148   3.29e-01   6.62e-01   5.09e-01   2.22e+00   0.00e+00 (  5.87e+01,  7.87e+01)
75      0.145   3.32e-01   6.59e-01   5.41e-01   2.24e+00   0.00e+00 (  5.28e+01,  7.01e+01)
80      0.138   3.32e-01   6.41e-01   5.45e-01   2.23e+00   0.00e+00 (  4.86e+01,  6.33e+01)
85      0.133   3.24e-01   6.10e-01   5.11e-01   2.60e+00   0.00e+00 (  4.49e+01,  5.82e+01)
90      0.142   3.42e-01   5.18e-01   3.50e-01   5.04e+00   0.00e+00 (  4.30e+01,  5.42e+01)
95      0.174   3.62e-01   5.30e-01   3.61e-01   1.09e+01   0.00e+00 (  1.13e+02,  5.02e+01)
12 e: 5.393e-05 i: 4.894e-05 :: e: 6.250e-02 i: 6.415e-02 :: n: 2.762e+01 e:20.683 i:23.462 v:4.993e+03
>>> tau_he = 5.000000, nhe(0)=2.471592e+00
 5     -0.008   5.18e-03   3.47e-01   4.13e-03  -3.59e-02   0.00e+00 (  1.91e+00,  4.42e+01)
10     -0.023   3.07e-02   8.26e-02   7.44e-03  -1.36e-01   0.00e+00 (  2.06e+01,  8.44e+01)
15     -0.033   7.82e-02   4.23e-02   3.96e-03  -2.34e-01   0.00e+00 (  6.07e+01,  1.19e+02)
20      0.034   1.16e-01   1.01e-01   1.28e-02   2.78e-01   0.00e+00 (  8.56e+01,  1.42e+02)
25      0.037   1.43e-01   1.33e-01   2.96e-02   3.46e-01   0.00e+00 (  9.96e+01,  1.58e+02)
30      0.046   1.71e-01   1.79e-01   4.06e-02   4.72e-01   0.00e+00 (  1.09e+02,  1.65e+02)
35      0.073   2.09e-01   2.76e-01   1.22e-01   8.18e-01   0.00e+00 (  1.16e+02,  1.63e+02)
40      0.087   2.28e-01   3.45e-01   1.62e-01   1.05e+00   0.00e+00 (  1.08e+02,  1.55e+02)
45      0.108   2.55e-01   4.26e-01   1.72e-01   1.38e+00   0.00e+00 (  1.02e+02,  1.42e+02)
50      0.124   2.77e-01   5.09e-01   2.15e-01   1.65e+00   0.00e+00 (  9.35e+01,  1.28e+02)
55      0.142   3.05e-01   6.03e-01   3.16e-01   1.96e+00   0.00e+00 (  8.83e+01,  1.14e+02)
60      0.133   2.98e-01   5.79e-01   3.66e-01   1.91e+00   0.00e+00 (  7.39e+01,  1.01e+02)
65      0.138   3.12e-01   6.11e-01   4.32e-01   2.03e+00   0.00e+00 (  6.60e+01,  8.90e+01)
70      0.148   3.33e-01   6.76e-01   5.21e-01   2.23e+00   0.00e+00 (  6.02e+01,  7.87e+01)
75      0.145   3.36e-01   6.70e-01   5.51e-01   2.23e+00   0.00e+00 (  5.41e+01,  7.01e+01)
80      0.137   3.35e-01   6.48e-01   5.51e-01   2.21e+00   0.00e+00 (  4.96e+01,  6.33e+01)
85      0.132   3.25e-01   6.13e-01   5.14e-01   2.57e+00   0.00e+00 (  4.56e+01,  5.82e+01)
90      0.141   3.42e-01   5.16e-01   3.48e-01   5.00e+00   0.00e+00 (  4.35e+01,  5.42e+01)
95      0.174   3.62e-01   5.30e-01   3.61e-01   1.09e+01   0.00e+00 (  1.13e+02,  5.02e+01)
13 e: 5.454e-05 i: 4.012e-05 :: e: 4.176e-02 i: 4.397e-02 :: n: 2.762e+01 e:20.805 i:23.346 v:4.993e+03
>>> tau_he = 5.000000, nhe(0)=2.478580e+00
 5     -0.008   5.23e-03   3.51e-01   4.10e-03  -3.60e-02   0.00e+00 (  1.92e+00,  4.42e+01)
10     -0.022   3.02e-02   8.04e-02   7.22e-03  -1.30e-01   0.00e+00 (  2.01e+01,  8.44e+01)
15     -0.031   7.73e-02   4.02e-02   5.53e-03  -2.25e-01   0.00e+00 (  5.95e+01,  1.19e+02)
20      0.033   1.15e-01   9.83e-02   1.30e-02   2.78e-01   0.00e+00 (  8.42e+01,  1.42e+02)
25      0.037   1.42e-01   1.29e-01   2.87e-02   3.43e-01   0.00e+00 (  9.83e+01,  1.58e+02)
30      0.044   1.69e-01   1.73e-01   4.55e-02   4.57e-01   0.00e+00 (  1.07e+02,  1.65e+02)
35      0.070   2.08e-01   2.66e-01   1.16e-01   7.80e-01   0.00e+00 (  1.15e+02,  1.63e+02)
40      0.084   2.24e-01   3.32e-01   1.71e-01   1.01e+00   0.00e+00 (  1.06e+02,  1.55e+02)
45      0.105   2.50e-01   4.09e-01   1.65e-01   1.33e+00   0.00e+00 (  9.95e+01,  1.42e+02)
50      0.120   2.71e-01   4.89e-01   2.05e-01   1.60e+00   0.00e+00 (  9.08e+01,  1.28e+02)
55      0.104   2.55e-01   4.45e-01   2.46e-01   1.43e+00   0.00e+00 (  7.32e+01,  1.14e+02)
60      0.131   2.93e-01   5.59e-01   3.53e-01   1.87e+00   0.00e+00 (  7.19e+01,  1.01e+02)
65      0.137   3.07e-01   5.95e-01   4.20e-01   2.01e+00   0.00e+00 (  6.44e+01,  8.90e+01)
70      0.148   3.30e-01   6.64e-01   5.11e-01   2.23e+00   0.00e+00 (  5.90e+01,  7.87e+01)
75      0.146   3.34e-01   6.61e-01   5.43e-01   2.25e+00   0.00e+00 (  5.31e+01,  7.01e+01)
80      0.139   3.33e-01   6.43e-01   5.46e-01   2.24e+00   0.00e+00 (  4.88e+01,  6.33e+01)
85      0.133   3.25e-01   6.10e-01   5.12e-01   2.60e+00   0.00e+00 (  4.50e+01,  5.82e+01)
90      0.142   3.42e-01   5.18e-01   3.51e-01   5.04e+00   0.00e+00 (  4.29e+01,  5.42e+01)
95      0.174   3.62e-01   5.30e-01   3.61e-01   1.09e+01   0.00e+00 (  1.13e+02,  5.02e+01)
14 e: 7.396e-05 i: 3.190e-05 :: e: 5.034e-02 i: 5.387e-02 :: n: 2.762e+01 e:20.648 i:23.434 v:4.993e+03
>>> tau_he = 5.000000, nhe(0)=2.472115e+00
 5     -0.008   5.19e-03   3.49e-01   4.14e-03  -3.58e-02   0.00e+00 (  1.91e+00,  4.42e+01)
10     -0.022   3.03e-02   8.14e-02   7.31e-03  -1.31e-01   0.00e+00 (  2.03e+01,  8.44e+01)
15     -0.031   7.83e-02   4.25e-02   4.07e-03  -2.25e-01   0.00e+00 (  6.04e+01,  1.19e+02)
20      0.034   1.16e-01   1.01e-01   1.30e-02   2.80e-01   0.00e+00 (  8.51e+01,  1.42e+02)
25      0.037   1.43e-01   1.33e-01   2.96e-02   3.47e-01   0.00e+00 (  9.96e+01,  1.58e+02)
30      0.046   1.71e-01   1.79e-01   4.30e-02   4.73e-01   0.00e+00 (  1.09e+02,  1.65e+02)
35      0.071   2.11e-01   2.74e-01   1.20e-01   7.99e-01   0.00e+00 (  1.17e+02,  1.63e+02)
40      0.087   2.28e-01   3.44e-01   1.61e-01   1.04e+00   0.00e+00 (  1.08e+02,  1.55e+02)
45      0.108   2.55e-01   4.24e-01   1.72e-01   1.37e+00   0.00e+00 (  1.02e+02,  1.42e+02)
50      0.124   2.77e-01   5.08e-01   2.14e-01   1.65e+00   0.00e+00 (  9.39e+01,  1.28e+02)
55      0.142   3.06e-01   6.04e-01   3.17e-01   1.97e+00   0.00e+00 (  8.90e+01,  1.14e+02)
60      0.134   3.00e-01   5.81e-01   3.67e-01   1.91e+00   0.00e+00 (  7.45e+01,  1.01e+02)
65      0.139   3.14e-01   6.13e-01   4.34e-01   2.04e+00   0.00e+00 (  6.66e+01,  8.90e+01)
70      0.149   3.35e-01   6.80e-01   5.24e-01   2.24e+00   0.00e+00 (  6.08e+01,  7.87e+01)
75      0.146   3.38e-01   6.74e-01   5.54e-01   2.25e+00   0.00e+00 (  5.47e+01,  7.01e+01)
80      0.138   3.36e-01   6.52e-01   5.54e-01   2.22e+00   0.00e+00 (  5.01e+01,  6.33e+01)
85      0.132   3.26e-01   6.15e-01   5.16e-01   2.57e+00   0.00e+00 (  4.59e+01,  5.82e+01)
90      0.142   3.42e-01   5.18e-01   3.49e-01   5.01e+00   0.00e+00 (  4.37e+01,  5.42e+01)
95      0.174   3.62e-01   5.30e-01   3.61e-01   1.09e+01   0.00e+00 (  1.14e+02,  5.02e+01)
15 e: 3.809e-05 i: 4.963e-05 :: e: 3.263e-02 i: 3.498e-02 :: n: 2.762e+01 e:20.797 i:23.352 v:4.993e+03
>>> tau_he = 5.000000, nhe(0)=2.481154e+00
 5     -0.008   5.25e-03   3.55e-01   4.12e-03  -3.61e-02   0.00e+00 (  1.93e+00,  4.42e+01)
10     -0.021   2.99e-02   7.94e-02   7.11e-03  -1.26e-01   0.00e+00 (  1.99e+01,  8.44e+01)
15     -0.030   7.77e-02   4.07e-02   4.46e-03  -2.16e-01   0.00e+00 (  5.94e+01,  1.19e+02)
20      0.034   1.15e-01   9.80e-02   1.31e-02   2.80e-01   0.00e+00 (  8.40e+01,  1.42e+02)
25      0.037   1.43e-01   1.29e-01   2.87e-02   3.45e-01   0.00e+00 (  9.86e+01,  1.58e+02)
30      0.044   1.70e-01   1.74e-01   4.53e-02   4.59e-01   0.00e+00 (  1.07e+02,  1.65e+02)
35      0.069   2.08e-01   2.66e-01   1.16e-01   7.77e-01   0.00e+00 (  1.15e+02,  1.63e+02)
40      0.084   2.25e-01   3.31e-01   1.70e-01   1.00e+00   0.00e+00 (  1.06e+02,  1.55e+02)
45      0.104   2.51e-01   4.07e-01   1.65e-01   1.32e+00   0.00e+00 (  1.00e+02,  1.42e+02)
50      0.120   2.72e-01   4.88e-01   2.05e-01   1.60e+00   0.00e+00 (  9.15e+01,  1.28e+02)
55      0.104   2.57e-01   4.46e-01   2.46e-01   1.44e+00   0.00e+00 (  7.42e+01,  1.14e+02)
60      0.131   2.94e-01   5.61e-01   3.54e-01   1.88e+00   0.00e+00 (  7.27e+01,  1.01e+02)
65      0.138   3.10e-01   5.98e-01   4.22e-01   2.02e+00   0.00e+00 (  6.53e+01,  8.90e+01)
70      0.149   3.32e-01   6.69e-01   5.15e-01   2.25e+00   0.00e+00 (  5.98e+01,  7.87e+01)
75      0.147   3.36e-01   6.67e-01   5.47e-01   2.26e+00   0.00e+00 (  5.39e+01,  7.01e+01)
80      0.140   3.36e-01   6.47e-01   5.50e-01   2.25e+00   0.00e+00 (  4.95e+01,  6.33e+01)
85      0.134   3.27e-01   6.14e-01   5.15e-01   2.61e+00   0.00e+00 (  4.55e+01,  5.82e+01)
90      0.143   3.43e-01   5.21e-01   3.52e-01   5.06e+00   0.00e+00 (  4.33e+01,  5.42e+01)
95      0.174   3.62e-01   5.30e-01   3.61e-01   1.09e+01   0.00e+00 (  1.13e+02,  5.02e+01)
16 e: 8.961e-05 i: 2.298e-05 :: e: 3.897e-02 i: 4.389e-02 :: n: 2.762e+01 e:20.665 i:23.467 v:4.993e+03
>>> tau_he = 5.000000, nhe(0)=2.476458e+00
 5     -0.008   5.23e-03   3.54e-01   4.15e-03  -3.59e-02   0.00e+00 (  1.93e+00,  4.42e+01)
10     -0.021   3.01e-02   8.07e-02   7.22e-03  -1.29e-01   0.00e+00 (  2.00e+01,  8.44e+01)
15     -0.030   7.91e-02   4.28e-02   1.89e-03  -2.14e-01   0.00e+00 (  6.07e+01,  1.19e+02)
20      0.034   1.16e-01   1.01e-01   1.31e-02   2.82e-01   0.00e+00 (  8.51e+01,  1.42e+02)
25      0.037   1.44e-01   1.33e-01   2.95e-02   3.49e-01   0.00e+00 (  1.00e+02,  1.58e+02)
30      0.046   1.72e-01   1.79e-01   4.27e-02   4.75e-01   0.00e+00 (  1.09e+02,  1.65e+02)
35      0.071   2.12e-01   2.74e-01   1.20e-01   7.97e-01   0.00e+00 (  1.17e+02,  1.63e+02)
40      0.086   2.29e-01   3.42e-01   1.74e-01   1.03e+00   0.00e+00 (  1.09e+02,  1.55e+02)
45      0.108   2.56e-01   4.23e-01   1.71e-01   1.37e+00   0.00e+00 (  1.03e+02,  1.42e+02)
50      0.124   2.77e-01   5.08e-01   2.14e-01   1.65e+00   0.00e+00 (  9.42e+01,  1.28e+02)
55      0.143   3.08e-01   6.07e-01   3.18e-01   1.98e+00   0.00e+00 (  9.02e+01,  1.14e+02)
60      0.134   3.02e-01   5.84e-01   3.68e-01   1.92e+00   0.00e+00 (  7.56e+01,  1.01e+02)
65      0.140   3.16e-01   6.18e-01   4.37e-01   2.05e+00   0.00e+00 (  6.76e+01,  8.90e+01)
70      0.151   3.39e-01   6.86e-01   5.29e-01   2.26e+00   0.00e+00 (  6.18e+01,  7.87e+01)
75      0.147   3.42e-01   6.81e-01   5.59e-01   2.27e+00   0.00e+00 (  5.56e+01,  7.01e+01)
80      0.139   3.40e-01   6.58e-01   5.59e-01   2.24e+00   0.00e+00 (  5.09e+01,  6.33e+01)
85      0.133   3.29e-01   6.20e-01   5.20e-01   2.59e+00   0.00e+00 (  4.66e+01,  5.82e+01)
90      0.142   3.44e-01   5.21e-01   3.52e-01   5.04e+00   0.00e+00 (  4.41e+01,  5.42e+01)
95      0.174   3.62e-01   5.30e-01   3.61e-01   1.09e+01   0.00e+00 (  1.14e+02,  5.02e+01)
17 e: 2.888e-05 i: 5.710e-05 :: e: 2.388e-02 i: 2.689e-02 :: n: 2.762e+01 e:20.832 i:23.408 v:4.993e+03
>>> tau_he = 5.000000, nhe(0)=2.486764e+00
 5     -0.008   5.30e-03   3.60e-01   4.13e-03  -3.62e-02   0.00e+00 (  1.94e+00,  4.42e+01)
10     -0.021   2.98e-02   7.89e-02   7.07e-03  -1.24e-01   0.00e+00 (  1.97e+01,  8.44e+01)
15     -0.029   7.82e-02   4.10e-02   4.59e-03  -2.11e-01   0.00e+00 (  5.96e+01,  1.19e+02)
20      0.034   1.15e-01   9.80e-02   1.32e-02   2.83e-01   0.00e+00 (  8.42e+01,  1.42e+02)
25      0.037   1.43e-01   1.29e-01   2.85e-02   3.48e-01   0.00e+00 (  9.92e+01,  1.58e+02)
30      0.045   1.71e-01   1.74e-01   4.50e-02   4.61e-01   0.00e+00 (  1.08e+02,  1.65e+02)
35      0.069   2.09e-01   2.65e-01   1.16e-01   7.76e-01   0.00e+00 (  1.15e+02,  1.63e+02)
40      0.082   2.30e-01   3.32e-01   1.74e-01   9.81e-01   0.00e+00 (  1.09e+02,  1.55e+02)
45      0.104   2.52e-01   4.07e-01   1.65e-01   1.32e+00   0.00e+00 (  1.01e+02,  1.42e+02)
50      0.120   2.73e-01   4.88e-01   2.05e-01   1.60e+00   0.00e+00 (  9.27e+01,  1.28e+02)
55      0.104   2.59e-01   4.48e-01   2.47e-01   1.45e+00   0.00e+00 (  7.53e+01,  1.14e+02)
60      0.132   2.97e-01   5.65e-01   3.56e-01   1.89e+00   0.00e+00 (  7.39e+01,  1.01e+02)
65      0.139   3.13e-01   6.03e-01   4.26e-01   2.04e+00   0.00e+00 (  6.64e+01,  8.90e+01)
70      0.151   3.36e-01   6.75e-01   5.20e-01   2.27e+00   0.00e+00 (  6.10e+01,  7.87e+01)
75      0.149   3.40e-01   6.74e-01   5.53e-01   2.29e+00   0.00e+00 (  5.50e+01,  7.01e+01)
80      0.141   3.39e-01   6.54e-01   5.56e-01   2.27e+00   0.00e+00 (  5.05e+01,  6.33e+01)
85      0.135   3.30e-01   6.20e-01   5.20e-01   2.64e+00   0.00e+00 (  4.64e+01,  5.82e+01)
90      0.144   3.46e-01   5.24e-01   3.54e-01   5.09e+00   0.00e+00 (  4.40e+01,  5.42e+01)
95      0.174   3.62e-01   5.30e-01   3.62e-01   1.09e+01   0.00e+00 (  1.13e+02,  5.02e+01)
18 e: 9.949e-05 i: 1.843e-05 :: e: 2.759e-02 i: 3.467e-02 :: n: 2.762e+01 e:20.716 i:23.540 v:4.993e+03
>>> tau_he = 5.000000, nhe(0)=2.483183e+00
 5     -0.008   5.28e-03   3.59e-01   4.17e-03  -3.62e-02   0.00e+00 (  1.95e+00,  4.42e+01)
10     -0.021   3.00e-02   8.03e-02   7.14e-03  -1.27e-01   0.00e+00 (  1.99e+01,  8.44e+01)
15     -0.029   7.97e-02   4.31e-02   1.96e-03  -2.09e-01   0.00e+00 (  6.10e+01,  1.19e+02)
20      0.034   1.16e-01   1.01e-01   1.32e-02   2.86e-01   0.00e+00 (  8.54e+01,  1.42e+02)
25      0.038   1.45e-01   1.33e-01   2.93e-02   3.52e-01   0.00e+00 (  1.01e+02,  1.58e+02)
30      0.046   1.73e-01   1.79e-01   4.65e-02   4.75e-01   0.00e+00 (  1.11e+02,  1.65e+02)
35      0.071   2.13e-01   2.73e-01   1.19e-01   7.97e-01   0.00e+00 (  1.18e+02,  1.63e+02)
40      0.084   2.34e-01   3.43e-01   1.78e-01   1.01e+00   0.00e+00 (  1.12e+02,  1.55e+02)
45      0.108   2.58e-01   4.23e-01   1.71e-01   1.37e+00   0.00e+00 (  1.05e+02,  1.42e+02)
50      0.124   2.79e-01   5.09e-01   2.14e-01   1.65e+00   0.00e+00 (  9.56e+01,  1.28e+02)
55      0.144   3.11e-01   6.10e-01   3.18e-01   1.99e+00   0.00e+00 (  9.19e+01,  1.14e+02)
60      0.135   3.05e-01   5.88e-01   3.70e-01   1.94e+00   0.00e+00 (  7.69e+01,  1.01e+02)
65      0.141   3.20e-01   6.24e-01   4.40e-01   2.07e+00   0.00e+00 (  6.89e+01,  8.90e+01)
70      0.152   3.43e-01   6.94e-01   5.34e-01   2.29e+00   0.00e+00 (  6.31e+01,  7.87e+01)
75      0.149   3.46e-01   6.89e-01   5.66e-01   2.30e+00   0.00e+00 (  5.68e+01,  7.01e+01)
80      0.140   3.44e-01   6.65e-01   5.66e-01   2.26e+00   0.00e+00 (  5.20e+01,  6.33e+01)
85      0.135   3.33e-01   6.27e-01   5.26e-01   2.62e+00   0.00e+00 (  4.76e+01,  5.82e+01)
90      0.144   3.46e-01   5.26e-01   3.55e-01   5.08e+00   0.00e+00 (  4.48e+01,  5.42e+01)
95      0.174   3.62e-01   5.30e-01   3.61e-01   1.09e+01   0.00e+00 (  1.14e+02,  5.02e+01)
19 e: 2.428e-05 i: 6.132e-05 :: e: 1.575e-02 i: 2.041e-02 :: n: 2.762e+01 e:20.893 i:23.495 v:4.993e+03
>>> tau_he = 5.000000, nhe(0)=2.494131e+00
 5     -0.008   5.36e-03   3.65e-01   4.16e-03  -3.65e-02   0.00e+00 (  1.97e+00,  4.42e+01)
10     -0.020   2.98e-02   7.86e-02   7.00e-03  -1.22e-01   0.00e+00 (  1.97e+01,  8.44e+01)
15     -0.029   7.87e-02   4.10e-02   5.92e-03  -2.09e-01   0.00e+00 (  5.98e+01,  1.19e+02)
20      0.034   1.16e-01   9.81e-02   1.34e-02   2.86e-01   0.00e+00 (  8.46e+01,  1.42e+02)
25      0.034   1.44e-01   1.30e-01   2.82e-02   3.17e-01   0.00e+00 (  1.00e+02,  1.58e+02)
30      0.045   1.72e-01   1.75e-01   4.45e-02   4.64e-01   0.00e+00 (  1.09e+02,  1.65e+02)
35      0.069   2.11e-01   2.65e-01   1.16e-01   7.78e-01   0.00e+00 (  1.16e+02,  1.63e+02)
40      0.082   2.31e-01   3.32e-01   1.73e-01   9.81e-01   0.00e+00 (  1.10e+02,  1.55e+02)
45      0.104   2.54e-01   4.07e-01   1.65e-01   1.33e+00   0.00e+00 (  1.02e+02,  1.42e+02)
50      0.121   2.76e-01   4.90e-01   2.05e-01   1.61e+00   0.00e+00 (  9.41e+01,  1.28e+02)
55      0.105   2.62e-01   4.50e-01   2.48e-01   1.45e+00   0.00e+00 (  7.67e+01,  1.14e+02)
60      0.133   3.00e-01   5.69e-01   3.58e-01   1.91e+00   0.00e+00 (  7.53e+01,  1.01e+02)
65      0.140   3.16e-01   6.09e-01   4.30e-01   2.06e+00   0.00e+00 (  6.78e+01,  8.90e+01)
70      0.152   3.40e-01   6.83e-01   5.25e-01   2.29e+00   0.00e+00 (  6.23e+01,  7.87e+01)
75      0.150   3.45e-01   6.82e-01   5.60e-01   2.31e+00   0.00e+00 (  5.63e+01,  7.01e+01)
80      0.142   3.44e-01   6.63e-01   5.63e-01   2.30e+00   0.00e+00 (  5.16e+01,  6.33e+01)
85      0.137   3.34e-01   6.27e-01   5.27e-01   2.66e+00   0.00e+00 (  4.74e+01,  5.82e+01)
90      0.145   3.49e-01   5.29e-01   3.59e-01   5.13e+00   0.00e+00 (  4.48e+01,  5.42e+01)
95      0.174   3.63e-01   5.30e-01   3.60e-01   1.09e+01   0.00e+00 (  1.14e+02,  5.02e+01)
20 e: 1.037e-04 i: 1.634e-05 :: e: 1.865e-02 i: 2.667e-02 :: n: 2.762e+01 e:20.785 i:23.636 v:4.993e+03
>>> tau_he = 5.000000, nhe(0)=2.491123e+00
 5     -0.008   5.34e-03   3.65e-01   4.20e-03  -3.64e-02   0.00e+00 (  1.97e+00,  4.42e+01)
10     -0.021   3.00e-02   8.00e-02   7.12e-03  -1.25e-01   0.00e+00 (  1.99e+01,  8.44e+01)
15     -0.029   8.04e-02   4.33e-02   2.03e-03  -2.06e-01   0.00e+00 (  6.14e+01,  1.19e+02)
20      0.035   1.17e-01   1.01e-01   1.33e-02   2.89e-01   0.00e+00 (  8.59e+01,  1.42e+02)
25      0.038   1.46e-01   1.33e-01   2.91e-02   3.56e-01   0.00e+00 (  1.02e+02,  1.58e+02)
30      0.046   1.75e-01   1.80e-01   4.59e-02   4.78e-01   0.00e+00 (  1.12e+02,  1.65e+02)
35      0.071   2.14e-01   2.73e-01   1.19e-01   7.99e-01   0.00e+00 (  1.19e+02,  1.63e+02)
40      0.084   2.35e-01   3.43e-01   1.78e-01   1.01e+00   0.00e+00 (  1.13e+02,  1.55e+02)
45      0.108   2.60e-01   4.23e-01   1.71e-01   1.37e+00   0.00e+00 (  1.06e+02,  1.42e+02)
50      0.125   2.81e-01   5.10e-01   2.14e-01   1.66e+00   0.00e+00 (  9.71e+01,  1.28e+02)
55      0.145   3.15e-01   6.13e-01   3.20e-01   2.01e+00   0.00e+00 (  9.37e+01,  1.14e+02)
60      0.137   3.08e-01   5.92e-01   3.73e-01   1.96e+00   0.00e+00 (  7.84e+01,  1.01e+02)
65      0.142   3.24e-01   6.30e-01   4.45e-01   2.10e+00   0.00e+00 (  7.03e+01,  8.90e+01)
70      0.154   3.47e-01   7.02e-01   5.40e-01   2.31e+00   0.00e+00 (  6.45e+01,  7.87e+01)
75      0.151   3.51e-01   6.98e-01   5.73e-01   2.32e+00   0.00e+00 (  5.82e+01,  7.01e+01)
80      0.142   3.49e-01   6.74e-01   5.73e-01   2.29e+00   0.00e+00 (  5.33e+01,  6.33e+01)
85      0.136   3.37e-01   6.35e-01   5.33e-01   2.65e+00   0.00e+00 (  4.87e+01,  5.82e+01)
90      0.145   3.49e-01   5.31e-01   3.60e-01   5.13e+00   0.00e+00 (  4.57e+01,  5.42e+01)
95      0.174   3.63e-01   5.30e-01   3.60e-01   1.09e+01   0.00e+00 (  1.14e+02,  5.02e+01)
21 e: 2.255e-05 i: 6.234e-05 :: e: 1.021e-02 i: 1.675e-02 :: n: 2.762e+01 e:20.967 i:23.598 v:4.993e+03
>>> tau_he = 5.000000, nhe(0)=2.502275e+00
 5     -0.008   5.42e-03   3.71e-01   4.18e-03  -3.68e-02   0.00e+00 (  2.00e+00,  4.42e+01)
10     -0.020   2.98e-02   7.84e-02   6.94e-03  -1.21e-01   0.00e+00 (  1.97e+01,  8.44e+01)
15     -0.029   7.95e-02   4.13e-02   5.98e-03  -2.06e-01   0.00e+00 (  6.03e+01,  1.19e+02)
20      0.035   1.17e-01   9.83e-02   1.35e-02   2.90e-01   0.00e+00 (  8.51e+01,  1.42e+02)
25      0.034   1.46e-01   1.30e-01   2.81e-02   3.20e-01   0.00e+00 (  1.01e+02,  1.58e+02)
30      0.045   1.73e-01   1.75e-01   4.40e-02   4.67e-01   0.00e+00 (  1.10e+02,  1.65e+02)
35      0.070   2.12e-01   2.65e-01   1.15e-01   7.80e-01   0.00e+00 (  1.18e+02,  1.63e+02)
40      0.082   2.33e-01   3.32e-01   1.72e-01   9.83e-01   0.00e+00 (  1.11e+02,  1.55e+02)
45      0.105   2.56e-01   4.07e-01   1.65e-01   1.33e+00   0.00e+00 (  1.04e+02,  1.42e+02)
50      0.121   2.78e-01   4.91e-01   2.05e-01   1.62e+00   0.00e+00 (  9.57e+01,  1.28e+02)
55      0.106   2.65e-01   4.53e-01   2.49e-01   1.46e+00   0.00e+00 (  7.82e+01,  1.14e+02)
60      0.134   3.04e-01   5.73e-01   3.58e-01   1.92e+00   0.00e+00 (  7.71e+01,  1.01e+02)
65      0.142   3.20e-01   6.15e-01   4.34e-01   2.08e+00   0.00e+00 (  6.92e+01,  8.90e+01)
70      0.154   3.45e-01   6.91e-01   5.31e-01   2.32e+00   0.00e+00 (  6.37e+01,  7.87e+01)
75      0.152   3.50e-01   6.91e-01   5.67e-01   2.34e+00   0.00e+00 (  5.76e+01,  7.01e+01)
80      0.144   3.48e-01   6.71e-01   5.70e-01   2.32e+00   0.00e+00 (  5.29e+01,  6.33e+01)
85      0.138   3.39e-01   6.35e-01   5.34e-01   2.70e+00   0.00e+00 (  4.85e+01,  5.82e+01)
90      0.147   3.53e-01   5.37e-01   3.66e-01   5.21e+00   0.00e+00 (  4.59e+01,  5.42e+01)
95      0.174   3.63e-01   5.30e-01   3.60e-01   1.09e+01   0.00e+00 (  1.14e+02,  5.02e+01)
22 e: 1.029e-04 i: 1.575e-05 :: e: 1.095e-02 i: 1.993e-02 :: n: 2.762e+01 e:20.862 i:23.744 v:4.993e+03
>>> tau_he = 5.000000, nhe(0)=2.499452e+00
 5     -0.008   5.41e-03   3.71e-01   4.22e-03  -3.67e-02   0.00e+00 (  2.00e+00,  4.42e+01)
10     -0.021   3.01e-02   8.00e-02   7.06e-03  -1.24e-01   0.00e+00 (  2.00e+01,  8.44e+01)
15     -0.028   8.17e-02   4.36e-02   2.10e-03  -2.04e-01   0.00e+00 (  6.23e+01,  1.19e+02)
20      0.035   1.18e-01   1.01e-01   1.34e-02   2.93e-01   0.00e+00 (  8.65e+01,  1.42e+02)
25      0.039   1.47e-01   1.34e-01   2.90e-02   3.60e-01   0.00e+00 (  1.03e+02,  1.58e+02)
30      0.047   1.76e-01   1.80e-01   4.54e-02   4.81e-01   0.00e+00 (  1.13e+02,  1.65e+02)
35      0.072   2.16e-01   2.74e-01   1.19e-01   8.01e-01   0.00e+00 (  1.20e+02,  1.63e+02)
40      0.085   2.37e-01   3.43e-01   1.77e-01   1.02e+00   0.00e+00 (  1.15e+02,  1.55e+02)
45      0.108   2.62e-01   4.24e-01   1.71e-01   1.37e+00   0.00e+00 (  1.07e+02,  1.42e+02)
50      0.125   2.83e-01   5.11e-01   2.15e-01   1.67e+00   0.00e+00 (  9.87e+01,  1.28e+02)
55      0.146   3.18e-01   6.17e-01   3.21e-01   2.02e+00   0.00e+00 (  9.54e+01,  1.14e+02)
60      0.138   3.13e-01   5.96e-01   3.73e-01   1.97e+00   0.00e+00 (  8.02e+01,  1.01e+02)
65      0.144   3.28e-01   6.36e-01   4.49e-01   2.12e+00   0.00e+00 (  7.18e+01,  8.90e+01)
70      0.156   3.52e-01   7.10e-01   5.46e-01   2.34e+00   0.00e+00 (  6.60e+01,  7.87e+01)
75      0.153   3.56e-01   7.07e-01   5.80e-01   2.35e+00   0.00e+00 (  5.96e+01,  7.01e+01)
80      0.144   3.53e-01   6.83e-01   5.81e-01   2.32e+00   0.00e+00 (  5.46e+01,  6.33e+01)
85      0.138   3.42e-01   6.43e-01   5.40e-01   2.68e+00   0.00e+00 (  4.99e+01,  5.82e+01)
90      0.146   3.52e-01   5.37e-01   3.65e-01   5.19e+00   0.00e+00 (  4.66e+01,  5.42e+01)
95      0.174   3.63e-01   5.30e-01   3.60e-01   1.09e+01   0.00e+00 (  1.14e+02,  5.02e+01)
23 e: 2.295e-05 i: 6.053e-05 :: e: 1.163e-02 i: 1.738e-02 :: n: 2.762e+01 e:21.044 i:23.708 v:4.993e+03
>>> tau_he = 5.000000, nhe(0)=2.510460e+00
 5     -0.008   5.49e-03   3.77e-01   4.20e-03  -3.71e-02   0.00e+00 (  2.02e+00,  4.42e+01)
10     -0.020   2.98e-02   7.84e-02   6.89e-03  -1.20e-01   0.00e+00 (  1.97e+01,  8.44e+01)
15     -0.028   8.08e-02   4.15e-02   6.03e-03  -2.04e-01   0.00e+00 (  6.12e+01,  1.19e+02)
20      0.035   1.17e-01   9.85e-02   1.38e-02   2.91e-01   0.00e+00 (  8.56e+01,  1.42e+02)
25      0.035   1.47e-01   1.31e-01   2.80e-02   3.24e-01   0.00e+00 (  1.02e+02,  1.58e+02)
30      0.046   1.75e-01   1.76e-01   4.35e-02   4.70e-01   0.00e+00 (  1.11e+02,  1.65e+02)
35      0.070   2.14e-01   2.66e-01   1.15e-01   7.83e-01   0.00e+00 (  1.19e+02,  1.63e+02)
40      0.082   2.34e-01   3.32e-01   1.71e-01   9.86e-01   0.00e+00 (  1.13e+02,  1.55e+02)
45      0.105   2.58e-01   4.08e-01   1.65e-01   1.33e+00   0.00e+00 (  1.05e+02,  1.42e+02)
50      0.122   2.79e-01   4.93e-01   2.06e-01   1.63e+00   0.00e+00 (  9.66e+01,  1.28e+02)
55      0.106   2.67e-01   4.55e-01   2.50e-01   1.47e+00   0.00e+00 (  7.96e+01,  1.14e+02)
60      0.135   3.08e-01   5.78e-01   3.61e-01   1.94e+00   0.00e+00 (  7.86e+01,  1.01e+02)
65      0.143   3.24e-01   6.21e-01   4.38e-01   2.10e+00   0.00e+00 (  7.06e+01,  8.90e+01)
70      0.156   3.49e-01   6.99e-01   5.37e-01   2.34e+00   0.00e+00 (  6.51e+01,  7.87e+01)
75      0.154   3.54e-01   7.00e-01   5.74e-01   2.37e+00   0.00e+00 (  5.89e+01,  7.01e+01)
80      0.146   3.53e-01   6.80e-01   5.78e-01   2.35e+00   0.00e+00 (  5.41e+01,  6.33e+01)
85      0.140   3.43e-01   6.44e-01   5.41e-01   2.73e+00   0.00e+00 (  4.97e+01,  5.82e+01)
90      0.149   3.56e-01   5.43e-01   3.71e-01   5.27e+00   0.00e+00 (  4.68e+01,  5.42e+01)
95      0.174   3.63e-01   5.30e-01   3.60e-01   1.09e+01   0.00e+00 (  1.14e+02,  5.02e+01)
24 e: 9.845e-05 i: 1.612e-05 :: e: 6.944e-03 i: 1.476e-02 :: n: 2.762e+01 e:20.939 i:23.853 v:4.993e+03
>>> tau_he = 5.000000, nhe(0)=2.507526e+00
 5     -0.008   5.48e-03   3.77e-01   4.24e-03  -3.71e-02   0.00e+00 (  2.03e+00,  4.42e+01)
10     -0.021   3.01e-02   7.99e-02   7.01e-03  -1.23e-01   0.00e+00 (  2.00e+01,  8.44e+01)
15     -0.028   8.25e-02   4.38e-02   2.17e-03  -2.01e-01   0.00e+00 (  6.27e+01,  1.19e+02)
20      0.036   1.19e-01   1.01e-01   1.34e-02   2.97e-01   0.00e+00 (  8.70e+01,  1.42e+02)
25      0.039   1.48e-01   1.34e-01   2.88e-02   3.64e-01   0.00e+00 (  1.03e+02,  1.58e+02)
30      0.047   1.77e-01   1.81e-01   4.49e-02   4.84e-01   0.00e+00 (  1.14e+02,  1.65e+02)
35      0.072   2.17e-01   2.74e-01   1.18e-01   8.05e-01   0.00e+00 (  1.22e+02,  1.63e+02)
40      0.085   2.39e-01   3.44e-01   1.76e-01   1.02e+00   0.00e+00 (  1.16e+02,  1.55e+02)
45      0.109   2.64e-01   4.24e-01   1.71e-01   1.38e+00   0.00e+00 (  1.09e+02,  1.42e+02)
50      0.126   2.86e-01   5.13e-01   2.15e-01   1.68e+00   0.00e+00 (  1.00e+02,  1.28e+02)
55      0.147   3.21e-01   6.20e-01   3.23e-01   2.04e+00   0.00e+00 (  9.70e+01,  1.14e+02)
60      0.139   3.16e-01   6.01e-01   3.75e-01   1.99e+00   0.00e+00 (  8.17e+01,  1.01e+02)
65      0.145   3.31e-01   6.42e-01   4.53e-01   2.13e+00   0.00e+00 (  7.32e+01,  8.90e+01)
70      0.157   3.56e-01   7.17e-01   5.50e-01   2.36e+00   0.00e+00 (  6.74e+01,  7.87e+01)
75      0.154   3.60e-01   7.15e-01   5.87e-01   2.38e+00   0.00e+00 (  6.09e+01,  7.01e+01)
80      0.145   3.58e-01   6.92e-01   5.88e-01   2.34e+00   0.00e+00 (  5.58e+01,  6.33e+01)
85      0.139   3.46e-01   6.51e-01   5.47e-01   2.71e+00   0.00e+00 (  5.11e+01,  5.82e+01)
90      0.148   3.55e-01   5.43e-01   3.70e-01   5.24e+00   0.00e+00 (  4.76e+01,  5.42e+01)
95      0.174   3.63e-01   5.30e-01   3.60e-01   1.09e+01   0.00e+00 (  1.15e+02,  5.02e+01)
25 e: 2.470e-05 i: 5.678e-05 :: e: 1.568e-02 i: 2.012e-02 :: n: 2.762e+01 e:21.118 i:23.815 v:4.993e+03
>>> tau_he = 5.000000, nhe(0)=2.518148e+00
 5     -0.008   5.55e-03   3.82e-01   4.23e-03  -3.74e-02   0.00e+00 (  2.05e+00,  4.42e+01)
10     -0.020   2.97e-02   7.85e-02   6.12e-03  -1.19e-01   0.00e+00 (  1.96e+01,  8.44e+01)
15     -0.028   8.15e-02   4.17e-02   6.07e-03  -2.01e-01   0.00e+00 (  6.16e+01,  1.19e+02)
20      0.036   1.18e-01   9.89e-02   1.38e-02   2.95e-01   0.00e+00 (  8.61e+01,  1.42e+02)
25      0.035   1.48e-01   1.31e-01   2.78e-02   3.28e-01   0.00e+00 (  1.03e+02,  1.58e+02)
30      0.046   1.76e-01   1.76e-01   4.31e-02   4.73e-01   0.00e+00 (  1.12e+02,  1.65e+02)
35      0.070   2.15e-01   2.66e-01   1.15e-01   7.87e-01   0.00e+00 (  1.20e+02,  1.63e+02)
40      0.083   2.36e-01   3.32e-01   1.70e-01   9.90e-01   0.00e+00 (  1.14e+02,  1.55e+02)
45      0.106   2.60e-01   4.09e-01   1.66e-01   1.34e+00   0.00e+00 (  1.07e+02,  1.42e+02)
50      0.123   2.81e-01   4.94e-01   2.06e-01   1.63e+00   0.00e+00 (  9.81e+01,  1.28e+02)
55      0.143   3.14e-01   5.96e-01   3.09e-01   1.98e+00   0.00e+00 (  9.43e+01,  1.14e+02)
60      0.136   3.11e-01   5.82e-01   3.63e-01   1.95e+00   0.00e+00 (  7.99e+01,  1.01e+02)
65      0.144   3.27e-01   6.27e-01   4.41e-01   2.12e+00   0.00e+00 (  7.19e+01,  8.90e+01)
70      0.157   3.53e-01   7.06e-01   5.42e-01   2.37e+00   0.00e+00 (  6.64e+01,  7.87e+01)
75      0.155   3.58e-01   7.08e-01   5.80e-01   2.39e+00   0.00e+00 (  6.02e+01,  7.01e+01)
80      0.147   3.58e-01   6.88e-01   5.84e-01   2.37e+00   0.00e+00 (  5.53e+01,  6.33e+01)
85      0.141   3.47e-01   6.51e-01   5.47e-01   2.76e+00   0.00e+00 (  5.08e+01,  5.82e+01)
90      0.150   3.59e-01   5.49e-01   3.75e-01   5.32e+00   0.00e+00 (  4.77e+01,  5.42e+01)
95      0.174   3.63e-01   5.30e-01   3.60e-01   1.09e+01   0.00e+00 (  1.14e+02,  5.02e+01)
26 e: 9.082e-05 i: 1.545e-05 :: e: 9.028e-03 i: 1.263e-02 :: n: 2.762e+01 e:21.010 i:23.956 v:4.993e+03
>>> tau_he = 5.000000, nhe(0)=2.514638e+00
 5     -0.008   5.53e-03   3.82e-01   4.26e-03  -3.73e-02   0.00e+00 (  2.05e+00,  4.42e+01)
10     -0.020   3.02e-02   7.99e-02   6.96e-03  -1.23e-01   0.00e+00 (  2.01e+01,  8.44e+01)
15     -0.028   8.32e-02   4.41e-02   2.20e-03  -1.99e-01   0.00e+00 (  6.31e+01,  1.19e+02)
20      0.036   1.19e-01   1.02e-01   1.35e-02   3.01e-01   0.00e+00 (  8.76e+01,  1.42e+02)
25      0.039   1.49e-01   1.35e-01   2.87e-02   3.68e-01   0.00e+00 (  1.04e+02,  1.58e+02)
30      0.047   1.78e-01   1.81e-01   4.44e-02   4.88e-01   0.00e+00 (  1.15e+02,  1.65e+02)
35      0.072   2.19e-01   2.75e-01   1.18e-01   8.10e-01   0.00e+00 (  1.23e+02,  1.63e+02)
40      0.086   2.40e-01   3.45e-01   1.75e-01   1.03e+00   0.00e+00 (  1.17e+02,  1.55e+02)
45      0.110   2.66e-01   4.27e-01   1.72e-01   1.39e+00   0.00e+00 (  1.11e+02,  1.42e+02)
50      0.126   2.88e-01   5.15e-01   2.16e-01   1.68e+00   0.00e+00 (  1.02e+02,  1.28e+02)
55      0.145   3.20e-01   6.14e-01   3.19e-01   2.01e+00   0.00e+00 (  9.70e+01,  1.14e+02)
60      0.139   3.18e-01   6.03e-01   3.76e-01   1.99e+00   0.00e+00 (  8.28e+01,  1.01e+02)
65      0.147   3.35e-01   6.48e-01   4.57e-01   2.15e+00   0.00e+00 (  7.46e+01,  8.90e+01)
70      0.159   3.60e-01   7.24e-01   5.56e-01   2.39e+00   0.00e+00 (  6.87e+01,  7.87e+01)
75      0.156   3.65e-01   7.23e-01   5.93e-01   2.40e+00   0.00e+00 (  6.21e+01,  7.01e+01)
80      0.147   3.62e-01   7.00e-01   5.94e-01   2.37e+00   0.00e+00 (  5.70e+01,  6.33e+01)
85      0.141   3.50e-01   6.59e-01   5.54e-01   2.74e+00   0.00e+00 (  5.22e+01,  5.82e+01)
90      0.149   3.58e-01   5.49e-01   3.74e-01   5.29e+00   0.00e+00 (  4.85e+01,  5.42e+01)
95      0.174   3.63e-01   5.30e-01   3.60e-01   1.09e+01   0.00e+00 (  1.15e+02,  5.02e+01)
27 e: 2.941e-05 i: 4.897e-05 :: e: 1.803e-02 i: 2.130e-02 :: n: 2.762e+01 e:21.184 i:23.910 v:4.993e+03
>>> tau_he = 5.000000, nhe(0)=2.524521e+00
 5     -0.008   5.60e-03   3.87e-01   4.24e-03  -3.77e-02   0.00e+00 (  2.07e+00,  4.42e+01)
10     -0.020   2.97e-02   7.85e-02   6.10e-03  -1.19e-01   0.00e+00 (  1.97e+01,  8.44e+01)
15     -0.028   8.21e-02   4.20e-02   6.10e-03  -1.99e-01   0.00e+00 (  6.20e+01,  1.19e+02)
20      0.036   1.19e-01   9.91e-02   1.38e-02   2.98e-01   0.00e+00 (  8.66e+01,  1.42e+02)
25      0.039   1.48e-01   1.31e-01   2.79e-02   3.67e-01   0.00e+00 (  1.03e+02,  1.58e+02)
30      0.046   1.77e-01   1.77e-01   4.27e-02   4.76e-01   0.00e+00 (  1.13e+02,  1.65e+02)
35      0.071   2.16e-01   2.67e-01   1.15e-01   7.91e-01   0.00e+00 (  1.21e+02,  1.63e+02)
40      0.083   2.37e-01   3.33e-01   1.69e-01   9.96e-01   0.00e+00 (  1.15e+02,  1.55e+02)
45      0.106   2.62e-01   4.11e-01   1.66e-01   1.35e+00   0.00e+00 (  1.08e+02,  1.42e+02)
50      0.123   2.83e-01   4.95e-01   2.06e-01   1.64e+00   0.00e+00 (  9.90e+01,  1.28e+02)
55      0.106   2.69e-01   4.53e-01   2.49e-01   1.46e+00   0.00e+00 (  8.07e+01,  1.14e+02)
60      0.137   3.13e-01   5.83e-01   3.64e-01   1.96e+00   0.00e+00 (  8.07e+01,  1.01e+02)
65      0.145   3.30e-01   6.32e-01   4.45e-01   2.14e+00   0.00e+00 (  7.31e+01,  8.90e+01)
70      0.159   3.56e-01   7.12e-01   5.47e-01   2.39e+00   0.00e+00 (  6.75e+01,  7.87e+01)
75      0.157   3.62e-01   7.15e-01   5.86e-01   2.42e+00   0.00e+00 (  6.13e+01,  7.01e+01)
80      0.149   3.62e-01   6.96e-01   5.91e-01   2.40e+00   0.00e+00 (  5.64e+01,  6.33e+01)
85      0.143   3.51e-01   6.59e-01   5.53e-01   2.78e+00   0.00e+00 (  5.19e+01,  5.82e+01)
90      0.152   3.62e-01   5.54e-01   3.80e-01   5.37e+00   0.00e+00 (  4.86e+01,  5.42e+01)
95      0.174   3.63e-01   5.30e-01   3.61e-01   1.09e+01   0.00e+00 (  1.15e+02,  5.02e+01)
28 e: 8.337e-05 i: 2.211e-05 :: e: 1.286e-02 i: 1.813e-02 :: n: 2.762e+01 e:21.066 i:24.042 v:4.993e+03
>>> tau_he = 5.000000, nhe(0)=2.520477e+00
 5     -0.008   5.58e-03   3.86e-01   4.28e-03  -3.76e-02   0.00e+00 (  2.08e+00,  4.42e+01)
10     -0.020   3.03e-02   7.99e-02   6.93e-03  -1.22e-01   0.00e+00 (  2.01e+01,  8.44e+01)
15     -0.027   8.37e-02   4.43e-02   2.24e-03  -1.97e-01   0.00e+00 (  6.35e+01,  1.19e+02)
20      0.037   1.20e-01   1.02e-01   1.35e-02   3.04e-01   0.00e+00 (  8.79e+01,  1.42e+02)
25      0.040   1.49e-01   1.35e-01   2.86e-02   3.71e-01   0.00e+00 (  1.05e+02,  1.58e+02)
30      0.047   1.79e-01   1.81e-01   4.41e-02   4.90e-01   0.00e+00 (  1.16e+02,  1.65e+02)
35      0.073   2.20e-01   2.75e-01   1.18e-01   8.12e-01   0.00e+00 (  1.23e+02,  1.63e+02)
40      0.086   2.41e-01   3.45e-01   1.74e-01   1.03e+00   0.00e+00 (  1.18e+02,  1.55e+02)
45      0.110   2.67e-01   4.26e-01   1.72e-01   1.39e+00   0.00e+00 (  1.11e+02,  1.42e+02)
50      0.127   2.89e-01   5.15e-01   2.16e-01   1.69e+00   0.00e+00 (  1.02e+02,  1.28e+02)
55      0.147   3.23e-01   6.19e-01   3.21e-01   2.03e+00   0.00e+00 (  9.83e+01,  1.14e+02)
60      0.140   3.20e-01   6.06e-01   3.78e-01   2.00e+00   0.00e+00 (  8.37e+01,  1.01e+02)
65      0.147   3.37e-01   6.51e-01   4.59e-01   2.17e+00   0.00e+00 (  7.54e+01,  8.90e+01)
70      0.160   3.63e-01   7.29e-01   5.59e-01   2.40e+00   0.00e+00 (  6.96e+01,  7.87e+01)
75      0.157   3.68e-01   7.29e-01   5.98e-01   2.42e+00   0.00e+00 (  6.30e+01,  7.01e+01)
80      0.148   3.66e-01   7.06e-01   6.00e-01   2.38e+00   0.00e+00 (  5.79e+01,  6.33e+01)
85      0.142   3.54e-01   6.65e-01   5.59e-01   2.76e+00   0.00e+00 (  5.31e+01,  5.82e+01)
90      0.151   3.60e-01   5.54e-01   3.78e-01   5.33e+00   0.00e+00 (  4.93e+01,  5.42e+01)
95      0.174   3.63e-01   5.30e-01   3.61e-01   1.09e+01   0.00e+00 (  1.15e+02,  5.02e+01)
29 e: 3.281e-05 i: 4.402e-05 :: e: 2.002e-02 i: 2.296e-02 :: n: 2.762e+01 e:21.234 i:23.989 v:4.993e+03
>>> tau_he = 5.000000, nhe(0)=2.529860e+00
 5     -0.008   5.65e-03   3.91e-01   4.26e-03  -3.79e-02   0.00e+00 (  2.09e+00,  4.42e+01)
10     -0.020   2.98e-02   7.85e-02   6.08e-03  -1.18e-01   0.00e+00 (  1.97e+01,  8.44e+01)
15     -0.027   8.30e-02   4.22e-02   3.87e-03  -1.92e-01   0.00e+00 (  6.26e+01,  1.19e+02)
20      0.036   1.19e-01   9.94e-02   1.38e-02   3.01e-01   0.00e+00 (  8.69e+01,  1.42e+02)
25      0.040   1.49e-01   1.32e-01   2.79e-02   3.70e-01   0.00e+00 (  1.04e+02,  1.58e+02)
30      0.046   1.77e-01   1.77e-01   4.24e-02   4.79e-01   0.00e+00 (  1.14e+02,  1.65e+02)
35      0.071   2.17e-01   2.67e-01   1.15e-01   7.93e-01   0.00e+00 (  1.21e+02,  1.63e+02)
40      0.082   2.38e-01   3.33e-01   1.69e-01   9.84e-01   0.00e+00 (  1.16e+02,  1.55e+02)
45      0.107   2.63e-01   4.11e-01   1.66e-01   1.35e+00   0.00e+00 (  1.09e+02,  1.42e+02)
50      0.124   2.84e-01   4.97e-01   2.07e-01   1.65e+00   0.00e+00 (  1.00e+02,  1.28e+02)
55      0.143   3.16e-01   5.95e-01   3.08e-01   1.98e+00   0.00e+00 (  9.55e+01,  1.14e+02)
60      0.138   3.15e-01   5.86e-01   3.66e-01   1.97e+00   0.00e+00 (  8.17e+01,  1.01e+02)
65      0.146   3.32e-01   6.35e-01   4.46e-01   2.15e+00   0.00e+00 (  7.39e+01,  8.90e+01)
70      0.159   3.59e-01   7.16e-01   5.48e-01   2.40e+00   0.00e+00 (  6.84e+01,  7.87e+01)
75      0.158   3.65e-01   7.20e-01   5.90e-01   2.43e+00   0.00e+00 (  6.21e+01,  7.01e+01)
80      0.150   3.64e-01   7.01e-01   5.95e-01   2.41e+00   0.00e+00 (  5.72e+01,  6.33e+01)
85      0.144   3.54e-01   6.64e-01   5.58e-01   2.80e+00   0.00e+00 (  5.26e+01,  5.82e+01)
90      0.153   3.64e-01   5.59e-01   3.83e-01   5.40e+00   0.00e+00 (  4.93e+01,  5.42e+01)
95      0.174   3.63e-01   5.30e-01   3.61e-01   1.09e+01   0.00e+00 (  1.15e+02,  5.02e+01)
30 e: 7.400e-05 i: 1.857e-05 :: e: 1.229e-02 i: 1.359e-02 :: n: 2.762e+01 e:21.112 i:24.115 v:4.993e+03
>>> tau_he = 5.000000, nhe(0)=2.525226e+00
 5     -0.008   5.62e-03   3.90e-01   4.30e-03  -3.78e-02   0.00e+00 (  2.09e+00,  4.42e+01)
10     -0.020   3.01e-02   8.01e-02   6.16e-03  -1.22e-01   0.00e+00 (  2.00e+01,  8.44e+01)
15     -0.027   8.42e-02   4.45e-02   2.25e-03  -1.95e-01   0.00e+00 (  6.38e+01,  1.19e+02)
20      0.027   1.17e-01   1.00e-01   8.39e-03   2.24e-01   0.00e+00 (  8.60e+01,  1.42e+02)
25      0.040   1.50e-01   1.35e-01   2.86e-02   3.74e-01   0.00e+00 (  1.05e+02,  1.58e+02)
30      0.048   1.79e-01   1.82e-01   4.30e-02   4.94e-01   0.00e+00 (  1.16e+02,  1.65e+02)
35      0.073   2.20e-01   2.75e-01   1.18e-01   8.16e-01   0.00e+00 (  1.24e+02,  1.63e+02)
40      0.086   2.42e-01   3.46e-01   1.73e-01   1.03e+00   0.00e+00 (  1.19e+02,  1.55e+02)
45      0.110   2.69e-01   4.28e-01   1.73e-01   1.40e+00   0.00e+00 (  1.12e+02,  1.42e+02)
50      0.127   2.91e-01   5.17e-01   2.16e-01   1.69e+00   0.00e+00 (  1.03e+02,  1.28e+02)
55      0.145   3.22e-01   6.14e-01   3.18e-01   2.01e+00   0.00e+00 (  9.81e+01,  1.14e+02)
60      0.140   3.22e-01   6.07e-01   3.79e-01   2.01e+00   0.00e+00 (  8.44e+01,  1.01e+02)
65      0.148   3.39e-01   6.55e-01   4.61e-01   2.18e+00   0.00e+00 (  7.63e+01,  8.90e+01)
70      0.161   3.65e-01   7.34e-01   5.62e-01   2.42e+00   0.00e+00 (  7.05e+01,  7.87e+01)
75      0.158   3.70e-01   7.34e-01   6.02e-01   2.43e+00   0.00e+00 (  6.38e+01,  7.01e+01)
80      0.149   3.68e-01   7.11e-01   6.04e-01   2.40e+00   0.00e+00 (  5.87e+01,  6.33e+01)
85      0.143   3.56e-01   6.70e-01   5.63e-01   2.78e+00   0.00e+00 (  5.38e+01,  5.82e+01)
90      0.152   3.63e-01   5.58e-01   3.81e-01   5.37e+00   0.00e+00 (  4.99e+01,  5.42e+01)
95      0.174   3.63e-01   5.30e-01   3.61e-01   1.09e+01   0.00e+00 (  1.15e+02,  5.02e+01)
31 e: 3.822e-05 i: 3.738e-05 :: e: 1.952e-02 i: 2.222e-02 :: n: 2.762e+01 e:21.273 i:24.054 v:4.993e+03
>>> tau_he = 5.000000, nhe(0)=2.533927e+00
 5     -0.008   5.68e-03   3.95e-01   4.27e-03  -3.81e-02   0.00e+00 (  2.11e+00,  4.42e+01)
10     -0.020   2.99e-02   7.85e-02   6.06e-03  -1.18e-01   0.00e+00 (  1.98e+01,  8.44e+01)
15     -0.027   8.35e-02   4.24e-02   3.87e-03  -1.90e-01   0.00e+00 (  6.29e+01,  1.19e+02)
20      0.037   1.20e-01   9.96e-02   1.38e-02   3.03e-01   0.00e+00 (  8.73e+01,  1.42e+02)
25      0.040   1.49e-01   1.32e-01   2.78e-02   3.72e-01   0.00e+00 (  1.04e+02,  1.58e+02)
30      0.047   1.78e-01   1.77e-01   4.22e-02   4.81e-01   0.00e+00 (  1.14e+02,  1.65e+02)
35      0.071   2.18e-01   2.67e-01   1.15e-01   7.97e-01   0.00e+00 (  1.22e+02,  1.63e+02)
40      0.082   2.39e-01   3.34e-01   1.68e-01   9.88e-01   0.00e+00 (  1.16e+02,  1.55e+02)
45      0.107   2.64e-01   4.12e-01   1.67e-01   1.36e+00   0.00e+00 (  1.10e+02,  1.42e+02)
50      0.124   2.85e-01   4.97e-01   2.07e-01   1.65e+00   0.00e+00 (  1.01e+02,  1.28e+02)
55      0.106   2.71e-01   4.53e-01   2.48e-01   1.46e+00   0.00e+00 (  8.16e+01,  1.14e+02)
60      0.138   3.16e-01   5.87e-01   3.66e-01   1.97e+00   0.00e+00 (  8.22e+01,  1.01e+02)
65      0.147   3.34e-01   6.38e-01   4.48e-01   2.16e+00   0.00e+00 (  7.46e+01,  8.90e+01)
70      0.160   3.61e-01   7.20e-01   5.51e-01   2.41e+00   0.00e+00 (  6.91e+01,  7.87e+01)
75      0.159   3.67e-01   7.24e-01   5.93e-01   2.44e+00   0.00e+00 (  6.27e+01,  7.01e+01)
80      0.150   3.67e-01   7.05e-01   5.99e-01   2.43e+00   0.00e+00 (  5.79e+01,  6.33e+01)
85      0.145   3.56e-01   6.69e-01   5.62e-01   2.82e+00   0.00e+00 (  5.33e+01,  5.82e+01)
90      0.154   3.66e-01   5.62e-01   3.86e-01   5.44e+00   0.00e+00 (  4.99e+01,  5.42e+01)
95      0.174   3.63e-01   5.30e-01   3.61e-01   1.09e+01   0.00e+00 (  1.15e+02,  5.02e+01)
32 e: 6.819e-05 i: 2.835e-05 :: e: 1.448e-02 i: 1.908e-02 :: n: 2.762e+01 e:21.144 i:24.171 v:4.993e+03
>>> tau_he = 5.000000, nhe(0)=2.528861e+00
 5     -0.008   5.65e-03   3.93e-01   4.31e-03  -3.80e-02   0.00e+00 (  2.11e+00,  4.42e+01)
10     -0.020   3.02e-02   8.00e-02   6.15e-03  -1.21e-01   0.00e+00 (  2.01e+01,  8.44e+01)
15     -0.027   8.46e-02   4.47e-02   2.25e-03  -1.93e-01   0.00e+00 (  6.40e+01,  1.19e+02)
20      0.027   1.18e-01   1.00e-01   8.38e-03   2.25e-01   0.00e+00 (  8.63e+01,  1.42e+02)
25      0.040   1.50e-01   1.36e-01   2.85e-02   3.76e-01   0.00e+00 (  1.05e+02,  1.58e+02)
30      0.048   1.80e-01   1.82e-01   4.28e-02   4.96e-01   0.00e+00 (  1.16e+02,  1.65e+02)
35      0.073   2.21e-01   2.75e-01   1.18e-01   8.17e-01   0.00e+00 (  1.24e+02,  1.63e+02)
40      0.086   2.43e-01   3.46e-01   1.72e-01   1.03e+00   0.00e+00 (  1.19e+02,  1.55e+02)
45      0.110   2.69e-01   4.28e-01   1.73e-01   1.40e+00   0.00e+00 (  1.13e+02,  1.42e+02)
50      0.128   2.91e-01   5.17e-01   2.16e-01   1.70e+00   0.00e+00 (  1.04e+02,  1.28e+02)
55      0.147   3.25e-01   6.19e-01   3.21e-01   2.03e+00   0.00e+00 (  9.92e+01,  1.14e+02)
60      0.141   3.23e-01   6.09e-01   3.80e-01   2.02e+00   0.00e+00 (  8.49e+01,  1.01e+02)
65      0.148   3.40e-01   6.56e-01   4.62e-01   2.18e+00   0.00e+00 (  7.67e+01,  8.90e+01)
70      0.161   3.67e-01   7.36e-01   5.64e-01   2.42e+00   0.00e+00 (  7.09e+01,  7.87e+01)
75      0.159   3.72e-01   7.37e-01   6.04e-01   2.44e+00   0.00e+00 (  6.43e+01,  7.01e+01)
80      0.149   3.70e-01   7.14e-01   6.07e-01   2.41e+00   0.00e+00 (  5.92e+01,  6.33e+01)
85      0.144   3.58e-01   6.74e-01   5.66e-01   2.80e+00   0.00e+00 (  5.44e+01,  5.82e+01)
90      0.152   3.64e-01   5.61e-01   3.84e-01   5.39e+00   0.00e+00 (  5.04e+01,  5.42e+01)
95      0.174   3.63e-01   5.30e-01   3.61e-01   1.09e+01   0.00e+00 (  1.15e+02,  5.02e+01)
33 e: 4.135e-05 i: 3.373e-05 :: e: 1.937e-02 i: 2.231e-02 :: n: 2.762e+01 e:21.299 i:24.103 v:4.993e+03
>>> tau_he = 5.000000, nhe(0)=2.537106e+00
 5     -0.008   5.71e-03   3.98e-01   4.28e-03  -3.83e-02   0.00e+00 (  2.12e+00,  4.42e+01)
10     -0.020   2.99e-02   7.84e-02   6.05e-03  -1.18e-01   0.00e+00 (  1.98e+01,  8.44e+01)
15     -0.026   8.38e-02   4.26e-02   3.87e-03  -1.88e-01   0.00e+00 (  6.30e+01,  1.19e+02)
20      0.037   1.20e-01   9.98e-02   1.38e-02   3.05e-01   0.00e+00 (  8.76e+01,  1.42e+02)
25      0.040   1.50e-01   1.32e-01   2.78e-02   3.74e-01   0.00e+00 (  1.04e+02,  1.58e+02)
30      0.047   1.78e-01   1.77e-01   4.20e-02   4.83e-01   0.00e+00 (  1.15e+02,  1.65e+02)
35      0.071   2.18e-01   2.68e-01   1.15e-01   7.99e-01   0.00e+00 (  1.22e+02,  1.63e+02)
40      0.083   2.39e-01   3.34e-01   1.68e-01   9.90e-01   0.00e+00 (  1.17e+02,  1.55e+02)
45      0.107   2.64e-01   4.12e-01   1.67e-01   1.36e+00   0.00e+00 (  1.10e+02,  1.42e+02)
50      0.124   2.86e-01   4.98e-01   2.07e-01   1.65e+00   0.00e+00 (  1.01e+02,  1.28e+02)
55      0.143   3.18e-01   5.95e-01   3.08e-01   1.98e+00   0.00e+00 (  9.62e+01,  1.14e+02)
60      0.138   3.17e-01   5.89e-01   3.67e-01   1.98e+00   0.00e+00 (  8.27e+01,  1.01e+02)
65      0.147   3.35e-01   6.39e-01   4.49e-01   2.16e+00   0.00e+00 (  7.49e+01,  8.90e+01)
70      0.161   3.62e-01   7.21e-01   5.52e-01   2.41e+00   0.00e+00 (  6.94e+01,  7.87e+01)
75      0.159   3.69e-01   7.26e-01   5.95e-01   2.45e+00   0.00e+00 (  6.31e+01,  7.01e+01)
80      0.151   3.68e-01   7.08e-01   6.01e-01   2.43e+00   0.00e+00 (  5.82e+01,  6.33e+01)
85      0.145   3.58e-01   6.71e-01   5.64e-01   2.83e+00   0.00e+00 (  5.37e+01,  5.82e+01)
90      0.154   3.67e-01   5.65e-01   3.88e-01   5.46e+00   0.00e+00 (  5.03e+01,  5.42e+01)
95      0.174   3.63e-01   5.30e-01   3.61e-01   1.09e+01   0.00e+00 (  1.15e+02,  5.02e+01)
34 e: 6.004e-05 i: 2.248e-05 :: e: 1.136e-02 i: 1.237e-02 :: n: 2.762e+01 e:21.168 i:24.215 v:4.993e+03
>>> tau_he = 5.000000, nhe(0)=2.531546e+00
 5     -0.008   5.68e-03   3.95e-01   4.32e-03  -3.82e-02   0.00e+00 (  2.12e+00,  4.42e+01)
10     -0.020   3.02e-02   8.00e-02   6.14e-03  -1.21e-01   0.00e+00 (  2.01e+01,  8.44e+01)
15     -0.017   8.50e-02   4.52e-02   2.56e-03  -1.26e-01   0.00e+00 (  6.43e+01,  1.19e+02)
20      0.027   1.18e-01   1.01e-01   8.36e-03   2.26e-01   0.00e+00 (  8.65e+01,  1.42e+02)
25      0.040   1.51e-01   1.36e-01   2.85e-02   3.78e-01   0.00e+00 (  1.06e+02,  1.58e+02)
30      0.048   1.80e-01   1.82e-01   4.27e-02   4.98e-01   0.00e+00 (  1.17e+02,  1.65e+02)
35      0.073   2.21e-01   2.76e-01   1.18e-01   8.21e-01   0.00e+00 (  1.25e+02,  1.63e+02)
40      0.087   2.43e-01   3.46e-01   1.72e-01   1.04e+00   0.00e+00 (  1.20e+02,  1.55e+02)
45      0.111   2.70e-01   4.30e-01   1.73e-01   1.41e+00   0.00e+00 (  1.13e+02,  1.42e+02)
50      0.128   2.92e-01   5.18e-01   2.17e-01   1.70e+00   0.00e+00 (  1.04e+02,  1.28e+02)
55      0.145   3.23e-01   6.14e-01   3.18e-01   2.01e+00   0.00e+00 (  9.87e+01,  1.14e+02)
60      0.141   3.23e-01   6.10e-01   3.80e-01   2.02e+00   0.00e+00 (  8.53e+01,  1.01e+02)
65      0.149   3.41e-01   6.59e-01   4.63e-01   2.19e+00   0.00e+00 (  7.72e+01,  8.90e+01)
70      0.161   3.68e-01   7.38e-01   5.65e-01   2.43e+00   0.00e+00 (  7.13e+01,  7.87e+01)
75      0.159   3.73e-01   7.39e-01   6.06e-01   2.45e+00   0.00e+00 (  6.46e+01,  7.01e+01)
80      0.150   3.72e-01   7.17e-01   6.08e-01   2.42e+00   0.00e+00 (  5.95e+01,  6.33e+01)
85      0.144   3.60e-01   6.77e-01   5.68e-01   2.81e+00   0.00e+00 (  5.47e+01,  5.82e+01)
90      0.153   3.65e-01   5.63e-01   3.85e-01   5.41e+00   0.00e+00 (  5.08e+01,  5.42e+01)
95      0.174   3.63e-01   5.30e-01   3.61e-01   1.09e+01   0.00e+00 (  1.15e+02,  5.02e+01)
35 e: 4.643e-05 i: 2.888e-05 :: e: 1.781e-02 i: 2.053e-02 :: n: 2.762e+01 e:21.317 i:24.140 v:4.993e+03
>>> tau_he = 5.000000, nhe(0)=2.539132e+00
 5     -0.008   5.73e-03   4.00e-01   4.29e-03  -3.84e-02   0.00e+00 (  2.13e+00,  4.42e+01)
10     -0.020   2.99e-02   7.84e-02   6.04e-03  -1.18e-01   0.00e+00 (  1.99e+01,  8.44e+01)
15     -0.026   8.40e-02   4.28e-02   3.87e-03  -1.87e-01   0.00e+00 (  6.31e+01,  1.19e+02)
20      0.037   1.20e-01   9.99e-02   1.38e-02   3.06e-01   0.00e+00 (  8.78e+01,  1.42e+02)
25      0.040   1.50e-01   1.32e-01   2.78e-02   3.75e-01   0.00e+00 (  1.05e+02,  1.58e+02)
30      0.047   1.79e-01   1.78e-01   4.19e-02   4.84e-01   0.00e+00 (  1.15e+02,  1.65e+02)
35      0.072   2.19e-01   2.68e-01   1.15e-01   8.01e-01   0.00e+00 (  1.22e+02,  1.63e+02)
40      0.083   2.40e-01   3.35e-01   1.68e-01   9.94e-01   0.00e+00 (  1.17e+02,  1.55e+02)
45      0.108   2.65e-01   4.14e-01   1.67e-01   1.37e+00   0.00e+00 (  1.10e+02,  1.42e+02)
50      0.124   2.86e-01   4.99e-01   2.08e-01   1.66e+00   0.00e+00 (  1.01e+02,  1.28e+02)
55      0.106   2.71e-01   4.54e-01   2.48e-01   1.46e+00   0.00e+00 (  8.20e+01,  1.14e+02)
60      0.138   3.17e-01   5.89e-01   3.67e-01   1.98e+00   0.00e+00 (  8.28e+01,  1.01e+02)
65      0.147   3.36e-01   6.41e-01   4.50e-01   2.17e+00   0.00e+00 (  7.52e+01,  8.90e+01)
70      0.161   3.63e-01   7.23e-01   5.54e-01   2.42e+00   0.00e+00 (  6.97e+01,  7.87e+01)
75      0.159   3.70e-01   7.28e-01   5.96e-01   2.45e+00   0.00e+00 (  6.34e+01,  7.01e+01)
80      0.151   3.69e-01   7.10e-01   6.02e-01   2.44e+00   0.00e+00 (  5.85e+01,  6.33e+01)
85      0.146   3.59e-01   6.73e-01   5.66e-01   2.84e+00   0.00e+00 (  5.40e+01,  5.82e+01)
90      0.155   3.68e-01   5.66e-01   3.89e-01   5.47e+00   0.00e+00 (  5.06e+01,  5.42e+01)
95      0.174   3.63e-01   5.30e-01   3.61e-01   1.09e+01   0.00e+00 (  1.15e+02,  5.02e+01)
36 e: 5.682e-05 i: 3.308e-05 :: e: 1.281e-02 i: 1.787e-02 :: n: 2.762e+01 e:21.179 i:24.242 v:4.993e+03
>>> tau_he = 5.000000, nhe(0)=2.533215e+00
 5     -0.008   5.69e-03   3.97e-01   4.32e-03  -3.83e-02   0.00e+00 (  2.13e+00,  4.42e+01)
10     -0.020   3.02e-02   8.00e-02   6.13e-03  -1.21e-01   0.00e+00 (  2.01e+01,  8.44e+01)
15     -0.017   8.52e-02   4.53e-02   2.54e-03  -1.24e-01   0.00e+00 (  6.43e+01,  1.19e+02)
20      0.027   1.18e-01   1.01e-01   8.35e-03   2.27e-01   0.00e+00 (  8.66e+01,  1.42e+02)
25      0.041   1.51e-01   1.36e-01   2.84e-02   3.79e-01   0.00e+00 (  1.06e+02,  1.58e+02)
30      0.048   1.80e-01   1.82e-01   4.26e-02   4.98e-01   0.00e+00 (  1.17e+02,  1.65e+02)
35      0.073   2.22e-01   2.76e-01   1.18e-01   8.21e-01   0.00e+00 (  1.25e+02,  1.63e+02)
40      0.087   2.43e-01   3.46e-01   1.72e-01   1.04e+00   0.00e+00 (  1.20e+02,  1.55e+02)
45      0.111   2.70e-01   4.29e-01   1.73e-01   1.41e+00   0.00e+00 (  1.13e+02,  1.42e+02)
50      0.128   2.92e-01   5.19e-01   2.17e-01   1.70e+00   0.00e+00 (  1.04e+02,  1.28e+02)
55      0.147   3.25e-01   6.19e-01   3.21e-01   2.03e+00   0.00e+00 (  9.96e+01,  1.14e+02)
60      0.141   3.24e-01   6.11e-01   3.81e-01   2.02e+00   0.00e+00 (  8.54e+01,  1.01e+02)
65      0.149   3.41e-01   6.58e-01   4.63e-01   2.19e+00   0.00e+00 (  7.72e+01,  8.90e+01)
70      0.161   3.68e-01   7.38e-01   5.66e-01   2.43e+00   0.00e+00 (  7.13e+01,  7.87e+01)
75      0.159   3.74e-01   7.40e-01   6.06e-01   2.45e+00   0.00e+00 (  6.47e+01,  7.01e+01)
80      0.150   3.72e-01   7.18e-01   6.09e-01   2.42e+00   0.00e+00 (  5.96e+01,  6.33e+01)
85      0.144   3.60e-01   6.78e-01   5.69e-01   2.81e+00   0.00e+00 (  5.49e+01,  5.82e+01)
90      0.153   3.66e-01   5.64e-01   3.86e-01   5.42e+00   0.00e+00 (  5.10e+01,  5.42e+01)
95      0.174   3.63e-01   5.30e-01   3.61e-01   1.09e+01   0.00e+00 (  1.15e+02,  5.02e+01)
37 e: 4.818e-05 i: 2.684e-05 :: e: 1.655e-02 i: 1.978e-02 :: n: 2.762e+01 e:21.323 i:24.163 v:4.993e+03
>>> tau_he = 5.000000, nhe(0)=2.540487e+00
 5     -0.008   5.74e-03   4.01e-01   4.29e-03  -3.85e-02   0.00e+00 (  2.14e+00,  4.42e+01)
10     -0.020   2.99e-02   7.83e-02   6.03e-03  -1.18e-01   0.00e+00 (  1.99e+01,  8.44e+01)
15     -0.026   8.41e-02   4.29e-02   3.87e-03  -1.85e-01   0.00e+00 (  6.32e+01,  1.19e+02)
20      0.037   1.20e-01   1.00e-01   1.38e-02   3.07e-01   0.00e+00 (  8.78e+01,  1.42e+02)
25      0.040   1.50e-01   1.32e-01   2.78e-02   3.76e-01   0.00e+00 (  1.05e+02,  1.58e+02)
30      0.047   1.78e-01   1.78e-01   4.11e-02   4.87e-01   0.00e+00 (  1.15e+02,  1.65e+02)
35      0.072   2.19e-01   2.68e-01   1.15e-01   8.02e-01   0.00e+00 (  1.22e+02,  1.63e+02)
40      0.083   2.40e-01   3.35e-01   1.68e-01   9.94e-01   0.00e+00 (  1.17e+02,  1.55e+02)
45      0.108   2.65e-01   4.13e-01   1.67e-01   1.37e+00   0.00e+00 (  1.11e+02,  1.42e+02)
50      0.125   2.87e-01   5.00e-01   2.08e-01   1.66e+00   0.00e+00 (  1.02e+02,  1.28e+02)
55      0.143   3.18e-01   5.96e-01   3.08e-01   1.98e+00   0.00e+00 (  9.65e+01,  1.14e+02)
60      0.139   3.18e-01   5.91e-01   3.68e-01   1.99e+00   0.00e+00 (  8.31e+01,  1.01e+02)
65      0.147   3.36e-01   6.40e-01   4.50e-01   2.17e+00   0.00e+00 (  7.52e+01,  8.90e+01)
70      0.161   3.63e-01   7.23e-01   5.54e-01   2.42e+00   0.00e+00 (  6.97e+01,  7.87e+01)
75      0.159   3.70e-01   7.28e-01   5.96e-01   2.45e+00   0.00e+00 (  6.34e+01,  7.01e+01)
80      0.151   3.69e-01   7.10e-01   6.02e-01   2.44e+00   0.00e+00 (  5.85e+01,  6.33e+01)
85      0.146   3.59e-01   6.74e-01   5.66e-01   2.84e+00   0.00e+00 (  5.41e+01,  5.82e+01)
90      0.155   3.68e-01   5.67e-01   3.90e-01   5.48e+00   0.00e+00 (  5.07e+01,  5.42e+01)
95      0.174   3.63e-01   5.30e-01   3.61e-01   1.09e+01   0.00e+00 (  1.15e+02,  5.02e+01)
38 e: 5.077e-05 i: 2.537e-05 :: e: 8.137e-03 i: 1.018e-02 :: n: 2.762e+01 e:21.185 i:24.261 v:4.993e+03
>>> tau_he = 5.000000, nhe(0)=2.534225e+00
 5     -0.008   5.70e-03   3.98e-01   4.33e-03  -3.83e-02   0.00e+00 (  2.13e+00,  4.42e+01)
10     -0.020   3.02e-02   7.99e-02   6.12e-03  -1.21e-01   0.00e+00 (  2.02e+01,  8.44e+01)
15     -0.017   8.53e-02   4.54e-02   2.51e-03  -1.22e-01   0.00e+00 (  6.43e+01,  1.19e+02)
20      0.027   1.18e-01   1.01e-01   8.34e-03   2.27e-01   0.00e+00 (  8.67e+01,  1.42e+02)
25      0.041   1.51e-01   1.36e-01   2.84e-02   3.80e-01   0.00e+00 (  1.06e+02,  1.58e+02)
30      0.048   1.80e-01   1.82e-01   4.26e-02   5.00e-01   0.00e+00 (  1.17e+02,  1.65e+02)
35      0.074   2.22e-01   2.76e-01   1.18e-01   8.23e-01   0.00e+00 (  1.25e+02,  1.63e+02)
40      0.087   2.44e-01   3.47e-01   1.72e-01   1.04e+00   0.00e+00 (  1.20e+02,  1.55e+02)
45      0.111   2.70e-01   4.30e-01   1.74e-01   1.41e+00   0.00e+00 (  1.14e+02,  1.42e+02)
50      0.128   2.93e-01   5.19e-01   2.17e-01   1.71e+00   0.00e+00 (  1.05e+02,  1.28e+02)
55      0.145   3.24e-01   6.14e-01   3.18e-01   2.01e+00   0.00e+00 (  9.88e+01,  1.14e+02)
60      0.141   3.24e-01   6.10e-01   3.80e-01   2.02e+00   0.00e+00 (  8.55e+01,  1.01e+02)
65      0.149   3.42e-01   6.59e-01   4.64e-01   2.19e+00   0.00e+00 (  7.73e+01,  8.90e+01)
70      0.162   3.68e-01   7.39e-01   5.66e-01   2.43e+00   0.00e+00 (  7.15e+01,  7.87e+01)
75      0.159   3.74e-01   7.40e-01   6.06e-01   2.45e+00   0.00e+00 (  6.48e+01,  7.01e+01)
80      0.150   3.72e-01   7.18e-01   6.10e-01   2.42e+00   0.00e+00 (  5.97e+01,  6.33e+01)
85      0.144   3.61e-01   6.78e-01   5.70e-01   2.81e+00   0.00e+00 (  5.50e+01,  5.82e+01)
90      0.153   3.66e-01   5.65e-01   3.87e-01   5.43e+00   0.00e+00 (  5.11e+01,  5.42e+01)
95      0.174   3.63e-01   5.30e-01   3.61e-01   1.09e+01   0.00e+00 (  1.15e+02,  5.02e+01)
39 e: 5.168e-05 i: 2.370e-05 :: e: 1.434e-02 i: 1.748e-02 :: n: 2.762e+01 e:21.325 i:24.177 v:4.993e+03
>>> tau_he = 5.000000, nhe(0)=2.541018e+00
 5     -0.008   5.75e-03   4.02e-01   4.30e-03  -3.85e-02   0.00e+00 (  2.14e+00,  4.42e+01)
10     -0.020   3.00e-02   7.83e-02   6.03e-03  -1.18e-01   0.00e+00 (  1.99e+01,  8.44e+01)
15     -0.026   8.42e-02   4.31e-02   3.86e-03  -1.84e-01   0.00e+00 (  6.32e+01,  1.19e+02)
20      0.037   1.20e-01   9.99e-02   1.55e-02   3.05e-01   0.00e+00 (  8.76e+01,  1.42e+02)
25      0.040   1.50e-01   1.32e-01   2.77e-02   3.77e-01   0.00e+00 (  1.05e+02,  1.58e+02)
30      0.047   1.78e-01   1.78e-01   4.11e-02   4.88e-01   0.00e+00 (  1.15e+02,  1.65e+02)
35      0.072   2.19e-01   2.68e-01   1.15e-01   8.03e-01   0.00e+00 (  1.22e+02,  1.63e+02)
40      0.083   2.40e-01   3.35e-01   1.68e-01   9.97e-01   0.00e+00 (  1.17e+02,  1.55e+02)
45      0.108   2.65e-01   4.14e-01   1.68e-01   1.37e+00   0.00e+00 (  1.11e+02,  1.42e+02)
50      0.125   2.87e-01   5.00e-01   2.08e-01   1.66e+00   0.00e+00 (  1.01e+02,  1.28e+02)
55      0.106   2.72e-01   4.54e-01   2.48e-01   1.46e+00   0.00e+00 (  8.20e+01,  1.14e+02)
60      0.139   3.17e-01   5.90e-01   3.67e-01   1.98e+00   0.00e+00 (  8.29e+01,  1.01e+02)
65      0.147   3.36e-01   6.41e-01   4.50e-01   2.17e+00   0.00e+00 (  7.53e+01,  8.90e+01)
70      0.161   3.63e-01   7.23e-01   5.54e-01   2.42e+00   0.00e+00 (  6.98e+01,  7.87e+01)
75      0.160   3.70e-01   7.28e-01   5.97e-01   2.45e+00   0.00e+00 (  6.34e+01,  7.01e+01)
80      0.151   3.70e-01   7.10e-01   6.03e-01   2.44e+00   0.00e+00 (  5.86e+01,  6.33e+01)
85      0.146   3.60e-01   6.75e-01   5.67e-01   2.84e+00   0.00e+00 (  5.41e+01,  5.82e+01)
90      0.155   3.68e-01   5.68e-01   3.90e-01   5.48e+00   0.00e+00 (  5.08e+01,  5.42e+01)
95      0.174   3.63e-01   5.30e-01   3.61e-01   1.09e+01   0.00e+00 (  1.15e+02,  5.02e+01)
40 e: 4.988e-05 i: 3.561e-05 :: e: 9.773e-03 i: 1.618e-02 :: n: 2.762e+01 e:21.182 i:24.269 v:4.993e+03
>>> tau_he = 5.000000, nhe(0)=2.534573e+00
 5     -0.008   5.70e-03   3.99e-01   4.33e-03  -3.84e-02   0.00e+00 (  2.13e+00,  4.42e+01)
10     -0.020   3.02e-02   7.99e-02   6.12e-03  -1.21e-01   0.00e+00 (  2.02e+01,  8.44e+01)
15     -0.017   8.54e-02   4.55e-02   2.48e-03  -1.21e-01   0.00e+00 (  6.43e+01,  1.19e+02)
20      0.027   1.18e-01   1.01e-01   8.32e-03   2.27e-01   0.00e+00 (  8.67e+01,  1.42e+02)
25      0.041   1.51e-01   1.36e-01   2.84e-02   3.80e-01   0.00e+00 (  1.06e+02,  1.58e+02)
30      0.048   1.80e-01   1.82e-01   4.25e-02   5.00e-01   0.00e+00 (  1.17e+02,  1.65e+02)
35      0.073   2.21e-01   2.76e-01   1.18e-01   8.23e-01   0.00e+00 (  1.25e+02,  1.63e+02)
40      0.087   2.43e-01   3.46e-01   1.72e-01   1.04e+00   0.00e+00 (  1.20e+02,  1.55e+02)
45      0.111   2.70e-01   4.29e-01   1.73e-01   1.41e+00   0.00e+00 (  1.13e+02,  1.42e+02)
50      0.128   2.93e-01   5.19e-01   2.17e-01   1.71e+00   0.00e+00 (  1.04e+02,  1.28e+02)
55      0.147   3.25e-01   6.19e-01   3.21e-01   2.03e+00   0.00e+00 (  9.94e+01,  1.14e+02)
60      0.141   3.24e-01   6.11e-01   3.81e-01   2.02e+00   0.00e+00 (  8.54e+01,  1.01e+02)
65      0.149   3.41e-01   6.58e-01   4.63e-01   2.19e+00   0.00e+00 (  7.71e+01,  8.90e+01)
70      0.161   3.68e-01   7.38e-01   5.65e-01   2.43e+00   0.00e+00 (  7.13e+01,  7.87e+01)
75      0.159   3.73e-01   7.39e-01   6.06e-01   2.45e+00   0.00e+00 (  6.47e+01,  7.01e+01)
80      0.150   3.72e-01   7.18e-01   6.09e-01   2.42e+00   0.00e+00 (  5.96e+01,  6.33e+01)
85      0.144   3.61e-01   6.78e-01   5.70e-01   2.81e+00   0.00e+00 (  5.49e+01,  5.82e+01)
90      0.153   3.66e-01   5.65e-01   3.87e-01   5.43e+00   0.00e+00 (  5.11e+01,  5.42e+01)
95      0.174   3.63e-01   5.30e-01   3.61e-01   1.09e+01   0.00e+00 (  1.15e+02,  5.02e+01)
41 e: 5.164e-05 i: 2.299e-05 :: e: 1.286e-02 i: 1.654e-02 :: n: 2.762e+01 e:21.319 i:24.181 v:4.993e+03
>>> tau_he = 5.000000, nhe(0)=2.541228e+00
 5     -0.008   5.75e-03   4.03e-01   4.30e-03  -3.86e-02   0.00e+00 (  2.14e+00,  4.42e+01)
10     -0.020   3.00e-02   7.83e-02   6.03e-03  -1.18e-01   0.00e+00 (  1.99e+01,  8.44e+01)
15     -0.026   8.42e-02   4.32e-02   3.85e-03  -1.83e-01   0.00e+00 (  6.31e+01,  1.19e+02)
20      0.037   1.20e-01   1.00e-01   1.55e-02   3.05e-01   0.00e+00 (  8.75e+01,  1.42e+02)
25      0.040   1.50e-01   1.32e-01   2.78e-02   3.77e-01   0.00e+00 (  1.04e+02,  1.58e+02)
30      0.047   1.78e-01   1.78e-01   4.11e-02   4.88e-01   0.00e+00 (  1.15e+02,  1.65e+02)
35      0.072   2.19e-01   2.68e-01   1.15e-01   8.03e-01   0.00e+00 (  1.22e+02,  1.63e+02)
40      0.083   2.40e-01   3.35e-01   1.68e-01   9.97e-01   0.00e+00 (  1.17e+02,  1.55e+02)
45      0.108   2.65e-01   4.14e-01   1.68e-01   1.37e+00   0.00e+00 (  1.10e+02,  1.42e+02)
50      0.125   2.87e-01   5.00e-01   2.08e-01   1.66e+00   0.00e+00 (  1.02e+02,  1.28e+02)
55      0.143   3.18e-01   5.96e-01   3.08e-01   1.98e+00   0.00e+00 (  9.63e+01,  1.14e+02)
60      0.139   3.18e-01   5.91e-01   3.68e-01   1.99e+00   0.00e+00 (  8.30e+01,  1.01e+02)
65      0.147   3.36e-01   6.40e-01   4.50e-01   2.16e+00   0.00e+00 (  7.51e+01,  8.90e+01)
70      0.161   3.63e-01   7.22e-01   5.53e-01   2.42e+00   0.00e+00 (  6.96e+01,  7.87e+01)
75      0.159   3.69e-01   7.27e-01   5.96e-01   2.45e+00   0.00e+00 (  6.33e+01,  7.01e+01)
80      0.151   3.69e-01   7.10e-01   6.02e-01   2.44e+00   0.00e+00 (  5.85e+01,  6.33e+01)
85      0.146   3.59e-01   6.74e-01   5.66e-01   2.84e+00   0.00e+00 (  5.41e+01,  5.82e+01)
90      0.155   3.68e-01   5.67e-01   3.90e-01   5.48e+00   0.00e+00 (  5.08e+01,  5.42e+01)
95      0.174   3.63e-01   5.30e-01   3.61e-01   1.09e+01   0.00e+00 (  1.15e+02,  5.02e+01)
42 e: 4.563e-05 i: 2.652e-05 :: e: 4.756e-03 i: 8.468e-03 :: n: 2.762e+01 e:21.178 i:24.272 v:4.993e+03
>>> tau_he = 5.000000, nhe(0)=2.534598e+00
 5     -0.008   5.70e-03   3.99e-01   4.33e-03  -3.84e-02   0.00e+00 (  2.13e+00,  4.42e+01)
10     -0.020   3.02e-02   7.98e-02   6.12e-03  -1.21e-01   0.00e+00 (  2.02e+01,  8.44e+01)
15     -0.017   8.54e-02   4.57e-02   2.44e-03  -1.20e-01   0.00e+00 (  6.43e+01,  1.19e+02)
20      0.027   1.18e-01   1.01e-01   8.30e-03   2.27e-01   0.00e+00 (  8.67e+01,  1.42e+02)
25      0.041   1.51e-01   1.36e-01   2.84e-02   3.80e-01   0.00e+00 (  1.06e+02,  1.58e+02)
30      0.049   1.80e-01   1.82e-01   4.26e-02   5.01e-01   0.00e+00 (  1.17e+02,  1.65e+02)
35      0.074   2.21e-01   2.76e-01   1.18e-01   8.24e-01   0.00e+00 (  1.25e+02,  1.63e+02)
40      0.087   2.43e-01   3.47e-01   1.72e-01   1.04e+00   0.00e+00 (  1.20e+02,  1.55e+02)
45      0.112   2.70e-01   4.31e-01   1.74e-01   1.42e+00   0.00e+00 (  1.13e+02,  1.42e+02)
50      0.128   2.92e-01   5.19e-01   2.17e-01   1.71e+00   0.00e+00 (  1.04e+02,  1.28e+02)
55      0.145   3.23e-01   6.13e-01   3.18e-01   2.01e+00   0.00e+00 (  9.85e+01,  1.14e+02)
60      0.141   3.24e-01   6.10e-01   3.80e-01   2.02e+00   0.00e+00 (  8.53e+01,  1.01e+02)
65      0.149   3.41e-01   6.58e-01   4.63e-01   2.19e+00   0.00e+00 (  7.71e+01,  8.90e+01)
70      0.161   3.68e-01   7.38e-01   5.65e-01   2.43e+00   0.00e+00 (  7.12e+01,  7.87e+01)
75      0.159   3.73e-01   7.39e-01   6.05e-01   2.45e+00   0.00e+00 (  6.46e+01,  7.01e+01)
80      0.150   3.72e-01   7.17e-01   6.09e-01   2.42e+00   0.00e+00 (  5.95e+01,  6.33e+01)
85      0.144   3.60e-01   6.78e-01   5.69e-01   2.81e+00   0.00e+00 (  5.49e+01,  5.82e+01)
90      0.153   3.66e-01   5.65e-01   3.87e-01   5.43e+00   0.00e+00 (  5.11e+01,  5.42e+01)
95      0.174   3.63e-01   5.30e-01   3.61e-01   1.09e+01   0.00e+00 (  1.15e+02,  5.02e+01)
43 e: 5.350e-05 i: 2.105e-05 :: e: 1.072e-02 i: 1.428e-02 :: n: 2.762e+01 e:21.312 i:24.182 v:4.993e+03
>>> tau_he = 5.000000, nhe(0)=2.540929e+00
 5     -0.008   5.75e-03   4.03e-01   4.30e-03  -3.86e-02   0.00e+00 (  2.14e+00,  4.42e+01)
10     -0.020   3.00e-02   7.83e-02   6.03e-03  -1.18e-01   0.00e+00 (  1.99e+01,  8.44e+01)
15     -0.025   8.42e-02   4.33e-02   3.84e-03  -1.82e-01   0.00e+00 (  6.31e+01,  1.19e+02)
20      0.037   1.20e-01   1.00e-01   1.56e-02   3.05e-01   0.00e+00 (  8.75e+01,  1.42e+02)
25      0.040   1.50e-01   1.32e-01   2.78e-02   3.77e-01   0.00e+00 (  1.04e+02,  1.58e+02)
30      0.047   1.78e-01   1.78e-01   4.12e-02   4.89e-01   0.00e+00 (  1.15e+02,  1.65e+02)
35      0.072   2.19e-01   2.68e-01   1.15e-01   8.04e-01   0.00e+00 (  1.22e+02,  1.63e+02)
40      0.083   2.40e-01   3.35e-01   1.68e-01   9.99e-01   0.00e+00 (  1.17e+02,  1.55e+02)
45      0.108   2.65e-01   4.15e-01   1.68e-01   1.37e+00   0.00e+00 (  1.10e+02,  1.42e+02)
50      0.125   2.86e-01   5.00e-01   2.08e-01   1.66e+00   0.00e+00 (  1.01e+02,  1.28e+02)
55      0.105   2.71e-01   4.53e-01   2.48e-01   1.46e+00   0.00e+00 (  8.17e+01,  1.14e+02)
60      0.139   3.17e-01   5.90e-01   3.67e-01   1.98e+00   0.00e+00 (  8.27e+01,  1.01e+02)
65      0.147   3.35e-01   6.40e-01   4.50e-01   2.16e+00   0.00e+00 (  7.51e+01,  8.90e+01)
70      0.161   3.63e-01   7.22e-01   5.53e-01   2.42e+00   0.00e+00 (  6.95e+01,  7.87e+01)
75      0.159   3.69e-01   7.27e-01   5.95e-01   2.45e+00   0.00e+00 (  6.32e+01,  7.01e+01)
80      0.151   3.69e-01   7.09e-01   6.02e-01   2.44e+00   0.00e+00 (  5.84e+01,  6.33e+01)
85      0.146   3.59e-01   6.74e-01   5.66e-01   2.84e+00   0.00e+00 (  5.40e+01,  5.82e+01)
90      0.155   3.68e-01   5.67e-01   3.90e-01   5.48e+00   0.00e+00 (  5.07e+01,  5.42e+01)
95      0.174   3.63e-01   5.30e-01   3.61e-01   1.09e+01   0.00e+00 (  1.15e+02,  5.02e+01)
44 e: 4.632e-05 i: 3.616e-05 :: e: 8.045e-03 i: 1.525e-02 :: n: 2.762e+01 e:21.168 i:24.267 v:4.993e+03
>>> tau_he = 5.000000, nhe(0)=2.534255e+00
 5     -0.008   5.70e-03   4.00e-01   4.33e-03  -3.84e-02   0.00e+00 (  2.13e+00,  4.42e+01)
10     -0.020   3.02e-02   7.98e-02   6.12e-03  -1.21e-01   0.00e+00 (  2.02e+01,  8.44e+01)
15     -0.017   8.54e-02   4.57e-02   2.42e-03  -1.19e-01   0.00e+00 (  6.42e+01,  1.19e+02)
20      0.027   1.18e-01   1.01e-01   8.29e-03   2.27e-01   0.00e+00 (  8.66e+01,  1.42e+02)
25      0.041   1.51e-01   1.36e-01   2.84e-02   3.80e-01   0.00e+00 (  1.06e+02,  1.58e+02)
30      0.049   1.80e-01   1.82e-01   4.26e-02   5.00e-01   0.00e+00 (  1.16e+02,  1.65e+02)
35      0.073   2.21e-01   2.76e-01   1.18e-01   8.23e-01   0.00e+00 (  1.24e+02,  1.63e+02)
40      0.087   2.43e-01   3.47e-01   1.72e-01   1.04e+00   0.00e+00 (  1.19e+02,  1.55e+02)
45      0.111   2.70e-01   4.29e-01   1.73e-01   1.41e+00   0.00e+00 (  1.13e+02,  1.42e+02)
50      0.128   2.92e-01   5.19e-01   2.17e-01   1.71e+00   0.00e+00 (  1.04e+02,  1.28e+02)
55      0.147   3.24e-01   6.18e-01   3.20e-01   2.03e+00   0.00e+00 (  9.91e+01,  1.14e+02)
60      0.141   3.23e-01   6.10e-01   3.80e-01   2.02e+00   0.00e+00 (  8.51e+01,  1.01e+02)
65      0.148   3.40e-01   6.57e-01   4.62e-01   2.18e+00   0.00e+00 (  7.68e+01,  8.90e+01)
70      0.161   3.67e-01   7.36e-01   5.64e-01   2.42e+00   0.00e+00 (  7.10e+01,  7.87e+01)
75      0.159   3.72e-01   7.38e-01   6.04e-01   2.44e+00   0.00e+00 (  6.44e+01,  7.01e+01)
80      0.150   3.71e-01   7.16e-01   6.08e-01   2.41e+00   0.00e+00 (  5.93e+01,  6.33e+01)
85      0.144   3.60e-01   6.77e-01   5.69e-01   2.81e+00   0.00e+00 (  5.47e+01,  5.82e+01)
90      0.153   3.66e-01   5.64e-01   3.86e-01   5.42e+00   0.00e+00 (  5.10e+01,  5.42e+01)
95      0.174   3.63e-01   5.30e-01   3.61e-01   1.09e+01   0.00e+00 (  1.15e+02,  5.02e+01)
45 e: 5.199e-05 i: 2.123e-05 :: e: 9.524e-03 i: 1.356e-02 :: n: 2.762e+01 e:21.301 i:24.177 v:4.993e+03
>>> tau_he = 5.000000, nhe(0)=2.540580e+00
 5     -0.008   5.74e-03   4.03e-01   4.30e-03  -3.86e-02   0.00e+00 (  2.14e+00,  4.42e+01)
10     -0.020   3.00e-02   7.82e-02   6.03e-03  -1.18e-01   0.00e+00 (  1.99e+01,  8.44e+01)
15     -0.025   8.42e-02   4.33e-02   3.84e-03  -1.81e-01   0.00e+00 (  6.30e+01,  1.19e+02)
20      0.037   1.20e-01   1.00e-01   1.56e-02   3.05e-01   0.00e+00 (  8.74e+01,  1.42e+02)
25      0.040   1.50e-01   1.32e-01   2.78e-02   3.77e-01   0.00e+00 (  1.04e+02,  1.58e+02)
30      0.047   1.78e-01   1.78e-01   4.12e-02   4.89e-01   0.00e+00 (  1.14e+02,  1.65e+02)
35      0.072   2.18e-01   2.68e-01   1.15e-01   8.04e-01   0.00e+00 (  1.22e+02,  1.63e+02)
40      0.083   2.39e-01   3.35e-01   1.68e-01   9.98e-01   0.00e+00 (  1.17e+02,  1.55e+02)
45      0.108   2.65e-01   4.14e-01   1.68e-01   1.37e+00   0.00e+00 (  1.10e+02,  1.42e+02)
50      0.125   2.87e-01   5.00e-01   2.08e-01   1.66e+00   0.00e+00 (  1.01e+02,  1.28e+02)
55      0.143   3.17e-01   5.95e-01   3.08e-01   1.98e+00   0.00e+00 (  9.60e+01,  1.14e+02)
60      0.139   3.17e-01   5.90e-01   3.68e-01   1.98e+00   0.00e+00 (  8.27e+01,  1.01e+02)
65      0.147   3.35e-01   6.39e-01   4.49e-01   2.16e+00   0.00e+00 (  7.48e+01,  8.90e+01)
70      0.160   3.62e-01   7.21e-01   5.52e-01   2.41e+00   0.00e+00 (  6.93e+01,  7.87e+01)
75      0.159   3.68e-01   7.26e-01   5.94e-01   2.45e+00   0.00e+00 (  6.30e+01,  7.01e+01)
80      0.151   3.68e-01   7.08e-01   6.01e-01   2.43e+00   0.00e+00 (  5.82e+01,  6.33e+01)
85      0.145   3.58e-01   6.72e-01   5.65e-01   2.83e+00   0.00e+00 (  5.38e+01,  5.82e+01)
90      0.155   3.68e-01   5.66e-01   3.89e-01   5.47e+00   0.00e+00 (  5.06e+01,  5.42e+01)
95      0.174   3.63e-01   5.30e-01   3.61e-01   1.09e+01   0.00e+00 (  1.15e+02,  5.02e+01)
46 e: 4.327e-05 i: 2.620e-05 :: e: 3.886e-03 i: 7.922e-03 :: n: 2.762e+01 e:21.160 i:24.263 v:4.993e+03
>>> tau_he = 5.000000, nhe(0)=2.533846e+00
 5     -0.008   5.70e-03   4.00e-01   4.33e-03  -3.84e-02   0.00e+00 (  2.13e+00,  4.42e+01)
10     -0.020   3.02e-02   7.97e-02   6.12e-03  -1.21e-01   0.00e+00 (  2.02e+01,  8.44e+01)
15     -0.017   8.53e-02   4.58e-02   2.38e-03  -1.19e-01   0.00e+00 (  6.42e+01,  1.19e+02)
20      0.027   1.18e-01   1.01e-01   8.28e-03   2.27e-01   0.00e+00 (  8.66e+01,  1.42e+02)
25      0.041   1.50e-01   1.36e-01   2.84e-02   3.80e-01   0.00e+00 (  1.05e+02,  1.58e+02)
30      0.049   1.80e-01   1.82e-01   4.27e-02   5.01e-01   0.00e+00 (  1.16e+02,  1.65e+02)
35      0.074   2.21e-01   2.76e-01   1.18e-01   8.24e-01   0.00e+00 (  1.24e+02,  1.63e+02)
40      0.087   2.43e-01   3.47e-01   1.73e-01   1.04e+00   0.00e+00 (  1.19e+02,  1.55e+02)
45      0.112   2.70e-01   4.31e-01   1.74e-01   1.42e+00   0.00e+00 (  1.13e+02,  1.42e+02)
50      0.128   2.92e-01   5.19e-01   2.17e-01   1.70e+00   0.00e+00 (  1.04e+02,  1.28e+02)
55      0.145   3.22e-01   6.13e-01   3.17e-01   2.01e+00   0.00e+00 (  9.81e+01,  1.14e+02)
60      0.141   3.23e-01   6.09e-01   3.80e-01   2.02e+00   0.00e+00 (  8.49e+01,  1.01e+02)
65      0.148   3.40e-01   6.57e-01   4.62e-01   2.18e+00   0.00e+00 (  7.68e+01,  8.90e+01)
70      0.161   3.67e-01   7.36e-01   5.64e-01   2.42e+00   0.00e+00 (  7.09e+01,  7.87e+01)
75      0.159   3.72e-01   7.37e-01   6.04e-01   2.44e+00   0.00e+00 (  6.43e+01,  7.01e+01)
80      0.150   3.71e-01   7.15e-01   6.07e-01   2.41e+00   0.00e+00 (  5.92e+01,  6.33e+01)
85      0.144   3.59e-01   6.76e-01   5.68e-01   2.80e+00   0.00e+00 (  5.46e+01,  5.82e+01)
90      0.153   3.65e-01   5.64e-01   3.86e-01   5.42e+00   0.00e+00 (  5.09e+01,  5.42e+01)
95      0.174   3.63e-01   5.30e-01   3.61e-01   1.09e+01   0.00e+00 (  1.15e+02,  5.02e+01)
47 e: 5.268e-05 i: 2.003e-05 :: e: 7.795e-03 i: 1.163e-02 :: n: 2.762e+01 e:21.292 i:24.172 v:4.993e+03
>>> tau_he = 5.000000, nhe(0)=2.539961e+00
 5     -0.008   5.74e-03   4.03e-01   4.30e-03  -3.86e-02   0.00e+00 (  2.14e+00,  4.42e+01)
10     -0.020   3.00e-02   7.82e-02   6.03e-03  -1.18e-01   0.00e+00 (  1.99e+01,  8.44e+01)
15     -0.025   8.42e-02   4.34e-02   3.83e-03  -1.81e-01   0.00e+00 (  6.30e+01,  1.19e+02)
20      0.037   1.20e-01   1.00e-01   1.39e-02   3.07e-01   0.00e+00 (  8.77e+01,  1.42e+02)
25      0.040   1.50e-01   1.32e-01   2.78e-02   3.76e-01   0.00e+00 (  1.04e+02,  1.58e+02)
30      0.047   1.78e-01   1.78e-01   4.13e-02   4.89e-01   0.00e+00 (  1.14e+02,  1.65e+02)
35      0.072   2.18e-01   2.68e-01   1.15e-01   8.04e-01   0.00e+00 (  1.22e+02,  1.63e+02)
40      0.083   2.39e-01   3.36e-01   1.69e-01   1.00e+00   0.00e+00 (  1.16e+02,  1.55e+02)
45      0.108   2.65e-01   4.15e-01   1.68e-01   1.37e+00   0.00e+00 (  1.10e+02,  1.42e+02)
50      0.125   2.86e-01   5.00e-01   2.08e-01   1.66e+00   0.00e+00 (  1.01e+02,  1.28e+02)
55      0.105   2.71e-01   4.53e-01   2.48e-01   1.46e+00   0.00e+00 (  8.14e+01,  1.14e+02)
60      0.138   3.16e-01   5.89e-01   3.67e-01   1.98e+00   0.00e+00 (  8.24e+01,  1.01e+02)
65      0.147   3.35e-01   6.39e-01   4.49e-01   2.16e+00   0.00e+00 (  7.48e+01,  8.90e+01)
70      0.160   3.62e-01   7.21e-01   5.52e-01   2.41e+00   0.00e+00 (  6.92e+01,  7.87e+01)
75      0.159   3.68e-01   7.25e-01   5.94e-01   2.44e+00   0.00e+00 (  6.29e+01,  7.01e+01)
80      0.151   3.68e-01   7.07e-01   6.00e-01   2.43e+00   0.00e+00 (  5.81e+01,  6.33e+01)
85      0.145   3.58e-01   6.72e-01   5.64e-01   2.83e+00   0.00e+00 (  5.37e+01,  5.82e+01)
90      0.154   3.67e-01   5.66e-01   3.89e-01   5.47e+00   0.00e+00 (  5.06e+01,  5.42e+01)
95      0.174   3.63e-01   5.30e-01   3.61e-01   1.09e+01   0.00e+00 (  1.15e+02,  5.02e+01)
48 e: 4.487e-05 i: 3.539e-05 :: e: 8.385e-03 i: 1.544e-02 :: n: 2.762e+01 e:21.149 i:24.254 v:4.993e+03
>>> tau_he = 5.000000, nhe(0)=2.533280e+00
 5     -0.008   5.69e-03   3.99e-01   4.33e-03  -3.84e-02   0.00e+00 (  2.13e+00,  4.42e+01)
10     -0.020   3.02e-02   7.97e-02   6.12e-03  -1.21e-01   0.00e+00 (  2.02e+01,  8.44e+01)
15     -0.016   8.53e-02   4.58e-02   2.36e-03  -1.18e-01   0.00e+00 (  6.41e+01,  1.19e+02)
20      0.027   1.18e-01   1.01e-01   8.27e-03   2.27e-01   0.00e+00 (  8.65e+01,  1.42e+02)
25      0.041   1.50e-01   1.36e-01   2.84e-02   3.79e-01   0.00e+00 (  1.05e+02,  1.58e+02)
30      0.049   1.80e-01   1.82e-01   4.27e-02   5.00e-01   0.00e+00 (  1.16e+02,  1.65e+02)
35      0.073   2.21e-01   2.75e-01   1.18e-01   8.23e-01   0.00e+00 (  1.24e+02,  1.63e+02)
40      0.087   2.43e-01   3.46e-01   1.73e-01   1.04e+00   0.00e+00 (  1.19e+02,  1.55e+02)
45      0.111   2.69e-01   4.29e-01   1.73e-01   1.41e+00   0.00e+00 (  1.13e+02,  1.42e+02)
50      0.128   2.92e-01   5.19e-01   2.17e-01   1.70e+00   0.00e+00 (  1.04e+02,  1.28e+02)
55      0.146   3.24e-01   6.17e-01   3.20e-01   2.03e+00   0.00e+00 (  9.87e+01,  1.14e+02)
60      0.141   3.23e-01   6.09e-01   3.80e-01   2.02e+00   0.00e+00 (  8.47e+01,  1.01e+02)
65      0.148   3.40e-01   6.55e-01   4.61e-01   2.18e+00   0.00e+00 (  7.65e+01,  8.90e+01)
70      0.161   3.66e-01   7.34e-01   5.63e-01   2.42e+00   0.00e+00 (  7.06e+01,  7.87e+01)
75      0.158   3.71e-01   7.36e-01   6.03e-01   2.44e+00   0.00e+00 (  6.41e+01,  7.01e+01)
80      0.149   3.70e-01   7.14e-01   6.06e-01   2.41e+00   0.00e+00 (  5.90e+01,  6.33e+01)
85      0.144   3.59e-01   6.75e-01   5.67e-01   2.80e+00   0.00e+00 (  5.44e+01,  5.82e+01)
90      0.153   3.65e-01   5.63e-01   3.85e-01   5.41e+00   0.00e+00 (  5.08e+01,  5.42e+01)
95      0.174   3.63e-01   5.30e-01   3.61e-01   1.09e+01   0.00e+00 (  1.15e+02,  5.02e+01)
49 e: 5.034e-05 i: 2.069e-05 :: e: 7.161e-03 i: 1.131e-02 :: n: 2.762e+01 e:21.281 i:24.164 v:4.993e+03
 plasma volume = 147.883746
 stored energy(e,i,b) = 4.503062e+01 4.044628e+01 0.000000e+00
 betan = 0.974343
*power
 Pnb(e,i) = 0.000000e+00 0.000000e+00
 Prf(e,i) = 1.224012e+01 2.777815e+01
 Prad     = -3.638380e+01 
 Pei      = 9.889593e+00 
 Pfuse    = 3.598749e+01 
 Pfusi    = 1.101996e+01 
 Poh      = 0.000000e+00 
*confinement time
 taut, tauITER98y2, H98y2 : 1.687868e+00 2.092777e+00 8.065209e-01
 taue, taui : 2.071954e+00 3.578139e+01
 taut, tau89, H89 : 1.687868e+00 9.679421e-01 1.743770e+00
*temperature
 nea, nebar : 1.864622e+01 2.143639e+01 
 tea, tia : 5.839122e+00 6.061508e+00 (9.633118e-01)
 te0, ti0 : 1.844899e+01 2.131448e+01 (8.655615e-01)
 Sn : 0.000000e+00 
*current balance
 Ip,Ibs,Inb,Irf: 1.000000e+01 1.568267e+00 0.000000e+00 1.442437e-01
 fni,fbs: 0.171 0.157

 plasma volume = 147.883746
 stored energy(e,i,b) = 4.503062e+01 4.044628e+01 0.000000e+00
 betan = 0.974343
*power
 Pnb(e,i) = 0.000000e+00 0.000000e+00
 Prf(e,i) = 1.224012e+01 2.777815e+01
 Prad     = -3.638380e+01 
 Pei      = 9.889593e+00 
 Pfuse    = 3.598749e+01 
 Pfusi    = 1.101996e+01 
 Poh      = 0.000000e+00 
*confinement time
 taut, tauITER98y2, H98y2 : 1.687868e+00 2.092777e+00 8.065209e-01
 taue, taui : 2.071954e+00 3.578139e+01
 taut, tau89, H89 : 1.687868e+00 9.679421e-01 1.743770e+00
*temperature
 nea, nebar : 1.864622e+01 2.143639e+01 
 tea, tia : 5.839122e+00 6.061508e+00 (9.633118e-01)
 te0, ti0 : 1.844899e+01 2.131448e+01 (8.655615e-01)
 Sn : 0.000000e+00 
*current balance
 Ip,Ibs,Inb,Irf: 1.000000e+01 1.568267e+00 0.000000e+00 1.442437e-01
 fni,fbs: 0.171 0.157
 ELAPASED TIME = 1763 sec
