========================================================================
= FASTRAN

nonlinear model = 1
ichi = 0
ineo = 0
reading state...
read formatted input, inprof...
init geometry...
read formatted input, inmetric...
nrho in inmetric = 101
rhob in inmetric = 1.263719e+00
solve avg grad-shafranv...
solve_avg_gs::Ip_temp = 9.999497e+00 
solve_avg_gs::Ip      = 1.000000e+01 
>>> tau_he = 5.000000, nhe(0)=2.318984e+00

 plasma volume = 148.799431
 stored energy(e,i,b) = 5.879421e+01 5.398807e+01 0.000000e+00
 betan = 1.279256
*power
 Pnb(e,i) = 0.000000e+00 0.000000e+00
 Prf(e,i) = 0.000000e+00 0.000000e+00
 Prad     = -2.502001e+01 
 Pei      = 1.648377e+00 
 Pfuse    = 5.585162e+01 
 Pfusi    = 1.775602e+01 
 Poh      = 0.000000e+00 
*confinement time
 taut, tauITER98y2, H98y2 : 2.321214e+00 2.160383e+00 1.074446e+00
 taue, taui : 1.810167e+00 3.351706e+00
 taut, tau89, H89 : 2.321214e+00 9.902076e-01 2.344169e+00
*temperature
 nea, nebar : 1.865473e+01 2.142836e+01 
 tea, tia : 7.707613e+00 7.761012e+00 (9.931196e-01)
 te0, ti0 : 1.881676e+01 1.901697e+01 (9.894721e-01)
 Sn : 0.000000e+00 
*current balance
 Ip,Ibs,Inb,Irf: 1.000000e+01 1.969464e+00 0.000000e+00 0.000000e+00
 fni,fbs: 0.197 0.197

 plasma volume = 148.799431
 stored energy(e,i,b) = 5.879421e+01 5.398807e+01 0.000000e+00
 betan = 1.279256
*power
 Pnb(e,i) = 0.000000e+00 0.000000e+00
 Prf(e,i) = 0.000000e+00 0.000000e+00
 Prad     = -2.502001e+01 
 Pei      = 1.648377e+00 
 Pfuse    = 5.585162e+01 
 Pfusi    = 1.775602e+01 
 Poh      = 0.000000e+00 
*confinement time
 taut, tauITER98y2, H98y2 : 2.321214e+00 2.160383e+00 1.074446e+00
 taue, taui : 1.810167e+00 3.351706e+00
 taut, tau89, H89 : 2.321214e+00 9.902076e-01 2.344169e+00
*temperature
 nea, nebar : 1.865473e+01 2.142836e+01 
 tea, tia : 7.707613e+00 7.761012e+00 (9.931196e-01)
 te0, ti0 : 1.881676e+01 1.901697e+01 (9.894721e-01)
 Sn : 0.000000e+00 
*current balance
 Ip,Ibs,Inb,Irf: 1.000000e+01 1.969464e+00 0.000000e+00 0.000000e+00
 fni,fbs: 0.197 0.197
 ELAPASED TIME = 0 sec
