NCAPTC: : NetCDF: Variable not found
Warning: ieee_overflow is signaling
Warning: ieee_underflow is signaling
Warning: ieee_inexact is signaling
FORTRAN STOP
 solver
 /global/common/software/atom/perlmutter/data/greentable/
 /global/common/software/atom/perlmutter/data/greentable/

          EFITD Version  07/09/2014


 type mode (2=file, 3=snap, 4=time, 5=input, 6=com file, 7=snap_ext):

 number of time slices?

 type input file names:
 #
 table_dir = </global/common/software/atom/perlmutter/data/greentable/>

  ----- time =     3 ms ----- ( 0)
 it=  1 chi2=0.00E+00 zm= 7.53E-03 err=5.202E+00 dz= 7.535E-03 chigam= 0.00E+00
 it=  2 chi2=0.00E+00 zm= 1.07E-02 err=8.338E-01 dz= 3.188E-03 chigam= 0.00E+00
 it=  3 chi2=0.00E+00 zm= 1.31E-02 err=4.703E-01 dz= 2.405E-03 chigam= 0.00E+00
 it=  4 chi2=0.00E+00 zm= 1.49E-02 err=2.764E-01 dz= 1.810E-03 chigam= 0.00E+00
 it=  5 chi2=0.00E+00 zm= 1.63E-02 err=1.707E-01 dz= 1.387E-03 chigam= 0.00E+00
 it=  6 chi2=0.00E+00 zm= 1.74E-02 err=1.021E-01 dz= 1.055E-03 chigam= 0.00E+00
 it=  7 chi2=0.00E+00 zm= 1.82E-02 err=6.301E-02 dz= 8.012E-04 chigam= 0.00E+00
 it=  8 chi2=0.00E+00 zm= 1.88E-02 err=4.367E-02 dz= 6.107E-04 chigam= 0.00E+00
 it=  9 chi2=0.00E+00 zm= 1.92E-02 err=2.783E-02 dz= 4.585E-04 chigam= 0.00E+00
 it= 10 chi2=0.00E+00 zm= 1.96E-02 err=1.464E-02 dz= 3.358E-04 chigam= 0.00E+00
 it= 11 chi2=0.00E+00 zm= 1.98E-02 err=1.030E-02 dz= 2.504E-04 chigam= 0.00E+00
 it= 12 chi2=0.00E+00 zm= 2.00E-02 err=6.944E-03 dz= 1.852E-04 chigam= 0.00E+00
 it= 13 chi2=0.00E+00 zm= 2.02E-02 err=2.504E-03 dz= 1.315E-04 chigam= 0.00E+00
 it= 14 chi2=0.00E+00 zm= 2.02E-02 err=1.736E-03 dz= 9.603E-05 chigam= 0.00E+00
 it= 15 chi2=0.00E+00 zm= 2.03E-02 err=1.227E-03 dz= 7.012E-05 chigam= 0.00E+00
 it= 16 chi2=0.00E+00 zm= 2.04E-02 err=9.580E-04 dz= 5.120E-05 chigam= 0.00E+00
 it= 17 chi2=0.00E+00 zm= 2.04E-02 err=7.522E-04 dz= 3.738E-05 chigam= 0.00E+00
 it= 18 chi2=0.00E+00 zm= 2.04E-02 err=5.692E-04 dz= 2.729E-05 chigam= 0.00E+00
 it= 19 chi2=0.00E+00 zm= 2.05E-02 err=4.212E-04 dz= 1.992E-05 chigam= 0.00E+00
 it= 20 chi2=0.00E+00 zm= 2.05E-02 err=3.072E-04 dz= 1.454E-05 chigam= 0.00E+00
 it= 21 chi2=0.00E+00 zm= 2.05E-02 err=2.220E-04 dz= 1.062E-05 chigam= 0.00E+00
 it= 22 chi2=0.00E+00 zm= 2.05E-02 err=1.594E-04 dz= 7.751E-06 chigam= 0.00E+00
 it= 23 chi2=0.00E+00 zm= 2.05E-02 err=1.141E-04 dz= 5.660E-06 chigam= 0.00E+00
 it= 24 chi2=0.00E+00 zm= 2.05E-02 err=8.143E-05 dz= 4.132E-06 chigam= 0.00E+00

      ******************** EFITD129 x 129  output ********************

       data used:   
  0 flux loops
  0 magnetic probes(i)
  0 full rogowski
  0 diamagnetic loop


 shot #   =          1 time(ms) =          3 chi**2   =  0.000E+00
 betat(%) =      0.992 betap    =      0.498 li       =      0.860
 vol(cm3) =  0.774E+07 rout(cm) =    172.146 zout(cm) =      0.816
 elong    =      1.343 utriang  =     -0.373 ltriang  =     -0.309
 a(cm)    =     41.377 lin(cm)  = ********** lout(cm) =     10.653
 ltop(cm) = ********** q*       =      2.296 rc(cm)   =    176.310
 zc(cm)   =      1.813 bt0(t)   =      2.000 qout     =      2.195
