NCAPTC: : NetCDF: Variable not found
Warning: ieee_overflow is signaling
Warning: ieee_underflow is signaling
Warning: ieee_inexact is signaling
FORTRAN STOP
 solver
 /global/common/software/atom/perlmutter/data/greentable/
 /global/common/software/atom/perlmutter/data/greentable/

          EFITD Version  07/09/2014


 type mode (2=file, 3=snap, 4=time, 5=input, 6=com file, 7=snap_ext):

 number of time slices?

 type input file names:
 #
 table_dir = </global/common/software/atom/perlmutter/data/greentable/>

  ----- time =     0 ms ----- ( 0)
 it=  1 chi2=0.00E+00 zm= 7.53E-03 err=5.202E+00 dz= 7.535E-03 chigam= 0.00E+00
 it=  2 chi2=0.00E+00 zm= 1.07E-02 err=7.856E-01 dz= 3.171E-03 chigam= 0.00E+00
 it=  3 chi2=0.00E+00 zm= 1.31E-02 err=4.413E-01 dz= 2.382E-03 chigam= 0.00E+00
 it=  4 chi2=0.00E+00 zm= 1.49E-02 err=2.666E-01 dz= 1.820E-03 chigam= 0.00E+00
 it=  5 chi2=0.00E+00 zm= 1.63E-02 err=1.634E-01 dz= 1.391E-03 chigam= 0.00E+00
 it=  6 chi2=0.00E+00 zm= 1.74E-02 err=1.001E-01 dz= 1.072E-03 chigam= 0.00E+00
 it=  7 chi2=0.00E+00 zm= 1.82E-02 err=6.083E-02 dz= 8.164E-04 chigam= 0.00E+00
 it=  8 chi2=0.00E+00 zm= 1.88E-02 err=4.098E-02 dz= 6.271E-04 chigam= 0.00E+00
 it=  9 chi2=0.00E+00 zm= 1.93E-02 err=2.591E-02 dz= 4.757E-04 chigam= 0.00E+00
 it= 10 chi2=0.00E+00 zm= 1.96E-02 err=1.711E-02 dz= 3.586E-04 chigam= 0.00E+00
 it= 11 chi2=0.00E+00 zm= 1.99E-02 err=1.143E-02 dz= 2.692E-04 chigam= 0.00E+00
 it= 12 chi2=0.00E+00 zm= 2.01E-02 err=7.705E-03 dz= 2.021E-04 chigam= 0.00E+00
 it= 13 chi2=0.00E+00 zm= 2.03E-02 err=5.247E-03 dz= 1.508E-04 chigam= 0.00E+00
 it= 14 chi2=0.00E+00 zm= 2.04E-02 err=3.599E-03 dz= 1.122E-04 chigam= 0.00E+00
 it= 15 chi2=0.00E+00 zm= 2.05E-02 err=2.483E-03 dz= 8.334E-05 chigam= 0.00E+00
 it= 16 chi2=0.00E+00 zm= 2.05E-02 err=1.723E-03 dz= 6.177E-05 chigam= 0.00E+00
 it= 17 chi2=0.00E+00 zm= 2.06E-02 err=1.202E-03 dz= 4.572E-05 chigam= 0.00E+00
 it= 18 chi2=0.00E+00 zm= 2.06E-02 err=8.419E-04 dz= 3.380E-05 chigam= 0.00E+00
 it= 19 chi2=0.00E+00 zm= 2.06E-02 err=5.922E-04 dz= 2.496E-05 chigam= 0.00E+00
 it= 20 chi2=0.00E+00 zm= 2.07E-02 err=4.180E-04 dz= 1.842E-05 chigam= 0.00E+00
 it= 21 chi2=0.00E+00 zm= 2.07E-02 err=2.962E-04 dz= 1.359E-05 chigam= 0.00E+00
 it= 22 chi2=0.00E+00 zm= 2.07E-02 err=2.105E-04 dz= 1.001E-05 chigam= 0.00E+00
 it= 23 chi2=0.00E+00 zm= 2.07E-02 err=1.500E-04 dz= 7.381E-06 chigam= 0.00E+00
 it= 24 chi2=0.00E+00 zm= 2.07E-02 err=1.072E-04 dz= 5.439E-06 chigam= 0.00E+00
 it= 25 chi2=0.00E+00 zm= 2.07E-02 err=7.682E-05 dz= 4.005E-06 chigam= 0.00E+00

      ******************** EFITD129 x 129  output ********************

       data used:   
  0 flux loops
  0 magnetic probes(i)
  0 full rogowski
  0 diamagnetic loop


 shot #   =          1 time(ms) =          0 chi**2   =  0.000E+00
 betat(%) =      0.766 betap    =      0.382 li       =      0.861
 vol(cm3) =  0.768E+07 rout(cm) =    172.095 zout(cm) =      0.854
 elong    =      1.337 utriang  =     -0.343 ltriang  =     -0.311
 a(cm)    =     41.325 lin(cm)  = ********** lout(cm) =     10.756
 ltop(cm) = ********** q*       =      2.260 rc(cm)   =    175.639
 zc(cm)   =      1.816 bt0(t)   =      2.000 qout     =      2.175
