NCAPTC: : NetCDF: Variable not found
Warning: ieee_overflow is signaling
Warning: ieee_underflow is signaling
Warning: ieee_inexact is signaling
FORTRAN STOP
 solver
 /global/common/software/atom/perlmutter/data/greentable/
 /global/common/software/atom/perlmutter/data/greentable/

          EFITD Version  07/09/2014


 type mode (2=file, 3=snap, 4=time, 5=input, 6=com file, 7=snap_ext):

 number of time slices?

 type input file names:
 #
 table_dir = </global/common/software/atom/perlmutter/data/greentable/>

  ----- time =     2 ms ----- ( 0)
 it=  1 chi2=0.00E+00 zm= 7.50E-03 err=4.533E+00 dz= 7.499E-03 chigam= 0.00E+00
 it=  2 chi2=0.00E+00 zm= 1.03E-02 err=9.966E-01 dz= 2.791E-03 chigam= 0.00E+00
 it=  3 chi2=0.00E+00 zm= 1.24E-02 err=5.374E-01 dz= 2.100E-03 chigam= 0.00E+00
 it=  4 chi2=0.00E+00 zm= 1.39E-02 err=2.914E-01 dz= 1.541E-03 chigam= 0.00E+00
 it=  5 chi2=0.00E+00 zm= 1.50E-02 err=1.583E-01 dz= 1.090E-03 chigam= 0.00E+00
 it=  6 chi2=0.00E+00 zm= 1.58E-02 err=8.848E-02 dz= 7.697E-04 chigam= 0.00E+00
 it=  7 chi2=0.00E+00 zm= 1.63E-02 err=5.003E-02 dz= 5.391E-04 chigam= 0.00E+00
 it=  8 chi2=0.00E+00 zm= 1.67E-02 err=2.868E-02 dz= 3.760E-04 chigam= 0.00E+00
 it=  9 chi2=0.00E+00 zm= 1.70E-02 err=1.816E-02 dz= 2.593E-04 chigam= 0.00E+00
 it= 10 chi2=0.00E+00 zm= 1.71E-02 err=1.153E-02 dz= 1.799E-04 chigam= 0.00E+00
 it= 11 chi2=0.00E+00 zm= 1.73E-02 err=7.412E-03 dz= 1.248E-04 chigam= 0.00E+00
 it= 12 chi2=0.00E+00 zm= 1.74E-02 err=4.981E-03 dz= 8.737E-05 chigam= 0.00E+00
 it= 13 chi2=0.00E+00 zm= 1.74E-02 err=3.016E-03 dz= 6.030E-05 chigam= 0.00E+00
 it= 14 chi2=0.00E+00 zm= 1.75E-02 err=1.896E-03 dz= 4.166E-05 chigam= 0.00E+00
 it= 15 chi2=0.00E+00 zm= 1.75E-02 err=1.488E-03 dz= 2.935E-05 chigam= 0.00E+00
 it= 16 chi2=0.00E+00 zm= 1.75E-02 err=7.895E-04 dz= 2.009E-05 chigam= 0.00E+00
 it= 17 chi2=0.00E+00 zm= 1.75E-02 err=4.730E-04 dz= 1.381E-05 chigam= 0.00E+00
 it= 18 chi2=0.00E+00 zm= 1.75E-02 err=3.010E-04 dz= 9.513E-06 chigam= 0.00E+00
 it= 19 chi2=0.00E+00 zm= 1.75E-02 err=4.799E-04 dz= 7.135E-06 chigam= 0.00E+00
 it= 20 chi2=0.00E+00 zm= 1.75E-02 err=1.464E-04 dz= 4.745E-06 chigam= 0.00E+00
 it= 21 chi2=0.00E+00 zm= 1.75E-02 err=6.137E-05 dz= 3.139E-06 chigam= 0.00E+00

      ******************** EFITD129 x 129  output ********************

       data used:   
  0 flux loops
  0 magnetic probes(i)
  0 full rogowski
  0 diamagnetic loop


 shot #   =          1 time(ms) =          2 chi**2   =  0.000E+00
 betat(%) =      1.088 betap    =      0.690 li       =      0.871
 vol(cm3) =  0.928E+07 rout(cm) =    170.945 zout(cm) =     -0.345
 elong    =      1.398 utriang  =     -0.490 ltriang  =     -0.490
 a(cm)    =     44.858 lin(cm)  = ********** lout(cm) =      0.904
 ltop(cm) = ********** q*       =      3.058 rc(cm)   =    177.372
 zc(cm)   =      1.385 bt0(t)   =      2.000 qout     =      2.874
