========================================================================
= FASTRAN

nonlinear model = 0
ichi = 1
ineo = 0
reading state...
read formatted input, inprof...
init geometry...
read formatted input, inmetric...
nrho in inmetric = 101
rhob in inmetric = 1.264055e+00
solve avg grad-shafranv...
solve_avg_gs::Ip_temp = 1.000056e+01 
solve_avg_gs::Ip      = 1.000000e+01 
>>> tau_he = 5.000000, nhe(0)=2.876229e+00

 plasma volume = 148.906942
 stored energy(e,i,b,a) = 5.945144e+01 5.566002e+01 0.000000e+00 0.000000e+00
 betan = 1.305131
*power
 Pnb(e,i) = 0.000000e+00 0.000000e+00
 Prf(e,i) = 1.256640e+01 2.744441e+01
 Prad     = -2.005478e+01 
 Pei      = -3.193743e+00 
 Pfuse    = 5.817883e+01 
 Pfusi    = 2.021131e+01 
 Poh      = 0.000000e+00 
*confinement time
 taut, tauITER98y2, H98y2 : 1.170472e+00 1.328568e+00 8.810031e-01
 taue, taui : 1.251696e+00 2.378119e+00
 taut, tau89, H89 : 1.170472e+00 6.961238e-01 1.681414e+00
*temperature
 nea, nebar : 1.865950e+01 2.143212e+01 
 tea, tia : 7.733509e+00 7.678767e+00 (1.007129e+00)
 te0, ti0 : 2.057042e+01 2.283152e+01 (9.009657e-01)
 Sn : 0.000000e+00 
*current balance
 Ip,Ibs,Inb,Irf: 1.000000e+01 2.074586e+00 0.000000e+00 2.748357e-01
 fni,fbs: 0.235 0.207

Time advancing...
rho_bdry 0.900000 ...
te_bdry = 3.746797
ti_bdry = 3.746714
ne_bdry = 14.498656
rv_bdry = 279.463030
nrho_tr_bdry = 18
drho_bdry = 0.000000e+00
nrhob = 90
 [    0] t = 0.0000 
>>> tau_he = 5.000000, nhe(0)=2.867792e+00
 5     -0.002   6.49e-03   1.81e-01   2.51e-03  -7.17e-03   0.00e+00 (  1.04e+00,  6.21e+01)
10      0.001   4.41e-03  -3.36e-03   7.03e-05   6.94e-03   0.00e+00 (  1.19e+00,  1.20e+02)
15      0.007   2.61e-02  -4.10e-02  -1.43e-02   5.06e-02   0.00e+00 (  9.51e+00,  1.64e+02)
20      0.032   7.44e-02  -2.05e-02   4.68e-03   2.67e-01   0.00e+00 (  3.29e+01,  1.98e+02)
25      0.061   1.49e-01   9.98e-02   3.93e-02   5.70e-01   0.00e+00 (  7.46e+01,  2.26e+02)
30      0.133   3.16e-01   3.26e-01   1.37e-01   1.36e+00   0.00e+00 (  1.70e+02,  2.43e+02)
35      0.133   3.32e-01   3.53e-01   1.52e-01   1.49e+00   0.00e+00 (  1.79e+02,  2.51e+02)
40      0.124   3.61e-01   4.22e-01   1.34e-01   1.48e+00   0.00e+00 (  1.88e+02,  2.52e+02)
45      0.142   3.97e-01   5.01e-01   2.07e-01   1.79e+00   0.00e+00 (  1.89e+02,  2.47e+02)
50      0.178   4.70e-01   6.63e-01   2.83e-01   2.36e+00   0.00e+00 (  1.98e+02,  2.37e+02)
55      0.213   5.43e-01   8.49e-01   4.31e-01   2.94e+00   0.00e+00 (  2.03e+02,  2.24e+02)
60      0.243   6.10e-01   1.03e+00   6.04e-01   3.47e+00   0.00e+00 (  2.03e+02,  2.11e+02)
65      0.270   6.77e-01   1.21e+00   7.94e-01   3.98e+00   0.00e+00 (  2.01e+02,  1.97e+02)
70      0.285   7.27e-01   1.33e+00   9.53e-01   4.30e+00   0.00e+00 (  1.91e+02,  1.84e+02)
75      0.286   7.52e-01   1.38e+00   1.06e+00   4.41e+00   0.00e+00 (  1.77e+02,  1.72e+02)
80      0.276   7.29e-01   1.37e+00   1.07e+00   4.46e+00   0.00e+00 (  1.56e+02,  1.61e+02)
85      0.312   7.52e-01   1.36e+00   1.03e+00   6.11e+00   0.00e+00 (  1.39e+02,  1.52e+02)
90      0.558   1.24e+00   1.79e+00   1.16e+00   1.99e+01   0.00e+00 (  3.09e+02,  1.44e+02)
95      0.502   9.24e-01   1.31e+00   9.99e-01   3.18e+01   0.00e+00 (  4.87e+02,  1.37e+02)
 0 e: 1.120e-06 i: 6.691e-06 :: e: 0.000e+00 i: 0.000e+00 :: n: 2.762e+01 e:20.599 i:22.748 v:4.993e+03
>>> tau_he = 5.000000, nhe(0)=2.860033e+00
 5     -0.001   6.95e-03   2.48e-01   3.01e-03  -5.51e-03   0.00e+00 (  1.12e+00,  6.21e+01)
10      0.001   4.60e-03  -3.39e-03  -1.85e-04   5.78e-03   0.00e+00 (  1.26e+00,  1.20e+02)
15      0.010   3.63e-02  -4.10e-02  -1.55e-02   7.40e-02   0.00e+00 (  1.35e+01,  1.64e+02)
20      0.034   7.81e-02  -1.96e-02   5.85e-03   2.79e-01   0.00e+00 (  3.51e+01,  1.98e+02)
25      0.063   1.53e-01   1.08e-01   4.07e-02   5.86e-01   0.00e+00 (  7.82e+01,  2.26e+02)
30      0.134   2.99e-01   3.04e-01   1.27e-01   1.38e+00   0.00e+00 (  1.58e+02,  2.43e+02)
35      0.133   3.32e-01   3.52e-01   1.52e-01   1.48e+00   0.00e+00 (  1.78e+02,  2.51e+02)
40      0.124   3.61e-01   4.22e-01   1.35e-01   1.48e+00   0.00e+00 (  1.88e+02,  2.52e+02)
45      0.146   4.01e-01   5.11e-01   2.10e-01   1.84e+00   0.00e+00 (  1.91e+02,  2.47e+02)
50      0.180   4.72e-01   6.71e-01   2.85e-01   2.40e+00   0.00e+00 (  1.99e+02,  2.37e+02)
55      0.213   5.44e-01   8.53e-01   4.33e-01   2.95e+00   0.00e+00 (  2.03e+02,  2.24e+02)
60      0.242   6.11e-01   1.03e+00   6.00e-01   3.46e+00   0.00e+00 (  2.03e+02,  2.11e+02)
65      0.230   6.14e-01   1.04e+00   6.87e-01   3.38e+00   0.00e+00 (  1.82e+02,  1.97e+02)
70      0.281   7.22e-01   1.31e+00   9.42e-01   4.24e+00   0.00e+00 (  1.89e+02,  1.84e+02)
75      0.283   7.47e-01   1.37e+00   1.05e+00   4.36e+00   0.00e+00 (  1.75e+02,  1.72e+02)
80      0.276   7.33e-01   1.38e+00   1.07e+00   4.46e+00   0.00e+00 (  1.58e+02,  1.61e+02)
85      0.319   7.67e-01   1.40e+00   1.06e+00   6.25e+00   0.00e+00 (  1.45e+02,  1.52e+02)
90      0.555   1.24e+00   1.78e+00   1.15e+00   1.98e+01   0.00e+00 (  2.97e+02,  1.44e+02)
95      0.502   9.24e-01   1.31e+00   9.99e-01   3.18e+01   0.00e+00 (  4.87e+02,  1.37e+02)
 1 e: 5.883e-02 i: 1.994e-01 :: e: 1.407e-02 i: 2.281e-02 :: n: 2.762e+01 e:25.931 i:29.466 v:4.993e+03
>>> tau_he = 5.000000, nhe(0)=3.343316e+00
 5     -0.020   1.25e-02   7.12e-01   8.06e-03  -9.60e-02   0.00e+00 (  5.67e+00,  6.21e+01)
10     -0.310   9.22e-02   3.60e-02   1.95e-02  -1.85e+00   0.00e+00 (  8.21e+01,  1.20e+02)
15     -0.003   4.84e-01   5.98e-01   2.51e-01  -2.05e-02   0.00e+00 (  5.13e+02,  1.64e+02)
20      0.571   5.64e-01   6.77e-01   4.34e-01   4.72e+00   0.00e+00 (  5.41e+02,  1.98e+02)
25      0.397   4.10e-01   4.90e-01   2.56e-01   3.69e+00   0.00e+00 (  3.15e+02,  2.26e+02)
30      0.140   3.14e-01   3.76e-01   1.66e-01   1.43e+00   0.00e+00 (  1.81e+02,  2.43e+02)
35      0.132   3.26e-01   4.13e-01   1.69e-01   1.47e+00   0.00e+00 (  1.79e+02,  2.51e+02)
40      0.147   3.61e-01   5.27e-01   1.98e-01   1.76e+00   0.00e+00 (  1.90e+02,  2.52e+02)
45      0.190   4.34e-01   7.19e-01   2.88e-01   2.41e+00   0.00e+00 (  2.09e+02,  2.47e+02)
50      0.201   4.86e-01   8.47e-01   3.70e-01   2.68e+00   0.00e+00 (  2.01e+02,  2.37e+02)
55      0.196   5.18e-01   9.27e-01   4.74e-01   2.71e+00   0.00e+00 (  1.84e+02,  2.24e+02)
60      0.191   5.46e-01   9.74e-01   5.56e-01   2.73e+00   0.00e+00 (  1.67e+02,  2.11e+02)
65      0.157   5.17e-01   8.56e-01   5.50e-01   2.30e+00   0.00e+00 (  1.39e+02,  1.97e+02)
70      0.198   6.09e-01   1.06e+00   7.40e-01   2.99e+00   0.00e+00 (  1.45e+02,  1.84e+02)
75      0.204   6.41e-01   1.12e+00   8.38e-01   3.14e+00   0.00e+00 (  1.40e+02,  1.72e+02)
80      0.202   6.58e-01   1.15e+00   8.72e-01   3.28e+00   0.00e+00 (  1.37e+02,  1.61e+02)
85      0.261   6.66e-01   1.18e+00   8.73e-01   5.12e+00   0.00e+00 (  1.19e+02,  1.52e+02)
90      0.539   1.22e+00   1.73e+00   1.11e+00   1.92e+01   0.00e+00 (  2.82e+02,  1.44e+02)
95      0.502   9.24e-01   1.31e+00   9.99e-01   3.18e+01   0.00e+00 (  4.87e+02,  1.37e+02)
 2 e: 1.151e-02 i: 1.644e-02 :: e: 1.913e-01 i: 2.446e-01 :: n: 2.762e+01 e:26.141 i:30.929 v:4.993e+03
>>> tau_he = 5.000000, nhe(0)=3.422234e+00
 5     -0.034   1.54e-02   6.41e-01   9.00e-03  -1.58e-01   0.00e+00 (  8.85e+00,  6.21e+01)
10     -0.527   1.32e-01   2.00e-02   2.23e-02  -3.14e+00   0.00e+00 (  1.39e+02,  1.20e+02)
15     -0.184   4.94e-01   6.01e-01   2.48e-01  -1.31e+00   0.00e+00 (  5.31e+02,  1.64e+02)
20      0.427   5.18e-01   6.09e-01   3.49e-01   3.52e+00   0.00e+00 (  5.08e+02,  1.98e+02)
25      0.392   4.10e-01   4.62e-01   2.57e-01   3.65e+00   0.00e+00 (  3.42e+02,  2.26e+02)
30      0.135   3.21e-01   3.48e-01   1.42e-01   1.38e+00   0.00e+00 (  2.03e+02,  2.43e+02)
35      0.129   3.20e-01   3.87e-01   1.55e-01   1.44e+00   0.00e+00 (  1.85e+02,  2.51e+02)
40      0.139   3.43e-01   4.68e-01   1.80e-01   1.66e+00   0.00e+00 (  1.81e+02,  2.52e+02)
45      0.169   3.89e-01   6.00e-01   2.44e-01   2.13e+00   0.00e+00 (  1.80e+02,  2.47e+02)
50      0.178   4.26e-01   6.93e-01   2.94e-01   2.37e+00   0.00e+00 (  1.64e+02,  2.37e+02)
55      0.179   4.49e-01   7.61e-01   3.92e-01   2.48e+00   0.00e+00 (  1.44e+02,  2.24e+02)
60      0.143   4.08e-01   6.53e-01   3.89e-01   2.04e+00   0.00e+00 (  1.10e+02,  2.11e+02)
65      0.158   4.35e-01   7.21e-01   4.73e-01   2.32e+00   0.00e+00 (  1.01e+02,  1.97e+02)
70      0.203   5.17e-01   9.19e-01   6.50e-01   3.06e+00   0.00e+00 (  1.05e+02,  1.84e+02)
75      0.215   5.48e-01   9.88e-01   7.47e-01   3.31e+00   0.00e+00 (  1.01e+02,  1.72e+02)
80      0.222   5.76e-01   1.05e+00   8.04e-01   3.59e+00   0.00e+00 (  1.01e+02,  1.61e+02)
85      0.269   6.28e-01   1.11e+00   8.22e-01   5.28e+00   0.00e+00 (  9.37e+01,  1.52e+02)
90      0.539   1.23e+00   1.72e+00   1.10e+00   1.92e+01   0.00e+00 (  2.69e+02,  1.44e+02)
95      0.502   9.24e-01   1.31e+00   9.99e-01   3.18e+01   0.00e+00 (  4.87e+02,  1.37e+02)
 3 e: 5.452e-03 i: 1.151e-02 :: e: 2.533e-01 i: 2.692e-01 :: n: 2.762e+01 e:25.939 i:30.428 v:4.993e+03
>>> tau_he = 5.000000, nhe(0)=3.398245e+00
 5     -0.035   1.51e-02   5.66e-01   8.86e-03  -1.66e-01   0.00e+00 (  9.02e+00,  6.21e+01)
10     -0.436   1.31e-01   3.61e-02  -1.30e-02  -2.60e+00   0.00e+00 (  1.31e+02,  1.20e+02)
15      0.081   4.81e-01   5.62e-01   1.80e-01   5.78e-01   0.00e+00 (  4.49e+02,  1.64e+02)
20      0.367   4.78e-01   5.72e-01   2.74e-01   3.03e+00   0.00e+00 (  4.22e+02,  1.98e+02)
25      0.365   4.16e-01   4.83e-01   2.70e-01   3.39e+00   0.00e+00 (  3.39e+02,  2.26e+02)
30      0.156   3.46e-01   4.01e-01   1.78e-01   1.60e+00   0.00e+00 (  2.29e+02,  2.43e+02)
35      0.147   3.43e-01   4.42e-01   1.81e-01   1.63e+00   0.00e+00 (  2.09e+02,  2.51e+02)
40      0.159   3.67e-01   5.39e-01   1.94e-01   1.89e+00   0.00e+00 (  2.05e+02,  2.52e+02)
45      0.193   4.17e-01   6.87e-01   2.79e-01   2.44e+00   0.00e+00 (  2.02e+02,  2.47e+02)
50      0.192   4.54e-01   7.85e-01   3.40e-01   2.55e+00   0.00e+00 (  1.82e+02,  2.37e+02)
55      0.188   4.76e-01   8.51e-01   4.39e-01   2.60e+00   0.00e+00 (  1.59e+02,  2.24e+02)
60      0.189   4.97e-01   8.99e-01   5.25e-01   2.70e+00   0.00e+00 (  1.40e+02,  2.11e+02)
65      0.158   4.58e-01   7.82e-01   5.08e-01   2.32e+00   0.00e+00 (  1.11e+02,  1.97e+02)
70      0.193   5.23e-01   9.38e-01   6.62e-01   2.91e+00   0.00e+00 (  1.09e+02,  1.84e+02)
75      0.196   5.45e-01   9.66e-01   7.25e-01   3.03e+00   0.00e+00 (  1.03e+02,  1.72e+02)
80      0.198   5.53e-01   9.92e-01   7.56e-01   3.20e+00   0.00e+00 (  9.82e+01,  1.61e+02)
85      0.245   5.91e-01   1.04e+00   7.49e-01   4.79e+00   0.00e+00 (  8.86e+01,  1.52e+02)
90      0.532   1.22e+00   1.70e+00   1.08e+00   1.89e+01   0.00e+00 (  2.67e+02,  1.44e+02)
95      0.502   9.24e-01   1.31e+00   9.99e-01   3.18e+01   0.00e+00 (  4.87e+02,  1.37e+02)
 4 e: 4.087e-03 i: 6.074e-03 :: e: 2.101e-01 i: 2.333e-01 :: n: 2.762e+01 e:24.904 i:30.231 v:4.993e+03
>>> tau_he = 5.000000, nhe(0)=3.387955e+00
 5     -0.036   1.49e-02   5.37e-01   8.61e-03  -1.70e-01   0.00e+00 (  8.95e+00,  6.21e+01)
10     -0.363   1.28e-01   5.25e-02  -2.18e-03  -2.16e+00   0.00e+00 (  1.19e+02,  1.20e+02)
15      0.108   4.12e-01   4.84e-01   1.14e-01   7.72e-01   0.00e+00 (  3.35e+02,  1.64e+02)
20      0.239   4.20e-01   4.71e-01   1.85e-01   1.97e+00   0.00e+00 (  3.31e+02,  1.98e+02)
25      0.319   3.91e-01   4.31e-01   2.24e-01   2.97e+00   0.00e+00 (  2.98e+02,  2.26e+02)
30      0.151   3.41e-01   3.80e-01   1.47e-01   1.55e+00   0.00e+00 (  2.22e+02,  2.43e+02)
35      0.143   3.38e-01   4.19e-01   1.70e-01   1.59e+00   0.00e+00 (  2.05e+02,  2.51e+02)
40      0.150   3.56e-01   4.99e-01   1.83e-01   1.80e+00   0.00e+00 (  1.97e+02,  2.52e+02)
45      0.175   4.05e-01   6.21e-01   2.52e-01   2.21e+00   0.00e+00 (  1.93e+02,  2.47e+02)
50      0.183   4.34e-01   7.16e-01   3.13e-01   2.44e+00   0.00e+00 (  1.71e+02,  2.37e+02)
55      0.185   4.60e-01   7.91e-01   4.08e-01   2.55e+00   0.00e+00 (  1.51e+02,  2.24e+02)
60      0.153   4.27e-01   7.02e-01   4.17e-01   2.19e+00   0.00e+00 (  1.18e+02,  2.11e+02)
65      0.166   4.52e-01   7.67e-01   5.06e-01   2.45e+00   0.00e+00 (  1.07e+02,  1.97e+02)
70      0.203   5.17e-01   9.31e-01   6.60e-01   3.06e+00   0.00e+00 (  1.05e+02,  1.84e+02)
75      0.210   5.36e-01   9.70e-01   7.34e-01   3.24e+00   0.00e+00 (  9.76e+01,  1.72e+02)
80      0.213   5.52e-01   1.01e+00   7.70e-01   3.45e+00   0.00e+00 (  9.37e+01,  1.61e+02)
85      0.256   5.98e-01   1.05e+00   7.65e-01   5.02e+00   0.00e+00 (  8.47e+01,  1.52e+02)
90      0.534   1.23e+00   1.70e+00   1.08e+00   1.90e+01   0.00e+00 (  2.63e+02,  1.44e+02)
95      0.502   9.24e-01   1.31e+00   9.99e-01   3.18e+01   0.00e+00 (  4.87e+02,  1.37e+02)
 5 e: 1.676e-03 i: 2.851e-03 :: e: 1.897e-01 i: 2.061e-01 :: n: 2.762e+01 e:24.884 i:29.544 v:4.993e+03
>>> tau_he = 5.000000, nhe(0)=3.351544e+00
 5     -0.036   1.42e-02   5.04e-01   8.61e-03  -1.67e-01   0.00e+00 (  8.75e+00,  6.21e+01)
10     -0.328   1.24e-01   5.05e-02  -3.81e-03  -1.95e+00   0.00e+00 (  1.10e+02,  1.20e+02)
15     -0.078   1.54e-01   9.81e-02  -3.25e-02  -5.57e-01   0.00e+00 (  1.16e+02,  1.64e+02)
20      0.275   3.92e-01   4.39e-01   1.67e-01   2.27e+00   0.00e+00 (  2.89e+02,  1.98e+02)
25      0.302   3.83e-01   4.24e-01   2.18e-01   2.80e+00   0.00e+00 (  2.82e+02,  2.26e+02)
30      0.160   3.51e-01   4.00e-01   1.74e-01   1.64e+00   0.00e+00 (  2.30e+02,  2.43e+02)
35      0.149   3.49e-01   4.44e-01   1.81e-01   1.66e+00   0.00e+00 (  2.15e+02,  2.51e+02)
40      0.157   3.70e-01   5.30e-01   1.90e-01   1.87e+00   0.00e+00 (  2.09e+02,  2.52e+02)
45      0.181   4.16e-01   6.60e-01   2.66e-01   2.29e+00   0.00e+00 (  2.03e+02,  2.47e+02)
50      0.189   4.55e-01   7.63e-01   3.33e-01   2.51e+00   0.00e+00 (  1.85e+02,  2.37e+02)
55      0.190   4.83e-01   8.46e-01   4.36e-01   2.63e+00   0.00e+00 (  1.64e+02,  2.24e+02)
60      0.198   5.13e-01   9.24e-01   5.41e-01   2.83e+00   0.00e+00 (  1.49e+02,  2.11e+02)
65      0.171   4.81e-01   8.31e-01   5.47e-01   2.52e+00   0.00e+00 (  1.20e+02,  1.97e+02)
70      0.204   5.41e-01   9.78e-01   6.93e-01   3.07e+00   0.00e+00 (  1.15e+02,  1.84e+02)
75      0.206   5.58e-01   9.99e-01   7.51e-01   3.17e+00   0.00e+00 (  1.06e+02,  1.72e+02)
80      0.206   5.62e-01   1.02e+00   7.77e-01   3.33e+00   0.00e+00 (  9.95e+01,  1.61e+02)
85      0.249   5.92e-01   1.04e+00   7.54e-01   4.86e+00   0.00e+00 (  8.71e+01,  1.52e+02)
90      0.532   1.22e+00   1.70e+00   1.08e+00   1.89e+01   0.00e+00 (  2.64e+02,  1.44e+02)
95      0.502   9.24e-01   1.31e+00   9.99e-01   3.18e+01   0.00e+00 (  4.87e+02,  1.37e+02)
 6 e: 8.586e-04 i: 2.221e-03 :: e: 1.268e-01 i: 1.533e-01 :: n: 2.762e+01 e:24.465 i:29.424 v:4.993e+03
>>> tau_he = 5.000000, nhe(0)=3.344729e+00
 5     -0.035   1.41e-02   5.11e-01   8.57e-03  -1.66e-01   0.00e+00 (  8.67e+00,  6.21e+01)
10     -0.203   1.13e-01   2.60e-02  -1.68e-02  -1.21e+00   0.00e+00 (  9.72e+01,  1.20e+02)
15     -0.026   3.52e-01   4.74e-01   7.55e-02  -1.83e-01   0.00e+00 (  2.60e+02,  1.64e+02)
20      0.058   1.75e-01   1.59e-01  -2.63e-02   4.81e-01   0.00e+00 (  1.22e+02,  1.98e+02)
25      0.166   3.35e-01   4.11e-01   1.78e-01   1.54e+00   0.00e+00 (  2.34e+02,  2.26e+02)
30      0.154   3.44e-01   3.81e-01   1.58e-01   1.58e+00   0.00e+00 (  2.19e+02,  2.43e+02)
35      0.144   3.44e-01   4.25e-01   1.71e-01   1.61e+00   0.00e+00 (  2.08e+02,  2.51e+02)
40      0.148   3.62e-01   4.99e-01   1.85e-01   1.77e+00   0.00e+00 (  2.01e+02,  2.52e+02)
45      0.170   4.09e-01   6.16e-01   2.51e-01   2.15e+00   0.00e+00 (  1.97e+02,  2.47e+02)
50      0.181   4.44e-01   7.18e-01   3.03e-01   2.41e+00   0.00e+00 (  1.78e+02,  2.37e+02)
55      0.188   4.75e-01   8.09e-01   4.16e-01   2.60e+00   0.00e+00 (  1.60e+02,  2.24e+02)
60      0.199   5.09e-01   9.01e-01   5.27e-01   2.85e+00   0.00e+00 (  1.47e+02,  2.11e+02)
65      0.178   4.86e-01   8.34e-01   5.50e-01   2.63e+00   0.00e+00 (  1.21e+02,  1.97e+02)
70      0.213   5.48e-01   9.93e-01   7.08e-01   3.21e+00   0.00e+00 (  1.17e+02,  1.84e+02)
75      0.217   5.65e-01   1.03e+00   7.77e-01   3.35e+00   0.00e+00 (  1.08e+02,  1.72e+02)
80      0.218   5.74e-01   1.05e+00   8.03e-01   3.52e+00   0.00e+00 (  1.01e+02,  1.61e+02)
85      0.259   6.06e-01   1.07e+00   7.83e-01   5.07e+00   0.00e+00 (  8.82e+01,  1.52e+02)
90      0.534   1.23e+00   1.70e+00   1.08e+00   1.90e+01   0.00e+00 (  2.64e+02,  1.44e+02)
95      0.502   9.24e-01   1.31e+00   9.99e-01   3.18e+01   0.00e+00 (  4.87e+02,  1.37e+02)
 7 e: 5.753e-04 i: 4.917e-04 :: e: 1.098e-01 i: 1.243e-01 :: n: 2.762e+01 e:24.509 i:29.411 v:4.993e+03
>>> tau_he = 5.000000, nhe(0)=3.343975e+00
 5     -0.036   1.41e-02   4.98e-01   8.52e-03  -1.68e-01   0.00e+00 (  8.73e+00,  6.21e+01)
10     -0.188   1.14e-01   2.79e-02  -1.76e-02  -1.12e+00   0.00e+00 (  9.50e+01,  1.20e+02)
15     -0.050   1.53e-01   9.38e-02  -3.09e-02  -3.54e-01   0.00e+00 (  1.08e+02,  1.64e+02)
20      0.257   3.70e-01   4.06e-01   1.42e-01   2.12e+00   0.00e+00 (  2.59e+02,  1.98e+02)
25      0.168   3.37e-01   4.14e-01   1.77e-01   1.57e+00   0.00e+00 (  2.33e+02,  2.26e+02)
30      0.160   3.47e-01   3.90e-01   1.62e-01   1.64e+00   0.00e+00 (  2.21e+02,  2.43e+02)
35      0.149   3.50e-01   4.36e-01   1.76e-01   1.66e+00   0.00e+00 (  2.12e+02,  2.51e+02)
40      0.152   3.68e-01   5.12e-01   1.88e-01   1.81e+00   0.00e+00 (  2.06e+02,  2.52e+02)
45      0.173   4.12e-01   6.33e-01   2.57e-01   2.19e+00   0.00e+00 (  2.00e+02,  2.47e+02)
50      0.185   4.55e-01   7.41e-01   3.12e-01   2.45e+00   0.00e+00 (  1.85e+02,  2.37e+02)
55      0.191   4.89e-01   8.38e-01   4.31e-01   2.65e+00   0.00e+00 (  1.68e+02,  2.24e+02)
60      0.203   5.26e-01   9.35e-01   5.46e-01   2.90e+00   0.00e+00 (  1.56e+02,  2.11e+02)
65      0.184   5.06e-01   8.78e-01   5.79e-01   2.70e+00   0.00e+00 (  1.30e+02,  1.97e+02)
70      0.216   5.70e-01   1.03e+00   7.35e-01   3.26e+00   0.00e+00 (  1.26e+02,  1.84e+02)
75      0.217   5.88e-01   1.06e+00   7.97e-01   3.35e+00   0.00e+00 (  1.16e+02,  1.72e+02)
80      0.216   5.89e-01   1.07e+00   8.21e-01   3.50e+00   0.00e+00 (  1.08e+02,  1.61e+02)
85      0.257   6.11e-01   1.08e+00   7.90e-01   5.04e+00   0.00e+00 (  9.16e+01,  1.52e+02)
90      0.534   1.23e+00   1.70e+00   1.08e+00   1.90e+01   0.00e+00 (  2.65e+02,  1.44e+02)
95      0.502   9.24e-01   1.31e+00   9.99e-01   3.18e+01   0.00e+00 (  4.87e+02,  1.37e+02)
 8 e: 2.455e-04 i: 1.700e-03 :: e: 8.288e-02 i: 1.019e-01 :: n: 2.762e+01 e:24.449 i:29.506 v:4.993e+03
>>> tau_he = 5.000000, nhe(0)=3.349159e+00
 5     -0.036   1.43e-02   5.08e-01   8.60e-03  -1.71e-01   0.00e+00 (  8.92e+00,  6.21e+01)
10     -0.179   1.14e-01   2.65e-02  -1.69e-02  -1.07e+00   0.00e+00 (  9.32e+01,  1.20e+02)
15      0.180   4.00e-01   4.48e-01   7.67e-02   1.29e+00   0.00e+00 (  2.85e+02,  1.64e+02)
20      0.066   1.75e-01   1.56e-01  -2.10e-03   5.47e-01   0.00e+00 (  1.19e+02,  1.98e+02)
25      0.160   3.30e-01   4.03e-01   1.61e-01   1.49e+00   0.00e+00 (  2.23e+02,  2.26e+02)
30      0.158   3.47e-01   3.83e-01   1.57e-01   1.62e+00   0.00e+00 (  2.19e+02,  2.43e+02)
35      0.147   3.50e-01   4.29e-01   1.72e-01   1.64e+00   0.00e+00 (  2.12e+02,  2.51e+02)
40      0.147   3.67e-01   4.99e-01   1.81e-01   1.75e+00   0.00e+00 (  2.04e+02,  2.52e+02)
45      0.168   4.09e-01   6.13e-01   2.50e-01   2.13e+00   0.00e+00 (  1.98e+02,  2.47e+02)
50      0.182   4.53e-01   7.22e-01   3.04e-01   2.42e+00   0.00e+00 (  1.85e+02,  2.37e+02)
55      0.191   4.89e-01   8.24e-01   4.23e-01   2.64e+00   0.00e+00 (  1.69e+02,  2.24e+02)
60      0.205   5.28e-01   9.28e-01   5.42e-01   2.93e+00   0.00e+00 (  1.58e+02,  2.11e+02)
65      0.189   5.14e-01   8.90e-01   5.87e-01   2.78e+00   0.00e+00 (  1.34e+02,  1.97e+02)
70      0.223   5.80e-01   1.05e+00   7.52e-01   3.35e+00   0.00e+00 (  1.29e+02,  1.84e+02)
75      0.226   5.96e-01   1.09e+00   8.25e-01   3.48e+00   0.00e+00 (  1.19e+02,  1.72e+02)
80      0.224   6.02e-01   1.10e+00   8.46e-01   3.62e+00   0.00e+00 (  1.11e+02,  1.61e+02)
85      0.265   6.23e-01   1.10e+00   8.14e-01   5.18e+00   0.00e+00 (  9.40e+01,  1.52e+02)
90      0.536   1.23e+00   1.71e+00   1.09e+00   1.91e+01   0.00e+00 (  2.65e+02,  1.44e+02)
95      0.502   9.24e-01   1.31e+00   9.99e-01   3.18e+01   0.00e+00 (  4.87e+02,  1.37e+02)
 9 e: 5.310e-04 i: 4.080e-04 :: e: 7.912e-02 i: 8.225e-02 :: n: 2.762e+01 e:24.456 i:29.691 v:4.993e+03
>>> tau_he = 5.000000, nhe(0)=3.359199e+00
 5     -0.037   1.45e-02   5.04e-01   8.54e-03  -1.76e-01   0.00e+00 (  9.09e+00,  6.21e+01)
10     -0.171   1.13e-01   2.93e-02  -1.75e-02  -1.02e+00   0.00e+00 (  8.97e+01,  1.20e+02)
15     -0.028   1.60e-01   9.65e-02  -2.94e-02  -2.03e-01   0.00e+00 (  1.08e+02,  1.64e+02)
20      0.068   1.81e-01   1.66e-01  -2.88e-02   5.64e-01   0.00e+00 (  1.23e+02,  1.98e+02)
25      0.170   3.44e-01   3.88e-01   1.09e-01   1.58e+00   0.00e+00 (  2.31e+02,  2.26e+02)
30      0.163   3.52e-01   3.89e-01   1.59e-01   1.67e+00   0.00e+00 (  2.21e+02,  2.43e+02)
35      0.151   3.55e-01   4.35e-01   1.75e-01   1.68e+00   0.00e+00 (  2.15e+02,  2.51e+02)
40      0.149   3.71e-01   5.05e-01   1.82e-01   1.78e+00   0.00e+00 (  2.08e+02,  2.52e+02)
45      0.171   4.14e-01   6.20e-01   2.53e-01   2.16e+00   0.00e+00 (  2.02e+02,  2.47e+02)
50      0.185   4.60e-01   7.34e-01   3.09e-01   2.46e+00   0.00e+00 (  1.90e+02,  2.37e+02)
55      0.195   4.99e-01   8.42e-01   4.32e-01   2.69e+00   0.00e+00 (  1.75e+02,  2.24e+02)
60      0.208   5.40e-01   9.51e-01   5.55e-01   2.98e+00   0.00e+00 (  1.64e+02,  2.11e+02)
65      0.194   5.30e-01   9.22e-01   6.08e-01   2.85e+00   0.00e+00 (  1.41e+02,  1.97e+02)
70      0.227   5.96e-01   1.08e+00   7.75e-01   3.41e+00   0.00e+00 (  1.36e+02,  1.84e+02)
75      0.227   6.16e-01   1.11e+00   8.41e-01   3.51e+00   0.00e+00 (  1.26e+02,  1.72e+02)
80      0.225   6.16e-01   1.13e+00   8.66e-01   3.65e+00   0.00e+00 (  1.17e+02,  1.61e+02)
85      0.266   6.30e-01   1.12e+00   8.28e-01   5.21e+00   0.00e+00 (  9.75e+01,  1.52e+02)
90      0.536   1.23e+00   1.71e+00   1.09e+00   1.91e+01   0.00e+00 (  2.67e+02,  1.44e+02)
95      0.502   9.24e-01   1.31e+00   9.99e-01   3.18e+01   0.00e+00 (  4.87e+02,  1.37e+02)
10 e: 1.632e-04 i: 9.181e-04 :: e: 4.938e-02 i: 6.210e-02 :: n: 2.762e+01 e:24.602 i:29.887 v:4.993e+03
>>> tau_he = 5.000000, nhe(0)=3.369678e+00
 5     -0.038   1.49e-02   5.21e-01   8.72e-03  -1.79e-01   0.00e+00 (  9.40e+00,  6.21e+01)
10     -0.162   1.14e-01   2.70e-02  -1.67e-02  -9.62e-01   0.00e+00 (  9.03e+01,  1.20e+02)
15      0.222   4.27e-01   4.73e-01   9.23e-02   1.58e+00   0.00e+00 (  2.95e+02,  1.64e+02)
20      0.274   3.86e-01   4.23e-01   1.48e-01   2.26e+00   0.00e+00 (  2.67e+02,  1.98e+02)
25      0.075   1.92e-01   1.90e-01   2.04e-02   6.96e-01   0.00e+00 (  1.28e+02,  2.26e+02)
30      0.163   3.53e-01   3.88e-01   1.57e-01   1.67e+00   0.00e+00 (  2.22e+02,  2.43e+02)
35      0.151   3.57e-01   4.35e-01   1.74e-01   1.68e+00   0.00e+00 (  2.17e+02,  2.51e+02)
40      0.148   3.73e-01   5.03e-01   1.79e-01   1.77e+00   0.00e+00 (  2.10e+02,  2.52e+02)
45      0.169   4.17e-01   6.14e-01   2.52e-01   2.13e+00   0.00e+00 (  2.05e+02,  2.47e+02)
50      0.185   4.63e-01   7.30e-01   3.07e-01   2.45e+00   0.00e+00 (  1.93e+02,  2.37e+02)
55      0.195   5.04e-01   8.43e-01   4.31e-01   2.70e+00   0.00e+00 (  1.78e+02,  2.24e+02)
60      0.210   5.46e-01   9.55e-01   5.57e-01   3.00e+00   0.00e+00 (  1.67e+02,  2.11e+02)
65      0.197   5.40e-01   9.37e-01   6.18e-01   2.90e+00   0.00e+00 (  1.46e+02,  1.97e+02)
70      0.231   6.07e-01   1.10e+00   7.89e-01   3.47e+00   0.00e+00 (  1.41e+02,  1.84e+02)
75      0.232   6.28e-01   1.14e+00   8.58e-01   3.58e+00   0.00e+00 (  1.30e+02,  1.72e+02)
80      0.230   6.28e-01   1.15e+00   8.85e-01   3.72e+00   0.00e+00 (  1.21e+02,  1.61e+02)
85      0.271   6.41e-01   1.14e+00   8.48e-01   5.30e+00   0.00e+00 (  1.00e+02,  1.52e+02)
90      0.537   1.23e+00   1.71e+00   1.09e+00   1.91e+01   0.00e+00 (  2.68e+02,  1.44e+02)
95      0.502   9.24e-01   1.31e+00   9.99e-01   3.18e+01   0.00e+00 (  4.87e+02,  1.37e+02)
11 e: 7.255e-04 i: 1.539e-03 :: e: 6.842e-02 i: 6.453e-02 :: n: 2.762e+01 e:24.529 i:30.150 v:4.993e+03
>>> tau_he = 5.000000, nhe(0)=3.383509e+00
 5     -0.039   1.51e-02   5.16e-01   8.58e-03  -1.85e-01   0.00e+00 (  9.56e+00,  6.21e+01)
10     -0.128   1.11e-01   2.78e-02  -1.45e-02  -7.62e-01   0.00e+00 (  8.55e+01,  1.20e+02)
15     -0.011   1.65e-01   9.78e-02  -2.53e-02  -7.63e-02   0.00e+00 (  1.08e+02,  1.64e+02)
20      0.076   1.85e-01   1.63e-01  -2.38e-03   6.26e-01   0.00e+00 (  1.23e+02,  1.98e+02)
25      0.168   3.38e-01   4.19e-01   1.66e-01   1.56e+00   0.00e+00 (  2.28e+02,  2.26e+02)
30      0.168   3.60e-01   3.94e-01   1.59e-01   1.72e+00   0.00e+00 (  2.26e+02,  2.43e+02)
35      0.154   3.62e-01   4.37e-01   1.75e-01   1.72e+00   0.00e+00 (  2.19e+02,  2.51e+02)
40      0.151   3.77e-01   5.04e-01   1.78e-01   1.80e+00   0.00e+00 (  2.12e+02,  2.52e+02)
45      0.172   4.19e-01   6.15e-01   2.52e-01   2.17e+00   0.00e+00 (  2.06e+02,  2.47e+02)
50      0.188   4.68e-01   7.34e-01   3.08e-01   2.49e+00   0.00e+00 (  1.96e+02,  2.37e+02)
55      0.199   5.10e-01   8.51e-01   4.35e-01   2.75e+00   0.00e+00 (  1.82e+02,  2.24e+02)
60      0.214   5.54e-01   9.68e-01   5.64e-01   3.06e+00   0.00e+00 (  1.72e+02,  2.11e+02)
65      0.202   5.51e-01   9.58e-01   6.32e-01   2.98e+00   0.00e+00 (  1.51e+02,  1.97e+02)
70      0.235   6.19e-01   1.13e+00   8.06e-01   3.54e+00   0.00e+00 (  1.46e+02,  1.84e+02)
75      0.236   6.41e-01   1.16e+00   8.77e-01   3.64e+00   0.00e+00 (  1.35e+02,  1.72e+02)
80      0.233   6.40e-01   1.17e+00   9.04e-01   3.78e+00   0.00e+00 (  1.25e+02,  1.61e+02)
85      0.274   6.50e-01   1.16e+00   8.65e-01   5.36e+00   0.00e+00 (  1.03e+02,  1.52e+02)
90      0.538   1.23e+00   1.72e+00   1.10e+00   1.92e+01   0.00e+00 (  2.69e+02,  1.44e+02)
95      0.502   9.24e-01   1.31e+00   9.99e-01   3.18e+01   0.00e+00 (  4.87e+02,  1.37e+02)
12 e: 1.957e-04 i: 1.075e-03 :: e: 3.614e-02 i: 4.627e-02 :: n: 2.762e+01 e:24.771 i:30.296 v:4.993e+03
>>> tau_he = 5.000000, nhe(0)=3.391166e+00
 5     -0.040   1.55e-02   5.32e-01   8.78e-03  -1.87e-01   0.00e+00 (  9.86e+00,  6.21e+01)
10     -0.121   1.13e-01   2.61e-02  -1.43e-02  -7.19e-01   0.00e+00 (  8.75e+01,  1.20e+02)
15     -0.013   1.74e-01   1.07e-01  -3.37e-02  -9.12e-02   0.00e+00 (  1.16e+02,  1.64e+02)
20      0.286   4.01e-01   4.36e-01   1.51e-01   2.36e+00   0.00e+00 (  2.73e+02,  1.98e+02)
25      0.078   1.99e-01   1.95e-01   1.51e-02   7.23e-01   0.00e+00 (  1.34e+02,  2.26e+02)
30      0.169   3.64e-01   3.98e-01   1.61e-01   1.73e+00   0.00e+00 (  2.30e+02,  2.43e+02)
35      0.155   3.66e-01   4.43e-01   1.77e-01   1.73e+00   0.00e+00 (  2.24e+02,  2.51e+02)
40      0.151   3.82e-01   5.09e-01   1.78e-01   1.81e+00   0.00e+00 (  2.17e+02,  2.52e+02)
45      0.172   4.25e-01   6.22e-01   2.54e-01   2.18e+00   0.00e+00 (  2.11e+02,  2.47e+02)
50      0.189   4.75e-01   7.43e-01   3.11e-01   2.51e+00   0.00e+00 (  2.01e+02,  2.37e+02)
55      0.200   5.19e-01   8.63e-01   4.40e-01   2.77e+00   0.00e+00 (  1.88e+02,  2.24e+02)
60      0.215   5.63e-01   9.82e-01   5.72e-01   3.08e+00   0.00e+00 (  1.77e+02,  2.11e+02)
65      0.204   5.62e-01   9.78e-01   6.45e-01   3.01e+00   0.00e+00 (  1.57e+02,  1.97e+02)
70      0.237   6.30e-01   1.15e+00   8.21e-01   3.57e+00   0.00e+00 (  1.51e+02,  1.84e+02)
75      0.238   6.53e-01   1.18e+00   8.92e-01   3.67e+00   0.00e+00 (  1.40e+02,  1.72e+02)
80      0.235   6.51e-01   1.19e+00   9.20e-01   3.80e+00   0.00e+00 (  1.29e+02,  1.61e+02)
85      0.276   6.57e-01   1.18e+00   8.78e-01   5.41e+00   0.00e+00 (  1.07e+02,  1.52e+02)
90      0.539   1.23e+00   1.72e+00   1.10e+00   1.92e+01   0.00e+00 (  2.70e+02,  1.44e+02)
95      0.502   9.24e-01   1.31e+00   9.99e-01   3.18e+01   0.00e+00 (  4.87e+02,  1.37e+02)
13 e: 1.911e-04 i: 1.054e-03 :: e: 4.961e-02 i: 5.132e-02 :: n: 2.762e+01 e:24.776 i:30.516 v:4.993e+03
>>> tau_he = 5.000000, nhe(0)=3.402414e+00
 5     -0.041   1.58e-02   5.47e-01   8.86e-03  -1.91e-01   0.00e+00 (  1.01e+01,  6.21e+01)
10     -0.113   1.13e-01   2.47e-02  -1.36e-02  -6.70e-01   0.00e+00 (  8.69e+01,  1.20e+02)
15      0.279   4.65e-01   5.12e-01   1.04e-01   1.99e+00   0.00e+00 (  3.12e+02,  1.64e+02)
20      0.079   1.88e-01   1.65e-01  -2.41e-03   6.51e-01   0.00e+00 (  1.25e+02,  1.98e+02)
25      0.178   3.62e-01   4.05e-01   1.11e-01   1.66e+00   0.00e+00 (  2.45e+02,  2.26e+02)
30      0.170   3.66e-01   3.98e-01   1.60e-01   1.75e+00   0.00e+00 (  2.30e+02,  2.43e+02)
35      0.156   3.67e-01   4.40e-01   1.75e-01   1.73e+00   0.00e+00 (  2.23e+02,  2.51e+02)
40      0.152   3.82e-01   5.06e-01   1.76e-01   1.81e+00   0.00e+00 (  2.17e+02,  2.52e+02)
45      0.169   4.25e-01   6.16e-01   2.51e-01   2.14e+00   0.00e+00 (  2.11e+02,  2.47e+02)
50      0.190   4.76e-01   7.40e-01   3.09e-01   2.52e+00   0.00e+00 (  2.02e+02,  2.37e+02)
55      0.202   5.21e-01   8.62e-01   4.40e-01   2.79e+00   0.00e+00 (  1.90e+02,  2.24e+02)
60      0.217   5.66e-01   9.84e-01   5.73e-01   3.11e+00   0.00e+00 (  1.79e+02,  2.11e+02)
65      0.208   5.68e-01   9.86e-01   6.51e-01   3.06e+00   0.00e+00 (  1.59e+02,  1.97e+02)
70      0.241   6.37e-01   1.16e+00   8.30e-01   3.63e+00   0.00e+00 (  1.54e+02,  1.84e+02)
75      0.241   6.61e-01   1.20e+00   9.04e-01   3.72e+00   0.00e+00 (  1.43e+02,  1.72e+02)
80      0.238   6.60e-01   1.21e+00   9.38e-01   3.86e+00   0.00e+00 (  1.32e+02,  1.61e+02)
85      0.280   6.65e-01   1.19e+00   8.93e-01   5.48e+00   0.00e+00 (  1.09e+02,  1.52e+02)
90      0.540   1.23e+00   1.72e+00   1.10e+00   1.92e+01   0.00e+00 (  2.71e+02,  1.44e+02)
95      0.502   9.24e-01   1.31e+00   9.99e-01   3.18e+01   0.00e+00 (  4.87e+02,  1.37e+02)
14 e: 4.783e-04 i: 7.194e-04 :: e: 6.115e-02 i: 5.442e-02 :: n: 2.762e+01 e:24.765 i:30.831 v:4.993e+03
>>> tau_he = 5.000000, nhe(0)=3.418151e+00
 5     -0.042   1.53e-02   5.30e-01   8.14e-03  -1.96e-01   0.00e+00 (  9.81e+00,  6.21e+01)
10     -0.108   1.17e-01   2.85e-02  -1.32e-02  -6.45e-01   0.00e+00 (  8.87e+01,  1.20e+02)
15      0.006   1.78e-01   1.07e-01  -2.89e-02   4.57e-02   0.00e+00 (  1.14e+02,  1.64e+02)
20      0.081   1.96e-01   1.76e-01  -3.22e-02   6.71e-01   0.00e+00 (  1.31e+02,  1.98e+02)
25      0.183   3.67e-01   4.10e-01   1.11e-01   1.70e+00   0.00e+00 (  2.48e+02,  2.26e+02)
30      0.175   3.72e-01   4.04e-01   1.61e-01   1.79e+00   0.00e+00 (  2.34e+02,  2.43e+02)
35      0.160   3.73e-01   4.46e-01   1.77e-01   1.78e+00   0.00e+00 (  2.27e+02,  2.51e+02)
40      0.155   3.87e-01   5.11e-01   1.77e-01   1.85e+00   0.00e+00 (  2.21e+02,  2.52e+02)
45      0.173   4.30e-01   6.23e-01   2.53e-01   2.19e+00   0.00e+00 (  2.15e+02,  2.47e+02)
50      0.193   4.82e-01   7.48e-01   3.12e-01   2.57e+00   0.00e+00 (  2.07e+02,  2.37e+02)
55      0.205   5.28e-01   8.73e-01   4.45e-01   2.84e+00   0.00e+00 (  1.94e+02,  2.24e+02)
60      0.220   5.74e-01   9.97e-01   5.81e-01   3.15e+00   0.00e+00 (  1.83e+02,  2.11e+02)
65      0.211   5.77e-01   1.00e+00   6.62e-01   3.10e+00   0.00e+00 (  1.64e+02,  1.97e+02)
70      0.243   6.47e-01   1.18e+00   8.42e-01   3.67e+00   0.00e+00 (  1.58e+02,  1.84e+02)
75      0.243   6.70e-01   1.21e+00   9.17e-01   3.76e+00   0.00e+00 (  1.47e+02,  1.72e+02)
80      0.240   6.69e-01   1.22e+00   9.51e-01   3.89e+00   0.00e+00 (  1.36e+02,  1.61e+02)
85      0.282   6.72e-01   1.21e+00   9.05e-01   5.52e+00   0.00e+00 (  1.12e+02,  1.52e+02)
90      0.541   1.23e+00   1.73e+00   1.11e+00   1.93e+01   0.00e+00 (  2.72e+02,  1.44e+02)
95      0.502   9.24e-01   1.31e+00   9.99e-01   3.18e+01   0.00e+00 (  4.87e+02,  1.37e+02)
15 e: 1.812e-04 i: 9.215e-04 :: e: 4.871e-02 i: 5.017e-02 :: n: 2.762e+01 e:24.951 i:30.948 v:4.993e+03
>>> tau_he = 5.000000, nhe(0)=3.424006e+00
 5     -0.042   1.56e-02   5.45e-01   8.32e-03  -1.99e-01   0.00e+00 (  1.01e+01,  6.21e+01)
10     -0.103   1.17e-01   2.69e-02  -1.28e-02  -6.12e-01   0.00e+00 (  8.89e+01,  1.20e+02)
15      0.314   4.90e-01   5.35e-01   1.11e-01   2.24e+00   0.00e+00 (  3.20e+02,  1.64e+02)
20      0.294   4.25e-01   4.63e-01   1.59e-01   2.43e+00   0.00e+00 (  2.89e+02,  1.98e+02)
25      0.082   2.03e-01   1.98e-01   1.77e-02   7.65e-01   0.00e+00 (  1.36e+02,  2.26e+02)
30      0.175   3.74e-01   4.05e-01   1.62e-01   1.80e+00   0.00e+00 (  2.36e+02,  2.43e+02)
35      0.160   3.76e-01   4.49e-01   1.79e-01   1.78e+00   0.00e+00 (  2.30e+02,  2.51e+02)
40      0.155   3.90e-01   5.14e-01   1.76e-01   1.85e+00   0.00e+00 (  2.24e+02,  2.52e+02)
45      0.173   4.34e-01   6.27e-01   2.55e-01   2.19e+00   0.00e+00 (  2.19e+02,  2.47e+02)
50      0.194   4.87e-01   7.54e-01   3.14e-01   2.58e+00   0.00e+00 (  2.11e+02,  2.37e+02)
55      0.206   5.34e-01   8.81e-01   4.49e-01   2.85e+00   0.00e+00 (  1.98e+02,  2.24e+02)
60      0.221   5.80e-01   1.01e+00   5.85e-01   3.16e+00   0.00e+00 (  1.87e+02,  2.11e+02)
65      0.212   5.84e-01   1.01e+00   6.69e-01   3.12e+00   0.00e+00 (  1.68e+02,  1.97e+02)
70      0.245   6.54e-01   1.19e+00   8.50e-01   3.69e+00   0.00e+00 (  1.62e+02,  1.84e+02)
75      0.245   6.78e-01   1.23e+00   9.27e-01   3.78e+00   0.00e+00 (  1.50e+02,  1.72e+02)
80      0.241   6.77e-01   1.24e+00   9.62e-01   3.91e+00   0.00e+00 (  1.39e+02,  1.61e+02)
85      0.284   6.78e-01   1.22e+00   9.15e-01   5.55e+00   0.00e+00 (  1.14e+02,  1.52e+02)
90      0.541   1.23e+00   1.73e+00   1.11e+00   1.93e+01   0.00e+00 (  2.73e+02,  1.44e+02)
95      0.502   9.24e-01   1.31e+00   9.99e-01   3.18e+01   0.00e+00 (  4.87e+02,  1.37e+02)
16 e: 8.284e-04 i: 2.238e-03 :: e: 8.028e-02 i: 6.999e-02 :: n: 2.762e+01 e:24.777 i:31.238 v:4.993e+03
>>> tau_he = 5.000000, nhe(0)=3.437989e+00
 5     -0.044   1.54e-02   5.35e-01   8.08e-03  -2.05e-01   0.00e+00 (  1.00e+01,  6.21e+01)
10     -0.093   1.21e-01   3.04e-02  -1.32e-02  -5.54e-01   0.00e+00 (  8.94e+01,  1.20e+02)
15      0.024   1.81e-01   1.06e-01  -2.54e-02   1.68e-01   0.00e+00 (  1.11e+02,  1.64e+02)
20      0.073   1.96e-01   1.71e-01  -6.12e-03   5.99e-01   0.00e+00 (  1.28e+02,  1.98e+02)
25      0.180   3.59e-01   4.40e-01   1.76e-01   1.68e+00   0.00e+00 (  2.42e+02,  2.26e+02)
30      0.180   3.79e-01   4.09e-01   1.62e-01   1.85e+00   0.00e+00 (  2.38e+02,  2.43e+02)
35      0.166   3.76e-01   4.50e-01   1.80e-01   1.85e+00   0.00e+00 (  2.29e+02,  2.51e+02)
40      0.158   3.92e-01   5.13e-01   1.76e-01   1.89e+00   0.00e+00 (  2.25e+02,  2.52e+02)
45      0.176   4.35e-01   6.24e-01   2.54e-01   2.23e+00   0.00e+00 (  2.20e+02,  2.47e+02)
50      0.197   4.89e-01   7.52e-01   3.12e-01   2.62e+00   0.00e+00 (  2.11e+02,  2.37e+02)
55      0.209   5.36e-01   8.81e-01   4.49e-01   2.90e+00   0.00e+00 (  1.99e+02,  2.24e+02)
60      0.224   5.83e-01   1.01e+00   5.87e-01   3.21e+00   0.00e+00 (  1.89e+02,  2.11e+02)
65      0.216   5.88e-01   1.02e+00   6.74e-01   3.18e+00   0.00e+00 (  1.69e+02,  1.97e+02)
70      0.248   6.59e-01   1.20e+00   8.58e-01   3.74e+00   0.00e+00 (  1.64e+02,  1.84e+02)
75      0.248   6.84e-01   1.24e+00   9.36e-01   3.83e+00   0.00e+00 (  1.52e+02,  1.72e+02)
80      0.245   6.83e-01   1.25e+00   9.73e-01   3.96e+00   0.00e+00 (  1.41e+02,  1.61e+02)
85      0.288   6.86e-01   1.24e+00   9.31e-01   5.63e+00   0.00e+00 (  1.16e+02,  1.52e+02)
90      0.543   1.23e+00   1.73e+00   1.11e+00   1.93e+01   0.00e+00 (  2.74e+02,  1.44e+02)
95      0.502   9.24e-01   1.31e+00   9.99e-01   3.18e+01   0.00e+00 (  4.87e+02,  1.37e+02)
17 e: 2.212e-04 i: 1.119e-03 :: e: 5.539e-02 i: 5.739e-02 :: n: 2.762e+01 e:25.039 i:31.220 v:4.993e+03
>>> tau_he = 5.000000, nhe(0)=3.437334e+00
 5     -0.044   1.57e-02   5.47e-01   8.32e-03  -2.06e-01   0.00e+00 (  1.03e+01,  6.21e+01)
10     -0.094   1.21e-01   2.92e-02  -1.31e-02  -5.62e-01   0.00e+00 (  8.99e+01,  1.20e+02)
15      0.019   1.88e-01   1.15e-01  -3.57e-02   1.39e-01   0.00e+00 (  1.19e+02,  1.64e+02)
20      0.301   4.33e-01   4.68e-01   1.58e-01   2.49e+00   0.00e+00 (  2.89e+02,  1.98e+02)
25      0.085   2.08e-01   2.02e-01   1.22e-02   7.90e-01   0.00e+00 (  1.40e+02,  2.26e+02)
30      0.180   3.82e-01   4.14e-01   1.65e-01   1.85e+00   0.00e+00 (  2.42e+02,  2.43e+02)
35      0.164   3.83e-01   4.56e-01   1.82e-01   1.83e+00   0.00e+00 (  2.36e+02,  2.51e+02)
40      0.159   3.97e-01   5.22e-01   1.77e-01   1.90e+00   0.00e+00 (  2.30e+02,  2.52e+02)
45      0.177   4.41e-01   6.36e-01   2.58e-01   2.24e+00   0.00e+00 (  2.26e+02,  2.47e+02)
50      0.198   4.96e-01   7.67e-01   3.18e-01   2.64e+00   0.00e+00 (  2.17e+02,  2.37e+02)
55      0.210   5.44e-01   8.97e-01   4.57e-01   2.91e+00   0.00e+00 (  2.05e+02,  2.24e+02)
60      0.225   5.91e-01   1.02e+00   5.96e-01   3.22e+00   0.00e+00 (  1.94e+02,  2.11e+02)
65      0.216   5.97e-01   1.04e+00   6.83e-01   3.18e+00   0.00e+00 (  1.74e+02,  1.97e+02)
70      0.248   6.67e-01   1.21e+00   8.67e-01   3.73e+00   0.00e+00 (  1.68e+02,  1.84e+02)
75      0.247   6.91e-01   1.25e+00   9.45e-01   3.82e+00   0.00e+00 (  1.56e+02,  1.72e+02)
80      0.243   6.90e-01   1.26e+00   9.80e-01   3.94e+00   0.00e+00 (  1.44e+02,  1.61e+02)
85      0.287   6.89e-01   1.24e+00   9.36e-01   5.62e+00   0.00e+00 (  1.19e+02,  1.52e+02)
90      0.543   1.23e+00   1.73e+00   1.11e+00   1.93e+01   0.00e+00 (  2.75e+02,  1.44e+02)
95      0.502   9.24e-01   1.31e+00   9.99e-01   3.18e+01   0.00e+00 (  4.87e+02,  1.37e+02)
18 e: 2.563e-04 i: 1.125e-03 :: e: 6.832e-02 i: 6.649e-02 :: n: 2.762e+01 e:24.924 i:31.326 v:4.993e+03
>>> tau_he = 5.000000, nhe(0)=3.442323e+00
 5     -0.044   1.58e-02   5.59e-01   8.34e-03  -2.07e-01   0.00e+00 (  1.03e+01,  6.21e+01)
10     -0.093   1.19e-01   2.73e-02  -1.21e-02  -5.53e-01   0.00e+00 (  8.83e+01,  1.20e+02)
15      0.347   5.08e-01   5.51e-01   1.14e-01   2.48e+00   0.00e+00 (  3.23e+02,  1.64e+02)
20      0.074   1.96e-01   1.70e-01  -5.68e-03   6.11e-01   0.00e+00 (  1.27e+02,  1.98e+02)
25      0.086   2.09e-01   2.02e-01   7.28e-03   8.03e-01   0.00e+00 (  1.41e+02,  2.26e+02)
30      0.180   3.80e-01   4.09e-01   1.61e-01   1.84e+00   0.00e+00 (  2.39e+02,  2.43e+02)
35      0.163   3.80e-01   4.49e-01   1.78e-01   1.82e+00   0.00e+00 (  2.32e+02,  2.51e+02)
40      0.158   3.94e-01   5.14e-01   1.75e-01   1.89e+00   0.00e+00 (  2.27e+02,  2.52e+02)
45      0.176   4.38e-01   6.25e-01   2.55e-01   2.23e+00   0.00e+00 (  2.22e+02,  2.47e+02)
50      0.198   4.93e-01   7.56e-01   3.13e-01   2.63e+00   0.00e+00 (  2.15e+02,  2.37e+02)
55      0.210   5.41e-01   8.87e-01   4.51e-01   2.91e+00   0.00e+00 (  2.03e+02,  2.24e+02)
60      0.225   5.89e-01   1.02e+00   5.91e-01   3.22e+00   0.00e+00 (  1.92e+02,  2.11e+02)
65      0.217   5.95e-01   1.03e+00   6.80e-01   3.20e+00   0.00e+00 (  1.73e+02,  1.97e+02)
70      0.250   6.67e-01   1.21e+00   8.66e-01   3.76e+00   0.00e+00 (  1.67e+02,  1.84e+02)
75      0.250   6.92e-01   1.25e+00   9.47e-01   3.86e+00   0.00e+00 (  1.56e+02,  1.72e+02)
80      0.247   6.92e-01   1.27e+00   9.86e-01   3.99e+00   0.00e+00 (  1.44e+02,  1.61e+02)
85      0.290   6.95e-01   1.25e+00   9.47e-01   5.68e+00   0.00e+00 (  1.20e+02,  1.52e+02)
90      0.544   1.23e+00   1.74e+00   1.12e+00   1.94e+01   0.00e+00 (  2.76e+02,  1.44e+02)
95      0.502   9.24e-01   1.31e+00   9.99e-01   3.18e+01   0.00e+00 (  4.87e+02,  1.37e+02)
19 e: 7.496e-04 i: 2.121e-03 :: e: 7.128e-02 i: 6.330e-02 :: n: 2.762e+01 e:24.929 i:31.634 v:4.993e+03
>>> tau_he = 5.000000, nhe(0)=3.456742e+00
 5     -0.046   1.60e-02   5.51e-01   8.17e-03  -2.14e-01   0.00e+00 (  1.05e+01,  6.21e+01)
10     -0.084   1.24e-01   3.14e-02  -1.28e-02  -4.99e-01   0.00e+00 (  9.02e+01,  1.20e+02)
15      0.036   1.89e-01   1.11e-01  -2.71e-02   2.56e-01   0.00e+00 (  1.15e+02,  1.64e+02)
20      0.075   2.05e-01   1.83e-01  -3.47e-02   6.21e-01   0.00e+00 (  1.34e+02,  1.98e+02)
25      0.303   4.03e-01   4.37e-01   1.99e-01   2.82e+00   0.00e+00 (  2.78e+02,  2.26e+02)
30      0.185   3.85e-01   4.17e-01   1.65e-01   1.90e+00   0.00e+00 (  2.43e+02,  2.43e+02)
35      0.169   3.81e-01   4.55e-01   1.82e-01   1.89e+00   0.00e+00 (  2.33e+02,  2.51e+02)
40      0.161   3.97e-01   5.20e-01   1.77e-01   1.92e+00   0.00e+00 (  2.29e+02,  2.52e+02)
45      0.179   4.42e-01   6.34e-01   2.58e-01   2.27e+00   0.00e+00 (  2.25e+02,  2.47e+02)
50      0.201   4.97e-01   7.66e-01   3.17e-01   2.67e+00   0.00e+00 (  2.17e+02,  2.37e+02)
55      0.213   5.46e-01   8.98e-01   4.57e-01   2.95e+00   0.00e+00 (  2.05e+02,  2.24e+02)
60      0.227   5.93e-01   1.03e+00   5.97e-01   3.25e+00   0.00e+00 (  1.95e+02,  2.11e+02)
65      0.253   6.53e-01   1.19e+00   7.81e-01   3.72e+00   0.00e+00 (  1.91e+02,  1.97e+02)
70      0.250   6.71e-01   1.22e+00   8.72e-01   3.77e+00   0.00e+00 (  1.69e+02,  1.84e+02)
75      0.250   6.96e-01   1.26e+00   9.52e-01   3.86e+00   0.00e+00 (  1.58e+02,  1.72e+02)
80      0.246   6.96e-01   1.27e+00   9.90e-01   3.98e+00   0.00e+00 (  1.46e+02,  1.61e+02)
85      0.290   6.97e-01   1.26e+00   9.50e-01   5.67e+00   0.00e+00 (  1.21e+02,  1.52e+02)
90      0.544   1.23e+00   1.74e+00   1.12e+00   1.94e+01   0.00e+00 (  2.76e+02,  1.44e+02)
95      0.502   9.24e-01   1.31e+00   9.99e-01   3.18e+01   0.00e+00 (  4.87e+02,  1.37e+02)
20 e: 2.439e-04 i: 1.168e-03 :: e: 6.517e-02 i: 6.592e-02 :: n: 2.762e+01 e:25.058 i:31.658 v:4.993e+03
>>> tau_he = 5.000000, nhe(0)=3.458018e+00
 5     -0.046   1.62e-02   5.63e-01   8.35e-03  -2.15e-01   0.00e+00 (  1.07e+01,  6.21e+01)
10     -0.086   1.23e-01   2.97e-02  -1.24e-02  -5.13e-01   0.00e+00 (  9.01e+01,  1.20e+02)
15      0.357   5.24e-01   5.64e-01   1.15e-01   2.55e+00   0.00e+00 (  3.26e+02,  1.64e+02)
20      0.319   4.50e-01   4.86e-01   1.64e-01   2.63e+00   0.00e+00 (  3.00e+02,  1.98e+02)
25      0.190   3.68e-01   4.52e-01   1.87e-01   1.77e+00   0.00e+00 (  2.51e+02,  2.26e+02)
30      0.183   3.85e-01   4.16e-01   1.65e-01   1.88e+00   0.00e+00 (  2.43e+02,  2.43e+02)
35      0.169   3.82e-01   4.56e-01   1.83e-01   1.88e+00   0.00e+00 (  2.35e+02,  2.51e+02)
40      0.161   3.97e-01   5.21e-01   1.77e-01   1.92e+00   0.00e+00 (  2.30e+02,  2.52e+02)
45      0.179   4.43e-01   6.36e-01   2.58e-01   2.27e+00   0.00e+00 (  2.27e+02,  2.47e+02)
50      0.201   4.99e-01   7.68e-01   3.18e-01   2.67e+00   0.00e+00 (  2.19e+02,  2.37e+02)
55      0.213   5.48e-01   9.01e-01   4.58e-01   2.95e+00   0.00e+00 (  2.07e+02,  2.24e+02)
60      0.226   5.94e-01   1.03e+00   5.97e-01   3.24e+00   0.00e+00 (  1.95e+02,  2.11e+02)
65      0.215   5.96e-01   1.03e+00   6.79e-01   3.17e+00   0.00e+00 (  1.74e+02,  1.97e+02)
70      0.250   6.72e-01   1.22e+00   8.72e-01   3.77e+00   0.00e+00 (  1.70e+02,  1.84e+02)
75      0.251   6.99e-01   1.26e+00   9.55e-01   3.87e+00   0.00e+00 (  1.59e+02,  1.72e+02)
80      0.247   6.98e-01   1.28e+00   9.93e-01   4.00e+00   0.00e+00 (  1.47e+02,  1.61e+02)
85      0.291   7.00e-01   1.26e+00   9.55e-01   5.70e+00   0.00e+00 (  1.22e+02,  1.52e+02)
90      0.544   1.23e+00   1.74e+00   1.12e+00   1.94e+01   0.00e+00 (  2.77e+02,  1.44e+02)
95      0.502   9.24e-01   1.31e+00   9.99e-01   3.18e+01   0.00e+00 (  4.87e+02,  1.37e+02)
21 e: 6.000e-04 i: 1.347e-03 :: e: 7.807e-02 i: 6.918e-02 :: n: 2.762e+01 e:24.801 i:31.781 v:4.993e+03
>>> tau_he = 5.000000, nhe(0)=3.463647e+00
 5     -0.047   1.62e-02   5.43e-01   8.05e-03  -2.20e-01   0.00e+00 (  1.07e+01,  6.21e+01)
10     -0.061   1.22e-01   3.27e-02  -1.01e-02  -3.61e-01   0.00e+00 (  8.76e+01,  1.20e+02)
15      0.046   1.89e-01   1.10e-01  -2.47e-02   3.29e-01   0.00e+00 (  1.11e+02,  1.64e+02)
20      0.083   2.02e-01   1.74e-01  -4.76e-03   6.82e-01   0.00e+00 (  1.28e+02,  1.98e+02)
25      0.094   2.11e-01   2.03e-01   1.10e-02   8.75e-01   0.00e+00 (  1.41e+02,  2.26e+02)
30      0.187   3.87e-01   4.16e-01   1.62e-01   1.91e+00   0.00e+00 (  2.42e+02,  2.43e+02)
35      0.172   3.84e-01   4.56e-01   1.83e-01   1.92e+00   0.00e+00 (  2.35e+02,  2.51e+02)
40      0.163   3.98e-01   5.20e-01   1.76e-01   1.95e+00   0.00e+00 (  2.30e+02,  2.52e+02)
45      0.182   4.44e-01   6.33e-01   2.58e-01   2.30e+00   0.00e+00 (  2.27e+02,  2.47e+02)
50      0.204   4.99e-01   7.65e-01   3.27e-01   2.71e+00   0.00e+00 (  2.19e+02,  2.37e+02)
55      0.216   5.48e-01   8.99e-01   4.57e-01   2.98e+00   0.00e+00 (  2.07e+02,  2.24e+02)
60      0.229   5.95e-01   1.03e+00   5.97e-01   3.28e+00   0.00e+00 (  1.95e+02,  2.11e+02)
65      0.218   5.98e-01   1.04e+00   6.82e-01   3.22e+00   0.00e+00 (  1.75e+02,  1.97e+02)
70      0.253   6.74e-01   1.22e+00   8.75e-01   3.81e+00   0.00e+00 (  1.70e+02,  1.84e+02)
75      0.253   7.01e-01   1.27e+00   9.58e-01   3.90e+00   0.00e+00 (  1.59e+02,  1.72e+02)
80      0.249   7.01e-01   1.28e+00   9.98e-01   4.03e+00   0.00e+00 (  1.48e+02,  1.61e+02)
85      0.293   7.04e-01   1.27e+00   9.62e-01   5.74e+00   0.00e+00 (  1.23e+02,  1.52e+02)
90      0.545   1.24e+00   1.74e+00   1.12e+00   1.94e+01   0.00e+00 (  2.77e+02,  1.44e+02)
95      0.502   9.24e-01   1.31e+00   9.99e-01   3.18e+01   0.00e+00 (  4.87e+02,  1.37e+02)
22 e: 1.694e-04 i: 5.122e-04 :: e: 5.584e-02 i: 5.349e-02 :: n: 2.762e+01 e:25.037 i:31.713 v:4.993e+03
>>> tau_he = 5.000000, nhe(0)=3.460671e+00
 5     -0.047   1.63e-02   5.57e-01   8.30e-03  -2.18e-01   0.00e+00 (  1.09e+01,  6.21e+01)
10     -0.080   1.25e-01   3.15e-02  -1.27e-02  -4.75e-01   0.00e+00 (  9.01e+01,  1.20e+02)
15      0.043   1.94e-01   1.17e-01  -2.98e-02   3.04e-01   0.00e+00 (  1.17e+02,  1.64e+02)
20      0.078   2.07e-01   1.86e-01  -4.08e-02   6.40e-01   0.00e+00 (  1.35e+02,  1.98e+02)
25      0.193   3.72e-01   4.56e-01   1.90e-01   1.79e+00   0.00e+00 (  2.54e+02,  2.26e+02)
30      0.186   3.89e-01   4.20e-01   1.67e-01   1.91e+00   0.00e+00 (  2.45e+02,  2.43e+02)
35      0.171   3.85e-01   4.61e-01   1.85e-01   1.91e+00   0.00e+00 (  2.37e+02,  2.51e+02)
40      0.163   4.01e-01   5.27e-01   1.78e-01   1.95e+00   0.00e+00 (  2.33e+02,  2.52e+02)
45      0.182   4.47e-01   6.44e-01   2.61e-01   2.30e+00   0.00e+00 (  2.30e+02,  2.47e+02)
50      0.203   5.04e-01   7.78e-01   3.22e-01   2.70e+00   0.00e+00 (  2.23e+02,  2.37e+02)
55      0.215   5.53e-01   9.11e-01   4.63e-01   2.97e+00   0.00e+00 (  2.10e+02,  2.24e+02)
60      0.228   6.00e-01   1.04e+00   6.03e-01   3.26e+00   0.00e+00 (  1.99e+02,  2.11e+02)
65      0.252   6.58e-01   1.19e+00   7.83e-01   3.71e+00   0.00e+00 (  1.94e+02,  1.97e+02)
70      0.251   6.78e-01   1.23e+00   8.80e-01   3.78e+00   0.00e+00 (  1.73e+02,  1.84e+02)
75      0.251   7.04e-01   1.27e+00   9.61e-01   3.87e+00   0.00e+00 (  1.61e+02,  1.72e+02)
80      0.247   7.03e-01   1.28e+00   9.98e-01   3.99e+00   0.00e+00 (  1.49e+02,  1.61e+02)
85      0.291   7.04e-01   1.27e+00   9.61e-01   5.70e+00   0.00e+00 (  1.24e+02,  1.52e+02)
90      0.545   1.23e+00   1.74e+00   1.12e+00   1.94e+01   0.00e+00 (  2.78e+02,  1.44e+02)
95      0.502   9.24e-01   1.31e+00   9.99e-01   3.18e+01   0.00e+00 (  4.87e+02,  1.37e+02)
23 e: 2.048e-04 i: 1.181e-03 :: e: 5.805e-02 i: 6.211e-02 :: n: 2.762e+01 e:24.932 i:31.774 v:4.993e+03
>>> tau_he = 5.000000, nhe(0)=3.463378e+00
 5     -0.047   1.64e-02   5.68e-01   8.33e-03  -2.18e-01   0.00e+00 (  1.09e+01,  6.21e+01)
10     -0.080   1.23e-01   2.91e-02  -1.17e-02  -4.74e-01   0.00e+00 (  8.83e+01,  1.20e+02)
15      0.384   5.36e-01   5.77e-01   1.19e-01   2.74e+00   0.00e+00 (  3.29e+02,  1.64e+02)
20      0.322   4.49e-01   4.84e-01   1.61e-01   2.65e+00   0.00e+00 (  2.95e+02,  1.98e+02)
25      0.088   2.10e-01   2.02e-01   1.15e-02   8.22e-01   0.00e+00 (  1.41e+02,  2.26e+02)
30      0.182   3.82e-01   4.10e-01   1.60e-01   1.87e+00   0.00e+00 (  2.38e+02,  2.43e+02)
35      0.169   3.81e-01   4.53e-01   1.81e-01   1.88e+00   0.00e+00 (  2.32e+02,  2.51e+02)
40      0.161   3.98e-01   5.18e-01   1.76e-01   1.92e+00   0.00e+00 (  2.30e+02,  2.52e+02)
45      0.180   4.42e-01   6.32e-01   2.57e-01   2.27e+00   0.00e+00 (  2.26e+02,  2.47e+02)
50      0.202   4.98e-01   7.65e-01   3.16e-01   2.68e+00   0.00e+00 (  2.18e+02,  2.37e+02)
55      0.214   5.47e-01   8.98e-01   4.57e-01   2.96e+00   0.00e+00 (  2.06e+02,  2.24e+02)
60      0.227   5.94e-01   1.02e+00   5.95e-01   3.25e+00   0.00e+00 (  1.95e+02,  2.11e+02)
65      0.215   5.94e-01   1.02e+00   6.73e-01   3.16e+00   0.00e+00 (  1.73e+02,  1.97e+02)
70      0.251   6.73e-01   1.22e+00   8.73e-01   3.79e+00   0.00e+00 (  1.70e+02,  1.84e+02)
75      0.253   7.01e-01   1.27e+00   9.58e-01   3.90e+00   0.00e+00 (  1.59e+02,  1.72e+02)
80      0.249   7.02e-01   1.28e+00   9.99e-01   4.03e+00   0.00e+00 (  1.48e+02,  1.61e+02)
85      0.294   7.06e-01   1.27e+00   9.65e-01   5.75e+00   0.00e+00 (  1.24e+02,  1.52e+02)
90      0.546   1.24e+00   1.74e+00   1.12e+00   1.94e+01   0.00e+00 (  2.78e+02,  1.44e+02)
95      0.502   9.24e-01   1.31e+00   9.99e-01   3.18e+01   0.00e+00 (  4.87e+02,  1.37e+02)
24 e: 7.380e-04 i: 2.784e-03 :: e: 7.051e-02 i: 6.086e-02 :: n: 2.762e+01 e:24.805 i:31.902 v:4.993e+03
>>> tau_he = 5.000000, nhe(0)=3.469218e+00
 5     -0.048   1.64e-02   5.49e-01   8.08e-03  -2.24e-01   0.00e+00 (  1.09e+01,  6.21e+01)
10     -0.064   1.22e-01   3.36e-02  -9.77e-03  -3.83e-01   0.00e+00 (  8.65e+01,  1.20e+02)
15      0.053   1.93e-01   1.13e-01  -2.55e-02   3.76e-01   0.00e+00 (  1.12e+02,  1.64e+02)
20      0.084   2.04e-01   1.77e-01  -4.90e-03   6.97e-01   0.00e+00 (  1.29e+02,  1.98e+02)
25      0.194   3.71e-01   4.54e-01   1.87e-01   1.80e+00   0.00e+00 (  2.51e+02,  2.26e+02)
30      0.188   3.87e-01   4.17e-01   1.64e-01   1.93e+00   0.00e+00 (  2.42e+02,  2.43e+02)
35      0.172   3.83e-01   4.57e-01   1.83e-01   1.92e+00   0.00e+00 (  2.33e+02,  2.51e+02)
40      0.164   3.99e-01   5.22e-01   1.77e-01   1.96e+00   0.00e+00 (  2.30e+02,  2.52e+02)
45      0.183   4.44e-01   6.38e-01   2.60e-01   2.32e+00   0.00e+00 (  2.27e+02,  2.47e+02)
50      0.205   5.00e-01   7.70e-01   3.29e-01   2.72e+00   0.00e+00 (  2.19e+02,  2.37e+02)
55      0.216   5.49e-01   9.04e-01   4.60e-01   2.99e+00   0.00e+00 (  2.07e+02,  2.24e+02)
60      0.229   5.96e-01   1.03e+00   5.99e-01   3.27e+00   0.00e+00 (  1.96e+02,  2.11e+02)
65      0.217   5.97e-01   1.03e+00   6.80e-01   3.19e+00   0.00e+00 (  1.75e+02,  1.97e+02)
70      0.252   6.75e-01   1.22e+00   8.76e-01   3.79e+00   0.00e+00 (  1.71e+02,  1.84e+02)
75      0.252   7.02e-01   1.27e+00   9.59e-01   3.89e+00   0.00e+00 (  1.60e+02,  1.72e+02)
80      0.248   7.02e-01   1.28e+00   9.98e-01   4.02e+00   0.00e+00 (  1.48e+02,  1.61e+02)
85      0.293   7.06e-01   1.27e+00   9.64e-01   5.73e+00   0.00e+00 (  1.25e+02,  1.52e+02)
90      0.545   1.24e+00   1.74e+00   1.12e+00   1.94e+01   0.00e+00 (  2.78e+02,  1.44e+02)
95      0.502   9.24e-01   1.31e+00   9.99e-01   3.18e+01   0.00e+00 (  4.87e+02,  1.37e+02)
25 e: 1.869e-04 i: 1.157e-03 :: e: 4.778e-02 i: 4.682e-02 :: n: 2.762e+01 e:24.933 i:31.771 v:4.993e+03
>>> tau_he = 5.000000, nhe(0)=3.463368e+00
 5     -0.047   1.64e-02   5.58e-01   8.28e-03  -2.21e-01   0.00e+00 (  1.10e+01,  6.21e+01)
10     -0.076   1.25e-01   3.15e-02  -1.25e-02  -4.52e-01   0.00e+00 (  8.91e+01,  1.20e+02)
15      0.037   1.97e-01   1.20e-01  -3.70e-02   2.66e-01   0.00e+00 (  1.18e+02,  1.64e+02)
20      0.079   2.07e-01   1.85e-01  -4.33e-02   6.52e-01   0.00e+00 (  1.34e+02,  1.98e+02)
25      0.193   3.84e-01   4.26e-01   1.14e-01   1.80e+00   0.00e+00 (  2.59e+02,  2.26e+02)
30      0.185   3.86e-01   4.15e-01   1.64e-01   1.90e+00   0.00e+00 (  2.41e+02,  2.43e+02)
35      0.171   3.83e-01   4.58e-01   1.83e-01   1.90e+00   0.00e+00 (  2.35e+02,  2.51e+02)
40      0.163   3.99e-01   5.24e-01   1.77e-01   1.95e+00   0.00e+00 (  2.31e+02,  2.52e+02)
45      0.182   4.46e-01   6.40e-01   2.60e-01   2.30e+00   0.00e+00 (  2.28e+02,  2.47e+02)
50      0.203   5.01e-01   7.73e-01   3.20e-01   2.70e+00   0.00e+00 (  2.21e+02,  2.37e+02)
55      0.215   5.50e-01   9.06e-01   4.60e-01   2.97e+00   0.00e+00 (  2.08e+02,  2.24e+02)
60      0.228   5.97e-01   1.03e+00   5.99e-01   3.26e+00   0.00e+00 (  1.97e+02,  2.11e+02)
65      0.216   5.99e-01   1.04e+00   6.81e-01   3.18e+00   0.00e+00 (  1.76e+02,  1.97e+02)
70      0.251   6.75e-01   1.22e+00   8.75e-01   3.78e+00   0.00e+00 (  1.71e+02,  1.84e+02)
75      0.251   7.02e-01   1.27e+00   9.58e-01   3.88e+00   0.00e+00 (  1.60e+02,  1.72e+02)
80      0.247   7.01e-01   1.28e+00   9.97e-01   4.00e+00   0.00e+00 (  1.48e+02,  1.61e+02)
85      0.292   7.06e-01   1.27e+00   9.63e-01   5.72e+00   0.00e+00 (  1.25e+02,  1.52e+02)
90      0.545   1.23e+00   1.74e+00   1.12e+00   1.94e+01   0.00e+00 (  2.79e+02,  1.44e+02)
95      0.502   9.24e-01   1.31e+00   9.99e-01   3.18e+01   0.00e+00 (  4.87e+02,  1.37e+02)
26 e: 2.040e-04 i: 8.888e-04 :: e: 4.404e-02 i: 4.028e-02 :: n: 2.762e+01 e:24.852 i:31.755 v:4.993e+03
>>> tau_he = 5.000000, nhe(0)=3.462573e+00
 5     -0.047   1.64e-02   5.67e-01   8.33e-03  -2.20e-01   0.00e+00 (  1.10e+01,  6.21e+01)
10     -0.076   1.22e-01   2.89e-02  -1.15e-02  -4.54e-01   0.00e+00 (  8.71e+01,  1.20e+02)
15      0.403   5.43e-01   5.84e-01   1.23e-01   2.87e+00   0.00e+00 (  3.30e+02,  1.64e+02)
20      0.324   4.47e-01   4.83e-01   1.60e-01   2.67e+00   0.00e+00 (  2.92e+02,  1.98e+02)
25      0.088   2.07e-01   2.01e-01   2.02e-02   8.17e-01   0.00e+00 (  1.37e+02,  2.26e+02)
30      0.182   3.80e-01   4.08e-01   1.59e-01   1.87e+00   0.00e+00 (  2.35e+02,  2.43e+02)
35      0.169   3.80e-01   4.52e-01   1.81e-01   1.88e+00   0.00e+00 (  2.30e+02,  2.51e+02)
40      0.161   3.97e-01   5.19e-01   1.76e-01   1.93e+00   0.00e+00 (  2.29e+02,  2.52e+02)
45      0.180   4.42e-01   6.33e-01   2.58e-01   2.28e+00   0.00e+00 (  2.25e+02,  2.47e+02)
50      0.202   4.97e-01   7.66e-01   3.16e-01   2.68e+00   0.00e+00 (  2.17e+02,  2.37e+02)
55      0.214   5.46e-01   8.98e-01   4.57e-01   2.96e+00   0.00e+00 (  2.06e+02,  2.24e+02)
60      0.227   5.93e-01   1.02e+00   5.95e-01   3.25e+00   0.00e+00 (  1.94e+02,  2.11e+02)
65      0.216   5.97e-01   1.03e+00   6.79e-01   3.18e+00   0.00e+00 (  1.74e+02,  1.97e+02)
70      0.251   6.72e-01   1.22e+00   8.71e-01   3.78e+00   0.00e+00 (  1.70e+02,  1.84e+02)
75      0.251   6.99e-01   1.26e+00   9.54e-01   3.88e+00   0.00e+00 (  1.58e+02,  1.72e+02)
80      0.248   6.99e-01   1.28e+00   9.94e-01   4.01e+00   0.00e+00 (  1.47e+02,  1.61e+02)
85      0.293   7.05e-01   1.27e+00   9.62e-01   5.73e+00   0.00e+00 (  1.24e+02,  1.52e+02)
90      0.546   1.24e+00   1.74e+00   1.12e+00   1.94e+01   0.00e+00 (  2.79e+02,  1.44e+02)
95      0.502   9.24e-01   1.31e+00   9.99e-01   3.18e+01   0.00e+00 (  4.87e+02,  1.37e+02)
27 e: 7.701e-04 i: 3.028e-03 :: e: 6.406e-02 i: 5.446e-02 :: n: 2.762e+01 e:24.686 i:31.920 v:4.993e+03
>>> tau_he = 5.000000, nhe(0)=3.470027e+00
 5     -0.048   1.64e-02   5.49e-01   7.83e-03  -2.27e-01   0.00e+00 (  1.10e+01,  6.21e+01)
10     -0.061   1.21e-01   3.34e-02  -9.57e-03  -3.63e-01   0.00e+00 (  8.53e+01,  1.20e+02)
15      0.046   1.94e-01   1.14e-01  -2.85e-02   3.32e-01   0.00e+00 (  1.12e+02,  1.64e+02)
20      0.086   2.03e-01   1.76e-01  -4.59e-03   7.06e-01   0.00e+00 (  1.28e+02,  1.98e+02)
25      0.189   3.64e-01   4.46e-01   1.79e-01   1.76e+00   0.00e+00 (  2.43e+02,  2.26e+02)
30      0.187   3.84e-01   4.13e-01   1.61e-01   1.92e+00   0.00e+00 (  2.38e+02,  2.43e+02)
35      0.172   3.81e-01   4.54e-01   1.81e-01   1.91e+00   0.00e+00 (  2.31e+02,  2.51e+02)
40      0.164   3.97e-01   5.19e-01   1.77e-01   1.96e+00   0.00e+00 (  2.28e+02,  2.52e+02)
45      0.182   4.42e-01   6.34e-01   2.59e-01   2.31e+00   0.00e+00 (  2.25e+02,  2.47e+02)
50      0.203   4.97e-01   7.66e-01   3.16e-01   2.70e+00   0.00e+00 (  2.17e+02,  2.37e+02)
55      0.215   5.46e-01   8.98e-01   4.57e-01   2.98e+00   0.00e+00 (  2.05e+02,  2.24e+02)
60      0.228   5.93e-01   1.02e+00   5.96e-01   3.27e+00   0.00e+00 (  1.94e+02,  2.11e+02)
65      0.218   5.97e-01   1.03e+00   6.81e-01   3.21e+00   0.00e+00 (  1.74e+02,  1.97e+02)
70      0.251   6.72e-01   1.22e+00   8.72e-01   3.79e+00   0.00e+00 (  1.69e+02,  1.84e+02)
75      0.252   6.98e-01   1.26e+00   9.54e-01   3.89e+00   0.00e+00 (  1.58e+02,  1.72e+02)
80      0.248   6.99e-01   1.28e+00   9.94e-01   4.02e+00   0.00e+00 (  1.47e+02,  1.61e+02)
85      0.293   7.05e-01   1.27e+00   9.63e-01   5.73e+00   0.00e+00 (  1.24e+02,  1.52e+02)
90      0.546   1.24e+00   1.74e+00   1.12e+00   1.94e+01   0.00e+00 (  2.79e+02,  1.44e+02)
95      0.502   9.24e-01   1.31e+00   9.99e-01   3.18e+01   0.00e+00 (  4.87e+02,  1.37e+02)
28 e: 1.902e-04 i: 1.045e-03 :: e: 3.892e-02 i: 3.737e-02 :: n: 2.762e+01 e:24.862 i:31.753 v:4.993e+03
>>> tau_he = 5.000000, nhe(0)=3.462567e+00
 5     -0.047   1.64e-02   5.56e-01   8.27e-03  -2.23e-01   0.00e+00 (  1.11e+01,  6.21e+01)
10     -0.029   1.21e-01   3.13e-02  -5.97e-03  -1.73e-01   0.00e+00 (  8.60e+01,  1.20e+02)
15      0.396   5.38e-01   5.70e-01   1.16e-01   2.82e+00   0.00e+00 (  3.18e+02,  1.64e+02)
20      0.322   4.46e-01   4.78e-01   1.57e-01   2.66e+00   0.00e+00 (  2.87e+02,  1.98e+02)
25      0.089   2.10e-01   2.03e-01   1.27e-02   8.30e-01   0.00e+00 (  1.40e+02,  2.26e+02)
30      0.185   3.84e-01   4.14e-01   1.63e-01   1.90e+00   0.00e+00 (  2.39e+02,  2.43e+02)
35      0.171   3.82e-01   4.57e-01   1.83e-01   1.90e+00   0.00e+00 (  2.33e+02,  2.51e+02)
40      0.163   4.00e-01   5.24e-01   1.78e-01   1.94e+00   0.00e+00 (  2.31e+02,  2.52e+02)
45      0.182   4.45e-01   6.41e-01   2.60e-01   2.30e+00   0.00e+00 (  2.27e+02,  2.47e+02)
50      0.203   5.00e-01   7.73e-01   3.20e-01   2.69e+00   0.00e+00 (  2.20e+02,  2.37e+02)
55      0.214   5.49e-01   9.05e-01   4.60e-01   2.96e+00   0.00e+00 (  2.07e+02,  2.24e+02)
60      0.227   5.96e-01   1.03e+00   5.99e-01   3.25e+00   0.00e+00 (  1.96e+02,  2.11e+02)
65      0.251   6.54e-01   1.18e+00   7.79e-01   3.70e+00   0.00e+00 (  1.92e+02,  1.97e+02)
70      0.250   6.73e-01   1.22e+00   8.73e-01   3.76e+00   0.00e+00 (  1.70e+02,  1.84e+02)
75      0.250   6.99e-01   1.26e+00   9.54e-01   3.86e+00   0.00e+00 (  1.59e+02,  1.72e+02)
80      0.246   6.99e-01   1.28e+00   9.92e-01   3.99e+00   0.00e+00 (  1.47e+02,  1.61e+02)
85      0.291   7.04e-01   1.27e+00   9.60e-01   5.70e+00   0.00e+00 (  1.24e+02,  1.52e+02)
90      0.545   1.23e+00   1.74e+00   1.12e+00   1.94e+01   0.00e+00 (  2.79e+02,  1.44e+02)
95      0.502   9.24e-01   1.31e+00   9.99e-01   3.18e+01   0.00e+00 (  4.87e+02,  1.37e+02)
29 e: 7.409e-04 i: 2.580e-03 :: e: 6.447e-02 i: 5.894e-02 :: n: 2.762e+01 e:24.574 i:31.981 v:4.993e+03
>>> tau_he = 5.000000, nhe(0)=3.472738e+00
 5     -0.049   1.64e-02   5.43e-01   7.72e-03  -2.29e-01   0.00e+00 (  1.10e+01,  6.21e+01)
10     -0.062   1.23e-01   3.52e-02  -9.88e-03  -3.69e-01   0.00e+00 (  8.54e+01,  1.20e+02)
15      0.064   1.92e-01   1.10e-01  -2.16e-02   4.54e-01   0.00e+00 (  1.08e+02,  1.64e+02)
20      0.087   2.02e-01   1.73e-01  -3.48e-03   7.16e-01   0.00e+00 (  1.25e+02,  1.98e+02)
25      0.193   3.68e-01   4.48e-01   1.80e-01   1.79e+00   0.00e+00 (  2.46e+02,  2.26e+02)
30      0.188   3.85e-01   4.13e-01   1.61e-01   1.93e+00   0.00e+00 (  2.38e+02,  2.43e+02)
35      0.172   3.81e-01   4.52e-01   1.81e-01   1.92e+00   0.00e+00 (  2.31e+02,  2.51e+02)
40      0.164   3.96e-01   5.17e-01   1.76e-01   1.96e+00   0.00e+00 (  2.27e+02,  2.52e+02)
45      0.183   4.41e-01   6.31e-01   2.58e-01   2.31e+00   0.00e+00 (  2.24e+02,  2.47e+02)
50      0.205   4.97e-01   7.62e-01   3.26e-01   2.72e+00   0.00e+00 (  2.16e+02,  2.37e+02)
55      0.216   5.45e-01   8.96e-01   4.56e-01   2.99e+00   0.00e+00 (  2.04e+02,  2.24e+02)
60      0.229   5.91e-01   1.02e+00   5.93e-01   3.27e+00   0.00e+00 (  1.93e+02,  2.11e+02)
65      0.216   5.92e-01   1.02e+00   6.73e-01   3.18e+00   0.00e+00 (  1.72e+02,  1.97e+02)
70      0.252   6.70e-01   1.22e+00   8.69e-01   3.80e+00   0.00e+00 (  1.69e+02,  1.84e+02)
75      0.253   6.98e-01   1.26e+00   9.54e-01   3.91e+00   0.00e+00 (  1.57e+02,  1.72e+02)
80      0.250   6.99e-01   1.28e+00   9.95e-01   4.04e+00   0.00e+00 (  1.46e+02,  1.61e+02)
85      0.294   7.07e-01   1.28e+00   9.66e-01   5.76e+00   0.00e+00 (  1.24e+02,  1.52e+02)
90      0.546   1.24e+00   1.75e+00   1.13e+00   1.94e+01   0.00e+00 (  2.79e+02,  1.44e+02)
95      0.502   9.24e-01   1.31e+00   9.99e-01   3.18e+01   0.00e+00 (  4.87e+02,  1.37e+02)
30 e: 2.814e-04 i: 1.169e-03 :: e: 3.949e-02 i: 3.721e-02 :: n: 2.762e+01 e:24.844 i:31.721 v:4.993e+03
>>> tau_he = 5.000000, nhe(0)=3.461138e+00
 5     -0.048   1.64e-02   5.49e-01   8.22e-03  -2.24e-01   0.00e+00 (  1.11e+01,  6.21e+01)
10     -0.067   1.21e-01   3.27e-02  -9.60e-03  -4.02e-01   0.00e+00 (  8.53e+01,  1.20e+02)
15      0.048   1.98e-01   1.18e-01  -3.46e-02   3.44e-01   0.00e+00 (  1.14e+02,  1.64e+02)
20      0.083   2.06e-01   1.84e-01  -3.29e-02   6.84e-01   0.00e+00 (  1.31e+02,  1.98e+02)
25      0.090   2.11e-01   2.04e-01   8.65e-03   8.38e-01   0.00e+00 (  1.42e+02,  2.26e+02)
30      0.187   3.86e-01   4.17e-01   1.65e-01   1.91e+00   0.00e+00 (  2.41e+02,  2.43e+02)
35      0.172   3.84e-01   4.60e-01   1.84e-01   1.91e+00   0.00e+00 (  2.35e+02,  2.51e+02)
40      0.164   4.00e-01   5.28e-01   1.79e-01   1.96e+00   0.00e+00 (  2.32e+02,  2.52e+02)
45      0.183   4.47e-01   6.46e-01   2.63e-01   2.32e+00   0.00e+00 (  2.29e+02,  2.47e+02)
50      0.204   5.03e-01   7.80e-01   3.23e-01   2.71e+00   0.00e+00 (  2.21e+02,  2.37e+02)
55      0.215   5.51e-01   9.12e-01   4.64e-01   2.98e+00   0.00e+00 (  2.09e+02,  2.24e+02)
60      0.227   5.98e-01   1.03e+00   6.02e-01   3.26e+00   0.00e+00 (  1.97e+02,  2.11e+02)
65      0.250   6.53e-01   1.18e+00   7.77e-01   3.67e+00   0.00e+00 (  1.92e+02,  1.97e+02)
70      0.249   6.75e-01   1.22e+00   8.75e-01   3.76e+00   0.00e+00 (  1.71e+02,  1.84e+02)
75      0.250   7.01e-01   1.27e+00   9.56e-01   3.85e+00   0.00e+00 (  1.60e+02,  1.72e+02)
80      0.246   7.00e-01   1.28e+00   9.93e-01   3.97e+00   0.00e+00 (  1.48e+02,  1.61e+02)
85      0.291   7.04e-01   1.27e+00   9.60e-01   5.69e+00   0.00e+00 (  1.25e+02,  1.52e+02)
90      0.545   1.23e+00   1.74e+00   1.12e+00   1.94e+01   0.00e+00 (  2.79e+02,  1.44e+02)
95      0.502   9.24e-01   1.31e+00   9.99e-01   3.18e+01   0.00e+00 (  4.87e+02,  1.37e+02)
31 e: 1.695e-04 i: 5.299e-04 :: e: 4.504e-02 i: 4.596e-02 :: n: 2.762e+01 e:24.704 i:31.833 v:4.993e+03
>>> tau_he = 5.000000, nhe(0)=3.466056e+00
 5     -0.047   1.64e-02   5.65e-01   8.25e-03  -2.22e-01   0.00e+00 (  1.10e+01,  6.21e+01)
10     -0.027   1.19e-01   2.87e-02  -4.81e-03  -1.59e-01   0.00e+00 (  8.34e+01,  1.20e+02)
15      0.398   5.37e-01   5.68e-01   1.12e-01   2.84e+00   0.00e+00 (  3.15e+02,  1.64e+02)
20      0.324   4.45e-01   4.77e-01   1.54e-01   2.67e+00   0.00e+00 (  2.86e+02,  1.98e+02)
25      0.186   3.60e-01   4.43e-01   1.79e-01   1.73e+00   0.00e+00 (  2.43e+02,  2.26e+02)
30      0.183   3.79e-01   4.07e-01   1.59e-01   1.88e+00   0.00e+00 (  2.34e+02,  2.43e+02)
35      0.168   3.77e-01   4.48e-01   1.79e-01   1.88e+00   0.00e+00 (  2.27e+02,  2.51e+02)
40      0.161   3.95e-01   5.15e-01   1.76e-01   1.92e+00   0.00e+00 (  2.26e+02,  2.52e+02)
45      0.180   4.39e-01   6.29e-01   2.56e-01   2.27e+00   0.00e+00 (  2.22e+02,  2.47e+02)
50      0.201   4.94e-01   7.60e-01   3.14e-01   2.67e+00   0.00e+00 (  2.15e+02,  2.37e+02)
55      0.213   5.43e-01   8.92e-01   4.54e-01   2.95e+00   0.00e+00 (  2.03e+02,  2.24e+02)
60      0.226   5.89e-01   1.01e+00   5.90e-01   3.23e+00   0.00e+00 (  1.92e+02,  2.11e+02)
65      0.212   5.87e-01   1.01e+00   6.64e-01   3.13e+00   0.00e+00 (  1.70e+02,  1.97e+02)
70      0.250   6.68e-01   1.21e+00   8.65e-01   3.77e+00   0.00e+00 (  1.68e+02,  1.84e+02)
75      0.252   6.96e-01   1.26e+00   9.50e-01   3.89e+00   0.00e+00 (  1.57e+02,  1.72e+02)
80      0.249   6.97e-01   1.27e+00   9.91e-01   4.03e+00   0.00e+00 (  1.46e+02,  1.61e+02)
85      0.293   7.05e-01   1.27e+00   9.63e-01   5.74e+00   0.00e+00 (  1.24e+02,  1.52e+02)
90      0.546   1.24e+00   1.75e+00   1.13e+00   1.94e+01   0.00e+00 (  2.79e+02,  1.44e+02)
95      0.502   9.24e-01   1.31e+00   9.99e-01   3.18e+01   0.00e+00 (  4.87e+02,  1.37e+02)
32 e: 4.014e-04 i: 1.402e-03 :: e: 5.013e-02 i: 4.449e-02 :: n: 2.762e+01 e:24.610 i:31.854 v:4.993e+03
>>> tau_he = 5.000000, nhe(0)=3.467078e+00
 5     -0.049   1.64e-02   5.41e-01   7.79e-03  -2.28e-01   0.00e+00 (  1.10e+01,  6.21e+01)
10     -0.063   1.22e-01   3.48e-02  -1.00e-02  -3.73e-01   0.00e+00 (  8.51e+01,  1.20e+02)
15      0.054   1.94e-01   1.13e-01  -2.69e-02   3.86e-01   0.00e+00 (  1.09e+02,  1.64e+02)
20      0.086   2.02e-01   1.75e-01  -3.70e-03   7.07e-01   0.00e+00 (  1.25e+02,  1.98e+02)
25      0.197   3.80e-01   4.22e-01   1.12e-01   1.83e+00   0.00e+00 (  2.53e+02,  2.26e+02)
30      0.187   3.84e-01   4.13e-01   1.62e-01   1.92e+00   0.00e+00 (  2.37e+02,  2.43e+02)
35      0.172   3.81e-01   4.55e-01   1.82e-01   1.92e+00   0.00e+00 (  2.31e+02,  2.51e+02)
40      0.165   3.97e-01   5.22e-01   1.78e-01   1.96e+00   0.00e+00 (  2.28e+02,  2.52e+02)
45      0.183   4.43e-01   6.38e-01   2.60e-01   2.32e+00   0.00e+00 (  2.25e+02,  2.47e+02)
50      0.205   4.98e-01   7.69e-01   3.29e-01   2.72e+00   0.00e+00 (  2.17e+02,  2.37e+02)
55      0.216   5.46e-01   9.02e-01   4.59e-01   2.98e+00   0.00e+00 (  2.05e+02,  2.24e+02)
60      0.228   5.92e-01   1.02e+00   5.96e-01   3.26e+00   0.00e+00 (  1.93e+02,  2.11e+02)
65      0.214   5.92e-01   1.02e+00   6.72e-01   3.16e+00   0.00e+00 (  1.72e+02,  1.97e+02)
70      0.250   6.70e-01   1.22e+00   8.69e-01   3.77e+00   0.00e+00 (  1.69e+02,  1.84e+02)
75      0.251   6.97e-01   1.26e+00   9.52e-01   3.87e+00   0.00e+00 (  1.57e+02,  1.72e+02)
80      0.247   6.97e-01   1.27e+00   9.90e-01   4.00e+00   0.00e+00 (  1.46e+02,  1.61e+02)
85      0.292   7.04e-01   1.27e+00   9.60e-01   5.71e+00   0.00e+00 (  1.24e+02,  1.52e+02)
90      0.546   1.23e+00   1.74e+00   1.12e+00   1.94e+01   0.00e+00 (  2.79e+02,  1.44e+02)
95      0.502   9.24e-01   1.31e+00   9.99e-01   3.18e+01   0.00e+00 (  4.87e+02,  1.37e+02)
33 e: 2.076e-04 i: 9.022e-04 :: e: 3.718e-02 i: 3.272e-02 :: n: 2.762e+01 e:24.696 i:31.694 v:4.993e+03
>>> tau_he = 5.000000, nhe(0)=3.459819e+00
 5     -0.048   1.63e-02   5.50e-01   8.19e-03  -2.23e-01   0.00e+00 (  1.10e+01,  6.21e+01)
10     -0.031   1.21e-01   3.19e-02  -5.74e-03  -1.83e-01   0.00e+00 (  8.48e+01,  1.20e+02)
15      0.049   1.97e-01   1.19e-01  -3.51e-02   3.50e-01   0.00e+00 (  1.14e+02,  1.64e+02)
20      0.083   2.04e-01   1.83e-01  -3.42e-02   6.83e-01   0.00e+00 (  1.29e+02,  1.98e+02)
25      0.089   2.07e-01   2.01e-01   1.86e-02   8.25e-01   0.00e+00 (  1.37e+02,  2.26e+02)
30      0.184   3.81e-01   4.10e-01   1.61e-01   1.89e+00   0.00e+00 (  2.36e+02,  2.43e+02)
35      0.170   3.80e-01   4.54e-01   1.82e-01   1.89e+00   0.00e+00 (  2.31e+02,  2.51e+02)
40      0.163   3.98e-01   5.21e-01   1.77e-01   1.94e+00   0.00e+00 (  2.29e+02,  2.52e+02)
45      0.181   4.42e-01   6.37e-01   2.59e-01   2.29e+00   0.00e+00 (  2.25e+02,  2.47e+02)
50      0.202   4.98e-01   7.69e-01   3.18e-01   2.69e+00   0.00e+00 (  2.17e+02,  2.37e+02)
55      0.214   5.46e-01   9.00e-01   4.58e-01   2.96e+00   0.00e+00 (  2.05e+02,  2.24e+02)
60      0.226   5.92e-01   1.02e+00   5.95e-01   3.24e+00   0.00e+00 (  1.94e+02,  2.11e+02)
65      0.214   5.93e-01   1.02e+00   6.73e-01   3.15e+00   0.00e+00 (  1.72e+02,  1.97e+02)
70      0.249   6.69e-01   1.21e+00   8.68e-01   3.76e+00   0.00e+00 (  1.69e+02,  1.84e+02)
75      0.250   6.96e-01   1.26e+00   9.50e-01   3.86e+00   0.00e+00 (  1.57e+02,  1.72e+02)
80      0.247   6.96e-01   1.27e+00   9.89e-01   3.99e+00   0.00e+00 (  1.46e+02,  1.61e+02)
85      0.292   7.03e-01   1.27e+00   9.59e-01   5.71e+00   0.00e+00 (  1.24e+02,  1.52e+02)
90      0.546   1.23e+00   1.74e+00   1.12e+00   1.94e+01   0.00e+00 (  2.79e+02,  1.44e+02)
95      0.502   9.24e-01   1.31e+00   9.99e-01   3.18e+01   0.00e+00 (  4.87e+02,  1.37e+02)
34 e: 1.285e-04 i: 4.560e-04 :: e: 3.522e-02 i: 3.229e-02 :: n: 2.762e+01 e:24.688 i:31.715 v:4.993e+03
>>> tau_he = 5.000000, nhe(0)=3.460672e+00
 5     -0.047   1.64e-02   5.63e-01   8.28e-03  -2.21e-01   0.00e+00 (  1.10e+01,  6.21e+01)
10     -0.027   1.18e-01   2.80e-02  -4.84e-03  -1.61e-01   0.00e+00 (  8.26e+01,  1.20e+02)
15      0.408   5.41e-01   5.75e-01   1.16e-01   2.92e+00   0.00e+00 (  3.18e+02,  1.64e+02)
20      0.324   4.44e-01   4.77e-01   1.56e-01   2.68e+00   0.00e+00 (  2.85e+02,  1.98e+02)
25      0.182   3.58e-01   4.39e-01   1.74e-01   1.69e+00   0.00e+00 (  2.40e+02,  2.26e+02)
30      0.182   3.77e-01   4.06e-01   1.59e-01   1.87e+00   0.00e+00 (  2.32e+02,  2.43e+02)
35      0.168   3.76e-01   4.49e-01   1.79e-01   1.87e+00   0.00e+00 (  2.26e+02,  2.51e+02)
40      0.161   3.94e-01   5.17e-01   1.76e-01   1.92e+00   0.00e+00 (  2.25e+02,  2.52e+02)
45      0.179   4.39e-01   6.31e-01   2.57e-01   2.27e+00   0.00e+00 (  2.22e+02,  2.47e+02)
50      0.200   4.94e-01   7.63e-01   3.16e-01   2.66e+00   0.00e+00 (  2.14e+02,  2.37e+02)
55      0.212   5.42e-01   8.93e-01   4.55e-01   2.94e+00   0.00e+00 (  2.03e+02,  2.24e+02)
60      0.225   5.88e-01   1.02e+00   5.91e-01   3.22e+00   0.00e+00 (  1.91e+02,  2.11e+02)
65      0.214   5.90e-01   1.02e+00   6.71e-01   3.15e+00   0.00e+00 (  1.71e+02,  1.97e+02)
70      0.249   6.67e-01   1.21e+00   8.64e-01   3.75e+00   0.00e+00 (  1.67e+02,  1.84e+02)
75      0.250   6.93e-01   1.25e+00   9.46e-01   3.85e+00   0.00e+00 (  1.56e+02,  1.72e+02)
80      0.246   6.93e-01   1.27e+00   9.85e-01   3.99e+00   0.00e+00 (  1.45e+02,  1.61e+02)
85      0.291   7.02e-01   1.27e+00   9.56e-01   5.70e+00   0.00e+00 (  1.23e+02,  1.52e+02)
90      0.545   1.23e+00   1.74e+00   1.12e+00   1.94e+01   0.00e+00 (  2.79e+02,  1.44e+02)
95      0.502   9.24e-01   1.31e+00   9.99e-01   3.18e+01   0.00e+00 (  4.87e+02,  1.37e+02)
35 e: 4.546e-04 i: 1.477e-03 :: e: 4.617e-02 i: 4.102e-02 :: n: 2.762e+01 e:24.503 i:31.835 v:4.993e+03
>>> tau_he = 5.000000, nhe(0)=3.466150e+00
 5     -0.048   1.63e-02   5.42e-01   7.76e-03  -2.27e-01   0.00e+00 (  1.09e+01,  6.21e+01)
10     -0.062   1.21e-01   3.39e-02  -9.57e-03  -3.68e-01   0.00e+00 (  8.39e+01,  1.20e+02)
15      0.055   1.94e-01   1.14e-01  -2.74e-02   3.92e-01   0.00e+00 (  1.09e+02,  1.64e+02)
20      0.088   2.01e-01   1.74e-01  -3.77e-03   7.23e-01   0.00e+00 (  1.24e+02,  1.98e+02)
25      0.091   2.08e-01   2.00e-01   1.36e-02   8.45e-01   0.00e+00 (  1.37e+02,  2.26e+02)
30      0.185   3.80e-01   4.09e-01   1.59e-01   1.90e+00   0.00e+00 (  2.34e+02,  2.43e+02)
35      0.171   3.78e-01   4.50e-01   1.80e-01   1.90e+00   0.00e+00 (  2.28e+02,  2.51e+02)
40      0.163   3.95e-01   5.17e-01   1.77e-01   1.95e+00   0.00e+00 (  2.26e+02,  2.52e+02)
45      0.182   4.39e-01   6.31e-01   2.57e-01   2.30e+00   0.00e+00 (  2.22e+02,  2.47e+02)
50      0.202   4.94e-01   7.61e-01   3.15e-01   2.69e+00   0.00e+00 (  2.14e+02,  2.37e+02)
55      0.214   5.42e-01   8.92e-01   4.54e-01   2.96e+00   0.00e+00 (  2.02e+02,  2.24e+02)
60      0.227   5.88e-01   1.02e+00   5.91e-01   3.25e+00   0.00e+00 (  1.91e+02,  2.11e+02)
65      0.216   5.91e-01   1.02e+00   6.73e-01   3.18e+00   0.00e+00 (  1.71e+02,  1.97e+02)
70      0.250   6.66e-01   1.21e+00   8.64e-01   3.77e+00   0.00e+00 (  1.67e+02,  1.84e+02)
75      0.251   6.92e-01   1.25e+00   9.46e-01   3.87e+00   0.00e+00 (  1.55e+02,  1.72e+02)
80      0.247   6.93e-01   1.27e+00   9.85e-01   4.00e+00   0.00e+00 (  1.44e+02,  1.61e+02)
85      0.292   7.02e-01   1.27e+00   9.57e-01   5.71e+00   0.00e+00 (  1.23e+02,  1.52e+02)
90      0.546   1.24e+00   1.74e+00   1.12e+00   1.94e+01   0.00e+00 (  2.79e+02,  1.44e+02)
95      0.502   9.24e-01   1.31e+00   9.99e-01   3.18e+01   0.00e+00 (  4.87e+02,  1.37e+02)
36 e: 1.737e-04 i: 4.309e-04 :: e: 3.377e-02 i: 2.993e-02 :: n: 2.762e+01 e:24.728 i:31.720 v:4.993e+03
>>> tau_he = 5.000000, nhe(0)=3.460996e+00
 5     -0.048   1.64e-02   5.54e-01   8.23e-03  -2.23e-01   0.00e+00 (  1.10e+01,  6.21e+01)
10     -0.030   1.21e-01   3.12e-02  -5.50e-03  -1.82e-01   0.00e+00 (  8.45e+01,  1.20e+02)
15      0.400   5.36e-01   5.63e-01   1.11e-01   2.86e+00   0.00e+00 (  3.09e+02,  1.64e+02)
20      0.323   4.44e-01   4.74e-01   1.54e-01   2.67e+00   0.00e+00 (  2.82e+02,  1.98e+02)
25      0.190   3.64e-01   4.47e-01   1.82e-01   1.76e+00   0.00e+00 (  2.46e+02,  2.26e+02)
30      0.185   3.81e-01   4.13e-01   1.63e-01   1.89e+00   0.00e+00 (  2.37e+02,  2.43e+02)
35      0.170   3.79e-01   4.54e-01   1.82e-01   1.89e+00   0.00e+00 (  2.30e+02,  2.51e+02)
40      0.162   3.97e-01   5.22e-01   1.78e-01   1.94e+00   0.00e+00 (  2.28e+02,  2.52e+02)
45      0.181   4.42e-01   6.39e-01   2.60e-01   2.29e+00   0.00e+00 (  2.25e+02,  2.47e+02)
50      0.202   4.97e-01   7.71e-01   3.19e-01   2.68e+00   0.00e+00 (  2.17e+02,  2.37e+02)
55      0.213   5.45e-01   9.01e-01   4.58e-01   2.95e+00   0.00e+00 (  2.05e+02,  2.24e+02)
60      0.226   5.91e-01   1.02e+00   5.95e-01   3.23e+00   0.00e+00 (  1.93e+02,  2.11e+02)
65      0.215   5.94e-01   1.03e+00   6.78e-01   3.16e+00   0.00e+00 (  1.73e+02,  1.97e+02)
70      0.248   6.68e-01   1.21e+00   8.67e-01   3.74e+00   0.00e+00 (  1.68e+02,  1.84e+02)
75      0.249   6.94e-01   1.25e+00   9.46e-01   3.84e+00   0.00e+00 (  1.56e+02,  1.72e+02)
80      0.245   6.93e-01   1.27e+00   9.83e-01   3.96e+00   0.00e+00 (  1.45e+02,  1.61e+02)
85      0.290   7.00e-01   1.26e+00   9.52e-01   5.67e+00   0.00e+00 (  1.23e+02,  1.52e+02)
90      0.545   1.23e+00   1.74e+00   1.12e+00   1.94e+01   0.00e+00 (  2.79e+02,  1.44e+02)
95      0.502   9.24e-01   1.31e+00   9.99e-01   3.18e+01   0.00e+00 (  4.87e+02,  1.37e+02)
37 e: 4.794e-04 i: 1.232e-03 :: e: 4.574e-02 i: 3.993e-02 :: n: 2.762e+01 e:24.430 i:31.890 v:4.993e+03
>>> tau_he = 5.000000, nhe(0)=3.468646e+00
 5     -0.048   1.64e-02   5.39e-01   7.55e-03  -2.25e-01   0.00e+00 (  1.10e+01,  6.21e+01)
10     -0.057   1.22e-01   3.47e-02  -8.81e-03  -3.41e-01   0.00e+00 (  8.38e+01,  1.20e+02)
15      0.069   1.93e-01   1.10e-01  -2.09e-02   4.95e-01   0.00e+00 (  1.06e+02,  1.64e+02)
20      0.088   2.00e-01   1.71e-01  -2.80e-03   7.27e-01   0.00e+00 (  1.22e+02,  1.98e+02)
25      0.094   2.08e-01   2.00e-01   1.32e-02   8.77e-01   0.00e+00 (  1.38e+02,  2.26e+02)
30      0.186   3.82e-01   4.09e-01   1.58e-01   1.91e+00   0.00e+00 (  2.35e+02,  2.43e+02)
35      0.171   3.79e-01   4.50e-01   1.79e-01   1.91e+00   0.00e+00 (  2.28e+02,  2.51e+02)
40      0.164   3.94e-01   5.15e-01   1.76e-01   1.95e+00   0.00e+00 (  2.25e+02,  2.52e+02)
45      0.182   4.39e-01   6.27e-01   2.56e-01   2.30e+00   0.00e+00 (  2.21e+02,  2.47e+02)
50      0.203   4.93e-01   7.57e-01   3.24e-01   2.70e+00   0.00e+00 (  2.14e+02,  2.37e+02)
55      0.214   5.41e-01   8.88e-01   4.52e-01   2.97e+00   0.00e+00 (  2.02e+02,  2.24e+02)
60      0.228   5.88e-01   1.01e+00   5.90e-01   3.26e+00   0.00e+00 (  1.91e+02,  2.11e+02)
65      0.218   5.92e-01   1.02e+00   6.75e-01   3.21e+00   0.00e+00 (  1.71e+02,  1.97e+02)
70      0.251   6.66e-01   1.21e+00   8.65e-01   3.79e+00   0.00e+00 (  1.66e+02,  1.84e+02)
75      0.252   6.92e-01   1.25e+00   9.46e-01   3.89e+00   0.00e+00 (  1.55e+02,  1.72e+02)
80      0.249   6.93e-01   1.27e+00   9.87e-01   4.03e+00   0.00e+00 (  1.44e+02,  1.61e+02)
85      0.293   7.03e-01   1.27e+00   9.59e-01   5.74e+00   0.00e+00 (  1.23e+02,  1.52e+02)
90      0.546   1.24e+00   1.74e+00   1.12e+00   1.94e+01   0.00e+00 (  2.79e+02,  1.44e+02)
95      0.502   9.24e-01   1.31e+00   9.99e-01   3.18e+01   0.00e+00 (  4.87e+02,  1.37e+02)
38 e: 2.517e-04 i: 4.816e-04 :: e: 3.541e-02 i: 3.250e-02 :: n: 2.762e+01 e:24.743 i:31.707 v:4.993e+03
>>> tau_he = 5.000000, nhe(0)=3.460466e+00
 5     -0.048   1.64e-02   5.48e-01   8.19e-03  -2.24e-01   0.00e+00 (  1.10e+01,  6.21e+01)
10     -0.063   1.20e-01   3.20e-02  -9.21e-03  -3.76e-01   0.00e+00 (  8.37e+01,  1.20e+02)
15      0.055   1.98e-01   1.17e-01  -3.28e-02   3.93e-01   0.00e+00 (  1.12e+02,  1.64e+02)
20      0.083   2.05e-01   1.84e-01  -3.06e-02   6.82e-01   0.00e+00 (  1.29e+02,  1.98e+02)
25      0.192   3.67e-01   4.51e-01   1.86e-01   1.78e+00   0.00e+00 (  2.49e+02,  2.26e+02)
30      0.187   3.84e-01   4.17e-01   1.65e-01   1.91e+00   0.00e+00 (  2.39e+02,  2.43e+02)
35      0.171   3.81e-01   4.58e-01   1.83e-01   1.90e+00   0.00e+00 (  2.32e+02,  2.51e+02)
40      0.164   3.99e-01   5.26e-01   1.79e-01   1.95e+00   0.00e+00 (  2.30e+02,  2.52e+02)
45      0.182   4.45e-01   6.44e-01   2.62e-01   2.31e+00   0.00e+00 (  2.27e+02,  2.47e+02)
50      0.203   5.00e-01   7.77e-01   3.22e-01   2.70e+00   0.00e+00 (  2.19e+02,  2.37e+02)
55      0.214   5.48e-01   9.08e-01   4.62e-01   2.96e+00   0.00e+00 (  2.07e+02,  2.24e+02)
60      0.227   5.95e-01   1.03e+00   6.00e-01   3.24e+00   0.00e+00 (  1.95e+02,  2.11e+02)
65      0.251   6.53e-01   1.19e+00   7.79e-01   3.69e+00   0.00e+00 (  1.91e+02,  1.97e+02)
70      0.248   6.72e-01   1.22e+00   8.71e-01   3.74e+00   0.00e+00 (  1.70e+02,  1.84e+02)
75      0.248   6.96e-01   1.26e+00   9.50e-01   3.83e+00   0.00e+00 (  1.58e+02,  1.72e+02)
80      0.244   6.95e-01   1.27e+00   9.86e-01   3.95e+00   0.00e+00 (  1.46e+02,  1.61e+02)
85      0.289   7.00e-01   1.26e+00   9.53e-01   5.66e+00   0.00e+00 (  1.24e+02,  1.52e+02)
90      0.545   1.23e+00   1.74e+00   1.12e+00   1.94e+01   0.00e+00 (  2.79e+02,  1.44e+02)
95      0.502   9.24e-01   1.31e+00   9.99e-01   3.18e+01   0.00e+00 (  4.87e+02,  1.37e+02)
39 e: 2.533e-04 i: 1.134e-03 :: e: 3.816e-02 i: 3.931e-02 :: n: 2.762e+01 e:24.593 i:31.758 v:4.993e+03
>>> tau_he = 5.000000, nhe(0)=3.462648e+00
 5     -0.047   1.64e-02   5.60e-01   8.21e-03  -2.22e-01   0.00e+00 (  1.10e+01,  6.21e+01)
10     -0.030   1.19e-01   2.92e-02  -4.73e-03  -1.77e-01   0.00e+00 (  8.26e+01,  1.20e+02)
15      0.406   5.38e-01   5.66e-01   1.11e-01   2.90e+00   0.00e+00 (  3.10e+02,  1.64e+02)
20      0.321   4.40e-01   4.70e-01   1.51e-01   2.65e+00   0.00e+00 (  2.80e+02,  1.98e+02)
25      0.088   2.07e-01   1.99e-01   1.33e-02   8.19e-01   0.00e+00 (  1.38e+02,  2.26e+02)
30      0.182   3.77e-01   4.04e-01   1.57e-01   1.86e+00   0.00e+00 (  2.32e+02,  2.43e+02)
35      0.168   3.76e-01   4.47e-01   1.78e-01   1.87e+00   0.00e+00 (  2.26e+02,  2.51e+02)
40      0.161   3.94e-01   5.13e-01   1.75e-01   1.92e+00   0.00e+00 (  2.25e+02,  2.52e+02)
45      0.179   4.37e-01   6.26e-01   2.55e-01   2.26e+00   0.00e+00 (  2.21e+02,  2.47e+02)
50      0.200   4.92e-01   7.57e-01   3.13e-01   2.66e+00   0.00e+00 (  2.13e+02,  2.37e+02)
55      0.212   5.40e-01   8.88e-01   4.52e-01   2.94e+00   0.00e+00 (  2.01e+02,  2.24e+02)
60      0.225   5.86e-01   1.01e+00   5.88e-01   3.23e+00   0.00e+00 (  1.90e+02,  2.11e+02)
65      0.213   5.87e-01   1.01e+00   6.66e-01   3.14e+00   0.00e+00 (  1.69e+02,  1.97e+02)
70      0.250   6.65e-01   1.20e+00   8.62e-01   3.76e+00   0.00e+00 (  1.66e+02,  1.84e+02)
75      0.251   6.92e-01   1.25e+00   9.45e-01   3.88e+00   0.00e+00 (  1.55e+02,  1.72e+02)
80      0.248   6.93e-01   1.27e+00   9.86e-01   4.02e+00   0.00e+00 (  1.44e+02,  1.61e+02)
85      0.293   7.03e-01   1.27e+00   9.59e-01   5.73e+00   0.00e+00 (  1.23e+02,  1.52e+02)
90      0.546   1.24e+00   1.74e+00   1.12e+00   1.94e+01   0.00e+00 (  2.79e+02,  1.44e+02)
95      0.502   9.24e-01   1.31e+00   9.99e-01   3.18e+01   0.00e+00 (  4.87e+02,  1.37e+02)
40 e: 5.476e-04 i: 2.579e-03 :: e: 4.885e-02 i: 4.417e-02 :: n: 2.762e+01 e:24.542 i:31.857 v:4.993e+03
>>> tau_he = 5.000000, nhe(0)=3.467198e+00
 5     -0.049   1.63e-02   5.42e-01   7.77e-03  -2.28e-01   0.00e+00 (  1.10e+01,  6.21e+01)
10     -0.059   1.22e-01   3.40e-02  -9.63e-03  -3.52e-01   0.00e+00 (  8.38e+01,  1.20e+02)
15      0.059   1.95e-01   1.12e-01  -2.53e-02   4.24e-01   0.00e+00 (  1.08e+02,  1.64e+02)
20      0.087   2.02e-01   1.75e-01  -3.43e-03   7.20e-01   0.00e+00 (  1.24e+02,  1.98e+02)
25      0.192   3.67e-01   4.49e-01   1.83e-01   1.79e+00   0.00e+00 (  2.47e+02,  2.26e+02)
30      0.187   3.83e-01   4.14e-01   1.62e-01   1.92e+00   0.00e+00 (  2.37e+02,  2.43e+02)
35      0.171   3.79e-01   4.53e-01   1.81e-01   1.91e+00   0.00e+00 (  2.29e+02,  2.51e+02)
40      0.164   3.97e-01   5.20e-01   1.78e-01   1.96e+00   0.00e+00 (  2.27e+02,  2.52e+02)
45      0.183   4.41e-01   6.36e-01   2.59e-01   2.31e+00   0.00e+00 (  2.23e+02,  2.47e+02)
50      0.204   4.96e-01   7.68e-01   3.28e-01   2.71e+00   0.00e+00 (  2.16e+02,  2.37e+02)
55      0.215   5.44e-01   8.99e-01   4.58e-01   2.97e+00   0.00e+00 (  2.04e+02,  2.24e+02)
60      0.227   5.90e-01   1.02e+00   5.95e-01   3.25e+00   0.00e+00 (  1.92e+02,  2.11e+02)
65      0.215   5.92e-01   1.02e+00   6.75e-01   3.17e+00   0.00e+00 (  1.72e+02,  1.97e+02)
70      0.250   6.68e-01   1.21e+00   8.67e-01   3.76e+00   0.00e+00 (  1.68e+02,  1.84e+02)
75      0.250   6.94e-01   1.25e+00   9.48e-01   3.86e+00   0.00e+00 (  1.56e+02,  1.72e+02)
80      0.246   6.94e-01   1.27e+00   9.86e-01   3.98e+00   0.00e+00 (  1.45e+02,  1.61e+02)
85      0.291   7.02e-01   1.26e+00   9.56e-01   5.69e+00   0.00e+00 (  1.23e+02,  1.52e+02)
90      0.545   1.23e+00   1.74e+00   1.12e+00   1.94e+01   0.00e+00 (  2.79e+02,  1.44e+02)
95      0.502   9.24e-01   1.31e+00   9.99e-01   3.18e+01   0.00e+00 (  4.87e+02,  1.37e+02)
41 e: 2.103e-04 i: 1.106e-03 :: e: 3.335e-02 i: 3.084e-02 :: n: 2.762e+01 e:24.657 i:31.723 v:4.993e+03
>>> tau_he = 5.000000, nhe(0)=3.461150e+00
 5     -0.048   1.64e-02   5.51e-01   8.18e-03  -2.24e-01   0.00e+00 (  1.10e+01,  6.21e+01)
10     -0.028   1.21e-01   3.15e-02  -5.44e-03  -1.69e-01   0.00e+00 (  8.41e+01,  1.20e+02)
15      0.054   1.98e-01   1.19e-01  -3.40e-02   3.88e-01   0.00e+00 (  1.13e+02,  1.64e+02)
20      0.084   2.05e-01   1.83e-01  -3.47e-02   6.93e-01   0.00e+00 (  1.29e+02,  1.98e+02)
25      0.089   2.10e-01   2.02e-01   7.62e-03   8.27e-01   0.00e+00 (  1.41e+02,  2.26e+02)
30      0.184   3.81e-01   4.10e-01   1.61e-01   1.89e+00   0.00e+00 (  2.36e+02,  2.43e+02)
35      0.170   3.79e-01   4.53e-01   1.81e-01   1.89e+00   0.00e+00 (  2.30e+02,  2.51e+02)
40      0.162   3.97e-01   5.20e-01   1.77e-01   1.94e+00   0.00e+00 (  2.28e+02,  2.52e+02)
45      0.181   4.41e-01   6.35e-01   2.59e-01   2.29e+00   0.00e+00 (  2.24e+02,  2.47e+02)
50      0.202   4.96e-01   7.66e-01   3.17e-01   2.68e+00   0.00e+00 (  2.16e+02,  2.37e+02)
55      0.213   5.44e-01   8.97e-01   4.56e-01   2.95e+00   0.00e+00 (  2.04e+02,  2.24e+02)
60      0.226   5.90e-01   1.02e+00   5.93e-01   3.23e+00   0.00e+00 (  1.93e+02,  2.11e+02)
65      0.215   5.92e-01   1.02e+00   6.74e-01   3.16e+00   0.00e+00 (  1.72e+02,  1.97e+02)
70      0.249   6.67e-01   1.21e+00   8.65e-01   3.75e+00   0.00e+00 (  1.68e+02,  1.84e+02)
75      0.250   6.93e-01   1.25e+00   9.47e-01   3.85e+00   0.00e+00 (  1.56e+02,  1.72e+02)
80      0.246   6.93e-01   1.27e+00   9.85e-01   3.99e+00   0.00e+00 (  1.45e+02,  1.61e+02)
85      0.291   7.02e-01   1.26e+00   9.56e-01   5.70e+00   0.00e+00 (  1.23e+02,  1.52e+02)
90      0.545   1.23e+00   1.74e+00   1.12e+00   1.94e+01   0.00e+00 (  2.79e+02,  1.44e+02)
95      0.502   9.24e-01   1.31e+00   9.99e-01   3.18e+01   0.00e+00 (  4.87e+02,  1.37e+02)
42 e: 1.191e-04 i: 4.583e-04 :: e: 3.120e-02 i: 2.778e-02 :: n: 2.762e+01 e:24.662 i:31.758 v:4.993e+03
>>> tau_he = 5.000000, nhe(0)=3.462656e+00
 5     -0.047   1.64e-02   5.65e-01   8.27e-03  -2.22e-01   0.00e+00 (  1.10e+01,  6.21e+01)
10     -0.030   1.19e-01   2.84e-02  -4.54e-03  -1.80e-01   0.00e+00 (  8.25e+01,  1.20e+02)
15      0.415   5.45e-01   5.75e-01   1.16e-01   2.96e+00   0.00e+00 (  3.16e+02,  1.64e+02)
20      0.328   4.46e-01   4.80e-01   1.56e-01   2.71e+00   0.00e+00 (  2.86e+02,  1.98e+02)
25      0.188   3.63e-01   4.45e-01   1.82e-01   1.75e+00   0.00e+00 (  2.46e+02,  2.26e+02)
30      0.182   3.78e-01   4.07e-01   1.60e-01   1.87e+00   0.00e+00 (  2.33e+02,  2.43e+02)
35      0.168   3.75e-01   4.48e-01   1.79e-01   1.87e+00   0.00e+00 (  2.26e+02,  2.51e+02)
40      0.161   3.94e-01   5.16e-01   1.77e-01   1.92e+00   0.00e+00 (  2.25e+02,  2.52e+02)
45      0.179   4.38e-01   6.31e-01   2.57e-01   2.27e+00   0.00e+00 (  2.21e+02,  2.47e+02)
50      0.200   4.93e-01   7.62e-01   3.15e-01   2.66e+00   0.00e+00 (  2.14e+02,  2.37e+02)
55      0.212   5.41e-01   8.92e-01   4.54e-01   2.93e+00   0.00e+00 (  2.02e+02,  2.24e+02)
60      0.225   5.88e-01   1.02e+00   5.91e-01   3.22e+00   0.00e+00 (  1.91e+02,  2.11e+02)
65      0.214   5.91e-01   1.02e+00   6.73e-01   3.16e+00   0.00e+00 (  1.71e+02,  1.97e+02)
70      0.248   6.66e-01   1.21e+00   8.63e-01   3.74e+00   0.00e+00 (  1.67e+02,  1.84e+02)
75      0.249   6.91e-01   1.25e+00   9.44e-01   3.85e+00   0.00e+00 (  1.55e+02,  1.72e+02)
80      0.246   6.92e-01   1.26e+00   9.82e-01   3.98e+00   0.00e+00 (  1.44e+02,  1.61e+02)
85      0.291   7.00e-01   1.26e+00   9.52e-01   5.69e+00   0.00e+00 (  1.22e+02,  1.52e+02)
90      0.545   1.23e+00   1.74e+00   1.12e+00   1.94e+01   0.00e+00 (  2.79e+02,  1.44e+02)
95      0.502   9.24e-01   1.31e+00   9.99e-01   3.18e+01   0.00e+00 (  4.87e+02,  1.37e+02)
43 e: 4.351e-04 i: 1.455e-03 :: e: 4.680e-02 i: 4.098e-02 :: n: 2.762e+01 e:24.485 i:31.887 v:4.993e+03
>>> tau_he = 5.000000, nhe(0)=3.468540e+00
 5     -0.049   1.64e-02   5.43e-01   7.76e-03  -2.28e-01   0.00e+00 (  1.10e+01,  6.21e+01)
10     -0.059   1.21e-01   3.37e-02  -9.38e-03  -3.53e-01   0.00e+00 (  8.35e+01,  1.20e+02)
15      0.059   1.95e-01   1.14e-01  -2.65e-02   4.24e-01   0.00e+00 (  1.08e+02,  1.64e+02)
20      0.087   2.01e-01   1.75e-01  -3.53e-03   7.14e-01   0.00e+00 (  1.24e+02,  1.98e+02)
25      0.186   3.60e-01   4.40e-01   1.74e-01   1.72e+00   0.00e+00 (  2.40e+02,  2.26e+02)
30      0.186   3.81e-01   4.09e-01   1.60e-01   1.91e+00   0.00e+00 (  2.35e+02,  2.43e+02)
35      0.171   3.78e-01   4.50e-01   1.80e-01   1.90e+00   0.00e+00 (  2.28e+02,  2.51e+02)
40      0.163   3.95e-01   5.16e-01   1.77e-01   1.95e+00   0.00e+00 (  2.25e+02,  2.52e+02)
45      0.182   4.39e-01   6.30e-01   2.57e-01   2.30e+00   0.00e+00 (  2.21e+02,  2.47e+02)
50      0.202   4.93e-01   7.60e-01   3.14e-01   2.69e+00   0.00e+00 (  2.13e+02,  2.37e+02)
55      0.214   5.41e-01   8.91e-01   4.54e-01   2.96e+00   0.00e+00 (  2.02e+02,  2.24e+02)
60      0.227   5.88e-01   1.01e+00   5.91e-01   3.25e+00   0.00e+00 (  1.91e+02,  2.11e+02)
65      0.217   5.92e-01   1.02e+00   6.75e-01   3.19e+00   0.00e+00 (  1.71e+02,  1.97e+02)
70      0.250   6.66e-01   1.21e+00   8.64e-01   3.77e+00   0.00e+00 (  1.66e+02,  1.84e+02)
75      0.251   6.91e-01   1.25e+00   9.45e-01   3.87e+00   0.00e+00 (  1.55e+02,  1.72e+02)
80      0.247   6.92e-01   1.27e+00   9.84e-01   4.00e+00   0.00e+00 (  1.44e+02,  1.61e+02)
85      0.292   7.01e-01   1.26e+00   9.55e-01   5.71e+00   0.00e+00 (  1.22e+02,  1.52e+02)
90      0.546   1.24e+00   1.74e+00   1.12e+00   1.94e+01   0.00e+00 (  2.79e+02,  1.44e+02)
95      0.502   9.24e-01   1.31e+00   9.99e-01   3.18e+01   0.00e+00 (  4.87e+02,  1.37e+02)
44 e: 2.268e-04 i: 9.791e-04 :: e: 3.047e-02 i: 2.743e-02 :: n: 2.762e+01 e:24.680 i:31.681 v:4.993e+03
>>> tau_he = 5.000000, nhe(0)=3.459237e+00
 5     -0.048   1.64e-02   5.50e-01   8.21e-03  -2.24e-01   0.00e+00 (  1.10e+01,  6.21e+01)
10     -0.029   1.21e-01   3.16e-02  -5.57e-03  -1.71e-01   0.00e+00 (  8.42e+01,  1.20e+02)
15      0.410   5.40e-01   5.65e-01   1.12e-01   2.93e+00   0.00e+00 (  3.08e+02,  1.64e+02)
20      0.084   2.05e-01   1.84e-01  -3.95e-02   6.92e-01   0.00e+00 (  1.30e+02,  1.98e+02)
25      0.087   2.07e-01   2.01e-01   1.64e-02   8.12e-01   0.00e+00 (  1.38e+02,  2.26e+02)
30      0.184   3.81e-01   4.11e-01   1.62e-01   1.89e+00   0.00e+00 (  2.36e+02,  2.43e+02)
35      0.170   3.80e-01   4.55e-01   1.82e-01   1.89e+00   0.00e+00 (  2.30e+02,  2.51e+02)
40      0.163   3.97e-01   5.23e-01   1.78e-01   1.94e+00   0.00e+00 (  2.29e+02,  2.52e+02)
45      0.181   4.42e-01   6.39e-01   2.60e-01   2.29e+00   0.00e+00 (  2.25e+02,  2.47e+02)
50      0.202   4.97e-01   7.71e-01   3.19e-01   2.68e+00   0.00e+00 (  2.17e+02,  2.37e+02)
55      0.213   5.45e-01   9.01e-01   4.59e-01   2.95e+00   0.00e+00 (  2.05e+02,  2.24e+02)
60      0.226   5.92e-01   1.02e+00   5.96e-01   3.24e+00   0.00e+00 (  1.94e+02,  2.11e+02)
65      0.216   5.96e-01   1.03e+00   6.80e-01   3.17e+00   0.00e+00 (  1.74e+02,  1.97e+02)
70      0.248   6.69e-01   1.21e+00   8.67e-01   3.74e+00   0.00e+00 (  1.68e+02,  1.84e+02)
75      0.249   6.94e-01   1.25e+00   9.47e-01   3.84e+00   0.00e+00 (  1.56e+02,  1.72e+02)
80      0.245   6.93e-01   1.27e+00   9.83e-01   3.96e+00   0.00e+00 (  1.45e+02,  1.61e+02)
85      0.290   7.00e-01   1.26e+00   9.52e-01   5.67e+00   0.00e+00 (  1.23e+02,  1.52e+02)
90      0.545   1.23e+00   1.74e+00   1.12e+00   1.94e+01   0.00e+00 (  2.79e+02,  1.44e+02)
95      0.502   9.24e-01   1.31e+00   9.99e-01   3.18e+01   0.00e+00 (  4.87e+02,  1.37e+02)
45 e: 6.491e-04 i: 2.548e-03 :: e: 4.117e-02 i: 3.550e-02 :: n: 2.762e+01 e:24.479 i:32.063 v:4.993e+03
>>> tau_he = 5.000000, nhe(0)=3.476333e+00
 5     -0.049   1.64e-02   5.45e-01   7.68e-03  -2.30e-01   0.00e+00 (  1.10e+01,  6.21e+01)
10     -0.053   1.23e-01   3.41e-02  -8.14e-03  -3.18e-01   0.00e+00 (  8.36e+01,  1.20e+02)
15      0.064   1.96e-01   1.11e-01  -2.31e-02   4.58e-01   0.00e+00 (  1.07e+02,  1.64e+02)
20      0.337   4.55e-01   4.84e-01   1.54e-01   2.78e+00   0.00e+00 (  2.87e+02,  1.98e+02)
25      0.190   3.66e-01   4.45e-01   1.80e-01   1.76e+00   0.00e+00 (  2.46e+02,  2.26e+02)
30      0.186   3.81e-01   4.09e-01   1.59e-01   1.91e+00   0.00e+00 (  2.35e+02,  2.43e+02)
35      0.171   3.78e-01   4.49e-01   1.79e-01   1.90e+00   0.00e+00 (  2.27e+02,  2.51e+02)
40      0.163   3.95e-01   5.14e-01   1.76e-01   1.95e+00   0.00e+00 (  2.25e+02,  2.52e+02)
45      0.181   4.38e-01   6.27e-01   2.56e-01   2.29e+00   0.00e+00 (  2.21e+02,  2.47e+02)
50      0.202   4.93e-01   7.57e-01   3.13e-01   2.69e+00   0.00e+00 (  2.13e+02,  2.37e+02)
55      0.214   5.41e-01   8.88e-01   4.52e-01   2.96e+00   0.00e+00 (  2.02e+02,  2.24e+02)
60      0.228   5.88e-01   1.01e+00   5.90e-01   3.26e+00   0.00e+00 (  1.91e+02,  2.11e+02)
65      0.218   5.93e-01   1.03e+00   6.77e-01   3.21e+00   0.00e+00 (  1.72e+02,  1.97e+02)
70      0.251   6.66e-01   1.21e+00   8.65e-01   3.78e+00   0.00e+00 (  1.67e+02,  1.84e+02)
75      0.252   6.92e-01   1.25e+00   9.46e-01   3.89e+00   0.00e+00 (  1.55e+02,  1.72e+02)
80      0.249   6.93e-01   1.27e+00   9.86e-01   4.03e+00   0.00e+00 (  1.44e+02,  1.61e+02)
85      0.293   7.03e-01   1.27e+00   9.59e-01   5.73e+00   0.00e+00 (  1.23e+02,  1.52e+02)
90      0.546   1.24e+00   1.74e+00   1.12e+00   1.94e+01   0.00e+00 (  2.79e+02,  1.44e+02)
95      0.502   9.24e-01   1.31e+00   9.99e-01   3.18e+01   0.00e+00 (  4.87e+02,  1.37e+02)
46 e: 5.663e-04 i: 2.177e-03 :: e: 3.911e-02 i: 3.450e-02 :: n: 2.762e+01 e:24.705 i:31.703 v:4.993e+03
>>> tau_he = 5.000000, nhe(0)=3.460388e+00
 5     -0.048   1.64e-02   5.45e-01   8.17e-03  -2.25e-01   0.00e+00 (  1.11e+01,  6.21e+01)
10     -0.062   1.21e-01   3.27e-02  -9.55e-03  -3.72e-01   0.00e+00 (  8.38e+01,  1.20e+02)
15      0.058   1.99e-01   1.18e-01  -3.29e-02   4.15e-01   0.00e+00 (  1.12e+02,  1.64e+02)
20      0.084   2.02e-01   1.83e-01  -2.03e-02   6.96e-01   0.00e+00 (  1.26e+02,  1.98e+02)
25      0.089   2.10e-01   2.03e-01   1.23e-02   8.27e-01   0.00e+00 (  1.40e+02,  2.26e+02)
30      0.186   3.84e-01   4.15e-01   1.64e-01   1.91e+00   0.00e+00 (  2.39e+02,  2.43e+02)
35      0.172   3.82e-01   4.58e-01   1.84e-01   1.91e+00   0.00e+00 (  2.33e+02,  2.51e+02)
40      0.164   4.00e-01   5.26e-01   1.79e-01   1.96e+00   0.00e+00 (  2.31e+02,  2.52e+02)
45      0.183   4.45e-01   6.43e-01   2.61e-01   2.31e+00   0.00e+00 (  2.27e+02,  2.47e+02)
50      0.204   5.00e-01   7.76e-01   3.21e-01   2.70e+00   0.00e+00 (  2.19e+02,  2.37e+02)
55      0.215   5.48e-01   9.07e-01   4.61e-01   2.97e+00   0.00e+00 (  2.07e+02,  2.24e+02)
60      0.227   5.95e-01   1.03e+00   6.00e-01   3.25e+00   0.00e+00 (  1.95e+02,  2.11e+02)
65      0.252   6.54e-01   1.19e+00   7.81e-01   3.70e+00   0.00e+00 (  1.92e+02,  1.97e+02)
70      0.249   6.72e-01   1.22e+00   8.72e-01   3.75e+00   0.00e+00 (  1.70e+02,  1.84e+02)
75      0.249   6.97e-01   1.26e+00   9.51e-01   3.84e+00   0.00e+00 (  1.58e+02,  1.72e+02)
80      0.245   6.95e-01   1.27e+00   9.87e-01   3.96e+00   0.00e+00 (  1.46e+02,  1.61e+02)
85      0.290   7.01e-01   1.26e+00   9.54e-01   5.67e+00   0.00e+00 (  1.24e+02,  1.52e+02)
90      0.545   1.23e+00   1.74e+00   1.12e+00   1.94e+01   0.00e+00 (  2.79e+02,  1.44e+02)
95      0.502   9.24e-01   1.31e+00   9.99e-01   3.18e+01   0.00e+00 (  4.87e+02,  1.37e+02)
47 e: 1.444e-04 i: 4.906e-04 :: e: 4.097e-02 i: 4.040e-02 :: n: 2.762e+01 e:24.581 i:31.776 v:4.993e+03
>>> tau_he = 5.000000, nhe(0)=3.463466e+00
 5     -0.047   1.64e-02   5.61e-01   8.20e-03  -2.23e-01   0.00e+00 (  1.10e+01,  6.21e+01)
10     -0.028   1.19e-01   2.91e-02  -4.55e-03  -1.66e-01   0.00e+00 (  8.22e+01,  1.20e+02)
15      0.408   5.39e-01   5.64e-01   1.10e-01   2.92e+00   0.00e+00 (  3.07e+02,  1.64e+02)
20      0.084   2.04e-01   1.82e-01  -3.47e-02   6.92e-01   0.00e+00 (  1.29e+02,  1.98e+02)
25      0.184   3.58e-01   4.40e-01   1.76e-01   1.71e+00   0.00e+00 (  2.41e+02,  2.26e+02)
30      0.183   3.78e-01   4.06e-01   1.58e-01   1.88e+00   0.00e+00 (  2.33e+02,  2.43e+02)
35      0.168   3.76e-01   4.48e-01   1.78e-01   1.88e+00   0.00e+00 (  2.26e+02,  2.51e+02)
40      0.161   3.94e-01   5.14e-01   1.76e-01   1.92e+00   0.00e+00 (  2.25e+02,  2.52e+02)
45      0.179   4.38e-01   6.28e-01   2.56e-01   2.27e+00   0.00e+00 (  2.21e+02,  2.47e+02)
50      0.201   4.93e-01   7.59e-01   3.14e-01   2.67e+00   0.00e+00 (  2.14e+02,  2.37e+02)
55      0.213   5.42e-01   8.90e-01   4.53e-01   2.94e+00   0.00e+00 (  2.02e+02,  2.24e+02)
60      0.226   5.88e-01   1.01e+00   5.89e-01   3.23e+00   0.00e+00 (  1.91e+02,  2.11e+02)
65      0.214   5.89e-01   1.02e+00   6.69e-01   3.15e+00   0.00e+00 (  1.70e+02,  1.97e+02)
70      0.250   6.66e-01   1.21e+00   8.63e-01   3.76e+00   0.00e+00 (  1.67e+02,  1.84e+02)
75      0.251   6.93e-01   1.25e+00   9.47e-01   3.88e+00   0.00e+00 (  1.56e+02,  1.72e+02)
80      0.248   6.94e-01   1.27e+00   9.87e-01   4.01e+00   0.00e+00 (  1.45e+02,  1.61e+02)
85      0.292   7.03e-01   1.27e+00   9.59e-01   5.72e+00   0.00e+00 (  1.23e+02,  1.52e+02)
90      0.546   1.24e+00   1.74e+00   1.12e+00   1.94e+01   0.00e+00 (  2.79e+02,  1.44e+02)
95      0.502   9.24e-01   1.31e+00   9.99e-01   3.18e+01   0.00e+00 (  4.87e+02,  1.37e+02)
48 e: 3.419e-04 i: 1.150e-03 :: e: 3.900e-02 i: 3.605e-02 :: n: 2.762e+01 e:24.568 i:31.948 v:4.993e+03
>>> tau_he = 5.000000, nhe(0)=3.471303e+00
 5     -0.049   1.64e-02   5.45e-01   7.77e-03  -2.29e-01   0.00e+00 (  1.10e+01,  6.21e+01)
10     -0.057   1.22e-01   3.40e-02  -9.42e-03  -3.37e-01   0.00e+00 (  8.38e+01,  1.20e+02)
15      0.063   1.98e-01   1.15e-01  -2.61e-02   4.49e-01   0.00e+00 (  1.09e+02,  1.64e+02)
20      0.338   4.55e-01   4.87e-01   1.58e-01   2.79e+00   0.00e+00 (  2.88e+02,  1.98e+02)
25      0.185   3.61e-01   4.43e-01   1.77e-01   1.72e+00   0.00e+00 (  2.42e+02,  2.26e+02)
30      0.186   3.82e-01   4.11e-01   1.61e-01   1.91e+00   0.00e+00 (  2.36e+02,  2.43e+02)
35      0.171   3.79e-01   4.53e-01   1.81e-01   1.91e+00   0.00e+00 (  2.29e+02,  2.51e+02)
40      0.164   3.97e-01   5.20e-01   1.78e-01   1.96e+00   0.00e+00 (  2.27e+02,  2.52e+02)
45      0.182   4.41e-01   6.36e-01   2.59e-01   2.31e+00   0.00e+00 (  2.23e+02,  2.47e+02)
50      0.203   4.96e-01   7.67e-01   3.17e-01   2.70e+00   0.00e+00 (  2.16e+02,  2.37e+02)
55      0.215   5.44e-01   8.99e-01   4.57e-01   2.97e+00   0.00e+00 (  2.04e+02,  2.24e+02)
60      0.227   5.90e-01   1.02e+00   5.95e-01   3.25e+00   0.00e+00 (  1.92e+02,  2.11e+02)
65      0.216   5.93e-01   1.03e+00   6.75e-01   3.17e+00   0.00e+00 (  1.72e+02,  1.97e+02)
70      0.250   6.68e-01   1.21e+00   8.67e-01   3.76e+00   0.00e+00 (  1.68e+02,  1.84e+02)
75      0.250   6.95e-01   1.26e+00   9.49e-01   3.86e+00   0.00e+00 (  1.56e+02,  1.72e+02)
80      0.247   6.94e-01   1.27e+00   9.87e-01   3.99e+00   0.00e+00 (  1.45e+02,  1.61e+02)
85      0.291   7.02e-01   1.27e+00   9.57e-01   5.70e+00   0.00e+00 (  1.23e+02,  1.52e+02)
90      0.545   1.23e+00   1.74e+00   1.12e+00   1.94e+01   0.00e+00 (  2.79e+02,  1.44e+02)
95      0.502   9.24e-01   1.31e+00   9.99e-01   3.18e+01   0.00e+00 (  4.87e+02,  1.37e+02)
49 e: 4.965e-04 i: 1.966e-03 :: e: 3.826e-02 i: 3.345e-02 :: n: 2.762e+01 e:24.605 i:31.681 v:4.993e+03
 plasma volume = 148.906942
 stored energy(e,i,b,a) = 5.930139e+01 5.531514e+01 0.000000e+00 0.000000e+00
 betan = 1.299519
*power
 Pnb(e,i) = 0.000000e+00 0.000000e+00
 Prf(e,i) = 1.256640e+01 2.744441e+01
 Prad     = -2.012036e+01 
 Pei      = -4.617583e+00 
 Pfuse    = 5.906704e+01 
 Pfusi    = 2.145270e+01 
 Poh      = 0.000000e+00 
*confinement time
 taut, tauITER98y2, H98y2 : 1.141483e+00 1.309663e+00 8.715852e-01
 taue, taui : 1.264543e+00 2.121770e+00
 taut, tau89, H89 : 1.141483e+00 6.889319e-01 1.656888e+00
*temperature
 nea, nebar : 1.865950e+01 2.143212e+01 
 tea, tia : 7.691303e+00 7.629590e+00 (1.008089e+00)
 te0, ti0 : 2.130438e+01 2.457069e+01 (8.670648e-01)
 Sn : 0.000000e+00 
*current balance
 Ip,Ibs,Inb,Irf: 1.000000e+01 2.043779e+00 0.000000e+00 2.748357e-01
 fni,fbs: 0.232 0.204

 plasma volume = 148.906942
 stored energy(e,i,b,a) = 5.930139e+01 5.531514e+01 0.000000e+00 0.000000e+00
 betan = 1.299519
*power
 Pnb(e,i) = 0.000000e+00 0.000000e+00
 Prf(e,i) = 1.256640e+01 2.744441e+01
 Prad     = -2.012036e+01 
 Pei      = -4.617583e+00 
 Pfuse    = 5.906704e+01 
 Pfusi    = 2.145270e+01 
 Poh      = 0.000000e+00 
*confinement time
 taut, tauITER98y2, H98y2 : 1.141483e+00 1.309663e+00 8.715852e-01
 taue, taui : 1.264543e+00 2.121770e+00
 taut, tau89, H89 : 1.141483e+00 6.889319e-01 1.656888e+00
*temperature
 nea, nebar : 1.865950e+01 2.143212e+01 
 tea, tia : 7.691303e+00 7.629590e+00 (1.008089e+00)
 te0, ti0 : 2.130438e+01 2.457069e+01 (8.670648e-01)
 Sn : 0.000000e+00 
*current balance
 Ip,Ibs,Inb,Irf: 1.000000e+01 2.043779e+00 0.000000e+00 2.748357e-01
 fni,fbs: 0.232 0.204
 ELAPASED TIME = 1917 sec

finalize
