========================================================================
= FASTRAN

nonlinear model = 0
ichi = 1
ineo = 0
reading state...
read formatted input, inprof...
init geometry...
read formatted input, inmetric...
nrho in inmetric = 101
rhob in inmetric = 1.264105e+00
solve avg grad-shafranv...
solve_avg_gs::Ip_temp = 1.000651e+01 
solve_avg_gs::Ip      = 1.000000e+01 
>>> tau_he = 5.000000, nhe(0)=2.853228e+00

 plasma volume = 148.924899
 stored energy(e,i,b,a) = 5.952011e+01 5.611900e+01 0.000000e+00 0.000000e+00
 betan = 1.310972
*power
 Pnb(e,i) = 0.000000e+00 0.000000e+00
 Prf(e,i) = 1.251044e+01 2.749991e+01
 Prad     = -1.794658e+01 
 Pei      = -2.157601e+00 
 Pfuse    = 5.917179e+01 
 Pfusi    = 2.041894e+01 
 Poh      = 0.000000e+00 
*confinement time
 taut, tauITER98y2, H98y2 : 1.137570e+00 1.298657e+00 8.759585e-01
 taue, taui : 1.153981e+00 2.485721e+00
 taut, tau89, H89 : 1.137570e+00 6.847314e-01 1.661338e+00
*temperature
 nea, nebar : 1.865938e+01 2.143142e+01 
 tea, tia : 7.749330e+00 7.721463e+00 (1.003609e+00)
 te0, ti0 : 2.032744e+01 2.240930e+01 (9.070980e-01)
 Sn : 0.000000e+00 
*current balance
 Ip,Ibs,Inb,Irf: 1.000000e+01 2.072977e+00 0.000000e+00 2.893283e-01
 fni,fbs: 0.236 0.207

Time advancing...
rho_bdry 0.900000 ...
te_bdry = 3.746797
ti_bdry = 3.746714
ne_bdry = 14.498656
rv_bdry = 279.463030
nrho_tr_bdry = 18
drho_bdry = 0.000000e+00
nrhob = 90
 [    0] t = 0.0000 
>>> tau_he = 5.000000, nhe(0)=2.844254e+00
 5     -0.002   6.18e-03   1.74e-01   2.55e-03  -8.38e-03   0.00e+00 (  1.03e+00,  6.13e+01)
10      0.001   3.89e-03  -3.37e-03   2.79e-05   5.81e-03   0.00e+00 (  1.03e+00,  1.18e+02)
15      0.003   1.93e-02  -4.19e-02  -7.93e-03   2.12e-02   0.00e+00 (  6.82e+00,  1.63e+02)
20      0.027   6.02e-02  -2.31e-02   1.78e-03   2.20e-01   0.00e+00 (  2.55e+01,  1.97e+02)
25      0.059   1.42e-01   5.27e-02   3.59e-02   5.47e-01   0.00e+00 (  6.79e+01,  2.26e+02)
30      0.131   2.95e-01   2.90e-01   1.21e-01   1.34e+00   0.00e+00 (  1.51e+02,  2.45e+02)
35      0.124   3.15e-01   3.41e-01   1.34e-01   1.39e+00   0.00e+00 (  1.63e+02,  2.54e+02)
40      0.121   3.53e-01   3.92e-01   1.17e-01   1.44e+00   0.00e+00 (  1.77e+02,  2.58e+02)
45      0.133   3.92e-01   4.71e-01   1.95e-01   1.68e+00   0.00e+00 (  1.82e+02,  2.55e+02)
50      0.174   4.71e-01   6.43e-01   2.80e-01   2.31e+00   0.00e+00 (  1.96e+02,  2.46e+02)
55      0.217   5.55e-01   8.53e-01   4.32e-01   3.00e+00   0.00e+00 (  2.07e+02,  2.35e+02)
60      0.253   6.32e-01   1.06e+00   6.20e-01   3.62e+00   0.00e+00 (  2.11e+02,  2.23e+02)
65      0.283   7.03e-01   1.25e+00   8.20e-01   4.17e+00   0.00e+00 (  2.11e+02,  2.10e+02)
70      0.303   7.63e-01   1.40e+00   1.00e+00   4.56e+00   0.00e+00 (  2.04e+02,  1.97e+02)
75      0.303   7.91e-01   1.46e+00   1.11e+00   4.68e+00   0.00e+00 (  1.88e+02,  1.85e+02)
80      0.291   7.63e-01   1.44e+00   1.12e+00   4.71e+00   0.00e+00 (  1.64e+02,  1.74e+02)
85      0.326   7.85e-01   1.42e+00   1.07e+00   6.38e+00   0.00e+00 (  1.48e+02,  1.65e+02)
90      0.580   1.28e+00   1.86e+00   1.21e+00   2.06e+01   0.00e+00 (  3.29e+02,  1.56e+02)
95      0.513   9.38e-01   1.34e+00   1.02e+00   3.25e+01   0.00e+00 (  4.94e+02,  1.48e+02)
 0 e: 1.160e-06 i: 7.214e-06 :: e: 0.000e+00 i: 0.000e+00 :: n: 2.762e+01 e:20.343 i:22.317 v:4.993e+03
>>> tau_he = 5.000000, nhe(0)=2.835255e+00
 5     -0.001   6.73e-03   2.47e-01   3.09e-03  -6.11e-03   0.00e+00 (  1.10e+00,  6.13e+01)
10      0.001   4.41e-03  -3.32e-03   1.77e-05   6.73e-03   0.00e+00 (  1.18e+00,  1.18e+02)
15      0.007   2.62e-02  -3.96e-02  -1.47e-02   5.08e-02   0.00e+00 (  9.40e+00,  1.63e+02)
20      0.027   6.19e-02  -2.34e-02   2.18e-03   2.22e-01   0.00e+00 (  2.66e+01,  1.97e+02)
25      0.060   1.44e-01   9.31e-02   3.82e-02   5.53e-01   0.00e+00 (  6.98e+01,  2.26e+02)
30      0.125   2.86e-01   2.77e-01   1.15e-01   1.28e+00   0.00e+00 (  1.44e+02,  2.45e+02)
35      0.125   3.15e-01   3.38e-01   1.34e-01   1.39e+00   0.00e+00 (  1.62e+02,  2.54e+02)
40      0.122   3.53e-01   3.93e-01   1.17e-01   1.45e+00   0.00e+00 (  1.77e+02,  2.58e+02)
45      0.137   3.97e-01   4.83e-01   1.97e-01   1.74e+00   0.00e+00 (  1.84e+02,  2.55e+02)
50      0.178   4.74e-01   6.55e-01   2.83e-01   2.36e+00   0.00e+00 (  1.97e+02,  2.46e+02)
55      0.218   5.56e-01   8.58e-01   4.35e-01   3.01e+00   0.00e+00 (  2.07e+02,  2.35e+02)
60      0.251   6.31e-01   1.06e+00   6.14e-01   3.59e+00   0.00e+00 (  2.11e+02,  2.23e+02)
65      0.279   6.98e-01   1.24e+00   8.12e-01   4.10e+00   0.00e+00 (  2.08e+02,  2.10e+02)
70      0.297   7.56e-01   1.38e+00   9.85e-01   4.47e+00   0.00e+00 (  2.01e+02,  1.97e+02)
75      0.298   7.84e-01   1.44e+00   1.10e+00   4.60e+00   0.00e+00 (  1.86e+02,  1.85e+02)
80      0.289   7.66e-01   1.44e+00   1.12e+00   4.68e+00   0.00e+00 (  1.67e+02,  1.74e+02)
85      0.331   8.00e-01   1.46e+00   1.10e+00   6.49e+00   0.00e+00 (  1.56e+02,  1.65e+02)
90      0.575   1.28e+00   1.84e+00   1.19e+00   2.05e+01   0.00e+00 (  3.13e+02,  1.56e+02)
95      0.513   9.38e-01   1.34e+00   1.02e+00   3.25e+01   0.00e+00 (  4.94e+02,  1.48e+02)
 1 e: 5.924e-02 i: 2.094e-01 :: e: 6.915e-03 i: 1.626e-02 :: n: 2.762e+01 e:26.056 i:30.192 v:4.993e+03
>>> tau_he = 5.000000, nhe(0)=3.399141e+00
 5     -0.019   1.24e-02   7.16e-01   7.14e-03  -8.80e-02   0.00e+00 (  5.02e+00,  6.13e+01)
10     -0.247   1.07e-01   1.32e-02   8.22e-04  -1.47e+00   0.00e+00 (  9.15e+01,  1.18e+02)
15     -0.075   5.25e-01   6.55e-01   2.87e-01  -5.32e-01   0.00e+00 (  5.70e+02,  1.63e+02)
20      0.623   5.98e-01   7.16e-01   4.76e-01   5.14e+00   0.00e+00 (  5.94e+02,  1.97e+02)
25      0.503   5.01e-01   5.89e-01   3.21e-01   4.67e+00   0.00e+00 (  3.88e+02,  2.26e+02)
30      0.154   3.33e-01   4.08e-01   1.82e-01   1.58e+00   0.00e+00 (  1.96e+02,  2.45e+02)
35      0.134   3.39e-01   4.33e-01   1.77e-01   1.49e+00   0.00e+00 (  1.91e+02,  2.54e+02)
40      0.161   3.78e-01   5.68e-01   2.11e-01   1.92e+00   0.00e+00 (  2.02e+02,  2.58e+02)
45      0.217   4.60e-01   7.92e-01   3.19e-01   2.74e+00   0.00e+00 (  2.25e+02,  2.55e+02)
50      0.214   5.11e-01   9.26e-01   3.96e-01   2.84e+00   0.00e+00 (  2.14e+02,  2.46e+02)
55      0.199   5.37e-01   9.84e-01   5.03e-01   2.75e+00   0.00e+00 (  1.92e+02,  2.35e+02)
60      0.187   5.60e-01   1.01e+00   5.72e-01   2.67e+00   0.00e+00 (  1.72e+02,  2.23e+02)
65      0.147   5.28e-01   8.60e-01   5.47e-01   2.16e+00   0.00e+00 (  1.42e+02,  2.10e+02)
70      0.187   6.20e-01   1.06e+00   7.34e-01   2.81e+00   0.00e+00 (  1.48e+02,  1.97e+02)
75      0.189   6.56e-01   1.11e+00   8.22e-01   2.92e+00   0.00e+00 (  1.45e+02,  1.85e+02)
80      0.192   6.66e-01   1.14e+00   8.55e-01   3.10e+00   0.00e+00 (  1.41e+02,  1.74e+02)
85      0.257   6.92e-01   1.19e+00   8.68e-01   5.02e+00   0.00e+00 (  1.26e+02,  1.65e+02)
90      0.556   1.26e+00   1.78e+00   1.14e+00   1.98e+01   0.00e+00 (  2.92e+02,  1.56e+02)
95      0.513   9.38e-01   1.34e+00   1.02e+00   3.25e+01   0.00e+00 (  4.94e+02,  1.48e+02)
 2 e: 1.662e-02 i: 2.068e-02 :: e: 2.253e-01 i: 2.944e-01 :: n: 2.762e+01 e:26.516 i:32.301 v:4.993e+03
>>> tau_he = 5.000000, nhe(0)=3.504903e+00
 5     -0.036   1.71e-02   6.60e-01   8.77e-03  -1.70e-01   0.00e+00 (  9.40e+00,  6.13e+01)
10     -0.634   1.04e-01  -1.61e-02  -1.77e-02  -3.78e+00   0.00e+00 (  1.10e+02,  1.18e+02)
15     -0.151   5.45e-01   6.79e-01   2.95e-01  -1.07e+00   0.00e+00 (  6.09e+02,  1.63e+02)
20      0.443   5.63e-01   6.59e-01   4.10e-01   3.66e+00   0.00e+00 (  5.79e+02,  1.97e+02)
25      0.440   4.70e-01   5.35e-01   3.26e-01   4.08e+00   0.00e+00 (  4.03e+02,  2.26e+02)
30      0.148   3.47e-01   3.83e-01   1.50e-01   1.52e+00   0.00e+00 (  2.31e+02,  2.45e+02)
35      0.134   3.44e-01   4.06e-01   1.70e-01   1.50e+00   0.00e+00 (  2.08e+02,  2.54e+02)
40      0.150   3.58e-01   4.93e-01   1.72e-01   1.78e+00   0.00e+00 (  1.95e+02,  2.58e+02)
45      0.184   4.12e-01   6.35e-01   2.59e-01   2.32e+00   0.00e+00 (  1.95e+02,  2.55e+02)
50      0.188   4.41e-01   7.26e-01   3.14e-01   2.50e+00   0.00e+00 (  1.71e+02,  2.46e+02)
55      0.183   4.57e-01   7.80e-01   4.02e-01   2.53e+00   0.00e+00 (  1.46e+02,  2.35e+02)
60      0.141   4.09e-01   6.56e-01   3.89e-01   2.02e+00   0.00e+00 (  1.09e+02,  2.23e+02)
65      0.153   4.31e-01   7.08e-01   4.60e-01   2.25e+00   0.00e+00 (  9.85e+01,  2.10e+02)
70      0.199   5.11e-01   9.01e-01   6.35e-01   2.99e+00   0.00e+00 (  1.02e+02,  1.97e+02)
75      0.210   5.46e-01   9.68e-01   7.25e-01   3.24e+00   0.00e+00 (  9.88e+01,  1.85e+02)
80      0.219   5.75e-01   1.04e+00   7.91e-01   3.54e+00   0.00e+00 (  9.89e+01,  1.74e+02)
85      0.274   6.40e-01   1.13e+00   8.29e-01   5.37e+00   0.00e+00 (  9.42e+01,  1.65e+02)
90      0.558   1.27e+00   1.77e+00   1.13e+00   1.99e+01   0.00e+00 (  2.77e+02,  1.56e+02)
95      0.513   9.38e-01   1.34e+00   1.02e+00   3.25e+01   0.00e+00 (  4.94e+02,  1.48e+02)
 3 e: 7.306e-03 i: 1.318e-02 :: e: 2.826e-01 i: 3.179e-01 :: n: 2.762e+01 e:26.456 i:31.889 v:4.993e+03
>>> tau_he = 5.000000, nhe(0)=3.488339e+00
 5     -0.038   1.69e-02   5.76e-01   8.53e-03  -1.78e-01   0.00e+00 (  9.72e+00,  6.13e+01)
10     -0.562   1.10e-01  -1.65e-02  -3.32e-02  -3.35e+00   0.00e+00 (  1.12e+02,  1.18e+02)
15      0.141   5.40e-01   6.38e-01   2.32e-01   1.01e+00   0.00e+00 (  5.16e+02,  1.63e+02)
20      0.402   5.36e-01   6.30e-01   3.18e-01   3.31e+00   0.00e+00 (  4.90e+02,  1.97e+02)
25      0.449   4.89e-01   5.65e-01   3.30e-01   4.17e+00   0.00e+00 (  4.08e+02,  2.26e+02)
30      0.184   3.63e-01   4.58e-01   2.20e-01   1.88e+00   0.00e+00 (  2.55e+02,  2.45e+02)
35      0.164   3.72e-01   4.79e-01   2.12e-01   1.82e+00   0.00e+00 (  2.41e+02,  2.54e+02)
40      0.177   3.90e-01   5.82e-01   1.96e-01   2.11e+00   0.00e+00 (  2.28e+02,  2.58e+02)
45      0.216   4.51e-01   7.46e-01   3.03e-01   2.73e+00   0.00e+00 (  2.26e+02,  2.55e+02)
50      0.206   4.81e-01   8.52e-01   3.63e-01   2.74e+00   0.00e+00 (  1.98e+02,  2.46e+02)
55      0.195   4.98e-01   9.04e-01   4.67e-01   2.70e+00   0.00e+00 (  1.69e+02,  2.35e+02)
60      0.191   5.12e-01   9.34e-01   5.43e-01   2.73e+00   0.00e+00 (  1.46e+02,  2.23e+02)
65      0.155   4.66e-01   7.93e-01   5.12e-01   2.28e+00   0.00e+00 (  1.13e+02,  2.10e+02)
70      0.188   5.32e-01   9.38e-01   6.56e-01   2.84e+00   0.00e+00 (  1.11e+02,  1.97e+02)
75      0.191   5.49e-01   9.60e-01   7.19e-01   2.94e+00   0.00e+00 (  1.04e+02,  1.85e+02)
80      0.190   5.63e-01   9.81e-01   7.45e-01   3.08e+00   0.00e+00 (  1.00e+02,  1.74e+02)
85      0.246   6.01e-01   1.05e+00   7.52e-01   4.82e+00   0.00e+00 (  9.04e+01,  1.65e+02)
90      0.549   1.26e+00   1.75e+00   1.11e+00   1.96e+01   0.00e+00 (  2.75e+02,  1.56e+02)
95      0.513   9.38e-01   1.34e+00   1.02e+00   3.25e+01   0.00e+00 (  4.94e+02,  1.48e+02)
 4 e: 5.329e-03 i: 7.281e-03 :: e: 2.397e-01 i: 2.762e-01 :: n: 2.762e+01 e:25.263 i:31.876 v:4.993e+03
>>> tau_he = 5.000000, nhe(0)=3.487504e+00
 5     -0.040   1.59e-02   5.34e-01   7.62e-03  -1.86e-01   0.00e+00 (  9.22e+00,  6.13e+01)
10     -0.490   1.09e-01  -1.36e-02  -3.44e-02  -2.92e+00   0.00e+00 (  1.04e+02,  1.18e+02)
15      0.145   4.66e-01   5.46e-01   1.39e-01   1.03e+00   0.00e+00 (  3.81e+02,  1.63e+02)
20      0.265   4.67e-01   5.19e-01   2.09e-01   2.19e+00   0.00e+00 (  3.72e+02,  1.97e+02)
25      0.413   4.46e-01   4.97e-01   2.55e-01   3.84e+00   0.00e+00 (  3.42e+02,  2.26e+02)
30      0.180   3.58e-01   4.36e-01   1.98e-01   1.85e+00   0.00e+00 (  2.45e+02,  2.45e+02)
35      0.160   3.68e-01   4.50e-01   1.98e-01   1.78e+00   0.00e+00 (  2.35e+02,  2.54e+02)
40      0.166   3.85e-01   5.30e-01   1.91e-01   1.98e+00   0.00e+00 (  2.22e+02,  2.58e+02)
45      0.193   4.31e-01   6.64e-01   2.70e-01   2.44e+00   0.00e+00 (  2.12e+02,  2.55e+02)
50      0.196   4.60e-01   7.64e-01   3.24e-01   2.61e+00   0.00e+00 (  1.86e+02,  2.46e+02)
55      0.193   4.81e-01   8.33e-01   4.29e-01   2.67e+00   0.00e+00 (  1.61e+02,  2.35e+02)
60      0.196   5.01e-01   8.88e-01   5.19e-01   2.80e+00   0.00e+00 (  1.41e+02,  2.23e+02)
65      0.168   4.63e-01   7.85e-01   5.16e-01   2.47e+00   0.00e+00 (  1.11e+02,  2.10e+02)
70      0.204   5.29e-01   9.45e-01   6.68e-01   3.08e+00   0.00e+00 (  1.08e+02,  1.97e+02)
75      0.209   5.49e-01   9.79e-01   7.34e-01   3.23e+00   0.00e+00 (  1.00e+02,  1.85e+02)
80      0.213   5.63e-01   1.02e+00   7.75e-01   3.44e+00   0.00e+00 (  9.60e+01,  1.74e+02)
85      0.263   6.16e-01   1.08e+00   7.84e-01   5.15e+00   0.00e+00 (  8.76e+01,  1.65e+02)
90      0.553   1.27e+00   1.75e+00   1.12e+00   1.97e+01   0.00e+00 (  2.72e+02,  1.56e+02)
95      0.513   9.38e-01   1.34e+00   1.02e+00   3.25e+01   0.00e+00 (  4.94e+02,  1.48e+02)
 5 e: 2.291e-03 i: 3.235e-03 :: e: 2.017e-01 i: 2.186e-01 :: n: 2.762e+01 e:25.316 i:31.322 v:4.993e+03
>>> tau_he = 5.000000, nhe(0)=3.461826e+00
 5     -0.040   1.54e-02   4.93e-01   7.56e-03  -1.86e-01   0.00e+00 (  9.10e+00,  6.13e+01)
10     -0.411   1.36e-01   3.57e-02  -4.27e-02  -2.45e+00   0.00e+00 (  1.25e+02,  1.18e+02)
15      0.198   4.61e-01   5.23e-01   1.20e-01   1.41e+00   0.00e+00 (  3.46e+02,  1.63e+02)
20      0.317   4.45e-01   4.94e-01   1.91e-01   2.61e+00   0.00e+00 (  3.31e+02,  1.97e+02)
25      0.372   4.37e-01   4.93e-01   2.45e-01   3.45e+00   0.00e+00 (  3.23e+02,  2.26e+02)
30      0.187   3.71e-01   4.58e-01   2.11e-01   1.91e+00   0.00e+00 (  2.55e+02,  2.45e+02)
35      0.170   3.84e-01   4.81e-01   2.14e-01   1.90e+00   0.00e+00 (  2.49e+02,  2.54e+02)
40      0.176   4.02e-01   5.70e-01   1.91e-01   2.09e+00   0.00e+00 (  2.37e+02,  2.58e+02)
45      0.202   4.52e-01   7.15e-01   2.88e-01   2.55e+00   0.00e+00 (  2.29e+02,  2.55e+02)
50      0.205   4.86e-01   8.27e-01   3.50e-01   2.71e+00   0.00e+00 (  2.05e+02,  2.46e+02)
55      0.201   5.12e-01   9.04e-01   4.65e-01   2.77e+00   0.00e+00 (  1.79e+02,  2.35e+02)
60      0.202   5.36e-01   9.65e-01   5.63e-01   2.89e+00   0.00e+00 (  1.59e+02,  2.23e+02)
65      0.174   5.04e-01   8.68e-01   5.65e-01   2.56e+00   0.00e+00 (  1.28e+02,  2.10e+02)
70      0.206   5.64e-01   1.02e+00   7.16e-01   3.11e+00   0.00e+00 (  1.23e+02,  1.97e+02)
75      0.206   5.81e-01   1.03e+00   7.72e-01   3.18e+00   0.00e+00 (  1.13e+02,  1.85e+02)
80      0.205   5.83e-01   1.04e+00   7.95e-01   3.32e+00   0.00e+00 (  1.06e+02,  1.74e+02)
85      0.256   6.16e-01   1.08e+00   7.83e-01   5.01e+00   0.00e+00 (  9.25e+01,  1.65e+02)
90      0.551   1.26e+00   1.75e+00   1.11e+00   1.96e+01   0.00e+00 (  2.74e+02,  1.56e+02)
95      0.513   9.38e-01   1.34e+00   1.02e+00   3.25e+01   0.00e+00 (  4.94e+02,  1.48e+02)
 6 e: 1.676e-03 i: 1.835e-03 :: e: 1.631e-01 i: 1.803e-01 :: n: 2.762e+01 e:24.668 i:31.196 v:4.993e+03
>>> tau_he = 5.000000, nhe(0)=3.455464e+00
 5     -0.041   1.53e-02   4.83e-01   7.37e-03  -1.91e-01   0.00e+00 (  9.05e+00,  6.13e+01)
10     -0.369   1.32e-01   3.06e-02  -4.05e-02  -2.20e+00   0.00e+00 (  1.13e+02,  1.18e+02)
15     -0.038   1.63e-01   9.37e-02  -2.68e-02  -2.71e-01   0.00e+00 (  1.12e+02,  1.63e+02)
20      0.069   1.91e-01   1.64e-01  -4.45e-03   5.73e-01   0.00e+00 (  1.31e+02,  1.97e+02)
25      0.330   4.12e-01   4.46e-01   2.14e-01   3.06e+00   0.00e+00 (  2.87e+02,  2.26e+02)
30      0.180   3.65e-01   4.40e-01   1.89e-01   1.84e+00   0.00e+00 (  2.43e+02,  2.45e+02)
35      0.164   3.72e-01   4.58e-01   1.93e-01   1.82e+00   0.00e+00 (  2.36e+02,  2.54e+02)
40      0.166   3.94e-01   5.34e-01   1.81e-01   1.98e+00   0.00e+00 (  2.28e+02,  2.58e+02)
45      0.190   4.39e-01   6.62e-01   2.70e-01   2.40e+00   0.00e+00 (  2.19e+02,  2.55e+02)
50      0.198   4.75e-01   7.70e-01   3.30e-01   2.63e+00   0.00e+00 (  1.98e+02,  2.46e+02)
55      0.199   5.06e-01   8.62e-01   4.42e-01   2.76e+00   0.00e+00 (  1.76e+02,  2.35e+02)
60      0.206   5.36e-01   9.44e-01   5.51e-01   2.95e+00   0.00e+00 (  1.59e+02,  2.23e+02)
65      0.185   5.13e-01   8.80e-01   5.78e-01   2.72e+00   0.00e+00 (  1.31e+02,  2.10e+02)
70      0.219   5.79e-01   1.04e+00   7.38e-01   3.31e+00   0.00e+00 (  1.27e+02,  1.97e+02)
75      0.222   5.99e-01   1.07e+00   8.04e-01   3.42e+00   0.00e+00 (  1.17e+02,  1.85e+02)
80      0.222   6.03e-01   1.09e+00   8.35e-01   3.58e+00   0.00e+00 (  1.10e+02,  1.74e+02)
85      0.270   6.37e-01   1.12e+00   8.25e-01   5.29e+00   0.00e+00 (  9.54e+01,  1.65e+02)
90      0.555   1.27e+00   1.76e+00   1.12e+00   1.98e+01   0.00e+00 (  2.74e+02,  1.56e+02)
95      0.513   9.38e-01   1.34e+00   1.02e+00   3.25e+01   0.00e+00 (  4.94e+02,  1.48e+02)
 7 e: 7.089e-04 i: 1.918e-03 :: e: 1.055e-01 i: 1.298e-01 :: n: 2.762e+01 e:24.991 i:31.037 v:4.993e+03
>>> tau_he = 5.000000, nhe(0)=3.447725e+00
 5     -0.040   1.52e-02   4.86e-01   7.60e-03  -1.89e-01   0.00e+00 (  9.19e+00,  6.13e+01)
10     -0.288   1.47e-01   7.68e-02  -1.12e-02  -1.72e+00   0.00e+00 (  1.24e+02,  1.18e+02)
15     -0.039   1.72e-01   1.06e-01  -3.74e-02  -2.77e-01   0.00e+00 (  1.21e+02,  1.63e+02)
20      0.300   4.22e-01   4.60e-01   1.64e-01   2.47e+00   0.00e+00 (  2.94e+02,  1.97e+02)
25      0.313   4.02e-01   4.42e-01   2.10e-01   2.91e+00   0.00e+00 (  2.75e+02,  2.26e+02)
30      0.180   3.82e-01   4.31e-01   1.85e-01   1.84e+00   0.00e+00 (  2.53e+02,  2.45e+02)
35      0.167   3.79e-01   4.73e-01   1.98e-01   1.86e+00   0.00e+00 (  2.42e+02,  2.54e+02)
40      0.169   3.97e-01   5.53e-01   1.84e-01   2.01e+00   0.00e+00 (  2.32e+02,  2.58e+02)
45      0.192   4.50e-01   6.87e-01   2.78e-01   2.42e+00   0.00e+00 (  2.28e+02,  2.55e+02)
50      0.201   4.90e-01   8.02e-01   3.44e-01   2.66e+00   0.00e+00 (  2.09e+02,  2.46e+02)
55      0.202   5.25e-01   9.02e-01   4.62e-01   2.80e+00   0.00e+00 (  1.89e+02,  2.35e+02)
60      0.210   5.59e-01   9.92e-01   5.77e-01   3.00e+00   0.00e+00 (  1.72e+02,  2.23e+02)
65      0.189   5.41e-01   9.38e-01   6.15e-01   2.79e+00   0.00e+00 (  1.45e+02,  2.10e+02)
70      0.222   6.07e-01   1.10e+00   7.76e-01   3.34e+00   0.00e+00 (  1.40e+02,  1.97e+02)
75      0.221   6.27e-01   1.12e+00   8.39e-01   3.41e+00   0.00e+00 (  1.29e+02,  1.85e+02)
80      0.218   6.25e-01   1.13e+00   8.58e-01   3.53e+00   0.00e+00 (  1.19e+02,  1.74e+02)
85      0.268   6.44e-01   1.14e+00   8.36e-01   5.24e+00   0.00e+00 (  1.01e+02,  1.65e+02)
90      0.554   1.27e+00   1.76e+00   1.12e+00   1.97e+01   0.00e+00 (  2.77e+02,  1.56e+02)
95      0.513   9.38e-01   1.34e+00   1.02e+00   3.25e+01   0.00e+00 (  4.94e+02,  1.48e+02)
 8 e: 5.191e-04 i: 1.651e-03 :: e: 9.276e-02 i: 1.131e-01 :: n: 2.762e+01 e:24.735 i:30.761 v:4.993e+03
>>> tau_he = 5.000000, nhe(0)=3.434127e+00
 5     -0.040   1.51e-02   4.97e-01   7.62e-03  -1.88e-01   0.00e+00 (  9.20e+00,  6.13e+01)
10     -0.275   1.37e-01   6.81e-02  -7.25e-03  -1.64e+00   0.00e+00 (  1.12e+02,  1.18e+02)
15      0.239   4.54e-01   5.03e-01   9.82e-02   1.71e+00   0.00e+00 (  3.18e+02,  1.63e+02)
20      0.073   1.88e-01   1.61e-01  -3.12e-03   6.05e-01   0.00e+00 (  1.25e+02,  1.97e+02)
25      0.183   3.52e-01   4.30e-01   1.75e-01   1.70e+00   0.00e+00 (  2.33e+02,  2.26e+02)
30      0.173   3.76e-01   4.13e-01   1.70e-01   1.78e+00   0.00e+00 (  2.43e+02,  2.45e+02)
35      0.162   3.73e-01   4.56e-01   1.88e-01   1.80e+00   0.00e+00 (  2.34e+02,  2.54e+02)
40      0.159   3.89e-01   5.28e-01   1.86e-01   1.90e+00   0.00e+00 (  2.24e+02,  2.58e+02)
45      0.182   4.35e-01   6.50e-01   2.65e-01   2.30e+00   0.00e+00 (  2.17e+02,  2.55e+02)
50      0.193   4.81e-01   7.65e-01   3.20e-01   2.57e+00   0.00e+00 (  2.03e+02,  2.46e+02)
55      0.200   5.20e-01   8.72e-01   4.46e-01   2.77e+00   0.00e+00 (  1.86e+02,  2.35e+02)
60      0.211   5.58e-01   9.74e-01   5.67e-01   3.02e+00   0.00e+00 (  1.71e+02,  2.23e+02)
65      0.195   5.46e-01   9.42e-01   6.18e-01   2.87e+00   0.00e+00 (  1.47e+02,  2.10e+02)
70      0.230   6.17e-01   1.11e+00   7.88e-01   3.46e+00   0.00e+00 (  1.43e+02,  1.97e+02)
75      0.231   6.39e-01   1.14e+00   8.59e-01   3.56e+00   0.00e+00 (  1.32e+02,  1.85e+02)
80      0.229   6.39e-01   1.16e+00   8.89e-01   3.70e+00   0.00e+00 (  1.23e+02,  1.74e+02)
85      0.278   6.59e-01   1.17e+00   8.67e-01   5.43e+00   0.00e+00 (  1.04e+02,  1.65e+02)
90      0.557   1.27e+00   1.77e+00   1.13e+00   1.98e+01   0.00e+00 (  2.77e+02,  1.56e+02)
95      0.513   9.38e-01   1.34e+00   1.02e+00   3.25e+01   0.00e+00 (  4.94e+02,  1.48e+02)
 9 e: 7.849e-04 i: 1.498e-03 :: e: 8.023e-02 i: 8.760e-02 :: n: 2.762e+01 e:24.650 i:30.395 v:4.993e+03
>>> tau_he = 5.000000, nhe(0)=3.415546e+00
 5     -0.039   1.48e-02   4.82e-01   7.61e-03  -1.85e-01   0.00e+00 (  9.04e+00,  6.13e+01)
10     -0.247   1.32e-01   6.47e-02  -7.11e-03  -1.47e+00   0.00e+00 (  1.05e+02,  1.18e+02)
15     -0.017   1.67e-01   9.97e-02  -3.30e-02  -1.22e-01   0.00e+00 (  1.10e+02,  1.63e+02)
20      0.075   1.89e-01   1.65e-01  -3.03e-03   6.20e-01   0.00e+00 (  1.26e+02,  1.97e+02)
25      0.085   2.01e-01   1.99e-01   1.08e-02   7.90e-01   0.00e+00 (  1.32e+02,  2.26e+02)
30      0.175   3.76e-01   4.13e-01   1.71e-01   1.79e+00   0.00e+00 (  2.40e+02,  2.45e+02)
35      0.160   3.77e-01   4.60e-01   1.87e-01   1.78e+00   0.00e+00 (  2.35e+02,  2.54e+02)
40      0.160   3.92e-01   5.35e-01   1.87e-01   1.91e+00   0.00e+00 (  2.25e+02,  2.58e+02)
45      0.182   4.39e-01   6.58e-01   2.68e-01   2.30e+00   0.00e+00 (  2.20e+02,  2.55e+02)
50      0.194   4.88e-01   7.79e-01   3.26e-01   2.58e+00   0.00e+00 (  2.07e+02,  2.46e+02)
55      0.202   5.29e-01   8.91e-01   4.55e-01   2.79e+00   0.00e+00 (  1.91e+02,  2.35e+02)
60      0.213   5.69e-01   9.98e-01   5.80e-01   3.05e+00   0.00e+00 (  1.78e+02,  2.23e+02)
65      0.198   5.61e-01   9.73e-01   6.38e-01   2.91e+00   0.00e+00 (  1.54e+02,  2.10e+02)
70      0.231   6.32e-01   1.14e+00   8.09e-01   3.48e+00   0.00e+00 (  1.50e+02,  1.97e+02)
75      0.231   6.55e-01   1.17e+00   8.79e-01   3.56e+00   0.00e+00 (  1.39e+02,  1.85e+02)
80      0.227   6.52e-01   1.18e+00   9.05e-01   3.68e+00   0.00e+00 (  1.29e+02,  1.74e+02)
85      0.277   6.64e-01   1.18e+00   8.75e-01   5.41e+00   0.00e+00 (  1.07e+02,  1.65e+02)
90      0.557   1.27e+00   1.77e+00   1.13e+00   1.98e+01   0.00e+00 (  2.79e+02,  1.56e+02)
95      0.513   9.38e-01   1.34e+00   1.02e+00   3.25e+01   0.00e+00 (  4.94e+02,  1.48e+02)
10 e: 2.051e-04 i: 5.125e-04 :: e: 5.716e-02 i: 6.933e-02 :: n: 2.762e+01 e:24.601 i:30.333 v:4.993e+03
>>> tau_he = 5.000000, nhe(0)=3.412198e+00
 5     -0.039   1.55e-02   5.07e-01   8.27e-03  -1.83e-01   0.00e+00 (  9.46e+00,  6.13e+01)
10     -0.141   1.24e-01   4.06e-02  -1.73e-02  -8.42e-01   0.00e+00 (  9.65e+01,  1.18e+02)
15     -0.019   1.73e-01   1.04e-01  -3.91e-02  -1.32e-01   0.00e+00 (  1.15e+02,  1.63e+02)
20      0.072   1.90e-01   1.72e-01  -2.79e-02   5.93e-01   0.00e+00 (  1.28e+02,  1.97e+02)
25      0.180   3.49e-01   4.28e-01   1.74e-01   1.67e+00   0.00e+00 (  2.30e+02,  2.26e+02)
30      0.171   3.70e-01   4.04e-01   1.66e-01   1.75e+00   0.00e+00 (  2.33e+02,  2.45e+02)
35      0.156   3.72e-01   4.49e-01   1.81e-01   1.73e+00   0.00e+00 (  2.28e+02,  2.54e+02)
40      0.155   3.88e-01   5.21e-01   1.82e-01   1.84e+00   0.00e+00 (  2.20e+02,  2.58e+02)
45      0.173   4.32e-01   6.38e-01   2.59e-01   2.18e+00   0.00e+00 (  2.14e+02,  2.55e+02)
50      0.190   4.82e-01   7.58e-01   3.18e-01   2.52e+00   0.00e+00 (  2.03e+02,  2.46e+02)
55      0.199   5.24e-01   8.73e-01   4.46e-01   2.75e+00   0.00e+00 (  1.89e+02,  2.35e+02)
60      0.212   5.67e-01   9.86e-01   5.73e-01   3.03e+00   0.00e+00 (  1.77e+02,  2.23e+02)
65      0.199   5.63e-01   9.72e-01   6.38e-01   2.93e+00   0.00e+00 (  1.55e+02,  2.10e+02)
70      0.234   6.36e-01   1.15e+00   8.13e-01   3.52e+00   0.00e+00 (  1.51e+02,  1.97e+02)
75      0.235   6.59e-01   1.18e+00   8.87e-01   3.62e+00   0.00e+00 (  1.40e+02,  1.85e+02)
80      0.232   6.58e-01   1.19e+00   9.17e-01   3.75e+00   0.00e+00 (  1.31e+02,  1.74e+02)
85      0.281   6.72e-01   1.20e+00   8.90e-01   5.50e+00   0.00e+00 (  1.09e+02,  1.65e+02)
90      0.558   1.27e+00   1.77e+00   1.13e+00   1.99e+01   0.00e+00 (  2.79e+02,  1.56e+02)
95      0.513   9.38e-01   1.34e+00   1.02e+00   3.25e+01   0.00e+00 (  4.94e+02,  1.48e+02)
11 e: 1.438e-04 i: 1.086e-03 :: e: 4.045e-02 i: 5.461e-02 :: n: 2.762e+01 e:24.641 i:30.372 v:4.993e+03
>>> tau_he = 5.000000, nhe(0)=3.414163e+00
 5     -0.040   1.56e-02   5.14e-01   8.52e-03  -1.87e-01   0.00e+00 (  9.56e+00,  6.13e+01)
10     -0.136   1.24e-01   3.89e-02  -1.66e-02  -8.12e-01   0.00e+00 (  9.51e+01,  1.18e+02)
15      0.278   4.67e-01   5.13e-01   1.03e-01   1.98e+00   0.00e+00 (  3.16e+02,  1.63e+02)
20      0.294   4.08e-01   4.44e-01   1.58e-01   2.42e+00   0.00e+00 (  2.78e+02,  1.97e+02)
25      0.081   1.98e-01   1.97e-01   1.60e-02   7.55e-01   0.00e+00 (  1.30e+02,  2.26e+02)
30      0.170   3.67e-01   4.01e-01   1.64e-01   1.74e+00   0.00e+00 (  2.30e+02,  2.45e+02)
35      0.156   3.71e-01   4.48e-01   1.81e-01   1.73e+00   0.00e+00 (  2.26e+02,  2.54e+02)
40      0.154   3.87e-01   5.21e-01   1.82e-01   1.83e+00   0.00e+00 (  2.19e+02,  2.58e+02)
45      0.172   4.31e-01   6.38e-01   2.59e-01   2.17e+00   0.00e+00 (  2.13e+02,  2.55e+02)
50      0.189   4.83e-01   7.60e-01   3.19e-01   2.51e+00   0.00e+00 (  2.04e+02,  2.46e+02)
55      0.199   5.26e-01   8.78e-01   4.48e-01   2.76e+00   0.00e+00 (  1.90e+02,  2.35e+02)
60      0.213   5.70e-01   9.93e-01   5.76e-01   3.04e+00   0.00e+00 (  1.79e+02,  2.23e+02)
65      0.201   5.68e-01   9.84e-01   6.45e-01   2.95e+00   0.00e+00 (  1.58e+02,  2.10e+02)
70      0.235   6.41e-01   1.16e+00   8.20e-01   3.53e+00   0.00e+00 (  1.54e+02,  1.97e+02)
75      0.235   6.65e-01   1.19e+00   8.94e-01   3.62e+00   0.00e+00 (  1.43e+02,  1.85e+02)
80      0.231   6.63e-01   1.20e+00   9.23e-01   3.74e+00   0.00e+00 (  1.33e+02,  1.74e+02)
85      0.281   6.74e-01   1.20e+00   8.94e-01   5.49e+00   0.00e+00 (  1.10e+02,  1.65e+02)
90      0.558   1.27e+00   1.77e+00   1.13e+00   1.99e+01   0.00e+00 (  2.80e+02,  1.56e+02)
95      0.513   9.38e-01   1.34e+00   1.02e+00   3.25e+01   0.00e+00 (  4.94e+02,  1.48e+02)
12 e: 8.186e-04 i: 1.806e-03 :: e: 6.738e-02 i: 6.184e-02 :: n: 2.762e+01 e:24.443 i:30.458 v:4.993e+03
>>> tau_he = 5.000000, nhe(0)=3.418580e+00
 5     -0.040   1.50e-02   4.97e-01   7.67e-03  -1.87e-01   0.00e+00 (  9.23e+00,  6.13e+01)
10     -0.093   1.20e-01   3.86e-02  -1.41e-02  -5.53e-01   0.00e+00 (  9.02e+01,  1.18e+02)
15     -0.002   1.72e-01   1.02e-01  -3.07e-02  -1.22e-02   0.00e+00 (  1.10e+02,  1.63e+02)
20      0.078   1.89e-01   1.65e-01  -2.72e-03   6.46e-01   0.00e+00 (  1.24e+02,  1.97e+02)
25      0.181   3.50e-01   4.28e-01   1.74e-01   1.68e+00   0.00e+00 (  2.32e+02,  2.26e+02)
30      0.173   3.69e-01   4.02e-01   1.64e-01   1.77e+00   0.00e+00 (  2.31e+02,  2.45e+02)
35      0.157   3.71e-01   4.46e-01   1.79e-01   1.74e+00   0.00e+00 (  2.24e+02,  2.54e+02)
40      0.154   3.86e-01   5.16e-01   1.80e-01   1.84e+00   0.00e+00 (  2.18e+02,  2.58e+02)
45      0.171   4.29e-01   6.30e-01   2.56e-01   2.16e+00   0.00e+00 (  2.12e+02,  2.55e+02)
50      0.190   4.81e-01   7.52e-01   3.16e-01   2.52e+00   0.00e+00 (  2.02e+02,  2.46e+02)
55      0.200   5.26e-01   8.72e-01   4.45e-01   2.77e+00   0.00e+00 (  1.89e+02,  2.35e+02)
60      0.214   5.71e-01   9.90e-01   5.75e-01   3.07e+00   0.00e+00 (  1.79e+02,  2.23e+02)
65      0.203   5.70e-01   9.87e-01   6.48e-01   2.99e+00   0.00e+00 (  1.59e+02,  2.10e+02)
70      0.237   6.44e-01   1.16e+00   8.24e-01   3.57e+00   0.00e+00 (  1.54e+02,  1.97e+02)
75      0.238   6.69e-01   1.20e+00   9.00e-01   3.67e+00   0.00e+00 (  1.44e+02,  1.85e+02)
80      0.235   6.67e-01   1.21e+00   9.31e-01   3.80e+00   0.00e+00 (  1.34e+02,  1.74e+02)
85      0.283   6.78e-01   1.21e+00   9.03e-01   5.55e+00   0.00e+00 (  1.11e+02,  1.65e+02)
90      0.559   1.27e+00   1.77e+00   1.14e+00   1.99e+01   0.00e+00 (  2.80e+02,  1.56e+02)
95      0.513   9.38e-01   1.34e+00   1.02e+00   3.25e+01   0.00e+00 (  4.94e+02,  1.48e+02)
13 e: 1.528e-04 i: 1.034e-03 :: e: 3.428e-02 i: 4.332e-02 :: n: 2.762e+01 e:24.618 i:30.459 v:4.993e+03
>>> tau_he = 5.000000, nhe(0)=3.418663e+00
 5     -0.041   1.51e-02   5.04e-01   7.98e-03  -1.90e-01   0.00e+00 (  9.36e+00,  6.13e+01)
10     -0.092   1.20e-01   3.72e-02  -1.36e-02  -5.50e-01   0.00e+00 (  9.01e+01,  1.18e+02)
15      0.294   4.71e-01   5.10e-01   9.78e-02   2.10e+00   0.00e+00 (  3.07e+02,  1.63e+02)
20      0.076   1.95e-01   1.75e-01  -4.00e-02   6.23e-01   0.00e+00 (  1.30e+02,  1.97e+02)
25      0.082   2.00e-01   1.98e-01   1.29e-02   7.58e-01   0.00e+00 (  1.32e+02,  2.26e+02)
30      0.172   3.70e-01   4.04e-01   1.66e-01   1.77e+00   0.00e+00 (  2.32e+02,  2.45e+02)
35      0.157   3.73e-01   4.50e-01   1.81e-01   1.75e+00   0.00e+00 (  2.27e+02,  2.54e+02)
40      0.154   3.89e-01   5.21e-01   1.80e-01   1.84e+00   0.00e+00 (  2.21e+02,  2.58e+02)
45      0.171   4.35e-01   6.36e-01   2.59e-01   2.16e+00   0.00e+00 (  2.16e+02,  2.55e+02)
50      0.190   4.86e-01   7.62e-01   3.20e-01   2.52e+00   0.00e+00 (  2.06e+02,  2.46e+02)
55      0.201   5.31e-01   8.83e-01   4.50e-01   2.78e+00   0.00e+00 (  1.93e+02,  2.35e+02)
60      0.215   5.77e-01   1.00e+00   5.81e-01   3.07e+00   0.00e+00 (  1.82e+02,  2.23e+02)
65      0.204   5.77e-01   1.00e+00   6.56e-01   3.00e+00   0.00e+00 (  1.62e+02,  2.10e+02)
70      0.237   6.50e-01   1.17e+00   8.32e-01   3.57e+00   0.00e+00 (  1.58e+02,  1.97e+02)
75      0.237   6.75e-01   1.21e+00   9.07e-01   3.66e+00   0.00e+00 (  1.47e+02,  1.85e+02)
80      0.233   6.72e-01   1.22e+00   9.36e-01   3.78e+00   0.00e+00 (  1.36e+02,  1.74e+02)
85      0.283   6.80e-01   1.22e+00   9.05e-01   5.53e+00   0.00e+00 (  1.13e+02,  1.65e+02)
90      0.559   1.27e+00   1.77e+00   1.14e+00   1.99e+01   0.00e+00 (  2.80e+02,  1.56e+02)
95      0.513   9.38e-01   1.34e+00   1.02e+00   3.25e+01   0.00e+00 (  4.94e+02,  1.48e+02)
14 e: 6.998e-04 i: 1.579e-03 :: e: 5.084e-02 i: 4.506e-02 :: n: 2.762e+01 e:24.470 i:30.752 v:4.993e+03
>>> tau_he = 5.000000, nhe(0)=3.433315e+00
 5     -0.041   1.53e-02   5.05e-01   7.67e-03  -1.93e-01   0.00e+00 (  9.49e+00,  6.13e+01)
10     -0.081   1.22e-01   3.88e-02  -1.36e-02  -4.82e-01   0.00e+00 (  8.93e+01,  1.18e+02)
15      0.013   1.76e-01   1.02e-01  -2.89e-02   9.35e-02   0.00e+00 (  1.09e+02,  1.63e+02)
20      0.310   4.23e-01   4.56e-01   1.58e-01   2.56e+00   0.00e+00 (  2.83e+02,  1.97e+02)
25      0.183   3.56e-01   4.34e-01   1.80e-01   1.70e+00   0.00e+00 (  2.38e+02,  2.26e+02)
30      0.174   3.71e-01   4.03e-01   1.63e-01   1.79e+00   0.00e+00 (  2.31e+02,  2.45e+02)
35      0.158   3.72e-01   4.45e-01   1.79e-01   1.76e+00   0.00e+00 (  2.25e+02,  2.54e+02)
40      0.154   3.88e-01   5.14e-01   1.78e-01   1.84e+00   0.00e+00 (  2.18e+02,  2.58e+02)
45      0.171   4.31e-01   6.27e-01   2.55e-01   2.16e+00   0.00e+00 (  2.13e+02,  2.55e+02)
50      0.190   4.84e-01   7.52e-01   3.15e-01   2.53e+00   0.00e+00 (  2.04e+02,  2.46e+02)
55      0.202   5.30e-01   8.76e-01   4.46e-01   2.79e+00   0.00e+00 (  1.92e+02,  2.35e+02)
60      0.216   5.76e-01   9.96e-01   5.78e-01   3.10e+00   0.00e+00 (  1.82e+02,  2.23e+02)
65      0.207   5.78e-01   1.00e+00   6.57e-01   3.04e+00   0.00e+00 (  1.63e+02,  2.10e+02)
70      0.241   6.51e-01   1.18e+00   8.38e-01   3.62e+00   0.00e+00 (  1.58e+02,  1.97e+02)
75      0.241   6.76e-01   1.21e+00   9.15e-01   3.72e+00   0.00e+00 (  1.47e+02,  1.85e+02)
80      0.237   6.75e-01   1.23e+00   9.44e-01   3.84e+00   0.00e+00 (  1.37e+02,  1.74e+02)
85      0.286   6.85e-01   1.23e+00   9.15e-01   5.60e+00   0.00e+00 (  1.14e+02,  1.65e+02)
90      0.560   1.27e+00   1.78e+00   1.14e+00   1.99e+01   0.00e+00 (  2.80e+02,  1.56e+02)
95      0.513   9.38e-01   1.34e+00   1.02e+00   3.25e+01   0.00e+00 (  4.94e+02,  1.48e+02)
15 e: 3.627e-04 i: 1.992e-03 :: e: 4.342e-02 i: 4.386e-02 :: n: 2.762e+01 e:24.637 i:30.629 v:4.993e+03
>>> tau_he = 5.000000, nhe(0)=3.427390e+00
 5     -0.042   1.53e-02   5.06e-01   7.99e-03  -1.96e-01   0.00e+00 (  9.64e+00,  6.13e+01)
10     -0.084   1.22e-01   3.85e-02  -1.39e-02  -5.02e-01   0.00e+00 (  8.99e+01,  1.18e+02)
15      0.010   1.82e-01   1.11e-01  -4.13e-02   6.83e-02   0.00e+00 (  1.15e+02,  1.63e+02)
20      0.080   1.94e-01   1.75e-01  -2.41e-02   6.60e-01   0.00e+00 (  1.27e+02,  1.97e+02)
25      0.082   2.03e-01   2.00e-01   1.08e-02   7.66e-01   0.00e+00 (  1.35e+02,  2.26e+02)
30      0.175   3.75e-01   4.08e-01   1.67e-01   1.80e+00   0.00e+00 (  2.35e+02,  2.45e+02)
35      0.159   3.77e-01   4.53e-01   1.82e-01   1.77e+00   0.00e+00 (  2.29e+02,  2.54e+02)
40      0.155   3.92e-01   5.23e-01   1.80e-01   1.85e+00   0.00e+00 (  2.23e+02,  2.58e+02)
45      0.173   4.36e-01   6.39e-01   2.59e-01   2.18e+00   0.00e+00 (  2.18e+02,  2.55e+02)
50      0.192   4.91e-01   7.67e-01   3.21e-01   2.55e+00   0.00e+00 (  2.10e+02,  2.46e+02)
55      0.203   5.37e-01   8.91e-01   4.54e-01   2.81e+00   0.00e+00 (  1.97e+02,  2.35e+02)
60      0.217   5.84e-01   1.01e+00   5.87e-01   3.11e+00   0.00e+00 (  1.86e+02,  2.23e+02)
65      0.207   5.86e-01   1.02e+00   6.67e-01   3.05e+00   0.00e+00 (  1.67e+02,  2.10e+02)
70      0.240   6.60e-01   1.19e+00   8.44e-01   3.61e+00   0.00e+00 (  1.62e+02,  1.97e+02)
75      0.240   6.84e-01   1.22e+00   9.20e-01   3.70e+00   0.00e+00 (  1.50e+02,  1.85e+02)
80      0.236   6.81e-01   1.23e+00   9.50e-01   3.81e+00   0.00e+00 (  1.39e+02,  1.74e+02)
85      0.285   6.87e-01   1.23e+00   9.18e-01   5.58e+00   0.00e+00 (  1.15e+02,  1.65e+02)
90      0.559   1.27e+00   1.78e+00   1.14e+00   1.99e+01   0.00e+00 (  2.81e+02,  1.56e+02)
95      0.513   9.38e-01   1.34e+00   1.02e+00   3.25e+01   0.00e+00 (  4.94e+02,  1.48e+02)
16 e: 1.027e-04 i: 5.089e-04 :: e: 3.958e-02 i: 3.943e-02 :: n: 2.762e+01 e:24.611 i:30.847 v:4.993e+03
>>> tau_he = 5.000000, nhe(0)=3.438145e+00
 5     -0.042   1.56e-02   5.23e-01   8.05e-03  -1.97e-01   0.00e+00 (  9.74e+00,  6.13e+01)
10     -0.081   1.21e-01   3.55e-02  -1.23e-02  -4.84e-01   0.00e+00 (  8.86e+01,  1.18e+02)
15      0.332   4.94e-01   5.35e-01   1.05e-01   2.37e+00   0.00e+00 (  3.17e+02,  1.63e+02)
20      0.290   4.20e-01   4.53e-01   1.53e-01   2.39e+00   0.00e+00 (  2.79e+02,  1.97e+02)
25      0.181   3.56e-01   4.35e-01   1.79e-01   1.68e+00   0.00e+00 (  2.39e+02,  2.26e+02)
30      0.174   3.72e-01   4.03e-01   1.63e-01   1.79e+00   0.00e+00 (  2.32e+02,  2.45e+02)
35      0.158   3.74e-01   4.46e-01   1.79e-01   1.76e+00   0.00e+00 (  2.25e+02,  2.54e+02)
40      0.154   3.89e-01   5.15e-01   1.77e-01   1.83e+00   0.00e+00 (  2.20e+02,  2.58e+02)
45      0.170   4.35e-01   6.27e-01   2.55e-01   2.15e+00   0.00e+00 (  2.16e+02,  2.55e+02)
50      0.191   4.87e-01   7.56e-01   3.17e-01   2.53e+00   0.00e+00 (  2.07e+02,  2.46e+02)
55      0.203   5.35e-01   8.82e-01   4.49e-01   2.81e+00   0.00e+00 (  1.95e+02,  2.35e+02)
60      0.217   5.82e-01   1.00e+00   5.83e-01   3.11e+00   0.00e+00 (  1.85e+02,  2.23e+02)
65      0.208   5.86e-01   1.01e+00   6.65e-01   3.07e+00   0.00e+00 (  1.66e+02,  2.10e+02)
70      0.242   6.60e-01   1.19e+00   8.43e-01   3.64e+00   0.00e+00 (  1.61e+02,  1.97e+02)
75      0.242   6.84e-01   1.23e+00   9.25e-01   3.74e+00   0.00e+00 (  1.50e+02,  1.85e+02)
80      0.238   6.83e-01   1.24e+00   9.55e-01   3.86e+00   0.00e+00 (  1.40e+02,  1.74e+02)
85      0.288   6.91e-01   1.24e+00   9.25e-01   5.63e+00   0.00e+00 (  1.16e+02,  1.65e+02)
90      0.560   1.27e+00   1.78e+00   1.14e+00   2.00e+01   0.00e+00 (  2.81e+02,  1.56e+02)
95      0.513   9.38e-01   1.34e+00   1.02e+00   3.25e+01   0.00e+00 (  4.94e+02,  1.48e+02)
17 e: 4.478e-04 i: 1.001e-03 :: e: 5.745e-02 i: 4.985e-02 :: n: 2.762e+01 e:24.518 i:30.867 v:4.993e+03
>>> tau_he = 5.000000, nhe(0)=3.439224e+00
 5     -0.043   1.55e-02   5.05e-01   7.87e-03  -2.02e-01   0.00e+00 (  9.79e+00,  6.13e+01)
10     -0.084   1.23e-01   4.15e-02  -1.40e-02  -5.00e-01   0.00e+00 (  8.90e+01,  1.18e+02)
15      0.024   1.81e-01   1.08e-01  -3.12e-02   1.68e-01   0.00e+00 (  1.11e+02,  1.63e+02)
20      0.070   1.92e-01   1.68e-01  -5.68e-03   5.81e-01   0.00e+00 (  1.24e+02,  1.97e+02)
25      0.084   2.05e-01   2.00e-01   9.60e-03   7.83e-01   0.00e+00 (  1.36e+02,  2.26e+02)
30      0.178   3.77e-01   4.09e-01   1.65e-01   1.83e+00   0.00e+00 (  2.35e+02,  2.45e+02)
35      0.161   3.78e-01   4.51e-01   1.81e-01   1.80e+00   0.00e+00 (  2.29e+02,  2.54e+02)
40      0.157   3.93e-01   5.20e-01   1.79e-01   1.87e+00   0.00e+00 (  2.23e+02,  2.58e+02)
45      0.174   4.37e-01   6.35e-01   2.58e-01   2.20e+00   0.00e+00 (  2.18e+02,  2.55e+02)
50      0.194   4.92e-01   7.64e-01   3.19e-01   2.58e+00   0.00e+00 (  2.10e+02,  2.46e+02)
55      0.206   5.40e-01   8.92e-01   4.54e-01   2.85e+00   0.00e+00 (  1.98e+02,  2.35e+02)
60      0.220   5.87e-01   1.02e+00   5.89e-01   3.14e+00   0.00e+00 (  1.88e+02,  2.23e+02)
65      0.245   6.46e-01   1.17e+00   7.68e-01   3.61e+00   0.00e+00 (  1.85e+02,  2.10e+02)
70      0.243   6.65e-01   1.20e+00   8.51e-01   3.66e+00   0.00e+00 (  1.64e+02,  1.97e+02)
75      0.243   6.89e-01   1.24e+00   9.32e-01   3.75e+00   0.00e+00 (  1.52e+02,  1.85e+02)
80      0.239   6.87e-01   1.25e+00   9.60e-01   3.86e+00   0.00e+00 (  1.42e+02,  1.74e+02)
85      0.288   6.94e-01   1.24e+00   9.30e-01   5.64e+00   0.00e+00 (  1.17e+02,  1.65e+02)
90      0.560   1.27e+00   1.78e+00   1.14e+00   2.00e+01   0.00e+00 (  2.82e+02,  1.56e+02)
95      0.513   9.38e-01   1.34e+00   1.02e+00   3.25e+01   0.00e+00 (  4.94e+02,  1.48e+02)
18 e: 1.268e-04 i: 4.932e-04 :: e: 4.780e-02 i: 5.024e-02 :: n: 2.762e+01 e:24.659 i:30.945 v:4.993e+03
>>> tau_he = 5.000000, nhe(0)=3.443043e+00
 5     -0.043   1.57e-02   5.21e-01   8.04e-03  -2.02e-01   0.00e+00 (  9.94e+00,  6.13e+01)
10     -0.084   1.22e-01   3.85e-02  -1.29e-02  -4.98e-01   0.00e+00 (  8.83e+01,  1.18e+02)
15      0.021   1.87e-01   1.14e-01  -4.22e-02   1.49e-01   0.00e+00 (  1.17e+02,  1.63e+02)
20      0.067   1.98e-01   1.78e-01  -3.71e-02   5.51e-01   0.00e+00 (  1.30e+02,  1.97e+02)
25      0.184   3.61e-01   4.41e-01   1.84e-01   1.71e+00   0.00e+00 (  2.44e+02,  2.26e+02)
30      0.178   3.78e-01   4.10e-01   1.66e-01   1.82e+00   0.00e+00 (  2.36e+02,  2.45e+02)
35      0.160   3.78e-01   4.52e-01   1.81e-01   1.79e+00   0.00e+00 (  2.29e+02,  2.54e+02)
40      0.156   3.94e-01   5.21e-01   1.78e-01   1.86e+00   0.00e+00 (  2.24e+02,  2.58e+02)
45      0.173   4.38e-01   6.37e-01   2.58e-01   2.19e+00   0.00e+00 (  2.20e+02,  2.55e+02)
50      0.194   4.94e-01   7.68e-01   3.21e-01   2.57e+00   0.00e+00 (  2.12e+02,  2.46e+02)
55      0.206   5.42e-01   8.96e-01   4.56e-01   2.85e+00   0.00e+00 (  2.00e+02,  2.35e+02)
60      0.219   5.89e-01   1.02e+00   5.90e-01   3.13e+00   0.00e+00 (  1.89e+02,  2.23e+02)
65      0.207   5.89e-01   1.02e+00   6.66e-01   3.05e+00   0.00e+00 (  1.68e+02,  2.10e+02)
70      0.243   6.67e-01   1.20e+00   8.52e-01   3.65e+00   0.00e+00 (  1.65e+02,  1.97e+02)
75      0.243   6.92e-01   1.24e+00   9.36e-01   3.75e+00   0.00e+00 (  1.54e+02,  1.85e+02)
80      0.239   6.90e-01   1.25e+00   9.65e-01   3.87e+00   0.00e+00 (  1.43e+02,  1.74e+02)
85      0.289   6.96e-01   1.25e+00   9.34e-01   5.65e+00   0.00e+00 (  1.19e+02,  1.65e+02)
90      0.561   1.27e+00   1.78e+00   1.14e+00   2.00e+01   0.00e+00 (  2.82e+02,  1.56e+02)
95      0.513   9.38e-01   1.34e+00   1.02e+00   3.25e+01   0.00e+00 (  4.94e+02,  1.48e+02)
19 e: 1.521e-04 i: 1.020e-03 :: e: 3.768e-02 i: 4.065e-02 :: n: 2.762e+01 e:24.674 i:31.047 v:4.993e+03
>>> tau_he = 5.000000, nhe(0)=3.448059e+00
 5     -0.043   1.59e-02   5.31e-01   8.12e-03  -2.03e-01   0.00e+00 (  1.01e+01,  6.13e+01)
10     -0.084   1.22e-01   3.69e-02  -1.21e-02  -5.00e-01   0.00e+00 (  8.79e+01,  1.18e+02)
15      0.358   5.18e-01   5.61e-01   1.14e-01   2.55e+00   0.00e+00 (  3.28e+02,  1.63e+02)
20      0.306   4.34e-01   4.67e-01   1.61e-01   2.53e+00   0.00e+00 (  2.89e+02,  1.97e+02)
25      0.082   2.05e-01   2.00e-01   9.85e-03   7.63e-01   0.00e+00 (  1.37e+02,  2.26e+02)
30      0.176   3.75e-01   4.05e-01   1.63e-01   1.80e+00   0.00e+00 (  2.33e+02,  2.45e+02)
35      0.160   3.77e-01   4.49e-01   1.80e-01   1.78e+00   0.00e+00 (  2.28e+02,  2.54e+02)
40      0.155   3.93e-01   5.18e-01   1.77e-01   1.85e+00   0.00e+00 (  2.23e+02,  2.58e+02)
45      0.172   4.37e-01   6.33e-01   2.57e-01   2.18e+00   0.00e+00 (  2.19e+02,  2.55e+02)
50      0.193   4.93e-01   7.63e-01   3.19e-01   2.57e+00   0.00e+00 (  2.11e+02,  2.46e+02)
55      0.206   5.41e-01   8.93e-01   4.54e-01   2.84e+00   0.00e+00 (  2.00e+02,  2.35e+02)
60      0.219   5.88e-01   1.02e+00   5.89e-01   3.14e+00   0.00e+00 (  1.89e+02,  2.23e+02)
65      0.208   5.90e-01   1.02e+00   6.67e-01   3.07e+00   0.00e+00 (  1.69e+02,  2.10e+02)
70      0.243   6.67e-01   1.20e+00   8.53e-01   3.67e+00   0.00e+00 (  1.65e+02,  1.97e+02)
75      0.244   6.93e-01   1.24e+00   9.37e-01   3.77e+00   0.00e+00 (  1.54e+02,  1.85e+02)
80      0.240   6.91e-01   1.26e+00   9.67e-01   3.88e+00   0.00e+00 (  1.43e+02,  1.74e+02)
85      0.290   6.98e-01   1.25e+00   9.38e-01   5.67e+00   0.00e+00 (  1.19e+02,  1.65e+02)
90      0.561   1.27e+00   1.78e+00   1.14e+00   2.00e+01   0.00e+00 (  2.83e+02,  1.56e+02)
95      0.513   9.38e-01   1.34e+00   1.02e+00   3.25e+01   0.00e+00 (  4.94e+02,  1.48e+02)
20 e: 7.630e-04 i: 2.402e-03 :: e: 6.306e-02 i: 5.378e-02 :: n: 2.762e+01 e:24.537 i:31.174 v:4.993e+03
>>> tau_he = 5.000000, nhe(0)=3.454249e+00
 5     -0.044   1.59e-02   5.16e-01   7.71e-03  -2.08e-01   0.00e+00 (  1.01e+01,  6.13e+01)
10     -0.075   1.25e-01   4.12e-02  -1.23e-02  -4.49e-01   0.00e+00 (  8.90e+01,  1.18e+02)
15      0.033   1.86e-01   1.10e-01  -3.15e-02   2.36e-01   0.00e+00 (  1.12e+02,  1.63e+02)
20      0.073   1.97e-01   1.71e-01  -6.03e-03   6.03e-01   0.00e+00 (  1.26e+02,  1.97e+02)
25      0.189   3.64e-01   4.43e-01   1.86e-01   1.75e+00   0.00e+00 (  2.45e+02,  2.26e+02)
30      0.181   3.80e-01   4.11e-01   1.65e-01   1.85e+00   0.00e+00 (  2.36e+02,  2.45e+02)
35      0.163   3.80e-01   4.52e-01   1.81e-01   1.81e+00   0.00e+00 (  2.29e+02,  2.54e+02)
40      0.158   3.94e-01   5.20e-01   1.78e-01   1.88e+00   0.00e+00 (  2.24e+02,  2.58e+02)
45      0.175   4.39e-01   6.34e-01   2.58e-01   2.21e+00   0.00e+00 (  2.20e+02,  2.55e+02)
50      0.196   4.94e-01   7.66e-01   3.19e-01   2.60e+00   0.00e+00 (  2.12e+02,  2.46e+02)
55      0.208   5.43e-01   8.95e-01   4.56e-01   2.87e+00   0.00e+00 (  2.00e+02,  2.35e+02)
60      0.221   5.90e-01   1.02e+00   5.91e-01   3.17e+00   0.00e+00 (  1.90e+02,  2.23e+02)
65      0.211   5.93e-01   1.02e+00   6.72e-01   3.10e+00   0.00e+00 (  1.70e+02,  2.10e+02)
70      0.245   6.68e-01   1.21e+00   8.61e-01   3.70e+00   0.00e+00 (  1.66e+02,  1.97e+02)
75      0.245   6.95e-01   1.25e+00   9.41e-01   3.78e+00   0.00e+00 (  1.55e+02,  1.85e+02)
80      0.241   6.94e-01   1.26e+00   9.75e-01   3.89e+00   0.00e+00 (  1.44e+02,  1.74e+02)
85      0.291   7.00e-01   1.26e+00   9.42e-01   5.69e+00   0.00e+00 (  1.20e+02,  1.65e+02)
90      0.561   1.27e+00   1.78e+00   1.15e+00   2.00e+01   0.00e+00 (  2.83e+02,  1.56e+02)
95      0.513   9.38e-01   1.34e+00   1.02e+00   3.25e+01   0.00e+00 (  4.94e+02,  1.48e+02)
21 e: 1.822e-04 i: 1.029e-03 :: e: 4.062e-02 i: 4.043e-02 :: n: 2.762e+01 e:24.699 i:31.129 v:4.993e+03
>>> tau_he = 5.000000, nhe(0)=3.452136e+00
 5     -0.044   1.60e-02   5.26e-01   8.08e-03  -2.07e-01   0.00e+00 (  1.02e+01,  6.13e+01)
10     -0.078   1.25e-01   3.94e-02  -1.29e-02  -4.67e-01   0.00e+00 (  8.89e+01,  1.18e+02)
15      0.371   5.17e-01   5.52e-01   1.09e-01   2.65e+00   0.00e+00 (  3.18e+02,  1.63e+02)
20      0.069   2.02e-01   1.81e-01  -4.48e-02   5.71e-01   0.00e+00 (  1.32e+02,  1.97e+02)
25      0.084   2.08e-01   2.02e-01   5.99e-03   7.76e-01   0.00e+00 (  1.40e+02,  2.26e+02)
30      0.180   3.80e-01   4.11e-01   1.66e-01   1.84e+00   0.00e+00 (  2.37e+02,  2.45e+02)
35      0.162   3.81e-01   4.55e-01   1.82e-01   1.81e+00   0.00e+00 (  2.31e+02,  2.54e+02)
40      0.157   3.97e-01   5.24e-01   1.78e-01   1.88e+00   0.00e+00 (  2.27e+02,  2.58e+02)
45      0.175   4.42e-01   6.40e-01   2.60e-01   2.21e+00   0.00e+00 (  2.23e+02,  2.55e+02)
50      0.196   4.98e-01   7.73e-01   3.23e-01   2.60e+00   0.00e+00 (  2.15e+02,  2.46e+02)
55      0.208   5.47e-01   9.03e-01   4.59e-01   2.87e+00   0.00e+00 (  2.03e+02,  2.35e+02)
60      0.221   5.94e-01   1.03e+00   5.95e-01   3.16e+00   0.00e+00 (  1.92e+02,  2.23e+02)
65      0.246   6.53e-01   1.18e+00   7.73e-01   3.61e+00   0.00e+00 (  1.88e+02,  2.10e+02)
70      0.244   6.73e-01   1.21e+00   8.60e-01   3.68e+00   0.00e+00 (  1.68e+02,  1.97e+02)
75      0.244   6.98e-01   1.25e+00   9.44e-01   3.77e+00   0.00e+00 (  1.56e+02,  1.85e+02)
80      0.240   6.96e-01   1.26e+00   9.73e-01   3.88e+00   0.00e+00 (  1.45e+02,  1.74e+02)
85      0.290   7.01e-01   1.26e+00   9.43e-01   5.68e+00   0.00e+00 (  1.21e+02,  1.65e+02)
90      0.561   1.27e+00   1.78e+00   1.15e+00   2.00e+01   0.00e+00 (  2.83e+02,  1.56e+02)
95      0.513   9.38e-01   1.34e+00   1.02e+00   3.25e+01   0.00e+00 (  4.94e+02,  1.48e+02)
22 e: 6.862e-04 i: 2.106e-03 :: e: 5.967e-02 i: 5.600e-02 :: n: 2.762e+01 e:24.546 i:31.423 v:4.993e+03
>>> tau_he = 5.000000, nhe(0)=3.466100e+00
 5     -0.045   1.62e-02   5.23e-01   7.52e-03  -2.10e-01   0.00e+00 (  1.03e+01,  6.13e+01)
10     -0.067   1.27e-01   4.20e-02  -1.21e-02  -4.01e-01   0.00e+00 (  8.90e+01,  1.18e+02)
15      0.043   1.88e-01   1.09e-01  -2.90e-02   3.04e-01   0.00e+00 (  1.10e+02,  1.63e+02)
20      0.319   4.46e-01   4.80e-01   1.61e-01   2.64e+00   0.00e+00 (  2.92e+02,  1.97e+02)
25      0.296   3.95e-01   4.28e-01   1.96e-01   2.75e+00   0.00e+00 (  2.69e+02,  2.26e+02)
30      0.182   3.82e-01   4.12e-01   1.65e-01   1.87e+00   0.00e+00 (  2.37e+02,  2.45e+02)
35      0.164   3.81e-01   4.52e-01   1.81e-01   1.82e+00   0.00e+00 (  2.30e+02,  2.54e+02)
40      0.158   3.96e-01   5.20e-01   1.77e-01   1.89e+00   0.00e+00 (  2.25e+02,  2.58e+02)
45      0.176   4.40e-01   6.34e-01   2.58e-01   2.22e+00   0.00e+00 (  2.21e+02,  2.55e+02)
50      0.197   4.96e-01   7.67e-01   3.19e-01   2.62e+00   0.00e+00 (  2.14e+02,  2.46e+02)
55      0.209   5.45e-01   8.98e-01   4.57e-01   2.89e+00   0.00e+00 (  2.02e+02,  2.35e+02)
60      0.222   5.92e-01   1.02e+00   5.92e-01   3.18e+00   0.00e+00 (  1.91e+02,  2.23e+02)
65      0.210   5.92e-01   1.02e+00   6.68e-01   3.09e+00   0.00e+00 (  1.70e+02,  2.10e+02)
70      0.247   6.71e-01   1.21e+00   8.64e-01   3.72e+00   0.00e+00 (  1.67e+02,  1.97e+02)
75      0.247   6.99e-01   1.26e+00   9.46e-01   3.81e+00   0.00e+00 (  1.56e+02,  1.85e+02)
80      0.243   6.99e-01   1.27e+00   9.82e-01   3.93e+00   0.00e+00 (  1.46e+02,  1.74e+02)
85      0.293   7.06e-01   1.27e+00   9.53e-01   5.74e+00   0.00e+00 (  1.21e+02,  1.65e+02)
90      0.562   1.27e+00   1.79e+00   1.15e+00   2.00e+01   0.00e+00 (  2.84e+02,  1.56e+02)
95      0.513   9.38e-01   1.34e+00   1.02e+00   3.25e+01   0.00e+00 (  4.94e+02,  1.48e+02)
23 e: 5.289e-04 i: 2.058e-03 :: e: 5.361e-02 i: 4.706e-02 :: n: 2.762e+01 e:24.687 i:31.213 v:4.993e+03
>>> tau_he = 5.000000, nhe(0)=3.456322e+00
 5     -0.045   1.59e-02   5.22e-01   8.04e-03  -2.10e-01   0.00e+00 (  1.02e+01,  6.13e+01)
10     -0.073   1.26e-01   4.09e-02  -1.22e-02  -4.32e-01   0.00e+00 (  8.92e+01,  1.18e+02)
15      0.039   1.92e-01   1.16e-01  -4.08e-02   2.78e-01   0.00e+00 (  1.15e+02,  1.63e+02)
20      0.073   1.99e-01   1.80e-01  -2.54e-02   6.06e-01   0.00e+00 (  1.28e+02,  1.97e+02)
25      0.196   3.85e-01   4.25e-01   1.21e-01   1.82e+00   0.00e+00 (  2.58e+02,  2.26e+02)
30      0.183   3.84e-01   4.16e-01   1.68e-01   1.87e+00   0.00e+00 (  2.40e+02,  2.45e+02)
35      0.165   3.85e-01   4.59e-01   1.84e-01   1.83e+00   0.00e+00 (  2.34e+02,  2.54e+02)
40      0.159   4.00e-01   5.28e-01   1.79e-01   1.90e+00   0.00e+00 (  2.30e+02,  2.58e+02)
45      0.177   4.45e-01   6.46e-01   2.62e-01   2.24e+00   0.00e+00 (  2.26e+02,  2.55e+02)
50      0.198   5.02e-01   7.79e-01   3.25e-01   2.63e+00   0.00e+00 (  2.18e+02,  2.46e+02)
55      0.210   5.51e-01   9.11e-01   4.63e-01   2.90e+00   0.00e+00 (  2.06e+02,  2.35e+02)
60      0.222   5.98e-01   1.03e+00   5.99e-01   3.18e+00   0.00e+00 (  1.95e+02,  2.23e+02)
65      0.245   6.54e-01   1.18e+00   7.73e-01   3.61e+00   0.00e+00 (  1.89e+02,  2.10e+02)
70      0.245   6.78e-01   1.22e+00   8.65e-01   3.69e+00   0.00e+00 (  1.70e+02,  1.97e+02)
75      0.245   7.03e-01   1.26e+00   9.51e-01   3.79e+00   0.00e+00 (  1.58e+02,  1.85e+02)
80      0.241   7.01e-01   1.27e+00   9.79e-01   3.90e+00   0.00e+00 (  1.47e+02,  1.74e+02)
85      0.291   7.05e-01   1.27e+00   9.50e-01   5.70e+00   0.00e+00 (  1.22e+02,  1.65e+02)
90      0.562   1.27e+00   1.79e+00   1.15e+00   2.00e+01   0.00e+00 (  2.84e+02,  1.56e+02)
95      0.513   9.38e-01   1.34e+00   1.02e+00   3.25e+01   0.00e+00 (  4.94e+02,  1.48e+02)
24 e: 2.167e-04 i: 8.856e-04 :: e: 4.872e-02 i: 4.851e-02 :: n: 2.762e+01 e:24.585 i:31.252 v:4.993e+03
>>> tau_he = 5.000000, nhe(0)=3.458082e+00
 5     -0.045   1.62e-02   5.33e-01   8.07e-03  -2.09e-01   0.00e+00 (  1.03e+01,  6.13e+01)
10     -0.073   1.24e-01   3.79e-02  -1.20e-02  -4.35e-01   0.00e+00 (  8.72e+01,  1.18e+02)
15      0.379   5.26e-01   5.61e-01   1.10e-01   2.71e+00   0.00e+00 (  3.20e+02,  1.63e+02)
20      0.072   2.01e-01   1.80e-01  -4.02e-02   5.92e-01   0.00e+00 (  1.30e+02,  1.97e+02)
25      0.085   2.04e-01   2.00e-01   1.94e-02   7.90e-01   0.00e+00 (  1.34e+02,  2.26e+02)
30      0.180   3.79e-01   4.07e-01   1.63e-01   1.84e+00   0.00e+00 (  2.33e+02,  2.45e+02)
35      0.163   3.81e-01   4.52e-01   1.81e-01   1.81e+00   0.00e+00 (  2.30e+02,  2.54e+02)
40      0.158   3.96e-01   5.21e-01   1.77e-01   1.88e+00   0.00e+00 (  2.26e+02,  2.58e+02)
45      0.175   4.41e-01   6.36e-01   2.58e-01   2.22e+00   0.00e+00 (  2.22e+02,  2.55e+02)
50      0.197   4.98e-01   7.69e-01   3.21e-01   2.61e+00   0.00e+00 (  2.15e+02,  2.46e+02)
55      0.209   5.47e-01   9.01e-01   4.58e-01   2.89e+00   0.00e+00 (  2.03e+02,  2.35e+02)
60      0.222   5.94e-01   1.02e+00   5.93e-01   3.17e+00   0.00e+00 (  1.92e+02,  2.23e+02)
65      0.208   5.91e-01   1.02e+00   6.65e-01   3.06e+00   0.00e+00 (  1.70e+02,  2.10e+02)
70      0.246   6.75e-01   1.21e+00   8.61e-01   3.70e+00   0.00e+00 (  1.68e+02,  1.97e+02)
75      0.247   7.02e-01   1.26e+00   9.50e-01   3.81e+00   0.00e+00 (  1.57e+02,  1.85e+02)
80      0.243   7.02e-01   1.27e+00   9.85e-01   3.93e+00   0.00e+00 (  1.47e+02,  1.74e+02)
85      0.294   7.08e-01   1.27e+00   9.57e-01   5.75e+00   0.00e+00 (  1.23e+02,  1.65e+02)
90      0.563   1.27e+00   1.79e+00   1.15e+00   2.00e+01   0.00e+00 (  2.84e+02,  1.56e+02)
95      0.513   9.38e-01   1.34e+00   1.02e+00   3.25e+01   0.00e+00 (  4.94e+02,  1.48e+02)
25 e: 6.822e-04 i: 2.272e-03 :: e: 5.379e-02 i: 4.708e-02 :: n: 2.762e+01 e:24.555 i:31.446 v:4.993e+03
>>> tau_he = 5.000000, nhe(0)=3.467256e+00
 5     -0.046   1.60e-02   5.23e-01   7.69e-03  -2.15e-01   0.00e+00 (  1.02e+01,  6.13e+01)
10     -0.064   1.28e-01   4.19e-02  -1.21e-02  -3.84e-01   0.00e+00 (  8.87e+01,  1.18e+02)
15      0.047   1.91e-01   1.12e-01  -3.08e-02   3.34e-01   0.00e+00 (  1.11e+02,  1.63e+02)
20      0.327   4.52e-01   4.83e-01   1.63e-01   2.70e+00   0.00e+00 (  2.94e+02,  1.97e+02)
25      0.191   3.66e-01   4.46e-01   1.86e-01   1.78e+00   0.00e+00 (  2.45e+02,  2.26e+02)
30      0.183   3.82e-01   4.13e-01   1.66e-01   1.88e+00   0.00e+00 (  2.36e+02,  2.45e+02)
35      0.165   3.82e-01   4.55e-01   1.82e-01   1.84e+00   0.00e+00 (  2.30e+02,  2.54e+02)
40      0.160   3.98e-01   5.23e-01   1.78e-01   1.90e+00   0.00e+00 (  2.27e+02,  2.58e+02)
45      0.177   4.43e-01   6.40e-01   2.60e-01   2.24e+00   0.00e+00 (  2.23e+02,  2.55e+02)
50      0.198   4.99e-01   7.74e-01   3.22e-01   2.63e+00   0.00e+00 (  2.16e+02,  2.46e+02)
55      0.210   5.49e-01   9.06e-01   4.61e-01   2.91e+00   0.00e+00 (  2.04e+02,  2.35e+02)
60      0.223   5.96e-01   1.03e+00   5.96e-01   3.19e+00   0.00e+00 (  1.93e+02,  2.23e+02)
65      0.245   6.51e-01   1.17e+00   7.68e-01   3.60e+00   0.00e+00 (  1.87e+02,  2.10e+02)
70      0.246   6.76e-01   1.22e+00   8.64e-01   3.71e+00   0.00e+00 (  1.69e+02,  1.97e+02)
75      0.247   7.03e-01   1.26e+00   9.51e-01   3.81e+00   0.00e+00 (  1.58e+02,  1.85e+02)
80      0.242   7.02e-01   1.27e+00   9.85e-01   3.92e+00   0.00e+00 (  1.47e+02,  1.74e+02)
85      0.293   7.08e-01   1.27e+00   9.56e-01   5.73e+00   0.00e+00 (  1.23e+02,  1.65e+02)
90      0.562   1.27e+00   1.79e+00   1.15e+00   2.00e+01   0.00e+00 (  2.85e+02,  1.56e+02)
95      0.513   9.38e-01   1.34e+00   1.02e+00   3.25e+01   0.00e+00 (  4.94e+02,  1.48e+02)
26 e: 4.314e-04 i: 2.003e-03 :: e: 5.274e-02 i: 5.145e-02 :: n: 2.762e+01 e:24.597 i:31.263 v:4.993e+03
>>> tau_he = 5.000000, nhe(0)=3.458752e+00
 5     -0.045   1.60e-02   5.25e-01   8.03e-03  -2.13e-01   0.00e+00 (  1.03e+01,  6.13e+01)
10     -0.069   1.26e-01   4.01e-02  -1.18e-02  -4.11e-01   0.00e+00 (  8.81e+01,  1.18e+02)
15      0.374   5.21e-01   5.50e-01   1.04e-01   2.67e+00   0.00e+00 (  3.10e+02,  1.63e+02)
20      0.075   1.99e-01   1.79e-01  -2.36e-02   6.18e-01   0.00e+00 (  1.26e+02,  1.97e+02)
25      0.085   2.07e-01   2.01e-01   1.41e-02   7.94e-01   0.00e+00 (  1.37e+02,  2.26e+02)
30      0.182   3.82e-01   4.12e-01   1.66e-01   1.87e+00   0.00e+00 (  2.37e+02,  2.45e+02)
35      0.165   3.83e-01   4.56e-01   1.83e-01   1.83e+00   0.00e+00 (  2.32e+02,  2.54e+02)
40      0.159   3.99e-01   5.25e-01   1.79e-01   1.90e+00   0.00e+00 (  2.28e+02,  2.58e+02)
45      0.177   4.44e-01   6.42e-01   2.61e-01   2.24e+00   0.00e+00 (  2.25e+02,  2.55e+02)
50      0.198   5.01e-01   7.76e-01   3.23e-01   2.63e+00   0.00e+00 (  2.17e+02,  2.46e+02)
55      0.210   5.50e-01   9.08e-01   4.62e-01   2.91e+00   0.00e+00 (  2.05e+02,  2.35e+02)
60      0.222   5.96e-01   1.03e+00   5.96e-01   3.18e+00   0.00e+00 (  1.93e+02,  2.23e+02)
65      0.207   5.92e-01   1.02e+00   6.65e-01   3.05e+00   0.00e+00 (  1.70e+02,  2.10e+02)
70      0.246   6.77e-01   1.22e+00   8.63e-01   3.70e+00   0.00e+00 (  1.69e+02,  1.97e+02)
75      0.247   7.03e-01   1.26e+00   9.52e-01   3.81e+00   0.00e+00 (  1.58e+02,  1.85e+02)
80      0.242   7.03e-01   1.27e+00   9.86e-01   3.92e+00   0.00e+00 (  1.47e+02,  1.74e+02)
85      0.293   7.09e-01   1.27e+00   9.58e-01   5.74e+00   0.00e+00 (  1.23e+02,  1.65e+02)
90      0.563   1.27e+00   1.79e+00   1.15e+00   2.00e+01   0.00e+00 (  2.85e+02,  1.56e+02)
95      0.513   9.38e-01   1.34e+00   1.02e+00   3.25e+01   0.00e+00 (  4.94e+02,  1.48e+02)
27 e: 6.388e-04 i: 2.191e-03 :: e: 5.295e-02 i: 4.660e-02 :: n: 2.762e+01 e:24.463 i:31.465 v:4.993e+03
>>> tau_he = 5.000000, nhe(0)=3.468128e+00
 5     -0.045   1.60e-02   5.20e-01   7.48e-03  -2.14e-01   0.00e+00 (  1.03e+01,  6.13e+01)
10     -0.123   1.33e-01   5.84e-02   5.90e-04  -7.33e-01   0.00e+00 (  9.09e+01,  1.18e+02)
15      0.053   1.90e-01   1.09e-01  -2.73e-02   3.81e-01   0.00e+00 (  1.08e+02,  1.63e+02)
20      0.077   2.04e-01   1.82e-01  -3.66e-02   6.38e-01   0.00e+00 (  1.30e+02,  1.97e+02)
25      0.293   3.93e-01   4.24e-01   1.91e-01   2.72e+00   0.00e+00 (  2.63e+02,  2.26e+02)
30      0.184   3.83e-01   4.13e-01   1.65e-01   1.89e+00   0.00e+00 (  2.36e+02,  2.45e+02)
35      0.169   3.80e-01   4.55e-01   1.83e-01   1.88e+00   0.00e+00 (  2.29e+02,  2.54e+02)
40      0.160   3.98e-01   5.22e-01   1.78e-01   1.91e+00   0.00e+00 (  2.27e+02,  2.58e+02)
45      0.178   4.43e-01   6.39e-01   2.60e-01   2.25e+00   0.00e+00 (  2.23e+02,  2.55e+02)
50      0.199   4.99e-01   7.72e-01   3.21e-01   2.64e+00   0.00e+00 (  2.16e+02,  2.46e+02)
55      0.211   5.49e-01   9.04e-01   4.60e-01   2.92e+00   0.00e+00 (  2.04e+02,  2.35e+02)
60      0.224   5.95e-01   1.03e+00   5.96e-01   3.20e+00   0.00e+00 (  1.93e+02,  2.23e+02)
65      0.210   5.94e-01   1.02e+00   6.68e-01   3.08e+00   0.00e+00 (  1.71e+02,  2.10e+02)
70      0.247   6.75e-01   1.22e+00   8.68e-01   3.73e+00   0.00e+00 (  1.69e+02,  1.97e+02)
75      0.248   7.03e-01   1.26e+00   9.52e-01   3.82e+00   0.00e+00 (  1.58e+02,  1.85e+02)
80      0.243   7.03e-01   1.28e+00   9.87e-01   3.94e+00   0.00e+00 (  1.47e+02,  1.74e+02)
85      0.294   7.10e-01   1.28e+00   9.60e-01   5.76e+00   0.00e+00 (  1.23e+02,  1.65e+02)
90      0.563   1.27e+00   1.79e+00   1.15e+00   2.00e+01   0.00e+00 (  2.85e+02,  1.56e+02)
95      0.513   9.38e-01   1.34e+00   1.02e+00   3.25e+01   0.00e+00 (  4.94e+02,  1.48e+02)
28 e: 2.596e-04 i: 9.087e-04 :: e: 4.107e-02 i: 3.759e-02 :: n: 2.762e+01 e:24.638 i:31.229 v:4.993e+03
>>> tau_he = 5.000000, nhe(0)=3.457123e+00
 5     -0.045   1.60e-02   5.25e-01   8.07e-03  -2.12e-01   0.00e+00 (  1.03e+01,  6.13e+01)
10     -0.064   1.25e-01   3.87e-02  -1.14e-02  -3.82e-01   0.00e+00 (  8.67e+01,  1.18e+02)
15      0.047   1.92e-01   1.15e-01  -3.26e-02   3.35e-01   0.00e+00 (  1.13e+02,  1.63e+02)
20      0.324   4.48e-01   4.80e-01   1.64e-01   2.67e+00   0.00e+00 (  2.92e+02,  1.97e+02)
25      0.089   2.12e-01   2.04e-01   6.70e-03   8.25e-01   0.00e+00 (  1.42e+02,  2.26e+02)
30      0.182   3.82e-01   4.13e-01   1.67e-01   1.87e+00   0.00e+00 (  2.37e+02,  2.45e+02)
35      0.164   3.84e-01   4.57e-01   1.83e-01   1.83e+00   0.00e+00 (  2.32e+02,  2.54e+02)
40      0.159   3.99e-01   5.27e-01   1.79e-01   1.90e+00   0.00e+00 (  2.29e+02,  2.58e+02)
45      0.177   4.45e-01   6.45e-01   2.61e-01   2.24e+00   0.00e+00 (  2.26e+02,  2.55e+02)
50      0.198   5.02e-01   7.80e-01   3.25e-01   2.63e+00   0.00e+00 (  2.18e+02,  2.46e+02)
55      0.210   5.52e-01   9.11e-01   4.63e-01   2.90e+00   0.00e+00 (  2.06e+02,  2.35e+02)
60      0.222   5.98e-01   1.03e+00   5.99e-01   3.18e+00   0.00e+00 (  1.95e+02,  2.23e+02)
65      0.244   6.54e-01   1.18e+00   7.71e-01   3.59e+00   0.00e+00 (  1.89e+02,  2.10e+02)
70      0.245   6.79e-01   1.22e+00   8.66e-01   3.69e+00   0.00e+00 (  1.70e+02,  1.97e+02)
75      0.246   7.04e-01   1.26e+00   9.52e-01   3.79e+00   0.00e+00 (  1.59e+02,  1.85e+02)
80      0.241   7.02e-01   1.27e+00   9.81e-01   3.90e+00   0.00e+00 (  1.48e+02,  1.74e+02)
85      0.292   7.08e-01   1.27e+00   9.54e-01   5.72e+00   0.00e+00 (  1.24e+02,  1.65e+02)
90      0.562   1.27e+00   1.79e+00   1.15e+00   2.00e+01   0.00e+00 (  2.85e+02,  1.56e+02)
95      0.513   9.38e-01   1.34e+00   1.02e+00   3.25e+01   0.00e+00 (  4.94e+02,  1.48e+02)
29 e: 3.571e-04 i: 1.185e-03 :: e: 5.195e-02 i: 4.933e-02 :: n: 2.762e+01 e:24.472 i:31.227 v:4.993e+03
>>> tau_he = 5.000000, nhe(0)=3.456881e+00
 5     -0.045   1.59e-02   5.32e-01   8.06e-03  -2.11e-01   0.00e+00 (  1.02e+01,  6.13e+01)
10     -0.066   1.23e-01   3.63e-02  -1.14e-02  -3.94e-01   0.00e+00 (  8.48e+01,  1.18e+02)
15      0.376   5.19e-01   5.47e-01   1.01e-01   2.68e+00   0.00e+00 (  3.07e+02,  1.63e+02)
20      0.077   1.97e-01   1.72e-01  -5.44e-03   6.32e-01   0.00e+00 (  1.25e+02,  1.97e+02)
25      0.185   3.62e-01   4.39e-01   1.79e-01   1.72e+00   0.00e+00 (  2.41e+02,  2.26e+02)
30      0.181   3.78e-01   4.07e-01   1.63e-01   1.85e+00   0.00e+00 (  2.32e+02,  2.45e+02)
35      0.163   3.79e-01   4.50e-01   1.80e-01   1.81e+00   0.00e+00 (  2.27e+02,  2.54e+02)
40      0.158   3.95e-01   5.19e-01   1.77e-01   1.88e+00   0.00e+00 (  2.24e+02,  2.58e+02)
45      0.175   4.40e-01   6.34e-01   2.58e-01   2.21e+00   0.00e+00 (  2.21e+02,  2.55e+02)
50      0.197   4.96e-01   7.67e-01   3.20e-01   2.61e+00   0.00e+00 (  2.14e+02,  2.46e+02)
55      0.209   5.46e-01   8.99e-01   4.57e-01   2.89e+00   0.00e+00 (  2.02e+02,  2.35e+02)
60      0.222   5.92e-01   1.02e+00   5.92e-01   3.17e+00   0.00e+00 (  1.91e+02,  2.23e+02)
65      0.207   5.89e-01   1.01e+00   6.61e-01   3.04e+00   0.00e+00 (  1.69e+02,  2.10e+02)
70      0.246   6.74e-01   1.21e+00   8.59e-01   3.70e+00   0.00e+00 (  1.68e+02,  1.97e+02)
75      0.247   7.01e-01   1.26e+00   9.48e-01   3.81e+00   0.00e+00 (  1.57e+02,  1.85e+02)
80      0.243   7.01e-01   1.27e+00   9.85e-01   3.93e+00   0.00e+00 (  1.46e+02,  1.74e+02)
85      0.294   7.10e-01   1.27e+00   9.59e-01   5.76e+00   0.00e+00 (  1.23e+02,  1.65e+02)
90      0.563   1.27e+00   1.79e+00   1.15e+00   2.00e+01   0.00e+00 (  2.85e+02,  1.56e+02)
95      0.513   9.38e-01   1.34e+00   1.02e+00   3.25e+01   0.00e+00 (  4.94e+02,  1.48e+02)
30 e: 3.489e-04 i: 1.059e-03 :: e: 4.393e-02 i: 4.067e-02 :: n: 2.762e+01 e:24.432 i:31.307 v:4.993e+03
>>> tau_he = 5.000000, nhe(0)=3.460693e+00
 5     -0.046   1.59e-02   5.17e-01   7.68e-03  -2.15e-01   0.00e+00 (  1.02e+01,  6.13e+01)
10     -0.059   1.26e-01   4.09e-02  -1.19e-02  -3.54e-01   0.00e+00 (  8.64e+01,  1.18e+02)
15      0.054   1.90e-01   1.11e-01  -2.93e-02   3.83e-01   0.00e+00 (  1.08e+02,  1.63e+02)
20      0.077   2.03e-01   1.81e-01  -3.85e-02   6.37e-01   0.00e+00 (  1.29e+02,  1.97e+02)
25      0.196   3.82e-01   4.20e-01   1.17e-01   1.82e+00   0.00e+00 (  2.53e+02,  2.26e+02)
30      0.183   3.80e-01   4.11e-01   1.65e-01   1.88e+00   0.00e+00 (  2.34e+02,  2.45e+02)
35      0.165   3.81e-01   4.54e-01   1.81e-01   1.84e+00   0.00e+00 (  2.29e+02,  2.54e+02)
40      0.160   3.97e-01   5.23e-01   1.79e-01   1.90e+00   0.00e+00 (  2.26e+02,  2.58e+02)
45      0.177   4.42e-01   6.41e-01   2.60e-01   2.24e+00   0.00e+00 (  2.22e+02,  2.55e+02)
50      0.198   4.99e-01   7.74e-01   3.22e-01   2.63e+00   0.00e+00 (  2.15e+02,  2.46e+02)
55      0.210   5.48e-01   9.05e-01   4.61e-01   2.91e+00   0.00e+00 (  2.03e+02,  2.35e+02)
60      0.223   5.94e-01   1.03e+00   5.96e-01   3.18e+00   0.00e+00 (  1.92e+02,  2.23e+02)
65      0.208   5.92e-01   1.02e+00   6.68e-01   3.07e+00   0.00e+00 (  1.70e+02,  2.10e+02)
70      0.246   6.75e-01   1.22e+00   8.62e-01   3.70e+00   0.00e+00 (  1.68e+02,  1.97e+02)
75      0.246   7.01e-01   1.26e+00   9.48e-01   3.80e+00   0.00e+00 (  1.57e+02,  1.85e+02)
80      0.242   7.01e-01   1.27e+00   9.83e-01   3.91e+00   0.00e+00 (  1.47e+02,  1.74e+02)
85      0.292   7.07e-01   1.27e+00   9.53e-01   5.73e+00   0.00e+00 (  1.23e+02,  1.65e+02)
90      0.563   1.27e+00   1.79e+00   1.15e+00   2.00e+01   0.00e+00 (  2.85e+02,  1.56e+02)
95      0.513   9.38e-01   1.34e+00   1.02e+00   3.25e+01   0.00e+00 (  4.94e+02,  1.48e+02)
31 e: 2.069e-04 i: 8.920e-04 :: e: 3.528e-02 i: 3.148e-02 :: n: 2.762e+01 e:24.508 i:31.267 v:4.993e+03
>>> tau_he = 5.000000, nhe(0)=3.458859e+00
 5     -0.045   1.60e-02   5.27e-01   8.03e-03  -2.13e-01   0.00e+00 (  1.03e+01,  6.13e+01)
10     -0.063   1.25e-01   3.83e-02  -1.11e-02  -3.74e-01   0.00e+00 (  8.58e+01,  1.18e+02)
15      0.384   5.24e-01   5.50e-01   1.02e-01   2.74e+00   0.00e+00 (  3.07e+02,  1.63e+02)
20      0.323   4.44e-01   4.76e-01   1.60e-01   2.67e+00   0.00e+00 (  2.88e+02,  1.97e+02)
25      0.085   2.05e-01   2.00e-01   1.65e-02   7.93e-01   0.00e+00 (  1.35e+02,  2.26e+02)
30      0.181   3.78e-01   4.08e-01   1.64e-01   1.85e+00   0.00e+00 (  2.32e+02,  2.45e+02)
35      0.163   3.81e-01   4.53e-01   1.81e-01   1.82e+00   0.00e+00 (  2.29e+02,  2.54e+02)
40      0.158   3.97e-01   5.23e-01   1.78e-01   1.89e+00   0.00e+00 (  2.26e+02,  2.58e+02)
45      0.176   4.42e-01   6.39e-01   2.59e-01   2.22e+00   0.00e+00 (  2.23e+02,  2.55e+02)
50      0.197   4.98e-01   7.72e-01   3.22e-01   2.61e+00   0.00e+00 (  2.15e+02,  2.46e+02)
55      0.209   5.47e-01   9.03e-01   4.59e-01   2.89e+00   0.00e+00 (  2.03e+02,  2.35e+02)
60      0.222   5.94e-01   1.03e+00   5.94e-01   3.17e+00   0.00e+00 (  1.92e+02,  2.23e+02)
65      0.209   5.93e-01   1.02e+00   6.69e-01   3.07e+00   0.00e+00 (  1.71e+02,  2.10e+02)
70      0.245   6.74e-01   1.21e+00   8.61e-01   3.69e+00   0.00e+00 (  1.68e+02,  1.97e+02)
75      0.246   7.00e-01   1.26e+00   9.47e-01   3.79e+00   0.00e+00 (  1.57e+02,  1.85e+02)
80      0.241   7.00e-01   1.27e+00   9.81e-01   3.91e+00   0.00e+00 (  1.46e+02,  1.74e+02)
85      0.292   7.07e-01   1.27e+00   9.52e-01   5.72e+00   0.00e+00 (  1.23e+02,  1.65e+02)
90      0.563   1.27e+00   1.79e+00   1.15e+00   2.00e+01   0.00e+00 (  2.85e+02,  1.56e+02)
95      0.513   9.38e-01   1.34e+00   1.02e+00   3.25e+01   0.00e+00 (  4.94e+02,  1.48e+02)
32 e: 6.244e-04 i: 2.328e-03 :: e: 5.283e-02 i: 4.446e-02 :: n: 2.762e+01 e:24.333 i:31.367 v:4.993e+03
>>> tau_he = 5.000000, nhe(0)=3.463549e+00
 5     -0.046   1.60e-02   5.15e-01   7.46e-03  -2.14e-01   0.00e+00 (  1.03e+01,  6.13e+01)
10     -0.119   1.31e-01   5.76e-02   6.10e-04  -7.07e-01   0.00e+00 (  8.92e+01,  1.18e+02)
15      0.057   1.89e-01   1.08e-01  -2.60e-02   4.06e-01   0.00e+00 (  1.06e+02,  1.63e+02)
20      0.082   1.99e-01   1.72e-01  -4.43e-03   6.76e-01   0.00e+00 (  1.24e+02,  1.97e+02)
25      0.190   3.63e-01   4.41e-01   1.80e-01   1.77e+00   0.00e+00 (  2.40e+02,  2.26e+02)
30      0.184   3.81e-01   4.11e-01   1.64e-01   1.89e+00   0.00e+00 (  2.34e+02,  2.45e+02)
35      0.169   3.79e-01   4.53e-01   1.82e-01   1.88e+00   0.00e+00 (  2.27e+02,  2.54e+02)
40      0.160   3.96e-01   5.21e-01   1.78e-01   1.91e+00   0.00e+00 (  2.25e+02,  2.58e+02)
45      0.177   4.41e-01   6.36e-01   2.59e-01   2.24e+00   0.00e+00 (  2.21e+02,  2.55e+02)
50      0.198   4.97e-01   7.69e-01   3.20e-01   2.63e+00   0.00e+00 (  2.14e+02,  2.46e+02)
55      0.210   5.46e-01   9.00e-01   4.58e-01   2.91e+00   0.00e+00 (  2.02e+02,  2.35e+02)
60      0.223   5.94e-01   1.02e+00   5.94e-01   3.20e+00   0.00e+00 (  1.91e+02,  2.23e+02)
65      0.211   5.94e-01   1.02e+00   6.72e-01   3.11e+00   0.00e+00 (  1.71e+02,  2.10e+02)
70      0.247   6.73e-01   1.22e+00   8.66e-01   3.72e+00   0.00e+00 (  1.67e+02,  1.97e+02)
75      0.247   7.00e-01   1.26e+00   9.47e-01   3.81e+00   0.00e+00 (  1.56e+02,  1.85e+02)
80      0.243   7.00e-01   1.27e+00   9.83e-01   3.93e+00   0.00e+00 (  1.46e+02,  1.74e+02)
85      0.294   7.09e-01   1.27e+00   9.57e-01   5.75e+00   0.00e+00 (  1.23e+02,  1.65e+02)
90      0.563   1.27e+00   1.79e+00   1.15e+00   2.00e+01   0.00e+00 (  2.85e+02,  1.56e+02)
95      0.513   9.38e-01   1.34e+00   1.02e+00   3.25e+01   0.00e+00 (  4.94e+02,  1.48e+02)
33 e: 2.177e-04 i: 9.652e-04 :: e: 3.394e-02 i: 3.263e-02 :: n: 2.762e+01 e:24.518 i:31.098 v:4.993e+03
>>> tau_he = 5.000000, nhe(0)=3.450758e+00
 5     -0.045   1.59e-02   5.19e-01   8.04e-03  -2.12e-01   0.00e+00 (  1.03e+01,  6.13e+01)
10     -0.061   1.24e-01   3.81e-02  -1.13e-02  -3.61e-01   0.00e+00 (  8.49e+01,  1.18e+02)
15      0.053   1.93e-01   1.15e-01  -3.80e-02   3.81e-01   0.00e+00 (  1.11e+02,  1.63e+02)
20      0.076   2.01e-01   1.81e-01  -3.83e-02   6.28e-01   0.00e+00 (  1.28e+02,  1.97e+02)
25      0.085   2.06e-01   2.01e-01   1.45e-02   7.89e-01   0.00e+00 (  1.36e+02,  2.26e+02)
30      0.182   3.80e-01   4.11e-01   1.66e-01   1.86e+00   0.00e+00 (  2.34e+02,  2.45e+02)
35      0.164   3.82e-01   4.56e-01   1.83e-01   1.83e+00   0.00e+00 (  2.31e+02,  2.54e+02)
40      0.159   3.98e-01   5.26e-01   1.79e-01   1.89e+00   0.00e+00 (  2.28e+02,  2.58e+02)
45      0.177   4.44e-01   6.44e-01   2.61e-01   2.23e+00   0.00e+00 (  2.24e+02,  2.55e+02)
50      0.197   5.01e-01   7.78e-01   3.24e-01   2.62e+00   0.00e+00 (  2.17e+02,  2.46e+02)
55      0.209   5.50e-01   9.09e-01   4.62e-01   2.89e+00   0.00e+00 (  2.05e+02,  2.35e+02)
60      0.222   5.97e-01   1.03e+00   5.98e-01   3.18e+00   0.00e+00 (  1.94e+02,  2.23e+02)
65      0.245   6.54e-01   1.18e+00   7.73e-01   3.61e+00   0.00e+00 (  1.89e+02,  2.10e+02)
70      0.245   6.77e-01   1.22e+00   8.64e-01   3.69e+00   0.00e+00 (  1.69e+02,  1.97e+02)
75      0.245   7.01e-01   1.26e+00   9.48e-01   3.78e+00   0.00e+00 (  1.58e+02,  1.85e+02)
80      0.240   6.99e-01   1.27e+00   9.77e-01   3.89e+00   0.00e+00 (  1.47e+02,  1.74e+02)
85      0.291   7.07e-01   1.27e+00   9.51e-01   5.70e+00   0.00e+00 (  1.23e+02,  1.65e+02)
90      0.562   1.27e+00   1.79e+00   1.15e+00   2.00e+01   0.00e+00 (  2.85e+02,  1.56e+02)
95      0.513   9.38e-01   1.34e+00   1.02e+00   3.25e+01   0.00e+00 (  4.94e+02,  1.48e+02)
34 e: 1.460e-04 i: 5.050e-04 :: e: 3.958e-02 i: 3.884e-02 :: n: 2.762e+01 e:24.424 i:31.253 v:4.993e+03
>>> tau_he = 5.000000, nhe(0)=3.458052e+00
 5     -0.045   1.59e-02   5.34e-01   8.06e-03  -2.11e-01   0.00e+00 (  1.02e+01,  6.13e+01)
10     -0.062   1.22e-01   3.52e-02  -1.08e-02  -3.67e-01   0.00e+00 (  8.34e+01,  1.18e+02)
15      0.386   5.25e-01   5.51e-01   1.02e-01   2.75e+00   0.00e+00 (  3.07e+02,  1.63e+02)
20      0.321   4.42e-01   4.72e-01   1.58e-01   2.65e+00   0.00e+00 (  2.85e+02,  1.97e+02)
25      0.183   3.59e-01   4.37e-01   1.77e-01   1.70e+00   0.00e+00 (  2.40e+02,  2.26e+02)
30      0.179   3.75e-01   4.04e-01   1.61e-01   1.84e+00   0.00e+00 (  2.29e+02,  2.45e+02)
35      0.162   3.77e-01   4.47e-01   1.78e-01   1.80e+00   0.00e+00 (  2.25e+02,  2.54e+02)
40      0.157   3.93e-01   5.17e-01   1.77e-01   1.87e+00   0.00e+00 (  2.22e+02,  2.58e+02)
45      0.174   4.38e-01   6.32e-01   2.57e-01   2.20e+00   0.00e+00 (  2.19e+02,  2.55e+02)
50      0.196   4.94e-01   7.64e-01   3.19e-01   2.60e+00   0.00e+00 (  2.12e+02,  2.46e+02)
55      0.208   5.44e-01   8.95e-01   4.56e-01   2.88e+00   0.00e+00 (  2.01e+02,  2.35e+02)
60      0.221   5.90e-01   1.02e+00   5.90e-01   3.16e+00   0.00e+00 (  1.90e+02,  2.23e+02)
65      0.207   5.89e-01   1.01e+00   6.62e-01   3.05e+00   0.00e+00 (  1.68e+02,  2.10e+02)
70      0.245   6.71e-01   1.21e+00   8.56e-01   3.69e+00   0.00e+00 (  1.67e+02,  1.97e+02)
75      0.246   6.98e-01   1.25e+00   9.44e-01   3.80e+00   0.00e+00 (  1.56e+02,  1.85e+02)
80      0.242   6.98e-01   1.27e+00   9.80e-01   3.92e+00   0.00e+00 (  1.45e+02,  1.74e+02)
85      0.293   7.08e-01   1.27e+00   9.55e-01   5.74e+00   0.00e+00 (  1.22e+02,  1.65e+02)
90      0.563   1.27e+00   1.79e+00   1.15e+00   2.00e+01   0.00e+00 (  2.85e+02,  1.56e+02)
95      0.513   9.38e-01   1.34e+00   1.02e+00   3.25e+01   0.00e+00 (  4.94e+02,  1.48e+02)
35 e: 3.751e-04 i: 1.271e-03 :: e: 4.615e-02 i: 4.266e-02 :: n: 2.762e+01 e:24.338 i:31.241 v:4.993e+03
>>> tau_he = 5.000000, nhe(0)=3.457588e+00
 5     -0.045   1.59e-02   5.15e-01   7.53e-03  -2.13e-01   0.00e+00 (  1.03e+01,  6.13e+01)
10     -0.057   1.26e-01   4.09e-02  -1.19e-02  -3.41e-01   0.00e+00 (  8.54e+01,  1.18e+02)
15      0.057   1.90e-01   1.10e-01  -2.83e-02   4.09e-01   0.00e+00 (  1.07e+02,  1.63e+02)
20      0.080   1.98e-01   1.73e-01  -4.98e-03   6.61e-01   0.00e+00 (  1.24e+02,  1.97e+02)
25      0.086   2.06e-01   2.00e-01   1.10e-02   8.03e-01   0.00e+00 (  1.36e+02,  2.26e+02)
30      0.183   3.79e-01   4.09e-01   1.64e-01   1.87e+00   0.00e+00 (  2.33e+02,  2.45e+02)
35      0.165   3.80e-01   4.52e-01   1.81e-01   1.83e+00   0.00e+00 (  2.28e+02,  2.54e+02)
40      0.159   3.96e-01   5.22e-01   1.79e-01   1.90e+00   0.00e+00 (  2.25e+02,  2.58e+02)
45      0.177   4.41e-01   6.39e-01   2.60e-01   2.24e+00   0.00e+00 (  2.21e+02,  2.55e+02)
50      0.198   4.97e-01   7.71e-01   3.21e-01   2.63e+00   0.00e+00 (  2.14e+02,  2.46e+02)
55      0.210   5.46e-01   9.02e-01   4.59e-01   2.90e+00   0.00e+00 (  2.02e+02,  2.35e+02)
60      0.222   5.93e-01   1.02e+00   5.94e-01   3.18e+00   0.00e+00 (  1.91e+02,  2.23e+02)
65      0.209   5.92e-01   1.02e+00   6.69e-01   3.08e+00   0.00e+00 (  1.70e+02,  2.10e+02)
70      0.245   6.73e-01   1.21e+00   8.59e-01   3.70e+00   0.00e+00 (  1.67e+02,  1.97e+02)
75      0.246   6.98e-01   1.25e+00   9.45e-01   3.79e+00   0.00e+00 (  1.56e+02,  1.85e+02)
80      0.242   6.97e-01   1.27e+00   9.75e-01   3.91e+00   0.00e+00 (  1.45e+02,  1.74e+02)
85      0.292   7.06e-01   1.27e+00   9.51e-01   5.72e+00   0.00e+00 (  1.22e+02,  1.65e+02)
90      0.562   1.27e+00   1.79e+00   1.15e+00   2.00e+01   0.00e+00 (  2.85e+02,  1.56e+02)
95      0.513   9.38e-01   1.34e+00   1.02e+00   3.25e+01   0.00e+00 (  4.94e+02,  1.48e+02)
36 e: 1.278e-04 i: 4.445e-04 :: e: 3.516e-02 i: 3.141e-02 :: n: 2.762e+01 e:24.467 i:31.261 v:4.993e+03
>>> tau_he = 5.000000, nhe(0)=3.458498e+00
 5     -0.045   1.60e-02   5.27e-01   8.02e-03  -2.13e-01   0.00e+00 (  1.03e+01,  6.13e+01)
10     -0.060   1.24e-01   3.77e-02  -1.08e-02  -3.54e-01   0.00e+00 (  8.48e+01,  1.18e+02)
15      0.044   1.95e-01   1.16e-01  -4.15e-02   3.13e-01   0.00e+00 (  1.12e+02,  1.63e+02)
20      0.077   2.03e-01   1.81e-01  -4.36e-02   6.33e-01   0.00e+00 (  1.30e+02,  1.97e+02)
25      0.186   3.63e-01   4.42e-01   1.83e-01   1.72e+00   0.00e+00 (  2.44e+02,  2.26e+02)
30      0.182   3.79e-01   4.10e-01   1.65e-01   1.86e+00   0.00e+00 (  2.33e+02,  2.45e+02)
35      0.163   3.80e-01   4.52e-01   1.81e-01   1.82e+00   0.00e+00 (  2.28e+02,  2.54e+02)
40      0.158   3.96e-01   5.22e-01   1.78e-01   1.88e+00   0.00e+00 (  2.25e+02,  2.58e+02)
45      0.176   4.41e-01   6.39e-01   2.59e-01   2.22e+00   0.00e+00 (  2.22e+02,  2.55e+02)
50      0.197   4.97e-01   7.71e-01   3.22e-01   2.61e+00   0.00e+00 (  2.14e+02,  2.46e+02)
55      0.208   5.46e-01   9.02e-01   4.59e-01   2.88e+00   0.00e+00 (  2.03e+02,  2.35e+02)
60      0.221   5.93e-01   1.02e+00   5.94e-01   3.17e+00   0.00e+00 (  1.91e+02,  2.23e+02)
65      0.244   6.49e-01   1.17e+00   7.67e-01   3.59e+00   0.00e+00 (  1.87e+02,  2.10e+02)
70      0.245   6.73e-01   1.21e+00   8.59e-01   3.68e+00   0.00e+00 (  1.67e+02,  1.97e+02)
75      0.245   6.98e-01   1.25e+00   9.44e-01   3.78e+00   0.00e+00 (  1.56e+02,  1.85e+02)
80      0.241   6.97e-01   1.27e+00   9.74e-01   3.90e+00   0.00e+00 (  1.45e+02,  1.74e+02)
85      0.292   7.05e-01   1.27e+00   9.49e-01   5.71e+00   0.00e+00 (  1.22e+02,  1.65e+02)
90      0.562   1.27e+00   1.79e+00   1.15e+00   2.00e+01   0.00e+00 (  2.85e+02,  1.56e+02)
95      0.513   9.38e-01   1.34e+00   1.02e+00   3.25e+01   0.00e+00 (  4.94e+02,  1.48e+02)
37 e: 1.870e-04 i: 1.006e-03 :: e: 3.152e-02 i: 3.250e-02 :: n: 2.762e+01 e:24.475 i:31.306 v:4.993e+03
>>> tau_he = 5.000000, nhe(0)=3.460645e+00
 5     -0.045   1.61e-02   5.36e-01   8.09e-03  -2.13e-01   0.00e+00 (  1.04e+01,  6.13e+01)
10     -0.063   1.23e-01   3.62e-02  -1.12e-02  -3.76e-01   0.00e+00 (  8.45e+01,  1.18e+02)
15      0.408   5.38e-01   5.70e-01   1.12e-01   2.91e+00   0.00e+00 (  3.17e+02,  1.63e+02)
20      0.326   4.45e-01   4.77e-01   1.62e-01   2.69e+00   0.00e+00 (  2.89e+02,  1.97e+02)
25      0.084   2.05e-01   2.00e-01   1.04e-02   7.77e-01   0.00e+00 (  1.37e+02,  2.26e+02)
30      0.179   3.76e-01   4.05e-01   1.62e-01   1.84e+00   0.00e+00 (  2.30e+02,  2.45e+02)
35      0.162   3.78e-01   4.50e-01   1.80e-01   1.81e+00   0.00e+00 (  2.26e+02,  2.54e+02)
40      0.157   3.94e-01   5.19e-01   1.78e-01   1.88e+00   0.00e+00 (  2.23e+02,  2.58e+02)
45      0.175   4.39e-01   6.36e-01   2.58e-01   2.21e+00   0.00e+00 (  2.20e+02,  2.55e+02)
50      0.196   4.95e-01   7.68e-01   3.21e-01   2.60e+00   0.00e+00 (  2.13e+02,  2.46e+02)
55      0.208   5.44e-01   8.99e-01   4.57e-01   2.88e+00   0.00e+00 (  2.01e+02,  2.35e+02)
60      0.221   5.91e-01   1.02e+00   5.91e-01   3.16e+00   0.00e+00 (  1.90e+02,  2.23e+02)
65      0.206   5.88e-01   1.01e+00   6.61e-01   3.04e+00   0.00e+00 (  1.68e+02,  2.10e+02)
70      0.244   6.71e-01   1.21e+00   8.56e-01   3.68e+00   0.00e+00 (  1.66e+02,  1.97e+02)
75      0.246   6.97e-01   1.25e+00   9.43e-01   3.79e+00   0.00e+00 (  1.56e+02,  1.85e+02)
80      0.241   6.96e-01   1.26e+00   9.73e-01   3.91e+00   0.00e+00 (  1.45e+02,  1.74e+02)
85      0.292   7.05e-01   1.27e+00   9.49e-01   5.71e+00   0.00e+00 (  1.22e+02,  1.65e+02)
90      0.562   1.27e+00   1.79e+00   1.15e+00   2.00e+01   0.00e+00 (  2.85e+02,  1.56e+02)
95      0.513   9.38e-01   1.34e+00   1.02e+00   3.25e+01   0.00e+00 (  4.94e+02,  1.48e+02)
38 e: 6.402e-04 i: 2.624e-03 :: e: 5.021e-02 i: 4.437e-02 :: n: 2.762e+01 e:24.343 i:31.443 v:4.993e+03
>>> tau_he = 5.000000, nhe(0)=3.467134e+00
 5     -0.046   1.61e-02   5.22e-01   7.52e-03  -2.16e-01   0.00e+00 (  1.04e+01,  6.13e+01)
10     -0.056   1.27e-01   4.12e-02  -1.17e-02  -3.36e-01   0.00e+00 (  8.61e+01,  1.18e+02)
15      0.059   1.92e-01   1.12e-01  -2.89e-02   4.21e-01   0.00e+00 (  1.08e+02,  1.63e+02)
20      0.080   2.01e-01   1.79e-01  -2.51e-02   6.60e-01   0.00e+00 (  1.25e+02,  1.97e+02)
25      0.190   3.64e-01   4.43e-01   1.85e-01   1.77e+00   0.00e+00 (  2.44e+02,  2.26e+02)
30      0.184   3.80e-01   4.11e-01   1.64e-01   1.88e+00   0.00e+00 (  2.33e+02,  2.45e+02)
35      0.168   3.77e-01   4.52e-01   1.82e-01   1.87e+00   0.00e+00 (  2.25e+02,  2.54e+02)
40      0.159   3.95e-01   5.20e-01   1.78e-01   1.90e+00   0.00e+00 (  2.24e+02,  2.58e+02)
45      0.177   4.40e-01   6.36e-01   2.59e-01   2.24e+00   0.00e+00 (  2.20e+02,  2.55e+02)
50      0.198   4.96e-01   7.68e-01   3.20e-01   2.63e+00   0.00e+00 (  2.13e+02,  2.46e+02)
55      0.210   5.45e-01   8.99e-01   4.57e-01   2.90e+00   0.00e+00 (  2.01e+02,  2.35e+02)
60      0.222   5.91e-01   1.02e+00   5.92e-01   3.18e+00   0.00e+00 (  1.90e+02,  2.23e+02)
65      0.209   5.90e-01   1.02e+00   6.66e-01   3.08e+00   0.00e+00 (  1.69e+02,  2.10e+02)
70      0.246   6.70e-01   1.21e+00   8.62e-01   3.71e+00   0.00e+00 (  1.66e+02,  1.97e+02)
75      0.247   6.97e-01   1.25e+00   9.44e-01   3.80e+00   0.00e+00 (  1.55e+02,  1.85e+02)
80      0.242   6.97e-01   1.26e+00   9.78e-01   3.92e+00   0.00e+00 (  1.45e+02,  1.74e+02)
85      0.293   7.06e-01   1.27e+00   9.51e-01   5.73e+00   0.00e+00 (  1.22e+02,  1.65e+02)
90      0.563   1.27e+00   1.79e+00   1.15e+00   2.00e+01   0.00e+00 (  2.85e+02,  1.56e+02)
95      0.513   9.38e-01   1.34e+00   1.02e+00   3.25e+01   0.00e+00 (  4.94e+02,  1.48e+02)
39 e: 2.190e-04 i: 1.000e-03 :: e: 3.162e-02 i: 2.900e-02 :: n: 2.762e+01 e:24.525 i:31.344 v:4.993e+03
>>> tau_he = 5.000000, nhe(0)=3.462567e+00
 5     -0.046   1.61e-02   5.28e-01   8.04e-03  -2.16e-01   0.00e+00 (  1.04e+01,  6.13e+01)
10     -0.060   1.26e-01   3.91e-02  -1.12e-02  -3.59e-01   0.00e+00 (  8.61e+01,  1.18e+02)
15      0.400   5.34e-01   5.59e-01   1.06e-01   2.86e+00   0.00e+00 (  3.09e+02,  1.63e+02)
20      0.319   4.40e-01   4.72e-01   1.57e-01   2.64e+00   0.00e+00 (  2.81e+02,  1.97e+02)
25      0.193   3.81e-01   4.20e-01   1.18e-01   1.80e+00   0.00e+00 (  2.55e+02,  2.26e+02)
30      0.182   3.81e-01   4.12e-01   1.66e-01   1.87e+00   0.00e+00 (  2.35e+02,  2.45e+02)
35      0.164   3.82e-01   4.55e-01   1.82e-01   1.83e+00   0.00e+00 (  2.30e+02,  2.54e+02)
40      0.159   3.98e-01   5.25e-01   1.79e-01   1.90e+00   0.00e+00 (  2.27e+02,  2.58e+02)
45      0.177   4.43e-01   6.43e-01   2.61e-01   2.24e+00   0.00e+00 (  2.24e+02,  2.55e+02)
50      0.198   4.99e-01   7.76e-01   3.23e-01   2.62e+00   0.00e+00 (  2.16e+02,  2.46e+02)
55      0.209   5.48e-01   9.06e-01   4.61e-01   2.89e+00   0.00e+00 (  2.04e+02,  2.35e+02)
60      0.222   5.95e-01   1.03e+00   5.96e-01   3.17e+00   0.00e+00 (  1.93e+02,  2.23e+02)
65      0.244   6.51e-01   1.17e+00   7.68e-01   3.59e+00   0.00e+00 (  1.87e+02,  2.10e+02)
70      0.245   6.74e-01   1.21e+00   8.61e-01   3.68e+00   0.00e+00 (  1.68e+02,  1.97e+02)
75      0.245   6.99e-01   1.26e+00   9.45e-01   3.78e+00   0.00e+00 (  1.57e+02,  1.85e+02)
80      0.241   6.97e-01   1.27e+00   9.74e-01   3.90e+00   0.00e+00 (  1.46e+02,  1.74e+02)
85      0.291   7.06e-01   1.27e+00   9.49e-01   5.70e+00   0.00e+00 (  1.23e+02,  1.65e+02)
90      0.562   1.27e+00   1.79e+00   1.15e+00   2.00e+01   0.00e+00 (  2.85e+02,  1.56e+02)
95      0.513   9.38e-01   1.34e+00   1.02e+00   3.25e+01   0.00e+00 (  4.94e+02,  1.48e+02)
40 e: 4.718e-04 i: 1.306e-03 :: e: 5.035e-02 i: 4.384e-02 :: n: 2.762e+01 e:24.254 i:31.427 v:4.993e+03
>>> tau_he = 5.000000, nhe(0)=3.466397e+00
 5     -0.046   1.61e-02   5.13e-01   7.42e-03  -2.17e-01   0.00e+00 (  1.04e+01,  6.13e+01)
10     -0.115   1.32e-01   5.83e-02   2.54e-04  -6.85e-01   0.00e+00 (  8.90e+01,  1.18e+02)
15      0.063   1.90e-01   1.09e-01  -2.63e-02   4.49e-01   0.00e+00 (  1.05e+02,  1.63e+02)
20      0.082   1.97e-01   1.70e-01  -3.38e-03   6.80e-01   0.00e+00 (  1.21e+02,  1.97e+02)
25      0.088   2.06e-01   1.99e-01   1.77e-02   8.14e-01   0.00e+00 (  1.35e+02,  2.26e+02)
30      0.184   3.81e-01   4.09e-01   1.62e-01   1.89e+00   0.00e+00 (  2.33e+02,  2.45e+02)
35      0.170   3.79e-01   4.53e-01   1.83e-01   1.89e+00   0.00e+00 (  2.27e+02,  2.54e+02)
40      0.161   3.97e-01   5.20e-01   1.78e-01   1.92e+00   0.00e+00 (  2.25e+02,  2.58e+02)
45      0.178   4.42e-01   6.36e-01   2.59e-01   2.25e+00   0.00e+00 (  2.22e+02,  2.55e+02)
50      0.199   4.97e-01   7.68e-01   3.19e-01   2.65e+00   0.00e+00 (  2.14e+02,  2.46e+02)
55      0.211   5.47e-01   9.00e-01   4.58e-01   2.92e+00   0.00e+00 (  2.02e+02,  2.35e+02)
60      0.224   5.93e-01   1.02e+00   5.93e-01   3.20e+00   0.00e+00 (  1.91e+02,  2.23e+02)
65      0.209   5.90e-01   1.01e+00   6.64e-01   3.08e+00   0.00e+00 (  1.69e+02,  2.10e+02)
70      0.248   6.72e-01   1.21e+00   8.64e-01   3.73e+00   0.00e+00 (  1.67e+02,  1.97e+02)
75      0.248   7.00e-01   1.26e+00   9.48e-01   3.83e+00   0.00e+00 (  1.56e+02,  1.85e+02)
80      0.244   7.00e-01   1.27e+00   9.84e-01   3.95e+00   0.00e+00 (  1.46e+02,  1.74e+02)
85      0.295   7.10e-01   1.28e+00   9.59e-01   5.77e+00   0.00e+00 (  1.23e+02,  1.65e+02)
90      0.563   1.27e+00   1.79e+00   1.15e+00   2.01e+01   0.00e+00 (  2.85e+02,  1.56e+02)
95      0.513   9.38e-01   1.34e+00   1.02e+00   3.25e+01   0.00e+00 (  4.94e+02,  1.48e+02)
41 e: 2.161e-04 i: 3.800e-04 :: e: 3.876e-02 i: 3.547e-02 :: n: 2.762e+01 e:24.520 i:31.171 v:4.993e+03
>>> tau_he = 5.000000, nhe(0)=3.454351e+00
 5     -0.045   1.60e-02   5.21e-01   8.04e-03  -2.14e-01   0.00e+00 (  1.03e+01,  6.13e+01)
10     -0.058   1.25e-01   3.84e-02  -1.12e-02  -3.45e-01   0.00e+00 (  8.49e+01,  1.18e+02)
15      0.059   1.94e-01   1.16e-01  -3.75e-02   4.19e-01   0.00e+00 (  1.11e+02,  1.63e+02)
20      0.079   2.01e-01   1.81e-01  -2.98e-02   6.50e-01   0.00e+00 (  1.27e+02,  1.97e+02)
25      0.186   3.64e-01   4.43e-01   1.82e-01   1.72e+00   0.00e+00 (  2.44e+02,  2.26e+02)
30      0.183   3.82e-01   4.15e-01   1.68e-01   1.88e+00   0.00e+00 (  2.36e+02,  2.45e+02)
35      0.165   3.83e-01   4.58e-01   1.83e-01   1.84e+00   0.00e+00 (  2.31e+02,  2.54e+02)
40      0.160   3.99e-01   5.29e-01   1.80e-01   1.90e+00   0.00e+00 (  2.29e+02,  2.58e+02)
45      0.178   4.46e-01   6.48e-01   2.62e-01   2.25e+00   0.00e+00 (  2.26e+02,  2.55e+02)
50      0.199   5.02e-01   7.83e-01   3.26e-01   2.64e+00   0.00e+00 (  2.18e+02,  2.46e+02)
55      0.210   5.52e-01   9.14e-01   4.65e-01   2.90e+00   0.00e+00 (  2.06e+02,  2.35e+02)
60      0.222   5.98e-01   1.04e+00   6.00e-01   3.18e+00   0.00e+00 (  1.95e+02,  2.23e+02)
65      0.244   6.53e-01   1.18e+00   7.70e-01   3.58e+00   0.00e+00 (  1.89e+02,  2.10e+02)
70      0.244   6.78e-01   1.22e+00   8.65e-01   3.68e+00   0.00e+00 (  1.70e+02,  1.97e+02)
75      0.244   7.04e-01   1.26e+00   9.46e-01   3.77e+00   0.00e+00 (  1.59e+02,  1.85e+02)
80      0.240   7.01e-01   1.27e+00   9.78e-01   3.89e+00   0.00e+00 (  1.47e+02,  1.74e+02)
85      0.291   7.07e-01   1.27e+00   9.52e-01   5.70e+00   0.00e+00 (  1.24e+02,  1.65e+02)
90      0.562   1.27e+00   1.79e+00   1.15e+00   2.00e+01   0.00e+00 (  2.85e+02,  1.56e+02)
95      0.513   9.38e-01   1.34e+00   1.02e+00   3.25e+01   0.00e+00 (  4.94e+02,  1.48e+02)
42 e: 2.393e-04 i: 1.027e-03 :: e: 3.660e-02 i: 3.675e-02 :: n: 2.762e+01 e:24.366 i:31.269 v:4.993e+03
>>> tau_he = 5.000000, nhe(0)=3.458869e+00
 5     -0.045   1.60e-02   5.32e-01   8.03e-03  -2.13e-01   0.00e+00 (  1.03e+01,  6.13e+01)
10     -0.059   1.22e-01   3.57e-02  -1.09e-02  -3.53e-01   0.00e+00 (  8.31e+01,  1.18e+02)
15      0.398   5.29e-01   5.54e-01   1.03e-01   2.84e+00   0.00e+00 (  3.06e+02,  1.63e+02)
20      0.314   4.33e-01   4.63e-01   1.52e-01   2.59e+00   0.00e+00 (  2.75e+02,  1.97e+02)
25      0.084   2.03e-01   1.98e-01   1.93e-02   7.79e-01   0.00e+00 (  1.34e+02,  2.26e+02)
30      0.179   3.75e-01   4.03e-01   1.60e-01   1.84e+00   0.00e+00 (  2.29e+02,  2.45e+02)
35      0.162   3.78e-01   4.48e-01   1.79e-01   1.81e+00   0.00e+00 (  2.26e+02,  2.54e+02)
40      0.157   3.94e-01   5.17e-01   1.77e-01   1.88e+00   0.00e+00 (  2.23e+02,  2.58e+02)
45      0.175   4.39e-01   6.32e-01   2.57e-01   2.21e+00   0.00e+00 (  2.19e+02,  2.55e+02)
50      0.196   4.95e-01   7.64e-01   3.19e-01   2.60e+00   0.00e+00 (  2.12e+02,  2.46e+02)
55      0.209   5.44e-01   8.95e-01   4.56e-01   2.89e+00   0.00e+00 (  2.01e+02,  2.35e+02)
60      0.221   5.90e-01   1.02e+00   5.89e-01   3.17e+00   0.00e+00 (  1.90e+02,  2.23e+02)
65      0.206   5.86e-01   1.00e+00   6.57e-01   3.04e+00   0.00e+00 (  1.67e+02,  2.10e+02)
70      0.246   6.71e-01   1.21e+00   8.56e-01   3.70e+00   0.00e+00 (  1.67e+02,  1.97e+02)
75      0.248   6.99e-01   1.26e+00   9.46e-01   3.82e+00   0.00e+00 (  1.56e+02,  1.85e+02)
80      0.243   6.99e-01   1.27e+00   9.82e-01   3.94e+00   0.00e+00 (  1.45e+02,  1.74e+02)
85      0.294   7.09e-01   1.27e+00   9.58e-01   5.76e+00   0.00e+00 (  1.23e+02,  1.65e+02)
90      0.563   1.27e+00   1.79e+00   1.15e+00   2.01e+01   0.00e+00 (  2.85e+02,  1.56e+02)
95      0.513   9.38e-01   1.34e+00   1.02e+00   3.25e+01   0.00e+00 (  4.94e+02,  1.48e+02)
43 e: 5.262e-04 i: 2.343e-03 :: e: 4.955e-02 i: 4.558e-02 :: n: 2.762e+01 e:24.333 i:31.315 v:4.993e+03
>>> tau_he = 5.000000, nhe(0)=3.461068e+00
 5     -0.046   1.60e-02   5.17e-01   7.53e-03  -2.14e-01   0.00e+00 (  1.04e+01,  6.13e+01)
10     -0.054   1.26e-01   4.10e-02  -1.18e-02  -3.24e-01   0.00e+00 (  8.52e+01,  1.18e+02)
15      0.062   1.91e-01   1.11e-01  -2.75e-02   4.41e-01   0.00e+00 (  1.06e+02,  1.63e+02)
20      0.081   1.98e-01   1.73e-01  -3.77e-03   6.68e-01   0.00e+00 (  1.23e+02,  1.97e+02)
25      0.189   3.63e-01   4.41e-01   1.82e-01   1.76e+00   0.00e+00 (  2.42e+02,  2.26e+02)
30      0.184   3.81e-01   4.12e-01   1.65e-01   1.89e+00   0.00e+00 (  2.34e+02,  2.45e+02)
35      0.169   3.78e-01   4.54e-01   1.83e-01   1.88e+00   0.00e+00 (  2.26e+02,  2.54e+02)
40      0.160   3.96e-01   5.23e-01   1.79e-01   1.91e+00   0.00e+00 (  2.25e+02,  2.58e+02)
45      0.178   4.42e-01   6.41e-01   2.60e-01   2.25e+00   0.00e+00 (  2.22e+02,  2.55e+02)
50      0.199   4.98e-01   7.74e-01   3.22e-01   2.64e+00   0.00e+00 (  2.14e+02,  2.46e+02)
55      0.210   5.47e-01   9.06e-01   4.61e-01   2.91e+00   0.00e+00 (  2.03e+02,  2.35e+02)
60      0.223   5.94e-01   1.03e+00   5.96e-01   3.19e+00   0.00e+00 (  1.92e+02,  2.23e+02)
65      0.208   5.91e-01   1.02e+00   6.66e-01   3.06e+00   0.00e+00 (  1.69e+02,  2.10e+02)
70      0.245   6.74e-01   1.21e+00   8.61e-01   3.70e+00   0.00e+00 (  1.68e+02,  1.97e+02)
75      0.246   7.00e-01   1.26e+00   9.47e-01   3.80e+00   0.00e+00 (  1.57e+02,  1.85e+02)
80      0.242   6.98e-01   1.27e+00   9.77e-01   3.91e+00   0.00e+00 (  1.46e+02,  1.74e+02)
85      0.292   7.07e-01   1.27e+00   9.52e-01   5.72e+00   0.00e+00 (  1.23e+02,  1.65e+02)
90      0.563   1.27e+00   1.79e+00   1.15e+00   2.00e+01   0.00e+00 (  2.85e+02,  1.56e+02)
95      0.513   9.38e-01   1.34e+00   1.02e+00   3.25e+01   0.00e+00 (  4.94e+02,  1.48e+02)
44 e: 1.956e-04 i: 1.014e-03 :: e: 3.312e-02 i: 3.130e-02 :: n: 2.762e+01 e:24.425 i:31.268 v:4.993e+03
>>> tau_he = 5.000000, nhe(0)=3.458867e+00
 5     -0.046   1.60e-02   5.25e-01   8.00e-03  -2.15e-01   0.00e+00 (  1.03e+01,  6.13e+01)
10     -0.058   1.25e-01   3.83e-02  -1.10e-02  -3.43e-01   0.00e+00 (  8.46e+01,  1.18e+02)
15      0.048   1.96e-01   1.18e-01  -4.16e-02   3.42e-01   0.00e+00 (  1.12e+02,  1.63e+02)
20      0.078   2.01e-01   1.81e-01  -3.64e-02   6.45e-01   0.00e+00 (  1.27e+02,  1.97e+02)
25      0.085   2.06e-01   2.00e-01   1.26e-02   7.85e-01   0.00e+00 (  1.37e+02,  2.26e+02)
30      0.181   3.79e-01   4.09e-01   1.64e-01   1.86e+00   0.00e+00 (  2.33e+02,  2.45e+02)
35      0.164   3.81e-01   4.53e-01   1.81e-01   1.82e+00   0.00e+00 (  2.29e+02,  2.54e+02)
40      0.159   3.96e-01   5.22e-01   1.78e-01   1.89e+00   0.00e+00 (  2.26e+02,  2.58e+02)
45      0.176   4.42e-01   6.39e-01   2.59e-01   2.23e+00   0.00e+00 (  2.22e+02,  2.55e+02)
50      0.197   4.98e-01   7.71e-01   3.22e-01   2.62e+00   0.00e+00 (  2.15e+02,  2.46e+02)
55      0.209   5.47e-01   9.02e-01   4.59e-01   2.89e+00   0.00e+00 (  2.03e+02,  2.35e+02)
60      0.222   5.93e-01   1.02e+00   5.94e-01   3.17e+00   0.00e+00 (  1.92e+02,  2.23e+02)
65      0.208   5.92e-01   1.02e+00   6.68e-01   3.07e+00   0.00e+00 (  1.70e+02,  2.10e+02)
70      0.245   6.73e-01   1.21e+00   8.60e-01   3.69e+00   0.00e+00 (  1.68e+02,  1.97e+02)
75      0.246   6.99e-01   1.26e+00   9.46e-01   3.80e+00   0.00e+00 (  1.56e+02,  1.85e+02)
80      0.242   6.99e-01   1.27e+00   9.80e-01   3.91e+00   0.00e+00 (  1.46e+02,  1.74e+02)
85      0.292   7.07e-01   1.27e+00   9.52e-01   5.72e+00   0.00e+00 (  1.23e+02,  1.65e+02)
90      0.563   1.27e+00   1.79e+00   1.15e+00   2.00e+01   0.00e+00 (  2.85e+02,  1.56e+02)
95      0.513   9.38e-01   1.34e+00   1.02e+00   3.25e+01   0.00e+00 (  4.94e+02,  1.48e+02)
45 e: 1.254e-04 i: 4.541e-04 :: e: 3.179e-02 i: 2.834e-02 :: n: 2.762e+01 e:24.469 i:31.367 v:4.993e+03
>>> tau_he = 5.000000, nhe(0)=3.463541e+00
 5     -0.046   1.61e-02   5.38e-01   8.09e-03  -2.14e-01   0.00e+00 (  1.04e+01,  6.13e+01)
10     -0.060   1.23e-01   3.61e-02  -1.09e-02  -3.60e-01   0.00e+00 (  8.42e+01,  1.18e+02)
15      0.413   5.41e-01   5.70e-01   1.11e-01   2.95e+00   0.00e+00 (  3.16e+02,  1.63e+02)
20      0.327   4.46e-01   4.77e-01   1.60e-01   2.70e+00   0.00e+00 (  2.87e+02,  1.97e+02)
25      0.184   3.61e-01   4.40e-01   1.81e-01   1.71e+00   0.00e+00 (  2.43e+02,  2.26e+02)
30      0.181   3.77e-01   4.07e-01   1.63e-01   1.85e+00   0.00e+00 (  2.31e+02,  2.45e+02)
35      0.163   3.78e-01   4.50e-01   1.80e-01   1.81e+00   0.00e+00 (  2.26e+02,  2.54e+02)
40      0.157   3.94e-01   5.20e-01   1.78e-01   1.88e+00   0.00e+00 (  2.23e+02,  2.58e+02)
45      0.175   4.40e-01   6.36e-01   2.58e-01   2.21e+00   0.00e+00 (  2.20e+02,  2.55e+02)
50      0.196   4.96e-01   7.69e-01   3.21e-01   2.60e+00   0.00e+00 (  2.13e+02,  2.46e+02)
55      0.208   5.45e-01   8.99e-01   4.57e-01   2.88e+00   0.00e+00 (  2.02e+02,  2.35e+02)
60      0.221   5.92e-01   1.02e+00   5.93e-01   3.17e+00   0.00e+00 (  1.91e+02,  2.23e+02)
65      0.209   5.92e-01   1.02e+00   6.69e-01   3.07e+00   0.00e+00 (  1.70e+02,  2.10e+02)
70      0.245   6.72e-01   1.21e+00   8.58e-01   3.69e+00   0.00e+00 (  1.67e+02,  1.97e+02)
75      0.245   6.98e-01   1.25e+00   9.44e-01   3.79e+00   0.00e+00 (  1.56e+02,  1.85e+02)
80      0.241   6.96e-01   1.27e+00   9.74e-01   3.91e+00   0.00e+00 (  1.45e+02,  1.74e+02)
85      0.292   7.06e-01   1.27e+00   9.50e-01   5.71e+00   0.00e+00 (  1.22e+02,  1.65e+02)
90      0.562   1.27e+00   1.79e+00   1.15e+00   2.00e+01   0.00e+00 (  2.85e+02,  1.56e+02)
95      0.513   9.38e-01   1.34e+00   1.02e+00   3.25e+01   0.00e+00 (  4.94e+02,  1.48e+02)
46 e: 4.300e-04 i: 1.398e-03 :: e: 4.653e-02 i: 4.130e-02 :: n: 2.762e+01 e:24.311 i:31.446 v:4.993e+03
>>> tau_he = 5.000000, nhe(0)=3.467345e+00
 5     -0.046   1.62e-02   5.20e-01   7.50e-03  -2.17e-01   0.00e+00 (  1.04e+01,  6.13e+01)
10     -0.055   1.27e-01   4.18e-02  -1.19e-02  -3.26e-01   0.00e+00 (  8.59e+01,  1.18e+02)
15      0.062   1.93e-01   1.13e-01  -2.91e-02   4.44e-01   0.00e+00 (  1.08e+02,  1.63e+02)
20      0.083   1.99e-01   1.73e-01  -4.15e-03   6.85e-01   0.00e+00 (  1.23e+02,  1.97e+02)
25      0.087   2.08e-01   2.00e-01   8.14e-03   8.04e-01   0.00e+00 (  1.38e+02,  2.26e+02)
30      0.184   3.80e-01   4.10e-01   1.63e-01   1.88e+00   0.00e+00 (  2.33e+02,  2.45e+02)
35      0.169   3.78e-01   4.52e-01   1.82e-01   1.88e+00   0.00e+00 (  2.26e+02,  2.54e+02)
40      0.160   3.96e-01   5.20e-01   1.78e-01   1.91e+00   0.00e+00 (  2.24e+02,  2.58e+02)
45      0.177   4.41e-01   6.36e-01   2.59e-01   2.24e+00   0.00e+00 (  2.21e+02,  2.55e+02)
50      0.198   4.96e-01   7.67e-01   3.20e-01   2.63e+00   0.00e+00 (  2.13e+02,  2.46e+02)
55      0.210   5.45e-01   8.98e-01   4.57e-01   2.90e+00   0.00e+00 (  2.01e+02,  2.35e+02)
60      0.223   5.92e-01   1.02e+00   5.93e-01   3.19e+00   0.00e+00 (  1.91e+02,  2.23e+02)
65      0.211   5.94e-01   1.02e+00   6.72e-01   3.11e+00   0.00e+00 (  1.70e+02,  2.10e+02)
70      0.247   6.71e-01   1.21e+00   8.64e-01   3.72e+00   0.00e+00 (  1.67e+02,  1.97e+02)
75      0.247   6.98e-01   1.25e+00   9.45e-01   3.81e+00   0.00e+00 (  1.56e+02,  1.85e+02)
80      0.243   6.98e-01   1.27e+00   9.80e-01   3.93e+00   0.00e+00 (  1.45e+02,  1.74e+02)
85      0.293   7.07e-01   1.27e+00   9.52e-01   5.74e+00   0.00e+00 (  1.22e+02,  1.65e+02)
90      0.563   1.27e+00   1.79e+00   1.15e+00   2.00e+01   0.00e+00 (  2.85e+02,  1.56e+02)
95      0.513   9.38e-01   1.34e+00   1.02e+00   3.25e+01   0.00e+00 (  4.94e+02,  1.48e+02)
47 e: 1.628e-04 i: 4.191e-04 :: e: 3.351e-02 i: 2.976e-02 :: n: 2.762e+01 e:24.524 i:31.409 v:4.993e+03
>>> tau_he = 5.000000, nhe(0)=3.465648e+00
 5     -0.046   1.62e-02   5.31e-01   8.04e-03  -2.17e-01   0.00e+00 (  1.05e+01,  6.13e+01)
10     -0.058   1.26e-01   3.89e-02  -1.10e-02  -3.44e-01   0.00e+00 (  8.58e+01,  1.18e+02)
15      0.403   5.37e-01   5.59e-01   1.06e-01   2.88e+00   0.00e+00 (  3.08e+02,  1.63e+02)
20      0.322   4.43e-01   4.73e-01   1.57e-01   2.66e+00   0.00e+00 (  2.81e+02,  1.97e+02)
25      0.189   3.65e-01   4.46e-01   1.88e-01   1.76e+00   0.00e+00 (  2.47e+02,  2.26e+02)
30      0.183   3.82e-01   4.14e-01   1.67e-01   1.88e+00   0.00e+00 (  2.36e+02,  2.45e+02)
35      0.165   3.82e-01   4.56e-01   1.82e-01   1.83e+00   0.00e+00 (  2.30e+02,  2.54e+02)
40      0.159   3.98e-01   5.26e-01   1.79e-01   1.90e+00   0.00e+00 (  2.27e+02,  2.58e+02)
45      0.177   4.44e-01   6.44e-01   2.61e-01   2.24e+00   0.00e+00 (  2.24e+02,  2.55e+02)
50      0.198   5.00e-01   7.77e-01   3.24e-01   2.63e+00   0.00e+00 (  2.16e+02,  2.46e+02)
55      0.209   5.49e-01   9.07e-01   4.61e-01   2.90e+00   0.00e+00 (  2.04e+02,  2.35e+02)
60      0.222   5.96e-01   1.03e+00   5.98e-01   3.18e+00   0.00e+00 (  1.93e+02,  2.23e+02)
65      0.246   6.54e-01   1.18e+00   7.74e-01   3.62e+00   0.00e+00 (  1.89e+02,  2.10e+02)
70      0.245   6.76e-01   1.22e+00   8.63e-01   3.69e+00   0.00e+00 (  1.69e+02,  1.97e+02)
75      0.245   7.00e-01   1.26e+00   9.47e-01   3.78e+00   0.00e+00 (  1.57e+02,  1.85e+02)
80      0.241   6.98e-01   1.27e+00   9.75e-01   3.89e+00   0.00e+00 (  1.46e+02,  1.74e+02)
85      0.291   7.06e-01   1.27e+00   9.50e-01   5.70e+00   0.00e+00 (  1.23e+02,  1.65e+02)
90      0.562   1.27e+00   1.79e+00   1.15e+00   2.00e+01   0.00e+00 (  2.85e+02,  1.56e+02)
95      0.513   9.38e-01   1.34e+00   1.02e+00   3.25e+01   0.00e+00 (  4.94e+02,  1.48e+02)
48 e: 4.335e-04 i: 1.193e-03 :: e: 4.936e-02 i: 4.606e-02 :: n: 2.762e+01 e:24.272 i:31.513 v:4.993e+03
>>> tau_he = 5.000000, nhe(0)=3.470461e+00
 5     -0.047   1.62e-02   5.16e-01   7.42e-03  -2.19e-01   0.00e+00 (  1.04e+01,  6.13e+01)
10     -0.106   1.37e-01   5.78e-02   5.78e-04  -6.32e-01   0.00e+00 (  9.19e+01,  1.18e+02)
15      0.065   1.92e-01   1.09e-01  -2.58e-02   4.66e-01   0.00e+00 (  1.05e+02,  1.63e+02)
20      0.084   1.99e-01   1.70e-01  -3.35e-03   6.90e-01   0.00e+00 (  1.21e+02,  1.97e+02)
25      0.088   2.09e-01   2.01e-01   7.30e-03   8.14e-01   0.00e+00 (  1.39e+02,  2.26e+02)
30      0.185   3.83e-01   4.11e-01   1.63e-01   1.90e+00   0.00e+00 (  2.35e+02,  2.45e+02)
35      0.170   3.80e-01   4.53e-01   1.83e-01   1.89e+00   0.00e+00 (  2.28e+02,  2.54e+02)
40      0.161   3.97e-01   5.20e-01   1.78e-01   1.92e+00   0.00e+00 (  2.26e+02,  2.58e+02)
45      0.178   4.42e-01   6.35e-01   2.59e-01   2.26e+00   0.00e+00 (  2.22e+02,  2.55e+02)
50      0.199   4.97e-01   7.68e-01   3.19e-01   2.65e+00   0.00e+00 (  2.14e+02,  2.46e+02)
55      0.211   5.47e-01   9.00e-01   4.58e-01   2.92e+00   0.00e+00 (  2.02e+02,  2.35e+02)
60      0.224   5.93e-01   1.02e+00   5.93e-01   3.21e+00   0.00e+00 (  1.91e+02,  2.23e+02)
65      0.211   5.92e-01   1.02e+00   6.68e-01   3.10e+00   0.00e+00 (  1.70e+02,  2.10e+02)
70      0.248   6.73e-01   1.22e+00   8.66e-01   3.74e+00   0.00e+00 (  1.67e+02,  1.97e+02)
75      0.249   7.01e-01   1.26e+00   9.49e-01   3.84e+00   0.00e+00 (  1.57e+02,  1.85e+02)
80      0.244   7.01e-01   1.27e+00   9.85e-01   3.96e+00   0.00e+00 (  1.46e+02,  1.74e+02)
85      0.295   7.11e-01   1.28e+00   9.61e-01   5.77e+00   0.00e+00 (  1.23e+02,  1.65e+02)
90      0.563   1.27e+00   1.79e+00   1.15e+00   2.01e+01   0.00e+00 (  2.85e+02,  1.56e+02)
95      0.513   9.38e-01   1.34e+00   1.02e+00   3.25e+01   0.00e+00 (  4.94e+02,  1.48e+02)
49 e: 2.171e-04 i: 3.878e-04 :: e: 3.730e-02 i: 3.476e-02 :: n: 2.762e+01 e:24.543 i:31.263 v:4.993e+03
 plasma volume = 148.924899
 stored energy(e,i,b,a) = 5.925554e+01 5.489529e+01 0.000000e+00 0.000000e+00
 betan = 1.294099
*power
 Pnb(e,i) = 0.000000e+00 0.000000e+00
 Prf(e,i) = 1.251044e+01 2.749991e+01
 Prad     = -1.793017e+01 
 Pei      = -6.502410e+00 
 Pfuse    = 5.882534e+01 
 Pfusi    = 2.127135e+01 
 Poh      = 0.000000e+00 
*confinement time
 taut, tauITER98y2, H98y2 : 1.117189e+00 1.294073e+00 8.633121e-01
 taue, taui : 1.263358e+00 1.976517e+00
 taut, tau89, H89 : 1.117189e+00 6.829789e-01 1.635759e+00
*temperature
 nea, nebar : 1.865938e+01 2.143142e+01 
 tea, tia : 7.684537e+00 7.548806e+00 (1.017980e+00)
 te0, ti0 : 2.130613e+01 2.410941e+01 (8.837267e-01)
 Sn : 0.000000e+00 
*current balance
 Ip,Ibs,Inb,Irf: 1.000000e+01 2.038473e+00 0.000000e+00 2.893283e-01
 fni,fbs: 0.233 0.204

 plasma volume = 148.924899
 stored energy(e,i,b,a) = 5.925554e+01 5.489529e+01 0.000000e+00 0.000000e+00
 betan = 1.294099
*power
 Pnb(e,i) = 0.000000e+00 0.000000e+00
 Prf(e,i) = 1.251044e+01 2.749991e+01
 Prad     = -1.793017e+01 
 Pei      = -6.502410e+00 
 Pfuse    = 5.882534e+01 
 Pfusi    = 2.127135e+01 
 Poh      = 0.000000e+00 
*confinement time
 taut, tauITER98y2, H98y2 : 1.117189e+00 1.294073e+00 8.633121e-01
 taue, taui : 1.263358e+00 1.976517e+00
 taut, tau89, H89 : 1.117189e+00 6.829789e-01 1.635759e+00
*temperature
 nea, nebar : 1.865938e+01 2.143142e+01 
 tea, tia : 7.684537e+00 7.548806e+00 (1.017980e+00)
 te0, ti0 : 2.130613e+01 2.410941e+01 (8.837267e-01)
 Sn : 0.000000e+00 
*current balance
 Ip,Ibs,Inb,Irf: 1.000000e+01 2.038473e+00 0.000000e+00 2.893283e-01
 fni,fbs: 0.233 0.204
 ELAPASED TIME = 1915 sec

finalize
