NCAPTC: : NetCDF: Variable not found
Warning: ieee_overflow is signaling
Warning: ieee_underflow is signaling
Warning: ieee_inexact is signaling
FORTRAN STOP
 solver
 /global/common/software/atom/perlmutter/data/greentable/
 /global/common/software/atom/perlmutter/data/greentable/

          EFITD Version  07/09/2014


 type mode (2=file, 3=snap, 4=time, 5=input, 6=com file, 7=snap_ext):

 number of time slices?

 type input file names:
 #
 table_dir = </global/common/software/atom/perlmutter/data/greentable/>

  ----- time =     0 ms ----- ( 0)
 it=  1 chi2=0.00E+00 zm= 7.50E-03 err=4.533E+00 dz= 7.499E-03 chigam= 0.00E+00
 it=  2 chi2=0.00E+00 zm= 1.04E-02 err=9.380E-01 dz= 2.874E-03 chigam= 0.00E+00
 it=  3 chi2=0.00E+00 zm= 1.26E-02 err=5.131E-01 dz= 2.178E-03 chigam= 0.00E+00
 it=  4 chi2=0.00E+00 zm= 1.42E-02 err=2.793E-01 dz= 1.601E-03 chigam= 0.00E+00
 it=  5 chi2=0.00E+00 zm= 1.53E-02 err=1.558E-01 dz= 1.155E-03 chigam= 0.00E+00
 it=  6 chi2=0.00E+00 zm= 1.61E-02 err=8.537E-02 dz= 8.103E-04 chigam= 0.00E+00
 it=  7 chi2=0.00E+00 zm= 1.67E-02 err=4.916E-02 dz= 5.704E-04 chigam= 0.00E+00
 it=  8 chi2=0.00E+00 zm= 1.71E-02 err=2.859E-02 dz= 4.004E-04 chigam= 0.00E+00
 it=  9 chi2=0.00E+00 zm= 1.74E-02 err=1.828E-02 dz= 2.807E-04 chigam= 0.00E+00
 it= 10 chi2=0.00E+00 zm= 1.76E-02 err=1.161E-02 dz= 1.961E-04 chigam= 0.00E+00
 it= 11 chi2=0.00E+00 zm= 1.77E-02 err=7.506E-03 dz= 1.370E-04 chigam= 0.00E+00
 it= 12 chi2=0.00E+00 zm= 1.78E-02 err=4.328E-03 dz= 9.446E-05 chigam= 0.00E+00
 it= 13 chi2=0.00E+00 zm= 1.79E-02 err=3.001E-03 dz= 6.596E-05 chigam= 0.00E+00
 it= 14 chi2=0.00E+00 zm= 1.79E-02 err=1.889E-03 dz= 4.571E-05 chigam= 0.00E+00
 it= 15 chi2=0.00E+00 zm= 1.79E-02 err=1.425E-03 dz= 3.218E-05 chigam= 0.00E+00
 it= 16 chi2=0.00E+00 zm= 1.80E-02 err=8.162E-04 dz= 2.220E-05 chigam= 0.00E+00
 it= 17 chi2=0.00E+00 zm= 1.80E-02 err=5.087E-04 dz= 1.535E-05 chigam= 0.00E+00
 it= 18 chi2=0.00E+00 zm= 1.80E-02 err=3.339E-04 dz= 1.064E-05 chigam= 0.00E+00
 it= 19 chi2=0.00E+00 zm= 1.80E-02 err=4.166E-04 dz= 7.833E-06 chigam= 0.00E+00
 it= 20 chi2=0.00E+00 zm= 1.80E-02 err=1.600E-04 dz= 5.311E-06 chigam= 0.00E+00
 it= 21 chi2=0.00E+00 zm= 1.80E-02 err=5.508E-05 dz= 3.580E-06 chigam= 0.00E+00

      ******************** EFITD129 x 129  output ********************

       data used:   
  0 flux loops
  0 magnetic probes(i)
  0 full rogowski
  0 diamagnetic loop


 shot #   =          1 time(ms) =          0 chi**2   =  0.000E+00
 betat(%) =      0.918 betap    =      0.582 li       =      0.872
 vol(cm3) =  0.927E+07 rout(cm) =    170.925 zout(cm) =     -0.344
 elong    =      1.397 utriang  =     -0.519 ltriang  =     -0.490
 a(cm)    =     44.885 lin(cm)  = ********** lout(cm) =      0.897
 ltop(cm) = ********** q*       =      3.045 rc(cm)   =    176.684
 zc(cm)   =      1.421 bt0(t)   =      2.000 qout     =      2.898
