========================================================================
= FASTRAN

nonlinear model = 0
ichi = 0
ineo = 0
reading state...
read formatted input, inprof...
init geometry...
read formatted input, inmetric...
nrho in inmetric = 101
rhob in inmetric = 1.265180e+00
solve avg grad-shafranv...
solve_avg_gs::Ip_temp = 9.978743e+00 
solve_avg_gs::Ip      = 1.000000e+01 
>>> tau_he = 5.000000, nhe(0)=2.244426e+00

 plasma volume = 149.263947
 stored energy(e,i,b) = 6.241513e+01 5.626395e+01 0.000000e+00
 betan = 1.342614
*power
 Pnb(e,i) = 0.000000e+00 0.000000e+00
 Prf(e,i) = 6.286447e+00 1.372705e+01
 Prad     = -3.156586e+01 
 Pei      = 3.495509e-01 
 Pfuse    = 5.631101e+01 
 Pfusi    = 1.745433e+01 
 Poh      = 0.000000e+00 
*confinement time
 taut, tauITER98y2, H98y2 : 1.907626e+00 1.844396e+00 1.034282e+00
 taue, taui : 1.988937e+00 3.289370e+00
 taut, tau89, H89 : 1.907626e+00 8.784994e-01 2.171460e+00
*temperature
 nea, nebar : 1.945594e+01 2.196604e+01 
 tea, tia : 8.072575e+00 8.085142e+00 (9.984457e-01)
 te0, ti0 : 1.865354e+01 1.890229e+01 (9.868404e-01)
 Sn : 0.000000e+00 
*current balance
 Ip,Ibs,Inb,Irf: 1.000000e+01 2.043059e+00 0.000000e+00 8.911579e-02
 fni,fbs: 0.213 0.204

Time advancing...
rho_bdry 0.950000 ...
te_bdry = 3.741993
ti_bdry = 3.741797
ne_bdry = 14.453942
rv_bdry = 100.762170
nrho_tr_bdry = 19
drho_bdry = 0.000000e+00
nrhob = 95
 [    0] t = 0.0000 
>>> tau_he = 5.000000, nhe(0)=2.225625e+00
 5     -0.002   3.39e-03   1.30e-01   2.34e-03  -7.06e-03   0.00e+00 (  5.75e-01,  3.02e+01)
10     -0.000   1.73e-04  -1.12e-03  -7.85e-04  -9.78e-04   0.00e+00 (  4.08e-02,  5.91e+01)
15     -0.001   2.82e-04  -2.65e-03  -1.40e-03  -5.53e-03   0.00e+00 (  8.28e-02,  8.64e+01)
20     -0.002   2.59e-04  -3.99e-03  -3.30e-03  -1.27e-02   0.00e+00 (  8.84e-02,  1.07e+02)
25      0.007   3.20e-02  -2.42e-02   3.47e-03   5.70e-02   0.00e+00 (  1.21e+01,  1.24e+02)
30      0.019   9.24e-02  -7.03e-03   1.21e-02   1.77e-01   0.00e+00 (  3.70e+01,  1.38e+02)
35      0.037   1.48e-01   4.96e-02   3.80e-02   3.75e-01   0.00e+00 (  5.92e+01,  1.48e+02)
40      0.041   1.83e-01   7.57e-02   4.65e-02   4.47e-01   0.00e+00 (  7.13e+01,  1.55e+02)
45      0.056   2.30e-01   1.51e-01   7.39e-02   6.56e-01   0.00e+00 (  8.66e+01,  1.58e+02)
50      0.080   2.89e-01   2.49e-01   1.86e-01   9.74e-01   0.00e+00 (  1.03e+02,  1.57e+02)
55      0.109   3.54e-01   4.07e-01   2.28e-01   1.39e+00   0.00e+00 (  1.19e+02,  1.53e+02)
60      0.156   4.39e-01   5.70e-01   3.55e-01   2.07e+00   0.00e+00 (  1.38e+02,  1.47e+02)
65      0.239   5.68e-01   9.12e-01   6.23e-01   3.26e+00   0.00e+00 (  1.64e+02,  1.40e+02)
70      0.272   6.36e-01   1.10e+00   8.23e-01   3.81e+00   0.00e+00 (  1.67e+02,  1.31e+02)
75      0.285   6.68e-01   1.21e+00   9.75e-01   4.08e+00   0.00e+00 (  1.57e+02,  1.22e+02)
80      0.275   6.37e-01   1.22e+00   1.01e+00   4.01e+00   0.00e+00 (  1.32e+02,  1.14e+02)
85      0.242   5.37e-01   1.10e+00   9.30e-01   3.60e+00   0.00e+00 (  9.70e+01,  1.05e+02)
90      0.212   4.59e-01   9.41e-01   8.13e-01   3.45e+00   0.00e+00 (  7.17e+01,  9.76e+01)
95      2.090   4.42e+00   5.72e+00   4.22e+00   1.34e+02   0.00e+00 (  2.27e+03,  9.06e+01)
 0 e: 6.533e-07 i: 3.108e-06 :: e: 0.000e+00 i: 0.000e+00 :: n: 2.762e+01 e:18.654 i:18.902 v:4.993e+03
>>> tau_he = 5.000000, nhe(0)=2.219728e+00
 5     -0.001   3.58e-03   1.52e-01   2.45e-03  -6.46e-03   0.00e+00 (  5.99e-01,  3.02e+01)
10     -0.000   1.76e-04  -1.16e-03  -8.03e-04  -9.80e-04   0.00e+00 (  4.16e-02,  5.91e+01)
15     -0.001   2.75e-04  -3.39e-03  -2.07e-03  -7.47e-03   0.00e+00 (  8.11e-02,  8.64e+01)
20     -0.002   2.56e-04  -4.00e-03  -3.35e-03  -1.31e-02   0.00e+00 (  8.81e-02,  1.07e+02)
25      0.006   2.89e-02  -2.34e-02   3.15e-03   4.88e-02   0.00e+00 (  1.10e+01,  1.24e+02)
30      0.019   9.27e-02  -6.50e-03   1.22e-02   1.81e-01   0.00e+00 (  3.71e+01,  1.38e+02)
35      0.037   1.48e-01   4.99e-02   3.81e-02   3.77e-01   0.00e+00 (  5.90e+01,  1.48e+02)
40      0.042   1.84e-01   7.98e-02   4.75e-02   4.61e-01   0.00e+00 (  7.23e+01,  1.55e+02)
45      0.058   2.31e-01   1.55e-01   7.51e-02   6.72e-01   0.00e+00 (  8.74e+01,  1.58e+02)
50      0.082   2.92e-01   2.59e-01   1.89e-01   1.01e+00   0.00e+00 (  1.04e+02,  1.57e+02)
55      0.111   3.56e-01   4.15e-01   2.29e-01   1.41e+00   0.00e+00 (  1.21e+02,  1.53e+02)
60      0.164   4.46e-01   5.96e-01   3.72e-01   2.17e+00   0.00e+00 (  1.41e+02,  1.47e+02)
65      0.232   5.59e-01   8.95e-01   6.10e-01   3.17e+00   0.00e+00 (  1.60e+02,  1.40e+02)
70      0.263   6.24e-01   1.07e+00   8.02e-01   3.69e+00   0.00e+00 (  1.62e+02,  1.31e+02)
75      0.275   6.53e-01   1.18e+00   9.46e-01   3.94e+00   0.00e+00 (  1.52e+02,  1.22e+02)
80      0.267   6.23e-01   1.19e+00   9.87e-01   3.89e+00   0.00e+00 (  1.28e+02,  1.14e+02)
85      0.245   5.44e-01   1.11e+00   9.41e-01   3.64e+00   0.00e+00 (  9.90e+01,  1.05e+02)
90      0.246   5.54e-01   1.15e+00   1.02e+00   4.01e+00   0.00e+00 (  9.95e+01,  9.76e+01)
95      2.128   4.70e+00   5.90e+00   4.24e+00   1.36e+02   0.00e+00 (  2.12e+03,  9.06e+01)
 1 e: 3.391e-02 i: 1.067e-01 :: e: 2.173e-02 i: 3.236e-02 :: n: 2.762e+01 e:18.639 i:18.852 v:4.993e+03
>>> tau_he = 5.000000, nhe(0)=2.627623e+00
 5     -0.003   5.90e-03   3.31e-01   3.66e-03  -1.40e-02   0.00e+00 (  1.28e+00,  3.02e+01)
10     -0.007   1.08e-02   7.10e-02  -2.88e-03  -3.84e-02   0.00e+00 (  4.39e+00,  5.91e+01)
15      0.015   7.59e-02  -1.68e-02   1.16e-02   9.59e-02   0.00e+00 (  4.59e+01,  8.64e+01)
20      0.014   1.32e-01   4.09e-02   2.84e-02   1.10e-01   0.00e+00 (  9.77e+01,  1.07e+02)
25      0.024   1.74e-01   9.35e-02   3.28e-02   2.01e-01   0.00e+00 (  1.21e+02,  1.24e+02)
30      0.049   1.95e-01   1.78e-01   5.57e-02   4.64e-01   0.00e+00 (  1.13e+02,  1.38e+02)
35      0.131   2.84e-01   3.54e-01   1.58e-01   1.34e+00   0.00e+00 (  1.45e+02,  1.48e+02)
40      0.165   3.24e-01   4.73e-01   1.74e-01   1.81e+00   0.00e+00 (  1.55e+02,  1.55e+02)
45      0.189   3.65e-01   5.68e-01   2.55e-01   2.20e+00   0.00e+00 (  1.59e+02,  1.58e+02)
50      0.227   4.38e-01   7.83e-01   3.32e-01   2.77e+00   0.00e+00 (  1.69e+02,  1.57e+02)
55      0.213   4.61e-01   8.55e-01   4.49e-01   2.72e+00   0.00e+00 (  1.54e+02,  1.53e+02)
60      0.153   4.00e-01   6.90e-01   4.26e-01   2.03e+00   0.00e+00 (  1.12e+02,  1.47e+02)
65      0.146   3.88e-01   6.64e-01   4.41e-01   2.00e+00   0.00e+00 (  8.91e+01,  1.40e+02)
70      0.142   3.83e-01   6.54e-01   4.92e-01   2.00e+00   0.00e+00 (  7.70e+01,  1.31e+02)
75      0.150   4.03e-01   7.04e-01   5.80e-01   2.15e+00   0.00e+00 (  7.42e+01,  1.22e+02)
80      0.160   4.39e-01   8.00e-01   6.73e-01   2.34e+00   0.00e+00 (  7.92e+01,  1.14e+02)
85      0.166   4.82e-01   9.08e-01   7.78e-01   2.46e+00   0.00e+00 (  9.13e+01,  1.05e+02)
90      0.171   5.08e-01   9.61e-01   8.37e-01   2.79e+00   0.00e+00 (  9.89e+01,  9.76e+01)
95      2.156   4.83e+00   6.04e+00   4.27e+00   1.38e+02   0.00e+00 (  2.11e+03,  9.06e+01)
 2 e: 2.274e-02 i: 7.948e-03 :: e: 2.666e-01 i: 3.329e-01 :: n: 2.762e+01 e:22.041 i:22.827 v:4.993e+03
>>> tau_he = 5.000000, nhe(0)=2.770436e+00
 5     -0.007   6.67e-03   3.85e-01   4.48e-03  -3.04e-02   0.00e+00 (  1.97e+00,  3.02e+01)
10     -0.006   2.09e-02   4.46e-02  -8.19e-04  -3.15e-02   0.00e+00 (  1.21e+01,  5.91e+01)
15     -0.098   1.30e-01   4.58e-02   1.54e-02  -6.44e-01   0.00e+00 (  1.08e+02,  8.64e+01)
20     -0.114   1.97e-01   8.42e-02   3.85e-02  -8.68e-01   0.00e+00 (  1.90e+02,  1.07e+02)
25     -0.011   2.30e-01   1.23e-01   3.61e-02  -9.52e-02   0.00e+00 (  2.08e+02,  1.24e+02)
30      0.022   2.37e-01   1.80e-01   5.29e-02   2.10e-01   0.00e+00 (  1.79e+02,  1.38e+02)
35      0.108   3.20e-01   3.60e-01   1.55e-01   1.10e+00   0.00e+00 (  2.04e+02,  1.48e+02)
40      0.127   3.30e-01   4.25e-01   1.75e-01   1.39e+00   0.00e+00 (  1.86e+02,  1.55e+02)
45      0.136   3.46e-01   4.71e-01   2.20e-01   1.58e+00   0.00e+00 (  1.66e+02,  1.58e+02)
50      0.165   3.78e-01   5.89e-01   2.43e-01   2.02e+00   0.00e+00 (  1.47e+02,  1.57e+02)
55      0.115   3.24e-01   4.74e-01   2.66e-01   1.47e+00   0.00e+00 (  1.02e+02,  1.53e+02)
60      0.121   3.20e-01   4.95e-01   3.12e-01   1.61e+00   0.00e+00 (  7.98e+01,  1.47e+02)
65      0.122   2.97e-01   4.71e-01   3.24e-01   1.67e+00   0.00e+00 (  5.76e+01,  1.40e+02)
70      0.123   2.83e-01   4.67e-01   3.62e-01   1.72e+00   0.00e+00 (  4.60e+01,  1.31e+02)
75      0.134   2.98e-01   5.15e-01   4.39e-01   1.92e+00   0.00e+00 (  4.30e+01,  1.22e+02)
80      0.154   3.36e-01   6.16e-01   5.40e-01   2.24e+00   0.00e+00 (  4.64e+01,  1.14e+02)
85      0.174   3.72e-01   7.41e-01   6.39e-01   2.57e+00   0.00e+00 (  5.30e+01,  1.05e+02)
90      0.193   4.09e-01   8.38e-01   7.27e-01   3.14e+00   0.00e+00 (  5.86e+01,  9.76e+01)
95      2.140   4.89e+00   6.00e+00   4.23e+00   1.37e+02   0.00e+00 (  2.02e+03,  9.06e+01)
 3 e: 4.799e-04 i: 4.288e-03 :: e: 3.646e-01 i: 3.887e-01 :: n: 2.762e+01 e:24.267 i:24.630 v:4.993e+03
>>> tau_he = 5.000000, nhe(0)=2.798827e+00
 5     -0.009   6.80e-03   3.87e-01   4.65e-03  -3.74e-02   0.00e+00 (  2.20e+00,  3.02e+01)
10     -0.010   3.19e-02   6.96e-02   1.83e-03  -5.29e-02   0.00e+00 (  2.01e+01,  5.91e+01)
15     -0.073   1.36e-01   6.34e-02   7.81e-04  -4.80e-01   0.00e+00 (  1.15e+02,  8.64e+01)
20     -0.057   1.89e-01   9.75e-02   1.51e-02  -4.36e-01   0.00e+00 (  1.79e+02,  1.07e+02)
25     -0.050   2.25e-01   1.53e-01   3.65e-02  -4.32e-01   0.00e+00 (  2.02e+02,  1.24e+02)
30      0.124   3.19e-01   3.81e-01   1.96e-01   1.17e+00   0.00e+00 (  2.46e+02,  1.38e+02)
35      0.121   3.23e-01   3.95e-01   1.81e-01   1.24e+00   0.00e+00 (  2.09e+02,  1.48e+02)
40      0.143   3.36e-01   4.73e-01   1.74e-01   1.57e+00   0.00e+00 (  1.91e+02,  1.55e+02)
45      0.154   3.53e-01   5.38e-01   2.33e-01   1.79e+00   0.00e+00 (  1.70e+02,  1.58e+02)
50      0.182   3.95e-01   6.80e-01   2.86e-01   2.22e+00   0.00e+00 (  1.54e+02,  1.57e+02)
55      0.129   3.40e-01   5.52e-01   3.14e-01   1.64e+00   0.00e+00 (  1.08e+02,  1.53e+02)
60      0.130   3.38e-01   5.73e-01   3.59e-01   1.73e+00   0.00e+00 (  8.57e+01,  1.47e+02)
65      0.128   3.13e-01   5.38e-01   3.64e-01   1.75e+00   0.00e+00 (  6.22e+01,  1.40e+02)
70      0.121   2.88e-01   4.98e-01   3.83e-01   1.69e+00   0.00e+00 (  4.79e+01,  1.31e+02)
75      0.122   2.85e-01   5.03e-01   4.28e-01   1.76e+00   0.00e+00 (  4.19e+01,  1.22e+02)
80      0.129   2.99e-01   5.48e-01   4.78e-01   1.88e+00   0.00e+00 (  4.16e+01,  1.14e+02)
85      0.139   3.20e-01   6.12e-01   5.34e-01   2.06e+00   0.00e+00 (  4.51e+01,  1.05e+02)
90      0.149   3.40e-01   6.58e-01   5.81e-01   2.43e+00   0.00e+00 (  4.75e+01,  9.76e+01)
95      2.153   4.93e+00   6.06e+00   4.24e+00   1.38e+02   0.00e+00 (  2.03e+03,  9.06e+01)
 4 e: 1.865e-03 i: 1.231e-03 :: e: 3.595e-01 i: 4.042e-01 :: n: 2.762e+01 e:24.544 i:25.028 v:4.993e+03
>>> tau_he = 5.000000, nhe(0)=2.767192e+00
 5     -0.009   6.45e-03   3.74e-01   4.70e-03  -4.07e-02   0.00e+00 (  2.20e+00,  3.02e+01)
10     -0.029   3.26e-02   7.54e-02   2.55e-03  -1.59e-01   0.00e+00 (  2.11e+01,  5.91e+01)
15     -0.065   1.28e-01   6.26e-02   1.37e-03  -4.30e-01   0.00e+00 (  1.06e+02,  8.64e+01)
20     -0.041   1.77e-01   9.39e-02   1.07e-02  -3.11e-01   0.00e+00 (  1.61e+02,  1.07e+02)
25     -0.034   2.05e-01   1.49e-01   3.96e-02  -2.93e-01   0.00e+00 (  1.77e+02,  1.24e+02)
30      0.095   3.08e-01   3.44e-01   1.62e-01   8.97e-01   0.00e+00 (  2.27e+02,  1.38e+02)
35      0.099   3.02e-01   3.49e-01   1.51e-01   1.01e+00   0.00e+00 (  1.89e+02,  1.48e+02)
40      0.115   3.14e-01   4.13e-01   1.75e-01   1.26e+00   0.00e+00 (  1.72e+02,  1.55e+02)
45      0.124   3.28e-01   4.55e-01   2.08e-01   1.45e+00   0.00e+00 (  1.52e+02,  1.58e+02)
50      0.151   3.58e-01   5.63e-01   2.35e-01   1.85e+00   0.00e+00 (  1.34e+02,  1.57e+02)
55      0.116   3.14e-01   4.80e-01   2.69e-01   1.48e+00   0.00e+00 (  9.64e+01,  1.53e+02)
60      0.123   3.15e-01   5.07e-01   3.20e-01   1.63e+00   0.00e+00 (  7.68e+01,  1.47e+02)
65      0.126   2.97e-01   4.95e-01   3.39e-01   1.72e+00   0.00e+00 (  5.67e+01,  1.40e+02)
70      0.122   2.77e-01   4.70e-01   3.64e-01   1.71e+00   0.00e+00 (  4.37e+01,  1.31e+02)
75      0.125   2.75e-01   4.81e-01   4.13e-01   1.80e+00   0.00e+00 (  3.78e+01,  1.22e+02)
80      0.134   2.89e-01   5.29e-01   4.71e-01   1.96e+00   0.00e+00 (  3.68e+01,  1.14e+02)
85      0.145   3.06e-01   5.91e-01   5.18e-01   2.16e+00   0.00e+00 (  3.86e+01,  1.05e+02)
90      0.159   3.30e-01   6.44e-01   5.69e-01   2.59e+00   0.00e+00 (  4.03e+01,  9.76e+01)
95      2.146   4.95e+00   6.03e+00   4.23e+00   1.38e+02   0.00e+00 (  1.99e+03,  9.06e+01)
 5 e: 8.669e-04 i: 1.850e-03 :: e: 3.326e-01 i: 3.677e-01 :: n: 2.762e+01 e:23.820 i:24.606 v:4.993e+03
>>> tau_he = 5.000000, nhe(0)=2.685352e+00
 5     -0.009   5.79e-03   3.37e-01   4.62e-03  -3.83e-02   0.00e+00 (  1.99e+00,  3.02e+01)
10     -0.011   3.21e-02   7.08e-02   2.67e-03  -6.26e-02   0.00e+00 (  2.06e+01,  5.91e+01)
15     -0.049   1.17e-01   6.42e-02   3.64e-03  -3.21e-01   0.00e+00 (  9.23e+01,  8.64e+01)
20     -0.019   1.58e-01   9.62e-02   3.72e-03  -1.46e-01   0.00e+00 (  1.35e+02,  1.07e+02)
25      0.009   1.86e-01   1.41e-01   3.03e-02   7.44e-02   0.00e+00 (  1.51e+02,  1.24e+02)
30      0.034   2.22e-01   1.95e-01   5.01e-02   3.23e-01   0.00e+00 (  1.53e+02,  1.38e+02)
35      0.094   2.87e-01   3.46e-01   1.62e-01   9.66e-01   0.00e+00 (  1.71e+02,  1.48e+02)
40      0.113   3.01e-01   4.21e-01   1.90e-01   1.24e+00   0.00e+00 (  1.60e+02,  1.55e+02)
45      0.123   3.19e-01   4.68e-01   2.10e-01   1.43e+00   0.00e+00 (  1.44e+02,  1.58e+02)
50      0.150   3.58e-01   5.83e-01   2.46e-01   1.83e+00   0.00e+00 (  1.32e+02,  1.57e+02)
55      0.117   3.20e-01   5.06e-01   2.85e-01   1.50e+00   0.00e+00 (  9.84e+01,  1.53e+02)
60      0.124   3.23e-01   5.37e-01   3.38e-01   1.65e+00   0.00e+00 (  8.02e+01,  1.47e+02)
65      0.130   3.11e-01   5.35e-01   3.64e-01   1.77e+00   0.00e+00 (  6.12e+01,  1.40e+02)
70      0.124   2.90e-01   5.03e-01   3.87e-01   1.74e+00   0.00e+00 (  4.76e+01,  1.31e+02)
75      0.124   2.82e-01   4.99e-01   4.25e-01   1.78e+00   0.00e+00 (  4.03e+01,  1.22e+02)
80      0.127   2.84e-01   5.21e-01   4.57e-01   1.85e+00   0.00e+00 (  3.75e+01,  1.14e+02)
85      0.133   2.91e-01   5.55e-01   4.87e-01   1.97e+00   0.00e+00 (  3.77e+01,  1.05e+02)
90      0.140   3.03e-01   5.75e-01   5.10e-01   2.29e+00   0.00e+00 (  3.77e+01,  9.76e+01)
95      2.152   4.96e+00   6.06e+00   4.24e+00   1.38e+02   0.00e+00 (  2.00e+03,  9.06e+01)
 6 e: 1.820e-03 i: 1.067e-03 :: e: 2.825e-01 i: 3.226e-01 :: n: 2.762e+01 e:23.260 i:23.565 v:4.993e+03
>>> tau_he = 5.000000, nhe(0)=2.629692e+00
 5     -0.008   5.37e-03   3.17e-01   4.42e-03  -3.65e-02   0.00e+00 (  1.82e+00,  3.02e+01)
10     -0.010   2.85e-02   6.20e-02   2.55e-03  -5.56e-02   0.00e+00 (  1.77e+01,  5.91e+01)
15     -0.033   1.05e-01   5.17e-02   5.22e-03  -2.18e-01   0.00e+00 (  7.78e+01,  8.64e+01)
20     -0.010   1.35e-01   8.53e-02   6.68e-03  -7.45e-02   0.00e+00 (  1.06e+02,  1.07e+02)
25      0.008   1.68e-01   1.26e-01   3.15e-02   6.73e-02   0.00e+00 (  1.26e+02,  1.24e+02)
30      0.032   1.99e-01   1.77e-01   5.91e-02   3.05e-01   0.00e+00 (  1.27e+02,  1.38e+02)
35      0.080   2.60e-01   3.02e-01   1.55e-01   8.20e-01   0.00e+00 (  1.44e+02,  1.48e+02)
40      0.095   2.74e-01   3.64e-01   1.77e-01   1.04e+00   0.00e+00 (  1.35e+02,  1.55e+02)
45      0.116   3.01e-01   4.40e-01   1.97e-01   1.35e+00   0.00e+00 (  1.27e+02,  1.58e+02)
50      0.128   3.23e-01   4.91e-01   2.11e-01   1.57e+00   0.00e+00 (  1.12e+02,  1.57e+02)
55      0.108   2.96e-01   4.50e-01   2.54e-01   1.38e+00   0.00e+00 (  8.66e+01,  1.53e+02)
60      0.118   3.02e-01   4.86e-01   3.07e-01   1.57e+00   0.00e+00 (  7.19e+01,  1.47e+02)
65      0.128   3.00e-01   5.03e-01   3.44e-01   1.75e+00   0.00e+00 (  5.69e+01,  1.40e+02)
70      0.126   2.86e-01   4.91e-01   3.79e-01   1.77e+00   0.00e+00 (  4.55e+01,  1.31e+02)
75      0.129   2.83e-01   4.99e-01   4.27e-01   1.85e+00   0.00e+00 (  3.92e+01,  1.22e+02)
80      0.135   2.89e-01   5.31e-01   4.72e-01   1.96e+00   0.00e+00 (  3.68e+01,  1.14e+02)
85      0.141   2.95e-01   5.66e-01   4.98e-01   2.09e+00   0.00e+00 (  3.63e+01,  1.05e+02)
90      0.149   3.09e-01   5.91e-01   5.23e-01   2.43e+00   0.00e+00 (  3.61e+01,  9.76e+01)
95      2.147   4.97e+00   6.04e+00   4.23e+00   1.38e+02   0.00e+00 (  1.99e+03,  9.06e+01)
 7 e: 4.274e-04 i: 1.359e-03 :: e: 2.438e-01 i: 2.783e-01 :: n: 2.762e+01 e:22.135 i:22.898 v:4.993e+03
>>> tau_he = 5.000000, nhe(0)=2.545576e+00
 5     -0.008   4.84e-03   2.87e-01   4.30e-03  -3.35e-02   0.00e+00 (  1.63e+00,  3.02e+01)
10     -0.009   2.64e-02   5.97e-02   2.86e-03  -5.09e-02   0.00e+00 (  1.60e+01,  5.91e+01)
15     -0.023   9.72e-02   5.34e-02   4.03e-03  -1.54e-01   0.00e+00 (  6.93e+01,  8.64e+01)
20     -0.002   1.20e-01   8.52e-02   9.35e-03  -1.32e-02   0.00e+00 (  9.08e+01,  1.07e+02)
25      0.008   1.58e-01   1.27e-01   3.53e-02   6.98e-02   0.00e+00 (  1.14e+02,  1.24e+02)
30      0.033   1.89e-01   1.79e-01   7.00e-02   3.13e-01   0.00e+00 (  1.16e+02,  1.38e+02)
35      0.074   2.43e-01   2.99e-01   1.54e-01   7.56e-01   0.00e+00 (  1.29e+02,  1.48e+02)
40      0.089   2.65e-01   3.62e-01   1.84e-01   9.73e-01   0.00e+00 (  1.26e+02,  1.55e+02)
45      0.082   2.54e-01   3.50e-01   1.53e-01   9.53e-01   0.00e+00 (  1.03e+02,  1.58e+02)
50      0.122   3.13e-01   4.88e-01   2.15e-01   1.50e+00   0.00e+00 (  1.06e+02,  1.57e+02)
55      0.107   2.95e-01   4.77e-01   2.49e-01   1.37e+00   0.00e+00 (  8.56e+01,  1.53e+02)
60      0.115   3.02e-01   4.93e-01   3.11e-01   1.53e+00   0.00e+00 (  7.21e+01,  1.47e+02)
65      0.128   3.04e-01   5.19e-01   3.53e-01   1.75e+00   0.00e+00 (  5.88e+01,  1.40e+02)
70      0.126   2.93e-01   5.08e-01   3.91e-01   1.77e+00   0.00e+00 (  4.78e+01,  1.31e+02)
75      0.128   2.88e-01   5.11e-01   4.35e-01   1.83e+00   0.00e+00 (  4.12e+01,  1.22e+02)
80      0.131   2.89e-01   5.31e-01   4.73e-01   1.91e+00   0.00e+00 (  3.79e+01,  1.14e+02)
85      0.133   2.88e-01   5.49e-01   4.82e-01   1.98e+00   0.00e+00 (  3.64e+01,  1.05e+02)
90      0.135   2.85e-01   5.36e-01   4.80e-01   2.21e+00   0.00e+00 (  3.41e+01,  9.76e+01)
95      2.151   4.97e+00   6.06e+00   4.24e+00   1.38e+02   0.00e+00 (  1.99e+03,  9.06e+01)
 8 e: 1.229e-03 i: 5.054e-04 :: e: 2.178e-01 i: 2.430e-01 :: n: 2.762e+01 e:21.732 i:21.958 v:4.993e+03
>>> tau_he = 5.000000, nhe(0)=2.503582e+00
 5     -0.007   4.59e-03   2.74e-01   4.10e-03  -3.18e-02   0.00e+00 (  1.51e+00,  3.02e+01)
10     -0.008   2.17e-02   4.97e-02   4.44e-04  -4.17e-02   0.00e+00 (  1.27e+01,  5.91e+01)
15     -0.014   8.87e-02   4.44e-02   5.39e-03  -9.42e-02   0.00e+00 (  6.00e+01,  8.64e+01)
20      0.005   1.10e-01   7.54e-02   1.20e-02   4.01e-02   0.00e+00 (  7.81e+01,  1.07e+02)
25      0.015   1.56e-01   1.32e-01   3.29e-02   1.31e-01   0.00e+00 (  1.05e+02,  1.24e+02)
30      0.028   1.71e-01   1.62e-01   6.06e-02   2.69e-01   0.00e+00 (  9.94e+01,  1.38e+02)
35      0.046   1.84e-01   1.92e-01   9.75e-02   4.67e-01   0.00e+00 (  9.20e+01,  1.48e+02)
40      0.078   2.44e-01   3.20e-01   1.73e-01   8.59e-01   0.00e+00 (  1.08e+02,  1.55e+02)
45      0.076   2.38e-01   3.13e-01   1.47e-01   8.81e-01   0.00e+00 (  9.14e+01,  1.58e+02)
50      0.108   2.85e-01   4.23e-01   1.92e-01   1.32e+00   0.00e+00 (  9.12e+01,  1.57e+02)
55      0.102   2.76e-01   4.32e-01   2.30e-01   1.30e+00   0.00e+00 (  7.61e+01,  1.53e+02)
60      0.111   2.84e-01   4.53e-01   2.87e-01   1.47e+00   0.00e+00 (  6.49e+01,  1.47e+02)
65      0.126   2.92e-01   4.89e-01   3.35e-01   1.72e+00   0.00e+00 (  5.44e+01,  1.40e+02)
70      0.128   2.87e-01   4.94e-01   3.82e-01   1.79e+00   0.00e+00 (  4.55e+01,  1.31e+02)
75      0.132   2.87e-01   5.09e-01   4.34e-01   1.89e+00   0.00e+00 (  4.00e+01,  1.22e+02)
80      0.136   2.92e-01   5.36e-01   4.77e-01   1.98e+00   0.00e+00 (  3.71e+01,  1.14e+02)
85      0.140   2.92e-01   5.59e-01   4.92e-01   2.07e+00   0.00e+00 (  3.56e+01,  1.05e+02)
90      0.146   3.03e-01   5.73e-01   5.09e-01   2.38e+00   0.00e+00 (  3.47e+01,  9.76e+01)
95      2.147   4.97e+00   6.04e+00   4.23e+00   1.38e+02   0.00e+00 (  1.98e+03,  9.06e+01)
 9 e: 1.516e-04 i: 7.735e-04 :: e: 2.069e-01 i: 2.052e-01 :: n: 2.762e+01 e:20.836 i:21.509 v:4.993e+03
>>> tau_he = 5.000000, nhe(0)=2.436301e+00
 5     -0.007   4.24e-03   2.53e-01   4.01e-03  -2.95e-02   0.00e+00 (  1.38e+00,  3.02e+01)
10     -0.007   2.05e-02   4.88e-02   6.05e-04  -3.89e-02   0.00e+00 (  1.18e+01,  5.91e+01)
15     -0.010   8.45e-02   4.56e-02   6.68e-03  -6.81e-02   0.00e+00 (  5.58e+01,  8.64e+01)
20      0.006   1.04e-01   7.66e-02   1.36e-02   4.78e-02   0.00e+00 (  7.22e+01,  1.07e+02)
25      0.017   1.48e-01   1.32e-01   3.63e-02   1.45e-01   0.00e+00 (  9.64e+01,  1.24e+02)
30      0.030   1.67e-01   1.65e-01   7.71e-02   2.80e-01   0.00e+00 (  9.47e+01,  1.38e+02)
35      0.046   1.82e-01   1.98e-01   1.04e-01   4.70e-01   0.00e+00 (  8.94e+01,  1.48e+02)
40      0.075   2.41e-01   3.22e-01   1.75e-01   8.24e-01   0.00e+00 (  1.05e+02,  1.55e+02)
45      0.075   2.35e-01   3.20e-01   1.51e-01   8.75e-01   0.00e+00 (  8.90e+01,  1.58e+02)
50      0.104   2.80e-01   4.24e-01   1.93e-01   1.28e+00   0.00e+00 (  8.88e+01,  1.57e+02)
55      0.100   2.74e-01   4.37e-01   2.33e-01   1.27e+00   0.00e+00 (  7.50e+01,  1.53e+02)
60      0.108   2.82e-01   4.57e-01   2.91e-01   1.43e+00   0.00e+00 (  6.48e+01,  1.47e+02)
65      0.124   2.93e-01   4.96e-01   3.39e-01   1.70e+00   0.00e+00 (  5.54e+01,  1.40e+02)
70      0.126   2.90e-01   5.03e-01   3.87e-01   1.77e+00   0.00e+00 (  4.68e+01,  1.31e+02)
75      0.129   2.89e-01   5.14e-01   4.37e-01   1.85e+00   0.00e+00 (  4.11e+01,  1.22e+02)
80      0.132   2.90e-01   5.33e-01   4.74e-01   1.92e+00   0.00e+00 (  3.77e+01,  1.14e+02)
85      0.133   2.85e-01   5.43e-01   4.79e-01   1.98e+00   0.00e+00 (  3.54e+01,  1.05e+02)
90      0.134   2.81e-01   5.23e-01   4.70e-01   2.18e+00   0.00e+00 (  3.27e+01,  9.76e+01)
95      2.150   4.97e+00   6.06e+00   4.23e+00   1.38e+02   0.00e+00 (  1.99e+03,  9.06e+01)
10 e: 7.002e-04 i: 1.927e-04 :: e: 1.914e-01 i: 1.882e-01 :: n: 2.762e+01 e:20.632 i:20.830 v:4.993e+03
>>> tau_he = 5.000000, nhe(0)=2.412207e+00
 5     -0.006   4.11e-03   2.46e-01   3.86e-03  -2.83e-02   0.00e+00 (  1.31e+00,  3.02e+01)
10     -0.006   1.83e-02   4.38e-02   1.98e-04  -3.45e-02   0.00e+00 (  1.02e+01,  5.91e+01)
15     -0.011   7.89e-02   4.03e-02   7.74e-03  -7.43e-02   0.00e+00 (  5.00e+01,  8.64e+01)
20      0.008   9.84e-02   6.95e-02   1.46e-02   6.17e-02   0.00e+00 (  6.50e+01,  1.07e+02)
25      0.019   1.40e-01   1.21e-01   3.50e-02   1.60e-01   0.00e+00 (  8.72e+01,  1.24e+02)
30      0.030   1.59e-01   1.52e-01   7.31e-02   2.84e-01   0.00e+00 (  8.67e+01,  1.38e+02)
35      0.045   1.74e-01   1.83e-01   9.80e-02   4.60e-01   0.00e+00 (  8.23e+01,  1.48e+02)
40      0.054   2.00e-01   2.30e-01   1.31e-01   5.94e-01   0.00e+00 (  8.32e+01,  1.55e+02)
45      0.071   2.22e-01   2.90e-01   1.46e-01   8.22e-01   0.00e+00 (  8.05e+01,  1.58e+02)
50      0.083   2.37e-01   3.25e-01   1.63e-01   1.01e+00   0.00e+00 (  7.21e+01,  1.57e+02)
55      0.096   2.59e-01   4.03e-01   2.19e-01   1.22e+00   0.00e+00 (  6.82e+01,  1.53e+02)
60      0.105   2.68e-01   4.28e-01   2.72e-01   1.39e+00   0.00e+00 (  5.94e+01,  1.47e+02)
65      0.123   2.83e-01   4.72e-01   3.24e-01   1.68e+00   0.00e+00 (  5.18e+01,  1.40e+02)
70      0.127   2.84e-01   4.90e-01   3.78e-01   1.78e+00   0.00e+00 (  4.46e+01,  1.31e+02)
75      0.132   2.87e-01   5.09e-01   4.34e-01   1.89e+00   0.00e+00 (  3.98e+01,  1.22e+02)
80      0.136   2.91e-01   5.35e-01   4.75e-01   1.98e+00   0.00e+00 (  3.68e+01,  1.14e+02)
85      0.138   2.88e-01   5.49e-01   4.84e-01   2.05e+00   0.00e+00 (  3.46e+01,  1.05e+02)
90      0.144   2.97e-01   5.57e-01   4.96e-01   2.34e+00   0.00e+00 (  3.33e+01,  9.76e+01)
95      2.147   4.98e+00   6.05e+00   4.23e+00   1.38e+02   0.00e+00 (  1.98e+03,  9.06e+01)
11 e: 5.650e-05 i: 3.878e-04 :: e: 1.968e-01 i: 1.873e-01 :: n: 2.762e+01 e:19.983 i:20.591 v:4.993e+03
>>> tau_he = 5.000000, nhe(0)=2.363223e+00
 5     -0.006   3.89e-03   2.33e-01   3.80e-03  -2.68e-02   0.00e+00 (  1.23e+00,  3.02e+01)
10     -0.006   1.77e-02   4.37e-02   1.80e-04  -3.32e-02   0.00e+00 (  9.81e+00,  5.91e+01)
15     -0.008   7.62e-02   4.22e-02   8.65e-03  -5.57e-02   0.00e+00 (  4.77e+01,  8.64e+01)
20      0.017   1.05e-01   8.43e-02   1.55e-02   1.31e-01   0.00e+00 (  6.80e+01,  1.07e+02)
25      0.020   1.37e-01   1.23e-01   3.76e-02   1.69e-01   0.00e+00 (  8.35e+01,  1.24e+02)
30      0.030   1.57e-01   1.55e-01   7.76e-02   2.86e-01   0.00e+00 (  8.47e+01,  1.38e+02)
35      0.045   1.74e-01   1.89e-01   1.03e-01   4.62e-01   0.00e+00 (  8.17e+01,  1.48e+02)
40      0.055   2.00e-01   2.39e-01   1.38e-01   6.01e-01   0.00e+00 (  8.30e+01,  1.55e+02)
45      0.071   2.22e-01   2.99e-01   1.50e-01   8.24e-01   0.00e+00 (  8.05e+01,  1.58e+02)
50      0.083   2.39e-01   3.37e-01   1.68e-01   1.02e+00   0.00e+00 (  7.27e+01,  1.57e+02)
55      0.095   2.60e-01   4.11e-01   2.25e-01   1.21e+00   0.00e+00 (  6.86e+01,  1.53e+02)
60      0.102   2.68e-01   4.33e-01   2.71e-01   1.36e+00   0.00e+00 (  5.99e+01,  1.47e+02)
65      0.121   2.85e-01   4.79e-01   3.29e-01   1.66e+00   0.00e+00 (  5.28e+01,  1.40e+02)
70      0.125   2.86e-01   4.96e-01   3.83e-01   1.76e+00   0.00e+00 (  4.58e+01,  1.31e+02)
75      0.130   2.88e-01   5.12e-01   4.36e-01   1.86e+00   0.00e+00 (  4.07e+01,  1.22e+02)
80      0.132   2.88e-01   5.30e-01   4.71e-01   1.93e+00   0.00e+00 (  3.71e+01,  1.14e+02)
85      0.132   2.82e-01   5.34e-01   4.72e-01   1.97e+00   0.00e+00 (  3.44e+01,  1.05e+02)
90      0.132   2.76e-01   5.10e-01   4.58e-01   2.15e+00   0.00e+00 (  3.14e+01,  9.76e+01)
95      2.149   4.98e+00   6.06e+00   4.23e+00   1.38e+02   0.00e+00 (  1.98e+03,  9.06e+01)
12 e: 3.690e-04 i: 8.218e-05 :: e: 1.821e-01 i: 1.724e-01 :: n: 2.762e+01 e:19.936 i:20.127 v:4.993e+03
>>> tau_he = 5.000000, nhe(0)=2.354038e+00
 5     -0.006   3.84e-03   2.30e-01   3.71e-03  -2.62e-02   0.00e+00 (  1.19e+00,  3.02e+01)
10     -0.005   1.64e-02   4.04e-02   4.07e-04  -2.77e-02   0.00e+00 (  8.87e+00,  5.91e+01)
15     -0.011   7.25e-02   3.74e-02   9.03e-03  -7.23e-02   0.00e+00 (  4.40e+01,  8.64e+01)
20     -0.001   9.89e-02   7.79e-02   1.29e-02  -6.05e-03   0.00e+00 (  6.21e+01,  1.07e+02)
25      0.021   1.31e-01   1.13e-01   3.60e-02   1.78e-01   0.00e+00 (  7.71e+01,  1.24e+02)
30      0.036   1.52e-01   1.40e-01   6.90e-02   3.43e-01   0.00e+00 (  7.94e+01,  1.38e+02)
35      0.044   1.68e-01   1.77e-01   9.71e-02   4.52e-01   0.00e+00 (  7.72e+01,  1.48e+02)
40      0.053   1.93e-01   2.23e-01   1.27e-01   5.84e-01   0.00e+00 (  7.81e+01,  1.55e+02)
45      0.068   2.14e-01   2.77e-01   1.46e-01   7.90e-01   0.00e+00 (  7.52e+01,  1.58e+02)
50      0.080   2.29e-01   3.14e-01   1.59e-01   9.82e-01   0.00e+00 (  6.78e+01,  1.57e+02)
55      0.092   2.49e-01   3.85e-01   2.15e-01   1.18e+00   0.00e+00 (  6.40e+01,  1.53e+02)
60      0.101   2.59e-01   4.12e-01   2.59e-01   1.33e+00   0.00e+00 (  5.62e+01,  1.47e+02)
65      0.121   2.77e-01   4.62e-01   3.18e-01   1.65e+00   0.00e+00 (  5.02e+01,  1.40e+02)
70      0.126   2.82e-01   4.86e-01   3.76e-01   1.77e+00   0.00e+00 (  4.41e+01,  1.31e+02)
75      0.132   2.87e-01   5.09e-01   4.34e-01   1.89e+00   0.00e+00 (  3.96e+01,  1.22e+02)
80      0.135   2.89e-01   5.32e-01   4.73e-01   1.98e+00   0.00e+00 (  3.64e+01,  1.14e+02)
85      0.136   2.84e-01   5.40e-01   4.76e-01   2.03e+00   0.00e+00 (  3.37e+01,  1.05e+02)
90      0.142   2.92e-01   5.43e-01   4.84e-01   2.31e+00   0.00e+00 (  3.22e+01,  9.76e+01)
95      2.147   4.98e+00   6.05e+00   4.23e+00   1.38e+02   0.00e+00 (  1.98e+03,  9.06e+01)
13 e: 6.065e-05 i: 1.872e-04 :: e: 1.715e-01 i: 1.653e-01 :: n: 2.762e+01 e:19.479 i:20.039 v:4.993e+03
>>> tau_he = 5.000000, nhe(0)=2.319835e+00
 5     -0.006   3.69e-03   2.21e-01   3.67e-03  -2.52e-02   0.00e+00 (  1.15e+00,  3.02e+01)
10     -0.005   1.63e-02   4.10e-02   4.36e-04  -2.72e-02   0.00e+00 (  8.76e+00,  5.91e+01)
15     -0.009   7.16e-02   3.93e-02   9.63e-03  -6.23e-02   0.00e+00 (  4.32e+01,  8.64e+01)
20      0.000   9.72e-02   7.97e-02   1.43e-02   2.30e-03   0.00e+00 (  6.05e+01,  1.07e+02)
25      0.021   1.29e-01   1.16e-01   3.82e-02   1.80e-01   0.00e+00 (  7.56e+01,  1.24e+02)
30      0.036   1.51e-01   1.45e-01   7.15e-02   3.43e-01   0.00e+00 (  7.87e+01,  1.38e+02)
35      0.044   1.70e-01   1.84e-01   1.02e-01   4.54e-01   0.00e+00 (  7.81e+01,  1.48e+02)
40      0.054   1.95e-01   2.32e-01   1.34e-01   5.90e-01   0.00e+00 (  7.94e+01,  1.55e+02)
45      0.069   2.16e-01   2.88e-01   1.50e-01   7.97e-01   0.00e+00 (  7.67e+01,  1.58e+02)
50      0.081   2.33e-01   3.28e-01   1.65e-01   9.94e-01   0.00e+00 (  6.97e+01,  1.57e+02)
55      0.092   2.53e-01   3.96e-01   2.21e-01   1.17e+00   0.00e+00 (  6.56e+01,  1.53e+02)
60      0.100   2.62e-01   4.25e-01   2.61e-01   1.32e+00   0.00e+00 (  5.77e+01,  1.47e+02)
65      0.120   2.82e-01   4.73e-01   3.24e-01   1.65e+00   0.00e+00 (  5.19e+01,  1.40e+02)
70      0.126   2.85e-01   4.95e-01   3.82e-01   1.76e+00   0.00e+00 (  4.55e+01,  1.31e+02)
75      0.130   2.88e-01   5.13e-01   4.37e-01   1.87e+00   0.00e+00 (  4.06e+01,  1.22e+02)
80      0.132   2.87e-01   5.29e-01   4.71e-01   1.93e+00   0.00e+00 (  3.69e+01,  1.14e+02)
85      0.132   2.79e-01   5.29e-01   4.67e-01   1.96e+00   0.00e+00 (  3.37e+01,  1.05e+02)
90      0.130   2.71e-01   4.98e-01   4.46e-01   2.12e+00   0.00e+00 (  3.03e+01,  9.76e+01)
95      2.149   4.98e+00   6.06e+00   4.23e+00   1.38e+02   0.00e+00 (  1.98e+03,  9.06e+01)
14 e: 1.853e-04 i: 6.165e-05 :: e: 1.542e-01 i: 1.475e-01 :: n: 2.762e+01 e:19.542 i:19.728 v:4.993e+03
>>> tau_he = 5.000000, nhe(0)=2.322242e+00
 5     -0.006   3.70e-03   2.21e-01   3.62e-03  -2.49e-02   0.00e+00 (  1.13e+00,  3.02e+01)
10     -0.005   1.53e-02   3.82e-02   3.05e-04  -2.52e-02   0.00e+00 (  8.11e+00,  5.91e+01)
15     -0.007   6.93e-02   3.50e-02   9.51e-03  -4.72e-02   0.00e+00 (  4.09e+01,  8.64e+01)
20      0.002   9.40e-02   7.35e-02   1.68e-02   1.35e-02   0.00e+00 (  5.71e+01,  1.07e+02)
25      0.021   1.26e-01   1.09e-01   3.65e-02   1.83e-01   0.00e+00 (  7.18e+01,  1.24e+02)
30      0.039   1.54e-01   1.54e-01   6.74e-02   3.72e-01   0.00e+00 (  7.87e+01,  1.38e+02)
35      0.043   1.66e-01   1.74e-01   9.59e-02   4.43e-01   0.00e+00 (  7.51e+01,  1.48e+02)
40      0.053   1.91e-01   2.19e-01   1.24e-01   5.78e-01   0.00e+00 (  7.62e+01,  1.55e+02)
45      0.066   2.10e-01   2.71e-01   1.46e-01   7.72e-01   0.00e+00 (  7.32e+01,  1.58e+02)
50      0.079   2.26e-01   3.10e-01   1.59e-01   9.71e-01   0.00e+00 (  6.67e+01,  1.57e+02)
55      0.090   2.46e-01   3.77e-01   2.13e-01   1.15e+00   0.00e+00 (  6.25e+01,  1.53e+02)
60      0.099   2.56e-01   4.09e-01   2.52e-01   1.31e+00   0.00e+00 (  5.53e+01,  1.47e+02)
65      0.121   2.77e-01   4.61e-01   3.17e-01   1.65e+00   0.00e+00 (  5.02e+01,  1.40e+02)
70      0.127   2.84e-01   4.90e-01   3.78e-01   1.79e+00   0.00e+00 (  4.45e+01,  1.31e+02)
75      0.133   2.89e-01   5.13e-01   4.37e-01   1.91e+00   0.00e+00 (  4.00e+01,  1.22e+02)
80      0.136   2.90e-01   5.34e-01   4.75e-01   1.99e+00   0.00e+00 (  3.65e+01,  1.14e+02)
85      0.136   2.83e-01   5.37e-01   4.74e-01   2.02e+00   0.00e+00 (  3.34e+01,  1.05e+02)
90      0.141   2.90e-01   5.37e-01   4.79e-01   2.29e+00   0.00e+00 (  3.16e+01,  9.76e+01)
95      2.146   4.98e+00   6.05e+00   4.23e+00   1.38e+02   0.00e+00 (  1.97e+03,  9.06e+01)
15 e: 9.409e-05 i: 8.408e-05 :: e: 1.396e-01 i: 1.387e-01 :: n: 2.762e+01 e:19.223 i:19.747 v:4.993e+03
>>> tau_he = 5.000000, nhe(0)=2.299582e+00
 5     -0.006   3.61e-03   2.16e-01   3.60e-03  -2.43e-02   0.00e+00 (  1.11e+00,  3.02e+01)
10     -0.005   1.55e-02   3.92e-02   3.60e-04  -2.52e-02   0.00e+00 (  8.19e+00,  5.91e+01)
15     -0.007   6.93e-02   3.72e-02   9.94e-03  -4.38e-02   0.00e+00 (  4.09e+01,  8.64e+01)
20      0.002   9.35e-02   7.60e-02   1.81e-02   1.67e-02   0.00e+00 (  5.68e+01,  1.07e+02)
25      0.022   1.25e-01   1.12e-01   3.84e-02   1.85e-01   0.00e+00 (  7.17e+01,  1.24e+02)
30      0.039   1.54e-01   1.59e-01   7.06e-02   3.72e-01   0.00e+00 (  7.93e+01,  1.38e+02)
35      0.044   1.68e-01   1.81e-01   1.00e-01   4.46e-01   0.00e+00 (  7.69e+01,  1.48e+02)
40      0.053   1.94e-01   2.29e-01   1.30e-01   5.84e-01   0.00e+00 (  7.84e+01,  1.55e+02)
45      0.067   2.14e-01   2.83e-01   1.50e-01   7.84e-01   0.00e+00 (  7.57e+01,  1.58e+02)
50      0.081   2.32e-01   3.25e-01   1.64e-01   9.88e-01   0.00e+00 (  6.95e+01,  1.57e+02)
55      0.091   2.51e-01   3.90e-01   2.20e-01   1.16e+00   0.00e+00 (  6.50e+01,  1.53e+02)
60      0.099   2.61e-01   4.21e-01   2.59e-01   1.31e+00   0.00e+00 (  5.75e+01,  1.47e+02)
65      0.121   2.84e-01   4.76e-01   3.26e-01   1.66e+00   0.00e+00 (  5.25e+01,  1.40e+02)
70      0.127   2.89e-01   5.02e-01   3.87e-01   1.79e+00   0.00e+00 (  4.63e+01,  1.31e+02)
75      0.132   2.92e-01   5.21e-01   4.43e-01   1.89e+00   0.00e+00 (  4.14e+01,  1.22e+02)
80      0.134   2.91e-01   5.36e-01   4.76e-01   1.95e+00   0.00e+00 (  3.74e+01,  1.14e+02)
85      0.133   2.80e-01   5.31e-01   4.69e-01   1.97e+00   0.00e+00 (  3.38e+01,  1.05e+02)
90      0.131   2.71e-01   4.97e-01   4.45e-01   2.13e+00   0.00e+00 (  3.01e+01,  9.76e+01)
95      2.149   4.98e+00   6.06e+00   4.23e+00   1.38e+02   0.00e+00 (  1.98e+03,  9.06e+01)
16 e: 8.985e-05 i: 7.721e-05 :: e: 1.216e-01 i: 1.198e-01 :: n: 2.762e+01 e:19.365 i:19.545 v:4.993e+03
>>> tau_he = 5.000000, nhe(0)=2.309997e+00
 5     -0.006   3.65e-03   2.18e-01   3.57e-03  -2.43e-02   0.00e+00 (  1.10e+00,  3.02e+01)
10     -0.004   1.48e-02   3.71e-02   2.52e-04  -2.38e-02   0.00e+00 (  7.74e+00,  5.91e+01)
15     -0.005   6.79e-02   3.35e-02   9.58e-03  -3.59e-02   0.00e+00 (  3.95e+01,  8.64e+01)
20      0.003   9.13e-02   7.07e-02   2.10e-02   1.99e-02   0.00e+00 (  5.44e+01,  1.07e+02)
25      0.022   1.23e-01   1.06e-01   3.67e-02   1.87e-01   0.00e+00 (  6.92e+01,  1.24e+02)
30      0.039   1.53e-01   1.50e-01   6.65e-02   3.67e-01   0.00e+00 (  7.72e+01,  1.38e+02)
35      0.043   1.66e-01   1.72e-01   9.47e-02   4.39e-01   0.00e+00 (  7.49e+01,  1.48e+02)
40      0.052   1.91e-01   2.18e-01   1.21e-01   5.75e-01   0.00e+00 (  7.63e+01,  1.55e+02)
45      0.071   2.13e-01   2.66e-01   1.45e-01   8.25e-01   0.00e+00 (  7.44e+01,  1.58e+02)
50      0.079   2.28e-01   3.11e-01   1.59e-01   9.73e-01   0.00e+00 (  6.75e+01,  1.57e+02)
55      0.090   2.46e-01   3.75e-01   2.13e-01   1.15e+00   0.00e+00 (  6.30e+01,  1.53e+02)
60      0.099   2.57e-01   4.08e-01   2.52e-01   1.31e+00   0.00e+00 (  5.60e+01,  1.47e+02)
65      0.122   2.82e-01   4.68e-01   3.22e-01   1.67e+00   0.00e+00 (  5.15e+01,  1.40e+02)
70      0.130   2.89e-01   5.00e-01   3.86e-01   1.82e+00   0.00e+00 (  4.59e+01,  1.31e+02)
75      0.136   2.95e-01   5.25e-01   4.46e-01   1.94e+00   0.00e+00 (  4.13e+01,  1.22e+02)
80      0.138   2.95e-01   5.44e-01   4.83e-01   2.02e+00   0.00e+00 (  3.75e+01,  1.14e+02)
85      0.138   2.86e-01   5.44e-01   4.79e-01   2.04e+00   0.00e+00 (  3.39e+01,  1.05e+02)
90      0.142   2.92e-01   5.41e-01   4.82e-01   2.31e+00   0.00e+00 (  3.18e+01,  9.76e+01)
95      2.146   4.98e+00   6.05e+00   4.23e+00   1.38e+02   0.00e+00 (  1.97e+03,  9.06e+01)
17 e: 1.323e-04 i: 3.272e-05 :: e: 1.074e-01 i: 1.079e-01 :: n: 2.762e+01 e:19.143 i:19.636 v:4.993e+03
>>> tau_he = 5.000000, nhe(0)=2.296206e+00
 5     -0.005   3.59e-03   2.14e-01   3.58e-03  -2.39e-02   0.00e+00 (  1.09e+00,  3.02e+01)
10     -0.004   1.51e-02   3.83e-02   3.17e-04  -2.40e-02   0.00e+00 (  7.92e+00,  5.91e+01)
15     -0.005   6.85e-02   3.57e-02   9.98e-03  -3.56e-02   0.00e+00 (  4.00e+01,  8.64e+01)
20      0.003   9.15e-02   7.34e-02   2.23e-02   2.04e-02   0.00e+00 (  5.48e+01,  1.07e+02)
25      0.022   1.24e-01   1.09e-01   3.83e-02   1.88e-01   0.00e+00 (  6.98e+01,  1.24e+02)
30      0.039   1.54e-01   1.55e-01   6.94e-02   3.69e-01   0.00e+00 (  7.84e+01,  1.38e+02)
35      0.043   1.69e-01   1.79e-01   9.86e-02   4.43e-01   0.00e+00 (  7.73e+01,  1.48e+02)
40      0.053   1.95e-01   2.27e-01   1.27e-01   5.82e-01   0.00e+00 (  7.90e+01,  1.55e+02)
45      0.068   2.15e-01   2.79e-01   1.48e-01   7.87e-01   0.00e+00 (  7.61e+01,  1.58e+02)
50      0.081   2.35e-01   3.26e-01   1.65e-01   9.94e-01   0.00e+00 (  7.08e+01,  1.57e+02)
55      0.091   2.53e-01   3.90e-01   2.19e-01   1.16e+00   0.00e+00 (  6.60e+01,  1.53e+02)
60      0.099   2.64e-01   4.22e-01   2.60e-01   1.32e+00   0.00e+00 (  5.88e+01,  1.47e+02)
65      0.124   2.90e-01   4.86e-01   3.33e-01   1.69e+00   0.00e+00 (  5.43e+01,  1.40e+02)
70      0.130   2.97e-01   5.15e-01   3.96e-01   1.83e+00   0.00e+00 (  4.82e+01,  1.31e+02)
75      0.135   3.00e-01   5.36e-01   4.54e-01   1.94e+00   0.00e+00 (  4.31e+01,  1.22e+02)
80      0.137   2.98e-01   5.50e-01   4.87e-01   2.00e+00   0.00e+00 (  3.88e+01,  1.14e+02)
85      0.135   2.85e-01   5.43e-01   4.78e-01   2.01e+00   0.00e+00 (  3.46e+01,  1.05e+02)
90      0.133   2.77e-01   5.09e-01   4.58e-01   2.17e+00   0.00e+00 (  3.08e+01,  9.76e+01)
95      2.148   4.98e+00   6.05e+00   4.23e+00   1.38e+02   0.00e+00 (  1.98e+03,  9.06e+01)
18 e: 3.958e-05 i: 9.861e-05 :: e: 8.980e-02 i: 8.844e-02 :: n: 2.762e+01 e:19.338 i:19.514 v:4.993e+03
>>> tau_he = 5.000000, nhe(0)=2.312513e+00
 5     -0.006   3.66e-03   2.18e-01   3.57e-03  -2.41e-02   0.00e+00 (  1.10e+00,  3.02e+01)
10     -0.004   1.46e-02   3.66e-02   2.15e-04  -2.30e-02   0.00e+00 (  7.58e+00,  5.91e+01)
15     -0.005   6.77e-02   3.25e-02   9.63e-03  -3.00e-02   0.00e+00 (  3.90e+01,  8.64e+01)
20      0.003   9.06e-02   6.91e-02   2.10e-02   2.64e-02   0.00e+00 (  5.35e+01,  1.07e+02)
25      0.028   1.21e-01   1.01e-01   3.52e-02   2.43e-01   0.00e+00 (  6.72e+01,  1.24e+02)
30      0.039   1.52e-01   1.47e-01   6.55e-02   3.65e-01   0.00e+00 (  7.68e+01,  1.38e+02)
35      0.043   1.68e-01   1.71e-01   9.36e-02   4.38e-01   0.00e+00 (  7.60e+01,  1.48e+02)
40      0.052   1.93e-01   2.18e-01   1.19e-01   5.74e-01   0.00e+00 (  7.77e+01,  1.55e+02)
45      0.071   2.16e-01   2.66e-01   1.46e-01   8.25e-01   0.00e+00 (  7.59e+01,  1.58e+02)
50      0.080   2.32e-01   3.14e-01   1.60e-01   9.82e-01   0.00e+00 (  6.96e+01,  1.57e+02)
55      0.090   2.50e-01   3.78e-01   2.14e-01   1.15e+00   0.00e+00 (  6.48e+01,  1.53e+02)
60      0.100   2.62e-01   4.10e-01   2.57e-01   1.32e+00   0.00e+00 (  5.79e+01,  1.47e+02)
65      0.125   2.90e-01   4.81e-01   3.30e-01   1.71e+00   0.00e+00 (  5.38e+01,  1.40e+02)
70      0.133   2.98e-01   5.16e-01   3.97e-01   1.87e+00   0.00e+00 (  4.81e+01,  1.31e+02)
75      0.139   3.04e-01   5.42e-01   4.59e-01   2.00e+00   0.00e+00 (  4.33e+01,  1.22e+02)
80      0.142   3.04e-01   5.62e-01   4.97e-01   2.07e+00   0.00e+00 (  3.92e+01,  1.14e+02)
85      0.141   2.92e-01   5.59e-01   4.92e-01   2.09e+00   0.00e+00 (  3.51e+01,  1.05e+02)
90      0.144   2.96e-01   5.53e-01   4.92e-01   2.35e+00   0.00e+00 (  3.26e+01,  9.76e+01)
95      2.146   4.98e+00   6.04e+00   4.23e+00   1.38e+02   0.00e+00 (  1.97e+03,  9.06e+01)
19 e: 1.642e-04 i: 9.763e-06 :: e: 7.660e-02 i: 7.702e-02 :: n: 2.762e+01 e:19.188 i:19.658 v:4.993e+03
>>> tau_he = 5.000000, nhe(0)=2.305627e+00
 5     -0.005   3.63e-03   2.16e-01   3.59e-03  -2.39e-02   0.00e+00 (  1.10e+00,  3.02e+01)
10     -0.004   1.50e-02   3.79e-02   2.81e-04  -2.34e-02   0.00e+00 (  7.83e+00,  5.91e+01)
15     -0.005   6.87e-02   3.46e-02   9.98e-03  -3.09e-02   0.00e+00 (  3.98e+01,  8.64e+01)
20      0.003   9.14e-02   7.19e-02   2.21e-02   2.55e-02   0.00e+00 (  5.43e+01,  1.07e+02)
25      0.031   1.22e-01   1.05e-01   3.61e-02   2.66e-01   0.00e+00 (  6.85e+01,  1.24e+02)
30      0.039   1.55e-01   1.53e-01   6.83e-02   3.68e-01   0.00e+00 (  7.89e+01,  1.38e+02)
35      0.043   1.71e-01   1.78e-01   9.73e-02   4.42e-01   0.00e+00 (  7.88e+01,  1.48e+02)
40      0.053   1.98e-01   2.27e-01   1.24e-01   5.82e-01   0.00e+00 (  8.09e+01,  1.55e+02)
45      0.068   2.18e-01   2.79e-01   1.49e-01   7.88e-01   0.00e+00 (  7.80e+01,  1.58e+02)
50      0.082   2.40e-01   3.30e-01   1.67e-01   1.01e+00   0.00e+00 (  7.37e+01,  1.57e+02)
55      0.091   2.58e-01   3.93e-01   2.20e-01   1.17e+00   0.00e+00 (  6.82e+01,  1.53e+02)
60      0.101   2.70e-01   4.25e-01   2.66e-01   1.34e+00   0.00e+00 (  6.12e+01,  1.47e+02)
65      0.127   2.99e-01   5.01e-01   3.42e-01   1.74e+00   0.00e+00 (  5.70e+01,  1.40e+02)
70      0.134   3.07e-01   5.33e-01   4.09e-01   1.88e+00   0.00e+00 (  5.07e+01,  1.31e+02)
75      0.140   3.11e-01   5.56e-01   4.69e-01   2.00e+00   0.00e+00 (  4.55e+01,  1.22e+02)
80      0.141   3.08e-01   5.70e-01   5.03e-01   2.06e+00   0.00e+00 (  4.09e+01,  1.14e+02)
85      0.139   2.93e-01   5.62e-01   4.94e-01   2.06e+00   0.00e+00 (  3.62e+01,  1.05e+02)
90      0.141   2.94e-01   5.50e-01   4.89e-01   2.31e+00   0.00e+00 (  3.31e+01,  9.76e+01)
95      2.148   4.98e+00   6.05e+00   4.23e+00   1.38e+02   0.00e+00 (  1.98e+03,  9.06e+01)
20 e: 1.560e-05 i: 1.167e-04 :: e: 5.737e-02 i: 5.561e-02 :: n: 2.762e+01 e:19.421 i:19.598 v:4.993e+03
>>> tau_he = 5.000000, nhe(0)=2.326056e+00
 5     -0.006   3.72e-03   2.22e-01   3.59e-03  -2.42e-02   0.00e+00 (  1.12e+00,  3.02e+01)
10     -0.004   1.46e-02   3.64e-02   1.86e-04  -2.27e-02   0.00e+00 (  7.58e+00,  5.91e+01)
15     -0.004   6.83e-02   3.17e-02   9.65e-03  -2.68e-02   0.00e+00 (  3.93e+01,  8.64e+01)
20      0.004   9.10e-02   6.82e-02   2.08e-02   2.96e-02   0.00e+00 (  5.36e+01,  1.07e+02)
25      0.029   1.21e-01   1.01e-01   3.50e-02   2.46e-01   0.00e+00 (  6.76e+01,  1.24e+02)
30      0.039   1.54e-01   1.46e-01   6.47e-02   3.66e-01   0.00e+00 (  7.80e+01,  1.38e+02)
35      0.043   1.70e-01   1.71e-01   9.27e-02   4.38e-01   0.00e+00 (  7.81e+01,  1.48e+02)
40      0.052   1.97e-01   2.19e-01   1.17e-01   5.75e-01   0.00e+00 (  8.02e+01,  1.55e+02)
45      0.067   2.16e-01   2.68e-01   1.46e-01   7.75e-01   0.00e+00 (  7.71e+01,  1.58e+02)
50      0.082   2.39e-01   3.19e-01   1.63e-01   9.99e-01   0.00e+00 (  7.30e+01,  1.57e+02)
55      0.091   2.56e-01   3.83e-01   2.15e-01   1.17e+00   0.00e+00 (  6.76e+01,  1.53e+02)
60      0.102   2.70e-01   4.18e-01   2.62e-01   1.35e+00   0.00e+00 (  6.09e+01,  1.47e+02)
65      0.129   3.00e-01   4.98e-01   3.41e-01   1.77e+00   0.00e+00 (  5.70e+01,  1.40e+02)
70      0.137   3.09e-01   5.36e-01   4.11e-01   1.93e+00   0.00e+00 (  5.10e+01,  1.31e+02)
75      0.144   3.16e-01   5.65e-01   4.76e-01   2.06e+00   0.00e+00 (  4.61e+01,  1.22e+02)
80      0.147   3.15e-01   5.85e-01   5.15e-01   2.14e+00   0.00e+00 (  4.16e+01,  1.14e+02)
85      0.145   3.01e-01   5.81e-01   5.09e-01   2.15e+00   0.00e+00 (  3.69e+01,  1.05e+02)
90      0.147   3.03e-01   5.71e-01   5.07e-01   2.40e+00   0.00e+00 (  3.39e+01,  9.76e+01)
95      2.145   4.97e+00   6.04e+00   4.23e+00   1.38e+02   0.00e+00 (  1.98e+03,  9.06e+01)
21 e: 1.834e-04 i: 2.514e-06 :: e: 4.731e-02 i: 4.791e-02 :: n: 2.762e+01 e:19.326 i:19.780 v:4.993e+03
>>> tau_he = 5.000000, nhe(0)=2.324095e+00
 5     -0.006   3.72e-03   2.21e-01   3.63e-03  -2.41e-02   0.00e+00 (  1.12e+00,  3.02e+01)
10     -0.004   1.51e-02   3.78e-02   2.48e-04  -2.32e-02   0.00e+00 (  7.87e+00,  5.91e+01)
15     -0.004   6.97e-02   3.38e-02   9.94e-03  -2.82e-02   0.00e+00 (  4.04e+01,  8.64e+01)
20      0.002   9.11e-02   7.11e-02   2.20e-02   1.56e-02   0.00e+00 (  5.42e+01,  1.07e+02)
25      0.029   1.23e-01   1.05e-01   3.59e-02   2.48e-01   0.00e+00 (  6.93e+01,  1.24e+02)
30      0.039   1.57e-01   1.52e-01   6.72e-02   3.69e-01   0.00e+00 (  8.04e+01,  1.38e+02)
35      0.043   1.74e-01   1.79e-01   9.62e-02   4.43e-01   0.00e+00 (  8.12e+01,  1.48e+02)
40      0.053   2.01e-01   2.28e-01   1.22e-01   5.84e-01   0.00e+00 (  8.37e+01,  1.55e+02)
45      0.068   2.22e-01   2.81e-01   1.50e-01   7.93e-01   0.00e+00 (  8.09e+01,  1.58e+02)
50      0.084   2.47e-01   3.35e-01   1.68e-01   1.02e+00   0.00e+00 (  7.71e+01,  1.57e+02)
55      0.093   2.64e-01   3.99e-01   2.22e-01   1.18e+00   0.00e+00 (  7.14e+01,  1.53e+02)
60      0.103   2.79e-01   4.34e-01   2.72e-01   1.36e+00   0.00e+00 (  6.44e+01,  1.47e+02)
65      0.131   3.10e-01   5.19e-01   3.54e-01   1.79e+00   0.00e+00 (  6.04e+01,  1.40e+02)
70      0.139   3.19e-01   5.54e-01   4.24e-01   1.95e+00   0.00e+00 (  5.39e+01,  1.31e+02)
75      0.145   3.23e-01   5.80e-01   4.87e-01   2.08e+00   0.00e+00 (  4.84e+01,  1.22e+02)
80      0.146   3.21e-01   5.96e-01   5.22e-01   2.14e+00   0.00e+00 (  4.35e+01,  1.14e+02)
85      0.143   3.02e-01   5.86e-01   5.14e-01   2.13e+00   0.00e+00 (  3.81e+01,  1.05e+02)
90      0.145   3.01e-01   5.70e-01   5.06e-01   2.37e+00   0.00e+00 (  3.46e+01,  9.76e+01)
95      2.147   4.97e+00   6.05e+00   4.23e+00   1.38e+02   0.00e+00 (  1.98e+03,  9.06e+01)
22 e: 5.801e-06 i: 1.262e-04 :: e: 2.973e-02 i: 2.837e-02 :: n: 2.762e+01 e:19.583 i:19.764 v:4.993e+03
>>> tau_he = 5.000000, nhe(0)=2.346714e+00
 5     -0.006   3.81e-03   2.27e-01   3.64e-03  -2.46e-02   0.00e+00 (  1.15e+00,  3.02e+01)
10     -0.004   1.48e-02   3.66e-02   1.67e-04  -2.27e-02   0.00e+00 (  7.68e+00,  5.91e+01)
15     -0.004   6.96e-02   3.12e-02   9.65e-03  -2.51e-02   0.00e+00 (  4.01e+01,  8.64e+01)
20      0.004   9.22e-02   6.78e-02   2.06e-02   3.04e-02   0.00e+00 (  5.45e+01,  1.07e+02)
25      0.029   1.23e-01   1.01e-01   3.47e-02   2.49e-01   0.00e+00 (  6.89e+01,  1.24e+02)
30      0.039   1.57e-01   1.46e-01   6.39e-02   3.68e-01   0.00e+00 (  8.00e+01,  1.38e+02)
35      0.043   1.74e-01   1.72e-01   9.20e-02   4.40e-01   0.00e+00 (  8.09e+01,  1.48e+02)
40      0.053   2.01e-01   2.20e-01   1.16e-01   5.78e-01   0.00e+00 (  8.34e+01,  1.55e+02)
45      0.067   2.21e-01   2.71e-01   1.47e-01   7.82e-01   0.00e+00 (  8.04e+01,  1.58e+02)
50      0.083   2.46e-01   3.25e-01   1.64e-01   1.02e+00   0.00e+00 (  7.67e+01,  1.57e+02)
55      0.093   2.63e-01   3.91e-01   2.18e-01   1.18e+00   0.00e+00 (  7.10e+01,  1.53e+02)
60      0.104   2.79e-01   4.29e-01   2.69e-01   1.38e+00   0.00e+00 (  6.44e+01,  1.47e+02)
65      0.133   3.12e-01   5.18e-01   3.55e-01   1.82e+00   0.00e+00 (  6.06e+01,  1.40e+02)
70      0.142   3.22e-01   5.58e-01   4.27e-01   1.99e+00   0.00e+00 (  5.44e+01,  1.31e+02)
75      0.149   3.29e-01   5.89e-01   4.95e-01   2.14e+00   0.00e+00 (  4.92e+01,  1.22e+02)
80      0.152   3.28e-01   6.12e-01   5.35e-01   2.22e+00   0.00e+00 (  4.44e+01,  1.14e+02)
85      0.149   3.12e-01   6.06e-01   5.30e-01   2.21e+00   0.00e+00 (  3.92e+01,  1.05e+02)
90      0.151   3.11e-01   5.93e-01   5.25e-01   2.47e+00   0.00e+00 (  3.56e+01,  9.76e+01)
95      2.145   4.97e+00   6.04e+00   4.23e+00   1.38e+02   0.00e+00 (  1.98e+03,  9.06e+01)
23 e: 1.867e-04 i: 1.604e-06 :: e: 2.124e-02 i: 2.205e-02 :: n: 2.762e+01 e:19.525 i:19.968 v:4.993e+03
>>> tau_he = 5.000000, nhe(0)=2.347869e+00
 5     -0.006   3.82e-03   2.28e-01   3.69e-03  -2.46e-02   0.00e+00 (  1.16e+00,  3.02e+01)
10     -0.004   1.53e-02   3.80e-02   2.24e-04  -2.34e-02   0.00e+00 (  8.00e+00,  5.91e+01)
15     -0.005   7.11e-02   3.36e-02   9.77e-03  -3.50e-02   0.00e+00 (  4.13e+01,  8.64e+01)
20      0.002   9.03e-02   7.08e-02   2.15e-02   1.63e-02   0.00e+00 (  5.38e+01,  1.07e+02)
25      0.029   1.25e-01   1.05e-01   3.56e-02   2.51e-01   0.00e+00 (  7.08e+01,  1.24e+02)
30      0.040   1.61e-01   1.51e-01   6.82e-02   3.73e-01   0.00e+00 (  8.33e+01,  1.38e+02)
35      0.044   1.78e-01   1.80e-01   9.53e-02   4.46e-01   0.00e+00 (  8.41e+01,  1.48e+02)
40      0.054   2.06e-01   2.30e-01   1.20e-01   5.87e-01   0.00e+00 (  8.70e+01,  1.55e+02)
45      0.069   2.28e-01   2.84e-01   1.51e-01   8.01e-01   0.00e+00 (  8.46e+01,  1.58e+02)
50      0.083   2.52e-01   3.49e-01   1.72e-01   1.01e+00   0.00e+00 (  8.06e+01,  1.57e+02)
55      0.094   2.72e-01   4.07e-01   2.24e-01   1.20e+00   0.00e+00 (  7.50e+01,  1.53e+02)
60      0.106   2.89e-01   4.45e-01   2.82e-01   1.40e+00   0.00e+00 (  6.83e+01,  1.47e+02)
65      0.136   3.22e-01   5.39e-01   3.69e-01   1.85e+00   0.00e+00 (  6.42e+01,  1.40e+02)
70      0.144   3.32e-01   5.77e-01   4.40e-01   2.01e+00   0.00e+00 (  5.75e+01,  1.31e+02)
75      0.150   3.36e-01   6.05e-01   5.06e-01   2.15e+00   0.00e+00 (  5.16e+01,  1.22e+02)
80      0.152   3.35e-01   6.23e-01   5.43e-01   2.21e+00   0.00e+00 (  4.65e+01,  1.14e+02)
85      0.148   3.14e-01   6.13e-01   5.36e-01   2.20e+00   0.00e+00 (  4.06e+01,  1.05e+02)
90      0.150   3.10e-01   5.95e-01   5.27e-01   2.44e+00   0.00e+00 (  3.65e+01,  9.76e+01)
95      2.147   4.97e+00   6.04e+00   4.23e+00   1.38e+02   0.00e+00 (  1.99e+03,  9.06e+01)
24 e: 2.468e-06 i: 1.238e-04 :: e: 7.446e-03 i: 5.065e-03 :: n: 2.762e+01 e:19.791 i:19.981 v:4.993e+03
>>> tau_he = 5.000000, nhe(0)=2.370996e+00
 5     -0.006   3.93e-03   2.34e-01   3.71e-03  -2.50e-02   0.00e+00 (  1.19e+00,  3.02e+01)
10     -0.004   1.51e-02   3.69e-02   1.57e-04  -2.30e-02   0.00e+00 (  7.86e+00,  5.91e+01)
15     -0.004   7.13e-02   3.10e-02   9.65e-03  -2.42e-02   0.00e+00 (  4.12e+01,  8.64e+01)
20      0.002   9.29e-02   6.79e-02   2.05e-02   1.72e-02   0.00e+00 (  5.52e+01,  1.07e+02)
25      0.030   1.25e-01   1.01e-01   3.45e-02   2.53e-01   0.00e+00 (  7.07e+01,  1.24e+02)
30      0.040   1.61e-01   1.47e-01   6.53e-02   3.73e-01   0.00e+00 (  8.31e+01,  1.38e+02)
35      0.043   1.78e-01   1.74e-01   9.16e-02   4.44e-01   0.00e+00 (  8.41e+01,  1.48e+02)
40      0.053   2.06e-01   2.23e-01   1.15e-01   5.83e-01   0.00e+00 (  8.69e+01,  1.55e+02)
45      0.068   2.27e-01   2.75e-01   1.49e-01   7.92e-01   0.00e+00 (  8.44e+01,  1.58e+02)
50      0.082   2.52e-01   3.39e-01   1.69e-01   1.00e+00   0.00e+00 (  8.04e+01,  1.57e+02)
55      0.094   2.71e-01   3.99e-01   2.20e-01   1.20e+00   0.00e+00 (  7.49e+01,  1.53e+02)
60      0.107   2.89e-01   4.41e-01   2.81e-01   1.42e+00   0.00e+00 (  6.84e+01,  1.47e+02)
65      0.138   3.24e-01   5.38e-01   3.69e-01   1.88e+00   0.00e+00 (  6.45e+01,  1.40e+02)
70      0.147   3.35e-01   5.81e-01   4.42e-01   2.06e+00   0.00e+00 (  5.80e+01,  1.31e+02)
75      0.154   3.42e-01   6.15e-01   5.14e-01   2.21e+00   0.00e+00 (  5.24e+01,  1.22e+02)
80      0.157   3.42e-01   6.38e-01   5.54e-01   2.29e+00   0.00e+00 (  4.75e+01,  1.14e+02)
85      0.154   3.23e-01   6.33e-01   5.52e-01   2.29e+00   0.00e+00 (  4.16e+01,  1.05e+02)
90      0.157   3.22e-01   6.23e-01   5.51e-01   2.56e+00   0.00e+00 (  3.79e+01,  9.76e+01)
95      2.145   4.96e+00   6.03e+00   4.23e+00   1.38e+02   0.00e+00 (  1.98e+03,  9.06e+01)
25 e: 1.738e-04 i: 2.207e-06 :: e: 7.491e-03 i: 1.239e-02 :: n: 2.762e+01 e:19.755 i:20.194 v:4.993e+03
>>> tau_he = 5.000000, nhe(0)=2.373676e+00
 5     -0.006   3.95e-03   2.36e-01   3.76e-03  -2.52e-02   0.00e+00 (  1.20e+00,  3.02e+01)
10     -0.004   1.56e-02   3.83e-02   2.11e-04  -2.36e-02   0.00e+00 (  8.19e+00,  5.91e+01)
15     -0.005   7.29e-02   3.34e-02   9.74e-03  -3.42e-02   0.00e+00 (  4.25e+01,  8.64e+01)
20      0.002   9.22e-02   7.08e-02   2.11e-02   1.50e-02   0.00e+00 (  5.53e+01,  1.07e+02)
25      0.030   1.27e-01   1.05e-01   3.52e-02   2.56e-01   0.00e+00 (  7.26e+01,  1.24e+02)
30      0.040   1.64e-01   1.52e-01   6.76e-02   3.78e-01   0.00e+00 (  8.58e+01,  1.38e+02)
35      0.044   1.82e-01   1.81e-01   9.47e-02   4.50e-01   0.00e+00 (  8.73e+01,  1.48e+02)
40      0.054   2.11e-01   2.32e-01   1.19e-01   5.92e-01   0.00e+00 (  9.05e+01,  1.55e+02)
45      0.070   2.33e-01   2.87e-01   1.53e-01   8.11e-01   0.00e+00 (  8.84e+01,  1.58e+02)
50      0.102   2.87e-01   4.08e-01   1.92e-01   1.25e+00   0.00e+00 (  9.37e+01,  1.57e+02)
55      0.096   2.79e-01   4.15e-01   2.26e-01   1.22e+00   0.00e+00 (  7.88e+01,  1.53e+02)
60      0.109   2.99e-01   4.57e-01   2.92e-01   1.44e+00   0.00e+00 (  7.22e+01,  1.47e+02)
65      0.140   3.34e-01   5.58e-01   3.82e-01   1.91e+00   0.00e+00 (  6.81e+01,  1.40e+02)
70      0.148   3.44e-01   5.99e-01   4.55e-01   2.08e+00   0.00e+00 (  6.11e+01,  1.31e+02)
75      0.155   3.50e-01   6.31e-01   5.26e-01   2.23e+00   0.00e+00 (  5.50e+01,  1.22e+02)
80      0.157   3.49e-01   6.51e-01   5.64e-01   2.29e+00   0.00e+00 (  4.96e+01,  1.14e+02)
85      0.153   3.26e-01   6.41e-01   5.57e-01   2.27e+00   0.00e+00 (  4.31e+01,  1.05e+02)
90      0.155   3.22e-01   6.25e-01   5.54e-01   2.53e+00   0.00e+00 (  3.89e+01,  9.76e+01)
95      2.146   4.96e+00   6.04e+00   4.23e+00   1.38e+02   0.00e+00 (  1.99e+03,  9.06e+01)
26 e: 2.998e-06 i: 1.136e-04 :: e: 1.894e-02 i: 2.178e-02 :: n: 2.762e+01 e:20.017 i:20.221 v:4.993e+03
>>> tau_he = 5.000000, nhe(0)=2.395680e+00
 5     -0.006   4.05e-03   2.42e-01   3.78e-03  -2.57e-02   0.00e+00 (  1.23e+00,  3.02e+01)
10     -0.005   1.54e-02   3.69e-02  -2.71e-04  -2.61e-02   0.00e+00 (  8.08e+00,  5.91e+01)
15     -0.005   7.32e-02   3.13e-02   9.53e-03  -3.16e-02   0.00e+00 (  4.24e+01,  8.64e+01)
20      0.002   9.25e-02   6.84e-02   2.01e-02   1.62e-02   0.00e+00 (  5.53e+01,  1.07e+02)
25      0.030   1.28e-01   1.02e-01   3.43e-02   2.58e-01   0.00e+00 (  7.26e+01,  1.24e+02)
30      0.040   1.65e-01   1.48e-01   6.51e-02   3.79e-01   0.00e+00 (  8.57e+01,  1.38e+02)
35      0.044   1.82e-01   1.76e-01   9.15e-02   4.49e-01   0.00e+00 (  8.74e+01,  1.48e+02)
40      0.054   2.11e-01   2.26e-01   1.15e-01   5.90e-01   0.00e+00 (  9.06e+01,  1.55e+02)
45      0.069   2.33e-01   2.79e-01   1.51e-01   8.03e-01   0.00e+00 (  8.80e+01,  1.58e+02)
50      0.082   2.57e-01   3.42e-01   1.70e-01   1.01e+00   0.00e+00 (  8.35e+01,  1.57e+02)
55      0.096   2.79e-01   4.07e-01   2.23e-01   1.22e+00   0.00e+00 (  7.87e+01,  1.53e+02)
60      0.110   2.99e-01   4.54e-01   2.90e-01   1.46e+00   0.00e+00 (  7.25e+01,  1.47e+02)
65      0.142   3.36e-01   5.57e-01   3.82e-01   1.94e+00   0.00e+00 (  6.85e+01,  1.40e+02)
70      0.151   3.48e-01   6.03e-01   4.58e-01   2.12e+00   0.00e+00 (  6.16e+01,  1.31e+02)
75      0.159   3.56e-01   6.40e-01   5.33e-01   2.28e+00   0.00e+00 (  5.59e+01,  1.22e+02)
80      0.162   3.56e-01   6.65e-01   5.75e-01   2.37e+00   0.00e+00 (  5.06e+01,  1.14e+02)
85      0.158   3.34e-01   6.59e-01   5.73e-01   2.35e+00   0.00e+00 (  4.42e+01,  1.05e+02)
90      0.161   3.31e-01   6.47e-01   5.71e-01   2.62e+00   0.00e+00 (  3.99e+01,  9.76e+01)
95      2.145   4.95e+00   6.03e+00   4.23e+00   1.38e+02   0.00e+00 (  1.99e+03,  9.06e+01)
27 e: 1.457e-04 i: 2.347e-06 :: e: 1.868e-02 i: 2.249e-02 :: n: 2.762e+01 e:19.988 i:20.428 v:4.993e+03
>>> tau_he = 5.000000, nhe(0)=2.398350e+00
 5     -0.006   4.07e-03   2.43e-01   3.82e-03  -2.58e-02   0.00e+00 (  1.25e+00,  3.02e+01)
10     -0.005   1.58e-02   3.84e-02  -5.91e-04  -3.03e-02   0.00e+00 (  8.39e+00,  5.91e+01)
15     -0.005   7.47e-02   3.33e-02   9.66e-03  -3.46e-02   0.00e+00 (  4.37e+01,  8.64e+01)
20      0.002   9.43e-02   7.10e-02   2.06e-02   1.30e-02   0.00e+00 (  5.69e+01,  1.07e+02)
25      0.033   1.30e-01   1.05e-01   3.47e-02   2.83e-01   0.00e+00 (  7.46e+01,  1.24e+02)
30      0.041   1.67e-01   1.53e-01   6.72e-02   3.84e-01   0.00e+00 (  8.82e+01,  1.38e+02)
35      0.044   1.86e-01   1.83e-01   9.43e-02   4.55e-01   0.00e+00 (  9.03e+01,  1.48e+02)
40      0.054   2.15e-01   2.35e-01   1.19e-01   5.98e-01   0.00e+00 (  9.39e+01,  1.55e+02)
45      0.070   2.39e-01   2.93e-01   1.57e-01   8.12e-01   0.00e+00 (  9.20e+01,  1.58e+02)
50      0.103   2.92e-01   4.11e-01   1.94e-01   1.26e+00   0.00e+00 (  9.68e+01,  1.57e+02)
55      0.097   2.86e-01   4.22e-01   2.28e-01   1.24e+00   0.00e+00 (  8.24e+01,  1.53e+02)
60      0.112   3.08e-01   4.69e-01   2.96e-01   1.48e+00   0.00e+00 (  7.60e+01,  1.47e+02)
65      0.144   3.45e-01   5.76e-01   3.94e-01   1.97e+00   0.00e+00 (  7.19e+01,  1.40e+02)
70      0.153   3.56e-01   6.20e-01   4.70e-01   2.14e+00   0.00e+00 (  6.45e+01,  1.31e+02)
75      0.160   3.64e-01   6.55e-01   5.44e-01   2.29e+00   0.00e+00 (  5.84e+01,  1.22e+02)
80      0.162   3.62e-01   6.77e-01   5.84e-01   2.37e+00   0.00e+00 (  5.27e+01,  1.14e+02)
85      0.158   3.37e-01   6.67e-01   5.79e-01   2.34e+00   0.00e+00 (  4.58e+01,  1.05e+02)
90      0.159   3.32e-01   6.50e-01   5.74e-01   2.60e+00   0.00e+00 (  4.10e+01,  9.76e+01)
95      2.146   4.95e+00   6.04e+00   4.23e+00   1.38e+02   0.00e+00 (  1.99e+03,  9.06e+01)
28 e: 2.974e-06 i: 9.033e-05 :: e: 3.240e-02 i: 3.412e-02 :: n: 2.762e+01 e:20.231 i:20.455 v:4.993e+03
>>> tau_he = 5.000000, nhe(0)=2.418151e+00
 5     -0.006   4.16e-03   2.50e-01   3.84e-03  -2.63e-02   0.00e+00 (  1.28e+00,  3.02e+01)
10     -0.005   1.57e-02   3.75e-02  -6.32e-04  -3.01e-02   0.00e+00 (  8.29e+00,  5.91e+01)
15     -0.005   7.50e-02   3.16e-02   9.47e-03  -3.25e-02   0.00e+00 (  4.37e+01,  8.64e+01)
20      0.001   9.39e-02   6.86e-02   2.33e-02   1.13e-02   0.00e+00 (  5.66e+01,  1.07e+02)
25      0.031   1.30e-01   1.03e-01   3.40e-02   2.62e-01   0.00e+00 (  7.46e+01,  1.24e+02)
30      0.041   1.68e-01   1.50e-01   6.50e-02   3.85e-01   0.00e+00 (  8.81e+01,  1.38e+02)
35      0.044   1.86e-01   1.79e-01   9.15e-02   4.54e-01   0.00e+00 (  9.03e+01,  1.48e+02)
40      0.054   2.15e-01   2.29e-01   1.16e-01   5.96e-01   0.00e+00 (  9.38e+01,  1.55e+02)
45      0.070   2.37e-01   2.83e-01   1.52e-01   8.14e-01   0.00e+00 (  9.13e+01,  1.58e+02)
50      0.101   2.89e-01   3.97e-01   1.89e-01   1.24e+00   0.00e+00 (  9.53e+01,  1.57e+02)
55      0.097   2.86e-01   4.14e-01   2.25e-01   1.24e+00   0.00e+00 (  8.21e+01,  1.53e+02)
60      0.113   3.08e-01   4.65e-01   2.93e-01   1.50e+00   0.00e+00 (  7.61e+01,  1.47e+02)
65      0.146   3.46e-01   5.74e-01   3.94e-01   1.99e+00   0.00e+00 (  7.20e+01,  1.40e+02)
70      0.155   3.59e-01   6.22e-01   4.71e-01   2.17e+00   0.00e+00 (  6.48e+01,  1.31e+02)
75      0.164   3.68e-01   6.62e-01   5.49e-01   2.34e+00   0.00e+00 (  5.89e+01,  1.22e+02)
80      0.167   3.68e-01   6.89e-01   5.93e-01   2.43e+00   0.00e+00 (  5.34e+01,  1.14e+02)
85      0.162   3.44e-01   6.84e-01   5.92e-01   2.41e+00   0.00e+00 (  4.66e+01,  1.05e+02)
90      0.164   3.40e-01   6.69e-01   5.90e-01   2.68e+00   0.00e+00 (  4.19e+01,  9.76e+01)
95      2.144   4.95e+00   6.03e+00   4.23e+00   1.38e+02   0.00e+00 (  1.99e+03,  9.06e+01)
29 e: 1.115e-04 i: 4.246e-06 :: e: 3.267e-02 i: 3.308e-02 :: n: 2.762e+01 e:20.199 i:20.644 v:4.993e+03
>>> tau_he = 5.000000, nhe(0)=2.419639e+00
 5     -0.006   4.18e-03   2.51e-01   3.88e-03  -2.64e-02   0.00e+00 (  1.29e+00,  3.02e+01)
10     -0.006   1.62e-02   3.89e-02  -5.89e-04  -3.08e-02   0.00e+00 (  8.61e+00,  5.91e+01)
15     -0.005   7.61e-02   3.35e-02   9.57e-03  -3.21e-02   0.00e+00 (  4.46e+01,  8.64e+01)
20      0.000   9.41e-02   7.23e-02   1.99e-02   1.46e-03   0.00e+00 (  5.72e+01,  1.07e+02)
25      0.034   1.32e-01   1.06e-01   3.45e-02   2.88e-01   0.00e+00 (  7.63e+01,  1.24e+02)
30      0.041   1.70e-01   1.54e-01   6.70e-02   3.90e-01   0.00e+00 (  9.04e+01,  1.38e+02)
35      0.045   1.89e-01   1.85e-01   9.42e-02   4.60e-01   0.00e+00 (  9.30e+01,  1.48e+02)
40      0.055   2.19e-01   2.38e-01   1.20e-01   6.04e-01   0.00e+00 (  9.69e+01,  1.55e+02)
45      0.070   2.43e-01   2.96e-01   1.57e-01   8.20e-01   0.00e+00 (  9.48e+01,  1.58e+02)
50      0.103   2.95e-01   4.09e-01   1.94e-01   1.26e+00   0.00e+00 (  9.85e+01,  1.57e+02)
55      0.098   2.92e-01   4.28e-01   2.30e-01   1.26e+00   0.00e+00 (  8.53e+01,  1.53e+02)
60      0.114   3.16e-01   4.79e-01   3.02e-01   1.52e+00   0.00e+00 (  7.93e+01,  1.47e+02)
65      0.147   3.55e-01   5.91e-01   4.05e-01   2.01e+00   0.00e+00 (  7.51e+01,  1.40e+02)
70      0.156   3.66e-01   6.37e-01   4.82e-01   2.19e+00   0.00e+00 (  6.75e+01,  1.31e+02)
75      0.164   3.74e-01   6.75e-01   5.59e-01   2.35e+00   0.00e+00 (  6.12e+01,  1.22e+02)
80      0.166   3.73e-01   6.99e-01   6.01e-01   2.43e+00   0.00e+00 (  5.53e+01,  1.14e+02)
85      0.161   3.47e-01   6.90e-01   5.97e-01   2.39e+00   0.00e+00 (  4.81e+01,  1.05e+02)
90      0.163   3.40e-01   6.71e-01   5.92e-01   2.65e+00   0.00e+00 (  4.29e+01,  9.76e+01)
95      2.146   4.94e+00   6.03e+00   4.23e+00   1.38e+02   0.00e+00 (  2.00e+03,  9.06e+01)
30 e: 4.432e-06 i: 6.318e-05 :: e: 3.948e-02 i: 4.102e-02 :: n: 2.762e+01 e:20.414 i:20.661 v:4.993e+03
>>> tau_he = 5.000000, nhe(0)=2.436284e+00
 5     -0.006   4.25e-03   2.56e-01   3.88e-03  -2.71e-02   0.00e+00 (  1.31e+00,  3.02e+01)
10     -0.006   1.60e-02   3.81e-02  -6.23e-04  -3.06e-02   0.00e+00 (  8.51e+00,  5.91e+01)
15     -0.005   7.63e-02   3.19e-02   9.41e-03  -3.02e-02   0.00e+00 (  4.46e+01,  8.64e+01)
20     -0.000   9.37e-02   7.00e-02   2.27e-02  -8.24e-04   0.00e+00 (  5.68e+01,  1.07e+02)
25      0.034   1.32e-01   1.03e-01   3.37e-02   2.89e-01   0.00e+00 (  7.62e+01,  1.24e+02)
30      0.041   1.70e-01   1.51e-01   6.50e-02   3.91e-01   0.00e+00 (  9.01e+01,  1.38e+02)
35      0.045   1.89e-01   1.81e-01   9.17e-02   4.59e-01   0.00e+00 (  9.28e+01,  1.48e+02)
40      0.055   2.18e-01   2.32e-01   1.16e-01   6.02e-01   0.00e+00 (  9.65e+01,  1.55e+02)
45      0.071   2.41e-01   2.86e-01   1.53e-01   8.24e-01   0.00e+00 (  9.38e+01,  1.58e+02)
50      0.101   2.92e-01   3.97e-01   1.90e-01   1.24e+00   0.00e+00 (  9.70e+01,  1.57e+02)
55      0.098   2.91e-01   4.20e-01   2.26e-01   1.26e+00   0.00e+00 (  8.47e+01,  1.53e+02)
60      0.115   3.15e-01   4.75e-01   2.99e-01   1.53e+00   0.00e+00 (  7.90e+01,  1.47e+02)
65      0.148   3.55e-01   5.88e-01   4.03e-01   2.03e+00   0.00e+00 (  7.48e+01,  1.40e+02)
70      0.158   3.67e-01   6.37e-01   4.82e-01   2.22e+00   0.00e+00 (  6.75e+01,  1.31e+02)
75      0.167   3.77e-01   6.79e-01   5.63e-01   2.39e+00   0.00e+00 (  6.14e+01,  1.22e+02)
80      0.170   3.78e-01   7.09e-01   6.08e-01   2.48e+00   0.00e+00 (  5.58e+01,  1.14e+02)
85      0.165   3.53e-01   7.03e-01   6.08e-01   2.46e+00   0.00e+00 (  4.87e+01,  1.05e+02)
90      0.167   3.46e-01   6.87e-01   6.05e-01   2.72e+00   0.00e+00 (  4.37e+01,  9.76e+01)
95      2.144   4.94e+00   6.03e+00   4.23e+00   1.38e+02   0.00e+00 (  2.00e+03,  9.06e+01)
31 e: 7.728e-05 i: 3.902e-06 :: e: 3.738e-02 i: 3.665e-02 :: n: 2.762e+01 e:20.369 i:20.822 v:4.993e+03
>>> tau_he = 5.000000, nhe(0)=2.435963e+00
 5     -0.006   4.26e-03   2.56e-01   3.92e-03  -2.72e-02   0.00e+00 (  1.32e+00,  3.02e+01)
10     -0.006   1.64e-02   3.93e-02  -5.83e-04  -3.13e-02   0.00e+00 (  8.80e+00,  5.91e+01)
15     -0.005   7.75e-02   3.38e-02   9.48e-03  -3.30e-02   0.00e+00 (  4.56e+01,  8.64e+01)
20     -0.001   9.50e-02   7.24e-02   2.33e-02  -4.22e-03   0.00e+00 (  5.81e+01,  1.07e+02)
25      0.034   1.33e-01   1.06e-01   3.43e-02   2.93e-01   0.00e+00 (  7.77e+01,  1.24e+02)
30      0.037   1.64e-01   1.35e-01   6.65e-02   3.48e-01   0.00e+00 (  8.76e+01,  1.38e+02)
35      0.045   1.91e-01   1.86e-01   9.42e-02   4.64e-01   0.00e+00 (  9.50e+01,  1.48e+02)
40      0.056   2.22e-01   2.40e-01   1.20e-01   6.11e-01   0.00e+00 (  9.91e+01,  1.55e+02)
45      0.071   2.46e-01   2.99e-01   1.57e-01   8.30e-01   0.00e+00 (  9.70e+01,  1.58e+02)
50      0.103   2.97e-01   4.09e-01   1.95e-01   1.26e+00   0.00e+00 (  9.98e+01,  1.57e+02)
55      0.099   2.96e-01   4.32e-01   2.31e-01   1.27e+00   0.00e+00 (  8.75e+01,  1.53e+02)
60      0.116   3.22e-01   4.87e-01   3.06e-01   1.54e+00   0.00e+00 (  8.17e+01,  1.47e+02)
65      0.150   3.61e-01   6.02e-01   4.12e-01   2.04e+00   0.00e+00 (  7.72e+01,  1.40e+02)
70      0.159   3.74e-01   6.50e-01   4.91e-01   2.23e+00   0.00e+00 (  6.97e+01,  1.31e+02)
75      0.167   3.82e-01   6.89e-01   5.70e-01   2.39e+00   0.00e+00 (  6.33e+01,  1.22e+02)
80      0.169   3.81e-01   7.16e-01   6.13e-01   2.47e+00   0.00e+00 (  5.73e+01,  1.14e+02)
85      0.164   3.55e-01   7.07e-01   6.11e-01   2.44e+00   0.00e+00 (  4.99e+01,  1.05e+02)
90      0.165   3.46e-01   6.87e-01   6.05e-01   2.69e+00   0.00e+00 (  4.45e+01,  9.76e+01)
95      2.146   4.94e+00   6.03e+00   4.23e+00   1.38e+02   0.00e+00 (  2.00e+03,  9.06e+01)
32 e: 7.716e-06 i: 4.256e-05 :: e: 4.057e-02 i: 4.392e-02 :: n: 2.762e+01 e:20.551 i:20.821 v:4.993e+03
>>> tau_he = 5.000000, nhe(0)=2.449765e+00
 5     -0.006   4.32e-03   2.61e-01   3.93e-03  -2.76e-02   0.00e+00 (  1.34e+00,  3.02e+01)
10     -0.006   1.62e-02   3.85e-02  -6.15e-04  -3.10e-02   0.00e+00 (  8.68e+00,  5.91e+01)
15     -0.005   7.75e-02   3.23e-02   9.35e-03  -3.08e-02   0.00e+00 (  4.54e+01,  8.64e+01)
20     -0.000   9.49e-02   7.05e-02   2.26e-02  -2.94e-03   0.00e+00 (  5.78e+01,  1.07e+02)
25      0.034   1.33e-01   1.04e-01   3.36e-02   2.94e-01   0.00e+00 (  7.74e+01,  1.24e+02)
30      0.037   1.64e-01   1.33e-01   6.49e-02   3.50e-01   0.00e+00 (  8.74e+01,  1.38e+02)
35      0.045   1.91e-01   1.83e-01   9.20e-02   4.64e-01   0.00e+00 (  9.45e+01,  1.48e+02)
40      0.055   2.21e-01   2.34e-01   1.08e-01   6.05e-01   0.00e+00 (  9.83e+01,  1.55e+02)
45      0.071   2.45e-01   2.91e-01   1.56e-01   8.21e-01   0.00e+00 (  9.59e+01,  1.58e+02)
50      0.101   2.94e-01   3.98e-01   1.91e-01   1.24e+00   0.00e+00 (  9.82e+01,  1.57e+02)
55      0.099   2.94e-01   4.25e-01   2.28e-01   1.27e+00   0.00e+00 (  8.66e+01,  1.53e+02)
60      0.117   3.20e-01   4.82e-01   3.04e-01   1.55e+00   0.00e+00 (  8.11e+01,  1.47e+02)
65      0.146   3.51e-01   5.70e-01   3.93e-01   1.99e+00   0.00e+00 (  7.48e+01,  1.40e+02)
70      0.160   3.73e-01   6.47e-01   4.89e-01   2.24e+00   0.00e+00 (  6.93e+01,  1.31e+02)
75      0.169   3.83e-01   6.91e-01   5.71e-01   2.42e+00   0.00e+00 (  6.31e+01,  1.22e+02)
80      0.172   3.84e-01   7.21e-01   6.17e-01   2.51e+00   0.00e+00 (  5.74e+01,  1.14e+02)
85      0.167   3.59e-01   7.16e-01   6.19e-01   2.48e+00   0.00e+00 (  5.02e+01,  1.05e+02)
90      0.169   3.51e-01   7.00e-01   6.15e-01   2.75e+00   0.00e+00 (  4.50e+01,  9.76e+01)
95      2.144   4.94e+00   6.03e+00   4.23e+00   1.38e+02   0.00e+00 (  2.00e+03,  9.06e+01)
33 e: 5.099e-05 i: 6.967e-06 :: e: 3.563e-02 i: 3.590e-02 :: n: 2.762e+01 e:20.492 i:20.956 v:4.993e+03
>>> tau_he = 5.000000, nhe(0)=2.448123e+00
 5     -0.006   4.32e-03   2.61e-01   3.96e-03  -2.77e-02   0.00e+00 (  1.35e+00,  3.02e+01)
10     -0.006   1.66e-02   3.95e-02  -5.80e-04  -3.16e-02   0.00e+00 (  8.92e+00,  5.91e+01)
15     -0.005   7.85e-02   3.40e-02   9.42e-03  -3.33e-02   0.00e+00 (  4.62e+01,  8.64e+01)
20     -0.001   9.60e-02   7.25e-02   2.31e-02  -5.93e-03   0.00e+00 (  5.89e+01,  1.07e+02)
25      0.035   1.35e-01   1.07e-01   3.42e-02   2.96e-01   0.00e+00 (  7.88e+01,  1.24e+02)
30      0.038   1.66e-01   1.37e-01   6.67e-02   3.55e-01   0.00e+00 (  8.93e+01,  1.38e+02)
35      0.046   1.93e-01   1.88e-01   9.48e-02   4.73e-01   0.00e+00 (  9.64e+01,  1.48e+02)
40      0.056   2.23e-01   2.42e-01   1.21e-01   6.15e-01   0.00e+00 (  1.01e+02,  1.55e+02)
45      0.072   2.48e-01   3.00e-01   1.57e-01   8.35e-01   0.00e+00 (  9.82e+01,  1.58e+02)
50      0.103   2.98e-01   4.08e-01   1.95e-01   1.26e+00   0.00e+00 (  1.01e+02,  1.57e+02)
55      0.100   2.99e-01   4.35e-01   2.32e-01   1.28e+00   0.00e+00 (  8.88e+01,  1.53e+02)
60      0.118   3.25e-01   4.93e-01   3.10e-01   1.56e+00   0.00e+00 (  8.32e+01,  1.47e+02)
65      0.147   3.57e-01   5.84e-01   4.02e-01   2.01e+00   0.00e+00 (  7.69e+01,  1.40e+02)
70      0.160   3.78e-01   6.57e-01   4.96e-01   2.25e+00   0.00e+00 (  7.09e+01,  1.31e+02)
75      0.168   3.87e-01   6.98e-01   5.76e-01   2.41e+00   0.00e+00 (  6.44e+01,  1.22e+02)
80      0.171   3.86e-01   7.25e-01   6.20e-01   2.50e+00   0.00e+00 (  5.85e+01,  1.14e+02)
85      0.166   3.59e-01   7.17e-01   6.19e-01   2.46e+00   0.00e+00 (  5.10e+01,  1.05e+02)
90      0.167   3.50e-01   6.97e-01   6.14e-01   2.72e+00   0.00e+00 (  4.55e+01,  9.76e+01)
95      2.146   4.94e+00   6.03e+00   4.23e+00   1.38e+02   0.00e+00 (  2.00e+03,  9.06e+01)
34 e: 1.170e-05 i: 2.582e-05 :: e: 3.801e-02 i: 3.974e-02 :: n: 2.762e+01 e:20.645 i:20.941 v:4.993e+03
>>> tau_he = 5.000000, nhe(0)=2.459025e+00
 5     -0.006   4.38e-03   2.65e-01   3.96e-03  -2.80e-02   0.00e+00 (  1.36e+00,  3.02e+01)
10     -0.006   1.64e-02   3.87e-02  -6.07e-04  -3.14e-02   0.00e+00 (  8.81e+00,  5.91e+01)
15     -0.005   7.84e-02   3.27e-02   9.31e-03  -3.11e-02   0.00e+00 (  4.60e+01,  8.64e+01)
20     -0.001   9.58e-02   7.08e-02   2.24e-02  -4.56e-03   0.00e+00 (  5.86e+01,  1.07e+02)
25      0.035   1.35e-01   1.05e-01   3.35e-02   2.97e-01   0.00e+00 (  7.84e+01,  1.24e+02)
30      0.038   1.66e-01   1.35e-01   6.53e-02   3.56e-01   0.00e+00 (  8.89e+01,  1.38e+02)
35      0.046   1.92e-01   1.84e-01   9.24e-02   4.66e-01   0.00e+00 (  9.58e+01,  1.48e+02)
40      0.055   2.22e-01   2.36e-01   1.09e-01   6.09e-01   0.00e+00 (  9.95e+01,  1.55e+02)
45      0.071   2.46e-01   2.94e-01   1.55e-01   8.28e-01   0.00e+00 (  9.71e+01,  1.58e+02)
50      0.101   2.95e-01   3.99e-01   1.91e-01   1.24e+00   0.00e+00 (  9.88e+01,  1.57e+02)
55      0.100   2.97e-01   4.28e-01   2.29e-01   1.28e+00   0.00e+00 (  8.79e+01,  1.53e+02)
60      0.118   3.23e-01   4.87e-01   3.07e-01   1.56e+00   0.00e+00 (  8.23e+01,  1.47e+02)
65      0.148   3.56e-01   5.81e-01   4.00e-01   2.02e+00   0.00e+00 (  7.63e+01,  1.40e+02)
70      0.161   3.77e-01   6.54e-01   4.93e-01   2.26e+00   0.00e+00 (  7.03e+01,  1.31e+02)
75      0.170   3.86e-01   6.97e-01   5.75e-01   2.44e+00   0.00e+00 (  6.39e+01,  1.22e+02)
80      0.173   3.87e-01   7.28e-01   6.22e-01   2.53e+00   0.00e+00 (  5.82e+01,  1.14e+02)
85      0.168   3.62e-01   7.23e-01   6.24e-01   2.50e+00   0.00e+00 (  5.10e+01,  1.05e+02)
90      0.170   3.54e-01   7.06e-01   6.21e-01   2.76e+00   0.00e+00 (  4.57e+01,  9.76e+01)
95      2.145   4.93e+00   6.03e+00   4.23e+00   1.38e+02   0.00e+00 (  2.00e+03,  9.06e+01)
35 e: 3.116e-05 i: 8.710e-06 :: e: 3.325e-02 i: 3.334e-02 :: n: 2.762e+01 e:20.574 i:21.049 v:4.993e+03
>>> tau_he = 5.000000, nhe(0)=2.455743e+00
 5     -0.006   4.36e-03   2.65e-01   3.99e-03  -2.80e-02   0.00e+00 (  1.37e+00,  3.02e+01)
10     -0.006   1.67e-02   3.97e-02  -5.73e-04  -3.19e-02   0.00e+00 (  9.02e+00,  5.91e+01)
15     -0.005   7.91e-02   3.43e-02   9.38e-03  -3.32e-02   0.00e+00 (  4.66e+01,  8.64e+01)
20     -0.001   9.66e-02   7.27e-02   2.29e-02  -7.03e-03   0.00e+00 (  5.94e+01,  1.07e+02)
25      0.035   1.35e-01   1.08e-01   3.41e-02   2.99e-01   0.00e+00 (  7.95e+01,  1.24e+02)
30      0.038   1.67e-01   1.39e-01   6.70e-02   3.59e-01   0.00e+00 (  9.04e+01,  1.38e+02)
35      0.046   1.94e-01   1.89e-01   9.49e-02   4.75e-01   0.00e+00 (  9.72e+01,  1.48e+02)
40      0.057   2.24e-01   2.42e-01   1.21e-01   6.24e-01   0.00e+00 (  1.01e+02,  1.55e+02)
45      0.072   2.49e-01   3.01e-01   1.57e-01   8.38e-01   0.00e+00 (  9.88e+01,  1.58e+02)
50      0.103   2.98e-01   4.08e-01   1.95e-01   1.26e+00   0.00e+00 (  1.01e+02,  1.57e+02)
55      0.101   3.00e-01   4.37e-01   2.32e-01   1.28e+00   0.00e+00 (  8.94e+01,  1.53e+02)
60      0.119   3.27e-01   4.96e-01   3.12e-01   1.57e+00   0.00e+00 (  8.40e+01,  1.47e+02)
65      0.149   3.60e-01   5.91e-01   4.07e-01   2.03e+00   0.00e+00 (  7.80e+01,  1.40e+02)
70      0.161   3.80e-01   6.61e-01   4.98e-01   2.26e+00   0.00e+00 (  7.15e+01,  1.31e+02)
75      0.169   3.88e-01   7.01e-01   5.78e-01   2.42e+00   0.00e+00 (  6.49e+01,  1.22e+02)
80      0.172   3.88e-01   7.29e-01   6.23e-01   2.51e+00   0.00e+00 (  5.89e+01,  1.14e+02)
85      0.166   3.61e-01   7.21e-01   6.23e-01   2.47e+00   0.00e+00 (  5.15e+01,  1.05e+02)
90      0.167   3.52e-01   7.02e-01   6.17e-01   2.73e+00   0.00e+00 (  4.60e+01,  9.76e+01)
95      2.146   4.93e+00   6.03e+00   4.23e+00   1.38e+02   0.00e+00 (  2.00e+03,  9.06e+01)
36 e: 1.610e-05 i: 1.400e-05 :: e: 3.394e-02 i: 3.550e-02 :: n: 2.762e+01 e:20.696 i:21.017 v:4.993e+03
>>> tau_he = 5.000000, nhe(0)=2.463777e+00
 5     -0.006   4.40e-03   2.68e-01   3.98e-03  -2.82e-02   0.00e+00 (  1.38e+00,  3.02e+01)
10     -0.006   1.65e-02   3.90e-02  -5.97e-04  -3.17e-02   0.00e+00 (  8.90e+00,  5.91e+01)
15     -0.005   7.89e-02   3.31e-02   9.30e-03  -3.10e-02   0.00e+00 (  4.63e+01,  8.64e+01)
20     -0.001   9.63e-02   7.12e-02   2.24e-02  -5.47e-03   0.00e+00 (  5.90e+01,  1.07e+02)
25      0.035   1.35e-01   1.06e-01   3.35e-02   2.99e-01   0.00e+00 (  7.90e+01,  1.24e+02)
30      0.038   1.66e-01   1.37e-01   6.56e-02   3.59e-01   0.00e+00 (  8.98e+01,  1.38e+02)
35      0.046   1.93e-01   1.85e-01   9.31e-02   4.74e-01   0.00e+00 (  9.64e+01,  1.48e+02)
40      0.056   2.23e-01   2.37e-01   1.10e-01   6.17e-01   0.00e+00 (  1.00e+02,  1.55e+02)
45      0.071   2.47e-01   2.95e-01   1.55e-01   8.31e-01   0.00e+00 (  9.75e+01,  1.58e+02)
50      0.101   2.95e-01   3.99e-01   1.92e-01   1.24e+00   0.00e+00 (  9.89e+01,  1.57e+02)
55      0.100   2.98e-01   4.30e-01   2.29e-01   1.28e+00   0.00e+00 (  8.83e+01,  1.53e+02)
60      0.119   3.24e-01   4.89e-01   3.08e-01   1.57e+00   0.00e+00 (  8.28e+01,  1.47e+02)
65      0.149   3.58e-01   5.86e-01   4.04e-01   2.04e+00   0.00e+00 (  7.70e+01,  1.40e+02)
70      0.161   3.77e-01   6.56e-01   4.95e-01   2.26e+00   0.00e+00 (  7.06e+01,  1.31e+02)
75      0.170   3.87e-01   6.98e-01   5.76e-01   2.44e+00   0.00e+00 (  6.41e+01,  1.22e+02)
80      0.173   3.88e-01   7.29e-01   6.23e-01   2.53e+00   0.00e+00 (  5.84e+01,  1.14e+02)
85      0.168   3.62e-01   7.24e-01   6.25e-01   2.50e+00   0.00e+00 (  5.13e+01,  1.05e+02)
90      0.170   3.54e-01   7.08e-01   6.22e-01   2.76e+00   0.00e+00 (  4.60e+01,  9.76e+01)
95      2.145   4.93e+00   6.03e+00   4.23e+00   1.38e+02   0.00e+00 (  2.00e+03,  9.06e+01)
37 e: 1.770e-05 i: 1.108e-05 :: e: 2.830e-02 i: 2.840e-02 :: n: 2.762e+01 e:20.613 i:21.097 v:4.993e+03
>>> tau_he = 5.000000, nhe(0)=2.458957e+00
 5     -0.006   4.38e-03   2.67e-01   4.00e-03  -2.82e-02   0.00e+00 (  1.38e+00,  3.02e+01)
10     -0.006   1.68e-02   3.98e-02  -5.67e-04  -3.22e-02   0.00e+00 (  9.08e+00,  5.91e+01)
15     -0.005   7.94e-02   3.45e-02   9.37e-03  -3.28e-02   0.00e+00 (  4.68e+01,  8.64e+01)
20     -0.001   9.69e-02   7.29e-02   2.28e-02  -7.45e-03   0.00e+00 (  5.96e+01,  1.07e+02)
25      0.035   1.36e-01   1.08e-01   3.41e-02   3.00e-01   0.00e+00 (  7.97e+01,  1.24e+02)
30      0.038   1.67e-01   1.40e-01   6.71e-02   3.62e-01   0.00e+00 (  9.08e+01,  1.38e+02)
35      0.047   1.94e-01   1.89e-01   9.51e-02   4.76e-01   0.00e+00 (  9.74e+01,  1.48e+02)
40      0.057   2.25e-01   2.43e-01   1.22e-01   6.26e-01   0.00e+00 (  1.01e+02,  1.55e+02)
45      0.072   2.49e-01   3.02e-01   1.57e-01   8.40e-01   0.00e+00 (  9.89e+01,  1.58e+02)
50      0.102   2.98e-01   4.07e-01   1.95e-01   1.25e+00   0.00e+00 (  1.00e+02,  1.57e+02)
55      0.101   3.00e-01   4.38e-01   2.32e-01   1.29e+00   0.00e+00 (  8.94e+01,  1.53e+02)
60      0.119   3.27e-01   4.96e-01   3.12e-01   1.58e+00   0.00e+00 (  8.40e+01,  1.47e+02)
65      0.149   3.61e-01   5.93e-01   4.08e-01   2.04e+00   0.00e+00 (  7.82e+01,  1.40e+02)
70      0.161   3.79e-01   6.60e-01   4.98e-01   2.25e+00   0.00e+00 (  7.14e+01,  1.31e+02)
75      0.169   3.88e-01   7.00e-01   5.78e-01   2.42e+00   0.00e+00 (  6.47e+01,  1.22e+02)
80      0.172   3.88e-01   7.28e-01   6.23e-01   2.50e+00   0.00e+00 (  5.88e+01,  1.14e+02)
85      0.166   3.61e-01   7.21e-01   6.23e-01   2.47e+00   0.00e+00 (  5.15e+01,  1.05e+02)
90      0.167   3.52e-01   7.02e-01   6.17e-01   2.72e+00   0.00e+00 (  4.61e+01,  9.76e+01)
95      2.146   4.93e+00   6.03e+00   4.23e+00   1.38e+02   0.00e+00 (  2.00e+03,  9.06e+01)
38 e: 1.989e-05 i: 6.887e-06 :: e: 2.787e-02 i: 2.947e-02 :: n: 2.762e+01 e:20.707 i:21.050 v:4.993e+03
>>> tau_he = 5.000000, nhe(0)=2.464492e+00
 5     -0.006   4.41e-03   2.69e-01   3.99e-03  -2.84e-02   0.00e+00 (  1.38e+00,  3.02e+01)
10     -0.006   1.66e-02   3.91e-02  -5.89e-04  -3.19e-02   0.00e+00 (  8.94e+00,  5.91e+01)
15     -0.005   7.91e-02   3.35e-02   9.31e-03  -3.05e-02   0.00e+00 (  4.64e+01,  8.64e+01)
20     -0.001   9.64e-02   7.14e-02   2.24e-02  -5.74e-03   0.00e+00 (  5.91e+01,  1.07e+02)
25      0.035   1.35e-01   1.06e-01   3.36e-02   3.00e-01   0.00e+00 (  7.91e+01,  1.24e+02)
30      0.038   1.67e-01   1.38e-01   6.59e-02   3.62e-01   0.00e+00 (  9.01e+01,  1.38e+02)
35      0.046   1.93e-01   1.86e-01   9.34e-02   4.75e-01   0.00e+00 (  9.64e+01,  1.48e+02)
40      0.056   2.23e-01   2.38e-01   1.11e-01   6.19e-01   0.00e+00 (  1.00e+02,  1.55e+02)
45      0.072   2.47e-01   2.96e-01   1.55e-01   8.33e-01   0.00e+00 (  9.75e+01,  1.58e+02)
50      0.104   2.95e-01   3.91e-01   1.88e-01   1.27e+00   0.00e+00 (  9.89e+01,  1.57e+02)
55      0.100   2.97e-01   4.31e-01   2.29e-01   1.28e+00   0.00e+00 (  8.80e+01,  1.53e+02)
60      0.119   3.24e-01   4.90e-01   3.08e-01   1.57e+00   0.00e+00 (  8.26e+01,  1.47e+02)
65      0.149   3.58e-01   5.86e-01   4.04e-01   2.04e+00   0.00e+00 (  7.69e+01,  1.40e+02)
70      0.161   3.76e-01   6.54e-01   4.94e-01   2.26e+00   0.00e+00 (  7.03e+01,  1.31e+02)
75      0.169   3.86e-01   6.96e-01   5.75e-01   2.43e+00   0.00e+00 (  6.38e+01,  1.22e+02)
80      0.173   3.87e-01   7.27e-01   6.21e-01   2.52e+00   0.00e+00 (  5.81e+01,  1.14e+02)
85      0.168   3.61e-01   7.22e-01   6.24e-01   2.49e+00   0.00e+00 (  5.11e+01,  1.05e+02)
90      0.169   3.53e-01   7.06e-01   6.20e-01   2.75e+00   0.00e+00 (  4.59e+01,  9.76e+01)
95      2.145   4.93e+00   6.03e+00   4.23e+00   1.38e+02   0.00e+00 (  2.00e+03,  9.06e+01)
39 e: 9.515e-06 i: 1.306e-05 :: e: 2.188e-02 i: 2.143e-02 :: n: 2.762e+01 e:20.615 i:21.104 v:4.993e+03
>>> tau_he = 5.000000, nhe(0)=2.458511e+00
 5     -0.006   4.38e-03   2.67e-01   4.00e-03  -2.83e-02   0.00e+00 (  1.38e+00,  3.02e+01)
10     -0.006   1.68e-02   3.98e-02  -5.62e-04  -3.23e-02   0.00e+00 (  9.09e+00,  5.91e+01)
15     -0.005   7.94e-02   3.48e-02   9.39e-03  -3.19e-02   0.00e+00 (  4.67e+01,  8.64e+01)
20     -0.001   9.67e-02   7.29e-02   2.28e-02  -7.34e-03   0.00e+00 (  5.95e+01,  1.07e+02)
25      0.035   1.36e-01   1.08e-01   3.40e-02   3.00e-01   0.00e+00 (  7.96e+01,  1.24e+02)
30      0.039   1.67e-01   1.41e-01   6.73e-02   3.63e-01   0.00e+00 (  9.08e+01,  1.38e+02)
35      0.047   1.94e-01   1.89e-01   9.52e-02   4.76e-01   0.00e+00 (  9.72e+01,  1.48e+02)
40      0.057   2.24e-01   2.43e-01   1.22e-01   6.26e-01   0.00e+00 (  1.01e+02,  1.55e+02)
45      0.072   2.49e-01   3.02e-01   1.57e-01   8.40e-01   0.00e+00 (  9.85e+01,  1.58e+02)
50      0.102   2.97e-01   4.07e-01   1.94e-01   1.25e+00   0.00e+00 (  9.98e+01,  1.57e+02)
55      0.101   2.99e-01   4.37e-01   2.32e-01   1.29e+00   0.00e+00 (  8.89e+01,  1.53e+02)
60      0.119   3.26e-01   4.95e-01   3.11e-01   1.57e+00   0.00e+00 (  8.34e+01,  1.47e+02)
65      0.149   3.60e-01   5.92e-01   4.07e-01   2.04e+00   0.00e+00 (  7.77e+01,  1.40e+02)
70      0.160   3.77e-01   6.57e-01   4.96e-01   2.25e+00   0.00e+00 (  7.08e+01,  1.31e+02)
75      0.168   3.86e-01   6.96e-01   5.75e-01   2.41e+00   0.00e+00 (  6.41e+01,  1.22e+02)
80      0.171   3.86e-01   7.24e-01   6.20e-01   2.49e+00   0.00e+00 (  5.83e+01,  1.14e+02)
85      0.166   3.59e-01   7.18e-01   6.20e-01   2.46e+00   0.00e+00 (  5.11e+01,  1.05e+02)
90      0.167   3.51e-01   6.99e-01   6.15e-01   2.71e+00   0.00e+00 (  4.58e+01,  9.76e+01)
95      2.146   4.94e+00   6.03e+00   4.23e+00   1.38e+02   0.00e+00 (  2.00e+03,  9.06e+01)
40 e: 2.190e-05 i: 3.147e-06 :: e: 2.082e-02 i: 2.260e-02 :: n: 2.762e+01 e:20.685 i:21.045 v:4.993e+03
>>> tau_he = 5.000000, nhe(0)=2.462066e+00
 5     -0.006   4.40e-03   2.68e-01   3.99e-03  -2.84e-02   0.00e+00 (  1.38e+00,  3.02e+01)
10     -0.006   1.66e-02   3.91e-02  -5.83e-04  -3.20e-02   0.00e+00 (  8.95e+00,  5.91e+01)
15     -0.005   7.90e-02   3.38e-02   9.34e-03  -2.97e-02   0.00e+00 (  4.63e+01,  8.64e+01)
20     -0.001   9.62e-02   7.15e-02   2.24e-02  -5.56e-03   0.00e+00 (  5.89e+01,  1.07e+02)
25      0.035   1.35e-01   1.06e-01   3.36e-02   3.00e-01   0.00e+00 (  7.89e+01,  1.24e+02)
30      0.038   1.66e-01   1.39e-01   6.62e-02   3.63e-01   0.00e+00 (  8.99e+01,  1.38e+02)
35      0.046   1.93e-01   1.86e-01   9.37e-02   4.74e-01   0.00e+00 (  9.61e+01,  1.48e+02)
40      0.057   2.22e-01   2.39e-01   1.20e-01   6.22e-01   0.00e+00 (  9.98e+01,  1.55e+02)
45      0.072   2.46e-01   2.96e-01   1.55e-01   8.33e-01   0.00e+00 (  9.70e+01,  1.58e+02)
50      0.104   2.95e-01   3.91e-01   1.88e-01   1.27e+00   0.00e+00 (  9.83e+01,  1.57e+02)
55      0.100   2.96e-01   4.31e-01   2.29e-01   1.28e+00   0.00e+00 (  8.74e+01,  1.53e+02)
60      0.118   3.23e-01   4.88e-01   3.08e-01   1.57e+00   0.00e+00 (  8.19e+01,  1.47e+02)
65      0.149   3.56e-01   5.85e-01   4.03e-01   2.03e+00   0.00e+00 (  7.64e+01,  1.40e+02)
70      0.160   3.74e-01   6.51e-01   4.91e-01   2.24e+00   0.00e+00 (  6.96e+01,  1.31e+02)
75      0.168   3.83e-01   6.91e-01   5.71e-01   2.41e+00   0.00e+00 (  6.32e+01,  1.22e+02)
80      0.172   3.84e-01   7.22e-01   6.18e-01   2.51e+00   0.00e+00 (  5.75e+01,  1.14e+02)
85      0.167   3.59e-01   7.17e-01   6.20e-01   2.47e+00   0.00e+00 (  5.06e+01,  1.05e+02)
90      0.168   3.51e-01   7.01e-01   6.16e-01   2.74e+00   0.00e+00 (  4.55e+01,  9.76e+01)
95      2.145   4.94e+00   6.03e+00   4.23e+00   1.38e+02   0.00e+00 (  2.00e+03,  9.06e+01)
41 e: 4.991e-06 i: 1.403e-05 :: e: 1.492e-02 i: 1.478e-02 :: n: 2.762e+01 e:20.588 i:21.080 v:4.993e+03
>>> tau_he = 5.000000, nhe(0)=2.455369e+00
 5     -0.006   4.36e-03   2.67e-01   4.00e-03  -2.82e-02   0.00e+00 (  1.37e+00,  3.02e+01)
10     -0.006   1.68e-02   3.97e-02  -5.59e-04  -3.24e-02   0.00e+00 (  9.07e+00,  5.91e+01)
15     -0.005   7.92e-02   3.49e-02   9.42e-03  -3.08e-02   0.00e+00 (  4.65e+01,  8.64e+01)
20     -0.001   9.64e-02   7.29e-02   2.28e-02  -6.87e-03   0.00e+00 (  5.92e+01,  1.07e+02)
25      0.035   1.35e-01   1.08e-01   3.41e-02   3.00e-01   0.00e+00 (  7.92e+01,  1.24e+02)
30      0.039   1.67e-01   1.41e-01   6.74e-02   3.63e-01   0.00e+00 (  9.04e+01,  1.38e+02)
35      0.046   1.93e-01   1.89e-01   9.54e-02   4.76e-01   0.00e+00 (  9.66e+01,  1.48e+02)
40      0.057   2.23e-01   2.43e-01   1.23e-01   6.26e-01   0.00e+00 (  1.00e+02,  1.55e+02)
45      0.072   2.47e-01   3.01e-01   1.57e-01   8.39e-01   0.00e+00 (  9.77e+01,  1.58e+02)
50      0.102   2.95e-01   4.05e-01   1.94e-01   1.25e+00   0.00e+00 (  9.88e+01,  1.57e+02)
55      0.101   2.98e-01   4.36e-01   2.32e-01   1.28e+00   0.00e+00 (  8.81e+01,  1.53e+02)
60      0.118   3.24e-01   4.93e-01   3.10e-01   1.56e+00   0.00e+00 (  8.25e+01,  1.47e+02)
65      0.148   3.57e-01   5.88e-01   4.05e-01   2.03e+00   0.00e+00 (  7.68e+01,  1.40e+02)
70      0.159   3.75e-01   6.52e-01   4.92e-01   2.23e+00   0.00e+00 (  6.99e+01,  1.31e+02)
75      0.167   3.83e-01   6.91e-01   5.71e-01   2.39e+00   0.00e+00 (  6.33e+01,  1.22e+02)
80      0.170   3.82e-01   7.18e-01   6.15e-01   2.48e+00   0.00e+00 (  5.75e+01,  1.14e+02)
85      0.165   3.57e-01   7.12e-01   6.15e-01   2.44e+00   0.00e+00 (  5.05e+01,  1.05e+02)
90      0.166   3.48e-01   6.93e-01   6.10e-01   2.70e+00   0.00e+00 (  4.53e+01,  9.76e+01)
95      2.146   4.94e+00   6.03e+00   4.23e+00   1.38e+02   0.00e+00 (  2.00e+03,  9.06e+01)
42 e: 2.204e-05 i: 1.399e-06 :: e: 1.354e-02 i: 1.555e-02 :: n: 2.762e+01 e:20.640 i:21.014 v:4.993e+03
>>> tau_he = 5.000000, nhe(0)=2.457482e+00
 5     -0.006   4.37e-03   2.67e-01   3.99e-03  -2.83e-02   0.00e+00 (  1.37e+00,  3.02e+01)
10     -0.006   1.66e-02   3.91e-02  -5.78e-04  -3.21e-02   0.00e+00 (  8.93e+00,  5.91e+01)
15     -0.004   7.87e-02   3.40e-02   9.38e-03  -2.87e-02   0.00e+00 (  4.60e+01,  8.64e+01)
20     -0.001   9.58e-02   7.16e-02   2.25e-02  -5.14e-03   0.00e+00 (  5.86e+01,  1.07e+02)
25      0.035   1.35e-01   1.06e-01   3.37e-02   2.99e-01   0.00e+00 (  7.84e+01,  1.24e+02)
30      0.038   1.66e-01   1.39e-01   6.64e-02   3.63e-01   0.00e+00 (  8.95e+01,  1.38e+02)
35      0.046   1.92e-01   1.86e-01   9.40e-02   4.74e-01   0.00e+00 (  9.55e+01,  1.48e+02)
40      0.057   2.22e-01   2.39e-01   1.21e-01   6.21e-01   0.00e+00 (  9.91e+01,  1.55e+02)
45      0.072   2.45e-01   2.96e-01   1.55e-01   8.32e-01   0.00e+00 (  9.62e+01,  1.58e+02)
50      0.103   2.93e-01   3.90e-01   1.88e-01   1.27e+00   0.00e+00 (  9.72e+01,  1.57e+02)
55      0.100   2.95e-01   4.30e-01   2.29e-01   1.28e+00   0.00e+00 (  8.66e+01,  1.53e+02)
60      0.118   3.21e-01   4.86e-01   3.06e-01   1.56e+00   0.00e+00 (  8.10e+01,  1.47e+02)
65      0.148   3.54e-01   5.81e-01   4.00e-01   2.02e+00   0.00e+00 (  7.55e+01,  1.40e+02)
70      0.159   3.71e-01   6.46e-01   4.88e-01   2.23e+00   0.00e+00 (  6.87e+01,  1.31e+02)
75      0.167   3.80e-01   6.85e-01   5.67e-01   2.40e+00   0.00e+00 (  6.23e+01,  1.22e+02)
80      0.170   3.81e-01   7.15e-01   6.13e-01   2.49e+00   0.00e+00 (  5.67e+01,  1.14e+02)
85      0.166   3.56e-01   7.11e-01   6.14e-01   2.46e+00   0.00e+00 (  5.00e+01,  1.05e+02)
90      0.167   3.49e-01   6.94e-01   6.11e-01   2.72e+00   0.00e+00 (  4.50e+01,  9.76e+01)
95      2.145   4.94e+00   6.03e+00   4.23e+00   1.38e+02   0.00e+00 (  2.00e+03,  9.06e+01)
43 e: 2.711e-06 i: 1.374e-05 :: e: 8.058e-03 i: 8.579e-03 :: n: 2.762e+01 e:20.543 i:21.034 v:4.993e+03
>>> tau_he = 5.000000, nhe(0)=2.450507e+00
 5     -0.006   4.34e-03   2.65e-01   3.99e-03  -2.82e-02   0.00e+00 (  1.37e+00,  3.02e+01)
10     -0.006   1.67e-02   3.96e-02  -5.57e-04  -3.24e-02   0.00e+00 (  9.02e+00,  5.91e+01)
15     -0.004   7.88e-02   3.50e-02   9.46e-03  -2.96e-02   0.00e+00 (  4.62e+01,  8.64e+01)
20     -0.001   9.59e-02   7.27e-02   2.29e-02  -6.23e-03   0.00e+00 (  5.88e+01,  1.07e+02)
25      0.035   1.35e-01   1.08e-01   3.41e-02   2.99e-01   0.00e+00 (  7.87e+01,  1.24e+02)
30      0.039   1.66e-01   1.41e-01   6.75e-02   3.63e-01   0.00e+00 (  8.99e+01,  1.38e+02)
35      0.046   1.92e-01   1.89e-01   9.55e-02   4.75e-01   0.00e+00 (  9.59e+01,  1.48e+02)
40      0.057   2.22e-01   2.42e-01   1.23e-01   6.24e-01   0.00e+00 (  9.96e+01,  1.55e+02)
45      0.072   2.46e-01   3.00e-01   1.56e-01   8.37e-01   0.00e+00 (  9.68e+01,  1.58e+02)
50      0.101   2.93e-01   4.03e-01   1.93e-01   1.24e+00   0.00e+00 (  9.75e+01,  1.57e+02)
55      0.100   2.96e-01   4.34e-01   2.31e-01   1.28e+00   0.00e+00 (  8.71e+01,  1.53e+02)
60      0.117   3.21e-01   4.89e-01   3.08e-01   1.56e+00   0.00e+00 (  8.14e+01,  1.47e+02)
65      0.147   3.54e-01   5.84e-01   4.02e-01   2.01e+00   0.00e+00 (  7.58e+01,  1.40e+02)
70      0.158   3.71e-01   6.46e-01   4.88e-01   2.22e+00   0.00e+00 (  6.88e+01,  1.31e+02)
75      0.166   3.79e-01   6.84e-01   5.66e-01   2.38e+00   0.00e+00 (  6.23e+01,  1.22e+02)
80      0.169   3.79e-01   7.11e-01   6.10e-01   2.46e+00   0.00e+00 (  5.66e+01,  1.14e+02)
85      0.164   3.54e-01   7.05e-01   6.10e-01   2.43e+00   0.00e+00 (  4.98e+01,  1.05e+02)
90      0.165   3.46e-01   6.87e-01   6.05e-01   2.68e+00   0.00e+00 (  4.47e+01,  9.76e+01)
95      2.146   4.94e+00   6.03e+00   4.23e+00   1.38e+02   0.00e+00 (  2.00e+03,  9.06e+01)
44 e: 2.045e-05 i: 6.890e-07 :: e: 6.784e-03 i: 8.963e-03 :: n: 2.762e+01 e:20.582 i:20.965 v:4.993e+03
>>> tau_he = 5.000000, nhe(0)=2.451695e+00
 5     -0.006   4.34e-03   2.66e-01   3.97e-03  -2.82e-02   0.00e+00 (  1.36e+00,  3.02e+01)
10     -0.006   1.65e-02   3.90e-02  -5.76e-04  -3.21e-02   0.00e+00 (  8.89e+00,  5.91e+01)
15     -0.004   7.82e-02   3.41e-02   9.43e-03  -2.76e-02   0.00e+00 (  4.57e+01,  8.64e+01)
20     -0.001   9.52e-02   7.15e-02   2.26e-02  -4.61e-03   0.00e+00 (  5.82e+01,  1.07e+02)
25      0.035   1.34e-01   1.06e-01   3.37e-02   2.98e-01   0.00e+00 (  7.79e+01,  1.24e+02)
30      0.038   1.65e-01   1.39e-01   6.66e-02   3.62e-01   0.00e+00 (  8.90e+01,  1.38e+02)
35      0.046   1.91e-01   1.86e-01   9.42e-02   4.73e-01   0.00e+00 (  9.48e+01,  1.48e+02)
40      0.057   2.20e-01   2.39e-01   1.21e-01   6.20e-01   0.00e+00 (  9.83e+01,  1.55e+02)
45      0.071   2.44e-01   2.95e-01   1.55e-01   8.30e-01   0.00e+00 (  9.53e+01,  1.58e+02)
50      0.086   2.64e-01   3.37e-01   1.71e-01   1.05e+00   0.00e+00 (  8.72e+01,  1.57e+02)
55      0.100   2.93e-01   4.28e-01   2.29e-01   1.27e+00   0.00e+00 (  8.57e+01,  1.53e+02)
60      0.117   3.18e-01   4.83e-01   3.04e-01   1.55e+00   0.00e+00 (  8.00e+01,  1.47e+02)
65      0.147   3.52e-01   5.77e-01   3.98e-01   2.00e+00   0.00e+00 (  7.46e+01,  1.40e+02)
70      0.158   3.68e-01   6.40e-01   4.84e-01   2.21e+00   0.00e+00 (  6.77e+01,  1.31e+02)
75      0.166   3.76e-01   6.79e-01   5.62e-01   2.38e+00   0.00e+00 (  6.14e+01,  1.22e+02)
80      0.169   3.77e-01   7.08e-01   6.07e-01   2.47e+00   0.00e+00 (  5.58e+01,  1.14e+02)
85      0.164   3.53e-01   7.03e-01   6.08e-01   2.44e+00   0.00e+00 (  4.92e+01,  1.05e+02)
90      0.166   3.46e-01   6.87e-01   6.05e-01   2.70e+00   0.00e+00 (  4.44e+01,  9.76e+01)
95      2.146   4.94e+00   6.03e+00   4.23e+00   1.38e+02   0.00e+00 (  2.00e+03,  9.06e+01)
45 e: 3.415e-06 i: 1.691e-05 :: e: 5.625e-03 i: 8.065e-03 :: n: 2.762e+01 e:20.488 i:20.976 v:4.993e+03
>>> tau_he = 5.000000, nhe(0)=2.445056e+00
 5     -0.006   4.31e-03   2.64e-01   3.98e-03  -2.80e-02   0.00e+00 (  1.36e+00,  3.02e+01)
10     -0.006   1.66e-02   3.95e-02  -5.59e-04  -3.23e-02   0.00e+00 (  8.95e+00,  5.91e+01)
15     -0.004   7.83e-02   3.50e-02   9.51e-03  -2.82e-02   0.00e+00 (  4.58e+01,  8.64e+01)
20     -0.001   9.53e-02   7.25e-02   2.29e-02  -5.46e-03   0.00e+00 (  5.83e+01,  1.07e+02)
25      0.035   1.34e-01   1.07e-01   3.41e-02   2.98e-01   0.00e+00 (  7.80e+01,  1.24e+02)
30      0.038   1.65e-01   1.41e-01   6.75e-02   3.62e-01   0.00e+00 (  8.92e+01,  1.38e+02)
35      0.046   1.91e-01   1.88e-01   9.54e-02   4.73e-01   0.00e+00 (  9.50e+01,  1.48e+02)
40      0.057   2.21e-01   2.41e-01   1.23e-01   6.22e-01   0.00e+00 (  9.86e+01,  1.55e+02)
45      0.072   2.45e-01   2.99e-01   1.56e-01   8.35e-01   0.00e+00 (  9.59e+01,  1.58e+02)
50      0.102   2.93e-01   4.06e-01   1.93e-01   1.25e+00   0.00e+00 (  9.74e+01,  1.57e+02)
55      0.100   2.94e-01   4.33e-01   2.31e-01   1.28e+00   0.00e+00 (  8.61e+01,  1.53e+02)
60      0.116   3.18e-01   4.86e-01   3.05e-01   1.54e+00   0.00e+00 (  8.01e+01,  1.47e+02)
65      0.146   3.52e-01   5.78e-01   3.98e-01   2.00e+00   0.00e+00 (  7.47e+01,  1.40e+02)
70      0.157   3.67e-01   6.40e-01   4.84e-01   2.20e+00   0.00e+00 (  6.77e+01,  1.31e+02)
75      0.164   3.75e-01   6.77e-01   5.61e-01   2.36e+00   0.00e+00 (  6.13e+01,  1.22e+02)
80      0.167   3.75e-01   7.04e-01   6.05e-01   2.44e+00   0.00e+00 (  5.57e+01,  1.14e+02)
85      0.162   3.51e-01   6.98e-01   6.04e-01   2.41e+00   0.00e+00 (  4.90e+01,  1.05e+02)
90      0.164   3.43e-01   6.80e-01   5.99e-01   2.66e+00   0.00e+00 (  4.41e+01,  9.76e+01)
95      2.146   4.94e+00   6.03e+00   4.23e+00   1.38e+02   0.00e+00 (  2.00e+03,  9.06e+01)
46 e: 1.654e-05 i: 7.411e-07 :: e: 2.711e-03 i: 4.582e-03 :: n: 2.762e+01 e:20.520 i:20.911 v:4.993e+03
>>> tau_he = 5.000000, nhe(0)=2.445959e+00
 5     -0.006   4.31e-03   2.64e-01   3.96e-03  -2.80e-02   0.00e+00 (  1.35e+00,  3.02e+01)
10     -0.006   1.64e-02   3.89e-02  -5.77e-04  -3.20e-02   0.00e+00 (  8.83e+00,  5.91e+01)
15     -0.004   7.78e-02   3.42e-02   9.48e-03  -2.64e-02   0.00e+00 (  4.53e+01,  8.64e+01)
20     -0.001   9.47e-02   7.14e-02   2.27e-02  -3.94e-03   0.00e+00 (  5.78e+01,  1.07e+02)
25      0.035   1.33e-01   1.06e-01   3.38e-02   2.97e-01   0.00e+00 (  7.74e+01,  1.24e+02)
30      0.038   1.64e-01   1.39e-01   6.67e-02   3.61e-01   0.00e+00 (  8.84e+01,  1.38e+02)
35      0.046   1.90e-01   1.86e-01   9.44e-02   4.72e-01   0.00e+00 (  9.40e+01,  1.48e+02)
40      0.056   2.19e-01   2.38e-01   1.21e-01   6.18e-01   0.00e+00 (  9.74e+01,  1.55e+02)
45      0.071   2.43e-01   2.95e-01   1.55e-01   8.29e-01   0.00e+00 (  9.47e+01,  1.58e+02)
50      0.101   2.90e-01   3.99e-01   1.91e-01   1.24e+00   0.00e+00 (  9.58e+01,  1.57e+02)
55      0.099   2.92e-01   4.27e-01   2.29e-01   1.27e+00   0.00e+00 (  8.49e+01,  1.53e+02)
60      0.116   3.16e-01   4.80e-01   3.02e-01   1.54e+00   0.00e+00 (  7.90e+01,  1.47e+02)
65      0.146   3.49e-01   5.72e-01   3.94e-01   1.99e+00   0.00e+00 (  7.36e+01,  1.40e+02)
70      0.156   3.65e-01   6.34e-01   4.80e-01   2.19e+00   0.00e+00 (  6.67e+01,  1.31e+02)
75      0.165   3.73e-01   6.73e-01   5.57e-01   2.36e+00   0.00e+00 (  6.05e+01,  1.22e+02)
80      0.168   3.73e-01   7.01e-01   6.02e-01   2.45e+00   0.00e+00 (  5.50e+01,  1.14e+02)
85      0.163   3.50e-01   6.96e-01   6.02e-01   2.42e+00   0.00e+00 (  4.85e+01,  1.05e+02)
90      0.164   3.43e-01   6.80e-01   5.99e-01   2.68e+00   0.00e+00 (  4.37e+01,  9.76e+01)
95      2.146   4.94e+00   6.03e+00   4.23e+00   1.38e+02   0.00e+00 (  2.00e+03,  9.06e+01)
47 e: 1.411e-06 i: 9.893e-06 :: e: 3.437e-03 i: 4.012e-03 :: n: 2.762e+01 e:20.436 i:20.919 v:4.993e+03
>>> tau_he = 5.000000, nhe(0)=2.439773e+00
 5     -0.006   4.28e-03   2.62e-01   3.96e-03  -2.79e-02   0.00e+00 (  1.34e+00,  3.02e+01)
10     -0.006   1.65e-02   3.93e-02  -5.60e-04  -3.22e-02   0.00e+00 (  8.89e+00,  5.91e+01)
15     -0.004   7.78e-02   3.50e-02   9.56e-03  -2.71e-02   0.00e+00 (  4.54e+01,  8.64e+01)
20     -0.001   9.48e-02   7.23e-02   2.30e-02  -4.84e-03   0.00e+00 (  5.79e+01,  1.07e+02)
25      0.035   1.33e-01   1.07e-01   3.42e-02   2.97e-01   0.00e+00 (  7.75e+01,  1.24e+02)
30      0.038   1.65e-01   1.41e-01   6.76e-02   3.62e-01   0.00e+00 (  8.86e+01,  1.38e+02)
35      0.046   1.90e-01   1.88e-01   9.56e-02   4.72e-01   0.00e+00 (  9.43e+01,  1.48e+02)
40      0.057   2.20e-01   2.41e-01   1.23e-01   6.21e-01   0.00e+00 (  9.78e+01,  1.55e+02)
45      0.071   2.44e-01   2.98e-01   1.56e-01   8.32e-01   0.00e+00 (  9.50e+01,  1.58e+02)
50      0.101   2.91e-01   4.01e-01   1.92e-01   1.24e+00   0.00e+00 (  9.60e+01,  1.57e+02)
55      0.099   2.92e-01   4.30e-01   2.30e-01   1.27e+00   0.00e+00 (  8.52e+01,  1.53e+02)
60      0.116   3.16e-01   4.83e-01   3.04e-01   1.54e+00   0.00e+00 (  7.92e+01,  1.47e+02)
65      0.150   3.58e-01   6.01e-01   4.12e-01   2.05e+00   0.00e+00 (  7.57e+01,  1.40e+02)
70      0.156   3.65e-01   6.35e-01   4.80e-01   2.19e+00   0.00e+00 (  6.69e+01,  1.31e+02)
75      0.163   3.72e-01   6.71e-01   5.56e-01   2.34e+00   0.00e+00 (  6.05e+01,  1.22e+02)
80      0.166   3.72e-01   6.98e-01   6.00e-01   2.43e+00   0.00e+00 (  5.49e+01,  1.14e+02)
85      0.161   3.48e-01   6.91e-01   5.99e-01   2.39e+00   0.00e+00 (  4.83e+01,  1.05e+02)
90      0.163   3.41e-01   6.74e-01   5.94e-01   2.65e+00   0.00e+00 (  4.35e+01,  9.76e+01)
95      2.146   4.94e+00   6.03e+00   4.23e+00   1.38e+02   0.00e+00 (  2.00e+03,  9.06e+01)
48 e: 1.393e-05 i: 9.857e-07 :: e: 4.522e-03 i: 7.219e-03 :: n: 2.762e+01 e:20.463 i:20.859 v:4.993e+03
>>> tau_he = 5.000000, nhe(0)=2.440396e+00
 5     -0.006   4.28e-03   2.62e-01   3.95e-03  -2.79e-02   0.00e+00 (  1.34e+00,  3.02e+01)
10     -0.006   1.64e-02   3.88e-02  -5.75e-04  -3.19e-02   0.00e+00 (  8.78e+00,  5.91e+01)
15     -0.004   7.74e-02   3.43e-02   9.53e-03  -2.56e-02   0.00e+00 (  4.50e+01,  8.64e+01)
20     -0.000   9.42e-02   7.14e-02   2.27e-02  -3.63e-03   0.00e+00 (  5.74e+01,  1.07e+02)
25      0.035   1.33e-01   1.06e-01   3.39e-02   2.96e-01   0.00e+00 (  7.69e+01,  1.24e+02)
30      0.038   1.64e-01   1.39e-01   6.68e-02   3.61e-01   0.00e+00 (  8.78e+01,  1.38e+02)
35      0.046   1.89e-01   1.86e-01   9.46e-02   4.71e-01   0.00e+00 (  9.34e+01,  1.48e+02)
40      0.056   2.18e-01   2.38e-01   1.22e-01   6.13e-01   0.00e+00 (  9.68e+01,  1.55e+02)
45      0.071   2.42e-01   2.94e-01   1.56e-01   8.25e-01   0.00e+00 (  9.37e+01,  1.58e+02)
50      0.085   2.62e-01   3.37e-01   1.70e-01   1.05e+00   0.00e+00 (  8.60e+01,  1.57e+02)
55      0.099   2.90e-01   4.25e-01   2.28e-01   1.27e+00   0.00e+00 (  8.41e+01,  1.53e+02)
60      0.115   3.14e-01   4.78e-01   3.01e-01   1.53e+00   0.00e+00 (  7.81e+01,  1.47e+02)
65      0.149   3.54e-01   5.92e-01   4.06e-01   2.03e+00   0.00e+00 (  7.43e+01,  1.40e+02)
70      0.155   3.62e-01   6.30e-01   4.77e-01   2.18e+00   0.00e+00 (  6.59e+01,  1.31e+02)
75      0.164   3.70e-01   6.68e-01   5.54e-01   2.34e+00   0.00e+00 (  5.98e+01,  1.22e+02)
80      0.167   3.70e-01   6.95e-01   5.98e-01   2.43e+00   0.00e+00 (  5.43e+01,  1.14e+02)
85      0.162   3.47e-01   6.90e-01   5.98e-01   2.40e+00   0.00e+00 (  4.79e+01,  1.05e+02)
90      0.163   3.41e-01   6.74e-01   5.94e-01   2.66e+00   0.00e+00 (  4.32e+01,  9.76e+01)
95      2.146   4.94e+00   6.03e+00   4.23e+00   1.38e+02   0.00e+00 (  2.00e+03,  9.06e+01)
49 e: 2.565e-06 i: 1.201e-05 :: e: 9.432e-03 i: 1.098e-02 :: n: 2.762e+01 e:20.387 i:20.864 v:4.993e+03
 plasma volume = 149.263947
 stored energy(e,i,b) = 5.533076e+01 4.934598e+01 0.000000e+00
 betan = 1.184206
*power
 Pnb(e,i) = 0.000000e+00 0.000000e+00
 Prf(e,i) = 6.286447e+00 1.372705e+01
 Prad     = -2.971520e+01 
 Pei      = -4.584815e+00 
 Pfuse    = 4.471134e+01 
 Pfusi    = 1.363489e+01 
 Poh      = 0.000000e+00 
*confinement time
 taut, tauITER98y2, H98y2 : 2.151871e+00 2.185640e+00 9.845496e-01
 taue, taui : 3.313661e+00 2.708385e+00
 taut, tau89, H89 : 2.151871e+00 9.934933e-01 2.165964e+00
*temperature
 nea, nebar : 1.945594e+01 2.196604e+01 
 tea, tia : 7.150468e+00 7.052782e+00 (1.013851e+00)
 te0, ti0 : 1.809718e+01 1.860973e+01 (9.724576e-01)
 Sn : 0.000000e+00 
*current balance
 Ip,Ibs,Inb,Irf: 1.000000e+01 1.826171e+00 0.000000e+00 8.911579e-02
 fni,fbs: 0.192 0.183

 plasma volume = 149.263947
 stored energy(e,i,b) = 5.533076e+01 4.934598e+01 0.000000e+00
 betan = 1.184206
*power
 Pnb(e,i) = 0.000000e+00 0.000000e+00
 Prf(e,i) = 6.286447e+00 1.372705e+01
 Prad     = -2.971520e+01 
 Pei      = -4.584815e+00 
 Pfuse    = 4.471134e+01 
 Pfusi    = 1.363489e+01 
 Poh      = 0.000000e+00 
*confinement time
 taut, tauITER98y2, H98y2 : 2.151871e+00 2.185640e+00 9.845496e-01
 taue, taui : 3.313661e+00 2.708385e+00
 taut, tau89, H89 : 2.151871e+00 9.934933e-01 2.165964e+00
*temperature
 nea, nebar : 1.945594e+01 2.196604e+01 
 tea, tia : 7.150468e+00 7.052782e+00 (1.013851e+00)
 te0, ti0 : 1.809718e+01 1.860973e+01 (9.724576e-01)
 Sn : 0.000000e+00 
*current balance
 Ip,Ibs,Inb,Irf: 1.000000e+01 1.826171e+00 0.000000e+00 8.911579e-02
 fni,fbs: 0.192 0.183
 ELAPASED TIME = 1770 sec
