NCAPTC: : NetCDF: Variable not found
Warning: ieee_overflow is signaling
Warning: ieee_underflow is signaling
Warning: ieee_inexact is signaling
FORTRAN STOP
 solver
 /global/common/software/atom/perlmutter/data/greentable/
 /global/common/software/atom/perlmutter/data/greentable/

          EFITD Version  07/09/2014


 type mode (2=file, 3=snap, 4=time, 5=input, 6=com file, 7=snap_ext):

 number of time slices?

 type input file names:
 #
 table_dir = </global/common/software/atom/perlmutter/data/greentable/>

  ----- time =     1 ms ----- ( 0)
 it=  1 chi2=0.00E+00 zm= 7.53E-03 err=5.202E+00 dz= 7.535E-03 chigam= 0.00E+00
 it=  2 chi2=0.00E+00 zm= 1.07E-02 err=8.516E-01 dz= 3.196E-03 chigam= 0.00E+00
 it=  3 chi2=0.00E+00 zm= 1.31E-02 err=4.855E-01 dz= 2.409E-03 chigam= 0.00E+00
 it=  4 chi2=0.00E+00 zm= 1.50E-02 err=2.853E-01 dz= 1.823E-03 chigam= 0.00E+00
 it=  5 chi2=0.00E+00 zm= 1.63E-02 err=1.706E-01 dz= 1.386E-03 chigam= 0.00E+00
 it=  6 chi2=0.00E+00 zm= 1.74E-02 err=1.048E-01 dz= 1.059E-03 chigam= 0.00E+00
 it=  7 chi2=0.00E+00 zm= 1.82E-02 err=6.795E-02 dz= 8.090E-04 chigam= 0.00E+00
 it=  8 chi2=0.00E+00 zm= 1.88E-02 err=3.989E-02 dz= 6.025E-04 chigam= 0.00E+00
 it=  9 chi2=0.00E+00 zm= 1.93E-02 err=2.239E-02 dz= 4.464E-04 chigam= 0.00E+00
 it= 10 chi2=0.00E+00 zm= 1.96E-02 err=1.471E-02 dz= 3.307E-04 chigam= 0.00E+00
 it= 11 chi2=0.00E+00 zm= 1.98E-02 err=6.946E-03 dz= 2.404E-04 chigam= 0.00E+00
 it= 12 chi2=0.00E+00 zm= 2.00E-02 err=4.966E-03 dz= 1.762E-04 chigam= 0.00E+00
 it= 13 chi2=0.00E+00 zm= 2.01E-02 err=2.611E-03 dz= 1.293E-04 chigam= 0.00E+00
 it= 14 chi2=0.00E+00 zm= 2.02E-02 err=1.975E-03 dz= 9.448E-05 chigam= 0.00E+00
 it= 15 chi2=0.00E+00 zm= 2.03E-02 err=1.462E-03 dz= 6.894E-05 chigam= 0.00E+00
 it= 16 chi2=0.00E+00 zm= 2.04E-02 err=4.991E-03 dz= 5.627E-05 chigam= 0.00E+00
 it= 17 chi2=0.00E+00 zm= 2.04E-02 err=3.355E-03 dz= 4.459E-05 chigam= 0.00E+00
 it= 18 chi2=0.00E+00 zm= 2.04E-02 err=1.832E-03 dz= 3.334E-05 chigam= 0.00E+00
 it= 19 chi2=0.00E+00 zm= 2.05E-02 err=1.023E-03 dz= 2.476E-05 chigam= 0.00E+00
 it= 20 chi2=0.00E+00 zm= 2.05E-02 err=5.886E-04 dz= 1.830E-05 chigam= 0.00E+00
 it= 21 chi2=0.00E+00 zm= 2.05E-02 err=3.498E-04 dz= 1.347E-05 chigam= 0.00E+00
 it= 22 chi2=0.00E+00 zm= 2.05E-02 err=2.151E-04 dz= 9.882E-06 chigam= 0.00E+00
 it= 23 chi2=0.00E+00 zm= 2.05E-02 err=1.370E-04 dz= 7.236E-06 chigam= 0.00E+00
 it= 24 chi2=0.00E+00 zm= 2.05E-02 err=9.011E-05 dz= 5.288E-06 chigam= 0.00E+00

      ******************** EFITD129 x 129  output ********************

       data used:   
  0 flux loops
  0 magnetic probes(i)
  0 full rogowski
  0 diamagnetic loop


 shot #   =          1 time(ms) =          1 chi**2   =  0.000E+00
 betat(%) =      1.086 betap    =      0.547 li       =      0.859
 vol(cm3) =  0.776E+07 rout(cm) =    172.167 zout(cm) =      0.810
 elong    =      1.345 utriang  =     -0.373 ltriang  =     -0.308
 a(cm)    =     41.398 lin(cm)  = ********** lout(cm) =     10.611
 ltop(cm) = ********** q*       =      2.309 rc(cm)   =    176.587
 zc(cm)   =      1.828 bt0(t)   =      2.000 qout     =      2.204
