========================================================================
= FASTRAN

nonlinear model = 0
ichi = 0
ineo = 0
reading state...
read formatted input, inprof...
init geometry...
read formatted input, inmetric...
nrho in inmetric = 101
rhob in inmetric = 1.261605e+00
solve avg grad-shafranv...
solve_avg_gs::Ip_temp = 9.992120e+00 
solve_avg_gs::Ip      = 1.000000e+01 
>>> tau_he = 5.000000, nhe(0)=2.409589e+00

 plasma volume = 148.060146
 stored energy(e,i,b) = 5.034048e+01 4.456251e+01 0.000000e+00
 betan = 1.080865
*power
 Pnb(e,i) = 0.000000e+00 0.000000e+00
 Prf(e,i) = 1.211924e+01 2.789959e+01
 Prad     = -3.536037e+01 
 Pei      = 2.498590e+00 
 Pfuse    = 4.110555e+01 
 Pfusi    = 1.274442e+01 
 Poh      = 0.000000e+00 
*confinement time
 taut, tauITER98y2, H98y2 : 1.622040e+00 1.895385e+00 8.557839e-01
 taue, taui : 2.472153e+00 4.349331e+00
 taut, tau89, H89 : 1.622040e+00 9.008316e-01 1.800602e+00
*temperature
 nea, nebar : 1.864898e+01 2.143549e+01 
 tea, tia : 6.533917e+00 6.625103e+00 (9.862364e-01)
 te0, ti0 : 1.938352e+01 2.177252e+01 (8.902744e-01)
 Sn : 0.000000e+00 
*current balance
 Ip,Ibs,Inb,Irf: 1.000000e+01 1.750849e+00 0.000000e+00 1.562162e-01
 fni,fbs: 0.191 0.175

Time advancing...
rho_bdry 0.950000 ...
te_bdry = 1.923139
ti_bdry = 1.923358
ne_bdry = 11.710562
rv_bdry = 100.762170
nrho_tr_bdry = 19
drho_bdry = 0.000000e+00
nrhob = 95
 [    0] t = 0.0000 
>>> tau_he = 5.000000, nhe(0)=2.388360e+00
 5     -0.002   4.53e-03   1.46e-01   2.16e-03  -7.21e-03   0.00e+00 (  7.67e-01,  4.89e+01)
10      0.001   3.63e-03  -1.56e-03   2.65e-04   3.41e-03   0.00e+00 (  1.10e+00,  9.09e+01)
15      0.009   2.92e-02  -3.39e-02  -1.10e-02   6.48e-02   0.00e+00 (  1.22e+01,  1.26e+02)
20      0.022   7.40e-02  -2.43e-03   1.35e-02   1.84e-01   0.00e+00 (  3.75e+01,  1.49e+02)
25      0.042   1.33e-01   1.06e-01   2.66e-02   3.94e-01   0.00e+00 (  7.55e+01,  1.66e+02)
30      0.048   1.80e-01   1.77e-01   6.62e-02   4.93e-01   0.00e+00 (  1.08e+02,  1.75e+02)
35      0.050   2.02e-01   2.16e-01   9.09e-02   5.58e-01   0.00e+00 (  1.13e+02,  1.74e+02)
40      0.087   2.70e-01   3.43e-01   1.43e-01   1.04e+00   0.00e+00 (  1.36e+02,  1.68e+02)
45      0.109   2.99e-01   4.24e-01   1.75e-01   1.38e+00   0.00e+00 (  1.33e+02,  1.56e+02)
50      0.135   3.35e-01   5.28e-01   2.17e-01   1.80e+00   0.00e+00 (  1.29e+02,  1.43e+02)
55      0.160   3.78e-01   6.56e-01   3.36e-01   2.21e+00   0.00e+00 (  1.27e+02,  1.29e+02)
60      0.141   3.63e-01   6.12e-01   3.96e-01   2.02e+00   0.00e+00 (  1.09e+02,  1.15e+02)
65      0.180   4.26e-01   7.94e-01   5.50e-01   2.65e+00   0.00e+00 (  1.11e+02,  1.03e+02)
70      0.202   4.72e-01   9.25e-01   6.99e-01   3.04e+00   0.00e+00 (  1.06e+02,  9.15e+01)
75      0.201   4.83e-01   9.44e-01   7.64e-01   3.10e+00   0.00e+00 (  9.72e+01,  8.21e+01)
80      0.189   4.75e-01   9.19e-01   7.73e-01   3.06e+00   0.00e+00 (  8.76e+01,  7.44e+01)
85      0.186   4.64e-01   8.74e-01   7.24e-01   3.63e+00   0.00e+00 (  8.11e+01,  6.83e+01)
90      0.215   4.98e-01   7.85e-01   5.45e-01   7.61e+00   0.00e+00 (  9.09e+01,  6.36e+01)
95      0.182   3.76e-01   5.48e-01   3.82e-01   1.14e+01   0.00e+00 (  1.36e+02,  5.92e+01)
 0 e: 5.082e-07 i: 4.416e-06 :: e: 0.000e+00 i: 0.000e+00 :: n: 2.762e+01 e:19.384 i:21.773 v:4.993e+03
>>> tau_he = 5.000000, nhe(0)=2.380831e+00
 5     -0.001   4.85e-03   1.91e-01   2.43e-03  -5.93e-03   0.00e+00 (  8.19e-01,  4.89e+01)
10      0.001   3.67e-03  -1.54e-03   2.75e-04   3.32e-03   0.00e+00 (  1.12e+00,  9.09e+01)
15      0.011   3.26e-02  -3.52e-02  -1.02e-02   7.68e-02   0.00e+00 (  1.38e+01,  1.26e+02)
20      0.026   7.75e-02   8.76e-04   1.28e-02   2.15e-01   0.00e+00 (  3.95e+01,  1.49e+02)
25      0.042   1.33e-01   1.05e-01   2.66e-02   3.91e-01   0.00e+00 (  7.59e+01,  1.66e+02)
30      0.047   1.78e-01   1.73e-01   6.57e-02   4.86e-01   0.00e+00 (  1.06e+02,  1.75e+02)
35      0.083   2.44e-01   2.96e-01   1.30e-01   9.29e-01   0.00e+00 (  1.37e+02,  1.74e+02)
40      0.086   2.68e-01   3.41e-01   1.42e-01   1.03e+00   0.00e+00 (  1.35e+02,  1.68e+02)
45      0.109   2.99e-01   4.24e-01   1.75e-01   1.38e+00   0.00e+00 (  1.33e+02,  1.56e+02)
50      0.136   3.35e-01   5.30e-01   2.18e-01   1.80e+00   0.00e+00 (  1.29e+02,  1.43e+02)
55      0.158   3.76e-01   6.51e-01   3.34e-01   2.19e+00   0.00e+00 (  1.26e+02,  1.29e+02)
60      0.144   3.66e-01   6.20e-01   4.04e-01   2.06e+00   0.00e+00 (  1.10e+02,  1.15e+02)
65      0.179   4.24e-01   7.90e-01   5.47e-01   2.63e+00   0.00e+00 (  1.10e+02,  1.03e+02)
70      0.200   4.69e-01   9.17e-01   6.92e-01   3.01e+00   0.00e+00 (  1.05e+02,  9.15e+01)
75      0.200   4.81e-01   9.40e-01   7.60e-01   3.08e+00   0.00e+00 (  9.67e+01,  8.21e+01)
80      0.190   4.76e-01   9.22e-01   7.75e-01   3.07e+00   0.00e+00 (  8.81e+01,  7.44e+01)
85      0.190   4.72e-01   8.90e-01   7.39e-01   3.70e+00   0.00e+00 (  8.38e+01,  6.83e+01)
90      0.216   4.97e-01   7.91e-01   5.50e-01   7.64e+00   0.00e+00 (  9.34e+01,  6.36e+01)
95      0.183   3.77e-01   5.49e-01   3.79e-01   1.14e+01   0.00e+00 (  1.32e+02,  5.92e+01)
 1 e: 2.288e-02 i: 8.379e-02 :: e: 9.826e-03 i: 1.418e-02 :: n: 2.762e+01 e:19.405 i:21.687 v:4.993e+03
>>> tau_he = 5.000000, nhe(0)=2.687640e+00
 5     -0.008   6.82e-03   4.78e-01   4.41e-03  -3.89e-02   0.00e+00 (  2.39e+00,  4.89e+01)
10     -0.047   4.52e-02   1.28e-01   7.80e-03  -2.79e-01   0.00e+00 (  3.18e+01,  9.09e+01)
15     -0.032   1.19e-01   1.07e-01  -1.64e-03  -2.33e-01   0.00e+00 (  1.02e+02,  1.26e+02)
20      0.078   2.23e-01   3.06e-01   7.67e-02   6.48e-01   0.00e+00 (  1.72e+02,  1.49e+02)
25      0.052   1.55e-01   1.43e-01   2.85e-02   4.82e-01   0.00e+00 (  1.04e+02,  1.66e+02)
30      0.053   1.83e-01   1.83e-01   4.26e-02   5.50e-01   0.00e+00 (  1.13e+02,  1.75e+02)
35      0.089   2.39e-01   2.96e-01   1.24e-01   9.90e-01   0.00e+00 (  1.35e+02,  1.74e+02)
40      0.094   2.51e-01   3.52e-01   1.65e-01   1.13e+00   0.00e+00 (  1.20e+02,  1.68e+02)
45      0.120   2.87e-01   4.45e-01   1.82e-01   1.52e+00   0.00e+00 (  1.20e+02,  1.56e+02)
50      0.139   3.19e-01   5.49e-01   2.30e-01   1.85e+00   0.00e+00 (  1.15e+02,  1.43e+02)
55      0.156   3.55e-01   6.55e-01   3.40e-01   2.16e+00   0.00e+00 (  1.12e+02,  1.29e+02)
60      0.144   3.51e-01   6.28e-01   4.12e-01   2.06e+00   0.00e+00 (  1.01e+02,  1.15e+02)
65      0.164   3.90e-01   7.45e-01   5.19e-01   2.41e+00   0.00e+00 (  9.48e+01,  1.03e+02)
70      0.178   4.22e-01   8.36e-01   6.34e-01   2.68e+00   0.00e+00 (  8.85e+01,  9.15e+01)
75      0.180   4.41e-01   8.68e-01   7.05e-01   2.77e+00   0.00e+00 (  8.47e+01,  8.21e+01)
80      0.174   4.50e-01   8.76e-01   7.41e-01   2.81e+00   0.00e+00 (  8.28e+01,  7.44e+01)
85      0.172   4.43e-01   8.36e-01   7.01e-01   3.35e+00   0.00e+00 (  7.95e+01,  6.83e+01)
90      0.184   4.31e-01   6.81e-01   4.76e-01   6.53e+00   0.00e+00 (  7.18e+01,  6.36e+01)
95      0.182   3.76e-01   5.48e-01   3.76e-01   1.14e+01   0.00e+00 (  1.24e+02,  5.92e+01)
 2 e: 4.557e-03 i: 1.919e-03 :: e: 8.583e-02 i: 1.016e-01 :: n: 2.762e+01 e:22.114 i:25.609 v:4.993e+03
>>> tau_he = 5.000000, nhe(0)=2.710603e+00
 5     -0.011   7.03e-03   4.68e-01   5.21e-03  -5.33e-02   0.00e+00 (  2.94e+00,  4.89e+01)
10     -0.109   4.65e-02   3.68e-02   6.71e-03  -6.53e-01   0.00e+00 (  3.85e+01,  9.09e+01)
15     -0.068   1.09e-01   4.12e-02  -4.71e-03  -4.90e-01   0.00e+00 (  1.07e+02,  1.26e+02)
20      0.058   2.40e-01   3.32e-01   1.02e-01   4.83e-01   0.00e+00 (  2.11e+02,  1.49e+02)
25      0.090   2.43e-01   3.00e-01   1.18e-01   8.37e-01   0.00e+00 (  1.88e+02,  1.66e+02)
30      0.095   2.45e-01   3.11e-01   1.23e-01   9.77e-01   0.00e+00 (  1.68e+02,  1.75e+02)
35      0.086   2.43e-01   3.06e-01   1.27e-01   9.56e-01   0.00e+00 (  1.47e+02,  1.74e+02)
40      0.092   2.57e-01   3.63e-01   1.71e-01   1.10e+00   0.00e+00 (  1.29e+02,  1.68e+02)
45      0.119   2.86e-01   4.51e-01   1.83e-01   1.51e+00   0.00e+00 (  1.22e+02,  1.56e+02)
50      0.135   3.10e-01   5.42e-01   2.28e-01   1.80e+00   0.00e+00 (  1.12e+02,  1.43e+02)
55      0.149   3.39e-01   6.32e-01   3.27e-01   2.07e+00   0.00e+00 (  1.04e+02,  1.29e+02)
60      0.137   3.31e-01   5.96e-01   3.93e-01   1.96e+00   0.00e+00 (  9.16e+01,  1.15e+02)
65      0.155   3.63e-01   6.95e-01   4.86e-01   2.28e+00   0.00e+00 (  8.41e+01,  1.03e+02)
70      0.167   3.90e-01   7.74e-01   5.89e-01   2.52e+00   0.00e+00 (  7.72e+01,  9.15e+01)
75      0.169   4.04e-01   7.97e-01   6.49e-01   2.60e+00   0.00e+00 (  7.29e+01,  8.21e+01)
80      0.164   4.12e-01   8.02e-01   6.80e-01   2.65e+00   0.00e+00 (  7.06e+01,  7.44e+01)
85      0.161   4.06e-01   7.66e-01   6.42e-01   3.13e+00   0.00e+00 (  6.73e+01,  6.83e+01)
90      0.171   4.04e-01   6.29e-01   4.36e-01   6.07e+00   0.00e+00 (  6.13e+01,  6.36e+01)
95      0.182   3.76e-01   5.47e-01   3.74e-01   1.14e+01   0.00e+00 (  1.22e+02,  5.92e+01)
 3 e: 8.532e-04 i: 1.427e-03 :: e: 1.308e-01 i: 1.351e-01 :: n: 2.762e+01 e:23.366 i:25.997 v:4.993e+03
>>> tau_he = 5.000000, nhe(0)=2.711251e+00
 5     -0.012   7.00e-03   4.55e-01   5.02e-03  -5.46e-02   0.00e+00 (  2.95e+00,  4.89e+01)
10     -0.109   4.37e-02   3.50e-02   6.78e-03  -6.53e-01   0.00e+00 (  3.56e+01,  9.09e+01)
15     -0.067   1.08e-01   4.56e-02  -6.18e-03  -4.81e-01   0.00e+00 (  1.02e+02,  1.26e+02)
20      0.059   2.25e-01   3.08e-01   8.32e-02   4.89e-01   0.00e+00 (  1.88e+02,  1.49e+02)
25      0.088   2.35e-01   2.90e-01   1.08e-01   8.21e-01   0.00e+00 (  1.77e+02,  1.66e+02)
30      0.095   2.41e-01   3.06e-01   1.22e-01   9.82e-01   0.00e+00 (  1.62e+02,  1.75e+02)
35      0.088   2.41e-01   3.07e-01   1.29e-01   9.86e-01   0.00e+00 (  1.44e+02,  1.74e+02)
40      0.100   2.53e-01   3.72e-01   1.51e-01   1.20e+00   0.00e+00 (  1.27e+02,  1.68e+02)
45      0.126   2.86e-01   4.65e-01   1.88e-01   1.60e+00   0.00e+00 (  1.21e+02,  1.56e+02)
50      0.140   3.08e-01   5.57e-01   2.34e-01   1.86e+00   0.00e+00 (  1.10e+02,  1.43e+02)
55      0.152   3.34e-01   6.40e-01   3.34e-01   2.11e+00   0.00e+00 (  1.01e+02,  1.29e+02)
60      0.138   3.22e-01   5.96e-01   3.94e-01   1.97e+00   0.00e+00 (  8.71e+01,  1.15e+02)
65      0.153   3.53e-01   6.88e-01   4.84e-01   2.26e+00   0.00e+00 (  7.98e+01,  1.03e+02)
70      0.163   3.75e-01   7.54e-01   5.76e-01   2.45e+00   0.00e+00 (  7.21e+01,  9.15e+01)
75      0.162   3.85e-01   7.64e-01   6.24e-01   2.50e+00   0.00e+00 (  6.69e+01,  8.21e+01)
80      0.156   3.89e-01   7.60e-01   6.45e-01   2.52e+00   0.00e+00 (  6.39e+01,  7.44e+01)
85      0.152   3.83e-01   7.22e-01   6.05e-01   2.96e+00   0.00e+00 (  6.03e+01,  6.83e+01)
90      0.163   3.88e-01   5.97e-01   4.11e-01   5.78e+00   0.00e+00 (  5.58e+01,  6.36e+01)
95      0.182   3.76e-01   5.47e-01   3.73e-01   1.14e+01   0.00e+00 (  1.21e+02,  5.92e+01)
 4 e: 4.172e-04 i: 1.216e-03 :: e: 1.330e-01 i: 1.347e-01 :: n: 2.762e+01 e:22.856 i:26.010 v:4.993e+03
>>> tau_he = 5.000000, nhe(0)=2.674660e+00
 5     -0.012   6.65e-03   4.35e-01   5.06e-03  -5.44e-02   0.00e+00 (  2.87e+00,  4.89e+01)
10     -0.110   4.38e-02   3.12e-02   6.79e-03  -6.59e-01   0.00e+00 (  3.56e+01,  9.09e+01)
15     -0.051   1.16e-01   6.79e-02  -7.68e-03  -3.63e-01   0.00e+00 (  1.08e+02,  1.26e+02)
20      0.057   2.13e-01   2.85e-01   7.69e-02   4.76e-01   0.00e+00 (  1.72e+02,  1.49e+02)
25      0.038   1.63e-01   1.43e-01   2.84e-02   3.56e-01   0.00e+00 (  1.20e+02,  1.66e+02)
30      0.092   2.37e-01   3.03e-01   1.21e-01   9.47e-01   0.00e+00 (  1.60e+02,  1.75e+02)
35      0.087   2.39e-01   3.09e-01   1.30e-01   9.69e-01   0.00e+00 (  1.44e+02,  1.74e+02)
40      0.100   2.59e-01   3.81e-01   1.52e-01   1.20e+00   0.00e+00 (  1.31e+02,  1.68e+02)
45      0.126   2.86e-01   4.71e-01   1.90e-01   1.60e+00   0.00e+00 (  1.22e+02,  1.56e+02)
50      0.138   3.06e-01   5.59e-01   2.36e-01   1.84e+00   0.00e+00 (  1.09e+02,  1.43e+02)
55      0.149   3.31e-01   6.37e-01   3.33e-01   2.07e+00   0.00e+00 (  1.00e+02,  1.29e+02)
60      0.134   3.16e-01   5.87e-01   3.89e-01   1.92e+00   0.00e+00 (  8.49e+01,  1.15e+02)
65      0.149   3.45e-01   6.72e-01   4.74e-01   2.20e+00   0.00e+00 (  7.69e+01,  1.03e+02)
70      0.158   3.64e-01   7.32e-01   5.60e-01   2.38e+00   0.00e+00 (  6.87e+01,  9.15e+01)
75      0.157   3.70e-01   7.35e-01   6.01e-01   2.41e+00   0.00e+00 (  6.28e+01,  8.21e+01)
80      0.150   3.72e-01   7.26e-01   6.17e-01   2.43e+00   0.00e+00 (  5.91e+01,  7.44e+01)
85      0.147   3.66e-01   6.90e-01   5.78e-01   2.86e+00   0.00e+00 (  5.55e+01,  6.83e+01)
90      0.158   3.78e-01   5.76e-01   3.94e-01   5.61e+00   0.00e+00 (  5.21e+01,  6.36e+01)
95      0.182   3.76e-01   5.47e-01   3.74e-01   1.14e+01   0.00e+00 (  1.20e+02,  5.92e+01)
 5 e: 5.082e-04 i: 5.809e-04 :: e: 1.234e-01 i: 1.256e-01 :: n: 2.762e+01 e:22.659 i:25.456 v:4.993e+03
>>> tau_he = 5.000000, nhe(0)=2.653525e+00
 5     -0.011   6.44e-03   4.23e-01   4.95e-03  -5.34e-02   0.00e+00 (  2.76e+00,  4.89e+01)
10     -0.103   4.12e-02   3.08e-02   3.88e-03  -6.14e-01   0.00e+00 (  3.26e+01,  9.09e+01)
15     -0.038   1.05e-01   6.60e-02  -4.73e-03  -2.70e-01   0.00e+00 (  9.31e+01,  1.26e+02)
20      0.032   1.27e-01   1.08e-01   5.17e-03   2.63e-01   0.00e+00 (  9.79e+01,  1.49e+02)
25      0.040   1.55e-01   1.39e-01   2.81e-02   3.71e-01   0.00e+00 (  1.11e+02,  1.66e+02)
30      0.047   1.84e-01   1.81e-01   4.15e-02   4.80e-01   0.00e+00 (  1.20e+02,  1.75e+02)
35      0.085   2.33e-01   3.01e-01   1.27e-01   9.50e-01   0.00e+00 (  1.37e+02,  1.74e+02)
40      0.101   2.49e-01   3.73e-01   1.47e-01   1.21e+00   0.00e+00 (  1.24e+02,  1.68e+02)
45      0.125   2.78e-01   4.65e-01   1.89e-01   1.59e+00   0.00e+00 (  1.17e+02,  1.56e+02)
50      0.137   3.00e-01   5.51e-01   2.33e-01   1.83e+00   0.00e+00 (  1.06e+02,  1.43e+02)
55      0.148   3.24e-01   6.29e-01   3.29e-01   2.06e+00   0.00e+00 (  9.64e+01,  1.29e+02)
60      0.133   3.10e-01   5.78e-01   3.84e-01   1.91e+00   0.00e+00 (  8.19e+01,  1.15e+02)
65      0.148   3.38e-01   6.63e-01   4.68e-01   2.18e+00   0.00e+00 (  7.43e+01,  1.03e+02)
70      0.157   3.56e-01   7.20e-01   5.52e-01   2.36e+00   0.00e+00 (  6.62e+01,  9.15e+01)
75      0.154   3.61e-01   7.19e-01   5.88e-01   2.38e+00   0.00e+00 (  6.01e+01,  8.21e+01)
80      0.147   3.62e-01   7.07e-01   6.01e-01   2.38e+00   0.00e+00 (  5.62e+01,  7.44e+01)
85      0.143   3.55e-01   6.70e-01   5.61e-01   2.79e+00   0.00e+00 (  5.25e+01,  6.83e+01)
90      0.155   3.71e-01   5.62e-01   3.83e-01   5.48e+00   0.00e+00 (  4.98e+01,  6.36e+01)
95      0.182   3.76e-01   5.47e-01   3.74e-01   1.14e+01   0.00e+00 (  1.19e+02,  5.92e+01)
 6 e: 8.437e-05 i: 2.567e-04 :: e: 1.074e-01 i: 1.040e-01 :: n: 2.762e+01 e:22.116 i:25.143 v:4.993e+03
>>> tau_he = 5.000000, nhe(0)=2.632381e+00
 5     -0.011   6.26e-03   4.15e-01   4.94e-03  -5.24e-02   0.00e+00 (  2.69e+00,  4.89e+01)
10     -0.097   3.95e-02   3.02e-02   3.44e-03  -5.82e-01   0.00e+00 (  3.08e+01,  9.09e+01)
15     -0.032   1.02e-01   6.60e-02  -4.88e-03  -2.32e-01   0.00e+00 (  8.91e+01,  1.26e+02)
20      0.032   1.25e-01   1.08e-01   5.46e-03   2.65e-01   0.00e+00 (  9.58e+01,  1.49e+02)
25      0.039   1.53e-01   1.40e-01   2.90e-02   3.67e-01   0.00e+00 (  1.09e+02,  1.66e+02)
30      0.079   2.26e-01   2.59e-01   9.62e-02   8.16e-01   0.00e+00 (  1.47e+02,  1.75e+02)
35      0.084   2.30e-01   3.02e-01   1.29e-01   9.40e-01   0.00e+00 (  1.34e+02,  1.74e+02)
40      0.098   2.52e-01   3.77e-01   1.56e-01   1.18e+00   0.00e+00 (  1.25e+02,  1.68e+02)
45      0.123   2.78e-01   4.66e-01   1.89e-01   1.56e+00   0.00e+00 (  1.17e+02,  1.56e+02)
50      0.135   2.99e-01   5.52e-01   2.34e-01   1.80e+00   0.00e+00 (  1.05e+02,  1.43e+02)
55      0.146   3.22e-01   6.27e-01   3.29e-01   2.03e+00   0.00e+00 (  9.51e+01,  1.29e+02)
60      0.154   3.36e-01   6.67e-01   4.20e-01   2.21e+00   0.00e+00 (  8.83e+01,  1.15e+02)
65      0.146   3.34e-01   6.57e-01   4.65e-01   2.15e+00   0.00e+00 (  7.30e+01,  1.03e+02)
70      0.154   3.52e-01   7.12e-01   5.47e-01   2.32e+00   0.00e+00 (  6.50e+01,  9.15e+01)
75      0.151   3.56e-01   7.08e-01   5.80e-01   2.33e+00   0.00e+00 (  5.86e+01,  8.21e+01)
80      0.145   3.55e-01   6.94e-01   5.90e-01   2.33e+00   0.00e+00 (  5.44e+01,  7.44e+01)
85      0.141   3.48e-01   6.58e-01   5.51e-01   2.74e+00   0.00e+00 (  5.06e+01,  6.83e+01)
90      0.152   3.66e-01   5.52e-01   3.75e-01   5.40e+00   0.00e+00 (  4.83e+01,  6.36e+01)
95      0.182   3.76e-01   5.47e-01   3.73e-01   1.14e+01   0.00e+00 (  1.19e+02,  5.92e+01)
 7 e: 1.728e-04 i: 1.041e-04 :: e: 9.944e-02 i: 1.017e-01 :: n: 2.762e+01 e:21.964 i:24.838 v:4.993e+03
>>> tau_he = 5.000000, nhe(0)=2.624278e+00
 5     -0.011   6.19e-03   4.13e-01   4.89e-03  -5.21e-02   0.00e+00 (  2.65e+00,  4.89e+01)
10     -0.092   3.79e-02   3.05e-02   3.19e-03  -5.50e-01   0.00e+00 (  2.91e+01,  9.09e+01)
15     -0.027   1.00e-01   6.43e-02  -4.67e-03  -1.94e-01   0.00e+00 (  8.52e+01,  1.26e+02)
20      0.032   1.23e-01   1.06e-01   5.64e-03   2.68e-01   0.00e+00 (  9.34e+01,  1.49e+02)
25      0.039   1.50e-01   1.37e-01   2.89e-02   3.65e-01   0.00e+00 (  1.07e+02,  1.66e+02)
30      0.046   1.78e-01   1.79e-01   4.41e-02   4.78e-01   0.00e+00 (  1.14e+02,  1.75e+02)
35      0.082   2.25e-01   2.94e-01   1.26e-01   9.15e-01   0.00e+00 (  1.29e+02,  1.74e+02)
40      0.098   2.43e-01   3.68e-01   1.51e-01   1.17e+00   0.00e+00 (  1.19e+02,  1.68e+02)
45      0.120   2.72e-01   4.55e-01   1.84e-01   1.52e+00   0.00e+00 (  1.12e+02,  1.56e+02)
50      0.133   2.93e-01   5.39e-01   2.28e-01   1.76e+00   0.00e+00 (  1.01e+02,  1.43e+02)
55      0.144   3.15e-01   6.12e-01   3.21e-01   1.99e+00   0.00e+00 (  9.17e+01,  1.29e+02)
60      0.150   3.28e-01   6.46e-01   4.09e-01   2.15e+00   0.00e+00 (  8.44e+01,  1.15e+02)
65      0.145   3.29e-01   6.44e-01   4.56e-01   2.13e+00   0.00e+00 (  7.07e+01,  1.03e+02)
70      0.153   3.47e-01   7.02e-01   5.39e-01   2.31e+00   0.00e+00 (  6.33e+01,  9.15e+01)
75      0.151   3.51e-01   6.98e-01   5.72e-01   2.32e+00   0.00e+00 (  5.71e+01,  8.21e+01)
80      0.144   3.50e-01   6.83e-01   5.82e-01   2.32e+00   0.00e+00 (  5.29e+01,  7.44e+01)
85      0.140   3.43e-01   6.48e-01   5.43e-01   2.72e+00   0.00e+00 (  4.91e+01,  6.83e+01)
90      0.151   3.63e-01   5.46e-01   3.70e-01   5.35e+00   0.00e+00 (  4.71e+01,  6.36e+01)
95      0.182   3.76e-01   5.47e-01   3.73e-01   1.14e+01   0.00e+00 (  1.18e+02,  5.92e+01)
 8 e: 2.282e-05 i: 1.143e-04 :: e: 9.896e-02 i: 9.336e-02 :: n: 2.762e+01 e:21.678 i:24.722 v:4.993e+03
>>> tau_he = 5.000000, nhe(0)=2.612284e+00
 5     -0.011   6.09e-03   4.09e-01   4.90e-03  -5.17e-02   0.00e+00 (  2.62e+00,  4.89e+01)
10     -0.063   3.75e-02   2.66e-02   5.18e-03  -3.79e-01   0.00e+00 (  2.86e+01,  9.09e+01)
15     -0.029   9.92e-02   6.50e-02  -4.47e-03  -2.11e-01   0.00e+00 (  8.35e+01,  1.26e+02)
20      0.032   1.23e-01   1.07e-01   5.78e-03   2.67e-01   0.00e+00 (  9.30e+01,  1.49e+02)
25      0.081   2.13e-01   2.68e-01   9.77e-02   7.57e-01   0.00e+00 (  1.51e+02,  1.66e+02)
30      0.079   2.20e-01   2.55e-01   9.69e-02   8.10e-01   0.00e+00 (  1.41e+02,  1.75e+02)
35      0.082   2.23e-01   2.96e-01   1.27e-01   9.14e-01   0.00e+00 (  1.28e+02,  1.74e+02)
40      0.098   2.43e-01   3.71e-01   1.52e-01   1.17e+00   0.00e+00 (  1.18e+02,  1.68e+02)
45      0.120   2.72e-01   4.59e-01   1.86e-01   1.52e+00   0.00e+00 (  1.12e+02,  1.56e+02)
50      0.132   2.92e-01   5.42e-01   2.30e-01   1.76e+00   0.00e+00 (  1.01e+02,  1.43e+02)
55      0.143   3.14e-01   6.14e-01   3.22e-01   1.98e+00   0.00e+00 (  9.11e+01,  1.29e+02)
60      0.147   3.24e-01   6.41e-01   4.06e-01   2.11e+00   0.00e+00 (  8.31e+01,  1.15e+02)
65      0.144   3.27e-01   6.44e-01   4.56e-01   2.11e+00   0.00e+00 (  7.04e+01,  1.03e+02)
70      0.153   3.46e-01   7.03e-01   5.40e-01   2.30e+00   0.00e+00 (  6.31e+01,  9.15e+01)
75      0.150   3.49e-01   6.97e-01   5.71e-01   2.30e+00   0.00e+00 (  5.68e+01,  8.21e+01)
80      0.142   3.47e-01   6.79e-01   5.79e-01   2.30e+00   0.00e+00 (  5.24e+01,  7.44e+01)
85      0.138   3.40e-01   6.43e-01   5.38e-01   2.69e+00   0.00e+00 (  4.85e+01,  6.83e+01)
90      0.149   3.59e-01   5.39e-01   3.64e-01   5.28e+00   0.00e+00 (  4.64e+01,  6.36e+01)
95      0.182   3.76e-01   5.47e-01   3.73e-01   1.14e+01   0.00e+00 (  1.18e+02,  5.92e+01)
 9 e: 8.870e-05 i: 1.375e-04 :: e: 9.886e-02 i: 9.426e-02 :: n: 2.762e+01 e:21.623 i:24.555 v:4.993e+03
>>> tau_he = 5.000000, nhe(0)=2.605729e+00
 5     -0.011   6.03e-03   4.05e-01   4.86e-03  -5.16e-02   0.00e+00 (  2.60e+00,  4.89e+01)
10     -0.061   3.68e-02   2.64e-02   5.08e-03  -3.67e-01   0.00e+00 (  2.78e+01,  9.09e+01)
15     -0.026   9.78e-02   6.46e-02  -4.38e-03  -1.88e-01   0.00e+00 (  8.12e+01,  1.26e+02)
20      0.032   1.21e-01   1.06e-01   5.98e-03   2.69e-01   0.00e+00 (  9.10e+01,  1.49e+02)
25      0.038   1.47e-01   1.34e-01   2.91e-02   3.57e-01   0.00e+00 (  1.02e+02,  1.66e+02)
30      0.046   1.75e-01   1.78e-01   4.54e-02   4.74e-01   0.00e+00 (  1.11e+02,  1.75e+02)
35      0.080   2.20e-01   2.90e-01   1.25e-01   8.95e-01   0.00e+00 (  1.25e+02,  1.74e+02)
40      0.096   2.39e-01   3.64e-01   1.51e-01   1.15e+00   0.00e+00 (  1.16e+02,  1.68e+02)
45      0.117   2.68e-01   4.49e-01   1.82e-01   1.49e+00   0.00e+00 (  1.09e+02,  1.56e+02)
50      0.130   2.88e-01   5.30e-01   2.24e-01   1.73e+00   0.00e+00 (  9.81e+01,  1.43e+02)
55      0.105   2.64e-01   4.62e-01   2.57e-01   1.46e+00   0.00e+00 (  7.59e+01,  1.29e+02)
60      0.144   3.18e-01   6.23e-01   3.95e-01   2.07e+00   0.00e+00 (  8.04e+01,  1.15e+02)
65      0.143   3.23e-01   6.33e-01   4.48e-01   2.10e+00   0.00e+00 (  6.88e+01,  1.03e+02)
70      0.152   3.43e-01   6.95e-01   5.34e-01   2.29e+00   0.00e+00 (  6.21e+01,  9.15e+01)
75      0.150   3.47e-01   6.91e-01   5.66e-01   2.30e+00   0.00e+00 (  5.59e+01,  8.21e+01)
80      0.142   3.45e-01   6.74e-01   5.74e-01   2.30e+00   0.00e+00 (  5.16e+01,  7.44e+01)
85      0.138   3.38e-01   6.38e-01   5.34e-01   2.69e+00   0.00e+00 (  4.77e+01,  6.83e+01)
90      0.149   3.60e-01   5.39e-01   3.65e-01   5.29e+00   0.00e+00 (  4.60e+01,  6.36e+01)
95      0.182   3.76e-01   5.47e-01   3.73e-01   1.14e+01   0.00e+00 (  1.18e+02,  5.92e+01)
10 e: 1.714e-05 i: 7.661e-05 :: e: 9.833e-02 i: 9.256e-02 :: n: 2.762e+01 e:21.421 i:24.463 v:4.993e+03
>>> tau_he = 5.000000, nhe(0)=2.598971e+00
 5     -0.011   5.98e-03   4.04e-01   4.87e-03  -5.13e-02   0.00e+00 (  2.58e+00,  4.89e+01)
10     -0.060   3.62e-02   2.63e-02   4.87e-03  -3.57e-01   0.00e+00 (  2.71e+01,  9.09e+01)
15     -0.024   9.70e-02   6.49e-02  -4.53e-03  -1.72e-01   0.00e+00 (  7.98e+01,  1.26e+02)
20      0.033   1.21e-01   1.07e-01   6.11e-03   2.71e-01   0.00e+00 (  9.06e+01,  1.49e+02)
25      0.039   1.47e-01   1.36e-01   2.97e-02   3.61e-01   0.00e+00 (  1.02e+02,  1.66e+02)
30      0.047   1.76e-01   1.81e-01   4.67e-02   4.87e-01   0.00e+00 (  1.11e+02,  1.75e+02)
35      0.080   2.20e-01   2.92e-01   1.27e-01   8.97e-01   0.00e+00 (  1.24e+02,  1.74e+02)
40      0.096   2.40e-01   3.67e-01   1.53e-01   1.15e+00   0.00e+00 (  1.16e+02,  1.68e+02)
45      0.117   2.68e-01   4.52e-01   1.83e-01   1.48e+00   0.00e+00 (  1.09e+02,  1.56e+02)
50      0.130   2.87e-01   5.35e-01   2.27e-01   1.73e+00   0.00e+00 (  9.80e+01,  1.43e+02)
55      0.143   3.13e-01   6.15e-01   3.23e-01   1.98e+00   0.00e+00 (  9.04e+01,  1.29e+02)
60      0.144   3.18e-01   6.26e-01   3.96e-01   2.06e+00   0.00e+00 (  8.03e+01,  1.15e+02)
65      0.143   3.24e-01   6.37e-01   4.51e-01   2.10e+00   0.00e+00 (  6.91e+01,  1.03e+02)
70      0.152   3.44e-01   7.00e-01   5.38e-01   2.29e+00   0.00e+00 (  6.25e+01,  9.15e+01)
75      0.149   3.47e-01   6.94e-01   5.69e-01   2.30e+00   0.00e+00 (  5.63e+01,  8.21e+01)
80      0.142   3.45e-01   6.75e-01   5.75e-01   2.29e+00   0.00e+00 (  5.17e+01,  7.44e+01)
85      0.137   3.37e-01   6.37e-01   5.33e-01   2.67e+00   0.00e+00 (  4.78e+01,  6.83e+01)
90      0.148   3.57e-01   5.35e-01   3.61e-01   5.24e+00   0.00e+00 (  4.57e+01,  6.36e+01)
95      0.182   3.76e-01   5.47e-01   3.72e-01   1.14e+01   0.00e+00 (  1.18e+02,  5.92e+01)
11 e: 2.713e-05 i: 3.639e-05 :: e: 8.059e-02 i: 6.910e-02 :: n: 2.762e+01 e:21.399 i:24.370 v:4.993e+03
>>> tau_he = 5.000000, nhe(0)=2.601387e+00
 5     -0.011   6.00e-03   4.07e-01   4.86e-03  -5.15e-02   0.00e+00 (  2.58e+00,  4.89e+01)
10     -0.058   3.54e-02   2.72e-02   4.71e-03  -3.47e-01   0.00e+00 (  2.63e+01,  9.09e+01)
15     -0.022   9.73e-02   6.38e-02  -4.36e-03  -1.55e-01   0.00e+00 (  7.92e+01,  1.26e+02)
20      0.027   1.20e-01   1.06e-01   6.46e-03   2.23e-01   0.00e+00 (  9.01e+01,  1.49e+02)
25      0.039   1.46e-01   1.35e-01   2.94e-02   3.60e-01   0.00e+00 (  1.02e+02,  1.66e+02)
30      0.047   1.75e-01   1.79e-01   4.62e-02   4.86e-01   0.00e+00 (  1.11e+02,  1.75e+02)
35      0.079   2.18e-01   2.87e-01   1.25e-01   8.83e-01   0.00e+00 (  1.23e+02,  1.74e+02)
40      0.094   2.37e-01   3.60e-01   1.51e-01   1.13e+00   0.00e+00 (  1.14e+02,  1.68e+02)
45      0.115   2.65e-01   4.43e-01   1.80e-01   1.45e+00   0.00e+00 (  1.07e+02,  1.56e+02)
50      0.128   2.85e-01   5.23e-01   2.23e-01   1.70e+00   0.00e+00 (  9.68e+01,  1.43e+02)
55      0.141   3.09e-01   6.02e-01   3.16e-01   1.95e+00   0.00e+00 (  8.88e+01,  1.29e+02)
60      0.142   3.13e-01   6.11e-01   3.87e-01   2.03e+00   0.00e+00 (  7.87e+01,  1.15e+02)
65      0.142   3.22e-01   6.29e-01   4.45e-01   2.09e+00   0.00e+00 (  6.82e+01,  1.03e+02)
70      0.152   3.43e-01   6.94e-01   5.33e-01   2.30e+00   0.00e+00 (  6.20e+01,  9.15e+01)
75      0.150   3.46e-01   6.90e-01   5.65e-01   2.31e+00   0.00e+00 (  5.58e+01,  8.21e+01)
80      0.142   3.44e-01   6.72e-01   5.72e-01   2.30e+00   0.00e+00 (  5.13e+01,  7.44e+01)
85      0.138   3.37e-01   6.36e-01   5.32e-01   2.68e+00   0.00e+00 (  4.74e+01,  6.83e+01)
90      0.149   3.59e-01   5.38e-01   3.64e-01   5.28e+00   0.00e+00 (  4.57e+01,  6.36e+01)
95      0.182   3.76e-01   5.47e-01   3.72e-01   1.14e+01   0.00e+00 (  1.18e+02,  5.92e+01)
12 e: 2.143e-05 i: 2.826e-05 :: e: 7.621e-02 i: 6.540e-02 :: n: 2.762e+01 e:21.307 i:24.402 v:4.993e+03
>>> tau_he = 5.000000, nhe(0)=2.600352e+00
 5     -0.011   6.00e-03   4.08e-01   4.88e-03  -5.15e-02   0.00e+00 (  2.59e+00,  4.89e+01)
10     -0.057   3.52e-02   2.73e-02   4.59e-03  -3.43e-01   0.00e+00 (  2.61e+01,  9.09e+01)
15     -0.020   9.75e-02   6.47e-02  -4.47e-03  -1.47e-01   0.00e+00 (  7.89e+01,  1.26e+02)
20      0.033   1.21e-01   1.07e-01   6.06e-03   2.73e-01   0.00e+00 (  9.08e+01,  1.49e+02)
25      0.039   1.47e-01   1.37e-01   2.98e-02   3.62e-01   0.00e+00 (  1.03e+02,  1.66e+02)
30      0.080   2.18e-01   2.57e-01   9.20e-02   8.20e-01   0.00e+00 (  1.38e+02,  1.75e+02)
35      0.079   2.19e-01   2.90e-01   1.26e-01   8.89e-01   0.00e+00 (  1.23e+02,  1.74e+02)
40      0.093   2.42e-01   3.66e-01   1.56e-01   1.11e+00   0.00e+00 (  1.17e+02,  1.68e+02)
45      0.116   2.67e-01   4.48e-01   1.82e-01   1.47e+00   0.00e+00 (  1.08e+02,  1.56e+02)
50      0.129   2.85e-01   5.30e-01   2.26e-01   1.72e+00   0.00e+00 (  9.73e+01,  1.43e+02)
55      0.142   3.11e-01   6.08e-01   3.19e-01   1.96e+00   0.00e+00 (  8.96e+01,  1.29e+02)
60      0.142   3.15e-01   6.16e-01   3.90e-01   2.03e+00   0.00e+00 (  7.93e+01,  1.15e+02)
65      0.143   3.25e-01   6.37e-01   4.51e-01   2.10e+00   0.00e+00 (  6.93e+01,  1.03e+02)
70      0.153   3.46e-01   7.03e-01   5.40e-01   2.31e+00   0.00e+00 (  6.30e+01,  9.15e+01)
75      0.150   3.49e-01   6.97e-01   5.71e-01   2.31e+00   0.00e+00 (  5.67e+01,  8.21e+01)
80      0.142   3.46e-01   6.77e-01   5.76e-01   2.30e+00   0.00e+00 (  5.20e+01,  7.44e+01)
85      0.137   3.38e-01   6.38e-01   5.34e-01   2.68e+00   0.00e+00 (  4.79e+01,  6.83e+01)
90      0.148   3.57e-01   5.36e-01   3.61e-01   5.25e+00   0.00e+00 (  4.58e+01,  6.36e+01)
95      0.182   3.76e-01   5.47e-01   3.72e-01   1.14e+01   0.00e+00 (  1.18e+02,  5.92e+01)
13 e: 1.495e-05 i: 3.874e-05 :: e: 6.557e-02 i: 5.722e-02 :: n: 2.762e+01 e:21.361 i:24.389 v:4.993e+03
>>> tau_he = 5.000000, nhe(0)=2.605122e+00
 5     -0.011   6.04e-03   4.11e-01   4.88e-03  -5.18e-02   0.00e+00 (  2.61e+00,  4.89e+01)
10     -0.056   3.47e-02   2.81e-02   4.51e-03  -3.37e-01   0.00e+00 (  2.56e+01,  9.09e+01)
15     -0.020   9.45e-02   6.43e-02  -3.17e-03  -1.40e-01   0.00e+00 (  7.59e+01,  1.26e+02)
20      0.033   1.21e-01   1.07e-01   5.95e-03   2.74e-01   0.00e+00 (  9.09e+01,  1.49e+02)
25      0.039   1.47e-01   1.36e-01   2.95e-02   3.62e-01   0.00e+00 (  1.03e+02,  1.66e+02)
30      0.047   1.75e-01   1.80e-01   4.62e-02   4.86e-01   0.00e+00 (  1.11e+02,  1.75e+02)
35      0.078   2.18e-01   2.86e-01   1.24e-01   8.76e-01   0.00e+00 (  1.22e+02,  1.74e+02)
40      0.091   2.41e-01   3.60e-01   1.55e-01   1.09e+00   0.00e+00 (  1.16e+02,  1.68e+02)
45      0.114   2.65e-01   4.40e-01   1.79e-01   1.44e+00   0.00e+00 (  1.08e+02,  1.56e+02)
50      0.128   2.83e-01   5.21e-01   2.22e-01   1.70e+00   0.00e+00 (  9.65e+01,  1.43e+02)
55      0.105   2.64e-01   4.61e-01   2.56e-01   1.45e+00   0.00e+00 (  7.60e+01,  1.29e+02)
60      0.140   3.12e-01   6.06e-01   3.83e-01   2.01e+00   0.00e+00 (  7.84e+01,  1.15e+02)
65      0.143   3.24e-01   6.32e-01   4.47e-01   2.10e+00   0.00e+00 (  6.90e+01,  1.03e+02)
70      0.154   3.46e-01   7.00e-01   5.38e-01   2.32e+00   0.00e+00 (  6.29e+01,  9.15e+01)
75      0.151   3.50e-01   6.96e-01   5.71e-01   2.33e+00   0.00e+00 (  5.67e+01,  8.21e+01)
80      0.143   3.47e-01   6.77e-01   5.77e-01   2.31e+00   0.00e+00 (  5.20e+01,  7.44e+01)
85      0.138   3.39e-01   6.39e-01   5.35e-01   2.70e+00   0.00e+00 (  4.79e+01,  6.83e+01)
90      0.150   3.60e-01   5.40e-01   3.66e-01   5.30e+00   0.00e+00 (  4.60e+01,  6.36e+01)
95      0.182   3.76e-01   5.47e-01   3.73e-01   1.14e+01   0.00e+00 (  1.18e+02,  5.92e+01)
14 e: 3.492e-05 i: 3.100e-05 :: e: 6.655e-02 i: 6.491e-02 :: n: 2.762e+01 e:21.309 i:24.454 v:4.993e+03
>>> tau_he = 5.000000, nhe(0)=2.606433e+00
 5     -0.011   6.06e-03   4.13e-01   4.91e-03  -5.20e-02   0.00e+00 (  2.62e+00,  4.89e+01)
10     -0.056   3.46e-02   2.83e-02   4.41e-03  -3.34e-01   0.00e+00 (  2.55e+01,  9.09e+01)
15     -0.019   9.51e-02   6.51e-02  -3.26e-03  -1.35e-01   0.00e+00 (  7.62e+01,  1.26e+02)
20      0.033   1.22e-01   1.08e-01   5.90e-03   2.75e-01   0.00e+00 (  9.17e+01,  1.49e+02)
25      0.082   2.08e-01   2.66e-01   9.68e-02   7.63e-01   0.00e+00 (  1.46e+02,  1.66e+02)
30      0.079   2.18e-01   2.56e-01   9.42e-02   8.18e-01   0.00e+00 (  1.39e+02,  1.75e+02)
35      0.079   2.19e-01   2.89e-01   1.26e-01   8.83e-01   0.00e+00 (  1.24e+02,  1.74e+02)
40      0.092   2.43e-01   3.64e-01   1.56e-01   1.10e+00   0.00e+00 (  1.17e+02,  1.68e+02)
45      0.114   2.67e-01   4.45e-01   1.81e-01   1.45e+00   0.00e+00 (  1.09e+02,  1.56e+02)
50      0.129   2.87e-01   5.29e-01   2.26e-01   1.72e+00   0.00e+00 (  9.83e+01,  1.43e+02)
55      0.144   3.15e-01   6.15e-01   3.23e-01   1.99e+00   0.00e+00 (  9.17e+01,  1.29e+02)
60      0.142   3.16e-01   6.15e-01   3.89e-01   2.03e+00   0.00e+00 (  7.98e+01,  1.15e+02)
65      0.144   3.27e-01   6.41e-01   4.53e-01   2.12e+00   0.00e+00 (  7.03e+01,  1.03e+02)
70      0.155   3.50e-01   7.10e-01   5.45e-01   2.33e+00   0.00e+00 (  6.42e+01,  9.15e+01)
75      0.152   3.53e-01   7.05e-01   5.78e-01   2.34e+00   0.00e+00 (  5.79e+01,  8.21e+01)
80      0.144   3.50e-01   6.84e-01   5.82e-01   2.32e+00   0.00e+00 (  5.29e+01,  7.44e+01)
85      0.138   3.41e-01   6.44e-01   5.39e-01   2.70e+00   0.00e+00 (  4.87e+01,  6.83e+01)
90      0.150   3.61e-01   5.42e-01   3.67e-01   5.31e+00   0.00e+00 (  4.65e+01,  6.36e+01)
95      0.182   3.76e-01   5.47e-01   3.73e-01   1.14e+01   0.00e+00 (  1.18e+02,  5.92e+01)
15 e: 2.416e-05 i: 1.271e-04 :: e: 5.413e-02 i: 5.222e-02 :: n: 2.762e+01 e:21.391 i:24.472 v:4.993e+03
>>> tau_he = 5.000000, nhe(0)=2.608799e+00
 5     -0.011   6.07e-03   4.15e-01   4.90e-03  -5.22e-02   0.00e+00 (  2.63e+00,  4.89e+01)
10     -0.055   3.46e-02   2.86e-02   4.78e-03  -3.30e-01   0.00e+00 (  2.54e+01,  9.09e+01)
15     -0.018   9.52e-02   6.53e-02  -3.27e-03  -1.28e-01   0.00e+00 (  7.59e+01,  1.26e+02)
20      0.033   1.22e-01   1.07e-01   5.93e-03   2.77e-01   0.00e+00 (  9.12e+01,  1.49e+02)
25      0.039   1.47e-01   1.35e-01   2.92e-02   3.62e-01   0.00e+00 (  1.02e+02,  1.66e+02)
30      0.047   1.76e-01   1.79e-01   4.57e-02   4.84e-01   0.00e+00 (  1.11e+02,  1.75e+02)
35      0.078   2.19e-01   2.85e-01   1.24e-01   8.73e-01   0.00e+00 (  1.23e+02,  1.74e+02)
40      0.091   2.43e-01   3.59e-01   1.54e-01   1.09e+00   0.00e+00 (  1.17e+02,  1.68e+02)
45      0.113   2.67e-01   4.39e-01   1.78e-01   1.44e+00   0.00e+00 (  1.09e+02,  1.56e+02)
50      0.128   2.88e-01   5.22e-01   2.22e-01   1.70e+00   0.00e+00 (  9.89e+01,  1.43e+02)
55      0.143   3.14e-01   6.07e-01   3.18e-01   1.98e+00   0.00e+00 (  9.15e+01,  1.29e+02)
60      0.140   3.16e-01   6.07e-01   3.81e-01   2.01e+00   0.00e+00 (  8.00e+01,  1.15e+02)
65      0.145   3.28e-01   6.39e-01   4.51e-01   2.13e+00   0.00e+00 (  7.05e+01,  1.03e+02)
70      0.156   3.51e-01   7.10e-01   5.45e-01   2.35e+00   0.00e+00 (  6.46e+01,  9.15e+01)
75      0.153   3.55e-01   7.06e-01   5.79e-01   2.36e+00   0.00e+00 (  5.82e+01,  8.21e+01)
80      0.145   3.52e-01   6.86e-01   5.84e-01   2.34e+00   0.00e+00 (  5.33e+01,  7.44e+01)
85      0.140   3.43e-01   6.46e-01   5.40e-01   2.72e+00   0.00e+00 (  4.90e+01,  6.83e+01)
90      0.151   3.63e-01   5.46e-01   3.70e-01   5.35e+00   0.00e+00 (  4.68e+01,  6.36e+01)
95      0.182   3.76e-01   5.47e-01   3.73e-01   1.14e+01   0.00e+00 (  1.18e+02,  5.92e+01)
16 e: 3.934e-05 i: 1.995e-05 :: e: 4.287e-02 i: 4.076e-02 :: n: 2.762e+01 e:21.350 i:24.505 v:4.993e+03
>>> tau_he = 5.000000, nhe(0)=2.610888e+00
 5     -0.011   6.10e-03   4.17e-01   4.92e-03  -5.22e-02   0.00e+00 (  2.64e+00,  4.89e+01)
10     -0.055   3.43e-02   2.91e-02   4.64e-03  -3.26e-01   0.00e+00 (  2.51e+01,  9.09e+01)
15     -0.017   9.57e-02   6.57e-02  -3.30e-03  -1.21e-01   0.00e+00 (  7.60e+01,  1.26e+02)
20      0.034   1.22e-01   1.08e-01   5.91e-03   2.82e-01   0.00e+00 (  9.15e+01,  1.49e+02)
25      0.040   1.48e-01   1.37e-01   2.95e-02   3.70e-01   0.00e+00 (  1.03e+02,  1.66e+02)
30      0.048   1.77e-01   1.82e-01   4.62e-02   4.97e-01   0.00e+00 (  1.12e+02,  1.75e+02)
35      0.079   2.21e-01   2.88e-01   1.25e-01   8.83e-01   0.00e+00 (  1.24e+02,  1.74e+02)
40      0.092   2.45e-01   3.64e-01   1.55e-01   1.10e+00   0.00e+00 (  1.19e+02,  1.68e+02)
45      0.115   2.69e-01   4.45e-01   1.80e-01   1.45e+00   0.00e+00 (  1.11e+02,  1.56e+02)
50      0.129   2.89e-01   5.30e-01   2.25e-01   1.72e+00   0.00e+00 (  1.00e+02,  1.43e+02)
55      0.144   3.17e-01   6.15e-01   3.22e-01   1.99e+00   0.00e+00 (  9.31e+01,  1.29e+02)
60      0.142   3.20e-01   6.16e-01   3.87e-01   2.03e+00   0.00e+00 (  8.16e+01,  1.15e+02)
65      0.146   3.33e-01   6.50e-01   4.59e-01   2.15e+00   0.00e+00 (  7.23e+01,  1.03e+02)
70      0.158   3.56e-01   7.22e-01   5.54e-01   2.37e+00   0.00e+00 (  6.62e+01,  9.15e+01)
75      0.155   3.60e-01   7.17e-01   5.88e-01   2.38e+00   0.00e+00 (  5.97e+01,  8.21e+01)
80      0.146   3.56e-01   6.95e-01   5.92e-01   2.35e+00   0.00e+00 (  5.45e+01,  7.44e+01)
85      0.140   3.46e-01   6.54e-01   5.47e-01   2.74e+00   0.00e+00 (  5.00e+01,  6.83e+01)
90      0.152   3.64e-01   5.49e-01   3.73e-01   5.38e+00   0.00e+00 (  4.75e+01,  6.36e+01)
95      0.182   3.76e-01   5.47e-01   3.73e-01   1.14e+01   0.00e+00 (  1.19e+02,  5.92e+01)
17 e: 7.068e-06 i: 4.266e-05 :: e: 3.237e-02 i: 3.129e-02 :: n: 2.762e+01 e:21.417 i:24.534 v:4.993e+03
>>> tau_he = 5.000000, nhe(0)=2.618846e+00
 5     -0.011   6.17e-03   4.23e-01   4.93e-03  -5.26e-02   0.00e+00 (  2.67e+00,  4.89e+01)
10     -0.061   4.79e-02   1.28e-01   4.58e-03  -3.67e-01   0.00e+00 (  3.50e+01,  9.09e+01)
15     -0.016   9.59e-02   6.49e-02  -3.21e-03  -1.12e-01   0.00e+00 (  7.59e+01,  1.26e+02)
20      0.034   1.23e-01   1.08e-01   5.77e-03   2.84e-01   0.00e+00 (  9.19e+01,  1.49e+02)
25      0.040   1.49e-01   1.36e-01   2.91e-02   3.71e-01   0.00e+00 (  1.04e+02,  1.66e+02)
30      0.048   1.78e-01   1.81e-01   4.53e-02   4.97e-01   0.00e+00 (  1.13e+02,  1.75e+02)
35      0.077   2.23e-01   2.85e-01   1.22e-01   8.59e-01   0.00e+00 (  1.25e+02,  1.74e+02)
40      0.090   2.44e-01   3.57e-01   1.65e-01   1.08e+00   0.00e+00 (  1.18e+02,  1.68e+02)
45      0.113   2.69e-01   4.38e-01   1.78e-01   1.43e+00   0.00e+00 (  1.10e+02,  1.56e+02)
50      0.128   2.88e-01   5.22e-01   2.21e-01   1.70e+00   0.00e+00 (  9.99e+01,  1.43e+02)
55      0.143   3.16e-01   6.06e-01   3.17e-01   1.97e+00   0.00e+00 (  9.28e+01,  1.29e+02)
60      0.141   3.19e-01   6.09e-01   3.82e-01   2.02e+00   0.00e+00 (  8.14e+01,  1.15e+02)
65      0.147   3.33e-01   6.48e-01   4.57e-01   2.16e+00   0.00e+00 (  7.26e+01,  1.03e+02)
70      0.159   3.58e-01   7.22e-01   5.54e-01   2.39e+00   0.00e+00 (  6.67e+01,  9.15e+01)
75      0.156   3.62e-01   7.20e-01   5.90e-01   2.40e+00   0.00e+00 (  6.02e+01,  8.21e+01)
80      0.147   3.58e-01   6.99e-01   5.95e-01   2.38e+00   0.00e+00 (  5.51e+01,  7.44e+01)
85      0.142   3.49e-01   6.57e-01   5.50e-01   2.77e+00   0.00e+00 (  5.06e+01,  6.83e+01)
90      0.153   3.67e-01   5.53e-01   3.76e-01   5.42e+00   0.00e+00 (  4.80e+01,  6.36e+01)
95      0.182   3.76e-01   5.47e-01   3.73e-01   1.14e+01   0.00e+00 (  1.19e+02,  5.92e+01)
18 e: 4.966e-05 i: 2.728e-04 :: e: 3.002e-02 i: 3.604e-02 :: n: 2.762e+01 e:21.426 i:24.644 v:4.993e+03
>>> tau_he = 5.000000, nhe(0)=2.607786e+00
 5     -0.011   6.09e-03   4.27e-01   5.07e-03  -5.28e-02   0.00e+00 (  2.65e+00,  4.89e+01)
10     -0.055   4.80e-02   1.28e-01   5.65e-03  -3.32e-01   0.00e+00 (  3.49e+01,  9.09e+01)
15     -0.015   9.52e-02   6.30e-02  -2.93e-03  -1.08e-01   0.00e+00 (  7.51e+01,  1.26e+02)
20      0.028   1.23e-01   1.09e-01   6.26e-03   2.30e-01   0.00e+00 (  9.24e+01,  1.49e+02)
25      0.040   1.50e-01   1.38e-01   2.94e-02   3.70e-01   0.00e+00 (  1.05e+02,  1.66e+02)
30      0.080   2.22e-01   2.58e-01   9.74e-02   8.29e-01   0.00e+00 (  1.42e+02,  1.75e+02)
35      0.077   2.25e-01   2.88e-01   1.24e-01   8.63e-01   0.00e+00 (  1.27e+02,  1.74e+02)
40      0.091   2.46e-01   3.61e-01   1.67e-01   1.09e+00   0.00e+00 (  1.20e+02,  1.68e+02)
45      0.114   2.72e-01   4.44e-01   1.80e-01   1.45e+00   0.00e+00 (  1.12e+02,  1.56e+02)
50      0.129   2.92e-01   5.30e-01   2.25e-01   1.72e+00   0.00e+00 (  1.02e+02,  1.43e+02)
55      0.144   3.19e-01   6.14e-01   3.21e-01   1.99e+00   0.00e+00 (  9.45e+01,  1.29e+02)
60      0.142   3.23e-01   6.18e-01   3.87e-01   2.03e+00   0.00e+00 (  8.31e+01,  1.15e+02)
65      0.148   3.38e-01   6.58e-01   4.65e-01   2.18e+00   0.00e+00 (  7.43e+01,  1.03e+02)
70      0.160   3.63e-01   7.33e-01   5.62e-01   2.41e+00   0.00e+00 (  6.83e+01,  9.15e+01)
75      0.157   3.67e-01   7.30e-01   5.98e-01   2.42e+00   0.00e+00 (  6.17e+01,  8.21e+01)
80      0.148   3.63e-01   7.08e-01   6.03e-01   2.39e+00   0.00e+00 (  5.64e+01,  7.44e+01)
85      0.142   3.52e-01   6.64e-01   5.56e-01   2.78e+00   0.00e+00 (  5.17e+01,  6.83e+01)
90      0.154   3.69e-01   5.57e-01   3.80e-01   5.45e+00   0.00e+00 (  4.88e+01,  6.36e+01)
95      0.182   3.76e-01   5.47e-01   3.73e-01   1.14e+01   0.00e+00 (  1.19e+02,  5.92e+01)
19 e: 3.021e-05 i: 2.378e-04 :: e: 2.367e-02 i: 2.987e-02 :: n: 2.762e+01 e:21.528 i:24.492 v:4.993e+03
>>> tau_he = 5.000000, nhe(0)=2.601430e+00
 5     -0.011   6.06e-03   4.32e-01   4.97e-03  -5.21e-02   0.00e+00 (  2.62e+00,  4.89e+01)
10     -0.050   4.50e-02   1.21e-01   5.77e-03  -3.01e-01   0.00e+00 (  3.22e+01,  9.09e+01)
15     -0.012   9.21e-02   5.93e-02  -3.54e-03  -8.37e-02   0.00e+00 (  7.18e+01,  1.26e+02)
20      0.028   1.22e-01   1.07e-01   6.43e-03   2.34e-01   0.00e+00 (  9.11e+01,  1.49e+02)
25      0.040   1.50e-01   1.37e-01   2.91e-02   3.70e-01   0.00e+00 (  1.05e+02,  1.66e+02)
30      0.047   1.78e-01   1.81e-01   4.51e-02   4.89e-01   0.00e+00 (  1.13e+02,  1.75e+02)
35      0.076   2.23e-01   2.83e-01   1.22e-01   8.50e-01   0.00e+00 (  1.26e+02,  1.74e+02)
40      0.089   2.45e-01   3.55e-01   1.79e-01   1.07e+00   0.00e+00 (  1.19e+02,  1.68e+02)
45      0.112   2.70e-01   4.36e-01   1.77e-01   1.43e+00   0.00e+00 (  1.11e+02,  1.56e+02)
50      0.128   2.90e-01   5.21e-01   2.20e-01   1.70e+00   0.00e+00 (  1.01e+02,  1.43e+02)
55      0.142   3.18e-01   6.05e-01   3.16e-01   1.97e+00   0.00e+00 (  9.39e+01,  1.29e+02)
60      0.141   3.21e-01   6.10e-01   3.82e-01   2.02e+00   0.00e+00 (  8.27e+01,  1.15e+02)
65      0.148   3.38e-01   6.54e-01   4.61e-01   2.18e+00   0.00e+00 (  7.43e+01,  1.03e+02)
70      0.161   3.64e-01   7.32e-01   5.61e-01   2.42e+00   0.00e+00 (  6.85e+01,  9.15e+01)
75      0.158   3.69e-01   7.32e-01   5.99e-01   2.44e+00   0.00e+00 (  6.21e+01,  8.21e+01)
80      0.150   3.65e-01   7.11e-01   6.05e-01   2.42e+00   0.00e+00 (  5.68e+01,  7.44e+01)
85      0.144   3.55e-01   6.68e-01   5.60e-01   2.81e+00   0.00e+00 (  5.22e+01,  6.83e+01)
90      0.155   3.71e-01   5.62e-01   3.83e-01   5.50e+00   0.00e+00 (  4.93e+01,  6.36e+01)
95      0.182   3.76e-01   5.47e-01   3.74e-01   1.14e+01   0.00e+00 (  1.19e+02,  5.92e+01)
20 e: 3.366e-05 i: 1.484e-04 :: e: 1.851e-02 i: 2.547e-02 :: n: 2.762e+01 e:21.427 i:24.404 v:4.993e+03
>>> tau_he = 5.000000, nhe(0)=2.590711e+00
 5     -0.011   5.99e-03   4.34e-01   4.99e-03  -5.12e-02   0.00e+00 (  2.59e+00,  4.89e+01)
10     -0.047   4.20e-02   1.16e-01   5.74e-03  -2.80e-01   0.00e+00 (  2.98e+01,  9.09e+01)
15     -0.011   9.17e-02   5.79e-02  -3.20e-03  -7.63e-02   0.00e+00 (  7.11e+01,  1.26e+02)
20      0.029   1.21e-01   1.07e-01   6.60e-03   2.38e-01   0.00e+00 (  9.00e+01,  1.49e+02)
25      0.040   1.50e-01   1.38e-01   2.94e-02   3.72e-01   0.00e+00 (  1.05e+02,  1.66e+02)
30      0.048   1.79e-01   1.83e-01   4.58e-02   4.96e-01   0.00e+00 (  1.13e+02,  1.75e+02)
35      0.077   2.24e-01   2.86e-01   1.23e-01   8.56e-01   0.00e+00 (  1.26e+02,  1.74e+02)
40      0.090   2.46e-01   3.59e-01   1.81e-01   1.07e+00   0.00e+00 (  1.20e+02,  1.68e+02)
45      0.113   2.72e-01   4.42e-01   1.79e-01   1.44e+00   0.00e+00 (  1.13e+02,  1.56e+02)
50      0.129   2.93e-01   5.28e-01   2.24e-01   1.71e+00   0.00e+00 (  1.03e+02,  1.43e+02)
55      0.143   3.20e-01   6.13e-01   3.20e-01   1.98e+00   0.00e+00 (  9.51e+01,  1.29e+02)
60      0.142   3.25e-01   6.18e-01   3.87e-01   2.04e+00   0.00e+00 (  8.40e+01,  1.15e+02)
65      0.149   3.42e-01   6.64e-01   4.68e-01   2.20e+00   0.00e+00 (  7.57e+01,  1.03e+02)
70      0.162   3.68e-01   7.42e-01   5.69e-01   2.44e+00   0.00e+00 (  6.99e+01,  9.15e+01)
75      0.159   3.73e-01   7.41e-01   6.07e-01   2.45e+00   0.00e+00 (  6.33e+01,  8.21e+01)
80      0.150   3.68e-01   7.19e-01   6.12e-01   2.42e+00   0.00e+00 (  5.80e+01,  7.44e+01)
85      0.144   3.58e-01   6.75e-01   5.65e-01   2.82e+00   0.00e+00 (  5.33e+01,  6.83e+01)
90      0.156   3.73e-01   5.65e-01   3.86e-01   5.52e+00   0.00e+00 (  5.01e+01,  6.36e+01)
95      0.182   3.76e-01   5.47e-01   3.74e-01   1.14e+01   0.00e+00 (  1.19e+02,  5.92e+01)
21 e: 1.231e-05 i: 1.026e-04 :: e: 1.150e-02 i: 1.792e-02 :: n: 2.762e+01 e:21.459 i:24.258 v:4.993e+03
>>> tau_he = 5.000000, nhe(0)=2.587964e+00
 5     -0.011   5.97e-03   4.39e-01   4.98e-03  -5.06e-02   0.00e+00 (  2.57e+00,  4.89e+01)
10     -0.044   3.99e-02   1.09e-01   6.80e-03  -2.62e-01   0.00e+00 (  2.80e+01,  9.09e+01)
15     -0.009   9.05e-02   5.52e-02  -2.58e-03  -6.51e-02   0.00e+00 (  6.96e+01,  1.26e+02)
20      0.029   1.20e-01   1.05e-01   6.79e-03   2.40e-01   0.00e+00 (  8.90e+01,  1.49e+02)
25      0.040   1.50e-01   1.36e-01   2.91e-02   3.71e-01   0.00e+00 (  1.04e+02,  1.66e+02)
30      0.048   1.78e-01   1.81e-01   4.51e-02   4.92e-01   0.00e+00 (  1.13e+02,  1.75e+02)
35      0.075   2.23e-01   2.82e-01   1.22e-01   8.43e-01   0.00e+00 (  1.25e+02,  1.74e+02)
40      0.088   2.44e-01   3.53e-01   1.79e-01   1.06e+00   0.00e+00 (  1.19e+02,  1.68e+02)
45      0.111   2.70e-01   4.34e-01   1.76e-01   1.41e+00   0.00e+00 (  1.11e+02,  1.56e+02)
50      0.127   2.91e-01   5.19e-01   2.19e-01   1.69e+00   0.00e+00 (  1.01e+02,  1.43e+02)
55      0.142   3.18e-01   6.03e-01   3.14e-01   1.96e+00   0.00e+00 (  9.41e+01,  1.29e+02)
60      0.141   3.22e-01   6.09e-01   3.81e-01   2.02e+00   0.00e+00 (  8.32e+01,  1.15e+02)
65      0.149   3.40e-01   6.58e-01   4.63e-01   2.19e+00   0.00e+00 (  7.53e+01,  1.03e+02)
70      0.162   3.67e-01   7.38e-01   5.65e-01   2.44e+00   0.00e+00 (  6.97e+01,  9.15e+01)
75      0.160   3.73e-01   7.40e-01   6.05e-01   2.47e+00   0.00e+00 (  6.33e+01,  8.21e+01)
80      0.151   3.70e-01   7.20e-01   6.12e-01   2.45e+00   0.00e+00 (  5.82e+01,  7.44e+01)
85      0.146   3.60e-01   6.78e-01   5.67e-01   2.85e+00   0.00e+00 (  5.36e+01,  6.83e+01)
90      0.157   3.75e-01   5.69e-01   3.89e-01   5.56e+00   0.00e+00 (  5.04e+01,  6.36e+01)
95      0.182   3.76e-01   5.47e-01   3.74e-01   1.14e+01   0.00e+00 (  1.19e+02,  5.92e+01)
22 e: 2.037e-05 i: 5.943e-05 :: e: 1.102e-02 i: 1.854e-02 :: n: 2.762e+01 e:21.376 i:24.220 v:4.993e+03
>>> tau_he = 5.000000, nhe(0)=2.581256e+00
 5     -0.011   5.94e-03   4.40e-01   5.00e-03  -5.00e-02   0.00e+00 (  2.55e+00,  4.89e+01)
10     -0.042   4.05e-02   1.06e-01   6.85e-03  -2.51e-01   0.00e+00 (  2.83e+01,  9.09e+01)
15     -0.009   9.02e-02   5.48e-02  -2.43e-03  -6.21e-02   0.00e+00 (  6.92e+01,  1.26e+02)
20      0.026   1.20e-01   1.06e-01   6.63e-03   2.15e-01   0.00e+00 (  8.92e+01,  1.49e+02)
25      0.040   1.50e-01   1.38e-01   2.94e-02   3.73e-01   0.00e+00 (  1.05e+02,  1.66e+02)
30      0.048   1.79e-01   1.84e-01   4.58e-02   4.99e-01   0.00e+00 (  1.14e+02,  1.75e+02)
35      0.076   2.24e-01   2.85e-01   1.23e-01   8.51e-01   0.00e+00 (  1.26e+02,  1.74e+02)
40      0.089   2.46e-01   3.57e-01   1.81e-01   1.07e+00   0.00e+00 (  1.20e+02,  1.68e+02)
45      0.113   2.72e-01   4.40e-01   1.79e-01   1.43e+00   0.00e+00 (  1.13e+02,  1.56e+02)
50      0.128   2.93e-01   5.26e-01   2.23e-01   1.71e+00   0.00e+00 (  1.03e+02,  1.43e+02)
55      0.143   3.21e-01   6.11e-01   3.18e-01   1.97e+00   0.00e+00 (  9.53e+01,  1.29e+02)
60      0.142   3.25e-01   6.17e-01   3.86e-01   2.03e+00   0.00e+00 (  8.43e+01,  1.15e+02)
65      0.150   3.43e-01   6.66e-01   4.69e-01   2.20e+00   0.00e+00 (  7.64e+01,  1.03e+02)
70      0.163   3.70e-01   7.46e-01   5.72e-01   2.45e+00   0.00e+00 (  7.08e+01,  9.15e+01)
75      0.160   3.76e-01   7.47e-01   6.11e-01   2.47e+00   0.00e+00 (  6.43e+01,  8.21e+01)
80      0.152   3.72e-01   7.26e-01   6.18e-01   2.45e+00   0.00e+00 (  5.90e+01,  7.44e+01)
85      0.146   3.62e-01   6.82e-01   5.71e-01   2.85e+00   0.00e+00 (  5.44e+01,  6.83e+01)
90      0.157   3.76e-01   5.71e-01   3.91e-01   5.58e+00   0.00e+00 (  5.11e+01,  6.36e+01)
95      0.182   3.76e-01   5.47e-01   3.74e-01   1.14e+01   0.00e+00 (  1.19e+02,  5.92e+01)
23 e: 7.270e-06 i: 4.269e-05 :: e: 5.967e-03 i: 1.215e-02 :: n: 2.762e+01 e:21.423 i:24.130 v:4.993e+03
>>> tau_he = 5.000000, nhe(0)=2.581595e+00
 5     -0.011   5.94e-03   4.45e-01   4.99e-03  -4.97e-02   0.00e+00 (  2.54e+00,  4.89e+01)
10     -0.040   3.82e-02   1.08e-01   7.48e-03  -2.42e-01   0.00e+00 (  2.66e+01,  9.09e+01)
15     -0.008   8.94e-02   5.30e-02  -1.98e-03  -5.56e-02   0.00e+00 (  6.83e+01,  1.26e+02)
20      0.026   1.20e-01   1.05e-01   6.72e-03   2.16e-01   0.00e+00 (  8.86e+01,  1.49e+02)
25      0.040   1.50e-01   1.37e-01   2.90e-02   3.72e-01   0.00e+00 (  1.05e+02,  1.66e+02)
30      0.048   1.79e-01   1.82e-01   4.51e-02   4.95e-01   0.00e+00 (  1.14e+02,  1.75e+02)
35      0.075   2.23e-01   2.81e-01   1.21e-01   8.40e-01   0.00e+00 (  1.24e+02,  1.74e+02)
40      0.088   2.44e-01   3.51e-01   1.79e-01   1.05e+00   0.00e+00 (  1.18e+02,  1.68e+02)
45      0.111   2.70e-01   4.32e-01   1.76e-01   1.41e+00   0.00e+00 (  1.11e+02,  1.56e+02)
50      0.127   2.91e-01   5.18e-01   2.18e-01   1.69e+00   0.00e+00 (  1.02e+02,  1.43e+02)
55      0.105   2.73e-01   4.63e-01   2.58e-01   1.46e+00   0.00e+00 (  8.07e+01,  1.29e+02)
60      0.141   3.23e-01   6.09e-01   3.81e-01   2.02e+00   0.00e+00 (  8.34e+01,  1.15e+02)
65      0.149   3.42e-01   6.59e-01   4.64e-01   2.20e+00   0.00e+00 (  7.58e+01,  1.03e+02)
70      0.163   3.69e-01   7.41e-01   5.68e-01   2.45e+00   0.00e+00 (  7.03e+01,  9.15e+01)
75      0.161   3.76e-01   7.44e-01   6.09e-01   2.48e+00   0.00e+00 (  6.40e+01,  8.21e+01)
80      0.152   3.72e-01   7.25e-01   6.17e-01   2.46e+00   0.00e+00 (  5.89e+01,  7.44e+01)
85      0.147   3.63e-01   6.84e-01   5.72e-01   2.87e+00   0.00e+00 (  5.44e+01,  6.83e+01)
90      0.158   3.77e-01   5.74e-01   3.93e-01   5.61e+00   0.00e+00 (  5.12e+01,  6.36e+01)
95      0.182   3.76e-01   5.47e-01   3.74e-01   1.14e+01   0.00e+00 (  1.19e+02,  5.92e+01)
24 e: 1.867e-05 i: 4.869e-05 :: e: 1.325e-02 i: 2.574e-02 :: n: 2.762e+01 e:21.359 i:24.134 v:4.993e+03
>>> tau_he = 5.000000, nhe(0)=2.576943e+00
 5     -0.010   5.92e-03   4.47e-01   5.01e-03  -4.93e-02   0.00e+00 (  2.53e+00,  4.89e+01)
10     -0.039   3.80e-02   1.06e-01   7.71e-03  -2.31e-01   0.00e+00 (  2.64e+01,  9.09e+01)
15     -0.008   8.94e-02   5.30e-02  -1.93e-03  -5.56e-02   0.00e+00 (  6.83e+01,  1.26e+02)
20      0.026   1.20e-01   1.06e-01   6.74e-03   2.16e-01   0.00e+00 (  8.89e+01,  1.49e+02)
25      0.040   1.50e-01   1.38e-01   2.93e-02   3.73e-01   0.00e+00 (  1.05e+02,  1.66e+02)
30      0.049   1.80e-01   1.84e-01   4.57e-02   5.01e-01   0.00e+00 (  1.15e+02,  1.75e+02)
35      0.076   2.24e-01   2.84e-01   1.23e-01   8.47e-01   0.00e+00 (  1.25e+02,  1.74e+02)
40      0.088   2.45e-01   3.55e-01   1.81e-01   1.06e+00   0.00e+00 (  1.19e+02,  1.68e+02)
45      0.112   2.72e-01   4.37e-01   1.78e-01   1.42e+00   0.00e+00 (  1.12e+02,  1.56e+02)
50      0.128   2.94e-01   5.26e-01   2.22e-01   1.71e+00   0.00e+00 (  1.03e+02,  1.43e+02)
55      0.145   3.24e-01   6.18e-01   3.22e-01   2.01e+00   0.00e+00 (  9.69e+01,  1.29e+02)
60      0.142   3.26e-01   6.19e-01   3.87e-01   2.04e+00   0.00e+00 (  8.47e+01,  1.15e+02)
65      0.150   3.44e-01   6.66e-01   4.69e-01   2.21e+00   0.00e+00 (  7.66e+01,  1.03e+02)
70      0.163   3.72e-01   7.48e-01   5.73e-01   2.46e+00   0.00e+00 (  7.11e+01,  9.15e+01)
75      0.161   3.78e-01   7.50e-01   6.13e-01   2.48e+00   0.00e+00 (  6.47e+01,  8.21e+01)
80      0.152   3.74e-01   7.30e-01   6.21e-01   2.46e+00   0.00e+00 (  5.96e+01,  7.44e+01)
85      0.147   3.64e-01   6.87e-01   5.75e-01   2.86e+00   0.00e+00 (  5.50e+01,  6.83e+01)
90      0.158   3.78e-01   5.75e-01   3.94e-01   5.61e+00   0.00e+00 (  5.17e+01,  6.36e+01)
95      0.182   3.76e-01   5.47e-01   3.74e-01   1.14e+01   0.00e+00 (  1.20e+02,  5.92e+01)
25 e: 5.200e-06 i: 2.741e-05 :: e: 5.477e-03 i: 1.254e-02 :: n: 2.762e+01 e:21.419 i:24.072 v:4.993e+03
>>> tau_he = 5.000000, nhe(0)=2.578600e+00
 5     -0.010   5.93e-03   4.51e-01   5.00e-03  -4.92e-02   0.00e+00 (  2.53e+00,  4.89e+01)
10     -0.032   3.83e-02   1.05e-01   8.36e-03  -1.93e-01   0.00e+00 (  2.64e+01,  9.09e+01)
15     -0.007   8.89e-02   5.16e-02  -1.57e-03  -5.13e-02   0.00e+00 (  6.76e+01,  1.26e+02)
20      0.026   1.20e-01   1.05e-01   6.80e-03   2.17e-01   0.00e+00 (  8.85e+01,  1.49e+02)
25      0.040   1.50e-01   1.37e-01   2.90e-02   3.73e-01   0.00e+00 (  1.05e+02,  1.66e+02)
30      0.048   1.80e-01   1.83e-01   4.50e-02   4.98e-01   0.00e+00 (  1.14e+02,  1.75e+02)
35      0.075   2.23e-01   2.80e-01   1.21e-01   8.39e-01   0.00e+00 (  1.24e+02,  1.74e+02)
40      0.087   2.44e-01   3.51e-01   1.78e-01   1.05e+00   0.00e+00 (  1.19e+02,  1.68e+02)
45      0.111   2.70e-01   4.31e-01   1.75e-01   1.40e+00   0.00e+00 (  1.12e+02,  1.56e+02)
50      0.127   2.92e-01   5.18e-01   2.19e-01   1.69e+00   0.00e+00 (  1.02e+02,  1.43e+02)
55      0.143   3.21e-01   6.09e-01   3.17e-01   1.99e+00   0.00e+00 (  9.59e+01,  1.29e+02)
60      0.141   3.24e-01   6.11e-01   3.82e-01   2.02e+00   0.00e+00 (  8.39e+01,  1.15e+02)
65      0.149   3.42e-01   6.60e-01   4.65e-01   2.20e+00   0.00e+00 (  7.61e+01,  1.03e+02)
70      0.163   3.70e-01   7.43e-01   5.68e-01   2.46e+00   0.00e+00 (  7.06e+01,  9.15e+01)
75      0.161   3.77e-01   7.46e-01   6.10e-01   2.48e+00   0.00e+00 (  6.43e+01,  8.21e+01)
80      0.153   3.74e-01   7.28e-01   6.19e-01   2.47e+00   0.00e+00 (  5.93e+01,  7.44e+01)
85      0.148   3.65e-01   6.86e-01   5.75e-01   2.88e+00   0.00e+00 (  5.49e+01,  6.83e+01)
90      0.159   3.78e-01   5.76e-01   3.95e-01   5.63e+00   0.00e+00 (  5.17e+01,  6.36e+01)
95      0.182   3.76e-01   5.47e-01   3.74e-01   1.14e+01   0.00e+00 (  1.19e+02,  5.92e+01)
26 e: 1.226e-05 i: 1.833e-05 :: e: 5.142e-03 i: 1.266e-02 :: n: 2.762e+01 e:21.369 i:24.093 v:4.993e+03
>>> tau_he = 5.000000, nhe(0)=2.575395e+00
 5     -0.010   5.92e-03   4.53e-01   5.02e-03  -4.89e-02   0.00e+00 (  2.52e+00,  4.89e+01)
10     -0.032   3.77e-02   1.02e-01   8.36e-03  -1.90e-01   0.00e+00 (  2.61e+01,  9.09e+01)
15     -0.007   8.91e-02   5.19e-02  -1.62e-03  -5.23e-02   0.00e+00 (  6.78e+01,  1.26e+02)
20      0.026   1.20e-01   1.06e-01   6.77e-03   2.17e-01   0.00e+00 (  8.90e+01,  1.49e+02)
25      0.040   1.51e-01   1.38e-01   2.93e-02   3.75e-01   0.00e+00 (  1.06e+02,  1.66e+02)
30      0.049   1.81e-01   1.85e-01   4.56e-02   5.05e-01   0.00e+00 (  1.16e+02,  1.75e+02)
35      0.076   2.24e-01   2.84e-01   1.23e-01   8.47e-01   0.00e+00 (  1.25e+02,  1.74e+02)
40      0.089   2.46e-01   3.55e-01   1.81e-01   1.06e+00   0.00e+00 (  1.20e+02,  1.68e+02)
45      0.112   2.72e-01   4.38e-01   1.78e-01   1.42e+00   0.00e+00 (  1.13e+02,  1.56e+02)
50      0.128   2.94e-01   5.26e-01   2.22e-01   1.71e+00   0.00e+00 (  1.04e+02,  1.43e+02)
55      0.144   3.24e-01   6.16e-01   3.21e-01   2.00e+00   0.00e+00 (  9.69e+01,  1.29e+02)
60      0.142   3.27e-01   6.19e-01   3.87e-01   2.04e+00   0.00e+00 (  8.50e+01,  1.15e+02)
65      0.150   3.45e-01   6.68e-01   4.70e-01   2.21e+00   0.00e+00 (  7.71e+01,  1.03e+02)
70      0.164   3.73e-01   7.50e-01   5.74e-01   2.46e+00   0.00e+00 (  7.14e+01,  9.15e+01)
75      0.161   3.79e-01   7.52e-01   6.15e-01   2.49e+00   0.00e+00 (  6.50e+01,  8.21e+01)
80      0.153   3.75e-01   7.32e-01   6.22e-01   2.46e+00   0.00e+00 (  5.99e+01,  7.44e+01)
85      0.147   3.66e-01   6.89e-01   5.77e-01   2.87e+00   0.00e+00 (  5.53e+01,  6.83e+01)
90      0.159   3.79e-01   5.77e-01   3.95e-01   5.63e+00   0.00e+00 (  5.21e+01,  6.36e+01)
95      0.182   3.76e-01   5.47e-01   3.74e-01   1.14e+01   0.00e+00 (  1.20e+02,  5.92e+01)
27 e: 4.947e-06 i: 1.530e-05 :: e: 4.636e-03 i: 1.074e-02 :: n: 2.762e+01 e:21.430 i:24.051 v:4.993e+03
>>> tau_he = 5.000000, nhe(0)=2.577889e+00
 5     -0.010   5.94e-03   4.57e-01   5.01e-03  -4.89e-02   0.00e+00 (  2.52e+00,  4.89e+01)
10     -0.031   3.71e-02   1.00e-01   8.35e-03  -1.85e-01   0.00e+00 (  2.56e+01,  9.09e+01)
15     -0.007   8.87e-02   5.08e-02  -1.35e-03  -4.96e-02   0.00e+00 (  6.74e+01,  1.26e+02)
20      0.026   1.20e-01   1.05e-01   6.80e-03   2.17e-01   0.00e+00 (  8.87e+01,  1.49e+02)
25      0.040   1.51e-01   1.37e-01   2.90e-02   3.74e-01   0.00e+00 (  1.06e+02,  1.66e+02)
30      0.049   1.80e-01   1.83e-01   4.49e-02   5.01e-01   0.00e+00 (  1.15e+02,  1.75e+02)
35      0.075   2.23e-01   2.80e-01   1.21e-01   8.39e-01   0.00e+00 (  1.25e+02,  1.74e+02)
40      0.088   2.45e-01   3.51e-01   1.78e-01   1.05e+00   0.00e+00 (  1.19e+02,  1.68e+02)
45      0.111   2.71e-01   4.32e-01   1.76e-01   1.41e+00   0.00e+00 (  1.12e+02,  1.56e+02)
50      0.127   2.92e-01   5.19e-01   2.19e-01   1.69e+00   0.00e+00 (  1.03e+02,  1.43e+02)
55      0.143   3.21e-01   6.08e-01   3.16e-01   1.98e+00   0.00e+00 (  9.58e+01,  1.29e+02)
60      0.141   3.24e-01   6.11e-01   3.82e-01   2.02e+00   0.00e+00 (  8.41e+01,  1.15e+02)
65      0.150   3.43e-01   6.62e-01   4.66e-01   2.21e+00   0.00e+00 (  7.64e+01,  1.03e+02)
70      0.164   3.71e-01   7.45e-01   5.70e-01   2.46e+00   0.00e+00 (  7.09e+01,  9.15e+01)
75      0.162   3.78e-01   7.48e-01   6.12e-01   2.49e+00   0.00e+00 (  6.47e+01,  8.21e+01)
80      0.153   3.75e-01   7.30e-01   6.21e-01   2.47e+00   0.00e+00 (  5.96e+01,  7.44e+01)
85      0.148   3.66e-01   6.89e-01   5.77e-01   2.89e+00   0.00e+00 (  5.52e+01,  6.83e+01)
90      0.159   3.79e-01   5.78e-01   3.96e-01   5.65e+00   0.00e+00 (  5.20e+01,  6.36e+01)
95      0.182   3.76e-01   5.47e-01   3.74e-01   1.14e+01   0.00e+00 (  1.20e+02,  5.92e+01)
28 e: 1.037e-05 i: 9.404e-06 :: e: 3.803e-03 i: 1.025e-02 :: n: 2.762e+01 e:21.384 i:24.084 v:4.993e+03
>>> tau_he = 5.000000, nhe(0)=2.575621e+00
 5     -0.010   5.93e-03   4.58e-01   5.03e-03  -4.87e-02   0.00e+00 (  2.52e+00,  4.89e+01)
10     -0.031   3.69e-02   9.94e-02   8.31e-03  -1.83e-01   0.00e+00 (  2.54e+01,  9.09e+01)
15     -0.007   8.90e-02   5.14e-02  -1.47e-03  -5.12e-02   0.00e+00 (  6.78e+01,  1.26e+02)
20      0.026   1.20e-01   1.06e-01   6.73e-03   2.17e-01   0.00e+00 (  8.93e+01,  1.49e+02)
25      0.040   1.51e-01   1.39e-01   2.93e-02   3.76e-01   0.00e+00 (  1.06e+02,  1.66e+02)
30      0.049   1.82e-01   1.85e-01   4.55e-02   5.08e-01   0.00e+00 (  1.16e+02,  1.75e+02)
35      0.076   2.24e-01   2.84e-01   1.23e-01   8.48e-01   0.00e+00 (  1.26e+02,  1.74e+02)
40      0.089   2.46e-01   3.56e-01   1.80e-01   1.06e+00   0.00e+00 (  1.20e+02,  1.68e+02)
45      0.112   2.73e-01   4.39e-01   1.78e-01   1.43e+00   0.00e+00 (  1.13e+02,  1.56e+02)
50      0.129   2.95e-01   5.27e-01   2.23e-01   1.71e+00   0.00e+00 (  1.04e+02,  1.43e+02)
55      0.144   3.23e-01   6.15e-01   3.20e-01   1.99e+00   0.00e+00 (  9.68e+01,  1.29e+02)
60      0.142   3.27e-01   6.19e-01   3.87e-01   2.04e+00   0.00e+00 (  8.51e+01,  1.15e+02)
65      0.151   3.46e-01   6.69e-01   4.71e-01   2.22e+00   0.00e+00 (  7.73e+01,  1.03e+02)
70      0.164   3.73e-01   7.51e-01   5.75e-01   2.47e+00   0.00e+00 (  7.17e+01,  9.15e+01)
75      0.162   3.79e-01   7.53e-01   6.16e-01   2.49e+00   0.00e+00 (  6.53e+01,  8.21e+01)
80      0.153   3.76e-01   7.34e-01   6.24e-01   2.47e+00   0.00e+00 (  6.01e+01,  7.44e+01)
85      0.148   3.67e-01   6.91e-01   5.79e-01   2.88e+00   0.00e+00 (  5.56e+01,  6.83e+01)
90      0.159   3.79e-01   5.79e-01   3.97e-01   5.64e+00   0.00e+00 (  5.23e+01,  6.36e+01)
95      0.182   3.76e-01   5.47e-01   3.74e-01   1.14e+01   0.00e+00 (  1.20e+02,  5.92e+01)
29 e: 4.712e-06 i: 9.363e-06 :: e: 4.154e-03 i: 9.345e-03 :: n: 2.762e+01 e:21.446 i:24.054 v:4.993e+03
>>> tau_he = 5.000000, nhe(0)=2.578616e+00
 5     -0.010   5.95e-03   4.61e-01   5.02e-03  -4.88e-02   0.00e+00 (  2.53e+00,  4.89e+01)
10     -0.030   3.65e-02   9.76e-02   8.31e-03  -1.79e-01   0.00e+00 (  2.51e+01,  9.09e+01)
15     -0.007   8.88e-02   5.05e-02  -1.25e-03  -4.94e-02   0.00e+00 (  6.75e+01,  1.26e+02)
20      0.026   1.20e-01   1.05e-01   6.75e-03   2.17e-01   0.00e+00 (  8.91e+01,  1.49e+02)
25      0.040   1.51e-01   1.38e-01   2.90e-02   3.75e-01   0.00e+00 (  1.06e+02,  1.66e+02)
30      0.049   1.81e-01   1.84e-01   4.48e-02   5.05e-01   0.00e+00 (  1.16e+02,  1.75e+02)
35      0.075   2.24e-01   2.81e-01   1.21e-01   8.40e-01   0.00e+00 (  1.25e+02,  1.74e+02)
40      0.088   2.45e-01   3.52e-01   1.78e-01   1.05e+00   0.00e+00 (  1.19e+02,  1.68e+02)
45      0.111   2.71e-01   4.33e-01   1.76e-01   1.41e+00   0.00e+00 (  1.12e+02,  1.56e+02)
50      0.127   2.93e-01   5.20e-01   2.19e-01   1.70e+00   0.00e+00 (  1.03e+02,  1.43e+02)
55      0.143   3.21e-01   6.07e-01   3.15e-01   1.97e+00   0.00e+00 (  9.57e+01,  1.29e+02)
60      0.141   3.25e-01   6.11e-01   3.82e-01   2.02e+00   0.00e+00 (  8.43e+01,  1.15e+02)
65      0.150   3.44e-01   6.63e-01   4.67e-01   2.21e+00   0.00e+00 (  7.67e+01,  1.03e+02)
70      0.164   3.72e-01   7.46e-01   5.71e-01   2.47e+00   0.00e+00 (  7.12e+01,  9.15e+01)
75      0.162   3.78e-01   7.49e-01   6.13e-01   2.49e+00   0.00e+00 (  6.49e+01,  8.21e+01)
80      0.154   3.76e-01   7.31e-01   6.22e-01   2.48e+00   0.00e+00 (  5.98e+01,  7.44e+01)
85      0.148   3.67e-01   6.90e-01   5.78e-01   2.89e+00   0.00e+00 (  5.54e+01,  6.83e+01)
90      0.160   3.80e-01   5.80e-01   3.97e-01   5.66e+00   0.00e+00 (  5.22e+01,  6.36e+01)
95      0.182   3.76e-01   5.47e-01   3.74e-01   1.14e+01   0.00e+00 (  1.20e+02,  5.92e+01)
30 e: 9.186e-06 i: 5.948e-06 :: e: 2.983e-03 i: 8.503e-03 :: n: 2.762e+01 e:21.404 i:24.093 v:4.993e+03
>>> tau_he = 5.000000, nhe(0)=2.576864e+00
 5     -0.010   5.95e-03   4.62e-01   5.04e-03  -4.86e-02   0.00e+00 (  2.53e+00,  4.89e+01)
10     -0.030   3.64e-02   9.73e-02   8.28e-03  -1.78e-01   0.00e+00 (  2.51e+01,  9.09e+01)
15     -0.007   8.92e-02   5.12e-02  -1.41e-03  -5.12e-02   0.00e+00 (  6.79e+01,  1.26e+02)
20      0.026   1.21e-01   1.06e-01   6.67e-03   2.16e-01   0.00e+00 (  8.96e+01,  1.49e+02)
25      0.040   1.52e-01   1.39e-01   2.93e-02   3.77e-01   0.00e+00 (  1.07e+02,  1.66e+02)
30      0.082   2.25e-01   2.61e-01   9.79e-02   8.44e-01   0.00e+00 (  1.45e+02,  1.75e+02)
35      0.076   2.25e-01   2.84e-01   1.23e-01   8.49e-01   0.00e+00 (  1.26e+02,  1.74e+02)
40      0.089   2.47e-01   3.56e-01   1.80e-01   1.06e+00   0.00e+00 (  1.20e+02,  1.68e+02)
45      0.113   2.73e-01   4.40e-01   1.78e-01   1.43e+00   0.00e+00 (  1.14e+02,  1.56e+02)
50      0.129   2.95e-01   5.27e-01   2.23e-01   1.71e+00   0.00e+00 (  1.04e+02,  1.43e+02)
55      0.143   3.23e-01   6.14e-01   3.19e-01   1.99e+00   0.00e+00 (  9.67e+01,  1.29e+02)
60      0.142   3.27e-01   6.19e-01   3.87e-01   2.04e+00   0.00e+00 (  8.53e+01,  1.15e+02)
65      0.151   3.46e-01   6.70e-01   4.72e-01   2.22e+00   0.00e+00 (  7.75e+01,  1.03e+02)
70      0.164   3.74e-01   7.52e-01   5.76e-01   2.47e+00   0.00e+00 (  7.19e+01,  9.15e+01)
75      0.162   3.80e-01   7.54e-01   6.17e-01   2.49e+00   0.00e+00 (  6.54e+01,  8.21e+01)
80      0.153   3.77e-01   7.35e-01   6.25e-01   2.47e+00   0.00e+00 (  6.02e+01,  7.44e+01)
85      0.148   3.67e-01   6.92e-01   5.80e-01   2.88e+00   0.00e+00 (  5.58e+01,  6.83e+01)
90      0.159   3.80e-01   5.80e-01   3.97e-01   5.65e+00   0.00e+00 (  5.25e+01,  6.36e+01)
95      0.182   3.76e-01   5.47e-01   3.74e-01   1.14e+01   0.00e+00 (  1.20e+02,  5.92e+01)
31 e: 1.515e-05 i: 2.950e-05 :: e: 9.487e-03 i: 1.334e-02 :: n: 2.762e+01 e:21.464 i:24.070 v:4.993e+03
>>> tau_he = 5.000000, nhe(0)=2.578628e+00
 5     -0.010   5.96e-03   4.64e-01   5.03e-03  -4.87e-02   0.00e+00 (  2.53e+00,  4.89e+01)
10     -0.029   3.61e-02   9.57e-02   8.23e-03  -1.76e-01   0.00e+00 (  2.49e+01,  9.09e+01)
15     -0.007   8.90e-02   5.07e-02  -1.31e-03  -5.05e-02   0.00e+00 (  6.77e+01,  1.26e+02)
20      0.026   1.21e-01   1.05e-01   6.64e-03   2.16e-01   0.00e+00 (  8.95e+01,  1.49e+02)
25      0.040   1.51e-01   1.38e-01   2.90e-02   3.76e-01   0.00e+00 (  1.06e+02,  1.66e+02)
30      0.048   1.80e-01   1.83e-01   4.48e-02   4.98e-01   0.00e+00 (  1.15e+02,  1.75e+02)
35      0.075   2.24e-01   2.81e-01   1.21e-01   8.40e-01   0.00e+00 (  1.25e+02,  1.74e+02)
40      0.088   2.46e-01   3.52e-01   1.78e-01   1.06e+00   0.00e+00 (  1.20e+02,  1.68e+02)
45      0.112   2.72e-01   4.34e-01   1.76e-01   1.42e+00   0.00e+00 (  1.13e+02,  1.56e+02)
50      0.128   2.94e-01   5.21e-01   2.20e-01   1.70e+00   0.00e+00 (  1.03e+02,  1.43e+02)
55      0.142   3.21e-01   6.06e-01   3.15e-01   1.97e+00   0.00e+00 (  9.59e+01,  1.29e+02)
60      0.142   3.25e-01   6.12e-01   3.82e-01   2.03e+00   0.00e+00 (  8.45e+01,  1.15e+02)
65      0.150   3.45e-01   6.64e-01   4.67e-01   2.21e+00   0.00e+00 (  7.69e+01,  1.03e+02)
70      0.164   3.72e-01   7.47e-01   5.72e-01   2.47e+00   0.00e+00 (  7.14e+01,  9.15e+01)
75      0.162   3.79e-01   7.50e-01   6.14e-01   2.50e+00   0.00e+00 (  6.50e+01,  8.21e+01)
80      0.154   3.76e-01   7.32e-01   6.23e-01   2.48e+00   0.00e+00 (  5.99e+01,  7.44e+01)
85      0.148   3.67e-01   6.91e-01   5.79e-01   2.90e+00   0.00e+00 (  5.55e+01,  6.83e+01)
90      0.160   3.81e-01   5.81e-01   3.98e-01   5.67e+00   0.00e+00 (  5.24e+01,  6.36e+01)
95      0.182   3.76e-01   5.47e-01   3.74e-01   1.14e+01   0.00e+00 (  1.20e+02,  5.92e+01)
32 e: 7.870e-06 i: 5.122e-06 :: e: 3.242e-03 i: 7.724e-03 :: n: 2.762e+01 e:21.413 i:24.094 v:4.993e+03
>>> tau_he = 5.000000, nhe(0)=2.576593e+00
 5     -0.010   5.95e-03   4.65e-01   5.04e-03  -4.86e-02   0.00e+00 (  2.53e+00,  4.89e+01)
10     -0.029   3.61e-02   9.56e-02   8.21e-03  -1.76e-01   0.00e+00 (  2.49e+01,  9.09e+01)
15     -0.007   8.93e-02   5.14e-02  -1.46e-03  -5.17e-02   0.00e+00 (  6.80e+01,  1.26e+02)
20      0.026   1.21e-01   1.06e-01   6.61e-03   2.16e-01   0.00e+00 (  8.98e+01,  1.49e+02)
25      0.040   1.52e-01   1.39e-01   2.93e-02   3.78e-01   0.00e+00 (  1.07e+02,  1.66e+02)
30      0.049   1.79e-01   1.85e-01   4.53e-02   5.07e-01   0.00e+00 (  1.14e+02,  1.75e+02)
35      0.076   2.25e-01   2.84e-01   1.23e-01   8.49e-01   0.00e+00 (  1.26e+02,  1.74e+02)
40      0.089   2.47e-01   3.57e-01   1.80e-01   1.07e+00   0.00e+00 (  1.21e+02,  1.68e+02)
45      0.113   2.74e-01   4.41e-01   1.79e-01   1.43e+00   0.00e+00 (  1.14e+02,  1.56e+02)
50      0.129   2.96e-01   5.28e-01   2.23e-01   1.72e+00   0.00e+00 (  1.04e+02,  1.43e+02)
55      0.143   3.23e-01   6.14e-01   3.19e-01   1.99e+00   0.00e+00 (  9.69e+01,  1.29e+02)
60      0.143   3.28e-01   6.20e-01   3.87e-01   2.04e+00   0.00e+00 (  8.55e+01,  1.15e+02)
65      0.151   3.47e-01   6.71e-01   4.73e-01   2.22e+00   0.00e+00 (  7.78e+01,  1.03e+02)
70      0.164   3.75e-01   7.53e-01   5.76e-01   2.47e+00   0.00e+00 (  7.21e+01,  9.15e+01)
75      0.162   3.81e-01   7.55e-01   6.18e-01   2.50e+00   0.00e+00 (  6.56e+01,  8.21e+01)
80      0.153   3.77e-01   7.36e-01   6.25e-01   2.48e+00   0.00e+00 (  6.04e+01,  7.44e+01)
85      0.148   3.68e-01   6.93e-01   5.80e-01   2.89e+00   0.00e+00 (  5.59e+01,  6.83e+01)
90      0.160   3.81e-01   5.81e-01   3.98e-01   5.66e+00   0.00e+00 (  5.27e+01,  6.36e+01)
95      0.182   3.76e-01   5.47e-01   3.74e-01   1.14e+01   0.00e+00 (  1.20e+02,  5.92e+01)
33 e: 5.174e-06 i: 5.879e-06 :: e: 5.285e-03 i: 8.576e-03 :: n: 2.762e+01 e:21.463 i:24.067 v:4.993e+03
>>> tau_he = 5.000000, nhe(0)=2.579630e+00
 5     -0.010   5.97e-03   4.67e-01   5.04e-03  -4.86e-02   0.00e+00 (  2.53e+00,  4.89e+01)
10     -0.029   3.59e-02   9.50e-02   8.21e-03  -1.74e-01   0.00e+00 (  2.47e+01,  9.09e+01)
15     -0.007   8.91e-02   5.07e-02  -1.29e-03  -5.00e-02   0.00e+00 (  6.77e+01,  1.26e+02)
20      0.026   1.21e-01   1.05e-01   6.63e-03   2.16e-01   0.00e+00 (  8.96e+01,  1.49e+02)
25      0.040   1.51e-01   1.38e-01   2.90e-02   3.77e-01   0.00e+00 (  1.06e+02,  1.66e+02)
30      0.049   1.81e-01   1.83e-01   4.47e-02   5.02e-01   0.00e+00 (  1.15e+02,  1.75e+02)
35      0.075   2.24e-01   2.81e-01   1.21e-01   8.42e-01   0.00e+00 (  1.25e+02,  1.74e+02)
40      0.088   2.46e-01   3.52e-01   1.78e-01   1.06e+00   0.00e+00 (  1.20e+02,  1.68e+02)
45      0.112   2.72e-01   4.35e-01   1.77e-01   1.42e+00   0.00e+00 (  1.13e+02,  1.56e+02)
50      0.128   2.94e-01   5.21e-01   2.20e-01   1.70e+00   0.00e+00 (  1.03e+02,  1.43e+02)
55      0.142   3.21e-01   6.06e-01   3.17e-01   1.97e+00   0.00e+00 (  9.59e+01,  1.29e+02)
60      0.142   3.26e-01   6.12e-01   3.83e-01   2.03e+00   0.00e+00 (  8.47e+01,  1.15e+02)
65      0.151   3.45e-01   6.65e-01   4.68e-01   2.22e+00   0.00e+00 (  7.71e+01,  1.03e+02)
70      0.164   3.73e-01   7.48e-01   5.72e-01   2.47e+00   0.00e+00 (  7.15e+01,  9.15e+01)
75      0.162   3.79e-01   7.51e-01   6.14e-01   2.50e+00   0.00e+00 (  6.52e+01,  8.21e+01)
80      0.154   3.77e-01   7.33e-01   6.23e-01   2.48e+00   0.00e+00 (  6.01e+01,  7.44e+01)
85      0.149   3.68e-01   6.92e-01   5.80e-01   2.90e+00   0.00e+00 (  5.57e+01,  6.83e+01)
90      0.160   3.81e-01   5.82e-01   3.99e-01   5.68e+00   0.00e+00 (  5.26e+01,  6.36e+01)
95      0.182   3.76e-01   5.47e-01   3.74e-01   1.14e+01   0.00e+00 (  1.20e+02,  5.92e+01)
34 e: 7.755e-06 i: 4.276e-06 :: e: 2.786e-03 i: 6.687e-03 :: n: 2.762e+01 e:21.423 i:24.107 v:4.993e+03
>>> tau_he = 5.000000, nhe(0)=2.578331e+00
 5     -0.010   5.97e-03   4.68e-01   5.05e-03  -4.86e-02   0.00e+00 (  2.53e+00,  4.89e+01)
10     -0.029   3.59e-02   9.51e-02   8.21e-03  -1.74e-01   0.00e+00 (  2.48e+01,  9.09e+01)
15     -0.007   8.95e-02   5.14e-02  -1.46e-03  -5.17e-02   0.00e+00 (  6.82e+01,  1.26e+02)
20      0.026   1.21e-01   1.06e-01   6.56e-03   2.16e-01   0.00e+00 (  9.01e+01,  1.49e+02)
25      0.041   1.52e-01   1.40e-01   2.93e-02   3.79e-01   0.00e+00 (  1.07e+02,  1.66e+02)
30      0.049   1.82e-01   1.85e-01   4.52e-02   5.09e-01   0.00e+00 (  1.16e+02,  1.75e+02)
35      0.076   2.25e-01   2.84e-01   1.23e-01   8.50e-01   0.00e+00 (  1.26e+02,  1.74e+02)
40      0.089   2.47e-01   3.57e-01   1.80e-01   1.07e+00   0.00e+00 (  1.21e+02,  1.68e+02)
45      0.113   2.74e-01   4.41e-01   1.79e-01   1.43e+00   0.00e+00 (  1.14e+02,  1.56e+02)
50      0.129   2.96e-01   5.28e-01   2.23e-01   1.72e+00   0.00e+00 (  1.04e+02,  1.43e+02)
55      0.143   3.23e-01   6.13e-01   3.19e-01   1.98e+00   0.00e+00 (  9.68e+01,  1.29e+02)
60      0.143   3.28e-01   6.20e-01   3.87e-01   2.04e+00   0.00e+00 (  8.56e+01,  1.15e+02)
65      0.151   3.47e-01   6.72e-01   4.73e-01   2.22e+00   0.00e+00 (  7.79e+01,  1.03e+02)
70      0.164   3.75e-01   7.53e-01   5.77e-01   2.48e+00   0.00e+00 (  7.22e+01,  9.15e+01)
75      0.162   3.81e-01   7.56e-01   6.18e-01   2.50e+00   0.00e+00 (  6.57e+01,  8.21e+01)
80      0.154   3.78e-01   7.36e-01   6.26e-01   2.48e+00   0.00e+00 (  6.05e+01,  7.44e+01)
85      0.148   3.68e-01   6.94e-01   5.81e-01   2.89e+00   0.00e+00 (  5.60e+01,  6.83e+01)
90      0.160   3.81e-01   5.82e-01   3.99e-01   5.67e+00   0.00e+00 (  5.28e+01,  6.36e+01)
95      0.182   3.76e-01   5.47e-01   3.74e-01   1.14e+01   0.00e+00 (  1.20e+02,  5.92e+01)
35 e: 4.498e-06 i: 5.024e-06 :: e: 4.483e-03 i: 7.710e-03 :: n: 2.762e+01 e:21.479 i:24.090 v:4.993e+03
>>> tau_he = 5.000000, nhe(0)=2.581625e+00
 5     -0.010   6.01e-03   4.71e-01   4.94e-03  -4.81e-02   0.00e+00 (  2.55e+00,  4.89e+01)
10     -0.029   3.57e-02   9.43e-02   8.12e-03  -1.72e-01   0.00e+00 (  2.46e+01,  9.09e+01)
15     -0.007   8.94e-02   5.08e-02  -1.31e-03  -5.04e-02   0.00e+00 (  6.80e+01,  1.26e+02)
20      0.026   1.21e-01   1.05e-01   6.57e-03   2.16e-01   0.00e+00 (  8.99e+01,  1.49e+02)
25      0.041   1.52e-01   1.39e-01   2.90e-02   3.78e-01   0.00e+00 (  1.07e+02,  1.66e+02)
30      0.049   1.81e-01   1.84e-01   4.46e-02   5.06e-01   0.00e+00 (  1.16e+02,  1.75e+02)
35      0.075   2.24e-01   2.81e-01   1.21e-01   8.44e-01   0.00e+00 (  1.25e+02,  1.74e+02)
40      0.088   2.46e-01   3.53e-01   1.78e-01   1.06e+00   0.00e+00 (  1.20e+02,  1.68e+02)
45      0.112   2.73e-01   4.35e-01   1.77e-01   1.42e+00   0.00e+00 (  1.13e+02,  1.56e+02)
50      0.128   2.94e-01   5.22e-01   2.20e-01   1.70e+00   0.00e+00 (  1.04e+02,  1.43e+02)
55      0.142   3.21e-01   6.06e-01   3.17e-01   1.97e+00   0.00e+00 (  9.60e+01,  1.29e+02)
60      0.142   3.26e-01   6.13e-01   3.83e-01   2.03e+00   0.00e+00 (  8.48e+01,  1.15e+02)
65      0.151   3.45e-01   6.66e-01   4.68e-01   2.22e+00   0.00e+00 (  7.72e+01,  1.03e+02)
70      0.164   3.73e-01   7.48e-01   5.73e-01   2.47e+00   0.00e+00 (  7.16e+01,  9.15e+01)
75      0.162   3.80e-01   7.52e-01   6.15e-01   2.50e+00   0.00e+00 (  6.52e+01,  8.21e+01)
80      0.154   3.77e-01   7.34e-01   6.24e-01   2.49e+00   0.00e+00 (  6.01e+01,  7.44e+01)
85      0.149   3.68e-01   6.93e-01   5.80e-01   2.90e+00   0.00e+00 (  5.58e+01,  6.83e+01)
90      0.160   3.81e-01   5.82e-01   3.99e-01   5.68e+00   0.00e+00 (  5.27e+01,  6.36e+01)
95      0.182   3.76e-01   5.47e-01   3.75e-01   1.14e+01   0.00e+00 (  1.20e+02,  5.92e+01)
36 e: 7.177e-06 i: 3.524e-06 :: e: 2.258e-03 i: 5.634e-03 :: n: 2.762e+01 e:21.442 i:24.134 v:4.993e+03
>>> tau_he = 5.000000, nhe(0)=2.580482e+00
 5     -0.010   5.99e-03   4.71e-01   5.06e-03  -4.86e-02   0.00e+00 (  2.54e+00,  4.89e+01)
10     -0.029   3.58e-02   9.45e-02   8.13e-03  -1.73e-01   0.00e+00 (  2.47e+01,  9.09e+01)
15     -0.007   8.98e-02   5.15e-02  -1.48e-03  -5.22e-02   0.00e+00 (  6.84e+01,  1.26e+02)
20      0.026   1.22e-01   1.07e-01   6.51e-03   2.16e-01   0.00e+00 (  9.04e+01,  1.49e+02)
25      0.041   1.52e-01   1.40e-01   2.92e-02   3.79e-01   0.00e+00 (  1.07e+02,  1.66e+02)
30      0.082   2.26e-01   2.61e-01   9.76e-02   8.45e-01   0.00e+00 (  1.45e+02,  1.75e+02)
35      0.076   2.25e-01   2.84e-01   1.23e-01   8.52e-01   0.00e+00 (  1.26e+02,  1.74e+02)
40      0.089   2.47e-01   3.57e-01   1.79e-01   1.07e+00   0.00e+00 (  1.21e+02,  1.68e+02)
45      0.113   2.74e-01   4.41e-01   1.79e-01   1.44e+00   0.00e+00 (  1.15e+02,  1.56e+02)
50      0.129   2.96e-01   5.29e-01   2.23e-01   1.72e+00   0.00e+00 (  1.05e+02,  1.43e+02)
55      0.143   3.23e-01   6.13e-01   3.19e-01   1.98e+00   0.00e+00 (  9.69e+01,  1.29e+02)
60      0.143   3.28e-01   6.20e-01   3.87e-01   2.04e+00   0.00e+00 (  8.57e+01,  1.15e+02)
65      0.151   3.47e-01   6.72e-01   4.73e-01   2.23e+00   0.00e+00 (  7.80e+01,  1.03e+02)
70      0.165   3.75e-01   7.54e-01   5.77e-01   2.48e+00   0.00e+00 (  7.22e+01,  9.15e+01)
75      0.162   3.81e-01   7.56e-01   6.18e-01   2.50e+00   0.00e+00 (  6.57e+01,  8.21e+01)
80      0.154   3.78e-01   7.37e-01   6.26e-01   2.48e+00   0.00e+00 (  6.05e+01,  7.44e+01)
85      0.148   3.69e-01   6.94e-01   5.81e-01   2.89e+00   0.00e+00 (  5.61e+01,  6.83e+01)
90      0.160   3.81e-01   5.82e-01   3.99e-01   5.67e+00   0.00e+00 (  5.29e+01,  6.36e+01)
95      0.182   3.76e-01   5.47e-01   3.74e-01   1.14e+01   0.00e+00 (  1.20e+02,  5.92e+01)
37 e: 1.402e-05 i: 2.620e-05 :: e: 9.510e-03 i: 1.169e-02 :: n: 2.762e+01 e:21.498 i:24.119 v:4.993e+03
>>> tau_he = 5.000000, nhe(0)=2.582254e+00
 5     -0.010   6.01e-03   4.72e-01   4.95e-03  -4.81e-02   0.00e+00 (  2.55e+00,  4.89e+01)
10     -0.029   3.57e-02   9.40e-02   8.08e-03  -1.72e-01   0.00e+00 (  2.47e+01,  9.09e+01)
15     -0.007   8.96e-02   5.11e-02  -1.42e-03  -5.16e-02   0.00e+00 (  6.82e+01,  1.26e+02)
20      0.026   1.21e-01   1.06e-01   6.47e-03   2.16e-01   0.00e+00 (  9.02e+01,  1.49e+02)
25      0.041   1.52e-01   1.39e-01   2.90e-02   3.78e-01   0.00e+00 (  1.07e+02,  1.66e+02)
30      0.048   1.80e-01   1.83e-01   4.46e-02   4.99e-01   0.00e+00 (  1.15e+02,  1.75e+02)
35      0.075   2.24e-01   2.81e-01   1.21e-01   8.44e-01   0.00e+00 (  1.26e+02,  1.74e+02)
40      0.089   2.47e-01   3.53e-01   1.77e-01   1.06e+00   0.00e+00 (  1.21e+02,  1.68e+02)
45      0.112   2.73e-01   4.36e-01   1.77e-01   1.42e+00   0.00e+00 (  1.14e+02,  1.56e+02)
50      0.128   2.95e-01   5.23e-01   2.20e-01   1.71e+00   0.00e+00 (  1.04e+02,  1.43e+02)
55      0.142   3.22e-01   6.07e-01   3.17e-01   1.97e+00   0.00e+00 (  9.62e+01,  1.29e+02)
60      0.142   3.26e-01   6.14e-01   3.83e-01   2.03e+00   0.00e+00 (  8.50e+01,  1.15e+02)
65      0.151   3.46e-01   6.67e-01   4.69e-01   2.22e+00   0.00e+00 (  7.74e+01,  1.03e+02)
70      0.164   3.74e-01   7.49e-01   5.73e-01   2.48e+00   0.00e+00 (  7.18e+01,  9.15e+01)
75      0.163   3.80e-01   7.53e-01   6.15e-01   2.50e+00   0.00e+00 (  6.53e+01,  8.21e+01)
80      0.154   3.77e-01   7.34e-01   6.24e-01   2.49e+00   0.00e+00 (  6.02e+01,  7.44e+01)
85      0.149   3.68e-01   6.93e-01   5.80e-01   2.90e+00   0.00e+00 (  5.58e+01,  6.83e+01)
90      0.160   3.82e-01   5.83e-01   4.00e-01   5.68e+00   0.00e+00 (  5.28e+01,  6.36e+01)
95      0.182   3.76e-01   5.47e-01   3.75e-01   1.14e+01   0.00e+00 (  1.20e+02,  5.92e+01)
38 e: 6.205e-06 i: 3.886e-06 :: e: 2.918e-03 i: 5.352e-03 :: n: 2.762e+01 e:21.451 i:24.142 v:4.993e+03
>>> tau_he = 5.000000, nhe(0)=2.580507e+00
 5     -0.010   5.99e-03   4.72e-01   5.06e-03  -4.86e-02   0.00e+00 (  2.54e+00,  4.89e+01)
10     -0.029   3.57e-02   9.42e-02   8.09e-03  -1.72e-01   0.00e+00 (  2.47e+01,  9.09e+01)
15     -0.007   8.99e-02   5.18e-02  -1.56e-03  -5.26e-02   0.00e+00 (  6.85e+01,  1.26e+02)
20      0.026   1.22e-01   1.07e-01   6.45e-03   2.16e-01   0.00e+00 (  9.05e+01,  1.49e+02)
25      0.041   1.52e-01   1.40e-01   2.93e-02   3.80e-01   0.00e+00 (  1.07e+02,  1.66e+02)
30      0.049   1.79e-01   1.85e-01   4.51e-02   5.09e-01   0.00e+00 (  1.14e+02,  1.75e+02)
35      0.076   2.25e-01   2.84e-01   1.22e-01   8.52e-01   0.00e+00 (  1.26e+02,  1.74e+02)
40      0.090   2.48e-01   3.57e-01   1.79e-01   1.07e+00   0.00e+00 (  1.21e+02,  1.68e+02)
45      0.113   2.75e-01   4.42e-01   1.79e-01   1.44e+00   0.00e+00 (  1.15e+02,  1.56e+02)
50      0.129   2.97e-01   5.29e-01   2.24e-01   1.72e+00   0.00e+00 (  1.05e+02,  1.43e+02)
55      0.143   3.24e-01   6.13e-01   3.19e-01   1.98e+00   0.00e+00 (  9.70e+01,  1.29e+02)
60      0.143   3.29e-01   6.21e-01   3.88e-01   2.04e+00   0.00e+00 (  8.59e+01,  1.15e+02)
65      0.152   3.48e-01   6.73e-01   4.74e-01   2.23e+00   0.00e+00 (  7.82e+01,  1.03e+02)
70      0.165   3.75e-01   7.55e-01   5.78e-01   2.48e+00   0.00e+00 (  7.24e+01,  9.15e+01)
75      0.163   3.81e-01   7.57e-01   6.19e-01   2.50e+00   0.00e+00 (  6.59e+01,  8.21e+01)
80      0.154   3.78e-01   7.37e-01   6.27e-01   2.48e+00   0.00e+00 (  6.06e+01,  7.44e+01)
85      0.148   3.69e-01   6.95e-01   5.82e-01   2.89e+00   0.00e+00 (  5.62e+01,  6.83e+01)
90      0.160   3.81e-01   5.83e-01   4.00e-01   5.68e+00   0.00e+00 (  5.30e+01,  6.36e+01)
95      0.182   3.76e-01   5.47e-01   3.75e-01   1.14e+01   0.00e+00 (  1.20e+02,  5.92e+01)
39 e: 4.825e-06 i: 4.437e-06 :: e: 5.215e-03 i: 7.183e-03 :: n: 2.762e+01 e:21.495 i:24.119 v:4.993e+03
>>> tau_he = 5.000000, nhe(0)=2.583315e+00
 5     -0.010   6.02e-03   4.74e-01   4.95e-03  -4.81e-02   0.00e+00 (  2.55e+00,  4.89e+01)
10     -0.029   3.56e-02   9.35e-02   8.02e-03  -1.71e-01   0.00e+00 (  2.46e+01,  9.09e+01)
15     -0.007   8.97e-02   5.12e-02  -1.41e-03  -5.09e-02   0.00e+00 (  6.83e+01,  1.26e+02)
20      0.026   1.22e-01   1.06e-01   6.48e-03   2.17e-01   0.00e+00 (  9.02e+01,  1.49e+02)
25      0.041   1.52e-01   1.39e-01   2.90e-02   3.80e-01   0.00e+00 (  1.07e+02,  1.66e+02)
30      0.049   1.81e-01   1.83e-01   4.45e-02   5.04e-01   0.00e+00 (  1.16e+02,  1.75e+02)
35      0.076   2.24e-01   2.81e-01   1.21e-01   8.45e-01   0.00e+00 (  1.26e+02,  1.74e+02)
40      0.089   2.47e-01   3.53e-01   1.77e-01   1.06e+00   0.00e+00 (  1.20e+02,  1.68e+02)
45      0.112   2.73e-01   4.36e-01   1.77e-01   1.42e+00   0.00e+00 (  1.14e+02,  1.56e+02)
50      0.128   2.95e-01   5.23e-01   2.20e-01   1.71e+00   0.00e+00 (  1.04e+02,  1.43e+02)
55      0.142   3.22e-01   6.07e-01   3.17e-01   1.97e+00   0.00e+00 (  9.62e+01,  1.29e+02)
60      0.142   3.27e-01   6.14e-01   3.84e-01   2.03e+00   0.00e+00 (  8.51e+01,  1.15e+02)
65      0.151   3.46e-01   6.67e-01   4.69e-01   2.22e+00   0.00e+00 (  7.75e+01,  1.03e+02)
70      0.165   3.74e-01   7.50e-01   5.74e-01   2.48e+00   0.00e+00 (  7.19e+01,  9.15e+01)
75      0.163   3.80e-01   7.53e-01   6.16e-01   2.50e+00   0.00e+00 (  6.54e+01,  8.21e+01)
80      0.154   3.77e-01   7.35e-01   6.25e-01   2.49e+00   0.00e+00 (  6.03e+01,  7.44e+01)
85      0.149   3.69e-01   6.94e-01   5.81e-01   2.90e+00   0.00e+00 (  5.59e+01,  6.83e+01)
90      0.160   3.82e-01   5.83e-01   4.00e-01   5.69e+00   0.00e+00 (  5.28e+01,  6.36e+01)
95      0.182   3.76e-01   5.47e-01   3.75e-01   1.14e+01   0.00e+00 (  1.20e+02,  5.92e+01)
40 e: 6.216e-06 i: 3.395e-06 :: e: 2.374e-03 i: 4.655e-03 :: n: 2.762e+01 e:21.458 i:24.157 v:4.993e+03
>>> tau_he = 5.000000, nhe(0)=2.582190e+00
 5     -0.010   6.02e-03   4.74e-01   4.96e-03  -4.81e-02   0.00e+00 (  2.56e+00,  4.89e+01)
10     -0.029   3.57e-02   9.38e-02   8.04e-03  -1.71e-01   0.00e+00 (  2.47e+01,  9.09e+01)
15     -0.007   9.01e-02   5.18e-02  -1.57e-03  -5.23e-02   0.00e+00 (  6.87e+01,  1.26e+02)
20      0.026   1.22e-01   1.07e-01   6.43e-03   2.17e-01   0.00e+00 (  9.06e+01,  1.49e+02)
25      0.041   1.52e-01   1.40e-01   2.92e-02   3.81e-01   0.00e+00 (  1.08e+02,  1.66e+02)
30      0.050   1.82e-01   1.85e-01   4.50e-02   5.10e-01   0.00e+00 (  1.17e+02,  1.75e+02)
35      0.076   2.25e-01   2.84e-01   1.23e-01   8.53e-01   0.00e+00 (  1.26e+02,  1.74e+02)
40      0.090   2.48e-01   3.57e-01   1.79e-01   1.07e+00   0.00e+00 (  1.21e+02,  1.68e+02)
45      0.113   2.75e-01   4.42e-01   1.79e-01   1.44e+00   0.00e+00 (  1.15e+02,  1.56e+02)
50      0.129   2.97e-01   5.29e-01   2.23e-01   1.72e+00   0.00e+00 (  1.05e+02,  1.43e+02)
55      0.143   3.24e-01   6.13e-01   3.21e-01   1.98e+00   0.00e+00 (  9.71e+01,  1.29e+02)
60      0.143   3.29e-01   6.21e-01   3.88e-01   2.04e+00   0.00e+00 (  8.59e+01,  1.15e+02)
65      0.152   3.48e-01   6.73e-01   4.74e-01   2.23e+00   0.00e+00 (  7.82e+01,  1.03e+02)
70      0.165   3.76e-01   7.55e-01   5.78e-01   2.48e+00   0.00e+00 (  7.24e+01,  9.15e+01)
75      0.163   3.82e-01   7.57e-01   6.19e-01   2.50e+00   0.00e+00 (  6.59e+01,  8.21e+01)
80      0.154   3.78e-01   7.38e-01   6.27e-01   2.48e+00   0.00e+00 (  6.07e+01,  7.44e+01)
85      0.148   3.69e-01   6.95e-01   5.82e-01   2.90e+00   0.00e+00 (  5.62e+01,  6.83e+01)
90      0.160   3.82e-01   5.83e-01   4.00e-01   5.68e+00   0.00e+00 (  5.31e+01,  6.36e+01)
95      0.182   3.76e-01   5.47e-01   3.75e-01   1.14e+01   0.00e+00 (  1.20e+02,  5.92e+01)
41 e: 4.044e-06 i: 3.885e-06 :: e: 4.354e-03 i: 6.399e-03 :: n: 2.762e+01 e:21.508 i:24.142 v:4.993e+03
>>> tau_he = 5.000000, nhe(0)=2.585193e+00
 5     -0.010   6.04e-03   4.76e-01   4.96e-03  -4.82e-02   0.00e+00 (  2.56e+00,  4.89e+01)
10     -0.028   3.56e-02   9.33e-02   7.97e-03  -1.70e-01   0.00e+00 (  2.46e+01,  9.09e+01)
15     -0.007   8.99e-02   5.13e-02  -1.43e-03  -5.09e-02   0.00e+00 (  6.85e+01,  1.26e+02)
20      0.026   1.22e-01   1.06e-01   6.44e-03   2.17e-01   0.00e+00 (  9.04e+01,  1.49e+02)
25      0.041   1.52e-01   1.39e-01   2.90e-02   3.80e-01   0.00e+00 (  1.07e+02,  1.66e+02)
30      0.049   1.82e-01   1.84e-01   4.45e-02   5.08e-01   0.00e+00 (  1.17e+02,  1.75e+02)
35      0.076   2.25e-01   2.82e-01   1.21e-01   8.47e-01   0.00e+00 (  1.26e+02,  1.74e+02)
40      0.089   2.47e-01   3.54e-01   1.77e-01   1.06e+00   0.00e+00 (  1.21e+02,  1.68e+02)
45      0.112   2.73e-01   4.36e-01   1.77e-01   1.43e+00   0.00e+00 (  1.14e+02,  1.56e+02)
50      0.128   2.95e-01   5.23e-01   2.21e-01   1.71e+00   0.00e+00 (  1.04e+02,  1.43e+02)
55      0.142   3.22e-01   6.07e-01   3.17e-01   1.97e+00   0.00e+00 (  9.63e+01,  1.29e+02)
60      0.142   3.27e-01   6.14e-01   3.84e-01   2.03e+00   0.00e+00 (  8.52e+01,  1.15e+02)
65      0.151   3.46e-01   6.67e-01   4.70e-01   2.22e+00   0.00e+00 (  7.76e+01,  1.03e+02)
70      0.165   3.74e-01   7.50e-01   5.74e-01   2.48e+00   0.00e+00 (  7.19e+01,  9.15e+01)
75      0.163   3.80e-01   7.53e-01   6.16e-01   2.51e+00   0.00e+00 (  6.55e+01,  8.21e+01)
80      0.154   3.78e-01   7.35e-01   6.25e-01   2.49e+00   0.00e+00 (  6.03e+01,  7.44e+01)
85      0.149   3.69e-01   6.94e-01   5.81e-01   2.91e+00   0.00e+00 (  5.60e+01,  6.83e+01)
90      0.161   3.82e-01   5.83e-01   4.00e-01   5.69e+00   0.00e+00 (  5.29e+01,  6.36e+01)
95      0.182   3.76e-01   5.47e-01   3.75e-01   1.14e+01   0.00e+00 (  1.20e+02,  5.92e+01)
42 e: 5.743e-06 i: 2.802e-06 :: e: 1.978e-03 i: 4.030e-03 :: n: 2.762e+01 e:21.473 i:24.182 v:4.993e+03
>>> tau_he = 5.000000, nhe(0)=2.584135e+00
 5     -0.010   6.04e-03   4.79e-01   4.85e-03  -4.91e-02   0.00e+00 (  2.57e+00,  4.89e+01)
10     -0.029   3.57e-02   9.36e-02   8.00e-03  -1.71e-01   0.00e+00 (  2.47e+01,  9.09e+01)
15     -0.007   9.03e-02   5.20e-02  -1.59e-03  -5.25e-02   0.00e+00 (  6.89e+01,  1.26e+02)
20      0.026   1.22e-01   1.07e-01   6.39e-03   2.17e-01   0.00e+00 (  9.08e+01,  1.49e+02)
25      0.041   1.53e-01   1.40e-01   2.92e-02   3.81e-01   0.00e+00 (  1.08e+02,  1.66e+02)
30      0.082   2.26e-01   2.61e-01   9.75e-02   8.48e-01   0.00e+00 (  1.45e+02,  1.75e+02)
35      0.076   2.26e-01   2.84e-01   1.23e-01   8.54e-01   0.00e+00 (  1.27e+02,  1.74e+02)
40      0.090   2.48e-01   3.57e-01   1.79e-01   1.07e+00   0.00e+00 (  1.21e+02,  1.68e+02)
45      0.114   2.75e-01   4.42e-01   1.79e-01   1.44e+00   0.00e+00 (  1.15e+02,  1.56e+02)
50      0.129   2.97e-01   5.29e-01   2.24e-01   1.72e+00   0.00e+00 (  1.05e+02,  1.43e+02)
55      0.143   3.24e-01   6.13e-01   3.21e-01   1.98e+00   0.00e+00 (  9.71e+01,  1.29e+02)
60      0.143   3.29e-01   6.21e-01   3.88e-01   2.04e+00   0.00e+00 (  8.59e+01,  1.15e+02)
65      0.152   3.48e-01   6.73e-01   4.74e-01   2.23e+00   0.00e+00 (  7.82e+01,  1.03e+02)
70      0.165   3.76e-01   7.55e-01   5.78e-01   2.48e+00   0.00e+00 (  7.25e+01,  9.15e+01)
75      0.163   3.82e-01   7.57e-01   6.19e-01   2.50e+00   0.00e+00 (  6.59e+01,  8.21e+01)
80      0.154   3.78e-01   7.38e-01   6.27e-01   2.48e+00   0.00e+00 (  6.07e+01,  7.44e+01)
85      0.149   3.69e-01   6.96e-01   5.82e-01   2.90e+00   0.00e+00 (  5.62e+01,  6.83e+01)
90      0.160   3.82e-01   5.84e-01   4.00e-01   5.68e+00   0.00e+00 (  5.31e+01,  6.36e+01)
95      0.182   3.76e-01   5.47e-01   3.75e-01   1.14e+01   0.00e+00 (  1.20e+02,  5.92e+01)
43 e: 1.330e-05 i: 2.521e-05 :: e: 9.154e-03 i: 1.060e-02 :: n: 2.762e+01 e:21.523 i:24.168 v:4.993e+03
>>> tau_he = 5.000000, nhe(0)=2.585612e+00
 5     -0.010   6.05e-03   4.77e-01   4.96e-03  -4.83e-02   0.00e+00 (  2.57e+00,  4.89e+01)
10     -0.029   3.56e-02   9.33e-02   7.97e-03  -1.71e-01   0.00e+00 (  2.47e+01,  9.09e+01)
15     -0.007   9.01e-02   5.17e-02  -1.54e-03  -5.19e-02   0.00e+00 (  6.87e+01,  1.26e+02)
20      0.026   1.22e-01   1.06e-01   6.36e-03   2.16e-01   0.00e+00 (  9.07e+01,  1.49e+02)
25      0.041   1.52e-01   1.39e-01   2.90e-02   3.80e-01   0.00e+00 (  1.07e+02,  1.66e+02)
30      0.049   1.79e-01   1.83e-01   4.45e-02   5.03e-01   0.00e+00 (  1.14e+02,  1.75e+02)
35      0.076   2.25e-01   2.82e-01   1.21e-01   8.47e-01   0.00e+00 (  1.26e+02,  1.74e+02)
40      0.089   2.47e-01   3.54e-01   1.77e-01   1.07e+00   0.00e+00 (  1.21e+02,  1.68e+02)
45      0.113   2.74e-01   4.37e-01   1.77e-01   1.43e+00   0.00e+00 (  1.14e+02,  1.56e+02)
50      0.129   2.95e-01   5.24e-01   2.21e-01   1.71e+00   0.00e+00 (  1.04e+02,  1.43e+02)
55      0.142   3.22e-01   6.07e-01   3.18e-01   1.97e+00   0.00e+00 (  9.64e+01,  1.29e+02)
60      0.142   3.27e-01   6.15e-01   3.84e-01   2.04e+00   0.00e+00 (  8.53e+01,  1.15e+02)
65      0.151   3.47e-01   6.68e-01   4.70e-01   2.23e+00   0.00e+00 (  7.77e+01,  1.03e+02)
70      0.165   3.74e-01   7.51e-01   5.74e-01   2.48e+00   0.00e+00 (  7.20e+01,  9.15e+01)
75      0.163   3.81e-01   7.54e-01   6.16e-01   2.51e+00   0.00e+00 (  6.56e+01,  8.21e+01)
80      0.154   3.78e-01   7.36e-01   6.25e-01   2.49e+00   0.00e+00 (  6.04e+01,  7.44e+01)
85      0.149   3.69e-01   6.95e-01   5.82e-01   2.91e+00   0.00e+00 (  5.60e+01,  6.83e+01)
90      0.161   3.82e-01   5.84e-01   4.00e-01   5.69e+00   0.00e+00 (  5.30e+01,  6.36e+01)
95      0.182   3.76e-01   5.47e-01   3.75e-01   1.14e+01   0.00e+00 (  1.20e+02,  5.92e+01)
44 e: 5.204e-06 i: 3.339e-06 :: e: 2.971e-03 i: 4.059e-03 :: n: 2.762e+01 e:21.478 i:24.188 v:4.993e+03
>>> tau_he = 5.000000, nhe(0)=2.583899e+00
 5     -0.010   6.04e-03   4.79e-01   4.85e-03  -4.91e-02   0.00e+00 (  2.57e+00,  4.89e+01)
10     -0.029   3.57e-02   9.36e-02   7.99e-03  -1.71e-01   0.00e+00 (  2.47e+01,  9.09e+01)
15     -0.007   9.04e-02   5.22e-02  -1.66e-03  -5.26e-02   0.00e+00 (  6.89e+01,  1.26e+02)
20      0.029   1.22e-01   1.07e-01   6.60e-03   2.43e-01   0.00e+00 (  9.07e+01,  1.49e+02)
25      0.041   1.52e-01   1.40e-01   2.93e-02   3.82e-01   0.00e+00 (  1.08e+02,  1.66e+02)
30      0.049   1.79e-01   1.85e-01   4.49e-02   5.10e-01   0.00e+00 (  1.15e+02,  1.75e+02)
35      0.076   2.26e-01   2.84e-01   1.22e-01   8.54e-01   0.00e+00 (  1.27e+02,  1.74e+02)
40      0.090   2.48e-01   3.58e-01   1.79e-01   1.08e+00   0.00e+00 (  1.22e+02,  1.68e+02)
45      0.114   2.75e-01   4.42e-01   1.79e-01   1.44e+00   0.00e+00 (  1.15e+02,  1.56e+02)
50      0.130   2.97e-01   5.30e-01   2.24e-01   1.72e+00   0.00e+00 (  1.05e+02,  1.43e+02)
55      0.143   3.24e-01   6.13e-01   3.19e-01   1.98e+00   0.00e+00 (  9.72e+01,  1.29e+02)
60      0.143   3.29e-01   6.21e-01   3.88e-01   2.05e+00   0.00e+00 (  8.61e+01,  1.15e+02)
65      0.152   3.48e-01   6.74e-01   4.74e-01   2.23e+00   0.00e+00 (  7.84e+01,  1.03e+02)
70      0.165   3.76e-01   7.56e-01   5.78e-01   2.48e+00   0.00e+00 (  7.26e+01,  9.15e+01)
75      0.163   3.82e-01   7.58e-01   6.20e-01   2.51e+00   0.00e+00 (  6.60e+01,  8.21e+01)
80      0.154   3.79e-01   7.38e-01   6.28e-01   2.49e+00   0.00e+00 (  6.08e+01,  7.44e+01)
85      0.149   3.70e-01   6.96e-01   5.83e-01   2.90e+00   0.00e+00 (  5.63e+01,  6.83e+01)
90      0.160   3.82e-01   5.84e-01   4.00e-01   5.69e+00   0.00e+00 (  5.32e+01,  6.36e+01)
95      0.182   3.76e-01   5.47e-01   3.75e-01   1.14e+01   0.00e+00 (  1.20e+02,  5.92e+01)
45 e: 4.349e-06 i: 3.746e-06 :: e: 4.737e-03 i: 6.112e-03 :: n: 2.762e+01 e:21.517 i:24.165 v:4.993e+03
>>> tau_he = 5.000000, nhe(0)=2.586460e+00
 5     -0.010   6.06e-03   4.81e-01   4.84e-03  -4.92e-02   0.00e+00 (  2.57e+00,  4.89e+01)
10     -0.028   3.56e-02   9.30e-02   7.93e-03  -1.70e-01   0.00e+00 (  2.46e+01,  9.09e+01)
15     -0.007   9.02e-02   5.16e-02  -1.52e-03  -5.08e-02   0.00e+00 (  6.87e+01,  1.26e+02)
20      0.026   1.22e-01   1.06e-01   6.38e-03   2.18e-01   0.00e+00 (  9.06e+01,  1.49e+02)
25      0.041   1.52e-01   1.39e-01   2.90e-02   3.81e-01   0.00e+00 (  1.07e+02,  1.66e+02)
30      0.049   1.81e-01   1.84e-01   4.44e-02   5.05e-01   0.00e+00 (  1.16e+02,  1.75e+02)
35      0.076   2.25e-01   2.82e-01   1.21e-01   8.48e-01   0.00e+00 (  1.26e+02,  1.74e+02)
40      0.089   2.47e-01   3.54e-01   1.77e-01   1.06e+00   0.00e+00 (  1.21e+02,  1.68e+02)
45      0.113   2.74e-01   4.37e-01   1.77e-01   1.43e+00   0.00e+00 (  1.14e+02,  1.56e+02)
50      0.129   2.95e-01   5.24e-01   2.21e-01   1.71e+00   0.00e+00 (  1.04e+02,  1.43e+02)
55      0.142   3.22e-01   6.07e-01   3.18e-01   1.97e+00   0.00e+00 (  9.65e+01,  1.29e+02)
60      0.142   3.27e-01   6.15e-01   3.84e-01   2.04e+00   0.00e+00 (  8.54e+01,  1.15e+02)
65      0.151   3.47e-01   6.68e-01   4.70e-01   2.23e+00   0.00e+00 (  7.78e+01,  1.03e+02)
70      0.165   3.75e-01   7.51e-01   5.75e-01   2.48e+00   0.00e+00 (  7.21e+01,  9.15e+01)
75      0.163   3.81e-01   7.54e-01   6.17e-01   2.51e+00   0.00e+00 (  6.56e+01,  8.21e+01)
80      0.154   3.78e-01   7.36e-01   6.26e-01   2.49e+00   0.00e+00 (  6.05e+01,  7.44e+01)
85      0.149   3.69e-01   6.95e-01   5.82e-01   2.91e+00   0.00e+00 (  5.61e+01,  6.83e+01)
90      0.161   3.82e-01   5.84e-01   4.01e-01   5.70e+00   0.00e+00 (  5.30e+01,  6.36e+01)
95      0.182   3.76e-01   5.47e-01   3.72e-01   1.14e+01   0.00e+00 (  1.20e+02,  5.92e+01)
46 e: 5.118e-06 i: 3.001e-06 :: e: 2.052e-03 i: 3.785e-03 :: n: 2.762e+01 e:21.481 i:24.199 v:4.993e+03
>>> tau_he = 5.000000, nhe(0)=2.585389e+00
 5     -0.010   6.06e-03   4.81e-01   4.85e-03  -4.91e-02   0.00e+00 (  2.57e+00,  4.89e+01)
10     -0.029   3.56e-02   9.34e-02   7.96e-03  -1.71e-01   0.00e+00 (  2.47e+01,  9.09e+01)
15     -0.007   9.05e-02   5.23e-02  -1.66e-03  -5.21e-02   0.00e+00 (  6.90e+01,  1.26e+02)
20      0.029   1.22e-01   1.07e-01   6.59e-03   2.44e-01   0.00e+00 (  9.08e+01,  1.49e+02)
25      0.041   1.53e-01   1.40e-01   2.92e-02   3.83e-01   0.00e+00 (  1.08e+02,  1.66e+02)
30      0.050   1.82e-01   1.85e-01   4.49e-02   5.11e-01   0.00e+00 (  1.17e+02,  1.75e+02)
35      0.076   2.26e-01   2.84e-01   1.22e-01   8.55e-01   0.00e+00 (  1.27e+02,  1.74e+02)
40      0.090   2.48e-01   3.58e-01   1.79e-01   1.07e+00   0.00e+00 (  1.22e+02,  1.68e+02)
45      0.114   2.75e-01   4.42e-01   1.79e-01   1.44e+00   0.00e+00 (  1.15e+02,  1.56e+02)
50      0.130   2.97e-01   5.30e-01   2.24e-01   1.72e+00   0.00e+00 (  1.05e+02,  1.43e+02)
55      0.143   3.24e-01   6.13e-01   3.21e-01   1.98e+00   0.00e+00 (  9.73e+01,  1.29e+02)
60      0.143   3.29e-01   6.21e-01   3.88e-01   2.05e+00   0.00e+00 (  8.61e+01,  1.15e+02)
65      0.152   3.48e-01   6.74e-01   4.74e-01   2.23e+00   0.00e+00 (  7.84e+01,  1.03e+02)
70      0.165   3.76e-01   7.56e-01   5.78e-01   2.48e+00   0.00e+00 (  7.26e+01,  9.15e+01)
75      0.163   3.82e-01   7.58e-01   6.20e-01   2.51e+00   0.00e+00 (  6.61e+01,  8.21e+01)
80      0.154   3.79e-01   7.39e-01   6.28e-01   2.49e+00   0.00e+00 (  6.08e+01,  7.44e+01)
85      0.149   3.70e-01   6.96e-01   5.83e-01   2.90e+00   0.00e+00 (  5.63e+01,  6.83e+01)
90      0.160   3.82e-01   5.84e-01   4.01e-01   5.69e+00   0.00e+00 (  5.32e+01,  6.36e+01)
95      0.182   3.76e-01   5.47e-01   3.72e-01   1.14e+01   0.00e+00 (  1.20e+02,  5.92e+01)
47 e: 3.557e-06 i: 3.231e-06 :: e: 3.827e-03 i: 5.434e-03 :: n: 2.762e+01 e:21.527 i:24.185 v:4.993e+03
>>> tau_he = 5.000000, nhe(0)=2.588132e+00
 5     -0.010   6.08e-03   4.82e-01   4.84e-03  -4.92e-02   0.00e+00 (  2.58e+00,  4.89e+01)
10     -0.028   3.56e-02   9.29e-02   7.91e-03  -1.70e-01   0.00e+00 (  2.47e+01,  9.09e+01)
15     -0.007   9.04e-02   5.17e-02  -1.53e-03  -5.07e-02   0.00e+00 (  6.89e+01,  1.26e+02)
20      0.026   1.22e-01   1.06e-01   6.35e-03   2.18e-01   0.00e+00 (  9.08e+01,  1.49e+02)
25      0.041   1.53e-01   1.40e-01   2.90e-02   3.82e-01   0.00e+00 (  1.08e+02,  1.66e+02)
30      0.049   1.82e-01   1.84e-01   4.44e-02   5.09e-01   0.00e+00 (  1.17e+02,  1.75e+02)
35      0.076   2.25e-01   2.82e-01   1.21e-01   8.49e-01   0.00e+00 (  1.26e+02,  1.74e+02)
40      0.089   2.47e-01   3.54e-01   1.77e-01   1.07e+00   0.00e+00 (  1.21e+02,  1.68e+02)
45      0.113   2.74e-01   4.37e-01   1.77e-01   1.43e+00   0.00e+00 (  1.14e+02,  1.56e+02)
50      0.129   2.95e-01   5.24e-01   2.21e-01   1.71e+00   0.00e+00 (  1.04e+02,  1.43e+02)
55      0.142   3.22e-01   6.07e-01   3.18e-01   1.97e+00   0.00e+00 (  9.65e+01,  1.29e+02)
60      0.142   3.27e-01   6.15e-01   3.84e-01   2.04e+00   0.00e+00 (  8.54e+01,  1.15e+02)
65      0.151   3.47e-01   6.69e-01   4.70e-01   2.23e+00   0.00e+00 (  7.78e+01,  1.03e+02)
70      0.165   3.75e-01   7.51e-01   5.75e-01   2.48e+00   0.00e+00 (  7.21e+01,  9.15e+01)
75      0.163   3.81e-01   7.55e-01   6.17e-01   2.51e+00   0.00e+00 (  6.57e+01,  8.21e+01)
80      0.154   3.78e-01   7.36e-01   6.26e-01   2.49e+00   0.00e+00 (  6.05e+01,  7.44e+01)
85      0.149   3.69e-01   6.95e-01   5.82e-01   2.91e+00   0.00e+00 (  5.61e+01,  6.83e+01)
90      0.161   3.82e-01   5.84e-01   4.01e-01   5.70e+00   0.00e+00 (  5.31e+01,  6.36e+01)
95      0.182   3.76e-01   5.47e-01   3.72e-01   1.14e+01   0.00e+00 (  1.20e+02,  5.92e+01)
48 e: 4.733e-06 i: 2.418e-06 :: e: 1.649e-03 i: 3.313e-03 :: n: 2.762e+01 e:21.494 i:24.222 v:4.993e+03
>>> tau_he = 5.000000, nhe(0)=2.587125e+00
 5     -0.010   6.07e-03   4.82e-01   4.85e-03  -4.92e-02   0.00e+00 (  2.58e+00,  4.89e+01)
10     -0.029   3.57e-02   9.33e-02   7.94e-03  -1.71e-01   0.00e+00 (  2.48e+01,  9.09e+01)
15     -0.007   9.07e-02   5.24e-02  -1.68e-03  -5.21e-02   0.00e+00 (  6.92e+01,  1.26e+02)
20      0.029   1.22e-01   1.07e-01   6.56e-03   2.44e-01   0.00e+00 (  9.10e+01,  1.49e+02)
25      0.041   1.53e-01   1.41e-01   2.92e-02   3.83e-01   0.00e+00 (  1.08e+02,  1.66e+02)
30      0.082   2.26e-01   2.61e-01   9.75e-02   8.49e-01   0.00e+00 (  1.46e+02,  1.75e+02)
35      0.077   2.26e-01   2.85e-01   1.22e-01   8.56e-01   0.00e+00 (  1.27e+02,  1.74e+02)
40      0.090   2.48e-01   3.58e-01   1.79e-01   1.07e+00   0.00e+00 (  1.22e+02,  1.68e+02)
45      0.114   2.75e-01   4.42e-01   1.79e-01   1.44e+00   0.00e+00 (  1.15e+02,  1.56e+02)
50      0.130   2.97e-01   5.30e-01   2.24e-01   1.72e+00   0.00e+00 (  1.05e+02,  1.43e+02)
55      0.143   3.24e-01   6.13e-01   3.21e-01   1.98e+00   0.00e+00 (  9.73e+01,  1.29e+02)
60      0.143   3.29e-01   6.21e-01   3.88e-01   2.05e+00   0.00e+00 (  8.61e+01,  1.15e+02)
65      0.152   3.49e-01   6.74e-01   4.74e-01   2.23e+00   0.00e+00 (  7.84e+01,  1.03e+02)
70      0.165   3.76e-01   7.56e-01   5.78e-01   2.48e+00   0.00e+00 (  7.26e+01,  9.15e+01)
75      0.163   3.82e-01   7.58e-01   6.20e-01   2.51e+00   0.00e+00 (  6.61e+01,  8.21e+01)
80      0.154   3.79e-01   7.39e-01   6.28e-01   2.49e+00   0.00e+00 (  6.08e+01,  7.44e+01)
85      0.149   3.70e-01   6.97e-01   5.83e-01   2.90e+00   0.00e+00 (  5.64e+01,  6.83e+01)
90      0.161   3.82e-01   5.84e-01   4.01e-01   5.69e+00   0.00e+00 (  5.32e+01,  6.36e+01)
95      0.182   3.76e-01   5.47e-01   3.72e-01   1.14e+01   0.00e+00 (  1.20e+02,  5.92e+01)
49 e: 1.285e-05 i: 2.483e-05 :: e: 8.591e-03 i: 9.511e-03 :: n: 2.762e+01 e:21.539 i:24.208 v:4.993e+03
 plasma volume = 148.060146
 stored energy(e,i,b) = 4.528377e+01 4.062604e+01 0.000000e+00
 betan = 0.978441
*power
 Pnb(e,i) = 0.000000e+00 0.000000e+00
 Prf(e,i) = 1.211924e+01 2.789959e+01
 Prad     = -3.369329e+01 
 Pei      = 6.635168e+00 
 Pfuse    = 3.647631e+01 
 Pfusi    = 1.127132e+01 
 Poh      = 0.000000e+00 
*confinement time
 taut, tauITER98y2, H98y2 : 1.588770e+00 2.001339e+00 7.938534e-01
 taue, taui : 2.102562e+00 8.762878e+00
 taut, tau89, H89 : 1.588770e+00 9.370482e-01 1.695505e+00
*temperature
 nea, nebar : 1.864898e+01 2.143549e+01 
 tea, tia : 5.864923e+00 6.016442e+00 (9.748159e-01)
 te0, ti0 : 1.845707e+01 2.092408e+01 (8.820970e-01)
 Sn : 0.000000e+00 
*current balance
 Ip,Ibs,Inb,Irf: 1.000000e+01 1.574273e+00 0.000000e+00 1.562162e-01
 fni,fbs: 0.173 0.157

 plasma volume = 148.060146
 stored energy(e,i,b) = 4.528377e+01 4.062604e+01 0.000000e+00
 betan = 0.978441
*power
 Pnb(e,i) = 0.000000e+00 0.000000e+00
 Prf(e,i) = 1.211924e+01 2.789959e+01
 Prad     = -3.369329e+01 
 Pei      = 6.635168e+00 
 Pfuse    = 3.647631e+01 
 Pfusi    = 1.127132e+01 
 Poh      = 0.000000e+00 
*confinement time
 taut, tauITER98y2, H98y2 : 1.588770e+00 2.001339e+00 7.938534e-01
 taue, taui : 2.102562e+00 8.762878e+00
 taut, tau89, H89 : 1.588770e+00 9.370482e-01 1.695505e+00
*temperature
 nea, nebar : 1.864898e+01 2.143549e+01 
 tea, tia : 5.864923e+00 6.016442e+00 (9.748159e-01)
 te0, ti0 : 1.845707e+01 2.092408e+01 (8.820970e-01)
 Sn : 0.000000e+00 
*current balance
 Ip,Ibs,Inb,Irf: 1.000000e+01 1.574273e+00 0.000000e+00 1.562162e-01
 fni,fbs: 0.173 0.157
 ELAPASED TIME = 1770 sec
