NCAPTC: : NetCDF: Variable not found
Warning: ieee_overflow is signaling
Warning: ieee_underflow is signaling
Warning: ieee_inexact is signaling
FORTRAN STOP
 solver
 /global/common/software/atom/perlmutter/data/greentable/
 /global/common/software/atom/perlmutter/data/greentable/

          EFITD Version  07/09/2014


 type mode (2=file, 3=snap, 4=time, 5=input, 6=com file, 7=snap_ext):

 number of time slices?

 type input file names:
 #
 table_dir = </global/common/software/atom/perlmutter/data/greentable/>

  ----- time =     3 ms ----- ( 0)
 it=  1 chi2=0.00E+00 zm= 7.53E-03 err=5.202E+00 dz= 7.535E-03 chigam= 0.00E+00
 it=  2 chi2=0.00E+00 zm= 1.07E-02 err=8.318E-01 dz= 3.188E-03 chigam= 0.00E+00
 it=  3 chi2=0.00E+00 zm= 1.31E-02 err=4.680E-01 dz= 2.406E-03 chigam= 0.00E+00
 it=  4 chi2=0.00E+00 zm= 1.49E-02 err=2.745E-01 dz= 1.807E-03 chigam= 0.00E+00
 it=  5 chi2=0.00E+00 zm= 1.63E-02 err=1.698E-01 dz= 1.384E-03 chigam= 0.00E+00
 it=  6 chi2=0.00E+00 zm= 1.74E-02 err=1.015E-01 dz= 1.052E-03 chigam= 0.00E+00
 it=  7 chi2=0.00E+00 zm= 1.82E-02 err=6.264E-02 dz= 7.996E-04 chigam= 0.00E+00
 it=  8 chi2=0.00E+00 zm= 1.88E-02 err=4.357E-02 dz= 6.099E-04 chigam= 0.00E+00
 it=  9 chi2=0.00E+00 zm= 1.92E-02 err=2.765E-02 dz= 4.581E-04 chigam= 0.00E+00
 it= 10 chi2=0.00E+00 zm= 1.96E-02 err=1.456E-02 dz= 3.353E-04 chigam= 0.00E+00
 it= 11 chi2=0.00E+00 zm= 1.98E-02 err=9.911E-03 dz= 2.486E-04 chigam= 0.00E+00
 it= 12 chi2=0.00E+00 zm= 2.00E-02 err=7.160E-03 dz= 1.855E-04 chigam= 0.00E+00
 it= 13 chi2=0.00E+00 zm= 2.01E-02 err=4.830E-03 dz= 1.371E-04 chigam= 0.00E+00
 it= 14 chi2=0.00E+00 zm= 2.02E-02 err=1.811E-03 dz= 9.573E-05 chigam= 0.00E+00
 it= 15 chi2=0.00E+00 zm= 2.03E-02 err=1.199E-03 dz= 6.967E-05 chigam= 0.00E+00
 it= 16 chi2=0.00E+00 zm= 2.04E-02 err=8.309E-04 dz= 5.074E-05 chigam= 0.00E+00
 it= 17 chi2=0.00E+00 zm= 2.04E-02 err=5.928E-04 dz= 3.698E-05 chigam= 0.00E+00
 it= 18 chi2=0.00E+00 zm= 2.04E-02 err=4.425E-04 dz= 2.696E-05 chigam= 0.00E+00
 it= 19 chi2=0.00E+00 zm= 2.04E-02 err=3.583E-04 dz= 1.967E-05 chigam= 0.00E+00
 it= 20 chi2=0.00E+00 zm= 2.05E-02 err=2.765E-04 dz= 1.435E-05 chigam= 0.00E+00
 it= 21 chi2=0.00E+00 zm= 2.05E-02 err=2.074E-04 dz= 1.048E-05 chigam= 0.00E+00
 it= 22 chi2=0.00E+00 zm= 2.05E-02 err=1.528E-04 dz= 7.651E-06 chigam= 0.00E+00
 it= 23 chi2=0.00E+00 zm= 2.05E-02 err=1.113E-04 dz= 5.587E-06 chigam= 0.00E+00
 it= 24 chi2=0.00E+00 zm= 2.05E-02 err=8.035E-05 dz= 4.082E-06 chigam= 0.00E+00

      ******************** EFITD129 x 129  output ********************

       data used:   
  0 flux loops
  0 magnetic probes(i)
  0 full rogowski
  0 diamagnetic loop


 shot #   =          1 time(ms) =          3 chi**2   =  0.000E+00
 betat(%) =      0.977 betap    =      0.491 li       =      0.859
 vol(cm3) =  0.773E+07 rout(cm) =    172.142 zout(cm) =      0.816
 elong    =      1.343 utriang  =     -0.373 ltriang  =     -0.309
 a(cm)    =     41.373 lin(cm)  = ********** lout(cm) =     10.660
 ltop(cm) = ********** q*       =      2.294 rc(cm)   =    176.267
 zc(cm)   =      1.810 bt0(t)   =      2.000 qout     =      2.194
