NCAPTC: : NetCDF: Variable not found
Warning: ieee_overflow is signaling
Warning: ieee_underflow is signaling
Warning: ieee_inexact is signaling
FORTRAN STOP
 solver
 /global/common/software/atom/perlmutter/data/greentable/
 /global/common/software/atom/perlmutter/data/greentable/

          EFITD Version  07/09/2014


 type mode (2=file, 3=snap, 4=time, 5=input, 6=com file, 7=snap_ext):

 number of time slices?

 type input file names:
 #
 table_dir = </global/common/software/atom/perlmutter/data/greentable/>

  ----- time =     8 ms ----- ( 0)
 it=  1 chi2=0.00E+00 zm= 7.50E-03 err=4.533E+00 dz= 7.499E-03 chigam= 0.00E+00
 it=  2 chi2=0.00E+00 zm= 1.03E-02 err=1.016E+00 dz= 2.769E-03 chigam= 0.00E+00
 it=  3 chi2=0.00E+00 zm= 1.23E-02 err=5.463E-01 dz= 2.080E-03 chigam= 0.00E+00
 it=  4 chi2=0.00E+00 zm= 1.39E-02 err=2.958E-01 dz= 1.524E-03 chigam= 0.00E+00
 it=  5 chi2=0.00E+00 zm= 1.49E-02 err=1.598E-01 dz= 1.075E-03 chigam= 0.00E+00
 it=  6 chi2=0.00E+00 zm= 1.57E-02 err=8.943E-02 dz= 7.573E-04 chigam= 0.00E+00
 it=  7 chi2=0.00E+00 zm= 1.62E-02 err=5.051E-02 dz= 5.305E-04 chigam= 0.00E+00
 it=  8 chi2=0.00E+00 zm= 1.66E-02 err=2.952E-02 dz= 3.680E-04 chigam= 0.00E+00
 it=  9 chi2=0.00E+00 zm= 1.69E-02 err=1.789E-02 dz= 2.545E-04 chigam= 0.00E+00
 it= 10 chi2=0.00E+00 zm= 1.70E-02 err=1.146E-02 dz= 1.769E-04 chigam= 0.00E+00
 it= 11 chi2=0.00E+00 zm= 1.72E-02 err=7.346E-03 dz= 1.226E-04 chigam= 0.00E+00
 it= 12 chi2=0.00E+00 zm= 1.72E-02 err=4.580E-03 dz= 8.460E-05 chigam= 0.00E+00
 it= 13 chi2=0.00E+00 zm= 1.73E-02 err=3.160E-03 dz= 5.889E-05 chigam= 0.00E+00
 it= 14 chi2=0.00E+00 zm= 1.73E-02 err=1.293E-03 dz= 3.732E-05 chigam= 0.00E+00
 it= 15 chi2=0.00E+00 zm= 1.74E-02 err=1.115E-03 dz= 2.574E-05 chigam= 0.00E+00
 it= 16 chi2=0.00E+00 zm= 1.74E-02 err=6.955E-04 dz= 1.750E-05 chigam= 0.00E+00
 it= 17 chi2=0.00E+00 zm= 1.74E-02 err=7.216E-04 dz= 1.245E-05 chigam= 0.00E+00
 it= 18 chi2=0.00E+00 zm= 1.74E-02 err=3.195E-04 dz= 8.363E-06 chigam= 0.00E+00
 it= 19 chi2=0.00E+00 zm= 1.74E-02 err=1.419E-04 dz= 5.612E-06 chigam= 0.00E+00
 it= 20 chi2=0.00E+00 zm= 1.74E-02 err=9.055E-05 dz= 3.813E-06 chigam= 0.00E+00

      ******************** EFITD129 x 129  output ********************

       data used:   
  0 flux loops
  0 magnetic probes(i)
  0 full rogowski
  0 diamagnetic loop


 shot #   =          1 time(ms) =          8 chi**2   =  0.000E+00
 betat(%) =      1.143 betap    =      0.725 li       =      0.870
 vol(cm3) =  0.928E+07 rout(cm) =    170.949 zout(cm) =     -0.343
 elong    =      1.398 utriang  =     -0.490 ltriang  =     -0.490
 a(cm)    =     44.849 lin(cm)  = ********** lout(cm) =      0.909
 ltop(cm) = ********** q*       =      3.065 rc(cm)   =    177.594
 zc(cm)   =      1.378 bt0(t)   =      2.000 qout     =      2.870
