========================================================================
= FASTRAN

nonlinear model = 0
ichi = 0
ineo = 0
reading state...
read formatted input, inprof...
init geometry...
read formatted input, inmetric...
nrho in inmetric = 101
rhob in inmetric = 1.261859e+00
solve avg grad-shafranv...
solve_avg_gs::Ip_temp = 9.991937e+00 
solve_avg_gs::Ip      = 1.000000e+01 
>>> tau_he = 5.000000, nhe(0)=2.431637e+00

 plasma volume = 148.148294
 stored energy(e,i,b) = 5.144594e+01 4.566169e+01 0.000000e+00
 betan = 1.105440
*power
 Pnb(e,i) = 0.000000e+00 0.000000e+00
 Prf(e,i) = 1.222852e+01 2.779011e+01
 Prad     = -3.421807e+01 
 Pei      = 1.754403e+00 
 Pfuse    = 4.274453e+01 
 Pfusi    = 1.337454e+01 
 Poh      = 0.000000e+00 
*confinement time
 taut, tauITER98y2, H98y2 : 1.568285e+00 1.823262e+00 8.601536e-01
 taue, taui : 2.285534e+00 3.929532e+00
 taut, tau89, H89 : 1.568285e+00 8.758346e-01 1.790618e+00
*temperature
 nea, nebar : 1.865012e+01 2.143489e+01 
 tea, tia : 6.679919e+00 6.754652e+00 (9.889360e-01)
 te0, ti0 : 1.948130e+01 2.173237e+01 (8.964184e-01)
 Sn : 0.000000e+00 
*current balance
 Ip,Ibs,Inb,Irf: 1.000000e+01 1.783237e+00 0.000000e+00 1.642748e-01
 fni,fbs: 0.195 0.178

Time advancing...
rho_bdry 0.950000 ...
te_bdry = 1.923139
ti_bdry = 1.923358
ne_bdry = 11.710562
rv_bdry = 100.762170
nrho_tr_bdry = 19
drho_bdry = 0.000000e+00
nrhob = 95
 [    0] t = 0.0000 
>>> tau_he = 5.000000, nhe(0)=2.410204e+00
 5     -0.002   4.56e-03   1.47e-01   2.22e-03  -7.48e-03   0.00e+00 (  7.80e-01,  5.05e+01)
10      0.001   3.49e-03  -1.74e-03   2.37e-04   3.39e-03   0.00e+00 (  1.04e+00,  9.29e+01)
15      0.007   2.50e-02  -3.21e-02  -1.22e-02   5.35e-02   0.00e+00 (  1.02e+01,  1.27e+02)
20      0.022   6.97e-02  -7.14e-03   1.01e-02   1.81e-01   0.00e+00 (  3.44e+01,  1.51e+02)
25      0.042   1.29e-01   9.93e-02   2.71e-02   3.88e-01   0.00e+00 (  7.16e+01,  1.69e+02)
30      0.086   2.38e-01   2.73e-01   1.08e-01   8.85e-01   0.00e+00 (  1.39e+02,  1.79e+02)
35      0.051   2.05e-01   2.13e-01   8.98e-02   5.71e-01   0.00e+00 (  1.13e+02,  1.79e+02)
40      0.086   2.69e-01   3.39e-01   1.35e-01   1.03e+00   0.00e+00 (  1.35e+02,  1.74e+02)
45      0.110   3.04e-01   4.14e-01   1.70e-01   1.39e+00   0.00e+00 (  1.36e+02,  1.64e+02)
50      0.136   3.47e-01   5.29e-01   2.21e-01   1.81e+00   0.00e+00 (  1.35e+02,  1.51e+02)
55      0.165   3.94e-01   6.71e-01   3.43e-01   2.29e+00   0.00e+00 (  1.35e+02,  1.37e+02)
60      0.147   3.81e-01   6.34e-01   4.10e-01   2.11e+00   0.00e+00 (  1.18e+02,  1.24e+02)
65      0.190   4.50e-01   8.33e-01   5.75e-01   2.79e+00   0.00e+00 (  1.21e+02,  1.11e+02)
70      0.215   5.02e-01   9.81e-01   7.37e-01   3.23e+00   0.00e+00 (  1.17e+02,  9.97e+01)
75      0.214   5.15e-01   1.00e+00   8.09e-01   3.29e+00   0.00e+00 (  1.07e+02,  8.99e+01)
80      0.201   5.03e-01   9.76e-01   8.16e-01   3.25e+00   0.00e+00 (  9.54e+01,  8.17e+01)
85      0.199   4.94e-01   9.32e-01   7.69e-01   3.88e+00   0.00e+00 (  8.84e+01,  7.53e+01)
90      0.236   5.43e-01   8.55e-01   5.90e-01   8.37e+00   0.00e+00 (  1.05e+02,  7.00e+01)
95      0.186   3.83e-01   5.57e-01   3.90e-01   1.17e+01   0.00e+00 (  1.43e+02,  6.53e+01)
 0 e: 6.160e-07 i: 5.001e-06 :: e: 0.000e+00 i: 0.000e+00 :: n: 2.762e+01 e:19.481 i:21.732 v:4.993e+03
>>> tau_he = 5.000000, nhe(0)=2.401946e+00
 5     -0.001   4.92e-03   1.98e-01   2.52e-03  -6.03e-03   0.00e+00 (  8.37e-01,  5.05e+01)
10      0.001   3.66e-03  -1.64e-03   2.71e-04   3.54e-03   0.00e+00 (  1.10e+00,  9.29e+01)
15      0.009   2.99e-02  -3.43e-02  -1.13e-02   6.63e-02   0.00e+00 (  1.24e+01,  1.27e+02)
20      0.023   7.32e-02  -4.50e-03   1.17e-02   1.94e-01   0.00e+00 (  3.64e+01,  1.51e+02)
25      0.042   1.31e-01   1.02e-01   2.70e-02   3.90e-01   0.00e+00 (  7.30e+01,  1.69e+02)
30      0.048   1.77e-01   1.64e-01   6.46e-02   4.98e-01   0.00e+00 (  1.01e+02,  1.79e+02)
35      0.083   2.50e-01   2.95e-01   1.28e-01   9.29e-01   0.00e+00 (  1.39e+02,  1.79e+02)
40      0.086   2.68e-01   3.37e-01   1.34e-01   1.02e+00   0.00e+00 (  1.34e+02,  1.74e+02)
45      0.111   3.04e-01   4.16e-01   1.71e-01   1.40e+00   0.00e+00 (  1.36e+02,  1.64e+02)
50      0.137   3.47e-01   5.32e-01   2.21e-01   1.83e+00   0.00e+00 (  1.35e+02,  1.51e+02)
55      0.163   3.92e-01   6.66e-01   3.41e-01   2.26e+00   0.00e+00 (  1.34e+02,  1.37e+02)
60      0.150   3.85e-01   6.44e-01   4.16e-01   2.15e+00   0.00e+00 (  1.19e+02,  1.24e+02)
65      0.188   4.49e-01   8.30e-01   5.72e-01   2.77e+00   0.00e+00 (  1.20e+02,  1.11e+02)
70      0.211   4.98e-01   9.70e-01   7.29e-01   3.18e+00   0.00e+00 (  1.15e+02,  9.97e+01)
75      0.212   5.12e-01   9.98e-01   8.04e-01   3.26e+00   0.00e+00 (  1.06e+02,  8.99e+01)
80      0.202   5.07e-01   9.81e-01   8.21e-01   3.26e+00   0.00e+00 (  9.63e+01,  8.17e+01)
85      0.204   5.06e-01   9.54e-01   7.89e-01   3.97e+00   0.00e+00 (  9.26e+01,  7.53e+01)
90      0.237   5.41e-01   8.63e-01   6.01e-01   8.40e+00   0.00e+00 (  1.09e+02,  7.00e+01)
95      0.187   3.84e-01   5.57e-01   3.87e-01   1.17e+01   0.00e+00 (  1.38e+02,  6.53e+01)
 1 e: 2.784e-02 i: 9.803e-02 :: e: 1.847e-02 i: 2.342e-02 :: n: 2.762e+01 e:19.500 i:21.640 v:4.993e+03
>>> tau_he = 5.000000, nhe(0)=2.730751e+00
 5     -0.009   7.06e-03   4.88e-01   4.67e-03  -4.17e-02   0.00e+00 (  2.51e+00,  5.05e+01)
10     -0.058   5.49e-02   1.47e-01   4.78e-03  -3.49e-01   0.00e+00 (  3.94e+01,  9.29e+01)
15     -0.034   1.06e-01   5.29e-02  -2.54e-03  -2.44e-01   0.00e+00 (  9.37e+01,  1.27e+02)
20      0.087   2.38e-01   3.27e-01   9.30e-02   7.24e-01   0.00e+00 (  1.90e+02,  1.51e+02)
25      0.048   1.49e-01   1.46e-01   2.49e-02   4.46e-01   0.00e+00 (  1.00e+02,  1.69e+02)
30      0.083   2.19e-01   2.61e-01   1.07e-01   8.52e-01   0.00e+00 (  1.22e+02,  1.79e+02)
35      0.093   2.40e-01   3.01e-01   1.26e-01   1.04e+00   0.00e+00 (  1.34e+02,  1.79e+02)
40      0.102   2.66e-01   3.73e-01   1.65e-01   1.22e+00   0.00e+00 (  1.31e+02,  1.74e+02)
45      0.134   3.06e-01   4.82e-01   1.95e-01   1.69e+00   0.00e+00 (  1.31e+02,  1.64e+02)
50      0.152   3.39e-01   5.91e-01   2.50e-01   2.02e+00   0.00e+00 (  1.25e+02,  1.51e+02)
55      0.166   3.76e-01   6.99e-01   3.62e-01   2.30e+00   0.00e+00 (  1.21e+02,  1.37e+02)
60      0.150   3.69e-01   6.65e-01   4.32e-01   2.15e+00   0.00e+00 (  1.09e+02,  1.24e+02)
65      0.171   4.11e-01   7.90e-01   5.49e-01   2.51e+00   0.00e+00 (  1.02e+02,  1.11e+02)
70      0.184   4.45e-01   8.83e-01   6.68e-01   2.77e+00   0.00e+00 (  9.57e+01,  9.97e+01)
75      0.186   4.65e-01   9.18e-01   7.44e-01   2.87e+00   0.00e+00 (  9.22e+01,  8.99e+01)
80      0.180   4.75e-01   9.28e-01   7.82e-01   2.91e+00   0.00e+00 (  9.08e+01,  8.17e+01)
85      0.177   4.66e-01   8.81e-01   7.37e-01   3.46e+00   0.00e+00 (  8.71e+01,  7.53e+01)
90      0.192   4.50e-01   7.10e-01   4.97e-01   6.81e+00   0.00e+00 (  7.76e+01,  7.00e+01)
95      0.187   3.83e-01   5.57e-01   3.82e-01   1.17e+01   0.00e+00 (  1.28e+02,  6.53e+01)
 2 e: 5.930e-03 i: 2.236e-03 :: e: 8.803e-02 i: 1.137e-01 :: n: 2.762e+01 e:22.391 i:25.834 v:4.993e+03
>>> tau_he = 5.000000, nhe(0)=2.752086e+00
 5     -0.012   7.29e-03   4.79e-01   5.43e-03  -5.82e-02   0.00e+00 (  3.14e+00,  5.05e+01)
10     -0.153   5.84e-02   3.50e-02   8.95e-03  -9.15e-01   0.00e+00 (  4.98e+01,  9.29e+01)
15     -0.215   1.19e-01   5.12e-02  -1.56e-04  -1.54e+00   0.00e+00 (  1.23e+02,  1.27e+02)
20      0.071   2.51e-01   3.50e-01   1.22e-01   5.85e-01   0.00e+00 (  2.28e+02,  1.51e+02)
25      0.094   2.44e-01   3.02e-01   1.23e-01   8.75e-01   0.00e+00 (  1.88e+02,  1.69e+02)
30      0.039   1.81e-01   1.74e-01   4.90e-02   4.02e-01   0.00e+00 (  1.12e+02,  1.79e+02)
35      0.087   2.47e-01   3.05e-01   1.27e-01   9.72e-01   0.00e+00 (  1.47e+02,  1.79e+02)
40      0.098   2.68e-01   3.78e-01   1.55e-01   1.18e+00   0.00e+00 (  1.38e+02,  1.74e+02)
45      0.129   2.99e-01   4.74e-01   1.92e-01   1.63e+00   0.00e+00 (  1.30e+02,  1.64e+02)
50      0.143   3.23e-01   5.67e-01   2.38e-01   1.90e+00   0.00e+00 (  1.18e+02,  1.51e+02)
55      0.155   3.51e-01   6.55e-01   3.40e-01   2.15e+00   0.00e+00 (  1.09e+02,  1.37e+02)
60      0.140   3.41e-01   6.14e-01   4.05e-01   2.01e+00   0.00e+00 (  9.56e+01,  1.24e+02)
65      0.158   3.73e-01   7.15e-01   5.00e-01   2.33e+00   0.00e+00 (  8.74e+01,  1.11e+02)
70      0.171   4.01e-01   7.95e-01   6.04e-01   2.58e+00   0.00e+00 (  8.01e+01,  9.97e+01)
75      0.173   4.16e-01   8.21e-01   6.67e-01   2.67e+00   0.00e+00 (  7.59e+01,  8.99e+01)
80      0.168   4.25e-01   8.28e-01   7.01e-01   2.72e+00   0.00e+00 (  7.41e+01,  8.17e+01)
85      0.165   4.19e-01   7.89e-01   6.61e-01   3.22e+00   0.00e+00 (  7.05e+01,  7.53e+01)
90      0.176   4.16e-01   6.44e-01   4.47e-01   6.26e+00   0.00e+00 (  6.35e+01,  7.00e+01)
95      0.186   3.84e-01   5.57e-01   3.80e-01   1.17e+01   0.00e+00 (  1.25e+02,  6.53e+01)
 3 e: 1.222e-03 i: 2.621e-03 :: e: 1.470e-01 i: 1.531e-01 :: n: 2.762e+01 e:23.587 i:26.202 v:4.993e+03
>>> tau_he = 5.000000, nhe(0)=2.748885e+00
 5     -0.013   7.21e-03   4.62e-01   5.24e-03  -5.96e-02   0.00e+00 (  3.14e+00,  5.05e+01)
10     -0.135   5.69e-02   3.15e-02   1.17e-02  -8.09e-01   0.00e+00 (  4.74e+01,  9.29e+01)
15     -0.164   1.14e-01   5.20e-02  -3.40e-03  -1.17e+00   0.00e+00 (  1.13e+02,  1.27e+02)
20      0.065   2.35e-01   3.23e-01   9.69e-02   5.36e-01   0.00e+00 (  2.01e+02,  1.51e+02)
25      0.092   2.37e-01   2.94e-01   1.15e-01   8.55e-01   0.00e+00 (  1.77e+02,  1.69e+02)
30      0.046   1.79e-01   1.79e-01   4.46e-02   4.73e-01   0.00e+00 (  1.12e+02,  1.79e+02)
35      0.092   2.45e-01   3.14e-01   1.32e-01   1.02e+00   0.00e+00 (  1.46e+02,  1.79e+02)
40      0.107   2.68e-01   3.94e-01   1.53e-01   1.28e+00   0.00e+00 (  1.37e+02,  1.74e+02)
45      0.137   2.96e-01   4.96e-01   2.02e-01   1.74e+00   0.00e+00 (  1.28e+02,  1.64e+02)
50      0.149   3.21e-01   5.89e-01   2.43e-01   1.98e+00   0.00e+00 (  1.16e+02,  1.51e+02)
55      0.159   3.46e-01   6.73e-01   3.53e-01   2.20e+00   0.00e+00 (  1.06e+02,  1.37e+02)
60      0.142   3.32e-01   6.21e-01   4.11e-01   2.03e+00   0.00e+00 (  9.09e+01,  1.24e+02)
65      0.157   3.64e-01   7.14e-01   5.02e-01   2.31e+00   0.00e+00 (  8.29e+01,  1.11e+02)
70      0.166   3.85e-01   7.77e-01   5.94e-01   2.49e+00   0.00e+00 (  7.46e+01,  9.97e+01)
75      0.164   3.95e-01   7.86e-01   6.41e-01   2.53e+00   0.00e+00 (  6.93e+01,  8.99e+01)
80      0.158   3.98e-01   7.81e-01   6.62e-01   2.55e+00   0.00e+00 (  6.64e+01,  8.17e+01)
85      0.154   3.91e-01   7.40e-01   6.19e-01   3.00e+00   0.00e+00 (  6.25e+01,  7.53e+01)
90      0.166   3.95e-01   6.06e-01   4.17e-01   5.89e+00   0.00e+00 (  5.73e+01,  7.00e+01)
95      0.186   3.83e-01   5.57e-01   3.81e-01   1.17e+01   0.00e+00 (  1.23e+02,  6.53e+01)
 4 e: 8.759e-04 i: 1.770e-03 :: e: 1.502e-01 i: 1.520e-01 :: n: 2.762e+01 e:23.053 i:26.155 v:4.993e+03
>>> tau_he = 5.000000, nhe(0)=2.715738e+00
 5     -0.013   6.89e-03   4.44e-01   5.27e-03  -5.98e-02   0.00e+00 (  3.07e+00,  5.05e+01)
10     -0.134   5.74e-02   2.99e-02   1.27e-02  -7.99e-01   0.00e+00 (  4.74e+01,  9.29e+01)
15     -0.147   1.10e-01   5.34e-02  -6.40e-03  -1.05e+00   0.00e+00 (  1.05e+02,  1.27e+02)
20      0.056   2.18e-01   2.96e-01   8.22e-02   4.64e-01   0.00e+00 (  1.80e+02,  1.51e+02)
25      0.085   2.30e-01   2.84e-01   1.07e-01   7.95e-01   0.00e+00 (  1.70e+02,  1.69e+02)
30      0.045   1.81e-01   1.80e-01   4.33e-02   4.64e-01   0.00e+00 (  1.15e+02,  1.79e+02)
35      0.089   2.42e-01   3.13e-01   1.33e-01   9.98e-01   0.00e+00 (  1.45e+02,  1.79e+02)
40      0.105   2.65e-01   3.92e-01   1.53e-01   1.25e+00   0.00e+00 (  1.36e+02,  1.74e+02)
45      0.117   2.76e-01   4.37e-01   1.80e-01   1.48e+00   0.00e+00 (  1.19e+02,  1.64e+02)
50      0.144   3.12e-01   5.76e-01   2.38e-01   1.91e+00   0.00e+00 (  1.12e+02,  1.51e+02)
55      0.153   3.37e-01   6.53e-01   3.43e-01   2.12e+00   0.00e+00 (  1.02e+02,  1.37e+02)
60      0.136   3.20e-01   5.98e-01   3.97e-01   1.95e+00   0.00e+00 (  8.61e+01,  1.24e+02)
65      0.151   3.48e-01   6.82e-01   4.81e-01   2.21e+00   0.00e+00 (  7.77e+01,  1.11e+02)
70      0.159   3.67e-01   7.39e-01   5.66e-01   2.40e+00   0.00e+00 (  6.91e+01,  9.97e+01)
75      0.158   3.74e-01   7.43e-01   6.06e-01   2.43e+00   0.00e+00 (  6.33e+01,  8.99e+01)
80      0.152   3.76e-01   7.36e-01   6.25e-01   2.45e+00   0.00e+00 (  5.99e+01,  8.17e+01)
85      0.149   3.70e-01   7.00e-01   5.86e-01   2.90e+00   0.00e+00 (  5.61e+01,  7.53e+01)
90      0.161   3.84e-01   5.82e-01   3.97e-01   5.70e+00   0.00e+00 (  5.26e+01,  7.00e+01)
95      0.186   3.83e-01   5.56e-01   3.80e-01   1.17e+01   0.00e+00 (  1.22e+02,  6.53e+01)
 5 e: 5.299e-04 i: 1.090e-03 :: e: 1.566e-01 i: 1.513e-01 :: n: 2.762e+01 e:22.766 i:25.651 v:4.993e+03
>>> tau_he = 5.000000, nhe(0)=2.689817e+00
 5     -0.012   6.63e-03   4.28e-01   5.17e-03  -5.87e-02   0.00e+00 (  2.96e+00,  5.05e+01)
10     -0.125   5.13e-02   2.98e-02   9.82e-03  -7.46e-01   0.00e+00 (  4.13e+01,  9.29e+01)
15     -0.138   9.93e-02   5.55e-02  -3.94e-03  -9.87e-01   0.00e+00 (  9.10e+01,  1.27e+02)
20      0.035   1.30e-01   1.12e-01   5.05e-03   2.88e-01   0.00e+00 (  1.02e+02,  1.51e+02)
25      0.039   1.55e-01   1.39e-01   2.86e-02   3.65e-01   0.00e+00 (  1.10e+02,  1.69e+02)
30      0.047   1.79e-01   1.80e-01   4.36e-02   4.79e-01   0.00e+00 (  1.13e+02,  1.79e+02)
35      0.089   2.37e-01   3.11e-01   1.32e-01   9.95e-01   0.00e+00 (  1.40e+02,  1.79e+02)
40      0.105   2.61e-01   3.92e-01   1.54e-01   1.26e+00   0.00e+00 (  1.32e+02,  1.74e+02)
45      0.118   2.73e-01   4.40e-01   1.81e-01   1.49e+00   0.00e+00 (  1.16e+02,  1.64e+02)
50      0.143   3.08e-01   5.76e-01   2.39e-01   1.91e+00   0.00e+00 (  1.09e+02,  1.51e+02)
55      0.153   3.32e-01   6.52e-01   3.43e-01   2.11e+00   0.00e+00 (  9.88e+01,  1.37e+02)
60      0.135   3.15e-01   5.95e-01   3.96e-01   1.94e+00   0.00e+00 (  8.34e+01,  1.24e+02)
65      0.150   3.43e-01   6.78e-01   4.79e-01   2.20e+00   0.00e+00 (  7.52e+01,  1.11e+02)
70      0.157   3.60e-01   7.31e-01   5.60e-01   2.37e+00   0.00e+00 (  6.67e+01,  9.97e+01)
75      0.154   3.65e-01   7.28e-01   5.95e-01   2.38e+00   0.00e+00 (  6.06e+01,  8.99e+01)
80      0.148   3.65e-01   7.15e-01   6.08e-01   2.38e+00   0.00e+00 (  5.68e+01,  8.17e+01)
85      0.144   3.58e-01   6.78e-01   5.68e-01   2.81e+00   0.00e+00 (  5.30e+01,  7.53e+01)
90      0.156   3.75e-01   5.65e-01   3.84e-01   5.54e+00   0.00e+00 (  5.01e+01,  7.00e+01)
95      0.186   3.84e-01   5.56e-01   3.79e-01   1.17e+01   0.00e+00 (  1.22e+02,  6.53e+01)
 6 e: 1.981e-04 i: 2.613e-04 :: e: 1.329e-01 i: 1.244e-01 :: n: 2.762e+01 e:22.279 i:25.266 v:4.993e+03
>>> tau_he = 5.000000, nhe(0)=2.672651e+00
 5     -0.012   6.48e-03   4.23e-01   5.15e-03  -5.79e-02   0.00e+00 (  2.89e+00,  5.05e+01)
10     -0.118   4.90e-02   2.91e-02   9.25e-03  -7.02e-01   0.00e+00 (  3.87e+01,  9.29e+01)
15     -0.127   9.67e-02   5.51e-02  -4.39e-03  -9.08e-01   0.00e+00 (  8.66e+01,  1.27e+02)
20      0.035   1.28e-01   1.11e-01   5.39e-03   2.92e-01   0.00e+00 (  9.91e+01,  1.51e+02)
25      0.039   1.52e-01   1.39e-01   2.91e-02   3.62e-01   0.00e+00 (  1.08e+02,  1.69e+02)
30      0.046   1.80e-01   1.81e-01   4.46e-02   4.79e-01   0.00e+00 (  1.14e+02,  1.79e+02)
35      0.087   2.33e-01   3.07e-01   1.32e-01   9.70e-01   0.00e+00 (  1.36e+02,  1.79e+02)
40      0.102   2.57e-01   3.88e-01   1.55e-01   1.23e+00   0.00e+00 (  1.28e+02,  1.74e+02)
45      0.115   2.69e-01   4.35e-01   1.80e-01   1.46e+00   0.00e+00 (  1.13e+02,  1.64e+02)
50      0.139   3.04e-01   5.66e-01   2.42e-01   1.85e+00   0.00e+00 (  1.06e+02,  1.51e+02)
55      0.148   3.25e-01   6.38e-01   3.36e-01   2.05e+00   0.00e+00 (  9.56e+01,  1.37e+02)
60      0.132   3.08e-01   5.81e-01   3.88e-01   1.89e+00   0.00e+00 (  8.05e+01,  1.24e+02)
65      0.146   3.35e-01   6.61e-01   4.68e-01   2.15e+00   0.00e+00 (  7.26e+01,  1.11e+02)
70      0.154   3.52e-01   7.14e-01   5.48e-01   2.32e+00   0.00e+00 (  6.43e+01,  9.97e+01)
75      0.151   3.56e-01   7.09e-01   5.80e-01   2.33e+00   0.00e+00 (  5.81e+01,  8.99e+01)
80      0.145   3.55e-01   6.96e-01   5.91e-01   2.34e+00   0.00e+00 (  5.41e+01,  8.17e+01)
85      0.141   3.49e-01   6.60e-01   5.52e-01   2.76e+00   0.00e+00 (  5.04e+01,  7.53e+01)
90      0.154   3.70e-01   5.54e-01   3.75e-01   5.45e+00   0.00e+00 (  4.81e+01,  7.00e+01)
95      0.186   3.84e-01   5.56e-01   3.79e-01   1.17e+01   0.00e+00 (  1.21e+02,  6.53e+01)
 7 e: 1.086e-04 i: 1.534e-04 :: e: 1.307e-01 i: 1.216e-01 :: n: 2.762e+01 e:22.043 i:25.017 v:4.993e+03
>>> tau_he = 5.000000, nhe(0)=2.663984e+00
 5     -0.012   6.41e-03   4.21e-01   5.13e-03  -5.76e-02   0.00e+00 (  2.86e+00,  5.05e+01)
10     -0.112   4.73e-02   2.88e-02   8.77e-03  -6.70e-01   0.00e+00 (  3.67e+01,  9.29e+01)
15     -0.110   1.06e-01   7.45e-02  -5.19e-03  -7.87e-01   0.00e+00 (  9.32e+01,  1.27e+02)
20      0.036   1.26e-01   1.11e-01   5.58e-03   2.94e-01   0.00e+00 (  9.75e+01,  1.51e+02)
25      0.082   2.13e-01   2.69e-01   9.88e-02   7.69e-01   0.00e+00 (  1.51e+02,  1.69e+02)
30      0.047   1.78e-01   1.81e-01   4.54e-02   4.86e-01   0.00e+00 (  1.13e+02,  1.79e+02)
35      0.086   2.29e-01   3.04e-01   1.31e-01   9.56e-01   0.00e+00 (  1.32e+02,  1.79e+02)
40      0.101   2.53e-01   3.85e-01   1.55e-01   1.21e+00   0.00e+00 (  1.25e+02,  1.74e+02)
45      0.114   2.65e-01   4.32e-01   1.79e-01   1.44e+00   0.00e+00 (  1.11e+02,  1.64e+02)
50      0.137   2.99e-01   5.61e-01   2.40e-01   1.82e+00   0.00e+00 (  1.03e+02,  1.51e+02)
55      0.147   3.20e-01   6.31e-01   3.33e-01   2.03e+00   0.00e+00 (  9.30e+01,  1.37e+02)
60      0.154   3.34e-01   6.68e-01   4.22e-01   2.20e+00   0.00e+00 (  8.61e+01,  1.24e+02)
65      0.145   3.32e-01   6.56e-01   4.64e-01   2.14e+00   0.00e+00 (  7.10e+01,  1.11e+02)
70      0.153   3.48e-01   7.08e-01   5.44e-01   2.31e+00   0.00e+00 (  6.31e+01,  9.97e+01)
75      0.150   3.51e-01   7.02e-01   5.75e-01   2.31e+00   0.00e+00 (  5.68e+01,  8.99e+01)
80      0.143   3.50e-01   6.86e-01   5.83e-01   2.31e+00   0.00e+00 (  5.27e+01,  8.17e+01)
85      0.139   3.44e-01   6.50e-01   5.44e-01   2.72e+00   0.00e+00 (  4.90e+01,  7.53e+01)
90      0.152   3.66e-01   5.46e-01   3.69e-01   5.38e+00   0.00e+00 (  4.70e+01,  7.00e+01)
95      0.186   3.84e-01   5.56e-01   3.79e-01   1.17e+01   0.00e+00 (  1.21e+02,  6.53e+01)
 8 e: 6.066e-05 i: 1.458e-04 :: e: 1.267e-01 i: 1.207e-01 :: n: 2.762e+01 e:21.847 i:24.893 v:4.993e+03
>>> tau_he = 5.000000, nhe(0)=2.653259e+00
 5     -0.012   6.32e-03   4.16e-01   5.12e-03  -5.75e-02   0.00e+00 (  2.84e+00,  5.05e+01)
10     -0.078   4.32e-02   1.65e-02  -1.81e-03  -4.64e-01   0.00e+00 (  3.32e+01,  9.29e+01)
15     -0.103   1.04e-01   7.45e-02  -5.56e-03  -7.40e-01   0.00e+00 (  9.05e+01,  1.27e+02)
20      0.036   1.25e-01   1.11e-01   5.85e-03   2.95e-01   0.00e+00 (  9.60e+01,  1.51e+02)
25      0.038   1.49e-01   1.36e-01   2.94e-02   3.54e-01   0.00e+00 (  1.04e+02,  1.69e+02)
30      0.047   1.78e-01   1.82e-01   4.61e-02   4.87e-01   0.00e+00 (  1.13e+02,  1.79e+02)
35      0.084   2.27e-01   3.02e-01   1.31e-01   9.43e-01   0.00e+00 (  1.30e+02,  1.79e+02)
40      0.100   2.51e-01   3.83e-01   1.55e-01   1.19e+00   0.00e+00 (  1.23e+02,  1.74e+02)
45      0.113   2.63e-01   4.30e-01   1.78e-01   1.43e+00   0.00e+00 (  1.09e+02,  1.64e+02)
50      0.135   2.96e-01   5.55e-01   2.37e-01   1.80e+00   0.00e+00 (  1.02e+02,  1.51e+02)
55      0.144   3.16e-01   6.23e-01   3.28e-01   2.00e+00   0.00e+00 (  9.13e+01,  1.37e+02)
60      0.150   3.28e-01   6.53e-01   4.15e-01   2.14e+00   0.00e+00 (  8.37e+01,  1.24e+02)
65      0.144   3.28e-01   6.47e-01   4.58e-01   2.12e+00   0.00e+00 (  6.98e+01,  1.11e+02)
70      0.152   3.45e-01   7.02e-01   5.39e-01   2.29e+00   0.00e+00 (  6.22e+01,  9.97e+01)
75      0.149   3.48e-01   6.96e-01   5.70e-01   2.30e+00   0.00e+00 (  5.60e+01,  8.99e+01)
80      0.142   3.46e-01   6.79e-01   5.77e-01   2.30e+00   0.00e+00 (  5.17e+01,  8.17e+01)
85      0.138   3.40e-01   6.43e-01   5.37e-01   2.70e+00   0.00e+00 (  4.79e+01,  7.53e+01)
90      0.151   3.64e-01   5.42e-01   3.66e-01   5.35e+00   0.00e+00 (  4.62e+01,  7.00e+01)
95      0.186   3.84e-01   5.56e-01   3.78e-01   1.17e+01   0.00e+00 (  1.21e+02,  6.53e+01)
 9 e: 4.324e-05 i: 9.390e-05 :: e: 1.156e-01 i: 1.062e-01 :: n: 2.762e+01 e:21.715 i:24.742 v:4.993e+03
>>> tau_he = 5.000000, nhe(0)=2.651739e+00
 5     -0.012   6.30e-03   4.15e-01   5.09e-03  -5.75e-02   0.00e+00 (  2.83e+00,  5.05e+01)
10     -0.075   4.24e-02   1.64e-02  -1.93e-03  -4.50e-01   0.00e+00 (  3.24e+01,  9.29e+01)
15     -0.024   1.03e-01   7.43e-02  -8.42e-03  -1.75e-01   0.00e+00 (  8.81e+01,  1.27e+02)
20      0.037   1.24e-01   1.10e-01   5.79e-03   3.06e-01   0.00e+00 (  9.47e+01,  1.51e+02)
25      0.038   1.48e-01   1.37e-01   2.96e-02   3.58e-01   0.00e+00 (  1.04e+02,  1.69e+02)
30      0.080   2.19e-01   2.56e-01   9.81e-02   8.21e-01   0.00e+00 (  1.39e+02,  1.79e+02)
35      0.084   2.25e-01   3.00e-01   1.30e-01   9.35e-01   0.00e+00 (  1.28e+02,  1.79e+02)
40      0.099   2.49e-01   3.81e-01   1.56e-01   1.18e+00   0.00e+00 (  1.22e+02,  1.74e+02)
45      0.112   2.61e-01   4.28e-01   1.77e-01   1.42e+00   0.00e+00 (  1.08e+02,  1.64e+02)
50      0.134   2.94e-01   5.51e-01   2.35e-01   1.78e+00   0.00e+00 (  1.00e+02,  1.51e+02)
55      0.143   3.14e-01   6.18e-01   3.26e-01   1.98e+00   0.00e+00 (  9.00e+01,  1.37e+02)
60      0.147   3.24e-01   6.43e-01   4.08e-01   2.11e+00   0.00e+00 (  8.19e+01,  1.24e+02)
65      0.143   3.26e-01   6.44e-01   4.56e-01   2.11e+00   0.00e+00 (  6.92e+01,  1.11e+02)
70      0.152   3.45e-01   7.02e-01   5.39e-01   2.29e+00   0.00e+00 (  6.20e+01,  9.97e+01)
75      0.149   3.47e-01   6.95e-01   5.69e-01   2.30e+00   0.00e+00 (  5.57e+01,  8.99e+01)
80      0.142   3.45e-01   6.76e-01   5.75e-01   2.29e+00   0.00e+00 (  5.13e+01,  8.17e+01)
85      0.138   3.38e-01   6.40e-01   5.34e-01   2.69e+00   0.00e+00 (  4.75e+01,  7.53e+01)
90      0.150   3.63e-01   5.39e-01   3.64e-01   5.33e+00   0.00e+00 (  4.58e+01,  7.00e+01)
95      0.186   3.84e-01   5.56e-01   3.78e-01   1.17e+01   0.00e+00 (  1.20e+02,  6.53e+01)
10 e: 2.248e-05 i: 6.953e-05 :: e: 1.049e-01 i: 9.548e-02 :: n: 2.762e+01 e:21.598 i:24.720 v:4.993e+03
>>> tau_he = 5.000000, nhe(0)=2.650833e+00
 5     -0.012   6.29e-03   4.15e-01   5.10e-03  -5.78e-02   0.00e+00 (  2.83e+00,  5.05e+01)
10     -0.075   4.23e-02   1.64e-02  -1.87e-03  -4.45e-01   0.00e+00 (  3.21e+01,  9.29e+01)
15     -0.022   1.03e-01   7.45e-02  -8.57e-03  -1.57e-01   0.00e+00 (  8.68e+01,  1.27e+02)
20      0.061   1.94e-01   2.60e-01   6.95e-02   5.07e-01   0.00e+00 (  1.48e+02,  1.51e+02)
25      0.082   2.09e-01   2.66e-01   9.82e-02   7.61e-01   0.00e+00 (  1.47e+02,  1.69e+02)
30      0.048   1.77e-01   1.82e-01   4.70e-02   4.93e-01   0.00e+00 (  1.12e+02,  1.79e+02)
35      0.083   2.24e-01   2.99e-01   1.30e-01   9.25e-01   0.00e+00 (  1.27e+02,  1.79e+02)
40      0.098   2.48e-01   3.79e-01   1.58e-01   1.17e+00   0.00e+00 (  1.21e+02,  1.74e+02)
45      0.111   2.61e-01   4.26e-01   1.77e-01   1.41e+00   0.00e+00 (  1.08e+02,  1.64e+02)
50      0.133   2.93e-01   5.48e-01   2.34e-01   1.77e+00   0.00e+00 (  9.99e+01,  1.51e+02)
55      0.142   3.12e-01   6.15e-01   3.24e-01   1.97e+00   0.00e+00 (  8.95e+01,  1.37e+02)
60      0.145   3.21e-01   6.34e-01   4.03e-01   2.08e+00   0.00e+00 (  8.08e+01,  1.24e+02)
65      0.143   3.26e-01   6.42e-01   4.55e-01   2.11e+00   0.00e+00 (  6.90e+01,  1.11e+02)
70      0.153   3.45e-01   7.02e-01   5.39e-01   2.30e+00   0.00e+00 (  6.21e+01,  9.97e+01)
75      0.149   3.48e-01   6.95e-01   5.69e-01   2.30e+00   0.00e+00 (  5.58e+01,  8.99e+01)
80      0.142   3.45e-01   6.76e-01   5.75e-01   2.29e+00   0.00e+00 (  5.12e+01,  8.17e+01)
85      0.138   3.38e-01   6.38e-01   5.33e-01   2.68e+00   0.00e+00 (  4.73e+01,  7.53e+01)
90      0.150   3.63e-01   5.39e-01   3.63e-01   5.32e+00   0.00e+00 (  4.57e+01,  7.00e+01)
95      0.186   3.84e-01   5.56e-01   3.78e-01   1.17e+01   0.00e+00 (  1.20e+02,  6.53e+01)
11 e: 6.775e-05 i: 3.577e-04 :: e: 1.106e-01 i: 1.031e-01 :: n: 2.762e+01 e:21.566 i:24.707 v:4.993e+03
>>> tau_he = 5.000000, nhe(0)=2.644727e+00
 5     -0.012   6.24e-03   4.10e-01   5.08e-03  -5.79e-02   0.00e+00 (  2.82e+00,  5.05e+01)
10     -0.040   4.34e-02   1.30e-02   1.49e-03  -2.39e-01   0.00e+00 (  3.28e+01,  9.29e+01)
15     -0.019   1.02e-01   7.44e-02  -8.68e-03  -1.35e-01   0.00e+00 (  8.47e+01,  1.27e+02)
20      0.026   1.21e-01   1.07e-01   6.27e-03   2.19e-01   0.00e+00 (  9.05e+01,  1.51e+02)
25      0.038   1.47e-01   1.35e-01   2.94e-02   3.56e-01   0.00e+00 (  1.02e+02,  1.69e+02)
30      0.080   2.19e-01   2.56e-01   9.85e-02   8.23e-01   0.00e+00 (  1.39e+02,  1.79e+02)
35      0.083   2.24e-01   2.98e-01   1.29e-01   9.24e-01   0.00e+00 (  1.27e+02,  1.79e+02)
40      0.097   2.48e-01   3.78e-01   1.58e-01   1.17e+00   0.00e+00 (  1.21e+02,  1.74e+02)
45      0.111   2.61e-01   4.25e-01   1.76e-01   1.41e+00   0.00e+00 (  1.08e+02,  1.64e+02)
50      0.132   2.93e-01   5.46e-01   2.33e-01   1.76e+00   0.00e+00 (  9.99e+01,  1.51e+02)
55      0.142   3.12e-01   6.13e-01   3.22e-01   1.96e+00   0.00e+00 (  8.94e+01,  1.37e+02)
60      0.144   3.20e-01   6.30e-01   4.00e-01   2.07e+00   0.00e+00 (  8.04e+01,  1.24e+02)
65      0.144   3.27e-01   6.43e-01   4.56e-01   2.12e+00   0.00e+00 (  6.93e+01,  1.11e+02)
70      0.154   3.47e-01   7.05e-01   5.42e-01   2.31e+00   0.00e+00 (  6.25e+01,  9.97e+01)
75      0.150   3.49e-01   6.98e-01   5.72e-01   2.32e+00   0.00e+00 (  5.62e+01,  8.99e+01)
80      0.143   3.46e-01   6.78e-01   5.77e-01   2.30e+00   0.00e+00 (  5.15e+01,  8.17e+01)
85      0.138   3.38e-01   6.40e-01   5.35e-01   2.69e+00   0.00e+00 (  4.75e+01,  7.53e+01)
90      0.150   3.63e-01   5.40e-01   3.64e-01   5.33e+00   0.00e+00 (  4.58e+01,  7.00e+01)
95      0.186   3.84e-01   5.56e-01   3.78e-01   1.17e+01   0.00e+00 (  1.20e+02,  6.53e+01)
12 e: 2.556e-05 i: 5.582e-05 :: e: 8.846e-02 i: 7.973e-02 :: n: 2.762e+01 e:21.484 i:24.623 v:4.993e+03
>>> tau_he = 5.000000, nhe(0)=2.647324e+00
 5     -0.012   6.26e-03   4.11e-01   5.08e-03  -5.80e-02   0.00e+00 (  2.82e+00,  5.05e+01)
10     -0.039   4.30e-02   1.31e-02   1.36e-03  -2.32e-01   0.00e+00 (  3.22e+01,  9.29e+01)
15     -0.020   9.75e-02   7.46e-02  -7.18e-03  -1.47e-01   0.00e+00 (  8.02e+01,  1.27e+02)
20      0.033   1.21e-01   1.07e-01   5.81e-03   2.74e-01   0.00e+00 (  9.05e+01,  1.51e+02)
25      0.039   1.47e-01   1.36e-01   2.97e-02   3.63e-01   0.00e+00 (  1.02e+02,  1.69e+02)
30      0.048   1.77e-01   1.82e-01   4.70e-02   4.99e-01   0.00e+00 (  1.11e+02,  1.79e+02)
35      0.082   2.24e-01   2.97e-01   1.29e-01   9.19e-01   0.00e+00 (  1.27e+02,  1.79e+02)
40      0.097   2.48e-01   3.77e-01   1.58e-01   1.16e+00   0.00e+00 (  1.21e+02,  1.74e+02)
45      0.126   2.78e-01   4.76e-01   1.93e-01   1.59e+00   0.00e+00 (  1.15e+02,  1.64e+02)
50      0.132   2.93e-01   5.45e-01   2.32e-01   1.76e+00   0.00e+00 (  1.00e+02,  1.51e+02)
55      0.142   3.13e-01   6.13e-01   3.22e-01   1.96e+00   0.00e+00 (  9.00e+01,  1.37e+02)
60      0.144   3.20e-01   6.28e-01   3.98e-01   2.06e+00   0.00e+00 (  8.05e+01,  1.24e+02)
65      0.144   3.28e-01   6.46e-01   4.57e-01   2.12e+00   0.00e+00 (  7.00e+01,  1.11e+02)
70      0.155   3.49e-01   7.10e-01   5.45e-01   2.33e+00   0.00e+00 (  6.34e+01,  9.97e+01)
75      0.151   3.52e-01   7.03e-01   5.76e-01   2.33e+00   0.00e+00 (  5.69e+01,  8.99e+01)
80      0.143   3.49e-01   6.82e-01   5.81e-01   2.31e+00   0.00e+00 (  5.22e+01,  8.17e+01)
85      0.139   3.40e-01   6.43e-01   5.37e-01   2.70e+00   0.00e+00 (  4.80e+01,  7.53e+01)
90      0.151   3.64e-01   5.42e-01   3.66e-01   5.35e+00   0.00e+00 (  4.61e+01,  7.00e+01)
95      0.186   3.84e-01   5.56e-01   3.78e-01   1.17e+01   0.00e+00 (  1.21e+02,  6.53e+01)
13 e: 1.956e-05 i: 5.217e-05 :: e: 7.618e-02 i: 7.361e-02 :: n: 2.762e+01 e:21.456 i:24.658 v:4.993e+03
>>> tau_he = 5.000000, nhe(0)=2.654200e+00
 5     -0.012   6.32e-03   4.16e-01   5.10e-03  -5.86e-02   0.00e+00 (  2.86e+00,  5.05e+01)
10     -0.038   4.29e-02   1.32e-02   1.18e-03  -2.29e-01   0.00e+00 (  3.20e+01,  9.29e+01)
15     -0.020   9.79e-02   7.44e-02  -7.24e-03  -1.41e-01   0.00e+00 (  8.01e+01,  1.27e+02)
20      0.033   1.22e-01   1.08e-01   5.61e-03   2.74e-01   0.00e+00 (  9.17e+01,  1.51e+02)
25      0.039   1.48e-01   1.38e-01   2.97e-02   3.67e-01   0.00e+00 (  1.04e+02,  1.69e+02)
30      0.081   2.20e-01   2.57e-01   9.91e-02   8.34e-01   0.00e+00 (  1.39e+02,  1.79e+02)
35      0.082   2.24e-01   2.96e-01   1.29e-01   9.17e-01   0.00e+00 (  1.27e+02,  1.79e+02)
40      0.096   2.48e-01   3.75e-01   1.57e-01   1.15e+00   0.00e+00 (  1.21e+02,  1.74e+02)
45      0.124   2.77e-01   4.71e-01   1.91e-01   1.57e+00   0.00e+00 (  1.15e+02,  1.64e+02)
50      0.132   2.94e-01   5.43e-01   2.31e-01   1.75e+00   0.00e+00 (  1.01e+02,  1.51e+02)
55      0.142   3.14e-01   6.13e-01   3.22e-01   1.96e+00   0.00e+00 (  9.05e+01,  1.37e+02)
60      0.143   3.21e-01   6.25e-01   3.94e-01   2.05e+00   0.00e+00 (  8.12e+01,  1.24e+02)
65      0.145   3.31e-01   6.50e-01   4.60e-01   2.14e+00   0.00e+00 (  7.08e+01,  1.11e+02)
70      0.156   3.52e-01   7.16e-01   5.50e-01   2.35e+00   0.00e+00 (  6.43e+01,  9.97e+01)
75      0.153   3.55e-01   7.10e-01   5.81e-01   2.35e+00   0.00e+00 (  5.78e+01,  8.99e+01)
80      0.144   3.51e-01   6.88e-01   5.85e-01   2.33e+00   0.00e+00 (  5.29e+01,  8.17e+01)
85      0.140   3.43e-01   6.48e-01   5.42e-01   2.72e+00   0.00e+00 (  4.86e+01,  7.53e+01)
90      0.152   3.66e-01   5.45e-01   3.69e-01   5.39e+00   0.00e+00 (  4.66e+01,  7.00e+01)
95      0.186   3.84e-01   5.56e-01   3.79e-01   1.17e+01   0.00e+00 (  1.21e+02,  6.53e+01)
14 e: 2.933e-05 i: 5.552e-05 :: e: 6.422e-02 i: 6.370e-02 :: n: 2.762e+01 e:21.491 i:24.753 v:4.993e+03
>>> tau_he = 5.000000, nhe(0)=2.661853e+00
 5     -0.013   6.38e-03   4.20e-01   5.12e-03  -5.93e-02   0.00e+00 (  2.90e+00,  5.05e+01)
10     -0.038   4.30e-02   1.34e-02   1.14e-03  -2.28e-01   0.00e+00 (  3.21e+01,  9.29e+01)
15     -0.019   9.88e-02   7.50e-02  -7.37e-03  -1.34e-01   0.00e+00 (  8.06e+01,  1.27e+02)
20      0.033   1.24e-01   1.10e-01   5.39e-03   2.74e-01   0.00e+00 (  9.32e+01,  1.51e+02)
25      0.083   2.11e-01   2.69e-01   9.87e-02   7.79e-01   0.00e+00 (  1.48e+02,  1.69e+02)
30      0.049   1.79e-01   1.83e-01   4.66e-02   5.05e-01   0.00e+00 (  1.13e+02,  1.79e+02)
35      0.082   2.25e-01   2.96e-01   1.28e-01   9.17e-01   0.00e+00 (  1.28e+02,  1.79e+02)
40      0.096   2.49e-01   3.75e-01   1.57e-01   1.15e+00   0.00e+00 (  1.22e+02,  1.74e+02)
45      0.123   2.78e-01   4.69e-01   1.90e-01   1.56e+00   0.00e+00 (  1.15e+02,  1.64e+02)
50      0.132   2.95e-01   5.43e-01   2.30e-01   1.75e+00   0.00e+00 (  1.02e+02,  1.51e+02)
55      0.142   3.16e-01   6.15e-01   3.22e-01   1.97e+00   0.00e+00 (  9.16e+01,  1.37e+02)
60      0.143   3.23e-01   6.26e-01   3.94e-01   2.05e+00   0.00e+00 (  8.20e+01,  1.24e+02)
65      0.147   3.34e-01   6.55e-01   4.63e-01   2.16e+00   0.00e+00 (  7.20e+01,  1.11e+02)
70      0.158   3.56e-01   7.23e-01   5.55e-01   2.37e+00   0.00e+00 (  6.56e+01,  9.97e+01)
75      0.154   3.59e-01   7.18e-01   5.88e-01   2.38e+00   0.00e+00 (  5.90e+01,  8.99e+01)
80      0.146   3.55e-01   6.95e-01   5.91e-01   2.35e+00   0.00e+00 (  5.39e+01,  8.17e+01)
85      0.141   3.46e-01   6.54e-01   5.47e-01   2.75e+00   0.00e+00 (  4.95e+01,  7.53e+01)
90      0.153   3.68e-01   5.50e-01   3.72e-01   5.42e+00   0.00e+00 (  4.72e+01,  7.00e+01)
95      0.186   3.84e-01   5.56e-01   3.79e-01   1.17e+01   0.00e+00 (  1.21e+02,  6.53e+01)
15 e: 3.304e-05 i: 9.243e-05 :: e: 5.990e-02 i: 6.058e-02 :: n: 2.762e+01 e:21.550 i:24.861 v:4.993e+03
>>> tau_he = 5.000000, nhe(0)=2.667830e+00
 5     -0.013   6.44e-03   4.23e-01   5.14e-03  -5.99e-02   0.00e+00 (  2.93e+00,  5.05e+01)
10     -0.038   4.34e-02   1.35e-02   1.25e-03  -2.28e-01   0.00e+00 (  3.23e+01,  9.29e+01)
15     -0.079   1.02e-01   8.09e-02  -2.69e-03  -5.69e-01   0.00e+00 (  8.33e+01,  1.27e+02)
20      0.033   1.24e-01   1.11e-01   5.31e-03   2.76e-01   0.00e+00 (  9.38e+01,  1.51e+02)
25      0.040   1.50e-01   1.37e-01   2.94e-02   3.71e-01   0.00e+00 (  1.04e+02,  1.69e+02)
30      0.082   2.23e-01   2.59e-01   9.86e-02   8.41e-01   0.00e+00 (  1.42e+02,  1.79e+02)
35      0.082   2.26e-01   2.97e-01   1.28e-01   9.19e-01   0.00e+00 (  1.29e+02,  1.79e+02)
40      0.096   2.50e-01   3.74e-01   1.57e-01   1.15e+00   0.00e+00 (  1.23e+02,  1.74e+02)
45      0.122   2.78e-01   4.66e-01   1.89e-01   1.55e+00   0.00e+00 (  1.16e+02,  1.64e+02)
50      0.132   2.95e-01   5.42e-01   2.29e-01   1.75e+00   0.00e+00 (  1.02e+02,  1.51e+02)
55      0.143   3.18e-01   6.16e-01   3.23e-01   1.98e+00   0.00e+00 (  9.28e+01,  1.37e+02)
60      0.144   3.25e-01   6.27e-01   3.94e-01   2.06e+00   0.00e+00 (  8.29e+01,  1.24e+02)
65      0.148   3.37e-01   6.60e-01   4.67e-01   2.18e+00   0.00e+00 (  7.33e+01,  1.11e+02)
70      0.159   3.61e-01   7.31e-01   5.61e-01   2.40e+00   0.00e+00 (  6.69e+01,  9.97e+01)
75      0.156   3.64e-01   7.26e-01   5.94e-01   2.41e+00   0.00e+00 (  6.02e+01,  8.99e+01)
80      0.147   3.59e-01   7.03e-01   5.98e-01   2.38e+00   0.00e+00 (  5.50e+01,  8.17e+01)
85      0.142   3.50e-01   6.61e-01   5.53e-01   2.77e+00   0.00e+00 (  5.04e+01,  7.53e+01)
90      0.154   3.71e-01   5.55e-01   3.76e-01   5.47e+00   0.00e+00 (  4.80e+01,  7.00e+01)
95      0.186   3.84e-01   5.56e-01   3.79e-01   1.17e+01   0.00e+00 (  1.21e+02,  6.53e+01)
16 e: 3.813e-05 i: 5.877e-05 :: e: 4.637e-02 i: 4.699e-02 :: n: 2.762e+01 e:21.599 i:24.946 v:4.993e+03
>>> tau_he = 5.000000, nhe(0)=2.676186e+00
 5     -0.013   6.51e-03   4.27e-01   5.16e-03  -6.06e-02   0.00e+00 (  2.97e+00,  5.05e+01)
10     -0.038   4.35e-02   1.36e-02   1.12e-03  -2.26e-01   0.00e+00 (  3.22e+01,  9.29e+01)
15     -0.017   1.00e-01   7.62e-02  -7.61e-03  -1.19e-01   0.00e+00 (  8.13e+01,  1.27e+02)
20      0.040   1.26e-01   1.12e-01   5.54e-03   3.32e-01   0.00e+00 (  9.50e+01,  1.51e+02)
25      0.041   1.51e-01   1.39e-01   2.95e-02   3.79e-01   0.00e+00 (  1.05e+02,  1.69e+02)
30      0.050   1.81e-01   1.84e-01   4.57e-02   5.11e-01   0.00e+00 (  1.14e+02,  1.79e+02)
35      0.082   2.27e-01   2.97e-01   1.28e-01   9.22e-01   0.00e+00 (  1.30e+02,  1.79e+02)
40      0.096   2.52e-01   3.74e-01   1.57e-01   1.15e+00   0.00e+00 (  1.24e+02,  1.74e+02)
45      0.121   2.79e-01   4.64e-01   1.88e-01   1.54e+00   0.00e+00 (  1.17e+02,  1.64e+02)
50      0.132   2.96e-01   5.42e-01   2.31e-01   1.76e+00   0.00e+00 (  1.03e+02,  1.51e+02)
55      0.144   3.21e-01   6.19e-01   3.24e-01   1.99e+00   0.00e+00 (  9.43e+01,  1.37e+02)
60      0.145   3.28e-01   6.30e-01   3.96e-01   2.07e+00   0.00e+00 (  8.42e+01,  1.24e+02)
65      0.150   3.41e-01   6.67e-01   4.71e-01   2.20e+00   0.00e+00 (  7.48e+01,  1.11e+02)
70      0.161   3.65e-01   7.39e-01   5.67e-01   2.43e+00   0.00e+00 (  6.84e+01,  9.97e+01)
75      0.158   3.69e-01   7.35e-01   6.02e-01   2.43e+00   0.00e+00 (  6.17e+01,  8.99e+01)
80      0.149   3.64e-01   7.12e-01   6.06e-01   2.41e+00   0.00e+00 (  5.63e+01,  8.17e+01)
85      0.144   3.54e-01   6.69e-01   5.60e-01   2.80e+00   0.00e+00 (  5.16e+01,  7.53e+01)
90      0.156   3.74e-01   5.61e-01   3.81e-01   5.52e+00   0.00e+00 (  4.89e+01,  7.00e+01)
95      0.186   3.84e-01   5.56e-01   3.79e-01   1.17e+01   0.00e+00 (  1.21e+02,  6.53e+01)
17 e: 3.859e-05 i: 5.739e-05 :: e: 3.670e-02 i: 3.812e-02 :: n: 2.762e+01 e:21.653 i:25.065 v:4.993e+03
>>> tau_he = 5.000000, nhe(0)=2.686460e+00
 5     -0.013   6.61e-03   4.34e-01   5.19e-03  -6.14e-02   0.00e+00 (  3.02e+00,  5.05e+01)
10     -0.040   4.44e-02   1.41e-02   7.91e-04  -2.38e-01   0.00e+00 (  3.29e+01,  9.29e+01)
15     -0.077   1.04e-01   8.14e-02  -2.61e-03  -5.50e-01   0.00e+00 (  8.42e+01,  1.27e+02)
20      0.040   1.27e-01   1.13e-01   5.30e-03   3.35e-01   0.00e+00 (  9.64e+01,  1.51e+02)
25      0.041   1.52e-01   1.41e-01   2.94e-02   3.84e-01   0.00e+00 (  1.07e+02,  1.69e+02)
30      0.083   2.26e-01   2.61e-01   9.87e-02   8.57e-01   0.00e+00 (  1.44e+02,  1.79e+02)
35      0.083   2.29e-01   2.97e-01   1.28e-01   9.24e-01   0.00e+00 (  1.31e+02,  1.79e+02)
40      0.096   2.53e-01   3.73e-01   1.56e-01   1.14e+00   0.00e+00 (  1.25e+02,  1.74e+02)
45      0.121   2.80e-01   4.63e-01   1.87e-01   1.53e+00   0.00e+00 (  1.18e+02,  1.64e+02)
50      0.132   2.98e-01   5.42e-01   2.31e-01   1.76e+00   0.00e+00 (  1.05e+02,  1.51e+02)
55      0.145   3.24e-01   6.21e-01   3.25e-01   2.00e+00   0.00e+00 (  9.58e+01,  1.37e+02)
60      0.145   3.30e-01   6.33e-01   3.97e-01   2.08e+00   0.00e+00 (  8.55e+01,  1.24e+02)
65      0.151   3.45e-01   6.73e-01   4.75e-01   2.22e+00   0.00e+00 (  7.62e+01,  1.11e+02)
70      0.163   3.70e-01   7.48e-01   5.73e-01   2.45e+00   0.00e+00 (  6.99e+01,  9.97e+01)
75      0.160   3.74e-01   7.45e-01   6.09e-01   2.46e+00   0.00e+00 (  6.31e+01,  8.99e+01)
80      0.151   3.69e-01   7.21e-01   6.13e-01   2.43e+00   0.00e+00 (  5.76e+01,  8.17e+01)
85      0.145   3.58e-01   6.77e-01   5.67e-01   2.84e+00   0.00e+00 (  5.28e+01,  7.53e+01)
90      0.157   3.77e-01   5.67e-01   3.86e-01   5.58e+00   0.00e+00 (  4.98e+01,  7.00e+01)
95      0.186   3.84e-01   5.56e-01   3.80e-01   1.17e+01   0.00e+00 (  1.21e+02,  6.53e+01)
18 e: 4.394e-05 i: 5.970e-05 :: e: 2.892e-02 i: 3.146e-02 :: n: 2.762e+01 e:21.741 i:25.213 v:4.993e+03
>>> tau_he = 5.000000, nhe(0)=2.696460e+00
 5     -0.013   6.70e-03   4.40e-01   5.22e-03  -6.22e-02   0.00e+00 (  3.07e+00,  5.05e+01)
10     -0.040   4.46e-02   1.43e-02   6.39e-04  -2.38e-01   0.00e+00 (  3.30e+01,  9.29e+01)
15     -0.076   1.06e-01   8.19e-02  -2.63e-03  -5.43e-01   0.00e+00 (  8.48e+01,  1.27e+02)
20      0.041   1.29e-01   1.15e-01   5.06e-03   3.38e-01   0.00e+00 (  9.80e+01,  1.51e+02)
25      0.087   2.18e-01   2.76e-01   1.01e-01   8.13e-01   0.00e+00 (  1.55e+02,  1.69e+02)
30      0.051   1.81e-01   1.86e-01   4.47e-02   5.22e-01   0.00e+00 (  1.16e+02,  1.79e+02)
35      0.083   2.30e-01   2.97e-01   1.28e-01   9.27e-01   0.00e+00 (  1.32e+02,  1.79e+02)
40      0.096   2.54e-01   3.73e-01   1.56e-01   1.15e+00   0.00e+00 (  1.26e+02,  1.74e+02)
45      0.121   2.82e-01   4.62e-01   1.87e-01   1.53e+00   0.00e+00 (  1.19e+02,  1.64e+02)
50      0.133   3.01e-01   5.43e-01   2.31e-01   1.77e+00   0.00e+00 (  1.06e+02,  1.51e+02)
55      0.146   3.26e-01   6.24e-01   3.26e-01   2.02e+00   0.00e+00 (  9.73e+01,  1.37e+02)
60      0.146   3.33e-01   6.37e-01   3.99e-01   2.09e+00   0.00e+00 (  8.69e+01,  1.24e+02)
65      0.153   3.49e-01   6.80e-01   4.79e-01   2.24e+00   0.00e+00 (  7.78e+01,  1.11e+02)
70      0.165   3.75e-01   7.57e-01   5.80e-01   2.48e+00   0.00e+00 (  7.15e+01,  9.97e+01)
75      0.162   3.79e-01   7.55e-01   6.17e-01   2.49e+00   0.00e+00 (  6.46e+01,  8.99e+01)
80      0.152   3.74e-01   7.31e-01   6.21e-01   2.46e+00   0.00e+00 (  5.90e+01,  8.17e+01)
85      0.147   3.63e-01   6.85e-01   5.73e-01   2.86e+00   0.00e+00 (  5.41e+01,  7.53e+01)
90      0.159   3.80e-01   5.73e-01   3.91e-01   5.64e+00   0.00e+00 (  5.08e+01,  7.00e+01)
95      0.186   3.84e-01   5.56e-01   3.80e-01   1.17e+01   0.00e+00 (  1.22e+02,  6.53e+01)
19 e: 5.181e-05 i: 1.072e-04 :: e: 2.744e-02 i: 3.148e-02 :: n: 2.762e+01 e:21.828 i:25.359 v:4.993e+03
>>> tau_he = 5.000000, nhe(0)=2.703380e+00
 5     -0.013   6.77e-03   4.44e-01   5.25e-03  -6.30e-02   0.00e+00 (  3.12e+00,  5.05e+01)
10     -0.040   4.51e-02   1.44e-02   7.25e-04  -2.38e-01   0.00e+00 (  3.33e+01,  9.29e+01)
15     -0.075   1.07e-01   8.29e-02  -2.92e-03  -5.36e-01   0.00e+00 (  8.55e+01,  1.27e+02)
20      0.041   1.30e-01   1.16e-01   4.98e-03   3.43e-01   0.00e+00 (  9.85e+01,  1.51e+02)
25      0.042   1.54e-01   1.41e-01   2.90e-02   3.92e-01   0.00e+00 (  1.08e+02,  1.69e+02)
30      0.084   2.28e-01   2.63e-01   9.76e-02   8.70e-01   0.00e+00 (  1.46e+02,  1.79e+02)
35      0.083   2.33e-01   2.98e-01   1.28e-01   9.33e-01   0.00e+00 (  1.34e+02,  1.79e+02)
40      0.096   2.56e-01   3.74e-01   1.56e-01   1.15e+00   0.00e+00 (  1.28e+02,  1.74e+02)
45      0.121   2.84e-01   4.62e-01   1.87e-01   1.53e+00   0.00e+00 (  1.20e+02,  1.64e+02)
50      0.134   3.04e-01   5.45e-01   2.32e-01   1.78e+00   0.00e+00 (  1.08e+02,  1.51e+02)
55      0.147   3.30e-01   6.28e-01   3.28e-01   2.03e+00   0.00e+00 (  9.95e+01,  1.37e+02)
60      0.147   3.37e-01   6.41e-01   4.01e-01   2.11e+00   0.00e+00 (  8.85e+01,  1.24e+02)
65      0.154   3.53e-01   6.87e-01   4.84e-01   2.27e+00   0.00e+00 (  7.95e+01,  1.11e+02)
70      0.167   3.80e-01   7.65e-01   5.86e-01   2.51e+00   0.00e+00 (  7.32e+01,  9.97e+01)
75      0.164   3.85e-01   7.65e-01   6.25e-01   2.52e+00   0.00e+00 (  6.62e+01,  8.99e+01)
80      0.154   3.79e-01   7.41e-01   6.29e-01   2.49e+00   0.00e+00 (  6.05e+01,  8.17e+01)
85      0.149   3.68e-01   6.94e-01   5.80e-01   2.90e+00   0.00e+00 (  5.54e+01,  7.53e+01)
90      0.161   3.83e-01   5.80e-01   3.96e-01   5.70e+00   0.00e+00 (  5.19e+01,  7.00e+01)
95      0.186   3.84e-01   5.56e-01   3.80e-01   1.17e+01   0.00e+00 (  1.22e+02,  6.53e+01)
20 e: 4.232e-05 i: 5.978e-05 :: e: 1.661e-02 i: 2.023e-02 :: n: 2.762e+01 e:21.901 i:25.462 v:4.993e+03
>>> tau_he = 5.000000, nhe(0)=2.712479e+00
 5     -0.014   6.86e-03   4.49e-01   5.27e-03  -6.37e-02   0.00e+00 (  3.16e+00,  5.05e+01)
10     -0.040   4.50e-02   1.47e-02   4.74e-04  -2.37e-01   0.00e+00 (  3.32e+01,  9.29e+01)
15     -0.073   1.08e-01   8.31e-02  -2.81e-03  -5.25e-01   0.00e+00 (  8.58e+01,  1.27e+02)
20      0.042   1.31e-01   1.17e-01   4.79e-03   3.49e-01   0.00e+00 (  9.95e+01,  1.51e+02)
25      0.043   1.55e-01   1.42e-01   2.90e-02   4.01e-01   0.00e+00 (  1.09e+02,  1.69e+02)
30      0.051   1.84e-01   1.87e-01   4.34e-02   5.28e-01   0.00e+00 (  1.18e+02,  1.79e+02)
35      0.084   2.34e-01   2.98e-01   1.27e-01   9.36e-01   0.00e+00 (  1.35e+02,  1.79e+02)
40      0.095   2.58e-01   3.73e-01   1.57e-01   1.13e+00   0.00e+00 (  1.29e+02,  1.74e+02)
45      0.121   2.86e-01   4.61e-01   1.87e-01   1.53e+00   0.00e+00 (  1.22e+02,  1.64e+02)
50      0.135   3.06e-01   5.46e-01   2.32e-01   1.79e+00   0.00e+00 (  1.10e+02,  1.51e+02)
55      0.148   3.32e-01   6.31e-01   3.29e-01   2.05e+00   0.00e+00 (  1.01e+02,  1.37e+02)
60      0.148   3.40e-01   6.45e-01   4.03e-01   2.12e+00   0.00e+00 (  9.01e+01,  1.24e+02)
65      0.156   3.58e-01   6.94e-01   4.88e-01   2.29e+00   0.00e+00 (  8.12e+01,  1.11e+02)
70      0.169   3.85e-01   7.74e-01   5.92e-01   2.54e+00   0.00e+00 (  7.49e+01,  9.97e+01)
75      0.166   3.90e-01   7.75e-01   6.33e-01   2.55e+00   0.00e+00 (  6.78e+01,  8.99e+01)
80      0.156   3.85e-01   7.51e-01   6.38e-01   2.52e+00   0.00e+00 (  6.20e+01,  8.17e+01)
85      0.150   3.73e-01   7.03e-01   5.88e-01   2.93e+00   0.00e+00 (  5.68e+01,  7.53e+01)
90      0.162   3.86e-01   5.86e-01   4.02e-01   5.75e+00   0.00e+00 (  5.29e+01,  7.00e+01)
95      0.186   3.83e-01   5.56e-01   3.80e-01   1.17e+01   0.00e+00 (  1.22e+02,  6.53e+01)
21 e: 4.370e-05 i: 5.615e-05 :: e: 1.322e-02 i: 1.651e-02 :: n: 2.762e+01 e:21.964 i:25.597 v:4.993e+03
>>> tau_he = 5.000000, nhe(0)=2.722515e+00
 5     -0.014   6.96e-03   4.57e-01   5.30e-03  -6.45e-02   0.00e+00 (  3.22e+00,  5.05e+01)
10     -0.069   4.91e-02   2.75e-02   1.09e-02  -4.14e-01   0.00e+00 (  3.61e+01,  9.29e+01)
15     -0.089   1.09e-01   8.33e-02  -6.12e-03  -6.35e-01   0.00e+00 (  8.64e+01,  1.27e+02)
20      0.043   1.32e-01   1.18e-01   4.58e-03   3.53e-01   0.00e+00 (  1.01e+02,  1.51e+02)
25      0.044   1.57e-01   1.44e-01   2.89e-02   4.08e-01   0.00e+00 (  1.11e+02,  1.69e+02)
30      0.086   2.32e-01   2.66e-01   9.74e-02   8.87e-01   0.00e+00 (  1.50e+02,  1.79e+02)
35      0.084   2.36e-01   2.99e-01   1.27e-01   9.42e-01   0.00e+00 (  1.37e+02,  1.79e+02)
40      0.095   2.59e-01   3.74e-01   1.57e-01   1.14e+00   0.00e+00 (  1.31e+02,  1.74e+02)
45      0.121   2.88e-01   4.61e-01   1.87e-01   1.53e+00   0.00e+00 (  1.23e+02,  1.64e+02)
50      0.135   3.09e-01   5.48e-01   2.33e-01   1.80e+00   0.00e+00 (  1.12e+02,  1.51e+02)
55      0.149   3.36e-01   6.34e-01   3.30e-01   2.06e+00   0.00e+00 (  1.03e+02,  1.37e+02)
60      0.149   3.43e-01   6.49e-01   4.05e-01   2.14e+00   0.00e+00 (  9.17e+01,  1.24e+02)
65      0.157   3.62e-01   7.00e-01   4.93e-01   2.31e+00   0.00e+00 (  8.28e+01,  1.11e+02)
70      0.170   3.90e-01   7.83e-01   5.99e-01   2.56e+00   0.00e+00 (  7.65e+01,  9.97e+01)
75      0.168   3.95e-01   7.84e-01   6.41e-01   2.58e+00   0.00e+00 (  6.94e+01,  8.99e+01)
80      0.158   3.90e-01   7.60e-01   6.45e-01   2.55e+00   0.00e+00 (  6.34e+01,  8.17e+01)
85      0.152   3.78e-01   7.12e-01   5.96e-01   2.97e+00   0.00e+00 (  5.81e+01,  7.53e+01)
90      0.164   3.89e-01   5.93e-01   4.07e-01   5.81e+00   0.00e+00 (  5.41e+01,  7.00e+01)
95      0.186   3.83e-01   5.56e-01   3.81e-01   1.17e+01   0.00e+00 (  1.22e+02,  6.53e+01)
22 e: 3.869e-05 i: 4.669e-05 :: e: 1.827e-02 i: 1.945e-02 :: n: 2.762e+01 e:22.059 i:25.748 v:4.993e+03
>>> tau_he = 5.000000, nhe(0)=2.729627e+00
 5     -0.014   7.04e-03   4.63e-01   5.34e-03  -6.52e-02   0.00e+00 (  3.26e+00,  5.05e+01)
10     -0.069   4.84e-02   2.78e-02   1.05e-02  -4.10e-01   0.00e+00 (  3.56e+01,  9.29e+01)
15     -0.088   1.09e-01   8.34e-02  -5.95e-03  -6.29e-01   0.00e+00 (  8.68e+01,  1.27e+02)
20      0.043   1.34e-01   1.19e-01   4.40e-03   3.56e-01   0.00e+00 (  1.02e+02,  1.51e+02)
25      0.091   2.26e-01   2.84e-01   1.03e-01   8.47e-01   0.00e+00 (  1.61e+02,  1.69e+02)
30      0.052   1.87e-01   1.88e-01   4.23e-02   5.36e-01   0.00e+00 (  1.20e+02,  1.79e+02)
35      0.085   2.38e-01   3.00e-01   1.27e-01   9.44e-01   0.00e+00 (  1.38e+02,  1.79e+02)
40      0.095   2.61e-01   3.74e-01   1.56e-01   1.14e+00   0.00e+00 (  1.32e+02,  1.74e+02)
45      0.121   2.89e-01   4.61e-01   1.87e-01   1.54e+00   0.00e+00 (  1.25e+02,  1.64e+02)
50      0.136   3.12e-01   5.49e-01   2.33e-01   1.81e+00   0.00e+00 (  1.13e+02,  1.51e+02)
55      0.150   3.39e-01   6.37e-01   3.32e-01   2.07e+00   0.00e+00 (  1.04e+02,  1.37e+02)
60      0.150   3.46e-01   6.53e-01   4.07e-01   2.15e+00   0.00e+00 (  9.32e+01,  1.24e+02)
65      0.158   3.65e-01   7.06e-01   4.96e-01   2.33e+00   0.00e+00 (  8.44e+01,  1.11e+02)
70      0.172   3.94e-01   7.91e-01   6.04e-01   2.59e+00   0.00e+00 (  7.80e+01,  9.97e+01)
75      0.169   4.00e-01   7.93e-01   6.48e-01   2.61e+00   0.00e+00 (  7.08e+01,  8.99e+01)
80      0.159   3.94e-01   7.69e-01   6.53e-01   2.57e+00   0.00e+00 (  6.48e+01,  8.17e+01)
85      0.154   3.83e-01   7.21e-01   6.03e-01   3.00e+00   0.00e+00 (  5.95e+01,  7.53e+01)
90      0.165   3.93e-01   5.99e-01   4.13e-01   5.87e+00   0.00e+00 (  5.52e+01,  7.00e+01)
95      0.186   3.83e-01   5.57e-01   3.81e-01   1.17e+01   0.00e+00 (  1.23e+02,  6.53e+01)
23 e: 4.882e-05 i: 1.101e-04 :: e: 2.721e-02 i: 2.793e-02 :: n: 2.762e+01 e:22.140 i:25.856 v:4.993e+03
>>> tau_he = 5.000000, nhe(0)=2.732815e+00
 5     -0.014   7.08e-03   4.66e-01   5.36e-03  -6.55e-02   0.00e+00 (  3.29e+00,  5.05e+01)
10     -0.068   4.81e-02   2.79e-02   1.03e-02  -4.07e-01   0.00e+00 (  3.52e+01,  9.29e+01)
15     -0.087   1.10e-01   8.40e-02  -6.11e-03  -6.21e-01   0.00e+00 (  8.71e+01,  1.27e+02)
20      0.044   1.34e-01   1.19e-01   4.39e-03   3.62e-01   0.00e+00 (  1.02e+02,  1.51e+02)
25      0.044   1.58e-01   1.43e-01   2.85e-02   4.14e-01   0.00e+00 (  1.12e+02,  1.69e+02)
30      0.053   1.88e-01   1.89e-01   4.17e-02   5.41e-01   0.00e+00 (  1.22e+02,  1.79e+02)
35      0.085   2.39e-01   3.01e-01   1.27e-01   9.51e-01   0.00e+00 (  1.39e+02,  1.79e+02)
40      0.096   2.63e-01   3.75e-01   1.56e-01   1.14e+00   0.00e+00 (  1.34e+02,  1.74e+02)
45      0.122   2.91e-01   4.62e-01   1.87e-01   1.54e+00   0.00e+00 (  1.26e+02,  1.64e+02)
50      0.137   3.14e-01   5.52e-01   2.34e-01   1.82e+00   0.00e+00 (  1.15e+02,  1.51e+02)
55      0.151   3.42e-01   6.41e-01   3.33e-01   2.09e+00   0.00e+00 (  1.06e+02,  1.37e+02)
60      0.151   3.49e-01   6.57e-01   4.09e-01   2.16e+00   0.00e+00 (  9.47e+01,  1.24e+02)
65      0.160   3.69e-01   7.12e-01   5.00e-01   2.35e+00   0.00e+00 (  8.59e+01,  1.11e+02)
70      0.173   3.98e-01   7.98e-01   6.10e-01   2.61e+00   0.00e+00 (  7.95e+01,  9.97e+01)
75      0.171   4.04e-01   8.02e-01   6.54e-01   2.63e+00   0.00e+00 (  7.23e+01,  8.99e+01)
80      0.161   3.99e-01   7.78e-01   6.60e-01   2.60e+00   0.00e+00 (  6.61e+01,  8.17e+01)
85      0.155   3.87e-01   7.29e-01   6.10e-01   3.03e+00   0.00e+00 (  6.08e+01,  7.53e+01)
90      0.167   3.96e-01   6.06e-01   4.18e-01   5.93e+00   0.00e+00 (  5.62e+01,  7.00e+01)
95      0.187   3.83e-01   5.57e-01   3.81e-01   1.17e+01   0.00e+00 (  1.23e+02,  6.53e+01)
24 e: 2.688e-05 i: 4.186e-05 :: e: 2.310e-02 i: 2.434e-02 :: n: 2.762e+01 e:22.188 i:25.905 v:4.993e+03
>>> tau_he = 5.000000, nhe(0)=2.739080e+00
 5     -0.014   7.13e-03   4.72e-01   5.45e-03  -6.68e-02   0.00e+00 (  3.31e+00,  5.05e+01)
10     -0.067   4.70e-02   2.83e-02   9.58e-03  -3.99e-01   0.00e+00 (  3.43e+01,  9.29e+01)
15     -0.085   1.11e-01   8.32e-02  -3.29e-03  -6.10e-01   0.00e+00 (  8.69e+01,  1.27e+02)
20      0.045   1.35e-01   1.19e-01   4.28e-03   3.69e-01   0.00e+00 (  1.02e+02,  1.51e+02)
25      0.045   1.60e-01   1.44e-01   2.84e-02   4.22e-01   0.00e+00 (  1.13e+02,  1.69e+02)
30      0.088   2.37e-01   2.70e-01   9.69e-02   9.09e-01   0.00e+00 (  1.54e+02,  1.79e+02)
35      0.085   2.41e-01   3.01e-01   1.27e-01   9.55e-01   0.00e+00 (  1.40e+02,  1.79e+02)
40      0.096   2.64e-01   3.75e-01   1.56e-01   1.14e+00   0.00e+00 (  1.34e+02,  1.74e+02)
45      0.122   2.93e-01   4.62e-01   1.87e-01   1.54e+00   0.00e+00 (  1.27e+02,  1.64e+02)
50      0.137   3.16e-01   5.52e-01   2.34e-01   1.82e+00   0.00e+00 (  1.16e+02,  1.51e+02)
55      0.151   3.44e-01   6.43e-01   3.34e-01   2.09e+00   0.00e+00 (  1.07e+02,  1.37e+02)
60      0.152   3.52e-01   6.59e-01   4.11e-01   2.17e+00   0.00e+00 (  9.59e+01,  1.24e+02)
65      0.161   3.72e-01   7.17e-01   5.03e-01   2.36e+00   0.00e+00 (  8.71e+01,  1.11e+02)
70      0.175   4.02e-01   8.05e-01   6.14e-01   2.63e+00   0.00e+00 (  8.08e+01,  9.97e+01)
75      0.172   4.08e-01   8.09e-01   6.60e-01   2.66e+00   0.00e+00 (  7.35e+01,  8.99e+01)
80      0.162   4.03e-01   7.86e-01   6.67e-01   2.62e+00   0.00e+00 (  6.73e+01,  8.17e+01)
85      0.157   3.91e-01   7.37e-01   6.17e-01   3.06e+00   0.00e+00 (  6.19e+01,  7.53e+01)
90      0.169   3.99e-01   6.12e-01   4.22e-01   5.98e+00   0.00e+00 (  5.73e+01,  7.00e+01)
95      0.187   3.83e-01   5.57e-01   3.82e-01   1.17e+01   0.00e+00 (  1.23e+02,  6.53e+01)
25 e: 2.761e-05 i: 3.934e-05 :: e: 2.767e-02 i: 2.710e-02 :: n: 2.762e+01 e:22.231 i:26.001 v:4.993e+03
>>> tau_he = 5.000000, nhe(0)=2.743798e+00
 5     -0.014   7.18e-03   4.77e-01   5.47e-03  -6.72e-02   0.00e+00 (  3.34e+00,  5.05e+01)
10     -0.066   4.65e-02   2.85e-02   9.17e-03  -3.97e-01   0.00e+00 (  3.39e+01,  9.29e+01)
15     -0.084   1.11e-01   8.33e-02  -3.31e-03  -6.04e-01   0.00e+00 (  8.73e+01,  1.27e+02)
20      0.045   1.36e-01   1.20e-01   4.15e-03   3.71e-01   0.00e+00 (  1.03e+02,  1.51e+02)
25      0.046   1.61e-01   1.46e-01   2.85e-02   4.27e-01   0.00e+00 (  1.14e+02,  1.69e+02)
30      0.053   1.90e-01   1.90e-01   4.10e-02   5.48e-01   0.00e+00 (  1.23e+02,  1.79e+02)
35      0.086   2.42e-01   3.01e-01   1.27e-01   9.57e-01   0.00e+00 (  1.41e+02,  1.79e+02)
40      0.095   2.65e-01   3.74e-01   1.55e-01   1.14e+00   0.00e+00 (  1.35e+02,  1.74e+02)
45      0.122   2.94e-01   4.62e-01   1.87e-01   1.55e+00   0.00e+00 (  1.28e+02,  1.64e+02)
50      0.138   3.18e-01   5.54e-01   2.34e-01   1.83e+00   0.00e+00 (  1.18e+02,  1.51e+02)
55      0.152   3.46e-01   6.45e-01   3.35e-01   2.11e+00   0.00e+00 (  1.09e+02,  1.37e+02)
60      0.153   3.54e-01   6.63e-01   4.12e-01   2.18e+00   0.00e+00 (  9.71e+01,  1.24e+02)
65      0.162   3.75e-01   7.22e-01   5.06e-01   2.38e+00   0.00e+00 (  8.83e+01,  1.11e+02)
70      0.176   4.05e-01   8.11e-01   6.18e-01   2.65e+00   0.00e+00 (  8.20e+01,  9.97e+01)
75      0.174   4.12e-01   8.16e-01   6.66e-01   2.68e+00   0.00e+00 (  7.46e+01,  8.99e+01)
80      0.164   4.07e-01   7.93e-01   6.72e-01   2.64e+00   0.00e+00 (  6.85e+01,  8.17e+01)
85      0.158   3.95e-01   7.44e-01   6.23e-01   3.08e+00   0.00e+00 (  6.30e+01,  7.53e+01)
90      0.170   4.01e-01   6.17e-01   4.27e-01   6.03e+00   0.00e+00 (  5.82e+01,  7.00e+01)
95      0.186   3.84e-01   5.56e-01   3.79e-01   1.17e+01   0.00e+00 (  1.23e+02,  6.53e+01)
26 e: 1.834e-05 i: 3.160e-05 :: e: 2.683e-02 i: 2.711e-02 :: n: 2.762e+01 e:22.289 i:26.075 v:4.993e+03
>>> tau_he = 5.000000, nhe(0)=2.749796e+00
 5     -0.014   7.25e-03   4.83e-01   5.49e-03  -6.76e-02   0.00e+00 (  3.37e+00,  5.05e+01)
10     -0.066   4.58e-02   2.89e-02   8.62e-03  -3.93e-01   0.00e+00 (  3.33e+01,  9.29e+01)
15     -0.029   1.10e-01   7.84e-02  -9.03e-03  -2.08e-01   0.00e+00 (  8.62e+01,  1.27e+02)
20      0.045   1.37e-01   1.20e-01   4.05e-03   3.76e-01   0.00e+00 (  1.04e+02,  1.51e+02)
25      0.046   1.62e-01   1.47e-01   2.85e-02   4.32e-01   0.00e+00 (  1.15e+02,  1.69e+02)
30      0.089   2.40e-01   2.71e-01   9.64e-02   9.18e-01   0.00e+00 (  1.56e+02,  1.79e+02)
35      0.086   2.43e-01   3.02e-01   1.27e-01   9.62e-01   0.00e+00 (  1.42e+02,  1.79e+02)
40      0.096   2.66e-01   3.74e-01   1.54e-01   1.14e+00   0.00e+00 (  1.36e+02,  1.74e+02)
45      0.122   2.95e-01   4.62e-01   1.87e-01   1.55e+00   0.00e+00 (  1.29e+02,  1.64e+02)
50      0.138   3.19e-01   5.55e-01   2.35e-01   1.84e+00   0.00e+00 (  1.18e+02,  1.51e+02)
55      0.153   3.48e-01   6.47e-01   3.36e-01   2.11e+00   0.00e+00 (  1.10e+02,  1.37e+02)
60      0.153   3.56e-01   6.65e-01   4.14e-01   2.19e+00   0.00e+00 (  9.80e+01,  1.24e+02)
65      0.162   3.77e-01   7.25e-01   5.08e-01   2.39e+00   0.00e+00 (  8.93e+01,  1.11e+02)
70      0.177   4.08e-01   8.15e-01   6.22e-01   2.66e+00   0.00e+00 (  8.29e+01,  9.97e+01)
75      0.175   4.15e-01   8.21e-01   6.70e-01   2.69e+00   0.00e+00 (  7.56e+01,  8.99e+01)
80      0.165   4.10e-01   7.99e-01   6.77e-01   2.66e+00   0.00e+00 (  6.94e+01,  8.17e+01)
85      0.159   3.98e-01   7.50e-01   6.28e-01   3.11e+00   0.00e+00 (  6.40e+01,  7.53e+01)
90      0.171   4.04e-01   6.22e-01   4.30e-01   6.07e+00   0.00e+00 (  5.91e+01,  7.00e+01)
95      0.186   3.84e-01   5.56e-01   3.79e-01   1.17e+01   0.00e+00 (  1.24e+02,  6.53e+01)
27 e: 1.810e-05 i: 2.949e-05 :: e: 2.989e-02 i: 2.844e-02 :: n: 2.762e+01 e:22.334 i:26.168 v:4.993e+03
>>> tau_he = 5.000000, nhe(0)=2.753768e+00
 5     -0.014   7.29e-03   4.87e-01   5.51e-03  -6.80e-02   0.00e+00 (  3.40e+00,  5.05e+01)
10     -0.066   4.54e-02   2.91e-02   8.26e-03  -3.93e-01   0.00e+00 (  3.31e+01,  9.29e+01)
15     -0.029   1.11e-01   7.87e-02  -9.11e-03  -2.05e-01   0.00e+00 (  8.66e+01,  1.27e+02)
20      0.046   1.38e-01   1.21e-01   3.94e-03   3.78e-01   0.00e+00 (  1.05e+02,  1.51e+02)
25      0.047   1.63e-01   1.48e-01   2.86e-02   4.36e-01   0.00e+00 (  1.16e+02,  1.69e+02)
30      0.054   1.91e-01   1.91e-01   4.04e-02   5.53e-01   0.00e+00 (  1.24e+02,  1.79e+02)
35      0.086   2.44e-01   3.02e-01   1.27e-01   9.64e-01   0.00e+00 (  1.43e+02,  1.79e+02)
40      0.096   2.67e-01   3.75e-01   1.53e-01   1.15e+00   0.00e+00 (  1.37e+02,  1.74e+02)
45      0.123   2.97e-01   4.63e-01   1.88e-01   1.56e+00   0.00e+00 (  1.30e+02,  1.64e+02)
50      0.139   3.21e-01   5.57e-01   2.35e-01   1.85e+00   0.00e+00 (  1.20e+02,  1.51e+02)
55      0.153   3.50e-01   6.50e-01   3.37e-01   2.12e+00   0.00e+00 (  1.11e+02,  1.37e+02)
60      0.154   3.58e-01   6.68e-01   4.15e-01   2.20e+00   0.00e+00 (  9.90e+01,  1.24e+02)
65      0.163   3.79e-01   7.29e-01   5.11e-01   2.40e+00   0.00e+00 (  9.02e+01,  1.11e+02)
70      0.178   4.11e-01   8.20e-01   6.25e-01   2.68e+00   0.00e+00 (  8.38e+01,  9.97e+01)
75      0.176   4.18e-01   8.26e-01   6.74e-01   2.71e+00   0.00e+00 (  7.65e+01,  8.99e+01)
80      0.166   4.13e-01   8.04e-01   6.82e-01   2.67e+00   0.00e+00 (  7.02e+01,  8.17e+01)
85      0.160   4.01e-01   7.55e-01   6.32e-01   3.12e+00   0.00e+00 (  6.49e+01,  7.53e+01)
90      0.172   4.06e-01   6.26e-01   4.34e-01   6.11e+00   0.00e+00 (  5.99e+01,  7.00e+01)
95      0.186   3.84e-01   5.56e-01   3.79e-01   1.17e+01   0.00e+00 (  1.24e+02,  6.53e+01)
28 e: 1.119e-05 i: 2.329e-05 :: e: 2.812e-02 i: 2.784e-02 :: n: 2.762e+01 e:22.382 i:26.231 v:4.993e+03
>>> tau_he = 5.000000, nhe(0)=2.758678e+00
 5     -0.014   7.35e-03   4.92e-01   5.53e-03  -6.83e-02   0.00e+00 (  3.43e+00,  5.05e+01)
10     -0.065   4.48e-02   2.95e-02   7.74e-03  -3.91e-01   0.00e+00 (  3.26e+01,  9.29e+01)
15     -0.028   1.12e-01   7.87e-02  -9.11e-03  -1.99e-01   0.00e+00 (  8.69e+01,  1.27e+02)
20      0.046   1.38e-01   1.22e-01   3.86e-03   3.82e-01   0.00e+00 (  1.05e+02,  1.51e+02)
25      0.096   2.35e-01   2.94e-01   1.06e-01   8.92e-01   0.00e+00 (  1.69e+02,  1.69e+02)
30      0.090   2.41e-01   2.73e-01   9.60e-02   9.26e-01   0.00e+00 (  1.58e+02,  1.79e+02)
35      0.087   2.44e-01   3.02e-01   1.26e-01   9.68e-01   0.00e+00 (  1.43e+02,  1.79e+02)
40      0.096   2.68e-01   3.75e-01   1.52e-01   1.15e+00   0.00e+00 (  1.38e+02,  1.74e+02)
45      0.123   2.97e-01   4.63e-01   1.88e-01   1.56e+00   0.00e+00 (  1.31e+02,  1.64e+02)
50      0.139   3.22e-01   5.57e-01   2.35e-01   1.85e+00   0.00e+00 (  1.20e+02,  1.51e+02)
55      0.154   3.51e-01   6.51e-01   3.38e-01   2.13e+00   0.00e+00 (  1.11e+02,  1.37e+02)
60      0.154   3.59e-01   6.69e-01   4.16e-01   2.21e+00   0.00e+00 (  9.96e+01,  1.24e+02)
65      0.164   3.81e-01   7.31e-01   5.12e-01   2.41e+00   0.00e+00 (  9.09e+01,  1.11e+02)
70      0.178   4.12e-01   8.23e-01   6.27e-01   2.69e+00   0.00e+00 (  8.45e+01,  9.97e+01)
75      0.177   4.20e-01   8.30e-01   6.77e-01   2.72e+00   0.00e+00 (  7.71e+01,  8.99e+01)
80      0.166   4.15e-01   8.08e-01   6.85e-01   2.69e+00   0.00e+00 (  7.09e+01,  8.17e+01)
85      0.161   4.04e-01   7.60e-01   6.36e-01   3.14e+00   0.00e+00 (  6.56e+01,  7.53e+01)
90      0.173   4.08e-01   6.30e-01   4.36e-01   6.14e+00   0.00e+00 (  6.05e+01,  7.00e+01)
95      0.186   3.84e-01   5.56e-01   3.79e-01   1.17e+01   0.00e+00 (  1.24e+02,  6.53e+01)
29 e: 3.611e-05 i: 1.536e-04 :: e: 3.850e-02 i: 3.649e-02 :: n: 2.762e+01 e:22.416 i:26.308 v:4.993e+03
>>> tau_he = 5.000000, nhe(0)=2.757139e+00
 5     -0.015   7.34e-03   4.91e-01   5.54e-03  -6.84e-02   0.00e+00 (  3.43e+00,  5.05e+01)
10     -0.066   4.51e-02   2.93e-02   7.94e-03  -3.94e-01   0.00e+00 (  3.29e+01,  9.29e+01)
15     -0.083   1.15e-01   8.46e-02  -3.52e-03  -5.97e-01   0.00e+00 (  8.92e+01,  1.27e+02)
20      0.046   1.38e-01   1.22e-01   3.93e-03   3.84e-01   0.00e+00 (  1.05e+02,  1.51e+02)
25      0.047   1.62e-01   1.46e-01   2.82e-02   4.37e-01   0.00e+00 (  1.15e+02,  1.69e+02)
30      0.054   1.92e-01   1.91e-01   4.00e-02   5.53e-01   0.00e+00 (  1.24e+02,  1.79e+02)
35      0.087   2.45e-01   3.03e-01   1.26e-01   9.71e-01   0.00e+00 (  1.44e+02,  1.79e+02)
40      0.097   2.69e-01   3.78e-01   1.55e-01   1.16e+00   0.00e+00 (  1.39e+02,  1.74e+02)
45      0.123   2.99e-01   4.65e-01   1.88e-01   1.57e+00   0.00e+00 (  1.32e+02,  1.64e+02)
50      0.140   3.24e-01   5.59e-01   2.36e-01   1.86e+00   0.00e+00 (  1.21e+02,  1.51e+02)
55      0.154   3.53e-01   6.53e-01   3.39e-01   2.14e+00   0.00e+00 (  1.12e+02,  1.37e+02)
60      0.155   3.61e-01   6.71e-01   4.17e-01   2.21e+00   0.00e+00 (  1.00e+02,  1.24e+02)
65      0.164   3.83e-01   7.34e-01   5.14e-01   2.42e+00   0.00e+00 (  9.16e+01,  1.11e+02)
70      0.179   4.14e-01   8.26e-01   6.30e-01   2.70e+00   0.00e+00 (  8.52e+01,  9.97e+01)
75      0.177   4.22e-01   8.34e-01   6.80e-01   2.73e+00   0.00e+00 (  7.78e+01,  8.99e+01)
80      0.167   4.17e-01   8.12e-01   6.88e-01   2.70e+00   0.00e+00 (  7.15e+01,  8.17e+01)
85      0.162   4.06e-01   7.64e-01   6.39e-01   3.16e+00   0.00e+00 (  6.62e+01,  7.53e+01)
90      0.174   4.10e-01   6.33e-01   4.39e-01   6.17e+00   0.00e+00 (  6.11e+01,  7.00e+01)
95      0.186   3.83e-01   5.56e-01   3.80e-01   1.17e+01   0.00e+00 (  1.24e+02,  6.53e+01)
30 e: 8.283e-06 i: 2.437e-05 :: e: 2.952e-02 i: 2.910e-02 :: n: 2.762e+01 e:22.423 i:26.284 v:4.993e+03
>>> tau_he = 5.000000, nhe(0)=2.759962e+00
 5     -0.015   7.37e-03   4.95e-01   5.54e-03  -6.85e-02   0.00e+00 (  3.44e+00,  5.05e+01)
10     -0.065   4.44e-02   2.96e-02   7.41e-03  -3.90e-01   0.00e+00 (  3.23e+01,  9.29e+01)
15     -0.026   1.12e-01   7.91e-02  -9.15e-03  -1.89e-01   0.00e+00 (  8.66e+01,  1.27e+02)
20      0.047   1.38e-01   1.22e-01   3.93e-03   3.90e-01   0.00e+00 (  1.04e+02,  1.51e+02)
25      0.048   1.63e-01   1.47e-01   2.82e-02   4.44e-01   0.00e+00 (  1.15e+02,  1.69e+02)
30      0.055   1.93e-01   1.92e-01   3.97e-02   5.63e-01   0.00e+00 (  1.25e+02,  1.79e+02)
35      0.087   2.45e-01   3.02e-01   1.26e-01   9.74e-01   0.00e+00 (  1.44e+02,  1.79e+02)
40      0.097   2.69e-01   3.76e-01   1.52e-01   1.16e+00   0.00e+00 (  1.38e+02,  1.74e+02)
45      0.124   2.99e-01   4.64e-01   1.88e-01   1.57e+00   0.00e+00 (  1.32e+02,  1.64e+02)
50      0.140   3.24e-01   5.60e-01   2.36e-01   1.86e+00   0.00e+00 (  1.22e+02,  1.51e+02)
55      0.155   3.54e-01   6.54e-01   3.39e-01   2.14e+00   0.00e+00 (  1.13e+02,  1.37e+02)
60      0.155   3.62e-01   6.72e-01   4.17e-01   2.22e+00   0.00e+00 (  1.01e+02,  1.24e+02)
65      0.165   3.84e-01   7.35e-01   5.15e-01   2.42e+00   0.00e+00 (  9.20e+01,  1.11e+02)
70      0.179   4.16e-01   8.28e-01   6.31e-01   2.70e+00   0.00e+00 (  8.56e+01,  9.97e+01)
75      0.178   4.23e-01   8.36e-01   6.82e-01   2.74e+00   0.00e+00 (  7.82e+01,  8.99e+01)
80      0.168   4.19e-01   8.15e-01   6.91e-01   2.71e+00   0.00e+00 (  7.20e+01,  8.17e+01)
85      0.162   4.07e-01   7.67e-01   6.42e-01   3.17e+00   0.00e+00 (  6.67e+01,  7.53e+01)
90      0.175   4.11e-01   6.35e-01   4.41e-01   6.19e+00   0.00e+00 (  6.16e+01,  7.00e+01)
95      0.186   3.83e-01   5.56e-01   3.80e-01   1.17e+01   0.00e+00 (  1.24e+02,  6.53e+01)
31 e: 9.264e-06 i: 2.030e-05 :: e: 2.722e-02 i: 2.689e-02 :: n: 2.762e+01 e:22.411 i:26.329 v:4.993e+03
>>> tau_he = 5.000000, nhe(0)=2.762398e+00
 5     -0.015   7.40e-03   4.98e-01   5.55e-03  -6.86e-02   0.00e+00 (  3.45e+00,  5.05e+01)
10     -0.065   4.40e-02   2.99e-02   7.04e-03  -3.90e-01   0.00e+00 (  3.20e+01,  9.29e+01)
15     -0.026   1.12e-01   7.91e-02  -9.16e-03  -1.86e-01   0.00e+00 (  8.68e+01,  1.27e+02)
20      0.047   1.38e-01   1.22e-01   3.86e-03   3.91e-01   0.00e+00 (  1.05e+02,  1.51e+02)
25      0.048   1.64e-01   1.48e-01   2.83e-02   4.46e-01   0.00e+00 (  1.17e+02,  1.69e+02)
30      0.091   2.43e-01   2.74e-01   9.61e-02   9.37e-01   0.00e+00 (  1.59e+02,  1.79e+02)
35      0.087   2.46e-01   3.03e-01   1.27e-01   9.75e-01   0.00e+00 (  1.44e+02,  1.79e+02)
40      0.097   2.69e-01   3.76e-01   1.52e-01   1.16e+00   0.00e+00 (  1.39e+02,  1.74e+02)
45      0.124   2.99e-01   4.65e-01   1.88e-01   1.57e+00   0.00e+00 (  1.32e+02,  1.64e+02)
50      0.140   3.25e-01   5.60e-01   2.37e-01   1.86e+00   0.00e+00 (  1.22e+02,  1.51e+02)
55      0.155   3.54e-01   6.55e-01   3.39e-01   2.14e+00   0.00e+00 (  1.13e+02,  1.37e+02)
60      0.155   3.62e-01   6.73e-01   4.18e-01   2.22e+00   0.00e+00 (  1.01e+02,  1.24e+02)
65      0.165   3.84e-01   7.37e-01   5.16e-01   2.42e+00   0.00e+00 (  9.23e+01,  1.11e+02)
70      0.180   4.16e-01   8.30e-01   6.32e-01   2.70e+00   0.00e+00 (  8.59e+01,  9.97e+01)
75      0.178   4.24e-01   8.38e-01   6.83e-01   2.74e+00   0.00e+00 (  7.85e+01,  8.99e+01)
80      0.168   4.20e-01   8.17e-01   6.92e-01   2.71e+00   0.00e+00 (  7.23e+01,  8.17e+01)
85      0.163   4.09e-01   7.69e-01   6.44e-01   3.17e+00   0.00e+00 (  6.70e+01,  7.53e+01)
90      0.175   4.12e-01   6.37e-01   4.42e-01   6.21e+00   0.00e+00 (  6.20e+01,  7.00e+01)
95      0.186   3.83e-01   5.56e-01   3.80e-01   1.17e+01   0.00e+00 (  1.24e+02,  6.53e+01)
32 e: 8.062e-06 i: 2.389e-05 :: e: 2.851e-02 i: 2.716e-02 :: n: 2.762e+01 e:22.447 i:26.367 v:4.993e+03
>>> tau_he = 5.000000, nhe(0)=2.764613e+00
 5     -0.015   7.42e-03   5.01e-01   5.56e-03  -6.88e-02   0.00e+00 (  3.47e+00,  5.05e+01)
10     -0.065   4.37e-02   2.79e-02   6.18e-03  -3.89e-01   0.00e+00 (  3.18e+01,  9.29e+01)
15     -0.080   1.15e-01   8.40e-02  -3.38e-03  -5.77e-01   0.00e+00 (  8.90e+01,  1.27e+02)
20      0.047   1.39e-01   1.22e-01   3.80e-03   3.92e-01   0.00e+00 (  1.05e+02,  1.51e+02)
25      0.048   1.64e-01   1.49e-01   2.83e-02   4.48e-01   0.00e+00 (  1.17e+02,  1.69e+02)
30      0.055   1.93e-01   1.92e-01   3.95e-02   5.63e-01   0.00e+00 (  1.26e+02,  1.79e+02)
35      0.087   2.46e-01   3.02e-01   1.26e-01   9.75e-01   0.00e+00 (  1.44e+02,  1.79e+02)
40      0.097   2.69e-01   3.76e-01   1.51e-01   1.16e+00   0.00e+00 (  1.39e+02,  1.74e+02)
45      0.124   3.00e-01   4.65e-01   1.88e-01   1.57e+00   0.00e+00 (  1.32e+02,  1.64e+02)
50      0.140   3.25e-01   5.60e-01   2.37e-01   1.87e+00   0.00e+00 (  1.22e+02,  1.51e+02)
55      0.155   3.54e-01   6.55e-01   3.39e-01   2.15e+00   0.00e+00 (  1.13e+02,  1.37e+02)
60      0.155   3.62e-01   6.73e-01   4.18e-01   2.22e+00   0.00e+00 (  1.01e+02,  1.24e+02)
65      0.165   3.85e-01   7.37e-01   5.16e-01   2.43e+00   0.00e+00 (  9.24e+01,  1.11e+02)
70      0.180   4.17e-01   8.30e-01   6.32e-01   2.71e+00   0.00e+00 (  8.60e+01,  9.97e+01)
75      0.178   4.25e-01   8.39e-01   6.83e-01   2.74e+00   0.00e+00 (  7.86e+01,  8.99e+01)
80      0.168   4.20e-01   8.18e-01   6.93e-01   2.72e+00   0.00e+00 (  7.24e+01,  8.17e+01)
85      0.163   4.09e-01   7.70e-01   6.45e-01   3.18e+00   0.00e+00 (  6.72e+01,  7.53e+01)
90      0.175   4.13e-01   6.39e-01   4.44e-01   6.23e+00   0.00e+00 (  6.23e+01,  7.00e+01)
95      0.186   3.83e-01   5.56e-01   3.80e-01   1.17e+01   0.00e+00 (  1.24e+02,  6.53e+01)
33 e: 5.717e-06 i: 1.721e-05 :: e: 2.463e-02 i: 2.423e-02 :: n: 2.762e+01 e:22.448 i:26.403 v:4.993e+03
>>> tau_he = 5.000000, nhe(0)=2.767001e+00
 5     -0.015   7.45e-03   5.03e-01   5.57e-03  -6.90e-02   0.00e+00 (  3.48e+00,  5.05e+01)
10     -0.065   4.36e-02   2.82e-02   6.14e-03  -3.89e-01   0.00e+00 (  3.17e+01,  9.29e+01)
15     -0.025   1.13e-01   7.91e-02  -9.17e-03  -1.79e-01   0.00e+00 (  8.70e+01,  1.27e+02)
20      0.048   1.39e-01   1.23e-01   3.76e-03   3.94e-01   0.00e+00 (  1.05e+02,  1.51e+02)
25      0.097   2.37e-01   2.96e-01   1.06e-01   9.04e-01   0.00e+00 (  1.70e+02,  1.69e+02)
30      0.091   2.44e-01   2.74e-01   9.60e-02   9.40e-01   0.00e+00 (  1.59e+02,  1.79e+02)
35      0.088   2.46e-01   3.03e-01   1.27e-01   9.79e-01   0.00e+00 (  1.44e+02,  1.79e+02)
40      0.098   2.70e-01   3.78e-01   1.55e-01   1.17e+00   0.00e+00 (  1.39e+02,  1.74e+02)
45      0.124   3.00e-01   4.66e-01   1.89e-01   1.57e+00   0.00e+00 (  1.33e+02,  1.64e+02)
50      0.141   3.25e-01   5.62e-01   2.37e-01   1.87e+00   0.00e+00 (  1.22e+02,  1.51e+02)
55      0.155   3.55e-01   6.57e-01   3.40e-01   2.15e+00   0.00e+00 (  1.13e+02,  1.37e+02)
60      0.155   3.63e-01   6.74e-01   4.19e-01   2.22e+00   0.00e+00 (  1.01e+02,  1.24e+02)
65      0.165   3.85e-01   7.38e-01   5.17e-01   2.43e+00   0.00e+00 (  9.26e+01,  1.11e+02)
70      0.180   4.17e-01   8.31e-01   6.33e-01   2.71e+00   0.00e+00 (  8.62e+01,  9.97e+01)
75      0.178   4.25e-01   8.40e-01   6.84e-01   2.74e+00   0.00e+00 (  7.88e+01,  8.99e+01)
80      0.168   4.21e-01   8.19e-01   6.94e-01   2.72e+00   0.00e+00 (  7.26e+01,  8.17e+01)
85      0.163   4.10e-01   7.72e-01   6.46e-01   3.18e+00   0.00e+00 (  6.74e+01,  7.53e+01)
90      0.176   4.13e-01   6.40e-01   4.44e-01   6.23e+00   0.00e+00 (  6.25e+01,  7.00e+01)
95      0.186   3.83e-01   5.56e-01   3.80e-01   1.17e+01   0.00e+00 (  1.24e+02,  6.53e+01)
34 e: 3.222e-05 i: 1.556e-04 :: e: 3.288e-02 i: 3.182e-02 :: n: 2.762e+01 e:22.468 i:26.441 v:4.993e+03
>>> tau_he = 5.000000, nhe(0)=2.764140e+00
 5     -0.015   7.42e-03   5.00e-01   5.56e-03  -6.90e-02   0.00e+00 (  3.47e+00,  5.05e+01)
10     -0.066   4.36e-02   2.84e-02   5.86e-03  -3.95e-01   0.00e+00 (  3.18e+01,  9.29e+01)
15     -0.080   1.15e-01   8.49e-02  -3.61e-03  -5.73e-01   0.00e+00 (  8.91e+01,  1.27e+02)
20      0.048   1.39e-01   1.23e-01   3.85e-03   3.94e-01   0.00e+00 (  1.05e+02,  1.51e+02)
25      0.048   1.63e-01   1.46e-01   2.81e-02   4.45e-01   0.00e+00 (  1.15e+02,  1.69e+02)
30      0.054   1.93e-01   1.91e-01   3.94e-02   5.61e-01   0.00e+00 (  1.25e+02,  1.79e+02)
35      0.088   2.46e-01   3.03e-01   1.26e-01   9.79e-01   0.00e+00 (  1.44e+02,  1.79e+02)
40      0.098   2.71e-01   3.79e-01   1.55e-01   1.18e+00   0.00e+00 (  1.40e+02,  1.74e+02)
45      0.124   3.00e-01   4.66e-01   1.89e-01   1.58e+00   0.00e+00 (  1.33e+02,  1.64e+02)
50      0.141   3.26e-01   5.62e-01   2.37e-01   1.87e+00   0.00e+00 (  1.22e+02,  1.51e+02)
55      0.155   3.55e-01   6.56e-01   3.40e-01   2.15e+00   0.00e+00 (  1.14e+02,  1.37e+02)
60      0.155   3.63e-01   6.74e-01   4.18e-01   2.22e+00   0.00e+00 (  1.01e+02,  1.24e+02)
65      0.165   3.85e-01   7.38e-01   5.16e-01   2.43e+00   0.00e+00 (  9.26e+01,  1.11e+02)
70      0.180   4.17e-01   8.31e-01   6.33e-01   2.71e+00   0.00e+00 (  8.62e+01,  9.97e+01)
75      0.178   4.25e-01   8.39e-01   6.84e-01   2.75e+00   0.00e+00 (  7.87e+01,  8.99e+01)
80      0.168   4.21e-01   8.19e-01   6.94e-01   2.72e+00   0.00e+00 (  7.26e+01,  8.17e+01)
85      0.163   4.10e-01   7.72e-01   6.46e-01   3.19e+00   0.00e+00 (  6.75e+01,  7.53e+01)
90      0.176   4.14e-01   6.41e-01   4.45e-01   6.24e+00   0.00e+00 (  6.26e+01,  7.00e+01)
95      0.186   3.83e-01   5.56e-01   3.80e-01   1.17e+01   0.00e+00 (  1.24e+02,  6.53e+01)
35 e: 5.000e-06 i: 2.119e-05 :: e: 2.280e-02 i: 2.262e-02 :: n: 2.762e+01 e:22.442 i:26.396 v:4.993e+03
>>> tau_he = 5.000000, nhe(0)=2.764930e+00
 5     -0.015   7.43e-03   5.02e-01   5.56e-03  -6.89e-02   0.00e+00 (  3.47e+00,  5.05e+01)
10     -0.063   4.26e-02   2.81e-02   6.04e-03  -3.77e-01   0.00e+00 (  3.10e+01,  9.29e+01)
15     -0.078   1.15e-01   8.43e-02  -3.48e-03  -5.62e-01   0.00e+00 (  8.86e+01,  1.27e+02)
20      0.048   1.38e-01   1.22e-01   3.88e-03   3.99e-01   0.00e+00 (  1.04e+02,  1.51e+02)
25      0.048   1.63e-01   1.47e-01   2.82e-02   4.51e-01   0.00e+00 (  1.15e+02,  1.69e+02)
30      0.055   1.93e-01   1.92e-01   3.94e-02   5.70e-01   0.00e+00 (  1.26e+02,  1.79e+02)
35      0.088   2.46e-01   3.03e-01   1.26e-01   9.82e-01   0.00e+00 (  1.44e+02,  1.79e+02)
40      0.098   2.70e-01   3.79e-01   1.55e-01   1.18e+00   0.00e+00 (  1.39e+02,  1.74e+02)
45      0.125   3.00e-01   4.67e-01   1.89e-01   1.58e+00   0.00e+00 (  1.33e+02,  1.64e+02)
50      0.141   3.26e-01   5.63e-01   2.38e-01   1.88e+00   0.00e+00 (  1.22e+02,  1.51e+02)
55      0.156   3.55e-01   6.58e-01   3.41e-01   2.15e+00   0.00e+00 (  1.14e+02,  1.37e+02)
60      0.155   3.63e-01   6.75e-01   4.19e-01   2.23e+00   0.00e+00 (  1.01e+02,  1.24e+02)
65      0.165   3.85e-01   7.39e-01   5.17e-01   2.43e+00   0.00e+00 (  9.27e+01,  1.11e+02)
70      0.180   4.17e-01   8.32e-01   6.33e-01   2.71e+00   0.00e+00 (  8.62e+01,  9.97e+01)
75      0.178   4.25e-01   8.40e-01   6.84e-01   2.74e+00   0.00e+00 (  7.88e+01,  8.99e+01)
80      0.168   4.21e-01   8.20e-01   6.94e-01   2.72e+00   0.00e+00 (  7.26e+01,  8.17e+01)
85      0.163   4.10e-01   7.73e-01   6.47e-01   3.19e+00   0.00e+00 (  6.75e+01,  7.53e+01)
90      0.176   4.14e-01   6.41e-01   4.45e-01   6.24e+00   0.00e+00 (  6.27e+01,  7.00e+01)
95      0.186   3.83e-01   5.56e-01   3.80e-01   1.17e+01   0.00e+00 (  1.24e+02,  6.53e+01)
36 e: 7.600e-06 i: 1.974e-05 :: e: 2.065e-02 i: 2.078e-02 :: n: 2.762e+01 e:22.421 i:26.408 v:4.993e+03
>>> tau_he = 5.000000, nhe(0)=2.766497e+00
 5     -0.015   7.44e-03   5.04e-01   5.56e-03  -6.90e-02   0.00e+00 (  3.48e+00,  5.05e+01)
10     -0.063   4.25e-02   2.85e-02   6.00e-03  -3.77e-01   0.00e+00 (  3.10e+01,  9.29e+01)
15     -0.078   1.15e-01   8.41e-02  -3.42e-03  -5.59e-01   0.00e+00 (  8.86e+01,  1.27e+02)
20      0.048   1.39e-01   1.22e-01   3.84e-03   3.99e-01   0.00e+00 (  1.05e+02,  1.51e+02)
25      0.048   1.64e-01   1.48e-01   2.82e-02   4.52e-01   0.00e+00 (  1.16e+02,  1.69e+02)
30      0.092   2.44e-01   2.75e-01   9.62e-02   9.44e-01   0.00e+00 (  1.59e+02,  1.79e+02)
35      0.088   2.46e-01   3.03e-01   1.26e-01   9.81e-01   0.00e+00 (  1.44e+02,  1.79e+02)
40      0.098   2.70e-01   3.78e-01   1.55e-01   1.17e+00   0.00e+00 (  1.39e+02,  1.74e+02)
45      0.124   3.00e-01   4.66e-01   1.89e-01   1.58e+00   0.00e+00 (  1.32e+02,  1.64e+02)
50      0.141   3.25e-01   5.62e-01   2.37e-01   1.87e+00   0.00e+00 (  1.22e+02,  1.51e+02)
55      0.155   3.55e-01   6.56e-01   3.40e-01   2.15e+00   0.00e+00 (  1.13e+02,  1.37e+02)
60      0.155   3.63e-01   6.74e-01   4.18e-01   2.22e+00   0.00e+00 (  1.01e+02,  1.24e+02)
65      0.165   3.85e-01   7.37e-01   5.16e-01   2.42e+00   0.00e+00 (  9.24e+01,  1.11e+02)
70      0.180   4.17e-01   8.30e-01   6.32e-01   2.70e+00   0.00e+00 (  8.60e+01,  9.97e+01)
75      0.178   4.25e-01   8.39e-01   6.83e-01   2.74e+00   0.00e+00 (  7.86e+01,  8.99e+01)
80      0.168   4.21e-01   8.19e-01   6.93e-01   2.72e+00   0.00e+00 (  7.25e+01,  8.17e+01)
85      0.163   4.10e-01   7.72e-01   6.46e-01   3.19e+00   0.00e+00 (  6.74e+01,  7.53e+01)
90      0.176   4.14e-01   6.41e-01   4.45e-01   6.24e+00   0.00e+00 (  6.27e+01,  7.00e+01)
95      0.186   3.83e-01   5.56e-01   3.80e-01   1.17e+01   0.00e+00 (  1.24e+02,  6.53e+01)
37 e: 7.950e-06 i: 2.283e-05 :: e: 2.052e-02 i: 1.976e-02 :: n: 2.762e+01 e:22.431 i:26.433 v:4.993e+03
>>> tau_he = 5.000000, nhe(0)=2.767176e+00
 5     -0.015   7.45e-03   5.05e-01   5.57e-03  -6.91e-02   0.00e+00 (  3.48e+00,  5.05e+01)
10     -0.063   4.26e-02   2.86e-02   6.01e-03  -3.78e-01   0.00e+00 (  3.11e+01,  9.29e+01)
15     -0.078   1.15e-01   8.42e-02  -3.44e-03  -5.57e-01   0.00e+00 (  8.86e+01,  1.27e+02)
20      0.048   1.39e-01   1.23e-01   3.79e-03   3.98e-01   0.00e+00 (  1.05e+02,  1.51e+02)
25      0.049   1.64e-01   1.49e-01   2.83e-02   4.53e-01   0.00e+00 (  1.17e+02,  1.69e+02)
30      0.055   1.93e-01   1.92e-01   3.94e-02   5.69e-01   0.00e+00 (  1.26e+02,  1.79e+02)
35      0.088   2.46e-01   3.03e-01   1.26e-01   9.81e-01   0.00e+00 (  1.44e+02,  1.79e+02)
40      0.098   2.70e-01   3.79e-01   1.55e-01   1.18e+00   0.00e+00 (  1.39e+02,  1.74e+02)
45      0.125   3.00e-01   4.67e-01   1.89e-01   1.58e+00   0.00e+00 (  1.33e+02,  1.64e+02)
50      0.141   3.26e-01   5.63e-01   2.38e-01   1.88e+00   0.00e+00 (  1.22e+02,  1.51e+02)
55      0.156   3.55e-01   6.57e-01   3.41e-01   2.15e+00   0.00e+00 (  1.13e+02,  1.37e+02)
60      0.155   3.63e-01   6.74e-01   4.19e-01   2.22e+00   0.00e+00 (  1.01e+02,  1.24e+02)
65      0.165   3.85e-01   7.37e-01   5.16e-01   2.42e+00   0.00e+00 (  9.24e+01,  1.11e+02)
70      0.180   4.17e-01   8.30e-01   6.32e-01   2.70e+00   0.00e+00 (  8.59e+01,  9.97e+01)
75      0.178   4.24e-01   8.38e-01   6.83e-01   2.74e+00   0.00e+00 (  7.85e+01,  8.99e+01)
80      0.168   4.20e-01   8.18e-01   6.93e-01   2.71e+00   0.00e+00 (  7.24e+01,  8.17e+01)
85      0.163   4.10e-01   7.72e-01   6.46e-01   3.18e+00   0.00e+00 (  6.74e+01,  7.53e+01)
90      0.176   4.14e-01   6.41e-01   4.45e-01   6.24e+00   0.00e+00 (  6.27e+01,  7.00e+01)
95      0.186   3.83e-01   5.56e-01   3.80e-01   1.17e+01   0.00e+00 (  1.24e+02,  6.53e+01)
38 e: 4.806e-06 i: 1.496e-05 :: e: 1.670e-02 i: 1.704e-02 :: n: 2.762e+01 e:22.428 i:26.444 v:4.993e+03
>>> tau_he = 5.000000, nhe(0)=2.768610e+00
 5     -0.015   7.47e-03   5.06e-01   5.57e-03  -6.92e-02   0.00e+00 (  3.49e+00,  5.05e+01)
10     -0.063   4.25e-02   2.89e-02   5.98e-03  -3.78e-01   0.00e+00 (  3.10e+01,  9.29e+01)
15     -0.077   1.16e-01   8.40e-02  -3.39e-03  -5.53e-01   0.00e+00 (  8.85e+01,  1.27e+02)
20      0.048   1.39e-01   1.23e-01   3.76e-03   3.99e-01   0.00e+00 (  1.05e+02,  1.51e+02)
25      0.097   2.37e-01   2.96e-01   1.06e-01   9.07e-01   0.00e+00 (  1.69e+02,  1.69e+02)
30      0.092   2.43e-01   2.75e-01   9.63e-02   9.45e-01   0.00e+00 (  1.59e+02,  1.79e+02)
35      0.088   2.46e-01   3.03e-01   1.26e-01   9.82e-01   0.00e+00 (  1.44e+02,  1.79e+02)
40      0.098   2.70e-01   3.79e-01   1.55e-01   1.18e+00   0.00e+00 (  1.39e+02,  1.74e+02)
45      0.125   3.00e-01   4.67e-01   1.89e-01   1.58e+00   0.00e+00 (  1.32e+02,  1.64e+02)
50      0.141   3.25e-01   5.63e-01   2.38e-01   1.88e+00   0.00e+00 (  1.22e+02,  1.51e+02)
55      0.155   3.55e-01   6.57e-01   3.40e-01   2.15e+00   0.00e+00 (  1.13e+02,  1.37e+02)
60      0.155   3.62e-01   6.74e-01   4.18e-01   2.22e+00   0.00e+00 (  1.01e+02,  1.24e+02)
65      0.165   3.84e-01   7.36e-01   5.15e-01   2.42e+00   0.00e+00 (  9.22e+01,  1.11e+02)
70      0.179   4.16e-01   8.29e-01   6.31e-01   2.70e+00   0.00e+00 (  8.57e+01,  9.97e+01)
75      0.178   4.24e-01   8.37e-01   6.82e-01   2.74e+00   0.00e+00 (  7.83e+01,  8.99e+01)
80      0.168   4.20e-01   8.17e-01   6.92e-01   2.71e+00   0.00e+00 (  7.22e+01,  8.17e+01)
85      0.163   4.09e-01   7.71e-01   6.45e-01   3.18e+00   0.00e+00 (  6.72e+01,  7.53e+01)
90      0.176   4.14e-01   6.41e-01   4.45e-01   6.24e+00   0.00e+00 (  6.27e+01,  7.00e+01)
95      0.186   3.83e-01   5.56e-01   3.80e-01   1.17e+01   0.00e+00 (  1.24e+02,  6.53e+01)
39 e: 3.119e-05 i: 1.488e-04 :: e: 2.376e-02 i: 2.387e-02 :: n: 2.762e+01 e:22.430 i:26.467 v:4.993e+03
>>> tau_he = 5.000000, nhe(0)=2.764328e+00
 5     -0.015   7.42e-03   5.02e-01   5.56e-03  -6.90e-02   0.00e+00 (  3.48e+00,  5.05e+01)
10     -0.064   4.30e-02   2.81e-02   6.12e-03  -3.82e-01   0.00e+00 (  3.15e+01,  9.29e+01)
15     -0.077   1.15e-01   8.47e-02  -3.62e-03  -5.55e-01   0.00e+00 (  8.84e+01,  1.27e+02)
20      0.048   1.38e-01   1.23e-01   3.87e-03   3.99e-01   0.00e+00 (  1.04e+02,  1.51e+02)
25      0.048   1.63e-01   1.46e-01   2.81e-02   4.47e-01   0.00e+00 (  1.15e+02,  1.69e+02)
30      0.055   1.92e-01   1.91e-01   3.95e-02   5.65e-01   0.00e+00 (  1.25e+02,  1.79e+02)
35      0.088   2.46e-01   3.03e-01   1.26e-01   9.82e-01   0.00e+00 (  1.44e+02,  1.79e+02)
40      0.099   2.70e-01   3.79e-01   1.55e-01   1.18e+00   0.00e+00 (  1.39e+02,  1.74e+02)
45      0.125   3.00e-01   4.68e-01   1.89e-01   1.58e+00   0.00e+00 (  1.33e+02,  1.64e+02)
50      0.141   3.26e-01   5.65e-01   2.36e-01   1.88e+00   0.00e+00 (  1.22e+02,  1.51e+02)
55      0.156   3.55e-01   6.57e-01   3.41e-01   2.15e+00   0.00e+00 (  1.13e+02,  1.37e+02)
60      0.155   3.62e-01   6.74e-01   4.18e-01   2.22e+00   0.00e+00 (  1.01e+02,  1.24e+02)
65      0.165   3.84e-01   7.36e-01   5.16e-01   2.42e+00   0.00e+00 (  9.21e+01,  1.11e+02)
70      0.179   4.16e-01   8.29e-01   6.31e-01   2.70e+00   0.00e+00 (  8.56e+01,  9.97e+01)
75      0.177   4.24e-01   8.36e-01   6.81e-01   2.73e+00   0.00e+00 (  7.82e+01,  8.99e+01)
80      0.168   4.19e-01   8.17e-01   6.92e-01   2.71e+00   0.00e+00 (  7.21e+01,  8.17e+01)
85      0.163   4.09e-01   7.70e-01   6.45e-01   3.18e+00   0.00e+00 (  6.71e+01,  7.53e+01)
90      0.176   4.14e-01   6.40e-01   4.45e-01   6.23e+00   0.00e+00 (  6.26e+01,  7.00e+01)
95      0.186   3.83e-01   5.56e-01   3.80e-01   1.17e+01   0.00e+00 (  1.24e+02,  6.53e+01)
40 e: 5.055e-06 i: 1.964e-05 :: e: 1.474e-02 i: 1.525e-02 :: n: 2.762e+01 e:22.402 i:26.399 v:4.993e+03
>>> tau_he = 5.000000, nhe(0)=2.764601e+00
 5     -0.015   7.42e-03   5.03e-01   5.55e-03  -6.89e-02   0.00e+00 (  3.47e+00,  5.05e+01)
10     -0.063   4.27e-02   2.85e-02   6.03e-03  -3.79e-01   0.00e+00 (  3.11e+01,  9.29e+01)
15     -0.076   1.15e-01   8.41e-02  -3.47e-03  -5.46e-01   0.00e+00 (  8.78e+01,  1.27e+02)
20      0.049   1.38e-01   1.22e-01   3.91e-03   4.02e-01   0.00e+00 (  1.04e+02,  1.51e+02)
25      0.048   1.63e-01   1.47e-01   2.82e-02   4.52e-01   0.00e+00 (  1.15e+02,  1.69e+02)
30      0.056   1.93e-01   1.92e-01   3.95e-02   5.73e-01   0.00e+00 (  1.25e+02,  1.79e+02)
35      0.088   2.45e-01   3.03e-01   1.26e-01   9.83e-01   0.00e+00 (  1.43e+02,  1.79e+02)
40      0.099   2.70e-01   3.79e-01   1.55e-01   1.18e+00   0.00e+00 (  1.39e+02,  1.74e+02)
45      0.125   3.00e-01   4.67e-01   1.89e-01   1.58e+00   0.00e+00 (  1.32e+02,  1.64e+02)
50      0.141   3.25e-01   5.64e-01   2.36e-01   1.87e+00   0.00e+00 (  1.22e+02,  1.51e+02)
55      0.155   3.54e-01   6.57e-01   3.41e-01   2.15e+00   0.00e+00 (  1.13e+02,  1.37e+02)
60      0.155   3.62e-01   6.73e-01   4.18e-01   2.22e+00   0.00e+00 (  1.01e+02,  1.24e+02)
65      0.164   3.83e-01   7.35e-01   5.15e-01   2.42e+00   0.00e+00 (  9.19e+01,  1.11e+02)
70      0.179   4.15e-01   8.28e-01   6.30e-01   2.70e+00   0.00e+00 (  8.54e+01,  9.97e+01)
75      0.177   4.23e-01   8.35e-01   6.81e-01   2.73e+00   0.00e+00 (  7.80e+01,  8.99e+01)
80      0.168   4.19e-01   8.16e-01   6.91e-01   2.71e+00   0.00e+00 (  7.19e+01,  8.17e+01)
85      0.163   4.09e-01   7.69e-01   6.44e-01   3.18e+00   0.00e+00 (  6.70e+01,  7.53e+01)
90      0.176   4.13e-01   6.40e-01   4.44e-01   6.23e+00   0.00e+00 (  6.25e+01,  7.00e+01)
95      0.186   3.83e-01   5.56e-01   3.80e-01   1.17e+01   0.00e+00 (  1.24e+02,  6.53e+01)
41 e: 7.405e-06 i: 1.821e-05 :: e: 1.238e-02 i: 1.303e-02 :: n: 2.762e+01 e:22.368 i:26.403 v:4.993e+03
>>> tau_he = 5.000000, nhe(0)=2.765119e+00
 5     -0.015   7.43e-03   5.04e-01   5.56e-03  -6.89e-02   0.00e+00 (  3.47e+00,  5.05e+01)
10     -0.063   4.25e-02   2.87e-02   6.00e-03  -3.79e-01   0.00e+00 (  3.11e+01,  9.29e+01)
15     -0.076   1.15e-01   8.39e-02  -3.42e-03  -5.44e-01   0.00e+00 (  8.78e+01,  1.27e+02)
20      0.048   1.38e-01   1.22e-01   3.87e-03   4.01e-01   0.00e+00 (  1.04e+02,  1.51e+02)
25      0.048   1.63e-01   1.48e-01   2.83e-02   4.52e-01   0.00e+00 (  1.16e+02,  1.69e+02)
30      0.092   2.43e-01   2.75e-01   9.69e-02   9.46e-01   0.00e+00 (  1.59e+02,  1.79e+02)
35      0.088   2.45e-01   3.03e-01   1.27e-01   9.82e-01   0.00e+00 (  1.43e+02,  1.79e+02)
40      0.098   2.69e-01   3.79e-01   1.55e-01   1.18e+00   0.00e+00 (  1.39e+02,  1.74e+02)
45      0.125   2.99e-01   4.67e-01   1.89e-01   1.58e+00   0.00e+00 (  1.32e+02,  1.64e+02)
50      0.141   3.24e-01   5.62e-01   2.38e-01   1.87e+00   0.00e+00 (  1.21e+02,  1.51e+02)
55      0.155   3.54e-01   6.56e-01   3.40e-01   2.15e+00   0.00e+00 (  1.13e+02,  1.37e+02)
60      0.155   3.61e-01   6.72e-01   4.18e-01   2.21e+00   0.00e+00 (  1.00e+02,  1.24e+02)
65      0.164   3.83e-01   7.34e-01   5.14e-01   2.41e+00   0.00e+00 (  9.16e+01,  1.11e+02)
70      0.179   4.15e-01   8.27e-01   6.30e-01   2.69e+00   0.00e+00 (  8.52e+01,  9.97e+01)
75      0.177   4.22e-01   8.34e-01   6.80e-01   2.73e+00   0.00e+00 (  7.78e+01,  8.99e+01)
80      0.167   4.18e-01   8.14e-01   6.90e-01   2.70e+00   0.00e+00 (  7.17e+01,  8.17e+01)
85      0.163   4.08e-01   7.68e-01   6.43e-01   3.17e+00   0.00e+00 (  6.68e+01,  7.53e+01)
90      0.175   4.13e-01   6.39e-01   4.44e-01   6.22e+00   0.00e+00 (  6.24e+01,  7.00e+01)
95      0.186   3.83e-01   5.56e-01   3.80e-01   1.17e+01   0.00e+00 (  1.24e+02,  6.53e+01)
42 e: 8.254e-06 i: 2.155e-05 :: e: 1.253e-02 i: 1.283e-02 :: n: 2.762e+01 e:22.380 i:26.411 v:4.993e+03
>>> tau_he = 5.000000, nhe(0)=2.765515e+00
 5     -0.015   7.43e-03   5.04e-01   5.56e-03  -6.90e-02   0.00e+00 (  3.47e+00,  5.05e+01)
10     -0.064   4.26e-02   2.88e-02   6.01e-03  -3.80e-01   0.00e+00 (  3.11e+01,  9.29e+01)
15     -0.076   1.15e-01   8.39e-02  -3.42e-03  -5.44e-01   0.00e+00 (  8.78e+01,  1.27e+02)
20      0.048   1.38e-01   1.22e-01   3.83e-03   4.00e-01   0.00e+00 (  1.04e+02,  1.51e+02)
25      0.048   1.63e-01   1.49e-01   2.84e-02   4.52e-01   0.00e+00 (  1.16e+02,  1.69e+02)
30      0.055   1.93e-01   1.92e-01   3.96e-02   5.71e-01   0.00e+00 (  1.25e+02,  1.79e+02)
35      0.088   2.45e-01   3.03e-01   1.26e-01   9.80e-01   0.00e+00 (  1.43e+02,  1.79e+02)
40      0.099   2.69e-01   3.79e-01   1.55e-01   1.18e+00   0.00e+00 (  1.38e+02,  1.74e+02)
45      0.125   2.99e-01   4.67e-01   1.89e-01   1.58e+00   0.00e+00 (  1.32e+02,  1.64e+02)
50      0.141   3.25e-01   5.64e-01   2.36e-01   1.87e+00   0.00e+00 (  1.21e+02,  1.51e+02)
55      0.155   3.53e-01   6.56e-01   3.40e-01   2.15e+00   0.00e+00 (  1.12e+02,  1.37e+02)
60      0.155   3.61e-01   6.72e-01   4.17e-01   2.21e+00   0.00e+00 (  1.00e+02,  1.24e+02)
65      0.164   3.82e-01   7.33e-01   5.14e-01   2.41e+00   0.00e+00 (  9.14e+01,  1.11e+02)
70      0.179   4.14e-01   8.25e-01   6.29e-01   2.69e+00   0.00e+00 (  8.49e+01,  9.97e+01)
75      0.177   4.22e-01   8.33e-01   6.78e-01   2.72e+00   0.00e+00 (  7.75e+01,  8.99e+01)
80      0.167   4.18e-01   8.13e-01   6.89e-01   2.70e+00   0.00e+00 (  7.15e+01,  8.17e+01)
85      0.162   4.08e-01   7.67e-01   6.42e-01   3.17e+00   0.00e+00 (  6.66e+01,  7.53e+01)
90      0.175   4.13e-01   6.38e-01   4.43e-01   6.22e+00   0.00e+00 (  6.23e+01,  7.00e+01)
95      0.186   3.83e-01   5.56e-01   3.80e-01   1.17e+01   0.00e+00 (  1.24e+02,  6.53e+01)
43 e: 4.457e-06 i: 1.387e-05 :: e: 9.296e-03 i: 1.003e-02 :: n: 2.762e+01 e:22.368 i:26.417 v:4.993e+03
>>> tau_he = 5.000000, nhe(0)=2.766219e+00
 5     -0.015   7.44e-03   5.06e-01   5.56e-03  -6.90e-02   0.00e+00 (  3.48e+00,  5.05e+01)
10     -0.064   4.25e-02   2.90e-02   5.98e-03  -3.80e-01   0.00e+00 (  3.11e+01,  9.29e+01)
15     -0.076   1.15e-01   8.38e-02  -3.39e-03  -5.42e-01   0.00e+00 (  8.78e+01,  1.27e+02)
20      0.048   1.39e-01   1.23e-01   3.81e-03   4.00e-01   0.00e+00 (  1.04e+02,  1.51e+02)
25      0.097   2.36e-01   2.95e-01   1.05e-01   9.06e-01   0.00e+00 (  1.68e+02,  1.69e+02)
30      0.092   2.43e-01   2.75e-01   9.70e-02   9.46e-01   0.00e+00 (  1.58e+02,  1.79e+02)
35      0.088   2.45e-01   3.03e-01   1.27e-01   9.82e-01   0.00e+00 (  1.43e+02,  1.79e+02)
40      0.099   2.69e-01   3.79e-01   1.55e-01   1.18e+00   0.00e+00 (  1.38e+02,  1.74e+02)
45      0.125   2.99e-01   4.67e-01   1.89e-01   1.58e+00   0.00e+00 (  1.32e+02,  1.64e+02)
50      0.141   3.24e-01   5.64e-01   2.36e-01   1.87e+00   0.00e+00 (  1.21e+02,  1.51e+02)
55      0.155   3.53e-01   6.56e-01   3.40e-01   2.15e+00   0.00e+00 (  1.12e+02,  1.37e+02)
60      0.154   3.60e-01   6.72e-01   4.17e-01   2.21e+00   0.00e+00 (  1.00e+02,  1.24e+02)
65      0.164   3.82e-01   7.33e-01   5.14e-01   2.41e+00   0.00e+00 (  9.13e+01,  1.11e+02)
70      0.178   4.13e-01   8.25e-01   6.28e-01   2.69e+00   0.00e+00 (  8.48e+01,  9.97e+01)
75      0.177   4.21e-01   8.32e-01   6.78e-01   2.72e+00   0.00e+00 (  7.74e+01,  8.99e+01)
80      0.167   4.17e-01   8.12e-01   6.88e-01   2.70e+00   0.00e+00 (  7.13e+01,  8.17e+01)
85      0.162   4.07e-01   7.67e-01   6.41e-01   3.17e+00   0.00e+00 (  6.64e+01,  7.53e+01)
90      0.175   4.12e-01   6.38e-01   4.43e-01   6.21e+00   0.00e+00 (  6.22e+01,  7.00e+01)
95      0.186   3.83e-01   5.56e-01   3.80e-01   1.17e+01   0.00e+00 (  1.24e+02,  6.53e+01)
44 e: 3.181e-05 i: 1.469e-04 :: e: 1.644e-02 i: 1.777e-02 :: n: 2.762e+01 e:22.376 i:26.428 v:4.993e+03
>>> tau_he = 5.000000, nhe(0)=2.761936e+00
 5     -0.015   7.40e-03   5.01e-01   5.55e-03  -6.89e-02   0.00e+00 (  3.46e+00,  5.05e+01)
10     -0.064   4.30e-02   2.82e-02   6.11e-03  -3.84e-01   0.00e+00 (  3.15e+01,  9.29e+01)
15     -0.076   1.15e-01   8.44e-02  -3.59e-03  -5.44e-01   0.00e+00 (  8.76e+01,  1.27e+02)
20      0.048   1.38e-01   1.22e-01   3.93e-03   3.99e-01   0.00e+00 (  1.04e+02,  1.51e+02)
25      0.048   1.62e-01   1.46e-01   2.82e-02   4.46e-01   0.00e+00 (  1.14e+02,  1.69e+02)
30      0.055   1.92e-01   1.91e-01   3.97e-02   5.65e-01   0.00e+00 (  1.24e+02,  1.79e+02)
35      0.088   2.45e-01   3.03e-01   1.26e-01   9.81e-01   0.00e+00 (  1.43e+02,  1.79e+02)
40      0.099   2.69e-01   3.79e-01   1.55e-01   1.18e+00   0.00e+00 (  1.38e+02,  1.74e+02)
45      0.125   2.99e-01   4.67e-01   1.89e-01   1.58e+00   0.00e+00 (  1.32e+02,  1.64e+02)
50      0.141   3.24e-01   5.64e-01   2.36e-01   1.87e+00   0.00e+00 (  1.21e+02,  1.51e+02)
55      0.155   3.53e-01   6.55e-01   3.40e-01   2.15e+00   0.00e+00 (  1.12e+02,  1.37e+02)
60      0.154   3.60e-01   6.71e-01   4.17e-01   2.21e+00   0.00e+00 (  9.99e+01,  1.24e+02)
65      0.164   3.82e-01   7.32e-01   5.13e-01   2.41e+00   0.00e+00 (  9.11e+01,  1.11e+02)
70      0.178   4.13e-01   8.24e-01   6.27e-01   2.68e+00   0.00e+00 (  8.46e+01,  9.97e+01)
75      0.176   4.20e-01   8.31e-01   6.77e-01   2.72e+00   0.00e+00 (  7.72e+01,  8.99e+01)
80      0.167   4.16e-01   8.11e-01   6.87e-01   2.69e+00   0.00e+00 (  7.11e+01,  8.17e+01)
85      0.162   4.06e-01   7.66e-01   6.40e-01   3.16e+00   0.00e+00 (  6.62e+01,  7.53e+01)
90      0.175   4.12e-01   6.37e-01   4.42e-01   6.21e+00   0.00e+00 (  6.20e+01,  7.00e+01)
95      0.186   3.83e-01   5.56e-01   3.80e-01   1.17e+01   0.00e+00 (  1.24e+02,  6.53e+01)
45 e: 4.101e-06 i: 1.891e-05 :: e: 8.355e-03 i: 9.088e-03 :: n: 2.762e+01 e:22.341 i:26.361 v:4.993e+03
>>> tau_he = 5.000000, nhe(0)=2.761759e+00
 5     -0.015   7.39e-03   5.02e-01   5.54e-03  -6.87e-02   0.00e+00 (  3.45e+00,  5.05e+01)
10     -0.064   4.27e-02   2.85e-02   6.03e-03  -3.80e-01   0.00e+00 (  3.12e+01,  9.29e+01)
15     -0.075   1.15e-01   8.39e-02  -3.45e-03  -5.37e-01   0.00e+00 (  8.72e+01,  1.27e+02)
20      0.049   1.38e-01   1.22e-01   3.96e-03   4.02e-01   0.00e+00 (  1.03e+02,  1.51e+02)
25      0.048   1.62e-01   1.47e-01   2.82e-02   4.51e-01   0.00e+00 (  1.14e+02,  1.69e+02)
30      0.091   2.41e-01   2.72e-01   9.56e-02   9.39e-01   0.00e+00 (  1.56e+02,  1.79e+02)
35      0.088   2.44e-01   3.03e-01   1.27e-01   9.82e-01   0.00e+00 (  1.42e+02,  1.79e+02)
40      0.099   2.69e-01   3.79e-01   1.56e-01   1.18e+00   0.00e+00 (  1.38e+02,  1.74e+02)
45      0.125   2.98e-01   4.67e-01   1.89e-01   1.58e+00   0.00e+00 (  1.31e+02,  1.64e+02)
50      0.141   3.24e-01   5.64e-01   2.36e-01   1.87e+00   0.00e+00 (  1.21e+02,  1.51e+02)
55      0.155   3.53e-01   6.56e-01   3.40e-01   2.15e+00   0.00e+00 (  1.12e+02,  1.37e+02)
60      0.154   3.60e-01   6.71e-01   4.17e-01   2.21e+00   0.00e+00 (  9.97e+01,  1.24e+02)
65      0.164   3.81e-01   7.32e-01   5.13e-01   2.41e+00   0.00e+00 (  9.10e+01,  1.11e+02)
70      0.178   4.13e-01   8.23e-01   6.27e-01   2.68e+00   0.00e+00 (  8.45e+01,  9.97e+01)
75      0.176   4.20e-01   8.30e-01   6.77e-01   2.71e+00   0.00e+00 (  7.71e+01,  8.99e+01)
80      0.167   4.16e-01   8.10e-01   6.86e-01   2.69e+00   0.00e+00 (  7.11e+01,  8.17e+01)
85      0.162   4.06e-01   7.65e-01   6.40e-01   3.16e+00   0.00e+00 (  6.61e+01,  7.53e+01)
90      0.175   4.12e-01   6.37e-01   4.42e-01   6.20e+00   0.00e+00 (  6.20e+01,  7.00e+01)
95      0.186   3.83e-01   5.56e-01   3.80e-01   1.17e+01   0.00e+00 (  1.24e+02,  6.53e+01)
46 e: 7.561e-06 i: 2.027e-05 :: e: 8.216e-03 i: 9.042e-03 :: n: 2.762e+01 e:22.315 i:26.357 v:4.993e+03
>>> tau_he = 5.000000, nhe(0)=2.761111e+00
 5     -0.015   7.39e-03   5.02e-01   5.54e-03  -6.87e-02   0.00e+00 (  3.45e+00,  5.05e+01)
10     -0.064   4.27e-02   2.85e-02   6.03e-03  -3.81e-01   0.00e+00 (  3.12e+01,  9.29e+01)
15     -0.075   1.14e-01   8.38e-02  -3.44e-03  -5.38e-01   0.00e+00 (  8.71e+01,  1.27e+02)
20      0.048   1.38e-01   1.22e-01   3.93e-03   4.00e-01   0.00e+00 (  1.03e+02,  1.51e+02)
25      0.048   1.62e-01   1.47e-01   2.84e-02   4.50e-01   0.00e+00 (  1.15e+02,  1.69e+02)
30      0.055   1.91e-01   1.91e-01   4.00e-02   5.66e-01   0.00e+00 (  1.24e+02,  1.79e+02)
35      0.088   2.44e-01   3.02e-01   1.26e-01   9.79e-01   0.00e+00 (  1.42e+02,  1.79e+02)
40      0.099   2.69e-01   3.79e-01   1.55e-01   1.18e+00   0.00e+00 (  1.38e+02,  1.74e+02)
45      0.125   2.98e-01   4.67e-01   1.89e-01   1.58e+00   0.00e+00 (  1.31e+02,  1.64e+02)
50      0.140   3.24e-01   5.63e-01   2.35e-01   1.87e+00   0.00e+00 (  1.21e+02,  1.51e+02)
55      0.155   3.52e-01   6.54e-01   3.40e-01   2.14e+00   0.00e+00 (  1.12e+02,  1.37e+02)
60      0.154   3.59e-01   6.70e-01   4.16e-01   2.21e+00   0.00e+00 (  9.95e+01,  1.24e+02)
65      0.163   3.81e-01   7.31e-01   5.12e-01   2.40e+00   0.00e+00 (  9.07e+01,  1.11e+02)
70      0.178   4.12e-01   8.22e-01   6.26e-01   2.68e+00   0.00e+00 (  8.42e+01,  9.97e+01)
75      0.176   4.19e-01   8.29e-01   6.75e-01   2.71e+00   0.00e+00 (  7.69e+01,  8.99e+01)
80      0.167   4.15e-01   8.09e-01   6.85e-01   2.69e+00   0.00e+00 (  7.08e+01,  8.17e+01)
85      0.162   4.05e-01   7.64e-01   6.39e-01   3.16e+00   0.00e+00 (  6.59e+01,  7.53e+01)
90      0.175   4.11e-01   6.36e-01   4.41e-01   6.20e+00   0.00e+00 (  6.18e+01,  7.00e+01)
95      0.186   3.83e-01   5.56e-01   3.80e-01   1.17e+01   0.00e+00 (  1.24e+02,  6.53e+01)
47 e: 5.244e-06 i: 1.666e-05 :: e: 6.197e-03 i: 6.834e-03 :: n: 2.762e+01 e:22.311 i:26.347 v:4.993e+03
>>> tau_he = 5.000000, nhe(0)=2.762103e+00
 5     -0.015   7.40e-03   5.03e-01   5.54e-03  -6.87e-02   0.00e+00 (  3.45e+00,  5.05e+01)
10     -0.064   4.25e-02   2.88e-02   5.99e-03  -3.80e-01   0.00e+00 (  3.11e+01,  9.29e+01)
15     -0.075   1.14e-01   8.36e-02  -3.38e-03  -5.35e-01   0.00e+00 (  8.70e+01,  1.27e+02)
20      0.048   1.38e-01   1.22e-01   3.91e-03   4.00e-01   0.00e+00 (  1.04e+02,  1.51e+02)
25      0.048   1.63e-01   1.48e-01   2.85e-02   4.51e-01   0.00e+00 (  1.15e+02,  1.69e+02)
30      0.091   2.41e-01   2.72e-01   9.59e-02   9.38e-01   0.00e+00 (  1.56e+02,  1.79e+02)
35      0.088   2.44e-01   3.02e-01   1.27e-01   9.80e-01   0.00e+00 (  1.42e+02,  1.79e+02)
40      0.099   2.68e-01   3.79e-01   1.56e-01   1.18e+00   0.00e+00 (  1.37e+02,  1.74e+02)
45      0.125   2.98e-01   4.67e-01   1.89e-01   1.58e+00   0.00e+00 (  1.31e+02,  1.64e+02)
50      0.140   3.23e-01   5.63e-01   2.36e-01   1.87e+00   0.00e+00 (  1.20e+02,  1.51e+02)
55      0.155   3.52e-01   6.55e-01   3.40e-01   2.14e+00   0.00e+00 (  1.11e+02,  1.37e+02)
60      0.154   3.59e-01   6.70e-01   4.16e-01   2.21e+00   0.00e+00 (  9.93e+01,  1.24e+02)
65      0.163   3.80e-01   7.31e-01   5.12e-01   2.40e+00   0.00e+00 (  9.06e+01,  1.11e+02)
70      0.178   4.12e-01   8.22e-01   6.26e-01   2.68e+00   0.00e+00 (  8.41e+01,  9.97e+01)
75      0.176   4.19e-01   8.28e-01   6.75e-01   2.71e+00   0.00e+00 (  7.67e+01,  8.99e+01)
80      0.166   4.15e-01   8.08e-01   6.85e-01   2.68e+00   0.00e+00 (  7.07e+01,  8.17e+01)
85      0.162   4.05e-01   7.63e-01   6.38e-01   3.15e+00   0.00e+00 (  6.58e+01,  7.53e+01)
90      0.174   4.11e-01   6.35e-01   4.41e-01   6.19e+00   0.00e+00 (  6.17e+01,  7.00e+01)
95      0.186   3.83e-01   5.56e-01   3.80e-01   1.17e+01   0.00e+00 (  1.24e+02,  6.53e+01)
48 e: 6.020e-06 i: 1.610e-05 :: e: 6.015e-03 i: 6.895e-03 :: n: 2.762e+01 e:22.311 i:26.363 v:4.993e+03
>>> tau_he = 5.000000, nhe(0)=2.762105e+00
 5     -0.015   7.40e-03   5.03e-01   5.55e-03  -6.87e-02   0.00e+00 (  3.46e+00,  5.05e+01)
10     -0.064   4.26e-02   2.88e-02   6.00e-03  -3.81e-01   0.00e+00 (  3.12e+01,  9.29e+01)
15     -0.075   1.14e-01   8.36e-02  -3.40e-03  -5.37e-01   0.00e+00 (  8.71e+01,  1.27e+02)
20      0.048   1.38e-01   1.22e-01   3.88e-03   3.98e-01   0.00e+00 (  1.04e+02,  1.51e+02)
25      0.097   2.34e-01   2.93e-01   1.05e-01   9.00e-01   0.00e+00 (  1.67e+02,  1.69e+02)
30      0.055   1.91e-01   1.91e-01   4.01e-02   5.66e-01   0.00e+00 (  1.24e+02,  1.79e+02)
35      0.087   2.44e-01   3.02e-01   1.26e-01   9.78e-01   0.00e+00 (  1.42e+02,  1.79e+02)
40      0.098   2.68e-01   3.79e-01   1.56e-01   1.18e+00   0.00e+00 (  1.38e+02,  1.74e+02)
45      0.125   2.98e-01   4.67e-01   1.89e-01   1.58e+00   0.00e+00 (  1.31e+02,  1.64e+02)
50      0.140   3.23e-01   5.63e-01   2.35e-01   1.86e+00   0.00e+00 (  1.20e+02,  1.51e+02)
55      0.154   3.51e-01   6.54e-01   3.39e-01   2.14e+00   0.00e+00 (  1.11e+02,  1.37e+02)
60      0.154   3.59e-01   6.69e-01   4.16e-01   2.20e+00   0.00e+00 (  9.91e+01,  1.24e+02)
65      0.163   3.80e-01   7.30e-01   5.11e-01   2.40e+00   0.00e+00 (  9.04e+01,  1.11e+02)
70      0.178   4.11e-01   8.20e-01   6.25e-01   2.67e+00   0.00e+00 (  8.39e+01,  9.97e+01)
75      0.176   4.18e-01   8.27e-01   6.74e-01   2.71e+00   0.00e+00 (  7.66e+01,  8.99e+01)
80      0.166   4.14e-01   8.07e-01   6.84e-01   2.68e+00   0.00e+00 (  7.06e+01,  8.17e+01)
85      0.161   4.04e-01   7.62e-01   6.37e-01   3.15e+00   0.00e+00 (  6.57e+01,  7.53e+01)
90      0.174   4.11e-01   6.35e-01   4.40e-01   6.18e+00   0.00e+00 (  6.16e+01,  7.00e+01)
95      0.186   3.83e-01   5.56e-01   3.80e-01   1.17e+01   0.00e+00 (  1.24e+02,  6.53e+01)
49 e: 2.766e-05 i: 1.253e-04 :: e: 1.179e-02 i: 1.316e-02 :: n: 2.762e+01 e:22.312 i:26.363 v:4.993e+03
 plasma volume = 148.148294
 stored energy(e,i,b) = 4.717589e+01 4.237215e+01 0.000000e+00
 betan = 1.019385
*power
 Pnb(e,i) = 0.000000e+00 0.000000e+00
 Prf(e,i) = 1.222852e+01 2.779011e+01
 Prad     = -3.288756e+01 
 Pei      = 5.027231e+00 
 Pfuse    = 3.953243e+01 
 Pfusi    = 1.255871e+01 
 Poh      = 0.000000e+00 
*confinement time
 taut, tauITER98y2, H98y2 : 1.512069e+00 1.880166e+00 8.042208e-01
 taue, taui : 1.973836e+00 5.626005e+00
 taut, tau89, H89 : 1.512069e+00 8.955585e-01 1.688409e+00
*temperature
 nea, nebar : 1.865012e+01 2.143489e+01 
 tea, tia : 6.099465e+00 6.239971e+00 (9.774830e-01)
 te0, ti0 : 1.909779e+01 2.190441e+01 (8.718698e-01)
 Sn : 0.000000e+00 
*current balance
 Ip,Ibs,Inb,Irf: 1.000000e+01 1.640515e+00 0.000000e+00 1.642748e-01
 fni,fbs: 0.180 0.164

 plasma volume = 148.148294
 stored energy(e,i,b) = 4.717589e+01 4.237215e+01 0.000000e+00
 betan = 1.019385
*power
 Pnb(e,i) = 0.000000e+00 0.000000e+00
 Prf(e,i) = 1.222852e+01 2.779011e+01
 Prad     = -3.288756e+01 
 Pei      = 5.027231e+00 
 Pfuse    = 3.953243e+01 
 Pfusi    = 1.255871e+01 
 Poh      = 0.000000e+00 
*confinement time
 taut, tauITER98y2, H98y2 : 1.512069e+00 1.880166e+00 8.042208e-01
 taue, taui : 1.973836e+00 5.626005e+00
 taut, tau89, H89 : 1.512069e+00 8.955585e-01 1.688409e+00
*temperature
 nea, nebar : 1.865012e+01 2.143489e+01 
 tea, tia : 6.099465e+00 6.239971e+00 (9.774830e-01)
 te0, ti0 : 1.909779e+01 2.190441e+01 (8.718698e-01)
 Sn : 0.000000e+00 
*current balance
 Ip,Ibs,Inb,Irf: 1.000000e+01 1.640515e+00 0.000000e+00 1.642748e-01
 fni,fbs: 0.180 0.164
 ELAPASED TIME = 1770 sec
