NCAPTC: : NetCDF: Variable not found
Warning: ieee_overflow is signaling
Warning: ieee_underflow is signaling
Warning: ieee_inexact is signaling
FORTRAN STOP
 solver
 /global/common/software/atom/perlmutter/data/greentable/
 /global/common/software/atom/perlmutter/data/greentable/

          EFITD Version  07/09/2014


 type mode (2=file, 3=snap, 4=time, 5=input, 6=com file, 7=snap_ext):

 number of time slices?

 type input file names:
 #
 table_dir = </global/common/software/atom/perlmutter/data/greentable/>

  ----- time =     0 ms ----- ( 0)
 it=  1 chi2=0.00E+00 zm= 7.53E-03 err=5.202E+00 dz= 7.535E-03 chigam= 0.00E+00
 it=  2 chi2=0.00E+00 zm= 1.06E-02 err=8.582E-01 dz= 3.114E-03 chigam= 0.00E+00
 it=  3 chi2=0.00E+00 zm= 1.30E-02 err=4.644E-01 dz= 2.316E-03 chigam= 0.00E+00
 it=  4 chi2=0.00E+00 zm= 1.47E-02 err=2.665E-01 dz= 1.725E-03 chigam= 0.00E+00
 it=  5 chi2=0.00E+00 zm= 1.60E-02 err=1.601E-01 dz= 1.303E-03 chigam= 0.00E+00
 it=  6 chi2=0.00E+00 zm= 1.70E-02 err=9.828E-02 dz= 9.900E-04 chigam= 0.00E+00
 it=  7 chi2=0.00E+00 zm= 1.77E-02 err=6.503E-02 dz= 7.634E-04 chigam= 0.00E+00
 it=  8 chi2=0.00E+00 zm= 1.83E-02 err=3.865E-02 dz= 5.687E-04 chigam= 0.00E+00
 it=  9 chi2=0.00E+00 zm= 1.87E-02 err=2.066E-02 dz= 4.190E-04 chigam= 0.00E+00
 it= 10 chi2=0.00E+00 zm= 1.90E-02 err=1.369E-02 dz= 3.103E-04 chigam= 0.00E+00
 it= 11 chi2=0.00E+00 zm= 1.93E-02 err=5.193E-03 dz= 2.247E-04 chigam= 0.00E+00
 it= 12 chi2=0.00E+00 zm= 1.94E-02 err=3.439E-03 dz= 1.643E-04 chigam= 0.00E+00
 it= 13 chi2=0.00E+00 zm= 1.96E-02 err=3.120E-03 dz= 1.236E-04 chigam= 0.00E+00
 it= 14 chi2=0.00E+00 zm= 1.96E-02 err=2.142E-03 dz= 9.078E-05 chigam= 0.00E+00
 it= 15 chi2=0.00E+00 zm= 1.97E-02 err=1.491E-03 dz= 6.655E-05 chigam= 0.00E+00
 it= 16 chi2=0.00E+00 zm= 1.98E-02 err=1.046E-03 dz= 4.871E-05 chigam= 0.00E+00
 it= 17 chi2=0.00E+00 zm= 1.98E-02 err=7.378E-04 dz= 3.561E-05 chigam= 0.00E+00
 it= 18 chi2=0.00E+00 zm= 1.98E-02 err=5.222E-04 dz= 2.600E-05 chigam= 0.00E+00
 it= 19 chi2=0.00E+00 zm= 1.98E-02 err=3.702E-04 dz= 1.897E-05 chigam= 0.00E+00
 it= 20 chi2=0.00E+00 zm= 1.99E-02 err=2.628E-04 dz= 1.383E-05 chigam= 0.00E+00
 it= 21 chi2=0.00E+00 zm= 1.99E-02 err=1.866E-04 dz= 1.008E-05 chigam= 0.00E+00
 it= 22 chi2=0.00E+00 zm= 1.99E-02 err=1.327E-04 dz= 7.338E-06 chigam= 0.00E+00
 it= 23 chi2=0.00E+00 zm= 1.99E-02 err=9.430E-05 dz= 5.341E-06 chigam= 0.00E+00

      ******************** EFITD129 x 129  output ********************

       data used:   
  0 flux loops
  0 magnetic probes(i)
  0 full rogowski
  0 diamagnetic loop


 shot #   =          1 time(ms) =          0 chi**2   =  0.000E+00
 betat(%) =      1.052 betap    =      0.531 li       =      0.854
 vol(cm3) =  0.776E+07 rout(cm) =    172.164 zout(cm) =      0.792
 elong    =      1.346 utriang  =     -0.373 ltriang  =     -0.309
 a(cm)    =     41.395 lin(cm)  = ********** lout(cm) =     10.618
 ltop(cm) = ********** q*       =      2.310 rc(cm)   =    176.558
 zc(cm)   =      1.782 bt0(t)   =      2.000 qout     =      2.202
