NCAPTC: : NetCDF: Variable not found
Warning: ieee_overflow is signaling
Warning: ieee_underflow is signaling
Warning: ieee_inexact is signaling
FORTRAN STOP
 solver
 /global/common/software/atom/perlmutter/data/greentable/
 /global/common/software/atom/perlmutter/data/greentable/

          EFITD Version  07/09/2014


 type mode (2=file, 3=snap, 4=time, 5=input, 6=com file, 7=snap_ext):

 number of time slices?

 type input file names:
 #
 table_dir = </global/common/software/atom/perlmutter/data/greentable/>

  ----- time =     1 ms ----- ( 0)
 it=  1 chi2=0.00E+00 zm= 7.53E-03 err=5.202E+00 dz= 7.535E-03 chigam= 0.00E+00
 it=  2 chi2=0.00E+00 zm= 1.07E-02 err=8.158E-01 dz= 3.182E-03 chigam= 0.00E+00
 it=  3 chi2=0.00E+00 zm= 1.31E-02 err=4.477E-01 dz= 2.391E-03 chigam= 0.00E+00
 it=  4 chi2=0.00E+00 zm= 1.49E-02 err=2.682E-01 dz= 1.794E-03 chigam= 0.00E+00
 it=  5 chi2=0.00E+00 zm= 1.63E-02 err=1.655E-01 dz= 1.370E-03 chigam= 0.00E+00
 it=  6 chi2=0.00E+00 zm= 1.73E-02 err=9.663E-02 dz= 1.040E-03 chigam= 0.00E+00
 it=  7 chi2=0.00E+00 zm= 1.81E-02 err=6.074E-02 dz= 7.853E-04 chigam= 0.00E+00
 it=  8 chi2=0.00E+00 zm= 1.87E-02 err=3.767E-02 dz= 5.948E-04 chigam= 0.00E+00
 it=  9 chi2=0.00E+00 zm= 1.91E-02 err=2.374E-02 dz= 4.510E-04 chigam= 0.00E+00
 it= 10 chi2=0.00E+00 zm= 1.95E-02 err=1.674E-02 dz= 3.413E-04 chigam= 0.00E+00
 it= 11 chi2=0.00E+00 zm= 1.97E-02 err=1.438E-02 dz= 2.590E-04 chigam= 0.00E+00
 it= 12 chi2=0.00E+00 zm= 1.99E-02 err=9.073E-03 dz= 1.932E-04 chigam= 0.00E+00
 it= 13 chi2=0.00E+00 zm= 2.01E-02 err=5.838E-03 dz= 1.436E-04 chigam= 0.00E+00
 it= 14 chi2=0.00E+00 zm= 2.02E-02 err=3.824E-03 dz= 1.064E-04 chigam= 0.00E+00
 it= 15 chi2=0.00E+00 zm= 2.03E-02 err=2.544E-03 dz= 7.863E-05 chigam= 0.00E+00
 it= 16 chi2=0.00E+00 zm= 2.03E-02 err=1.715E-03 dz= 5.801E-05 chigam= 0.00E+00
 it= 17 chi2=0.00E+00 zm= 2.04E-02 err=1.169E-03 dz= 4.273E-05 chigam= 0.00E+00
 it= 18 chi2=0.00E+00 zm= 2.04E-02 err=8.046E-04 dz= 3.144E-05 chigam= 0.00E+00
 it= 19 chi2=0.00E+00 zm= 2.04E-02 err=5.581E-04 dz= 2.311E-05 chigam= 0.00E+00
 it= 20 chi2=0.00E+00 zm= 2.04E-02 err=3.897E-04 dz= 1.698E-05 chigam= 0.00E+00
 it= 21 chi2=0.00E+00 zm= 2.04E-02 err=2.736E-04 dz= 1.247E-05 chigam= 0.00E+00
 it= 22 chi2=0.00E+00 zm= 2.05E-02 err=1.930E-04 dz= 9.151E-06 chigam= 0.00E+00
 it= 23 chi2=0.00E+00 zm= 2.05E-02 err=1.368E-04 dz= 6.713E-06 chigam= 0.00E+00
 it= 24 chi2=0.00E+00 zm= 2.05E-02 err=9.715E-05 dz= 4.926E-06 chigam= 0.00E+00

      ******************** EFITD129 x 129  output ********************

       data used:   
  0 flux loops
  0 magnetic probes(i)
  0 full rogowski
  0 diamagnetic loop


 shot #   =          1 time(ms) =          1 chi**2   =  0.000E+00
 betat(%) =      0.869 betap    =      0.435 li       =      0.855
 vol(cm3) =  0.771E+07 rout(cm) =    172.112 zout(cm) =      0.818
 elong    =      1.341 utriang  =     -0.374 ltriang  =     -0.310
 a(cm)    =     41.343 lin(cm)  = ********** lout(cm) =     10.721
 ltop(cm) = ********** q*       =      2.280 rc(cm)   =    175.950
 zc(cm)   =      1.785 bt0(t)   =      2.000 qout     =      2.184
