========================================================================
= FASTRAN

nonlinear model = 1
ichi = 0
ineo = 0
reading state...
read formatted input, inprof...
init geometry...
read formatted input, inmetric...
nrho in inmetric = 101
rhob in inmetric = 1.263693e+00
solve avg grad-shafranv...
solve_avg_gs::Ip_temp = 1.000077e+01 
solve_avg_gs::Ip      = 1.000000e+01 
>>> tau_he = 5.000000, nhe(0)=2.298967e+00

 plasma volume = 148.790470
 stored energy(e,i,b) = 5.878930e+01 5.372673e+01 0.000000e+00
 betan = 1.276283
*power
 Pnb(e,i) = 0.000000e+00 0.000000e+00
 Prf(e,i) = 0.000000e+00 0.000000e+00
 Prad     = -2.642815e+01 
 Pei      = 1.650131e+00 
 Pfuse    = 5.537311e+01 
 Pfusi    = 1.755028e+01 
 Poh      = 0.000000e+00 
*confinement time
 taut, tauITER98y2, H98y2 : 2.419948e+00 2.226961e+00 1.086659e+00
 taue, taui : 1.921527e+00 3.379009e+00
 taut, tau89, H89 : 2.419948e+00 1.012231e+00 2.390707e+00
*temperature
 nea, nebar : 1.865458e+01 2.142844e+01 
 tea, tia : 7.707470e+00 7.760866e+00 (9.931197e-01)
 te0, ti0 : 1.881676e+01 1.901697e+01 (9.894721e-01)
 Sn : 0.000000e+00 
*current balance
 Ip,Ibs,Inb,Irf: 1.000000e+01 1.965935e+00 0.000000e+00 0.000000e+00
 fni,fbs: 0.197 0.197

 plasma volume = 148.790470
 stored energy(e,i,b) = 5.878930e+01 5.372673e+01 0.000000e+00
 betan = 1.276283
*power
 Pnb(e,i) = 0.000000e+00 0.000000e+00
 Prf(e,i) = 0.000000e+00 0.000000e+00
 Prad     = -2.642815e+01 
 Pei      = 1.650131e+00 
 Pfuse    = 5.537311e+01 
 Pfusi    = 1.755028e+01 
 Poh      = 0.000000e+00 
*confinement time
 taut, tauITER98y2, H98y2 : 2.419948e+00 2.226961e+00 1.086659e+00
 taue, taui : 1.921527e+00 3.379009e+00
 taut, tau89, H89 : 2.419948e+00 1.012231e+00 2.390707e+00
*temperature
 nea, nebar : 1.865458e+01 2.142844e+01 
 tea, tia : 7.707470e+00 7.760866e+00 (9.931197e-01)
 te0, ti0 : 1.881676e+01 1.901697e+01 (9.894721e-01)
 Sn : 0.000000e+00 
*current balance
 Ip,Ibs,Inb,Irf: 1.000000e+01 1.965935e+00 0.000000e+00 0.000000e+00
 fni,fbs: 0.197 0.197
 ELAPASED TIME = 0 sec
