NCAPTC: : NetCDF: Variable not found
Warning: ieee_overflow is signaling
Warning: ieee_underflow is signaling
Warning: ieee_inexact is signaling
FORTRAN STOP
 solver
 /global/common/software/atom/perlmutter/data/greentable/
 /global/common/software/atom/perlmutter/data/greentable/

          EFITD Version  07/09/2014


 type mode (2=file, 3=snap, 4=time, 5=input, 6=com file, 7=snap_ext):

 number of time slices?

 type input file names:
 #
 table_dir = </global/common/software/atom/perlmutter/data/greentable/>

  ----- time =     1 ms ----- ( 0)
 it=  1 chi2=0.00E+00 zm= 7.53E-03 err=5.202E+00 dz= 7.535E-03 chigam= 0.00E+00
 it=  2 chi2=0.00E+00 zm= 1.07E-02 err=8.323E-01 dz= 3.205E-03 chigam= 0.00E+00
 it=  3 chi2=0.00E+00 zm= 1.32E-02 err=4.667E-01 dz= 2.423E-03 chigam= 0.00E+00
 it=  4 chi2=0.00E+00 zm= 1.50E-02 err=2.737E-01 dz= 1.814E-03 chigam= 0.00E+00
 it=  5 chi2=0.00E+00 zm= 1.64E-02 err=1.700E-01 dz= 1.389E-03 chigam= 0.00E+00
 it=  6 chi2=0.00E+00 zm= 1.74E-02 err=1.022E-01 dz= 1.052E-03 chigam= 0.00E+00
 it=  7 chi2=0.00E+00 zm= 1.82E-02 err=6.280E-02 dz= 7.996E-04 chigam= 0.00E+00
 it=  8 chi2=0.00E+00 zm= 1.88E-02 err=4.020E-02 dz= 6.086E-04 chigam= 0.00E+00
 it=  9 chi2=0.00E+00 zm= 1.93E-02 err=2.964E-02 dz= 4.630E-04 chigam= 0.00E+00
 it= 10 chi2=0.00E+00 zm= 1.96E-02 err=1.985E-02 dz= 3.452E-04 chigam= 0.00E+00
 it= 11 chi2=0.00E+00 zm= 1.99E-02 err=8.180E-03 dz= 2.511E-04 chigam= 0.00E+00
 it= 12 chi2=0.00E+00 zm= 2.01E-02 err=5.948E-03 dz= 1.857E-04 chigam= 0.00E+00
 it= 13 chi2=0.00E+00 zm= 2.02E-02 err=4.712E-03 dz= 1.391E-04 chigam= 0.00E+00
 it= 14 chi2=0.00E+00 zm= 2.03E-02 err=3.257E-03 dz= 1.027E-04 chigam= 0.00E+00
 it= 15 chi2=0.00E+00 zm= 2.04E-02 err=2.294E-03 dz= 6.972E-05 chigam= 0.00E+00
 it= 16 chi2=0.00E+00 zm= 2.04E-02 err=9.498E-04 dz= 5.047E-05 chigam= 0.00E+00
 it= 17 chi2=0.00E+00 zm= 2.05E-02 err=6.077E-04 dz= 3.662E-05 chigam= 0.00E+00
 it= 18 chi2=0.00E+00 zm= 2.05E-02 err=4.136E-04 dz= 2.662E-05 chigam= 0.00E+00
 it= 19 chi2=0.00E+00 zm= 2.05E-02 err=2.901E-04 dz= 1.937E-05 chigam= 0.00E+00
 it= 20 chi2=0.00E+00 zm= 2.05E-02 err=2.094E-04 dz= 1.412E-05 chigam= 0.00E+00
 it= 21 chi2=0.00E+00 zm= 2.05E-02 err=1.732E-04 dz= 1.030E-05 chigam= 0.00E+00
 it= 22 chi2=0.00E+00 zm= 2.05E-02 err=1.380E-04 dz= 7.520E-06 chigam= 0.00E+00
 it= 23 chi2=0.00E+00 zm= 2.06E-02 err=1.057E-04 dz= 5.492E-06 chigam= 0.00E+00
 it= 24 chi2=0.00E+00 zm= 2.06E-02 err=7.883E-05 dz= 4.015E-06 chigam= 0.00E+00

      ******************** EFITD129 x 129  output ********************

       data used:   
  0 flux loops
  0 magnetic probes(i)
  0 full rogowski
  0 diamagnetic loop


 shot #   =          1 time(ms) =          1 chi**2   =  0.000E+00
 betat(%) =      0.970 betap    =      0.487 li       =      0.857
 vol(cm3) =  0.773E+07 rout(cm) =    172.141 zout(cm) =      0.816
 elong    =      1.342 utriang  =     -0.374 ltriang  =     -0.309
 a(cm)    =     41.372 lin(cm)  = ********** lout(cm) =     10.663
 ltop(cm) = ********** q*       =      2.293 rc(cm)   =    176.241
 zc(cm)   =      1.807 bt0(t)   =      2.000 qout     =      2.193
