========================================================================
= FASTRAN

nonlinear model = 1
ichi = 0
ineo = 0
reading state...
read formatted input, inprof...
init geometry...
read formatted input, inmetric...
nrho in inmetric = 101
rhob in inmetric = 1.263819e+00
solve avg grad-shafranv...
solve_avg_gs::Ip_temp = 1.000071e+01 
solve_avg_gs::Ip      = 1.000000e+01 
>>> tau_he = 5.000000, nhe(0)=2.339237e+00

 plasma volume = 148.826872
 stored energy(e,i,b) = 5.880606e+01 5.425803e+01 0.000000e+00
 betan = 1.282261
*power
 Pnb(e,i) = 0.000000e+00 0.000000e+00
 Prf(e,i) = 0.000000e+00 0.000000e+00
 Prad     = -2.360212e+01 
 Pei      = 1.646794e+00 
 Pfuse    = 5.634228e+01 
 Pfusi    = 1.796690e+01 
 Poh      = 0.000000e+00 
*confinement time
 taut, tauITER98y2, H98y2 : 2.229751e+00 2.097846e+00 1.062876e+00
 taue, taui : 1.710127e+00 3.324612e+00
 taut, tau89, H89 : 2.229751e+00 9.693426e-01 2.300271e+00
*temperature
 nea, nebar : 1.865483e+01 2.142848e+01 
 tea, tia : 7.707715e+00 7.761114e+00 (9.931196e-01)
 te0, ti0 : 1.881676e+01 1.901697e+01 (9.894721e-01)
 Sn : 0.000000e+00 
*current balance
 Ip,Ibs,Inb,Irf: 1.000000e+01 1.973595e+00 0.000000e+00 0.000000e+00
 fni,fbs: 0.197 0.197

 plasma volume = 148.826872
 stored energy(e,i,b) = 5.880606e+01 5.425803e+01 0.000000e+00
 betan = 1.282261
*power
 Pnb(e,i) = 0.000000e+00 0.000000e+00
 Prf(e,i) = 0.000000e+00 0.000000e+00
 Prad     = -2.360212e+01 
 Pei      = 1.646794e+00 
 Pfuse    = 5.634228e+01 
 Pfusi    = 1.796690e+01 
 Poh      = 0.000000e+00 
*confinement time
 taut, tauITER98y2, H98y2 : 2.229751e+00 2.097846e+00 1.062876e+00
 taue, taui : 1.710127e+00 3.324612e+00
 taut, tau89, H89 : 2.229751e+00 9.693426e-01 2.300271e+00
*temperature
 nea, nebar : 1.865483e+01 2.142848e+01 
 tea, tia : 7.707715e+00 7.761114e+00 (9.931196e-01)
 te0, ti0 : 1.881676e+01 1.901697e+01 (9.894721e-01)
 Sn : 0.000000e+00 
*current balance
 Ip,Ibs,Inb,Irf: 1.000000e+01 1.973595e+00 0.000000e+00 0.000000e+00
 fni,fbs: 0.197 0.197
 ELAPASED TIME = 0 sec
