========================================================================
= FASTRAN

nonlinear model = 0
ichi = 0
ineo = 0
reading state...
read formatted input, inprof...
init geometry...
read formatted input, inmetric...
nrho in inmetric = 101
rhob in inmetric = 1.262379e+00
solve avg grad-shafranv...
solve_avg_gs::Ip_temp = 9.994168e+00 
solve_avg_gs::Ip      = 1.000000e+01 
>>> tau_he = 5.000000, nhe(0)=2.432168e+00

 plasma volume = 148.334650
 stored energy(e,i,b) = 5.369467e+01 4.799755e+01 0.000000e+00
 betan = 1.156486
*power
 Pnb(e,i) = 0.000000e+00 0.000000e+00
 Prf(e,i) = 1.251138e+01 2.750959e+01
 Prad     = -3.169646e+01 
 Pei      = 8.238121e-01 
 Pfuse    = 4.622255e+01 
 Pfusi    = 1.459373e+01 
 Poh      = 0.000000e+00 
*confinement time
 taut, tauITER98y2, H98y2 : 1.470799e+00 1.690731e+00 8.699195e-01
 taue, taui : 1.927215e+00 3.485682e+00
 taut, tau89, H89 : 1.470799e+00 8.291755e-01 1.773810e+00
*temperature
 nea, nebar : 1.865185e+01 2.143309e+01 
 tea, tia : 6.987987e+00 7.035045e+00 (9.933109e-01)
 te0, ti0 : 1.943687e+01 2.117369e+01 (9.179728e-01)
 Sn : 0.000000e+00 
*current balance
 Ip,Ibs,Inb,Irf: 1.000000e+01 1.842911e+00 0.000000e+00 1.814536e-01
 fni,fbs: 0.202 0.184

Time advancing...
rho_bdry 0.950000 ...
te_bdry = 1.923139
ti_bdry = 1.923358
ne_bdry = 11.710562
rv_bdry = 100.762170
nrho_tr_bdry = 19
drho_bdry = 0.000000e+00
nrhob = 95
 [    0] t = 0.0000 
>>> tau_he = 5.000000, nhe(0)=2.410789e+00
 5     -0.002   4.35e-03   1.42e-01   2.14e-03  -8.20e-03   0.00e+00 (  7.70e-01,  4.97e+01)
10      0.001   2.77e-03  -2.66e-03   5.14e-05   3.67e-03   0.00e+00 (  7.91e-01,  9.24e+01)
15      0.001   1.52e-02  -3.36e-02  -7.19e-03   5.92e-03   0.00e+00 (  5.74e+00,  1.27e+02)
20      0.019   4.62e-02  -1.59e-02   2.72e-03   1.60e-01   0.00e+00 (  2.09e+01,  1.51e+02)
25      0.040   1.18e-01   4.93e-02   3.31e-02   3.71e-01   0.00e+00 (  5.98e+01,  1.71e+02)
30      0.060   1.78e-01   1.62e-01   5.94e-02   6.18e-01   0.00e+00 (  9.47e+01,  1.83e+02)
35      0.058   2.03e-01   1.86e-01   7.81e-02   6.43e-01   0.00e+00 (  1.04e+02,  1.87e+02)
40      0.083   2.68e-01   3.05e-01   1.08e-01   9.88e-01   0.00e+00 (  1.29e+02,  1.85e+02)
45      0.101   3.04e-01   3.79e-01   1.68e-01   1.28e+00   0.00e+00 (  1.33e+02,  1.78e+02)
50      0.135   3.61e-01   5.09e-01   2.12e-01   1.79e+00   0.00e+00 (  1.41e+02,  1.68e+02)
55      0.174   4.26e-01   6.82e-01   3.47e-01   2.40e+00   0.00e+00 (  1.49e+02,  1.56e+02)
60      0.154   4.08e-01   6.49e-01   4.17e-01   2.20e+00   0.00e+00 (  1.30e+02,  1.44e+02)
65      0.212   5.03e-01   9.09e-01   6.21e-01   3.12e+00   0.00e+00 (  1.42e+02,  1.31e+02)
70      0.247   5.75e-01   1.11e+00   8.25e-01   3.71e+00   0.00e+00 (  1.42e+02,  1.20e+02)
75      0.246   5.91e-01   1.15e+00   9.14e-01   3.79e+00   0.00e+00 (  1.30e+02,  1.09e+02)
80      0.231   5.74e-01   1.11e+00   9.19e-01   3.73e+00   0.00e+00 (  1.14e+02,  1.00e+02)
85      0.232   5.66e-01   1.07e+00   8.67e-01   4.52e+00   0.00e+00 (  1.05e+02,  9.24e+01)
90      0.297   6.75e-01   1.06e+00   7.23e-01   1.05e+01   0.00e+00 (  1.49e+02,  8.61e+01)
95      0.194   3.92e-01   5.73e-01   4.09e-01   1.22e+01   0.00e+00 (  1.62e+02,  8.06e+01)
 0 e: 6.865e-07 i: 5.679e-06 :: e: 0.000e+00 i: 0.000e+00 :: n: 2.762e+01 e:19.437 i:21.174 v:4.993e+03
>>> tau_he = 5.000000, nhe(0)=2.399505e+00
 5     -0.001   4.83e-03   2.09e-01   2.67e-03  -6.19e-03   0.00e+00 (  8.36e-01,  4.97e+01)
10      0.001   3.28e-03  -2.02e-03   7.13e-05   3.40e-03   0.00e+00 (  9.42e-01,  9.24e+01)
15      0.005   1.79e-02  -3.51e-02  -7.18e-03   3.45e-02   0.00e+00 (  6.89e+00,  1.27e+02)
20      0.020   4.82e-02  -1.60e-02   3.30e-03   1.65e-01   0.00e+00 (  2.20e+01,  1.51e+02)
25      0.041   1.20e-01   5.25e-02   3.38e-02   3.83e-01   0.00e+00 (  6.07e+01,  1.71e+02)
30      0.058   1.78e-01   1.56e-01   5.73e-02   5.93e-01   0.00e+00 (  9.43e+01,  1.83e+02)
35      0.058   2.04e-01   1.89e-01   7.92e-02   6.51e-01   0.00e+00 (  1.05e+02,  1.87e+02)
40      0.082   2.67e-01   3.04e-01   1.07e-01   9.82e-01   0.00e+00 (  1.29e+02,  1.85e+02)
45      0.101   3.03e-01   3.84e-01   1.68e-01   1.28e+00   0.00e+00 (  1.33e+02,  1.78e+02)
50      0.136   3.62e-01   5.15e-01   2.13e-01   1.81e+00   0.00e+00 (  1.42e+02,  1.68e+02)
55      0.170   4.22e-01   6.73e-01   3.42e-01   2.35e+00   0.00e+00 (  1.47e+02,  1.56e+02)
60      0.160   4.16e-01   6.70e-01   4.30e-01   2.29e+00   0.00e+00 (  1.33e+02,  1.44e+02)
65      0.209   4.99e-01   9.03e-01   6.17e-01   3.08e+00   0.00e+00 (  1.40e+02,  1.31e+02)
70      0.240   5.66e-01   1.09e+00   8.08e-01   3.62e+00   0.00e+00 (  1.39e+02,  1.20e+02)
75      0.243   5.86e-01   1.13e+00   9.03e-01   3.74e+00   0.00e+00 (  1.28e+02,  1.09e+02)
80      0.234   5.80e-01   1.12e+00   9.29e-01   3.78e+00   0.00e+00 (  1.16e+02,  1.00e+02)
85      0.242   5.93e-01   1.12e+00   9.19e-01   4.72e+00   0.00e+00 (  1.16e+02,  9.24e+01)
90      0.298   6.68e-01   1.06e+00   7.40e-01   1.06e+01   0.00e+00 (  1.57e+02,  8.61e+01)
95      0.196   3.95e-01   5.76e-01   4.05e-01   1.23e+01   0.00e+00 (  1.52e+02,  8.06e+01)
 1 e: 3.462e-02 i: 1.163e-01 :: e: 9.259e-03 i: 1.631e-02 :: n: 2.762e+01 e:19.440 i:21.057 v:4.993e+03
>>> tau_he = 5.000000, nhe(0)=2.862427e+00
 5     -0.008   8.39e-03   6.16e-01   4.33e-03  -3.66e-02   0.00e+00 (  2.64e+00,  4.97e+01)
10     -0.056   4.75e-02   3.49e-02   6.02e-03  -3.33e-01   0.00e+00 (  3.26e+01,  9.24e+01)
15     -0.049   1.19e-01   4.60e-02  -6.16e-03  -3.50e-01   0.00e+00 (  1.08e+02,  1.27e+02)
20      0.057   2.68e-01   3.52e-01   1.01e-01   4.70e-01   0.00e+00 (  2.27e+02,  1.51e+02)
25      0.136   2.60e-01   3.39e-01   1.33e-01   1.26e+00   0.00e+00 (  1.81e+02,  1.71e+02)
30      0.071   2.00e-01   2.04e-01   3.73e-02   7.34e-01   0.00e+00 (  1.23e+02,  1.83e+02)
35      0.124   2.73e-01   3.71e-01   1.41e-01   1.38e+00   0.00e+00 (  1.57e+02,  1.87e+02)
40      0.126   2.87e-01   4.28e-01   1.63e-01   1.51e+00   0.00e+00 (  1.44e+02,  1.85e+02)
45      0.166   3.40e-01   5.68e-01   2.32e-01   2.10e+00   0.00e+00 (  1.51e+02,  1.78e+02)
50      0.181   3.81e-01   6.96e-01   2.88e-01   2.40e+00   0.00e+00 (  1.45e+02,  1.68e+02)
55      0.192   4.21e-01   8.14e-01   4.24e-01   2.65e+00   0.00e+00 (  1.39e+02,  1.56e+02)
60      0.230   4.93e-01   1.02e+00   6.29e-01   3.29e+00   0.00e+00 (  1.52e+02,  1.44e+02)
65      0.185   4.55e-01   9.00e-01   6.23e-01   2.72e+00   0.00e+00 (  1.18e+02,  1.31e+02)
70      0.194   4.89e-01   9.83e-01   7.37e-01   2.92e+00   0.00e+00 (  1.10e+02,  1.20e+02)
75      0.194   5.13e-01   1.02e+00   8.22e-01   2.99e+00   0.00e+00 (  1.08e+02,  1.09e+02)
80      0.188   5.24e-01   1.04e+00   8.74e-01   3.03e+00   0.00e+00 (  1.08e+02,  1.00e+02)
85      0.184   5.10e-01   9.69e-01   8.08e-01   3.60e+00   0.00e+00 (  1.03e+02,  9.24e+01)
90      0.204   4.82e-01   7.57e-01   5.28e-01   7.26e+00   0.00e+00 (  8.75e+01,  8.61e+01)
95      0.195   3.99e-01   5.77e-01   3.95e-01   1.23e+01   0.00e+00 (  1.35e+02,  8.06e+01)
 2 e: 1.577e-02 i: 6.896e-03 :: e: 1.463e-01 i: 1.922e-01 :: n: 2.762e+01 e:23.065 i:26.959 v:4.993e+03
>>> tau_he = 5.000000, nhe(0)=2.936043e+00
 5     -0.014   9.17e-03   6.10e-01   5.92e-03  -6.54e-02   0.00e+00 (  3.86e+00,  4.97e+01)
10     -0.220   6.66e-02   3.73e-02   1.82e-02  -1.32e+00   0.00e+00 (  5.92e+01,  9.24e+01)
15     -0.307   1.78e-01   1.27e-01  -1.39e-01  -2.20e+00   0.00e+00 (  2.00e+02,  1.27e+02)
20     -0.009   3.25e-01   4.25e-01   1.71e-01  -7.11e-02   0.00e+00 (  3.30e+02,  1.51e+02)
25      0.139   2.89e-01   3.62e-01   1.74e-01   1.29e+00   0.00e+00 (  2.46e+02,  1.71e+02)
30      0.122   2.85e-01   3.55e-01   1.59e-01   1.26e+00   0.00e+00 (  2.13e+02,  1.83e+02)
35      0.117   2.87e-01   3.77e-01   1.52e-01   1.30e+00   0.00e+00 (  1.90e+02,  1.87e+02)
40      0.117   2.97e-01   4.22e-01   1.52e-01   1.39e+00   0.00e+00 (  1.65e+02,  1.85e+02)
45      0.135   3.12e-01   4.78e-01   1.97e-01   1.71e+00   0.00e+00 (  1.46e+02,  1.78e+02)
50      0.163   3.52e-01   6.30e-01   2.60e-01   2.16e+00   0.00e+00 (  1.36e+02,  1.68e+02)
55      0.170   3.76e-01   7.13e-01   3.72e-01   2.35e+00   0.00e+00 (  1.21e+02,  1.56e+02)
60      0.146   3.58e-01   6.49e-01   4.24e-01   2.09e+00   0.00e+00 (  1.03e+02,  1.44e+02)
65      0.164   3.89e-01   7.50e-01   5.24e-01   2.41e+00   0.00e+00 (  9.24e+01,  1.31e+02)
70      0.175   4.13e-01   8.20e-01   6.22e-01   2.63e+00   0.00e+00 (  8.29e+01,  1.20e+02)
75      0.177   4.30e-01   8.47e-01   6.87e-01   2.73e+00   0.00e+00 (  7.88e+01,  1.09e+02)
80      0.173   4.40e-01   8.59e-01   7.25e-01   2.79e+00   0.00e+00 (  7.78e+01,  1.00e+02)
85      0.170   4.31e-01   8.14e-01   6.81e-01   3.33e+00   0.00e+00 (  7.32e+01,  9.24e+01)
90      0.182   4.28e-01   6.54e-01   4.52e-01   6.45e+00   0.00e+00 (  6.37e+01,  8.61e+01)
95      0.195   3.99e-01   5.76e-01   3.92e-01   1.23e+01   0.00e+00 (  1.29e+02,  8.06e+01)
 3 e: 1.459e-03 i: 3.498e-03 :: e: 2.238e-01 i: 2.363e-01 :: n: 2.762e+01 e:25.111 i:28.274 v:4.993e+03
>>> tau_he = 5.000000, nhe(0)=2.940179e+00
 5     -0.015   9.11e-03   5.73e-01   5.82e-03  -7.15e-02   0.00e+00 (  3.97e+00,  4.97e+01)
10     -0.168   6.61e-02   1.32e-02   3.30e-03  -1.00e+00   0.00e+00 (  5.79e+01,  9.24e+01)
15     -0.216   1.37e-01   6.17e-02  -3.35e-03  -1.55e+00   0.00e+00 (  1.45e+02,  1.27e+02)
20      0.009   2.97e-01   4.01e-01   1.44e-01   7.13e-02   0.00e+00 (  2.79e+02,  1.51e+02)
25      0.139   2.83e-01   3.55e-01   1.68e-01   1.29e+00   0.00e+00 (  2.33e+02,  1.71e+02)
30      0.135   2.85e-01   3.63e-01   1.71e-01   1.38e+00   0.00e+00 (  2.12e+02,  1.83e+02)
35      0.131   2.89e-01   3.93e-01   1.68e-01   1.46e+00   0.00e+00 (  1.93e+02,  1.87e+02)
40      0.135   3.04e-01   4.60e-01   1.83e-01   1.61e+00   0.00e+00 (  1.71e+02,  1.85e+02)
45      0.155   3.22e-01   5.32e-01   2.18e-01   1.96e+00   0.00e+00 (  1.52e+02,  1.78e+02)
50      0.179   3.65e-01   6.93e-01   2.99e-01   2.38e+00   0.00e+00 (  1.41e+02,  1.68e+02)
55      0.182   3.86e-01   7.76e-01   4.11e-01   2.51e+00   0.00e+00 (  1.24e+02,  1.56e+02)
60      0.205   4.26e-01   9.07e-01   5.71e-01   2.93e+00   0.00e+00 (  1.21e+02,  1.44e+02)
65      0.166   3.90e-01   7.87e-01   5.55e-01   2.45e+00   0.00e+00 (  9.13e+01,  1.31e+02)
70      0.170   4.04e-01   8.28e-01   6.32e-01   2.56e+00   0.00e+00 (  7.96e+01,  1.20e+02)
75      0.166   4.10e-01   8.26e-01   6.73e-01   2.56e+00   0.00e+00 (  7.31e+01,  1.09e+02)
80      0.159   4.10e-01   8.16e-01   6.92e-01   2.56e+00   0.00e+00 (  6.97e+01,  1.00e+02)
85      0.154   3.97e-01   7.59e-01   6.32e-01   3.02e+00   0.00e+00 (  6.44e+01,  9.24e+01)
90      0.167   4.02e-01   6.05e-01   4.13e-01   5.94e+00   0.00e+00 (  5.70e+01,  8.61e+01)
95      0.195   4.00e-01   5.76e-01   3.90e-01   1.22e+01   0.00e+00 (  1.28e+02,  8.06e+01)
 4 e: 1.451e-03 i: 2.435e-03 :: e: 2.043e-01 i: 2.355e-01 :: n: 2.762e+01 e:24.606 i:28.357 v:4.993e+03
>>> tau_he = 5.000000, nhe(0)=2.908033e+00
 5     -0.016   8.66e-03   5.42e-01   5.85e-03  -7.35e-02   0.00e+00 (  3.89e+00,  4.97e+01)
10     -0.169   6.53e-02   1.05e-02   2.98e-03  -1.01e+00   0.00e+00 (  5.70e+01,  9.24e+01)
15     -0.244   2.76e-01   4.01e-01   7.19e-02  -1.74e+00   0.00e+00 (  2.80e+02,  1.27e+02)
20      0.023   2.74e-01   3.58e-01   1.19e-01   1.93e-01   0.00e+00 (  2.42e+02,  1.51e+02)
25      0.117   2.76e-01   3.34e-01   1.50e-01   1.09e+00   0.00e+00 (  2.21e+02,  1.71e+02)
30      0.121   2.76e-01   3.48e-01   1.57e-01   1.24e+00   0.00e+00 (  2.03e+02,  1.83e+02)
35      0.120   2.82e-01   3.79e-01   1.59e-01   1.34e+00   0.00e+00 (  1.88e+02,  1.87e+02)
40      0.127   2.97e-01   4.43e-01   1.77e-01   1.52e+00   0.00e+00 (  1.68e+02,  1.85e+02)
45      0.146   3.13e-01   5.07e-01   2.08e-01   1.84e+00   0.00e+00 (  1.48e+02,  1.78e+02)
50      0.168   3.50e-01   6.53e-01   2.80e-01   2.22e+00   0.00e+00 (  1.35e+02,  1.68e+02)
55      0.170   3.67e-01   7.23e-01   3.83e-01   2.35e+00   0.00e+00 (  1.16e+02,  1.56e+02)
60      0.141   3.40e-01   6.34e-01   4.17e-01   2.02e+00   0.00e+00 (  9.41e+01,  1.44e+02)
65      0.158   3.67e-01   7.26e-01   5.13e-01   2.32e+00   0.00e+00 (  8.37e+01,  1.31e+02)
70      0.164   3.81e-01   7.70e-01   5.89e-01   2.46e+00   0.00e+00 (  7.24e+01,  1.20e+02)
75      0.161   3.84e-01   7.66e-01   6.25e-01   2.48e+00   0.00e+00 (  6.53e+01,  1.09e+02)
80      0.154   3.85e-01   7.55e-01   6.40e-01   2.49e+00   0.00e+00 (  6.15e+01,  1.00e+02)
85      0.152   3.74e-01   7.11e-01   5.91e-01   2.96e+00   0.00e+00 (  5.64e+01,  9.24e+01)
90      0.163   3.91e-01   5.81e-01   3.95e-01   5.79e+00   0.00e+00 (  5.13e+01,  8.61e+01)
95      0.195   4.00e-01   5.75e-01   3.89e-01   1.23e+01   0.00e+00 (  1.27e+02,  8.06e+01)
 5 e: 1.135e-03 i: 2.266e-03 :: e: 2.251e-01 i: 2.383e-01 :: n: 2.762e+01 e:24.098 i:27.788 v:4.993e+03
>>> tau_he = 5.000000, nhe(0)=2.870393e+00
 5     -0.015   8.12e-03   4.93e-01   5.58e-03  -7.17e-02   0.00e+00 (  3.67e+00,  4.97e+01)
10     -0.170   6.34e-02   1.05e-02   4.36e-03  -1.01e+00   0.00e+00 (  5.34e+01,  9.24e+01)
15     -0.134   1.11e-01   5.87e-02  -5.15e-03  -9.62e-01   0.00e+00 (  1.02e+02,  1.27e+02)
20      0.012   1.55e-01   1.27e-01   1.02e-02   1.03e-01   0.00e+00 (  1.27e+02,  1.51e+02)
25      0.111   2.61e-01   3.20e-01   1.35e-01   1.04e+00   0.00e+00 (  1.98e+02,  1.71e+02)
30      0.119   2.67e-01   3.42e-01   1.51e-01   1.22e+00   0.00e+00 (  1.90e+02,  1.83e+02)
35      0.121   2.76e-01   3.79e-01   1.56e-01   1.35e+00   0.00e+00 (  1.79e+02,  1.87e+02)
40      0.130   2.95e-01   4.51e-01   1.81e-01   1.56e+00   0.00e+00 (  1.64e+02,  1.85e+02)
45      0.149   3.13e-01   5.20e-01   2.14e-01   1.89e+00   0.00e+00 (  1.46e+02,  1.78e+02)
50      0.171   3.50e-01   6.70e-01   2.91e-01   2.27e+00   0.00e+00 (  1.33e+02,  1.68e+02)
55      0.173   3.69e-01   7.43e-01   3.95e-01   2.39e+00   0.00e+00 (  1.16e+02,  1.56e+02)
60      0.145   3.40e-01   6.54e-01   4.34e-01   2.07e+00   0.00e+00 (  9.37e+01,  1.44e+02)
65      0.160   3.71e-01   7.47e-01   5.29e-01   2.35e+00   0.00e+00 (  8.42e+01,  1.31e+02)
70      0.164   3.82e-01   7.84e-01   6.01e-01   2.47e+00   0.00e+00 (  7.26e+01,  1.20e+02)
75      0.159   3.83e-01   7.70e-01   6.29e-01   2.45e+00   0.00e+00 (  6.49e+01,  1.09e+02)
80      0.151   3.78e-01   7.50e-01   6.37e-01   2.43e+00   0.00e+00 (  6.01e+01,  1.00e+02)
85      0.146   3.66e-01   6.98e-01   5.80e-01   2.85e+00   0.00e+00 (  5.48e+01,  9.24e+01)
90      0.159   3.84e-01   5.68e-01   3.83e-01   5.64e+00   0.00e+00 (  5.02e+01,  8.61e+01)
95      0.195   4.00e-01   5.75e-01   3.89e-01   1.22e+01   0.00e+00 (  1.27e+02,  8.06e+01)
 6 e: 3.557e-04 i: 8.124e-04 :: e: 1.729e-01 i: 1.855e-01 :: n: 2.762e+01 e:23.389 i:27.149 v:4.993e+03
>>> tau_he = 5.000000, nhe(0)=2.846519e+00
 5     -0.015   7.84e-03   4.79e-01   5.53e-03  -7.08e-02   0.00e+00 (  3.56e+00,  4.97e+01)
10     -0.160   6.04e-02   9.53e-03   4.19e-03  -9.58e-01   0.00e+00 (  4.97e+01,  9.24e+01)
15     -0.122   1.08e-01   6.00e-02  -6.60e-03  -8.70e-01   0.00e+00 (  9.68e+01,  1.27e+02)
20      0.033   1.44e-01   1.19e-01   2.39e-03   2.75e-01   0.00e+00 (  1.16e+02,  1.51e+02)
25      0.100   2.44e-01   3.03e-01   1.19e-01   9.32e-01   0.00e+00 (  1.80e+02,  1.71e+02)
30      0.108   2.58e-01   3.28e-01   1.36e-01   1.11e+00   0.00e+00 (  1.78e+02,  1.83e+02)
35      0.111   2.68e-01   3.66e-01   1.47e-01   1.24e+00   0.00e+00 (  1.70e+02,  1.87e+02)
40      0.123   2.88e-01   4.36e-01   1.76e-01   1.47e+00   0.00e+00 (  1.57e+02,  1.85e+02)
45      0.140   3.04e-01   4.98e-01   2.04e-01   1.78e+00   0.00e+00 (  1.40e+02,  1.78e+02)
50      0.161   3.39e-01   6.37e-01   2.73e-01   2.13e+00   0.00e+00 (  1.27e+02,  1.68e+02)
55      0.165   3.57e-01   7.08e-01   3.75e-01   2.28e+00   0.00e+00 (  1.11e+02,  1.56e+02)
60      0.140   3.30e-01   6.26e-01   4.16e-01   2.00e+00   0.00e+00 (  8.99e+01,  1.44e+02)
65      0.156   3.61e-01   7.17e-01   5.07e-01   2.29e+00   0.00e+00 (  8.08e+01,  1.31e+02)
70      0.162   3.73e-01   7.59e-01   5.82e-01   2.43e+00   0.00e+00 (  7.00e+01,  1.20e+02)
75      0.158   3.74e-01   7.48e-01   6.11e-01   2.43e+00   0.00e+00 (  6.24e+01,  1.09e+02)
80      0.150   3.71e-01   7.29e-01   6.18e-01   2.42e+00   0.00e+00 (  5.77e+01,  1.00e+02)
85      0.146   3.60e-01   6.84e-01   5.68e-01   2.86e+00   0.00e+00 (  5.25e+01,  9.24e+01)
90      0.159   3.82e-01   5.64e-01   3.80e-01   5.63e+00   0.00e+00 (  4.87e+01,  8.61e+01)
95      0.195   4.00e-01   5.75e-01   3.88e-01   1.22e+01   0.00e+00 (  1.26e+02,  8.06e+01)
 7 e: 1.688e-04 i: 5.521e-04 :: e: 1.616e-01 i: 1.705e-01 :: n: 2.762e+01 e:22.960 i:26.757 v:4.993e+03
>>> tau_he = 5.000000, nhe(0)=2.827317e+00
 5     -0.015   7.62e-03   4.66e-01   5.49e-03  -7.02e-02   0.00e+00 (  3.47e+00,  4.97e+01)
10     -0.148   6.17e-02   1.55e-02   1.35e-02  -8.83e-01   0.00e+00 (  5.00e+01,  9.24e+01)
15     -0.117   1.08e-01   6.35e-02  -8.11e-03  -8.35e-01   0.00e+00 (  9.50e+01,  1.27e+02)
20      0.064   2.28e-01   3.01e-01   8.42e-02   5.31e-01   0.00e+00 (  1.81e+02,  1.51e+02)
25      0.097   2.36e-01   2.95e-01   1.12e-01   9.06e-01   0.00e+00 (  1.69e+02,  1.71e+02)
30      0.103   2.50e-01   3.20e-01   1.35e-01   1.06e+00   0.00e+00 (  1.68e+02,  1.83e+02)
35      0.108   2.68e-01   3.62e-01   1.53e-01   1.20e+00   0.00e+00 (  1.66e+02,  1.87e+02)
40      0.123   2.85e-01   4.37e-01   1.79e-01   1.47e+00   0.00e+00 (  1.52e+02,  1.85e+02)
45      0.139   3.01e-01   4.99e-01   2.05e-01   1.76e+00   0.00e+00 (  1.36e+02,  1.78e+02)
50      0.159   3.37e-01   6.39e-01   2.75e-01   2.12e+00   0.00e+00 (  1.25e+02,  1.68e+02)
55      0.165   3.56e-01   7.12e-01   3.78e-01   2.28e+00   0.00e+00 (  1.10e+02,  1.56e+02)
60      0.140   3.31e-01   6.32e-01   4.20e-01   2.01e+00   0.00e+00 (  8.96e+01,  1.44e+02)
65      0.157   3.63e-01   7.27e-01   5.15e-01   2.31e+00   0.00e+00 (  8.12e+01,  1.31e+02)
70      0.162   3.76e-01   7.70e-01   5.91e-01   2.45e+00   0.00e+00 (  7.07e+01,  1.20e+02)
75      0.158   3.76e-01   7.56e-01   6.18e-01   2.43e+00   0.00e+00 (  6.30e+01,  1.09e+02)
80      0.149   3.72e-01   7.32e-01   6.21e-01   2.40e+00   0.00e+00 (  5.79e+01,  1.00e+02)
85      0.145   3.59e-01   6.83e-01   5.68e-01   2.83e+00   0.00e+00 (  5.26e+01,  9.24e+01)
90      0.158   3.81e-01   5.62e-01   3.78e-01   5.60e+00   0.00e+00 (  4.89e+01,  8.61e+01)
95      0.195   4.00e-01   5.75e-01   3.88e-01   1.22e+01   0.00e+00 (  1.26e+02,  8.06e+01)
 8 e: 1.894e-04 i: 5.223e-04 :: e: 1.526e-01 i: 1.568e-01 :: n: 2.762e+01 e:22.686 i:26.451 v:4.993e+03
>>> tau_he = 5.000000, nhe(0)=2.807477e+00
 5     -0.015   7.40e-03   4.53e-01   5.44e-03  -6.98e-02   0.00e+00 (  3.40e+00,  4.97e+01)
10     -0.143   5.99e-02   1.56e-02   1.06e-02  -8.57e-01   0.00e+00 (  4.79e+01,  9.24e+01)
15     -0.117   2.21e-01   3.28e-01   4.09e-02  -8.36e-01   0.00e+00 (  1.91e+02,  1.27e+02)
20      0.038   1.34e-01   1.13e-01   3.55e-03   3.12e-01   0.00e+00 (  1.03e+02,  1.51e+02)
25      0.045   1.58e-01   1.43e-01   2.86e-02   4.17e-01   0.00e+00 (  1.10e+02,  1.71e+02)
30      0.099   2.44e-01   3.10e-01   1.27e-01   1.01e+00   0.00e+00 (  1.60e+02,  1.83e+02)
35      0.104   2.55e-01   3.49e-01   1.40e-01   1.16e+00   0.00e+00 (  1.54e+02,  1.87e+02)
40      0.118   2.79e-01   4.24e-01   1.76e-01   1.41e+00   0.00e+00 (  1.47e+02,  1.85e+02)
45      0.133   2.94e-01   4.81e-01   1.98e-01   1.68e+00   0.00e+00 (  1.31e+02,  1.78e+02)
50      0.153   3.28e-01   6.13e-01   2.57e-01   2.03e+00   0.00e+00 (  1.19e+02,  1.68e+02)
55      0.160   3.48e-01   6.87e-01   3.63e-01   2.21e+00   0.00e+00 (  1.06e+02,  1.56e+02)
60      0.137   3.27e-01   6.13e-01   4.05e-01   1.96e+00   0.00e+00 (  8.77e+01,  1.44e+02)
65      0.155   3.57e-01   7.09e-01   5.02e-01   2.28e+00   0.00e+00 (  7.94e+01,  1.31e+02)
70      0.162   3.73e-01   7.58e-01   5.82e-01   2.44e+00   0.00e+00 (  6.96e+01,  1.20e+02)
75      0.158   3.74e-01   7.48e-01   6.12e-01   2.44e+00   0.00e+00 (  6.22e+01,  1.09e+02)
80      0.150   3.70e-01   7.26e-01   6.16e-01   2.42e+00   0.00e+00 (  5.72e+01,  1.00e+02)
85      0.146   3.58e-01   6.81e-01   5.66e-01   2.85e+00   0.00e+00 (  5.20e+01,  9.24e+01)
90      0.159   3.82e-01   5.64e-01   3.80e-01   5.63e+00   0.00e+00 (  4.87e+01,  8.61e+01)
95      0.195   4.00e-01   5.75e-01   3.88e-01   1.22e+01   0.00e+00 (  1.26e+02,  8.06e+01)
 9 e: 3.063e-04 i: 6.943e-04 :: e: 1.463e-01 i: 1.495e-01 :: n: 2.762e+01 e:22.358 i:26.143 v:4.993e+03
>>> tau_he = 5.000000, nhe(0)=2.797758e+00
 5     -0.015   7.27e-03   4.39e-01   5.35e-03  -6.96e-02   0.00e+00 (  3.33e+00,  4.97e+01)
10     -0.137   5.77e-02   1.53e-02   1.11e-02  -8.17e-01   0.00e+00 (  4.51e+01,  9.24e+01)
15     -0.097   1.07e-01   8.08e-02  -8.72e-03  -6.95e-01   0.00e+00 (  8.84e+01,  1.27e+02)
20      0.040   1.33e-01   1.15e-01   3.61e-03   3.29e-01   0.00e+00 (  1.01e+02,  1.51e+02)
25      0.095   2.27e-01   2.86e-01   1.07e-01   8.88e-01   0.00e+00 (  1.58e+02,  1.71e+02)
30      0.099   2.39e-01   3.09e-01   1.26e-01   1.02e+00   0.00e+00 (  1.55e+02,  1.83e+02)
35      0.104   2.52e-01   3.47e-01   1.38e-01   1.16e+00   0.00e+00 (  1.51e+02,  1.87e+02)
40      0.118   2.77e-01   4.24e-01   1.77e-01   1.41e+00   0.00e+00 (  1.44e+02,  1.85e+02)
45      0.132   2.93e-01   4.81e-01   1.98e-01   1.67e+00   0.00e+00 (  1.29e+02,  1.78e+02)
50      0.152   3.27e-01   6.14e-01   2.58e-01   2.02e+00   0.00e+00 (  1.19e+02,  1.68e+02)
55      0.160   3.49e-01   6.90e-01   3.65e-01   2.21e+00   0.00e+00 (  1.06e+02,  1.56e+02)
60      0.138   3.28e-01   6.18e-01   4.09e-01   1.97e+00   0.00e+00 (  8.80e+01,  1.44e+02)
65      0.156   3.60e-01   7.18e-01   5.08e-01   2.30e+00   0.00e+00 (  8.02e+01,  1.31e+02)
70      0.163   3.77e-01   7.69e-01   5.90e-01   2.46e+00   0.00e+00 (  7.08e+01,  1.20e+02)
75      0.159   3.78e-01   7.58e-01   6.20e-01   2.45e+00   0.00e+00 (  6.33e+01,  1.09e+02)
80      0.150   3.73e-01   7.34e-01   6.22e-01   2.42e+00   0.00e+00 (  5.81e+01,  1.00e+02)
85      0.146   3.61e-01   6.86e-01   5.69e-01   2.85e+00   0.00e+00 (  5.28e+01,  9.24e+01)
90      0.159   3.84e-01   5.66e-01   3.82e-01   5.65e+00   0.00e+00 (  4.94e+01,  8.61e+01)
95      0.195   4.00e-01   5.75e-01   3.89e-01   1.22e+01   0.00e+00 (  1.26e+02,  8.06e+01)
10 e: 2.974e-05 i: 1.985e-04 :: e: 1.146e-01 i: 1.187e-01 :: n: 2.762e+01 e:22.138 i:25.993 v:4.993e+03
>>> tau_he = 5.000000, nhe(0)=2.791077e+00
 5     -0.015   7.21e-03   4.38e-01   5.36e-03  -6.96e-02   0.00e+00 (  3.32e+00,  4.97e+01)
10     -0.133   5.66e-02   1.50e-02   1.10e-02  -7.93e-01   0.00e+00 (  4.38e+01,  9.24e+01)
15     -0.079   1.11e-01   8.74e-02  -5.95e-03  -5.64e-01   0.00e+00 (  9.13e+01,  1.27e+02)
20      0.068   2.13e-01   2.82e-01   7.54e-02   5.65e-01   0.00e+00 (  1.62e+02,  1.51e+02)
25      0.045   1.55e-01   1.43e-01   2.92e-02   4.20e-01   0.00e+00 (  1.07e+02,  1.71e+02)
30      0.051   1.87e-01   1.88e-01   4.28e-02   5.21e-01   0.00e+00 (  1.20e+02,  1.83e+02)
35      0.099   2.49e-01   3.40e-01   1.25e-01   1.11e+00   0.00e+00 (  1.48e+02,  1.87e+02)
40      0.112   2.73e-01   4.12e-01   1.57e-01   1.34e+00   0.00e+00 (  1.41e+02,  1.85e+02)
45      0.128   2.89e-01   4.70e-01   1.94e-01   1.62e+00   0.00e+00 (  1.27e+02,  1.78e+02)
50      0.148   3.23e-01   5.99e-01   2.50e-01   1.97e+00   0.00e+00 (  1.16e+02,  1.68e+02)
55      0.157   3.45e-01   6.75e-01   3.56e-01   2.17e+00   0.00e+00 (  1.04e+02,  1.56e+02)
60      0.136   3.26e-01   6.08e-01   4.02e-01   1.95e+00   0.00e+00 (  8.72e+01,  1.44e+02)
65      0.156   3.59e-01   7.10e-01   5.02e-01   2.29e+00   0.00e+00 (  7.98e+01,  1.31e+02)
70      0.164   3.77e-01   7.66e-01   5.87e-01   2.47e+00   0.00e+00 (  7.08e+01,  1.20e+02)
75      0.160   3.79e-01   7.58e-01   6.19e-01   2.47e+00   0.00e+00 (  6.35e+01,  1.09e+02)
80      0.151   3.74e-01   7.35e-01   6.23e-01   2.45e+00   0.00e+00 (  5.83e+01,  1.00e+02)
85      0.147   3.62e-01   6.88e-01   5.72e-01   2.88e+00   0.00e+00 (  5.31e+01,  9.24e+01)
90      0.160   3.86e-01   5.71e-01   3.86e-01   5.69e+00   0.00e+00 (  4.97e+01,  8.61e+01)
95      0.195   4.00e-01   5.75e-01   3.89e-01   1.22e+01   0.00e+00 (  1.26e+02,  8.06e+01)
11 e: 1.003e-04 i: 3.383e-04 :: e: 1.182e-01 i: 1.131e-01 :: n: 2.762e+01 e:22.049 i:25.892 v:4.993e+03
>>> tau_he = 5.000000, nhe(0)=2.787194e+00
 5     -0.015   7.17e-03   4.36e-01   5.36e-03  -6.95e-02   0.00e+00 (  3.31e+00,  4.97e+01)
10     -0.129   5.59e-02   1.48e-02   1.09e-02  -7.73e-01   0.00e+00 (  4.29e+01,  9.24e+01)
15     -0.102   1.11e-01   8.78e-02  -1.11e-02  -7.31e-01   0.00e+00 (  8.97e+01,  1.27e+02)
20      0.035   1.30e-01   1.11e-01   3.84e-03   2.89e-01   0.00e+00 (  9.62e+01,  1.51e+02)
25      0.046   1.55e-01   1.44e-01   2.94e-02   4.27e-01   0.00e+00 (  1.07e+02,  1.71e+02)
30      0.088   2.35e-01   2.70e-01   1.02e-01   9.02e-01   0.00e+00 (  1.52e+02,  1.83e+02)
35      0.099   2.48e-01   3.38e-01   1.31e-01   1.10e+00   0.00e+00 (  1.46e+02,  1.87e+02)
40      0.112   2.72e-01   4.11e-01   1.57e-01   1.33e+00   0.00e+00 (  1.39e+02,  1.85e+02)
45      0.127   2.89e-01   4.69e-01   1.93e-01   1.61e+00   0.00e+00 (  1.26e+02,  1.78e+02)
50      0.148   3.24e-01   5.99e-01   2.58e-01   1.96e+00   0.00e+00 (  1.16e+02,  1.68e+02)
55      0.157   3.46e-01   6.78e-01   3.57e-01   2.17e+00   0.00e+00 (  1.05e+02,  1.56e+02)
60      0.137   3.28e-01   6.13e-01   4.05e-01   1.96e+00   0.00e+00 (  8.80e+01,  1.44e+02)
65      0.157   3.62e-01   7.18e-01   5.07e-01   2.31e+00   0.00e+00 (  8.10e+01,  1.31e+02)
70      0.166   3.82e-01   7.76e-01   5.95e-01   2.49e+00   0.00e+00 (  7.23e+01,  1.20e+02)
75      0.162   3.84e-01   7.69e-01   6.28e-01   2.49e+00   0.00e+00 (  6.49e+01,  1.09e+02)
80      0.152   3.78e-01   7.44e-01   6.31e-01   2.46e+00   0.00e+00 (  5.95e+01,  1.00e+02)
85      0.148   3.66e-01   6.96e-01   5.78e-01   2.89e+00   0.00e+00 (  5.42e+01,  9.24e+01)
90      0.161   3.88e-01   5.76e-01   3.90e-01   5.73e+00   0.00e+00 (  5.07e+01,  8.61e+01)
95      0.195   4.00e-01   5.75e-01   3.89e-01   1.22e+01   0.00e+00 (  1.27e+02,  8.06e+01)
12 e: 3.192e-05 i: 9.830e-05 :: e: 9.377e-02 i: 8.833e-02 :: n: 2.762e+01 e:21.986 i:25.833 v:4.993e+03
>>> tau_he = 5.000000, nhe(0)=2.791385e+00
 5     -0.015   7.22e-03   4.41e-01   5.38e-03  -6.99e-02   0.00e+00 (  3.33e+00,  4.97e+01)
10     -0.097   5.35e-02   1.19e-02   1.39e-02  -5.82e-01   0.00e+00 (  4.07e+01,  9.24e+01)
15     -0.100   1.11e-01   8.81e-02  -1.13e-02  -7.15e-01   0.00e+00 (  8.96e+01,  1.27e+02)
20      0.042   1.31e-01   1.13e-01   3.98e-03   3.46e-01   0.00e+00 (  9.75e+01,  1.51e+02)
25      0.095   2.26e-01   2.84e-01   1.06e-01   8.82e-01   0.00e+00 (  1.56e+02,  1.71e+02)
30      0.087   2.35e-01   2.69e-01   1.01e-01   8.97e-01   0.00e+00 (  1.51e+02,  1.83e+02)
35      0.091   2.44e-01   3.16e-01   1.36e-01   1.01e+00   0.00e+00 (  1.43e+02,  1.87e+02)
40      0.109   2.71e-01   4.06e-01   1.56e-01   1.31e+00   0.00e+00 (  1.39e+02,  1.85e+02)
45      0.123   2.89e-01   4.60e-01   1.88e-01   1.56e+00   0.00e+00 (  1.26e+02,  1.78e+02)
50      0.145   3.22e-01   5.90e-01   2.53e-01   1.93e+00   0.00e+00 (  1.16e+02,  1.68e+02)
55      0.155   3.45e-01   6.70e-01   3.52e-01   2.15e+00   0.00e+00 (  1.04e+02,  1.56e+02)
60      0.136   3.29e-01   6.09e-01   4.05e-01   1.95e+00   0.00e+00 (  8.83e+01,  1.44e+02)
65      0.157   3.63e-01   7.16e-01   5.05e-01   2.31e+00   0.00e+00 (  8.14e+01,  1.31e+02)
70      0.167   3.84e-01   7.78e-01   5.96e-01   2.51e+00   0.00e+00 (  7.30e+01,  1.20e+02)
75      0.163   3.87e-01   7.73e-01   6.31e-01   2.52e+00   0.00e+00 (  6.57e+01,  1.09e+02)
80      0.154   3.82e-01   7.49e-01   6.35e-01   2.49e+00   0.00e+00 (  6.03e+01,  1.00e+02)
85      0.150   3.69e-01   7.02e-01   5.83e-01   2.93e+00   0.00e+00 (  5.49e+01,  9.24e+01)
90      0.163   3.91e-01   5.82e-01   3.95e-01   5.79e+00   0.00e+00 (  5.14e+01,  8.61e+01)
95      0.195   4.00e-01   5.75e-01   3.89e-01   1.23e+01   0.00e+00 (  1.27e+02,  8.06e+01)
13 e: 4.630e-05 i: 1.296e-04 :: e: 8.192e-02 i: 7.894e-02 :: n: 2.762e+01 e:21.982 i:25.895 v:4.993e+03
>>> tau_he = 5.000000, nhe(0)=2.794625e+00
 5     -0.015   7.25e-03   4.44e-01   5.40e-03  -7.04e-02   0.00e+00 (  3.36e+00,  4.97e+01)
10     -0.097   5.36e-02   1.19e-02   1.39e-02  -5.78e-01   0.00e+00 (  4.07e+01,  9.24e+01)
15     -0.088   1.13e-01   8.94e-02  -1.24e-02  -6.33e-01   0.00e+00 (  9.05e+01,  1.27e+02)
20      0.042   1.32e-01   1.16e-01   3.88e-03   3.47e-01   0.00e+00 (  9.86e+01,  1.51e+02)
25      0.046   1.56e-01   1.44e-01   2.94e-02   4.27e-01   0.00e+00 (  1.07e+02,  1.71e+02)
30      0.053   1.88e-01   1.90e-01   4.34e-02   5.40e-01   0.00e+00 (  1.20e+02,  1.83e+02)
35      0.091   2.45e-01   3.16e-01   1.36e-01   1.02e+00   0.00e+00 (  1.43e+02,  1.87e+02)
40      0.109   2.72e-01   4.06e-01   1.57e-01   1.30e+00   0.00e+00 (  1.39e+02,  1.85e+02)
45      0.123   2.91e-01   4.61e-01   1.88e-01   1.56e+00   0.00e+00 (  1.27e+02,  1.78e+02)
50      0.145   3.22e-01   5.91e-01   2.53e-01   1.93e+00   0.00e+00 (  1.16e+02,  1.68e+02)
55      0.156   3.47e-01   6.73e-01   3.54e-01   2.16e+00   0.00e+00 (  1.05e+02,  1.56e+02)
60      0.137   3.31e-01   6.13e-01   4.05e-01   1.96e+00   0.00e+00 (  8.95e+01,  1.44e+02)
65      0.159   3.67e-01   7.24e-01   5.11e-01   2.34e+00   0.00e+00 (  8.30e+01,  1.31e+02)
70      0.169   3.89e-01   7.89e-01   6.04e-01   2.54e+00   0.00e+00 (  7.47e+01,  1.20e+02)
75      0.165   3.93e-01   7.84e-01   6.40e-01   2.55e+00   0.00e+00 (  6.74e+01,  1.09e+02)
80      0.156   3.87e-01   7.59e-01   6.44e-01   2.51e+00   0.00e+00 (  6.17e+01,  1.00e+02)
85      0.151   3.74e-01   7.10e-01   5.90e-01   2.95e+00   0.00e+00 (  5.63e+01,  9.24e+01)
90      0.165   3.94e-01   5.88e-01   4.00e-01   5.85e+00   0.00e+00 (  5.26e+01,  8.61e+01)
95      0.195   4.00e-01   5.75e-01   3.89e-01   1.23e+01   0.00e+00 (  1.27e+02,  8.06e+01)
14 e: 3.323e-05 i: 9.022e-05 :: e: 7.331e-02 i: 6.827e-02 :: n: 2.762e+01 e:22.020 i:25.944 v:4.993e+03
>>> tau_he = 5.000000, nhe(0)=2.805086e+00
 5     -0.015   7.37e-03   4.52e-01   5.42e-03  -7.13e-02   0.00e+00 (  3.42e+00,  4.97e+01)
10     -0.095   5.27e-02   1.10e-02   1.21e-02  -5.68e-01   0.00e+00 (  3.98e+01,  9.24e+01)
15     -0.097   1.01e-01   6.61e-02  -1.20e-02  -6.96e-01   0.00e+00 (  8.07e+01,  1.27e+02)
20      0.042   1.33e-01   1.17e-01   3.61e-03   3.51e-01   0.00e+00 (  1.00e+02,  1.51e+02)
25      0.095   2.28e-01   2.86e-01   1.06e-01   8.87e-01   0.00e+00 (  1.58e+02,  1.71e+02)
30      0.089   2.37e-01   2.71e-01   1.01e-01   9.16e-01   0.00e+00 (  1.52e+02,  1.83e+02)
35      0.091   2.45e-01   3.15e-01   1.35e-01   1.02e+00   0.00e+00 (  1.43e+02,  1.87e+02)
40      0.108   2.72e-01   4.02e-01   1.56e-01   1.29e+00   0.00e+00 (  1.39e+02,  1.85e+02)
45      0.122   2.90e-01   4.56e-01   1.87e-01   1.54e+00   0.00e+00 (  1.27e+02,  1.78e+02)
50      0.144   3.22e-01   5.86e-01   2.50e-01   1.91e+00   0.00e+00 (  1.16e+02,  1.68e+02)
55      0.155   3.48e-01   6.69e-01   3.51e-01   2.15e+00   0.00e+00 (  1.06e+02,  1.56e+02)
60      0.138   3.33e-01   6.13e-01   4.07e-01   1.97e+00   0.00e+00 (  9.05e+01,  1.44e+02)
65      0.160   3.70e-01   7.26e-01   5.12e-01   2.35e+00   0.00e+00 (  8.41e+01,  1.31e+02)
70      0.170   3.93e-01   7.94e-01   6.07e-01   2.56e+00   0.00e+00 (  7.60e+01,  1.20e+02)
75      0.167   3.97e-01   7.92e-01   6.46e-01   2.57e+00   0.00e+00 (  6.86e+01,  1.09e+02)
80      0.157   3.91e-01   7.67e-01   6.50e-01   2.54e+00   0.00e+00 (  6.29e+01,  1.00e+02)
85      0.153   3.78e-01   7.18e-01   5.97e-01   2.99e+00   0.00e+00 (  5.74e+01,  9.24e+01)
90      0.167   3.98e-01   5.95e-01   4.06e-01   5.91e+00   0.00e+00 (  5.36e+01,  8.61e+01)
95      0.195   4.00e-01   5.75e-01   3.90e-01   1.23e+01   0.00e+00 (  1.27e+02,  8.06e+01)
15 e: 5.759e-05 i: 1.627e-04 :: e: 5.916e-02 i: 6.089e-02 :: n: 2.762e+01 e:22.068 i:26.103 v:4.993e+03
>>> tau_he = 5.000000, nhe(0)=2.811092e+00
 5     -0.015   7.93e-03   4.56e-01   5.95e-03  -7.11e-02   0.00e+00 (  3.70e+00,  4.97e+01)
10     -0.095   5.31e-02   1.11e-02   1.22e-02  -5.69e-01   0.00e+00 (  4.01e+01,  9.24e+01)
15     -0.088   1.03e-01   6.91e-02  -1.20e-02  -6.32e-01   0.00e+00 (  8.28e+01,  1.27e+02)
20      0.074   2.19e-01   2.91e-01   7.87e-02   6.08e-01   0.00e+00 (  1.65e+02,  1.51e+02)
25      0.046   1.57e-01   1.44e-01   2.91e-02   4.32e-01   0.00e+00 (  1.09e+02,  1.71e+02)
30      0.089   2.38e-01   2.71e-01   1.00e-01   9.15e-01   0.00e+00 (  1.53e+02,  1.83e+02)
35      0.097   2.51e-01   3.35e-01   1.39e-01   1.08e+00   0.00e+00 (  1.47e+02,  1.87e+02)
40      0.106   2.73e-01   4.02e-01   1.60e-01   1.27e+00   0.00e+00 (  1.40e+02,  1.85e+02)
45      0.122   2.93e-01   4.57e-01   1.87e-01   1.54e+00   0.00e+00 (  1.29e+02,  1.78e+02)
50      0.144   3.25e-01   5.88e-01   2.51e-01   1.92e+00   0.00e+00 (  1.18e+02,  1.68e+02)
55      0.156   3.51e-01   6.74e-01   3.53e-01   2.16e+00   0.00e+00 (  1.08e+02,  1.56e+02)
60      0.139   3.37e-01   6.19e-01   4.10e-01   1.98e+00   0.00e+00 (  9.23e+01,  1.44e+02)
65      0.161   3.75e-01   7.35e-01   5.18e-01   2.37e+00   0.00e+00 (  8.60e+01,  1.31e+02)
70      0.172   3.99e-01   8.06e-01   6.16e-01   2.59e+00   0.00e+00 (  7.79e+01,  1.20e+02)
75      0.169   4.03e-01   8.04e-01   6.56e-01   2.61e+00   0.00e+00 (  7.05e+01,  1.09e+02)
80      0.159   3.97e-01   7.78e-01   6.59e-01   2.57e+00   0.00e+00 (  6.45e+01,  1.00e+02)
85      0.155   3.84e-01   7.28e-01   6.05e-01   3.02e+00   0.00e+00 (  5.89e+01,  9.24e+01)
90      0.168   4.02e-01   6.03e-01   4.12e-01   5.98e+00   0.00e+00 (  5.49e+01,  8.61e+01)
95      0.195   4.00e-01   5.75e-01   3.90e-01   1.23e+01   0.00e+00 (  1.28e+02,  8.06e+01)
16 e: 6.579e-05 i: 2.700e-04 :: e: 5.589e-02 i: 5.691e-02 :: n: 2.762e+01 e:22.171 i:26.195 v:4.993e+03
>>> tau_he = 5.000000, nhe(0)=2.816399e+00
 5     -0.015   8.00e-03   4.60e-01   5.97e-03  -7.17e-02   0.00e+00 (  3.74e+00,  4.97e+01)
10     -0.095   5.32e-02   1.13e-02   1.22e-02  -5.67e-01   0.00e+00 (  4.01e+01,  9.24e+01)
15     -0.087   1.04e-01   6.93e-02  -1.22e-02  -6.22e-01   0.00e+00 (  8.33e+01,  1.27e+02)
20      0.044   1.33e-01   1.16e-01   3.70e-03   3.66e-01   0.00e+00 (  9.88e+01,  1.51e+02)
25      0.047   1.59e-01   1.45e-01   2.89e-02   4.40e-01   0.00e+00 (  1.10e+02,  1.71e+02)
30      0.054   1.91e-01   1.91e-01   4.18e-02   5.56e-01   0.00e+00 (  1.22e+02,  1.83e+02)
35      0.097   2.51e-01   3.34e-01   1.37e-01   1.08e+00   0.00e+00 (  1.47e+02,  1.87e+02)
40      0.105   2.74e-01   3.99e-01   1.60e-01   1.26e+00   0.00e+00 (  1.41e+02,  1.85e+02)
45      0.139   3.09e-01   5.09e-01   2.07e-01   1.76e+00   0.00e+00 (  1.36e+02,  1.78e+02)
50      0.144   3.26e-01   5.86e-01   2.49e-01   1.91e+00   0.00e+00 (  1.19e+02,  1.68e+02)
55      0.157   3.54e-01   6.73e-01   3.52e-01   2.17e+00   0.00e+00 (  1.10e+02,  1.56e+02)
60      0.139   3.39e-01   6.20e-01   4.10e-01   1.99e+00   0.00e+00 (  9.37e+01,  1.44e+02)
65      0.163   3.78e-01   7.40e-01   5.21e-01   2.40e+00   0.00e+00 (  8.76e+01,  1.31e+02)
70      0.174   4.03e-01   8.13e-01   6.21e-01   2.62e+00   0.00e+00 (  7.95e+01,  1.20e+02)
75      0.171   4.08e-01   8.13e-01   6.63e-01   2.64e+00   0.00e+00 (  7.21e+01,  1.09e+02)
80      0.161   4.02e-01   7.88e-01   6.67e-01   2.61e+00   0.00e+00 (  6.60e+01,  1.00e+02)
85      0.157   3.89e-01   7.38e-01   6.13e-01   3.06e+00   0.00e+00 (  6.03e+01,  9.24e+01)
90      0.171   4.06e-01   6.11e-01   4.18e-01   6.05e+00   0.00e+00 (  5.61e+01,  8.61e+01)
95      0.195   4.00e-01   5.75e-01   3.90e-01   1.23e+01   0.00e+00 (  1.28e+02,  8.06e+01)
17 e: 6.833e-05 i: 9.246e-05 :: e: 4.241e-02 i: 4.873e-02 :: n: 2.762e+01 e:22.190 i:26.277 v:4.993e+03
>>> tau_he = 5.000000, nhe(0)=2.826655e+00
 5     -0.015   8.12e-03   4.69e-01   6.01e-03  -7.23e-02   0.00e+00 (  3.79e+00,  4.97e+01)
10     -0.093   5.31e-02   1.17e-02   1.22e-02  -5.58e-01   0.00e+00 (  3.99e+01,  9.24e+01)
15     -0.086   1.06e-01   7.05e-02  -1.27e-02  -6.19e-01   0.00e+00 (  8.47e+01,  1.27e+02)
20      0.045   1.36e-01   1.18e-01   3.36e-03   3.71e-01   0.00e+00 (  1.01e+02,  1.51e+02)
25      0.098   2.34e-01   2.93e-01   1.08e-01   9.16e-01   0.00e+00 (  1.64e+02,  1.71e+02)
30      0.092   2.45e-01   2.77e-01   1.02e-01   9.46e-01   0.00e+00 (  1.59e+02,  1.83e+02)
35      0.097   2.53e-01   3.36e-01   1.38e-01   1.09e+00   0.00e+00 (  1.49e+02,  1.87e+02)
40      0.105   2.76e-01   4.01e-01   1.60e-01   1.26e+00   0.00e+00 (  1.42e+02,  1.85e+02)
45      0.138   3.11e-01   5.08e-01   2.06e-01   1.75e+00   0.00e+00 (  1.37e+02,  1.78e+02)
50      0.145   3.29e-01   5.88e-01   2.49e-01   1.92e+00   0.00e+00 (  1.21e+02,  1.68e+02)
55      0.158   3.58e-01   6.79e-01   3.55e-01   2.19e+00   0.00e+00 (  1.12e+02,  1.56e+02)
60      0.141   3.44e-01   6.27e-01   4.14e-01   2.01e+00   0.00e+00 (  9.58e+01,  1.44e+02)
65      0.165   3.84e-01   7.50e-01   5.27e-01   2.42e+00   0.00e+00 (  8.98e+01,  1.31e+02)
70      0.176   4.10e-01   8.26e-01   6.30e-01   2.65e+00   0.00e+00 (  8.17e+01,  1.20e+02)
75      0.173   4.15e-01   8.26e-01   6.73e-01   2.67e+00   0.00e+00 (  7.41e+01,  1.09e+02)
80      0.163   4.08e-01   8.00e-01   6.77e-01   2.63e+00   0.00e+00 (  6.78e+01,  1.00e+02)
85      0.159   3.94e-01   7.49e-01   6.22e-01   3.10e+00   0.00e+00 (  6.20e+01,  9.24e+01)
90      0.172   4.10e-01   6.19e-01   4.25e-01   6.12e+00   0.00e+00 (  5.76e+01,  8.61e+01)
95      0.195   3.99e-01   5.75e-01   3.90e-01   1.23e+01   0.00e+00 (  1.28e+02,  8.06e+01)
18 e: 4.756e-05 i: 1.816e-04 :: e: 3.382e-02 i: 3.956e-02 :: n: 2.762e+01 e:22.309 i:26.437 v:4.993e+03
>>> tau_he = 5.000000, nhe(0)=2.835364e+00
 5     -0.016   8.22e-03   4.76e-01   5.85e-03  -7.36e-02   0.00e+00 (  3.85e+00,  4.97e+01)
10     -0.093   5.34e-02   1.20e-02   1.23e-02  -5.57e-01   0.00e+00 (  4.01e+01,  9.24e+01)
15     -0.087   1.08e-01   7.21e-02  -1.33e-02  -6.25e-01   0.00e+00 (  8.63e+01,  1.27e+02)
20      0.045   1.37e-01   1.20e-01   3.15e-03   3.72e-01   0.00e+00 (  1.03e+02,  1.51e+02)
25      0.048   1.61e-01   1.46e-01   2.87e-02   4.48e-01   0.00e+00 (  1.12e+02,  1.71e+02)
30      0.092   2.46e-01   2.75e-01   9.92e-02   9.40e-01   0.00e+00 (  1.58e+02,  1.83e+02)
35      0.097   2.55e-01   3.34e-01   1.37e-01   1.08e+00   0.00e+00 (  1.50e+02,  1.87e+02)
40      0.105   2.77e-01   3.98e-01   1.59e-01   1.25e+00   0.00e+00 (  1.43e+02,  1.85e+02)
45      0.136   3.11e-01   5.02e-01   2.04e-01   1.73e+00   0.00e+00 (  1.38e+02,  1.78e+02)
50      0.144   3.31e-01   5.85e-01   2.47e-01   1.92e+00   0.00e+00 (  1.23e+02,  1.68e+02)
55      0.159   3.60e-01   6.79e-01   3.54e-01   2.20e+00   0.00e+00 (  1.13e+02,  1.56e+02)
60      0.142   3.47e-01   6.28e-01   4.15e-01   2.02e+00   0.00e+00 (  9.73e+01,  1.44e+02)
65      0.166   3.88e-01   7.55e-01   5.30e-01   2.45e+00   0.00e+00 (  9.15e+01,  1.31e+02)
70      0.178   4.15e-01   8.33e-01   6.35e-01   2.68e+00   0.00e+00 (  8.34e+01,  1.20e+02)
75      0.176   4.20e-01   8.36e-01   6.81e-01   2.71e+00   0.00e+00 (  7.58e+01,  1.09e+02)
80      0.165   4.14e-01   8.10e-01   6.85e-01   2.67e+00   0.00e+00 (  6.94e+01,  1.00e+02)
85      0.161   4.00e-01   7.59e-01   6.30e-01   3.14e+00   0.00e+00 (  6.35e+01,  9.24e+01)
90      0.175   4.14e-01   6.27e-01   4.31e-01   6.20e+00   0.00e+00 (  5.89e+01,  8.61e+01)
95      0.195   3.99e-01   5.75e-01   3.91e-01   1.23e+01   0.00e+00 (  1.28e+02,  8.06e+01)
19 e: 6.516e-05 i: 8.754e-05 :: e: 2.411e-02 i: 2.906e-02 :: n: 2.762e+01 e:22.375 i:26.575 v:4.993e+03
>>> tau_he = 5.000000, nhe(0)=2.845066e+00
 5     -0.015   8.37e-03   4.82e-01   6.01e-03  -7.14e-02   0.00e+00 (  3.93e+00,  4.97e+01)
10     -0.090   5.33e-02   1.20e-02   1.23e-02  -5.36e-01   0.00e+00 (  4.00e+01,  9.24e+01)
15     -0.084   2.31e-01   3.46e-01   3.77e-02  -5.99e-01   0.00e+00 (  1.85e+02,  1.27e+02)
20      0.077   2.28e-01   3.03e-01   8.09e-02   6.41e-01   0.00e+00 (  1.71e+02,  1.51e+02)
25      0.049   1.63e-01   1.49e-01   2.89e-02   4.58e-01   0.00e+00 (  1.14e+02,  1.71e+02)
30      0.056   1.96e-01   1.94e-01   4.08e-02   5.74e-01   0.00e+00 (  1.26e+02,  1.83e+02)
35      0.098   2.57e-01   3.36e-01   1.37e-01   1.09e+00   0.00e+00 (  1.51e+02,  1.87e+02)
40      0.105   2.79e-01   4.00e-01   1.59e-01   1.26e+00   0.00e+00 (  1.45e+02,  1.85e+02)
45      0.136   3.13e-01   5.03e-01   2.04e-01   1.72e+00   0.00e+00 (  1.39e+02,  1.78e+02)
50      0.145   3.34e-01   5.89e-01   2.49e-01   1.93e+00   0.00e+00 (  1.25e+02,  1.68e+02)
55      0.160   3.65e-01   6.86e-01   3.57e-01   2.22e+00   0.00e+00 (  1.16e+02,  1.56e+02)
60      0.143   3.51e-01   6.35e-01   4.16e-01   2.04e+00   0.00e+00 (  9.94e+01,  1.44e+02)
65      0.168   3.93e-01   7.65e-01   5.37e-01   2.47e+00   0.00e+00 (  9.38e+01,  1.31e+02)
70      0.180   4.21e-01   8.46e-01   6.44e-01   2.71e+00   0.00e+00 (  8.57e+01,  1.20e+02)
75      0.178   4.27e-01   8.49e-01   6.91e-01   2.74e+00   0.00e+00 (  7.79e+01,  1.09e+02)
80      0.167   4.20e-01   8.22e-01   6.95e-01   2.70e+00   0.00e+00 (  7.13e+01,  1.00e+02)
85      0.163   4.06e-01   7.70e-01   6.40e-01   3.18e+00   0.00e+00 (  6.53e+01,  9.24e+01)
90      0.177   4.18e-01   6.35e-01   4.38e-01   6.27e+00   0.00e+00 (  6.04e+01,  8.61e+01)
95      0.195   3.99e-01   5.76e-01   3.91e-01   1.23e+01   0.00e+00 (  1.29e+02,  8.06e+01)
20 e: 2.804e-04 i: 1.181e-03 :: e: 4.146e-02 i: 4.902e-02 :: n: 2.762e+01 e:22.479 i:26.729 v:4.993e+03
>>> tau_he = 5.000000, nhe(0)=2.855740e+00
 5     -0.016   8.46e-03   4.77e-01   6.04e-03  -7.58e-02   0.00e+00 (  3.98e+00,  4.97e+01)
10     -0.093   5.59e-02   1.23e-02   1.28e-02  -5.56e-01   0.00e+00 (  4.17e+01,  9.24e+01)
15     -0.087   1.21e-01   9.14e-02  -9.91e-03  -6.20e-01   0.00e+00 (  9.34e+01,  1.27e+02)
20      0.049   1.38e-01   1.18e-01   3.12e-03   4.02e-01   0.00e+00 (  1.02e+02,  1.51e+02)
25      0.103   2.42e-01   3.01e-01   1.11e-01   9.59e-01   0.00e+00 (  1.70e+02,  1.71e+02)
30      0.107   2.53e-01   3.21e-01   1.28e-01   1.10e+00   0.00e+00 (  1.65e+02,  1.83e+02)
35      0.099   2.59e-01   3.36e-01   1.37e-01   1.11e+00   0.00e+00 (  1.53e+02,  1.87e+02)
40      0.106   2.80e-01   3.98e-01   1.58e-01   1.26e+00   0.00e+00 (  1.46e+02,  1.85e+02)
45      0.136   3.14e-01   4.98e-01   2.02e-01   1.72e+00   0.00e+00 (  1.40e+02,  1.78e+02)
50      0.146   3.36e-01   5.87e-01   2.47e-01   1.94e+00   0.00e+00 (  1.26e+02,  1.68e+02)
55      0.162   3.68e-01   6.86e-01   3.57e-01   2.23e+00   0.00e+00 (  1.18e+02,  1.56e+02)
60      0.144   3.54e-01   6.37e-01   4.16e-01   2.06e+00   0.00e+00 (  1.01e+02,  1.44e+02)
65      0.170   3.97e-01   7.70e-01   5.40e-01   2.50e+00   0.00e+00 (  9.54e+01,  1.31e+02)
70      0.183   4.26e-01   8.53e-01   6.49e-01   2.75e+00   0.00e+00 (  8.73e+01,  1.20e+02)
75      0.180   4.32e-01   8.58e-01   6.98e-01   2.78e+00   0.00e+00 (  7.95e+01,  1.09e+02)
80      0.170   4.26e-01   8.32e-01   7.03e-01   2.74e+00   0.00e+00 (  7.29e+01,  1.00e+02)
85      0.164   4.13e-01   7.79e-01   6.50e-01   3.21e+00   0.00e+00 (  6.71e+01,  9.24e+01)
90      0.179   4.22e-01   6.43e-01   4.44e-01   6.35e+00   0.00e+00 (  6.17e+01,  8.61e+01)
95      0.195   3.99e-01   5.76e-01   3.91e-01   1.23e+01   0.00e+00 (  1.29e+02,  8.06e+01)
21 e: 1.101e-04 i: 2.151e-04 :: e: 2.332e-02 i: 2.875e-02 :: n: 2.762e+01 e:22.449 i:26.902 v:4.993e+03
>>> tau_he = 5.000000, nhe(0)=2.859190e+00
 5     -0.016   8.53e-03   4.81e-01   6.09e-03  -7.62e-02   0.00e+00 (  4.03e+00,  4.97e+01)
10     -0.090   5.56e-02   1.20e-02   1.28e-02  -5.38e-01   0.00e+00 (  4.14e+01,  9.24e+01)
15     -0.087   1.09e-01   6.91e-02  -1.09e-02  -6.22e-01   0.00e+00 (  8.44e+01,  1.27e+02)
20      0.049   1.41e-01   1.22e-01   2.79e-03   4.06e-01   0.00e+00 (  1.04e+02,  1.51e+02)
25      0.052   1.64e-01   1.52e-01   2.85e-02   4.80e-01   0.00e+00 (  1.15e+02,  1.71e+02)
30      0.095   2.54e-01   2.82e-01   9.99e-02   9.79e-01   0.00e+00 (  1.66e+02,  1.83e+02)
35      0.100   2.63e-01   3.40e-01   1.38e-01   1.11e+00   0.00e+00 (  1.57e+02,  1.87e+02)
40      0.107   2.85e-01   4.04e-01   1.59e-01   1.28e+00   0.00e+00 (  1.50e+02,  1.85e+02)
45      0.137   3.19e-01   5.04e-01   2.05e-01   1.74e+00   0.00e+00 (  1.44e+02,  1.78e+02)
50      0.148   3.42e-01   5.96e-01   2.51e-01   1.97e+00   0.00e+00 (  1.30e+02,  1.68e+02)
55      0.164   3.74e-01   6.97e-01   3.63e-01   2.26e+00   0.00e+00 (  1.21e+02,  1.56e+02)
60      0.146   3.60e-01   6.47e-01   4.22e-01   2.08e+00   0.00e+00 (  1.04e+02,  1.44e+02)
65      0.172   4.04e-01   7.84e-01   5.49e-01   2.53e+00   0.00e+00 (  9.85e+01,  1.31e+02)
70      0.185   4.33e-01   8.68e-01   6.60e-01   2.78e+00   0.00e+00 (  9.02e+01,  1.20e+02)
75      0.182   4.40e-01   8.73e-01   7.10e-01   2.81e+00   0.00e+00 (  8.21e+01,  1.09e+02)
80      0.171   4.32e-01   8.46e-01   7.14e-01   2.76e+00   0.00e+00 (  7.51e+01,  1.00e+02)
85      0.166   4.19e-01   7.91e-01   6.60e-01   3.24e+00   0.00e+00 (  6.91e+01,  9.24e+01)
90      0.181   4.26e-01   6.52e-01   4.51e-01   6.42e+00   0.00e+00 (  6.34e+01,  8.61e+01)
95      0.195   3.99e-01   5.76e-01   3.91e-01   1.23e+01   0.00e+00 (  1.29e+02,  8.06e+01)
22 e: 3.484e-05 i: 1.271e-04 :: e: 2.588e-02 i: 2.850e-02 :: n: 2.762e+01 e:22.613 i:26.959 v:4.993e+03
>>> tau_he = 5.000000, nhe(0)=2.872250e+00
 5     -0.016   8.68e-03   4.94e-01   5.91e-03  -7.75e-02   0.00e+00 (  4.09e+00,  4.97e+01)
10     -0.088   5.50e-02   1.27e-02   1.28e-02  -5.26e-01   0.00e+00 (  4.09e+01,  9.24e+01)
15     -0.077   1.11e-01   7.03e-02  -1.04e-02  -5.51e-01   0.00e+00 (  8.57e+01,  1.27e+02)
20      0.050   1.42e-01   1.23e-01   2.50e-03   4.11e-01   0.00e+00 (  1.06e+02,  1.51e+02)
25      0.053   1.65e-01   1.52e-01   2.73e-02   4.89e-01   0.00e+00 (  1.16e+02,  1.71e+02)
30      0.058   2.01e-01   1.96e-01   3.80e-02   5.92e-01   0.00e+00 (  1.30e+02,  1.83e+02)
35      0.100   2.63e-01   3.37e-01   1.36e-01   1.11e+00   0.00e+00 (  1.56e+02,  1.87e+02)
40      0.106   2.85e-01   3.99e-01   1.57e-01   1.27e+00   0.00e+00 (  1.50e+02,  1.85e+02)
45      0.136   3.18e-01   4.97e-01   2.02e-01   1.72e+00   0.00e+00 (  1.44e+02,  1.78e+02)
50      0.148   3.43e-01   5.91e-01   2.48e-01   1.96e+00   0.00e+00 (  1.31e+02,  1.68e+02)
55      0.164   3.76e-01   6.94e-01   3.60e-01   2.27e+00   0.00e+00 (  1.22e+02,  1.56e+02)
60      0.147   3.62e-01   6.47e-01   4.21e-01   2.10e+00   0.00e+00 (  1.05e+02,  1.44e+02)
65      0.174   4.07e-01   7.86e-01   5.50e-01   2.55e+00   0.00e+00 (  9.98e+01,  1.31e+02)
70      0.187   4.37e-01   8.73e-01   6.64e-01   2.81e+00   0.00e+00 (  9.16e+01,  1.20e+02)
75      0.185   4.45e-01   8.81e-01   7.16e-01   2.84e+00   0.00e+00 (  8.35e+01,  1.09e+02)
80      0.173   4.38e-01   8.55e-01   7.22e-01   2.80e+00   0.00e+00 (  7.67e+01,  1.00e+02)
85      0.169   4.24e-01   8.00e-01   6.68e-01   3.29e+00   0.00e+00 (  7.05e+01,  9.24e+01)
90      0.183   4.31e-01   6.60e-01   4.57e-01   6.51e+00   0.00e+00 (  6.47e+01,  8.61e+01)
95      0.195   3.99e-01   5.76e-01   3.92e-01   1.23e+01   0.00e+00 (  1.30e+02,  8.06e+01)
23 e: 8.247e-05 i: 8.168e-05 :: e: 2.573e-02 i: 2.915e-02 :: n: 2.762e+01 e:22.630 i:27.173 v:4.993e+03
>>> tau_he = 5.000000, nhe(0)=2.880880e+00
 5     -0.016   8.84e-03   5.01e-01   6.11e-03  -7.53e-02   0.00e+00 (  4.19e+00,  4.97e+01)
10     -0.088   5.50e-02   1.31e-02   1.29e-02  -5.26e-01   0.00e+00 (  4.09e+01,  9.24e+01)
15     -0.079   1.13e-01   7.25e-02  -1.12e-02  -5.64e-01   0.00e+00 (  8.82e+01,  1.27e+02)
20      0.050   1.45e-01   1.27e-01   2.15e-03   4.11e-01   0.00e+00 (  1.09e+02,  1.51e+02)
25      0.107   2.50e-01   3.10e-01   1.16e-01   9.95e-01   0.00e+00 (  1.78e+02,  1.71e+02)
30      0.098   2.59e-01   2.87e-01   1.01e-01   1.01e+00   0.00e+00 (  1.69e+02,  1.83e+02)
35      0.101   2.66e-01   3.41e-01   1.38e-01   1.12e+00   0.00e+00 (  1.59e+02,  1.87e+02)
40      0.107   2.88e-01   4.03e-01   1.58e-01   1.28e+00   0.00e+00 (  1.52e+02,  1.85e+02)
45      0.137   3.22e-01   5.03e-01   2.04e-01   1.73e+00   0.00e+00 (  1.46e+02,  1.78e+02)
50      0.149   3.48e-01   5.99e-01   2.52e-01   1.98e+00   0.00e+00 (  1.34e+02,  1.68e+02)
55      0.166   3.81e-01   7.05e-01   3.66e-01   2.29e+00   0.00e+00 (  1.25e+02,  1.56e+02)
60      0.148   3.67e-01   6.56e-01   4.27e-01   2.11e+00   0.00e+00 (  1.08e+02,  1.44e+02)
65      0.175   4.13e-01   7.99e-01   5.58e-01   2.57e+00   0.00e+00 (  1.02e+02,  1.31e+02)
70      0.188   4.44e-01   8.87e-01   6.74e-01   2.83e+00   0.00e+00 (  9.40e+01,  1.20e+02)
75      0.186   4.51e-01   8.94e-01   7.27e-01   2.87e+00   0.00e+00 (  8.58e+01,  1.09e+02)
80      0.175   4.44e-01   8.67e-01   7.32e-01   2.82e+00   0.00e+00 (  7.86e+01,  1.00e+02)
85      0.170   4.30e-01   8.12e-01   6.77e-01   3.31e+00   0.00e+00 (  7.24e+01,  9.24e+01)
90      0.185   4.34e-01   6.67e-01   4.63e-01   6.57e+00   0.00e+00 (  6.64e+01,  8.61e+01)
95      0.195   3.99e-01   5.76e-01   3.92e-01   1.23e+01   0.00e+00 (  1.30e+02,  8.06e+01)
24 e: 3.893e-05 i: 2.328e-04 :: e: 3.478e-02 i: 3.750e-02 :: n: 2.762e+01 e:22.813 i:27.318 v:4.993e+03
>>> tau_he = 5.000000, nhe(0)=2.889005e+00
 5     -0.016   8.95e-03   5.08e-01   6.12e-03  -7.62e-02   0.00e+00 (  4.25e+00,  4.97e+01)
10     -0.088   5.51e-02   1.35e-02   1.30e-02  -5.25e-01   0.00e+00 (  4.10e+01,  9.24e+01)
15     -0.080   1.15e-01   7.40e-02  -1.20e-02  -5.70e-01   0.00e+00 (  8.97e+01,  1.27e+02)
20      0.083   2.41e-01   3.20e-01   8.40e-02   6.86e-01   0.00e+00 (  1.81e+02,  1.51e+02)
25      0.053   1.67e-01   1.52e-01   2.80e-02   4.96e-01   0.00e+00 (  1.18e+02,  1.71e+02)
30      0.059   2.04e-01   1.98e-01   3.70e-02   6.03e-01   0.00e+00 (  1.33e+02,  1.83e+02)
35      0.100   2.66e-01   3.38e-01   1.37e-01   1.12e+00   0.00e+00 (  1.59e+02,  1.87e+02)
40      0.107   2.88e-01   4.00e-01   1.57e-01   1.28e+00   0.00e+00 (  1.53e+02,  1.85e+02)
45      0.136   3.21e-01   4.96e-01   2.02e-01   1.72e+00   0.00e+00 (  1.46e+02,  1.78e+02)
50      0.149   3.48e-01   5.93e-01   2.49e-01   1.98e+00   0.00e+00 (  1.34e+02,  1.68e+02)
55      0.166   3.82e-01   7.00e-01   3.63e-01   2.29e+00   0.00e+00 (  1.26e+02,  1.56e+02)
60      0.148   3.68e-01   6.54e-01   4.25e-01   2.12e+00   0.00e+00 (  1.09e+02,  1.44e+02)
65      0.176   4.14e-01   7.98e-01   5.57e-01   2.59e+00   0.00e+00 (  1.03e+02,  1.31e+02)
70      0.190   4.46e-01   8.88e-01   6.74e-01   2.85e+00   0.00e+00 (  9.49e+01,  1.20e+02)
75      0.188   4.54e-01   8.98e-01   7.30e-01   2.89e+00   0.00e+00 (  8.67e+01,  1.09e+02)
80      0.177   4.48e-01   8.73e-01   7.37e-01   2.85e+00   0.00e+00 (  7.97e+01,  1.00e+02)
85      0.172   4.34e-01   8.19e-01   6.83e-01   3.36e+00   0.00e+00 (  7.35e+01,  9.24e+01)
90      0.187   4.38e-01   6.74e-01   4.68e-01   6.64e+00   0.00e+00 (  6.74e+01,  8.61e+01)
95      0.195   3.99e-01   5.76e-01   3.92e-01   1.23e+01   0.00e+00 (  1.30e+02,  8.06e+01)
25 e: 1.236e-04 i: 4.467e-04 :: e: 3.961e-02 i: 4.239e-02 :: n: 2.762e+01 e:22.826 i:27.456 v:4.993e+03
>>> tau_he = 5.000000, nhe(0)=2.889394e+00
 5     -0.016   8.98e-03   5.09e-01   6.16e-03  -7.65e-02   0.00e+00 (  4.28e+00,  4.97e+01)
10     -0.088   5.53e-02   1.35e-02   1.30e-02  -5.28e-01   0.00e+00 (  4.12e+01,  9.24e+01)
15     -0.079   1.16e-01   7.49e-02  -1.23e-02  -5.63e-01   0.00e+00 (  9.01e+01,  1.27e+02)
20      0.052   1.44e-01   1.23e-01   2.58e-03   4.29e-01   0.00e+00 (  1.06e+02,  1.51e+02)
25      0.054   1.69e-01   1.55e-01   2.81e-02   5.06e-01   0.00e+00 (  1.19e+02,  1.71e+02)
30      0.100   2.62e-01   2.90e-01   1.01e-01   1.03e+00   0.00e+00 (  1.72e+02,  1.83e+02)
35      0.102   2.69e-01   3.42e-01   1.38e-01   1.14e+00   0.00e+00 (  1.61e+02,  1.87e+02)
40      0.108   2.91e-01   4.04e-01   1.57e-01   1.29e+00   0.00e+00 (  1.55e+02,  1.85e+02)
45      0.137   3.24e-01   5.02e-01   2.04e-01   1.74e+00   0.00e+00 (  1.49e+02,  1.78e+02)
50      0.151   3.53e-01   6.02e-01   2.53e-01   2.00e+00   0.00e+00 (  1.37e+02,  1.68e+02)
55      0.168   3.86e-01   7.10e-01   3.68e-01   2.32e+00   0.00e+00 (  1.29e+02,  1.56e+02)
60      0.150   3.72e-01   6.63e-01   4.31e-01   2.14e+00   0.00e+00 (  1.11e+02,  1.44e+02)
65      0.177   4.20e-01   8.09e-01   5.65e-01   2.61e+00   0.00e+00 (  1.05e+02,  1.31e+02)
70      0.191   4.51e-01   9.01e-01   6.83e-01   2.88e+00   0.00e+00 (  9.70e+01,  1.20e+02)
75      0.189   4.60e-01   9.10e-01   7.39e-01   2.91e+00   0.00e+00 (  8.87e+01,  1.09e+02)
80      0.178   4.53e-01   8.84e-01   7.46e-01   2.87e+00   0.00e+00 (  8.14e+01,  1.00e+02)
85      0.173   4.39e-01   8.28e-01   6.91e-01   3.37e+00   0.00e+00 (  7.52e+01,  9.24e+01)
90      0.188   4.41e-01   6.80e-01   4.73e-01   6.69e+00   0.00e+00 (  6.89e+01,  8.61e+01)
95      0.195   3.99e-01   5.76e-01   3.93e-01   1.23e+01   0.00e+00 (  1.31e+02,  8.06e+01)
26 e: 1.771e-05 i: 9.536e-05 :: e: 3.510e-02 i: 3.707e-02 :: n: 2.762e+01 e:22.904 i:27.463 v:4.993e+03
>>> tau_he = 5.000000, nhe(0)=2.897998e+00
 5     -0.016   9.09e-03   5.18e-01   6.17e-03  -7.69e-02   0.00e+00 (  4.32e+00,  4.97e+01)
10     -0.086   5.47e-02   1.41e-02   1.30e-02  -5.16e-01   0.00e+00 (  4.06e+01,  9.24e+01)
15     -0.078   1.17e-01   7.52e-02  -1.25e-02  -5.58e-01   0.00e+00 (  9.08e+01,  1.27e+02)
20      0.052   1.45e-01   1.25e-01   2.26e-03   4.33e-01   0.00e+00 (  1.07e+02,  1.51e+02)
25      0.108   2.51e-01   3.12e-01   1.14e-01   1.01e+00   0.00e+00 (  1.78e+02,  1.71e+02)
30      0.100   2.62e-01   2.87e-01   9.81e-02   1.02e+00   0.00e+00 (  1.71e+02,  1.83e+02)
35      0.101   2.69e-01   3.40e-01   1.37e-01   1.13e+00   0.00e+00 (  1.60e+02,  1.87e+02)
40      0.107   2.90e-01   4.01e-01   1.56e-01   1.28e+00   0.00e+00 (  1.55e+02,  1.85e+02)
45      0.136   3.24e-01   4.97e-01   2.02e-01   1.72e+00   0.00e+00 (  1.48e+02,  1.78e+02)
50      0.150   3.52e-01   5.97e-01   2.50e-01   1.99e+00   0.00e+00 (  1.37e+02,  1.68e+02)
55      0.168   3.86e-01   7.05e-01   3.65e-01   2.32e+00   0.00e+00 (  1.29e+02,  1.56e+02)
60      0.150   3.72e-01   6.60e-01   4.28e-01   2.14e+00   0.00e+00 (  1.11e+02,  1.44e+02)
65      0.178   4.20e-01   8.07e-01   5.63e-01   2.61e+00   0.00e+00 (  1.06e+02,  1.31e+02)
70      0.192   4.53e-01   9.00e-01   6.83e-01   2.89e+00   0.00e+00 (  9.74e+01,  1.20e+02)
75      0.190   4.62e-01   9.12e-01   7.40e-01   2.93e+00   0.00e+00 (  8.92e+01,  1.09e+02)
80      0.179   4.56e-01   8.87e-01   7.49e-01   2.89e+00   0.00e+00 (  8.22e+01,  1.00e+02)
85      0.175   4.42e-01   8.33e-01   6.95e-01   3.41e+00   0.00e+00 (  7.59e+01,  9.24e+01)
90      0.190   4.44e-01   6.86e-01   4.77e-01   6.75e+00   0.00e+00 (  6.97e+01,  8.61e+01)
95      0.195   3.99e-01   5.76e-01   3.93e-01   1.23e+01   0.00e+00 (  1.31e+02,  8.06e+01)
27 e: 5.636e-05 i: 2.008e-04 :: e: 3.803e-02 i: 3.780e-02 :: n: 2.762e+01 e:22.910 i:27.610 v:4.993e+03
>>> tau_he = 5.000000, nhe(0)=2.899121e+00
 5     -0.016   9.12e-03   5.20e-01   6.21e-03  -7.74e-02   0.00e+00 (  4.35e+00,  4.97e+01)
10     -0.087   5.50e-02   1.41e-02   1.31e-02  -5.22e-01   0.00e+00 (  4.10e+01,  9.24e+01)
15     -0.079   1.19e-01   7.77e-02  -1.57e-02  -5.62e-01   0.00e+00 (  9.30e+01,  1.27e+02)
20      0.052   1.47e-01   1.28e-01   2.06e-03   4.32e-01   0.00e+00 (  1.09e+02,  1.51e+02)
25      0.055   1.69e-01   1.54e-01   2.80e-02   5.09e-01   0.00e+00 (  1.19e+02,  1.71e+02)
30      0.060   2.06e-01   2.00e-01   3.66e-02   6.21e-01   0.00e+00 (  1.34e+02,  1.83e+02)
35      0.102   2.70e-01   3.42e-01   1.38e-01   1.14e+00   0.00e+00 (  1.62e+02,  1.87e+02)
40      0.109   2.93e-01   4.05e-01   1.57e-01   1.30e+00   0.00e+00 (  1.56e+02,  1.85e+02)
45      0.138   3.27e-01   5.02e-01   2.04e-01   1.74e+00   0.00e+00 (  1.50e+02,  1.78e+02)
50      0.152   3.56e-01   6.04e-01   2.53e-01   2.02e+00   0.00e+00 (  1.39e+02,  1.68e+02)
55      0.169   3.90e-01   7.14e-01   3.70e-01   2.34e+00   0.00e+00 (  1.31e+02,  1.56e+02)
60      0.151   3.76e-01   6.68e-01   4.33e-01   2.16e+00   0.00e+00 (  1.13e+02,  1.44e+02)
65      0.179   4.24e-01   8.16e-01   5.69e-01   2.63e+00   0.00e+00 (  1.07e+02,  1.31e+02)
70      0.193   4.57e-01   9.10e-01   6.90e-01   2.90e+00   0.00e+00 (  9.90e+01,  1.20e+02)
75      0.191   4.66e-01   9.21e-01   7.47e-01   2.94e+00   0.00e+00 (  9.07e+01,  1.09e+02)
80      0.180   4.59e-01   8.96e-01   7.55e-01   2.90e+00   0.00e+00 (  8.34e+01,  1.00e+02)
85      0.175   4.45e-01   8.40e-01   7.01e-01   3.42e+00   0.00e+00 (  7.72e+01,  9.24e+01)
90      0.191   4.46e-01   6.90e-01   4.81e-01   6.78e+00   0.00e+00 (  7.08e+01,  8.61e+01)
95      0.195   3.99e-01   5.76e-01   3.93e-01   1.23e+01   0.00e+00 (  1.31e+02,  8.06e+01)
28 e: 1.008e-05 i: 6.820e-05 :: e: 3.532e-02 i: 3.819e-02 :: n: 2.762e+01 e:22.984 i:27.630 v:4.993e+03
>>> tau_he = 5.000000, nhe(0)=2.907421e+00
 5     -0.017   9.24e-03   5.29e-01   6.22e-03  -7.79e-02   0.00e+00 (  4.40e+00,  4.97e+01)
10     -0.086   5.44e-02   1.48e-02   1.31e-02  -5.12e-01   0.00e+00 (  4.05e+01,  9.24e+01)
15     -0.079   1.19e-01   7.75e-02  -1.35e-02  -5.63e-01   0.00e+00 (  9.30e+01,  1.27e+02)
20      0.053   1.48e-01   1.29e-01   1.87e-03   4.35e-01   0.00e+00 (  1.10e+02,  1.51e+02)
25      0.055   1.70e-01   1.55e-01   2.79e-02   5.16e-01   0.00e+00 (  1.20e+02,  1.71e+02)
30      0.101   2.63e-01   2.88e-01   9.81e-02   1.04e+00   0.00e+00 (  1.72e+02,  1.83e+02)
35      0.102   2.70e-01   3.40e-01   1.37e-01   1.14e+00   0.00e+00 (  1.61e+02,  1.87e+02)
40      0.108   2.92e-01   4.01e-01   1.56e-01   1.29e+00   0.00e+00 (  1.55e+02,  1.85e+02)
45      0.136   3.25e-01   4.97e-01   2.03e-01   1.73e+00   0.00e+00 (  1.49e+02,  1.78e+02)
50      0.151   3.55e-01   5.99e-01   2.51e-01   2.01e+00   0.00e+00 (  1.38e+02,  1.68e+02)
55      0.169   3.89e-01   7.09e-01   3.67e-01   2.33e+00   0.00e+00 (  1.30e+02,  1.56e+02)
60      0.151   3.75e-01   6.64e-01   4.31e-01   2.15e+00   0.00e+00 (  1.13e+02,  1.44e+02)
65      0.179   4.24e-01   8.13e-01   5.67e-01   2.63e+00   0.00e+00 (  1.07e+02,  1.31e+02)
70      0.193   4.57e-01   9.08e-01   6.88e-01   2.91e+00   0.00e+00 (  9.90e+01,  1.20e+02)
75      0.192   4.66e-01   9.21e-01   7.47e-01   2.95e+00   0.00e+00 (  9.08e+01,  1.09e+02)
80      0.180   4.61e-01   8.97e-01   7.56e-01   2.91e+00   0.00e+00 (  8.38e+01,  1.00e+02)
85      0.176   4.47e-01   8.43e-01   7.03e-01   3.44e+00   0.00e+00 (  7.76e+01,  9.24e+01)
90      0.192   4.48e-01   6.94e-01   4.83e-01   6.82e+00   0.00e+00 (  7.14e+01,  8.61e+01)
95      0.195   3.99e-01   5.76e-01   3.93e-01   1.23e+01   0.00e+00 (  1.31e+02,  8.06e+01)
29 e: 2.923e-05 i: 6.080e-05 :: e: 3.238e-02 i: 3.218e-02 :: n: 2.762e+01 e:22.981 i:27.773 v:4.993e+03
>>> tau_he = 5.000000, nhe(0)=2.911490e+00
 5     -0.017   9.31e-03   5.34e-01   6.26e-03  -7.85e-02   0.00e+00 (  4.45e+00,  4.97e+01)
10     -0.086   5.45e-02   1.50e-02   1.31e-02  -5.13e-01   0.00e+00 (  4.06e+01,  9.24e+01)
15     -0.079   1.21e-01   7.92e-02  -1.62e-02  -5.66e-01   0.00e+00 (  9.50e+01,  1.27e+02)
20      0.087   2.49e-01   3.31e-01   8.74e-02   7.17e-01   0.00e+00 (  1.87e+02,  1.51e+02)
25      0.110   2.54e-01   3.17e-01   1.17e-01   1.03e+00   0.00e+00 (  1.81e+02,  1.71e+02)
30      0.101   2.63e-01   2.89e-01   9.77e-02   1.04e+00   0.00e+00 (  1.72e+02,  1.83e+02)
35      0.102   2.71e-01   3.42e-01   1.37e-01   1.14e+00   0.00e+00 (  1.62e+02,  1.87e+02)
40      0.109   2.93e-01   4.05e-01   1.57e-01   1.30e+00   0.00e+00 (  1.57e+02,  1.85e+02)
45      0.138   3.27e-01   5.02e-01   2.04e-01   1.74e+00   0.00e+00 (  1.51e+02,  1.78e+02)
50      0.152   3.57e-01   6.05e-01   2.54e-01   2.02e+00   0.00e+00 (  1.40e+02,  1.68e+02)
55      0.170   3.92e-01   7.16e-01   3.71e-01   2.35e+00   0.00e+00 (  1.32e+02,  1.56e+02)
60      0.151   3.78e-01   6.70e-01   4.34e-01   2.17e+00   0.00e+00 (  1.14e+02,  1.44e+02)
65      0.179   4.26e-01   8.20e-01   5.71e-01   2.64e+00   0.00e+00 (  1.08e+02,  1.31e+02)
70      0.194   4.60e-01   9.14e-01   6.93e-01   2.91e+00   0.00e+00 (  1.00e+02,  1.20e+02)
75      0.192   4.69e-01   9.27e-01   7.51e-01   2.96e+00   0.00e+00 (  9.17e+01,  1.09e+02)
80      0.181   4.62e-01   9.02e-01   7.60e-01   2.92e+00   0.00e+00 (  8.45e+01,  1.00e+02)
85      0.177   4.49e-01   8.47e-01   7.07e-01   3.45e+00   0.00e+00 (  7.84e+01,  9.24e+01)
90      0.193   4.50e-01   6.97e-01   4.85e-01   6.84e+00   0.00e+00 (  7.21e+01,  8.61e+01)
95      0.195   3.99e-01   5.76e-01   3.93e-01   1.23e+01   0.00e+00 (  1.31e+02,  8.06e+01)
30 e: 8.520e-05 i: 4.492e-04 :: e: 4.762e-02 i: 4.817e-02 :: n: 2.762e+01 e:23.073 i:27.844 v:4.993e+03
>>> tau_he = 5.000000, nhe(0)=2.907106e+00
 5     -0.017   9.26e-03   5.29e-01   6.25e-03  -7.86e-02   0.00e+00 (  4.44e+00,  4.97e+01)
10     -0.087   5.51e-02   1.46e-02   1.31e-02  -5.21e-01   0.00e+00 (  4.12e+01,  9.24e+01)
15     -0.070   2.54e-01   3.76e-01   4.19e-02  -4.98e-01   0.00e+00 (  1.98e+02,  1.27e+02)
20      0.054   1.45e-01   1.25e-01   2.45e-03   4.45e-01   0.00e+00 (  1.07e+02,  1.51e+02)
25      0.055   1.70e-01   1.53e-01   2.76e-02   5.14e-01   0.00e+00 (  1.19e+02,  1.71e+02)
30      0.061   2.06e-01   2.00e-01   3.47e-02   6.28e-01   0.00e+00 (  1.34e+02,  1.83e+02)
35      0.102   2.71e-01   3.41e-01   1.37e-01   1.14e+00   0.00e+00 (  1.62e+02,  1.87e+02)
40      0.109   2.93e-01   4.03e-01   1.56e-01   1.30e+00   0.00e+00 (  1.57e+02,  1.85e+02)
45      0.137   3.27e-01   4.98e-01   2.03e-01   1.74e+00   0.00e+00 (  1.51e+02,  1.78e+02)
50      0.152   3.57e-01   6.01e-01   2.52e-01   2.02e+00   0.00e+00 (  1.40e+02,  1.68e+02)
55      0.170   3.92e-01   7.12e-01   3.68e-01   2.35e+00   0.00e+00 (  1.32e+02,  1.56e+02)
60      0.152   3.77e-01   6.67e-01   4.32e-01   2.17e+00   0.00e+00 (  1.14e+02,  1.44e+02)
65      0.180   4.26e-01   8.16e-01   5.69e-01   2.64e+00   0.00e+00 (  1.08e+02,  1.31e+02)
70      0.194   4.59e-01   9.12e-01   6.91e-01   2.92e+00   0.00e+00 (  9.99e+01,  1.20e+02)
75      0.193   4.69e-01   9.25e-01   7.50e-01   2.97e+00   0.00e+00 (  9.16e+01,  1.09e+02)
80      0.181   4.64e-01   9.02e-01   7.60e-01   2.93e+00   0.00e+00 (  8.46e+01,  1.00e+02)
85      0.177   4.50e-01   8.49e-01   7.08e-01   3.46e+00   0.00e+00 (  7.85e+01,  9.24e+01)
90      0.193   4.51e-01   6.99e-01   4.87e-01   6.87e+00   0.00e+00 (  7.24e+01,  8.61e+01)
95      0.195   3.99e-01   5.76e-01   3.93e-01   1.23e+01   0.00e+00 (  1.31e+02,  8.06e+01)
31 e: 2.039e-04 i: 8.266e-04 :: e: 4.818e-02 i: 5.158e-02 :: n: 2.762e+01 e:22.995 i:27.769 v:4.993e+03
>>> tau_he = 5.000000, nhe(0)=2.917367e+00
 5     -0.017   9.34e-03   5.20e-01   6.14e-03  -7.98e-02   0.00e+00 (  4.46e+00,  4.97e+01)
10     -0.086   5.66e-02   1.44e-02   1.35e-02  -5.16e-01   0.00e+00 (  4.18e+01,  9.24e+01)
15     -0.065   1.17e-01   7.27e-02  -1.10e-02  -4.62e-01   0.00e+00 (  8.77e+01,  1.27e+02)
20      0.050   1.42e-01   1.28e-01   1.86e-03   4.16e-01   0.00e+00 (  1.04e+02,  1.51e+02)
25      0.058   1.72e-01   1.57e-01   2.58e-02   5.40e-01   0.00e+00 (  1.21e+02,  1.71e+02)
30      0.105   2.66e-01   2.93e-01   9.86e-02   1.08e+00   0.00e+00 (  1.74e+02,  1.83e+02)
35      0.105   2.73e-01   3.43e-01   1.38e-01   1.17e+00   0.00e+00 (  1.63e+02,  1.87e+02)
40      0.111   2.95e-01   4.05e-01   1.56e-01   1.32e+00   0.00e+00 (  1.58e+02,  1.85e+02)
45      0.139   3.29e-01   5.02e-01   2.05e-01   1.76e+00   0.00e+00 (  1.52e+02,  1.78e+02)
50      0.154   3.59e-01   6.07e-01   2.55e-01   2.05e+00   0.00e+00 (  1.41e+02,  1.68e+02)
55      0.172   3.94e-01   7.19e-01   3.72e-01   2.37e+00   0.00e+00 (  1.33e+02,  1.56e+02)
60      0.153   3.80e-01   6.74e-01   4.36e-01   2.19e+00   0.00e+00 (  1.15e+02,  1.44e+02)
65      0.181   4.29e-01   8.23e-01   5.74e-01   2.66e+00   0.00e+00 (  1.09e+02,  1.31e+02)
70      0.195   4.62e-01   9.18e-01   6.96e-01   2.93e+00   0.00e+00 (  1.01e+02,  1.20e+02)
75      0.193   4.71e-01   9.31e-01   7.55e-01   2.97e+00   0.00e+00 (  9.24e+01,  1.09e+02)
80      0.182   4.65e-01   9.07e-01   7.64e-01   2.94e+00   0.00e+00 (  8.52e+01,  1.00e+02)
85      0.178   4.51e-01   8.52e-01   7.11e-01   3.47e+00   0.00e+00 (  7.91e+01,  9.24e+01)
90      0.194   4.52e-01   7.01e-01   4.89e-01   6.88e+00   0.00e+00 (  7.30e+01,  8.61e+01)
95      0.195   3.99e-01   5.76e-01   3.93e-01   1.23e+01   0.00e+00 (  1.31e+02,  8.06e+01)
32 e: 4.211e-05 i: 7.088e-05 :: e: 3.406e-02 i: 3.429e-02 :: n: 2.762e+01 e:22.930 i:27.947 v:4.993e+03
>>> tau_he = 5.000000, nhe(0)=2.920466e+00
 5     -0.017   9.42e-03   5.28e-01   6.22e-03  -8.04e-02   0.00e+00 (  4.53e+00,  4.97e+01)
10     -0.087   5.63e-02   1.48e-02   1.35e-02  -5.17e-01   0.00e+00 (  4.17e+01,  9.24e+01)
15     -0.067   1.19e-01   7.46e-02  -1.19e-02  -4.83e-01   0.00e+00 (  8.99e+01,  1.27e+02)
20      0.055   1.50e-01   1.30e-01   1.69e-03   4.56e-01   0.00e+00 (  1.11e+02,  1.51e+02)
25      0.113   2.58e-01   3.21e-01   1.19e-01   1.05e+00   0.00e+00 (  1.84e+02,  1.71e+02)
30      0.104   2.67e-01   2.93e-01   9.85e-02   1.07e+00   0.00e+00 (  1.75e+02,  1.83e+02)
35      0.104   2.74e-01   3.45e-01   1.38e-01   1.16e+00   0.00e+00 (  1.65e+02,  1.87e+02)
40      0.111   2.96e-01   4.07e-01   1.56e-01   1.32e+00   0.00e+00 (  1.60e+02,  1.85e+02)
45      0.139   3.30e-01   5.04e-01   2.05e-01   1.76e+00   0.00e+00 (  1.53e+02,  1.78e+02)
50      0.154   3.60e-01   6.08e-01   2.55e-01   2.05e+00   0.00e+00 (  1.42e+02,  1.68e+02)
55      0.171   3.95e-01   7.20e-01   3.72e-01   2.37e+00   0.00e+00 (  1.34e+02,  1.56e+02)
60      0.153   3.81e-01   6.74e-01   4.36e-01   2.18e+00   0.00e+00 (  1.16e+02,  1.44e+02)
65      0.181   4.29e-01   8.23e-01   5.73e-01   2.65e+00   0.00e+00 (  1.10e+02,  1.31e+02)
70      0.195   4.63e-01   9.18e-01   6.95e-01   2.93e+00   0.00e+00 (  1.01e+02,  1.20e+02)
75      0.193   4.72e-01   9.31e-01   7.55e-01   2.98e+00   0.00e+00 (  9.27e+01,  1.09e+02)
80      0.182   4.66e-01   9.07e-01   7.65e-01   2.94e+00   0.00e+00 (  8.55e+01,  1.00e+02)
85      0.178   4.52e-01   8.54e-01   7.12e-01   3.48e+00   0.00e+00 (  7.94e+01,  9.24e+01)
90      0.194   4.53e-01   7.03e-01   4.90e-01   6.90e+00   0.00e+00 (  7.33e+01,  8.61e+01)
95      0.195   3.99e-01   5.76e-01   3.93e-01   1.23e+01   0.00e+00 (  1.31e+02,  8.06e+01)
33 e: 4.643e-05 i: 2.457e-04 :: e: 3.657e-02 i: 3.699e-02 :: n: 2.762e+01 e:23.069 i:28.003 v:4.993e+03
>>> tau_he = 5.000000, nhe(0)=2.922876e+00
 5     -0.017   9.46e-03   5.31e-01   6.22e-03  -8.06e-02   0.00e+00 (  4.54e+00,  4.97e+01)
10     -0.086   5.62e-02   1.49e-02   1.35e-02  -5.15e-01   0.00e+00 (  4.17e+01,  9.24e+01)
15     -0.068   1.20e-01   7.62e-02  -1.29e-02  -4.90e-01   0.00e+00 (  9.11e+01,  1.27e+02)
20      0.055   1.50e-01   1.31e-01   1.61e-03   4.56e-01   0.00e+00 (  1.11e+02,  1.51e+02)
25      0.057   1.72e-01   1.56e-01   2.77e-02   5.33e-01   0.00e+00 (  1.21e+02,  1.71e+02)
30      0.063   2.09e-01   2.01e-01   3.37e-02   6.47e-01   0.00e+00 (  1.36e+02,  1.83e+02)
35      0.104   2.74e-01   3.44e-01   1.37e-01   1.16e+00   0.00e+00 (  1.64e+02,  1.87e+02)
40      0.111   2.96e-01   4.06e-01   1.56e-01   1.33e+00   0.00e+00 (  1.59e+02,  1.85e+02)
45      0.140   3.30e-01   5.03e-01   2.05e-01   1.77e+00   0.00e+00 (  1.53e+02,  1.78e+02)
50      0.155   3.61e-01   6.09e-01   2.55e-01   2.06e+00   0.00e+00 (  1.42e+02,  1.68e+02)
55      0.172   3.96e-01   7.21e-01   3.73e-01   2.38e+00   0.00e+00 (  1.34e+02,  1.56e+02)
60      0.153   3.82e-01   6.75e-01   4.37e-01   2.19e+00   0.00e+00 (  1.16e+02,  1.44e+02)
65      0.181   4.30e-01   8.26e-01   5.75e-01   2.67e+00   0.00e+00 (  1.10e+02,  1.31e+02)
70      0.195   4.64e-01   9.21e-01   6.98e-01   2.94e+00   0.00e+00 (  1.02e+02,  1.20e+02)
75      0.194   4.73e-01   9.34e-01   7.57e-01   2.99e+00   0.00e+00 (  9.31e+01,  1.09e+02)
80      0.182   4.68e-01   9.10e-01   7.67e-01   2.95e+00   0.00e+00 (  8.59e+01,  1.00e+02)
85      0.179   4.54e-01   8.56e-01   7.14e-01   3.49e+00   0.00e+00 (  7.97e+01,  9.24e+01)
90      0.195   4.54e-01   7.05e-01   4.92e-01   6.92e+00   0.00e+00 (  7.37e+01,  8.61e+01)
95      0.195   3.99e-01   5.76e-01   3.93e-01   1.23e+01   0.00e+00 (  1.31e+02,  8.06e+01)
34 e: 1.245e-05 i: 4.959e-05 :: e: 3.068e-02 i: 3.290e-02 :: n: 2.762e+01 e:23.040 i:28.046 v:4.993e+03
>>> tau_he = 5.000000, nhe(0)=2.925600e+00
 5     -0.017   9.51e-03   5.37e-01   6.25e-03  -8.08e-02   0.00e+00 (  4.57e+00,  4.97e+01)
10     -0.086   5.57e-02   1.53e-02   1.35e-02  -5.12e-01   0.00e+00 (  4.14e+01,  9.24e+01)
15     -0.069   1.21e-01   7.72e-02  -1.33e-02  -4.98e-01   0.00e+00 (  9.23e+01,  1.27e+02)
20      0.053   1.52e-01   1.37e-01  -1.07e-02   4.41e-01   0.00e+00 (  1.13e+02,  1.51e+02)
25      0.112   2.57e-01   3.19e-01   1.16e-01   1.04e+00   0.00e+00 (  1.82e+02,  1.71e+02)
30      0.105   2.67e-01   2.94e-01   9.85e-02   1.08e+00   0.00e+00 (  1.75e+02,  1.83e+02)
35      0.105   2.74e-01   3.45e-01   1.38e-01   1.17e+00   0.00e+00 (  1.64e+02,  1.87e+02)
40      0.111   2.97e-01   4.07e-01   1.57e-01   1.32e+00   0.00e+00 (  1.59e+02,  1.85e+02)
45      0.140   3.31e-01   5.05e-01   2.06e-01   1.77e+00   0.00e+00 (  1.53e+02,  1.78e+02)
50      0.155   3.61e-01   6.11e-01   2.56e-01   2.06e+00   0.00e+00 (  1.43e+02,  1.68e+02)
55      0.172   3.97e-01   7.23e-01   3.74e-01   2.38e+00   0.00e+00 (  1.35e+02,  1.56e+02)
60      0.153   3.82e-01   6.77e-01   4.37e-01   2.19e+00   0.00e+00 (  1.16e+02,  1.44e+02)
65      0.181   4.31e-01   8.27e-01   5.76e-01   2.66e+00   0.00e+00 (  1.11e+02,  1.31e+02)
70      0.195   4.64e-01   9.22e-01   6.98e-01   2.94e+00   0.00e+00 (  1.02e+02,  1.20e+02)
75      0.194   4.74e-01   9.35e-01   7.58e-01   2.98e+00   0.00e+00 (  9.34e+01,  1.09e+02)
80      0.183   4.67e-01   9.11e-01   7.68e-01   2.95e+00   0.00e+00 (  8.60e+01,  1.00e+02)
85      0.179   4.54e-01   8.58e-01   7.15e-01   3.49e+00   0.00e+00 (  8.00e+01,  9.24e+01)
90      0.195   4.55e-01   7.06e-01   4.93e-01   6.93e+00   0.00e+00 (  7.40e+01,  8.61e+01)
95      0.195   3.99e-01   5.76e-01   3.94e-01   1.23e+01   0.00e+00 (  1.32e+02,  8.06e+01)
35 e: 3.268e-05 i: 1.896e-04 :: e: 3.239e-02 i: 3.349e-02 :: n: 2.762e+01 e:23.093 i:28.094 v:4.993e+03
>>> tau_he = 5.000000, nhe(0)=2.925021e+00
 5     -0.017   9.51e-03   5.37e-01   6.26e-03  -8.10e-02   0.00e+00 (  4.58e+00,  4.97e+01)
10     -0.086   5.58e-02   1.53e-02   1.35e-02  -5.13e-01   0.00e+00 (  4.15e+01,  9.24e+01)
15     -0.071   1.22e-01   7.86e-02  -1.41e-02  -5.06e-01   0.00e+00 (  9.32e+01,  1.27e+02)
20      0.090   2.52e-01   3.35e-01   8.78e-02   7.41e-01   0.00e+00 (  1.88e+02,  1.51e+02)
25      0.057   1.71e-01   1.55e-01   2.76e-02   5.29e-01   0.00e+00 (  1.20e+02,  1.71e+02)
30      0.063   2.09e-01   2.02e-01   3.38e-02   6.47e-01   0.00e+00 (  1.36e+02,  1.83e+02)
35      0.104   2.74e-01   3.43e-01   1.37e-01   1.16e+00   0.00e+00 (  1.64e+02,  1.87e+02)
40      0.111   2.96e-01   4.06e-01   1.56e-01   1.32e+00   0.00e+00 (  1.59e+02,  1.85e+02)
45      0.139   3.30e-01   5.03e-01   2.05e-01   1.76e+00   0.00e+00 (  1.53e+02,  1.78e+02)
50      0.155   3.61e-01   6.08e-01   2.55e-01   2.05e+00   0.00e+00 (  1.42e+02,  1.68e+02)
55      0.172   3.96e-01   7.21e-01   3.73e-01   2.38e+00   0.00e+00 (  1.34e+02,  1.56e+02)
60      0.153   3.82e-01   6.75e-01   4.36e-01   2.19e+00   0.00e+00 (  1.16e+02,  1.44e+02)
65      0.181   4.30e-01   8.25e-01   5.74e-01   2.66e+00   0.00e+00 (  1.10e+02,  1.31e+02)
70      0.195   4.64e-01   9.21e-01   6.97e-01   2.94e+00   0.00e+00 (  1.02e+02,  1.20e+02)
75      0.194   4.74e-01   9.34e-01   7.57e-01   2.99e+00   0.00e+00 (  9.32e+01,  1.09e+02)
80      0.183   4.68e-01   9.11e-01   7.68e-01   2.95e+00   0.00e+00 (  8.60e+01,  1.00e+02)
85      0.179   4.55e-01   8.58e-01   7.15e-01   3.49e+00   0.00e+00 (  8.00e+01,  9.24e+01)
90      0.195   4.55e-01   7.07e-01   4.93e-01   6.93e+00   0.00e+00 (  7.41e+01,  8.61e+01)
95      0.195   3.99e-01   5.76e-01   3.94e-01   1.23e+01   0.00e+00 (  1.32e+02,  8.06e+01)
36 e: 9.867e-05 i: 5.071e-04 :: e: 3.685e-02 i: 3.908e-02 :: n: 2.762e+01 e:23.068 i:28.084 v:4.993e+03
>>> tau_he = 5.000000, nhe(0)=2.920475e+00
 5     -0.017   9.46e-03   5.35e-01   6.26e-03  -8.06e-02   0.00e+00 (  4.56e+00,  4.97e+01)
10     -0.086   5.56e-02   1.51e-02   1.34e-02  -5.15e-01   0.00e+00 (  4.14e+01,  9.24e+01)
15     -0.070   1.21e-01   7.84e-02  -1.40e-02  -4.98e-01   0.00e+00 (  9.24e+01,  1.27e+02)
20      0.050   1.42e-01   1.28e-01   1.98e-03   4.14e-01   0.00e+00 (  1.04e+02,  1.51e+02)
25      0.057   1.72e-01   1.56e-01   2.76e-02   5.34e-01   0.00e+00 (  1.21e+02,  1.71e+02)
30      0.105   2.67e-01   2.94e-01   9.88e-02   1.08e+00   0.00e+00 (  1.75e+02,  1.83e+02)
35      0.105   2.74e-01   3.44e-01   1.38e-01   1.17e+00   0.00e+00 (  1.64e+02,  1.87e+02)
40      0.111   2.96e-01   4.07e-01   1.57e-01   1.33e+00   0.00e+00 (  1.59e+02,  1.85e+02)
45      0.140   3.30e-01   5.04e-01   2.05e-01   1.77e+00   0.00e+00 (  1.53e+02,  1.78e+02)
50      0.155   3.61e-01   6.10e-01   2.56e-01   2.06e+00   0.00e+00 (  1.42e+02,  1.68e+02)
55      0.172   3.96e-01   7.23e-01   3.74e-01   2.38e+00   0.00e+00 (  1.34e+02,  1.56e+02)
60      0.153   3.82e-01   6.77e-01   4.37e-01   2.19e+00   0.00e+00 (  1.16e+02,  1.44e+02)
65      0.181   4.31e-01   8.26e-01   5.75e-01   2.66e+00   0.00e+00 (  1.10e+02,  1.31e+02)
70      0.195   4.64e-01   9.22e-01   6.98e-01   2.94e+00   0.00e+00 (  1.02e+02,  1.20e+02)
75      0.194   4.74e-01   9.35e-01   7.58e-01   2.98e+00   0.00e+00 (  9.33e+01,  1.09e+02)
80      0.183   4.68e-01   9.12e-01   7.68e-01   2.95e+00   0.00e+00 (  8.60e+01,  1.00e+02)
85      0.179   4.55e-01   8.58e-01   7.16e-01   3.49e+00   0.00e+00 (  8.01e+01,  9.24e+01)
90      0.195   4.55e-01   7.07e-01   4.93e-01   6.93e+00   0.00e+00 (  7.43e+01,  8.61e+01)
95      0.195   3.99e-01   5.76e-01   3.94e-01   1.23e+01   0.00e+00 (  1.32e+02,  8.06e+01)
37 e: 1.780e-05 i: 6.567e-05 :: e: 2.663e-02 i: 2.747e-02 :: n: 2.762e+01 e:23.040 i:28.004 v:4.993e+03
>>> tau_he = 5.000000, nhe(0)=2.921937e+00
 5     -0.017   9.47e-03   5.39e-01   6.26e-03  -8.04e-02   0.00e+00 (  4.55e+00,  4.97e+01)
10     -0.085   5.49e-02   1.55e-02   1.33e-02  -5.07e-01   0.00e+00 (  4.08e+01,  9.24e+01)
15     -0.069   1.21e-01   7.87e-02  -1.42e-02  -4.98e-01   0.00e+00 (  9.27e+01,  1.27e+02)
20      0.050   1.43e-01   1.30e-01   1.69e-03   4.10e-01   0.00e+00 (  1.05e+02,  1.51e+02)
25      0.057   1.72e-01   1.57e-01   2.78e-02   5.36e-01   0.00e+00 (  1.22e+02,  1.71e+02)
30      0.104   2.66e-01   2.91e-01   9.74e-02   1.07e+00   0.00e+00 (  1.73e+02,  1.83e+02)
35      0.104   2.73e-01   3.43e-01   1.37e-01   1.16e+00   0.00e+00 (  1.63e+02,  1.87e+02)
40      0.111   2.96e-01   4.06e-01   1.56e-01   1.32e+00   0.00e+00 (  1.58e+02,  1.85e+02)
45      0.139   3.30e-01   5.03e-01   2.05e-01   1.76e+00   0.00e+00 (  1.52e+02,  1.78e+02)
50      0.155   3.60e-01   6.09e-01   2.55e-01   2.05e+00   0.00e+00 (  1.42e+02,  1.68e+02)
55      0.172   3.95e-01   7.20e-01   3.73e-01   2.38e+00   0.00e+00 (  1.34e+02,  1.56e+02)
60      0.153   3.81e-01   6.74e-01   4.36e-01   2.19e+00   0.00e+00 (  1.16e+02,  1.44e+02)
65      0.181   4.29e-01   8.23e-01   5.73e-01   2.65e+00   0.00e+00 (  1.10e+02,  1.31e+02)
70      0.195   4.63e-01   9.19e-01   6.96e-01   2.93e+00   0.00e+00 (  1.01e+02,  1.20e+02)
75      0.193   4.73e-01   9.32e-01   7.56e-01   2.98e+00   0.00e+00 (  9.29e+01,  1.09e+02)
80      0.183   4.67e-01   9.10e-01   7.66e-01   2.95e+00   0.00e+00 (  8.57e+01,  1.00e+02)
85      0.179   4.54e-01   8.57e-01   7.15e-01   3.49e+00   0.00e+00 (  7.99e+01,  9.24e+01)
90      0.195   4.55e-01   7.07e-01   4.93e-01   6.93e+00   0.00e+00 (  7.42e+01,  8.61e+01)
95      0.195   3.99e-01   5.76e-01   3.94e-01   1.23e+01   0.00e+00 (  1.32e+02,  8.06e+01)
38 e: 2.074e-05 i: 5.924e-05 :: e: 2.226e-02 i: 2.311e-02 :: n: 2.762e+01 e:23.022 i:28.029 v:4.993e+03
>>> tau_he = 5.000000, nhe(0)=2.923257e+00
 5     -0.017   9.50e-03   5.42e-01   6.28e-03  -8.05e-02   0.00e+00 (  4.57e+00,  4.97e+01)
10     -0.085   5.47e-02   1.57e-02   1.33e-02  -5.05e-01   0.00e+00 (  4.06e+01,  9.24e+01)
15     -0.071   1.22e-01   7.95e-02  -1.46e-02  -5.07e-01   0.00e+00 (  9.35e+01,  1.27e+02)
20      0.055   1.50e-01   1.30e-01   1.69e-03   4.55e-01   0.00e+00 (  1.11e+02,  1.51e+02)
25      0.112   2.56e-01   3.18e-01   1.17e-01   1.04e+00   0.00e+00 (  1.82e+02,  1.71e+02)
30      0.104   2.64e-01   2.90e-01   9.68e-02   1.06e+00   0.00e+00 (  1.72e+02,  1.83e+02)
35      0.104   2.72e-01   3.42e-01   1.37e-01   1.16e+00   0.00e+00 (  1.62e+02,  1.87e+02)
40      0.111   2.95e-01   4.06e-01   1.57e-01   1.32e+00   0.00e+00 (  1.58e+02,  1.85e+02)
45      0.139   3.29e-01   5.04e-01   2.05e-01   1.76e+00   0.00e+00 (  1.52e+02,  1.78e+02)
50      0.155   3.60e-01   6.10e-01   2.56e-01   2.05e+00   0.00e+00 (  1.42e+02,  1.68e+02)
55      0.172   3.95e-01   7.21e-01   3.73e-01   2.38e+00   0.00e+00 (  1.33e+02,  1.56e+02)
60      0.153   3.81e-01   6.75e-01   4.37e-01   2.18e+00   0.00e+00 (  1.15e+02,  1.44e+02)
65      0.180   4.29e-01   8.23e-01   5.74e-01   2.65e+00   0.00e+00 (  1.10e+02,  1.31e+02)
70      0.195   4.62e-01   9.19e-01   6.96e-01   2.93e+00   0.00e+00 (  1.01e+02,  1.20e+02)
75      0.193   4.72e-01   9.32e-01   7.55e-01   2.97e+00   0.00e+00 (  9.27e+01,  1.09e+02)
80      0.182   4.66e-01   9.09e-01   7.65e-01   2.94e+00   0.00e+00 (  8.55e+01,  1.00e+02)
85      0.178   4.54e-01   8.56e-01   7.14e-01   3.48e+00   0.00e+00 (  7.97e+01,  9.24e+01)
90      0.195   4.55e-01   7.06e-01   4.93e-01   6.93e+00   0.00e+00 (  7.41e+01,  8.61e+01)
95      0.195   3.99e-01   5.76e-01   3.94e-01   1.23e+01   0.00e+00 (  1.32e+02,  8.06e+01)
39 e: 3.609e-05 i: 1.875e-04 :: e: 2.318e-02 i: 2.573e-02 :: n: 2.762e+01 e:23.040 i:28.052 v:4.993e+03
>>> tau_he = 5.000000, nhe(0)=2.921216e+00
 5     -0.017   9.48e-03   5.41e-01   6.28e-03  -8.05e-02   0.00e+00 (  4.56e+00,  4.97e+01)
10     -0.085   5.48e-02   1.56e-02   1.33e-02  -5.09e-01   0.00e+00 (  4.08e+01,  9.24e+01)
15     -0.061   2.58e-01   3.81e-01   4.18e-02  -4.40e-01   0.00e+00 (  1.99e+02,  1.27e+02)
20      0.089   2.49e-01   3.30e-01   8.54e-02   7.33e-01   0.00e+00 (  1.84e+02,  1.51e+02)
25      0.057   1.71e-01   1.55e-01   2.77e-02   5.27e-01   0.00e+00 (  1.20e+02,  1.71e+02)
30      0.063   2.06e-01   2.00e-01   3.48e-02   6.43e-01   0.00e+00 (  1.33e+02,  1.83e+02)
35      0.104   2.72e-01   3.42e-01   1.37e-01   1.16e+00   0.00e+00 (  1.62e+02,  1.87e+02)
40      0.111   2.95e-01   4.06e-01   1.57e-01   1.32e+00   0.00e+00 (  1.58e+02,  1.85e+02)
45      0.139   3.29e-01   5.03e-01   2.05e-01   1.76e+00   0.00e+00 (  1.52e+02,  1.78e+02)
50      0.154   3.59e-01   6.08e-01   2.55e-01   2.05e+00   0.00e+00 (  1.41e+02,  1.68e+02)
55      0.172   3.94e-01   7.19e-01   3.72e-01   2.37e+00   0.00e+00 (  1.33e+02,  1.56e+02)
60      0.153   3.80e-01   6.73e-01   4.35e-01   2.18e+00   0.00e+00 (  1.15e+02,  1.44e+02)
65      0.180   4.28e-01   8.21e-01   5.72e-01   2.65e+00   0.00e+00 (  1.09e+02,  1.31e+02)
70      0.194   4.61e-01   9.16e-01   6.94e-01   2.92e+00   0.00e+00 (  1.01e+02,  1.20e+02)
75      0.193   4.71e-01   9.29e-01   7.53e-01   2.97e+00   0.00e+00 (  9.22e+01,  1.09e+02)
80      0.182   4.65e-01   9.06e-01   7.63e-01   2.94e+00   0.00e+00 (  8.51e+01,  1.00e+02)
85      0.178   4.53e-01   8.55e-01   7.13e-01   3.48e+00   0.00e+00 (  7.94e+01,  9.24e+01)
90      0.195   4.54e-01   7.06e-01   4.92e-01   6.92e+00   0.00e+00 (  7.39e+01,  8.61e+01)
95      0.195   3.99e-01   5.76e-01   3.93e-01   1.23e+01   0.00e+00 (  1.32e+02,  8.06e+01)
40 e: 2.883e-04 i: 1.569e-03 :: e: 4.288e-02 i: 4.780e-02 :: n: 2.762e+01 e:23.008 i:28.017 v:4.993e+03
>>> tau_he = 5.000000, nhe(0)=2.925722e+00
 5     -0.017   9.48e-03   5.24e-01   6.16e-03  -8.18e-02   0.00e+00 (  4.56e+00,  4.97e+01)
10     -0.086   5.73e-02   1.48e-02   1.36e-02  -5.17e-01   0.00e+00 (  4.23e+01,  9.24e+01)
15     -0.059   1.18e-01   7.33e-02  -1.14e-02  -4.23e-01   0.00e+00 (  8.71e+01,  1.27e+02)
20      0.052   1.42e-01   1.26e-01   2.16e-03   4.28e-01   0.00e+00 (  1.02e+02,  1.51e+02)
25      0.113   2.56e-01   3.17e-01   1.14e-01   1.05e+00   0.00e+00 (  1.80e+02,  1.71e+02)
30      0.106   2.66e-01   2.93e-01   9.81e-02   1.09e+00   0.00e+00 (  1.73e+02,  1.83e+02)
35      0.105   2.73e-01   3.43e-01   1.37e-01   1.18e+00   0.00e+00 (  1.62e+02,  1.87e+02)
40      0.112   2.95e-01   4.06e-01   1.56e-01   1.34e+00   0.00e+00 (  1.57e+02,  1.85e+02)
45      0.141   3.29e-01   5.03e-01   2.05e-01   1.78e+00   0.00e+00 (  1.51e+02,  1.78e+02)
50      0.156   3.59e-01   6.09e-01   2.56e-01   2.07e+00   0.00e+00 (  1.41e+02,  1.68e+02)
55      0.173   3.94e-01   7.20e-01   3.73e-01   2.39e+00   0.00e+00 (  1.33e+02,  1.56e+02)
60      0.153   3.80e-01   6.74e-01   4.36e-01   2.19e+00   0.00e+00 (  1.15e+02,  1.44e+02)
65      0.181   4.28e-01   8.21e-01   5.72e-01   2.66e+00   0.00e+00 (  1.09e+02,  1.31e+02)
70      0.195   4.61e-01   9.16e-01   6.94e-01   2.93e+00   0.00e+00 (  1.00e+02,  1.20e+02)
75      0.193   4.70e-01   9.28e-01   7.53e-01   2.97e+00   0.00e+00 (  9.20e+01,  1.09e+02)
80      0.182   4.64e-01   9.06e-01   7.63e-01   2.94e+00   0.00e+00 (  8.49e+01,  1.00e+02)
85      0.178   4.52e-01   8.54e-01   7.12e-01   3.48e+00   0.00e+00 (  7.92e+01,  9.24e+01)
90      0.195   4.54e-01   7.05e-01   4.92e-01   6.92e+00   0.00e+00 (  7.38e+01,  8.61e+01)
95      0.195   3.99e-01   5.76e-01   3.93e-01   1.23e+01   0.00e+00 (  1.32e+02,  8.06e+01)
41 e: 5.174e-05 i: 2.329e-04 :: e: 2.409e-02 i: 2.434e-02 :: n: 2.762e+01 e:22.872 i:28.096 v:4.993e+03
>>> tau_he = 5.000000, nhe(0)=2.920294e+00
 5     -0.017   9.44e-03   5.25e-01   6.21e-03  -8.14e-02   0.00e+00 (  4.56e+00,  4.97e+01)
10     -0.087   5.70e-02   1.46e-02   1.35e-02  -5.21e-01   0.00e+00 (  4.22e+01,  9.24e+01)
15     -0.061   1.19e-01   7.59e-02  -1.29e-02  -4.40e-01   0.00e+00 (  8.90e+01,  1.27e+02)
20      0.051   1.43e-01   1.29e-01   1.81e-03   4.19e-01   0.00e+00 (  1.04e+02,  1.51e+02)
25      0.058   1.71e-01   1.56e-01   2.77e-02   5.36e-01   0.00e+00 (  1.20e+02,  1.71e+02)
30      0.105   2.66e-01   2.93e-01   9.80e-02   1.08e+00   0.00e+00 (  1.74e+02,  1.83e+02)
35      0.105   2.75e-01   3.46e-01   1.39e-01   1.18e+00   0.00e+00 (  1.65e+02,  1.87e+02)
40      0.112   2.97e-01   4.11e-01   1.57e-01   1.34e+00   0.00e+00 (  1.60e+02,  1.85e+02)
45      0.141   3.31e-01   5.08e-01   2.07e-01   1.79e+00   0.00e+00 (  1.54e+02,  1.78e+02)
50      0.156   3.62e-01   6.15e-01   2.58e-01   2.07e+00   0.00e+00 (  1.43e+02,  1.68e+02)
55      0.173   3.97e-01   7.26e-01   3.76e-01   2.39e+00   0.00e+00 (  1.34e+02,  1.56e+02)
60      0.153   3.82e-01   6.78e-01   4.38e-01   2.19e+00   0.00e+00 (  1.16e+02,  1.44e+02)
65      0.180   4.29e-01   8.25e-01   5.75e-01   2.65e+00   0.00e+00 (  1.10e+02,  1.31e+02)
70      0.194   4.62e-01   9.19e-01   6.96e-01   2.92e+00   0.00e+00 (  1.01e+02,  1.20e+02)
75      0.192   4.71e-01   9.30e-01   7.54e-01   2.96e+00   0.00e+00 (  9.24e+01,  1.09e+02)
80      0.182   4.65e-01   9.07e-01   7.64e-01   2.93e+00   0.00e+00 (  8.51e+01,  1.00e+02)
85      0.178   4.52e-01   8.54e-01   7.12e-01   3.47e+00   0.00e+00 (  7.93e+01,  9.24e+01)
90      0.195   4.54e-01   7.05e-01   4.92e-01   6.91e+00   0.00e+00 (  7.39e+01,  8.61e+01)
95      0.195   3.99e-01   5.76e-01   3.93e-01   1.23e+01   0.00e+00 (  1.32e+02,  8.06e+01)
42 e: 2.810e-05 i: 7.053e-05 :: e: 2.100e-02 i: 2.178e-02 :: n: 2.762e+01 e:22.981 i:28.001 v:4.993e+03
>>> tau_he = 5.000000, nhe(0)=2.924916e+00
 5     -0.017   9.49e-03   5.31e-01   6.20e-03  -8.14e-02   0.00e+00 (  4.57e+00,  4.97e+01)
10     -0.085   5.61e-02   1.51e-02   1.35e-02  -5.08e-01   0.00e+00 (  4.14e+01,  9.24e+01)
15     -0.062   1.19e-01   7.58e-02  -1.29e-02  -4.44e-01   0.00e+00 (  8.93e+01,  1.27e+02)
20      0.050   1.43e-01   1.30e-01   1.64e-03   4.17e-01   0.00e+00 (  1.05e+02,  1.51e+02)
25      0.058   1.71e-01   1.56e-01   2.76e-02   5.41e-01   0.00e+00 (  1.20e+02,  1.71e+02)
30      0.064   2.07e-01   2.01e-01   3.38e-02   6.58e-01   0.00e+00 (  1.34e+02,  1.83e+02)
35      0.105   2.72e-01   3.42e-01   1.37e-01   1.17e+00   0.00e+00 (  1.62e+02,  1.87e+02)
40      0.112   2.95e-01   4.06e-01   1.56e-01   1.33e+00   0.00e+00 (  1.58e+02,  1.85e+02)
45      0.140   3.29e-01   5.02e-01   2.05e-01   1.77e+00   0.00e+00 (  1.52e+02,  1.78e+02)
50      0.155   3.60e-01   6.08e-01   2.55e-01   2.06e+00   0.00e+00 (  1.41e+02,  1.68e+02)
55      0.172   3.94e-01   7.19e-01   3.72e-01   2.38e+00   0.00e+00 (  1.33e+02,  1.56e+02)
60      0.153   3.80e-01   6.73e-01   4.35e-01   2.19e+00   0.00e+00 (  1.15e+02,  1.44e+02)
65      0.180   4.28e-01   8.21e-01   5.72e-01   2.65e+00   0.00e+00 (  1.09e+02,  1.31e+02)
70      0.194   4.61e-01   9.15e-01   6.93e-01   2.93e+00   0.00e+00 (  1.00e+02,  1.20e+02)
75      0.193   4.70e-01   9.28e-01   7.52e-01   2.97e+00   0.00e+00 (  9.19e+01,  1.09e+02)
80      0.182   4.64e-01   9.05e-01   7.62e-01   2.94e+00   0.00e+00 (  8.47e+01,  1.00e+02)
85      0.178   4.52e-01   8.53e-01   7.11e-01   3.48e+00   0.00e+00 (  7.90e+01,  9.24e+01)
90      0.195   4.54e-01   7.05e-01   4.92e-01   6.92e+00   0.00e+00 (  7.37e+01,  8.61e+01)
95      0.195   3.99e-01   5.76e-01   3.93e-01   1.23e+01   0.00e+00 (  1.31e+02,  8.06e+01)
43 e: 2.918e-05 i: 5.115e-05 :: e: 1.899e-02 i: 1.949e-02 :: n: 2.762e+01 e:22.906 i:28.082 v:4.993e+03
>>> tau_he = 5.000000, nhe(0)=2.924982e+00
 5     -0.017   9.51e-03   5.35e-01   6.25e-03  -8.14e-02   0.00e+00 (  4.59e+00,  4.97e+01)
10     -0.085   5.58e-02   1.53e-02   1.35e-02  -5.10e-01   0.00e+00 (  4.13e+01,  9.24e+01)
15     -0.064   1.21e-01   7.75e-02  -1.36e-02  -4.62e-01   0.00e+00 (  9.10e+01,  1.27e+02)
20      0.056   1.50e-01   1.31e-01   1.62e-03   4.60e-01   0.00e+00 (  1.11e+02,  1.51e+02)
25      0.113   2.56e-01   3.19e-01   1.17e-01   1.05e+00   0.00e+00 (  1.82e+02,  1.71e+02)
30      0.106   2.66e-01   2.94e-01   9.97e-02   1.08e+00   0.00e+00 (  1.74e+02,  1.83e+02)
35      0.105   2.73e-01   3.45e-01   1.38e-01   1.17e+00   0.00e+00 (  1.63e+02,  1.87e+02)
40      0.112   2.96e-01   4.10e-01   1.57e-01   1.34e+00   0.00e+00 (  1.59e+02,  1.85e+02)
45      0.141   3.30e-01   5.08e-01   2.07e-01   1.78e+00   0.00e+00 (  1.53e+02,  1.78e+02)
50      0.156   3.61e-01   6.14e-01   2.58e-01   2.07e+00   0.00e+00 (  1.42e+02,  1.68e+02)
55      0.173   3.96e-01   7.25e-01   3.75e-01   2.39e+00   0.00e+00 (  1.34e+02,  1.56e+02)
60      0.153   3.81e-01   6.78e-01   4.38e-01   2.19e+00   0.00e+00 (  1.16e+02,  1.44e+02)
65      0.180   4.29e-01   8.25e-01   5.75e-01   2.65e+00   0.00e+00 (  1.10e+02,  1.31e+02)
70      0.194   4.62e-01   9.19e-01   6.96e-01   2.92e+00   0.00e+00 (  1.01e+02,  1.20e+02)
75      0.192   4.71e-01   9.30e-01   7.54e-01   2.96e+00   0.00e+00 (  9.23e+01,  1.09e+02)
80      0.181   4.65e-01   9.06e-01   7.64e-01   2.93e+00   0.00e+00 (  8.50e+01,  1.00e+02)
85      0.178   4.52e-01   8.54e-01   7.12e-01   3.47e+00   0.00e+00 (  7.92e+01,  9.24e+01)
90      0.194   4.54e-01   7.05e-01   4.91e-01   6.91e+00   0.00e+00 (  7.39e+01,  8.61e+01)
95      0.195   3.99e-01   5.76e-01   3.93e-01   1.23e+01   0.00e+00 (  1.32e+02,  8.06e+01)
44 e: 4.504e-05 i: 2.045e-04 :: e: 1.987e-02 i: 2.300e-02 :: n: 2.762e+01 e:23.014 i:28.083 v:4.993e+03
>>> tau_he = 5.000000, nhe(0)=2.925316e+00
 5     -0.017   9.52e-03   5.36e-01   6.24e-03  -8.15e-02   0.00e+00 (  4.59e+00,  4.97e+01)
10     -0.085   5.57e-02   1.54e-02   1.35e-02  -5.08e-01   0.00e+00 (  4.13e+01,  9.24e+01)
15     -0.066   1.21e-01   7.83e-02  -1.42e-02  -4.71e-01   0.00e+00 (  9.16e+01,  1.27e+02)
20      0.089   2.49e-01   3.30e-01   8.47e-02   7.37e-01   0.00e+00 (  1.84e+02,  1.51e+02)
25      0.057   1.71e-01   1.54e-01   2.76e-02   5.31e-01   0.00e+00 (  1.20e+02,  1.71e+02)
30      0.064   2.07e-01   2.01e-01   3.39e-02   6.53e-01   0.00e+00 (  1.34e+02,  1.83e+02)
35      0.104   2.72e-01   3.42e-01   1.37e-01   1.16e+00   0.00e+00 (  1.62e+02,  1.87e+02)
40      0.111   2.95e-01   4.05e-01   1.56e-01   1.33e+00   0.00e+00 (  1.58e+02,  1.85e+02)
45      0.139   3.28e-01   5.01e-01   2.04e-01   1.76e+00   0.00e+00 (  1.51e+02,  1.78e+02)
50      0.155   3.58e-01   6.07e-01   2.55e-01   2.05e+00   0.00e+00 (  1.41e+02,  1.68e+02)
55      0.171   3.93e-01   7.17e-01   3.71e-01   2.37e+00   0.00e+00 (  1.32e+02,  1.56e+02)
60      0.153   3.79e-01   6.71e-01   4.34e-01   2.18e+00   0.00e+00 (  1.14e+02,  1.44e+02)
65      0.180   4.26e-01   8.18e-01   5.70e-01   2.64e+00   0.00e+00 (  1.08e+02,  1.31e+02)
70      0.194   4.60e-01   9.12e-01   6.91e-01   2.92e+00   0.00e+00 (  9.99e+01,  1.20e+02)
75      0.192   4.69e-01   9.25e-01   7.50e-01   2.96e+00   0.00e+00 (  9.15e+01,  1.09e+02)
80      0.182   4.63e-01   9.03e-01   7.60e-01   2.93e+00   0.00e+00 (  8.44e+01,  1.00e+02)
85      0.178   4.51e-01   8.51e-01   7.10e-01   3.48e+00   0.00e+00 (  7.87e+01,  9.24e+01)
90      0.195   4.54e-01   7.04e-01   4.91e-01   6.91e+00   0.00e+00 (  7.36e+01,  8.61e+01)
95      0.195   3.99e-01   5.76e-01   3.93e-01   1.23e+01   0.00e+00 (  1.31e+02,  8.06e+01)
45 e: 9.093e-05 i: 4.655e-04 :: e: 2.376e-02 i: 2.539e-02 :: n: 2.762e+01 e:22.945 i:28.089 v:4.993e+03
>>> tau_he = 5.000000, nhe(0)=2.918461e+00
 5     -0.017   9.44e-03   5.33e-01   6.25e-03  -8.10e-02   0.00e+00 (  4.56e+00,  4.97e+01)
10     -0.086   5.56e-02   1.50e-02   1.34e-02  -5.14e-01   0.00e+00 (  4.13e+01,  9.24e+01)
15     -0.066   1.21e-01   7.85e-02  -1.43e-02  -4.70e-01   0.00e+00 (  9.12e+01,  1.27e+02)
20      0.050   1.41e-01   1.27e-01   2.12e-03   4.16e-01   0.00e+00 (  1.02e+02,  1.51e+02)
25      0.057   1.71e-01   1.56e-01   2.78e-02   5.35e-01   0.00e+00 (  1.20e+02,  1.71e+02)
30      0.106   2.66e-01   2.94e-01   1.00e-01   1.09e+00   0.00e+00 (  1.74e+02,  1.83e+02)
35      0.105   2.72e-01   3.44e-01   1.38e-01   1.17e+00   0.00e+00 (  1.62e+02,  1.87e+02)
40      0.112   2.95e-01   4.09e-01   1.57e-01   1.34e+00   0.00e+00 (  1.58e+02,  1.85e+02)
45      0.141   3.29e-01   5.07e-01   2.06e-01   1.78e+00   0.00e+00 (  1.52e+02,  1.78e+02)
50      0.156   3.60e-01   6.13e-01   2.58e-01   2.07e+00   0.00e+00 (  1.41e+02,  1.68e+02)
55      0.172   3.95e-01   7.24e-01   3.75e-01   2.38e+00   0.00e+00 (  1.33e+02,  1.56e+02)
60      0.153   3.80e-01   6.76e-01   4.38e-01   2.19e+00   0.00e+00 (  1.15e+02,  1.44e+02)
65      0.180   4.28e-01   8.23e-01   5.74e-01   2.65e+00   0.00e+00 (  1.09e+02,  1.31e+02)
70      0.194   4.61e-01   9.17e-01   6.94e-01   2.92e+00   0.00e+00 (  1.00e+02,  1.20e+02)
75      0.192   4.70e-01   9.28e-01   7.52e-01   2.96e+00   0.00e+00 (  9.19e+01,  1.09e+02)
80      0.181   4.63e-01   9.05e-01   7.62e-01   2.92e+00   0.00e+00 (  8.46e+01,  1.00e+02)
85      0.177   4.51e-01   8.52e-01   7.11e-01   3.46e+00   0.00e+00 (  7.89e+01,  9.24e+01)
90      0.194   4.53e-01   7.04e-01   4.91e-01   6.89e+00   0.00e+00 (  7.37e+01,  8.61e+01)
95      0.195   3.99e-01   5.76e-01   3.93e-01   1.23e+01   0.00e+00 (  1.32e+02,  8.06e+01)
46 e: 2.366e-05 i: 6.768e-05 :: e: 1.567e-02 i: 1.760e-02 :: n: 2.762e+01 e:22.956 i:27.968 v:4.993e+03
>>> tau_he = 5.000000, nhe(0)=2.920566e+00
 5     -0.017   9.45e-03   5.37e-01   6.24e-03  -8.07e-02   0.00e+00 (  4.55e+00,  4.97e+01)
10     -0.084   5.48e-02   1.54e-02   1.33e-02  -5.03e-01   0.00e+00 (  4.06e+01,  9.24e+01)
15     -0.066   1.21e-01   7.84e-02  -1.43e-02  -4.71e-01   0.00e+00 (  9.12e+01,  1.27e+02)
20      0.056   1.47e-01   1.27e-01   2.13e-03   4.63e-01   0.00e+00 (  1.07e+02,  1.51e+02)
25      0.111   2.54e-01   3.15e-01   1.14e-01   1.03e+00   0.00e+00 (  1.79e+02,  1.71e+02)
30      0.104   2.64e-01   2.90e-01   9.74e-02   1.07e+00   0.00e+00 (  1.71e+02,  1.83e+02)
35      0.104   2.71e-01   3.41e-01   1.37e-01   1.16e+00   0.00e+00 (  1.61e+02,  1.87e+02)
40      0.111   2.94e-01   4.05e-01   1.56e-01   1.32e+00   0.00e+00 (  1.57e+02,  1.85e+02)
45      0.139   3.27e-01   5.01e-01   2.04e-01   1.76e+00   0.00e+00 (  1.50e+02,  1.78e+02)
50      0.154   3.57e-01   6.06e-01   2.54e-01   2.05e+00   0.00e+00 (  1.40e+02,  1.68e+02)
55      0.171   3.92e-01   7.16e-01   3.71e-01   2.36e+00   0.00e+00 (  1.31e+02,  1.56e+02)
60      0.152   3.78e-01   6.70e-01   4.34e-01   2.17e+00   0.00e+00 (  1.14e+02,  1.44e+02)
65      0.179   4.25e-01   8.15e-01   5.68e-01   2.63e+00   0.00e+00 (  1.08e+02,  1.31e+02)
70      0.193   4.58e-01   9.10e-01   6.89e-01   2.91e+00   0.00e+00 (  9.94e+01,  1.20e+02)
75      0.192   4.67e-01   9.22e-01   7.48e-01   2.95e+00   0.00e+00 (  9.10e+01,  1.09e+02)
80      0.181   4.62e-01   9.00e-01   7.58e-01   2.93e+00   0.00e+00 (  8.39e+01,  1.00e+02)
85      0.178   4.50e-01   8.49e-01   7.08e-01   3.47e+00   0.00e+00 (  7.83e+01,  9.24e+01)
90      0.194   4.53e-01   7.03e-01   4.90e-01   6.89e+00   0.00e+00 (  7.33e+01,  8.61e+01)
95      0.195   3.99e-01   5.76e-01   3.93e-01   1.23e+01   0.00e+00 (  1.31e+02,  8.06e+01)
47 e: 3.736e-05 i: 2.000e-04 :: e: 1.383e-02 i: 1.650e-02 :: n: 2.762e+01 e:22.903 i:28.005 v:4.993e+03
>>> tau_he = 5.000000, nhe(0)=2.916087e+00
 5     -0.017   9.40e-03   5.34e-01   6.26e-03  -8.05e-02   0.00e+00 (  4.54e+00,  4.97e+01)
10     -0.085   5.50e-02   1.52e-02   1.32e-02  -5.09e-01   0.00e+00 (  4.08e+01,  9.24e+01)
15     -0.055   2.55e-01   3.77e-01   4.03e-02  -3.96e-01   0.00e+00 (  1.95e+02,  1.27e+02)
20      0.055   1.47e-01   1.29e-01   1.99e-03   4.57e-01   0.00e+00 (  1.08e+02,  1.51e+02)
25      0.056   1.70e-01   1.54e-01   2.78e-02   5.26e-01   0.00e+00 (  1.19e+02,  1.71e+02)
30      0.063   2.06e-01   2.01e-01   3.50e-02   6.51e-01   0.00e+00 (  1.33e+02,  1.83e+02)
35      0.104   2.71e-01   3.43e-01   1.38e-01   1.16e+00   0.00e+00 (  1.61e+02,  1.87e+02)
40      0.111   2.94e-01   4.08e-01   1.57e-01   1.33e+00   0.00e+00 (  1.57e+02,  1.85e+02)
45      0.140   3.28e-01   5.06e-01   2.06e-01   1.77e+00   0.00e+00 (  1.51e+02,  1.78e+02)
50      0.155   3.59e-01   6.11e-01   2.57e-01   2.06e+00   0.00e+00 (  1.40e+02,  1.68e+02)
55      0.172   3.93e-01   7.22e-01   3.74e-01   2.37e+00   0.00e+00 (  1.32e+02,  1.56e+02)
60      0.152   3.79e-01   6.74e-01   4.36e-01   2.18e+00   0.00e+00 (  1.14e+02,  1.44e+02)
65      0.179   4.26e-01   8.20e-01   5.72e-01   2.64e+00   0.00e+00 (  1.08e+02,  1.31e+02)
70      0.193   4.59e-01   9.13e-01   6.92e-01   2.91e+00   0.00e+00 (  9.96e+01,  1.20e+02)
75      0.191   4.68e-01   9.24e-01   7.50e-01   2.95e+00   0.00e+00 (  9.12e+01,  1.09e+02)
80      0.181   4.62e-01   9.01e-01   7.59e-01   2.92e+00   0.00e+00 (  8.41e+01,  1.00e+02)
85      0.177   4.50e-01   8.49e-01   7.08e-01   3.45e+00   0.00e+00 (  7.84e+01,  9.24e+01)
90      0.194   4.52e-01   7.02e-01   4.89e-01   6.88e+00   0.00e+00 (  7.33e+01,  8.61e+01)
95      0.195   3.99e-01   5.76e-01   3.93e-01   1.23e+01   0.00e+00 (  1.31e+02,  8.06e+01)
48 e: 1.848e-04 i: 8.630e-04 :: e: 2.785e-02 i: 3.327e-02 :: n: 2.762e+01 e:22.925 i:27.926 v:4.993e+03
>>> tau_he = 5.000000, nhe(0)=2.928971e+00
 5     -0.017   9.51e-03   5.26e-01   6.13e-03  -8.22e-02   0.00e+00 (  4.58e+00,  4.97e+01)
10     -0.085   5.70e-02   1.50e-02   1.37e-02  -5.07e-01   0.00e+00 (  4.19e+01,  9.24e+01)
15     -0.057   1.18e-01   7.31e-02  -1.15e-02  -4.06e-01   0.00e+00 (  8.66e+01,  1.27e+02)
20      0.051   1.44e-01   1.31e-01   1.47e-03   4.21e-01   0.00e+00 (  1.05e+02,  1.51e+02)
25      0.112   2.54e-01   3.15e-01   1.13e-01   1.05e+00   0.00e+00 (  1.78e+02,  1.71e+02)
30      0.117   2.65e-01   3.33e-01   1.29e-01   1.20e+00   0.00e+00 (  1.72e+02,  1.83e+02)
35      0.105   2.70e-01   3.41e-01   1.36e-01   1.17e+00   0.00e+00 (  1.60e+02,  1.87e+02)
40      0.112   2.93e-01   4.04e-01   1.56e-01   1.33e+00   0.00e+00 (  1.56e+02,  1.85e+02)
45      0.140   3.26e-01   5.00e-01   2.04e-01   1.77e+00   0.00e+00 (  1.49e+02,  1.78e+02)
50      0.155   3.56e-01   6.05e-01   2.54e-01   2.05e+00   0.00e+00 (  1.39e+02,  1.68e+02)
55      0.171   3.91e-01   7.14e-01   3.70e-01   2.37e+00   0.00e+00 (  1.31e+02,  1.56e+02)
60      0.152   3.77e-01   6.68e-01   4.33e-01   2.18e+00   0.00e+00 (  1.13e+02,  1.44e+02)
65      0.179   4.24e-01   8.13e-01   5.67e-01   2.64e+00   0.00e+00 (  1.07e+02,  1.31e+02)
70      0.193   4.57e-01   9.07e-01   6.87e-01   2.91e+00   0.00e+00 (  9.88e+01,  1.20e+02)
75      0.192   4.66e-01   9.20e-01   7.46e-01   2.95e+00   0.00e+00 (  9.05e+01,  1.09e+02)
80      0.181   4.60e-01   8.97e-01   7.56e-01   2.92e+00   0.00e+00 (  8.34e+01,  1.00e+02)
85      0.177   4.49e-01   8.47e-01   7.06e-01   3.46e+00   0.00e+00 (  7.79e+01,  9.24e+01)
90      0.194   4.52e-01   7.01e-01   4.89e-01   6.88e+00   0.00e+00 (  7.29e+01,  8.61e+01)
95      0.195   3.99e-01   5.76e-01   3.93e-01   1.23e+01   0.00e+00 (  1.31e+02,  8.06e+01)
49 e: 7.670e-05 i: 2.651e-04 :: e: 1.633e-02 i: 2.029e-02 :: n: 2.762e+01 e:22.792 i:28.153 v:4.993e+03
 plasma volume = 148.334650
 stored energy(e,i,b) = 4.941701e+01 4.448574e+01 0.000000e+00
 betan = 1.067901
*power
 Pnb(e,i) = 0.000000e+00 0.000000e+00
 Prf(e,i) = 1.251138e+01 2.750959e+01
 Prad     = -3.040608e+01 
 Pei      = 2.168926e+00 
 Pfuse    = 4.318537e+01 
 Pfusi    = 1.411664e+01 
 Poh      = 0.000000e+00 
*confinement time
 taut, tauITER98y2, H98y2 : 1.403274e+00 1.729304e+00 8.114675e-01
 taue, taui : 1.799626e+00 3.723368e+00
 taut, tau89, H89 : 1.403274e+00 8.428411e-01 1.664933e+00
*temperature
 nea, nebar : 1.865185e+01 2.143309e+01 
 tea, tia : 6.373694e+00 6.470065e+00 (9.851050e-01)
 te0, ti0 : 1.976944e+01 2.275801e+01 (8.686806e-01)
 Sn : 0.000000e+00 
*current balance
 Ip,Ibs,Inb,Irf: 1.000000e+01 1.718945e+00 0.000000e+00 1.814536e-01
 fni,fbs: 0.190 0.172

 plasma volume = 148.334650
 stored energy(e,i,b) = 4.941701e+01 4.448574e+01 0.000000e+00
 betan = 1.067901
*power
 Pnb(e,i) = 0.000000e+00 0.000000e+00
 Prf(e,i) = 1.251138e+01 2.750959e+01
 Prad     = -3.040608e+01 
 Pei      = 2.168926e+00 
 Pfuse    = 4.318537e+01 
 Pfusi    = 1.411664e+01 
 Poh      = 0.000000e+00 
*confinement time
 taut, tauITER98y2, H98y2 : 1.403274e+00 1.729304e+00 8.114675e-01
 taue, taui : 1.799626e+00 3.723368e+00
 taut, tau89, H89 : 1.403274e+00 8.428411e-01 1.664933e+00
*temperature
 nea, nebar : 1.865185e+01 2.143309e+01 
 tea, tia : 6.373694e+00 6.470065e+00 (9.851050e-01)
 te0, ti0 : 1.976944e+01 2.275801e+01 (8.686806e-01)
 Sn : 0.000000e+00 
*current balance
 Ip,Ibs,Inb,Irf: 1.000000e+01 1.718945e+00 0.000000e+00 1.814536e-01
 fni,fbs: 0.190 0.172
 ELAPASED TIME = 1766 sec
