========================================================================
= FASTRAN

nonlinear model = 0
ichi = 0
ineo = 0
reading state...
read formatted input, inprof...
init geometry...
read formatted input, inmetric...
nrho in inmetric = 101
rhob in inmetric = 1.263520e+00
solve avg grad-shafranv...
solve_avg_gs::Ip_temp = 9.990549e+00 
solve_avg_gs::Ip      = 1.000000e+01 
>>> tau_he = 5.000000, nhe(0)=2.094502e+00

 plasma volume = 148.709785
 stored energy(e,i,b) = 5.653575e+01 4.991707e+01 0.000000e+00
 betan = 1.207880
*power
 Pnb(e,i) = 0.000000e+00 0.000000e+00
 Prf(e,i) = 6.605099e+00 1.340751e+01
 Prad     = -3.570512e+01 
 Pei      = -1.394194e+00 
 Pfuse    = 4.487756e+01 
 Pfusi    = 1.313877e+01 
 Poh      = 0.000000e+00 
*confinement time
 taut, tauITER98y2, H98y2 : 2.515198e+00 2.400654e+00 1.047714e+00
 taue, taui : 3.930638e+00 3.434749e+00
 taut, tau89, H89 : 2.515198e+00 1.063628e+00 2.364735e+00
*temperature
 nea, nebar : 1.944966e+01 2.196864e+01 
 tea, tia : 7.342967e+00 7.311883e+00 (1.004251e+00)
 te0, ti0 : 1.788843e+01 1.830694e+01 (9.771396e-01)
 Sn : 0.000000e+00 
*current balance
 Ip,Ibs,Inb,Irf: 1.000000e+01 1.864507e+00 0.000000e+00 7.983297e-02
 fni,fbs: 0.194 0.186

Time advancing...
rho_bdry 0.950000 ...
te_bdry = 3.741993
ti_bdry = 3.741797
ne_bdry = 14.453942
rv_bdry = 100.762170
nrho_tr_bdry = 19
drho_bdry = 0.000000e+00
nrhob = 95
 [    0] t = 0.0000 
>>> tau_he = 5.000000, nhe(0)=2.077551e+00
 5     -0.001   3.37e-03   1.33e-01   2.19e-03  -2.86e-03   0.00e+00 (  4.62e-01,  2.51e+01)
10      0.000   6.09e-04  -1.60e-03  -3.24e-04   4.83e-04   0.00e+00 (  1.44e-01,  5.12e+01)
15     -0.002   2.10e-04  -4.04e-03  -2.87e-03  -1.18e-02   0.00e+00 (  6.76e-02,  7.74e+01)
20      0.004   1.54e-02  -3.00e-02  -8.38e-03   3.29e-02   0.00e+00 (  6.05e+00,  9.52e+01)
25      0.023   9.00e-02   1.35e-02   1.46e-02   1.93e-01   0.00e+00 (  4.01e+01,  1.08e+02)
30      0.039   1.41e-01   8.43e-02   4.78e-02   3.68e-01   0.00e+00 (  6.75e+01,  1.17e+02)
35      0.047   1.68e-01   1.27e-01   7.17e-02   4.82e-01   0.00e+00 (  7.64e+01,  1.22e+02)
40      0.053   2.01e-01   1.64e-01   6.94e-02   5.86e-01   0.00e+00 (  8.39e+01,  1.21e+02)
45      0.063   2.25e-01   2.22e-01   1.52e-01   7.40e-01   0.00e+00 (  8.48e+01,  1.17e+02)
50      0.079   2.55e-01   2.92e-01   1.59e-01   9.73e-01   0.00e+00 (  8.54e+01,  1.10e+02)
55      0.096   2.89e-01   3.88e-01   2.12e-01   1.22e+00   0.00e+00 (  8.64e+01,  1.01e+02)
60      0.118   3.25e-01   4.65e-01   2.91e-01   1.56e+00   0.00e+00 (  8.58e+01,  9.27e+01)
65      0.163   3.89e-01   6.43e-01   4.35e-01   2.23e+00   0.00e+00 (  8.95e+01,  8.38e+01)
70      0.179   4.16e-01   7.21e-01   5.42e-01   2.51e+00   0.00e+00 (  8.46e+01,  7.52e+01)
75      0.189   4.31e-01   7.76e-01   6.35e-01   2.70e+00   0.00e+00 (  7.79e+01,  6.72e+01)
80      0.188   4.20e-01   7.92e-01   6.80e-01   2.74e+00   0.00e+00 (  6.81e+01,  5.99e+01)
85      0.173   3.72e-01   7.40e-01   6.41e-01   2.56e+00   0.00e+00 (  5.46e+01,  5.33e+01)
90      0.167   3.47e-01   6.85e-01   6.05e-01   2.71e+00   0.00e+00 (  4.54e+01,  4.76e+01)
95      1.798   4.01e+00   5.10e+00   3.56e+00   1.15e+02   0.00e+00 (  1.74e+03,  4.24e+01)
 0 e: 2.289e-07 i: 1.038e-06 :: e: 0.000e+00 i: 0.000e+00 :: n: 2.762e+01 e:17.888 i:18.307 v:4.993e+03
>>> tau_he = 5.000000, nhe(0)=2.074207e+00
 5     -0.001   3.51e-03   1.51e-01   2.24e-03  -2.42e-03   0.00e+00 (  4.75e-01,  2.51e+01)
10      0.000   5.23e-04  -1.57e-03  -4.06e-04   1.66e-04   0.00e+00 (  1.23e-01,  5.12e+01)
15     -0.002   2.05e-04  -4.08e-03  -2.96e-03  -1.23e-02   0.00e+00 (  6.64e-02,  7.74e+01)
20      0.004   1.61e-02  -3.03e-02  -8.43e-03   3.30e-02   0.00e+00 (  6.43e+00,  9.52e+01)
25      0.023   9.13e-02   1.57e-02   1.55e-02   2.01e-01   0.00e+00 (  4.08e+01,  1.08e+02)
30      0.038   1.39e-01   8.09e-02   4.66e-02   3.63e-01   0.00e+00 (  6.58e+01,  1.17e+02)
35      0.047   1.68e-01   1.27e-01   7.15e-02   4.80e-01   0.00e+00 (  7.64e+01,  1.22e+02)
40      0.054   2.01e-01   1.66e-01   7.12e-02   5.91e-01   0.00e+00 (  8.40e+01,  1.21e+02)
45      0.064   2.25e-01   2.23e-01   1.52e-01   7.44e-01   0.00e+00 (  8.49e+01,  1.17e+02)
50      0.080   2.56e-01   2.95e-01   1.60e-01   9.86e-01   0.00e+00 (  8.60e+01,  1.10e+02)
55      0.096   2.89e-01   3.89e-01   2.13e-01   1.23e+00   0.00e+00 (  8.65e+01,  1.01e+02)
60      0.119   3.26e-01   4.70e-01   2.94e-01   1.58e+00   0.00e+00 (  8.64e+01,  9.27e+01)
65      0.161   3.86e-01   6.34e-01   4.29e-01   2.20e+00   0.00e+00 (  8.84e+01,  8.38e+01)
70      0.177   4.13e-01   7.13e-01   5.36e-01   2.49e+00   0.00e+00 (  8.37e+01,  7.52e+01)
75      0.187   4.27e-01   7.66e-01   6.28e-01   2.67e+00   0.00e+00 (  7.69e+01,  6.72e+01)
80      0.186   4.16e-01   7.81e-01   6.73e-01   2.71e+00   0.00e+00 (  6.72e+01,  5.99e+01)
85      0.174   3.75e-01   7.45e-01   6.47e-01   2.58e+00   0.00e+00 (  5.51e+01,  5.33e+01)
90      0.180   3.77e-01   7.58e-01   6.64e-01   2.92e+00   0.00e+00 (  5.17e+01,  4.76e+01)
95      1.810   4.11e+00   5.17e+00   3.56e+00   1.15e+02   0.00e+00 (  1.70e+03,  4.24e+01)
 1 e: 1.108e-02 i: 2.658e-02 :: e: 8.499e-03 i: 1.390e-02 :: n: 2.762e+01 e:17.892 i:18.278 v:4.993e+03
>>> tau_he = 5.000000, nhe(0)=2.286717e+00
 5     -0.002   4.32e-03   2.81e-01   3.14e-03  -7.91e-03   0.00e+00 (  8.19e-01,  2.51e+01)
10     -0.001   2.45e-04  -1.93e-03  -1.18e-03  -4.47e-03   0.00e+00 (  9.88e-02,  5.12e+01)
15      0.004   5.51e-02  -1.52e-02   5.56e-03   2.78e-02   0.00e+00 (  3.47e+01,  7.74e+01)
20      0.007   1.07e-01   5.39e-03   1.98e-02   5.19e-02   0.00e+00 (  7.22e+01,  9.52e+01)
25      0.034   1.20e-01   9.86e-02   3.07e-02   2.92e-01   0.00e+00 (  6.46e+01,  1.08e+02)
30      0.052   1.48e-01   1.44e-01   6.43e-02   4.89e-01   0.00e+00 (  7.01e+01,  1.17e+02)
35      0.052   1.69e-01   1.69e-01   8.91e-02   5.33e-01   0.00e+00 (  7.55e+01,  1.22e+02)
40      0.062   1.97e-01   2.36e-01   1.33e-01   6.88e-01   0.00e+00 (  8.12e+01,  1.21e+02)
45      0.082   2.25e-01   3.01e-01   1.47e-01   9.63e-01   0.00e+00 (  8.42e+01,  1.17e+02)
50      0.121   2.96e-01   4.49e-01   1.96e-01   1.49e+00   0.00e+00 (  9.81e+01,  1.10e+02)
55      0.104   2.83e-01   4.35e-01   2.29e-01   1.34e+00   0.00e+00 (  8.17e+01,  1.01e+02)
60      0.113   3.00e-01   4.65e-01   2.91e-01   1.50e+00   0.00e+00 (  7.42e+01,  9.27e+01)
65      0.128   3.13e-01   5.08e-01   3.44e-01   1.75e+00   0.00e+00 (  6.45e+01,  8.38e+01)
70      0.134   3.20e-01   5.38e-01   4.11e-01   1.88e+00   0.00e+00 (  5.75e+01,  7.52e+01)
75      0.144   3.34e-01   5.85e-01   4.92e-01   2.07e+00   0.00e+00 (  5.38e+01,  6.72e+01)
80      0.154   3.53e-01   6.46e-01   5.64e-01   2.25e+00   0.00e+00 (  5.31e+01,  5.99e+01)
85      0.160   3.58e-01   6.97e-01   6.06e-01   2.37e+00   0.00e+00 (  5.29e+01,  5.33e+01)
90      0.170   3.63e-01   7.27e-01   6.43e-01   2.75e+00   0.00e+00 (  5.09e+01,  4.76e+01)
95      1.816   4.14e+00   5.20e+00   3.57e+00   1.16e+02   0.00e+00 (  1.69e+03,  4.24e+01)
 2 e: 3.457e-03 i: 2.049e-03 :: e: 9.700e-02 i: 1.349e-01 :: n: 2.762e+01 e:19.610 i:20.163 v:4.993e+03
>>> tau_he = 5.000000, nhe(0)=2.341113e+00
 5     -0.003   4.37e-03   2.81e-01   3.44e-03  -1.27e-02   0.00e+00 (  9.95e-01,  2.51e+01)
10     -0.008   8.85e-03   5.64e-02  -2.16e-03  -4.26e-02   0.00e+00 (  4.34e+00,  5.12e+01)
15     -0.012   7.80e-02   1.24e-03   1.14e-02  -7.99e-02   0.00e+00 (  5.75e+01,  7.74e+01)
20     -0.033   1.34e-01   6.86e-02   3.46e-02  -2.51e-01   0.00e+00 (  1.04e+02,  9.52e+01)
25      0.023   1.43e-01   1.20e-01   3.32e-02   2.02e-01   0.00e+00 (  8.97e+01,  1.08e+02)
30      0.041   1.58e-01   1.40e-01   6.49e-02   3.88e-01   0.00e+00 (  8.58e+01,  1.17e+02)
35      0.045   1.83e-01   1.80e-01   9.15e-02   4.67e-01   0.00e+00 (  9.10e+01,  1.22e+02)
40      0.055   2.10e-01   2.41e-01   1.35e-01   6.01e-01   0.00e+00 (  9.36e+01,  1.21e+02)
45      0.073   2.34e-01   2.95e-01   1.43e-01   8.52e-01   0.00e+00 (  9.18e+01,  1.17e+02)
50      0.107   2.88e-01   4.15e-01   1.85e-01   1.32e+00   0.00e+00 (  9.65e+01,  1.10e+02)
55      0.095   2.71e-01   4.02e-01   2.13e-01   1.22e+00   0.00e+00 (  7.70e+01,  1.01e+02)
60      0.103   2.77e-01   4.23e-01   2.65e-01   1.37e+00   0.00e+00 (  6.58e+01,  9.27e+01)
65      0.118   2.82e-01   4.50e-01   3.08e-01   1.61e+00   0.00e+00 (  5.47e+01,  8.38e+01)
70      0.124   2.85e-01   4.76e-01   3.67e-01   1.74e+00   0.00e+00 (  4.74e+01,  7.52e+01)
75      0.134   2.97e-01   5.17e-01   4.42e-01   1.92e+00   0.00e+00 (  4.39e+01,  6.72e+01)
80      0.145   3.16e-01   5.75e-01   5.16e-01   2.11e+00   0.00e+00 (  4.34e+01,  5.99e+01)
85      0.153   3.22e-01   6.30e-01   5.51e-01   2.26e+00   0.00e+00 (  4.32e+01,  5.33e+01)
90      0.162   3.35e-01   6.60e-01   5.84e-01   2.63e+00   0.00e+00 (  4.23e+01,  4.76e+01)
95      1.814   4.16e+00   5.20e+00   3.56e+00   1.16e+02   0.00e+00 (  1.67e+03,  4.24e+01)
 3 e: 3.224e-04 i: 6.980e-04 :: e: 1.414e-01 i: 1.649e-01 :: n: 2.762e+01 e:20.727 i:20.712 v:4.993e+03
>>> tau_he = 5.000000, nhe(0)=2.368388e+00
 5     -0.003   4.44e-03   2.86e-01   3.49e-03  -1.48e-02   0.00e+00 (  1.06e+00,  2.51e+01)
10     -0.002   5.19e-03   4.97e-03  -1.19e-03  -8.45e-03   0.00e+00 (  2.65e+00,  5.12e+01)
15     -0.037   8.20e-02   1.47e-02   1.69e-02  -2.44e-01   0.00e+00 (  6.01e+01,  7.74e+01)
20     -0.010   1.28e-01   6.73e-02   2.37e-02  -7.74e-02   0.00e+00 (  9.70e+01,  9.52e+01)
25      0.024   1.45e-01   1.23e-01   3.29e-02   2.02e-01   0.00e+00 (  9.18e+01,  1.08e+02)
30      0.034   1.61e-01   1.50e-01   6.84e-02   3.23e-01   0.00e+00 (  8.89e+01,  1.17e+02)
35      0.042   1.83e-01   1.92e-01   9.87e-02   4.27e-01   0.00e+00 (  9.19e+01,  1.22e+02)
40      0.057   2.08e-01   2.45e-01   1.46e-01   6.31e-01   0.00e+00 (  9.23e+01,  1.21e+02)
45      0.077   2.32e-01   3.06e-01   1.41e-01   9.04e-01   0.00e+00 (  8.98e+01,  1.17e+02)
50      0.111   2.83e-01   4.27e-01   1.87e-01   1.37e+00   0.00e+00 (  9.25e+01,  1.10e+02)
55      0.098   2.67e-01   4.12e-01   2.19e-01   1.25e+00   0.00e+00 (  7.42e+01,  1.01e+02)
60      0.105   2.74e-01   4.31e-01   2.71e-01   1.40e+00   0.00e+00 (  6.37e+01,  9.27e+01)
65      0.119   2.80e-01   4.59e-01   3.14e-01   1.63e+00   0.00e+00 (  5.32e+01,  8.38e+01)
70      0.122   2.79e-01   4.73e-01   3.65e-01   1.72e+00   0.00e+00 (  4.54e+01,  7.52e+01)
75      0.129   2.84e-01   4.98e-01   4.27e-01   1.84e+00   0.00e+00 (  4.11e+01,  6.72e+01)
80      0.135   2.94e-01   5.37e-01   4.80e-01   1.97e+00   0.00e+00 (  3.92e+01,  5.99e+01)
85      0.140   2.95e-01   5.68e-01   5.02e-01   2.07e+00   0.00e+00 (  3.80e+01,  5.33e+01)
90      0.147   3.05e-01   5.85e-01   5.22e-01   2.39e+00   0.00e+00 (  3.68e+01,  4.76e+01)
95      1.818   4.18e+00   5.21e+00   3.57e+00   1.16e+02   0.00e+00 (  1.67e+03,  4.24e+01)
 4 e: 2.776e-04 i: 1.893e-04 :: e: 1.459e-01 i: 1.703e-01 :: n: 2.762e+01 e:20.633 i:20.992 v:4.993e+03
>>> tau_he = 5.000000, nhe(0)=2.348999e+00
 5     -0.004   4.31e-03   2.81e-01   3.54e-03  -1.58e-02   0.00e+00 (  1.07e+00,  2.51e+01)
10     -0.002   6.60e-03   9.15e-03  -7.08e-04  -9.76e-03   0.00e+00 (  3.48e+00,  5.12e+01)
15     -0.052   8.15e-02   2.56e-02   1.36e-02  -3.43e-01   0.00e+00 (  5.93e+01,  7.74e+01)
20     -0.008   1.25e-01   7.03e-02   2.47e-02  -5.95e-02   0.00e+00 (  9.32e+01,  9.52e+01)
25      0.021   1.45e-01   1.23e-01   3.35e-02   1.80e-01   0.00e+00 (  9.28e+01,  1.08e+02)
30      0.031   1.63e-01   1.52e-01   6.90e-02   2.95e-01   0.00e+00 (  9.17e+01,  1.17e+02)
35      0.039   1.85e-01   1.94e-01   9.92e-02   3.98e-01   0.00e+00 (  9.45e+01,  1.22e+02)
40      0.054   2.10e-01   2.46e-01   1.48e-01   5.90e-01   0.00e+00 (  9.46e+01,  1.21e+02)
45      0.074   2.31e-01   3.01e-01   1.41e-01   8.59e-01   0.00e+00 (  9.00e+01,  1.17e+02)
50      0.104   2.76e-01   4.08e-01   1.82e-01   1.27e+00   0.00e+00 (  8.99e+01,  1.10e+02)
55      0.094   2.62e-01   3.99e-01   2.11e-01   1.20e+00   0.00e+00 (  7.26e+01,  1.01e+02)
60      0.102   2.68e-01   4.18e-01   2.62e-01   1.35e+00   0.00e+00 (  6.19e+01,  9.27e+01)
65      0.116   2.74e-01   4.47e-01   3.07e-01   1.59e+00   0.00e+00 (  5.17e+01,  8.38e+01)
70      0.120   2.72e-01   4.60e-01   3.56e-01   1.68e+00   0.00e+00 (  4.38e+01,  7.52e+01)
75      0.126   2.75e-01   4.81e-01   4.14e-01   1.80e+00   0.00e+00 (  3.89e+01,  6.72e+01)
80      0.132   2.82e-01   5.12e-01   4.60e-01   1.91e+00   0.00e+00 (  3.63e+01,  5.99e+01)
85      0.135   2.82e-01   5.35e-01   4.74e-01   2.00e+00   0.00e+00 (  3.46e+01,  5.33e+01)
90      0.142   2.92e-01   5.48e-01   4.92e-01   2.30e+00   0.00e+00 (  3.31e+01,  4.76e+01)
95      1.819   4.20e+00   5.22e+00   3.57e+00   1.16e+02   0.00e+00 (  1.66e+03,  4.24e+01)
 5 e: 2.511e-04 i: 1.160e-04 :: e: 1.440e-01 i: 1.689e-01 :: n: 2.762e+01 e:20.647 i:20.798 v:4.993e+03
>>> tau_he = 5.000000, nhe(0)=2.334032e+00
 5     -0.004   4.21e-03   2.76e-01   3.49e-03  -1.58e-02   0.00e+00 (  1.05e+00,  2.51e+01)
10     -0.002   6.55e-03   9.60e-03  -6.94e-04  -1.00e-02   0.00e+00 (  3.43e+00,  5.12e+01)
15     -0.035   7.60e-02   2.09e-02   7.93e-03  -2.33e-01   0.00e+00 (  5.32e+01,  7.74e+01)
20     -0.002   1.18e-01   6.86e-02   2.51e-02  -1.64e-02   0.00e+00 (  8.42e+01,  9.52e+01)
25      0.022   1.41e-01   1.19e-01   3.38e-02   1.90e-01   0.00e+00 (  8.75e+01,  1.08e+02)
30      0.032   1.59e-01   1.49e-01   6.88e-02   3.00e-01   0.00e+00 (  8.80e+01,  1.17e+02)
35      0.039   1.81e-01   1.91e-01   9.93e-02   4.04e-01   0.00e+00 (  9.10e+01,  1.22e+02)
40      0.055   2.06e-01   2.46e-01   1.47e-01   6.01e-01   0.00e+00 (  9.12e+01,  1.21e+02)
45      0.073   2.26e-01   2.97e-01   1.39e-01   8.57e-01   0.00e+00 (  8.64e+01,  1.17e+02)
50      0.083   2.41e-01   3.43e-01   1.57e-01   1.02e+00   0.00e+00 (  7.70e+01,  1.10e+02)
55      0.094   2.57e-01   3.96e-01   2.10e-01   1.20e+00   0.00e+00 (  7.01e+01,  1.01e+02)
60      0.102   2.65e-01   4.18e-01   2.62e-01   1.35e+00   0.00e+00 (  6.05e+01,  9.27e+01)
65      0.118   2.74e-01   4.52e-01   3.10e-01   1.61e+00   0.00e+00 (  5.13e+01,  8.38e+01)
70      0.121   2.72e-01   4.64e-01   3.59e-01   1.69e+00   0.00e+00 (  4.35e+01,  7.52e+01)
75      0.125   2.73e-01   4.80e-01   4.12e-01   1.79e+00   0.00e+00 (  3.83e+01,  6.72e+01)
80      0.129   2.76e-01   5.01e-01   4.51e-01   1.88e+00   0.00e+00 (  3.51e+01,  5.99e+01)
85      0.130   2.72e-01   5.12e-01   4.56e-01   1.93e+00   0.00e+00 (  3.27e+01,  5.33e+01)
90      0.135   2.78e-01   5.13e-01   4.61e-01   2.19e+00   0.00e+00 (  3.07e+01,  4.76e+01)
95      1.820   4.20e+00   5.22e+00   3.57e+00   1.16e+02   0.00e+00 (  1.66e+03,  4.24e+01)
 6 e: 9.944e-05 i: 1.915e-04 :: e: 1.358e-01 i: 1.516e-01 :: n: 2.762e+01 e:20.285 i:20.647 v:4.993e+03
>>> tau_he = 5.000000, nhe(0)=2.303438e+00
 5     -0.004   4.06e-03   2.69e-01   3.47e-03  -1.57e-02   0.00e+00 (  1.01e+00,  2.51e+01)
10     -0.002   6.60e-03   1.03e-02  -6.82e-04  -1.05e-02   0.00e+00 (  3.46e+00,  5.12e+01)
15     -0.022   7.35e-02   2.34e-02   7.97e-03  -1.46e-01   0.00e+00 (  5.01e+01,  7.74e+01)
20     -0.003   1.07e-01   6.99e-02   2.31e-02  -1.93e-02   0.00e+00 (  7.39e+01,  9.52e+01)
25      0.022   1.36e-01   1.16e-01   3.45e-02   1.92e-01   0.00e+00 (  8.34e+01,  1.08e+02)
30      0.031   1.57e-01   1.47e-01   6.96e-02   2.93e-01   0.00e+00 (  8.61e+01,  1.17e+02)
35      0.038   1.80e-01   1.90e-01   1.00e-01   3.95e-01   0.00e+00 (  8.98e+01,  1.22e+02)
40      0.053   2.04e-01   2.42e-01   1.46e-01   5.83e-01   0.00e+00 (  8.95e+01,  1.21e+02)
45      0.071   2.23e-01   2.90e-01   1.40e-01   8.24e-01   0.00e+00 (  8.45e+01,  1.17e+02)
50      0.081   2.38e-01   3.37e-01   1.58e-01   9.97e-01   0.00e+00 (  7.56e+01,  1.10e+02)
55      0.091   2.54e-01   3.87e-01   2.08e-01   1.17e+00   0.00e+00 (  6.86e+01,  1.01e+02)
60      0.100   2.61e-01   4.10e-01   2.59e-01   1.32e+00   0.00e+00 (  5.93e+01,  9.27e+01)
65      0.116   2.72e-01   4.47e-01   3.07e-01   1.59e+00   0.00e+00 (  5.08e+01,  8.38e+01)
70      0.120   2.71e-01   4.61e-01   3.57e-01   1.68e+00   0.00e+00 (  4.32e+01,  7.52e+01)
75      0.124   2.72e-01   4.76e-01   4.09e-01   1.78e+00   0.00e+00 (  3.79e+01,  6.72e+01)
80      0.128   2.72e-01   4.94e-01   4.45e-01   1.86e+00   0.00e+00 (  3.43e+01,  5.99e+01)
85      0.128   2.67e-01   5.00e-01   4.46e-01   1.90e+00   0.00e+00 (  3.16e+01,  5.33e+01)
90      0.132   2.73e-01   4.98e-01   4.49e-01   2.15e+00   0.00e+00 (  2.94e+01,  4.76e+01)
95      1.820   4.21e+00   5.23e+00   3.57e+00   1.16e+02   0.00e+00 (  1.66e+03,  4.24e+01)
 7 e: 1.707e-04 i: 1.013e-04 :: e: 1.250e-01 i: 1.414e-01 :: n: 2.762e+01 e:20.093 i:20.346 v:4.993e+03
>>> tau_he = 5.000000, nhe(0)=2.282124e+00
 5     -0.004   3.95e-03   2.63e-01   3.41e-03  -1.53e-02   0.00e+00 (  9.78e-01,  2.51e+01)
10     -0.002   7.33e-03   9.12e-03  -7.72e-04  -1.30e-02   0.00e+00 (  3.79e+00,  5.12e+01)
15     -0.007   6.83e-02   1.94e-02   9.30e-03  -4.68e-02   0.00e+00 (  4.51e+01,  7.74e+01)
20      0.001   1.04e-01   6.70e-02   2.36e-02   6.72e-03   0.00e+00 (  6.90e+01,  9.52e+01)
25      0.023   1.31e-01   1.11e-01   3.48e-02   1.97e-01   0.00e+00 (  7.83e+01,  1.08e+02)
30      0.042   1.57e-01   1.57e-01   6.64e-02   4.01e-01   0.00e+00 (  8.43e+01,  1.17e+02)
35      0.044   1.74e-01   1.80e-01   9.47e-02   4.52e-01   0.00e+00 (  8.48e+01,  1.22e+02)
40      0.052   1.99e-01   2.36e-01   1.44e-01   5.77e-01   0.00e+00 (  8.56e+01,  1.21e+02)
45      0.069   2.18e-01   2.82e-01   1.39e-01   8.09e-01   0.00e+00 (  8.10e+01,  1.17e+02)
50      0.080   2.33e-01   3.30e-01   1.57e-01   9.83e-01   0.00e+00 (  7.25e+01,  1.10e+02)
55      0.091   2.49e-01   3.80e-01   2.06e-01   1.16e+00   0.00e+00 (  6.63e+01,  1.01e+02)
60      0.099   2.57e-01   4.04e-01   2.56e-01   1.31e+00   0.00e+00 (  5.76e+01,  9.27e+01)
65      0.117   2.70e-01   4.46e-01   3.06e-01   1.59e+00   0.00e+00 (  5.02e+01,  8.38e+01)
70      0.121   2.71e-01   4.62e-01   3.58e-01   1.69e+00   0.00e+00 (  4.30e+01,  7.52e+01)
75      0.125   2.72e-01   4.76e-01   4.10e-01   1.79e+00   0.00e+00 (  3.78e+01,  6.72e+01)
80      0.127   2.71e-01   4.92e-01   4.44e-01   1.85e+00   0.00e+00 (  3.40e+01,  5.99e+01)
85      0.127   2.64e-01   4.93e-01   4.41e-01   1.88e+00   0.00e+00 (  3.09e+01,  5.33e+01)
90      0.131   2.69e-01   4.88e-01   4.41e-01   2.12e+00   0.00e+00 (  2.87e+01,  4.76e+01)
95      1.820   4.21e+00   5.23e+00   3.57e+00   1.16e+02   0.00e+00 (  1.65e+03,  4.24e+01)
 8 e: 6.036e-05 i: 1.384e-04 :: e: 1.161e-01 i: 1.289e-01 :: n: 2.762e+01 e:19.762 i:20.138 v:4.993e+03
>>> tau_he = 5.000000, nhe(0)=2.254699e+00
 5     -0.003   3.83e-03   2.56e-01   3.37e-03  -1.50e-02   0.00e+00 (  9.44e-01,  2.51e+01)
10     -0.002   5.70e-03   9.72e-03  -1.09e-03  -1.25e-02   0.00e+00 (  2.92e+00,  5.12e+01)
15     -0.006   6.59e-02   1.96e-02   9.40e-03  -3.67e-02   0.00e+00 (  4.25e+01,  7.74e+01)
20      0.001   1.03e-01   6.39e-02   2.13e-02   9.13e-03   0.00e+00 (  6.70e+01,  9.52e+01)
25      0.023   1.28e-01   1.09e-01   3.56e-02   1.96e-01   0.00e+00 (  7.49e+01,  1.08e+02)
30      0.040   1.57e-01   1.54e-01   6.56e-02   3.81e-01   0.00e+00 (  8.29e+01,  1.17e+02)
35      0.044   1.72e-01   1.79e-01   9.51e-02   4.48e-01   0.00e+00 (  8.28e+01,  1.22e+02)
40      0.052   1.96e-01   2.33e-01   1.42e-01   5.68e-01   0.00e+00 (  8.35e+01,  1.21e+02)
45      0.068   2.15e-01   2.78e-01   1.39e-01   7.91e-01   0.00e+00 (  7.91e+01,  1.17e+02)
50      0.081   2.31e-01   3.19e-01   1.53e-01   9.96e-01   0.00e+00 (  7.16e+01,  1.10e+02)
55      0.089   2.46e-01   3.74e-01   2.05e-01   1.14e+00   0.00e+00 (  6.51e+01,  1.01e+02)
60      0.097   2.54e-01   3.99e-01   2.50e-01   1.29e+00   0.00e+00 (  5.68e+01,  9.27e+01)
65      0.116   2.69e-01   4.43e-01   3.04e-01   1.58e+00   0.00e+00 (  4.99e+01,  8.38e+01)
70      0.120   2.71e-01   4.62e-01   3.57e-01   1.69e+00   0.00e+00 (  4.31e+01,  7.52e+01)
75      0.125   2.72e-01   4.76e-01   4.10e-01   1.78e+00   0.00e+00 (  3.78e+01,  6.72e+01)
80      0.127   2.70e-01   4.90e-01   4.42e-01   1.85e+00   0.00e+00 (  3.39e+01,  5.99e+01)
85      0.126   2.62e-01   4.88e-01   4.37e-01   1.87e+00   0.00e+00 (  3.06e+01,  5.33e+01)
90      0.130   2.67e-01   4.81e-01   4.35e-01   2.10e+00   0.00e+00 (  2.82e+01,  4.76e+01)
95      1.820   4.21e+00   5.23e+00   3.57e+00   1.16e+02   0.00e+00 (  1.65e+03,  4.24e+01)
 9 e: 1.053e-04 i: 6.719e-05 :: e: 1.073e-01 i: 1.181e-01 :: n: 2.762e+01 e:19.578 i:19.877 v:4.993e+03
>>> tau_he = 5.000000, nhe(0)=2.236957e+00
 5     -0.003   3.75e-03   2.52e-01   3.32e-03  -1.46e-02   0.00e+00 (  9.16e-01,  2.51e+01)
10     -0.009   1.01e-02   5.11e-02  -2.42e-03  -4.87e-02   0.00e+00 (  5.10e+00,  5.12e+01)
15     -0.004   6.39e-02   1.84e-02   9.41e-03  -2.39e-02   0.00e+00 (  4.01e+01,  7.74e+01)
20      0.004   9.96e-02   6.18e-02   2.17e-02   2.68e-02   0.00e+00 (  6.28e+01,  9.52e+01)
25      0.023   1.24e-01   1.05e-01   3.56e-02   1.98e-01   0.00e+00 (  7.11e+01,  1.08e+02)
30      0.040   1.53e-01   1.50e-01   6.49e-02   3.77e-01   0.00e+00 (  7.96e+01,  1.17e+02)
35      0.043   1.68e-01   1.74e-01   9.39e-02   4.45e-01   0.00e+00 (  7.97e+01,  1.22e+02)
40      0.050   1.95e-01   2.25e-01   1.37e-01   5.53e-01   0.00e+00 (  8.13e+01,  1.21e+02)
45      0.066   2.11e-01   2.70e-01   1.38e-01   7.76e-01   0.00e+00 (  7.62e+01,  1.17e+02)
50      0.080   2.27e-01   3.12e-01   1.53e-01   9.81e-01   0.00e+00 (  6.94e+01,  1.10e+02)
55      0.088   2.42e-01   3.67e-01   2.03e-01   1.13e+00   0.00e+00 (  6.32e+01,  1.01e+02)
60      0.096   2.50e-01   3.92e-01   2.46e-01   1.28e+00   0.00e+00 (  5.54e+01,  9.27e+01)
65      0.116   2.67e-01   4.40e-01   3.02e-01   1.58e+00   0.00e+00 (  4.93e+01,  8.38e+01)
70      0.121   2.70e-01   4.61e-01   3.57e-01   1.69e+00   0.00e+00 (  4.28e+01,  7.52e+01)
75      0.125   2.72e-01   4.77e-01   4.11e-01   1.79e+00   0.00e+00 (  3.78e+01,  6.72e+01)
80      0.128   2.71e-01   4.91e-01   4.43e-01   1.86e+00   0.00e+00 (  3.38e+01,  5.99e+01)
85      0.126   2.61e-01   4.87e-01   4.36e-01   1.87e+00   0.00e+00 (  3.03e+01,  5.33e+01)
90      0.129   2.66e-01   4.79e-01   4.33e-01   2.10e+00   0.00e+00 (  2.79e+01,  4.76e+01)
95      1.819   4.21e+00   5.23e+00   3.57e+00   1.16e+02   0.00e+00 (  1.65e+03,  4.24e+01)
10 e: 3.319e-05 i: 1.004e-04 :: e: 9.968e-02 i: 1.097e-01 :: n: 2.762e+01 e:19.319 i:19.711 v:4.993e+03
>>> tau_he = 5.000000, nhe(0)=2.211868e+00
 5     -0.003   3.65e-03   2.47e-01   3.30e-03  -1.42e-02   0.00e+00 (  8.88e-01,  2.51e+01)
10     -0.008   9.62e-03   4.99e-02  -2.31e-03  -4.63e-02   0.00e+00 (  4.82e+00,  5.12e+01)
15     -0.002   6.21e-02   1.75e-02   9.45e-03  -1.56e-02   0.00e+00 (  3.83e+01,  7.74e+01)
20      0.005   9.70e-02   6.12e-02   2.25e-02   3.70e-02   0.00e+00 (  6.00e+01,  9.52e+01)
25      0.029   1.20e-01   1.01e-01   3.49e-02   2.49e-01   0.00e+00 (  6.76e+01,  1.08e+02)
30      0.039   1.51e-01   1.48e-01   6.53e-02   3.73e-01   0.00e+00 (  7.76e+01,  1.17e+02)
35      0.043   1.67e-01   1.73e-01   9.39e-02   4.39e-01   0.00e+00 (  7.81e+01,  1.22e+02)
40      0.052   1.91e-01   2.19e-01   1.30e-01   5.77e-01   0.00e+00 (  7.91e+01,  1.21e+02)
45      0.065   2.09e-01   2.67e-01   1.39e-01   7.64e-01   0.00e+00 (  7.49e+01,  1.17e+02)
50      0.079   2.26e-01   3.09e-01   1.53e-01   9.69e-01   0.00e+00 (  6.85e+01,  1.10e+02)
55      0.087   2.39e-01   3.64e-01   2.03e-01   1.11e+00   0.00e+00 (  6.23e+01,  1.01e+02)
60      0.095   2.49e-01   3.93e-01   2.43e-01   1.26e+00   0.00e+00 (  5.50e+01,  9.27e+01)
65      0.115   2.67e-01   4.39e-01   3.02e-01   1.57e+00   0.00e+00 (  4.93e+01,  8.38e+01)
70      0.121   2.71e-01   4.62e-01   3.58e-01   1.69e+00   0.00e+00 (  4.30e+01,  7.52e+01)
75      0.125   2.73e-01   4.78e-01   4.12e-01   1.79e+00   0.00e+00 (  3.80e+01,  6.72e+01)
80      0.127   2.71e-01   4.91e-01   4.43e-01   1.85e+00   0.00e+00 (  3.39e+01,  5.99e+01)
85      0.126   2.61e-01   4.85e-01   4.34e-01   1.86e+00   0.00e+00 (  3.03e+01,  5.33e+01)
90      0.129   2.65e-01   4.75e-01   4.30e-01   2.09e+00   0.00e+00 (  2.77e+01,  4.76e+01)
95      1.820   4.22e+00   5.23e+00   3.57e+00   1.16e+02   0.00e+00 (  1.65e+03,  4.24e+01)
11 e: 6.656e-05 i: 4.930e-05 :: e: 9.076e-02 i: 9.759e-02 :: n: 2.762e+01 e:19.184 i:19.480 v:4.993e+03
>>> tau_he = 5.000000, nhe(0)=2.196376e+00
 5     -0.003   3.59e-03   2.45e-01   3.26e-03  -1.38e-02   0.00e+00 (  8.63e-01,  2.51e+01)
10     -0.008   8.19e-03   4.91e-02  -2.29e-03  -4.35e-02   0.00e+00 (  4.04e+00,  5.12e+01)
15     -0.003   5.91e-02   1.15e-02   7.70e-03  -2.26e-02   0.00e+00 (  3.57e+01,  7.74e+01)
20      0.008   9.21e-02   5.91e-02   2.25e-02   6.25e-02   0.00e+00 (  5.57e+01,  9.52e+01)
25      0.029   1.17e-01   9.74e-02   3.46e-02   2.46e-01   0.00e+00 (  6.48e+01,  1.08e+02)
30      0.039   1.49e-01   1.43e-01   6.43e-02   3.69e-01   0.00e+00 (  7.50e+01,  1.17e+02)
35      0.042   1.64e-01   1.69e-01   9.24e-02   4.36e-01   0.00e+00 (  7.58e+01,  1.22e+02)
40      0.052   1.88e-01   2.14e-01   1.26e-01   5.72e-01   0.00e+00 (  7.68e+01,  1.21e+02)
45      0.069   2.09e-01   2.61e-01   1.40e-01   8.06e-01   0.00e+00 (  7.41e+01,  1.17e+02)
50      0.078   2.22e-01   3.02e-01   1.51e-01   9.57e-01   0.00e+00 (  6.68e+01,  1.10e+02)
55      0.088   2.38e-01   3.57e-01   2.02e-01   1.13e+00   0.00e+00 (  6.14e+01,  1.01e+02)
60      0.094   2.46e-01   3.87e-01   2.38e-01   1.25e+00   0.00e+00 (  5.39e+01,  9.27e+01)
65      0.115   2.66e-01   4.36e-01   3.00e-01   1.57e+00   0.00e+00 (  4.87e+01,  8.38e+01)
70      0.120   2.67e-01   4.49e-01   3.53e-01   1.68e+00   0.00e+00 (  4.23e+01,  7.52e+01)
75      0.126   2.73e-01   4.79e-01   4.12e-01   1.80e+00   0.00e+00 (  3.80e+01,  6.72e+01)
80      0.128   2.71e-01   4.93e-01   4.44e-01   1.86e+00   0.00e+00 (  3.39e+01,  5.99e+01)
85      0.127   2.61e-01   4.87e-01   4.35e-01   1.87e+00   0.00e+00 (  3.02e+01,  5.33e+01)
90      0.129   2.66e-01   4.76e-01   4.31e-01   2.10e+00   0.00e+00 (  2.76e+01,  4.76e+01)
95      1.819   4.22e+00   5.23e+00   3.57e+00   1.16e+02   0.00e+00 (  1.65e+03,  4.24e+01)
12 e: 1.635e-05 i: 5.699e-05 :: e: 8.322e-02 i: 8.885e-02 :: n: 2.762e+01 e:18.974 i:19.338 v:4.993e+03
>>> tau_he = 5.000000, nhe(0)=2.177659e+00
 5     -0.003   3.52e-03   2.41e-01   3.23e-03  -1.35e-02   0.00e+00 (  8.42e-01,  2.51e+01)
10     -0.008   7.91e-03   4.84e-02  -2.20e-03  -4.16e-02   0.00e+00 (  3.87e+00,  5.12e+01)
15     -0.001   5.88e-02   6.05e-03   8.29e-03  -9.78e-03   0.00e+00 (  3.50e+01,  7.74e+01)
20      0.009   9.06e-02   5.91e-02   2.03e-02   7.17e-02   0.00e+00 (  5.40e+01,  9.52e+01)
25      0.026   1.15e-01   9.65e-02   3.46e-02   2.23e-01   0.00e+00 (  6.32e+01,  1.08e+02)
30      0.039   1.47e-01   1.42e-01   6.48e-02   3.66e-01   0.00e+00 (  7.37e+01,  1.17e+02)
35      0.042   1.63e-01   1.68e-01   9.26e-02   4.34e-01   0.00e+00 (  7.47e+01,  1.22e+02)
40      0.052   1.87e-01   2.14e-01   1.25e-01   5.69e-01   0.00e+00 (  7.59e+01,  1.21e+02)
45      0.068   2.08e-01   2.59e-01   1.41e-01   7.98e-01   0.00e+00 (  7.32e+01,  1.17e+02)
50      0.077   2.21e-01   3.01e-01   1.52e-01   9.51e-01   0.00e+00 (  6.64e+01,  1.10e+02)
55      0.087   2.37e-01   3.56e-01   2.02e-01   1.12e+00   0.00e+00 (  6.11e+01,  1.01e+02)
60      0.094   2.46e-01   3.87e-01   2.38e-01   1.24e+00   0.00e+00 (  5.39e+01,  9.27e+01)
65      0.115   2.66e-01   4.37e-01   3.00e-01   1.57e+00   0.00e+00 (  4.89e+01,  8.38e+01)
70      0.121   2.72e-01   4.64e-01   3.59e-01   1.70e+00   0.00e+00 (  4.32e+01,  7.52e+01)
75      0.126   2.74e-01   4.81e-01   4.13e-01   1.80e+00   0.00e+00 (  3.83e+01,  6.72e+01)
80      0.128   2.72e-01   4.93e-01   4.45e-01   1.86e+00   0.00e+00 (  3.41e+01,  5.99e+01)
85      0.126   2.61e-01   4.85e-01   4.34e-01   1.86e+00   0.00e+00 (  3.02e+01,  5.33e+01)
90      0.129   2.64e-01   4.74e-01   4.29e-01   2.08e+00   0.00e+00 (  2.75e+01,  4.76e+01)
95      1.819   4.22e+00   5.23e+00   3.57e+00   1.16e+02   0.00e+00 (  1.65e+03,  4.24e+01)
13 e: 3.383e-05 i: 2.534e-05 :: e: 7.547e-02 i: 7.864e-02 :: n: 2.762e+01 e:18.885 i:19.170 v:4.993e+03
>>> tau_he = 5.000000, nhe(0)=2.168432e+00
 5     -0.003   3.49e-03   2.40e-01   3.20e-03  -1.32e-02   0.00e+00 (  8.26e-01,  2.51e+01)
10     -0.007   7.68e-03   4.77e-02  -2.10e-03  -3.96e-02   0.00e+00 (  3.71e+00,  5.12e+01)
15      0.000   5.68e-02   5.66e-03   7.26e-03   8.04e-04   0.00e+00 (  3.33e+01,  7.74e+01)
20      0.010   8.87e-02   5.76e-02   2.03e-02   7.82e-02   0.00e+00 (  5.20e+01,  9.52e+01)
25      0.026   1.13e-01   9.38e-02   3.42e-02   2.21e-01   0.00e+00 (  6.14e+01,  1.08e+02)
30      0.038   1.45e-01   1.39e-01   6.37e-02   3.63e-01   0.00e+00 (  7.19e+01,  1.17e+02)
35      0.042   1.61e-01   1.65e-01   9.11e-02   4.31e-01   0.00e+00 (  7.31e+01,  1.22e+02)
40      0.051   1.85e-01   2.09e-01   1.21e-01   5.64e-01   0.00e+00 (  7.43e+01,  1.21e+02)
45      0.067   2.05e-01   2.53e-01   1.40e-01   7.86e-01   0.00e+00 (  7.15e+01,  1.17e+02)
50      0.077   2.19e-01   2.96e-01   1.50e-01   9.41e-01   0.00e+00 (  6.52e+01,  1.10e+02)
55      0.087   2.35e-01   3.50e-01   2.00e-01   1.11e+00   0.00e+00 (  6.00e+01,  1.01e+02)
60      0.093   2.44e-01   3.82e-01   2.35e-01   1.24e+00   0.00e+00 (  5.31e+01,  9.27e+01)
65      0.115   2.65e-01   4.34e-01   2.99e-01   1.57e+00   0.00e+00 (  4.85e+01,  8.38e+01)
70      0.120   2.68e-01   4.51e-01   3.55e-01   1.69e+00   0.00e+00 (  4.25e+01,  7.52e+01)
75      0.127   2.75e-01   4.82e-01   4.14e-01   1.81e+00   0.00e+00 (  3.83e+01,  6.72e+01)
80      0.129   2.73e-01   4.95e-01   4.46e-01   1.87e+00   0.00e+00 (  3.42e+01,  5.99e+01)
85      0.127   2.62e-01   4.88e-01   4.36e-01   1.88e+00   0.00e+00 (  3.02e+01,  5.33e+01)
90      0.129   2.66e-01   4.76e-01   4.31e-01   2.10e+00   0.00e+00 (  2.75e+01,  4.76e+01)
95      1.819   4.22e+00   5.22e+00   3.57e+00   1.16e+02   0.00e+00 (  1.65e+03,  4.24e+01)
14 e: 6.862e-06 i: 2.784e-05 :: e: 7.065e-02 i: 7.278e-02 :: n: 2.762e+01 e:18.737 i:19.088 v:4.993e+03
>>> tau_he = 5.000000, nhe(0)=2.155801e+00
 5     -0.003   3.45e-03   2.38e-01   3.19e-03  -1.30e-02   0.00e+00 (  8.13e-01,  2.51e+01)
10     -0.007   7.49e-03   4.73e-02  -2.04e-03  -3.84e-02   0.00e+00 (  3.60e+00,  5.12e+01)
15      0.009   5.62e-02   6.86e-03   1.10e-02   6.11e-02   0.00e+00 (  3.26e+01,  7.74e+01)
20      0.004   8.47e-02   5.98e-02   1.99e-02   3.25e-02   0.00e+00 (  4.93e+01,  9.52e+01)
25      0.026   1.12e-01   9.33e-02   3.44e-02   2.21e-01   0.00e+00 (  6.06e+01,  1.08e+02)
30      0.038   1.45e-01   1.38e-01   6.41e-02   3.62e-01   0.00e+00 (  7.12e+01,  1.17e+02)
35      0.042   1.61e-01   1.65e-01   9.14e-02   4.30e-01   0.00e+00 (  7.26e+01,  1.22e+02)
40      0.051   1.84e-01   2.09e-01   1.20e-01   5.62e-01   0.00e+00 (  7.39e+01,  1.21e+02)
45      0.067   2.05e-01   2.53e-01   1.40e-01   7.83e-01   0.00e+00 (  7.12e+01,  1.17e+02)
50      0.076   2.19e-01   2.97e-01   1.50e-01   9.39e-01   0.00e+00 (  6.52e+01,  1.10e+02)
55      0.086   2.35e-01   3.51e-01   2.00e-01   1.11e+00   0.00e+00 (  6.01e+01,  1.01e+02)
60      0.093   2.44e-01   3.83e-01   2.36e-01   1.23e+00   0.00e+00 (  5.34e+01,  9.27e+01)
65      0.115   2.66e-01   4.36e-01   3.00e-01   1.57e+00   0.00e+00 (  4.89e+01,  8.38e+01)
70      0.121   2.70e-01   4.54e-01   3.57e-01   1.69e+00   0.00e+00 (  4.30e+01,  7.52e+01)
75      0.127   2.76e-01   4.84e-01   4.16e-01   1.81e+00   0.00e+00 (  3.86e+01,  6.72e+01)
80      0.128   2.73e-01   4.96e-01   4.47e-01   1.87e+00   0.00e+00 (  3.44e+01,  5.99e+01)
85      0.126   2.61e-01   4.87e-01   4.36e-01   1.87e+00   0.00e+00 (  3.03e+01,  5.33e+01)
90      0.129   2.65e-01   4.74e-01   4.29e-01   2.09e+00   0.00e+00 (  2.75e+01,  4.76e+01)
95      1.819   4.22e+00   5.23e+00   3.57e+00   1.16e+02   0.00e+00 (  1.65e+03,  4.24e+01)
15 e: 1.469e-05 i: 1.237e-05 :: e: 6.270e-02 i: 6.421e-02 :: n: 2.762e+01 e:18.698 i:18.977 v:4.993e+03
>>> tau_he = 5.000000, nhe(0)=2.151678e+00
 5     -0.003   3.43e-03   2.38e-01   3.17e-03  -1.28e-02   0.00e+00 (  8.04e-01,  2.51e+01)
10     -0.006   7.27e-03   4.58e-02  -1.72e-03  -3.49e-02   0.00e+00 (  3.46e+00,  5.12e+01)
15      0.010   5.53e-02   5.82e-03   1.09e-02   6.35e-02   0.00e+00 (  3.17e+01,  7.74e+01)
20      0.005   8.36e-02   5.84e-02   1.99e-02   3.71e-02   0.00e+00 (  4.81e+01,  9.52e+01)
25      0.026   1.11e-01   9.11e-02   3.39e-02   2.19e-01   0.00e+00 (  5.95e+01,  1.08e+02)
30      0.038   1.43e-01   1.36e-01   6.31e-02   3.59e-01   0.00e+00 (  7.01e+01,  1.17e+02)
35      0.042   1.59e-01   1.62e-01   9.00e-02   4.27e-01   0.00e+00 (  7.16e+01,  1.22e+02)
40      0.051   1.83e-01   2.06e-01   1.17e-01   5.58e-01   0.00e+00 (  7.29e+01,  1.21e+02)
45      0.067   2.02e-01   2.46e-01   1.37e-01   7.79e-01   0.00e+00 (  6.99e+01,  1.17e+02)
50      0.076   2.17e-01   2.93e-01   1.49e-01   9.32e-01   0.00e+00 (  6.45e+01,  1.10e+02)
55      0.086   2.33e-01   3.47e-01   1.99e-01   1.10e+00   0.00e+00 (  5.94e+01,  1.01e+02)
60      0.093   2.43e-01   3.79e-01   2.34e-01   1.23e+00   0.00e+00 (  5.29e+01,  9.27e+01)
65      0.115   2.66e-01   4.35e-01   2.99e-01   1.57e+00   0.00e+00 (  4.87e+01,  8.38e+01)
70      0.121   2.70e-01   4.55e-01   3.58e-01   1.70e+00   0.00e+00 (  4.30e+01,  7.52e+01)
75      0.128   2.77e-01   4.86e-01   4.17e-01   1.83e+00   0.00e+00 (  3.87e+01,  6.72e+01)
80      0.130   2.74e-01   4.99e-01   4.49e-01   1.88e+00   0.00e+00 (  3.45e+01,  5.99e+01)
85      0.128   2.63e-01   4.90e-01   4.39e-01   1.89e+00   0.00e+00 (  3.04e+01,  5.33e+01)
90      0.130   2.67e-01   4.78e-01   4.32e-01   2.11e+00   0.00e+00 (  2.75e+01,  4.76e+01)
95      1.819   4.22e+00   5.22e+00   3.57e+00   1.16e+02   0.00e+00 (  1.65e+03,  4.24e+01)
16 e: 5.603e-06 i: 1.150e-05 :: e: 5.726e-02 i: 5.850e-02 :: n: 2.762e+01 e:18.600 i:18.940 v:4.993e+03
>>> tau_he = 5.000000, nhe(0)=2.143889e+00
 5     -0.003   3.41e-03   2.37e-01   3.17e-03  -1.26e-02   0.00e+00 (  7.96e-01,  2.51e+01)
10     -0.002   1.38e-03  -4.21e-03  -1.21e-03  -1.17e-02   0.00e+00 (  6.52e-01,  5.12e+01)
15      0.010   5.48e-02   5.76e-03   1.09e-02   6.48e-02   0.00e+00 (  3.13e+01,  7.74e+01)
20      0.005   8.31e-02   5.86e-02   2.02e-02   3.98e-02   0.00e+00 (  4.76e+01,  9.52e+01)
25      0.025   1.10e-01   9.10e-02   3.42e-02   2.18e-01   0.00e+00 (  5.91e+01,  1.08e+02)
30      0.038   1.43e-01   1.36e-01   6.36e-02   3.58e-01   0.00e+00 (  6.97e+01,  1.17e+02)
35      0.042   1.59e-01   1.63e-01   9.04e-02   4.27e-01   0.00e+00 (  7.16e+01,  1.22e+02)
40      0.051   1.83e-01   2.07e-01   1.17e-01   5.58e-01   0.00e+00 (  7.30e+01,  1.21e+02)
45      0.067   2.03e-01   2.48e-01   1.38e-01   7.80e-01   0.00e+00 (  7.02e+01,  1.17e+02)
50      0.076   2.18e-01   2.95e-01   1.50e-01   9.35e-01   0.00e+00 (  6.49e+01,  1.10e+02)
55      0.086   2.34e-01   3.49e-01   2.00e-01   1.10e+00   0.00e+00 (  5.99e+01,  1.01e+02)
60      0.093   2.44e-01   3.82e-01   2.35e-01   1.23e+00   0.00e+00 (  5.34e+01,  9.27e+01)
65      0.115   2.67e-01   4.38e-01   3.01e-01   1.58e+00   0.00e+00 (  4.93e+01,  8.38e+01)
70      0.122   2.72e-01   4.59e-01   3.61e-01   1.71e+00   0.00e+00 (  4.36e+01,  7.52e+01)
75      0.128   2.78e-01   4.89e-01   4.19e-01   1.83e+00   0.00e+00 (  3.91e+01,  6.72e+01)
80      0.129   2.75e-01   5.01e-01   4.50e-01   1.88e+00   0.00e+00 (  3.48e+01,  5.99e+01)
85      0.127   2.63e-01   4.91e-01   4.39e-01   1.88e+00   0.00e+00 (  3.06e+01,  5.33e+01)
90      0.129   2.66e-01   4.77e-01   4.31e-01   2.10e+00   0.00e+00 (  2.76e+01,  4.76e+01)
95      1.819   4.22e+00   5.23e+00   3.57e+00   1.16e+02   0.00e+00 (  1.65e+03,  4.24e+01)
17 e: 5.265e-06 i: 1.197e-05 :: e: 5.045e-02 i: 5.137e-02 :: n: 2.762e+01 e:18.603 i:18.872 v:4.993e+03
>>> tau_he = 5.000000, nhe(0)=2.147223e+00
 5     -0.003   3.42e-03   2.38e-01   3.16e-03  -1.25e-02   0.00e+00 (  7.94e-01,  2.51e+01)
10     -0.002   1.38e-03  -4.23e-03  -1.21e-03  -1.17e-02   0.00e+00 (  6.53e-01,  5.12e+01)
15      0.010   5.47e-02   5.69e-03   1.09e-02   6.78e-02   0.00e+00 (  3.10e+01,  7.74e+01)
20      0.006   8.25e-02   5.76e-02   2.01e-02   4.30e-02   0.00e+00 (  4.70e+01,  9.52e+01)
25      0.025   1.10e-01   8.94e-02   3.37e-02   2.17e-01   0.00e+00 (  5.85e+01,  1.08e+02)
30      0.038   1.42e-01   1.34e-01   6.26e-02   3.57e-01   0.00e+00 (  6.91e+01,  1.17e+02)
35      0.042   1.59e-01   1.60e-01   8.92e-02   4.33e-01   0.00e+00 (  7.10e+01,  1.22e+02)
40      0.055   1.85e-01   1.96e-01   1.15e-01   6.07e-01   0.00e+00 (  7.35e+01,  1.21e+02)
45      0.066   2.02e-01   2.44e-01   1.37e-01   7.74e-01   0.00e+00 (  6.96e+01,  1.17e+02)
50      0.076   2.18e-01   2.92e-01   1.49e-01   9.31e-01   0.00e+00 (  6.46e+01,  1.10e+02)
55      0.086   2.33e-01   3.46e-01   1.98e-01   1.10e+00   0.00e+00 (  5.96e+01,  1.01e+02)
60      0.093   2.43e-01   3.79e-01   2.34e-01   1.23e+00   0.00e+00 (  5.32e+01,  9.27e+01)
65      0.116   2.68e-01   4.38e-01   3.01e-01   1.58e+00   0.00e+00 (  4.93e+01,  8.38e+01)
70      0.123   2.73e-01   4.60e-01   3.62e-01   1.72e+00   0.00e+00 (  4.37e+01,  7.52e+01)
75      0.129   2.79e-01   4.91e-01   4.21e-01   1.84e+00   0.00e+00 (  3.93e+01,  6.72e+01)
80      0.131   2.77e-01   5.04e-01   4.53e-01   1.90e+00   0.00e+00 (  3.50e+01,  5.99e+01)
85      0.129   2.65e-01   4.95e-01   4.42e-01   1.90e+00   0.00e+00 (  3.07e+01,  5.33e+01)
90      0.131   2.68e-01   4.82e-01   4.35e-01   2.12e+00   0.00e+00 (  2.77e+01,  4.76e+01)
95      1.818   4.21e+00   5.22e+00   3.57e+00   1.16e+02   0.00e+00 (  1.65e+03,  4.24e+01)
18 e: 1.077e-05 i: 6.140e-06 :: e: 4.436e-02 i: 4.703e-02 :: n: 2.762e+01 e:18.546 i:18.900 v:4.993e+03
>>> tau_he = 5.000000, nhe(0)=2.146286e+00
 5     -0.003   3.42e-03   2.37e-01   3.16e-03  -1.25e-02   0.00e+00 (  7.94e-01,  2.51e+01)
10     -0.006   7.24e-03   4.56e-02  -1.74e-03  -3.47e-02   0.00e+00 (  3.43e+00,  5.12e+01)
15      0.003   5.33e-02   5.47e-03   7.25e-03   2.21e-02   0.00e+00 (  3.02e+01,  7.74e+01)
20      0.006   8.25e-02   5.81e-02   2.03e-02   4.39e-02   0.00e+00 (  4.70e+01,  9.52e+01)
25      0.025   1.10e-01   8.99e-02   3.40e-02   2.17e-01   0.00e+00 (  5.87e+01,  1.08e+02)
30      0.038   1.42e-01   1.35e-01   6.31e-02   3.57e-01   0.00e+00 (  6.95e+01,  1.17e+02)
35      0.041   1.59e-01   1.61e-01   8.97e-02   4.26e-01   0.00e+00 (  7.15e+01,  1.22e+02)
40      0.054   1.86e-01   2.09e-01   1.18e-01   5.92e-01   0.00e+00 (  7.41e+01,  1.21e+02)
45      0.067   2.03e-01   2.47e-01   1.38e-01   7.79e-01   0.00e+00 (  7.04e+01,  1.17e+02)
50      0.076   2.19e-01   2.95e-01   1.50e-01   9.36e-01   0.00e+00 (  6.54e+01,  1.10e+02)
55      0.086   2.35e-01   3.49e-01   2.00e-01   1.10e+00   0.00e+00 (  6.04e+01,  1.01e+02)
60      0.093   2.45e-01   3.82e-01   2.36e-01   1.23e+00   0.00e+00 (  5.40e+01,  9.27e+01)
65      0.116   2.70e-01   4.43e-01   3.04e-01   1.59e+00   0.00e+00 (  5.01e+01,  8.38e+01)
70      0.123   2.76e-01   4.65e-01   3.65e-01   1.73e+00   0.00e+00 (  4.44e+01,  7.52e+01)
75      0.129   2.81e-01   4.95e-01   4.24e-01   1.85e+00   0.00e+00 (  3.98e+01,  6.72e+01)
80      0.131   2.78e-01   5.07e-01   4.55e-01   1.90e+00   0.00e+00 (  3.54e+01,  5.99e+01)
85      0.128   2.65e-01   4.96e-01   4.43e-01   1.90e+00   0.00e+00 (  3.10e+01,  5.33e+01)
90      0.130   2.68e-01   4.82e-01   4.35e-01   2.12e+00   0.00e+00 (  2.79e+01,  4.76e+01)
95      1.819   4.21e+00   5.22e+00   3.57e+00   1.16e+02   0.00e+00 (  1.65e+03,  4.24e+01)
19 e: 8.376e-07 i: 1.253e-05 :: e: 3.613e-02 i: 3.750e-02 :: n: 2.762e+01 e:18.598 i:18.892 v:4.993e+03
>>> tau_he = 5.000000, nhe(0)=2.150084e+00
 5     -0.003   3.44e-03   2.39e-01   3.16e-03  -1.25e-02   0.00e+00 (  7.98e-01,  2.51e+01)
10     -0.002   1.38e-03  -4.23e-03  -1.21e-03  -1.17e-02   0.00e+00 (  6.52e-01,  5.12e+01)
15      0.011   5.48e-02   5.65e-03   1.10e-02   6.98e-02   0.00e+00 (  3.09e+01,  7.74e+01)
20      0.006   8.23e-02   5.72e-02   2.01e-02   4.49e-02   0.00e+00 (  4.67e+01,  9.52e+01)
25      0.025   1.10e-01   8.85e-02   3.37e-02   2.18e-01   0.00e+00 (  5.85e+01,  1.08e+02)
30      0.038   1.42e-01   1.33e-01   6.21e-02   3.55e-01   0.00e+00 (  6.93e+01,  1.17e+02)
35      0.042   1.59e-01   1.59e-01   8.86e-02   4.32e-01   0.00e+00 (  7.14e+01,  1.22e+02)
40      0.055   1.86e-01   1.95e-01   1.13e-01   6.06e-01   0.00e+00 (  7.39e+01,  1.21e+02)
45      0.066   2.02e-01   2.44e-01   1.37e-01   7.74e-01   0.00e+00 (  7.02e+01,  1.17e+02)
50      0.076   2.19e-01   2.93e-01   1.49e-01   9.34e-01   0.00e+00 (  6.54e+01,  1.10e+02)
55      0.086   2.35e-01   3.47e-01   1.99e-01   1.10e+00   0.00e+00 (  6.04e+01,  1.01e+02)
60      0.093   2.45e-01   3.81e-01   2.35e-01   1.23e+00   0.00e+00 (  5.40e+01,  9.27e+01)
65      0.117   2.71e-01   4.43e-01   3.04e-01   1.60e+00   0.00e+00 (  5.03e+01,  8.38e+01)
70      0.124   2.77e-01   4.67e-01   3.67e-01   1.74e+00   0.00e+00 (  4.46e+01,  7.52e+01)
75      0.130   2.83e-01   4.98e-01   4.26e-01   1.86e+00   0.00e+00 (  4.01e+01,  6.72e+01)
80      0.132   2.81e-01   5.11e-01   4.59e-01   1.92e+00   0.00e+00 (  3.57e+01,  5.99e+01)
85      0.130   2.68e-01   5.02e-01   4.48e-01   1.92e+00   0.00e+00 (  3.13e+01,  5.33e+01)
90      0.132   2.70e-01   4.88e-01   4.40e-01   2.14e+00   0.00e+00 (  2.81e+01,  4.76e+01)
95      1.818   4.21e+00   5.22e+00   3.57e+00   1.16e+02   0.00e+00 (  1.65e+03,  4.24e+01)
20 e: 1.544e-05 i: 5.547e-06 :: e: 3.135e-02 i: 3.440e-02 :: n: 2.762e+01 e:18.578 i:18.925 v:4.993e+03
>>> tau_he = 5.000000, nhe(0)=2.152094e+00
 5     -0.003   3.45e-03   2.39e-01   3.17e-03  -1.25e-02   0.00e+00 (  8.00e-01,  2.51e+01)
10     -0.006   7.26e-03   4.59e-02  -1.74e-03  -3.47e-02   0.00e+00 (  3.44e+00,  5.12e+01)
15      0.004   5.35e-02   5.31e-03   7.29e-03   2.45e-02   0.00e+00 (  3.02e+01,  7.74e+01)
20      0.006   8.25e-02   5.78e-02   2.03e-02   4.60e-02   0.00e+00 (  4.69e+01,  9.52e+01)
25      0.025   1.10e-01   8.92e-02   3.37e-02   2.16e-01   0.00e+00 (  5.89e+01,  1.08e+02)
30      0.038   1.43e-01   1.34e-01   6.26e-02   3.56e-01   0.00e+00 (  6.99e+01,  1.17e+02)
35      0.042   1.60e-01   1.61e-01   8.93e-02   4.34e-01   0.00e+00 (  7.21e+01,  1.22e+02)
40      0.055   1.87e-01   1.97e-01   1.14e-01   6.11e-01   0.00e+00 (  7.47e+01,  1.21e+02)
45      0.067   2.04e-01   2.47e-01   1.38e-01   7.81e-01   0.00e+00 (  7.12e+01,  1.17e+02)
50      0.077   2.21e-01   2.97e-01   1.50e-01   9.42e-01   0.00e+00 (  6.65e+01,  1.10e+02)
55      0.087   2.38e-01   3.51e-01   2.01e-01   1.11e+00   0.00e+00 (  6.14e+01,  1.01e+02)
60      0.093   2.48e-01   3.85e-01   2.37e-01   1.24e+00   0.00e+00 (  5.50e+01,  9.27e+01)
65      0.118   2.74e-01   4.49e-01   3.08e-01   1.61e+00   0.00e+00 (  5.13e+01,  8.38e+01)
70      0.125   2.80e-01   4.73e-01   3.71e-01   1.75e+00   0.00e+00 (  4.55e+01,  7.52e+01)
75      0.131   2.86e-01   5.03e-01   4.30e-01   1.87e+00   0.00e+00 (  4.08e+01,  6.72e+01)
80      0.132   2.83e-01   5.15e-01   4.62e-01   1.93e+00   0.00e+00 (  3.63e+01,  5.99e+01)
85      0.130   2.69e-01   5.04e-01   4.50e-01   1.92e+00   0.00e+00 (  3.16e+01,  5.33e+01)
90      0.132   2.71e-01   4.89e-01   4.42e-01   2.14e+00   0.00e+00 (  2.83e+01,  4.76e+01)
95      1.819   4.21e+00   5.22e+00   3.57e+00   1.16e+02   0.00e+00 (  1.65e+03,  4.24e+01)
21 e: 4.244e-07 i: 1.593e-05 :: e: 2.343e-02 i: 2.645e-02 :: n: 2.762e+01 e:18.640 i:18.943 v:4.993e+03
>>> tau_he = 5.000000, nhe(0)=2.157625e+00
 5     -0.003   3.47e-03   2.42e-01   3.18e-03  -1.26e-02   0.00e+00 (  8.05e-01,  2.51e+01)
10     -0.002   1.38e-03  -4.23e-03  -1.21e-03  -1.17e-02   0.00e+00 (  6.51e-01,  5.12e+01)
15      0.011   5.51e-02   5.47e-03   1.10e-02   7.18e-02   0.00e+00 (  3.11e+01,  7.74e+01)
20      0.006   8.26e-02   5.69e-02   2.01e-02   4.61e-02   0.00e+00 (  4.69e+01,  9.52e+01)
25      0.025   1.10e-01   8.80e-02   3.35e-02   2.17e-01   0.00e+00 (  5.90e+01,  1.08e+02)
30      0.037   1.43e-01   1.32e-01   6.16e-02   3.55e-01   0.00e+00 (  7.00e+01,  1.17e+02)
35      0.042   1.60e-01   1.59e-01   8.81e-02   4.32e-01   0.00e+00 (  7.22e+01,  1.22e+02)
40      0.055   1.87e-01   1.96e-01   1.13e-01   6.10e-01   0.00e+00 (  7.48e+01,  1.21e+02)
45      0.067   2.04e-01   2.45e-01   1.38e-01   7.78e-01   0.00e+00 (  7.13e+01,  1.17e+02)
50      0.077   2.22e-01   2.95e-01   1.49e-01   9.40e-01   0.00e+00 (  6.66e+01,  1.10e+02)
55      0.087   2.38e-01   3.49e-01   2.00e-01   1.11e+00   0.00e+00 (  6.16e+01,  1.01e+02)
60      0.094   2.49e-01   3.84e-01   2.36e-01   1.24e+00   0.00e+00 (  5.52e+01,  9.27e+01)
65      0.119   2.75e-01   4.50e-01   3.09e-01   1.62e+00   0.00e+00 (  5.15e+01,  8.38e+01)
70      0.126   2.82e-01   4.76e-01   3.73e-01   1.77e+00   0.00e+00 (  4.58e+01,  7.52e+01)
75      0.132   2.88e-01   5.07e-01   4.33e-01   1.89e+00   0.00e+00 (  4.11e+01,  6.72e+01)
80      0.134   2.86e-01   5.19e-01   4.70e-01   1.95e+00   0.00e+00 (  3.67e+01,  5.99e+01)
85      0.132   2.71e-01   5.11e-01   4.55e-01   1.95e+00   0.00e+00 (  3.20e+01,  5.33e+01)
90      0.134   2.74e-01   4.96e-01   4.47e-01   2.17e+00   0.00e+00 (  2.87e+01,  4.76e+01)
95      1.818   4.21e+00   5.22e+00   3.57e+00   1.16e+02   0.00e+00 (  1.65e+03,  4.24e+01)
22 e: 1.930e-05 i: 6.819e-06 :: e: 1.885e-02 i: 2.265e-02 :: n: 2.762e+01 e:18.643 i:18.991 v:4.993e+03
>>> tau_he = 5.000000, nhe(0)=2.161632e+00
 5     -0.003   3.49e-03   2.42e-01   3.19e-03  -1.26e-02   0.00e+00 (  8.10e-01,  2.51e+01)
10     -0.006   7.30e-03   4.63e-02  -1.74e-03  -3.48e-02   0.00e+00 (  3.46e+00,  5.12e+01)
15      0.005   5.33e-02   5.07e-03   7.22e-03   3.30e-02   0.00e+00 (  3.01e+01,  7.74e+01)
20      0.006   8.29e-02   5.75e-02   2.03e-02   4.70e-02   0.00e+00 (  4.71e+01,  9.52e+01)
25      0.025   1.11e-01   8.88e-02   3.37e-02   2.18e-01   0.00e+00 (  5.95e+01,  1.08e+02)
30      0.038   1.44e-01   1.34e-01   6.21e-02   3.56e-01   0.00e+00 (  7.07e+01,  1.17e+02)
35      0.042   1.62e-01   1.61e-01   8.88e-02   4.34e-01   0.00e+00 (  7.31e+01,  1.22e+02)
40      0.054   1.89e-01   2.10e-01   1.16e-01   5.97e-01   0.00e+00 (  7.58e+01,  1.21e+02)
45      0.067   2.06e-01   2.48e-01   1.39e-01   7.86e-01   0.00e+00 (  7.24e+01,  1.17e+02)
50      0.077   2.24e-01   2.99e-01   1.52e-01   9.50e-01   0.00e+00 (  6.79e+01,  1.10e+02)
55      0.087   2.41e-01   3.54e-01   2.02e-01   1.12e+00   0.00e+00 (  6.28e+01,  1.01e+02)
60      0.094   2.51e-01   3.89e-01   2.39e-01   1.25e+00   0.00e+00 (  5.63e+01,  9.27e+01)
65      0.120   2.79e-01   4.56e-01   3.13e-01   1.64e+00   0.00e+00 (  5.26e+01,  8.38e+01)
70      0.127   2.85e-01   4.82e-01   3.77e-01   1.78e+00   0.00e+00 (  4.68e+01,  7.52e+01)
75      0.133   2.91e-01   5.12e-01   4.37e-01   1.90e+00   0.00e+00 (  4.19e+01,  6.72e+01)
80      0.135   2.88e-01   5.25e-01   4.70e-01   1.96e+00   0.00e+00 (  3.73e+01,  5.99e+01)
85      0.132   2.73e-01   5.14e-01   4.58e-01   1.95e+00   0.00e+00 (  3.25e+01,  5.33e+01)
90      0.134   2.74e-01   4.99e-01   4.49e-01   2.17e+00   0.00e+00 (  2.90e+01,  4.76e+01)
95      1.818   4.21e+00   5.22e+00   3.57e+00   1.16e+02   0.00e+00 (  1.65e+03,  4.24e+01)
23 e: 1.129e-06 i: 1.807e-05 :: e: 1.165e-02 i: 1.504e-02 :: n: 2.762e+01 e:18.717 i:19.027 v:4.993e+03
>>> tau_he = 5.000000, nhe(0)=2.168179e+00
 5     -0.003   3.51e-03   2.45e-01   3.20e-03  -1.27e-02   0.00e+00 (  8.18e-01,  2.51e+01)
10     -0.002   1.39e-03  -4.24e-03  -1.21e-03  -1.17e-02   0.00e+00 (  6.57e-01,  5.12e+01)
15      0.012   5.50e-02   5.29e-03   1.10e-02   8.06e-02   0.00e+00 (  3.10e+01,  7.74e+01)
20      0.014   8.14e-02   5.43e-02   1.97e-02   1.09e-01   0.00e+00 (  4.63e+01,  9.52e+01)
25      0.025   1.11e-01   8.79e-02   3.33e-02   2.17e-01   0.00e+00 (  5.97e+01,  1.08e+02)
30      0.038   1.45e-01   1.33e-01   6.13e-02   3.56e-01   0.00e+00 (  7.10e+01,  1.17e+02)
35      0.042   1.62e-01   1.59e-01   8.77e-02   4.33e-01   0.00e+00 (  7.34e+01,  1.22e+02)
40      0.056   1.89e-01   1.96e-01   1.11e-01   6.11e-01   0.00e+00 (  7.61e+01,  1.21e+02)
45      0.067   2.07e-01   2.46e-01   1.39e-01   7.83e-01   0.00e+00 (  7.27e+01,  1.17e+02)
50      0.077   2.25e-01   2.97e-01   1.51e-01   9.49e-01   0.00e+00 (  6.82e+01,  1.10e+02)
55      0.087   2.41e-01   3.53e-01   2.01e-01   1.12e+00   0.00e+00 (  6.31e+01,  1.01e+02)
60      0.094   2.52e-01   3.88e-01   2.38e-01   1.25e+00   0.00e+00 (  5.66e+01,  9.27e+01)
65      0.121   2.80e-01   4.58e-01   3.14e-01   1.65e+00   0.00e+00 (  5.30e+01,  8.38e+01)
70      0.128   2.87e-01   4.85e-01   3.79e-01   1.80e+00   0.00e+00 (  4.72e+01,  7.52e+01)
75      0.134   2.93e-01   5.17e-01   4.40e-01   1.92e+00   0.00e+00 (  4.24e+01,  6.72e+01)
80      0.136   2.92e-01   5.30e-01   4.79e-01   1.98e+00   0.00e+00 (  3.79e+01,  5.99e+01)
85      0.134   2.76e-01   5.22e-01   4.64e-01   1.98e+00   0.00e+00 (  3.29e+01,  5.33e+01)
90      0.136   2.77e-01   5.07e-01   4.56e-01   2.20e+00   0.00e+00 (  2.94e+01,  4.76e+01)
95      1.818   4.21e+00   5.22e+00   3.57e+00   1.16e+02   0.00e+00 (  1.65e+03,  4.24e+01)
24 e: 2.076e-05 i: 8.155e-06 :: e: 7.482e-03 i: 1.229e-02 :: n: 2.762e+01 e:18.735 i:19.084 v:4.993e+03
>>> tau_he = 5.000000, nhe(0)=2.173482e+00
 5     -0.003   3.54e-03   2.46e-01   3.21e-03  -1.27e-02   0.00e+00 (  8.24e-01,  2.51e+01)
10     -0.002   1.43e-03  -4.32e-03  -1.22e-03  -1.19e-02   0.00e+00 (  6.80e-01,  5.12e+01)
15      0.013   5.57e-02   5.99e-03   1.11e-02   8.28e-02   0.00e+00 (  3.14e+01,  7.74e+01)
20      0.006   8.36e-02   5.75e-02   2.01e-02   4.73e-02   0.00e+00 (  4.76e+01,  9.52e+01)
25      0.026   1.12e-01   8.87e-02   3.36e-02   2.19e-01   0.00e+00 (  6.02e+01,  1.08e+02)
30      0.038   1.46e-01   1.34e-01   6.18e-02   3.58e-01   0.00e+00 (  7.17e+01,  1.17e+02)
35      0.042   1.63e-01   1.61e-01   8.84e-02   4.36e-01   0.00e+00 (  7.43e+01,  1.22e+02)
40      0.051   1.88e-01   2.07e-01   1.12e-01   5.64e-01   0.00e+00 (  7.60e+01,  1.21e+02)
45      0.068   2.09e-01   2.50e-01   1.40e-01   7.91e-01   0.00e+00 (  7.39e+01,  1.17e+02)
50      0.078   2.27e-01   3.02e-01   1.53e-01   9.59e-01   0.00e+00 (  6.95e+01,  1.10e+02)
55      0.088   2.44e-01   3.58e-01   2.03e-01   1.13e+00   0.00e+00 (  6.43e+01,  1.01e+02)
60      0.095   2.55e-01   3.93e-01   2.41e-01   1.26e+00   0.00e+00 (  5.78e+01,  9.27e+01)
65      0.122   2.84e-01   4.65e-01   3.18e-01   1.66e+00   0.00e+00 (  5.42e+01,  8.38e+01)
70      0.129   2.91e-01   4.92e-01   3.84e-01   1.81e+00   0.00e+00 (  4.82e+01,  7.52e+01)
75      0.135   2.96e-01   5.23e-01   4.45e-01   1.93e+00   0.00e+00 (  4.32e+01,  6.72e+01)
80      0.137   2.94e-01   5.35e-01   4.84e-01   1.99e+00   0.00e+00 (  3.86e+01,  5.99e+01)
85      0.134   2.78e-01   5.26e-01   4.67e-01   1.98e+00   0.00e+00 (  3.34e+01,  5.33e+01)
90      0.136   2.78e-01   5.10e-01   4.58e-01   2.21e+00   0.00e+00 (  2.98e+01,  4.76e+01)
95      1.818   4.21e+00   5.22e+00   3.57e+00   1.16e+02   0.00e+00 (  1.65e+03,  4.24e+01)
25 e: 2.243e-06 i: 2.268e-05 :: e: 3.547e-03 i: 5.874e-03 :: n: 2.762e+01 e:18.815 i:19.132 v:4.993e+03
>>> tau_he = 5.000000, nhe(0)=2.183635e+00
 5     -0.003   3.58e-03   2.49e-01   3.22e-03  -1.28e-02   0.00e+00 (  8.34e-01,  2.51e+01)
10     -0.006   7.49e-03   4.72e-02  -1.76e-03  -3.57e-02   0.00e+00 (  3.57e+00,  5.12e+01)
15      0.005   5.44e-02   4.84e-03   7.30e-03   3.49e-02   0.00e+00 (  3.07e+01,  7.74e+01)
20      0.006   8.39e-02   5.71e-02   1.99e-02   4.72e-02   0.00e+00 (  4.78e+01,  9.52e+01)
25      0.025   1.12e-01   8.81e-02   3.32e-02   2.18e-01   0.00e+00 (  6.06e+01,  1.08e+02)
30      0.038   1.46e-01   1.33e-01   6.10e-02   3.58e-01   0.00e+00 (  7.21e+01,  1.17e+02)
35      0.042   1.64e-01   1.60e-01   8.74e-02   4.35e-01   0.00e+00 (  7.47e+01,  1.22e+02)
40      0.054   1.91e-01   2.09e-01   1.13e-01   5.96e-01   0.00e+00 (  7.76e+01,  1.21e+02)
45      0.068   2.09e-01   2.48e-01   1.39e-01   7.89e-01   0.00e+00 (  7.42e+01,  1.17e+02)
50      0.078   2.28e-01   3.01e-01   1.52e-01   9.59e-01   0.00e+00 (  6.99e+01,  1.10e+02)
55      0.088   2.45e-01   3.57e-01   2.02e-01   1.13e+00   0.00e+00 (  6.47e+01,  1.01e+02)
60      0.096   2.56e-01   3.90e-01   2.43e-01   1.27e+00   0.00e+00 (  5.82e+01,  9.27e+01)
65      0.122   2.85e-01   4.66e-01   3.19e-01   1.67e+00   0.00e+00 (  5.46e+01,  8.38e+01)
70      0.131   2.93e-01   4.95e-01   3.86e-01   1.83e+00   0.00e+00 (  4.86e+01,  7.52e+01)
75      0.137   2.99e-01   5.27e-01   4.49e-01   1.95e+00   0.00e+00 (  4.37e+01,  6.72e+01)
80      0.139   2.98e-01   5.42e-01   4.89e-01   2.02e+00   0.00e+00 (  3.91e+01,  5.99e+01)
85      0.136   2.81e-01   5.33e-01   4.73e-01   2.01e+00   0.00e+00 (  3.39e+01,  5.33e+01)
90      0.138   2.82e-01   5.18e-01   4.65e-01   2.24e+00   0.00e+00 (  3.02e+01,  4.76e+01)
95      1.817   4.21e+00   5.22e+00   3.57e+00   1.16e+02   0.00e+00 (  1.65e+03,  4.24e+01)
26 e: 2.270e-05 i: 6.744e-06 :: e: 4.667e-03 i: 9.681e-03 :: n: 2.762e+01 e:18.845 i:19.222 v:4.993e+03
>>> tau_he = 5.000000, nhe(0)=2.186014e+00
 5     -0.003   3.59e-03   2.51e-01   3.25e-03  -1.29e-02   0.00e+00 (  8.41e-01,  2.51e+01)
10     -0.002   1.46e-03  -4.33e-03  -1.22e-03  -1.20e-02   0.00e+00 (  6.98e-01,  5.12e+01)
15      0.013   5.65e-02   5.87e-03   1.12e-02   8.39e-02   0.00e+00 (  3.20e+01,  7.74e+01)
20      0.006   8.45e-02   5.77e-02   2.00e-02   4.66e-02   0.00e+00 (  4.83e+01,  9.52e+01)
25      0.026   1.13e-01   8.90e-02   3.34e-02   2.19e-01   0.00e+00 (  6.13e+01,  1.08e+02)
30      0.038   1.47e-01   1.34e-01   6.15e-02   3.59e-01   0.00e+00 (  7.30e+01,  1.17e+02)
35      0.043   1.65e-01   1.61e-01   8.81e-02   4.37e-01   0.00e+00 (  7.57e+01,  1.22e+02)
40      0.051   1.90e-01   2.08e-01   1.11e-01   5.63e-01   0.00e+00 (  7.75e+01,  1.21e+02)
45      0.068   2.11e-01   2.52e-01   1.40e-01   7.97e-01   0.00e+00 (  7.55e+01,  1.17e+02)
50      0.079   2.30e-01   3.05e-01   1.53e-01   9.68e-01   0.00e+00 (  7.12e+01,  1.10e+02)
55      0.087   2.46e-01   3.62e-01   2.03e-01   1.11e+00   0.00e+00 (  6.55e+01,  1.01e+02)
60      0.097   2.60e-01   3.95e-01   2.49e-01   1.28e+00   0.00e+00 (  5.95e+01,  9.27e+01)
65      0.123   2.89e-01   4.73e-01   3.24e-01   1.69e+00   0.00e+00 (  5.58e+01,  8.38e+01)
70      0.132   2.96e-01   5.01e-01   3.91e-01   1.84e+00   0.00e+00 (  4.96e+01,  7.52e+01)
75      0.137   3.02e-01   5.33e-01   4.53e-01   1.97e+00   0.00e+00 (  4.46e+01,  6.72e+01)
80      0.139   3.00e-01   5.47e-01   4.93e-01   2.03e+00   0.00e+00 (  3.98e+01,  5.99e+01)
85      0.136   2.83e-01   5.38e-01   4.77e-01   2.02e+00   0.00e+00 (  3.45e+01,  5.33e+01)
90      0.138   2.82e-01   5.22e-01   4.68e-01   2.24e+00   0.00e+00 (  3.06e+01,  4.76e+01)
95      1.818   4.20e+00   5.22e+00   3.57e+00   1.16e+02   0.00e+00 (  1.65e+03,  4.24e+01)
27 e: 1.429e-06 i: 2.345e-05 :: e: 9.160e-03 i: 1.100e-02 :: n: 2.762e+01 e:18.936 i:19.244 v:4.993e+03
>>> tau_he = 5.000000, nhe(0)=2.196541e+00
 5     -0.003   3.63e-03   2.53e-01   3.25e-03  -1.30e-02   0.00e+00 (  8.50e-01,  2.51e+01)
10     -0.002   1.49e-03  -4.38e-03  -1.23e-03  -1.21e-02   0.00e+00 (  7.15e-01,  5.12e+01)
15      0.013   5.69e-02   5.80e-03   1.13e-02   8.63e-02   0.00e+00 (  3.22e+01,  7.74e+01)
20      0.006   8.47e-02   5.71e-02   1.97e-02   4.77e-02   0.00e+00 (  4.84e+01,  9.52e+01)
25      0.026   1.13e-01   8.83e-02   3.31e-02   2.20e-01   0.00e+00 (  6.15e+01,  1.08e+02)
30      0.038   1.48e-01   1.33e-01   6.08e-02   3.60e-01   0.00e+00 (  7.33e+01,  1.17e+02)
35      0.043   1.65e-01   1.60e-01   8.72e-02   4.38e-01   0.00e+00 (  7.60e+01,  1.22e+02)
40      0.054   1.93e-01   2.09e-01   1.12e-01   5.97e-01   0.00e+00 (  7.90e+01,  1.21e+02)
45      0.068   2.12e-01   2.50e-01   1.40e-01   7.96e-01   0.00e+00 (  7.58e+01,  1.17e+02)
50      0.079   2.31e-01   3.04e-01   1.53e-01   9.69e-01   0.00e+00 (  7.15e+01,  1.10e+02)
55      0.087   2.47e-01   3.61e-01   2.02e-01   1.12e+00   0.00e+00 (  6.60e+01,  1.01e+02)
60      0.097   2.61e-01   3.96e-01   2.49e-01   1.29e+00   0.00e+00 (  5.99e+01,  9.27e+01)
65      0.124   2.91e-01   4.75e-01   3.26e-01   1.70e+00   0.00e+00 (  5.62e+01,  8.38e+01)
70      0.133   2.98e-01   5.04e-01   3.93e-01   1.86e+00   0.00e+00 (  5.01e+01,  7.52e+01)
75      0.139   3.05e-01   5.38e-01   4.57e-01   1.99e+00   0.00e+00 (  4.50e+01,  6.72e+01)
80      0.141   3.04e-01   5.53e-01   4.98e-01   2.06e+00   0.00e+00 (  4.03e+01,  5.99e+01)
85      0.138   2.86e-01   5.45e-01   4.83e-01   2.04e+00   0.00e+00 (  3.49e+01,  5.33e+01)
90      0.141   2.89e-01   5.35e-01   4.81e-01   2.30e+00   0.00e+00 (  3.14e+01,  4.76e+01)
95      1.817   4.20e+00   5.21e+00   3.57e+00   1.16e+02   0.00e+00 (  1.65e+03,  4.24e+01)
28 e: 2.357e-05 i: 7.089e-06 :: e: 1.273e-02 i: 1.388e-02 :: n: 2.762e+01 e:18.949 i:19.338 v:4.993e+03
>>> tau_he = 5.000000, nhe(0)=2.201372e+00
 5     -0.003   3.65e-03   2.55e-01   3.27e-03  -1.31e-02   0.00e+00 (  8.59e-01,  2.51e+01)
10     -0.007   7.67e-03   4.82e-02  -1.79e-03  -3.70e-02   0.00e+00 (  3.69e+00,  5.12e+01)
15      0.005   5.43e-02   4.74e-03   8.71e-03   3.56e-02   0.00e+00 (  3.08e+01,  7.74e+01)
20      0.006   8.54e-02   5.79e-02   1.99e-02   4.71e-02   0.00e+00 (  4.90e+01,  9.52e+01)
25      0.026   1.14e-01   8.94e-02   3.34e-02   2.21e-01   0.00e+00 (  6.22e+01,  1.08e+02)
30      0.038   1.49e-01   1.35e-01   6.14e-02   3.62e-01   0.00e+00 (  7.42e+01,  1.17e+02)
35      0.043   1.67e-01   1.62e-01   8.80e-02   4.40e-01   0.00e+00 (  7.71e+01,  1.22e+02)
40      0.051   1.92e-01   2.08e-01   1.10e-01   5.65e-01   0.00e+00 (  7.90e+01,  1.21e+02)
45      0.069   2.14e-01   2.53e-01   1.41e-01   8.03e-01   0.00e+00 (  7.71e+01,  1.17e+02)
50      0.080   2.33e-01   3.08e-01   1.54e-01   9.78e-01   0.00e+00 (  7.29e+01,  1.10e+02)
55      0.088   2.50e-01   3.66e-01   2.04e-01   1.12e+00   0.00e+00 (  6.73e+01,  1.01e+02)
60      0.098   2.64e-01   4.01e-01   2.52e-01   1.30e+00   0.00e+00 (  6.12e+01,  9.27e+01)
65      0.125   2.94e-01   4.81e-01   3.30e-01   1.71e+00   0.00e+00 (  5.73e+01,  8.38e+01)
70      0.134   3.02e-01   5.11e-01   3.97e-01   1.87e+00   0.00e+00 (  5.11e+01,  7.52e+01)
75      0.140   3.08e-01   5.44e-01   4.61e-01   2.00e+00   0.00e+00 (  4.59e+01,  6.72e+01)
80      0.142   3.06e-01   5.59e-01   5.03e-01   2.06e+00   0.00e+00 (  4.11e+01,  5.99e+01)
85      0.139   2.88e-01   5.50e-01   4.87e-01   2.05e+00   0.00e+00 (  3.55e+01,  5.33e+01)
90      0.142   2.89e-01   5.38e-01   4.83e-01   2.30e+00   0.00e+00 (  3.18e+01,  4.76e+01)
95      1.818   4.20e+00   5.22e+00   3.57e+00   1.16e+02   0.00e+00 (  1.65e+03,  4.24e+01)
29 e: 8.989e-07 i: 1.948e-05 :: e: 1.600e-02 i: 1.868e-02 :: n: 2.762e+01 e:19.048 i:19.382 v:4.993e+03
>>> tau_he = 5.000000, nhe(0)=2.208410e+00
 5     -0.003   3.69e-03   2.58e-01   3.28e-03  -1.33e-02   0.00e+00 (  8.68e-01,  2.51e+01)
10     -0.002   1.52e-03  -4.39e-03  -1.22e-03  -1.22e-02   0.00e+00 (  7.31e-01,  5.12e+01)
15      0.013   5.71e-02   4.90e-03   1.23e-02   8.46e-02   0.00e+00 (  3.24e+01,  7.74e+01)
20      0.006   8.51e-02   5.69e-02   2.25e-02   4.41e-02   0.00e+00 (  4.88e+01,  9.52e+01)
25      0.026   1.15e-01   8.86e-02   3.30e-02   2.21e-01   0.00e+00 (  6.24e+01,  1.08e+02)
30      0.038   1.49e-01   1.34e-01   6.06e-02   3.62e-01   0.00e+00 (  7.45e+01,  1.17e+02)
35      0.043   1.67e-01   1.61e-01   8.71e-02   4.40e-01   0.00e+00 (  7.74e+01,  1.22e+02)
40      0.051   1.92e-01   2.07e-01   1.09e-01   5.63e-01   0.00e+00 (  7.93e+01,  1.21e+02)
45      0.069   2.14e-01   2.52e-01   1.41e-01   8.02e-01   0.00e+00 (  7.73e+01,  1.17e+02)
50      0.080   2.33e-01   3.07e-01   1.53e-01   9.78e-01   0.00e+00 (  7.30e+01,  1.10e+02)
55      0.088   2.51e-01   3.65e-01   2.03e-01   1.13e+00   0.00e+00 (  6.76e+01,  1.01e+02)
60      0.098   2.65e-01   4.01e-01   2.52e-01   1.31e+00   0.00e+00 (  6.15e+01,  9.27e+01)
65      0.126   2.95e-01   4.82e-01   3.31e-01   1.72e+00   0.00e+00 (  5.77e+01,  8.38e+01)
70      0.135   3.03e-01   5.13e-01   3.99e-01   1.89e+00   0.00e+00 (  5.14e+01,  7.52e+01)
75      0.141   3.10e-01   5.48e-01   4.64e-01   2.02e+00   0.00e+00 (  4.63e+01,  6.72e+01)
80      0.144   3.09e-01   5.65e-01   5.07e-01   2.09e+00   0.00e+00 (  4.15e+01,  5.99e+01)
85      0.140   2.91e-01   5.57e-01   4.93e-01   2.08e+00   0.00e+00 (  3.60e+01,  5.33e+01)
90      0.143   2.92e-01   5.46e-01   4.89e-01   2.33e+00   0.00e+00 (  3.22e+01,  4.76e+01)
95      1.817   4.20e+00   5.21e+00   3.57e+00   1.16e+02   0.00e+00 (  1.65e+03,  4.24e+01)
30 e: 1.817e-05 i: 6.985e-06 :: e: 1.771e-02 i: 1.851e-02 :: n: 2.762e+01 e:19.064 i:19.446 v:4.993e+03
>>> tau_he = 5.000000, nhe(0)=2.212999e+00
 5     -0.003   3.71e-03   2.59e-01   3.30e-03  -1.33e-02   0.00e+00 (  8.75e-01,  2.51e+01)
10     -0.007   7.73e-03   4.87e-02  -1.79e-03  -3.73e-02   0.00e+00 (  3.74e+00,  5.12e+01)
15      0.005   5.50e-02   4.58e-03   8.78e-03   3.59e-02   0.00e+00 (  3.13e+01,  7.74e+01)
20      0.006   8.56e-02   5.77e-02   2.27e-02   4.45e-02   0.00e+00 (  4.92e+01,  9.52e+01)
25      0.026   1.15e-01   8.97e-02   3.33e-02   2.22e-01   0.00e+00 (  6.30e+01,  1.08e+02)
30      0.039   1.50e-01   1.36e-01   6.12e-02   3.65e-01   0.00e+00 (  7.53e+01,  1.17e+02)
35      0.043   1.68e-01   1.63e-01   8.79e-02   4.43e-01   0.00e+00 (  7.83e+01,  1.22e+02)
40      0.051   1.94e-01   2.09e-01   1.10e-01   5.67e-01   0.00e+00 (  8.04e+01,  1.21e+02)
45      0.069   2.16e-01   2.55e-01   1.42e-01   8.10e-01   0.00e+00 (  7.85e+01,  1.17e+02)
50      0.080   2.36e-01   3.11e-01   1.55e-01   9.87e-01   0.00e+00 (  7.43e+01,  1.10e+02)
55      0.089   2.53e-01   3.69e-01   2.05e-01   1.13e+00   0.00e+00 (  6.88e+01,  1.01e+02)
60      0.099   2.68e-01   4.06e-01   2.54e-01   1.32e+00   0.00e+00 (  6.26e+01,  9.27e+01)
65      0.127   2.98e-01   4.89e-01   3.35e-01   1.74e+00   0.00e+00 (  5.87e+01,  8.38e+01)
70      0.136   3.09e-01   5.31e-01   4.06e-01   1.91e+00   0.00e+00 (  5.28e+01,  7.52e+01)
75      0.142   3.12e-01   5.53e-01   4.68e-01   2.03e+00   0.00e+00 (  4.70e+01,  6.72e+01)
80      0.144   3.12e-01   5.70e-01   5.11e-01   2.10e+00   0.00e+00 (  4.22e+01,  5.99e+01)
85      0.141   2.93e-01   5.61e-01   4.96e-01   2.08e+00   0.00e+00 (  3.65e+01,  5.33e+01)
90      0.143   2.93e-01   5.48e-01   4.91e-01   2.33e+00   0.00e+00 (  3.25e+01,  4.76e+01)
95      1.817   4.20e+00   5.21e+00   3.57e+00   1.16e+02   0.00e+00 (  1.66e+03,  4.24e+01)
31 e: 4.950e-07 i: 1.594e-05 :: e: 2.072e-02 i: 2.409e-02 :: n: 2.762e+01 e:19.144 i:19.488 v:4.993e+03
>>> tau_he = 5.000000, nhe(0)=2.218780e+00
 5     -0.003   3.73e-03   2.62e-01   3.31e-03  -1.34e-02   0.00e+00 (  8.83e-01,  2.51e+01)
10     -0.002   1.53e-03  -4.39e-03  -1.21e-03  -1.22e-02   0.00e+00 (  7.40e-01,  5.12e+01)
15      0.013   5.68e-02   4.93e-03   1.28e-02   8.79e-02   0.00e+00 (  3.23e+01,  7.74e+01)
20      0.006   8.58e-02   5.71e-02   2.24e-02   4.39e-02   0.00e+00 (  4.94e+01,  9.52e+01)
25      0.026   1.16e-01   8.90e-02   3.30e-02   2.22e-01   0.00e+00 (  6.32e+01,  1.08e+02)
30      0.039   1.50e-01   1.35e-01   6.05e-02   3.64e-01   0.00e+00 (  7.55e+01,  1.17e+02)
35      0.043   1.69e-01   1.62e-01   8.70e-02   4.42e-01   0.00e+00 (  7.85e+01,  1.22e+02)
40      0.051   1.94e-01   2.08e-01   1.08e-01   5.65e-01   0.00e+00 (  8.06e+01,  1.21e+02)
45      0.069   2.16e-01   2.54e-01   1.41e-01   8.08e-01   0.00e+00 (  7.87e+01,  1.17e+02)
50      0.080   2.36e-01   3.09e-01   1.54e-01   9.87e-01   0.00e+00 (  7.44e+01,  1.10e+02)
55      0.089   2.54e-01   3.68e-01   2.04e-01   1.14e+00   0.00e+00 (  6.90e+01,  1.01e+02)
60      0.100   2.69e-01   4.06e-01   2.56e-01   1.32e+00   0.00e+00 (  6.29e+01,  9.27e+01)
65      0.128   2.99e-01   4.89e-01   3.35e-01   1.74e+00   0.00e+00 (  5.89e+01,  8.38e+01)
70      0.136   3.07e-01   5.20e-01   4.04e-01   1.91e+00   0.00e+00 (  5.25e+01,  7.52e+01)
75      0.143   3.14e-01   5.56e-01   4.71e-01   2.04e+00   0.00e+00 (  4.73e+01,  6.72e+01)
80      0.146   3.14e-01   5.75e-01   5.15e-01   2.12e+00   0.00e+00 (  4.26e+01,  5.99e+01)
85      0.142   2.95e-01   5.67e-01   5.01e-01   2.10e+00   0.00e+00 (  3.69e+01,  5.33e+01)
90      0.145   2.96e-01   5.55e-01   4.97e-01   2.35e+00   0.00e+00 (  3.29e+01,  4.76e+01)
95      1.817   4.20e+00   5.21e+00   3.57e+00   1.16e+02   0.00e+00 (  1.66e+03,  4.24e+01)
32 e: 1.320e-05 i: 6.864e-06 :: e: 2.083e-02 i: 2.168e-02 :: n: 2.762e+01 e:19.158 i:19.541 v:4.993e+03
>>> tau_he = 5.000000, nhe(0)=2.222770e+00
 5     -0.003   3.75e-03   2.63e-01   3.32e-03  -1.34e-02   0.00e+00 (  8.88e-01,  2.51e+01)
10     -0.002   1.58e-03  -4.46e-03  -1.23e-03  -1.24e-02   0.00e+00 (  7.66e-01,  5.12e+01)
15      0.005   5.68e-02   4.43e-03   8.89e-03   3.48e-02   0.00e+00 (  3.24e+01,  7.74e+01)
20      0.006   8.63e-02   5.78e-02   2.26e-02   4.46e-02   0.00e+00 (  4.98e+01,  9.52e+01)
25      0.026   1.16e-01   9.00e-02   3.32e-02   2.24e-01   0.00e+00 (  6.37e+01,  1.08e+02)
30      0.039   1.51e-01   1.36e-01   6.11e-02   3.67e-01   0.00e+00 (  7.61e+01,  1.17e+02)
35      0.042   1.70e-01   1.64e-01   8.76e-02   4.36e-01   0.00e+00 (  7.93e+01,  1.22e+02)
40      0.052   1.95e-01   2.10e-01   1.10e-01   5.68e-01   0.00e+00 (  8.16e+01,  1.21e+02)
45      0.070   2.18e-01   2.57e-01   1.42e-01   8.16e-01   0.00e+00 (  7.97e+01,  1.17e+02)
50      0.081   2.39e-01   3.13e-01   1.55e-01   9.96e-01   0.00e+00 (  7.58e+01,  1.10e+02)
55      0.089   2.56e-01   3.72e-01   2.06e-01   1.14e+00   0.00e+00 (  7.01e+01,  1.01e+02)
60      0.100   2.71e-01   4.10e-01   2.60e-01   1.33e+00   0.00e+00 (  6.39e+01,  9.27e+01)
65      0.128   3.02e-01   4.94e-01   3.39e-01   1.75e+00   0.00e+00 (  5.98e+01,  8.38e+01)
70      0.138   3.13e-01   5.36e-01   4.10e-01   1.93e+00   0.00e+00 (  5.38e+01,  7.52e+01)
75      0.143   3.16e-01   5.61e-01   4.74e-01   2.05e+00   0.00e+00 (  4.80e+01,  6.72e+01)
80      0.146   3.16e-01   5.78e-01   5.18e-01   2.12e+00   0.00e+00 (  4.31e+01,  5.99e+01)
85      0.142   2.97e-01   5.70e-01   5.03e-01   2.10e+00   0.00e+00 (  3.73e+01,  5.33e+01)
90      0.145   2.96e-01   5.57e-01   4.99e-01   2.35e+00   0.00e+00 (  3.32e+01,  4.76e+01)
95      1.817   4.20e+00   5.21e+00   3.57e+00   1.16e+02   0.00e+00 (  1.66e+03,  4.24e+01)
33 e: 4.012e-07 i: 1.446e-05 :: e: 2.317e-02 i: 2.537e-02 :: n: 2.762e+01 e:19.225 i:19.578 v:4.993e+03
>>> tau_he = 5.000000, nhe(0)=2.230750e+00
 5     -0.003   3.78e-03   2.65e-01   3.33e-03  -1.36e-02   0.00e+00 (  8.97e-01,  2.51e+01)
10     -0.007   7.89e-03   4.95e-02  -1.80e-03  -3.82e-02   0.00e+00 (  3.84e+00,  5.12e+01)
15      0.005   5.73e-02   4.60e-03   8.97e-03   3.51e-02   0.00e+00 (  3.27e+01,  7.74e+01)
20      0.006   8.66e-02   5.75e-02   2.24e-02   4.45e-02   0.00e+00 (  4.99e+01,  9.52e+01)
25      0.026   1.16e-01   8.94e-02   3.30e-02   2.23e-01   0.00e+00 (  6.39e+01,  1.08e+02)
30      0.039   1.51e-01   1.35e-01   6.05e-02   3.67e-01   0.00e+00 (  7.63e+01,  1.17e+02)
35      0.043   1.70e-01   1.63e-01   8.70e-02   4.45e-01   0.00e+00 (  7.95e+01,  1.22e+02)
40      0.052   1.96e-01   2.09e-01   1.08e-01   5.67e-01   0.00e+00 (  8.17e+01,  1.21e+02)
45      0.070   2.18e-01   2.55e-01   1.42e-01   8.14e-01   0.00e+00 (  7.98e+01,  1.17e+02)
50      0.081   2.39e-01   3.12e-01   1.55e-01   9.95e-01   0.00e+00 (  7.59e+01,  1.10e+02)
55      0.089   2.56e-01   3.71e-01   2.05e-01   1.14e+00   0.00e+00 (  7.01e+01,  1.01e+02)
60      0.101   2.72e-01   4.10e-01   2.60e-01   1.34e+00   0.00e+00 (  6.40e+01,  9.27e+01)
65      0.129   3.02e-01   4.94e-01   3.39e-01   1.76e+00   0.00e+00 (  5.99e+01,  8.38e+01)
70      0.138   3.13e-01   5.36e-01   4.10e-01   1.93e+00   0.00e+00 (  5.38e+01,  7.52e+01)
75      0.144   3.18e-01   5.63e-01   4.76e-01   2.06e+00   0.00e+00 (  4.82e+01,  6.72e+01)
80      0.147   3.18e-01   5.82e-01   5.21e-01   2.14e+00   0.00e+00 (  4.34e+01,  5.99e+01)
85      0.144   2.99e-01   5.74e-01   5.06e-01   2.12e+00   0.00e+00 (  3.76e+01,  5.33e+01)
90      0.146   2.98e-01   5.62e-01   5.03e-01   2.37e+00   0.00e+00 (  3.35e+01,  4.76e+01)
95      1.817   4.19e+00   5.21e+00   3.57e+00   1.16e+02   0.00e+00 (  1.66e+03,  4.24e+01)
34 e: 1.063e-05 i: 6.510e-06 :: e: 2.288e-02 i: 2.494e-02 :: n: 2.762e+01 e:19.237 i:19.651 v:4.993e+03
>>> tau_he = 5.000000, nhe(0)=2.230360e+00
 5     -0.003   3.79e-03   2.67e-01   3.35e-03  -1.37e-02   0.00e+00 (  9.02e-01,  2.51e+01)
10     -0.002   1.60e-03  -4.46e-03  -1.22e-03  -1.25e-02   0.00e+00 (  7.80e-01,  5.12e+01)
15      0.005   5.74e-02   4.48e-03   8.96e-03   3.41e-02   0.00e+00 (  3.28e+01,  7.74e+01)
20      0.006   8.70e-02   5.81e-02   2.25e-02   4.37e-02   0.00e+00 (  5.03e+01,  9.52e+01)
25      0.026   1.17e-01   9.03e-02   3.32e-02   2.24e-01   0.00e+00 (  6.44e+01,  1.08e+02)
30      0.039   1.52e-01   1.37e-01   6.10e-02   3.68e-01   0.00e+00 (  7.70e+01,  1.17e+02)
35      0.043   1.71e-01   1.65e-01   8.76e-02   4.37e-01   0.00e+00 (  8.02e+01,  1.22e+02)
40      0.052   1.97e-01   2.11e-01   1.10e-01   5.70e-01   0.00e+00 (  8.26e+01,  1.21e+02)
45      0.070   2.19e-01   2.59e-01   1.43e-01   8.21e-01   0.00e+00 (  8.08e+01,  1.17e+02)
50      0.082   2.41e-01   3.15e-01   1.56e-01   1.00e+00   0.00e+00 (  7.69e+01,  1.10e+02)
55      0.090   2.58e-01   3.75e-01   2.07e-01   1.15e+00   0.00e+00 (  7.11e+01,  1.01e+02)
60      0.101   2.74e-01   4.14e-01   2.62e-01   1.34e+00   0.00e+00 (  6.48e+01,  9.27e+01)
65      0.129   3.05e-01   4.99e-01   3.42e-01   1.77e+00   0.00e+00 (  6.07e+01,  8.38e+01)
70      0.138   3.15e-01   5.40e-01   4.13e-01   1.94e+00   0.00e+00 (  5.44e+01,  7.52e+01)
75      0.144   3.19e-01   5.66e-01   4.78e-01   2.06e+00   0.00e+00 (  4.87e+01,  6.72e+01)
80      0.147   3.19e-01   5.85e-01   5.24e-01   2.14e+00   0.00e+00 (  4.38e+01,  5.99e+01)
85      0.144   2.98e-01   5.76e-01   5.08e-01   2.12e+00   0.00e+00 (  3.78e+01,  5.33e+01)
90      0.146   2.98e-01   5.63e-01   5.04e-01   2.37e+00   0.00e+00 (  3.38e+01,  4.76e+01)
95      1.817   4.19e+00   5.21e+00   3.57e+00   1.16e+02   0.00e+00 (  1.66e+03,  4.24e+01)
35 e: 4.528e-07 i: 1.234e-05 :: e: 2.338e-02 i: 2.570e-02 :: n: 2.762e+01 e:19.303 i:19.648 v:4.993e+03
>>> tau_he = 5.000000, nhe(0)=2.237530e+00
 5     -0.003   3.82e-03   2.68e-01   3.35e-03  -1.37e-02   0.00e+00 (  9.08e-01,  2.51e+01)
10     -0.002   1.63e-03  -4.50e-03  -1.23e-03  -1.26e-02   0.00e+00 (  7.95e-01,  5.12e+01)
15      0.005   5.77e-02   4.58e-03   9.03e-03   3.55e-02   0.00e+00 (  3.30e+01,  7.74e+01)
20      0.006   8.70e-02   5.77e-02   2.23e-02   4.49e-02   0.00e+00 (  5.03e+01,  9.52e+01)
25      0.026   1.17e-01   8.97e-02   3.29e-02   2.25e-01   0.00e+00 (  6.44e+01,  1.08e+02)
30      0.039   1.52e-01   1.36e-01   6.04e-02   3.69e-01   0.00e+00 (  7.69e+01,  1.17e+02)
35      0.043   1.71e-01   1.64e-01   8.69e-02   4.37e-01   0.00e+00 (  8.01e+01,  1.22e+02)
40      0.052   1.97e-01   2.10e-01   1.09e-01   5.69e-01   0.00e+00 (  8.25e+01,  1.21e+02)
45      0.070   2.19e-01   2.57e-01   1.42e-01   8.19e-01   0.00e+00 (  8.06e+01,  1.17e+02)
50      0.082   2.41e-01   3.13e-01   1.55e-01   1.00e+00   0.00e+00 (  7.67e+01,  1.10e+02)
55      0.090   2.58e-01   3.73e-01   2.06e-01   1.15e+00   0.00e+00 (  7.09e+01,  1.01e+02)
60      0.102   2.74e-01   4.13e-01   2.61e-01   1.35e+00   0.00e+00 (  6.47e+01,  9.27e+01)
65      0.130   3.05e-01   4.98e-01   3.41e-01   1.77e+00   0.00e+00 (  6.06e+01,  8.38e+01)
70      0.138   3.15e-01   5.39e-01   4.12e-01   1.94e+00   0.00e+00 (  5.43e+01,  7.52e+01)
75      0.145   3.20e-01   5.67e-01   4.79e-01   2.08e+00   0.00e+00 (  4.88e+01,  6.72e+01)
80      0.148   3.21e-01   5.88e-01   5.26e-01   2.16e+00   0.00e+00 (  4.40e+01,  5.99e+01)
85      0.145   3.00e-01   5.80e-01   5.11e-01   2.14e+00   0.00e+00 (  3.80e+01,  5.33e+01)
90      0.147   3.00e-01   5.68e-01   5.08e-01   2.39e+00   0.00e+00 (  3.40e+01,  4.76e+01)
95      1.817   4.19e+00   5.21e+00   3.57e+00   1.16e+02   0.00e+00 (  1.66e+03,  4.24e+01)
36 e: 8.915e-06 i: 4.960e-06 :: e: 2.185e-02 i: 2.332e-02 :: n: 2.762e+01 e:19.289 i:19.714 v:4.993e+03
>>> tau_he = 5.000000, nhe(0)=2.238923e+00
 5     -0.003   3.82e-03   2.69e-01   3.36e-03  -1.38e-02   0.00e+00 (  9.13e-01,  2.51e+01)
10     -0.007   8.01e-03   5.01e-02  -1.82e-03  -3.92e-02   0.00e+00 (  3.93e+00,  5.12e+01)
15      0.004   5.72e-02   1.05e-02   8.30e-03   2.60e-02   0.00e+00 (  3.28e+01,  7.74e+01)
20      0.005   8.53e-02   5.87e-02   2.33e-02   4.12e-02   0.00e+00 (  4.94e+01,  9.52e+01)
25      0.026   1.18e-01   9.08e-02   3.32e-02   2.26e-01   0.00e+00 (  6.49e+01,  1.08e+02)
30      0.039   1.53e-01   1.37e-01   6.10e-02   3.70e-01   0.00e+00 (  7.75e+01,  1.17e+02)
35      0.043   1.72e-01   1.65e-01   8.77e-02   4.39e-01   0.00e+00 (  8.08e+01,  1.22e+02)
40      0.052   1.98e-01   2.12e-01   1.10e-01   5.72e-01   0.00e+00 (  8.33e+01,  1.21e+02)
45      0.070   2.21e-01   2.62e-01   1.46e-01   8.18e-01   0.00e+00 (  8.17e+01,  1.17e+02)
50      0.082   2.42e-01   3.17e-01   1.56e-01   1.01e+00   0.00e+00 (  7.75e+01,  1.10e+02)
55      0.090   2.59e-01   3.77e-01   2.07e-01   1.16e+00   0.00e+00 (  7.17e+01,  1.01e+02)
60      0.102   2.76e-01   4.16e-01   2.63e-01   1.35e+00   0.00e+00 (  6.55e+01,  9.27e+01)
65      0.130   3.06e-01   5.02e-01   3.44e-01   1.78e+00   0.00e+00 (  6.12e+01,  8.38e+01)
70      0.139   3.16e-01   5.42e-01   4.14e-01   1.94e+00   0.00e+00 (  5.48e+01,  7.52e+01)
75      0.145   3.21e-01   5.70e-01   4.81e-01   2.08e+00   0.00e+00 (  4.92e+01,  6.72e+01)
80      0.148   3.21e-01   5.89e-01   5.27e-01   2.15e+00   0.00e+00 (  4.43e+01,  5.99e+01)
85      0.144   3.00e-01   5.81e-01   5.12e-01   2.13e+00   0.00e+00 (  3.83e+01,  5.33e+01)
90      0.147   3.00e-01   5.68e-01   5.08e-01   2.38e+00   0.00e+00 (  3.42e+01,  4.76e+01)
95      1.817   4.19e+00   5.21e+00   3.57e+00   1.16e+02   0.00e+00 (  1.66e+03,  4.24e+01)
37 e: 1.032e-06 i: 9.483e-06 :: e: 2.207e-02 i: 2.607e-02 :: n: 2.762e+01 e:19.354 i:19.727 v:4.993e+03
>>> tau_he = 5.000000, nhe(0)=2.241284e+00
 5     -0.003   3.83e-03   2.71e-01   3.37e-03  -1.39e-02   0.00e+00 (  9.17e-01,  2.51e+01)
10     -0.002   1.64e-03  -4.49e-03  -1.22e-03  -1.26e-02   0.00e+00 (  8.05e-01,  5.12e+01)
15      0.005   5.80e-02   4.45e-03   9.04e-03   3.44e-02   0.00e+00 (  3.32e+01,  7.74e+01)
20      0.006   8.75e-02   5.78e-02   2.22e-02   4.35e-02   0.00e+00 (  5.07e+01,  9.52e+01)
25      0.026   1.18e-01   9.00e-02   3.29e-02   2.25e-01   0.00e+00 (  6.49e+01,  1.08e+02)
30      0.039   1.53e-01   1.36e-01   6.04e-02   3.70e-01   0.00e+00 (  7.74e+01,  1.17e+02)
35      0.043   1.71e-01   1.64e-01   8.69e-02   4.38e-01   0.00e+00 (  8.06e+01,  1.22e+02)
40      0.052   1.98e-01   2.10e-01   1.09e-01   5.70e-01   0.00e+00 (  8.31e+01,  1.21e+02)
45      0.070   2.20e-01   2.58e-01   1.42e-01   8.22e-01   0.00e+00 (  8.11e+01,  1.17e+02)
50      0.082   2.42e-01   3.15e-01   1.55e-01   1.01e+00   0.00e+00 (  7.72e+01,  1.10e+02)
55      0.090   2.59e-01   3.75e-01   2.06e-01   1.15e+00   0.00e+00 (  7.15e+01,  1.01e+02)
60      0.102   2.75e-01   4.15e-01   2.63e-01   1.35e+00   0.00e+00 (  6.52e+01,  9.27e+01)
65      0.130   3.06e-01   5.00e-01   3.43e-01   1.78e+00   0.00e+00 (  6.10e+01,  8.38e+01)
70      0.139   3.16e-01   5.41e-01   4.13e-01   1.94e+00   0.00e+00 (  5.47e+01,  7.52e+01)
75      0.146   3.22e-01   5.70e-01   4.81e-01   2.08e+00   0.00e+00 (  4.91e+01,  6.72e+01)
80      0.149   3.22e-01   5.91e-01   5.27e-01   2.16e+00   0.00e+00 (  4.43e+01,  5.99e+01)
85      0.145   3.02e-01   5.84e-01   5.14e-01   2.15e+00   0.00e+00 (  3.83e+01,  5.33e+01)
90      0.148   3.02e-01   5.71e-01   5.11e-01   2.40e+00   0.00e+00 (  3.43e+01,  4.76e+01)
95      1.817   4.19e+00   5.21e+00   3.57e+00   1.16e+02   0.00e+00 (  1.66e+03,  4.24e+01)
38 e: 4.311e-06 i: 5.507e-06 :: e: 2.007e-02 i: 2.163e-02 :: n: 2.762e+01 e:19.337 i:19.749 v:4.993e+03
>>> tau_he = 5.000000, nhe(0)=2.241856e+00
 5     -0.003   3.84e-03   2.71e-01   3.37e-03  -1.39e-02   0.00e+00 (  9.18e-01,  2.51e+01)
10     -0.007   8.00e-03   5.02e-02  -1.80e-03  -3.92e-02   0.00e+00 (  3.93e+00,  5.12e+01)
15      0.004   5.70e-02   9.90e-03   8.11e-03   2.45e-02   0.00e+00 (  3.26e+01,  7.74e+01)
20      0.005   8.55e-02   5.88e-02   2.33e-02   4.13e-02   0.00e+00 (  4.96e+01,  9.52e+01)
25      0.026   1.18e-01   9.09e-02   3.32e-02   2.26e-01   0.00e+00 (  6.51e+01,  1.08e+02)
30      0.039   1.53e-01   1.37e-01   6.10e-02   3.72e-01   0.00e+00 (  7.77e+01,  1.17e+02)
35      0.043   1.72e-01   1.66e-01   8.77e-02   4.40e-01   0.00e+00 (  8.11e+01,  1.22e+02)
40      0.052   1.98e-01   2.12e-01   1.10e-01   5.73e-01   0.00e+00 (  8.36e+01,  1.21e+02)
45      0.070   2.22e-01   2.62e-01   1.46e-01   8.21e-01   0.00e+00 (  8.21e+01,  1.17e+02)
50      0.082   2.43e-01   3.18e-01   1.56e-01   1.01e+00   0.00e+00 (  7.79e+01,  1.10e+02)
55      0.090   2.60e-01   3.78e-01   2.08e-01   1.16e+00   0.00e+00 (  7.21e+01,  1.01e+02)
60      0.102   2.76e-01   4.17e-01   2.62e-01   1.36e+00   0.00e+00 (  6.57e+01,  9.27e+01)
65      0.130   3.07e-01   5.03e-01   3.45e-01   1.78e+00   0.00e+00 (  6.15e+01,  8.38e+01)
70      0.139   3.17e-01   5.43e-01   4.15e-01   1.94e+00   0.00e+00 (  5.50e+01,  7.52e+01)
75      0.145   3.22e-01   5.72e-01   4.83e-01   2.08e+00   0.00e+00 (  4.94e+01,  6.72e+01)
80      0.148   3.23e-01   5.92e-01   5.29e-01   2.16e+00   0.00e+00 (  4.45e+01,  5.99e+01)
85      0.145   3.01e-01   5.83e-01   5.14e-01   2.14e+00   0.00e+00 (  3.85e+01,  5.33e+01)
90      0.147   3.01e-01   5.70e-01   5.10e-01   2.39e+00   0.00e+00 (  3.44e+01,  4.76e+01)
95      1.817   4.19e+00   5.21e+00   3.57e+00   1.16e+02   0.00e+00 (  1.66e+03,  4.24e+01)
39 e: 1.801e-06 i: 7.687e-06 :: e: 1.948e-02 i: 2.346e-02 :: n: 2.762e+01 e:19.374 i:19.755 v:4.993e+03
>>> tau_he = 5.000000, nhe(0)=2.242495e+00
 5     -0.003   3.84e-03   2.72e-01   3.37e-03  -1.39e-02   0.00e+00 (  9.20e-01,  2.51e+01)
10     -0.002   1.63e-03  -4.46e-03  -1.21e-03  -1.26e-02   0.00e+00 (  8.01e-01,  5.12e+01)
15      0.005   5.81e-02   4.35e-03   9.04e-03   3.44e-02   0.00e+00 (  3.33e+01,  7.74e+01)
20      0.006   8.77e-02   5.79e-02   2.22e-02   4.33e-02   0.00e+00 (  5.08e+01,  9.52e+01)
25      0.026   1.18e-01   9.01e-02   3.29e-02   2.25e-01   0.00e+00 (  6.50e+01,  1.08e+02)
30      0.039   1.53e-01   1.36e-01   6.04e-02   3.71e-01   0.00e+00 (  7.75e+01,  1.17e+02)
35      0.043   1.72e-01   1.65e-01   8.70e-02   4.39e-01   0.00e+00 (  8.08e+01,  1.22e+02)
40      0.052   1.98e-01   2.11e-01   1.09e-01   5.71e-01   0.00e+00 (  8.34e+01,  1.21e+02)
45      0.070   2.21e-01   2.60e-01   1.45e-01   8.17e-01   0.00e+00 (  8.17e+01,  1.17e+02)
50      0.082   2.42e-01   3.16e-01   1.56e-01   1.01e+00   0.00e+00 (  7.75e+01,  1.10e+02)
55      0.090   2.59e-01   3.76e-01   2.06e-01   1.16e+00   0.00e+00 (  7.17e+01,  1.01e+02)
60      0.102   2.76e-01   4.15e-01   2.61e-01   1.36e+00   0.00e+00 (  6.54e+01,  9.27e+01)
65      0.130   3.06e-01   5.01e-01   3.43e-01   1.78e+00   0.00e+00 (  6.11e+01,  8.38e+01)
70      0.139   3.16e-01   5.41e-01   4.14e-01   1.94e+00   0.00e+00 (  5.47e+01,  7.52e+01)
75      0.146   3.22e-01   5.71e-01   4.82e-01   2.09e+00   0.00e+00 (  4.93e+01,  6.72e+01)
80      0.149   3.22e-01   5.92e-01   5.28e-01   2.17e+00   0.00e+00 (  4.44e+01,  5.99e+01)
85      0.145   3.02e-01   5.85e-01   5.15e-01   2.15e+00   0.00e+00 (  3.85e+01,  5.33e+01)
90      0.148   3.02e-01   5.73e-01   5.12e-01   2.40e+00   0.00e+00 (  3.44e+01,  4.76e+01)
95      1.817   4.19e+00   5.21e+00   3.57e+00   1.16e+02   0.00e+00 (  1.66e+03,  4.24e+01)
40 e: 1.986e-06 i: 6.250e-06 :: e: 1.727e-02 i: 1.907e-02 :: n: 2.762e+01 e:19.353 i:19.761 v:4.993e+03
>>> tau_he = 5.000000, nhe(0)=2.242387e+00
 5     -0.003   3.84e-03   2.72e-01   3.37e-03  -1.39e-02   0.00e+00 (  9.19e-01,  2.51e+01)
10     -0.002   1.67e-03  -4.53e-03  -1.22e-03  -1.27e-02   0.00e+00 (  8.20e-01,  5.12e+01)
15      0.006   5.85e-02   5.58e-03   9.89e-03   3.78e-02   0.00e+00 (  3.35e+01,  7.74e+01)
20      0.005   8.56e-02   5.88e-02   2.33e-02   4.15e-02   0.00e+00 (  4.96e+01,  9.52e+01)
25      0.026   1.18e-01   9.10e-02   3.32e-02   2.27e-01   0.00e+00 (  6.51e+01,  1.08e+02)
30      0.039   1.53e-01   1.37e-01   6.10e-02   3.72e-01   0.00e+00 (  7.77e+01,  1.17e+02)
35      0.043   1.72e-01   1.66e-01   8.78e-02   4.41e-01   0.00e+00 (  8.11e+01,  1.22e+02)
40      0.052   1.98e-01   2.12e-01   1.10e-01   5.74e-01   0.00e+00 (  8.37e+01,  1.21e+02)
45      0.070   2.22e-01   2.63e-01   1.46e-01   8.22e-01   0.00e+00 (  8.20e+01,  1.17e+02)
50      0.083   2.43e-01   3.18e-01   1.56e-01   1.01e+00   0.00e+00 (  7.79e+01,  1.10e+02)
55      0.091   2.60e-01   3.79e-01   2.08e-01   1.16e+00   0.00e+00 (  7.21e+01,  1.01e+02)
60      0.102   2.77e-01   4.18e-01   2.62e-01   1.36e+00   0.00e+00 (  6.58e+01,  9.27e+01)
65      0.130   3.07e-01   5.03e-01   3.45e-01   1.78e+00   0.00e+00 (  6.14e+01,  8.38e+01)
70      0.139   3.17e-01   5.42e-01   4.14e-01   1.94e+00   0.00e+00 (  5.50e+01,  7.52e+01)
75      0.145   3.22e-01   5.72e-01   4.83e-01   2.08e+00   0.00e+00 (  4.94e+01,  6.72e+01)
80      0.148   3.23e-01   5.92e-01   5.29e-01   2.16e+00   0.00e+00 (  4.46e+01,  5.99e+01)
85      0.145   3.02e-01   5.84e-01   5.14e-01   2.14e+00   0.00e+00 (  3.86e+01,  5.33e+01)
90      0.147   3.01e-01   5.71e-01   5.10e-01   2.39e+00   0.00e+00 (  3.44e+01,  4.76e+01)
95      1.817   4.19e+00   5.21e+00   3.57e+00   1.16e+02   0.00e+00 (  1.66e+03,  4.24e+01)
41 e: 2.467e-06 i: 5.443e-06 :: e: 1.600e-02 i: 1.870e-02 :: n: 2.762e+01 e:19.375 i:19.760 v:4.993e+03
>>> tau_he = 5.000000, nhe(0)=2.245616e+00
 5     -0.003   3.85e-03   2.72e-01   3.37e-03  -1.40e-02   0.00e+00 (  9.23e-01,  2.51e+01)
10     -0.007   8.06e-03   5.03e-02  -1.81e-03  -3.95e-02   0.00e+00 (  3.97e+00,  5.12e+01)
15      0.004   5.73e-02   1.03e-02   8.25e-03   2.57e-02   0.00e+00 (  3.28e+01,  7.74e+01)
20      0.006   8.78e-02   5.82e-02   2.22e-02   4.41e-02   0.00e+00 (  5.09e+01,  9.52e+01)
25      0.026   1.18e-01   9.04e-02   3.30e-02   2.26e-01   0.00e+00 (  6.50e+01,  1.08e+02)
30      0.039   1.53e-01   1.37e-01   6.05e-02   3.71e-01   0.00e+00 (  7.75e+01,  1.17e+02)
35      0.043   1.72e-01   1.65e-01   8.72e-02   4.40e-01   0.00e+00 (  8.08e+01,  1.22e+02)
40      0.052   1.98e-01   2.11e-01   1.09e-01   5.72e-01   0.00e+00 (  8.33e+01,  1.21e+02)
45      0.070   2.21e-01   2.60e-01   1.45e-01   8.18e-01   0.00e+00 (  8.16e+01,  1.17e+02)
50      0.082   2.42e-01   3.16e-01   1.56e-01   1.01e+00   0.00e+00 (  7.74e+01,  1.10e+02)
55      0.090   2.59e-01   3.76e-01   2.07e-01   1.16e+00   0.00e+00 (  7.16e+01,  1.01e+02)
60      0.102   2.75e-01   4.16e-01   2.61e-01   1.36e+00   0.00e+00 (  6.53e+01,  9.27e+01)
65      0.130   3.06e-01   5.00e-01   3.43e-01   1.78e+00   0.00e+00 (  6.10e+01,  8.38e+01)
70      0.139   3.16e-01   5.40e-01   4.13e-01   1.94e+00   0.00e+00 (  5.46e+01,  7.52e+01)
75      0.146   3.22e-01   5.71e-01   4.82e-01   2.08e+00   0.00e+00 (  4.92e+01,  6.72e+01)
80      0.149   3.22e-01   5.91e-01   5.27e-01   2.17e+00   0.00e+00 (  4.43e+01,  5.99e+01)
85      0.145   3.02e-01   5.84e-01   5.15e-01   2.15e+00   0.00e+00 (  3.85e+01,  5.33e+01)
90      0.148   3.02e-01   5.72e-01   5.12e-01   2.40e+00   0.00e+00 (  3.44e+01,  4.76e+01)
95      1.817   4.19e+00   5.21e+00   3.57e+00   1.16e+02   0.00e+00 (  1.66e+03,  4.24e+01)
42 e: 1.431e-06 i: 9.939e-06 :: e: 1.376e-02 i: 1.681e-02 :: n: 2.762e+01 e:19.353 i:19.790 v:4.993e+03
>>> tau_he = 5.000000, nhe(0)=2.240961e+00
 5     -0.003   3.83e-03   2.72e-01   3.38e-03  -1.40e-02   0.00e+00 (  9.21e-01,  2.51e+01)
10     -0.002   1.67e-03  -4.51e-03  -1.22e-03  -1.28e-02   0.00e+00 (  8.22e-01,  5.12e+01)
15      0.006   5.84e-02   5.53e-03   9.87e-03   3.69e-02   0.00e+00 (  3.35e+01,  7.74e+01)
20      0.005   8.56e-02   5.89e-02   2.33e-02   4.05e-02   0.00e+00 (  4.97e+01,  9.52e+01)
25      0.026   1.18e-01   9.11e-02   3.32e-02   2.26e-01   0.00e+00 (  6.52e+01,  1.08e+02)
30      0.039   1.53e-01   1.38e-01   6.11e-02   3.72e-01   0.00e+00 (  7.77e+01,  1.17e+02)
35      0.043   1.72e-01   1.66e-01   8.79e-02   4.41e-01   0.00e+00 (  8.11e+01,  1.22e+02)
40      0.052   1.98e-01   2.12e-01   1.11e-01   5.74e-01   0.00e+00 (  8.36e+01,  1.21e+02)
45      0.070   2.22e-01   2.62e-01   1.46e-01   8.22e-01   0.00e+00 (  8.19e+01,  1.17e+02)
50      0.083   2.43e-01   3.18e-01   1.56e-01   1.01e+00   0.00e+00 (  7.77e+01,  1.10e+02)
55      0.091   2.60e-01   3.79e-01   2.08e-01   1.16e+00   0.00e+00 (  7.20e+01,  1.01e+02)
60      0.102   2.76e-01   4.18e-01   2.62e-01   1.36e+00   0.00e+00 (  6.56e+01,  9.27e+01)
65      0.130   3.06e-01   5.02e-01   3.44e-01   1.78e+00   0.00e+00 (  6.12e+01,  8.38e+01)
70      0.138   3.16e-01   5.41e-01   4.13e-01   1.94e+00   0.00e+00 (  5.48e+01,  7.52e+01)
75      0.145   3.22e-01   5.71e-01   4.82e-01   2.08e+00   0.00e+00 (  4.93e+01,  6.72e+01)
80      0.148   3.22e-01   5.91e-01   5.28e-01   2.16e+00   0.00e+00 (  4.44e+01,  5.99e+01)
85      0.144   3.01e-01   5.83e-01   5.13e-01   2.14e+00   0.00e+00 (  3.85e+01,  5.33e+01)
90      0.147   3.00e-01   5.69e-01   5.09e-01   2.38e+00   0.00e+00 (  3.44e+01,  4.76e+01)
95      1.817   4.19e+00   5.21e+00   3.57e+00   1.16e+02   0.00e+00 (  1.66e+03,  4.24e+01)
43 e: 4.747e-06 i: 5.155e-06 :: e: 1.233e-02 i: 1.516e-02 :: n: 2.762e+01 e:19.378 i:19.747 v:4.993e+03
>>> tau_he = 5.000000, nhe(0)=2.243851e+00
 5     -0.003   3.84e-03   2.72e-01   3.37e-03  -1.40e-02   0.00e+00 (  9.21e-01,  2.51e+01)
10     -0.007   8.02e-03   5.02e-02  -1.79e-03  -3.92e-02   0.00e+00 (  3.94e+00,  5.12e+01)
15      0.006   5.85e-02   5.69e-03   9.90e-03   3.84e-02   0.00e+00 (  3.35e+01,  7.74e+01)
20      0.005   8.54e-02   5.84e-02   2.31e-02   4.15e-02   0.00e+00 (  4.94e+01,  9.52e+01)
25      0.026   1.18e-01   9.04e-02   3.30e-02   2.26e-01   0.00e+00 (  6.48e+01,  1.08e+02)
30      0.039   1.53e-01   1.37e-01   6.06e-02   3.72e-01   0.00e+00 (  7.73e+01,  1.17e+02)
35      0.043   1.71e-01   1.65e-01   8.73e-02   4.40e-01   0.00e+00 (  8.06e+01,  1.22e+02)
40      0.052   1.98e-01   2.11e-01   1.10e-01   5.72e-01   0.00e+00 (  8.31e+01,  1.21e+02)
45      0.070   2.21e-01   2.60e-01   1.45e-01   8.18e-01   0.00e+00 (  8.13e+01,  1.17e+02)
50      0.082   2.41e-01   3.16e-01   1.56e-01   1.01e+00   0.00e+00 (  7.71e+01,  1.10e+02)
55      0.090   2.59e-01   3.76e-01   2.07e-01   1.16e+00   0.00e+00 (  7.14e+01,  1.01e+02)
60      0.102   2.75e-01   4.15e-01   2.61e-01   1.36e+00   0.00e+00 (  6.50e+01,  9.27e+01)
65      0.130   3.05e-01   4.99e-01   3.42e-01   1.77e+00   0.00e+00 (  6.07e+01,  8.38e+01)
70      0.138   3.15e-01   5.38e-01   4.12e-01   1.94e+00   0.00e+00 (  5.43e+01,  7.52e+01)
75      0.145   3.21e-01   5.69e-01   4.80e-01   2.08e+00   0.00e+00 (  4.89e+01,  6.72e+01)
80      0.148   3.21e-01   5.90e-01   5.27e-01   2.16e+00   0.00e+00 (  4.41e+01,  5.99e+01)
85      0.145   3.01e-01   5.83e-01   5.13e-01   2.14e+00   0.00e+00 (  3.83e+01,  5.33e+01)
90      0.147   3.01e-01   5.70e-01   5.10e-01   2.39e+00   0.00e+00 (  3.43e+01,  4.76e+01)
95      1.817   4.19e+00   5.21e+00   3.57e+00   1.16e+02   0.00e+00 (  1.66e+03,  4.24e+01)
44 e: 1.317e-06 i: 1.173e-05 :: e: 9.741e-03 i: 1.265e-02 :: n: 2.762e+01 e:19.331 i:19.773 v:4.993e+03
>>> tau_he = 5.000000, nhe(0)=2.238122e+00
 5     -0.003   3.82e-03   2.72e-01   3.38e-03  -1.39e-02   0.00e+00 (  9.19e-01,  2.51e+01)
10     -0.002   1.65e-03  -4.47e-03  -1.21e-03  -1.27e-02   0.00e+00 (  8.11e-01,  5.12e+01)
15      0.006   5.83e-02   5.58e-03   9.86e-03   3.73e-02   0.00e+00 (  3.34e+01,  7.74e+01)
20      0.006   8.77e-02   5.87e-02   2.24e-02   4.33e-02   0.00e+00 (  5.09e+01,  9.52e+01)
25      0.026   1.18e-01   9.10e-02   3.33e-02   2.26e-01   0.00e+00 (  6.50e+01,  1.08e+02)
30      0.039   1.53e-01   1.38e-01   6.12e-02   3.72e-01   0.00e+00 (  7.75e+01,  1.17e+02)
35      0.043   1.72e-01   1.66e-01   8.80e-02   4.40e-01   0.00e+00 (  8.08e+01,  1.22e+02)
40      0.052   1.98e-01   2.13e-01   1.11e-01   5.73e-01   0.00e+00 (  8.34e+01,  1.21e+02)
45      0.070   2.21e-01   2.62e-01   1.46e-01   8.21e-01   0.00e+00 (  8.16e+01,  1.17e+02)
50      0.082   2.42e-01   3.18e-01   1.56e-01   1.01e+00   0.00e+00 (  7.74e+01,  1.10e+02)
55      0.090   2.59e-01   3.78e-01   2.07e-01   1.16e+00   0.00e+00 (  7.16e+01,  1.01e+02)
60      0.102   2.75e-01   4.17e-01   2.65e-01   1.36e+00   0.00e+00 (  6.53e+01,  9.27e+01)
65      0.130   3.05e-01   5.00e-01   3.43e-01   1.77e+00   0.00e+00 (  6.09e+01,  8.38e+01)
70      0.138   3.15e-01   5.39e-01   4.12e-01   1.93e+00   0.00e+00 (  5.44e+01,  7.52e+01)
75      0.145   3.20e-01   5.68e-01   4.80e-01   2.07e+00   0.00e+00 (  4.89e+01,  6.72e+01)
80      0.148   3.21e-01   5.88e-01   5.26e-01   2.15e+00   0.00e+00 (  4.41e+01,  5.99e+01)
85      0.144   3.00e-01   5.80e-01   5.11e-01   2.13e+00   0.00e+00 (  3.82e+01,  5.33e+01)
90      0.146   3.00e-01   5.67e-01   5.07e-01   2.38e+00   0.00e+00 (  3.42e+01,  4.76e+01)
95      1.817   4.19e+00   5.21e+00   3.57e+00   1.16e+02   0.00e+00 (  1.66e+03,  4.24e+01)
45 e: 6.954e-06 i: 5.190e-06 :: e: 8.845e-03 i: 1.143e-02 :: n: 2.762e+01 e:19.357 i:19.720 v:4.993e+03
>>> tau_he = 5.000000, nhe(0)=2.240858e+00
 5     -0.003   3.83e-03   2.72e-01   3.37e-03  -1.39e-02   0.00e+00 (  9.17e-01,  2.51e+01)
10     -0.002   1.67e-03  -4.50e-03  -1.22e-03  -1.28e-02   0.00e+00 (  8.18e-01,  5.12e+01)
15      0.006   5.83e-02   5.70e-03   9.88e-03   3.89e-02   0.00e+00 (  3.33e+01,  7.74e+01)
20      0.006   8.74e-02   5.82e-02   2.23e-02   4.52e-02   0.00e+00 (  5.05e+01,  9.52e+01)
25      0.026   1.17e-01   9.02e-02   3.30e-02   2.26e-01   0.00e+00 (  6.46e+01,  1.08e+02)
30      0.039   1.52e-01   1.36e-01   6.06e-02   3.71e-01   0.00e+00 (  7.69e+01,  1.17e+02)
35      0.043   1.71e-01   1.65e-01   8.73e-02   4.40e-01   0.00e+00 (  8.02e+01,  1.22e+02)
40      0.052   1.97e-01   2.11e-01   1.10e-01   5.72e-01   0.00e+00 (  8.27e+01,  1.21e+02)
45      0.070   2.20e-01   2.60e-01   1.45e-01   8.17e-01   0.00e+00 (  8.08e+01,  1.17e+02)
50      0.082   2.41e-01   3.15e-01   1.55e-01   1.01e+00   0.00e+00 (  7.66e+01,  1.10e+02)
55      0.090   2.58e-01   3.75e-01   2.06e-01   1.16e+00   0.00e+00 (  7.09e+01,  1.01e+02)
60      0.102   2.74e-01   4.14e-01   2.63e-01   1.35e+00   0.00e+00 (  6.46e+01,  9.27e+01)
65      0.129   3.04e-01   4.97e-01   3.41e-01   1.77e+00   0.00e+00 (  6.03e+01,  8.38e+01)
70      0.138   3.13e-01   5.36e-01   4.10e-01   1.93e+00   0.00e+00 (  5.39e+01,  7.52e+01)
75      0.145   3.19e-01   5.66e-01   4.78e-01   2.07e+00   0.00e+00 (  4.85e+01,  6.72e+01)
80      0.148   3.20e-01   5.87e-01   5.25e-01   2.15e+00   0.00e+00 (  4.38e+01,  5.99e+01)
85      0.144   3.00e-01   5.80e-01   5.11e-01   2.13e+00   0.00e+00 (  3.80e+01,  5.33e+01)
90      0.147   3.00e-01   5.68e-01   5.08e-01   2.38e+00   0.00e+00 (  3.41e+01,  4.76e+01)
95      1.817   4.19e+00   5.21e+00   3.57e+00   1.16e+02   0.00e+00 (  1.66e+03,  4.24e+01)
46 e: 1.604e-06 i: 7.496e-06 :: e: 5.809e-03 i: 7.725e-03 :: n: 2.762e+01 e:19.299 i:19.745 v:4.993e+03
>>> tau_he = 5.000000, nhe(0)=2.238028e+00
 5     -0.003   3.82e-03   2.71e-01   3.37e-03  -1.39e-02   0.00e+00 (  9.16e-01,  2.51e+01)
10     -0.007   8.03e-03   5.00e-02  -1.81e-03  -3.95e-02   0.00e+00 (  3.96e+00,  5.12e+01)
15      0.005   5.88e-02   1.33e-02   9.23e-03   3.41e-02   0.00e+00 (  3.37e+01,  7.74e+01)
20      0.005   8.53e-02   5.91e-02   2.34e-02   4.16e-02   0.00e+00 (  4.94e+01,  9.52e+01)
25      0.026   1.17e-01   9.11e-02   3.33e-02   2.26e-01   0.00e+00 (  6.48e+01,  1.08e+02)
30      0.039   1.52e-01   1.38e-01   6.13e-02   3.72e-01   0.00e+00 (  7.72e+01,  1.17e+02)
35      0.043   1.71e-01   1.66e-01   8.82e-02   4.41e-01   0.00e+00 (  8.05e+01,  1.22e+02)
40      0.052   1.97e-01   2.12e-01   1.11e-01   5.73e-01   0.00e+00 (  8.30e+01,  1.21e+02)
45      0.070   2.21e-01   2.62e-01   1.46e-01   8.20e-01   0.00e+00 (  8.12e+01,  1.17e+02)
50      0.082   2.41e-01   3.18e-01   1.56e-01   1.01e+00   0.00e+00 (  7.70e+01,  1.10e+02)
55      0.090   2.58e-01   3.77e-01   2.07e-01   1.16e+00   0.00e+00 (  7.12e+01,  1.01e+02)
60      0.102   2.74e-01   4.16e-01   2.63e-01   1.35e+00   0.00e+00 (  6.48e+01,  9.27e+01)
65      0.129   3.04e-01   4.98e-01   3.41e-01   1.76e+00   0.00e+00 (  6.04e+01,  8.38e+01)
70      0.137   3.13e-01   5.36e-01   4.10e-01   1.92e+00   0.00e+00 (  5.40e+01,  7.52e+01)
75      0.144   3.19e-01   5.65e-01   4.78e-01   2.06e+00   0.00e+00 (  4.85e+01,  6.72e+01)
80      0.147   3.19e-01   5.85e-01   5.23e-01   2.14e+00   0.00e+00 (  4.37e+01,  5.99e+01)
85      0.143   2.99e-01   5.77e-01   5.09e-01   2.12e+00   0.00e+00 (  3.79e+01,  5.33e+01)
90      0.146   2.98e-01   5.64e-01   5.05e-01   2.36e+00   0.00e+00 (  3.40e+01,  4.76e+01)
95      1.818   4.19e+00   5.21e+00   3.57e+00   1.16e+02   0.00e+00 (  1.66e+03,  4.24e+01)
47 e: 6.634e-06 i: 7.660e-06 :: e: 5.319e-03 i: 9.406e-03 :: n: 2.762e+01 e:19.330 i:19.719 v:4.993e+03
>>> tau_he = 5.000000, nhe(0)=2.236628e+00
 5     -0.003   3.81e-03   2.71e-01   3.37e-03  -1.39e-02   0.00e+00 (  9.15e-01,  2.51e+01)
10     -0.002   1.66e-03  -4.48e-03  -1.21e-03  -1.27e-02   0.00e+00 (  8.15e-01,  5.12e+01)
15      0.006   5.79e-02   5.51e-03   9.82e-03   3.82e-02   0.00e+00 (  3.31e+01,  7.74e+01)
20      0.006   8.72e-02   5.82e-02   2.23e-02   4.43e-02   0.00e+00 (  5.05e+01,  9.52e+01)
25      0.026   1.17e-01   9.02e-02   3.30e-02   2.25e-01   0.00e+00 (  6.44e+01,  1.08e+02)
30      0.039   1.52e-01   1.36e-01   6.07e-02   3.70e-01   0.00e+00 (  7.67e+01,  1.17e+02)
35      0.043   1.70e-01   1.65e-01   8.74e-02   4.39e-01   0.00e+00 (  7.99e+01,  1.22e+02)
40      0.052   1.96e-01   2.11e-01   1.10e-01   5.71e-01   0.00e+00 (  8.24e+01,  1.21e+02)
45      0.070   2.19e-01   2.59e-01   1.45e-01   8.16e-01   0.00e+00 (  8.04e+01,  1.17e+02)
50      0.082   2.39e-01   3.15e-01   1.55e-01   1.00e+00   0.00e+00 (  7.59e+01,  1.10e+02)
55      0.090   2.57e-01   3.74e-01   2.06e-01   1.15e+00   0.00e+00 (  7.05e+01,  1.01e+02)
60      0.102   2.73e-01   4.13e-01   2.62e-01   1.35e+00   0.00e+00 (  6.41e+01,  9.27e+01)
65      0.129   3.02e-01   4.95e-01   3.39e-01   1.76e+00   0.00e+00 (  5.98e+01,  8.38e+01)
70      0.137   3.12e-01   5.33e-01   4.08e-01   1.92e+00   0.00e+00 (  5.35e+01,  7.52e+01)
75      0.144   3.18e-01   5.63e-01   4.76e-01   2.06e+00   0.00e+00 (  4.81e+01,  6.72e+01)
80      0.147   3.18e-01   5.83e-01   5.22e-01   2.14e+00   0.00e+00 (  4.34e+01,  5.99e+01)
85      0.144   2.99e-01   5.76e-01   5.08e-01   2.12e+00   0.00e+00 (  3.79e+01,  5.33e+01)
90      0.146   2.99e-01   5.64e-01   5.05e-01   2.37e+00   0.00e+00 (  3.38e+01,  4.76e+01)
95      1.817   4.19e+00   5.21e+00   3.57e+00   1.16e+02   0.00e+00 (  1.66e+03,  4.24e+01)
48 e: 5.282e-07 i: 7.455e-06 :: e: 2.603e-03 i: 4.474e-03 :: n: 2.762e+01 e:19.280 i:19.706 v:4.993e+03
>>> tau_he = 5.000000, nhe(0)=2.233956e+00
 5     -0.003   3.80e-03   2.70e-01   3.36e-03  -1.39e-02   0.00e+00 (  9.11e-01,  2.51e+01)
10     -0.007   7.97e-03   4.98e-02  -1.79e-03  -3.91e-02   0.00e+00 (  3.92e+00,  5.12e+01)
15      0.005   5.79e-02   1.23e-02   8.90e-03   3.22e-02   0.00e+00 (  3.31e+01,  7.74e+01)
20      0.006   8.50e-02   5.90e-02   2.34e-02   4.23e-02   0.00e+00 (  4.91e+01,  9.52e+01)
25      0.026   1.17e-01   9.10e-02   3.33e-02   2.26e-01   0.00e+00 (  6.44e+01,  1.08e+02)
30      0.039   1.52e-01   1.37e-01   6.13e-02   3.71e-01   0.00e+00 (  7.68e+01,  1.17e+02)
35      0.043   1.71e-01   1.66e-01   8.83e-02   4.40e-01   0.00e+00 (  8.00e+01,  1.22e+02)
40      0.052   1.97e-01   2.12e-01   1.12e-01   5.73e-01   0.00e+00 (  8.25e+01,  1.21e+02)
45      0.070   2.20e-01   2.62e-01   1.45e-01   8.19e-01   0.00e+00 (  8.07e+01,  1.17e+02)
50      0.082   2.40e-01   3.17e-01   1.56e-01   1.01e+00   0.00e+00 (  7.65e+01,  1.10e+02)
55      0.090   2.57e-01   3.76e-01   2.07e-01   1.15e+00   0.00e+00 (  7.07e+01,  1.01e+02)
60      0.102   2.73e-01   4.15e-01   2.62e-01   1.35e+00   0.00e+00 (  6.43e+01,  9.27e+01)
65      0.129   3.02e-01   4.96e-01   3.40e-01   1.76e+00   0.00e+00 (  5.99e+01,  8.38e+01)
70      0.137   3.11e-01   5.33e-01   4.08e-01   1.91e+00   0.00e+00 (  5.35e+01,  7.52e+01)
75      0.143   3.17e-01   5.62e-01   4.75e-01   2.05e+00   0.00e+00 (  4.81e+01,  6.72e+01)
80      0.146   3.17e-01   5.81e-01   5.20e-01   2.13e+00   0.00e+00 (  4.33e+01,  5.99e+01)
85      0.143   2.97e-01   5.73e-01   5.06e-01   2.11e+00   0.00e+00 (  3.76e+01,  5.33e+01)
90      0.145   2.97e-01   5.60e-01   5.02e-01   2.35e+00   0.00e+00 (  3.37e+01,  4.76e+01)
95      1.818   4.19e+00   5.21e+00   3.57e+00   1.16e+02   0.00e+00 (  1.66e+03,  4.24e+01)
49 e: 5.947e-06 i: 7.664e-06 :: e: 2.113e-03 i: 5.876e-03 :: n: 2.762e+01 e:19.290 i:19.681 v:4.993e+03
 plasma volume = 148.709785
 stored energy(e,i,b) = 5.300545e+01 4.722634e+01 0.000000e+00
 betan = 1.137293
*power
 Pnb(e,i) = 0.000000e+00 0.000000e+00
 Prf(e,i) = 6.605099e+00 1.340751e+01
 Prad     = -3.471724e+01 
 Pei      = 5.977202e-01 
 Pfuse    = 4.108293e+01 
 Pfusi    = 1.193486e+01 
 Poh      = 0.000000e+00 
*confinement time
 taut, tauITER98y2, H98y2 : 2.616119e+00 2.571361e+00 1.017407e+00
 taue, taui : 3.906504e+00 4.165632e+00
 taut, tau89, H89 : 2.616119e+00 1.117914e+00 2.340180e+00
*temperature
 nea, nebar : 1.944966e+01 2.196864e+01 
 tea, tia : 6.892129e+00 6.910784e+00 (9.973005e-01)
 te0, ti0 : 1.715797e+01 1.784504e+01 (9.614980e-01)
 Sn : 0.000000e+00 
*current balance
 Ip,Ibs,Inb,Irf: 1.000000e+01 1.739758e+00 0.000000e+00 7.983297e-02
 fni,fbs: 0.182 0.174

 plasma volume = 148.709785
 stored energy(e,i,b) = 5.300545e+01 4.722634e+01 0.000000e+00
 betan = 1.137293
*power
 Pnb(e,i) = 0.000000e+00 0.000000e+00
 Prf(e,i) = 6.605099e+00 1.340751e+01
 Prad     = -3.471724e+01 
 Pei      = 5.977202e-01 
 Pfuse    = 4.108293e+01 
 Pfusi    = 1.193486e+01 
 Poh      = 0.000000e+00 
*confinement time
 taut, tauITER98y2, H98y2 : 2.616119e+00 2.571361e+00 1.017407e+00
 taue, taui : 3.906504e+00 4.165632e+00
 taut, tau89, H89 : 2.616119e+00 1.117914e+00 2.340180e+00
*temperature
 nea, nebar : 1.944966e+01 2.196864e+01 
 tea, tia : 6.892129e+00 6.910784e+00 (9.973005e-01)
 te0, ti0 : 1.715797e+01 1.784504e+01 (9.614980e-01)
 Sn : 0.000000e+00 
*current balance
 Ip,Ibs,Inb,Irf: 1.000000e+01 1.739758e+00 0.000000e+00 7.983297e-02
 fni,fbs: 0.182 0.174
 ELAPASED TIME = 1769 sec
