NCAPTC: : NetCDF: Variable not found
Warning: ieee_overflow is signaling
Warning: ieee_underflow is signaling
Warning: ieee_inexact is signaling
FORTRAN STOP
 solver
 /global/common/software/atom/perlmutter/data/greentable/
 /global/common/software/atom/perlmutter/data/greentable/

          EFITD Version  07/09/2014


 type mode (2=file, 3=snap, 4=time, 5=input, 6=com file, 7=snap_ext):

 number of time slices?

 type input file names:
 #
 table_dir = </global/common/software/atom/perlmutter/data/greentable/>

  ----- time =     1 ms ----- ( 0)
 it=  1 chi2=0.00E+00 zm= 7.53E-03 err=5.202E+00 dz= 7.535E-03 chigam= 0.00E+00
 it=  2 chi2=0.00E+00 zm= 1.07E-02 err=8.550E-01 dz= 3.156E-03 chigam= 0.00E+00
 it=  3 chi2=0.00E+00 zm= 1.31E-02 err=4.858E-01 dz= 2.379E-03 chigam= 0.00E+00
 it=  4 chi2=0.00E+00 zm= 1.49E-02 err=2.850E-01 dz= 1.800E-03 chigam= 0.00E+00
 it=  5 chi2=0.00E+00 zm= 1.62E-02 err=1.701E-01 dz= 1.368E-03 chigam= 0.00E+00
 it=  6 chi2=0.00E+00 zm= 1.73E-02 err=1.045E-01 dz= 1.047E-03 chigam= 0.00E+00
 it=  7 chi2=0.00E+00 zm= 1.81E-02 err=6.784E-02 dz= 8.003E-04 chigam= 0.00E+00
 it=  8 chi2=0.00E+00 zm= 1.87E-02 err=3.971E-02 dz= 5.966E-04 chigam= 0.00E+00
 it=  9 chi2=0.00E+00 zm= 1.91E-02 err=2.149E-02 dz= 4.397E-04 chigam= 0.00E+00
 it= 10 chi2=0.00E+00 zm= 1.94E-02 err=1.120E-02 dz= 3.213E-04 chigam= 0.00E+00
 it= 11 chi2=0.00E+00 zm= 1.97E-02 err=7.706E-03 dz= 2.359E-04 chigam= 0.00E+00
 it= 12 chi2=0.00E+00 zm= 1.99E-02 err=4.335E-03 dz= 1.731E-04 chigam= 0.00E+00
 it= 13 chi2=0.00E+00 zm= 2.00E-02 err=3.109E-03 dz= 1.265E-04 chigam= 0.00E+00
 it= 14 chi2=0.00E+00 zm= 2.01E-02 err=7.018E-03 dz= 1.016E-04 chigam= 0.00E+00
 it= 15 chi2=0.00E+00 zm= 2.02E-02 err=3.989E-03 dz= 7.531E-05 chigam= 0.00E+00
 it= 16 chi2=0.00E+00 zm= 2.02E-02 err=2.324E-03 dz= 5.555E-05 chigam= 0.00E+00
 it= 17 chi2=0.00E+00 zm= 2.03E-02 err=1.390E-03 dz= 4.081E-05 chigam= 0.00E+00
 it= 18 chi2=0.00E+00 zm= 2.03E-02 err=8.543E-04 dz= 2.989E-05 chigam= 0.00E+00
 it= 19 chi2=0.00E+00 zm= 2.03E-02 err=5.396E-04 dz= 2.184E-05 chigam= 0.00E+00
 it= 20 chi2=0.00E+00 zm= 2.03E-02 err=3.495E-04 dz= 1.593E-05 chigam= 0.00E+00
 it= 21 chi2=0.00E+00 zm= 2.03E-02 err=2.315E-04 dz= 1.161E-05 chigam= 0.00E+00
 it= 22 chi2=0.00E+00 zm= 2.03E-02 err=1.563E-04 dz= 8.450E-06 chigam= 0.00E+00
 it= 23 chi2=0.00E+00 zm= 2.03E-02 err=1.072E-04 dz= 6.148E-06 chigam= 0.00E+00
 it= 24 chi2=0.00E+00 zm= 2.04E-02 err=7.454E-05 dz= 4.469E-06 chigam= 0.00E+00

      ******************** EFITD129 x 129  output ********************

       data used:   
  0 flux loops
  0 magnetic probes(i)
  0 full rogowski
  0 diamagnetic loop


 shot #   =          1 time(ms) =          1 chi**2   =  0.000E+00
 betat(%) =      1.095 betap    =      0.552 li       =      0.859
 vol(cm3) =  0.776E+07 rout(cm) =    172.167 zout(cm) =      0.808
 elong    =      1.346 utriang  =     -0.373 ltriang  =     -0.308
 a(cm)    =     41.398 lin(cm)  = ********** lout(cm) =     10.611
 ltop(cm) = ********** q*       =      2.311 rc(cm)   =    176.617
 zc(cm)   =      1.826 bt0(t)   =      2.000 qout     =      2.205
