========================================================================
= FASTRAN

nonlinear model = 1
ichi = 0
ineo = 0
reading state...
read formatted input, inprof...
init geometry...
read formatted input, inmetric...
nrho in inmetric = 101
rhob in inmetric = 1.265842e+00
solve avg grad-shafranv...
solve_avg_gs::Ip_temp = 9.991466e+00 
solve_avg_gs::Ip      = 1.000000e+01 
>>> tau_he = 5.000000, nhe(0)=2.359285e+00

 plasma volume = 149.495679
 stored energy(e,i,b) = 6.484309e+01 6.009026e+01 0.000000e+00
 betan = 1.411687
*power
 Pnb(e,i) = 0.000000e+00 0.000000e+00
 Prf(e,i) = 0.000000e+00 0.000000e+00
 Prad     = -2.437701e+01 
 Pei      = 1.834264e+00 
 Pfuse    = 6.350202e+01 
 Pfusi    = 2.031351e+01 
 Poh      = 0.000000e+00 
*confinement time
 taut, tauITER98y2, H98y2 : 2.101892e+00 1.904933e+00 1.103394e+00
 taue, taui : 1.583111e+00 3.251770e+00
 taut, tau89, H89 : 2.101892e+00 8.992270e-01 2.337443e+00
*temperature
 nea, nebar : 1.945881e+01 2.196440e+01 
 tea, tia : 8.375264e+00 8.434649e+00 (9.929594e-01)
 te0, ti0 : 1.881350e+01 1.901367e+01 (9.894724e-01)
 Sn : 0.000000e+00 
*current balance
 Ip,Ibs,Inb,Irf: 1.000000e+01 2.127218e+00 0.000000e+00 0.000000e+00
 fni,fbs: 0.213 0.213

 plasma volume = 149.495679
 stored energy(e,i,b) = 6.484309e+01 6.009026e+01 0.000000e+00
 betan = 1.411687
*power
 Pnb(e,i) = 0.000000e+00 0.000000e+00
 Prf(e,i) = 0.000000e+00 0.000000e+00
 Prad     = -2.437701e+01 
 Pei      = 1.834264e+00 
 Pfuse    = 6.350202e+01 
 Pfusi    = 2.031351e+01 
 Poh      = 0.000000e+00 
*confinement time
 taut, tauITER98y2, H98y2 : 2.101892e+00 1.904933e+00 1.103394e+00
 taue, taui : 1.583111e+00 3.251770e+00
 taut, tau89, H89 : 2.101892e+00 8.992270e-01 2.337443e+00
*temperature
 nea, nebar : 1.945881e+01 2.196440e+01 
 tea, tia : 8.375264e+00 8.434649e+00 (9.929594e-01)
 te0, ti0 : 1.881350e+01 1.901367e+01 (9.894724e-01)
 Sn : 0.000000e+00 
*current balance
 Ip,Ibs,Inb,Irf: 1.000000e+01 2.127218e+00 0.000000e+00 0.000000e+00
 fni,fbs: 0.213 0.213
 ELAPASED TIME = 0 sec
