========================================================================
= FASTRAN

nonlinear model = 1
ichi = 0
ineo = 0
reading state...
read formatted input, inprof...
init geometry...
read formatted input, inmetric...
nrho in inmetric = 101
rhob in inmetric = 1.382653e+00
solve avg grad-shafranv...
solve_avg_gs::Ip_temp = 3.265723e+00 
solve_avg_gs::Ip      = 1.000000e+01 
>>> tau_he = 5.000000, nhe(0)=2.395087e+00

 plasma volume = 177.755231
 stored energy(e,i,b) = 5.932593e+01 5.557142e+01 0.000000e+00
 betan = 1.182774
*power
 Pnb(e,i) = 0.000000e+00 0.000000e+00
 Prf(e,i) = 4.560358e+00 2.823505e+01
 Prad     = -2.102559e+01 
 Pei      = 3.006163e+00 
 Pfuse    = 5.799560e+01 
 Pfusi    = 1.876968e+01 
 Poh      = 0.000000e+00 
*confinement time
 taut, tauITER98y2, H98y2 : 1.297760e+00 1.537442e+00 8.441036e-01
 taue, taui : 1.332073e+00 3.525318e+00
 taut, tau89, H89 : 1.297760e+00 7.654487e-01 1.695424e+00
*temperature
 nea, nebar : 1.852782e+01 2.129437e+01 
 tea, tia : 6.347883e+00 6.407533e+00 (9.906907e-01)
 te0, ti0 : 1.880903e+01 1.900901e+01 (9.894799e-01)
 Sn : 0.000000e+00 
*current balance
 Ip,Ibs,Inb,Irf: 1.000000e+01 2.189931e+00 0.000000e+00 0.000000e+00
 fni,fbs: 0.219 0.219

 plasma volume = 177.755231
 stored energy(e,i,b) = 5.932593e+01 5.557142e+01 0.000000e+00
 betan = 1.182774
*power
 Pnb(e,i) = 0.000000e+00 0.000000e+00
 Prf(e,i) = 4.560358e+00 2.823505e+01
 Prad     = -2.102559e+01 
 Pei      = 3.006163e+00 
 Pfuse    = 5.799560e+01 
 Pfusi    = 1.876968e+01 
 Poh      = 0.000000e+00 
*confinement time
 taut, tauITER98y2, H98y2 : 1.297760e+00 1.537442e+00 8.441036e-01
 taue, taui : 1.332073e+00 3.525318e+00
 taut, tau89, H89 : 1.297760e+00 7.654487e-01 1.695424e+00
*temperature
 nea, nebar : 1.852782e+01 2.129437e+01 
 tea, tia : 6.347883e+00 6.407533e+00 (9.906907e-01)
 te0, ti0 : 1.880903e+01 1.900901e+01 (9.894799e-01)
 Sn : 0.000000e+00 
*current balance
 Ip,Ibs,Inb,Irf: 1.000000e+01 2.189931e+00 0.000000e+00 0.000000e+00
 fni,fbs: 0.219 0.219
 ELAPASED TIME = 0 sec
