========================================================================
= FASTRAN

nonlinear model = 0
ichi = 1
ineo = 0
reading state...
read formatted input, inprof...
init geometry...
read formatted input, inmetric...
nrho in inmetric = 101
rhob in inmetric = 1.262184e+00
solve avg grad-shafranv...
solve_avg_gs::Ip_temp = 9.995236e+00 
solve_avg_gs::Ip      = 1.000000e+01 
>>> tau_he = 5.000000, nhe(0)=2.513494e+00

 plasma volume = 148.267750
 stored energy(e,i,b,a) = 5.202298e+01 4.832598e+01 0.000000e+00 0.000000e+00
 betan = 1.141625
*power
 Pnb(e,i) = 0.000000e+00 0.000000e+00
 Prf(e,i) = 1.231402e+01 2.771204e+01
 Prad     = -1.799191e+01 
 Pei      = -5.738183e+00 
 Pfuse    = 4.614359e+01 
 Pfusi    = 1.495060e+01 
 Poh      = 0.000000e+00 
*confinement time
 taut, tauITER98y2, H98y2 : 1.207157e+00 1.496317e+00 8.067519e-01
 taue, taui : 1.498033e+00 2.335854e+00
 taut, tau89, H89 : 1.207157e+00 7.570453e-01 1.594564e+00
*temperature
 nea, nebar : 1.902053e+01 2.170892e+01 
 tea, tia : 6.661036e+00 6.514483e+00 (1.022496e+00)
 te0, ti0 : 1.896453e+01 1.937093e+01 (9.790199e-01)
 Sn : 0.000000e+00 
*current balance
 Ip,Ibs,Inb,Irf: 1.000000e+01 1.794385e+00 0.000000e+00 2.661599e-01
 fni,fbs: 0.206 0.179

Time advancing...
rho_bdry 0.900000 ...
te_bdry = 2.998496
ti_bdry = 2.998302
ne_bdry = 15.070099
rv_bdry = 279.463030
nrho_tr_bdry = 18
drho_bdry = 0.000000e+00
nrhob = 90
 [    0] t = 0.0000 
>>> tau_he = 5.000000, nhe(0)=2.503573e+00
 5     -0.002   3.97e-03   1.25e-01   2.27e-03  -8.14e-03   0.00e+00 (  6.70e-01,  5.05e+01)
10      0.000   2.67e-03  -3.77e-03  -5.08e-04   1.41e-03   0.00e+00 (  7.53e-01,  9.76e+01)
15     -0.002   1.67e-02  -3.07e-02  -1.03e-02  -1.05e-02   0.00e+00 (  6.33e+00,  1.33e+02)
20      0.017   5.32e-02  -1.49e-02   6.45e-03   1.33e-01   0.00e+00 (  2.43e+01,  1.69e+02)
25      0.030   1.31e-01   8.55e-02   4.14e-02   2.60e-01   0.00e+00 (  6.73e+01,  1.94e+02)
30      0.092   2.54e-01   2.69e-01   1.31e-01   8.93e-01   0.00e+00 (  1.38e+02,  2.06e+02)
35      0.091   2.71e-01   3.21e-01   1.47e-01   9.60e-01   0.00e+00 (  1.42e+02,  2.10e+02)
40      0.090   3.06e-01   3.82e-01   1.57e-01   1.01e+00   0.00e+00 (  1.49e+02,  2.07e+02)
45      0.118   3.43e-01   4.72e-01   2.10e-01   1.41e+00   0.00e+00 (  1.50e+02,  1.99e+02)
50      0.158   4.10e-01   6.40e-01   2.71e-01   1.98e+00   0.00e+00 (  1.58e+02,  1.88e+02)
55      0.198   4.74e-01   8.30e-01   4.34e-01   2.59e+00   0.00e+00 (  1.63e+02,  1.76e+02)
60      0.235   5.41e-01   1.03e+00   6.27e-01   3.17e+00   0.00e+00 (  1.67e+02,  1.64e+02)
65      0.231   5.54e-01   1.07e+00   7.30e-01   3.21e+00   0.00e+00 (  1.53e+02,  1.51e+02)
70      0.259   6.16e-01   1.25e+00   9.27e-01   3.69e+00   0.00e+00 (  1.50e+02,  1.40e+02)
75      0.251   6.24e-01   1.26e+00   1.01e+00   3.65e+00   0.00e+00 (  1.36e+02,  1.29e+02)
80      0.232   5.83e-01   1.20e+00   9.88e-01   3.57e+00   0.00e+00 (  1.15e+02,  1.20e+02)
85      0.235   5.61e-01   1.09e+00   8.76e-01   4.52e+00   0.00e+00 (  9.54e+01,  1.13e+02)
90      0.359   8.16e-01   1.19e+00   7.80e-01   1.36e+01   0.00e+00 (  1.73e+02,  1.06e+02)
95      0.273   5.23e-01   7.30e-01   5.39e-01   1.91e+01   0.00e+00 (  2.25e+02,  9.99e+01)
 0 e: 9.064e-07 i: 5.695e-06 :: e: 0.000e+00 i: 0.000e+00 :: n: 2.762e+01 e:18.984 i:19.341 v:4.993e+03
>>> tau_he = 5.000000, nhe(0)=2.499962e+00
 5     -0.002   4.27e-03   1.58e-01   2.58e-03  -7.32e-03   0.00e+00 (  7.23e-01,  5.05e+01)
10     -0.002   1.24e-02   5.36e-02  -1.93e-03  -1.29e-02   0.00e+00 (  3.55e+00,  9.76e+01)
15     -0.001   1.95e-02  -3.20e-02  -1.06e-02  -6.54e-03   0.00e+00 (  7.42e+00,  1.33e+02)
20      0.018   5.64e-02  -1.46e-02   7.47e-03   1.38e-01   0.00e+00 (  2.62e+01,  1.69e+02)
25      0.031   1.35e-01   9.36e-02   4.25e-02   2.71e-01   0.00e+00 (  7.02e+01,  1.94e+02)
30      0.053   1.90e-01   1.80e-01   7.70e-02   5.15e-01   0.00e+00 (  1.01e+02,  2.06e+02)
35      0.090   2.71e-01   3.20e-01   1.47e-01   9.52e-01   0.00e+00 (  1.42e+02,  2.10e+02)
40      0.091   3.06e-01   3.85e-01   1.59e-01   1.03e+00   0.00e+00 (  1.49e+02,  2.07e+02)
45      0.122   3.47e-01   4.83e-01   2.11e-01   1.46e+00   0.00e+00 (  1.52e+02,  1.99e+02)
50      0.161   4.12e-01   6.49e-01   2.75e-01   2.02e+00   0.00e+00 (  1.59e+02,  1.88e+02)
55      0.199   4.75e-01   8.35e-01   4.37e-01   2.60e+00   0.00e+00 (  1.63e+02,  1.76e+02)
60      0.229   5.35e-01   1.01e+00   6.16e-01   3.10e+00   0.00e+00 (  1.64e+02,  1.64e+02)
65      0.230   5.54e-01   1.07e+00   7.30e-01   3.20e+00   0.00e+00 (  1.53e+02,  1.51e+02)
70      0.254   6.10e-01   1.23e+00   9.14e-01   3.62e+00   0.00e+00 (  1.48e+02,  1.40e+02)
75      0.246   6.20e-01   1.25e+00   9.98e-01   3.59e+00   0.00e+00 (  1.34e+02,  1.29e+02)
80      0.232   5.84e-01   1.20e+00   9.88e-01   3.56e+00   0.00e+00 (  1.16e+02,  1.20e+02)
85      0.240   5.71e-01   1.11e+00   8.95e-01   4.60e+00   0.00e+00 (  9.86e+01,  1.13e+02)
90      0.356   8.13e-01   1.18e+00   7.69e-01   1.35e+01   0.00e+00 (  1.68e+02,  1.06e+02)
95      0.273   5.23e-01   7.30e-01   5.39e-01   1.91e+01   0.00e+00 (  2.25e+02,  9.99e+01)
 1 e: 3.763e-02 i: 1.288e-01 :: e: 1.459e-02 i: 1.948e-02 :: n: 2.762e+01 e:23.158 i:25.398 v:4.993e+03
>>> tau_he = 5.000000, nhe(0)=3.092203e+00
 5     -0.016   7.31e-03   3.26e-01   4.80e-03  -7.10e-02   0.00e+00 (  2.93e+00,  5.05e+01)
10     -0.166   8.50e-02   2.08e-02   7.63e-03  -9.39e-01   0.00e+00 (  6.34e+01,  9.76e+01)
15     -0.251   1.25e-01   7.68e-02  -1.30e-02  -1.70e+00   0.00e+00 (  1.14e+02,  1.33e+02)
20      0.244   3.59e-01   4.33e-01   2.32e-01   1.91e+00   0.00e+00 (  3.27e+02,  1.69e+02)
25      0.326   3.39e-01   4.03e-01   2.08e-01   2.87e+00   0.00e+00 (  2.48e+02,  1.94e+02)
30      0.124   2.76e-01   3.63e-01   1.77e-01   1.21e+00   0.00e+00 (  1.58e+02,  2.06e+02)
35      0.115   2.89e-01   4.02e-01   1.87e-01   1.22e+00   0.00e+00 (  1.54e+02,  2.10e+02)
40      0.150   3.26e-01   5.36e-01   2.19e-01   1.69e+00   0.00e+00 (  1.61e+02,  2.07e+02)
45      0.189   3.87e-01   7.11e-01   3.01e-01   2.26e+00   0.00e+00 (  1.71e+02,  1.99e+02)
50      0.188   4.25e-01   8.25e-01   3.62e-01   2.36e+00   0.00e+00 (  1.59e+02,  1.88e+02)
55      0.178   4.44e-01   8.76e-01   4.65e-01   2.33e+00   0.00e+00 (  1.41e+02,  1.76e+02)
60      0.139   4.10e-01   7.54e-01   4.60e-01   1.88e+00   0.00e+00 (  1.13e+02,  1.64e+02)
65      0.157   4.53e-01   8.62e-01   5.87e-01   2.18e+00   0.00e+00 (  1.12e+02,  1.51e+02)
70      0.182   5.04e-01   1.00e+00   7.40e-01   2.59e+00   0.00e+00 (  1.10e+02,  1.40e+02)
75      0.184   5.23e-01   1.03e+00   8.21e-01   2.68e+00   0.00e+00 (  1.05e+02,  1.29e+02)
80      0.189   5.30e-01   1.08e+00   8.71e-01   2.91e+00   0.00e+00 (  1.03e+02,  1.20e+02)
85      0.212   5.37e-01   1.04e+00   8.29e-01   4.07e+00   0.00e+00 (  9.42e+01,  1.13e+02)
90      0.350   8.04e-01   1.16e+00   7.50e-01   1.32e+01   0.00e+00 (  1.65e+02,  1.06e+02)
95      0.273   5.23e-01   7.30e-01   5.39e-01   1.91e+01   0.00e+00 (  2.25e+02,  9.99e+01)
 2 e: 1.269e-02 i: 8.305e-03 :: e: 1.606e-01 i: 1.955e-01 :: n: 2.762e+01 e:25.141 i:26.655 v:4.993e+03
>>> tau_he = 5.000000, nhe(0)=3.182561e+00
 5     -0.027   1.06e-02   3.63e-01   7.31e-03  -1.22e-01   0.00e+00 (  5.77e+00,  5.05e+01)
10     -0.459   9.43e-02   2.62e-02  -8.45e-03  -2.59e+00   0.00e+00 (  9.25e+01,  9.76e+01)
15     -0.373   3.48e-01   4.03e-01   2.05e-01  -2.53e+00   0.00e+00 (  4.04e+02,  1.33e+02)
20      0.149   3.92e-01   4.63e-01   3.08e-01   1.16e+00   0.00e+00 (  4.17e+02,  1.69e+02)
25      0.294   3.45e-01   4.03e-01   2.58e-01   2.59e+00   0.00e+00 (  2.97e+02,  1.94e+02)
30      0.111   2.99e-01   3.54e-01   1.71e-01   1.08e+00   0.00e+00 (  1.99e+02,  2.06e+02)
35      0.098   2.94e-01   3.70e-01   1.80e-01   1.04e+00   0.00e+00 (  1.75e+02,  2.10e+02)
40      0.128   3.17e-01   4.92e-01   2.04e-01   1.45e+00   0.00e+00 (  1.66e+02,  2.07e+02)
45      0.163   3.56e-01   6.16e-01   2.61e-01   1.95e+00   0.00e+00 (  1.58e+02,  1.99e+02)
50      0.163   3.83e-01   6.94e-01   3.00e-01   2.05e+00   0.00e+00 (  1.38e+02,  1.88e+02)
55      0.161   3.93e-01   7.36e-01   3.88e-01   2.10e+00   0.00e+00 (  1.17e+02,  1.76e+02)
60      0.132   3.59e-01   6.37e-01   3.95e-01   1.79e+00   0.00e+00 (  8.95e+01,  1.64e+02)
65      0.153   3.91e-01   7.27e-01   5.02e-01   2.12e+00   0.00e+00 (  8.54e+01,  1.51e+02)
70      0.182   4.40e-01   8.63e-01   6.44e-01   2.58e+00   0.00e+00 (  8.30e+01,  1.40e+02)
75      0.189   4.62e-01   9.15e-01   7.30e-01   2.76e+00   0.00e+00 (  7.99e+01,  1.29e+02)
80      0.197   4.82e-01   9.80e-01   8.02e-01   3.03e+00   0.00e+00 (  8.11e+01,  1.20e+02)
85      0.219   5.07e-01   9.80e-01   7.80e-01   4.20e+00   0.00e+00 (  7.70e+01,  1.13e+02)
90      0.351   8.09e-01   1.15e+00   7.48e-01   1.33e+01   0.00e+00 (  1.58e+02,  1.06e+02)
95      0.273   5.23e-01   7.30e-01   5.39e-01   1.91e+01   0.00e+00 (  2.25e+02,  9.99e+01)
 3 e: 3.386e-03 i: 4.602e-03 :: e: 2.240e-01 i: 2.430e-01 :: n: 2.762e+01 e:24.580 i:26.413 v:4.993e+03
>>> tau_he = 5.000000, nhe(0)=3.165881e+00
 5     -0.030   1.09e-02   3.52e-01   7.30e-03  -1.35e-01   0.00e+00 (  6.12e+00,  5.05e+01)
10     -0.304   9.72e-02   3.08e-02  -2.03e-02  -1.72e+00   0.00e+00 (  9.23e+01,  9.76e+01)
15     -0.320   3.14e-01   4.53e-01   1.37e-01  -2.17e+00   0.00e+00 (  3.18e+02,  1.33e+02)
20      0.137   3.60e-01   4.23e-01   2.36e-01   1.07e+00   0.00e+00 (  3.45e+02,  1.69e+02)
25      0.318   3.45e-01   4.01e-01   2.50e-01   2.80e+00   0.00e+00 (  2.87e+02,  1.94e+02)
30      0.127   2.91e-01   3.90e-01   1.85e-01   1.24e+00   0.00e+00 (  1.97e+02,  2.06e+02)
35      0.121   3.08e-01   4.28e-01   1.86e-01   1.27e+00   0.00e+00 (  1.87e+02,  2.10e+02)
40      0.147   3.30e-01   5.39e-01   2.09e-01   1.66e+00   0.00e+00 (  1.76e+02,  2.07e+02)
45      0.178   3.70e-01   6.73e-01   2.86e-01   2.13e+00   0.00e+00 (  1.66e+02,  1.99e+02)
50      0.175   3.98e-01   7.61e-01   3.35e-01   2.19e+00   0.00e+00 (  1.46e+02,  1.88e+02)
55      0.170   4.07e-01   8.03e-01   4.30e-01   2.23e+00   0.00e+00 (  1.22e+02,  1.76e+02)
60      0.140   3.76e-01   7.02e-01   4.35e-01   1.90e+00   0.00e+00 (  9.53e+01,  1.64e+02)
65      0.153   3.98e-01   7.65e-01   5.29e-01   2.13e+00   0.00e+00 (  8.79e+01,  1.51e+02)
70      0.175   4.36e-01   8.69e-01   6.48e-01   2.48e+00   0.00e+00 (  8.27e+01,  1.40e+02)
75      0.176   4.48e-01   8.90e-01   7.10e-01   2.57e+00   0.00e+00 (  7.74e+01,  1.29e+02)
80      0.179   4.57e-01   9.28e-01   7.55e-01   2.75e+00   0.00e+00 (  7.62e+01,  1.20e+02)
85      0.198   4.72e-01   9.11e-01   7.17e-01   3.80e+00   0.00e+00 (  7.05e+01,  1.13e+02)
90      0.344   7.99e-01   1.13e+00   7.27e-01   1.30e+01   0.00e+00 (  1.55e+02,  1.06e+02)
95      0.273   5.23e-01   7.30e-01   5.39e-01   1.91e+01   0.00e+00 (  2.25e+02,  9.99e+01)
 4 e: 2.347e-03 i: 3.734e-03 :: e: 2.025e-01 i: 2.299e-01 :: n: 2.762e+01 e:23.824 i:25.723 v:4.993e+03
>>> tau_he = 5.000000, nhe(0)=3.116203e+00
 5     -0.030   1.05e-02   3.33e-01   7.21e-03  -1.35e-01   0.00e+00 (  5.99e+00,  5.05e+01)
10     -0.273   9.10e-02   2.91e-02  -1.95e-02  -1.54e+00   0.00e+00 (  8.28e+01,  9.76e+01)
15     -0.260   1.12e-01   6.20e-02  -2.39e-02  -1.76e+00   0.00e+00 (  1.02e+02,  1.33e+02)
20      0.049   3.08e-01   3.99e-01   1.82e-01   3.84e-01   0.00e+00 (  2.68e+02,  1.69e+02)
25      0.168   3.09e-01   3.89e-01   2.25e-01   1.48e+00   0.00e+00 (  2.44e+02,  1.94e+02)
30      0.104   2.88e-01   3.81e-01   1.88e-01   1.01e+00   0.00e+00 (  1.94e+02,  2.06e+02)
35      0.114   3.04e-01   4.11e-01   1.93e-01   1.20e+00   0.00e+00 (  1.85e+02,  2.10e+02)
40      0.137   3.22e-01   5.10e-01   2.02e-01   1.55e+00   0.00e+00 (  1.71e+02,  2.07e+02)
45      0.164   3.57e-01   6.27e-01   2.65e-01   1.97e+00   0.00e+00 (  1.59e+02,  1.99e+02)
50      0.165   3.83e-01   7.07e-01   3.06e-01   2.07e+00   0.00e+00 (  1.39e+02,  1.88e+02)
55      0.166   3.96e-01   7.60e-01   4.06e-01   2.17e+00   0.00e+00 (  1.18e+02,  1.76e+02)
60      0.142   3.71e-01   6.82e-01   4.24e-01   1.92e+00   0.00e+00 (  9.33e+01,  1.64e+02)
65      0.156   3.92e-01   7.45e-01   5.17e-01   2.16e+00   0.00e+00 (  8.51e+01,  1.51e+02)
70      0.178   4.27e-01   8.49e-01   6.36e-01   2.53e+00   0.00e+00 (  7.91e+01,  1.40e+02)
75      0.181   4.38e-01   8.72e-01   6.97e-01   2.64e+00   0.00e+00 (  7.32e+01,  1.29e+02)
80      0.185   4.48e-01   9.10e-01   7.42e-01   2.84e+00   0.00e+00 (  7.12e+01,  1.20e+02)
85      0.203   4.66e-01   8.98e-01   7.08e-01   3.89e+00   0.00e+00 (  6.55e+01,  1.13e+02)
90      0.345   8.01e-01   1.13e+00   7.26e-01   1.31e+01   0.00e+00 (  1.52e+02,  1.06e+02)
95      0.273   5.23e-01   7.30e-01   5.39e-01   1.91e+01   0.00e+00 (  2.25e+02,  9.99e+01)
 5 e: 7.560e-04 i: 2.434e-03 :: e: 1.602e-01 i: 1.941e-01 :: n: 2.762e+01 e:23.467 i:25.119 v:4.993e+03
>>> tau_he = 5.000000, nhe(0)=3.070458e+00
 5     -0.029   9.92e-03   3.17e-01   7.09e-03  -1.30e-01   0.00e+00 (  5.68e+00,  5.05e+01)
10     -0.237   8.79e-02   2.61e-02  -1.83e-02  -1.34e+00   0.00e+00 (  7.71e+01,  9.76e+01)
15     -0.234   1.12e-01   6.53e-02  -2.53e-02  -1.58e+00   0.00e+00 (  9.80e+01,  1.33e+02)
20      0.048   2.80e-01   3.61e-01   1.57e-01   3.76e-01   0.00e+00 (  2.28e+02,  1.69e+02)
25      0.146   2.95e-01   3.77e-01   2.06e-01   1.29e+00   0.00e+00 (  2.23e+02,  1.94e+02)
30      0.102   2.83e-01   3.81e-01   1.85e-01   9.90e-01   0.00e+00 (  1.87e+02,  2.06e+02)
35      0.115   3.03e-01   4.18e-01   1.96e-01   1.21e+00   0.00e+00 (  1.82e+02,  2.10e+02)
40      0.138   3.23e-01   5.21e-01   2.07e-01   1.56e+00   0.00e+00 (  1.71e+02,  2.07e+02)
45      0.164   3.59e-01   6.40e-01   2.71e-01   1.97e+00   0.00e+00 (  1.60e+02,  1.99e+02)
50      0.166   3.88e-01   7.26e-01   3.15e-01   2.09e+00   0.00e+00 (  1.41e+02,  1.88e+02)
55      0.168   4.04e-01   7.87e-01   4.21e-01   2.20e+00   0.00e+00 (  1.22e+02,  1.76e+02)
60      0.147   3.84e-01   7.19e-01   4.44e-01   1.98e+00   0.00e+00 (  9.83e+01,  1.64e+02)
65      0.158   4.03e-01   7.78e-01   5.40e-01   2.20e+00   0.00e+00 (  8.93e+01,  1.51e+02)
70      0.178   4.36e-01   8.71e-01   6.52e-01   2.53e+00   0.00e+00 (  8.22e+01,  1.40e+02)
75      0.178   4.42e-01   8.82e-01   7.04e-01   2.59e+00   0.00e+00 (  7.52e+01,  1.29e+02)
80      0.179   4.45e-01   9.04e-01   7.37e-01   2.75e+00   0.00e+00 (  7.17e+01,  1.20e+02)
85      0.195   4.56e-01   8.78e-01   6.89e-01   3.74e+00   0.00e+00 (  6.46e+01,  1.13e+02)
90      0.342   7.98e-01   1.12e+00   7.19e-01   1.30e+01   0.00e+00 (  1.52e+02,  1.06e+02)
95      0.273   5.23e-01   7.30e-01   5.39e-01   1.91e+01   0.00e+00 (  2.25e+02,  9.99e+01)
 6 e: 5.758e-04 i: 1.333e-03 :: e: 1.338e-01 i: 1.643e-01 :: n: 2.762e+01 e:22.964 i:24.792 v:4.993e+03
>>> tau_he = 5.000000, nhe(0)=3.044736e+00
 5     -0.029   9.62e-03   3.09e-01   6.93e-03  -1.28e-01   0.00e+00 (  5.50e+00,  5.05e+01)
10     -0.217   8.37e-02   2.44e-02  -1.72e-02  -1.23e+00   0.00e+00 (  7.11e+01,  9.76e+01)
15     -0.207   1.23e-01   9.88e-02  -6.77e-02  -1.40e+00   0.00e+00 (  1.04e+02,  1.33e+02)
20     -0.011   1.46e-01   1.31e-01   4.85e-03  -8.43e-02   0.00e+00 (  1.13e+02,  1.69e+02)
25      0.129   2.77e-01   3.52e-01   1.80e-01   1.14e+00   0.00e+00 (  2.00e+02,  1.94e+02)
30      0.096   2.84e-01   3.50e-01   1.67e-01   9.35e-01   0.00e+00 (  1.82e+02,  2.06e+02)
35      0.104   2.92e-01   3.79e-01   1.86e-01   1.09e+00   0.00e+00 (  1.71e+02,  2.10e+02)
40      0.127   3.14e-01   4.94e-01   2.07e-01   1.43e+00   0.00e+00 (  1.62e+02,  2.07e+02)
45      0.154   3.47e-01   6.04e-01   2.56e-01   1.84e+00   0.00e+00 (  1.52e+02,  1.99e+02)
50      0.159   3.77e-01   6.89e-01   2.99e-01   2.00e+00   0.00e+00 (  1.35e+02,  1.88e+02)
55      0.165   3.97e-01   7.59e-01   4.05e-01   2.16e+00   0.00e+00 (  1.18e+02,  1.76e+02)
60      0.148   3.82e-01   7.09e-01   4.38e-01   2.00e+00   0.00e+00 (  9.74e+01,  1.64e+02)
65      0.161   4.03e-01   7.73e-01   5.37e-01   2.24e+00   0.00e+00 (  8.89e+01,  1.51e+02)
70      0.182   4.36e-01   8.72e-01   6.54e-01   2.58e+00   0.00e+00 (  8.20e+01,  1.40e+02)
75      0.183   4.44e-01   8.86e-01   7.09e-01   2.66e+00   0.00e+00 (  7.49e+01,  1.29e+02)
80      0.184   4.46e-01   9.09e-01   7.41e-01   2.83e+00   0.00e+00 (  7.11e+01,  1.20e+02)
85      0.199   4.58e-01   8.81e-01   6.93e-01   3.82e+00   0.00e+00 (  6.35e+01,  1.13e+02)
90      0.343   7.99e-01   1.12e+00   7.20e-01   1.30e+01   0.00e+00 (  1.51e+02,  1.06e+02)
95      0.273   5.23e-01   7.30e-01   5.39e-01   1.91e+01   0.00e+00 (  2.25e+02,  9.99e+01)
 7 e: 1.705e-04 i: 3.986e-04 :: e: 1.097e-01 i: 1.272e-01 :: n: 2.762e+01 e:22.829 i:24.545 v:4.993e+03
>>> tau_he = 5.000000, nhe(0)=3.024903e+00
 5     -0.028   9.42e-03   3.03e-01   6.90e-03  -1.25e-01   0.00e+00 (  5.39e+00,  5.05e+01)
10     -0.205   8.20e-02   2.39e-02  -1.67e-02  -1.16e+00   0.00e+00 (  6.80e+01,  9.76e+01)
15     -0.167   2.55e-01   3.48e-01   7.06e-02  -1.14e+00   0.00e+00 (  2.12e+02,  1.33e+02)
20      0.045   2.52e-01   3.24e-01   1.41e-01   3.55e-01   0.00e+00 (  1.93e+02,  1.69e+02)
25      0.123   2.66e-01   3.44e-01   1.73e-01   1.08e+00   0.00e+00 (  1.87e+02,  1.94e+02)
30      0.097   2.80e-01   3.49e-01   1.66e-01   9.39e-01   0.00e+00 (  1.77e+02,  2.06e+02)
35      0.104   2.90e-01   3.82e-01   1.88e-01   1.10e+00   0.00e+00 (  1.69e+02,  2.10e+02)
40      0.126   3.13e-01   4.97e-01   2.10e-01   1.42e+00   0.00e+00 (  1.61e+02,  2.07e+02)
45      0.152   3.47e-01   6.06e-01   2.57e-01   1.82e+00   0.00e+00 (  1.51e+02,  1.99e+02)
50      0.158   3.79e-01   6.95e-01   3.02e-01   1.99e+00   0.00e+00 (  1.36e+02,  1.88e+02)
55      0.166   4.01e-01   7.71e-01   4.11e-01   2.17e+00   0.00e+00 (  1.20e+02,  1.76e+02)
60      0.151   3.89e-01   7.30e-01   4.50e-01   2.04e+00   0.00e+00 (  1.01e+02,  1.64e+02)
65      0.163   4.10e-01   7.93e-01   5.48e-01   2.27e+00   0.00e+00 (  9.18e+01,  1.51e+02)
70      0.182   4.44e-01   8.90e-01   6.68e-01   2.59e+00   0.00e+00 (  8.47e+01,  1.40e+02)
75      0.182   4.50e-01   8.99e-01   7.20e-01   2.65e+00   0.00e+00 (  7.71e+01,  1.29e+02)
80      0.182   4.48e-01   9.13e-01   7.44e-01   2.79e+00   0.00e+00 (  7.24e+01,  1.20e+02)
85      0.196   4.55e-01   8.75e-01   6.88e-01   3.76e+00   0.00e+00 (  6.37e+01,  1.13e+02)
90      0.342   7.98e-01   1.12e+00   7.18e-01   1.30e+01   0.00e+00 (  1.51e+02,  1.06e+02)
95      0.273   5.23e-01   7.30e-01   5.39e-01   1.91e+01   0.00e+00 (  2.25e+02,  9.99e+01)
 8 e: 4.171e-04 i: 6.702e-04 :: e: 1.139e-01 i: 1.293e-01 :: n: 2.762e+01 e:22.467 i:24.325 v:4.993e+03
>>> tau_he = 5.000000, nhe(0)=3.006884e+00
 5     -0.028   9.27e-03   2.96e-01   6.79e-03  -1.25e-01   0.00e+00 (  5.31e+00,  5.05e+01)
10     -0.191   7.96e-02   2.35e-02  -1.60e-02  -1.08e+00   0.00e+00 (  6.43e+01,  9.76e+01)
15     -0.117   1.15e-01   8.51e-02  -1.76e-02  -7.96e-01   0.00e+00 (  9.01e+01,  1.33e+02)
20      0.015   1.34e-01   1.20e-01   4.06e-03   1.15e-01   0.00e+00 (  9.93e+01,  1.69e+02)
25      0.116   2.60e-01   3.32e-01   1.59e-01   1.03e+00   0.00e+00 (  1.79e+02,  1.94e+02)
30      0.096   2.76e-01   3.40e-01   1.70e-01   9.28e-01   0.00e+00 (  1.72e+02,  2.06e+02)
35      0.103   2.86e-01   3.72e-01   1.83e-01   1.09e+00   0.00e+00 (  1.64e+02,  2.10e+02)
40      0.121   3.08e-01   4.79e-01   2.20e-01   1.37e+00   0.00e+00 (  1.56e+02,  2.07e+02)
45      0.146   3.44e-01   5.81e-01   2.48e-01   1.75e+00   0.00e+00 (  1.48e+02,  1.99e+02)
50      0.155   3.73e-01   6.72e-01   2.92e-01   1.95e+00   0.00e+00 (  1.33e+02,  1.88e+02)
55      0.165   3.97e-01   7.54e-01   4.02e-01   2.16e+00   0.00e+00 (  1.19e+02,  1.76e+02)
60      0.153   3.88e-01   7.26e-01   4.52e-01   2.07e+00   0.00e+00 (  1.00e+02,  1.64e+02)
65      0.166   4.12e-01   7.93e-01   5.49e-01   2.30e+00   0.00e+00 (  9.21e+01,  1.51e+02)
70      0.186   4.47e-01   8.95e-01   6.72e-01   2.64e+00   0.00e+00 (  8.53e+01,  1.40e+02)
75      0.186   4.54e-01   9.07e-01   7.27e-01   2.71e+00   0.00e+00 (  7.78e+01,  1.29e+02)
80      0.186   4.52e-01   9.21e-01   7.51e-01   2.86e+00   0.00e+00 (  7.28e+01,  1.20e+02)
85      0.199   4.58e-01   8.82e-01   6.94e-01   3.82e+00   0.00e+00 (  6.36e+01,  1.13e+02)
90      0.343   7.99e-01   1.12e+00   7.19e-01   1.30e+01   0.00e+00 (  1.50e+02,  1.06e+02)
95      0.273   5.23e-01   7.30e-01   5.39e-01   1.91e+01   0.00e+00 (  2.25e+02,  9.99e+01)
 9 e: 9.259e-05 i: 2.338e-04 :: e: 8.171e-02 i: 9.601e-02 :: n: 2.762e+01 e:22.461 i:24.218 v:4.993e+03
>>> tau_he = 5.000000, nhe(0)=2.997951e+00
 5     -0.028   9.16e-03   2.95e-01   6.79e-03  -1.23e-01   0.00e+00 (  5.24e+00,  5.05e+01)
10     -0.187   7.68e-02   2.38e-02  -1.58e-02  -1.06e+00   0.00e+00 (  6.09e+01,  9.76e+01)
15     -0.113   1.16e-01   8.78e-02  -1.86e-02  -7.66e-01   0.00e+00 (  9.00e+01,  1.33e+02)
20     -0.003   1.37e-01   1.25e-01   1.88e-02  -2.50e-02   0.00e+00 (  1.01e+02,  1.69e+02)
25      0.116   2.55e-01   3.30e-01   1.56e-01   1.02e+00   0.00e+00 (  1.74e+02,  1.94e+02)
30      0.107   2.74e-01   3.50e-01   1.72e-01   1.04e+00   0.00e+00 (  1.69e+02,  2.06e+02)
35      0.103   2.81e-01   3.75e-01   1.80e-01   1.09e+00   0.00e+00 (  1.61e+02,  2.10e+02)
40      0.120   3.09e-01   4.83e-01   2.23e-01   1.36e+00   0.00e+00 (  1.56e+02,  2.07e+02)
45      0.145   3.46e-01   5.86e-01   2.50e-01   1.74e+00   0.00e+00 (  1.49e+02,  1.99e+02)
50      0.154   3.76e-01   6.80e-01   2.92e-01   1.94e+00   0.00e+00 (  1.34e+02,  1.88e+02)
55      0.166   4.02e-01   7.66e-01   4.08e-01   2.17e+00   0.00e+00 (  1.21e+02,  1.76e+02)
60      0.155   3.96e-01   7.44e-01   4.63e-01   2.09e+00   0.00e+00 (  1.04e+02,  1.64e+02)
65      0.167   4.19e-01   8.11e-01   5.61e-01   2.32e+00   0.00e+00 (  9.51e+01,  1.51e+02)
70      0.187   4.54e-01   9.12e-01   6.84e-01   2.66e+00   0.00e+00 (  8.80e+01,  1.40e+02)
75      0.186   4.60e-01   9.21e-01   7.38e-01   2.71e+00   0.00e+00 (  8.01e+01,  1.29e+02)
80      0.185   4.56e-01   9.29e-01   7.57e-01   2.84e+00   0.00e+00 (  7.45e+01,  1.20e+02)
85      0.197   4.58e-01   8.81e-01   6.94e-01   3.79e+00   0.00e+00 (  6.43e+01,  1.13e+02)
90      0.342   7.98e-01   1.12e+00   7.17e-01   1.30e+01   0.00e+00 (  1.50e+02,  1.06e+02)
95      0.273   5.23e-01   7.30e-01   5.39e-01   1.91e+01   0.00e+00 (  2.25e+02,  9.99e+01)
10 e: 5.197e-05 i: 1.940e-04 :: e: 6.678e-02 i: 7.942e-02 :: n: 2.762e+01 e:22.375 i:24.278 v:4.993e+03
>>> tau_he = 5.000000, nhe(0)=3.003034e+00
 5     -0.028   9.20e-03   2.97e-01   6.78e-03  -1.23e-01   0.00e+00 (  5.27e+00,  5.05e+01)
10     -0.176   7.77e-02   2.18e-02  -1.51e-02  -9.93e-01   0.00e+00 (  6.09e+01,  9.76e+01)
15     -0.111   1.16e-01   8.88e-02  -1.90e-02  -7.52e-01   0.00e+00 (  9.02e+01,  1.33e+02)
20     -0.004   1.37e-01   1.26e-01   2.09e-02  -2.82e-02   0.00e+00 (  1.02e+02,  1.69e+02)
25      0.037   1.60e-01   1.60e-01   3.55e-02   3.23e-01   0.00e+00 (  1.07e+02,  1.94e+02)
30      0.105   2.71e-01   3.43e-01   1.67e-01   1.02e+00   0.00e+00 (  1.66e+02,  2.06e+02)
35      0.102   2.78e-01   3.68e-01   1.77e-01   1.07e+00   0.00e+00 (  1.58e+02,  2.10e+02)
40      0.117   3.05e-01   4.71e-01   2.35e-01   1.32e+00   0.00e+00 (  1.54e+02,  2.07e+02)
45      0.136   3.41e-01   5.70e-01   2.41e-01   1.63e+00   0.00e+00 (  1.46e+02,  1.99e+02)
50      0.152   3.72e-01   6.65e-01   2.85e-01   1.91e+00   0.00e+00 (  1.33e+02,  1.88e+02)
55      0.165   4.00e-01   7.56e-01   4.02e-01   2.16e+00   0.00e+00 (  1.20e+02,  1.76e+02)
60      0.156   3.97e-01   7.43e-01   4.62e-01   2.11e+00   0.00e+00 (  1.04e+02,  1.64e+02)
65      0.170   4.21e-01   8.13e-01   5.63e-01   2.36e+00   0.00e+00 (  9.58e+01,  1.51e+02)
70      0.190   4.58e-01   9.18e-01   6.89e-01   2.70e+00   0.00e+00 (  8.90e+01,  1.40e+02)
75      0.190   4.65e-01   9.31e-01   7.46e-01   2.77e+00   0.00e+00 (  8.12e+01,  1.29e+02)
80      0.188   4.60e-01   9.37e-01   7.69e-01   2.89e+00   0.00e+00 (  7.53e+01,  1.20e+02)
85      0.200   4.61e-01   8.89e-01   7.01e-01   3.85e+00   0.00e+00 (  6.47e+01,  1.13e+02)
90      0.343   7.99e-01   1.12e+00   7.19e-01   1.30e+01   0.00e+00 (  1.50e+02,  1.06e+02)
95      0.273   5.23e-01   7.30e-01   5.39e-01   1.91e+01   0.00e+00 (  2.25e+02,  9.99e+01)
11 e: 8.604e-05 i: 1.300e-04 :: e: 6.557e-02 i: 7.029e-02 :: n: 2.762e+01 e:22.483 i:24.356 v:4.993e+03
>>> tau_he = 5.000000, nhe(0)=3.009462e+00
 5     -0.028   9.29e-03   3.00e-01   6.84e-03  -1.24e-01   0.00e+00 (  5.34e+00,  5.05e+01)
10     -0.172   7.79e-02   2.16e-02  -1.51e-02  -9.74e-01   0.00e+00 (  6.06e+01,  9.76e+01)
15     -0.111   1.18e-01   9.14e-02  -1.99e-02  -7.52e-01   0.00e+00 (  9.18e+01,  1.33e+02)
20      0.057   2.41e-01   3.15e-01   1.23e-01   4.44e-01   0.00e+00 (  1.81e+02,  1.69e+02)
25      0.116   2.56e-01   3.31e-01   1.57e-01   1.02e+00   0.00e+00 (  1.75e+02,  1.94e+02)
30      0.106   2.73e-01   3.46e-01   1.69e-01   1.03e+00   0.00e+00 (  1.67e+02,  2.06e+02)
35      0.108   2.84e-01   3.92e-01   1.79e-01   1.14e+00   0.00e+00 (  1.61e+02,  2.10e+02)
40      0.117   3.07e-01   4.74e-01   2.37e-01   1.32e+00   0.00e+00 (  1.54e+02,  2.07e+02)
45      0.136   3.43e-01   5.73e-01   2.42e-01   1.63e+00   0.00e+00 (  1.47e+02,  1.99e+02)
50      0.152   3.75e-01   6.72e-01   2.88e-01   1.91e+00   0.00e+00 (  1.34e+02,  1.88e+02)
55      0.166   4.05e-01   7.66e-01   4.07e-01   2.17e+00   0.00e+00 (  1.23e+02,  1.76e+02)
60      0.158   4.03e-01   7.58e-01   4.70e-01   2.14e+00   0.00e+00 (  1.07e+02,  1.64e+02)
65      0.171   4.28e-01   8.28e-01   5.73e-01   2.38e+00   0.00e+00 (  9.84e+01,  1.51e+02)
70      0.191   4.64e-01   9.33e-01   7.00e-01   2.71e+00   0.00e+00 (  9.14e+01,  1.40e+02)
75      0.190   4.71e-01   9.43e-01   7.56e-01   2.77e+00   0.00e+00 (  8.33e+01,  1.29e+02)
80      0.188   4.64e-01   9.46e-01   7.76e-01   2.88e+00   0.00e+00 (  7.70e+01,  1.20e+02)
85      0.200   4.62e-01   8.92e-01   7.03e-01   3.83e+00   0.00e+00 (  6.56e+01,  1.13e+02)
90      0.343   7.99e-01   1.12e+00   7.18e-01   1.30e+01   0.00e+00 (  1.50e+02,  1.06e+02)
95      0.273   5.23e-01   7.30e-01   5.39e-01   1.91e+01   0.00e+00 (  2.25e+02,  9.99e+01)
12 e: 4.258e-05 i: 3.220e-04 :: e: 5.446e-02 i: 6.450e-02 :: n: 2.762e+01 e:22.453 i:24.373 v:4.993e+03
>>> tau_he = 5.000000, nhe(0)=3.010805e+00
 5     -0.028   9.38e-03   3.01e-01   6.87e-03  -1.25e-01   0.00e+00 (  5.42e+00,  5.05e+01)
10     -0.176   7.61e-02   2.29e-02  -1.53e-02  -9.95e-01   0.00e+00 (  5.89e+01,  9.76e+01)
15     -0.129   1.19e-01   9.28e-02  -2.32e-02  -8.73e-01   0.00e+00 (  9.18e+01,  1.33e+02)
20     -0.003   1.37e-01   1.25e-01   1.66e-02  -1.96e-02   0.00e+00 (  1.01e+02,  1.69e+02)
25      0.036   1.61e-01   1.61e-01   3.53e-02   3.19e-01   0.00e+00 (  1.09e+02,  1.94e+02)
30      0.105   2.73e-01   3.43e-01   1.67e-01   1.02e+00   0.00e+00 (  1.67e+02,  2.06e+02)
35      0.106   2.84e-01   3.88e-01   1.77e-01   1.12e+00   0.00e+00 (  1.61e+02,  2.10e+02)
40      0.116   3.06e-01   4.67e-01   2.32e-01   1.31e+00   0.00e+00 (  1.54e+02,  2.07e+02)
45      0.135   3.42e-01   5.65e-01   2.39e-01   1.61e+00   0.00e+00 (  1.46e+02,  1.99e+02)
50      0.152   3.75e-01   6.64e-01   2.85e-01   1.90e+00   0.00e+00 (  1.35e+02,  1.88e+02)
55      0.167   4.05e-01   7.62e-01   4.05e-01   2.18e+00   0.00e+00 (  1.23e+02,  1.76e+02)
60      0.160   4.06e-01   7.60e-01   4.72e-01   2.16e+00   0.00e+00 (  1.08e+02,  1.64e+02)
65      0.173   4.31e-01   8.33e-01   5.76e-01   2.41e+00   0.00e+00 (  9.96e+01,  1.51e+02)
70      0.193   4.68e-01   9.40e-01   7.06e-01   2.75e+00   0.00e+00 (  9.27e+01,  1.40e+02)
75      0.193   4.76e-01   9.53e-01   7.64e-01   2.82e+00   0.00e+00 (  8.46e+01,  1.29e+02)
80      0.191   4.69e-01   9.56e-01   7.84e-01   2.93e+00   0.00e+00 (  7.80e+01,  1.20e+02)
85      0.202   4.67e-01   9.00e-01   7.11e-01   3.88e+00   0.00e+00 (  6.62e+01,  1.13e+02)
90      0.343   7.99e-01   1.12e+00   7.20e-01   1.30e+01   0.00e+00 (  1.50e+02,  1.06e+02)
95      0.273   5.23e-01   7.30e-01   5.39e-01   1.91e+01   0.00e+00 (  2.25e+02,  9.99e+01)
13 e: 7.231e-05 i: 1.341e-04 :: e: 4.694e-02 i: 5.163e-02 :: n: 2.762e+01 e:22.535 i:24.474 v:4.993e+03
>>> tau_he = 5.000000, nhe(0)=3.019135e+00
 5     -0.028   9.45e-03   3.04e-01   6.90e-03  -1.25e-01   0.00e+00 (  5.46e+00,  5.05e+01)
10     -0.189   7.47e-02   2.25e-02  -1.50e-02  -1.07e+00   0.00e+00 (  5.74e+01,  9.76e+01)
15     -0.127   1.21e-01   9.45e-02  -2.40e-02  -8.64e-01   0.00e+00 (  9.28e+01,  1.33e+02)
20      0.004   1.35e-01   1.28e-01  -4.84e-03   3.43e-02   0.00e+00 (  1.00e+02,  1.69e+02)
25      0.116   2.59e-01   3.33e-01   1.58e-01   1.03e+00   0.00e+00 (  1.77e+02,  1.94e+02)
30      0.106   2.74e-01   3.46e-01   1.68e-01   1.03e+00   0.00e+00 (  1.68e+02,  2.06e+02)
35      0.106   2.85e-01   3.90e-01   1.78e-01   1.12e+00   0.00e+00 (  1.62e+02,  2.10e+02)
40      0.116   3.08e-01   4.70e-01   2.33e-01   1.31e+00   0.00e+00 (  1.55e+02,  2.07e+02)
45      0.135   3.44e-01   5.69e-01   2.41e-01   1.62e+00   0.00e+00 (  1.48e+02,  1.99e+02)
50      0.153   3.79e-01   6.71e-01   2.87e-01   1.92e+00   0.00e+00 (  1.37e+02,  1.88e+02)
55      0.168   4.10e-01   7.71e-01   4.10e-01   2.20e+00   0.00e+00 (  1.26e+02,  1.76e+02)
60      0.162   4.12e-01   7.73e-01   4.80e-01   2.19e+00   0.00e+00 (  1.11e+02,  1.64e+02)
65      0.175   4.37e-01   8.46e-01   5.85e-01   2.43e+00   0.00e+00 (  1.02e+02,  1.51e+02)
70      0.195   4.74e-01   9.54e-01   7.16e-01   2.77e+00   0.00e+00 (  9.51e+01,  1.40e+02)
75      0.194   4.81e-01   9.66e-01   7.74e-01   2.83e+00   0.00e+00 (  8.67e+01,  1.29e+02)
80      0.191   4.73e-01   9.65e-01   7.92e-01   2.93e+00   0.00e+00 (  7.97e+01,  1.20e+02)
85      0.202   4.69e-01   9.05e-01   7.15e-01   3.88e+00   0.00e+00 (  6.73e+01,  1.13e+02)
90      0.343   7.99e-01   1.12e+00   7.20e-01   1.30e+01   0.00e+00 (  1.51e+02,  1.06e+02)
95      0.273   5.23e-01   7.30e-01   5.39e-01   1.91e+01   0.00e+00 (  2.25e+02,  9.99e+01)
14 e: 3.036e-05 i: 1.350e-04 :: e: 3.437e-02 i: 4.030e-02 :: n: 2.762e+01 e:22.585 i:24.592 v:4.993e+03
>>> tau_he = 5.000000, nhe(0)=3.028704e+00
 5     -0.028   9.58e-03   3.08e-01   6.95e-03  -1.26e-01   0.00e+00 (  5.55e+00,  5.05e+01)
10     -0.187   7.44e-02   2.24e-02  -1.50e-02  -1.06e+00   0.00e+00 (  5.69e+01,  9.76e+01)
15     -0.133   1.23e-01   1.06e-01  -6.48e-02  -9.01e-01   0.00e+00 (  9.47e+01,  1.33e+02)
20      0.058   2.45e-01   3.19e-01   1.24e-01   4.55e-01   0.00e+00 (  1.84e+02,  1.69e+02)
25      0.037   1.63e-01   1.63e-01   3.30e-02   3.26e-01   0.00e+00 (  1.11e+02,  1.94e+02)
30      0.105   2.75e-01   3.44e-01   1.67e-01   1.02e+00   0.00e+00 (  1.68e+02,  2.06e+02)
35      0.106   2.92e-01   3.88e-01   1.82e-01   1.12e+00   0.00e+00 (  1.66e+02,  2.10e+02)
40      0.115   3.08e-01   4.66e-01   2.29e-01   1.30e+00   0.00e+00 (  1.56e+02,  2.07e+02)
45      0.134   3.44e-01   5.64e-01   2.39e-01   1.61e+00   0.00e+00 (  1.49e+02,  1.99e+02)
50      0.152   3.79e-01   6.68e-01   2.86e-01   1.91e+00   0.00e+00 (  1.38e+02,  1.88e+02)
55      0.169   4.12e-01   7.70e-01   4.09e-01   2.20e+00   0.00e+00 (  1.27e+02,  1.76e+02)
60      0.164   4.15e-01   7.77e-01   4.82e-01   2.21e+00   0.00e+00 (  1.12e+02,  1.64e+02)
65      0.177   4.41e-01   8.51e-01   5.88e-01   2.45e+00   0.00e+00 (  1.04e+02,  1.51e+02)
70      0.197   4.79e-01   9.62e-01   7.22e-01   2.80e+00   0.00e+00 (  9.65e+01,  1.40e+02)
75      0.196   4.86e-01   9.75e-01   7.82e-01   2.86e+00   0.00e+00 (  8.81e+01,  1.29e+02)
80      0.193   4.78e-01   9.75e-01   8.00e-01   2.97e+00   0.00e+00 (  8.10e+01,  1.20e+02)
85      0.205   4.73e-01   9.14e-01   7.23e-01   3.93e+00   0.00e+00 (  6.82e+01,  1.13e+02)
90      0.344   8.00e-01   1.12e+00   7.22e-01   1.30e+01   0.00e+00 (  1.51e+02,  1.06e+02)
95      0.273   5.23e-01   7.30e-01   5.39e-01   1.91e+01   0.00e+00 (  2.25e+02,  9.99e+01)
15 e: 8.628e-05 i: 2.580e-04 :: e: 3.777e-02 i: 3.987e-02 :: n: 2.762e+01 e:22.647 i:24.620 v:4.993e+03
>>> tau_he = 5.000000, nhe(0)=3.031012e+00
 5     -0.029   9.65e-03   3.09e-01   6.98e-03  -1.27e-01   0.00e+00 (  5.61e+00,  5.05e+01)
10     -0.187   7.49e-02   2.27e-02  -1.52e-02  -1.06e+00   0.00e+00 (  5.73e+01,  9.76e+01)
15     -0.130   1.23e-01   1.06e-01  -6.51e-02  -8.84e-01   0.00e+00 (  9.48e+01,  1.33e+02)
20      0.006   1.35e-01   1.24e-01   5.28e-03   4.80e-02   0.00e+00 (  9.99e+01,  1.69e+02)
25      0.117   2.62e-01   3.36e-01   1.59e-01   1.03e+00   0.00e+00 (  1.81e+02,  1.94e+02)
30      0.106   2.77e-01   3.47e-01   1.68e-01   1.03e+00   0.00e+00 (  1.70e+02,  2.06e+02)
35      0.106   2.93e-01   3.90e-01   1.83e-01   1.12e+00   0.00e+00 (  1.67e+02,  2.10e+02)
40      0.115   3.10e-01   4.68e-01   2.29e-01   1.30e+00   0.00e+00 (  1.57e+02,  2.07e+02)
45      0.135   3.47e-01   5.68e-01   2.41e-01   1.62e+00   0.00e+00 (  1.51e+02,  1.99e+02)
50      0.154   3.83e-01   6.74e-01   2.88e-01   1.93e+00   0.00e+00 (  1.40e+02,  1.88e+02)
55      0.170   4.16e-01   7.79e-01   4.14e-01   2.22e+00   0.00e+00 (  1.29e+02,  1.76e+02)
60      0.165   4.20e-01   7.88e-01   4.88e-01   2.23e+00   0.00e+00 (  1.15e+02,  1.64e+02)
65      0.178   4.46e-01   8.63e-01   5.96e-01   2.47e+00   0.00e+00 (  1.06e+02,  1.51e+02)
70      0.198   4.84e-01   9.74e-01   7.31e-01   2.82e+00   0.00e+00 (  9.87e+01,  1.40e+02)
75      0.197   4.92e-01   9.87e-01   7.91e-01   2.88e+00   0.00e+00 (  9.01e+01,  1.29e+02)
80      0.194   4.82e-01   9.84e-01   8.07e-01   2.97e+00   0.00e+00 (  8.26e+01,  1.20e+02)
85      0.205   4.76e-01   9.20e-01   7.28e-01   3.94e+00   0.00e+00 (  6.93e+01,  1.13e+02)
90      0.344   8.00e-01   1.13e+00   7.22e-01   1.30e+01   0.00e+00 (  1.51e+02,  1.06e+02)
95      0.273   5.23e-01   7.30e-01   5.39e-01   1.91e+01   0.00e+00 (  2.25e+02,  9.99e+01)
16 e: 3.078e-05 i: 1.210e-04 :: e: 2.386e-02 i: 2.676e-02 :: n: 2.762e+01 e:22.670 i:24.723 v:4.993e+03
>>> tau_he = 5.000000, nhe(0)=3.039240e+00
 5     -0.029   9.73e-03   3.12e-01   7.00e-03  -1.28e-01   0.00e+00 (  5.65e+00,  5.05e+01)
10     -0.184   7.52e-02   2.24e-02  -1.51e-02  -1.04e+00   0.00e+00 (  5.71e+01,  9.76e+01)
15     -0.130   1.25e-01   1.07e-01  -6.91e-02  -8.78e-01   0.00e+00 (  9.59e+01,  1.33e+02)
20      0.005   1.37e-01   1.30e-01  -4.57e-03   3.56e-02   0.00e+00 (  1.02e+02,  1.69e+02)
25      0.037   1.64e-01   1.64e-01   3.30e-02   3.28e-01   0.00e+00 (  1.12e+02,  1.94e+02)
30      0.106   2.78e-01   3.45e-01   1.67e-01   1.03e+00   0.00e+00 (  1.71e+02,  2.06e+02)
35      0.106   2.94e-01   3.88e-01   1.82e-01   1.12e+00   0.00e+00 (  1.68e+02,  2.10e+02)
40      0.115   3.11e-01   4.66e-01   2.26e-01   1.30e+00   0.00e+00 (  1.58e+02,  2.07e+02)
45      0.135   3.48e-01   5.66e-01   2.40e-01   1.62e+00   0.00e+00 (  1.51e+02,  1.99e+02)
50      0.154   3.85e-01   6.73e-01   2.87e-01   1.93e+00   0.00e+00 (  1.41e+02,  1.88e+02)
55      0.171   4.18e-01   7.80e-01   4.14e-01   2.23e+00   0.00e+00 (  1.31e+02,  1.76e+02)
60      0.167   4.23e-01   7.92e-01   4.91e-01   2.25e+00   0.00e+00 (  1.16e+02,  1.64e+02)
65      0.180   4.49e-01   8.69e-01   6.00e-01   2.50e+00   0.00e+00 (  1.07e+02,  1.51e+02)
70      0.200   4.89e-01   9.82e-01   7.36e-01   2.85e+00   0.00e+00 (  1.00e+02,  1.40e+02)
75      0.199   4.97e-01   9.96e-01   7.99e-01   2.91e+00   0.00e+00 (  9.15e+01,  1.29e+02)
80      0.196   4.85e-01   9.93e-01   8.11e-01   3.01e+00   0.00e+00 (  8.37e+01,  1.20e+02)
85      0.207   4.82e-01   9.28e-01   7.38e-01   3.97e+00   0.00e+00 (  7.06e+01,  1.13e+02)
90      0.344   8.01e-01   1.13e+00   7.24e-01   1.30e+01   0.00e+00 (  1.52e+02,  1.06e+02)
95      0.273   5.23e-01   7.30e-01   5.39e-01   1.91e+01   0.00e+00 (  2.25e+02,  9.99e+01)
17 e: 6.752e-05 i: 1.302e-04 :: e: 2.049e-02 i: 2.089e-02 :: n: 2.762e+01 e:22.774 i:24.857 v:4.993e+03
>>> tau_he = 5.000000, nhe(0)=3.049981e+00
 5     -0.029   9.85e-03   3.17e-01   7.05e-03  -1.29e-01   0.00e+00 (  5.74e+00,  5.05e+01)
10     -0.183   7.58e-02   2.22e-02  -1.51e-02  -1.03e+00   0.00e+00 (  5.74e+01,  9.76e+01)
15     -0.087   2.63e-01   3.58e-01   6.80e-02  -5.90e-01   0.00e+00 (  2.02e+02,  1.33e+02)
20      0.068   2.52e-01   3.28e-01   1.28e-01   5.30e-01   0.00e+00 (  1.90e+02,  1.69e+02)
25      0.119   2.67e-01   3.41e-01   1.63e-01   1.05e+00   0.00e+00 (  1.85e+02,  1.94e+02)
30      0.107   2.79e-01   3.47e-01   1.68e-01   1.04e+00   0.00e+00 (  1.72e+02,  2.06e+02)
35      0.107   2.96e-01   3.89e-01   1.83e-01   1.13e+00   0.00e+00 (  1.69e+02,  2.10e+02)
40      0.115   3.12e-01   4.68e-01   2.25e-01   1.30e+00   0.00e+00 (  1.60e+02,  2.07e+02)
45      0.136   3.50e-01   5.69e-01   2.41e-01   1.62e+00   0.00e+00 (  1.53e+02,  1.99e+02)
50      0.155   3.88e-01   6.78e-01   2.89e-01   1.95e+00   0.00e+00 (  1.43e+02,  1.88e+02)
55      0.172   4.22e-01   7.87e-01   4.17e-01   2.25e+00   0.00e+00 (  1.33e+02,  1.76e+02)
60      0.168   4.27e-01   8.01e-01   4.96e-01   2.27e+00   0.00e+00 (  1.18e+02,  1.64e+02)
65      0.181   4.54e-01   8.78e-01   6.06e-01   2.51e+00   0.00e+00 (  1.09e+02,  1.51e+02)
70      0.201   4.93e-01   9.92e-01   7.43e-01   2.86e+00   0.00e+00 (  1.02e+02,  1.40e+02)
75      0.200   5.01e-01   1.01e+00   8.06e-01   2.92e+00   0.00e+00 (  9.32e+01,  1.29e+02)
80      0.196   4.89e-01   1.00e+00   8.18e-01   3.02e+00   0.00e+00 (  8.51e+01,  1.20e+02)
85      0.208   4.85e-01   9.34e-01   7.42e-01   3.98e+00   0.00e+00 (  7.17e+01,  1.13e+02)
90      0.345   8.01e-01   1.13e+00   7.25e-01   1.31e+01   0.00e+00 (  1.52e+02,  1.06e+02)
95      0.273   5.23e-01   7.30e-01   5.39e-01   1.91e+01   0.00e+00 (  2.25e+02,  9.99e+01)
18 e: 2.250e-04 i: 5.947e-04 :: e: 3.953e-02 i: 4.206e-02 :: n: 2.762e+01 e:22.690 i:24.817 v:4.993e+03
>>> tau_he = 5.000000, nhe(0)=3.046737e+00
 5     -0.029   9.90e-03   3.14e-01   7.03e-03  -1.31e-01   0.00e+00 (  5.79e+00,  5.05e+01)
10     -0.165   7.68e-02   2.34e-02  -1.53e-02  -9.31e-01   0.00e+00 (  5.77e+01,  9.76e+01)
15     -0.086   1.20e-01   9.09e-02  -1.95e-02  -5.85e-01   0.00e+00 (  8.81e+01,  1.33e+02)
20      0.008   1.37e-01   1.24e-01   4.56e-03   6.46e-02   0.00e+00 (  1.01e+02,  1.69e+02)
25      0.121   2.77e-01   3.23e-01   1.28e-01   1.07e+00   0.00e+00 (  1.91e+02,  1.94e+02)
30      0.108   2.82e-01   3.48e-01   1.68e-01   1.05e+00   0.00e+00 (  1.74e+02,  2.06e+02)
35      0.108   2.98e-01   3.90e-01   1.82e-01   1.14e+00   0.00e+00 (  1.71e+02,  2.10e+02)
40      0.117   3.14e-01   4.68e-01   2.22e-01   1.32e+00   0.00e+00 (  1.61e+02,  2.07e+02)
45      0.137   3.52e-01   5.69e-01   2.41e-01   1.64e+00   0.00e+00 (  1.55e+02,  1.99e+02)
50      0.156   3.90e-01   6.79e-01   2.90e-01   1.96e+00   0.00e+00 (  1.45e+02,  1.88e+02)
55      0.173   4.25e-01   7.89e-01   4.19e-01   2.27e+00   0.00e+00 (  1.34e+02,  1.76e+02)
60      0.170   4.31e-01   8.06e-01   4.99e-01   2.30e+00   0.00e+00 (  1.20e+02,  1.64e+02)
65      0.183   4.57e-01   8.84e-01   6.10e-01   2.54e+00   0.00e+00 (  1.11e+02,  1.51e+02)
70      0.203   4.98e-01   9.99e-01   7.49e-01   2.89e+00   0.00e+00 (  1.03e+02,  1.40e+02)
75      0.202   5.06e-01   1.01e+00   8.14e-01   2.95e+00   0.00e+00 (  9.46e+01,  1.29e+02)
80      0.198   4.94e-01   1.01e+00   8.25e-01   3.05e+00   0.00e+00 (  8.64e+01,  1.20e+02)
85      0.210   4.89e-01   9.43e-01   7.49e-01   4.02e+00   0.00e+00 (  7.27e+01,  1.13e+02)
90      0.345   8.02e-01   1.13e+00   7.27e-01   1.31e+01   0.00e+00 (  1.53e+02,  1.06e+02)
95      0.273   5.23e-01   7.30e-01   5.39e-01   1.91e+01   0.00e+00 (  2.25e+02,  9.99e+01)
19 e: 6.100e-05 i: 1.247e-04 :: e: 2.186e-02 i: 2.203e-02 :: n: 2.762e+01 e:22.749 i:24.861 v:4.993e+03
>>> tau_he = 5.000000, nhe(0)=3.050248e+00
 5     -0.029   9.90e-03   3.15e-01   7.04e-03  -1.30e-01   0.00e+00 (  5.78e+00,  5.05e+01)
10     -0.178   7.64e-02   2.28e-02  -1.51e-02  -1.00e+00   0.00e+00 (  5.71e+01,  9.76e+01)
15     -0.087   1.22e-01   9.35e-02  -2.14e-02  -5.91e-01   0.00e+00 (  8.96e+01,  1.33e+02)
20      0.001   1.33e-01   1.29e-01   4.31e-03   1.05e-02   0.00e+00 (  9.82e+01,  1.69e+02)
25      0.039   1.66e-01   1.65e-01   3.49e-02   3.42e-01   0.00e+00 (  1.13e+02,  1.94e+02)
30      0.108   2.83e-01   3.50e-01   1.69e-01   1.05e+00   0.00e+00 (  1.75e+02,  2.06e+02)
35      0.109   3.00e-01   3.93e-01   1.84e-01   1.15e+00   0.00e+00 (  1.72e+02,  2.10e+02)
40      0.117   3.17e-01   4.72e-01   2.22e-01   1.32e+00   0.00e+00 (  1.64e+02,  2.07e+02)
45      0.138   3.56e-01   5.75e-01   2.44e-01   1.65e+00   0.00e+00 (  1.57e+02,  1.99e+02)
50      0.157   3.94e-01   6.87e-01   2.93e-01   1.98e+00   0.00e+00 (  1.47e+02,  1.88e+02)
55      0.174   4.29e-01   7.98e-01   4.23e-01   2.28e+00   0.00e+00 (  1.37e+02,  1.76e+02)
60      0.142   3.96e-01   7.03e-01   4.65e-01   1.92e+00   0.00e+00 (  1.11e+02,  1.64e+02)
65      0.183   4.62e-01   8.94e-01   6.16e-01   2.55e+00   0.00e+00 (  1.13e+02,  1.51e+02)
70      0.204   5.02e-01   1.01e+00   7.57e-01   2.90e+00   0.00e+00 (  1.05e+02,  1.40e+02)
75      0.203   5.11e-01   1.02e+00   8.21e-01   2.96e+00   0.00e+00 (  9.65e+01,  1.29e+02)
80      0.199   4.98e-01   1.02e+00   8.32e-01   3.05e+00   0.00e+00 (  8.80e+01,  1.20e+02)
85      0.210   4.92e-01   9.49e-01   7.55e-01   4.03e+00   0.00e+00 (  7.40e+01,  1.13e+02)
90      0.345   8.02e-01   1.13e+00   7.28e-01   1.31e+01   0.00e+00 (  1.53e+02,  1.06e+02)
95      0.273   5.23e-01   7.30e-01   5.39e-01   1.91e+01   0.00e+00 (  2.25e+02,  9.99e+01)
20 e: 5.408e-05 i: 1.496e-04 :: e: 3.021e-02 i: 3.493e-02 :: n: 2.762e+01 e:22.807 i:25.020 v:4.993e+03
>>> tau_he = 5.000000, nhe(0)=3.062788e+00
 5     -0.029   1.00e-02   3.20e-01   7.08e-03  -1.31e-01   0.00e+00 (  5.85e+00,  5.05e+01)
10     -0.176   7.66e-02   2.23e-02  -1.49e-02  -9.96e-01   0.00e+00 (  5.71e+01,  9.76e+01)
15     -0.109   1.23e-01   9.51e-02  -2.53e-02  -7.38e-01   0.00e+00 (  9.12e+01,  1.33e+02)
20      0.013   1.42e-01   1.32e-01  -1.06e-02   1.05e-01   0.00e+00 (  1.06e+02,  1.69e+02)
25      0.121   2.70e-01   3.43e-01   1.61e-01   1.06e+00   0.00e+00 (  1.87e+02,  1.94e+02)
30      0.108   2.84e-01   3.49e-01   1.68e-01   1.05e+00   0.00e+00 (  1.75e+02,  2.06e+02)
35      0.108   3.00e-01   3.90e-01   1.83e-01   1.14e+00   0.00e+00 (  1.72e+02,  2.10e+02)
40      0.116   3.16e-01   4.69e-01   2.20e-01   1.32e+00   0.00e+00 (  1.63e+02,  2.07e+02)
45      0.137   3.55e-01   5.70e-01   2.42e-01   1.64e+00   0.00e+00 (  1.57e+02,  1.99e+02)
50      0.157   3.94e-01   6.82e-01   2.91e-01   1.97e+00   0.00e+00 (  1.47e+02,  1.88e+02)
55      0.175   4.30e-01   7.97e-01   4.22e-01   2.29e+00   0.00e+00 (  1.38e+02,  1.76e+02)
60      0.144   4.00e-01   7.10e-01   4.69e-01   1.95e+00   0.00e+00 (  1.13e+02,  1.64e+02)
65      0.185   4.65e-01   8.98e-01   6.19e-01   2.57e+00   0.00e+00 (  1.14e+02,  1.51e+02)
70      0.205   5.05e-01   1.01e+00   7.59e-01   2.92e+00   0.00e+00 (  1.06e+02,  1.40e+02)
75      0.204   5.14e-01   1.03e+00   8.26e-01   2.98e+00   0.00e+00 (  9.73e+01,  1.29e+02)
80      0.200   5.01e-01   1.02e+00   8.39e-01   3.08e+00   0.00e+00 (  8.89e+01,  1.20e+02)
85      0.212   4.95e-01   9.56e-01   7.61e-01   4.06e+00   0.00e+00 (  7.48e+01,  1.13e+02)
90      0.346   8.02e-01   1.13e+00   7.29e-01   1.31e+01   0.00e+00 (  1.53e+02,  1.06e+02)
95      0.273   5.23e-01   7.30e-01   5.39e-01   1.91e+01   0.00e+00 (  2.25e+02,  9.99e+01)
21 e: 4.243e-05 i: 1.465e-04 :: e: 2.614e-02 i: 3.141e-02 :: n: 2.762e+01 e:22.903 i:25.106 v:4.993e+03
>>> tau_he = 5.000000, nhe(0)=3.069433e+00
 5     -0.030   1.01e-02   3.23e-01   7.13e-03  -1.32e-01   0.00e+00 (  5.95e+00,  5.05e+01)
10     -0.177   7.74e-02   2.25e-02  -1.51e-02  -1.00e+00   0.00e+00 (  5.78e+01,  9.76e+01)
15     -0.112   1.26e-01   9.83e-02  -2.65e-02  -7.61e-01   0.00e+00 (  9.36e+01,  1.33e+02)
20      0.071   2.60e-01   3.37e-01   1.32e-01   5.54e-01   0.00e+00 (  1.96e+02,  1.69e+02)
25      0.045   1.68e-01   1.66e-01   3.21e-02   3.92e-01   0.00e+00 (  1.16e+02,  1.94e+02)
30      0.109   2.85e-01   3.50e-01   1.69e-01   1.06e+00   0.00e+00 (  1.76e+02,  2.06e+02)
35      0.109   3.01e-01   3.92e-01   1.83e-01   1.15e+00   0.00e+00 (  1.73e+02,  2.10e+02)
40      0.117   3.18e-01   4.71e-01   2.20e-01   1.32e+00   0.00e+00 (  1.65e+02,  2.07e+02)
45      0.138   3.57e-01   5.74e-01   2.44e-01   1.65e+00   0.00e+00 (  1.59e+02,  1.99e+02)
50      0.158   3.97e-01   6.87e-01   2.93e-01   1.98e+00   0.00e+00 (  1.49e+02,  1.88e+02)
55      0.176   4.34e-01   8.04e-01   4.26e-01   2.30e+00   0.00e+00 (  1.40e+02,  1.76e+02)
60      0.146   4.05e-01   7.22e-01   4.76e-01   1.97e+00   0.00e+00 (  1.16e+02,  1.64e+02)
65      0.186   4.68e-01   9.06e-01   6.24e-01   2.58e+00   0.00e+00 (  1.16e+02,  1.51e+02)
70      0.205   5.08e-01   1.02e+00   7.64e-01   2.92e+00   0.00e+00 (  1.08e+02,  1.40e+02)
75      0.204   5.17e-01   1.04e+00   8.31e-01   2.98e+00   0.00e+00 (  9.85e+01,  1.29e+02)
80      0.200   5.04e-01   1.03e+00   8.43e-01   3.08e+00   0.00e+00 (  8.99e+01,  1.20e+02)
85      0.212   4.97e-01   9.60e-01   7.65e-01   4.07e+00   0.00e+00 (  7.57e+01,  1.13e+02)
90      0.346   8.02e-01   1.13e+00   7.30e-01   1.31e+01   0.00e+00 (  1.54e+02,  1.06e+02)
95      0.273   5.23e-01   7.30e-01   5.39e-01   1.91e+01   0.00e+00 (  2.25e+02,  9.99e+01)
22 e: 7.291e-05 i: 3.099e-04 :: e: 3.634e-02 i: 4.035e-02 :: n: 2.762e+01 e:22.907 i:25.140 v:4.993e+03
>>> tau_he = 5.000000, nhe(0)=3.072128e+00
 5     -0.030   1.02e-02   3.25e-01   7.15e-03  -1.33e-01   0.00e+00 (  6.00e+00,  5.05e+01)
10     -0.178   7.77e-02   2.27e-02  -1.52e-02  -1.00e+00   0.00e+00 (  5.80e+01,  9.76e+01)
15     -0.111   1.26e-01   9.87e-02  -2.67e-02  -7.53e-01   0.00e+00 (  9.37e+01,  1.33e+02)
20      0.001   1.36e-01   1.29e-01   3.38e-03   6.48e-03   0.00e+00 (  1.01e+02,  1.69e+02)
25      0.119   2.71e-01   3.44e-01   1.61e-01   1.05e+00   0.00e+00 (  1.88e+02,  1.94e+02)
30      0.109   2.86e-01   3.50e-01   1.68e-01   1.06e+00   0.00e+00 (  1.77e+02,  2.06e+02)
35      0.109   3.02e-01   3.91e-01   1.83e-01   1.15e+00   0.00e+00 (  1.73e+02,  2.10e+02)
40      0.117   3.19e-01   4.70e-01   2.18e-01   1.32e+00   0.00e+00 (  1.65e+02,  2.07e+02)
45      0.138   3.58e-01   5.72e-01   2.43e-01   1.65e+00   0.00e+00 (  1.59e+02,  1.99e+02)
50      0.158   3.97e-01   6.85e-01   2.92e-01   1.98e+00   0.00e+00 (  1.50e+02,  1.88e+02)
55      0.177   4.35e-01   8.05e-01   4.26e-01   2.31e+00   0.00e+00 (  1.41e+02,  1.76e+02)
60      0.148   4.08e-01   7.28e-01   4.80e-01   2.00e+00   0.00e+00 (  1.18e+02,  1.64e+02)
65      0.187   4.70e-01   9.09e-01   6.26e-01   2.59e+00   0.00e+00 (  1.16e+02,  1.51e+02)
70      0.206   5.10e-01   1.02e+00   7.66e-01   2.93e+00   0.00e+00 (  1.08e+02,  1.40e+02)
75      0.205   5.19e-01   1.04e+00   8.34e-01   2.99e+00   0.00e+00 (  9.91e+01,  1.29e+02)
80      0.201   5.06e-01   1.03e+00   8.48e-01   3.09e+00   0.00e+00 (  9.06e+01,  1.20e+02)
85      0.213   5.00e-01   9.65e-01   7.69e-01   4.09e+00   0.00e+00 (  7.63e+01,  1.13e+02)
90      0.346   8.03e-01   1.14e+00   7.31e-01   1.31e+01   0.00e+00 (  1.54e+02,  1.06e+02)
95      0.273   5.23e-01   7.30e-01   5.39e-01   1.91e+01   0.00e+00 (  2.25e+02,  9.99e+01)
23 e: 3.298e-05 i: 1.311e-04 :: e: 2.830e-02 i: 3.154e-02 :: n: 2.762e+01 e:22.946 i:25.192 v:4.993e+03
>>> tau_he = 5.000000, nhe(0)=3.076156e+00
 5     -0.030   1.03e-02   3.26e-01   7.17e-03  -1.33e-01   0.00e+00 (  6.03e+00,  5.05e+01)
10     -0.177   7.80e-02   2.26e-02  -1.51e-02  -9.99e-01   0.00e+00 (  5.81e+01,  9.76e+01)
15     -0.116   1.28e-01   1.11e-01  -6.51e-02  -7.86e-01   0.00e+00 (  9.51e+01,  1.33e+02)
20     -0.001   1.37e-01   1.35e-01  -9.04e-03  -8.44e-03   0.00e+00 (  1.02e+02,  1.69e+02)
25      0.039   1.69e-01   1.67e-01   3.31e-02   3.41e-01   0.00e+00 (  1.16e+02,  1.94e+02)
30      0.109   2.86e-01   3.50e-01   1.68e-01   1.06e+00   0.00e+00 (  1.77e+02,  2.06e+02)
35      0.109   3.03e-01   3.92e-01   1.83e-01   1.15e+00   0.00e+00 (  1.74e+02,  2.10e+02)
40      0.118   3.20e-01   4.71e-01   2.18e-01   1.33e+00   0.00e+00 (  1.66e+02,  2.07e+02)
45      0.139   3.59e-01   5.75e-01   2.44e-01   1.66e+00   0.00e+00 (  1.60e+02,  1.99e+02)
50      0.158   3.99e-01   6.89e-01   2.93e-01   1.99e+00   0.00e+00 (  1.51e+02,  1.88e+02)
55      0.177   4.37e-01   8.09e-01   4.28e-01   2.32e+00   0.00e+00 (  1.42e+02,  1.76e+02)
60      0.149   4.12e-01   7.36e-01   4.85e-01   2.02e+00   0.00e+00 (  1.19e+02,  1.64e+02)
65      0.187   4.73e-01   9.15e-01   6.30e-01   2.60e+00   0.00e+00 (  1.17e+02,  1.51e+02)
70      0.206   5.12e-01   1.03e+00   7.69e-01   2.94e+00   0.00e+00 (  1.09e+02,  1.40e+02)
75      0.206   5.21e-01   1.04e+00   8.37e-01   3.00e+00   0.00e+00 (  1.00e+02,  1.29e+02)
80      0.201   5.08e-01   1.04e+00   8.51e-01   3.09e+00   0.00e+00 (  9.14e+01,  1.20e+02)
85      0.213   5.02e-01   9.69e-01   7.72e-01   4.09e+00   0.00e+00 (  7.70e+01,  1.13e+02)
90      0.347   8.03e-01   1.14e+00   7.32e-01   1.31e+01   0.00e+00 (  1.54e+02,  1.06e+02)
95      0.273   5.23e-01   7.30e-01   5.39e-01   1.91e+01   0.00e+00 (  2.25e+02,  9.99e+01)
24 e: 4.341e-05 i: 1.220e-04 :: e: 2.854e-02 i: 3.012e-02 :: n: 2.762e+01 e:22.994 i:25.314 v:4.993e+03
>>> tau_he = 5.000000, nhe(0)=3.085459e+00
 5     -0.030   1.04e-02   3.30e-01   7.20e-03  -1.34e-01   0.00e+00 (  6.09e+00,  5.05e+01)
10     -0.176   7.83e-02   2.24e-02  -1.51e-02  -9.94e-01   0.00e+00 (  5.82e+01,  9.76e+01)
15     -0.117   1.29e-01   1.12e-01  -6.67e-02  -7.95e-01   0.00e+00 (  9.63e+01,  1.33e+02)
20      0.071   2.63e-01   3.40e-01   1.32e-01   5.55e-01   0.00e+00 (  1.99e+02,  1.69e+02)
25      0.123   2.75e-01   3.48e-01   1.64e-01   1.08e+00   0.00e+00 (  1.92e+02,  1.94e+02)
30      0.109   2.87e-01   3.51e-01   1.68e-01   1.06e+00   0.00e+00 (  1.77e+02,  2.06e+02)
35      0.109   2.96e-01   3.90e-01   1.78e-01   1.15e+00   0.00e+00 (  1.70e+02,  2.10e+02)
40      0.117   3.20e-01   4.70e-01   2.17e-01   1.33e+00   0.00e+00 (  1.66e+02,  2.07e+02)
45      0.138   3.59e-01   5.73e-01   2.44e-01   1.66e+00   0.00e+00 (  1.60e+02,  1.99e+02)
50      0.158   3.99e-01   6.87e-01   2.93e-01   1.99e+00   0.00e+00 (  1.51e+02,  1.88e+02)
55      0.178   4.38e-01   8.09e-01   4.28e-01   2.32e+00   0.00e+00 (  1.42e+02,  1.76e+02)
60      0.213   4.98e-01   9.91e-01   6.08e-01   2.88e+00   0.00e+00 (  1.45e+02,  1.64e+02)
65      0.187   4.74e-01   9.16e-01   6.31e-01   2.61e+00   0.00e+00 (  1.18e+02,  1.51e+02)
70      0.207   5.13e-01   1.03e+00   7.70e-01   2.94e+00   0.00e+00 (  1.09e+02,  1.40e+02)
75      0.206   5.22e-01   1.05e+00   8.39e-01   3.00e+00   0.00e+00 (  1.00e+02,  1.29e+02)
80      0.202   5.09e-01   1.04e+00   8.53e-01   3.10e+00   0.00e+00 (  9.18e+01,  1.20e+02)
85      0.214   5.03e-01   9.72e-01   7.75e-01   4.11e+00   0.00e+00 (  7.75e+01,  1.13e+02)
90      0.347   8.03e-01   1.14e+00   7.33e-01   1.31e+01   0.00e+00 (  1.55e+02,  1.06e+02)
95      0.273   5.23e-01   7.30e-01   5.39e-01   1.91e+01   0.00e+00 (  2.25e+02,  9.99e+01)
25 e: 9.334e-05 i: 4.191e-04 :: e: 4.192e-02 i: 4.782e-02 :: n: 2.762e+01 e:22.992 i:25.249 v:4.993e+03
>>> tau_he = 5.000000, nhe(0)=3.080493e+00
 5     -0.030   1.04e-02   3.29e-01   7.22e-03  -1.35e-01   0.00e+00 (  6.14e+00,  5.05e+01)
10     -0.178   7.88e-02   2.31e-02  -1.53e-02  -1.01e+00   0.00e+00 (  5.87e+01,  9.76e+01)
15     -0.117   1.29e-01   1.12e-01  -7.30e-02  -7.91e-01   0.00e+00 (  9.67e+01,  1.33e+02)
20     -0.000   1.37e-01   1.30e-01   3.31e-03  -1.57e-03   0.00e+00 (  1.02e+02,  1.69e+02)
25      0.045   1.69e-01   1.67e-01   3.30e-02   3.93e-01   0.00e+00 (  1.17e+02,  1.94e+02)
30      0.110   2.88e-01   3.52e-01   1.69e-01   1.07e+00   0.00e+00 (  1.78e+02,  2.06e+02)
35      0.110   3.04e-01   3.93e-01   1.84e-01   1.16e+00   0.00e+00 (  1.75e+02,  2.10e+02)
40      0.119   3.21e-01   4.73e-01   2.18e-01   1.34e+00   0.00e+00 (  1.67e+02,  2.07e+02)
45      0.140   3.61e-01   5.78e-01   2.45e-01   1.68e+00   0.00e+00 (  1.62e+02,  1.99e+02)
50      0.160   4.02e-01   6.94e-01   2.95e-01   2.01e+00   0.00e+00 (  1.52e+02,  1.88e+02)
55      0.178   4.39e-01   8.12e-01   4.30e-01   2.33e+00   0.00e+00 (  1.43e+02,  1.76e+02)
60      0.147   4.10e-01   7.30e-01   4.81e-01   1.99e+00   0.00e+00 (  1.19e+02,  1.64e+02)
65      0.187   4.74e-01   9.16e-01   6.30e-01   2.60e+00   0.00e+00 (  1.18e+02,  1.51e+02)
70      0.207   5.15e-01   1.03e+00   7.74e-01   2.95e+00   0.00e+00 (  1.10e+02,  1.40e+02)
75      0.207   5.24e-01   1.05e+00   8.42e-01   3.01e+00   0.00e+00 (  1.01e+02,  1.29e+02)
80      0.202   5.11e-01   1.05e+00   8.56e-01   3.11e+00   0.00e+00 (  9.25e+01,  1.20e+02)
85      0.215   5.05e-01   9.76e-01   7.78e-01   4.12e+00   0.00e+00 (  7.81e+01,  1.13e+02)
90      0.347   8.04e-01   1.14e+00   7.34e-01   1.31e+01   0.00e+00 (  1.55e+02,  1.06e+02)
95      0.273   5.23e-01   7.30e-01   5.39e-01   1.91e+01   0.00e+00 (  2.25e+02,  9.99e+01)
26 e: 3.578e-05 i: 1.319e-04 :: e: 3.039e-02 i: 3.300e-02 :: n: 2.762e+01 e:22.987 i:25.336 v:4.993e+03
>>> tau_he = 5.000000, nhe(0)=3.087164e+00
 5     -0.030   1.04e-02   3.31e-01   7.21e-03  -1.35e-01   0.00e+00 (  6.13e+00,  5.05e+01)
10     -0.175   7.86e-02   2.25e-02  -1.48e-02  -9.88e-01   0.00e+00 (  5.83e+01,  9.76e+01)
15     -0.121   1.30e-01   1.13e-01  -7.17e-02  -8.20e-01   0.00e+00 (  9.72e+01,  1.33e+02)
20      0.007   1.38e-01   1.35e-01  -8.24e-03   5.65e-02   0.00e+00 (  1.03e+02,  1.69e+02)
25      0.123   2.75e-01   3.49e-01   1.64e-01   1.08e+00   0.00e+00 (  1.92e+02,  1.94e+02)
30      0.110   2.87e-01   3.51e-01   1.69e-01   1.07e+00   0.00e+00 (  1.77e+02,  2.06e+02)
35      0.109   2.97e-01   3.91e-01   1.78e-01   1.15e+00   0.00e+00 (  1.71e+02,  2.10e+02)
40      0.118   3.21e-01   4.72e-01   2.17e-01   1.34e+00   0.00e+00 (  1.67e+02,  2.07e+02)
45      0.140   3.61e-01   5.76e-01   2.45e-01   1.67e+00   0.00e+00 (  1.61e+02,  1.99e+02)
50      0.160   4.01e-01   6.91e-01   2.94e-01   2.00e+00   0.00e+00 (  1.52e+02,  1.88e+02)
55      0.178   4.39e-01   8.11e-01   4.29e-01   2.33e+00   0.00e+00 (  1.43e+02,  1.76e+02)
60      0.149   4.12e-01   7.34e-01   4.83e-01   2.01e+00   0.00e+00 (  1.20e+02,  1.64e+02)
65      0.187   4.74e-01   9.16e-01   6.31e-01   2.60e+00   0.00e+00 (  1.18e+02,  1.51e+02)
70      0.207   5.15e-01   1.03e+00   7.73e-01   2.95e+00   0.00e+00 (  1.10e+02,  1.40e+02)
75      0.207   5.24e-01   1.05e+00   8.43e-01   3.01e+00   0.00e+00 (  1.01e+02,  1.29e+02)
80      0.202   5.12e-01   1.05e+00   8.57e-01   3.11e+00   0.00e+00 (  9.26e+01,  1.20e+02)
85      0.215   5.06e-01   9.78e-01   7.80e-01   4.13e+00   0.00e+00 (  7.84e+01,  1.13e+02)
90      0.347   8.04e-01   1.14e+00   7.34e-01   1.32e+01   0.00e+00 (  1.55e+02,  1.06e+02)
95      0.273   5.23e-01   7.30e-01   5.39e-01   1.91e+01   0.00e+00 (  2.25e+02,  9.99e+01)
27 e: 3.278e-05 i: 1.080e-04 :: e: 2.671e-02 i: 2.905e-02 :: n: 2.762e+01 e:23.029 i:25.370 v:4.993e+03
>>> tau_he = 5.000000, nhe(0)=3.089769e+00
 5     -0.030   1.05e-02   3.32e-01   7.24e-03  -1.35e-01   0.00e+00 (  6.20e+00,  5.05e+01)
10     -0.175   7.90e-02   2.26e-02  -1.49e-02  -9.92e-01   0.00e+00 (  5.86e+01,  9.76e+01)
15     -0.068   2.75e-01   3.75e-01   7.07e-02  -4.59e-01   0.00e+00 (  2.06e+02,  1.33e+02)
20      0.064   2.58e-01   3.42e-01   1.31e-01   5.03e-01   0.00e+00 (  1.94e+02,  1.69e+02)
25      0.045   1.70e-01   1.67e-01   3.07e-02   3.96e-01   0.00e+00 (  1.18e+02,  1.94e+02)
30      0.110   2.88e-01   3.51e-01   1.69e-01   1.07e+00   0.00e+00 (  1.78e+02,  2.06e+02)
35      0.110   2.98e-01   3.92e-01   1.78e-01   1.16e+00   0.00e+00 (  1.71e+02,  2.10e+02)
40      0.118   3.21e-01   4.73e-01   2.17e-01   1.34e+00   0.00e+00 (  1.67e+02,  2.07e+02)
45      0.140   3.61e-01   5.77e-01   2.45e-01   1.67e+00   0.00e+00 (  1.62e+02,  1.99e+02)
50      0.160   4.01e-01   6.92e-01   2.94e-01   2.00e+00   0.00e+00 (  1.52e+02,  1.88e+02)
55      0.178   4.40e-01   8.13e-01   4.30e-01   2.33e+00   0.00e+00 (  1.43e+02,  1.76e+02)
60      0.212   4.99e-01   9.91e-01   6.07e-01   2.87e+00   0.00e+00 (  1.45e+02,  1.64e+02)
65      0.187   4.75e-01   9.18e-01   6.32e-01   2.61e+00   0.00e+00 (  1.19e+02,  1.51e+02)
70      0.207   5.15e-01   1.03e+00   7.74e-01   2.95e+00   0.00e+00 (  1.10e+02,  1.40e+02)
75      0.207   5.25e-01   1.05e+00   8.43e-01   3.01e+00   0.00e+00 (  1.01e+02,  1.29e+02)
80      0.202   5.12e-01   1.05e+00   8.57e-01   3.11e+00   0.00e+00 (  9.28e+01,  1.20e+02)
85      0.215   5.06e-01   9.79e-01   7.80e-01   4.12e+00   0.00e+00 (  7.86e+01,  1.13e+02)
90      0.347   8.04e-01   1.14e+00   7.35e-01   1.32e+01   0.00e+00 (  1.55e+02,  1.06e+02)
95      0.273   5.23e-01   7.30e-01   5.39e-01   1.91e+01   0.00e+00 (  2.25e+02,  9.99e+01)
28 e: 3.482e-04 i: 1.200e-03 :: e: 5.549e-02 i: 6.190e-02 :: n: 2.762e+01 e:22.910 i:25.322 v:4.993e+03
>>> tau_he = 5.000000, nhe(0)=3.086100e+00
 5     -0.031   1.05e-02   3.29e-01   7.19e-03  -1.38e-01   0.00e+00 (  6.20e+00,  5.05e+01)
10     -0.157   7.98e-02   2.37e-02  -1.51e-02  -8.85e-01   0.00e+00 (  5.87e+01,  9.76e+01)
15     -0.079   1.26e-01   9.47e-02  -2.11e-02  -5.37e-01   0.00e+00 (  9.05e+01,  1.33e+02)
20      0.002   1.38e-01   1.29e-01   2.86e-03   1.44e-02   0.00e+00 (  1.01e+02,  1.69e+02)
25      0.125   2.78e-01   3.51e-01   1.65e-01   1.10e+00   0.00e+00 (  1.94e+02,  1.94e+02)
30      0.112   2.89e-01   3.53e-01   1.69e-01   1.09e+00   0.00e+00 (  1.79e+02,  2.06e+02)
35      0.111   2.98e-01   3.93e-01   1.78e-01   1.17e+00   0.00e+00 (  1.72e+02,  2.10e+02)
40      0.120   3.22e-01   4.74e-01   2.17e-01   1.35e+00   0.00e+00 (  1.68e+02,  2.07e+02)
45      0.142   3.62e-01   5.79e-01   2.46e-01   1.70e+00   0.00e+00 (  1.62e+02,  1.99e+02)
50      0.162   4.03e-01   6.95e-01   3.00e-01   2.04e+00   0.00e+00 (  1.53e+02,  1.88e+02)
55      0.179   4.40e-01   8.13e-01   4.30e-01   2.34e+00   0.00e+00 (  1.43e+02,  1.76e+02)
60      0.147   4.10e-01   7.28e-01   4.79e-01   1.99e+00   0.00e+00 (  1.19e+02,  1.64e+02)
65      0.187   4.75e-01   9.16e-01   6.30e-01   2.61e+00   0.00e+00 (  1.18e+02,  1.51e+02)
70      0.208   5.16e-01   1.04e+00   7.75e-01   2.96e+00   0.00e+00 (  1.11e+02,  1.40e+02)
75      0.207   5.26e-01   1.05e+00   8.45e-01   3.02e+00   0.00e+00 (  1.02e+02,  1.29e+02)
80      0.203   5.13e-01   1.05e+00   8.59e-01   3.12e+00   0.00e+00 (  9.30e+01,  1.20e+02)
85      0.216   5.08e-01   9.81e-01   7.83e-01   4.14e+00   0.00e+00 (  7.89e+01,  1.13e+02)
90      0.348   8.04e-01   1.14e+00   7.36e-01   1.32e+01   0.00e+00 (  1.55e+02,  1.06e+02)
95      0.273   5.23e-01   7.30e-01   5.39e-01   1.91e+01   0.00e+00 (  2.25e+02,  9.99e+01)
29 e: 3.822e-05 i: 1.718e-04 :: e: 2.961e-02 i: 3.392e-02 :: n: 2.762e+01 e:22.949 i:25.311 v:4.993e+03
>>> tau_he = 5.000000, nhe(0)=3.085226e+00
 5     -0.031   1.04e-02   3.29e-01   7.20e-03  -1.37e-01   0.00e+00 (  6.18e+00,  5.05e+01)
10     -0.171   7.94e-02   2.32e-02  -1.49e-02  -9.67e-01   0.00e+00 (  5.83e+01,  9.76e+01)
15     -0.100   1.27e-01   9.73e-02  -2.54e-02  -6.80e-01   0.00e+00 (  9.18e+01,  1.33e+02)
20      0.001   1.39e-01   1.32e-01   3.50e-03   6.50e-03   0.00e+00 (  1.03e+02,  1.69e+02)
25      0.121   2.74e-01   3.47e-01   1.61e-01   1.06e+00   0.00e+00 (  1.90e+02,  1.94e+02)
30      0.111   2.90e-01   3.54e-01   1.70e-01   1.08e+00   0.00e+00 (  1.79e+02,  2.06e+02)
35      0.111   3.06e-01   3.95e-01   1.84e-01   1.17e+00   0.00e+00 (  1.77e+02,  2.10e+02)
40      0.120   3.23e-01   4.76e-01   2.17e-01   1.35e+00   0.00e+00 (  1.69e+02,  2.07e+02)
45      0.142   3.64e-01   5.82e-01   2.47e-01   1.70e+00   0.00e+00 (  1.63e+02,  1.99e+02)
50      0.161   4.04e-01   6.98e-01   2.97e-01   2.02e+00   0.00e+00 (  1.54e+02,  1.88e+02)
55      0.179   4.41e-01   8.16e-01   4.32e-01   2.34e+00   0.00e+00 (  1.44e+02,  1.76e+02)
60      0.148   4.13e-01   7.35e-01   4.84e-01   2.01e+00   0.00e+00 (  1.20e+02,  1.64e+02)
65      0.188   4.76e-01   9.20e-01   6.33e-01   2.61e+00   0.00e+00 (  1.19e+02,  1.51e+02)
70      0.208   5.17e-01   1.04e+00   7.76e-01   2.96e+00   0.00e+00 (  1.11e+02,  1.40e+02)
75      0.207   5.26e-01   1.06e+00   8.46e-01   3.02e+00   0.00e+00 (  1.02e+02,  1.29e+02)
80      0.203   5.14e-01   1.05e+00   8.60e-01   3.11e+00   0.00e+00 (  9.33e+01,  1.20e+02)
85      0.215   5.08e-01   9.82e-01   7.83e-01   4.13e+00   0.00e+00 (  7.92e+01,  1.13e+02)
90      0.348   8.04e-01   1.14e+00   7.36e-01   1.32e+01   0.00e+00 (  1.56e+02,  1.06e+02)
95      0.273   5.23e-01   7.30e-01   5.39e-01   1.91e+01   0.00e+00 (  2.25e+02,  9.99e+01)
30 e: 3.799e-05 i: 1.511e-04 :: e: 2.736e-02 i: 3.081e-02 :: n: 2.762e+01 e:22.927 i:25.357 v:4.993e+03
>>> tau_he = 5.000000, nhe(0)=3.088750e+00
 5     -0.031   1.05e-02   3.30e-01   7.20e-03  -1.37e-01   0.00e+00 (  6.19e+00,  5.05e+01)
10     -0.170   7.90e-02   2.29e-02  -1.48e-02  -9.63e-01   0.00e+00 (  5.79e+01,  9.76e+01)
15     -0.104   1.29e-01   9.92e-02  -2.71e-02  -7.04e-01   0.00e+00 (  9.31e+01,  1.33e+02)
20      0.007   1.40e-01   1.35e-01  -1.23e-02   5.17e-02   0.00e+00 (  1.04e+02,  1.69e+02)
25      0.039   1.69e-01   1.67e-01   3.52e-02   3.48e-01   0.00e+00 (  1.16e+02,  1.94e+02)
30      0.111   2.88e-01   3.51e-01   1.68e-01   1.08e+00   0.00e+00 (  1.78e+02,  2.06e+02)
35      0.111   2.99e-01   3.92e-01   1.78e-01   1.17e+00   0.00e+00 (  1.72e+02,  2.10e+02)
40      0.120   3.23e-01   4.74e-01   2.16e-01   1.35e+00   0.00e+00 (  1.68e+02,  2.07e+02)
45      0.141   3.63e-01   5.79e-01   2.45e-01   1.69e+00   0.00e+00 (  1.63e+02,  1.99e+02)
50      0.161   4.03e-01   6.94e-01   2.95e-01   2.02e+00   0.00e+00 (  1.53e+02,  1.88e+02)
55      0.179   4.41e-01   8.14e-01   4.31e-01   2.34e+00   0.00e+00 (  1.44e+02,  1.76e+02)
60      0.213   4.99e-01   9.90e-01   6.07e-01   2.87e+00   0.00e+00 (  1.45e+02,  1.64e+02)
65      0.188   4.76e-01   9.19e-01   6.32e-01   2.61e+00   0.00e+00 (  1.19e+02,  1.51e+02)
70      0.208   5.17e-01   1.04e+00   7.75e-01   2.96e+00   0.00e+00 (  1.11e+02,  1.40e+02)
75      0.207   5.26e-01   1.06e+00   8.45e-01   3.02e+00   0.00e+00 (  1.02e+02,  1.29e+02)
80      0.203   5.14e-01   1.05e+00   8.60e-01   3.12e+00   0.00e+00 (  9.32e+01,  1.20e+02)
85      0.216   5.09e-01   9.83e-01   7.84e-01   4.14e+00   0.00e+00 (  7.92e+01,  1.13e+02)
90      0.348   8.04e-01   1.14e+00   7.36e-01   1.32e+01   0.00e+00 (  1.56e+02,  1.06e+02)
95      0.273   5.23e-01   7.30e-01   5.39e-01   1.91e+01   0.00e+00 (  2.25e+02,  9.99e+01)
31 e: 4.548e-05 i: 1.384e-04 :: e: 3.209e-02 i: 3.831e-02 :: n: 2.762e+01 e:22.989 i:25.422 v:4.993e+03
>>> tau_he = 5.000000, nhe(0)=3.093666e+00
 5     -0.031   1.05e-02   3.33e-01   7.24e-03  -1.37e-01   0.00e+00 (  6.24e+00,  5.05e+01)
10     -0.170   7.95e-02   2.27e-02  -1.48e-02  -9.64e-01   0.00e+00 (  5.83e+01,  9.76e+01)
15     -0.106   1.30e-01   1.01e-01  -2.78e-02  -7.21e-01   0.00e+00 (  9.47e+01,  1.33e+02)
20      0.075   2.61e-01   3.46e-01   1.33e-01   5.90e-01   0.00e+00 (  1.97e+02,  1.69e+02)
25      0.123   2.76e-01   3.49e-01   1.64e-01   1.09e+00   0.00e+00 (  1.93e+02,  1.94e+02)
30      0.111   2.89e-01   3.53e-01   1.69e-01   1.08e+00   0.00e+00 (  1.78e+02,  2.06e+02)
35      0.111   2.99e-01   3.94e-01   1.79e-01   1.17e+00   0.00e+00 (  1.72e+02,  2.10e+02)
40      0.120   3.23e-01   4.76e-01   2.18e-01   1.36e+00   0.00e+00 (  1.68e+02,  2.07e+02)
45      0.142   3.63e-01   5.83e-01   2.47e-01   1.70e+00   0.00e+00 (  1.63e+02,  1.99e+02)
50      0.162   4.04e-01   6.99e-01   2.97e-01   2.03e+00   0.00e+00 (  1.54e+02,  1.88e+02)
55      0.179   4.41e-01   8.16e-01   4.32e-01   2.34e+00   0.00e+00 (  1.44e+02,  1.76e+02)
60      0.146   4.10e-01   7.28e-01   4.80e-01   1.98e+00   0.00e+00 (  1.19e+02,  1.64e+02)
65      0.187   4.76e-01   9.18e-01   6.31e-01   2.60e+00   0.00e+00 (  1.19e+02,  1.51e+02)
70      0.208   5.18e-01   1.04e+00   7.77e-01   2.96e+00   0.00e+00 (  1.11e+02,  1.40e+02)
75      0.207   5.27e-01   1.06e+00   8.46e-01   3.02e+00   0.00e+00 (  1.02e+02,  1.29e+02)
80      0.203   5.14e-01   1.05e+00   8.61e-01   3.12e+00   0.00e+00 (  9.35e+01,  1.20e+02)
85      0.216   5.09e-01   9.84e-01   7.85e-01   4.14e+00   0.00e+00 (  7.95e+01,  1.13e+02)
90      0.348   8.04e-01   1.14e+00   7.36e-01   1.32e+01   0.00e+00 (  1.56e+02,  1.06e+02)
95      0.273   5.23e-01   7.30e-01   5.39e-01   1.91e+01   0.00e+00 (  2.25e+02,  9.99e+01)
32 e: 8.995e-05 i: 4.336e-04 :: e: 3.143e-02 i: 3.642e-02 :: n: 2.762e+01 e:22.939 i:25.347 v:4.993e+03
>>> tau_he = 5.000000, nhe(0)=3.087982e+00
 5     -0.031   1.05e-02   3.31e-01   7.24e-03  -1.37e-01   0.00e+00 (  6.26e+00,  5.05e+01)
10     -0.172   7.93e-02   2.31e-02  -1.50e-02  -9.74e-01   0.00e+00 (  5.83e+01,  9.76e+01)
15     -0.107   1.30e-01   1.02e-01  -2.79e-02  -7.24e-01   0.00e+00 (  9.45e+01,  1.33e+02)
20      0.000   1.38e-01   1.30e-01   3.14e-03   3.33e-03   0.00e+00 (  1.02e+02,  1.69e+02)
25      0.039   1.69e-01   1.67e-01   3.49e-02   3.43e-01   0.00e+00 (  1.16e+02,  1.94e+02)
30      0.111   2.88e-01   3.51e-01   1.68e-01   1.08e+00   0.00e+00 (  1.78e+02,  2.06e+02)
35      0.110   2.99e-01   3.92e-01   1.78e-01   1.16e+00   0.00e+00 (  1.72e+02,  2.10e+02)
40      0.120   3.22e-01   4.74e-01   2.17e-01   1.35e+00   0.00e+00 (  1.68e+02,  2.07e+02)
45      0.141   3.62e-01   5.79e-01   2.46e-01   1.69e+00   0.00e+00 (  1.62e+02,  1.99e+02)
50      0.161   4.02e-01   6.94e-01   2.95e-01   2.02e+00   0.00e+00 (  1.53e+02,  1.88e+02)
55      0.179   4.40e-01   8.12e-01   4.30e-01   2.34e+00   0.00e+00 (  1.43e+02,  1.76e+02)
60      0.148   4.12e-01   7.31e-01   4.82e-01   2.00e+00   0.00e+00 (  1.19e+02,  1.64e+02)
65      0.187   4.75e-01   9.16e-01   6.30e-01   2.60e+00   0.00e+00 (  1.18e+02,  1.51e+02)
70      0.208   5.16e-01   1.04e+00   7.75e-01   2.96e+00   0.00e+00 (  1.11e+02,  1.40e+02)
75      0.207   5.26e-01   1.05e+00   8.45e-01   3.02e+00   0.00e+00 (  1.02e+02,  1.29e+02)
80      0.203   5.14e-01   1.05e+00   8.60e-01   3.12e+00   0.00e+00 (  9.32e+01,  1.20e+02)
85      0.216   5.09e-01   9.84e-01   7.85e-01   4.15e+00   0.00e+00 (  7.94e+01,  1.13e+02)
90      0.348   8.04e-01   1.14e+00   7.37e-01   1.32e+01   0.00e+00 (  1.56e+02,  1.06e+02)
95      0.273   5.23e-01   7.30e-01   5.39e-01   1.91e+01   0.00e+00 (  2.25e+02,  9.99e+01)
33 e: 3.049e-05 i: 1.217e-04 :: e: 2.419e-02 i: 2.756e-02 :: n: 2.762e+01 e:22.949 i:25.392 v:4.993e+03
>>> tau_he = 5.000000, nhe(0)=3.091411e+00
 5     -0.031   1.05e-02   3.33e-01   7.23e-03  -1.37e-01   0.00e+00 (  6.23e+00,  5.05e+01)
10     -0.170   7.90e-02   2.27e-02  -1.48e-02  -9.62e-01   0.00e+00 (  5.79e+01,  9.76e+01)
15     -0.111   1.31e-01   1.13e-01  -6.65e-02  -7.49e-01   0.00e+00 (  9.52e+01,  1.33e+02)
20      0.007   1.40e-01   1.35e-01  -1.14e-02   5.15e-02   0.00e+00 (  1.04e+02,  1.69e+02)
25      0.123   2.75e-01   3.48e-01   1.63e-01   1.08e+00   0.00e+00 (  1.92e+02,  1.94e+02)
30      0.111   2.88e-01   3.52e-01   1.69e-01   1.08e+00   0.00e+00 (  1.77e+02,  2.06e+02)
35      0.110   2.98e-01   3.93e-01   1.78e-01   1.16e+00   0.00e+00 (  1.72e+02,  2.10e+02)
40      0.120   3.22e-01   4.75e-01   2.18e-01   1.35e+00   0.00e+00 (  1.68e+02,  2.07e+02)
45      0.141   3.62e-01   5.80e-01   2.46e-01   1.69e+00   0.00e+00 (  1.62e+02,  1.99e+02)
50      0.161   4.02e-01   6.95e-01   2.96e-01   2.02e+00   0.00e+00 (  1.53e+02,  1.88e+02)
55      0.179   4.40e-01   8.14e-01   4.31e-01   2.34e+00   0.00e+00 (  1.43e+02,  1.76e+02)
60      0.149   4.13e-01   7.37e-01   4.85e-01   2.02e+00   0.00e+00 (  1.20e+02,  1.64e+02)
65      0.187   4.75e-01   9.17e-01   6.31e-01   2.60e+00   0.00e+00 (  1.19e+02,  1.51e+02)
70      0.207   5.16e-01   1.03e+00   7.74e-01   2.95e+00   0.00e+00 (  1.11e+02,  1.40e+02)
75      0.206   5.25e-01   1.05e+00   8.43e-01   3.01e+00   0.00e+00 (  1.02e+02,  1.29e+02)
80      0.202   5.13e-01   1.05e+00   8.58e-01   3.11e+00   0.00e+00 (  9.31e+01,  1.20e+02)
85      0.215   5.08e-01   9.82e-01   7.83e-01   4.13e+00   0.00e+00 (  7.93e+01,  1.13e+02)
90      0.348   8.04e-01   1.14e+00   7.36e-01   1.32e+01   0.00e+00 (  1.56e+02,  1.06e+02)
95      0.273   5.23e-01   7.30e-01   5.39e-01   1.91e+01   0.00e+00 (  2.25e+02,  9.99e+01)
34 e: 3.102e-05 i: 1.044e-04 :: e: 2.010e-02 i: 2.277e-02 :: n: 2.762e+01 e:22.956 i:25.419 v:4.993e+03
slurmstepd: error: *** STEP 41828873.23 ON nid005828 CANCELLED AT 2025-08-20T02:49:03 DUE TO TIME LIMIT ***
