========================================================================
= FASTRAN

nonlinear model = 1
ichi = 0
ineo = 0
reading state...
read formatted input, inprof...
init geometry...
read formatted input, inmetric...
nrho in inmetric = 101
rhob in inmetric = 1.265830e+00
solve avg grad-shafranv...
solve_avg_gs::Ip_temp = 1.000082e+01 
solve_avg_gs::Ip      = 1.000000e+01 
>>> tau_he = 5.000000, nhe(0)=2.338799e+00

 plasma volume = 149.489668
 stored energy(e,i,b) = 6.483927e+01 5.979896e+01 0.000000e+00
 betan = 1.408382
*power
 Pnb(e,i) = 0.000000e+00 0.000000e+00
 Prf(e,i) = 0.000000e+00 0.000000e+00
 Prad     = -2.595291e+01 
 Pei      = 1.836316e+00 
 Pfuse    = 6.295644e+01 
 Pfusi    = 2.007726e+01 
 Poh      = 0.000000e+00 
*confinement time
 taut, tauITER98y2, H98y2 : 2.183540e+00 1.958879e+00 1.114689e+00
 taue, taui : 1.669401e+00 3.278281e+00
 taut, tau89, H89 : 2.183540e+00 9.176092e-01 2.379597e+00
*temperature
 nea, nebar : 1.945869e+01 2.196456e+01 
 tea, tia : 8.375141e+00 8.434525e+00 (9.929595e-01)
 te0, ti0 : 1.881350e+01 1.901367e+01 (9.894724e-01)
 Sn : 0.000000e+00 
*current balance
 Ip,Ibs,Inb,Irf: 1.000000e+01 2.123102e+00 0.000000e+00 0.000000e+00
 fni,fbs: 0.212 0.212

 plasma volume = 149.489668
 stored energy(e,i,b) = 6.483927e+01 5.979896e+01 0.000000e+00
 betan = 1.408382
*power
 Pnb(e,i) = 0.000000e+00 0.000000e+00
 Prf(e,i) = 0.000000e+00 0.000000e+00
 Prad     = -2.595291e+01 
 Pei      = 1.836316e+00 
 Pfuse    = 6.295644e+01 
 Pfusi    = 2.007726e+01 
 Poh      = 0.000000e+00 
*confinement time
 taut, tauITER98y2, H98y2 : 2.183540e+00 1.958879e+00 1.114689e+00
 taue, taui : 1.669401e+00 3.278281e+00
 taut, tau89, H89 : 2.183540e+00 9.176092e-01 2.379597e+00
*temperature
 nea, nebar : 1.945869e+01 2.196456e+01 
 tea, tia : 8.375141e+00 8.434525e+00 (9.929595e-01)
 te0, ti0 : 1.881350e+01 1.901367e+01 (9.894724e-01)
 Sn : 0.000000e+00 
*current balance
 Ip,Ibs,Inb,Irf: 1.000000e+01 2.123102e+00 0.000000e+00 0.000000e+00
 fni,fbs: 0.212 0.212
 ELAPASED TIME = 0 sec
