========================================================================
= FASTRAN

nonlinear model = 0
ichi = 0
ineo = 0
reading state...
read formatted input, inprof...
init geometry...
read formatted input, inmetric...
nrho in inmetric = 101
rhob in inmetric = 1.262110e+00
solve avg grad-shafranv...
solve_avg_gs::Ip_temp = 9.992476e+00 
solve_avg_gs::Ip      = 1.000000e+01 
>>> tau_he = 5.000000, nhe(0)=2.442667e+00

 plasma volume = 148.241295
 stored energy(e,i,b) = 5.258987e+01 4.682305e+01 0.000000e+00
 betan = 1.131142
*power
 Pnb(e,i) = 0.000000e+00 0.000000e+00
 Prf(e,i) = 1.238812e+01 2.763063e+01
 Prad     = -3.301098e+01 
 Pei      = 1.152423e+00 
 Pfuse    = 4.447625e+01 
 Pfusi    = 1.401105e+01 
 Poh      = 0.000000e+00 
*confinement time
 taut, tauITER98y2, H98y2 : 1.517869e+00 1.754530e+00 8.651145e-01
 taue, taui : 2.103106e+00 3.641374e+00
 taut, tau89, H89 : 1.517869e+00 8.517575e-01 1.782044e+00
*temperature
 nea, nebar : 1.865112e+01 2.143406e+01 
 tea, tia : 6.834058e+00 6.893505e+00 (9.913764e-01)
 te0, ti0 : 1.951812e+01 2.156683e+01 (9.050063e-01)
 Sn : 0.000000e+00 
*current balance
 Ip,Ibs,Inb,Irf: 1.000000e+01 1.815131e+00 0.000000e+00 1.724458e-01
 fni,fbs: 0.199 0.182

Time advancing...
rho_bdry 0.950000 ...
te_bdry = 1.923139
ti_bdry = 1.923358
ne_bdry = 11.710562
rv_bdry = 100.762170
nrho_tr_bdry = 19
drho_bdry = 0.000000e+00
nrhob = 95
 [    0] t = 0.0000 
>>> tau_he = 5.000000, nhe(0)=2.421143e+00
 5     -0.002   4.51e-03   1.47e-01   2.29e-03  -7.83e-03   0.00e+00 (  7.83e-01,  5.08e+01)
10      0.001   3.22e-03  -2.08e-03   1.10e-04   3.15e-03   0.00e+00 (  9.42e-01,  9.36e+01)
15      0.005   2.10e-02  -3.04e-02  -1.14e-02   3.53e-02   0.00e+00 (  8.30e+00,  1.28e+02)
20      0.022   6.20e-02  -1.19e-02   6.40e-03   1.79e-01   0.00e+00 (  2.95e+01,  1.52e+02)
25      0.041   1.25e-01   8.82e-02   3.52e-02   3.80e-01   0.00e+00 (  6.67e+01,  1.71e+02)
30      0.051   1.79e-01   1.64e-01   6.48e-02   5.21e-01   0.00e+00 (  1.01e+02,  1.82e+02)
35      0.057   2.05e-01   2.01e-01   8.32e-02   6.42e-01   0.00e+00 (  1.09e+02,  1.84e+02)
40      0.085   2.71e-01   3.29e-01   1.32e-01   1.02e+00   0.00e+00 (  1.34e+02,  1.80e+02)
45      0.106   3.08e-01   4.03e-01   1.69e-01   1.34e+00   0.00e+00 (  1.37e+02,  1.71e+02)
50      0.137   3.56e-01   5.26e-01   2.13e-01   1.82e+00   0.00e+00 (  1.40e+02,  1.59e+02)
55      0.170   4.12e-01   6.81e-01   3.48e-01   2.35e+00   0.00e+00 (  1.43e+02,  1.46e+02)
60      0.151   3.95e-01   6.46e-01   4.16e-01   2.16e+00   0.00e+00 (  1.24e+02,  1.33e+02)
65      0.200   4.76e-01   8.73e-01   5.99e-01   2.95e+00   0.00e+00 (  1.31e+02,  1.21e+02)
70      0.229   5.37e-01   1.04e+00   7.80e-01   3.45e+00   0.00e+00 (  1.29e+02,  1.09e+02)
75      0.229   5.51e-01   1.07e+00   8.60e-01   3.52e+00   0.00e+00 (  1.18e+02,  9.91e+01)
80      0.215   5.37e-01   1.04e+00   8.66e-01   3.47e+00   0.00e+00 (  1.04e+02,  9.04e+01)
85      0.214   5.28e-01   9.98e-01   8.20e-01   4.17e+00   0.00e+00 (  9.67e+01,  8.33e+01)
90      0.262   6.00e-01   9.42e-01   6.47e-01   9.30e+00   0.00e+00 (  1.24e+02,  7.75e+01)
95      0.191   3.87e-01   5.65e-01   4.00e-01   1.20e+01   0.00e+00 (  1.51e+02,  7.24e+01)
 0 e: 6.119e-07 i: 5.056e-06 :: e: 0.000e+00 i: 0.000e+00 :: n: 2.762e+01 e:19.518 i:21.567 v:4.993e+03
>>> tau_he = 5.000000, nhe(0)=2.411764e+00
 5     -0.001   4.95e-03   2.03e-01   2.53e-03  -6.10e-03   0.00e+00 (  8.48e-01,  5.08e+01)
10      0.001   3.56e-03  -1.89e-03   9.71e-05   3.56e-03   0.00e+00 (  1.05e+00,  9.36e+01)
15      0.006   2.40e-02  -3.19e-02  -1.25e-02   4.41e-02   0.00e+00 (  9.65e+00,  1.28e+02)
20      0.021   6.49e-02  -1.04e-02   7.44e-03   1.77e-01   0.00e+00 (  3.11e+01,  1.52e+02)
25      0.041   1.25e-01   8.87e-02   3.52e-02   3.80e-01   0.00e+00 (  6.70e+01,  1.71e+02)
30      0.056   1.75e-01   1.55e-01   6.15e-02   5.76e-01   0.00e+00 (  9.76e+01,  1.82e+02)
35      0.058   2.05e-01   2.04e-01   8.41e-02   6.48e-01   0.00e+00 (  1.10e+02,  1.84e+02)
40      0.084   2.69e-01   3.27e-01   1.30e-01   1.01e+00   0.00e+00 (  1.33e+02,  1.80e+02)
45      0.107   3.08e-01   4.05e-01   1.70e-01   1.36e+00   0.00e+00 (  1.37e+02,  1.71e+02)
50      0.138   3.57e-01   5.29e-01   2.23e-01   1.84e+00   0.00e+00 (  1.40e+02,  1.59e+02)
55      0.167   4.09e-01   6.74e-01   3.44e-01   2.32e+00   0.00e+00 (  1.42e+02,  1.46e+02)
60      0.155   4.00e-01   6.60e-01   4.25e-01   2.22e+00   0.00e+00 (  1.26e+02,  1.33e+02)
65      0.199   4.74e-01   8.68e-01   5.96e-01   2.92e+00   0.00e+00 (  1.30e+02,  1.21e+02)
70      0.225   5.31e-01   1.03e+00   7.68e-01   3.39e+00   0.00e+00 (  1.27e+02,  1.09e+02)
75      0.226   5.47e-01   1.06e+00   8.52e-01   3.49e+00   0.00e+00 (  1.17e+02,  9.91e+01)
80      0.217   5.41e-01   1.05e+00   8.72e-01   3.50e+00   0.00e+00 (  1.06e+02,  9.04e+01)
85      0.221   5.45e-01   1.03e+00   8.48e-01   4.31e+00   0.00e+00 (  1.03e+02,  8.33e+01)
90      0.264   6.00e-01   9.54e-01   6.66e-01   9.37e+00   0.00e+00 (  1.30e+02,  7.75e+01)
95      0.191   3.88e-01   5.67e-01   3.96e-01   1.20e+01   0.00e+00 (  1.44e+02,  7.24e+01)
 1 e: 2.953e-02 i: 1.028e-01 :: e: 6.672e-03 i: 1.287e-02 :: n: 2.762e+01 e:19.531 i:21.465 v:4.993e+03
>>> tau_he = 5.000000, nhe(0)=2.807657e+00
 5     -0.009   7.78e-03   5.49e-01   4.62e-03  -4.09e-02   0.00e+00 (  2.66e+00,  5.08e+01)
10     -0.056   4.10e-02   3.51e-02   4.43e-03  -3.33e-01   0.00e+00 (  2.90e+01,  9.36e+01)
15     -0.041   1.11e-01   5.20e-02  -8.13e-05  -2.94e-01   0.00e+00 (  9.95e+01,  1.28e+02)
20      0.074   2.52e-01   3.39e-01   9.37e-02   6.11e-01   0.00e+00 (  2.04e+02,  1.52e+02)
25      0.105   2.40e-01   3.10e-01   1.06e-01   9.81e-01   0.00e+00 (  1.66e+02,  1.71e+02)
30      0.066   1.95e-01   1.99e-01   3.82e-02   6.76e-01   0.00e+00 (  1.22e+02,  1.82e+02)
35      0.113   2.62e-01   3.54e-01   1.42e-01   1.27e+00   0.00e+00 (  1.52e+02,  1.84e+02)
40      0.111   2.71e-01   3.95e-01   1.70e-01   1.33e+00   0.00e+00 (  1.35e+02,  1.80e+02)
45      0.145   3.21e-01   5.17e-01   2.09e-01   1.84e+00   0.00e+00 (  1.39e+02,  1.71e+02)
50      0.163   3.57e-01   6.36e-01   2.69e-01   2.16e+00   0.00e+00 (  1.33e+02,  1.59e+02)
55      0.177   3.96e-01   7.48e-01   3.89e-01   2.45e+00   0.00e+00 (  1.29e+02,  1.46e+02)
60      0.215   4.63e-01   9.43e-01   5.80e-01   3.07e+00   0.00e+00 (  1.39e+02,  1.33e+02)
65      0.177   4.31e-01   8.39e-01   5.82e-01   2.60e+00   0.00e+00 (  1.10e+02,  1.21e+02)
70      0.189   4.66e-01   9.29e-01   6.99e-01   2.84e+00   0.00e+00 (  1.03e+02,  1.09e+02)
75      0.190   4.88e-01   9.68e-01   7.80e-01   2.93e+00   0.00e+00 (  9.96e+01,  9.91e+01)
80      0.185   4.98e-01   9.82e-01   8.28e-01   2.98e+00   0.00e+00 (  9.88e+01,  9.04e+01)
85      0.182   4.88e-01   9.25e-01   7.73e-01   3.54e+00   0.00e+00 (  9.48e+01,  8.33e+01)
90      0.199   4.67e-01   7.36e-01   5.15e-01   7.06e+00   0.00e+00 (  8.29e+01,  7.75e+01)
95      0.191   3.90e-01   5.67e-01   3.88e-01   1.20e+01   0.00e+00 (  1.31e+02,  7.24e+01)
 2 e: 9.997e-03 i: 4.934e-03 :: e: 1.186e-01 i: 1.585e-01 :: n: 2.762e+01 e:22.861 i:26.573 v:4.993e+03
>>> tau_he = 5.000000, nhe(0)=2.862772e+00
 5     -0.014   8.37e-03   5.43e-01   5.71e-03  -6.47e-02   0.00e+00 (  3.62e+00,  5.08e+01)
10     -0.194   5.51e-02   3.81e-02   1.66e-02  -1.16e+00   0.00e+00 (  4.86e+01,  9.36e+01)
15     -0.218   1.35e-01   5.63e-02  -2.75e-04  -1.56e+00   0.00e+00 (  1.45e+02,  1.28e+02)
20      0.023   2.89e-01   3.92e-01   1.46e-01   1.92e-01   0.00e+00 (  2.73e+02,  1.52e+02)
25      0.105   2.71e-01   3.29e-01   1.44e-01   9.79e-01   0.00e+00 (  2.21e+02,  1.71e+02)
30      0.114   2.70e-01   3.41e-01   1.44e-01   1.18e+00   0.00e+00 (  1.96e+02,  1.82e+02)
35      0.107   2.80e-01   3.62e-01   1.50e-01   1.19e+00   0.00e+00 (  1.80e+02,  1.84e+02)
40      0.106   2.82e-01   3.98e-01   1.56e-01   1.26e+00   0.00e+00 (  1.50e+02,  1.80e+02)
45      0.139   3.13e-01   5.00e-01   2.02e-01   1.76e+00   0.00e+00 (  1.41e+02,  1.71e+02)
50      0.152   3.37e-01   5.96e-01   2.52e-01   2.01e+00   0.00e+00 (  1.26e+02,  1.59e+02)
55      0.162   3.62e-01   6.80e-01   3.54e-01   2.23e+00   0.00e+00 (  1.14e+02,  1.46e+02)
60      0.141   3.47e-01   6.24e-01   4.11e-01   2.02e+00   0.00e+00 (  9.80e+01,  1.33e+02)
65      0.161   3.81e-01   7.30e-01   5.10e-01   2.36e+00   0.00e+00 (  8.99e+01,  1.21e+02)
70      0.173   4.08e-01   8.09e-01   6.14e-01   2.61e+00   0.00e+00 (  8.19e+01,  1.09e+02)
75      0.176   4.25e-01   8.36e-01   6.79e-01   2.71e+00   0.00e+00 (  7.78e+01,  9.91e+01)
80      0.171   4.35e-01   8.46e-01   7.16e-01   2.76e+00   0.00e+00 (  7.65e+01,  9.04e+01)
85      0.169   4.27e-01   8.05e-01   6.73e-01   3.29e+00   0.00e+00 (  7.24e+01,  8.33e+01)
90      0.180   4.24e-01   6.53e-01   4.53e-01   6.39e+00   0.00e+00 (  6.44e+01,  7.75e+01)
95      0.190   3.91e-01   5.66e-01   3.85e-01   1.20e+01   0.00e+00 (  1.27e+02,  7.24e+01)
 3 e: 9.960e-04 i: 2.428e-03 :: e: 1.842e-01 i: 1.943e-01 :: n: 2.762e+01 e:24.494 i:27.532 v:4.993e+03
>>> tau_he = 5.000000, nhe(0)=2.862208e+00
 5     -0.015   8.30e-03   5.19e-01   5.63e-03  -6.88e-02   0.00e+00 (  3.68e+00,  5.08e+01)
10     -0.200   5.79e-02   3.44e-02   1.72e-02  -1.19e+00   0.00e+00 (  5.05e+01,  9.36e+01)
15     -0.189   1.30e-01   6.25e-02  -5.56e-03  -1.35e+00   0.00e+00 (  1.34e+02,  1.28e+02)
20      0.056   2.63e-01   3.60e-01   1.14e-01   4.66e-01   0.00e+00 (  2.34e+02,  1.52e+02)
25      0.108   2.65e-01   3.24e-01   1.38e-01   1.00e+00   0.00e+00 (  2.09e+02,  1.71e+02)
30      0.120   2.68e-01   3.44e-01   1.48e-01   1.24e+00   0.00e+00 (  1.93e+02,  1.82e+02)
35      0.116   2.73e-01   3.73e-01   1.46e-01   1.30e+00   0.00e+00 (  1.75e+02,  1.84e+02)
40      0.121   2.87e-01   4.29e-01   1.75e-01   1.45e+00   0.00e+00 (  1.55e+02,  1.80e+02)
45      0.135   3.01e-01   4.84e-01   1.98e-01   1.71e+00   0.00e+00 (  1.36e+02,  1.71e+02)
50      0.163   3.41e-01   6.38e-01   2.67e-01   2.16e+00   0.00e+00 (  1.27e+02,  1.59e+02)
55      0.170   3.65e-01   7.22e-01   3.81e-01   2.35e+00   0.00e+00 (  1.14e+02,  1.46e+02)
60      0.145   3.46e-01   6.50e-01   4.27e-01   2.08e+00   0.00e+00 (  9.64e+01,  1.33e+02)
65      0.162   3.78e-01   7.50e-01   5.28e-01   2.38e+00   0.00e+00 (  8.74e+01,  1.21e+02)
70      0.169   3.96e-01   8.06e-01   6.15e-01   2.54e+00   0.00e+00 (  7.77e+01,  1.09e+02)
75      0.166   4.04e-01   8.10e-01   6.60e-01   2.56e+00   0.00e+00 (  7.19e+01,  9.91e+01)
80      0.159   4.07e-01   8.01e-01   6.79e-01   2.56e+00   0.00e+00 (  6.87e+01,  9.04e+01)
85      0.155   3.97e-01   7.55e-01   6.31e-01   3.02e+00   0.00e+00 (  6.42e+01,  8.33e+01)
90      0.168   4.01e-01   6.10e-01   4.19e-01   5.96e+00   0.00e+00 (  5.79e+01,  7.75e+01)
95      0.190   3.91e-01   5.65e-01   3.83e-01   1.19e+01   0.00e+00 (  1.26e+02,  7.24e+01)
 4 e: 1.030e-03 i: 1.522e-03 :: e: 1.791e-01 i: 1.873e-01 :: n: 2.762e+01 e:24.037 i:27.529 v:4.993e+03
>>> tau_he = 5.000000, nhe(0)=2.826503e+00
 5     -0.015   7.89e-03   4.94e-01   5.57e-03  -6.85e-02   0.00e+00 (  3.59e+00,  5.08e+01)
10     -0.142   5.28e-02   1.28e-02   3.13e-03  -8.46e-01   0.00e+00 (  4.57e+01,  9.36e+01)
15     -0.212   2.53e-01   3.67e-01   5.81e-02  -1.52e+00   0.00e+00 (  2.51e+02,  1.28e+02)
20      0.057   2.41e-01   3.25e-01   9.74e-02   4.73e-01   0.00e+00 (  2.05e+02,  1.52e+02)
25      0.094   2.52e-01   3.06e-01   1.22e-01   8.74e-01   0.00e+00 (  1.94e+02,  1.71e+02)
30      0.110   2.60e-01   3.31e-01   1.41e-01   1.13e+00   0.00e+00 (  1.85e+02,  1.82e+02)
35      0.108   2.67e-01   3.62e-01   1.42e-01   1.21e+00   0.00e+00 (  1.71e+02,  1.84e+02)
40      0.116   2.82e-01   4.19e-01   1.72e-01   1.39e+00   0.00e+00 (  1.52e+02,  1.80e+02)
45      0.130   2.94e-01   4.70e-01   1.93e-01   1.65e+00   0.00e+00 (  1.33e+02,  1.71e+02)
50      0.155   3.32e-01   6.11e-01   2.55e-01   2.06e+00   0.00e+00 (  1.23e+02,  1.59e+02)
55      0.161   3.52e-01   6.87e-01   3.62e-01   2.23e+00   0.00e+00 (  1.09e+02,  1.46e+02)
60      0.139   3.32e-01   6.16e-01   4.06e-01   1.99e+00   0.00e+00 (  9.07e+01,  1.33e+02)
65      0.155   3.59e-01   7.05e-01   4.98e-01   2.27e+00   0.00e+00 (  8.12e+01,  1.21e+02)
70      0.162   3.76e-01   7.57e-01   5.79e-01   2.44e+00   0.00e+00 (  7.14e+01,  1.09e+02)
75      0.160   3.81e-01   7.58e-01   6.18e-01   2.47e+00   0.00e+00 (  6.49e+01,  9.91e+01)
80      0.154   3.83e-01   7.49e-01   6.35e-01   2.48e+00   0.00e+00 (  6.12e+01,  9.04e+01)
85      0.151   3.75e-01   7.10e-01   5.94e-01   2.95e+00   0.00e+00 (  5.70e+01,  8.33e+01)
90      0.163   3.89e-01   5.85e-01   4.00e-01   5.77e+00   0.00e+00 (  5.26e+01,  7.75e+01)
95      0.190   3.91e-01   5.65e-01   3.83e-01   1.19e+01   0.00e+00 (  1.24e+02,  7.24e+01)
 5 e: 9.155e-04 i: 2.055e-03 :: e: 1.926e-01 i: 1.996e-01 :: n: 2.762e+01 e:23.596 i:26.932 v:4.993e+03
>>> tau_he = 5.000000, nhe(0)=2.789682e+00
 5     -0.014   7.41e-03   4.54e-01   5.38e-03  -6.70e-02   0.00e+00 (  3.37e+00,  5.08e+01)
10     -0.138   5.12e-02   9.74e-03   2.58e-03  -8.22e-01   0.00e+00 (  4.29e+01,  9.36e+01)
15     -0.129   1.06e-01   5.66e-02  -5.47e-03  -9.23e-01   0.00e+00 (  9.56e+01,  1.28e+02)
20      0.035   1.40e-01   1.18e-01   3.30e-03   2.91e-01   0.00e+00 (  1.12e+02,  1.52e+02)
25      0.092   2.41e-01   2.95e-01   1.11e-01   8.57e-01   0.00e+00 (  1.78e+02,  1.71e+02)
30      0.105   2.53e-01   3.24e-01   1.33e-01   1.08e+00   0.00e+00 (  1.74e+02,  1.82e+02)
35      0.107   2.58e-01   3.57e-01   1.44e-01   1.20e+00   0.00e+00 (  1.61e+02,  1.84e+02)
40      0.118   2.80e-01   4.23e-01   1.75e-01   1.41e+00   0.00e+00 (  1.48e+02,  1.80e+02)
45      0.133   2.93e-01   4.79e-01   1.97e-01   1.68e+00   0.00e+00 (  1.31e+02,  1.71e+02)
50      0.156   3.30e-01   6.22e-01   2.61e-01   2.08e+00   0.00e+00 (  1.21e+02,  1.59e+02)
55      0.163   3.52e-01   6.99e-01   3.70e-01   2.26e+00   0.00e+00 (  1.08e+02,  1.46e+02)
60      0.141   3.29e-01   6.27e-01   4.17e-01   2.01e+00   0.00e+00 (  8.93e+01,  1.33e+02)
65      0.156   3.59e-01   7.16e-01   5.06e-01   2.29e+00   0.00e+00 (  8.05e+01,  1.21e+02)
70      0.161   3.74e-01   7.62e-01   5.84e-01   2.43e+00   0.00e+00 (  7.05e+01,  1.09e+02)
75      0.158   3.76e-01   7.54e-01   6.16e-01   2.43e+00   0.00e+00 (  6.35e+01,  9.91e+01)
80      0.150   3.74e-01   7.36e-01   6.25e-01   2.42e+00   0.00e+00 (  5.92e+01,  9.04e+01)
85      0.146   3.64e-01   6.92e-01   5.76e-01   2.85e+00   0.00e+00 (  5.44e+01,  8.33e+01)
90      0.159   3.82e-01   5.71e-01   3.87e-01   5.63e+00   0.00e+00 (  5.09e+01,  7.75e+01)
95      0.190   3.91e-01   5.65e-01   3.82e-01   1.19e+01   0.00e+00 (  1.24e+02,  7.24e+01)
 6 e: 2.816e-04 i: 5.626e-04 :: e: 1.493e-01 i: 1.530e-01 :: n: 2.762e+01 e:22.930 i:26.340 v:4.993e+03
>>> tau_he = 5.000000, nhe(0)=2.766020e+00
 5     -0.014   7.16e-03   4.42e-01   5.33e-03  -6.58e-02   0.00e+00 (  3.26e+00,  5.08e+01)
10     -0.129   4.80e-02   9.69e-03  -1.99e-04  -7.70e-01   0.00e+00 (  3.94e+01,  9.36e+01)
15     -0.117   1.03e-01   5.76e-02  -6.53e-03  -8.40e-01   0.00e+00 (  9.12e+01,  1.28e+02)
20      0.036   1.36e-01   1.16e-01   3.80e-03   3.01e-01   0.00e+00 (  1.06e+02,  1.52e+02)
25      0.042   1.60e-01   1.43e-01   2.82e-02   3.90e-01   0.00e+00 (  1.15e+02,  1.71e+02)
30      0.098   2.44e-01   3.12e-01   1.28e-01   1.01e+00   0.00e+00 (  1.64e+02,  1.82e+02)
35      0.102   2.52e-01   3.46e-01   1.38e-01   1.14e+00   0.00e+00 (  1.55e+02,  1.84e+02)
40      0.113   2.74e-01   4.13e-01   1.73e-01   1.36e+00   0.00e+00 (  1.43e+02,  1.80e+02)
45      0.127   2.87e-01   4.65e-01   1.91e-01   1.61e+00   0.00e+00 (  1.27e+02,  1.71e+02)
50      0.150   3.22e-01   6.00e-01   2.51e-01   1.99e+00   0.00e+00 (  1.17e+02,  1.59e+02)
55      0.157   3.42e-01   6.74e-01   3.56e-01   2.18e+00   0.00e+00 (  1.04e+02,  1.46e+02)
60      0.137   3.21e-01   6.06e-01   4.03e-01   1.95e+00   0.00e+00 (  8.61e+01,  1.33e+02)
65      0.152   3.50e-01   6.92e-01   4.90e-01   2.24e+00   0.00e+00 (  7.76e+01,  1.21e+02)
70      0.159   3.65e-01   7.41e-01   5.68e-01   2.39e+00   0.00e+00 (  6.80e+01,  1.09e+02)
75      0.156   3.68e-01   7.34e-01   6.00e-01   2.40e+00   0.00e+00 (  6.10e+01,  9.91e+01)
80      0.148   3.66e-01   7.17e-01   6.09e-01   2.40e+00   0.00e+00 (  5.66e+01,  9.04e+01)
85      0.145   3.56e-01   6.76e-01   5.62e-01   2.83e+00   0.00e+00 (  5.20e+01,  8.33e+01)
90      0.157   3.78e-01   5.63e-01   3.81e-01   5.58e+00   0.00e+00 (  4.91e+01,  7.75e+01)
95      0.190   3.91e-01   5.65e-01   3.82e-01   1.19e+01   0.00e+00 (  1.24e+02,  7.24e+01)
 7 e: 1.236e-04 i: 2.893e-04 :: e: 1.387e-01 i: 1.404e-01 :: n: 2.762e+01 e:22.562 i:25.972 v:4.993e+03
>>> tau_he = 5.000000, nhe(0)=2.752879e+00
 5     -0.014   7.03e-03   4.36e-01   5.29e-03  -6.52e-02   0.00e+00 (  3.20e+00,  5.08e+01)
10     -0.122   6.35e-02   1.63e-02  -1.65e-03  -7.31e-01   0.00e+00 (  5.13e+01,  9.36e+01)
15     -0.109   1.02e-01   5.88e-02  -7.29e-03  -7.82e-01   0.00e+00 (  8.85e+01,  1.28e+02)
20      0.064   2.13e-01   2.83e-01   7.64e-02   5.34e-01   0.00e+00 (  1.65e+02,  1.52e+02)
25      0.089   2.24e-01   2.81e-01   1.04e-01   8.30e-01   0.00e+00 (  1.59e+02,  1.71e+02)
30      0.096   2.38e-01   3.07e-01   1.24e-01   9.86e-01   0.00e+00 (  1.56e+02,  1.82e+02)
35      0.100   2.47e-01   3.41e-01   1.35e-01   1.12e+00   0.00e+00 (  1.48e+02,  1.84e+02)
40      0.110   2.69e-01   4.08e-01   1.56e-01   1.32e+00   0.00e+00 (  1.38e+02,  1.80e+02)
45      0.126   2.84e-01   4.65e-01   1.91e-01   1.60e+00   0.00e+00 (  1.23e+02,  1.71e+02)
50      0.148   3.18e-01   5.99e-01   2.51e-01   1.97e+00   0.00e+00 (  1.14e+02,  1.59e+02)
55      0.156   3.40e-01   6.73e-01   3.56e-01   2.16e+00   0.00e+00 (  1.02e+02,  1.46e+02)
60      0.136   3.20e-01   6.06e-01   4.04e-01   1.95e+00   0.00e+00 (  8.50e+01,  1.33e+02)
65      0.152   3.50e-01   6.95e-01   4.92e-01   2.24e+00   0.00e+00 (  7.71e+01,  1.21e+02)
70      0.159   3.65e-01   7.44e-01   5.71e-01   2.39e+00   0.00e+00 (  6.78e+01,  1.09e+02)
75      0.155   3.67e-01   7.35e-01   6.01e-01   2.39e+00   0.00e+00 (  6.08e+01,  9.91e+01)
80      0.147   3.64e-01   7.15e-01   6.07e-01   2.37e+00   0.00e+00 (  5.61e+01,  9.04e+01)
85      0.143   3.53e-01   6.71e-01   5.58e-01   2.79e+00   0.00e+00 (  5.14e+01,  8.33e+01)
90      0.156   3.76e-01   5.59e-01   3.77e-01   5.53e+00   0.00e+00 (  4.87e+01,  7.75e+01)
95      0.190   3.91e-01   5.65e-01   3.82e-01   1.19e+01   0.00e+00 (  1.24e+02,  7.24e+01)
 8 e: 1.196e-04 i: 4.035e-04 :: e: 1.411e-01 i: 1.384e-01 :: n: 2.762e+01 e:22.318 i:25.771 v:4.993e+03
>>> tau_he = 5.000000, nhe(0)=2.734015e+00
 5     -0.014   6.85e-03   4.25e-01   5.27e-03  -6.51e-02   0.00e+00 (  3.15e+00,  5.08e+01)
10     -0.118   6.19e-02   1.55e-02  -1.70e-03  -7.06e-01   0.00e+00 (  4.93e+01,  9.36e+01)
15     -0.102   9.96e-02   5.95e-02  -7.78e-03  -7.29e-01   0.00e+00 (  8.56e+01,  1.28e+02)
20      0.032   1.28e-01   1.11e-01   4.50e-03   2.66e-01   0.00e+00 (  9.70e+01,  1.52e+02)
25      0.041   1.53e-01   1.39e-01   2.88e-02   3.84e-01   0.00e+00 (  1.07e+02,  1.71e+02)
30      0.082   2.31e-01   2.62e-01   9.71e-02   8.41e-01   0.00e+00 (  1.50e+02,  1.82e+02)
35      0.089   2.39e-01   3.13e-01   1.34e-01   9.94e-01   0.00e+00 (  1.42e+02,  1.84e+02)
40      0.107   2.65e-01   4.00e-01   1.55e-01   1.28e+00   0.00e+00 (  1.35e+02,  1.80e+02)
45      0.123   2.79e-01   4.54e-01   1.87e-01   1.55e+00   0.00e+00 (  1.20e+02,  1.71e+02)
50      0.144   3.13e-01   5.83e-01   2.43e-01   1.91e+00   0.00e+00 (  1.11e+02,  1.59e+02)
55      0.153   3.34e-01   6.56e-01   3.46e-01   2.11e+00   0.00e+00 (  9.93e+01,  1.46e+02)
60      0.134   3.15e-01   5.93e-01   3.96e-01   1.92e+00   0.00e+00 (  8.29e+01,  1.33e+02)
65      0.150   3.45e-01   6.82e-01   4.83e-01   2.21e+00   0.00e+00 (  7.55e+01,  1.21e+02)
70      0.158   3.62e-01   7.35e-01   5.64e-01   2.38e+00   0.00e+00 (  6.68e+01,  1.09e+02)
75      0.155   3.64e-01   7.27e-01   5.95e-01   2.38e+00   0.00e+00 (  5.99e+01,  9.91e+01)
80      0.147   3.61e-01   7.08e-01   6.01e-01   2.37e+00   0.00e+00 (  5.52e+01,  9.04e+01)
85      0.143   3.51e-01   6.66e-01   5.54e-01   2.80e+00   0.00e+00 (  5.06e+01,  8.33e+01)
90      0.156   3.76e-01   5.57e-01   3.77e-01   5.53e+00   0.00e+00 (  4.82e+01,  7.75e+01)
95      0.190   3.91e-01   5.65e-01   3.82e-01   1.19e+01   0.00e+00 (  1.23e+02,  7.24e+01)
 9 e: 7.091e-05 i: 1.048e-04 :: e: 1.238e-01 i: 1.142e-01 :: n: 2.762e+01 e:22.071 i:25.491 v:4.993e+03
>>> tau_he = 5.000000, nhe(0)=2.726673e+00
 5     -0.014   6.78e-03   4.24e-01   5.25e-03  -6.48e-02   0.00e+00 (  3.12e+00,  5.08e+01)
10     -0.085   5.82e-02   1.78e-02   8.66e-03  -5.10e-01   0.00e+00 (  4.55e+01,  9.36e+01)
15     -0.103   9.90e-02   6.06e-02  -9.95e-03  -7.37e-01   0.00e+00 (  8.37e+01,  1.28e+02)
20      0.039   1.27e-01   1.12e-01   5.02e-03   3.27e-01   0.00e+00 (  9.59e+01,  1.52e+02)
25      0.042   1.52e-01   1.40e-01   2.94e-02   3.90e-01   0.00e+00 (  1.05e+02,  1.71e+02)
30      0.049   1.82e-01   1.85e-01   4.48e-02   5.09e-01   0.00e+00 (  1.16e+02,  1.82e+02)
35      0.089   2.37e-01   3.12e-01   1.34e-01   9.88e-01   0.00e+00 (  1.38e+02,  1.84e+02)
40      0.107   2.63e-01   4.00e-01   1.57e-01   1.27e+00   0.00e+00 (  1.32e+02,  1.80e+02)
45      0.121   2.77e-01   4.53e-01   1.87e-01   1.54e+00   0.00e+00 (  1.19e+02,  1.71e+02)
50      0.143   3.11e-01   5.83e-01   2.51e-01   1.90e+00   0.00e+00 (  1.10e+02,  1.59e+02)
55      0.152   3.33e-01   6.56e-01   3.46e-01   2.10e+00   0.00e+00 (  9.86e+01,  1.46e+02)
60      0.134   3.15e-01   5.94e-01   3.96e-01   1.91e+00   0.00e+00 (  8.26e+01,  1.33e+02)
65      0.151   3.46e-01   6.86e-01   4.85e-01   2.22e+00   0.00e+00 (  7.56e+01,  1.21e+02)
70      0.159   3.63e-01   7.40e-01   5.68e-01   2.39e+00   0.00e+00 (  6.72e+01,  1.09e+02)
75      0.155   3.65e-01   7.31e-01   5.98e-01   2.39e+00   0.00e+00 (  6.02e+01,  9.91e+01)
80      0.147   3.61e-01   7.10e-01   6.03e-01   2.37e+00   0.00e+00 (  5.54e+01,  9.04e+01)
85      0.143   3.51e-01   6.67e-01   5.54e-01   2.79e+00   0.00e+00 (  5.07e+01,  8.33e+01)
90      0.156   3.75e-01   5.57e-01   3.76e-01   5.52e+00   0.00e+00 (  4.83e+01,  7.75e+01)
95      0.190   3.91e-01   5.65e-01   3.82e-01   1.19e+01   0.00e+00 (  1.23e+02,  7.24e+01)
10 e: 4.134e-05 i: 7.824e-05 :: e: 1.148e-01 i: 1.045e-01 :: n: 2.762e+01 e:21.925 i:25.382 v:4.993e+03
>>> tau_he = 5.000000, nhe(0)=2.726472e+00
 5     -0.014   6.79e-03   4.27e-01   5.27e-03  -6.52e-02   0.00e+00 (  3.14e+00,  5.08e+01)
10     -0.082   5.70e-02   1.73e-02   8.49e-03  -4.88e-01   0.00e+00 (  4.40e+01,  9.36e+01)
15     -0.101   9.55e-02   6.09e-02  -8.67e-03  -7.22e-01   0.00e+00 (  8.02e+01,  1.28e+02)
20      0.039   1.27e-01   1.12e-01   4.97e-03   3.25e-01   0.00e+00 (  9.61e+01,  1.52e+02)
25      0.042   1.52e-01   1.40e-01   2.95e-02   3.88e-01   0.00e+00 (  1.06e+02,  1.71e+02)
30      0.082   2.28e-01   2.61e-01   9.86e-02   8.48e-01   0.00e+00 (  1.46e+02,  1.82e+02)
35      0.087   2.34e-01   3.07e-01   1.33e-01   9.70e-01   0.00e+00 (  1.36e+02,  1.84e+02)
40      0.104   2.60e-01   3.93e-01   1.56e-01   1.24e+00   0.00e+00 (  1.30e+02,  1.80e+02)
45      0.118   2.74e-01   4.45e-01   1.84e-01   1.50e+00   0.00e+00 (  1.16e+02,  1.71e+02)
50      0.139   3.07e-01   5.70e-01   2.44e-01   1.85e+00   0.00e+00 (  1.08e+02,  1.59e+02)
55      0.149   3.29e-01   6.43e-01   3.39e-01   2.07e+00   0.00e+00 (  9.69e+01,  1.46e+02)
60      0.156   3.43e-01   6.81e-01   4.32e-01   2.24e+00   0.00e+00 (  8.96e+01,  1.33e+02)
65      0.150   3.43e-01   6.78e-01   4.80e-01   2.20e+00   0.00e+00 (  7.49e+01,  1.21e+02)
70      0.159   3.62e-01   7.35e-01   5.64e-01   2.39e+00   0.00e+00 (  6.68e+01,  1.09e+02)
75      0.155   3.65e-01   7.29e-01   5.96e-01   2.39e+00   0.00e+00 (  6.01e+01,  9.91e+01)
80      0.147   3.61e-01   7.09e-01   6.02e-01   2.38e+00   0.00e+00 (  5.52e+01,  9.04e+01)
85      0.143   3.51e-01   6.67e-01   5.54e-01   2.80e+00   0.00e+00 (  5.06e+01,  8.33e+01)
90      0.156   3.76e-01   5.59e-01   3.78e-01   5.55e+00   0.00e+00 (  4.83e+01,  7.75e+01)
95      0.190   3.91e-01   5.65e-01   3.82e-01   1.19e+01   0.00e+00 (  1.23e+02,  7.24e+01)
11 e: 3.131e-05 i: 6.210e-05 :: e: 9.782e-02 i: 9.114e-02 :: n: 2.762e+01 e:21.856 i:25.379 v:4.993e+03
>>> tau_he = 5.000000, nhe(0)=2.727318e+00
 5     -0.014   6.81e-03   4.30e-01   5.30e-03  -6.56e-02   0.00e+00 (  3.16e+00,  5.08e+01)
10     -0.090   5.62e-02   1.98e-02   8.94e-03  -5.37e-01   0.00e+00 (  4.30e+01,  9.36e+01)
15     -0.089   9.63e-02   6.25e-02  -8.18e-03  -6.36e-01   0.00e+00 (  8.05e+01,  1.28e+02)
20      0.066   2.03e-01   2.71e-01   7.25e-02   5.49e-01   0.00e+00 (  1.54e+02,  1.52e+02)
25      0.088   2.17e-01   2.76e-01   1.03e-01   8.20e-01   0.00e+00 (  1.52e+02,  1.71e+02)
30      0.083   2.28e-01   2.62e-01   9.93e-02   8.52e-01   0.00e+00 (  1.45e+02,  1.82e+02)
35      0.087   2.34e-01   3.08e-01   1.33e-01   9.69e-01   0.00e+00 (  1.35e+02,  1.84e+02)
40      0.104   2.60e-01   3.94e-01   1.57e-01   1.24e+00   0.00e+00 (  1.30e+02,  1.80e+02)
45      0.118   2.74e-01   4.46e-01   1.84e-01   1.50e+00   0.00e+00 (  1.16e+02,  1.71e+02)
50      0.139   3.08e-01   5.72e-01   2.45e-01   1.85e+00   0.00e+00 (  1.08e+02,  1.59e+02)
55      0.149   3.28e-01   6.45e-01   3.40e-01   2.06e+00   0.00e+00 (  9.68e+01,  1.46e+02)
60      0.154   3.43e-01   6.77e-01   4.26e-01   2.21e+00   0.00e+00 (  8.95e+01,  1.33e+02)
65      0.150   3.45e-01   6.82e-01   4.82e-01   2.21e+00   0.00e+00 (  7.55e+01,  1.21e+02)
70      0.160   3.65e-01   7.42e-01   5.70e-01   2.40e+00   0.00e+00 (  6.77e+01,  1.09e+02)
75      0.156   3.68e-01   7.36e-01   6.02e-01   2.41e+00   0.00e+00 (  6.09e+01,  9.91e+01)
80      0.148   3.64e-01   7.14e-01   6.06e-01   2.39e+00   0.00e+00 (  5.59e+01,  9.04e+01)
85      0.144   3.53e-01   6.70e-01   5.57e-01   2.81e+00   0.00e+00 (  5.12e+01,  8.33e+01)
90      0.157   3.77e-01   5.61e-01   3.79e-01   5.56e+00   0.00e+00 (  4.88e+01,  7.75e+01)
95      0.190   3.91e-01   5.65e-01   3.82e-01   1.19e+01   0.00e+00 (  1.24e+02,  7.24e+01)
12 e: 4.017e-05 i: 2.497e-04 :: e: 9.510e-02 i: 9.133e-02 :: n: 2.762e+01 e:21.865 i:25.391 v:4.993e+03
>>> tau_he = 5.000000, nhe(0)=2.721535e+00
 5     -0.014   6.76e-03   4.27e-01   5.30e-03  -6.59e-02   0.00e+00 (  3.15e+00,  5.08e+01)
10     -0.090   5.63e-02   1.94e-02   8.92e-03  -5.35e-01   0.00e+00 (  4.29e+01,  9.36e+01)
15     -0.086   9.58e-02   6.28e-02  -8.36e-03  -6.15e-01   0.00e+00 (  7.96e+01,  1.28e+02)
20      0.034   1.25e-01   1.09e-01   4.97e-03   2.81e-01   0.00e+00 (  9.32e+01,  1.52e+02)
25      0.041   1.51e-01   1.38e-01   2.93e-02   3.85e-01   0.00e+00 (  1.04e+02,  1.71e+02)
30      0.049   1.80e-01   1.84e-01   4.50e-02   5.09e-01   0.00e+00 (  1.14e+02,  1.82e+02)
35      0.086   2.34e-01   3.05e-01   1.32e-01   9.62e-01   0.00e+00 (  1.35e+02,  1.84e+02)
40      0.102   2.59e-01   3.90e-01   1.56e-01   1.23e+00   0.00e+00 (  1.29e+02,  1.80e+02)
45      0.116   2.76e-01   4.40e-01   1.80e-01   1.47e+00   0.00e+00 (  1.17e+02,  1.71e+02)
50      0.138   3.07e-01   5.65e-01   2.41e-01   1.83e+00   0.00e+00 (  1.07e+02,  1.59e+02)
55      0.148   3.27e-01   6.39e-01   3.36e-01   2.05e+00   0.00e+00 (  9.65e+01,  1.46e+02)
60      0.152   3.41e-01   6.66e-01   4.19e-01   2.18e+00   0.00e+00 (  8.86e+01,  1.33e+02)
65      0.151   3.45e-01   6.79e-01   4.80e-01   2.22e+00   0.00e+00 (  7.56e+01,  1.21e+02)
70      0.161   3.67e-01   7.44e-01   5.71e-01   2.42e+00   0.00e+00 (  6.83e+01,  1.09e+02)
75      0.158   3.70e-01   7.39e-01   6.04e-01   2.43e+00   0.00e+00 (  6.15e+01,  9.91e+01)
80      0.149   3.66e-01   7.17e-01   6.09e-01   2.41e+00   0.00e+00 (  5.64e+01,  9.04e+01)
85      0.145   3.55e-01   6.74e-01   5.60e-01   2.83e+00   0.00e+00 (  5.16e+01,  8.33e+01)
90      0.158   3.79e-01   5.65e-01   3.83e-01   5.60e+00   0.00e+00 (  4.92e+01,  7.75e+01)
95      0.190   3.91e-01   5.65e-01   3.82e-01   1.19e+01   0.00e+00 (  1.24e+02,  7.24e+01)
13 e: 3.668e-05 i: 5.213e-05 :: e: 8.260e-02 i: 7.620e-02 :: n: 2.762e+01 e:21.792 i:25.308 v:4.993e+03
>>> tau_he = 5.000000, nhe(0)=2.724606e+00
 5     -0.014   6.79e-03   4.31e-01   5.32e-03  -6.59e-02   0.00e+00 (  3.17e+00,  5.08e+01)
10     -0.086   5.54e-02   1.92e-02   8.74e-03  -5.15e-01   0.00e+00 (  4.18e+01,  9.36e+01)
15     -0.079   9.50e-02   6.23e-02  -8.60e-03  -5.69e-01   0.00e+00 (  7.83e+01,  1.28e+02)
20      0.035   1.26e-01   1.11e-01   4.85e-03   2.87e-01   0.00e+00 (  9.37e+01,  1.52e+02)
25      0.042   1.52e-01   1.40e-01   2.96e-02   3.94e-01   0.00e+00 (  1.05e+02,  1.71e+02)
30      0.084   2.26e-01   2.63e-01   9.96e-02   8.66e-01   0.00e+00 (  1.44e+02,  1.82e+02)
35      0.086   2.34e-01   3.06e-01   1.32e-01   9.65e-01   0.00e+00 (  1.35e+02,  1.84e+02)
40      0.102   2.60e-01   3.90e-01   1.59e-01   1.22e+00   0.00e+00 (  1.29e+02,  1.80e+02)
45      0.133   2.92e-01   4.95e-01   2.01e-01   1.68e+00   0.00e+00 (  1.24e+02,  1.71e+02)
50      0.138   3.06e-01   5.68e-01   2.42e-01   1.84e+00   0.00e+00 (  1.08e+02,  1.59e+02)
55      0.149   3.29e-01   6.42e-01   3.38e-01   2.06e+00   0.00e+00 (  9.75e+01,  1.46e+02)
60      0.152   3.41e-01   6.67e-01   4.19e-01   2.17e+00   0.00e+00 (  8.91e+01,  1.33e+02)
65      0.152   3.49e-01   6.86e-01   4.85e-01   2.23e+00   0.00e+00 (  7.68e+01,  1.21e+02)
70      0.162   3.71e-01   7.53e-01   5.78e-01   2.44e+00   0.00e+00 (  6.97e+01,  1.09e+02)
75      0.159   3.75e-01   7.48e-01   6.12e-01   2.45e+00   0.00e+00 (  6.28e+01,  9.91e+01)
80      0.150   3.70e-01   7.25e-01   6.16e-01   2.43e+00   0.00e+00 (  5.75e+01,  9.04e+01)
85      0.146   3.58e-01   6.80e-01   5.66e-01   2.85e+00   0.00e+00 (  5.26e+01,  8.33e+01)
90      0.159   3.81e-01   5.69e-01   3.86e-01   5.63e+00   0.00e+00 (  5.00e+01,  7.75e+01)
95      0.190   3.91e-01   5.65e-01   3.82e-01   1.19e+01   0.00e+00 (  1.24e+02,  7.24e+01)
14 e: 2.476e-05 i: 7.214e-05 :: e: 6.498e-02 i: 6.568e-02 :: n: 2.762e+01 e:21.805 i:25.351 v:4.993e+03
>>> tau_he = 5.000000, nhe(0)=2.731195e+00
 5     -0.014   6.86e-03   4.37e-01   5.35e-03  -6.66e-02   0.00e+00 (  3.21e+00,  5.08e+01)
10     -0.084   5.50e-02   1.92e-02   8.67e-03  -5.04e-01   0.00e+00 (  4.12e+01,  9.36e+01)
15     -0.091   9.77e-02   6.80e-02  -1.01e-02  -6.50e-01   0.00e+00 (  8.04e+01,  1.28e+02)
20      0.041   1.27e-01   1.12e-01   4.99e-03   3.37e-01   0.00e+00 (  9.54e+01,  1.52e+02)
25      0.042   1.53e-01   1.42e-01   2.96e-02   3.95e-01   0.00e+00 (  1.07e+02,  1.71e+02)
30      0.050   1.82e-01   1.86e-01   4.50e-02   5.19e-01   0.00e+00 (  1.15e+02,  1.82e+02)
35      0.086   2.34e-01   3.04e-01   1.31e-01   9.58e-01   0.00e+00 (  1.35e+02,  1.84e+02)
40      0.101   2.59e-01   3.87e-01   1.58e-01   1.21e+00   0.00e+00 (  1.29e+02,  1.80e+02)
45      0.130   2.90e-01   4.87e-01   1.98e-01   1.65e+00   0.00e+00 (  1.23e+02,  1.71e+02)
50      0.137   3.06e-01   5.62e-01   2.39e-01   1.82e+00   0.00e+00 (  1.08e+02,  1.59e+02)
55      0.148   3.30e-01   6.38e-01   3.35e-01   2.05e+00   0.00e+00 (  9.78e+01,  1.46e+02)
60      0.151   3.41e-01   6.60e-01   4.15e-01   2.16e+00   0.00e+00 (  8.89e+01,  1.33e+02)
65      0.152   3.50e-01   6.86e-01   4.84e-01   2.24e+00   0.00e+00 (  7.74e+01,  1.21e+02)
70      0.164   3.74e-01   7.57e-01   5.80e-01   2.46e+00   0.00e+00 (  7.05e+01,  1.09e+02)
75      0.161   3.78e-01   7.53e-01   6.16e-01   2.48e+00   0.00e+00 (  6.36e+01,  9.91e+01)
80      0.152   3.73e-01   7.31e-01   6.20e-01   2.45e+00   0.00e+00 (  5.83e+01,  9.04e+01)
85      0.147   3.62e-01   6.86e-01   5.70e-01   2.88e+00   0.00e+00 (  5.33e+01,  8.33e+01)
90      0.160   3.83e-01   5.74e-01   3.91e-01   5.68e+00   0.00e+00 (  5.05e+01,  7.75e+01)
95      0.190   3.91e-01   5.65e-01   3.83e-01   1.19e+01   0.00e+00 (  1.24e+02,  7.24e+01)
15 e: 4.471e-05 i: 5.392e-05 :: e: 5.931e-02 i: 5.935e-02 :: n: 2.762e+01 e:21.838 i:25.447 v:4.993e+03
>>> tau_he = 5.000000, nhe(0)=2.738883e+00
 5     -0.014   6.94e-03   4.44e-01   5.39e-03  -6.73e-02   0.00e+00 (  3.26e+00,  5.08e+01)
10     -0.083   5.49e-02   2.03e-02   7.73e-03  -4.95e-01   0.00e+00 (  4.10e+01,  9.36e+01)
15     -0.090   9.88e-02   6.85e-02  -1.03e-02  -6.46e-01   0.00e+00 (  8.10e+01,  1.28e+02)
20      0.041   1.29e-01   1.14e-01   4.75e-03   3.39e-01   0.00e+00 (  9.73e+01,  1.52e+02)
25      0.090   2.21e-01   2.80e-01   1.04e-01   8.39e-01   0.00e+00 (  1.55e+02,  1.71e+02)
30      0.086   2.29e-01   2.66e-01   1.01e-01   8.81e-01   0.00e+00 (  1.47e+02,  1.82e+02)
35      0.086   2.35e-01   3.06e-01   1.32e-01   9.65e-01   0.00e+00 (  1.36e+02,  1.84e+02)
40      0.101   2.60e-01   3.88e-01   1.59e-01   1.21e+00   0.00e+00 (  1.30e+02,  1.80e+02)
45      0.129   2.91e-01   4.87e-01   1.98e-01   1.64e+00   0.00e+00 (  1.24e+02,  1.71e+02)
50      0.137   3.09e-01   5.64e-01   2.40e-01   1.83e+00   0.00e+00 (  1.09e+02,  1.59e+02)
55      0.149   3.33e-01   6.43e-01   3.37e-01   2.06e+00   0.00e+00 (  9.92e+01,  1.46e+02)
60      0.151   3.43e-01   6.63e-01   4.16e-01   2.16e+00   0.00e+00 (  8.99e+01,  1.33e+02)
65      0.154   3.54e-01   6.94e-01   4.89e-01   2.26e+00   0.00e+00 (  7.89e+01,  1.21e+02)
70      0.165   3.79e-01   7.67e-01   5.87e-01   2.49e+00   0.00e+00 (  7.21e+01,  1.09e+02)
75      0.162   3.83e-01   7.64e-01   6.24e-01   2.50e+00   0.00e+00 (  6.52e+01,  9.91e+01)
80      0.153   3.78e-01   7.40e-01   6.28e-01   2.47e+00   0.00e+00 (  5.97e+01,  9.04e+01)
85      0.148   3.67e-01   6.95e-01   5.81e-01   2.89e+00   0.00e+00 (  5.48e+01,  8.33e+01)
90      0.161   3.86e-01   5.79e-01   3.95e-01   5.72e+00   0.00e+00 (  5.15e+01,  7.75e+01)
95      0.190   3.91e-01   5.65e-01   3.83e-01   1.19e+01   0.00e+00 (  1.24e+02,  7.24e+01)
16 e: 3.192e-05 i: 1.286e-04 :: e: 5.030e-02 i: 5.328e-02 :: n: 2.762e+01 e:21.925 i:25.560 v:4.993e+03
>>> tau_he = 5.000000, nhe(0)=2.743841e+00
 5     -0.014   6.99e-03   4.47e-01   5.41e-03  -6.81e-02   0.00e+00 (  3.30e+00,  5.08e+01)
10     -0.082   5.50e-02   2.04e-02   7.70e-03  -4.92e-01   0.00e+00 (  4.09e+01,  9.36e+01)
15     -0.090   9.97e-02   6.94e-02  -1.07e-02  -6.44e-01   0.00e+00 (  8.17e+01,  1.28e+02)
20      0.069   2.07e-01   2.76e-01   7.33e-02   5.70e-01   0.00e+00 (  1.56e+02,  1.52e+02)
25      0.043   1.54e-01   1.42e-01   2.93e-02   3.98e-01   0.00e+00 (  1.08e+02,  1.71e+02)
30      0.051   1.84e-01   1.87e-01   4.43e-02   5.25e-01   0.00e+00 (  1.18e+02,  1.82e+02)
35      0.086   2.36e-01   3.05e-01   1.31e-01   9.62e-01   0.00e+00 (  1.37e+02,  1.84e+02)
40      0.100   2.61e-01   3.86e-01   1.58e-01   1.20e+00   0.00e+00 (  1.31e+02,  1.80e+02)
45      0.128   2.91e-01   4.82e-01   1.95e-01   1.62e+00   0.00e+00 (  1.24e+02,  1.71e+02)
50      0.137   3.09e-01   5.61e-01   2.38e-01   1.82e+00   0.00e+00 (  1.10e+02,  1.59e+02)
55      0.149   3.34e-01   6.41e-01   3.36e-01   2.06e+00   0.00e+00 (  1.00e+02,  1.46e+02)
60      0.151   3.44e-01   6.60e-01   4.14e-01   2.16e+00   0.00e+00 (  9.05e+01,  1.33e+02)
65      0.155   3.57e-01   6.96e-01   4.90e-01   2.28e+00   0.00e+00 (  7.99e+01,  1.21e+02)
70      0.167   3.82e-01   7.72e-01   5.91e-01   2.52e+00   0.00e+00 (  7.33e+01,  1.09e+02)
75      0.164   3.87e-01   7.71e-01   6.30e-01   2.53e+00   0.00e+00 (  6.63e+01,  9.91e+01)
80      0.155   3.82e-01   7.47e-01   6.34e-01   2.50e+00   0.00e+00 (  6.07e+01,  9.04e+01)
85      0.150   3.71e-01   7.02e-01   5.87e-01   2.93e+00   0.00e+00 (  5.58e+01,  8.33e+01)
90      0.163   3.89e-01   5.85e-01   4.00e-01   5.78e+00   0.00e+00 (  5.23e+01,  7.75e+01)
95      0.190   3.91e-01   5.65e-01   3.83e-01   1.19e+01   0.00e+00 (  1.24e+02,  7.24e+01)
17 e: 9.102e-05 i: 2.977e-04 :: e: 4.874e-02 i: 5.165e-02 :: n: 2.762e+01 e:21.963 i:25.634 v:4.993e+03
>>> tau_he = 5.000000, nhe(0)=2.745415e+00
 5     -0.015   7.02e-03   4.49e-01   5.43e-03  -6.84e-02   0.00e+00 (  3.32e+00,  5.08e+01)
10     -0.082   5.49e-02   2.05e-02   7.67e-03  -4.88e-01   0.00e+00 (  4.08e+01,  9.36e+01)
15     -0.087   9.97e-02   6.92e-02  -1.07e-02  -6.26e-01   0.00e+00 (  8.11e+01,  1.28e+02)
20      0.036   1.28e-01   1.12e-01   4.58e-03   3.00e-01   0.00e+00 (  9.51e+01,  1.52e+02)
25      0.044   1.55e-01   1.43e-01   2.93e-02   4.06e-01   0.00e+00 (  1.09e+02,  1.71e+02)
30      0.087   2.33e-01   2.69e-01   1.01e-01   8.96e-01   0.00e+00 (  1.50e+02,  1.82e+02)
35      0.087   2.38e-01   3.07e-01   1.32e-01   9.72e-01   0.00e+00 (  1.38e+02,  1.84e+02)
40      0.101   2.63e-01   3.87e-01   1.58e-01   1.21e+00   0.00e+00 (  1.32e+02,  1.80e+02)
45      0.128   2.93e-01   4.82e-01   1.96e-01   1.62e+00   0.00e+00 (  1.25e+02,  1.71e+02)
50      0.138   3.12e-01   5.65e-01   2.39e-01   1.83e+00   0.00e+00 (  1.12e+02,  1.59e+02)
55      0.150   3.37e-01   6.47e-01   3.38e-01   2.08e+00   0.00e+00 (  1.02e+02,  1.46e+02)
60      0.152   3.47e-01   6.66e-01   4.17e-01   2.17e+00   0.00e+00 (  9.20e+01,  1.33e+02)
65      0.157   3.61e-01   7.05e-01   4.97e-01   2.30e+00   0.00e+00 (  8.17e+01,  1.21e+02)
70      0.169   3.88e-01   7.83e-01   5.99e-01   2.54e+00   0.00e+00 (  7.51e+01,  1.09e+02)
75      0.166   3.93e-01   7.82e-01   6.39e-01   2.56e+00   0.00e+00 (  6.80e+01,  9.91e+01)
80      0.157   3.87e-01   7.58e-01   6.43e-01   2.53e+00   0.00e+00 (  6.22e+01,  9.04e+01)
85      0.151   3.76e-01   7.11e-01   5.95e-01   2.96e+00   0.00e+00 (  5.71e+01,  8.33e+01)
90      0.164   3.92e-01   5.91e-01   4.05e-01   5.83e+00   0.00e+00 (  5.35e+01,  7.75e+01)
95      0.190   3.91e-01   5.65e-01   3.83e-01   1.19e+01   0.00e+00 (  1.25e+02,  7.24e+01)
18 e: 3.284e-05 i: 7.363e-05 :: e: 3.201e-02 i: 3.493e-02 :: n: 2.762e+01 e:22.001 i:25.658 v:4.993e+03
>>> tau_he = 5.000000, nhe(0)=2.753401e+00
 5     -0.015   7.10e-03   4.56e-01   5.45e-03  -6.88e-02   0.00e+00 (  3.35e+00,  5.08e+01)
10     -0.080   5.45e-02   2.07e-02   7.49e-03  -4.76e-01   0.00e+00 (  4.03e+01,  9.36e+01)
15     -0.086   1.01e-01   6.91e-02  -1.06e-02  -6.17e-01   0.00e+00 (  8.15e+01,  1.28e+02)
20      0.037   1.30e-01   1.13e-01   4.29e-03   3.03e-01   0.00e+00 (  9.66e+01,  1.52e+02)
25      0.044   1.57e-01   1.44e-01   2.93e-02   4.12e-01   0.00e+00 (  1.10e+02,  1.71e+02)
30      0.087   2.33e-01   2.67e-01   9.90e-02   8.92e-01   0.00e+00 (  1.50e+02,  1.82e+02)
35      0.087   2.39e-01   3.06e-01   1.31e-01   9.70e-01   0.00e+00 (  1.39e+02,  1.84e+02)
40      0.099   2.63e-01   3.85e-01   1.59e-01   1.18e+00   0.00e+00 (  1.33e+02,  1.80e+02)
45      0.126   2.93e-01   4.78e-01   1.94e-01   1.60e+00   0.00e+00 (  1.26e+02,  1.71e+02)
50      0.138   3.14e-01   5.62e-01   2.38e-01   1.83e+00   0.00e+00 (  1.13e+02,  1.59e+02)
55      0.150   3.39e-01   6.46e-01   3.38e-01   2.08e+00   0.00e+00 (  1.03e+02,  1.46e+02)
60      0.152   3.49e-01   6.65e-01   4.16e-01   2.17e+00   0.00e+00 (  9.29e+01,  1.33e+02)
65      0.158   3.64e-01   7.08e-01   4.98e-01   2.32e+00   0.00e+00 (  8.29e+01,  1.21e+02)
70      0.171   3.92e-01   7.89e-01   6.03e-01   2.57e+00   0.00e+00 (  7.64e+01,  1.09e+02)
75      0.168   3.97e-01   7.90e-01   6.45e-01   2.59e+00   0.00e+00 (  6.93e+01,  9.91e+01)
80      0.158   3.92e-01   7.66e-01   6.50e-01   2.56e+00   0.00e+00 (  6.35e+01,  9.04e+01)
85      0.153   3.80e-01   7.19e-01   6.01e-01   2.99e+00   0.00e+00 (  5.83e+01,  8.33e+01)
90      0.166   3.96e-01   5.98e-01   4.10e-01   5.90e+00   0.00e+00 (  5.44e+01,  7.75e+01)
95      0.190   3.91e-01   5.65e-01   3.83e-01   1.19e+01   0.00e+00 (  1.25e+02,  7.24e+01)
19 e: 4.919e-05 i: 6.003e-05 :: e: 2.469e-02 i: 2.823e-02 :: n: 2.762e+01 e:22.046 i:25.777 v:4.993e+03
>>> tau_he = 5.000000, nhe(0)=2.761214e+00
 5     -0.015   7.18e-03   4.63e-01   5.49e-03  -6.96e-02   0.00e+00 (  3.40e+00,  5.08e+01)
10     -0.079   5.50e-02   2.10e-02   7.42e-03  -4.72e-01   0.00e+00 (  4.05e+01,  9.36e+01)
15     -0.086   1.02e-01   6.97e-02  -1.08e-02  -6.17e-01   0.00e+00 (  8.24e+01,  1.28e+02)
20      0.043   1.32e-01   1.16e-01   4.39e-03   3.58e-01   0.00e+00 (  9.88e+01,  1.52e+02)
25      0.093   2.27e-01   2.86e-01   1.06e-01   8.66e-01   0.00e+00 (  1.61e+02,  1.71e+02)
30      0.053   1.87e-01   1.90e-01   4.33e-02   5.41e-01   0.00e+00 (  1.20e+02,  1.82e+02)
35      0.087   2.41e-01   3.07e-01   1.31e-01   9.75e-01   0.00e+00 (  1.40e+02,  1.84e+02)
40      0.099   2.65e-01   3.86e-01   1.59e-01   1.18e+00   0.00e+00 (  1.34e+02,  1.80e+02)
45      0.127   2.95e-01   4.79e-01   1.94e-01   1.60e+00   0.00e+00 (  1.27e+02,  1.71e+02)
50      0.138   3.16e-01   5.66e-01   2.39e-01   1.84e+00   0.00e+00 (  1.15e+02,  1.59e+02)
55      0.152   3.43e-01   6.51e-01   3.40e-01   2.10e+00   0.00e+00 (  1.05e+02,  1.46e+02)
60      0.153   3.52e-01   6.70e-01   4.19e-01   2.19e+00   0.00e+00 (  9.45e+01,  1.33e+02)
65      0.159   3.69e-01   7.17e-01   5.04e-01   2.34e+00   0.00e+00 (  8.47e+01,  1.21e+02)
70      0.172   3.97e-01   7.99e-01   6.11e-01   2.60e+00   0.00e+00 (  7.82e+01,  1.09e+02)
75      0.170   4.03e-01   8.00e-01   6.53e-01   2.62e+00   0.00e+00 (  7.10e+01,  9.91e+01)
80      0.160   3.97e-01   7.76e-01   6.58e-01   2.58e+00   0.00e+00 (  6.50e+01,  9.04e+01)
85      0.155   3.85e-01   7.28e-01   6.09e-01   3.02e+00   0.00e+00 (  5.97e+01,  8.33e+01)
90      0.168   3.99e-01   6.04e-01   4.15e-01   5.95e+00   0.00e+00 (  5.56e+01,  7.75e+01)
95      0.190   3.91e-01   5.65e-01   3.84e-01   1.19e+01   0.00e+00 (  1.25e+02,  7.24e+01)
20 e: 3.866e-05 i: 1.242e-04 :: e: 2.450e-02 i: 2.922e-02 :: n: 2.762e+01 e:22.138 i:25.895 v:4.993e+03
>>> tau_he = 5.000000, nhe(0)=2.767784e+00
 5     -0.015   7.25e-03   4.68e-01   5.51e-03  -7.03e-02   0.00e+00 (  3.45e+00,  5.08e+01)
10     -0.078   5.49e-02   2.13e-02   7.39e-03  -4.68e-01   0.00e+00 (  4.04e+01,  9.36e+01)
15     -0.086   1.03e-01   7.06e-02  -1.13e-02  -6.14e-01   0.00e+00 (  8.31e+01,  1.28e+02)
20      0.044   1.33e-01   1.17e-01   4.26e-03   3.61e-01   0.00e+00 (  9.97e+01,  1.52e+02)
25      0.045   1.58e-01   1.44e-01   2.89e-02   4.18e-01   0.00e+00 (  1.11e+02,  1.71e+02)
30      0.088   2.36e-01   2.69e-01   9.84e-02   9.04e-01   0.00e+00 (  1.52e+02,  1.82e+02)
35      0.088   2.42e-01   3.07e-01   1.31e-01   9.79e-01   0.00e+00 (  1.41e+02,  1.84e+02)
40      0.099   2.66e-01   3.85e-01   1.58e-01   1.18e+00   0.00e+00 (  1.35e+02,  1.80e+02)
45      0.126   2.96e-01   4.76e-01   1.93e-01   1.60e+00   0.00e+00 (  1.28e+02,  1.71e+02)
50      0.139   3.18e-01   5.64e-01   2.38e-01   1.84e+00   0.00e+00 (  1.16e+02,  1.59e+02)
55      0.152   3.45e-01   6.52e-01   3.40e-01   2.11e+00   0.00e+00 (  1.06e+02,  1.46e+02)
60      0.153   3.54e-01   6.70e-01   4.18e-01   2.19e+00   0.00e+00 (  9.55e+01,  1.33e+02)
65      0.160   3.72e-01   7.20e-01   5.06e-01   2.36e+00   0.00e+00 (  8.60e+01,  1.21e+02)
70      0.174   4.01e-01   8.05e-01   6.15e-01   2.62e+00   0.00e+00 (  7.95e+01,  1.09e+02)
75      0.172   4.07e-01   8.08e-01   6.59e-01   2.64e+00   0.00e+00 (  7.23e+01,  9.91e+01)
80      0.162   4.01e-01   7.84e-01   6.64e-01   2.61e+00   0.00e+00 (  6.62e+01,  9.04e+01)
85      0.156   3.90e-01   7.35e-01   6.14e-01   3.05e+00   0.00e+00 (  6.09e+01,  8.33e+01)
90      0.169   4.02e-01   6.11e-01   4.20e-01   6.01e+00   0.00e+00 (  5.66e+01,  7.75e+01)
95      0.190   3.91e-01   5.65e-01   3.84e-01   1.19e+01   0.00e+00 (  1.25e+02,  7.24e+01)
21 e: 4.066e-05 i: 5.364e-05 :: e: 1.469e-02 i: 1.841e-02 :: n: 2.762e+01 e:22.193 i:25.995 v:4.993e+03
>>> tau_he = 5.000000, nhe(0)=2.775290e+00
 5     -0.015   7.34e-03   4.74e-01   5.54e-03  -7.09e-02   0.00e+00 (  3.49e+00,  5.08e+01)
10     -0.077   5.46e-02   2.16e-02   7.32e-03  -4.63e-01   0.00e+00 (  4.01e+01,  9.36e+01)
15     -0.086   1.03e-01   7.09e-02  -9.47e-03  -6.14e-01   0.00e+00 (  8.33e+01,  1.28e+02)
20      0.044   1.34e-01   1.19e-01   4.03e-03   3.64e-01   0.00e+00 (  1.01e+02,  1.52e+02)
25      0.046   1.59e-01   1.46e-01   2.90e-02   4.26e-01   0.00e+00 (  1.12e+02,  1.71e+02)
30      0.053   1.89e-01   1.91e-01   4.23e-02   5.48e-01   0.00e+00 (  1.22e+02,  1.82e+02)
35      0.088   2.44e-01   3.08e-01   1.31e-01   9.85e-01   0.00e+00 (  1.42e+02,  1.84e+02)
40      0.099   2.68e-01   3.86e-01   1.58e-01   1.19e+00   0.00e+00 (  1.36e+02,  1.80e+02)
45      0.126   2.98e-01   4.78e-01   1.94e-01   1.60e+00   0.00e+00 (  1.29e+02,  1.71e+02)
50      0.139   3.21e-01   5.68e-01   2.39e-01   1.85e+00   0.00e+00 (  1.17e+02,  1.59e+02)
55      0.153   3.48e-01   6.57e-01   3.42e-01   2.12e+00   0.00e+00 (  1.08e+02,  1.46e+02)
60      0.154   3.57e-01   6.75e-01   4.21e-01   2.21e+00   0.00e+00 (  9.71e+01,  1.33e+02)
65      0.162   3.76e-01   7.28e-01   5.11e-01   2.38e+00   0.00e+00 (  8.77e+01,  1.21e+02)
70      0.176   4.06e-01   8.15e-01   6.22e-01   2.64e+00   0.00e+00 (  8.12e+01,  1.09e+02)
75      0.173   4.12e-01   8.18e-01   6.67e-01   2.67e+00   0.00e+00 (  7.38e+01,  9.91e+01)
80      0.163   4.06e-01   7.93e-01   6.72e-01   2.63e+00   0.00e+00 (  6.77e+01,  9.04e+01)
85      0.158   3.94e-01   7.44e-01   6.21e-01   3.08e+00   0.00e+00 (  6.22e+01,  8.33e+01)
90      0.171   4.05e-01   6.17e-01   4.25e-01   6.07e+00   0.00e+00 (  5.78e+01,  7.75e+01)
95      0.190   3.91e-01   5.65e-01   3.84e-01   1.19e+01   0.00e+00 (  1.25e+02,  7.24e+01)
22 e: 2.719e-05 i: 5.492e-05 :: e: 1.493e-02 i: 1.861e-02 :: n: 2.762e+01 e:22.269 i:26.110 v:4.993e+03
>>> tau_he = 5.000000, nhe(0)=2.784979e+00
 5     -0.015   7.43e-03   4.83e-01   5.64e-03  -7.26e-02   0.00e+00 (  3.54e+00,  5.08e+01)
10     -0.077   5.43e-02   2.21e-02   7.25e-03  -4.58e-01   0.00e+00 (  3.98e+01,  9.36e+01)
15     -0.085   1.05e-01   7.10e-02  -9.47e-03  -6.12e-01   0.00e+00 (  8.44e+01,  1.28e+02)
20      0.044   1.36e-01   1.20e-01   3.78e-03   3.66e-01   0.00e+00 (  1.03e+02,  1.52e+02)
25      0.095   2.32e-01   2.91e-01   1.06e-01   8.85e-01   0.00e+00 (  1.65e+02,  1.71e+02)
30      0.090   2.40e-01   2.73e-01   9.90e-02   9.23e-01   0.00e+00 (  1.55e+02,  1.82e+02)
35      0.088   2.45e-01   3.08e-01   1.31e-01   9.87e-01   0.00e+00 (  1.43e+02,  1.84e+02)
40      0.099   2.69e-01   3.85e-01   1.58e-01   1.19e+00   0.00e+00 (  1.37e+02,  1.80e+02)
45      0.126   2.99e-01   4.76e-01   1.93e-01   1.59e+00   0.00e+00 (  1.30e+02,  1.71e+02)
50      0.140   3.22e-01   5.67e-01   2.38e-01   1.85e+00   0.00e+00 (  1.19e+02,  1.59e+02)
55      0.154   3.50e-01   6.57e-01   3.42e-01   2.13e+00   0.00e+00 (  1.09e+02,  1.46e+02)
60      0.155   3.59e-01   6.76e-01   4.21e-01   2.21e+00   0.00e+00 (  9.81e+01,  1.33e+02)
65      0.163   3.78e-01   7.31e-01   5.13e-01   2.39e+00   0.00e+00 (  8.88e+01,  1.21e+02)
70      0.177   4.09e-01   8.20e-01   6.25e-01   2.66e+00   0.00e+00 (  8.24e+01,  1.09e+02)
75      0.175   4.16e-01   8.24e-01   6.72e-01   2.69e+00   0.00e+00 (  7.50e+01,  9.91e+01)
80      0.164   4.10e-01   8.00e-01   6.78e-01   2.66e+00   0.00e+00 (  6.88e+01,  9.04e+01)
85      0.159   3.98e-01   7.51e-01   6.27e-01   3.11e+00   0.00e+00 (  6.34e+01,  8.33e+01)
90      0.173   4.08e-01   6.23e-01   4.30e-01   6.13e+00   0.00e+00 (  5.87e+01,  7.75e+01)
95      0.190   3.91e-01   5.65e-01   3.84e-01   1.20e+01   0.00e+00 (  1.26e+02,  7.24e+01)
23 e: 4.650e-05 i: 1.313e-04 :: e: 2.302e-02 i: 2.460e-02 :: n: 2.762e+01 e:22.348 i:26.261 v:4.993e+03
>>> tau_he = 5.000000, nhe(0)=2.788754e+00
 5     -0.016   7.47e-03   4.85e-01   5.67e-03  -7.32e-02   0.00e+00 (  3.57e+00,  5.08e+01)
10     -0.077   5.46e-02   2.22e-02   7.30e-03  -4.60e-01   0.00e+00 (  4.00e+01,  9.36e+01)
15     -0.086   1.06e-01   7.23e-02  -1.00e-02  -6.13e-01   0.00e+00 (  8.54e+01,  1.28e+02)
20      0.074   2.21e-01   2.95e-01   7.82e-02   6.15e-01   0.00e+00 (  1.68e+02,  1.52e+02)
25      0.046   1.61e-01   1.46e-01   2.86e-02   4.31e-01   0.00e+00 (  1.13e+02,  1.71e+02)
30      0.054   1.92e-01   1.92e-01   4.13e-02   5.54e-01   0.00e+00 (  1.24e+02,  1.82e+02)
35      0.089   2.47e-01   3.10e-01   1.31e-01   9.94e-01   0.00e+00 (  1.45e+02,  1.84e+02)
40      0.100   2.71e-01   3.87e-01   1.58e-01   1.19e+00   0.00e+00 (  1.39e+02,  1.80e+02)
45      0.127   3.01e-01   4.78e-01   1.94e-01   1.60e+00   0.00e+00 (  1.32e+02,  1.71e+02)
50      0.141   3.25e-01   5.71e-01   2.40e-01   1.87e+00   0.00e+00 (  1.20e+02,  1.59e+02)
55      0.155   3.53e-01   6.62e-01   3.45e-01   2.14e+00   0.00e+00 (  1.11e+02,  1.46e+02)
60      0.156   3.62e-01   6.81e-01   4.24e-01   2.23e+00   0.00e+00 (  9.96e+01,  1.33e+02)
65      0.164   3.82e-01   7.38e-01   5.18e-01   2.41e+00   0.00e+00 (  9.04e+01,  1.21e+02)
70      0.178   4.13e-01   8.28e-01   6.31e-01   2.69e+00   0.00e+00 (  8.38e+01,  1.09e+02)
75      0.176   4.20e-01   8.33e-01   6.79e-01   2.71e+00   0.00e+00 (  7.64e+01,  9.91e+01)
80      0.166   4.14e-01   8.09e-01   6.85e-01   2.68e+00   0.00e+00 (  7.01e+01,  9.04e+01)
85      0.161   4.02e-01   7.59e-01   6.34e-01   3.13e+00   0.00e+00 (  6.46e+01,  8.33e+01)
90      0.174   4.11e-01   6.29e-01   4.34e-01   6.18e+00   0.00e+00 (  5.98e+01,  7.75e+01)
95      0.190   3.91e-01   5.65e-01   3.84e-01   1.20e+01   0.00e+00 (  1.26e+02,  7.24e+01)
24 e: 8.747e-05 i: 3.781e-04 :: e: 3.052e-02 i: 3.308e-02 :: n: 2.762e+01 e:22.414 i:26.320 v:4.993e+03
>>> tau_he = 5.000000, nhe(0)=2.790652e+00
 5     -0.015   8.02e-03   4.86e-01   5.90e-03  -7.20e-02   0.00e+00 (  3.84e+00,  5.08e+01)
10     -0.077   5.45e-02   2.23e-02   7.29e-03  -4.58e-01   0.00e+00 (  3.99e+01,  9.36e+01)
15     -0.083   1.06e-01   7.14e-02  -9.49e-03  -5.95e-01   0.00e+00 (  8.46e+01,  1.28e+02)
20      0.040   1.34e-01   1.16e-01   3.81e-03   3.28e-01   0.00e+00 (  9.98e+01,  1.52e+02)
25      0.047   1.62e-01   1.46e-01   2.84e-02   4.40e-01   0.00e+00 (  1.14e+02,  1.71e+02)
30      0.091   2.43e-01   2.75e-01   9.84e-02   9.39e-01   0.00e+00 (  1.58e+02,  1.82e+02)
35      0.090   2.48e-01   3.10e-01   1.30e-01   1.00e+00   0.00e+00 (  1.46e+02,  1.84e+02)
40      0.100   2.72e-01   3.86e-01   1.57e-01   1.20e+00   0.00e+00 (  1.40e+02,  1.80e+02)
45      0.127   3.02e-01   4.76e-01   1.93e-01   1.60e+00   0.00e+00 (  1.33e+02,  1.71e+02)
50      0.141   3.27e-01   5.71e-01   2.40e-01   1.87e+00   0.00e+00 (  1.21e+02,  1.59e+02)
55      0.156   3.55e-01   6.63e-01   3.45e-01   2.15e+00   0.00e+00 (  1.12e+02,  1.46e+02)
60      0.156   3.64e-01   6.83e-01   4.25e-01   2.24e+00   0.00e+00 (  1.01e+02,  1.33e+02)
65      0.165   3.85e-01   7.42e-01   5.20e-01   2.43e+00   0.00e+00 (  9.15e+01,  1.21e+02)
70      0.180   4.16e-01   8.33e-01   6.35e-01   2.70e+00   0.00e+00 (  8.50e+01,  1.09e+02)
75      0.178   4.24e-01   8.39e-01   6.83e-01   2.73e+00   0.00e+00 (  7.75e+01,  9.91e+01)
80      0.167   4.18e-01   8.15e-01   6.90e-01   2.70e+00   0.00e+00 (  7.12e+01,  9.04e+01)
85      0.162   4.06e-01   7.65e-01   6.40e-01   3.16e+00   0.00e+00 (  6.56e+01,  8.33e+01)
90      0.175   4.14e-01   6.34e-01   4.39e-01   6.23e+00   0.00e+00 (  6.07e+01,  7.75e+01)
95      0.190   3.91e-01   5.65e-01   3.85e-01   1.20e+01   0.00e+00 (  1.26e+02,  7.24e+01)
25 e: 3.132e-05 i: 5.513e-05 :: e: 2.381e-02 i: 2.452e-02 :: n: 2.762e+01 e:22.414 i:26.350 v:4.993e+03
>>> tau_he = 5.000000, nhe(0)=2.796058e+00
 5     -0.016   7.55e-03   4.92e-01   5.69e-03  -7.37e-02   0.00e+00 (  3.61e+00,  5.08e+01)
10     -0.075   5.40e-02   2.26e-02   7.19e-03  -4.51e-01   0.00e+00 (  3.95e+01,  9.36e+01)
15     -0.082   1.06e-01   7.18e-02  -9.63e-03  -5.87e-01   0.00e+00 (  8.49e+01,  1.28e+02)
20      0.047   1.36e-01   1.18e-01   3.93e-03   3.88e-01   0.00e+00 (  1.01e+02,  1.52e+02)
25      0.048   1.63e-01   1.48e-01   2.86e-02   4.46e-01   0.00e+00 (  1.15e+02,  1.71e+02)
30      0.055   1.94e-01   1.94e-01   4.05e-02   5.68e-01   0.00e+00 (  1.26e+02,  1.82e+02)
35      0.090   2.49e-01   3.11e-01   1.31e-01   1.00e+00   0.00e+00 (  1.47e+02,  1.84e+02)
40      0.100   2.74e-01   3.88e-01   1.58e-01   1.20e+00   0.00e+00 (  1.41e+02,  1.80e+02)
45      0.127   3.04e-01   4.78e-01   1.94e-01   1.61e+00   0.00e+00 (  1.34e+02,  1.71e+02)
50      0.142   3.29e-01   5.74e-01   2.41e-01   1.89e+00   0.00e+00 (  1.23e+02,  1.59e+02)
55      0.157   3.58e-01   6.67e-01   3.47e-01   2.17e+00   0.00e+00 (  1.14e+02,  1.46e+02)
60      0.157   3.67e-01   6.87e-01   4.27e-01   2.25e+00   0.00e+00 (  1.02e+02,  1.33e+02)
65      0.166   3.88e-01   7.48e-01   5.24e-01   2.44e+00   0.00e+00 (  9.29e+01,  1.21e+02)
70      0.181   4.20e-01   8.40e-01   6.40e-01   2.72e+00   0.00e+00 (  8.63e+01,  1.09e+02)
75      0.179   4.27e-01   8.46e-01   6.89e-01   2.75e+00   0.00e+00 (  7.87e+01,  9.91e+01)
80      0.168   4.22e-01   8.23e-01   6.96e-01   2.72e+00   0.00e+00 (  7.23e+01,  9.04e+01)
85      0.163   4.09e-01   7.72e-01   6.45e-01   3.18e+00   0.00e+00 (  6.67e+01,  8.33e+01)
90      0.177   4.16e-01   6.39e-01   4.42e-01   6.27e+00   0.00e+00 (  6.17e+01,  7.75e+01)
95      0.190   3.91e-01   5.65e-01   3.85e-01   1.20e+01   0.00e+00 (  1.26e+02,  7.24e+01)
26 e: 1.562e-05 i: 4.492e-05 :: e: 2.458e-02 i: 2.672e-02 :: n: 2.762e+01 e:22.472 i:26.435 v:4.993e+03
>>> tau_he = 5.000000, nhe(0)=2.804546e+00
 5     -0.015   8.18e-03   5.00e-01   5.95e-03  -7.29e-02   0.00e+00 (  3.92e+00,  5.08e+01)
10     -0.075   5.44e-02   2.32e-02   7.15e-03  -4.49e-01   0.00e+00 (  3.97e+01,  9.36e+01)
15     -0.082   1.07e-01   7.18e-02  -9.57e-03  -5.85e-01   0.00e+00 (  8.55e+01,  1.28e+02)
20      0.047   1.38e-01   1.20e-01   3.66e-03   3.90e-01   0.00e+00 (  1.03e+02,  1.52e+02)
25      0.048   1.64e-01   1.50e-01   2.86e-02   4.52e-01   0.00e+00 (  1.17e+02,  1.71e+02)
30      0.093   2.46e-01   2.77e-01   9.88e-02   9.53e-01   0.00e+00 (  1.60e+02,  1.82e+02)
35      0.090   2.50e-01   3.11e-01   1.30e-01   1.01e+00   0.00e+00 (  1.47e+02,  1.84e+02)
40      0.100   2.74e-01   3.87e-01   1.57e-01   1.20e+00   0.00e+00 (  1.42e+02,  1.80e+02)
45      0.127   3.04e-01   4.77e-01   1.93e-01   1.61e+00   0.00e+00 (  1.35e+02,  1.71e+02)
50      0.142   3.31e-01   5.73e-01   2.40e-01   1.89e+00   0.00e+00 (  1.24e+02,  1.59e+02)
55      0.157   3.59e-01   6.67e-01   3.47e-01   2.17e+00   0.00e+00 (  1.15e+02,  1.46e+02)
60      0.157   3.68e-01   6.88e-01   4.27e-01   2.25e+00   0.00e+00 (  1.03e+02,  1.33e+02)
65      0.167   3.90e-01   7.50e-01   5.25e-01   2.45e+00   0.00e+00 (  9.36e+01,  1.21e+02)
70      0.182   4.22e-01   8.43e-01   6.42e-01   2.74e+00   0.00e+00 (  8.71e+01,  1.09e+02)
75      0.180   4.30e-01   8.51e-01   6.93e-01   2.77e+00   0.00e+00 (  7.95e+01,  9.91e+01)
80      0.169   4.25e-01   8.28e-01   7.00e-01   2.73e+00   0.00e+00 (  7.31e+01,  9.04e+01)
85      0.164   4.12e-01   7.77e-01   6.50e-01   3.21e+00   0.00e+00 (  6.75e+01,  8.33e+01)
90      0.178   4.19e-01   6.44e-01   4.46e-01   6.31e+00   0.00e+00 (  6.25e+01,  7.75e+01)
95      0.190   3.91e-01   5.65e-01   3.85e-01   1.20e+01   0.00e+00 (  1.26e+02,  7.24e+01)
27 e: 2.545e-05 i: 4.867e-05 :: e: 2.616e-02 i: 2.617e-02 :: n: 2.762e+01 e:22.526 i:26.570 v:4.993e+03
>>> tau_he = 5.000000, nhe(0)=2.810592e+00
 5     -0.016   8.27e-03   5.05e-01   5.98e-03  -7.36e-02   0.00e+00 (  3.96e+00,  5.08e+01)
10     -0.075   5.44e-02   2.35e-02   7.16e-03  -4.49e-01   0.00e+00 (  3.98e+01,  9.36e+01)
15     -0.082   1.08e-01   7.26e-02  -9.82e-03  -5.87e-01   0.00e+00 (  8.65e+01,  1.28e+02)
20      0.047   1.39e-01   1.22e-01   3.39e-03   3.90e-01   0.00e+00 (  1.05e+02,  1.52e+02)
25      0.099   2.40e-01   3.00e-01   1.10e-01   9.27e-01   0.00e+00 (  1.72e+02,  1.71e+02)
30      0.093   2.46e-01   2.77e-01   9.80e-02   9.53e-01   0.00e+00 (  1.61e+02,  1.82e+02)
35      0.091   2.51e-01   3.12e-01   1.31e-01   1.01e+00   0.00e+00 (  1.48e+02,  1.84e+02)
40      0.101   2.76e-01   3.89e-01   1.57e-01   1.21e+00   0.00e+00 (  1.43e+02,  1.80e+02)
45      0.128   3.06e-01   4.79e-01   1.94e-01   1.62e+00   0.00e+00 (  1.36e+02,  1.71e+02)
50      0.143   3.33e-01   5.76e-01   2.42e-01   1.90e+00   0.00e+00 (  1.25e+02,  1.59e+02)
55      0.158   3.62e-01   6.71e-01   3.49e-01   2.18e+00   0.00e+00 (  1.16e+02,  1.46e+02)
60      0.158   3.70e-01   6.92e-01   4.30e-01   2.26e+00   0.00e+00 (  1.04e+02,  1.33e+02)
65      0.168   3.92e-01   7.55e-01   5.28e-01   2.46e+00   0.00e+00 (  9.47e+01,  1.21e+02)
70      0.183   4.25e-01   8.49e-01   6.46e-01   2.75e+00   0.00e+00 (  8.81e+01,  1.09e+02)
75      0.181   4.33e-01   8.56e-01   6.97e-01   2.78e+00   0.00e+00 (  8.05e+01,  9.91e+01)
80      0.170   4.27e-01   8.33e-01   7.05e-01   2.75e+00   0.00e+00 (  7.40e+01,  9.04e+01)
85      0.165   4.15e-01   7.83e-01   6.54e-01   3.22e+00   0.00e+00 (  6.84e+01,  8.33e+01)
90      0.179   4.21e-01   6.48e-01   4.49e-01   6.35e+00   0.00e+00 (  6.33e+01,  7.75e+01)
95      0.190   3.91e-01   5.65e-01   3.85e-01   1.20e+01   0.00e+00 (  1.27e+02,  7.24e+01)
28 e: 3.613e-05 i: 1.568e-04 :: e: 3.418e-02 i: 3.417e-02 :: n: 2.762e+01 e:22.603 i:26.668 v:4.993e+03
>>> tau_he = 5.000000, nhe(0)=2.812753e+00
 5     -0.016   8.30e-03   5.06e-01   5.99e-03  -7.40e-02   0.00e+00 (  3.99e+00,  5.08e+01)
10     -0.074   5.73e-02   2.29e-02   7.34e-03  -4.43e-01   0.00e+00 (  4.19e+01,  9.36e+01)
15     -0.082   1.09e-01   7.35e-02  -1.05e-02  -5.85e-01   0.00e+00 (  8.70e+01,  1.28e+02)
20      0.047   1.40e-01   1.23e-01   3.34e-03   3.91e-01   0.00e+00 (  1.05e+02,  1.52e+02)
25      0.049   1.64e-01   1.48e-01   2.83e-02   4.53e-01   0.00e+00 (  1.16e+02,  1.71e+02)
30      0.055   1.97e-01   1.93e-01   3.96e-02   5.68e-01   0.00e+00 (  1.28e+02,  1.82e+02)
35      0.091   2.52e-01   3.11e-01   1.30e-01   1.01e+00   0.00e+00 (  1.49e+02,  1.84e+02)
40      0.101   2.76e-01   3.88e-01   1.57e-01   1.21e+00   0.00e+00 (  1.44e+02,  1.80e+02)
45      0.128   3.07e-01   4.78e-01   1.94e-01   1.62e+00   0.00e+00 (  1.37e+02,  1.71e+02)
50      0.143   3.34e-01   5.76e-01   2.42e-01   1.90e+00   0.00e+00 (  1.26e+02,  1.59e+02)
55      0.158   3.63e-01   6.72e-01   3.49e-01   2.19e+00   0.00e+00 (  1.17e+02,  1.46e+02)
60      0.159   3.72e-01   6.92e-01   4.30e-01   2.27e+00   0.00e+00 (  1.05e+02,  1.33e+02)
65      0.168   3.94e-01   7.57e-01   5.29e-01   2.47e+00   0.00e+00 (  9.54e+01,  1.21e+02)
70      0.183   4.27e-01   8.52e-01   6.48e-01   2.76e+00   0.00e+00 (  8.88e+01,  1.09e+02)
75      0.181   4.35e-01   8.60e-01   7.00e-01   2.80e+00   0.00e+00 (  8.11e+01,  9.91e+01)
80      0.171   4.30e-01   8.37e-01   7.08e-01   2.76e+00   0.00e+00 (  7.47e+01,  9.04e+01)
85      0.166   4.17e-01   7.87e-01   6.58e-01   3.24e+00   0.00e+00 (  6.91e+01,  8.33e+01)
90      0.180   4.23e-01   6.51e-01   4.52e-01   6.38e+00   0.00e+00 (  6.39e+01,  7.75e+01)
95      0.190   3.91e-01   5.66e-01   3.85e-01   1.20e+01   0.00e+00 (  1.27e+02,  7.24e+01)
29 e: 1.276e-05 i: 3.201e-05 :: e: 2.749e-02 i: 2.808e-02 :: n: 2.762e+01 e:22.609 i:26.703 v:4.993e+03
>>> tau_he = 5.000000, nhe(0)=2.817690e+00
 5     -0.016   8.36e-03   5.11e-01   6.01e-03  -7.43e-02   0.00e+00 (  4.02e+00,  5.08e+01)
10     -0.075   5.76e-02   2.32e-02   7.37e-03  -4.49e-01   0.00e+00 (  4.21e+01,  9.36e+01)
15     -0.083   1.11e-01   7.36e-02  -1.02e-02  -5.94e-01   0.00e+00 (  8.82e+01,  1.28e+02)
20      0.048   1.41e-01   1.24e-01   3.21e-03   3.95e-01   0.00e+00 (  1.06e+02,  1.52e+02)
25      0.049   1.65e-01   1.50e-01   2.84e-02   4.61e-01   0.00e+00 (  1.17e+02,  1.71e+02)
30      0.057   1.98e-01   1.95e-01   3.93e-02   5.81e-01   0.00e+00 (  1.29e+02,  1.82e+02)
35      0.091   2.53e-01   3.12e-01   1.31e-01   1.02e+00   0.00e+00 (  1.49e+02,  1.84e+02)
40      0.102   2.77e-01   3.89e-01   1.57e-01   1.22e+00   0.00e+00 (  1.44e+02,  1.80e+02)
45      0.128   3.08e-01   4.80e-01   1.95e-01   1.63e+00   0.00e+00 (  1.37e+02,  1.71e+02)
50      0.144   3.35e-01   5.79e-01   2.43e-01   1.91e+00   0.00e+00 (  1.27e+02,  1.59e+02)
55      0.159   3.65e-01   6.75e-01   3.51e-01   2.20e+00   0.00e+00 (  1.18e+02,  1.46e+02)
60      0.134   3.41e-01   5.99e-01   3.96e-01   1.92e+00   0.00e+00 (  9.62e+01,  1.33e+02)
65      0.169   3.96e-01   7.61e-01   5.32e-01   2.48e+00   0.00e+00 (  9.62e+01,  1.21e+02)
70      0.184   4.29e-01   8.56e-01   6.51e-01   2.77e+00   0.00e+00 (  8.96e+01,  1.09e+02)
75      0.182   4.37e-01   8.64e-01   7.03e-01   2.80e+00   0.00e+00 (  8.19e+01,  9.91e+01)
80      0.171   4.32e-01   8.42e-01   7.12e-01   2.77e+00   0.00e+00 (  7.54e+01,  9.04e+01)
85      0.167   4.20e-01   7.91e-01   6.61e-01   3.25e+00   0.00e+00 (  6.98e+01,  8.33e+01)
90      0.181   4.24e-01   6.54e-01   4.54e-01   6.41e+00   0.00e+00 (  6.46e+01,  7.75e+01)
95      0.190   3.91e-01   5.66e-01   3.85e-01   1.20e+01   0.00e+00 (  1.27e+02,  7.24e+01)
30 e: 1.407e-05 i: 4.130e-05 :: e: 2.770e-02 i: 3.212e-02 :: n: 2.762e+01 e:22.644 i:26.783 v:4.993e+03
>>> tau_he = 5.000000, nhe(0)=2.823992e+00
 5     -0.016   8.45e-03   5.18e-01   6.03e-03  -7.49e-02   0.00e+00 (  4.07e+00,  5.08e+01)
10     -0.074   5.74e-02   2.37e-02   7.34e-03  -4.45e-01   0.00e+00 (  4.18e+01,  9.36e+01)
15     -0.082   1.11e-01   7.37e-02  -1.04e-02  -5.90e-01   0.00e+00 (  8.86e+01,  1.28e+02)
20      0.048   1.42e-01   1.25e-01   3.04e-03   3.95e-01   0.00e+00 (  1.07e+02,  1.52e+02)
25      0.100   2.42e-01   3.01e-01   1.09e-01   9.33e-01   0.00e+00 (  1.73e+02,  1.71e+02)
30      0.094   2.52e-01   2.80e-01   9.89e-02   9.72e-01   0.00e+00 (  1.65e+02,  1.82e+02)
35      0.091   2.53e-01   3.12e-01   1.30e-01   1.02e+00   0.00e+00 (  1.50e+02,  1.84e+02)
40      0.101   2.77e-01   3.88e-01   1.57e-01   1.21e+00   0.00e+00 (  1.44e+02,  1.80e+02)
45      0.128   3.08e-01   4.78e-01   1.94e-01   1.62e+00   0.00e+00 (  1.37e+02,  1.71e+02)
50      0.143   3.35e-01   5.76e-01   2.41e-01   1.91e+00   0.00e+00 (  1.27e+02,  1.59e+02)
55      0.159   3.65e-01   6.74e-01   3.50e-01   2.20e+00   0.00e+00 (  1.18e+02,  1.46e+02)
60      0.136   3.43e-01   6.04e-01   3.98e-01   1.94e+00   0.00e+00 (  9.73e+01,  1.33e+02)
65      0.169   3.97e-01   7.62e-01   5.33e-01   2.49e+00   0.00e+00 (  9.66e+01,  1.21e+02)
70      0.184   4.30e-01   8.56e-01   6.51e-01   2.77e+00   0.00e+00 (  8.97e+01,  1.09e+02)
75      0.182   4.38e-01   8.65e-01   7.04e-01   2.81e+00   0.00e+00 (  8.21e+01,  9.91e+01)
80      0.172   4.33e-01   8.43e-01   7.13e-01   2.78e+00   0.00e+00 (  7.57e+01,  9.04e+01)
85      0.167   4.21e-01   7.94e-01   6.63e-01   3.27e+00   0.00e+00 (  7.01e+01,  8.33e+01)
90      0.181   4.26e-01   6.57e-01   4.56e-01   6.43e+00   0.00e+00 (  6.50e+01,  7.75e+01)
95      0.190   3.90e-01   5.66e-01   3.85e-01   1.20e+01   0.00e+00 (  1.27e+02,  7.24e+01)
31 e: 3.427e-05 i: 1.483e-04 :: e: 3.426e-02 i: 3.598e-02 :: n: 2.762e+01 e:22.688 i:26.886 v:4.993e+03
>>> tau_he = 5.000000, nhe(0)=2.824224e+00
 5     -0.016   8.46e-03   5.17e-01   6.04e-03  -7.53e-02   0.00e+00 (  4.09e+00,  5.08e+01)
10     -0.075   5.77e-02   2.36e-02   7.39e-03  -4.47e-01   0.00e+00 (  4.21e+01,  9.36e+01)
15     -0.082   1.12e-01   7.49e-02  -1.10e-02  -5.89e-01   0.00e+00 (  8.93e+01,  1.28e+02)
20      0.079   2.31e-01   3.09e-01   8.10e-02   6.52e-01   0.00e+00 (  1.75e+02,  1.52e+02)
25      0.049   1.66e-01   1.49e-01   2.82e-02   4.61e-01   0.00e+00 (  1.17e+02,  1.71e+02)
30      0.057   1.99e-01   1.95e-01   3.87e-02   5.82e-01   0.00e+00 (  1.30e+02,  1.82e+02)
35      0.098   2.58e-01   3.33e-01   1.34e-01   1.09e+00   0.00e+00 (  1.53e+02,  1.84e+02)
40      0.102   2.79e-01   3.90e-01   1.57e-01   1.22e+00   0.00e+00 (  1.45e+02,  1.80e+02)
45      0.129   3.09e-01   4.80e-01   1.95e-01   1.63e+00   0.00e+00 (  1.38e+02,  1.71e+02)
50      0.144   3.37e-01   5.79e-01   2.42e-01   1.92e+00   0.00e+00 (  1.28e+02,  1.59e+02)
55      0.160   3.67e-01   6.78e-01   3.52e-01   2.22e+00   0.00e+00 (  1.19e+02,  1.46e+02)
60      0.137   3.47e-01   6.11e-01   4.03e-01   1.96e+00   0.00e+00 (  9.89e+01,  1.33e+02)
65      0.170   3.99e-01   7.67e-01   5.36e-01   2.50e+00   0.00e+00 (  9.74e+01,  1.21e+02)
70      0.184   4.31e-01   8.59e-01   6.53e-01   2.78e+00   0.00e+00 (  9.03e+01,  1.09e+02)
75      0.183   4.39e-01   8.68e-01   7.06e-01   2.81e+00   0.00e+00 (  8.26e+01,  9.91e+01)
80      0.172   4.34e-01   8.46e-01   7.15e-01   2.78e+00   0.00e+00 (  7.61e+01,  9.04e+01)
85      0.168   4.22e-01   7.96e-01   6.65e-01   3.27e+00   0.00e+00 (  7.06e+01,  8.33e+01)
90      0.182   4.27e-01   6.59e-01   4.58e-01   6.45e+00   0.00e+00 (  6.54e+01,  7.75e+01)
95      0.190   3.91e-01   5.66e-01   3.85e-01   1.20e+01   0.00e+00 (  1.27e+02,  7.24e+01)
32 e: 8.571e-05 i: 4.409e-04 :: e: 3.735e-02 i: 4.210e-02 :: n: 2.762e+01 e:22.707 i:26.890 v:4.993e+03
>>> tau_he = 5.000000, nhe(0)=2.822054e+00
 5     -0.016   8.44e-03   5.16e-01   6.04e-03  -7.53e-02   0.00e+00 (  4.08e+00,  5.08e+01)
10     -0.075   5.76e-02   2.35e-02   7.38e-03  -4.46e-01   0.00e+00 (  4.20e+01,  9.36e+01)
15     -0.080   1.11e-01   7.38e-02  -1.03e-02  -5.71e-01   0.00e+00 (  8.78e+01,  1.28e+02)
20      0.050   1.39e-01   1.20e-01   3.76e-03   4.11e-01   0.00e+00 (  1.03e+02,  1.52e+02)
25      0.050   1.66e-01   1.49e-01   2.80e-02   4.68e-01   0.00e+00 (  1.17e+02,  1.71e+02)
30      0.095   2.53e-01   2.81e-01   9.81e-02   9.80e-01   0.00e+00 (  1.65e+02,  1.82e+02)
35      0.098   2.58e-01   3.32e-01   1.34e-01   1.09e+00   0.00e+00 (  1.53e+02,  1.84e+02)
40      0.102   2.79e-01   3.89e-01   1.56e-01   1.22e+00   0.00e+00 (  1.45e+02,  1.80e+02)
45      0.129   3.10e-01   4.79e-01   1.94e-01   1.63e+00   0.00e+00 (  1.39e+02,  1.71e+02)
50      0.144   3.37e-01   5.78e-01   2.42e-01   1.92e+00   0.00e+00 (  1.28e+02,  1.59e+02)
55      0.161   3.68e-01   6.79e-01   3.52e-01   2.22e+00   0.00e+00 (  1.20e+02,  1.46e+02)
60      0.139   3.49e-01   6.15e-01   4.05e-01   1.98e+00   0.00e+00 (  1.00e+02,  1.33e+02)
65      0.170   4.00e-01   7.68e-01   5.37e-01   2.51e+00   0.00e+00 (  9.79e+01,  1.21e+02)
70      0.185   4.32e-01   8.60e-01   6.54e-01   2.78e+00   0.00e+00 (  9.05e+01,  1.09e+02)
75      0.183   4.40e-01   8.69e-01   7.07e-01   2.82e+00   0.00e+00 (  8.28e+01,  9.91e+01)
80      0.173   4.35e-01   8.47e-01   7.16e-01   2.79e+00   0.00e+00 (  7.63e+01,  9.04e+01)
85      0.168   4.23e-01   7.98e-01   6.67e-01   3.28e+00   0.00e+00 (  7.08e+01,  8.33e+01)
90      0.182   4.27e-01   6.61e-01   4.59e-01   6.47e+00   0.00e+00 (  6.57e+01,  7.75e+01)
95      0.190   3.91e-01   5.66e-01   3.86e-01   1.20e+01   0.00e+00 (  1.27e+02,  7.24e+01)
33 e: 1.753e-05 i: 5.539e-05 :: e: 2.795e-02 i: 2.988e-02 :: n: 2.762e+01 e:22.665 i:26.855 v:4.993e+03
>>> tau_he = 5.000000, nhe(0)=2.823867e+00
 5     -0.016   8.46e-03   5.18e-01   6.04e-03  -7.52e-02   0.00e+00 (  4.08e+00,  5.08e+01)
10     -0.073   5.65e-02   2.37e-02   7.28e-03  -4.39e-01   0.00e+00 (  4.10e+01,  9.36e+01)
15     -0.078   1.12e-01   7.40e-02  -1.04e-02  -5.61e-01   0.00e+00 (  8.78e+01,  1.28e+02)
20      0.050   1.40e-01   1.21e-01   3.51e-03   4.14e-01   0.00e+00 (  1.04e+02,  1.52e+02)
25      0.051   1.67e-01   1.51e-01   2.83e-02   4.73e-01   0.00e+00 (  1.18e+02,  1.71e+02)
30      0.058   2.00e-01   1.96e-01   3.86e-02   5.92e-01   0.00e+00 (  1.30e+02,  1.82e+02)
35      0.091   2.55e-01   3.12e-01   1.30e-01   1.02e+00   0.00e+00 (  1.50e+02,  1.84e+02)
40      0.102   2.79e-01   3.90e-01   1.57e-01   1.22e+00   0.00e+00 (  1.46e+02,  1.80e+02)
45      0.129   3.11e-01   4.80e-01   1.95e-01   1.63e+00   0.00e+00 (  1.39e+02,  1.71e+02)
50      0.145   3.38e-01   5.80e-01   2.43e-01   1.92e+00   0.00e+00 (  1.29e+02,  1.59e+02)
55      0.161   3.70e-01   6.82e-01   3.54e-01   2.23e+00   0.00e+00 (  1.20e+02,  1.46e+02)
60      0.140   3.51e-01   6.21e-01   4.08e-01   2.00e+00   0.00e+00 (  1.01e+02,  1.33e+02)
65      0.171   4.02e-01   7.72e-01   5.40e-01   2.51e+00   0.00e+00 (  9.86e+01,  1.21e+02)
70      0.185   4.33e-01   8.63e-01   6.56e-01   2.78e+00   0.00e+00 (  9.10e+01,  1.09e+02)
75      0.183   4.41e-01   8.72e-01   7.09e-01   2.82e+00   0.00e+00 (  8.32e+01,  9.91e+01)
80      0.173   4.36e-01   8.50e-01   7.18e-01   2.79e+00   0.00e+00 (  7.67e+01,  9.04e+01)
85      0.168   4.24e-01   8.00e-01   6.68e-01   3.28e+00   0.00e+00 (  7.12e+01,  8.33e+01)
90      0.182   4.28e-01   6.62e-01   4.60e-01   6.48e+00   0.00e+00 (  6.61e+01,  7.75e+01)
95      0.190   3.91e-01   5.66e-01   3.86e-01   1.20e+01   0.00e+00 (  1.27e+02,  7.24e+01)
34 e: 7.709e-06 i: 2.930e-05 :: e: 2.417e-02 i: 2.672e-02 :: n: 2.762e+01 e:22.677 i:26.884 v:4.993e+03
>>> tau_he = 5.000000, nhe(0)=2.828911e+00
 5     -0.016   8.52e-03   5.24e-01   6.05e-03  -7.56e-02   0.00e+00 (  4.11e+00,  5.08e+01)
10     -0.073   5.60e-02   2.37e-02   6.81e-03  -4.36e-01   0.00e+00 (  4.06e+01,  9.36e+01)
15     -0.078   1.12e-01   7.38e-02  -1.03e-02  -5.60e-01   0.00e+00 (  8.80e+01,  1.28e+02)
20      0.050   1.41e-01   1.22e-01   3.31e-03   4.13e-01   0.00e+00 (  1.05e+02,  1.52e+02)
25      0.051   1.67e-01   1.52e-01   2.83e-02   4.75e-01   0.00e+00 (  1.19e+02,  1.71e+02)
30      0.096   2.53e-01   2.81e-01   9.83e-02   9.86e-01   0.00e+00 (  1.66e+02,  1.82e+02)
35      0.092   2.55e-01   3.11e-01   1.30e-01   1.02e+00   0.00e+00 (  1.50e+02,  1.84e+02)
40      0.102   2.79e-01   3.89e-01   1.56e-01   1.22e+00   0.00e+00 (  1.46e+02,  1.80e+02)
45      0.129   3.10e-01   4.79e-01   1.94e-01   1.63e+00   0.00e+00 (  1.39e+02,  1.71e+02)
50      0.144   3.38e-01   5.78e-01   2.42e-01   1.92e+00   0.00e+00 (  1.29e+02,  1.59e+02)
55      0.161   3.70e-01   6.81e-01   3.53e-01   2.23e+00   0.00e+00 (  1.20e+02,  1.46e+02)
60      0.141   3.52e-01   6.22e-01   4.09e-01   2.01e+00   0.00e+00 (  1.02e+02,  1.33e+02)
65      0.171   4.02e-01   7.71e-01   5.39e-01   2.52e+00   0.00e+00 (  9.86e+01,  1.21e+02)
70      0.185   4.33e-01   8.62e-01   6.55e-01   2.78e+00   0.00e+00 (  9.10e+01,  1.09e+02)
75      0.183   4.41e-01   8.72e-01   7.09e-01   2.82e+00   0.00e+00 (  8.32e+01,  9.91e+01)
80      0.173   4.36e-01   8.50e-01   7.19e-01   2.79e+00   0.00e+00 (  7.67e+01,  9.04e+01)
85      0.169   4.25e-01   8.01e-01   6.69e-01   3.29e+00   0.00e+00 (  7.13e+01,  8.33e+01)
90      0.183   4.29e-01   6.63e-01   4.61e-01   6.49e+00   0.00e+00 (  6.62e+01,  7.75e+01)
95      0.190   3.91e-01   5.66e-01   3.86e-01   1.20e+01   0.00e+00 (  1.27e+02,  7.24e+01)
35 e: 1.459e-05 i: 4.154e-05 :: e: 2.333e-02 i: 2.442e-02 :: n: 2.762e+01 e:22.694 i:26.967 v:4.993e+03
>>> tau_he = 5.000000, nhe(0)=2.832059e+00
 5     -0.016   8.57e-03   5.27e-01   6.07e-03  -7.60e-02   0.00e+00 (  4.14e+00,  5.08e+01)
10     -0.073   5.60e-02   2.37e-02   6.68e-03  -4.37e-01   0.00e+00 (  4.07e+01,  9.36e+01)
15     -0.078   1.13e-01   7.43e-02  -1.05e-02  -5.62e-01   0.00e+00 (  8.87e+01,  1.28e+02)
20      0.050   1.42e-01   1.24e-01   3.08e-03   4.11e-01   0.00e+00 (  1.07e+02,  1.52e+02)
25      0.103   2.45e-01   3.05e-01   1.11e-01   9.56e-01   0.00e+00 (  1.75e+02,  1.71e+02)
30      0.095   2.53e-01   2.80e-01   9.74e-02   9.81e-01   0.00e+00 (  1.65e+02,  1.82e+02)
35      0.098   2.59e-01   3.32e-01   1.34e-01   1.09e+00   0.00e+00 (  1.53e+02,  1.84e+02)
40      0.102   2.80e-01   3.90e-01   1.56e-01   1.22e+00   0.00e+00 (  1.46e+02,  1.80e+02)
45      0.129   3.11e-01   4.81e-01   1.95e-01   1.64e+00   0.00e+00 (  1.40e+02,  1.71e+02)
50      0.145   3.39e-01   5.80e-01   2.43e-01   1.93e+00   0.00e+00 (  1.29e+02,  1.59e+02)
55      0.162   3.71e-01   6.83e-01   3.54e-01   2.24e+00   0.00e+00 (  1.21e+02,  1.46e+02)
60      0.141   3.54e-01   6.27e-01   4.12e-01   2.02e+00   0.00e+00 (  1.03e+02,  1.33e+02)
65      0.171   4.03e-01   7.74e-01   5.41e-01   2.52e+00   0.00e+00 (  9.90e+01,  1.21e+02)
70      0.185   4.34e-01   8.64e-01   6.57e-01   2.79e+00   0.00e+00 (  9.13e+01,  1.09e+02)
75      0.183   4.42e-01   8.73e-01   7.10e-01   2.82e+00   0.00e+00 (  8.35e+01,  9.91e+01)
80      0.173   4.37e-01   8.51e-01   7.20e-01   2.79e+00   0.00e+00 (  7.69e+01,  9.04e+01)
85      0.169   4.25e-01   8.02e-01   6.70e-01   3.29e+00   0.00e+00 (  7.15e+01,  8.33e+01)
90      0.183   4.29e-01   6.64e-01   4.62e-01   6.49e+00   0.00e+00 (  6.65e+01,  7.75e+01)
95      0.190   3.91e-01   5.66e-01   3.86e-01   1.20e+01   0.00e+00 (  1.27e+02,  7.24e+01)
36 e: 3.451e-05 i: 1.520e-04 :: e: 2.908e-02 i: 3.119e-02 :: n: 2.762e+01 e:22.736 i:27.019 v:4.993e+03
>>> tau_he = 5.000000, nhe(0)=2.831297e+00
 5     -0.016   8.57e-03   5.25e-01   6.07e-03  -7.62e-02   0.00e+00 (  4.15e+00,  5.08e+01)
10     -0.074   5.69e-02   2.37e-02   6.87e-03  -4.41e-01   0.00e+00 (  4.14e+01,  9.36e+01)
15     -0.078   1.13e-01   7.53e-02  -1.12e-02  -5.61e-01   0.00e+00 (  8.91e+01,  1.28e+02)
20      0.050   1.42e-01   1.25e-01   3.07e-03   4.10e-01   0.00e+00 (  1.07e+02,  1.52e+02)
25      0.051   1.67e-01   1.50e-01   2.81e-02   4.72e-01   0.00e+00 (  1.18e+02,  1.71e+02)
30      0.057   1.99e-01   1.95e-01   3.85e-02   5.87e-01   0.00e+00 (  1.29e+02,  1.82e+02)
35      0.097   2.59e-01   3.31e-01   1.33e-01   1.09e+00   0.00e+00 (  1.53e+02,  1.84e+02)
40      0.103   2.80e-01   3.89e-01   1.56e-01   1.23e+00   0.00e+00 (  1.47e+02,  1.80e+02)
45      0.129   3.11e-01   4.80e-01   1.95e-01   1.64e+00   0.00e+00 (  1.40e+02,  1.71e+02)
50      0.145   3.39e-01   5.79e-01   2.42e-01   1.93e+00   0.00e+00 (  1.29e+02,  1.59e+02)
55      0.162   3.71e-01   6.83e-01   3.54e-01   2.24e+00   0.00e+00 (  1.21e+02,  1.46e+02)
60      0.142   3.55e-01   6.28e-01   4.13e-01   2.03e+00   0.00e+00 (  1.03e+02,  1.33e+02)
65      0.171   4.03e-01   7.74e-01   5.41e-01   2.52e+00   0.00e+00 (  9.91e+01,  1.21e+02)
70      0.185   4.34e-01   8.63e-01   6.56e-01   2.79e+00   0.00e+00 (  9.13e+01,  1.09e+02)
75      0.183   4.42e-01   8.73e-01   7.10e-01   2.83e+00   0.00e+00 (  8.35e+01,  9.91e+01)
80      0.173   4.37e-01   8.51e-01   7.20e-01   2.80e+00   0.00e+00 (  7.70e+01,  9.04e+01)
85      0.169   4.26e-01   8.02e-01   6.70e-01   3.30e+00   0.00e+00 (  7.15e+01,  8.33e+01)
90      0.183   4.30e-01   6.65e-01   4.62e-01   6.50e+00   0.00e+00 (  6.66e+01,  7.75e+01)
95      0.191   3.91e-01   5.66e-01   3.86e-01   1.20e+01   0.00e+00 (  1.27e+02,  7.24e+01)
37 e: 6.462e-06 i: 2.998e-05 :: e: 2.141e-02 i: 2.349e-02 :: n: 2.762e+01 e:22.713 i:27.007 v:4.993e+03
>>> tau_he = 5.000000, nhe(0)=2.833564e+00
 5     -0.016   8.59e-03   5.28e-01   6.08e-03  -7.63e-02   0.00e+00 (  4.16e+00,  5.08e+01)
10     -0.073   5.59e-02   2.37e-02   6.55e-03  -4.37e-01   0.00e+00 (  4.06e+01,  9.36e+01)
15     -0.078   1.13e-01   7.50e-02  -1.09e-02  -5.57e-01   0.00e+00 (  8.90e+01,  1.28e+02)
20      0.050   1.43e-01   1.26e-01   2.99e-03   4.13e-01   0.00e+00 (  1.07e+02,  1.52e+02)
25      0.051   1.67e-01   1.52e-01   2.83e-02   4.78e-01   0.00e+00 (  1.18e+02,  1.71e+02)
30      0.058   2.00e-01   1.96e-01   3.84e-02   5.98e-01   0.00e+00 (  1.30e+02,  1.82e+02)
35      0.091   2.55e-01   3.11e-01   1.29e-01   1.02e+00   0.00e+00 (  1.50e+02,  1.84e+02)
40      0.103   2.80e-01   3.90e-01   1.56e-01   1.23e+00   0.00e+00 (  1.46e+02,  1.80e+02)
45      0.130   3.11e-01   4.81e-01   1.95e-01   1.64e+00   0.00e+00 (  1.40e+02,  1.71e+02)
50      0.145   3.40e-01   5.81e-01   2.43e-01   1.93e+00   0.00e+00 (  1.30e+02,  1.59e+02)
55      0.162   3.72e-01   6.85e-01   3.55e-01   2.24e+00   0.00e+00 (  1.22e+02,  1.46e+02)
60      0.143   3.56e-01   6.31e-01   4.15e-01   2.04e+00   0.00e+00 (  1.04e+02,  1.33e+02)
65      0.172   4.03e-01   7.76e-01   5.42e-01   2.52e+00   0.00e+00 (  9.94e+01,  1.21e+02)
70      0.185   4.34e-01   8.65e-01   6.57e-01   2.79e+00   0.00e+00 (  9.15e+01,  1.09e+02)
75      0.183   4.42e-01   8.74e-01   7.11e-01   2.83e+00   0.00e+00 (  8.37e+01,  9.91e+01)
80      0.173   4.38e-01   8.52e-01   7.21e-01   2.80e+00   0.00e+00 (  7.71e+01,  9.04e+01)
85      0.169   4.26e-01   8.03e-01   6.71e-01   3.30e+00   0.00e+00 (  7.17e+01,  8.33e+01)
90      0.183   4.30e-01   6.65e-01   4.63e-01   6.50e+00   0.00e+00 (  6.67e+01,  7.75e+01)
95      0.190   3.91e-01   5.66e-01   3.86e-01   1.20e+01   0.00e+00 (  1.27e+02,  7.24e+01)
38 e: 9.995e-06 i: 2.546e-05 :: e: 1.903e-02 i: 2.100e-02 :: n: 2.762e+01 e:22.720 i:27.044 v:4.993e+03
>>> tau_he = 5.000000, nhe(0)=2.837469e+00
 5     -0.016   8.65e-03   5.33e-01   6.09e-03  -7.66e-02   0.00e+00 (  4.19e+00,  5.08e+01)
10     -0.073   5.56e-02   2.37e-02   6.23e-03  -4.36e-01   0.00e+00 (  4.03e+01,  9.36e+01)
15     -0.078   1.13e-01   7.49e-02  -1.08e-02  -5.56e-01   0.00e+00 (  8.92e+01,  1.28e+02)
20      0.050   1.44e-01   1.26e-01   2.87e-03   4.12e-01   0.00e+00 (  1.08e+02,  1.52e+02)
25      0.102   2.45e-01   3.04e-01   1.10e-01   9.53e-01   0.00e+00 (  1.74e+02,  1.71e+02)
30      0.096   2.54e-01   2.82e-01   9.85e-02   9.92e-01   0.00e+00 (  1.66e+02,  1.82e+02)
35      0.092   2.55e-01   3.11e-01   1.29e-01   1.02e+00   0.00e+00 (  1.50e+02,  1.84e+02)
40      0.102   2.80e-01   3.89e-01   1.56e-01   1.22e+00   0.00e+00 (  1.46e+02,  1.80e+02)
45      0.129   3.11e-01   4.80e-01   1.95e-01   1.64e+00   0.00e+00 (  1.39e+02,  1.71e+02)
50      0.145   3.39e-01   5.79e-01   2.42e-01   1.93e+00   0.00e+00 (  1.29e+02,  1.59e+02)
55      0.162   3.71e-01   6.83e-01   3.54e-01   2.24e+00   0.00e+00 (  1.21e+02,  1.46e+02)
60      0.143   3.56e-01   6.31e-01   4.14e-01   2.05e+00   0.00e+00 (  1.04e+02,  1.33e+02)
65      0.171   4.03e-01   7.74e-01   5.41e-01   2.52e+00   0.00e+00 (  9.91e+01,  1.21e+02)
70      0.185   4.34e-01   8.63e-01   6.56e-01   2.78e+00   0.00e+00 (  9.13e+01,  1.09e+02)
75      0.183   4.42e-01   8.73e-01   7.10e-01   2.82e+00   0.00e+00 (  8.35e+01,  9.91e+01)
80      0.173   4.37e-01   8.52e-01   7.20e-01   2.80e+00   0.00e+00 (  7.70e+01,  9.04e+01)
85      0.169   4.26e-01   8.03e-01   6.71e-01   3.30e+00   0.00e+00 (  7.16e+01,  8.33e+01)
90      0.183   4.30e-01   6.65e-01   4.63e-01   6.51e+00   0.00e+00 (  6.67e+01,  7.75e+01)
95      0.191   3.91e-01   5.66e-01   3.86e-01   1.20e+01   0.00e+00 (  1.27e+02,  7.24e+01)
39 e: 3.015e-05 i: 1.513e-04 :: e: 2.420e-02 i: 2.514e-02 :: n: 2.762e+01 e:22.741 i:27.109 v:4.993e+03
>>> tau_he = 5.000000, nhe(0)=2.835714e+00
 5     -0.016   8.63e-03   5.30e-01   6.09e-03  -7.67e-02   0.00e+00 (  4.19e+00,  5.08e+01)
10     -0.074   5.67e-02   2.37e-02   6.54e-03  -4.41e-01   0.00e+00 (  4.13e+01,  9.36e+01)
15     -0.078   1.14e-01   7.61e-02  -1.16e-02  -5.57e-01   0.00e+00 (  8.97e+01,  1.28e+02)
20      0.081   2.34e-01   3.12e-01   8.13e-02   6.70e-01   0.00e+00 (  1.76e+02,  1.52e+02)
25      0.051   1.67e-01   1.50e-01   2.80e-02   4.73e-01   0.00e+00 (  1.17e+02,  1.71e+02)
30      0.058   2.00e-01   1.96e-01   3.82e-02   5.95e-01   0.00e+00 (  1.30e+02,  1.82e+02)
35      0.098   2.59e-01   3.32e-01   1.34e-01   1.09e+00   0.00e+00 (  1.53e+02,  1.84e+02)
40      0.103   2.80e-01   3.91e-01   1.56e-01   1.23e+00   0.00e+00 (  1.47e+02,  1.80e+02)
45      0.130   3.12e-01   4.81e-01   1.95e-01   1.64e+00   0.00e+00 (  1.40e+02,  1.71e+02)
50      0.145   3.40e-01   5.81e-01   2.43e-01   1.93e+00   0.00e+00 (  1.30e+02,  1.59e+02)
55      0.162   3.72e-01   6.85e-01   3.55e-01   2.25e+00   0.00e+00 (  1.22e+02,  1.46e+02)
60      0.144   3.57e-01   6.34e-01   4.16e-01   2.05e+00   0.00e+00 (  1.04e+02,  1.33e+02)
65      0.171   4.03e-01   7.75e-01   5.42e-01   2.52e+00   0.00e+00 (  9.93e+01,  1.21e+02)
70      0.185   4.34e-01   8.64e-01   6.57e-01   2.79e+00   0.00e+00 (  9.14e+01,  1.09e+02)
75      0.183   4.42e-01   8.74e-01   7.10e-01   2.82e+00   0.00e+00 (  8.36e+01,  9.91e+01)
80      0.173   4.37e-01   8.52e-01   7.20e-01   2.80e+00   0.00e+00 (  7.70e+01,  9.04e+01)
85      0.169   4.26e-01   8.03e-01   6.71e-01   3.30e+00   0.00e+00 (  7.16e+01,  8.33e+01)
90      0.183   4.30e-01   6.66e-01   4.63e-01   6.51e+00   0.00e+00 (  6.68e+01,  7.75e+01)
95      0.191   3.91e-01   5.66e-01   3.86e-01   1.20e+01   0.00e+00 (  1.27e+02,  7.24e+01)
40 e: 8.477e-05 i: 4.500e-04 :: e: 2.847e-02 i: 3.111e-02 :: n: 2.762e+01 e:22.739 i:27.080 v:4.993e+03
>>> tau_he = 5.000000, nhe(0)=2.831574e+00
 5     -0.016   8.58e-03   5.27e-01   6.08e-03  -7.65e-02   0.00e+00 (  4.16e+00,  5.08e+01)
10     -0.074   5.68e-02   2.36e-02   6.74e-03  -4.41e-01   0.00e+00 (  4.13e+01,  9.36e+01)
15     -0.076   1.13e-01   7.48e-02  -1.09e-02  -5.41e-01   0.00e+00 (  8.81e+01,  1.28e+02)
20      0.051   1.40e-01   1.21e-01   3.66e-03   4.23e-01   0.00e+00 (  1.03e+02,  1.52e+02)
25      0.051   1.67e-01   1.50e-01   2.79e-02   4.79e-01   0.00e+00 (  1.17e+02,  1.71e+02)
30      0.097   2.54e-01   2.82e-01   9.79e-02   9.95e-01   0.00e+00 (  1.66e+02,  1.82e+02)
35      0.098   2.59e-01   3.31e-01   1.33e-01   1.09e+00   0.00e+00 (  1.53e+02,  1.84e+02)
40      0.103   2.80e-01   3.90e-01   1.56e-01   1.23e+00   0.00e+00 (  1.46e+02,  1.80e+02)
45      0.130   3.11e-01   4.81e-01   1.95e-01   1.64e+00   0.00e+00 (  1.40e+02,  1.71e+02)
50      0.145   3.39e-01   5.80e-01   2.43e-01   1.93e+00   0.00e+00 (  1.30e+02,  1.59e+02)
55      0.162   3.72e-01   6.84e-01   3.55e-01   2.25e+00   0.00e+00 (  1.21e+02,  1.46e+02)
60      0.144   3.57e-01   6.34e-01   4.16e-01   2.06e+00   0.00e+00 (  1.04e+02,  1.33e+02)
65      0.171   4.03e-01   7.75e-01   5.42e-01   2.52e+00   0.00e+00 (  9.92e+01,  1.21e+02)
70      0.185   4.34e-01   8.63e-01   6.56e-01   2.78e+00   0.00e+00 (  9.13e+01,  1.09e+02)
75      0.183   4.42e-01   8.73e-01   7.10e-01   2.82e+00   0.00e+00 (  8.35e+01,  9.91e+01)
80      0.173   4.37e-01   8.51e-01   7.20e-01   2.80e+00   0.00e+00 (  7.69e+01,  9.04e+01)
85      0.169   4.26e-01   8.03e-01   6.71e-01   3.30e+00   0.00e+00 (  7.16e+01,  8.33e+01)
90      0.183   4.30e-01   6.66e-01   4.63e-01   6.51e+00   0.00e+00 (  6.68e+01,  7.75e+01)
95      0.191   3.91e-01   5.66e-01   3.86e-01   1.20e+01   0.00e+00 (  1.27e+02,  7.24e+01)
41 e: 1.264e-05 i: 4.976e-05 :: e: 1.879e-02 i: 1.925e-02 :: n: 2.762e+01 e:22.681 i:27.012 v:4.993e+03
>>> tau_he = 5.000000, nhe(0)=2.831766e+00
 5     -0.016   8.57e-03   5.28e-01   6.07e-03  -7.63e-02   0.00e+00 (  4.15e+00,  5.08e+01)
10     -0.073   5.63e-02   2.36e-02   6.50e-03  -4.36e-01   0.00e+00 (  4.08e+01,  9.36e+01)
15     -0.075   1.13e-01   7.49e-02  -1.10e-02  -5.34e-01   0.00e+00 (  8.80e+01,  1.28e+02)
20      0.051   1.40e-01   1.22e-01   3.44e-03   4.25e-01   0.00e+00 (  1.04e+02,  1.52e+02)
25      0.052   1.67e-01   1.51e-01   2.82e-02   4.82e-01   0.00e+00 (  1.18e+02,  1.71e+02)
30      0.059   2.00e-01   1.97e-01   3.73e-02   6.04e-01   0.00e+00 (  1.30e+02,  1.82e+02)
35      0.092   2.55e-01   3.11e-01   1.29e-01   1.02e+00   0.00e+00 (  1.50e+02,  1.84e+02)
40      0.103   2.80e-01   3.91e-01   1.56e-01   1.23e+00   0.00e+00 (  1.47e+02,  1.80e+02)
45      0.130   3.12e-01   4.82e-01   1.96e-01   1.65e+00   0.00e+00 (  1.40e+02,  1.71e+02)
50      0.146   3.40e-01   5.82e-01   2.44e-01   1.94e+00   0.00e+00 (  1.30e+02,  1.59e+02)
55      0.163   3.72e-01   6.86e-01   3.56e-01   2.25e+00   0.00e+00 (  1.22e+02,  1.46e+02)
60      0.144   3.58e-01   6.36e-01   4.17e-01   2.06e+00   0.00e+00 (  1.04e+02,  1.33e+02)
65      0.171   4.03e-01   7.76e-01   5.42e-01   2.52e+00   0.00e+00 (  9.94e+01,  1.21e+02)
70      0.185   4.34e-01   8.64e-01   6.57e-01   2.78e+00   0.00e+00 (  9.14e+01,  1.09e+02)
75      0.183   4.42e-01   8.73e-01   7.10e-01   2.82e+00   0.00e+00 (  8.35e+01,  9.91e+01)
80      0.173   4.37e-01   8.52e-01   7.20e-01   2.79e+00   0.00e+00 (  7.70e+01,  9.04e+01)
85      0.169   4.26e-01   8.03e-01   6.71e-01   3.29e+00   0.00e+00 (  7.16e+01,  8.33e+01)
90      0.183   4.30e-01   6.66e-01   4.63e-01   6.51e+00   0.00e+00 (  6.68e+01,  7.75e+01)
95      0.190   3.91e-01   5.66e-01   3.86e-01   1.20e+01   0.00e+00 (  1.28e+02,  7.24e+01)
42 e: 7.846e-06 i: 2.330e-05 :: e: 1.614e-02 i: 1.735e-02 :: n: 2.762e+01 e:22.677 i:27.015 v:4.993e+03
>>> tau_he = 5.000000, nhe(0)=2.835241e+00
 5     -0.016   8.62e-03   5.32e-01   6.08e-03  -7.65e-02   0.00e+00 (  4.17e+00,  5.08e+01)
10     -0.073   5.58e-02   2.36e-02   6.14e-03  -4.34e-01   0.00e+00 (  4.05e+01,  9.36e+01)
15     -0.075   1.13e-01   7.46e-02  -1.08e-02  -5.34e-01   0.00e+00 (  8.81e+01,  1.28e+02)
20      0.051   1.41e-01   1.23e-01   3.25e-03   4.23e-01   0.00e+00 (  1.05e+02,  1.52e+02)
25      0.052   1.68e-01   1.52e-01   2.82e-02   4.83e-01   0.00e+00 (  1.19e+02,  1.71e+02)
30      0.097   2.54e-01   2.82e-01   9.84e-02   9.96e-01   0.00e+00 (  1.66e+02,  1.82e+02)
35      0.092   2.55e-01   3.11e-01   1.29e-01   1.02e+00   0.00e+00 (  1.50e+02,  1.84e+02)
40      0.103   2.80e-01   3.89e-01   1.56e-01   1.23e+00   0.00e+00 (  1.46e+02,  1.80e+02)
45      0.130   3.11e-01   4.80e-01   1.95e-01   1.64e+00   0.00e+00 (  1.40e+02,  1.71e+02)
50      0.145   3.39e-01   5.80e-01   2.43e-01   1.93e+00   0.00e+00 (  1.29e+02,  1.59e+02)
55      0.162   3.71e-01   6.84e-01   3.54e-01   2.24e+00   0.00e+00 (  1.21e+02,  1.46e+02)
60      0.144   3.57e-01   6.35e-01   4.17e-01   2.06e+00   0.00e+00 (  1.04e+02,  1.33e+02)
65      0.171   4.03e-01   7.74e-01   5.41e-01   2.52e+00   0.00e+00 (  9.91e+01,  1.21e+02)
70      0.185   4.33e-01   8.62e-01   6.55e-01   2.78e+00   0.00e+00 (  9.11e+01,  1.09e+02)
75      0.183   4.41e-01   8.72e-01   7.09e-01   2.82e+00   0.00e+00 (  8.33e+01,  9.91e+01)
80      0.173   4.37e-01   8.51e-01   7.19e-01   2.79e+00   0.00e+00 (  7.68e+01,  9.04e+01)
85      0.169   4.25e-01   8.02e-01   6.70e-01   3.30e+00   0.00e+00 (  7.15e+01,  8.33e+01)
90      0.183   4.30e-01   6.66e-01   4.63e-01   6.51e+00   0.00e+00 (  6.68e+01,  7.75e+01)
95      0.191   3.91e-01   5.66e-01   3.86e-01   1.20e+01   0.00e+00 (  1.27e+02,  7.24e+01)
43 e: 1.255e-05 i: 3.774e-05 :: e: 1.453e-02 i: 1.539e-02 :: n: 2.762e+01 e:22.682 i:27.072 v:4.993e+03
>>> tau_he = 5.000000, nhe(0)=2.837147e+00
 5     -0.016   8.65e-03   5.34e-01   6.09e-03  -7.68e-02   0.00e+00 (  4.19e+00,  5.08e+01)
10     -0.073   5.59e-02   2.36e-02   6.08e-03  -4.35e-01   0.00e+00 (  4.06e+01,  9.36e+01)
15     -0.075   1.13e-01   7.51e-02  -1.10e-02  -5.39e-01   0.00e+00 (  8.86e+01,  1.28e+02)
20      0.051   1.42e-01   1.25e-01   3.04e-03   4.20e-01   0.00e+00 (  1.06e+02,  1.52e+02)
25      0.103   2.45e-01   3.05e-01   1.11e-01   9.63e-01   0.00e+00 (  1.75e+02,  1.71e+02)
30      0.096   2.52e-01   2.81e-01   9.65e-02   9.91e-01   0.00e+00 (  1.64e+02,  1.82e+02)
35      0.092   2.55e-01   3.11e-01   1.30e-01   1.03e+00   0.00e+00 (  1.50e+02,  1.84e+02)
40      0.103   2.80e-01   3.91e-01   1.56e-01   1.23e+00   0.00e+00 (  1.46e+02,  1.80e+02)
45      0.130   3.11e-01   4.82e-01   1.96e-01   1.65e+00   0.00e+00 (  1.40e+02,  1.71e+02)
50      0.146   3.39e-01   5.82e-01   2.43e-01   1.93e+00   0.00e+00 (  1.29e+02,  1.59e+02)
55      0.162   3.72e-01   6.85e-01   3.55e-01   2.25e+00   0.00e+00 (  1.21e+02,  1.46e+02)
60      0.144   3.57e-01   6.36e-01   4.14e-01   2.07e+00   0.00e+00 (  1.04e+02,  1.33e+02)
65      0.171   4.03e-01   7.75e-01   5.42e-01   2.52e+00   0.00e+00 (  9.91e+01,  1.21e+02)
70      0.185   4.33e-01   8.63e-01   6.56e-01   2.78e+00   0.00e+00 (  9.11e+01,  1.09e+02)
75      0.183   4.41e-01   8.72e-01   7.09e-01   2.82e+00   0.00e+00 (  8.33e+01,  9.91e+01)
80      0.173   4.37e-01   8.51e-01   7.19e-01   2.79e+00   0.00e+00 (  7.68e+01,  9.04e+01)
85      0.169   4.25e-01   8.02e-01   6.70e-01   3.29e+00   0.00e+00 (  7.14e+01,  8.33e+01)
90      0.183   4.30e-01   6.65e-01   4.63e-01   6.50e+00   0.00e+00 (  6.68e+01,  7.75e+01)
95      0.190   3.91e-01   5.66e-01   3.86e-01   1.20e+01   0.00e+00 (  1.27e+02,  7.24e+01)
44 e: 3.603e-05 i: 1.648e-04 :: e: 1.945e-02 i: 2.093e-02 :: n: 2.762e+01 e:22.712 i:27.104 v:4.993e+03
>>> tau_he = 5.000000, nhe(0)=2.835424e+00
 5     -0.016   8.63e-03   5.31e-01   6.09e-03  -7.69e-02   0.00e+00 (  4.19e+00,  5.08e+01)
10     -0.073   5.64e-02   2.36e-02   6.32e-03  -4.39e-01   0.00e+00 (  4.10e+01,  9.36e+01)
15     -0.075   1.14e-01   7.59e-02  -1.16e-02  -5.39e-01   0.00e+00 (  8.89e+01,  1.28e+02)
20      0.050   1.42e-01   1.25e-01   3.05e-03   4.17e-01   0.00e+00 (  1.06e+02,  1.52e+02)
25      0.051   1.66e-01   1.50e-01   2.81e-02   4.77e-01   0.00e+00 (  1.17e+02,  1.71e+02)
30      0.058   1.99e-01   1.95e-01   3.74e-02   5.95e-01   0.00e+00 (  1.28e+02,  1.82e+02)
35      0.098   2.59e-01   3.31e-01   1.33e-01   1.09e+00   0.00e+00 (  1.52e+02,  1.84e+02)
40      0.103   2.80e-01   3.90e-01   1.56e-01   1.24e+00   0.00e+00 (  1.47e+02,  1.80e+02)
45      0.130   3.11e-01   4.81e-01   1.95e-01   1.65e+00   0.00e+00 (  1.40e+02,  1.71e+02)
50      0.146   3.39e-01   5.81e-01   2.43e-01   1.93e+00   0.00e+00 (  1.29e+02,  1.59e+02)
55      0.162   3.71e-01   6.84e-01   3.55e-01   2.25e+00   0.00e+00 (  1.21e+02,  1.46e+02)
60      0.144   3.57e-01   6.35e-01   4.14e-01   2.07e+00   0.00e+00 (  1.04e+02,  1.33e+02)
65      0.171   4.02e-01   7.73e-01   5.41e-01   2.52e+00   0.00e+00 (  9.89e+01,  1.21e+02)
70      0.185   4.33e-01   8.62e-01   6.55e-01   2.78e+00   0.00e+00 (  9.10e+01,  1.09e+02)
75      0.183   4.41e-01   8.71e-01   7.08e-01   2.82e+00   0.00e+00 (  8.31e+01,  9.91e+01)
80      0.173   4.36e-01   8.50e-01   7.18e-01   2.79e+00   0.00e+00 (  7.66e+01,  9.04e+01)
85      0.169   4.25e-01   8.02e-01   6.69e-01   3.29e+00   0.00e+00 (  7.13e+01,  8.33e+01)
90      0.183   4.30e-01   6.65e-01   4.62e-01   6.50e+00   0.00e+00 (  6.67e+01,  7.75e+01)
95      0.191   3.91e-01   5.66e-01   3.86e-01   1.20e+01   0.00e+00 (  1.27e+02,  7.24e+01)
45 e: 5.642e-06 i: 2.849e-05 :: e: 1.379e-02 i: 1.491e-02 :: n: 2.762e+01 e:22.683 i:27.076 v:4.993e+03
>>> tau_he = 5.000000, nhe(0)=2.836855e+00
 5     -0.016   8.65e-03   5.33e-01   6.09e-03  -7.69e-02   0.00e+00 (  4.19e+00,  5.08e+01)
10     -0.073   5.60e-02   2.36e-02   6.08e-03  -4.36e-01   0.00e+00 (  4.06e+01,  9.36e+01)
15     -0.075   1.14e-01   7.56e-02  -1.13e-02  -5.37e-01   0.00e+00 (  8.88e+01,  1.28e+02)
20      0.051   1.43e-01   1.26e-01   2.98e-03   4.19e-01   0.00e+00 (  1.07e+02,  1.52e+02)
25      0.052   1.67e-01   1.52e-01   2.82e-02   4.81e-01   0.00e+00 (  1.18e+02,  1.71e+02)
30      0.059   2.00e-01   1.96e-01   3.74e-02   6.05e-01   0.00e+00 (  1.30e+02,  1.82e+02)
35      0.092   2.55e-01   3.11e-01   1.29e-01   1.03e+00   0.00e+00 (  1.50e+02,  1.84e+02)
40      0.103   2.80e-01   3.91e-01   1.56e-01   1.23e+00   0.00e+00 (  1.46e+02,  1.80e+02)
45      0.130   3.11e-01   4.82e-01   1.96e-01   1.65e+00   0.00e+00 (  1.40e+02,  1.71e+02)
50      0.146   3.39e-01   5.82e-01   2.44e-01   1.94e+00   0.00e+00 (  1.29e+02,  1.59e+02)
55      0.162   3.72e-01   6.85e-01   3.55e-01   2.25e+00   0.00e+00 (  1.21e+02,  1.46e+02)
60      0.145   3.57e-01   6.37e-01   4.15e-01   2.07e+00   0.00e+00 (  1.04e+02,  1.33e+02)
65      0.171   4.02e-01   7.74e-01   5.41e-01   2.52e+00   0.00e+00 (  9.90e+01,  1.21e+02)
70      0.184   4.33e-01   8.62e-01   6.55e-01   2.78e+00   0.00e+00 (  9.10e+01,  1.09e+02)
75      0.183   4.41e-01   8.71e-01   7.08e-01   2.82e+00   0.00e+00 (  8.31e+01,  9.91e+01)
80      0.173   4.36e-01   8.50e-01   7.18e-01   2.79e+00   0.00e+00 (  7.66e+01,  9.04e+01)
85      0.168   4.25e-01   8.01e-01   6.69e-01   3.29e+00   0.00e+00 (  7.13e+01,  8.33e+01)
90      0.183   4.30e-01   6.65e-01   4.62e-01   6.50e+00   0.00e+00 (  6.67e+01,  7.75e+01)
95      0.190   3.91e-01   5.66e-01   3.86e-01   1.20e+01   0.00e+00 (  1.27e+02,  7.24e+01)
46 e: 1.058e-05 i: 2.342e-05 :: e: 1.158e-02 i: 1.306e-02 :: n: 2.762e+01 e:22.685 i:27.099 v:4.993e+03
>>> tau_he = 5.000000, nhe(0)=2.839999e+00
 5     -0.016   8.69e-03   5.37e-01   6.10e-03  -7.71e-02   0.00e+00 (  4.21e+00,  5.08e+01)
10     -0.073   5.57e-02   2.36e-02   5.81e-03  -4.35e-01   0.00e+00 (  4.04e+01,  9.36e+01)
15     -0.075   1.14e-01   7.56e-02  -1.14e-02  -5.37e-01   0.00e+00 (  8.90e+01,  1.28e+02)
20      0.050   1.43e-01   1.27e-01   2.87e-03   4.17e-01   0.00e+00 (  1.08e+02,  1.52e+02)
25      0.103   2.44e-01   3.04e-01   1.10e-01   9.56e-01   0.00e+00 (  1.74e+02,  1.71e+02)
30      0.097   2.54e-01   2.82e-01   9.89e-02   9.97e-01   0.00e+00 (  1.66e+02,  1.82e+02)
35      0.092   2.55e-01   3.11e-01   1.30e-01   1.03e+00   0.00e+00 (  1.50e+02,  1.84e+02)
40      0.103   2.79e-01   3.90e-01   1.56e-01   1.23e+00   0.00e+00 (  1.46e+02,  1.80e+02)
45      0.130   3.11e-01   4.81e-01   1.95e-01   1.64e+00   0.00e+00 (  1.39e+02,  1.71e+02)
50      0.145   3.39e-01   5.80e-01   2.43e-01   1.93e+00   0.00e+00 (  1.29e+02,  1.59e+02)
55      0.162   3.71e-01   6.83e-01   3.54e-01   2.24e+00   0.00e+00 (  1.21e+02,  1.46e+02)
60      0.144   3.57e-01   6.35e-01   4.14e-01   2.07e+00   0.00e+00 (  1.04e+02,  1.33e+02)
65      0.171   4.01e-01   7.72e-01   5.40e-01   2.51e+00   0.00e+00 (  9.86e+01,  1.21e+02)
70      0.184   4.32e-01   8.60e-01   6.54e-01   2.77e+00   0.00e+00 (  9.07e+01,  1.09e+02)
75      0.183   4.40e-01   8.70e-01   7.07e-01   2.81e+00   0.00e+00 (  8.29e+01,  9.91e+01)
80      0.173   4.35e-01   8.48e-01   7.17e-01   2.79e+00   0.00e+00 (  7.64e+01,  9.04e+01)
85      0.168   4.24e-01   8.00e-01   6.68e-01   3.29e+00   0.00e+00 (  7.11e+01,  8.33e+01)
90      0.183   4.29e-01   6.64e-01   4.62e-01   6.50e+00   0.00e+00 (  6.66e+01,  7.75e+01)
95      0.190   3.91e-01   5.66e-01   3.86e-01   1.20e+01   0.00e+00 (  1.27e+02,  7.24e+01)
47 e: 2.995e-05 i: 1.486e-04 :: e: 1.601e-02 i: 1.760e-02 :: n: 2.762e+01 e:22.703 i:27.151 v:4.993e+03
>>> tau_he = 5.000000, nhe(0)=2.837663e+00
 5     -0.016   8.67e-03   5.34e-01   6.10e-03  -7.72e-02   0.00e+00 (  4.21e+00,  5.08e+01)
10     -0.074   5.63e-02   2.36e-02   6.17e-03  -4.40e-01   0.00e+00 (  4.10e+01,  9.36e+01)
15     -0.075   1.14e-01   7.65e-02  -1.19e-02  -5.40e-01   0.00e+00 (  8.95e+01,  1.28e+02)
20      0.082   2.34e-01   3.12e-01   8.12e-02   6.76e-01   0.00e+00 (  1.76e+02,  1.52e+02)
25      0.051   1.66e-01   1.50e-01   2.80e-02   4.75e-01   0.00e+00 (  1.17e+02,  1.71e+02)
30      0.058   2.00e-01   1.96e-01   3.72e-02   6.01e-01   0.00e+00 (  1.30e+02,  1.82e+02)
35      0.098   2.59e-01   3.32e-01   1.34e-01   1.09e+00   0.00e+00 (  1.52e+02,  1.84e+02)
40      0.103   2.80e-01   3.91e-01   1.56e-01   1.24e+00   0.00e+00 (  1.46e+02,  1.80e+02)
45      0.130   3.11e-01   4.82e-01   1.96e-01   1.65e+00   0.00e+00 (  1.40e+02,  1.71e+02)
50      0.146   3.39e-01   5.82e-01   2.44e-01   1.94e+00   0.00e+00 (  1.29e+02,  1.59e+02)
55      0.162   3.71e-01   6.85e-01   3.55e-01   2.25e+00   0.00e+00 (  1.21e+02,  1.46e+02)
60      0.145   3.57e-01   6.37e-01   4.15e-01   2.07e+00   0.00e+00 (  1.04e+02,  1.33e+02)
65      0.171   4.02e-01   7.73e-01   5.41e-01   2.51e+00   0.00e+00 (  9.87e+01,  1.21e+02)
70      0.184   4.32e-01   8.61e-01   6.54e-01   2.77e+00   0.00e+00 (  9.07e+01,  1.09e+02)
75      0.183   4.40e-01   8.70e-01   7.07e-01   2.81e+00   0.00e+00 (  8.29e+01,  9.91e+01)
80      0.172   4.35e-01   8.48e-01   7.17e-01   2.78e+00   0.00e+00 (  7.64e+01,  9.04e+01)
85      0.168   4.24e-01   8.00e-01   6.68e-01   3.28e+00   0.00e+00 (  7.11e+01,  8.33e+01)
90      0.183   4.29e-01   6.64e-01   4.62e-01   6.49e+00   0.00e+00 (  6.66e+01,  7.75e+01)
95      0.190   3.91e-01   5.66e-01   3.86e-01   1.20e+01   0.00e+00 (  1.27e+02,  7.24e+01)
48 e: 8.313e-05 i: 4.481e-04 :: e: 2.128e-02 i: 2.397e-02 :: n: 2.762e+01 e:22.698 i:27.113 v:4.993e+03
>>> tau_he = 5.000000, nhe(0)=2.833004e+00
 5     -0.016   8.60e-03   5.29e-01   6.08e-03  -7.68e-02   0.00e+00 (  4.18e+00,  5.08e+01)
10     -0.075   5.39e-02   2.42e-02   6.29e-03  -4.48e-01   0.00e+00 (  3.92e+01,  9.36e+01)
15     -0.073   1.13e-01   7.53e-02  -1.12e-02  -5.26e-01   0.00e+00 (  8.79e+01,  1.28e+02)
20      0.052   1.40e-01   1.21e-01   3.64e-03   4.27e-01   0.00e+00 (  1.03e+02,  1.52e+02)
25      0.052   1.66e-01   1.50e-01   2.80e-02   4.80e-01   0.00e+00 (  1.17e+02,  1.71e+02)
30      0.097   2.53e-01   2.82e-01   9.74e-02   1.00e+00   0.00e+00 (  1.65e+02,  1.82e+02)
35      0.098   2.58e-01   3.31e-01   1.33e-01   1.09e+00   0.00e+00 (  1.52e+02,  1.84e+02)
40      0.103   2.80e-01   3.90e-01   1.56e-01   1.24e+00   0.00e+00 (  1.46e+02,  1.80e+02)
45      0.130   3.11e-01   4.81e-01   1.95e-01   1.65e+00   0.00e+00 (  1.39e+02,  1.71e+02)
50      0.146   3.39e-01   5.81e-01   2.43e-01   1.93e+00   0.00e+00 (  1.29e+02,  1.59e+02)
55      0.162   3.71e-01   6.84e-01   3.55e-01   2.24e+00   0.00e+00 (  1.21e+02,  1.46e+02)
60      0.145   3.57e-01   6.36e-01   4.15e-01   2.07e+00   0.00e+00 (  1.04e+02,  1.33e+02)
65      0.171   4.01e-01   7.72e-01   5.40e-01   2.51e+00   0.00e+00 (  9.85e+01,  1.21e+02)
70      0.184   4.32e-01   8.60e-01   6.54e-01   2.77e+00   0.00e+00 (  9.06e+01,  1.09e+02)
75      0.182   4.40e-01   8.69e-01   7.07e-01   2.81e+00   0.00e+00 (  8.28e+01,  9.91e+01)
80      0.172   4.35e-01   8.48e-01   7.17e-01   2.78e+00   0.00e+00 (  7.63e+01,  9.04e+01)
85      0.168   4.24e-01   8.00e-01   6.68e-01   3.29e+00   0.00e+00 (  7.10e+01,  8.33e+01)
90      0.183   4.29e-01   6.64e-01   4.62e-01   6.49e+00   0.00e+00 (  6.65e+01,  7.75e+01)
95      0.190   3.91e-01   5.66e-01   3.86e-01   1.20e+01   0.00e+00 (  1.27e+02,  7.24e+01)
49 e: 1.150e-05 i: 5.002e-05 :: e: 1.205e-02 i: 1.280e-02 :: n: 2.762e+01 e:22.641 i:27.036 v:4.993e+03
 plasma volume = 148.241295
 stored energy(e,i,b) = 4.816756e+01 4.332846e+01 0.000000e+00
 betan = 1.041062
*power
 Pnb(e,i) = 0.000000e+00 0.000000e+00
 Prf(e,i) = 1.238812e+01 2.763063e+01
 Prad     = -3.168383e+01 
 Pei      = 3.795287e+00 
 Pfuse    = 4.107260e+01 
 Pfusi    = 1.325325e+01 
 Poh      = 0.000000e+00 
*confinement time
 taut, tauITER98y2, H98y2 : 1.460180e+00 1.808912e+00 8.072144e-01
 taue, taui : 1.883592e+00 4.581162e+00
 taut, tau89, H89 : 1.460180e+00 8.708079e-01 1.676811e+00
*temperature
 nea, nebar : 1.865112e+01 2.143406e+01 
 tea, tia : 6.220354e+00 6.340823e+00 (9.810012e-01)
 te0, ti0 : 1.937841e+01 2.224054e+01 (8.713105e-01)
 Sn : 0.000000e+00 
*current balance
 Ip,Ibs,Inb,Irf: 1.000000e+01 1.674791e+00 0.000000e+00 1.724458e-01
 fni,fbs: 0.185 0.167

 plasma volume = 148.241295
 stored energy(e,i,b) = 4.816756e+01 4.332846e+01 0.000000e+00
 betan = 1.041062
*power
 Pnb(e,i) = 0.000000e+00 0.000000e+00
 Prf(e,i) = 1.238812e+01 2.763063e+01
 Prad     = -3.168383e+01 
 Pei      = 3.795287e+00 
 Pfuse    = 4.107260e+01 
 Pfusi    = 1.325325e+01 
 Poh      = 0.000000e+00 
*confinement time
 taut, tauITER98y2, H98y2 : 1.460180e+00 1.808912e+00 8.072144e-01
 taue, taui : 1.883592e+00 4.581162e+00
 taut, tau89, H89 : 1.460180e+00 8.708079e-01 1.676811e+00
*temperature
 nea, nebar : 1.865112e+01 2.143406e+01 
 tea, tia : 6.220354e+00 6.340823e+00 (9.810012e-01)
 te0, ti0 : 1.937841e+01 2.224054e+01 (8.713105e-01)
 Sn : 0.000000e+00 
*current balance
 Ip,Ibs,Inb,Irf: 1.000000e+01 1.674791e+00 0.000000e+00 1.724458e-01
 fni,fbs: 0.185 0.167
 ELAPASED TIME = 1770 sec
