NCAPTC: : NetCDF: Variable not found
Warning: ieee_overflow is signaling
Warning: ieee_underflow is signaling
Warning: ieee_inexact is signaling
FORTRAN STOP
 solver
 /global/common/software/atom/perlmutter/data/greentable/
 /global/common/software/atom/perlmutter/data/greentable/

          EFITD Version  07/09/2014


 type mode (2=file, 3=snap, 4=time, 5=input, 6=com file, 7=snap_ext):

 number of time slices?

 type input file names:
 #
 table_dir = </global/common/software/atom/perlmutter/data/greentable/>

  ----- time =     1 ms ----- ( 0)
 it=  1 chi2=0.00E+00 zm= 7.53E-03 err=5.202E+00 dz= 7.535E-03 chigam= 0.00E+00
 it=  2 chi2=0.00E+00 zm= 1.07E-02 err=7.956E-01 dz= 3.200E-03 chigam= 0.00E+00
 it=  3 chi2=0.00E+00 zm= 1.32E-02 err=4.617E-01 dz= 2.429E-03 chigam= 0.00E+00
 it=  4 chi2=0.00E+00 zm= 1.50E-02 err=2.800E-01 dz= 1.865E-03 chigam= 0.00E+00
 it=  5 chi2=0.00E+00 zm= 1.65E-02 err=1.707E-01 dz= 1.438E-03 chigam= 0.00E+00
 it=  6 chi2=0.00E+00 zm= 1.76E-02 err=1.055E-01 dz= 1.107E-03 chigam= 0.00E+00
 it=  7 chi2=0.00E+00 zm= 1.84E-02 err=6.639E-02 dz= 8.502E-04 chigam= 0.00E+00
 it=  8 chi2=0.00E+00 zm= 1.91E-02 err=4.180E-02 dz= 6.475E-04 chigam= 0.00E+00
 it=  9 chi2=0.00E+00 zm= 1.96E-02 err=2.728E-02 dz= 4.900E-04 chigam= 0.00E+00
 it= 10 chi2=0.00E+00 zm= 1.99E-02 err=1.801E-02 dz= 3.689E-04 chigam= 0.00E+00
 it= 11 chi2=0.00E+00 zm= 2.02E-02 err=1.179E-02 dz= 2.749E-04 chigam= 0.00E+00
 it= 12 chi2=0.00E+00 zm= 2.04E-02 err=1.014E-02 dz= 2.085E-04 chigam= 0.00E+00
 it= 13 chi2=0.00E+00 zm= 2.06E-02 err=7.039E-03 dz= 1.575E-04 chigam= 0.00E+00
 it= 14 chi2=0.00E+00 zm= 2.07E-02 err=4.490E-03 dz= 1.174E-04 chigam= 0.00E+00
 it= 15 chi2=0.00E+00 zm= 2.08E-02 err=2.927E-03 dz= 8.720E-05 chigam= 0.00E+00
 it= 16 chi2=0.00E+00 zm= 2.08E-02 err=1.946E-03 dz= 6.463E-05 chigam= 0.00E+00
 it= 17 chi2=0.00E+00 zm= 2.09E-02 err=1.314E-03 dz= 4.782E-05 chigam= 0.00E+00
 it= 18 chi2=0.00E+00 zm= 2.09E-02 err=9.001E-04 dz= 3.533E-05 chigam= 0.00E+00
 it= 19 chi2=0.00E+00 zm= 2.09E-02 err=6.235E-04 dz= 2.608E-05 chigam= 0.00E+00
 it= 20 chi2=0.00E+00 zm= 2.10E-02 err=4.359E-04 dz= 1.923E-05 chigam= 0.00E+00
 it= 21 chi2=0.00E+00 zm= 2.10E-02 err=3.070E-04 dz= 1.418E-05 chigam= 0.00E+00
 it= 22 chi2=0.00E+00 zm= 2.10E-02 err=2.176E-04 dz= 1.045E-05 chigam= 0.00E+00
 it= 23 chi2=0.00E+00 zm= 2.10E-02 err=1.550E-04 dz= 7.696E-06 chigam= 0.00E+00
 it= 24 chi2=0.00E+00 zm= 2.10E-02 err=1.109E-04 dz= 5.670E-06 chigam= 0.00E+00
 it= 25 chi2=0.00E+00 zm= 2.10E-02 err=7.970E-05 dz= 4.175E-06 chigam= 0.00E+00

      ******************** EFITD129 x 129  output ********************

       data used:   
  0 flux loops
  0 magnetic probes(i)
  0 full rogowski
  0 diamagnetic loop


 shot #   =          1 time(ms) =          1 chi**2   =  0.000E+00
 betat(%) =      0.861 betap    =      0.430 li       =      0.865
 vol(cm3) =  0.770E+07 rout(cm) =    172.121 zout(cm) =      0.858
 elong    =      1.338 utriang  =     -0.342 ltriang  =     -0.310
 a(cm)    =     41.351 lin(cm)  = ********** lout(cm) =     10.704
 ltop(cm) = ********** q*       =      2.270 rc(cm)   =    175.898
 zc(cm)   =      1.849 bt0(t)   =      2.000 qout     =      2.183
