========================================================================
= FASTRAN

nonlinear model = 1
ichi = 0
ineo = 0
reading state...
read formatted input, inprof...
init geometry...
read formatted input, inmetric...
nrho in inmetric = 101
rhob in inmetric = 1.265815e+00
solve avg grad-shafranv...
solve_avg_gs::Ip_temp = 1.000089e+01 
solve_avg_gs::Ip      = 1.000000e+01 
>>> tau_he = 5.000000, nhe(0)=2.318553e+00

 plasma volume = 149.483421
 stored energy(e,i,b) = 6.483526e+01 5.950994e+01 0.000000e+00
 betan = 1.405098
*power
 Pnb(e,i) = 0.000000e+00 0.000000e+00
 Prf(e,i) = 0.000000e+00 0.000000e+00
 Prad     = -2.751487e+01 
 Pei      = 1.838339e+00 
 Pfuse    = 6.241692e+01 
 Pfusi    = 1.984439e+01 
 Poh      = 0.000000e+00 
*confinement time
 taut, tauITER98y2, H98y2 : 2.271293e+00 2.016138e+00 1.126556e+00
 taue, taui : 1.764686e+00 3.304996e+00
 taut, tau89, H89 : 2.271293e+00 9.369692e-01 2.424085e+00
*temperature
 nea, nebar : 1.945856e+01 2.196464e+01 
 tea, tia : 8.375010e+00 8.434392e+00 (9.929595e-01)
 te0, ti0 : 1.881350e+01 1.901367e+01 (9.894724e-01)
 Sn : 0.000000e+00 
*current balance
 Ip,Ibs,Inb,Irf: 1.000000e+01 2.119323e+00 0.000000e+00 0.000000e+00
 fni,fbs: 0.212 0.212

 plasma volume = 149.483421
 stored energy(e,i,b) = 6.483526e+01 5.950994e+01 0.000000e+00
 betan = 1.405098
*power
 Pnb(e,i) = 0.000000e+00 0.000000e+00
 Prf(e,i) = 0.000000e+00 0.000000e+00
 Prad     = -2.751487e+01 
 Pei      = 1.838339e+00 
 Pfuse    = 6.241692e+01 
 Pfusi    = 1.984439e+01 
 Poh      = 0.000000e+00 
*confinement time
 taut, tauITER98y2, H98y2 : 2.271293e+00 2.016138e+00 1.126556e+00
 taue, taui : 1.764686e+00 3.304996e+00
 taut, tau89, H89 : 2.271293e+00 9.369692e-01 2.424085e+00
*temperature
 nea, nebar : 1.945856e+01 2.196464e+01 
 tea, tia : 8.375010e+00 8.434392e+00 (9.929595e-01)
 te0, ti0 : 1.881350e+01 1.901367e+01 (9.894724e-01)
 Sn : 0.000000e+00 
*current balance
 Ip,Ibs,Inb,Irf: 1.000000e+01 2.119323e+00 0.000000e+00 0.000000e+00
 fni,fbs: 0.212 0.212
 ELAPASED TIME = 0 sec
