fastran_init.init() started
state_files: s000001.00001 g000001.00001 i000001.00001
create null s000001.00001
create null g000001.00001
create null i000001.00001
fastran_init.step() started
tokamak_id = MANTA
shot_number = 000001
INPUT_DIR = /pscratch/sd/h/hswils/example2_builddb3_withrad/input
model_beam = 0
start dakota update
update_namelist called
instate R0 updated
instate A0 updated
instate KAPPA updated
instate DELTA updated
instate B0 updated
instate IP updated
instate NE_AXIS updated
instate NE_PED updated
instate NE_SEP updated
instate TE_AXIS updated
instate TE_PED updated
instate TI_AXIS updated
instate TI_PED updated
instate XMID updated
instate XWID updated
instate H98_TARGET updated
instate_method: model
Simple shape
ne from model profile, ped
te from model profile, ped
ti from model profile, ped
density_beam from model profile, parab
j_tot from model profile, parab
omega from model profile, parab
zeff from model profile, const
tbeami from model profile, const
density_alpha from model profile, zero
walpha from model profile, zero
wbeam from the model profile
density_model = 1: impurity = f*ne
init from instate: instate
usng analytic volume
end
rho_rad prad 100 100
integrated :  0.0
rho pohme 100 100
integrated :  0.0
Icurt=2.888e+00MA
rho_nbi pbe 100 100
integrated :  0.0
rho_nbi pbi 100 100
integrated :  0.0
rho_nbi sbedep 100 100
integrated :  0.0
rho_nbi tqbe 100 100
integrated :  0.0
Icurbeam=0.000e+00MA
rho_ecrf peech 100 100
integrated :  0.0
rho_icrf picrf_totals 6 100
integrated :  4561275.4637605725
rho_icrf picrf_totals 6 100
integrated :  28240221.310364272
Icurech=0.000e+00MA
Icurich=0.000e+00MA
fastran_init.finalize() called
********************************************************************************
FASTRAN DIRVER INIT
PORTS (all) = ['INIT', 'DRIVER', 'EQ0', 'TR0', 'RAD', 'EQ', 'TR']
PORTS = ['INIT', 'DRIVER', 'EQ0', 'TR0', 'RAD', 'EQ', 'TR']
SIMULATION_MODE = NORMAL
*** t0 = 0
EQ0 init ********
>>> efit.init() started
INPUT: SCALE_GS found 1 , mapped value =  enabled
INPUT: R0_SCALE not found, use default value: 1.7
INPUT: B0_SCALE not found, use default value: 2.0
efit time = 1
init_run =  1
force free
scaled  1.7 2.0
NCAPTC: : NetCDF: Variable not found
Warning: ieee_overflow is signaling
Warning: ieee_underflow is signaling
Warning: ieee_inexact is signaling
FORTRAN STOP
ps_update disabled
Icurt=3.379e+00MA
TR0 init ********
fastran.init() entered
RAD init ********
radiation.init() started
model_beam = 0
[36]
z_imp = 36, spec = krypton
[1.e+16 5.e+16 1.e+17 1.e+18 1.e+19]
9999999999999998.0 9.999999999999999e+20
1.0 49999.9995007974
EQ init ********
>>> efit.init() started
INPUT: SCALE_GS found 1 , mapped value =  enabled
INPUT: R0_SCALE not found, use default value: 1.7
INPUT: B0_SCALE not found, use default value: 2.0
efit time = 8
init_run =  0
TR init ********
fastran.init() entered
nstep_pre: 1

========================================================================
= fastran driver: preprocess iteration number =  0

EQ0 step
>>> efit.step() started
INPUT: PRESSURE found kinetic , mapped value =  kinetic
INPUT: RELAX_PROFILE not found, use default value: 0
INPUT: RELAX_METRIC not found, use default value: 0.5
INPUT: BETAN_TARGET not found, use default value: -1.0
model_pressure = kinetic
betan = 1.5537078427671707
INPUT: TOPOLOGY found DN , mapped value =  DN
INPUT: ERROR not found, use default value: 1.0e-4
INPUT: MAX_EFIT_ERROR not found, use default value: 0.1
init_run_step = 0
niter =  10
*** generate kfile 0
r0 = 4.55
b0 = 11.0
ip = 9999999.995
ip, ip cal, ip/(ip cal) = 10.000 3.379 2.959
weigting upper xpoint: [2, 3, 4, 5]
weigting lower xpoint: [9, 10, 11, 12]
run efit
efit, subprocess
elapsed time =  0.360  1.211
error_efit = 9.363e-05
*** generate kfile 1
apply underrelaxation
r0 = 4.55
b0 = 11.0
ip = 9999999.995
inmtric under-relax: 0.5
ip, ip cal, ip/(ip cal) = 10.000 3.346 2.989
weigting upper xpoint: [2, 3, 4, 5]
weigting lower xpoint: [9, 10, 11, 12]
diff_p = 0.12518631419361687
diff_f = 0.4910474063358791
run efit
efit, subprocess
elapsed time =  0.435  1.188
error_efit = 8.775e-05
*** generate kfile 2
apply underrelaxation
r0 = 4.55
b0 = 11.0
ip = 9999999.995
inmtric under-relax: 0.5
ip, ip cal, ip/(ip cal) = 10.000 3.323 3.010
weigting upper xpoint: [2, 3, 4, 5]
weigting lower xpoint: [9, 10, 11, 12]
diff_p = 0.11327781376114662
diff_f = 0.3360315232570377
run efit
efit, subprocess
elapsed time =  0.394  1.152
error_efit = 9.985e-05
*** generate kfile 3
apply underrelaxation
r0 = 4.55
b0 = 11.0
ip = 9999999.995
inmtric under-relax: 0.5
ip, ip cal, ip/(ip cal) = 10.000 3.306 3.025
weigting upper xpoint: [2, 3, 4, 5]
weigting lower xpoint: [9, 10, 11, 12]
diff_p = 0.07731543942996898
diff_f = 0.18231538990269927
run efit
efit, subprocess
elapsed time =  0.407  1.142
error_efit = 9.024e-05
*** generate kfile 4
apply underrelaxation
r0 = 4.55
b0 = 11.0
ip = 9999999.995
  ps_init_tag: Plasma State v2.055 f90 module initialization.
  %ps_update_fromxplasma: allocating nr,nz  =          129 ,         129
  %ps_update_fromxplasma: allocating nlim   =            5
  %ps_mhdeq_derive: compute <1/R^2> and <|grad(rho)|^2/R^2>.
  %ps_mhdeq_derive: compute metric averages <1/R>, <|grad(rho)|>, etc.
  %ps_mhdeq_derive: compute R & Z minmax profiles; triangularity, etc.
  %ps_mhdeq_derive: compute <1/B^2>, NCLASS moments, etc.
  %ps_mhdeq_nclass: allocating 16 Pfirsch-Schlutter moments profiles.
  %ps_mhdeq_derive: compute NC sqrt-singular flux surface averages.
  %ps_mhdeq_derive: compute profiles of Bmin, Bmax.
  %ps_update_fromxplasma: allocating nr,nz  =          129 ,         129
  %ps_update_fromxplasma: allocating nlim   =            5
  %ps_mhdeq_derive: compute <1/R^2> and <|grad(rho)|^2/R^2>.
  %ps_mhdeq_derive: compute metric averages <1/R>, <|grad(rho)|>, etc.
  %ps_mhdeq_derive: compute R & Z minmax profiles; triangularity, etc.
  %ps_mhdeq_derive: compute <1/B^2>, NCLASS moments, etc.
  %ps_mhdeq_nclass: allocating 16 Pfirsch-Schlutter moments profiles.
  %ps_mhdeq_derive: compute NC sqrt-singular flux surface averages.
  %ps_mhdeq_derive: compute profiles of Bmin, Bmax.
  %ps_update_fromxplasma: allocating nr,nz  =          129 ,         129
  %ps_update_fromxplasma: allocating nlim   =            5
  %ps_mhdeq_derive: compute <1/R^2> and <|grad(rho)|^2/R^2>.
  %ps_mhdeq_derive: compute metric averages <1/R>, <|grad(rho)|>, etc.
  %ps_mhdeq_derive: compute R & Z minmax profiles; triangularity, etc.
  %ps_mhdeq_derive: compute <1/B^2>, NCLASS moments, etc.
  %ps_mhdeq_nclass: allocating 16 Pfirsch-Schlutter moments profiles.
  %ps_mhdeq_derive: compute NC sqrt-singular flux surface averages.
  %ps_mhdeq_derive: compute profiles of Bmin, Bmax.
  %ps_update_fromxplasma: allocating nr,nz  =          129 ,         129
  %ps_update_fromxplasma: allocating nlim   =            5
  %ps_mhdeq_derive: compute <1/R^2> and <|grad(rho)|^2/R^2>.
  %ps_mhdeq_derive: compute metric averages <1/R>, <|grad(rho)|>, etc.
  %ps_mhdeq_derive: compute R & Z minmax profiles; triangularity, etc.
  %ps_mhdeq_derive: compute <1/B^2>, NCLASS moments, etc.
  %ps_mhdeq_nclass: allocating 16 Pfirsch-Schlutter moments profiles.
  %ps_mhdeq_derive: compute NC sqrt-singular flux surface averages.
  %ps_mhdeq_derive: compute profiles of Bmin, Bmax.
  %ps_update_fromxplasma: allocating nr,nz  =          129 ,         129
  %ps_update_fromxplasma: allocating nlim   =            5
  %ps_mhdeq_derive: compute <1/R^2> and <|grad(rho)|^2/R^2>.
  %ps_mhdeq_derive: compute metric averages <1/R>, <|grad(rho)|>, etc.
  %ps_mhdeq_derive: compute R & Z minmax profiles; triangularity, etc.
  %ps_mhdeq_derive: compute <1/B^2>, NCLASS moments, etc.
  %ps_mhdeq_nclass: allocating 16 Pfirsch-Schlutter moments profiles.
  %ps_mhdeq_derive: compute NC sqrt-singular flux surface averages.
  %ps_mhdeq_derive: compute profiles of Bmin, Bmax.
  %ps_update_fromxplasma: allocating nr,nz  =          129 ,         129
  %ps_update_fromxplasma: allocating nlim   =            5
  %ps_mhdeq_derive: compute <1/R^2> and <|grad(rho)|^2/R^2>.
  %ps_mhdeq_derive: compute metric averages <1/R>, <|grad(rho)|>, etc.
  %ps_mhdeq_derive: compute R & Z minmax profiles; triangularity, etc.
  %ps_mhdeq_derive: compute <1/B^2>, NCLASS moments, etc.
  %ps_mhdeq_nclass: allocating 16 Pfirsch-Schlutter moments profiles.
  %ps_mhdeq_derive: compute NC sqrt-singular flux surface averages.
  %ps_mhdeq_derive: compute profiles of Bmin, Bmax.
  %ps_update_fromxplasma: allocating nr,nz  =          129 ,         129
  %ps_update_fromxplasma: allocating nlim   =            5
  %ps_mhdeq_derive: compute <1/R^2> and <|grad(rho)|^2/R^2>.
  %ps_mhdeq_derive: compute metric averages <1/R>, <|grad(rho)|>, etc.
  %ps_mhdeq_derive: compute R & Z minmax profiles; triangularity, etc.
  %ps_mhdeq_derive: compute <1/B^2>, NCLASS moments, etc.
  %ps_mhdeq_nclass: allocating 16 Pfirsch-Schlutter moments profiles.
  %ps_mhdeq_derive: compute NC sqrt-singular flux surface averages.
  %ps_mhdeq_derive: compute profiles of Bmin, Bmax.
inmtric under-relax: 0.5
ip, ip cal, ip/(ip cal) = 10.000 3.294 3.036
weigting upper xpoint: [2, 3, 4, 5]
weigting lower xpoint: [9, 10, 11, 12]
diff_p = 0.04603122299323207
diff_f = 0.09396320442217085
run efit
efit, subprocess
elapsed time =  0.418  1.165
error_efit = 6.889e-05
*** generate kfile 5
apply underrelaxation
r0 = 4.55
b0 = 11.0
ip = 9999999.995
inmtric under-relax: 0.5
ip, ip cal, ip/(ip cal) = 10.000 3.286 3.043
weigting upper xpoint: [2, 3, 4, 5]
weigting lower xpoint: [9, 10, 11, 12]
diff_p = 0.025204848032067236
diff_f = 0.046991085076757526
run efit
efit, subprocess
elapsed time =  0.419  1.167
error_efit = 6.721e-05
*** generate kfile 6
apply underrelaxation
r0 = 4.55
b0 = 11.0
ip = 9999999.995
inmtric under-relax: 0.5
ip, ip cal, ip/(ip cal) = 10.000 3.282 3.047
weigting upper xpoint: [2, 3, 4, 5]
weigting lower xpoint: [9, 10, 11, 12]
diff_p = 0.012979883849567473
diff_f = 0.02267407019265222
run efit
efit, subprocess
elapsed time =  0.420  1.133
error_efit = 6.169e-05
*** generate kfile 7
apply underrelaxation
r0 = 4.55
b0 = 11.0
ip = 9999999.995
inmtric under-relax: 0.5
ip, ip cal, ip/(ip cal) = 10.000 3.279 3.050
weigting upper xpoint: [2, 3, 4, 5]
weigting lower xpoint: [9, 10, 11, 12]
diff_p = 0.006395425544059251
diff_f = 0.010505079911001317
run efit
efit, subprocess
elapsed time =  0.415  1.196
error_efit = 6.778e-05
*** generate kfile 8
apply underrelaxation
r0 = 4.55
b0 = 11.0
ip = 9999999.995
inmtric under-relax: 0.5
ip, ip cal, ip/(ip cal) = 10.000 3.277 3.052
weigting upper xpoint: [2, 3, 4, 5]
weigting lower xpoint: [9, 10, 11, 12]
diff_p = 0.003061076333041014
diff_f = 0.00469771410661332
converged
Icurt=3.275e+00MA
EQ0 step finished
TR0 step
fastran.step() entered
update_next = disabled
update_instate =  True
[1, 1, 36]
['D', 'T', 'Kr']
ion D
ion T
imp Kr
model_beam = 0
dump_vol_profile : rho_nbi pbe 0.0
dump_vol_profile : rho_nbi pbi 0.0
dump_vol_profile : rho_nbi pbth 0.0
dump_vol_profile : rho_nbi pbth 0.0
dump_vol_profile : rho_fus pfuse 0.0
dump_vol_profile : rho_fus pfusi 0.0
dump_vol_profile : rho_fus pfusth 0.0
dump_vol_profile : rho_ecrf peech 0.0
dump_vol_profile : rho_icrf picrf_totals 4561275.4637605725
dump_vol_profile : rho_lhrf pelh 0.0
dump_vol_profile : rho_icrf picrf_totals 28240221.310364272
dump_vol_profile : rho_lhrf pilh 0.0
dump_vol_profile : rho_nbi tqbe 0.0
dump_vol_profile : rho_nbi tqbi 0.0
dump_vol_profile : rho_nbi tqbjxb 0.0
dump_vol_profile : rho_nbi tqbth 0.0
dump_vol_profile : rho_nbi sbedep 0.0
dump_vol_profile : rho_nbi sbehalo 0.0
dump_vol_profile : rho sn_trans 0.0
dump_vol_profile : rho_rad prad 0.0
dump_vol_profile : rho pohme 0.0
/global/common/software/atom/perlmutter/binaries/fastran/default/xfastran_ver1.00_ser
ncpu =  1
n1d  =  1
nky  =  1
[1, 1, 36]
['D', 'T', 'Kr']
ion D
ion T
imp Kr
nspec_th = 3
Icurt=1.000e+01MA
Icurr_bootstrap=2.578e+00MA
Icurr_ohmic=0.000e+00MA
rho_fus pfuse 100 100
integrated :  72966600.39768033
rho_fus pfusi 100 100
integrated :  23388277.142695215
model_beam = 0
density_model = 1: impurity = f*ne
TR0 step finished
number of iteration : 5

========================================================================
= fastran driver: iteration number =  0

RAD step
radiation.step() started
model_beam = 0
0 [1537296.10747192 1537296.10747192 1534810.47147343 1532169.835286
 1529373.07121929 1526419.00001142 1523306.39837304 1520034.01167505
 1516600.56264454 1513004.76069035 1509245.31084051 1505320.92630435
 1501230.33294556 1496972.27988219 1492545.54764386 1487948.96070796
 1483181.38857488 1478241.7568834  1473129.05684903 1467842.35002866
 1462380.77270606 1456806.90981277 1453549.25117908 1450129.8059377
 1446544.02587645 1442787.53386107 1438856.13299375 1434745.81378561
 1430452.76650057 1425973.3878899  1421304.28893735 1416442.30012478
 1411384.48506211 1406128.1679405  1400670.85756494 1395010.32637756
 1389144.60441718 1383071.97514599 1376790.97553816 1370300.40428728
 1363599.3250191  1356687.0602972  1349563.20284278 1344878.56472176
 1341460.25405511 1337750.96706226 1333747.97453209 1329448.99459468
 1324852.20377331 1319956.22266415 1314760.12557034 1309263.42705907
 1303466.0868682  1297368.4972526  1290971.48476911 1284276.30140394
 1277284.61754297 1258849.9042596  1129242.04677914 1003243.24781
  880894.43998234  762230.80263602  647281.8378865   536071.47925427
  428618.19025865  324935.07473128  225029.99305692  128905.6819433
   36559.87725499   88539.44796478  232911.8831856   370912.91620304
  502578.1482157   627950.51251047  747080.02029899  860023.5014051
  966844.33520071 1067612.17996294 1162402.69249569 1180700.64173895
 1179665.63077662 1177713.91217876 1174866.47380776 1171144.17208698
 1166566.69444903 1161150.35162025 1154903.39773701 1147815.99914551
 1145572.30790605 1142998.29037158 1138639.79708556 1131858.76378908
 1121304.18943353 1104259.79395128 1075665.97827711 1035948.60091463
  981165.2014113   932993.78099287 1005438.83608125 1347972.9392218
  446965.78539059]
rho_rad prad 100 100
integrated :  187697350.60340714
RAD step finished
EQ step
>>> efit.step() started
INPUT: PRESSURE found kinetic , mapped value =  kinetic
INPUT: RELAX_PROFILE not found, use default value: 0
INPUT: RELAX_METRIC not found, use default value: 0.5
INPUT: BETAN_TARGET not found, use default value: -1.0
model_pressure = kinetic
betan = 1.5211500907869218
INPUT: TOPOLOGY found DN , mapped value =  DN
INPUT: ERROR not found, use default value: 1.0e-4
INPUT: MAX_EFIT_ERROR not found, use default value: 0.1
init_run_step = 0
niter =  10
*** generate kfile 0
r0 = 4.55
b0 = 11.0
ip = 9999999.995
ip, ip cal, ip/(ip cal) = 10.000 10.002 1.000
weigting upper xpoint: [2, 3, 4, 5]
weigting lower xpoint: [9, 10, 11, 12]
run efit
efit, subprocess
elapsed time =  0.362  1.092
error_efit = 9.055e-05
*** generate kfile 1
apply underrelaxation
r0 = 4.55
b0 = 11.0
ip = 9999999.995
inmtric under-relax: 0.5
ip, ip cal, ip/(ip cal) = 10.000 10.001 1.000
weigting upper xpoint: [2, 3, 4, 5]
weigting lower xpoint: [9, 10, 11, 12]
diff_p = 6.966194202109074e-05
diff_f = 8.85462419961501e-05
converged
Icurt=1.000e+01MA
EQ step finished
TR step
fastran.step() entered
update_next = disabled
update_instate =  True
[1, 1, 36]
['D', 'T', 'Kr']
ion D
ion T
imp Kr
model_beam = 0
dump_vol_profile : rho_nbi pbe 0.0
dump_vol_profile : rho_nbi pbi 0.0
dump_vol_profile : rho_nbi pbth 0.0
dump_vol_profile : rho_nbi pbth 0.0
dump_vol_profile : rho_fus pfuse 72966600.39768033
dump_vol_profile : rho_fus pfusi 23388277.142695215
dump_vol_profile : rho_fus pfusth 0.0
dump_vol_profile : rho_ecrf peech 0.0
dump_vol_profile : rho_icrf picrf_totals 4561275.4637605725
dump_vol_profile : rho_lhrf pelh 0.0
dump_vol_profile : rho_icrf picrf_totals 28240221.310364272
dump_vol_profile : rho_lhrf pilh 0.0
dump_vol_profile : rho_nbi tqbe 0.0
dump_vol_profile : rho_nbi tqbi 0.0
dump_vol_profile : rho_nbi tqbjxb 0.0
dump_vol_profile : rho_nbi tqbth 0.0
dump_vol_profile : rho_nbi sbedep 0.0
dump_vol_profile : rho_nbi sbehalo 0.0
dump_vol_profile : rho sn_trans 0.0
dump_vol_profile : rho_rad prad 187697350.60340714
dump_vol_profile : rho pohme 0.0
/global/common/software/atom/perlmutter/binaries/fastran/default/xfastran_ver1.05
ncpu =  126
n1d  =  6
nky  =  21
[1, 1, 36]
['D', 'T', 'Kr']
ion D
ion T
imp Kr
