fastran_init.init() started
state_files: s000001.00001 g000001.00001 i000001.00001
create null s000001.00001
create null g000001.00001
create null i000001.00001
fastran_init.step() started
tokamak_id = MANTA
shot_number = 000001
INPUT_DIR = /pscratch/sd/h/hswils/example2_builddb3_withrad/input
model_beam = 0
start dakota update
update_namelist called
instate R0 updated
instate A0 updated
instate KAPPA updated
instate DELTA updated
instate B0 updated
instate IP updated
instate NE_AXIS updated
instate NE_PED updated
instate NE_SEP updated
instate TE_AXIS updated
instate TE_PED updated
instate TI_AXIS updated
instate TI_PED updated
instate XMID updated
instate XWID updated
instate H98_TARGET updated
instate_method: model
Simple shape
ne from model profile, ped
te from model profile, ped
ti from model profile, ped
density_beam from model profile, parab
j_tot from model profile, parab
omega from model profile, parab
zeff from model profile, const
tbeami from model profile, const
density_alpha from model profile, zero
walpha from model profile, zero
wbeam from the model profile
density_model = 1: impurity = f*ne
init from instate: instate
usng analytic volume
end
rho_rad prad 100 100
integrated :  0.0
rho pohme 100 100
integrated :  0.0
Icurt=2.888e+00MA
rho_nbi pbe 100 100
integrated :  0.0
rho_nbi pbi 100 100
integrated :  0.0
rho_nbi sbedep 100 100
integrated :  0.0
rho_nbi tqbe 100 100
integrated :  0.0
Icurbeam=0.000e+00MA
rho_ecrf peech 100 100
integrated :  0.0
rho_icrf picrf_totals 6 100
integrated :  4561275.4637605725
rho_icrf picrf_totals 6 100
integrated :  28240221.310364272
Icurech=0.000e+00MA
Icurich=0.000e+00MA
fastran_init.finalize() called
********************************************************************************
FASTRAN DIRVER INIT
PORTS (all) = ['INIT', 'DRIVER', 'EQ0', 'TR0', 'RAD', 'EQ', 'TR']
PORTS = ['INIT', 'DRIVER', 'EQ0', 'TR0', 'RAD', 'EQ', 'TR']
SIMULATION_MODE = NORMAL
*** t0 = 0
EQ0 init ********
>>> efit.init() started
INPUT: SCALE_GS found 1 , mapped value =  enabled
INPUT: R0_SCALE not found, use default value: 1.7
INPUT: B0_SCALE not found, use default value: 2.0
efit time = 1
init_run =  1
force free
scaled  1.7 2.0
NCAPTC: : NetCDF: Variable not found
Warning: ieee_overflow is signaling
Warning: ieee_underflow is signaling
Warning: ieee_inexact is signaling
FORTRAN STOP
ps_update disabled
Icurt=3.379e+00MA
TR0 init ********
fastran.init() entered
RAD init ********
radiation.init() started
model_beam = 0
[36]
z_imp = 36, spec = krypton
[1.e+16 5.e+16 1.e+17 1.e+18 1.e+19]
9999999999999998.0 9.999999999999999e+20
1.0 49999.9995007974
EQ init ********
>>> efit.init() started
INPUT: SCALE_GS found 1 , mapped value =  enabled
INPUT: R0_SCALE not found, use default value: 1.7
INPUT: B0_SCALE not found, use default value: 2.0
efit time = 0
init_run =  0
TR init ********
fastran.init() entered
nstep_pre: 1

========================================================================
= fastran driver: preprocess iteration number =  0

EQ0 step
>>> efit.step() started
INPUT: PRESSURE found kinetic , mapped value =  kinetic
INPUT: RELAX_PROFILE not found, use default value: 0
INPUT: RELAX_METRIC not found, use default value: 0.5
INPUT: BETAN_TARGET not found, use default value: -1.0
model_pressure = kinetic
betan = 1.2531865814219374
INPUT: TOPOLOGY found DN , mapped value =  DN
INPUT: ERROR not found, use default value: 1.0e-4
INPUT: MAX_EFIT_ERROR not found, use default value: 0.1
init_run_step = 0
niter =  10
*** generate kfile 0
r0 = 4.55
b0 = 11.0
ip = 9999999.995
ip, ip cal, ip/(ip cal) = 10.000 3.379 2.959
weigting upper xpoint: [2, 3, 4, 5]
weigting lower xpoint: [9, 10, 11, 12]
run efit
efit, subprocess
elapsed time =  0.363  1.220
error_efit = 8.25e-05
*** generate kfile 1
apply underrelaxation
r0 = 4.55
b0 = 11.0
ip = 9999999.995
inmtric under-relax: 0.5
ip, ip cal, ip/(ip cal) = 10.000 3.336 2.998
weigting upper xpoint: [2, 3, 4, 5]
weigting lower xpoint: [9, 10, 11, 12]
diff_p = 0.12122144656634673
diff_f = 0.5673510562035383
run efit
efit, subprocess
elapsed time =  0.391  1.186
error_efit = 8.445e-05
*** generate kfile 2
apply underrelaxation
r0 = 4.55
b0 = 11.0
ip = 9999999.995
inmtric under-relax: 0.5
ip, ip cal, ip/(ip cal) = 10.000 3.310 3.022
weigting upper xpoint: [2, 3, 4, 5]
weigting lower xpoint: [9, 10, 11, 12]
diff_p = 0.10949562136337523
diff_f = 0.4087049185495198
run efit
efit, subprocess
elapsed time =  0.419  1.183
error_efit = 8.312e-05
*** generate kfile 3
apply underrelaxation
r0 = 4.55
b0 = 11.0
ip = 9999999.995
inmtric under-relax: 0.5
ip, ip cal, ip/(ip cal) = 10.000 3.293 3.037
weigting upper xpoint: [2, 3, 4, 5]
weigting lower xpoint: [9, 10, 11, 12]
diff_p = 0.07510146596907127
diff_f = 0.22515173391878837
run efit
efit, subprocess
elapsed time =  0.385  1.149
error_efit = 4.635e-05
*** generate kfile 4
apply underrelaxation
r0 = 4.55
b0 = 11.0
ip = 9999999.995
  ps_init_tag: Plasma State v2.055 f90 module initialization.
  %ps_update_fromxplasma: allocating nr,nz  =          129 ,         129
  %ps_update_fromxplasma: allocating nlim   =            5
  %ps_mhdeq_derive: compute <1/R^2> and <|grad(rho)|^2/R^2>.
  %ps_mhdeq_derive: compute metric averages <1/R>, <|grad(rho)|>, etc.
  %ps_mhdeq_derive: compute R & Z minmax profiles; triangularity, etc.
  %ps_mhdeq_derive: compute <1/B^2>, NCLASS moments, etc.
  %ps_mhdeq_nclass: allocating 16 Pfirsch-Schlutter moments profiles.
  %ps_mhdeq_derive: compute NC sqrt-singular flux surface averages.
  %ps_mhdeq_derive: compute profiles of Bmin, Bmax.
  %ps_update_fromxplasma: allocating nr,nz  =          129 ,         129
  %ps_update_fromxplasma: allocating nlim   =            5
  %ps_mhdeq_derive: compute <1/R^2> and <|grad(rho)|^2/R^2>.
  %ps_mhdeq_derive: compute metric averages <1/R>, <|grad(rho)|>, etc.
  %ps_mhdeq_derive: compute R & Z minmax profiles; triangularity, etc.
  %ps_mhdeq_derive: compute <1/B^2>, NCLASS moments, etc.
  %ps_mhdeq_nclass: allocating 16 Pfirsch-Schlutter moments profiles.
  %ps_mhdeq_derive: compute NC sqrt-singular flux surface averages.
  %ps_mhdeq_derive: compute profiles of Bmin, Bmax.
  %ps_update_fromxplasma: allocating nr,nz  =          129 ,         129
  %ps_update_fromxplasma: allocating nlim   =            5
  %ps_mhdeq_derive: compute <1/R^2> and <|grad(rho)|^2/R^2>.
  %ps_mhdeq_derive: compute metric averages <1/R>, <|grad(rho)|>, etc.
  %ps_mhdeq_derive: compute R & Z minmax profiles; triangularity, etc.
  %ps_mhdeq_derive: compute <1/B^2>, NCLASS moments, etc.
  %ps_mhdeq_nclass: allocating 16 Pfirsch-Schlutter moments profiles.
  %ps_mhdeq_derive: compute NC sqrt-singular flux surface averages.
  %ps_mhdeq_derive: compute profiles of Bmin, Bmax.
  %ps_update_fromxplasma: allocating nr,nz  =          129 ,         129
  %ps_update_fromxplasma: allocating nlim   =            5
  %ps_mhdeq_derive: compute <1/R^2> and <|grad(rho)|^2/R^2>.
  %ps_mhdeq_derive: compute metric averages <1/R>, <|grad(rho)|>, etc.
  %ps_mhdeq_derive: compute R & Z minmax profiles; triangularity, etc.
  %ps_mhdeq_derive: compute <1/B^2>, NCLASS moments, etc.
  %ps_mhdeq_nclass: allocating 16 Pfirsch-Schlutter moments profiles.
  %ps_mhdeq_derive: compute NC sqrt-singular flux surface averages.
  %ps_mhdeq_derive: compute profiles of Bmin, Bmax.
  %ps_update_fromxplasma: allocating nr,nz  =          129 ,         129
  %ps_update_fromxplasma: allocating nlim   =            5
  %ps_mhdeq_derive: compute <1/R^2> and <|grad(rho)|^2/R^2>.
  %ps_mhdeq_derive: compute metric averages <1/R>, <|grad(rho)|>, etc.
  %ps_mhdeq_derive: compute R & Z minmax profiles; triangularity, etc.
  %ps_mhdeq_derive: compute <1/B^2>, NCLASS moments, etc.
  %ps_mhdeq_nclass: allocating 16 Pfirsch-Schlutter moments profiles.
  %ps_mhdeq_derive: compute NC sqrt-singular flux surface averages.
  %ps_mhdeq_derive: compute profiles of Bmin, Bmax.
  %ps_update_fromxplasma: allocating nr,nz  =          129 ,         129
  %ps_update_fromxplasma: allocating nlim   =            5
  %ps_mhdeq_derive: compute <1/R^2> and <|grad(rho)|^2/R^2>.
  %ps_mhdeq_derive: compute metric averages <1/R>, <|grad(rho)|>, etc.
  %ps_mhdeq_derive: compute R & Z minmax profiles; triangularity, etc.
  %ps_mhdeq_derive: compute <1/B^2>, NCLASS moments, etc.
  %ps_mhdeq_nclass: allocating 16 Pfirsch-Schlutter moments profiles.
  %ps_mhdeq_derive: compute NC sqrt-singular flux surface averages.
  %ps_mhdeq_derive: compute profiles of Bmin, Bmax.
  %ps_update_fromxplasma: allocating nr,nz  =          129 ,         129
  %ps_update_fromxplasma: allocating nlim   =            5
  %ps_mhdeq_derive: compute <1/R^2> and <|grad(rho)|^2/R^2>.
  %ps_mhdeq_derive: compute metric averages <1/R>, <|grad(rho)|>, etc.
  %ps_mhdeq_derive: compute R & Z minmax profiles; triangularity, etc.
  %ps_mhdeq_derive: compute <1/B^2>, NCLASS moments, etc.
  %ps_mhdeq_nclass: allocating 16 Pfirsch-Schlutter moments profiles.
  %ps_mhdeq_derive: compute NC sqrt-singular flux surface averages.
  %ps_mhdeq_derive: compute profiles of Bmin, Bmax.
inmtric under-relax: 0.5
ip, ip cal, ip/(ip cal) = 10.000 3.282 3.047
weigting upper xpoint: [2, 3, 4, 5]
weigting lower xpoint: [9, 10, 11, 12]
diff_p = 0.04507021860952248
diff_f = 0.11582959156743233
run efit
efit, subprocess
elapsed time =  0.406  1.561
error_efit = 9.492e-05
*** generate kfile 5
apply underrelaxation
r0 = 4.55
b0 = 11.0
ip = 9999999.995
inmtric under-relax: 0.5
ip, ip cal, ip/(ip cal) = 10.000 3.275 3.053
weigting upper xpoint: [2, 3, 4, 5]
weigting lower xpoint: [9, 10, 11, 12]
diff_p = 0.02479381449943359
diff_f = 0.05761551192107252
run efit
efit, subprocess
elapsed time =  0.406  1.142
error_efit = 7.85e-05
*** generate kfile 6
apply underrelaxation
r0 = 4.55
b0 = 11.0
ip = 9999999.995
inmtric under-relax: 0.5
ip, ip cal, ip/(ip cal) = 10.000 3.271 3.057
weigting upper xpoint: [2, 3, 4, 5]
weigting lower xpoint: [9, 10, 11, 12]
diff_p = 0.01278560566505425
diff_f = 0.02764576797016649
run efit
efit, subprocess
elapsed time =  0.400  1.149
error_efit = 7.095e-05
*** generate kfile 7
apply underrelaxation
r0 = 4.55
b0 = 11.0
ip = 9999999.995
inmtric under-relax: 0.5
ip, ip cal, ip/(ip cal) = 10.000 3.269 3.059
weigting upper xpoint: [2, 3, 4, 5]
weigting lower xpoint: [9, 10, 11, 12]
diff_p = 0.006234453907884468
diff_f = 0.012778629366683683
run efit
efit, subprocess
elapsed time =  0.399  1.121
error_efit = 5.178e-05
*** generate kfile 8
apply underrelaxation
r0 = 4.55
b0 = 11.0
ip = 9999999.995
inmtric under-relax: 0.5
ip, ip cal, ip/(ip cal) = 10.000 3.267 3.061
weigting upper xpoint: [2, 3, 4, 5]
weigting lower xpoint: [9, 10, 11, 12]
diff_p = 0.002937591211270652
diff_f = 0.005583651876808106
converged
Icurt=3.266e+00MA
EQ0 step finished
TR0 step
fastran.step() entered
update_next = disabled
update_instate =  True
[1, 1, 36]
['D', 'T', 'Kr']
ion D
ion T
imp Kr
model_beam = 0
dump_vol_profile : rho_nbi pbe 0.0
dump_vol_profile : rho_nbi pbi 0.0
dump_vol_profile : rho_nbi pbth 0.0
dump_vol_profile : rho_nbi pbth 0.0
dump_vol_profile : rho_fus pfuse 0.0
dump_vol_profile : rho_fus pfusi 0.0
dump_vol_profile : rho_fus pfusth 0.0
dump_vol_profile : rho_ecrf peech 0.0
dump_vol_profile : rho_icrf picrf_totals 4561275.4637605725
dump_vol_profile : rho_lhrf pelh 0.0
dump_vol_profile : rho_icrf picrf_totals 28240221.310364272
dump_vol_profile : rho_lhrf pilh 0.0
dump_vol_profile : rho_nbi tqbe 0.0
dump_vol_profile : rho_nbi tqbi 0.0
dump_vol_profile : rho_nbi tqbjxb 0.0
dump_vol_profile : rho_nbi tqbth 0.0
dump_vol_profile : rho_nbi sbedep 0.0
dump_vol_profile : rho_nbi sbehalo 0.0
dump_vol_profile : rho sn_trans 0.0
dump_vol_profile : rho_rad prad 0.0
dump_vol_profile : rho pohme 0.0
/global/common/software/atom/perlmutter/binaries/fastran/default/xfastran_ver1.00_ser
ncpu =  1
n1d  =  1
nky  =  1
[1, 1, 36]
['D', 'T', 'Kr']
ion D
ion T
imp Kr
nspec_th = 3
Icurt=1.000e+01MA
Icurr_bootstrap=2.186e+00MA
Icurr_ohmic=0.000e+00MA
rho_fus pfuse 100 100
integrated :  58007688.12660715
rho_fus pfusi 100 100
integrated :  18773478.51210602
model_beam = 0
density_model = 1: impurity = f*ne
TR0 step finished
number of iteration : 5

========================================================================
= fastran driver: iteration number =  0

RAD step
radiation.step() started
model_beam = 0
0 [1537932.25651142 1537932.25651142 1534808.13779431 1531492.01285251
 1527982.44941435 1524277.94680785 1520376.95450099 1516277.88140447
 1511979.11537632 1507479.03061729 1502776.00875711 1497868.44447134
 1492754.76592142 1487433.44094032 1481902.99465124 1476162.01744959
 1470209.17600138 1464043.2307135  1457663.03838408 1451067.5663774
 1446926.99723918 1442717.25401711 1438302.86086287 1433678.18449721
 1428837.832658   1423776.67075091 1418489.83061929 1412972.72884347
 1407221.07630881 1401230.90988109 1394998.5572335  1388520.65648326
 1381794.19892775 1374816.51951824 1367585.29791488 1360098.57493991
 1352354.7471192  1344352.58032891 1336091.20874902 1330835.62166582
 1326647.92519709 1322106.33319583 1317206.88013082 1311946.2372839
 1306321.71083988 1300331.24468016 1293973.41498478 1287247.43250632
 1280153.13472562 1272690.98066337 1264862.04714097 1256668.0211027
 1108976.59234455  963563.88377797  822516.53505539  685893.99219878
  553747.41908061  426119.80926515  303046.1130077   184553.37146766
   70660.85943359   65738.75739624  243899.2631995   414207.43302656
  576680.53043867  731347.5704568   878248.97825553 1017436.24329312
 1148971.56414393 1191366.85871376 1193488.14585373 1194391.9625155
 1194102.9795071  1192647.29731491 1190052.3711126  1190714.83829695
 1196632.64137077 1200833.70571858 1203363.03452618 1204267.19335519
 1205662.83989129 1217338.3203348  1226558.27650441 1233397.96873597
 1237932.91638575 1255238.79320314 1275135.19272393 1291294.50904968
 1303778.10286833 1343318.78396967 1378698.67302949 1406569.67634572
 1457301.16499422 1507710.46134557 1532461.44782435 1565854.32214229
 1549791.3463153  1538650.73488971 1572045.64810899  970336.0921294
  429216.07045642]
rho_rad prad 100 100
integrated :  207805533.13387465
RAD step finished
EQ step
>>> efit.step() started
INPUT: PRESSURE found kinetic , mapped value =  kinetic
INPUT: RELAX_PROFILE not found, use default value: 0
INPUT: RELAX_METRIC not found, use default value: 0.5
INPUT: BETAN_TARGET not found, use default value: -1.0
model_pressure = kinetic
betan = 1.2248451245698078
INPUT: TOPOLOGY found DN , mapped value =  DN
INPUT: ERROR not found, use default value: 1.0e-4
INPUT: MAX_EFIT_ERROR not found, use default value: 0.1
init_run_step = 0
niter =  10
*** generate kfile 0
r0 = 4.55
b0 = 11.0
ip = 9999999.995
ip, ip cal, ip/(ip cal) = 10.000 10.002 1.000
weigting upper xpoint: [2, 3, 4, 5]
weigting lower xpoint: [9, 10, 11, 12]
run efit
efit, subprocess
elapsed time =  0.351  1.122
error_efit = 5.508e-05
*** generate kfile 1
apply underrelaxation
r0 = 4.55
b0 = 11.0
ip = 9999999.995
inmtric under-relax: 0.5
ip, ip cal, ip/(ip cal) = 10.000 10.001 1.000
weigting upper xpoint: [2, 3, 4, 5]
weigting lower xpoint: [9, 10, 11, 12]
diff_p = 0.00014097668996834986
diff_f = 0.0002058361106588925
converged
Icurt=1.000e+01MA
EQ step finished
TR step
fastran.step() entered
update_next = disabled
update_instate =  True
[1, 1, 36]
['D', 'T', 'Kr']
ion D
ion T
imp Kr
model_beam = 0
dump_vol_profile : rho_nbi pbe 0.0
dump_vol_profile : rho_nbi pbi 0.0
dump_vol_profile : rho_nbi pbth 0.0
dump_vol_profile : rho_nbi pbth 0.0
dump_vol_profile : rho_fus pfuse 58007688.12660715
dump_vol_profile : rho_fus pfusi 18773478.51210602
dump_vol_profile : rho_fus pfusth 0.0
dump_vol_profile : rho_ecrf peech 0.0
dump_vol_profile : rho_icrf picrf_totals 4561275.4637605725
dump_vol_profile : rho_lhrf pelh 0.0
dump_vol_profile : rho_icrf picrf_totals 28240221.310364272
dump_vol_profile : rho_lhrf pilh 0.0
dump_vol_profile : rho_nbi tqbe 0.0
dump_vol_profile : rho_nbi tqbi 0.0
dump_vol_profile : rho_nbi tqbjxb 0.0
dump_vol_profile : rho_nbi tqbth 0.0
dump_vol_profile : rho_nbi sbedep 0.0
dump_vol_profile : rho_nbi sbehalo 0.0
dump_vol_profile : rho sn_trans 0.0
dump_vol_profile : rho_rad prad 207805533.13387465
dump_vol_profile : rho pohme 0.0
/global/common/software/atom/perlmutter/binaries/fastran/default/xfastran_ver1.05
ncpu =  126
n1d  =  6
nky  =  21
[1, 1, 36]
['D', 'T', 'Kr']
ion D
ion T
imp Kr
