NCAPTC: : NetCDF: Variable not found
Warning: ieee_overflow is signaling
Warning: ieee_underflow is signaling
Warning: ieee_inexact is signaling
FORTRAN STOP
 solver
 /global/common/software/atom/perlmutter/data/greentable/
 /global/common/software/atom/perlmutter/data/greentable/

          EFITD Version  07/09/2014


 type mode (2=file, 3=snap, 4=time, 5=input, 6=com file, 7=snap_ext):

 number of time slices?

 type input file names:
 #
 table_dir = </global/common/software/atom/perlmutter/data/greentable/>

  ----- time =     4 ms ----- ( 0)
 it=  1 chi2=0.00E+00 zm= 7.50E-03 err=4.533E+00 dz= 7.499E-03 chigam= 0.00E+00
 it=  2 chi2=0.00E+00 zm= 1.03E-02 err=9.750E-01 dz= 2.825E-03 chigam= 0.00E+00
 it=  3 chi2=0.00E+00 zm= 1.25E-02 err=5.295E-01 dz= 2.129E-03 chigam= 0.00E+00
 it=  4 chi2=0.00E+00 zm= 1.40E-02 err=2.876E-01 dz= 1.564E-03 chigam= 0.00E+00
 it=  5 chi2=0.00E+00 zm= 1.51E-02 err=1.569E-01 dz= 1.110E-03 chigam= 0.00E+00
 it=  6 chi2=0.00E+00 zm= 1.59E-02 err=8.845E-02 dz= 7.880E-04 chigam= 0.00E+00
 it=  7 chi2=0.00E+00 zm= 1.65E-02 err=4.993E-02 dz= 5.533E-04 chigam= 0.00E+00
 it=  8 chi2=0.00E+00 zm= 1.69E-02 err=2.905E-02 dz= 3.871E-04 chigam= 0.00E+00
 it=  9 chi2=0.00E+00 zm= 1.71E-02 err=1.779E-02 dz= 2.692E-04 chigam= 0.00E+00
 it= 10 chi2=0.00E+00 zm= 1.73E-02 err=1.139E-02 dz= 1.875E-04 chigam= 0.00E+00
 it= 11 chi2=0.00E+00 zm= 1.74E-02 err=8.276E-03 dz= 1.303E-04 chigam= 0.00E+00
 it= 12 chi2=0.00E+00 zm= 1.75E-02 err=5.331E-03 dz= 9.078E-05 chigam= 0.00E+00
 it= 13 chi2=0.00E+00 zm= 1.76E-02 err=3.248E-03 dz= 6.282E-05 chigam= 0.00E+00
 it= 14 chi2=0.00E+00 zm= 1.76E-02 err=1.469E-03 dz= 4.065E-05 chigam= 0.00E+00
 it= 15 chi2=0.00E+00 zm= 1.77E-02 err=1.198E-03 dz= 2.812E-05 chigam= 0.00E+00
 it= 16 chi2=0.00E+00 zm= 1.77E-02 err=6.385E-04 dz= 1.898E-05 chigam= 0.00E+00
 it= 17 chi2=0.00E+00 zm= 1.77E-02 err=3.545E-04 dz= 1.280E-05 chigam= 0.00E+00
 it= 18 chi2=0.00E+00 zm= 1.77E-02 err=4.800E-04 dz= 9.212E-06 chigam= 0.00E+00
 it= 19 chi2=0.00E+00 zm= 1.77E-02 err=1.739E-04 dz= 6.134E-06 chigam= 0.00E+00
 it= 20 chi2=0.00E+00 zm= 1.77E-02 err=6.201E-05 dz= 4.067E-06 chigam= 0.00E+00

      ******************** EFITD129 x 129  output ********************

       data used:   
  0 flux loops
  0 magnetic probes(i)
  0 full rogowski
  0 diamagnetic loop


 shot #   =          1 time(ms) =          4 chi**2   =  0.000E+00
 betat(%) =      1.026 betap    =      0.651 li       =      0.871
 vol(cm3) =  0.927E+07 rout(cm) =    170.935 zout(cm) =     -0.344
 elong    =      1.398 utriang  =     -0.490 ltriang  =     -0.490
 a(cm)    =     44.868 lin(cm)  = ********** lout(cm) =      0.905
 ltop(cm) = ********** q*       =      3.051 rc(cm)   =    177.118
 zc(cm)   =      1.398 bt0(t)   =      2.000 qout     =      2.883
