NCAPTC: : NetCDF: Variable not found
Warning: ieee_overflow is signaling
Warning: ieee_underflow is signaling
Warning: ieee_inexact is signaling
FORTRAN STOP
 solver
 /global/common/software/atom/perlmutter/data/greentable/
 /global/common/software/atom/perlmutter/data/greentable/

          EFITD Version  07/09/2014


 type mode (2=file, 3=snap, 4=time, 5=input, 6=com file, 7=snap_ext):

 number of time slices?

 type input file names:
 #
 table_dir = </global/common/software/atom/perlmutter/data/greentable/>

  ----- time =     1 ms ----- ( 0)
 it=  1 chi2=0.00E+00 zm= 7.50E-03 err=4.533E+00 dz= 7.499E-03 chigam= 0.00E+00
 it=  2 chi2=0.00E+00 zm= 1.03E-02 err=1.007E+00 dz= 2.786E-03 chigam= 0.00E+00
 it=  3 chi2=0.00E+00 zm= 1.24E-02 err=5.431E-01 dz= 2.096E-03 chigam= 0.00E+00
 it=  4 chi2=0.00E+00 zm= 1.39E-02 err=2.948E-01 dz= 1.536E-03 chigam= 0.00E+00
 it=  5 chi2=0.00E+00 zm= 1.50E-02 err=1.598E-01 dz= 1.086E-03 chigam= 0.00E+00
 it=  6 chi2=0.00E+00 zm= 1.58E-02 err=8.948E-02 dz= 7.662E-04 chigam= 0.00E+00
 it=  7 chi2=0.00E+00 zm= 1.63E-02 err=5.057E-02 dz= 5.373E-04 chigam= 0.00E+00
 it=  8 chi2=0.00E+00 zm= 1.67E-02 err=2.886E-02 dz= 3.734E-04 chigam= 0.00E+00
 it=  9 chi2=0.00E+00 zm= 1.69E-02 err=1.852E-02 dz= 2.587E-04 chigam= 0.00E+00
 it= 10 chi2=0.00E+00 zm= 1.71E-02 err=1.173E-02 dz= 1.795E-04 chigam= 0.00E+00
 it= 11 chi2=0.00E+00 zm= 1.72E-02 err=7.596E-03 dz= 1.250E-04 chigam= 0.00E+00
 it= 12 chi2=0.00E+00 zm= 1.73E-02 err=4.982E-03 dz= 8.695E-05 chigam= 0.00E+00
 it= 13 chi2=0.00E+00 zm= 1.74E-02 err=3.036E-03 dz= 5.999E-05 chigam= 0.00E+00
 it= 14 chi2=0.00E+00 zm= 1.74E-02 err=1.385E-03 dz= 3.864E-05 chigam= 0.00E+00
 it= 15 chi2=0.00E+00 zm= 1.75E-02 err=1.189E-03 dz= 2.675E-05 chigam= 0.00E+00
 it= 16 chi2=0.00E+00 zm= 1.75E-02 err=7.005E-04 dz= 1.819E-05 chigam= 0.00E+00
 it= 17 chi2=0.00E+00 zm= 1.75E-02 err=7.316E-04 dz= 1.295E-05 chigam= 0.00E+00
 it= 18 chi2=0.00E+00 zm= 1.75E-02 err=3.204E-04 dz= 8.722E-06 chigam= 0.00E+00
 it= 19 chi2=0.00E+00 zm= 1.75E-02 err=1.760E-04 dz= 5.931E-06 chigam= 0.00E+00
 it= 20 chi2=0.00E+00 zm= 1.75E-02 err=1.016E-04 dz= 4.033E-06 chigam= 0.00E+00
 it= 21 chi2=0.00E+00 zm= 1.75E-02 err=6.822E-05 dz= 2.757E-06 chigam= 0.00E+00

      ******************** EFITD129 x 129  output ********************

       data used:   
  0 flux loops
  0 magnetic probes(i)
  0 full rogowski
  0 diamagnetic loop


 shot #   =          1 time(ms) =          1 chi**2   =  0.000E+00
 betat(%) =      1.124 betap    =      0.712 li       =      0.871
 vol(cm3) =  0.927E+07 rout(cm) =    170.950 zout(cm) =     -0.341
 elong    =      1.398 utriang  =     -0.490 ltriang  =     -0.490
 a(cm)    =     44.848 lin(cm)  = ********** lout(cm) =      0.909
 ltop(cm) = ********** q*       =      3.062 rc(cm)   =    177.515
 zc(cm)   =      1.386 bt0(t)   =      2.000 qout     =      2.871
