========================================================================
= FASTRAN

nonlinear model = 0
ichi = 1
ineo = 0
reading state...
read formatted input, inprof...
init geometry...
read formatted input, inmetric...
nrho in inmetric = 101
rhob in inmetric = 1.263223e+00
solve avg grad-shafranv...
solve_avg_gs::Ip_temp = 9.996577e+00 
solve_avg_gs::Ip      = 1.000000e+01 
>>> tau_he = 5.000000, nhe(0)=2.521877e+00

 plasma volume = 148.636256
 stored energy(e,i,b,a) = 5.607325e+01 5.412900e+01 0.000000e+00 0.000000e+00
 betan = 1.251322
*power
 Pnb(e,i) = 0.000000e+00 0.000000e+00
 Prf(e,i) = 1.306802e+01 2.695704e+01
 Prad     = -1.123526e+01 
 Pei      = 1.823778e+00 
 Pfuse    = 5.766478e+01 
 Pfusi    = 1.884201e+01 
 Poh      = 0.000000e+00 
*confinement time
 taut, tauITER98y2, H98y2 : 1.046589e+00 1.272672e+00 8.223556e-01
 taue, taui : 9.144170e-01 3.180648e+00
 taut, tau89, H89 : 1.046589e+00 6.731731e-01 1.554710e+00
*temperature
 nea, nebar : 1.902627e+01 2.170456e+01 
 tea, tia : 7.174886e+00 7.228313e+00 (9.926087e-01)
 te0, ti0 : 1.881708e+01 1.901726e+01 (9.894738e-01)
 Sn : 0.000000e+00 
*current balance
 Ip,Ibs,Inb,Irf: 1.000000e+01 1.907806e+00 0.000000e+00 3.928517e-01
 fni,fbs: 0.230 0.191

Time advancing...
rho_bdry 0.900000 ...
te_bdry = 2.998496
ti_bdry = 2.998302
ne_bdry = 15.070099
rv_bdry = 279.463030
nrho_tr_bdry = 18
drho_bdry = 0.000000e+00
nrhob = 90
 [    0] t = 0.0000 
>>> tau_he = 5.000000, nhe(0)=2.511917e+00
 5     -0.004   4.04e-03   1.27e-01   2.51e-03  -1.74e-02   0.00e+00 (  8.50e-01,  5.11e+01)
10      0.000   1.22e-03  -2.63e-03  -4.64e-04   7.05e-04   0.00e+00 (  3.25e-01,  9.95e+01)
15     -0.002   2.87e-04  -3.63e-03  -2.31e-03  -1.40e-02   0.00e+00 (  9.04e-02,  1.39e+02)
20     -0.000   8.49e-03  -3.60e-02  -5.12e-03  -2.16e-03   0.00e+00 (  3.00e+00,  1.80e+02)
25      0.006   4.36e-02  -3.02e-02   7.26e-03   5.40e-02   0.00e+00 (  1.67e+01,  2.12e+02)
30      0.020   1.09e-01  -1.12e-02   1.28e-02   1.91e-01   0.00e+00 (  4.40e+01,  2.34e+02)
35      0.035   1.76e-01   5.92e-02   4.59e-02   3.65e-01   0.00e+00 (  7.33e+01,  2.50e+02)
40      0.052   2.46e-01   1.38e-01   6.09e-02   5.84e-01   0.00e+00 (  1.03e+02,  2.60e+02)
45      0.105   3.62e-01   3.51e-01   1.38e-01   1.25e+00   0.00e+00 (  1.51e+02,  2.65e+02)
50      0.167   4.75e-01   5.91e-01   2.80e-01   2.09e+00   0.00e+00 (  1.93e+02,  2.66e+02)
55      0.254   6.07e-01   9.33e-01   4.66e-01   3.32e+00   0.00e+00 (  2.36e+02,  2.61e+02)
60      0.326   7.13e-01   1.26e+00   7.53e-01   4.40e+00   0.00e+00 (  2.61e+02,  2.54e+02)
65      0.373   8.02e-01   1.54e+00   1.05e+00   5.19e+00   0.00e+00 (  2.71e+02,  2.44e+02)
70      0.386   8.64e-01   1.73e+00   1.28e+00   5.50e+00   0.00e+00 (  2.64e+02,  2.32e+02)
75      0.357   8.64e-01   1.75e+00   1.38e+00   5.22e+00   0.00e+00 (  2.33e+02,  2.20e+02)
80      0.319   7.82e-01   1.63e+00   1.32e+00   4.92e+00   0.00e+00 (  1.81e+02,  2.07e+02)
85      0.294   7.23e-01   1.41e+00   1.12e+00   5.67e+00   0.00e+00 (  1.45e+02,  1.96e+02)
90      0.426   9.36e-01   1.40e+00   9.34e-01   1.62e+01   0.00e+00 (  2.37e+02,  1.85e+02)
95      0.363   6.61e-01   9.28e-01   6.93e-01   2.55e+01   0.00e+00 (  2.85e+02,  1.76e+02)
 0 e: 2.128e-06 i: 9.872e-06 :: e: 0.000e+00 i: 0.000e+00 :: n: 2.762e+01 e:18.793 i:18.964 v:4.993e+03
>>> tau_he = 5.000000, nhe(0)=2.505093e+00
 5     -0.003   4.00e-03   1.42e-01   2.69e-03  -1.42e-02   0.00e+00 (  8.21e-01,  5.11e+01)
10      0.000   1.94e-03  -4.07e-03  -6.06e-04   4.18e-04   0.00e+00 (  5.22e-01,  9.95e+01)
15     -0.002   2.88e-04  -3.91e-03  -2.55e-03  -1.46e-02   0.00e+00 (  9.05e-02,  1.39e+02)
20     -0.000   8.62e-03  -3.63e-02  -5.12e-03  -2.65e-03   0.00e+00 (  3.08e+00,  1.80e+02)
25      0.007   4.78e-02  -3.24e-02   8.94e-03   6.34e-02   0.00e+00 (  1.85e+01,  2.12e+02)
30      0.021   1.12e-01  -8.68e-03   1.32e-02   2.07e-01   0.00e+00 (  4.55e+01,  2.34e+02)
35      0.036   1.79e-01   6.40e-02   4.72e-02   3.80e-01   0.00e+00 (  7.48e+01,  2.50e+02)
40      0.055   2.52e-01   1.56e-01   5.97e-02   6.22e-01   0.00e+00 (  1.07e+02,  2.60e+02)
45      0.106   3.58e-01   3.42e-01   1.32e-01   1.27e+00   0.00e+00 (  1.50e+02,  2.65e+02)
50      0.174   4.80e-01   6.12e-01   2.86e-01   2.17e+00   0.00e+00 (  1.95e+02,  2.66e+02)
55      0.240   6.00e-01   9.10e-01   4.54e-01   3.12e+00   0.00e+00 (  2.32e+02,  2.61e+02)
60      0.312   7.03e-01   1.23e+00   7.35e-01   4.21e+00   0.00e+00 (  2.56e+02,  2.54e+02)
65      0.371   7.97e-01   1.53e+00   1.04e+00   5.15e+00   0.00e+00 (  2.67e+02,  2.44e+02)
70      0.390   8.63e-01   1.73e+00   1.28e+00   5.56e+00   0.00e+00 (  2.60e+02,  2.32e+02)
75      0.362   8.65e-01   1.76e+00   1.38e+00   5.29e+00   0.00e+00 (  2.31e+02,  2.20e+02)
80      0.314   7.84e-01   1.63e+00   1.32e+00   4.84e+00   0.00e+00 (  1.84e+02,  2.07e+02)
85      0.288   7.39e-01   1.43e+00   1.14e+00   5.54e+00   0.00e+00 (  1.58e+02,  1.96e+02)
90      0.419   9.31e-01   1.37e+00   9.11e-01   1.60e+01   0.00e+00 (  2.20e+02,  1.85e+02)
95      0.363   6.61e-01   9.28e-01   6.93e-01   2.55e+01   0.00e+00 (  2.85e+02,  1.76e+02)
 1 e: 8.347e-02 i: 2.621e-01 :: e: 7.221e-03 i: 7.485e-03 :: n: 2.762e+01 e:25.855 i:29.801 v:4.993e+03
>>> tau_he = 5.000000, nhe(0)=3.432654e+00
 5     -0.016   1.28e-02   4.39e-01   4.39e-03  -7.06e-02   0.00e+00 (  4.06e+00,  5.11e+01)
10     -0.093   8.37e-02   2.90e-02   1.75e-02  -5.24e-01   0.00e+00 (  5.24e+01,  9.95e+01)
15     -0.287   2.10e-01   1.46e-01  -1.06e-02  -1.94e+00   0.00e+00 (  1.82e+02,  1.39e+02)
20     -0.208   2.48e-01   1.28e-01   1.63e-02  -1.62e+00   0.00e+00 (  2.62e+02,  1.80e+02)
25      0.402   5.79e-01   6.19e-01   4.41e-01   3.53e+00   0.00e+00 (  5.75e+02,  2.12e+02)
30      0.589   5.24e-01   5.89e-01   4.62e-01   5.70e+00   0.00e+00 (  4.27e+02,  2.34e+02)
35      0.398   4.69e-01   6.41e-01   4.40e-01   4.17e+00   0.00e+00 (  3.28e+02,  2.50e+02)
40      0.314   4.64e-01   8.18e-01   4.13e-01   3.52e+00   0.00e+00 (  2.78e+02,  2.60e+02)
45      0.260   4.97e-01   9.82e-01   4.24e-01   3.10e+00   0.00e+00 (  2.44e+02,  2.65e+02)
50      0.179   5.00e-01   9.90e-01   4.30e-01   2.24e+00   0.00e+00 (  2.05e+02,  2.66e+02)
55      0.125   4.98e-01   8.92e-01   4.58e-01   1.63e+00   0.00e+00 (  1.71e+02,  2.61e+02)
60      0.146   5.42e-01   1.00e+00   5.79e-01   1.97e+00   0.00e+00 (  1.62e+02,  2.54e+02)
65      0.172   5.58e-01   1.10e+00   7.28e-01   2.39e+00   0.00e+00 (  1.49e+02,  2.44e+02)
70      0.242   6.83e-01   1.46e+00   1.06e+00   3.44e+00   0.00e+00 (  1.66e+02,  2.32e+02)
75      0.232   7.03e-01   1.50e+00   1.16e+00   3.38e+00   0.00e+00 (  1.63e+02,  2.20e+02)
80      0.169   6.83e-01   1.36e+00   1.07e+00   2.61e+00   0.00e+00 (  1.60e+02,  2.07e+02)
85      0.180   6.56e-01   1.18e+00   9.06e-01   3.48e+00   0.00e+00 (  1.47e+02,  1.96e+02)
90      0.395   9.14e-01   1.31e+00   8.54e-01   1.50e+01   0.00e+00 (  2.11e+02,  1.85e+02)
95      0.363   6.61e-01   9.28e-01   6.93e-01   2.55e+01   0.00e+00 (  2.85e+02,  1.76e+02)
 2 e: 5.074e-02 i: 2.495e-02 :: e: 2.983e-01 i: 2.519e-01 :: n: 2.762e+01 e:30.600 i:34.703 v:4.993e+03
>>> tau_he = 5.000000, nhe(0)=3.658783e+00
 5     -0.047   2.21e-02   6.13e-01   8.09e-03  -2.11e-01   0.00e+00 (  1.21e+01,  5.11e+01)
10     -0.740   1.19e-01  -2.58e-02  -1.38e-02  -4.18e+00   0.00e+00 (  1.24e+02,  9.95e+01)
15     -1.189   7.58e-01   9.96e-01   6.62e-01  -8.05e+00   0.00e+00 (  1.02e+03,  1.39e+02)
20     -0.330   8.22e-01   1.03e+00   1.03e+00  -2.58e+00   0.00e+00 (  1.24e+03,  1.80e+02)
25      0.275   6.93e-01   7.75e-01   8.30e-01   2.41e+00   0.00e+00 (  8.85e+02,  2.12e+02)
30      0.707   5.35e-01   5.78e-01   6.27e-01   6.84e+00   0.00e+00 (  5.78e+02,  2.34e+02)
35      0.528   4.39e-01   5.04e-01   4.61e-01   5.54e+00   0.00e+00 (  3.96e+02,  2.50e+02)
40      0.267   4.27e-01   6.26e-01   3.30e-01   3.01e+00   0.00e+00 (  3.04e+02,  2.60e+02)
45      0.178   4.26e-01   6.77e-01   2.87e-01   2.12e+00   0.00e+00 (  2.25e+02,  2.65e+02)
50      0.160   4.40e-01   7.51e-01   3.25e-01   2.00e+00   0.00e+00 (  1.76e+02,  2.66e+02)
55      0.129   4.20e-01   6.87e-01   3.61e-01   1.69e+00   0.00e+00 (  1.30e+02,  2.61e+02)
60      0.114   3.74e-01   6.00e-01   3.72e-01   1.54e+00   0.00e+00 (  9.45e+01,  2.54e+02)
65      0.172   4.33e-01   7.97e-01   5.46e-01   2.39e+00   0.00e+00 (  9.30e+01,  2.44e+02)
70      0.245   5.44e-01   1.11e+00   8.24e-01   3.49e+00   0.00e+00 (  1.03e+02,  2.32e+02)
75      0.251   5.78e-01   1.19e+00   9.38e-01   3.66e+00   0.00e+00 (  1.02e+02,  2.20e+02)
80      0.219   5.55e-01   1.15e+00   9.21e-01   3.37e+00   0.00e+00 (  9.84e+01,  2.07e+02)
85      0.225   5.68e-01   1.09e+00   8.60e-01   4.33e+00   0.00e+00 (  9.59e+01,  1.96e+02)
90      0.405   9.20e-01   1.31e+00   8.60e-01   1.54e+01   0.00e+00 (  1.90e+02,  1.85e+02)
95      0.363   6.61e-01   9.28e-01   6.93e-01   2.55e+01   0.00e+00 (  2.85e+02,  1.76e+02)
 3 e: 2.871e-02 i: 3.010e-02 :: e: 4.463e-01 i: 3.556e-01 :: n: 2.762e+01 e:29.084 i:34.065 v:4.993e+03
>>> tau_he = 5.000000, nhe(0)=3.641682e+00
 5     -0.060   2.23e-02   5.68e-01   7.93e-03  -2.70e-01   0.00e+00 (  1.32e+01,  5.11e+01)
10     -0.848   1.47e-01  -3.41e-03  -4.09e-02  -4.80e+00   0.00e+00 (  1.50e+02,  9.95e+01)
15     -0.718   2.22e-01   1.40e-01  -1.59e-01  -4.86e+00   0.00e+00 (  2.26e+02,  1.39e+02)
20     -0.154   6.65e-01   7.39e-01   5.36e-01  -1.20e+00   0.00e+00 (  7.43e+02,  1.80e+02)
25      0.436   6.93e-01   7.74e-01   6.37e-01   3.83e+00   0.00e+00 (  7.63e+02,  2.12e+02)
30      0.641   5.53e-01   6.04e-01   6.15e-01   6.20e+00   0.00e+00 (  5.74e+02,  2.34e+02)
35      0.607   4.84e-01   5.66e-01   4.92e-01   6.37e+00   0.00e+00 (  4.46e+02,  2.50e+02)
40      0.330   4.64e-01   7.06e-01   4.50e-01   3.70e+00   0.00e+00 (  3.48e+02,  2.60e+02)
45      0.260   4.90e-01   8.79e-01   3.65e-01   3.10e+00   0.00e+00 (  2.78e+02,  2.65e+02)
50      0.210   5.03e-01   9.74e-01   4.46e-01   2.63e+00   0.00e+00 (  2.18e+02,  2.66e+02)
55      0.166   4.91e-01   9.30e-01   4.87e-01   2.16e+00   0.00e+00 (  1.66e+02,  2.61e+02)
60      0.178   4.99e-01   9.78e-01   5.88e-01   2.40e+00   0.00e+00 (  1.37e+02,  2.54e+02)
65      0.181   4.82e-01   9.56e-01   6.51e-01   2.51e+00   0.00e+00 (  1.12e+02,  2.44e+02)
70      0.228   5.58e-01   1.18e+00   8.72e-01   3.25e+00   0.00e+00 (  1.12e+02,  2.32e+02)
75      0.217   5.66e-01   1.18e+00   9.32e-01   3.17e+00   0.00e+00 (  1.05e+02,  2.20e+02)
80      0.177   5.41e-01   1.08e+00   8.53e-01   2.73e+00   0.00e+00 (  9.99e+01,  2.07e+02)
85      0.187   5.35e-01   9.87e-01   7.43e-01   3.60e+00   0.00e+00 (  9.30e+01,  1.96e+02)
90      0.395   9.08e-01   1.29e+00   8.32e-01   1.50e+01   0.00e+00 (  1.89e+02,  1.85e+02)
95      0.363   6.61e-01   9.28e-01   6.93e-01   2.55e+01   0.00e+00 (  2.85e+02,  1.76e+02)
 4 e: 9.513e-03 i: 1.779e-02 :: e: 3.457e-01 i: 2.538e-01 :: n: 2.762e+01 e:27.674 i:32.794 v:4.993e+03
>>> tau_he = 5.000000, nhe(0)=3.589601e+00
 5     -0.063   2.16e-02   5.26e-01   8.00e-03  -2.79e-01   0.00e+00 (  1.33e+01,  5.11e+01)
10     -0.819   1.43e-01   4.51e-03  -4.17e-02  -4.63e+00   0.00e+00 (  1.41e+02,  9.95e+01)
15     -0.146   5.66e-01   6.39e-01   2.58e-01  -9.89e-01   0.00e+00 (  5.40e+02,  1.39e+02)
20     -0.130   2.26e-01   1.51e-01  -1.11e-03  -1.02e+00   0.00e+00 (  2.13e+02,  1.80e+02)
25      0.389   5.73e-01   5.98e-01   4.10e-01   3.42e+00   0.00e+00 (  5.37e+02,  2.12e+02)
30      0.549   5.60e-01   6.12e-01   4.85e-01   5.31e+00   0.00e+00 (  5.26e+02,  2.34e+02)
35      0.488   4.72e-01   5.39e-01   4.46e-01   5.12e+00   0.00e+00 (  4.14e+02,  2.50e+02)
40      0.267   4.52e-01   6.50e-01   3.23e-01   3.00e+00   0.00e+00 (  3.33e+02,  2.60e+02)
45      0.197   4.59e-01   7.38e-01   3.03e-01   2.35e+00   0.00e+00 (  2.61e+02,  2.65e+02)
50      0.192   4.95e-01   8.84e-01   3.94e-01   2.41e+00   0.00e+00 (  2.18e+02,  2.66e+02)
55      0.166   4.90e-01   8.78e-01   4.58e-01   2.17e+00   0.00e+00 (  1.69e+02,  2.61e+02)
60      0.149   4.51e-01   7.99e-01   4.87e-01   2.01e+00   0.00e+00 (  1.26e+02,  2.54e+02)
65      0.189   4.84e-01   9.34e-01   6.41e-01   2.63e+00   0.00e+00 (  1.13e+02,  2.44e+02)
70      0.238   5.55e-01   1.14e+00   8.48e-01   3.39e+00   0.00e+00 (  1.10e+02,  2.32e+02)
75      0.231   5.66e-01   1.16e+00   9.22e-01   3.38e+00   0.00e+00 (  1.03e+02,  2.20e+02)
80      0.202   5.32e-01   1.10e+00   8.71e-01   3.11e+00   0.00e+00 (  9.42e+01,  2.07e+02)
85      0.211   5.34e-01   1.03e+00   7.91e-01   4.06e+00   0.00e+00 (  8.75e+01,  1.96e+02)
90      0.400   9.16e-01   1.30e+00   8.43e-01   1.52e+01   0.00e+00 (  1.86e+02,  1.85e+02)
95      0.363   6.61e-01   9.28e-01   6.93e-01   2.55e+01   0.00e+00 (  2.85e+02,  1.76e+02)
 5 e: 5.950e-03 i: 6.868e-03 :: e: 3.016e-01 i: 2.189e-01 :: n: 2.762e+01 e:26.556 i:31.772 v:4.993e+03
>>> tau_he = 5.000000, nhe(0)=3.543030e+00
 5     -0.063   1.85e-02   4.82e-01   7.31e-03  -2.81e-01   0.00e+00 (  1.14e+01,  5.11e+01)
10     -0.524   1.35e-01   7.66e-03  -6.06e-02  -2.96e+00   0.00e+00 (  1.22e+02,  9.95e+01)
15     -0.174   2.42e-01   1.86e-01  -2.42e-01  -1.17e+00   0.00e+00 (  1.99e+02,  1.39e+02)
20      0.204   4.89e-01   5.36e-01   2.61e-01   1.60e+00   0.00e+00 (  4.28e+02,  1.80e+02)
25      0.348   5.05e-01   5.30e-01   3.29e-01   3.05e+00   0.00e+00 (  4.25e+02,  2.12e+02)
30      0.483   5.30e-01   5.74e-01   3.92e-01   4.67e+00   0.00e+00 (  4.47e+02,  2.34e+02)
35      0.344   4.58e-01   5.98e-01   4.08e-01   3.61e+00   0.00e+00 (  3.73e+02,  2.50e+02)
40      0.244   4.45e-01   6.70e-01   3.06e-01   2.74e+00   0.00e+00 (  3.14e+02,  2.60e+02)
45      0.200   4.67e-01   7.62e-01   3.15e-01   2.38e+00   0.00e+00 (  2.63e+02,  2.65e+02)
50      0.201   5.11e-01   9.30e-01   4.15e-01   2.51e+00   0.00e+00 (  2.27e+02,  2.66e+02)
55      0.179   5.16e-01   9.59e-01   4.96e-01   2.33e+00   0.00e+00 (  1.83e+02,  2.61e+02)
60      0.196   5.34e-01   1.04e+00   6.29e-01   2.65e+00   0.00e+00 (  1.56e+02,  2.54e+02)
65      0.197   5.17e-01   1.02e+00   7.00e-01   2.74e+00   0.00e+00 (  1.27e+02,  2.44e+02)
70      0.237   5.80e-01   1.21e+00   8.92e-01   3.38e+00   0.00e+00 (  1.22e+02,  2.32e+02)
75      0.225   5.85e-01   1.21e+00   9.53e-01   3.28e+00   0.00e+00 (  1.12e+02,  2.20e+02)
80      0.194   5.45e-01   1.13e+00   8.90e-01   2.99e+00   0.00e+00 (  1.02e+02,  2.07e+02)
85      0.205   5.46e-01   1.04e+00   8.06e-01   3.95e+00   0.00e+00 (  9.38e+01,  1.96e+02)
90      0.399   9.13e-01   1.29e+00   8.41e-01   1.52e+01   0.00e+00 (  1.88e+02,  1.85e+02)
95      0.363   6.61e-01   9.28e-01   6.93e-01   2.55e+01   0.00e+00 (  2.85e+02,  1.76e+02)
 6 e: 2.376e-03 i: 5.284e-03 :: e: 2.336e-01 i: 1.686e-01 :: n: 2.762e+01 e:25.680 i:31.010 v:4.993e+03
>>> tau_he = 5.000000, nhe(0)=3.505927e+00
 5     -0.064   1.83e-02   4.57e-01   7.21e-03  -2.84e-01   0.00e+00 (  1.14e+01,  5.11e+01)
10     -0.476   1.32e-01   1.19e-02  -6.00e-02  -2.69e+00   0.00e+00 (  1.16e+02,  9.95e+01)
15     -0.167   1.72e-01   9.99e-02  -4.10e-02  -1.13e+00   0.00e+00 (  1.35e+02,  1.39e+02)
20     -0.023   1.81e-01   1.38e-01  -6.17e-03  -1.82e-01   0.00e+00 (  1.45e+02,  1.80e+02)
25      0.304   4.37e-01   4.55e-01   2.59e-01   2.67e+00   0.00e+00 (  3.38e+02,  2.12e+02)
30      0.367   4.59e-01   4.96e-01   2.93e-01   3.55e+00   0.00e+00 (  3.56e+02,  2.34e+02)
35      0.268   4.39e-01   5.61e-01   3.20e-01   2.81e+00   0.00e+00 (  3.34e+02,  2.50e+02)
40      0.214   4.32e-01   6.44e-01   2.86e-01   2.41e+00   0.00e+00 (  2.91e+02,  2.60e+02)
45      0.181   4.53e-01   7.13e-01   3.00e-01   2.16e+00   0.00e+00 (  2.47e+02,  2.65e+02)
50      0.190   4.99e-01   8.75e-01   3.83e-01   2.38e+00   0.00e+00 (  2.18e+02,  2.66e+02)
55      0.178   5.11e-01   9.23e-01   4.85e-01   2.32e+00   0.00e+00 (  1.81e+02,  2.61e+02)
60      0.197   5.35e-01   1.02e+00   6.11e-01   2.66e+00   0.00e+00 (  1.57e+02,  2.54e+02)
65      0.200   5.21e-01   1.01e+00   6.95e-01   2.78e+00   0.00e+00 (  1.29e+02,  2.44e+02)
70      0.243   5.86e-01   1.21e+00   8.91e-01   3.46e+00   0.00e+00 (  1.24e+02,  2.32e+02)
75      0.232   5.95e-01   1.22e+00   9.64e-01   3.39e+00   0.00e+00 (  1.15e+02,  2.20e+02)
80      0.204   5.59e-01   1.15e+00   9.15e-01   3.15e+00   0.00e+00 (  1.05e+02,  2.07e+02)
85      0.217   5.61e-01   1.08e+00   8.44e-01   4.17e+00   0.00e+00 (  9.61e+01,  1.96e+02)
90      0.402   9.17e-01   1.30e+00   8.49e-01   1.53e+01   0.00e+00 (  1.88e+02,  1.85e+02)
95      0.363   6.61e-01   9.28e-01   6.93e-01   2.55e+01   0.00e+00 (  2.85e+02,  1.76e+02)
 7 e: 1.258e-03 i: 3.016e-03 :: e: 1.641e-01 i: 1.219e-01 :: n: 2.762e+01 e:25.309 i:30.567 v:4.993e+03
>>> tau_he = 5.000000, nhe(0)=3.483237e+00
 5     -0.063   1.80e-02   4.45e-01   7.23e-03  -2.82e-01   0.00e+00 (  1.14e+01,  5.11e+01)
10     -0.428   1.30e-01   1.18e-02  -6.03e-02  -2.42e+00   0.00e+00 (  1.11e+02,  9.95e+01)
15      0.196   4.79e-01   5.50e-01   1.62e-01   1.33e+00   0.00e+00 (  3.76e+02,  1.39e+02)
20      0.227   4.19e-01   4.58e-01   2.05e-01   1.77e+00   0.00e+00 (  3.32e+02,  1.80e+02)
25      0.279   4.00e-01   4.27e-01   2.36e-01   2.45e+00   0.00e+00 (  2.94e+02,  2.12e+02)
30      0.326   4.22e-01   4.63e-01   2.94e-01   3.15e+00   0.00e+00 (  3.08e+02,  2.34e+02)
35      0.242   4.26e-01   5.50e-01   2.72e-01   2.54e+00   0.00e+00 (  3.07e+02,  2.50e+02)
40      0.205   4.28e-01   6.44e-01   2.79e-01   2.30e+00   0.00e+00 (  2.77e+02,  2.60e+02)
45      0.200   4.69e-01   7.81e-01   3.28e-01   2.39e+00   0.00e+00 (  2.50e+02,  2.65e+02)
50      0.191   4.97e-01   8.79e-01   3.86e-01   2.39e+00   0.00e+00 (  2.14e+02,  2.66e+02)
55      0.181   5.17e-01   9.44e-01   4.95e-01   2.36e+00   0.00e+00 (  1.83e+02,  2.61e+02)
60      0.199   5.45e-01   1.05e+00   6.26e-01   2.68e+00   0.00e+00 (  1.62e+02,  2.54e+02)
65      0.200   5.34e-01   1.04e+00   7.14e-01   2.79e+00   0.00e+00 (  1.35e+02,  2.44e+02)
70      0.242   5.98e-01   1.24e+00   9.11e-01   3.45e+00   0.00e+00 (  1.30e+02,  2.32e+02)
75      0.230   6.06e-01   1.24e+00   9.82e-01   3.35e+00   0.00e+00 (  1.20e+02,  2.20e+02)
80      0.202   5.69e-01   1.17e+00   9.30e-01   3.11e+00   0.00e+00 (  1.10e+02,  2.07e+02)
85      0.216   5.68e-01   1.09e+00   8.55e-01   4.16e+00   0.00e+00 (  9.98e+01,  1.96e+02)
90      0.402   9.17e-01   1.30e+00   8.50e-01   1.53e+01   0.00e+00 (  1.89e+02,  1.85e+02)
95      0.363   6.61e-01   9.28e-01   6.93e-01   2.55e+01   0.00e+00 (  2.85e+02,  1.76e+02)
 8 e: 1.562e-03 i: 2.248e-03 :: e: 1.734e-01 i: 1.329e-01 :: n: 2.762e+01 e:24.597 i:30.076 v:4.993e+03
>>> tau_he = 5.000000, nhe(0)=3.457440e+00
 5     -0.067   1.77e-02   4.24e-01   7.02e-03  -2.97e-01   0.00e+00 (  1.13e+01,  5.11e+01)
10     -0.380   1.39e-01   1.84e-02  -6.11e-02  -2.15e+00   0.00e+00 (  1.15e+02,  9.95e+01)
15     -0.105   1.56e-01   9.34e-02  -3.84e-02  -7.13e-01   0.00e+00 (  1.11e+02,  1.39e+02)
20      0.008   1.79e-01   1.52e-01  -4.69e-03   6.41e-02   0.00e+00 (  1.32e+02,  1.80e+02)
25      0.256   3.76e-01   3.97e-01   2.11e-01   2.25e+00   0.00e+00 (  2.65e+02,  2.12e+02)
30      0.214   3.91e-01   4.70e-01   2.64e-01   2.07e+00   0.00e+00 (  2.73e+02,  2.34e+02)
35      0.210   4.00e-01   5.26e-01   2.63e-01   2.20e+00   0.00e+00 (  2.76e+02,  2.50e+02)
40      0.186   4.15e-01   6.16e-01   2.42e-01   2.09e+00   0.00e+00 (  2.59e+02,  2.60e+02)
45      0.189   4.52e-01   7.44e-01   3.14e-01   2.25e+00   0.00e+00 (  2.34e+02,  2.65e+02)
50      0.186   4.87e-01   8.46e-01   3.71e-01   2.33e+00   0.00e+00 (  2.06e+02,  2.66e+02)
55      0.181   5.11e-01   9.22e-01   4.84e-01   2.36e+00   0.00e+00 (  1.79e+02,  2.61e+02)
60      0.199   5.42e-01   1.03e+00   6.17e-01   2.69e+00   0.00e+00 (  1.61e+02,  2.54e+02)
65      0.202   5.34e-01   1.04e+00   7.08e-01   2.80e+00   0.00e+00 (  1.36e+02,  2.44e+02)
70      0.245   6.01e-01   1.24e+00   9.10e-01   3.50e+00   0.00e+00 (  1.31e+02,  2.32e+02)
75      0.233   6.11e-01   1.25e+00   9.86e-01   3.41e+00   0.00e+00 (  1.22e+02,  2.20e+02)
80      0.206   5.78e-01   1.19e+00   9.45e-01   3.18e+00   0.00e+00 (  1.12e+02,  2.07e+02)
85      0.222   5.76e-01   1.11e+00   8.74e-01   4.28e+00   0.00e+00 (  1.01e+02,  1.96e+02)
90      0.404   9.18e-01   1.31e+00   8.55e-01   1.54e+01   0.00e+00 (  1.89e+02,  1.85e+02)
95      0.363   6.61e-01   9.28e-01   6.93e-01   2.55e+01   0.00e+00 (  2.85e+02,  1.76e+02)
 9 e: 3.609e-04 i: 1.511e-03 :: e: 1.136e-01 i: 8.995e-02 :: n: 2.762e+01 e:24.478 i:29.723 v:4.993e+03
>>> tau_he = 5.000000, nhe(0)=3.438205e+00
 5     -0.066   1.75e-02   4.16e-01   7.21e-03  -2.92e-01   0.00e+00 (  1.12e+01,  5.11e+01)
10     -0.361   1.36e-01   1.67e-02  -5.95e-02  -2.04e+00   0.00e+00 (  1.10e+02,  9.95e+01)
15      0.207   4.37e-01   4.87e-01   1.22e-01   1.40e+00   0.00e+00 (  3.15e+02,  1.39e+02)
20      0.229   3.81e-01   4.18e-01   1.78e-01   1.79e+00   0.00e+00 (  2.83e+02,  1.80e+02)
25      0.163   3.48e-01   4.12e-01   2.05e-01   1.43e+00   0.00e+00 (  2.41e+02,  2.12e+02)
30      0.193   3.73e-01   4.61e-01   2.51e-01   1.86e+00   0.00e+00 (  2.54e+02,  2.34e+02)
35      0.195   3.90e-01   5.18e-01   2.40e-01   2.05e+00   0.00e+00 (  2.61e+02,  2.50e+02)
40      0.175   4.11e-01   6.14e-01   2.30e-01   1.97e+00   0.00e+00 (  2.50e+02,  2.60e+02)
45      0.182   4.48e-01   7.41e-01   3.12e-01   2.17e+00   0.00e+00 (  2.28e+02,  2.65e+02)
50      0.183   4.86e-01   8.49e-01   3.73e-01   2.29e+00   0.00e+00 (  2.05e+02,  2.66e+02)
55      0.181   5.14e-01   9.34e-01   4.90e-01   2.36e+00   0.00e+00 (  1.81e+02,  2.61e+02)
60      0.199   5.47e-01   1.04e+00   6.24e-01   2.68e+00   0.00e+00 (  1.63e+02,  2.54e+02)
65      0.200   5.39e-01   1.05e+00   7.16e-01   2.78e+00   0.00e+00 (  1.39e+02,  2.44e+02)
70      0.244   6.07e-01   1.25e+00   9.20e-01   3.47e+00   0.00e+00 (  1.34e+02,  2.32e+02)
75      0.231   6.16e-01   1.26e+00   9.94e-01   3.37e+00   0.00e+00 (  1.25e+02,  2.20e+02)
80      0.204   5.82e-01   1.20e+00   9.50e-01   3.14e+00   0.00e+00 (  1.15e+02,  2.07e+02)
85      0.221   5.79e-01   1.12e+00   8.78e-01   4.26e+00   0.00e+00 (  1.03e+02,  1.96e+02)
90      0.403   9.18e-01   1.31e+00   8.54e-01   1.54e+01   0.00e+00 (  1.89e+02,  1.85e+02)
95      0.363   6.61e-01   9.28e-01   6.93e-01   2.55e+01   0.00e+00 (  2.85e+02,  1.76e+02)
10 e: 8.691e-04 i: 1.230e-03 :: e: 1.201e-01 i: 9.570e-02 :: n: 2.762e+01 e:23.973 i:29.356 v:4.993e+03
>>> tau_he = 5.000000, nhe(0)=3.417761e+00
 5     -0.067   1.73e-02   4.02e-01   6.90e-03  -2.98e-01   0.00e+00 (  1.11e+01,  5.11e+01)
10     -0.304   1.28e-01   1.93e-02  -6.14e-02  -1.72e+00   0.00e+00 (  1.00e+02,  9.95e+01)
15     -0.078   1.50e-01   8.92e-02  -3.59e-02  -5.27e-01   0.00e+00 (  1.01e+02,  1.39e+02)
20      0.023   1.69e-01   1.48e-01  -1.99e-03   1.81e-01   0.00e+00 (  1.19e+02,  1.80e+02)
25      0.054   1.96e-01   1.83e-01   1.26e-02   4.74e-01   0.00e+00 (  1.32e+02,  2.12e+02)
30      0.179   3.61e-01   4.44e-01   2.32e-01   1.73e+00   0.00e+00 (  2.40e+02,  2.34e+02)
35      0.180   3.78e-01   5.01e-01   2.38e-01   1.89e+00   0.00e+00 (  2.46e+02,  2.50e+02)
40      0.167   4.02e-01   5.92e-01   2.16e-01   1.88e+00   0.00e+00 (  2.37e+02,  2.60e+02)
45      0.175   4.37e-01   7.13e-01   3.01e-01   2.08e+00   0.00e+00 (  2.18e+02,  2.65e+02)
50      0.181   4.77e-01   8.20e-01   3.57e-01   2.26e+00   0.00e+00 (  1.97e+02,  2.66e+02)
55      0.182   5.09e-01   9.16e-01   4.81e-01   2.37e+00   0.00e+00 (  1.77e+02,  2.61e+02)
60      0.199   5.43e-01   1.03e+00   6.15e-01   2.69e+00   0.00e+00 (  1.61e+02,  2.54e+02)
65      0.200   5.37e-01   1.04e+00   7.09e-01   2.78e+00   0.00e+00 (  1.38e+02,  2.44e+02)
70      0.245   6.07e-01   1.24e+00   9.16e-01   3.49e+00   0.00e+00 (  1.34e+02,  2.32e+02)
75      0.233   6.17e-01   1.26e+00   9.93e-01   3.40e+00   0.00e+00 (  1.24e+02,  2.20e+02)
80      0.207   5.83e-01   1.20e+00   9.53e-01   3.19e+00   0.00e+00 (  1.15e+02,  2.07e+02)
85      0.225   5.83e-01   1.12e+00   8.85e-01   4.33e+00   0.00e+00 (  1.03e+02,  1.96e+02)
90      0.405   9.19e-01   1.31e+00   8.57e-01   1.54e+01   0.00e+00 (  1.89e+02,  1.85e+02)
95      0.363   6.61e-01   9.28e-01   6.93e-01   2.55e+01   0.00e+00 (  2.85e+02,  1.76e+02)
11 e: 2.507e-04 i: 1.036e-03 :: e: 9.662e-02 i: 7.325e-02 :: n: 2.762e+01 e:23.976 i:29.192 v:4.993e+03
>>> tau_he = 5.000000, nhe(0)=3.408344e+00
 5     -0.065   1.71e-02   4.00e-01   7.15e-03  -2.91e-01   0.00e+00 (  1.10e+01,  5.11e+01)
10     -0.298   1.47e-01   6.52e-02  -6.44e-02  -1.68e+00   0.00e+00 (  1.14e+02,  9.95e+01)
15      0.205   4.11e-01   4.47e-01   9.97e-02   1.39e+00   0.00e+00 (  2.80e+02,  1.39e+02)
20      0.231   3.65e-01   4.00e-01   1.67e-01   1.80e+00   0.00e+00 (  2.62e+02,  1.80e+02)
25      0.159   3.41e-01   4.04e-01   2.03e-01   1.39e+00   0.00e+00 (  2.34e+02,  2.12e+02)
30      0.171   3.51e-01   4.40e-01   2.26e-01   1.65e+00   0.00e+00 (  2.31e+02,  2.34e+02)
35      0.169   3.67e-01   4.96e-01   2.18e-01   1.77e+00   0.00e+00 (  2.35e+02,  2.50e+02)
40      0.162   3.93e-01   5.90e-01   2.11e-01   1.82e+00   0.00e+00 (  2.29e+02,  2.60e+02)
45      0.171   4.35e-01   7.12e-01   3.00e-01   2.03e+00   0.00e+00 (  2.14e+02,  2.65e+02)
50      0.179   4.77e-01   8.25e-01   3.55e-01   2.23e+00   0.00e+00 (  1.97e+02,  2.66e+02)
55      0.181   5.11e-01   9.26e-01   4.86e-01   2.36e+00   0.00e+00 (  1.77e+02,  2.61e+02)
60      0.198   5.46e-01   1.04e+00   6.20e-01   2.67e+00   0.00e+00 (  1.62e+02,  2.54e+02)
65      0.197   5.41e-01   1.04e+00   7.09e-01   2.74e+00   0.00e+00 (  1.40e+02,  2.44e+02)
70      0.243   6.10e-01   1.25e+00   9.23e-01   3.45e+00   0.00e+00 (  1.36e+02,  2.32e+02)
75      0.230   6.18e-01   1.26e+00   9.95e-01   3.35e+00   0.00e+00 (  1.26e+02,  2.20e+02)
80      0.204   5.84e-01   1.20e+00   9.53e-01   3.14e+00   0.00e+00 (  1.16e+02,  2.07e+02)
85      0.224   5.82e-01   1.12e+00   8.85e-01   4.31e+00   0.00e+00 (  1.04e+02,  1.96e+02)
90      0.404   9.19e-01   1.31e+00   8.56e-01   1.54e+01   0.00e+00 (  1.89e+02,  1.85e+02)
95      0.363   6.61e-01   9.28e-01   6.93e-01   2.55e+01   0.00e+00 (  2.85e+02,  1.76e+02)
12 e: 4.732e-04 i: 1.405e-03 :: e: 9.378e-02 i: 7.389e-02 :: n: 2.762e+01 e:23.632 i:28.430 v:4.993e+03
>>> tau_he = 5.000000, nhe(0)=3.363575e+00
 5     -0.063   1.64e-02   3.80e-01   7.15e-03  -2.81e-01   0.00e+00 (  1.06e+01,  5.11e+01)
10     -0.216   1.34e-01   8.90e-02  -3.23e-02  -1.22e+00   0.00e+00 (  1.01e+02,  9.95e+01)
15     -0.049   1.61e-01   1.13e-01  -3.30e-02  -3.28e-01   0.00e+00 (  1.04e+02,  1.39e+02)
20      0.026   1.61e-01   1.44e-01  -2.95e-04   2.07e-01   0.00e+00 (  1.12e+02,  1.80e+02)
25      0.148   3.23e-01   3.91e-01   1.90e-01   1.30e+00   0.00e+00 (  2.18e+02,  2.12e+02)
30      0.162   3.42e-01   4.29e-01   2.14e-01   1.56e+00   0.00e+00 (  2.22e+02,  2.34e+02)
35      0.158   3.57e-01   4.83e-01   2.20e-01   1.65e+00   0.00e+00 (  2.24e+02,  2.50e+02)
40      0.154   3.85e-01   5.74e-01   2.11e-01   1.73e+00   0.00e+00 (  2.20e+02,  2.60e+02)
45      0.164   4.26e-01   6.92e-01   2.92e-01   1.95e+00   0.00e+00 (  2.07e+02,  2.65e+02)
50      0.174   4.69e-01   8.07e-01   3.46e-01   2.18e+00   0.00e+00 (  1.91e+02,  2.66e+02)
55      0.180   5.05e-01   9.11e-01   4.78e-01   2.35e+00   0.00e+00 (  1.74e+02,  2.61e+02)
60      0.197   5.41e-01   1.02e+00   6.12e-01   2.66e+00   0.00e+00 (  1.60e+02,  2.54e+02)
65      0.196   5.38e-01   1.03e+00   7.00e-01   2.73e+00   0.00e+00 (  1.39e+02,  2.44e+02)
70      0.242   6.08e-01   1.24e+00   9.21e-01   3.45e+00   0.00e+00 (  1.35e+02,  2.32e+02)
75      0.230   6.16e-01   1.25e+00   9.90e-01   3.36e+00   0.00e+00 (  1.25e+02,  2.20e+02)
80      0.205   5.83e-01   1.20e+00   9.50e-01   3.16e+00   0.00e+00 (  1.15e+02,  2.07e+02)
85      0.226   5.83e-01   1.12e+00   8.86e-01   4.35e+00   0.00e+00 (  1.03e+02,  1.96e+02)
90      0.405   9.20e-01   1.31e+00   8.57e-01   1.54e+01   0.00e+00 (  1.89e+02,  1.85e+02)
95      0.363   6.61e-01   9.28e-01   6.93e-01   2.55e+01   0.00e+00 (  2.85e+02,  1.76e+02)
13 e: 1.866e-04 i: 7.519e-04 :: e: 6.916e-02 i: 5.467e-02 :: n: 2.762e+01 e:23.443 i:27.608 v:4.993e+03
>>> tau_he = 5.000000, nhe(0)=3.311907e+00
 5     -0.055   1.55e-02   3.64e-01   7.53e-03  -2.46e-01   0.00e+00 (  9.93e+00,  5.11e+01)
10     -0.240   1.28e-01   7.71e-02  -2.20e-02  -1.36e+00   0.00e+00 (  9.41e+01,  9.95e+01)
15     -0.061   1.55e-01   1.11e-01  -3.12e-02  -4.15e-01   0.00e+00 (  1.00e+02,  1.39e+02)
20      0.023   1.57e-01   1.49e-01  -1.69e-02   1.82e-01   0.00e+00 (  1.09e+02,  1.80e+02)
25      0.049   1.83e-01   1.80e-01   2.05e-02   4.31e-01   0.00e+00 (  1.22e+02,  2.12e+02)
30      0.156   3.49e-01   4.09e-01   1.96e-01   1.51e+00   0.00e+00 (  2.23e+02,  2.34e+02)
35      0.148   3.64e-01   4.77e-01   2.31e-01   1.56e+00   0.00e+00 (  2.25e+02,  2.50e+02)
40      0.150   3.79e-01   5.70e-01   2.22e-01   1.68e+00   0.00e+00 (  2.13e+02,  2.60e+02)
45      0.159   4.21e-01   6.87e-01   2.90e-01   1.89e+00   0.00e+00 (  2.02e+02,  2.65e+02)
50      0.171   4.65e-01   8.05e-01   3.46e-01   2.14e+00   0.00e+00 (  1.87e+02,  2.66e+02)
55      0.178   5.03e-01   9.11e-01   4.79e-01   2.32e+00   0.00e+00 (  1.72e+02,  2.61e+02)
60      0.194   5.38e-01   1.02e+00   6.11e-01   2.62e+00   0.00e+00 (  1.58e+02,  2.54e+02)
65      0.193   5.35e-01   1.03e+00   6.98e-01   2.68e+00   0.00e+00 (  1.38e+02,  2.44e+02)
70      0.239   6.06e-01   1.24e+00   9.18e-01   3.40e+00   0.00e+00 (  1.35e+02,  2.32e+02)
75      0.227   6.13e-01   1.25e+00   9.84e-01   3.31e+00   0.00e+00 (  1.25e+02,  2.20e+02)
80      0.202   5.80e-01   1.19e+00   9.44e-01   3.12e+00   0.00e+00 (  1.15e+02,  2.07e+02)
85      0.224   5.80e-01   1.12e+00   8.81e-01   4.31e+00   0.00e+00 (  1.02e+02,  1.96e+02)
90      0.404   9.19e-01   1.31e+00   8.55e-01   1.54e+01   0.00e+00 (  1.88e+02,  1.85e+02)
95      0.363   6.61e-01   9.28e-01   6.93e-01   2.55e+01   0.00e+00 (  2.85e+02,  1.76e+02)
14 e: 3.586e-04 i: 5.275e-04 :: e: 7.918e-02 i: 5.246e-02 :: n: 2.762e+01 e:23.152 i:27.111 v:4.993e+03
>>> tau_he = 5.000000, nhe(0)=3.278969e+00
 5     -0.051   1.50e-02   3.54e-01   7.05e-03  -2.28e-01   0.00e+00 (  9.48e+00,  5.11e+01)
10     -0.244   1.15e-01   6.57e-02  -1.70e-02  -1.38e+00   0.00e+00 (  8.21e+01,  9.95e+01)
15     -0.074   1.49e-01   1.07e-01  -3.06e-02  -5.00e-01   0.00e+00 (  9.68e+01,  1.39e+02)
20      0.025   1.57e-01   1.48e-01  -2.18e-02   1.93e-01   0.00e+00 (  1.10e+02,  1.80e+02)
25      0.146   3.08e-01   3.77e-01   1.86e-01   1.28e+00   0.00e+00 (  2.05e+02,  2.12e+02)
30      0.148   3.37e-01   3.94e-01   1.87e-01   1.43e+00   0.00e+00 (  2.11e+02,  2.34e+02)
35      0.140   3.52e-01   4.60e-01   2.20e-01   1.47e+00   0.00e+00 (  2.11e+02,  2.50e+02)
40      0.142   3.68e-01   5.50e-01   2.14e-01   1.59e+00   0.00e+00 (  2.01e+02,  2.60e+02)
45      0.151   4.11e-01   6.65e-01   2.82e-01   1.80e+00   0.00e+00 (  1.92e+02,  2.65e+02)
50      0.166   4.54e-01   7.83e-01   3.37e-01   2.08e+00   0.00e+00 (  1.79e+02,  2.66e+02)
55      0.175   4.92e-01   8.90e-01   4.68e-01   2.28e+00   0.00e+00 (  1.65e+02,  2.61e+02)
60      0.191   5.28e-01   1.00e+00   5.98e-01   2.58e+00   0.00e+00 (  1.53e+02,  2.54e+02)
65      0.190   5.26e-01   1.01e+00   6.83e-01   2.64e+00   0.00e+00 (  1.34e+02,  2.44e+02)
70      0.236   5.97e-01   1.22e+00   9.03e-01   3.37e+00   0.00e+00 (  1.31e+02,  2.32e+02)
75      0.225   6.05e-01   1.23e+00   9.69e-01   3.29e+00   0.00e+00 (  1.21e+02,  2.20e+02)
80      0.202   5.74e-01   1.17e+00   9.34e-01   3.11e+00   0.00e+00 (  1.12e+02,  2.07e+02)
85      0.225   5.77e-01   1.11e+00   8.75e-01   4.33e+00   0.00e+00 (  1.00e+02,  1.96e+02)
90      0.404   9.19e-01   1.31e+00   8.54e-01   1.54e+01   0.00e+00 (  1.87e+02,  1.85e+02)
95      0.363   6.61e-01   9.28e-01   6.93e-01   2.55e+01   0.00e+00 (  2.85e+02,  1.76e+02)
15 e: 1.522e-04 i: 4.296e-04 :: e: 6.512e-02 i: 3.986e-02 :: n: 2.762e+01 e:22.993 i:26.629 v:4.993e+03
>>> tau_he = 5.000000, nhe(0)=3.245884e+00
 5     -0.048   1.45e-02   3.45e-01   7.05e-03  -2.15e-01   0.00e+00 (  9.08e+00,  5.11e+01)
10     -0.240   1.09e-01   6.04e-02  -1.41e-02  -1.36e+00   0.00e+00 (  7.74e+01,  9.95e+01)
15     -0.078   1.46e-01   1.08e-01  -3.03e-02  -5.30e-01   0.00e+00 (  9.55e+01,  1.39e+02)
20      0.106   2.97e-01   3.74e-01   1.50e-01   8.25e-01   0.00e+00 (  2.09e+02,  1.80e+02)
25      0.052   1.79e-01   1.78e-01   2.64e-02   4.53e-01   0.00e+00 (  1.18e+02,  2.12e+02)
30      0.139   3.26e-01   3.85e-01   1.81e-01   1.35e+00   0.00e+00 (  2.01e+02,  2.34e+02)
35      0.135   3.44e-01   4.53e-01   2.15e-01   1.41e+00   0.00e+00 (  2.03e+02,  2.50e+02)
40      0.134   3.61e-01   5.43e-01   2.29e-01   1.51e+00   0.00e+00 (  1.94e+02,  2.60e+02)
45      0.147   4.06e-01   6.59e-01   2.79e-01   1.76e+00   0.00e+00 (  1.87e+02,  2.65e+02)
50      0.164   4.48e-01   7.77e-01   3.36e-01   2.05e+00   0.00e+00 (  1.74e+02,  2.66e+02)
55      0.173   4.86e-01   8.85e-01   4.65e-01   2.26e+00   0.00e+00 (  1.61e+02,  2.61e+02)
60      0.189   5.22e-01   9.93e-01   5.95e-01   2.55e+00   0.00e+00 (  1.50e+02,  2.54e+02)
65      0.186   5.19e-01   9.95e-01   6.75e-01   2.59e+00   0.00e+00 (  1.31e+02,  2.44e+02)
70      0.232   5.89e-01   1.20e+00   8.92e-01   3.30e+00   0.00e+00 (  1.28e+02,  2.32e+02)
75      0.220   5.97e-01   1.21e+00   9.51e-01   3.22e+00   0.00e+00 (  1.19e+02,  2.20e+02)
80      0.199   5.64e-01   1.16e+00   9.16e-01   3.07e+00   0.00e+00 (  1.09e+02,  2.07e+02)
85      0.223   5.69e-01   1.10e+00   8.65e-01   4.29e+00   0.00e+00 (  9.80e+01,  1.96e+02)
90      0.403   9.18e-01   1.30e+00   8.51e-01   1.53e+01   0.00e+00 (  1.86e+02,  1.85e+02)
95      0.363   6.61e-01   9.28e-01   6.93e-01   2.55e+01   0.00e+00 (  2.85e+02,  1.76e+02)
16 e: 2.090e-04 i: 3.656e-04 :: e: 8.006e-02 i: 4.850e-02 :: n: 2.762e+01 e:22.757 i:26.229 v:4.993e+03
>>> tau_he = 5.000000, nhe(0)=3.217392e+00
 5     -0.046   1.42e-02   3.37e-01   7.25e-03  -2.07e-01   0.00e+00 (  8.87e+00,  5.11e+01)
10     -0.234   1.04e-01   5.60e-02  -1.18e-02  -1.32e+00   0.00e+00 (  7.32e+01,  9.95e+01)
15     -0.080   1.41e-01   1.05e-01  -2.90e-02  -5.39e-01   0.00e+00 (  9.26e+01,  1.39e+02)
20      0.022   1.46e-01   1.41e-01  -7.72e-03   1.75e-01   0.00e+00 (  1.01e+02,  1.80e+02)
25      0.138   2.93e-01   3.64e-01   1.81e-01   1.21e+00   0.00e+00 (  1.94e+02,  2.12e+02)
30      0.135   3.18e-01   3.77e-01   1.77e-01   1.31e+00   0.00e+00 (  1.94e+02,  2.34e+02)
35      0.130   3.36e-01   4.43e-01   2.10e-01   1.36e+00   0.00e+00 (  1.95e+02,  2.50e+02)
40      0.132   3.54e-01   5.32e-01   2.27e-01   1.49e+00   0.00e+00 (  1.87e+02,  2.60e+02)
45      0.143   3.97e-01   6.45e-01   2.74e-01   1.71e+00   0.00e+00 (  1.80e+02,  2.65e+02)
50      0.161   4.39e-01   7.62e-01   3.30e-01   2.01e+00   0.00e+00 (  1.68e+02,  2.66e+02)
55      0.172   4.77e-01   8.69e-01   4.57e-01   2.25e+00   0.00e+00 (  1.55e+02,  2.61e+02)
60      0.187   5.13e-01   9.75e-01   5.85e-01   2.52e+00   0.00e+00 (  1.45e+02,  2.54e+02)
65      0.184   5.10e-01   9.76e-01   6.63e-01   2.55e+00   0.00e+00 (  1.27e+02,  2.44e+02)
70      0.229   5.79e-01   1.18e+00   8.75e-01   3.26e+00   0.00e+00 (  1.24e+02,  2.32e+02)
75      0.218   5.87e-01   1.18e+00   9.33e-01   3.18e+00   0.00e+00 (  1.15e+02,  2.20e+02)
80      0.198   5.56e-01   1.14e+00   9.02e-01   3.05e+00   0.00e+00 (  1.06e+02,  2.07e+02)
85      0.222   5.63e-01   1.09e+00   8.55e-01   4.28e+00   0.00e+00 (  9.53e+01,  1.96e+02)
90      0.403   9.19e-01   1.30e+00   8.49e-01   1.53e+01   0.00e+00 (  1.85e+02,  1.85e+02)
95      0.363   6.61e-01   9.28e-01   6.93e-01   2.55e+01   0.00e+00 (  2.85e+02,  1.76e+02)
17 e: 1.059e-04 i: 3.015e-04 :: e: 7.548e-02 i: 4.142e-02 :: n: 2.762e+01 e:22.630 i:25.904 v:4.993e+03
>>> tau_he = 5.000000, nhe(0)=3.193632e+00
 5     -0.045   1.38e-02   3.30e-01   7.21e-03  -1.99e-01   0.00e+00 (  8.55e+00,  5.11e+01)
10     -0.157   9.71e-02   4.31e-02  -2.22e-02  -8.90e-01   0.00e+00 (  6.81e+01,  9.95e+01)
15     -0.075   1.41e-01   1.16e-01  -7.81e-02  -5.05e-01   0.00e+00 (  9.34e+01,  1.39e+02)
20      0.021   1.46e-01   1.41e-01  -1.87e-02   1.68e-01   0.00e+00 (  1.02e+02,  1.80e+02)
25      0.048   1.73e-01   1.75e-01   2.84e-02   4.24e-01   0.00e+00 (  1.13e+02,  2.12e+02)
30      0.131   3.11e-01   3.72e-01   1.74e-01   1.27e+00   0.00e+00 (  1.88e+02,  2.34e+02)
35      0.126   3.30e-01   4.38e-01   2.07e-01   1.32e+00   0.00e+00 (  1.89e+02,  2.50e+02)
40      0.126   3.52e-01   5.27e-01   2.25e-01   1.42e+00   0.00e+00 (  1.84e+02,  2.60e+02)
45      0.141   3.92e-01   6.40e-01   2.72e-01   1.68e+00   0.00e+00 (  1.76e+02,  2.65e+02)
50      0.159   4.31e-01   7.58e-01   3.29e-01   1.99e+00   0.00e+00 (  1.63e+02,  2.66e+02)
55      0.171   4.71e-01   8.64e-01   4.55e-01   2.23e+00   0.00e+00 (  1.52e+02,  2.61e+02)
60      0.185   5.07e-01   9.67e-01   5.81e-01   2.49e+00   0.00e+00 (  1.42e+02,  2.54e+02)
65      0.181   5.04e-01   9.65e-01   6.56e-01   2.51e+00   0.00e+00 (  1.25e+02,  2.44e+02)
70      0.224   5.70e-01   1.16e+00   8.62e-01   3.19e+00   0.00e+00 (  1.21e+02,  2.32e+02)
75      0.213   5.77e-01   1.16e+00   9.17e-01   3.12e+00   0.00e+00 (  1.12e+02,  2.20e+02)
80      0.195   5.48e-01   1.12e+00   8.89e-01   3.01e+00   0.00e+00 (  1.04e+02,  2.07e+02)
85      0.220   5.57e-01   1.07e+00   8.43e-01   4.24e+00   0.00e+00 (  9.30e+01,  1.96e+02)
90      0.402   9.18e-01   1.30e+00   8.46e-01   1.53e+01   0.00e+00 (  1.84e+02,  1.85e+02)
95      0.363   6.61e-01   9.28e-01   6.93e-01   2.55e+01   0.00e+00 (  2.85e+02,  1.76e+02)
18 e: 1.441e-04 i: 2.347e-04 :: e: 9.084e-02 i: 4.585e-02 :: n: 2.762e+01 e:22.521 i:25.798 v:4.993e+03
>>> tau_he = 5.000000, nhe(0)=3.185770e+00
 5     -0.044   1.36e-02   3.27e-01   7.51e-03  -1.95e-01   0.00e+00 (  8.35e+00,  5.11e+01)
10     -0.155   9.49e-02   4.08e-02  -2.09e-02  -8.76e-01   0.00e+00 (  6.64e+01,  9.95e+01)
15      0.019   2.99e-01   3.75e-01   7.45e-02   1.28e-01   0.00e+00 (  1.99e+02,  1.39e+02)
20      0.099   2.80e-01   3.54e-01   1.44e-01   7.70e-01   0.00e+00 (  1.97e+02,  1.80e+02)
25      0.134   2.83e-01   3.58e-01   1.81e-01   1.17e+00   0.00e+00 (  1.87e+02,  2.12e+02)
30      0.128   3.06e-01   3.67e-01   1.72e-01   1.24e+00   0.00e+00 (  1.84e+02,  2.34e+02)
35      0.123   3.24e-01   4.31e-01   2.04e-01   1.29e+00   0.00e+00 (  1.84e+02,  2.50e+02)
40      0.123   3.46e-01   5.19e-01   2.25e-01   1.39e+00   0.00e+00 (  1.78e+02,  2.60e+02)
45      0.138   3.86e-01   6.31e-01   2.68e-01   1.65e+00   0.00e+00 (  1.71e+02,  2.65e+02)
50      0.157   4.26e-01   7.48e-01   3.25e-01   1.96e+00   0.00e+00 (  1.60e+02,  2.66e+02)
55      0.169   4.65e-01   8.53e-01   4.50e-01   2.21e+00   0.00e+00 (  1.48e+02,  2.61e+02)
60      0.149   4.49e-01   8.05e-01   4.90e-01   2.01e+00   0.00e+00 (  1.24e+02,  2.54e+02)
65      0.179   4.97e-01   9.51e-01   6.47e-01   2.49e+00   0.00e+00 (  1.21e+02,  2.44e+02)
70      0.221   5.61e-01   1.14e+00   8.47e-01   3.15e+00   0.00e+00 (  1.18e+02,  2.32e+02)
75      0.210   5.68e-01   1.14e+00   9.00e-01   3.07e+00   0.00e+00 (  1.09e+02,  2.20e+02)
80      0.194   5.41e-01   1.11e+00   8.77e-01   3.00e+00   0.00e+00 (  1.01e+02,  2.07e+02)
85      0.220   5.50e-01   1.06e+00   8.31e-01   4.23e+00   0.00e+00 (  9.04e+01,  1.96e+02)
90      0.401   9.18e-01   1.30e+00   8.43e-01   1.53e+01   0.00e+00 (  1.83e+02,  1.85e+02)
95      0.363   6.61e-01   9.28e-01   6.93e-01   2.55e+01   0.00e+00 (  2.85e+02,  1.76e+02)
19 e: 1.451e-04 i: 6.739e-04 :: e: 9.066e-02 i: 6.354e-02 :: n: 2.762e+01 e:22.375 i:25.498 v:4.993e+03
>>> tau_he = 5.000000, nhe(0)=3.163018e+00
 5     -0.043   1.34e-02   3.18e-01   7.58e-03  -1.92e-01   0.00e+00 (  8.21e+00,  5.11e+01)
10     -0.153   9.39e-02   4.22e-02  -2.22e-02  -8.67e-01   0.00e+00 (  6.54e+01,  9.95e+01)
15     -0.077   1.32e-01   9.82e-02  -2.55e-02  -5.23e-01   0.00e+00 (  8.57e+01,  1.39e+02)
20      0.017   1.41e-01   1.38e-01  -9.81e-03   1.34e-01   0.00e+00 (  9.75e+01,  1.80e+02)
25      0.130   2.79e-01   3.54e-01   1.77e-01   1.14e+00   0.00e+00 (  1.84e+02,  2.12e+02)
30      0.127   3.04e-01   3.66e-01   1.72e-01   1.23e+00   0.00e+00 (  1.82e+02,  2.34e+02)
35      0.122   3.22e-01   4.29e-01   2.04e-01   1.28e+00   0.00e+00 (  1.82e+02,  2.50e+02)
40      0.122   3.44e-01   5.17e-01   2.25e-01   1.38e+00   0.00e+00 (  1.76e+02,  2.60e+02)
45      0.138   3.83e-01   6.29e-01   2.68e-01   1.64e+00   0.00e+00 (  1.69e+02,  2.65e+02)
50      0.157   4.24e-01   7.46e-01   3.24e-01   1.96e+00   0.00e+00 (  1.58e+02,  2.66e+02)
55      0.170   4.63e-01   8.53e-01   4.50e-01   2.22e+00   0.00e+00 (  1.47e+02,  2.61e+02)
60      0.152   4.51e-01   8.15e-01   4.96e-01   2.05e+00   0.00e+00 (  1.24e+02,  2.54e+02)
65      0.179   4.94e-01   9.48e-01   6.45e-01   2.48e+00   0.00e+00 (  1.20e+02,  2.44e+02)
70      0.218   5.56e-01   1.13e+00   8.34e-01   3.10e+00   0.00e+00 (  1.16e+02,  2.32e+02)
75      0.207   5.60e-01   1.13e+00   8.87e-01   3.03e+00   0.00e+00 (  1.07e+02,  2.20e+02)
80      0.193   5.35e-01   1.09e+00   8.67e-01   2.97e+00   0.00e+00 (  9.90e+01,  2.07e+02)
85      0.218   5.45e-01   1.05e+00   8.22e-01   4.21e+00   0.00e+00 (  8.86e+01,  1.96e+02)
90      0.401   9.18e-01   1.29e+00   8.41e-01   1.53e+01   0.00e+00 (  1.82e+02,  1.85e+02)
95      0.363   6.61e-01   9.28e-01   6.93e-01   2.55e+01   0.00e+00 (  2.85e+02,  1.76e+02)
20 e: 5.612e-05 i: 2.117e-04 :: e: 8.791e-02 i: 5.530e-02 :: n: 2.762e+01 e:22.318 i:25.379 v:4.993e+03
>>> tau_he = 5.000000, nhe(0)=3.153902e+00
 5     -0.042   1.32e-02   3.15e-01   7.54e-03  -1.87e-01   0.00e+00 (  8.00e+00,  5.11e+01)
10     -0.151   9.22e-02   4.03e-02  -2.12e-02  -8.52e-01   0.00e+00 (  6.40e+01,  9.95e+01)
15     -0.080   1.32e-01   1.00e-01  -2.60e-02  -5.40e-01   0.00e+00 (  8.64e+01,  1.39e+02)
20      0.020   1.42e-01   1.39e-01  -1.88e-02   1.58e-01   0.00e+00 (  9.88e+01,  1.80e+02)
25      0.045   1.68e-01   1.72e-01   2.92e-02   3.96e-01   0.00e+00 (  1.10e+02,  2.12e+02)
30      0.125   3.01e-01   3.62e-01   1.70e-01   1.21e+00   0.00e+00 (  1.80e+02,  2.34e+02)
35      0.120   3.20e-01   4.26e-01   2.02e-01   1.25e+00   0.00e+00 (  1.80e+02,  2.50e+02)
40      0.120   3.42e-01   5.14e-01   2.25e-01   1.35e+00   0.00e+00 (  1.74e+02,  2.60e+02)
45      0.136   3.81e-01   6.25e-01   2.66e-01   1.62e+00   0.00e+00 (  1.67e+02,  2.65e+02)
50      0.155   4.22e-01   7.42e-01   3.23e-01   1.94e+00   0.00e+00 (  1.56e+02,  2.66e+02)
55      0.169   4.61e-01   8.51e-01   4.49e-01   2.21e+00   0.00e+00 (  1.46e+02,  2.61e+02)
60      0.187   5.02e-01   9.69e-01   5.83e-01   2.52e+00   0.00e+00 (  1.38e+02,  2.54e+02)
65      0.178   4.92e-01   9.45e-01   6.43e-01   2.47e+00   0.00e+00 (  1.19e+02,  2.44e+02)
70      0.215   5.50e-01   1.12e+00   8.25e-01   3.06e+00   0.00e+00 (  1.15e+02,  2.32e+02)
75      0.205   5.55e-01   1.11e+00   8.77e-01   2.99e+00   0.00e+00 (  1.05e+02,  2.20e+02)
80      0.192   5.31e-01   1.08e+00   8.59e-01   2.96e+00   0.00e+00 (  9.75e+01,  2.07e+02)
85      0.218   5.41e-01   1.04e+00   8.16e-01   4.20e+00   0.00e+00 (  8.71e+01,  1.96e+02)
90      0.400   9.18e-01   1.29e+00   8.39e-01   1.52e+01   0.00e+00 (  1.81e+02,  1.85e+02)
95      0.363   6.61e-01   9.28e-01   6.93e-01   2.55e+01   0.00e+00 (  2.85e+02,  1.76e+02)
21 e: 8.410e-05 i: 1.788e-04 :: e: 9.051e-02 i: 4.885e-02 :: n: 2.762e+01 e:22.340 i:25.386 v:4.993e+03
>>> tau_he = 5.000000, nhe(0)=3.154474e+00
 5     -0.042   1.31e-02   3.16e-01   7.47e-03  -1.86e-01   0.00e+00 (  7.94e+00,  5.11e+01)
10     -0.151   9.14e-02   3.89e-02  -2.03e-02  -8.53e-01   0.00e+00 (  6.36e+01,  9.95e+01)
15     -0.088   1.34e-01   1.12e-01  -6.98e-02  -5.95e-01   0.00e+00 (  8.89e+01,  1.39e+02)
20      0.096   2.74e-01   3.49e-01   1.45e-01   7.48e-01   0.00e+00 (  1.94e+02,  1.80e+02)
25      0.129   2.77e-01   3.54e-01   1.81e-01   1.14e+00   0.00e+00 (  1.84e+02,  2.12e+02)
30      0.124   2.99e-01   3.62e-01   1.70e-01   1.20e+00   0.00e+00 (  1.79e+02,  2.34e+02)
35      0.118   3.17e-01   4.23e-01   2.01e-01   1.24e+00   0.00e+00 (  1.78e+02,  2.50e+02)
40      0.119   3.39e-01   5.11e-01   2.26e-01   1.34e+00   0.00e+00 (  1.72e+02,  2.60e+02)
45      0.135   3.79e-01   6.23e-01   2.65e-01   1.61e+00   0.00e+00 (  1.65e+02,  2.65e+02)
50      0.155   4.20e-01   7.40e-01   3.22e-01   1.94e+00   0.00e+00 (  1.55e+02,  2.66e+02)
55      0.169   4.59e-01   8.48e-01   4.48e-01   2.20e+00   0.00e+00 (  1.45e+02,  2.61e+02)
60      0.152   4.49e-01   8.16e-01   4.97e-01   2.05e+00   0.00e+00 (  1.23e+02,  2.54e+02)
65      0.177   4.89e-01   9.40e-01   6.40e-01   2.46e+00   0.00e+00 (  1.18e+02,  2.44e+02)
70      0.212   5.46e-01   1.11e+00   8.18e-01   3.02e+00   0.00e+00 (  1.13e+02,  2.32e+02)
75      0.203   5.51e-01   1.10e+00   8.70e-01   2.97e+00   0.00e+00 (  1.04e+02,  2.20e+02)
80      0.191   5.28e-01   1.08e+00   8.54e-01   2.95e+00   0.00e+00 (  9.66e+01,  2.07e+02)
85      0.216   5.33e-01   1.02e+00   7.96e-01   4.16e+00   0.00e+00 (  8.50e+01,  1.96e+02)
90      0.400   9.17e-01   1.29e+00   8.38e-01   1.52e+01   0.00e+00 (  1.80e+02,  1.85e+02)
95      0.363   6.61e-01   9.28e-01   6.93e-01   2.55e+01   0.00e+00 (  2.85e+02,  1.76e+02)
22 e: 7.934e-05 i: 3.411e-04 :: e: 8.099e-02 i: 5.440e-02 :: n: 2.762e+01 e:22.334 i:25.276 v:4.993e+03
>>> tau_he = 5.000000, nhe(0)=3.145938e+00
 5     -0.041   1.30e-02   3.13e-01   7.46e-03  -1.85e-01   0.00e+00 (  7.90e+00,  5.11e+01)
10     -0.154   9.11e-02   3.93e-02  -2.07e-02  -8.71e-01   0.00e+00 (  6.38e+01,  9.95e+01)
15      0.006   2.90e-01   3.65e-01   7.67e-02   4.09e-02   0.00e+00 (  1.95e+02,  1.39e+02)
20      0.018   1.43e-01   1.37e-01  -1.71e-02   1.39e-01   0.00e+00 (  9.99e+01,  1.80e+02)
25      0.126   2.74e-01   3.50e-01   1.76e-01   1.10e+00   0.00e+00 (  1.82e+02,  2.12e+02)
30      0.123   2.99e-01   3.60e-01   1.69e-01   1.19e+00   0.00e+00 (  1.79e+02,  2.34e+02)
35      0.117   3.16e-01   4.22e-01   2.01e-01   1.22e+00   0.00e+00 (  1.77e+02,  2.50e+02)
40      0.118   3.38e-01   5.09e-01   2.25e-01   1.33e+00   0.00e+00 (  1.72e+02,  2.60e+02)
45      0.134   3.78e-01   6.20e-01   2.64e-01   1.60e+00   0.00e+00 (  1.65e+02,  2.65e+02)
50      0.154   4.19e-01   7.38e-01   3.21e-01   1.93e+00   0.00e+00 (  1.54e+02,  2.66e+02)
55      0.169   4.59e-01   8.48e-01   4.48e-01   2.21e+00   0.00e+00 (  1.44e+02,  2.61e+02)
60      0.188   4.99e-01   9.70e-01   5.86e-01   2.54e+00   0.00e+00 (  1.37e+02,  2.54e+02)
65      0.177   4.89e-01   9.40e-01   6.40e-01   2.46e+00   0.00e+00 (  1.18e+02,  2.44e+02)
70      0.210   5.43e-01   1.10e+00   8.12e-01   3.00e+00   0.00e+00 (  1.12e+02,  2.32e+02)
75      0.202   5.48e-01   1.10e+00   8.65e-01   2.95e+00   0.00e+00 (  1.04e+02,  2.20e+02)
80      0.191   5.26e-01   1.07e+00   8.51e-01   2.94e+00   0.00e+00 (  9.59e+01,  2.07e+02)
85      0.216   5.31e-01   1.02e+00   7.92e-01   4.16e+00   0.00e+00 (  8.41e+01,  1.96e+02)
90      0.400   9.17e-01   1.29e+00   8.36e-01   1.52e+01   0.00e+00 (  1.80e+02,  1.85e+02)
95      0.363   6.61e-01   9.28e-01   6.93e-01   2.55e+01   0.00e+00 (  2.85e+02,  1.76e+02)
23 e: 1.065e-04 i: 5.705e-04 :: e: 7.539e-02 i: 4.943e-02 :: n: 2.762e+01 e:22.254 i:25.185 v:4.993e+03
>>> tau_he = 5.000000, nhe(0)=3.138823e+00
 5     -0.041   1.29e-02   3.09e-01   7.45e-03  -1.83e-01   0.00e+00 (  7.78e+00,  5.11e+01)
10     -0.150   9.08e-02   3.98e-02  -2.11e-02  -8.50e-01   0.00e+00 (  6.30e+01,  9.95e+01)
15     -0.080   1.29e-01   9.70e-02  -2.47e-02  -5.43e-01   0.00e+00 (  8.44e+01,  1.39e+02)
20      0.094   2.68e-01   3.41e-01   1.39e-01   7.32e-01   0.00e+00 (  1.88e+02,  1.80e+02)
25      0.125   2.73e-01   3.48e-01   1.74e-01   1.10e+00   0.00e+00 (  1.80e+02,  2.12e+02)
30      0.123   2.98e-01   3.60e-01   1.69e-01   1.19e+00   0.00e+00 (  1.78e+02,  2.34e+02)
35      0.117   3.16e-01   4.22e-01   2.01e-01   1.23e+00   0.00e+00 (  1.77e+02,  2.50e+02)
40      0.118   3.38e-01   5.08e-01   2.25e-01   1.33e+00   0.00e+00 (  1.71e+02,  2.60e+02)
45      0.135   3.78e-01   6.21e-01   2.65e-01   1.61e+00   0.00e+00 (  1.64e+02,  2.65e+02)
50      0.155   4.19e-01   7.40e-01   3.22e-01   1.94e+00   0.00e+00 (  1.54e+02,  2.66e+02)
55      0.170   4.59e-01   8.49e-01   4.49e-01   2.21e+00   0.00e+00 (  1.44e+02,  2.61e+02)
60      0.154   4.49e-01   8.22e-01   5.04e-01   2.08e+00   0.00e+00 (  1.23e+02,  2.54e+02)
65      0.177   4.89e-01   9.40e-01   6.40e-01   2.46e+00   0.00e+00 (  1.18e+02,  2.44e+02)
70      0.209   5.42e-01   1.09e+00   8.09e-01   2.98e+00   0.00e+00 (  1.12e+02,  2.32e+02)
75      0.201   5.48e-01   1.09e+00   8.63e-01   2.94e+00   0.00e+00 (  1.04e+02,  2.20e+02)
80      0.191   5.26e-01   1.07e+00   8.51e-01   2.95e+00   0.00e+00 (  9.58e+01,  2.07e+02)
85      0.216   5.30e-01   1.02e+00   7.92e-01   4.16e+00   0.00e+00 (  8.37e+01,  1.96e+02)
90      0.400   9.17e-01   1.29e+00   8.36e-01   1.52e+01   0.00e+00 (  1.79e+02,  1.85e+02)
95      0.363   6.61e-01   9.28e-01   6.93e-01   2.55e+01   0.00e+00 (  2.85e+02,  1.76e+02)
24 e: 7.328e-05 i: 3.241e-04 :: e: 7.139e-02 i: 5.016e-02 :: n: 2.762e+01 e:22.262 i:25.069 v:4.993e+03
>>> tau_he = 5.000000, nhe(0)=3.129661e+00
 5     -0.040   1.28e-02   3.07e-01   7.45e-03  -1.81e-01   0.00e+00 (  7.69e+00,  5.11e+01)
10     -0.151   9.01e-02   3.95e-02  -2.10e-02  -8.55e-01   0.00e+00 (  6.27e+01,  9.95e+01)
15     -0.084   1.30e-01   9.93e-02  -2.58e-02  -5.71e-01   0.00e+00 (  8.53e+01,  1.39e+02)
20      0.006   1.37e-01   1.36e-01  -6.19e-03   4.90e-02   0.00e+00 (  9.47e+01,  1.80e+02)
25      0.042   1.64e-01   1.71e-01   3.32e-02   3.68e-01   0.00e+00 (  1.08e+02,  2.12e+02)
30      0.122   2.98e-01   3.60e-01   1.69e-01   1.18e+00   0.00e+00 (  1.78e+02,  2.34e+02)
35      0.116   3.16e-01   4.22e-01   2.01e-01   1.22e+00   0.00e+00 (  1.77e+02,  2.50e+02)
40      0.117   3.38e-01   5.08e-01   2.25e-01   1.32e+00   0.00e+00 (  1.72e+02,  2.60e+02)
45      0.134   3.78e-01   6.21e-01   2.65e-01   1.60e+00   0.00e+00 (  1.65e+02,  2.65e+02)
50      0.155   4.20e-01   7.40e-01   3.22e-01   1.94e+00   0.00e+00 (  1.55e+02,  2.66e+02)
55      0.170   4.60e-01   8.52e-01   4.50e-01   2.22e+00   0.00e+00 (  1.45e+02,  2.61e+02)
60      0.189   5.02e-01   9.77e-01   5.91e-01   2.56e+00   0.00e+00 (  1.38e+02,  2.54e+02)
65      0.177   4.90e-01   9.43e-01   6.43e-01   2.46e+00   0.00e+00 (  1.19e+02,  2.44e+02)
70      0.208   5.41e-01   1.09e+00   8.07e-01   2.96e+00   0.00e+00 (  1.12e+02,  2.32e+02)
75      0.200   5.47e-01   1.09e+00   8.61e-01   2.92e+00   0.00e+00 (  1.04e+02,  2.20e+02)
80      0.191   5.26e-01   1.07e+00   8.51e-01   2.94e+00   0.00e+00 (  9.59e+01,  2.07e+02)
85      0.216   5.29e-01   1.02e+00   7.91e-01   4.16e+00   0.00e+00 (  8.36e+01,  1.96e+02)
90      0.399   9.17e-01   1.29e+00   8.35e-01   1.52e+01   0.00e+00 (  1.79e+02,  1.85e+02)
95      0.363   6.61e-01   9.28e-01   6.93e-01   2.55e+01   0.00e+00 (  2.85e+02,  1.76e+02)
25 e: 6.216e-05 i: 1.823e-04 :: e: 7.261e-02 i: 4.644e-02 :: n: 2.762e+01 e:22.298 i:25.143 v:4.993e+03
>>> tau_he = 5.000000, nhe(0)=3.135517e+00
 5     -0.040   1.28e-02   3.09e-01   7.39e-03  -1.80e-01   0.00e+00 (  7.64e+00,  5.11e+01)
10     -0.150   8.98e-02   3.81e-02  -2.00e-02  -8.49e-01   0.00e+00 (  6.24e+01,  9.95e+01)
15     -0.090   1.32e-01   1.11e-01  -6.63e-02  -6.09e-01   0.00e+00 (  8.76e+01,  1.39e+02)
20      0.018   1.43e-01   1.37e-01  -1.87e-02   1.39e-01   0.00e+00 (  1.01e+02,  1.80e+02)
25      0.125   2.74e-01   3.51e-01   1.77e-01   1.10e+00   0.00e+00 (  1.82e+02,  2.12e+02)
30      0.121   2.98e-01   3.59e-01   1.69e-01   1.17e+00   0.00e+00 (  1.78e+02,  2.34e+02)
35      0.115   3.15e-01   4.20e-01   2.00e-01   1.21e+00   0.00e+00 (  1.76e+02,  2.50e+02)
40      0.116   3.37e-01   5.06e-01   2.25e-01   1.31e+00   0.00e+00 (  1.71e+02,  2.60e+02)
45      0.134   3.78e-01   6.19e-01   2.64e-01   1.59e+00   0.00e+00 (  1.64e+02,  2.65e+02)
50      0.155   4.19e-01   7.39e-01   3.22e-01   1.93e+00   0.00e+00 (  1.55e+02,  2.66e+02)
55      0.170   4.60e-01   8.51e-01   4.50e-01   2.21e+00   0.00e+00 (  1.45e+02,  2.61e+02)
60      0.188   5.00e-01   9.72e-01   5.88e-01   2.54e+00   0.00e+00 (  1.38e+02,  2.54e+02)
65      0.177   4.90e-01   9.42e-01   6.42e-01   2.46e+00   0.00e+00 (  1.19e+02,  2.44e+02)
70      0.207   5.41e-01   1.09e+00   8.05e-01   2.94e+00   0.00e+00 (  1.13e+02,  2.32e+02)
75      0.200   5.48e-01   1.09e+00   8.61e-01   2.92e+00   0.00e+00 (  1.04e+02,  2.20e+02)
80      0.191   5.27e-01   1.08e+00   8.53e-01   2.95e+00   0.00e+00 (  9.61e+01,  2.07e+02)
85      0.217   5.30e-01   1.02e+00   7.92e-01   4.17e+00   0.00e+00 (  8.35e+01,  1.96e+02)
90      0.399   9.17e-01   1.29e+00   8.35e-01   1.52e+01   0.00e+00 (  1.79e+02,  1.85e+02)
95      0.363   6.61e-01   9.28e-01   6.93e-01   2.55e+01   0.00e+00 (  2.85e+02,  1.76e+02)
26 e: 5.937e-05 i: 1.565e-04 :: e: 5.533e-02 i: 3.539e-02 :: n: 2.762e+01 e:22.387 i:25.190 v:4.993e+03
>>> tau_he = 5.000000, nhe(0)=3.139167e+00
 5     -0.040   1.28e-02   3.11e-01   7.44e-03  -1.80e-01   0.00e+00 (  7.69e+00,  5.11e+01)
10     -0.153   9.02e-02   3.81e-02  -2.00e-02  -8.65e-01   0.00e+00 (  6.31e+01,  9.95e+01)
15      0.002   2.91e-01   3.66e-01   7.88e-02   1.21e-02   0.00e+00 (  1.97e+02,  1.39e+02)
20      0.093   2.72e-01   3.48e-01   1.47e-01   7.23e-01   0.00e+00 (  1.94e+02,  1.80e+02)
25      0.128   2.79e-01   3.48e-01   1.77e-01   1.12e+00   0.00e+00 (  1.86e+02,  2.12e+02)
30      0.120   2.98e-01   3.59e-01   1.69e-01   1.17e+00   0.00e+00 (  1.79e+02,  2.34e+02)
35      0.115   3.16e-01   4.20e-01   2.00e-01   1.20e+00   0.00e+00 (  1.77e+02,  2.50e+02)
40      0.116   3.38e-01   5.07e-01   2.25e-01   1.31e+00   0.00e+00 (  1.71e+02,  2.60e+02)
45      0.134   3.78e-01   6.20e-01   2.64e-01   1.59e+00   0.00e+00 (  1.65e+02,  2.65e+02)
50      0.155   4.20e-01   7.41e-01   3.23e-01   1.94e+00   0.00e+00 (  1.55e+02,  2.66e+02)
55      0.170   4.60e-01   8.52e-01   4.50e-01   2.21e+00   0.00e+00 (  1.45e+02,  2.61e+02)
60      0.187   4.99e-01   9.70e-01   5.88e-01   2.53e+00   0.00e+00 (  1.37e+02,  2.54e+02)
65      0.176   4.91e-01   9.43e-01   6.42e-01   2.45e+00   0.00e+00 (  1.19e+02,  2.44e+02)
70      0.206   5.41e-01   1.09e+00   8.05e-01   2.93e+00   0.00e+00 (  1.13e+02,  2.32e+02)
75      0.200   5.48e-01   1.09e+00   8.62e-01   2.91e+00   0.00e+00 (  1.04e+02,  2.20e+02)
80      0.191   5.28e-01   1.08e+00   8.54e-01   2.95e+00   0.00e+00 (  9.65e+01,  2.07e+02)
85      0.217   5.30e-01   1.02e+00   7.93e-01   4.18e+00   0.00e+00 (  8.35e+01,  1.96e+02)
90      0.399   9.18e-01   1.29e+00   8.35e-01   1.52e+01   0.00e+00 (  1.79e+02,  1.85e+02)
95      0.363   6.61e-01   9.28e-01   6.93e-01   2.55e+01   0.00e+00 (  2.85e+02,  1.76e+02)
27 e: 1.390e-04 i: 5.595e-04 :: e: 5.800e-02 i: 4.311e-02 :: n: 2.762e+01 e:22.307 i:25.069 v:4.993e+03
>>> tau_he = 5.000000, nhe(0)=3.129611e+00
 5     -0.040   1.28e-02   3.06e-01   7.43e-03  -1.80e-01   0.00e+00 (  7.64e+00,  5.11e+01)
10     -0.152   9.03e-02   3.96e-02  -2.11e-02  -8.59e-01   0.00e+00 (  6.30e+01,  9.95e+01)
15     -0.084   1.28e-01   9.68e-02  -2.44e-02  -5.66e-01   0.00e+00 (  8.45e+01,  1.39e+02)
20      0.004   1.38e-01   1.37e-01  -1.01e-02   3.48e-02   0.00e+00 (  9.67e+01,  1.80e+02)
25      0.041   1.66e-01   1.72e-01   3.05e-02   3.62e-01   0.00e+00 (  1.10e+02,  2.12e+02)
30      0.121   2.99e-01   3.60e-01   1.69e-01   1.17e+00   0.00e+00 (  1.80e+02,  2.34e+02)
35      0.115   3.17e-01   4.21e-01   2.00e-01   1.21e+00   0.00e+00 (  1.78e+02,  2.50e+02)
40      0.117   3.38e-01   5.07e-01   2.24e-01   1.31e+00   0.00e+00 (  1.72e+02,  2.60e+02)
45      0.135   3.79e-01   6.21e-01   2.65e-01   1.60e+00   0.00e+00 (  1.65e+02,  2.65e+02)
50      0.156   4.21e-01   7.43e-01   3.23e-01   1.95e+00   0.00e+00 (  1.56e+02,  2.66e+02)
55      0.171   4.61e-01   8.53e-01   4.51e-01   2.23e+00   0.00e+00 (  1.45e+02,  2.61e+02)
60      0.154   4.50e-01   8.23e-01   5.05e-01   2.08e+00   0.00e+00 (  1.24e+02,  2.54e+02)
65      0.177   4.92e-01   9.45e-01   6.44e-01   2.46e+00   0.00e+00 (  1.20e+02,  2.44e+02)
70      0.206   5.42e-01   1.09e+00   8.05e-01   2.93e+00   0.00e+00 (  1.13e+02,  2.32e+02)
75      0.200   5.50e-01   1.10e+00   8.64e-01   2.92e+00   0.00e+00 (  1.05e+02,  2.20e+02)
80      0.192   5.29e-01   1.08e+00   8.57e-01   2.96e+00   0.00e+00 (  9.69e+01,  2.07e+02)
85      0.218   5.31e-01   1.02e+00   7.95e-01   4.19e+00   0.00e+00 (  8.37e+01,  1.96e+02)
90      0.400   9.18e-01   1.29e+00   8.35e-01   1.52e+01   0.00e+00 (  1.79e+02,  1.85e+02)
95      0.363   6.61e-01   9.28e-01   6.93e-01   2.55e+01   0.00e+00 (  2.85e+02,  1.76e+02)
28 e: 6.171e-05 i: 1.684e-04 :: e: 6.348e-02 i: 4.628e-02 :: n: 2.762e+01 e:22.390 i:25.127 v:4.993e+03
>>> tau_he = 5.000000, nhe(0)=3.134254e+00
 5     -0.040   1.27e-02   3.08e-01   7.39e-03  -1.78e-01   0.00e+00 (  7.58e+00,  5.11e+01)
10     -0.150   9.02e-02   3.83e-02  -2.02e-02  -8.49e-01   0.00e+00 (  6.27e+01,  9.95e+01)
15     -0.088   1.31e-01   9.93e-02  -2.62e-02  -5.95e-01   0.00e+00 (  8.66e+01,  1.39e+02)
20      0.092   2.71e-01   3.45e-01   1.43e-01   7.17e-01   0.00e+00 (  1.92e+02,  1.80e+02)
25      0.130   2.83e-01   3.53e-01   1.82e-01   1.15e+00   0.00e+00 (  1.90e+02,  2.12e+02)
30      0.121   3.00e-01   3.62e-01   1.70e-01   1.17e+00   0.00e+00 (  1.81e+02,  2.34e+02)
35      0.115   3.17e-01   4.21e-01   2.01e-01   1.20e+00   0.00e+00 (  1.78e+02,  2.50e+02)
40      0.116   3.39e-01   5.07e-01   2.24e-01   1.30e+00   0.00e+00 (  1.72e+02,  2.60e+02)
45      0.134   3.80e-01   6.22e-01   2.65e-01   1.59e+00   0.00e+00 (  1.66e+02,  2.65e+02)
50      0.155   4.22e-01   7.44e-01   3.24e-01   1.94e+00   0.00e+00 (  1.57e+02,  2.66e+02)
55      0.171   4.63e-01   8.57e-01   4.53e-01   2.23e+00   0.00e+00 (  1.46e+02,  2.61e+02)
60      0.189   5.04e-01   9.80e-01   5.93e-01   2.56e+00   0.00e+00 (  1.39e+02,  2.54e+02)
65      0.177   4.94e-01   9.51e-01   6.47e-01   2.46e+00   0.00e+00 (  1.21e+02,  2.44e+02)
70      0.205   5.43e-01   1.09e+00   8.06e-01   2.92e+00   0.00e+00 (  1.14e+02,  2.32e+02)
75      0.199   5.51e-01   1.10e+00   8.65e-01   2.91e+00   0.00e+00 (  1.06e+02,  2.20e+02)
80      0.192   5.30e-01   1.08e+00   8.59e-01   2.96e+00   0.00e+00 (  9.75e+01,  2.07e+02)
85      0.218   5.32e-01   1.02e+00   7.96e-01   4.19e+00   0.00e+00 (  8.40e+01,  1.96e+02)
90      0.400   9.18e-01   1.29e+00   8.35e-01   1.52e+01   0.00e+00 (  1.79e+02,  1.85e+02)
95      0.363   6.61e-01   9.28e-01   6.93e-01   2.55e+01   0.00e+00 (  2.85e+02,  1.76e+02)
29 e: 8.485e-05 i: 3.374e-04 :: e: 4.264e-02 i: 3.204e-02 :: n: 2.762e+01 e:22.408 i:25.109 v:4.993e+03
>>> tau_he = 5.000000, nhe(0)=3.132790e+00
 5     -0.040   1.27e-02   3.08e-01   7.40e-03  -1.78e-01   0.00e+00 (  7.60e+00,  5.11e+01)
10     -0.153   9.02e-02   3.86e-02  -2.04e-02  -8.66e-01   0.00e+00 (  6.32e+01,  9.95e+01)
15     -0.094   1.32e-01   1.11e-01  -6.74e-02  -6.38e-01   0.00e+00 (  8.86e+01,  1.39e+02)
20      0.003   1.38e-01   1.37e-01  -7.13e-03   2.48e-02   0.00e+00 (  9.67e+01,  1.80e+02)
25      0.136   2.97e-01   3.40e-01   1.47e-01   1.20e+00   0.00e+00 (  1.99e+02,  2.12e+02)
30      0.121   3.00e-01   3.61e-01   1.69e-01   1.17e+00   0.00e+00 (  1.81e+02,  2.34e+02)
35      0.114   3.17e-01   4.21e-01   2.00e-01   1.20e+00   0.00e+00 (  1.79e+02,  2.50e+02)
40      0.116   3.39e-01   5.06e-01   2.23e-01   1.30e+00   0.00e+00 (  1.73e+02,  2.60e+02)
45      0.140   3.79e-01   6.16e-01   2.58e-01   1.66e+00   0.00e+00 (  1.66e+02,  2.65e+02)
50      0.156   4.22e-01   7.44e-01   3.24e-01   1.95e+00   0.00e+00 (  1.57e+02,  2.66e+02)
55      0.171   4.63e-01   8.57e-01   4.53e-01   2.23e+00   0.00e+00 (  1.47e+02,  2.61e+02)
60      0.189   5.03e-01   9.76e-01   5.90e-01   2.55e+00   0.00e+00 (  1.39e+02,  2.54e+02)
65      0.178   4.95e-01   9.51e-01   6.48e-01   2.47e+00   0.00e+00 (  1.21e+02,  2.44e+02)
70      0.205   5.44e-01   1.09e+00   8.06e-01   2.92e+00   0.00e+00 (  1.15e+02,  2.32e+02)
75      0.200   5.52e-01   1.10e+00   8.67e-01   2.92e+00   0.00e+00 (  1.06e+02,  2.20e+02)
80      0.193   5.32e-01   1.09e+00   8.61e-01   2.98e+00   0.00e+00 (  9.79e+01,  2.07e+02)
85      0.219   5.33e-01   1.03e+00   7.99e-01   4.21e+00   0.00e+00 (  8.42e+01,  1.96e+02)
90      0.400   9.18e-01   1.29e+00   8.35e-01   1.52e+01   0.00e+00 (  1.78e+02,  1.85e+02)
95      0.363   6.61e-01   9.28e-01   6.93e-01   2.55e+01   0.00e+00 (  2.85e+02,  1.76e+02)
30 e: 6.417e-05 i: 1.382e-04 :: e: 3.985e-02 i: 2.615e-02 :: n: 2.762e+01 e:22.452 i:25.146 v:4.993e+03
>>> tau_he = 5.000000, nhe(0)=3.135773e+00
 5     -0.040   1.28e-02   3.10e-01   7.42e-03  -1.78e-01   0.00e+00 (  7.60e+00,  5.11e+01)
10     -0.154   9.03e-02   3.82e-02  -2.01e-02  -8.70e-01   0.00e+00 (  6.33e+01,  9.95e+01)
15     -0.011   2.91e-01   3.66e-01   7.94e-02  -7.72e-02   0.00e+00 (  1.98e+02,  1.39e+02)
20      0.015   1.44e-01   1.38e-01  -1.94e-02   1.18e-01   0.00e+00 (  1.02e+02,  1.80e+02)
25      0.042   1.68e-01   1.73e-01   3.08e-02   3.65e-01   0.00e+00 (  1.12e+02,  2.12e+02)
30      0.121   3.00e-01   3.61e-01   1.82e-01   1.17e+00   0.00e+00 (  1.81e+02,  2.34e+02)
35      0.114   3.18e-01   4.21e-01   2.01e-01   1.20e+00   0.00e+00 (  1.79e+02,  2.50e+02)
40      0.116   3.40e-01   5.08e-01   2.23e-01   1.30e+00   0.00e+00 (  1.73e+02,  2.60e+02)
45      0.134   3.81e-01   6.24e-01   2.66e-01   1.60e+00   0.00e+00 (  1.67e+02,  2.65e+02)
50      0.156   4.24e-01   7.47e-01   3.25e-01   1.95e+00   0.00e+00 (  1.58e+02,  2.66e+02)
55      0.171   4.64e-01   8.60e-01   4.54e-01   2.23e+00   0.00e+00 (  1.47e+02,  2.61e+02)
60      0.188   5.05e-01   9.76e-01   5.86e-01   2.54e+00   0.00e+00 (  1.40e+02,  2.54e+02)
65      0.177   4.97e-01   9.54e-01   6.50e-01   2.47e+00   0.00e+00 (  1.22e+02,  2.44e+02)
70      0.205   5.46e-01   1.09e+00   8.08e-01   2.91e+00   0.00e+00 (  1.16e+02,  2.32e+02)
75      0.199   5.54e-01   1.10e+00   8.69e-01   2.91e+00   0.00e+00 (  1.07e+02,  2.20e+02)
80      0.193   5.33e-01   1.09e+00   8.64e-01   2.97e+00   0.00e+00 (  9.86e+01,  2.07e+02)
85      0.219   5.34e-01   1.03e+00   8.01e-01   4.21e+00   0.00e+00 (  8.46e+01,  1.96e+02)
90      0.400   9.18e-01   1.29e+00   8.35e-01   1.52e+01   0.00e+00 (  1.79e+02,  1.85e+02)
95      0.363   6.61e-01   9.28e-01   6.93e-01   2.55e+01   0.00e+00 (  2.85e+02,  1.76e+02)
31 e: 2.509e-04 i: 1.003e-03 :: e: 4.831e-02 i: 3.784e-02 :: n: 2.762e+01 e:22.449 i:25.182 v:4.993e+03
>>> tau_he = 5.000000, nhe(0)=3.138574e+00
 5     -0.040   1.28e-02   3.09e-01   7.47e-03  -1.78e-01   0.00e+00 (  7.61e+00,  5.11e+01)
10     -0.151   9.07e-02   3.86e-02  -2.03e-02  -8.55e-01   0.00e+00 (  6.33e+01,  9.95e+01)
15     -0.087   1.30e-01   9.67e-02  -2.48e-02  -5.87e-01   0.00e+00 (  8.60e+01,  1.39e+02)
20      0.091   2.75e-01   3.50e-01   1.46e-01   7.14e-01   0.00e+00 (  1.97e+02,  1.80e+02)
25      0.132   2.85e-01   3.56e-01   1.85e-01   1.16e+00   0.00e+00 (  1.93e+02,  2.12e+02)
30      0.122   3.02e-01   3.62e-01   1.70e-01   1.18e+00   0.00e+00 (  1.82e+02,  2.34e+02)
35      0.114   3.18e-01   4.21e-01   2.00e-01   1.20e+00   0.00e+00 (  1.79e+02,  2.50e+02)
40      0.116   3.40e-01   5.07e-01   2.23e-01   1.30e+00   0.00e+00 (  1.73e+02,  2.60e+02)
45      0.135   3.81e-01   6.23e-01   2.65e-01   1.60e+00   0.00e+00 (  1.67e+02,  2.65e+02)
50      0.156   4.24e-01   7.46e-01   3.25e-01   1.96e+00   0.00e+00 (  1.58e+02,  2.66e+02)
55      0.171   4.64e-01   8.59e-01   4.54e-01   2.23e+00   0.00e+00 (  1.47e+02,  2.61e+02)
60      0.188   5.04e-01   9.73e-01   5.86e-01   2.53e+00   0.00e+00 (  1.39e+02,  2.54e+02)
65      0.178   4.97e-01   9.55e-01   6.50e-01   2.47e+00   0.00e+00 (  1.22e+02,  2.44e+02)
70      0.205   5.47e-01   1.10e+00   8.09e-01   2.92e+00   0.00e+00 (  1.16e+02,  2.32e+02)
75      0.200   5.56e-01   1.11e+00   8.71e-01   2.92e+00   0.00e+00 (  1.07e+02,  2.20e+02)
80      0.194   5.35e-01   1.09e+00   8.66e-01   2.99e+00   0.00e+00 (  9.89e+01,  2.07e+02)
85      0.220   5.35e-01   1.03e+00   8.03e-01   4.23e+00   0.00e+00 (  8.49e+01,  1.96e+02)
90      0.400   9.18e-01   1.29e+00   8.36e-01   1.52e+01   0.00e+00 (  1.79e+02,  1.85e+02)
95      0.363   6.61e-01   9.28e-01   6.93e-01   2.55e+01   0.00e+00 (  2.85e+02,  1.76e+02)
32 e: 9.522e-05 i: 3.958e-04 :: e: 3.461e-02 i: 2.738e-02 :: n: 2.762e+01 e:22.496 i:25.127 v:4.993e+03
>>> tau_he = 5.000000, nhe(0)=3.134271e+00
 5     -0.040   1.27e-02   3.08e-01   7.41e-03  -1.78e-01   0.00e+00 (  7.60e+00,  5.11e+01)
10     -0.153   9.08e-02   3.90e-02  -2.06e-02  -8.67e-01   0.00e+00 (  6.36e+01,  9.95e+01)
15     -0.092   1.31e-01   1.00e-01  -2.65e-02  -6.19e-01   0.00e+00 (  8.77e+01,  1.39e+02)
20      0.002   1.40e-01   1.38e-01  -1.15e-02   1.65e-02   0.00e+00 (  9.90e+01,  1.80e+02)
25      0.126   2.80e-01   3.55e-01   1.81e-01   1.10e+00   0.00e+00 (  1.88e+02,  2.12e+02)
30      0.121   3.03e-01   3.64e-01   1.71e-01   1.17e+00   0.00e+00 (  1.84e+02,  2.34e+02)
35      0.115   3.20e-01   4.23e-01   2.01e-01   1.20e+00   0.00e+00 (  1.81e+02,  2.50e+02)
40      0.116   3.41e-01   5.09e-01   2.23e-01   1.31e+00   0.00e+00 (  1.75e+02,  2.60e+02)
45      0.135   3.83e-01   6.27e-01   2.67e-01   1.61e+00   0.00e+00 (  1.69e+02,  2.65e+02)
50      0.157   4.26e-01   7.51e-01   3.27e-01   1.96e+00   0.00e+00 (  1.59e+02,  2.66e+02)
55      0.172   4.67e-01   8.63e-01   4.56e-01   2.24e+00   0.00e+00 (  1.49e+02,  2.61e+02)
60      0.187   5.05e-01   9.76e-01   5.87e-01   2.53e+00   0.00e+00 (  1.40e+02,  2.54e+02)
65      0.178   4.99e-01   9.59e-01   6.52e-01   2.47e+00   0.00e+00 (  1.23e+02,  2.44e+02)
70      0.204   5.49e-01   1.10e+00   8.12e-01   2.91e+00   0.00e+00 (  1.17e+02,  2.32e+02)
75      0.200   5.57e-01   1.11e+00   8.73e-01   2.92e+00   0.00e+00 (  1.08e+02,  2.20e+02)
80      0.194   5.36e-01   1.09e+00   8.68e-01   2.99e+00   0.00e+00 (  9.96e+01,  2.07e+02)
85      0.221   5.44e-01   1.05e+00   8.23e-01   4.26e+00   0.00e+00 (  8.65e+01,  1.96e+02)
90      0.400   9.18e-01   1.29e+00   8.36e-01   1.52e+01   0.00e+00 (  1.79e+02,  1.85e+02)
95      0.363   6.61e-01   9.28e-01   6.93e-01   2.55e+01   0.00e+00 (  2.85e+02,  1.76e+02)
33 e: 4.808e-05 i: 1.801e-04 :: e: 2.642e-02 i: 2.012e-02 :: n: 2.762e+01 e:22.506 i:25.185 v:4.993e+03
>>> tau_he = 5.000000, nhe(0)=3.138777e+00
 5     -0.040   1.28e-02   3.10e-01   7.42e-03  -1.78e-01   0.00e+00 (  7.59e+00,  5.11e+01)
10     -0.153   9.07e-02   3.82e-02  -2.01e-02  -8.66e-01   0.00e+00 (  6.35e+01,  9.95e+01)
15     -0.097   1.33e-01   1.12e-01  -6.96e-02  -6.59e-01   0.00e+00 (  9.02e+01,  1.39e+02)
20      0.015   1.46e-01   1.39e-01  -2.21e-02   1.16e-01   0.00e+00 (  1.04e+02,  1.80e+02)
25      0.041   1.70e-01   1.73e-01   2.98e-02   3.62e-01   0.00e+00 (  1.13e+02,  2.12e+02)
30      0.121   3.02e-01   3.62e-01   1.83e-01   1.17e+00   0.00e+00 (  1.83e+02,  2.34e+02)
35      0.114   3.19e-01   4.22e-01   2.01e-01   1.20e+00   0.00e+00 (  1.80e+02,  2.50e+02)
40      0.116   3.41e-01   5.08e-01   2.22e-01   1.30e+00   0.00e+00 (  1.74e+02,  2.60e+02)
45      0.135   3.83e-01   6.25e-01   2.66e-01   1.60e+00   0.00e+00 (  1.69e+02,  2.65e+02)
50      0.157   4.26e-01   7.49e-01   3.26e-01   1.96e+00   0.00e+00 (  1.59e+02,  2.66e+02)
55      0.172   4.66e-01   8.62e-01   4.55e-01   2.24e+00   0.00e+00 (  1.49e+02,  2.61e+02)
60      0.187   5.05e-01   9.73e-01   5.85e-01   2.53e+00   0.00e+00 (  1.40e+02,  2.54e+02)
65      0.178   5.00e-01   9.59e-01   6.53e-01   2.48e+00   0.00e+00 (  1.23e+02,  2.44e+02)
70      0.205   5.50e-01   1.10e+00   8.12e-01   2.92e+00   0.00e+00 (  1.17e+02,  2.32e+02)
75      0.200   5.59e-01   1.11e+00   8.75e-01   2.92e+00   0.00e+00 (  1.09e+02,  2.20e+02)
80      0.194   5.38e-01   1.10e+00   8.71e-01   3.00e+00   0.00e+00 (  1.00e+02,  2.07e+02)
85      0.222   5.45e-01   1.05e+00   8.25e-01   4.28e+00   0.00e+00 (  8.67e+01,  1.96e+02)
90      0.400   9.19e-01   1.29e+00   8.37e-01   1.52e+01   0.00e+00 (  1.79e+02,  1.85e+02)
95      0.363   6.61e-01   9.28e-01   6.93e-01   2.55e+01   0.00e+00 (  2.85e+02,  1.76e+02)
34 e: 6.865e-05 i: 1.696e-04 :: e: 3.005e-02 i: 2.221e-02 :: n: 2.762e+01 e:22.604 i:25.286 v:4.993e+03
>>> tau_he = 5.000000, nhe(0)=3.146713e+00
 5     -0.040   1.29e-02   3.14e-01   7.48e-03  -1.78e-01   0.00e+00 (  7.65e+00,  5.11e+01)
10     -0.155   9.09e-02   3.78e-02  -1.53e-02  -8.79e-01   0.00e+00 (  6.39e+01,  9.95e+01)
15     -0.103   1.36e-01   1.14e-01  -8.03e-02  -6.94e-01   0.00e+00 (  9.34e+01,  1.39e+02)
20      0.091   2.80e-01   3.57e-01   1.53e-01   7.10e-01   0.00e+00 (  2.03e+02,  1.80e+02)
25      0.132   2.88e-01   3.58e-01   1.86e-01   1.16e+00   0.00e+00 (  1.96e+02,  2.12e+02)
30      0.121   3.03e-01   3.63e-01   1.71e-01   1.17e+00   0.00e+00 (  1.83e+02,  2.34e+02)
35      0.114   3.19e-01   4.22e-01   2.01e-01   1.20e+00   0.00e+00 (  1.80e+02,  2.50e+02)
40      0.116   3.41e-01   5.09e-01   2.23e-01   1.30e+00   0.00e+00 (  1.74e+02,  2.60e+02)
45      0.140   3.82e-01   6.21e-01   2.60e-01   1.67e+00   0.00e+00 (  1.68e+02,  2.65e+02)
50      0.157   4.26e-01   7.51e-01   3.27e-01   1.96e+00   0.00e+00 (  1.60e+02,  2.66e+02)
55      0.171   4.67e-01   8.63e-01   4.56e-01   2.24e+00   0.00e+00 (  1.49e+02,  2.61e+02)
60      0.186   5.05e-01   9.73e-01   5.85e-01   2.52e+00   0.00e+00 (  1.40e+02,  2.54e+02)
65      0.178   5.00e-01   9.61e-01   6.53e-01   2.47e+00   0.00e+00 (  1.24e+02,  2.44e+02)
70      0.204   5.51e-01   1.10e+00   8.14e-01   2.91e+00   0.00e+00 (  1.18e+02,  2.32e+02)
75      0.200   5.60e-01   1.11e+00   8.76e-01   2.92e+00   0.00e+00 (  1.09e+02,  2.20e+02)
80      0.194   5.38e-01   1.10e+00   8.72e-01   2.99e+00   0.00e+00 (  1.00e+02,  2.07e+02)
85      0.222   5.45e-01   1.05e+00   8.26e-01   4.28e+00   0.00e+00 (  8.69e+01,  1.96e+02)
90      0.400   9.19e-01   1.29e+00   8.37e-01   1.52e+01   0.00e+00 (  1.79e+02,  1.85e+02)
95      0.363   6.61e-01   9.28e-01   6.93e-01   2.55e+01   0.00e+00 (  2.85e+02,  1.76e+02)
35 e: 8.975e-05 i: 3.551e-04 :: e: 2.634e-02 i: 2.054e-02 :: n: 2.762e+01 e:22.610 i:25.253 v:4.993e+03
>>> tau_he = 5.000000, nhe(0)=3.144146e+00
 5     -0.040   1.29e-02   3.13e-01   7.49e-03  -1.79e-01   0.00e+00 (  7.69e+00,  5.11e+01)
10     -0.159   9.12e-02   3.86e-02  -1.76e-02  -8.98e-01   0.00e+00 (  6.45e+01,  9.95e+01)
15      0.008   2.97e-01   3.76e-01   8.60e-02   5.19e-02   0.00e+00 (  2.05e+02,  1.39e+02)
20      0.013   1.45e-01   1.39e-01  -1.87e-02   1.00e-01   0.00e+00 (  1.03e+02,  1.80e+02)
25      0.129   2.85e-01   3.54e-01   1.81e-01   1.13e+00   0.00e+00 (  1.93e+02,  2.12e+02)
30      0.121   3.03e-01   3.63e-01   1.70e-01   1.17e+00   0.00e+00 (  1.84e+02,  2.34e+02)
35      0.114   3.20e-01   4.22e-01   2.01e-01   1.20e+00   0.00e+00 (  1.81e+02,  2.50e+02)
40      0.116   3.42e-01   5.08e-01   2.22e-01   1.30e+00   0.00e+00 (  1.75e+02,  2.60e+02)
45      0.141   3.82e-01   6.20e-01   2.60e-01   1.68e+00   0.00e+00 (  1.69e+02,  2.65e+02)
50      0.157   4.27e-01   7.50e-01   3.26e-01   1.96e+00   0.00e+00 (  1.60e+02,  2.66e+02)
55      0.172   4.67e-01   8.63e-01   4.55e-01   2.24e+00   0.00e+00 (  1.49e+02,  2.61e+02)
60      0.186   5.05e-01   9.71e-01   5.84e-01   2.52e+00   0.00e+00 (  1.40e+02,  2.54e+02)
65      0.178   5.01e-01   9.60e-01   6.53e-01   2.48e+00   0.00e+00 (  1.24e+02,  2.44e+02)
70      0.205   5.51e-01   1.10e+00   8.14e-01   2.92e+00   0.00e+00 (  1.18e+02,  2.32e+02)
75      0.200   5.60e-01   1.11e+00   8.77e-01   2.92e+00   0.00e+00 (  1.09e+02,  2.20e+02)
80      0.195   5.41e-01   1.10e+00   8.78e-01   3.00e+00   0.00e+00 (  1.01e+02,  2.07e+02)
85      0.223   5.46e-01   1.05e+00   8.27e-01   4.29e+00   0.00e+00 (  8.70e+01,  1.96e+02)
90      0.400   9.19e-01   1.29e+00   8.37e-01   1.52e+01   0.00e+00 (  1.79e+02,  1.85e+02)
95      0.363   6.61e-01   9.28e-01   6.93e-01   2.55e+01   0.00e+00 (  2.85e+02,  1.76e+02)
36 e: 1.307e-04 i: 5.591e-04 :: e: 3.076e-02 i: 2.644e-02 :: n: 2.762e+01 e:22.541 i:25.200 v:4.993e+03
>>> tau_he = 5.000000, nhe(0)=3.139985e+00
 5     -0.040   1.28e-02   3.10e-01   7.50e-03  -1.79e-01   0.00e+00 (  7.64e+00,  5.11e+01)
10     -0.154   9.14e-02   3.92e-02  -2.07e-02  -8.72e-01   0.00e+00 (  6.41e+01,  9.95e+01)
15     -0.092   1.31e-01   9.93e-02  -2.64e-02  -6.26e-01   0.00e+00 (  8.80e+01,  1.39e+02)
20      0.091   2.75e-01   3.50e-01   1.46e-01   7.11e-01   0.00e+00 (  1.97e+02,  1.80e+02)
25      0.134   2.96e-01   3.45e-01   1.48e-01   1.18e+00   0.00e+00 (  1.99e+02,  2.12e+02)
30      0.121   3.03e-01   3.63e-01   1.70e-01   1.17e+00   0.00e+00 (  1.84e+02,  2.34e+02)
35      0.115   3.21e-01   4.23e-01   2.01e-01   1.21e+00   0.00e+00 (  1.81e+02,  2.50e+02)
40      0.117   3.42e-01   5.09e-01   2.22e-01   1.31e+00   0.00e+00 (  1.75e+02,  2.60e+02)
45      0.136   3.85e-01   6.28e-01   2.67e-01   1.62e+00   0.00e+00 (  1.70e+02,  2.65e+02)
50      0.158   4.28e-01   7.53e-01   3.27e-01   1.97e+00   0.00e+00 (  1.60e+02,  2.66e+02)
55      0.172   4.68e-01   8.65e-01   4.57e-01   2.25e+00   0.00e+00 (  1.50e+02,  2.61e+02)
60      0.187   5.05e-01   9.73e-01   5.85e-01   2.52e+00   0.00e+00 (  1.40e+02,  2.54e+02)
65      0.179   5.02e-01   9.63e-01   6.55e-01   2.48e+00   0.00e+00 (  1.24e+02,  2.44e+02)
70      0.205   5.53e-01   1.11e+00   8.16e-01   2.92e+00   0.00e+00 (  1.19e+02,  2.32e+02)
75      0.200   5.61e-01   1.12e+00   8.79e-01   2.92e+00   0.00e+00 (  1.10e+02,  2.20e+02)
80      0.195   5.42e-01   1.10e+00   8.80e-01   3.00e+00   0.00e+00 (  1.01e+02,  2.07e+02)
85      0.223   5.46e-01   1.05e+00   8.28e-01   4.29e+00   0.00e+00 (  8.72e+01,  1.96e+02)
90      0.400   9.19e-01   1.29e+00   8.37e-01   1.52e+01   0.00e+00 (  1.79e+02,  1.85e+02)
95      0.363   6.61e-01   9.28e-01   6.93e-01   2.55e+01   0.00e+00 (  2.85e+02,  1.76e+02)
37 e: 9.509e-05 i: 3.302e-04 :: e: 2.349e-02 i: 1.966e-02 :: n: 2.762e+01 e:22.535 i:25.116 v:4.993e+03
>>> tau_he = 5.000000, nhe(0)=3.133347e+00
 5     -0.040   1.27e-02   3.08e-01   7.50e-03  -1.77e-01   0.00e+00 (  7.59e+00,  5.11e+01)
10     -0.155   9.10e-02   3.92e-02  -2.07e-02  -8.76e-01   0.00e+00 (  6.40e+01,  9.95e+01)
15     -0.095   1.31e-01   1.01e-01  -2.68e-02  -6.42e-01   0.00e+00 (  8.87e+01,  1.39e+02)
20      0.002   1.39e-01   1.38e-01  -5.91e-03   1.72e-02   0.00e+00 (  9.75e+01,  1.80e+02)
25      0.041   1.68e-01   1.73e-01   3.34e-02   3.57e-01   0.00e+00 (  1.12e+02,  2.12e+02)
30      0.122   3.04e-01   3.64e-01   1.84e-01   1.18e+00   0.00e+00 (  1.84e+02,  2.34e+02)
35      0.115   3.21e-01   4.24e-01   2.02e-01   1.20e+00   0.00e+00 (  1.82e+02,  2.50e+02)
40      0.117   3.43e-01   5.10e-01   2.22e-01   1.31e+00   0.00e+00 (  1.76e+02,  2.60e+02)
45      0.136   3.85e-01   6.29e-01   2.68e-01   1.62e+00   0.00e+00 (  1.71e+02,  2.65e+02)
50      0.158   4.29e-01   7.55e-01   3.28e-01   1.97e+00   0.00e+00 (  1.61e+02,  2.66e+02)
55      0.172   4.69e-01   8.67e-01   4.57e-01   2.25e+00   0.00e+00 (  1.50e+02,  2.61e+02)
60      0.186   5.06e-01   9.74e-01   5.85e-01   2.52e+00   0.00e+00 (  1.41e+02,  2.54e+02)
65      0.178   5.03e-01   9.65e-01   6.56e-01   2.48e+00   0.00e+00 (  1.25e+02,  2.44e+02)
70      0.205   5.54e-01   1.11e+00   8.17e-01   2.92e+00   0.00e+00 (  1.19e+02,  2.32e+02)
75      0.200   5.62e-01   1.12e+00   8.80e-01   2.92e+00   0.00e+00 (  1.10e+02,  2.20e+02)
80      0.195   5.43e-01   1.11e+00   8.81e-01   3.00e+00   0.00e+00 (  1.02e+02,  2.07e+02)
85      0.223   5.47e-01   1.05e+00   8.29e-01   4.29e+00   0.00e+00 (  8.74e+01,  1.96e+02)
90      0.400   9.19e-01   1.29e+00   8.37e-01   1.52e+01   0.00e+00 (  1.79e+02,  1.85e+02)
95      0.363   6.61e-01   9.28e-01   6.93e-01   2.55e+01   0.00e+00 (  2.85e+02,  1.76e+02)
38 e: 5.980e-05 i: 1.739e-04 :: e: 2.604e-02 i: 2.365e-02 :: n: 2.762e+01 e:22.567 i:25.206 v:4.993e+03
>>> tau_he = 5.000000, nhe(0)=3.140439e+00
 5     -0.040   1.28e-02   3.11e-01   7.44e-03  -1.77e-01   0.00e+00 (  7.57e+00,  5.11e+01)
10     -0.154   9.06e-02   3.80e-02  -1.73e-02  -8.73e-01   0.00e+00 (  6.36e+01,  9.95e+01)
15     -0.100   1.34e-01   1.13e-01  -7.10e-02  -6.76e-01   0.00e+00 (  9.12e+01,  1.39e+02)
20      0.014   1.45e-01   1.39e-01  -1.96e-02   1.08e-01   0.00e+00 (  1.04e+02,  1.80e+02)
25      0.126   2.81e-01   3.57e-01   1.82e-01   1.11e+00   0.00e+00 (  1.89e+02,  2.12e+02)
30      0.122   3.03e-01   3.63e-01   1.83e-01   1.18e+00   0.00e+00 (  1.84e+02,  2.34e+02)
35      0.114   3.20e-01   4.22e-01   2.01e-01   1.20e+00   0.00e+00 (  1.81e+02,  2.50e+02)
40      0.116   3.42e-01   5.09e-01   2.22e-01   1.30e+00   0.00e+00 (  1.75e+02,  2.60e+02)
45      0.141   3.83e-01   6.22e-01   2.60e-01   1.68e+00   0.00e+00 (  1.69e+02,  2.65e+02)
50      0.157   4.28e-01   7.53e-01   3.27e-01   1.97e+00   0.00e+00 (  1.61e+02,  2.66e+02)
55      0.172   4.68e-01   8.65e-01   4.57e-01   2.24e+00   0.00e+00 (  1.50e+02,  2.61e+02)
60      0.186   5.05e-01   9.72e-01   5.84e-01   2.51e+00   0.00e+00 (  1.40e+02,  2.54e+02)
65      0.178   5.03e-01   9.64e-01   6.56e-01   2.48e+00   0.00e+00 (  1.25e+02,  2.44e+02)
70      0.205   5.54e-01   1.11e+00   8.17e-01   2.92e+00   0.00e+00 (  1.19e+02,  2.32e+02)
75      0.200   5.63e-01   1.12e+00   8.80e-01   2.92e+00   0.00e+00 (  1.10e+02,  2.20e+02)
80      0.195   5.43e-01   1.11e+00   8.81e-01   3.00e+00   0.00e+00 (  1.02e+02,  2.07e+02)
85      0.223   5.47e-01   1.05e+00   8.30e-01   4.30e+00   0.00e+00 (  8.75e+01,  1.96e+02)
90      0.401   9.19e-01   1.29e+00   8.38e-01   1.52e+01   0.00e+00 (  1.79e+02,  1.85e+02)
95      0.363   6.61e-01   9.28e-01   6.93e-01   2.55e+01   0.00e+00 (  2.85e+02,  1.76e+02)
39 e: 5.089e-05 i: 1.549e-04 :: e: 1.699e-02 i: 1.556e-02 :: n: 2.762e+01 e:22.635 i:25.262 v:4.993e+03
>>> tau_he = 5.000000, nhe(0)=3.144823e+00
 5     -0.040   1.29e-02   3.13e-01   7.48e-03  -1.78e-01   0.00e+00 (  7.64e+00,  5.11e+01)
10     -0.157   9.10e-02   3.80e-02  -1.55e-02  -8.89e-01   0.00e+00 (  6.42e+01,  9.95e+01)
15     -0.004   2.97e-01   3.76e-01   8.57e-02  -2.88e-02   0.00e+00 (  2.05e+02,  1.39e+02)
20      0.091   2.77e-01   3.55e-01   1.52e-01   7.08e-01   0.00e+00 (  2.01e+02,  1.80e+02)
25      0.138   3.02e-01   3.45e-01   1.50e-01   1.21e+00   0.00e+00 (  2.03e+02,  2.12e+02)
30      0.121   3.03e-01   3.63e-01   1.83e-01   1.17e+00   0.00e+00 (  1.84e+02,  2.34e+02)
35      0.114   3.20e-01   4.22e-01   2.01e-01   1.20e+00   0.00e+00 (  1.81e+02,  2.50e+02)
40      0.116   3.42e-01   5.09e-01   2.22e-01   1.30e+00   0.00e+00 (  1.75e+02,  2.60e+02)
45      0.141   3.83e-01   6.22e-01   2.60e-01   1.68e+00   0.00e+00 (  1.69e+02,  2.65e+02)
50      0.157   4.28e-01   7.53e-01   3.27e-01   1.96e+00   0.00e+00 (  1.61e+02,  2.66e+02)
55      0.172   4.68e-01   8.65e-01   4.57e-01   2.24e+00   0.00e+00 (  1.50e+02,  2.61e+02)
60      0.186   5.05e-01   9.71e-01   5.84e-01   2.51e+00   0.00e+00 (  1.40e+02,  2.54e+02)
65      0.178   5.02e-01   9.64e-01   6.55e-01   2.48e+00   0.00e+00 (  1.25e+02,  2.44e+02)
70      0.205   5.54e-01   1.11e+00   8.17e-01   2.92e+00   0.00e+00 (  1.19e+02,  2.32e+02)
75      0.200   5.63e-01   1.12e+00   8.80e-01   2.92e+00   0.00e+00 (  1.10e+02,  2.20e+02)
80      0.195   5.43e-01   1.11e+00   8.81e-01   3.00e+00   0.00e+00 (  1.02e+02,  2.07e+02)
85      0.223   5.47e-01   1.05e+00   8.30e-01   4.30e+00   0.00e+00 (  8.74e+01,  1.96e+02)
90      0.400   9.19e-01   1.29e+00   8.38e-01   1.52e+01   0.00e+00 (  1.79e+02,  1.85e+02)
95      0.363   6.61e-01   9.28e-01   6.93e-01   2.55e+01   0.00e+00 (  2.85e+02,  1.76e+02)
40 e: 1.706e-04 i: 6.131e-04 :: e: 3.228e-02 i: 2.825e-02 :: n: 2.762e+01 e:22.524 i:25.131 v:4.993e+03
>>> tau_he = 5.000000, nhe(0)=3.134553e+00
 5     -0.040   1.28e-02   3.08e-01   7.49e-03  -1.78e-01   0.00e+00 (  7.61e+00,  5.11e+01)
10     -0.155   9.12e-02   3.96e-02  -2.10e-02  -8.77e-01   0.00e+00 (  6.41e+01,  9.95e+01)
15     -0.091   1.30e-01   9.80e-02  -2.51e-02  -6.14e-01   0.00e+00 (  8.69e+01,  1.39e+02)
20      0.002   1.40e-01   1.38e-01  -8.80e-03   1.26e-02   0.00e+00 (  9.87e+01,  1.80e+02)
25      0.042   1.70e-01   1.74e-01   3.09e-02   3.66e-01   0.00e+00 (  1.13e+02,  2.12e+02)
30      0.121   3.04e-01   3.63e-01   1.70e-01   1.17e+00   0.00e+00 (  1.84e+02,  2.34e+02)
35      0.115   3.21e-01   4.23e-01   2.01e-01   1.21e+00   0.00e+00 (  1.82e+02,  2.50e+02)
40      0.117   3.43e-01   5.09e-01   2.22e-01   1.31e+00   0.00e+00 (  1.76e+02,  2.60e+02)
45      0.136   3.85e-01   6.28e-01   2.67e-01   1.62e+00   0.00e+00 (  1.70e+02,  2.65e+02)
50      0.158   4.28e-01   7.53e-01   3.27e-01   1.97e+00   0.00e+00 (  1.61e+02,  2.66e+02)
55      0.172   4.69e-01   8.66e-01   4.57e-01   2.25e+00   0.00e+00 (  1.50e+02,  2.61e+02)
60      0.186   5.05e-01   9.71e-01   5.84e-01   2.51e+00   0.00e+00 (  1.40e+02,  2.54e+02)
65      0.179   5.03e-01   9.64e-01   6.56e-01   2.48e+00   0.00e+00 (  1.25e+02,  2.44e+02)
70      0.205   5.54e-01   1.11e+00   8.18e-01   2.92e+00   0.00e+00 (  1.19e+02,  2.32e+02)
75      0.200   5.63e-01   1.12e+00   8.81e-01   2.93e+00   0.00e+00 (  1.10e+02,  2.20e+02)
80      0.195   5.43e-01   1.11e+00   8.81e-01   3.01e+00   0.00e+00 (  1.02e+02,  2.07e+02)
85      0.223   5.48e-01   1.05e+00   8.31e-01   4.30e+00   0.00e+00 (  8.75e+01,  1.96e+02)
90      0.401   9.19e-01   1.29e+00   8.38e-01   1.52e+01   0.00e+00 (  1.79e+02,  1.85e+02)
95      0.363   6.61e-01   9.28e-01   6.93e-01   2.55e+01   0.00e+00 (  2.85e+02,  1.76e+02)
41 e: 5.619e-05 i: 1.542e-04 :: e: 2.508e-02 i: 2.316e-02 :: n: 2.762e+01 e:22.583 i:25.181 v:4.993e+03
>>> tau_he = 5.000000, nhe(0)=3.138526e+00
 5     -0.040   1.27e-02   3.10e-01   7.43e-03  -1.77e-01   0.00e+00 (  7.55e+00,  5.11e+01)
10     -0.153   9.10e-02   3.83e-02  -2.01e-02  -8.64e-01   0.00e+00 (  6.38e+01,  9.95e+01)
15     -0.094   1.32e-01   1.00e-01  -2.68e-02  -6.40e-01   0.00e+00 (  8.89e+01,  1.39e+02)
20      0.014   1.46e-01   1.40e-01  -2.20e-02   1.10e-01   0.00e+00 (  1.05e+02,  1.80e+02)
25      0.128   2.82e-01   3.60e-01   1.85e-01   1.12e+00   0.00e+00 (  1.91e+02,  2.12e+02)
30      0.122   3.04e-01   3.65e-01   1.71e-01   1.18e+00   0.00e+00 (  1.85e+02,  2.34e+02)
35      0.114   3.21e-01   4.24e-01   2.02e-01   1.20e+00   0.00e+00 (  1.82e+02,  2.50e+02)
40      0.116   3.43e-01   5.11e-01   2.23e-01   1.31e+00   0.00e+00 (  1.76e+02,  2.60e+02)
45      0.136   3.85e-01   6.30e-01   2.68e-01   1.61e+00   0.00e+00 (  1.71e+02,  2.65e+02)
50      0.157   4.29e-01   7.55e-01   3.28e-01   1.97e+00   0.00e+00 (  1.61e+02,  2.66e+02)
55      0.172   4.69e-01   8.68e-01   4.58e-01   2.24e+00   0.00e+00 (  1.50e+02,  2.61e+02)
60      0.186   5.06e-01   9.72e-01   5.84e-01   2.51e+00   0.00e+00 (  1.41e+02,  2.54e+02)
65      0.178   5.03e-01   9.66e-01   6.57e-01   2.47e+00   0.00e+00 (  1.25e+02,  2.44e+02)
70      0.205   5.55e-01   1.11e+00   8.19e-01   2.91e+00   0.00e+00 (  1.20e+02,  2.32e+02)
75      0.200   5.63e-01   1.12e+00   8.81e-01   2.92e+00   0.00e+00 (  1.11e+02,  2.20e+02)
80      0.195   5.43e-01   1.11e+00   8.81e-01   3.00e+00   0.00e+00 (  1.02e+02,  2.07e+02)
85      0.223   5.48e-01   1.05e+00   8.30e-01   4.30e+00   0.00e+00 (  8.76e+01,  1.96e+02)
90      0.401   9.19e-01   1.29e+00   8.38e-01   1.52e+01   0.00e+00 (  1.79e+02,  1.85e+02)
95      0.363   6.61e-01   9.28e-01   6.93e-01   2.55e+01   0.00e+00 (  2.85e+02,  1.76e+02)
42 e: 5.175e-05 i: 1.953e-04 :: e: 1.564e-02 i: 1.751e-02 :: n: 2.762e+01 e:22.620 i:25.258 v:4.993e+03
>>> tau_he = 5.000000, nhe(0)=3.144520e+00
 5     -0.040   1.28e-02   3.12e-01   7.46e-03  -1.78e-01   0.00e+00 (  7.62e+00,  5.11e+01)
10     -0.156   9.09e-02   3.80e-02  -1.54e-02  -8.80e-01   0.00e+00 (  6.40e+01,  9.95e+01)
15     -0.102   1.35e-01   1.13e-01  -7.26e-02  -6.93e-01   0.00e+00 (  9.22e+01,  1.39e+02)
20      0.091   2.78e-01   3.56e-01   1.53e-01   7.09e-01   0.00e+00 (  2.02e+02,  1.80e+02)
25      0.130   2.86e-01   3.55e-01   1.82e-01   1.14e+00   0.00e+00 (  1.93e+02,  2.12e+02)
30      0.121   3.03e-01   3.63e-01   1.83e-01   1.17e+00   0.00e+00 (  1.84e+02,  2.34e+02)
35      0.114   3.20e-01   4.22e-01   2.01e-01   1.20e+00   0.00e+00 (  1.81e+02,  2.50e+02)
40      0.116   3.42e-01   5.09e-01   2.22e-01   1.30e+00   0.00e+00 (  1.76e+02,  2.60e+02)
45      0.141   3.83e-01   6.22e-01   2.60e-01   1.68e+00   0.00e+00 (  1.69e+02,  2.65e+02)
50      0.157   4.28e-01   7.52e-01   3.27e-01   1.96e+00   0.00e+00 (  1.61e+02,  2.66e+02)
55      0.172   4.68e-01   8.64e-01   4.56e-01   2.24e+00   0.00e+00 (  1.50e+02,  2.61e+02)
60      0.186   5.05e-01   9.69e-01   5.82e-01   2.51e+00   0.00e+00 (  1.40e+02,  2.54e+02)
65      0.178   5.03e-01   9.64e-01   6.55e-01   2.48e+00   0.00e+00 (  1.25e+02,  2.44e+02)
70      0.205   5.55e-01   1.11e+00   8.18e-01   2.92e+00   0.00e+00 (  1.19e+02,  2.32e+02)
75      0.200   5.63e-01   1.12e+00   8.80e-01   2.92e+00   0.00e+00 (  1.10e+02,  2.20e+02)
80      0.195   5.43e-01   1.11e+00   8.81e-01   3.01e+00   0.00e+00 (  1.02e+02,  2.07e+02)
85      0.224   5.48e-01   1.05e+00   8.31e-01   4.31e+00   0.00e+00 (  8.75e+01,  1.96e+02)
90      0.401   9.19e-01   1.29e+00   8.38e-01   1.52e+01   0.00e+00 (  1.79e+02,  1.85e+02)
95      0.363   6.61e-01   9.28e-01   6.93e-01   2.55e+01   0.00e+00 (  2.85e+02,  1.76e+02)
43 e: 9.393e-05 i: 3.558e-04 :: e: 2.016e-02 i: 1.838e-02 :: n: 2.762e+01 e:22.623 i:25.192 v:4.993e+03
>>> tau_he = 5.000000, nhe(0)=3.139323e+00
 5     -0.040   1.28e-02   3.11e-01   7.47e-03  -1.78e-01   0.00e+00 (  7.64e+00,  5.11e+01)
10     -0.158   9.13e-02   3.88e-02  -2.04e-02  -8.94e-01   0.00e+00 (  6.46e+01,  9.95e+01)
15     -0.006   2.95e-01   3.74e-01   8.48e-02  -4.02e-02   0.00e+00 (  2.04e+02,  1.39e+02)
20      0.013   1.44e-01   1.39e-01  -1.66e-02   9.93e-02   0.00e+00 (  1.03e+02,  1.80e+02)
25      0.040   1.69e-01   1.74e-01   3.13e-02   3.55e-01   0.00e+00 (  1.13e+02,  2.12e+02)
30      0.121   3.04e-01   3.64e-01   1.84e-01   1.17e+00   0.00e+00 (  1.84e+02,  2.34e+02)
35      0.114   3.21e-01   4.23e-01   2.01e-01   1.20e+00   0.00e+00 (  1.82e+02,  2.50e+02)
40      0.116   3.43e-01   5.10e-01   2.22e-01   1.31e+00   0.00e+00 (  1.76e+02,  2.60e+02)
45      0.136   3.85e-01   6.29e-01   2.68e-01   1.62e+00   0.00e+00 (  1.71e+02,  2.65e+02)
50      0.157   4.29e-01   7.55e-01   3.28e-01   1.97e+00   0.00e+00 (  1.61e+02,  2.66e+02)
55      0.172   4.69e-01   8.67e-01   4.57e-01   2.24e+00   0.00e+00 (  1.50e+02,  2.61e+02)
60      0.186   5.05e-01   9.71e-01   5.83e-01   2.50e+00   0.00e+00 (  1.40e+02,  2.54e+02)
65      0.178   5.03e-01   9.65e-01   6.56e-01   2.48e+00   0.00e+00 (  1.25e+02,  2.44e+02)
70      0.205   5.55e-01   1.11e+00   8.19e-01   2.92e+00   0.00e+00 (  1.20e+02,  2.32e+02)
75      0.200   5.63e-01   1.12e+00   8.81e-01   2.92e+00   0.00e+00 (  1.11e+02,  2.20e+02)
80      0.195   5.43e-01   1.11e+00   8.81e-01   3.00e+00   0.00e+00 (  1.02e+02,  2.07e+02)
85      0.223   5.48e-01   1.05e+00   8.30e-01   4.30e+00   0.00e+00 (  8.75e+01,  1.96e+02)
90      0.401   9.19e-01   1.29e+00   8.38e-01   1.52e+01   0.00e+00 (  1.79e+02,  1.85e+02)
95      0.363   6.61e-01   9.28e-01   6.93e-01   2.55e+01   0.00e+00 (  2.85e+02,  1.76e+02)
44 e: 2.768e-04 i: 1.048e-03 :: e: 3.180e-02 i: 3.090e-02 :: n: 2.762e+01 e:22.557 i:25.192 v:4.993e+03
>>> tau_he = 5.000000, nhe(0)=3.139317e+00
 5     -0.040   1.28e-02   3.10e-01   7.49e-03  -1.77e-01   0.00e+00 (  7.58e+00,  5.11e+01)
10     -0.153   9.12e-02   3.88e-02  -2.04e-02  -8.65e-01   0.00e+00 (  6.39e+01,  9.95e+01)
15     -0.090   1.30e-01   9.72e-02  -2.50e-02  -6.10e-01   0.00e+00 (  8.70e+01,  1.39e+02)
20      0.014   1.47e-01   1.40e-01  -2.29e-02   1.09e-01   0.00e+00 (  1.05e+02,  1.80e+02)
25      0.132   2.89e-01   3.58e-01   1.86e-01   1.16e+00   0.00e+00 (  1.96e+02,  2.12e+02)
30      0.122   3.04e-01   3.64e-01   1.71e-01   1.18e+00   0.00e+00 (  1.84e+02,  2.34e+02)
35      0.115   3.20e-01   4.22e-01   2.01e-01   1.20e+00   0.00e+00 (  1.81e+02,  2.50e+02)
40      0.116   3.42e-01   5.09e-01   2.22e-01   1.31e+00   0.00e+00 (  1.75e+02,  2.60e+02)
45      0.136   3.85e-01   6.27e-01   2.67e-01   1.62e+00   0.00e+00 (  1.70e+02,  2.65e+02)
50      0.157   4.28e-01   7.53e-01   3.27e-01   1.97e+00   0.00e+00 (  1.61e+02,  2.66e+02)
55      0.172   4.68e-01   8.65e-01   4.56e-01   2.24e+00   0.00e+00 (  1.50e+02,  2.61e+02)
60      0.186   5.04e-01   9.69e-01   5.82e-01   2.51e+00   0.00e+00 (  1.40e+02,  2.54e+02)
65      0.178   5.03e-01   9.64e-01   6.55e-01   2.48e+00   0.00e+00 (  1.25e+02,  2.44e+02)
70      0.205   5.55e-01   1.11e+00   8.18e-01   2.92e+00   0.00e+00 (  1.20e+02,  2.32e+02)
75      0.200   5.63e-01   1.12e+00   8.80e-01   2.92e+00   0.00e+00 (  1.10e+02,  2.20e+02)
80      0.195   5.43e-01   1.11e+00   8.81e-01   3.01e+00   0.00e+00 (  1.02e+02,  2.07e+02)
85      0.224   5.48e-01   1.05e+00   8.31e-01   4.31e+00   0.00e+00 (  8.74e+01,  1.96e+02)
90      0.401   9.19e-01   1.29e+00   8.38e-01   1.53e+01   0.00e+00 (  1.79e+02,  1.85e+02)
95      0.363   6.61e-01   9.28e-01   6.93e-01   2.55e+01   0.00e+00 (  2.85e+02,  1.76e+02)
45 e: 5.164e-05 i: 1.920e-04 :: e: 1.718e-02 i: 1.663e-02 :: n: 2.762e+01 e:22.629 i:25.218 v:4.993e+03
>>> tau_he = 5.000000, nhe(0)=3.141417e+00
 5     -0.040   1.28e-02   3.11e-01   7.45e-03  -1.78e-01   0.00e+00 (  7.59e+00,  5.11e+01)
10     -0.154   9.12e-02   3.84e-02  -1.75e-02  -8.73e-01   0.00e+00 (  6.40e+01,  9.95e+01)
15     -0.096   1.33e-01   1.01e-01  -2.72e-02  -6.53e-01   0.00e+00 (  8.98e+01,  1.39e+02)
20      0.092   2.80e-01   3.58e-01   1.54e-01   7.15e-01   0.00e+00 (  2.03e+02,  1.80e+02)
25      0.131   2.87e-01   3.57e-01   1.84e-01   1.15e+00   0.00e+00 (  1.95e+02,  2.12e+02)
30      0.121   3.04e-01   3.65e-01   1.71e-01   1.17e+00   0.00e+00 (  1.85e+02,  2.34e+02)
35      0.114   3.21e-01   4.24e-01   2.02e-01   1.20e+00   0.00e+00 (  1.82e+02,  2.50e+02)
40      0.116   3.43e-01   5.11e-01   2.23e-01   1.31e+00   0.00e+00 (  1.76e+02,  2.60e+02)
45      0.135   3.86e-01   6.30e-01   2.68e-01   1.61e+00   0.00e+00 (  1.71e+02,  2.65e+02)
50      0.157   4.29e-01   7.55e-01   3.28e-01   1.97e+00   0.00e+00 (  1.61e+02,  2.66e+02)
55      0.172   4.69e-01   8.68e-01   4.58e-01   2.24e+00   0.00e+00 (  1.50e+02,  2.61e+02)
60      0.185   5.05e-01   9.71e-01   5.83e-01   2.50e+00   0.00e+00 (  1.40e+02,  2.54e+02)
65      0.178   5.03e-01   9.66e-01   6.57e-01   2.47e+00   0.00e+00 (  1.25e+02,  2.44e+02)
70      0.205   5.55e-01   1.11e+00   8.19e-01   2.91e+00   0.00e+00 (  1.20e+02,  2.32e+02)
75      0.199   5.63e-01   1.12e+00   8.81e-01   2.91e+00   0.00e+00 (  1.11e+02,  2.20e+02)
80      0.195   5.43e-01   1.11e+00   8.81e-01   3.00e+00   0.00e+00 (  1.02e+02,  2.07e+02)
85      0.223   5.48e-01   1.05e+00   8.30e-01   4.30e+00   0.00e+00 (  8.75e+01,  1.96e+02)
90      0.401   9.19e-01   1.29e+00   8.38e-01   1.52e+01   0.00e+00 (  1.79e+02,  1.85e+02)
95      0.363   6.61e-01   9.28e-01   6.93e-01   2.55e+01   0.00e+00 (  2.85e+02,  1.76e+02)
46 e: 1.097e-04 i: 4.138e-04 :: e: 1.999e-02 i: 2.064e-02 :: n: 2.762e+01 e:22.591 i:25.177 v:4.993e+03
>>> tau_he = 5.000000, nhe(0)=3.138159e+00
 5     -0.040   1.28e-02   3.10e-01   7.44e-03  -1.78e-01   0.00e+00 (  7.60e+00,  5.11e+01)
10     -0.156   9.12e-02   3.88e-02  -2.04e-02  -8.83e-01   0.00e+00 (  6.43e+01,  9.95e+01)
15     -0.101   1.34e-01   1.13e-01  -7.12e-02  -6.87e-01   0.00e+00 (  9.13e+01,  1.39e+02)
20      0.013   1.44e-01   1.39e-01  -1.64e-02   1.02e-01   0.00e+00 (  1.03e+02,  1.80e+02)
25      0.041   1.70e-01   1.74e-01   3.07e-02   3.56e-01   0.00e+00 (  1.14e+02,  2.12e+02)
30      0.121   3.04e-01   3.63e-01   1.83e-01   1.17e+00   0.00e+00 (  1.84e+02,  2.34e+02)
35      0.114   3.21e-01   4.23e-01   2.01e-01   1.20e+00   0.00e+00 (  1.82e+02,  2.50e+02)
40      0.116   3.43e-01   5.09e-01   2.22e-01   1.31e+00   0.00e+00 (  1.76e+02,  2.60e+02)
45      0.135   3.85e-01   6.27e-01   2.67e-01   1.61e+00   0.00e+00 (  1.70e+02,  2.65e+02)
50      0.157   4.28e-01   7.53e-01   3.27e-01   1.97e+00   0.00e+00 (  1.61e+02,  2.66e+02)
55      0.172   4.69e-01   8.65e-01   4.57e-01   2.24e+00   0.00e+00 (  1.50e+02,  2.61e+02)
60      0.185   5.05e-01   9.69e-01   5.82e-01   2.50e+00   0.00e+00 (  1.40e+02,  2.54e+02)
65      0.178   5.03e-01   9.64e-01   6.56e-01   2.48e+00   0.00e+00 (  1.25e+02,  2.44e+02)
70      0.205   5.55e-01   1.11e+00   8.19e-01   2.92e+00   0.00e+00 (  1.20e+02,  2.32e+02)
75      0.200   5.63e-01   1.12e+00   8.81e-01   2.92e+00   0.00e+00 (  1.11e+02,  2.20e+02)
80      0.195   5.43e-01   1.11e+00   8.81e-01   3.01e+00   0.00e+00 (  1.02e+02,  2.07e+02)
85      0.224   5.48e-01   1.05e+00   8.31e-01   4.31e+00   0.00e+00 (  8.75e+01,  1.96e+02)
90      0.401   9.19e-01   1.29e+00   8.38e-01   1.53e+01   0.00e+00 (  1.79e+02,  1.85e+02)
95      0.363   6.61e-01   9.28e-01   6.93e-01   2.55e+01   0.00e+00 (  2.85e+02,  1.76e+02)
47 e: 5.031e-05 i: 1.596e-04 :: e: 2.146e-02 i: 1.933e-02 :: n: 2.762e+01 e:22.643 i:25.245 v:4.993e+03
>>> tau_he = 5.000000, nhe(0)=3.143460e+00
 5     -0.040   1.28e-02   3.12e-01   7.47e-03  -1.77e-01   0.00e+00 (  7.61e+00,  5.11e+01)
10     -0.157   9.09e-02   3.80e-02  -1.54e-02  -8.86e-01   0.00e+00 (  6.41e+01,  9.95e+01)
15     -0.105   1.36e-01   1.14e-01  -7.98e-02  -7.08e-01   0.00e+00 (  9.36e+01,  1.39e+02)
20      0.090   2.77e-01   3.54e-01   1.51e-01   7.06e-01   0.00e+00 (  2.00e+02,  1.80e+02)
25      0.131   2.88e-01   3.58e-01   1.86e-01   1.15e+00   0.00e+00 (  1.96e+02,  2.12e+02)
30      0.121   3.04e-01   3.64e-01   1.84e-01   1.17e+00   0.00e+00 (  1.84e+02,  2.34e+02)
35      0.114   3.20e-01   4.23e-01   2.01e-01   1.20e+00   0.00e+00 (  1.81e+02,  2.50e+02)
40      0.116   3.42e-01   5.10e-01   2.23e-01   1.30e+00   0.00e+00 (  1.75e+02,  2.60e+02)
45      0.141   3.83e-01   6.23e-01   2.61e-01   1.68e+00   0.00e+00 (  1.70e+02,  2.65e+02)
50      0.157   4.28e-01   7.54e-01   3.28e-01   1.96e+00   0.00e+00 (  1.61e+02,  2.66e+02)
55      0.172   4.69e-01   8.66e-01   4.57e-01   2.24e+00   0.00e+00 (  1.50e+02,  2.61e+02)
60      0.185   5.05e-01   9.70e-01   5.83e-01   2.50e+00   0.00e+00 (  1.40e+02,  2.54e+02)
65      0.178   5.03e-01   9.65e-01   6.56e-01   2.47e+00   0.00e+00 (  1.25e+02,  2.44e+02)
70      0.204   5.55e-01   1.11e+00   8.19e-01   2.91e+00   0.00e+00 (  1.20e+02,  2.32e+02)
75      0.199   5.63e-01   1.12e+00   8.80e-01   2.91e+00   0.00e+00 (  1.11e+02,  2.20e+02)
80      0.194   5.43e-01   1.11e+00   8.81e-01   3.00e+00   0.00e+00 (  1.02e+02,  2.07e+02)
85      0.223   5.47e-01   1.05e+00   8.30e-01   4.30e+00   0.00e+00 (  8.75e+01,  1.96e+02)
90      0.401   9.19e-01   1.29e+00   8.38e-01   1.52e+01   0.00e+00 (  1.79e+02,  1.85e+02)
95      0.363   6.61e-01   9.28e-01   6.93e-01   2.55e+01   0.00e+00 (  2.85e+02,  1.76e+02)
48 e: 7.958e-05 i: 3.281e-04 :: e: 1.909e-02 i: 1.793e-02 :: n: 2.762e+01 e:22.629 i:25.193 v:4.993e+03
>>> tau_he = 5.000000, nhe(0)=3.139434e+00
 5     -0.040   1.28e-02   3.11e-01   7.48e-03  -1.78e-01   0.00e+00 (  7.63e+00,  5.11e+01)
10     -0.160   9.10e-02   3.87e-02  -1.77e-02  -9.02e-01   0.00e+00 (  6.45e+01,  9.95e+01)
15      0.006   2.96e-01   3.75e-01   8.67e-02   3.78e-02   0.00e+00 (  2.05e+02,  1.39e+02)
20      0.003   1.42e-01   1.38e-01  -1.20e-02   2.62e-02   0.00e+00 (  1.01e+02,  1.80e+02)
25      0.137   3.02e-01   3.44e-01   1.49e-01   1.20e+00   0.00e+00 (  2.03e+02,  2.12e+02)
30      0.108   3.05e-01   3.69e-01   1.91e-01   1.05e+00   0.00e+00 (  1.85e+02,  2.34e+02)
35      0.114   3.20e-01   4.22e-01   2.01e-01   1.19e+00   0.00e+00 (  1.81e+02,  2.50e+02)
40      0.116   3.42e-01   5.09e-01   2.22e-01   1.30e+00   0.00e+00 (  1.75e+02,  2.60e+02)
45      0.141   3.83e-01   6.22e-01   2.60e-01   1.68e+00   0.00e+00 (  1.69e+02,  2.65e+02)
50      0.157   4.28e-01   7.52e-01   3.27e-01   1.96e+00   0.00e+00 (  1.60e+02,  2.66e+02)
55      0.172   4.68e-01   8.64e-01   4.56e-01   2.24e+00   0.00e+00 (  1.49e+02,  2.61e+02)
60      0.151   4.53e-01   8.18e-01   4.97e-01   2.03e+00   0.00e+00 (  1.26e+02,  2.54e+02)
65      0.178   5.02e-01   9.62e-01   6.54e-01   2.47e+00   0.00e+00 (  1.25e+02,  2.44e+02)
70      0.205   5.54e-01   1.11e+00   8.18e-01   2.92e+00   0.00e+00 (  1.19e+02,  2.32e+02)
75      0.200   5.62e-01   1.12e+00   8.79e-01   2.92e+00   0.00e+00 (  1.10e+02,  2.20e+02)
80      0.195   5.43e-01   1.10e+00   8.80e-01   3.00e+00   0.00e+00 (  1.01e+02,  2.07e+02)
85      0.223   5.47e-01   1.05e+00   8.30e-01   4.31e+00   0.00e+00 (  8.73e+01,  1.96e+02)
90      0.401   9.19e-01   1.29e+00   8.38e-01   1.52e+01   0.00e+00 (  1.79e+02,  1.85e+02)
95      0.363   6.61e-01   9.28e-01   6.93e-01   2.55e+01   0.00e+00 (  2.85e+02,  1.76e+02)
49 e: 1.350e-04 i: 5.987e-04 :: e: 3.476e-02 i: 3.541e-02 :: n: 2.762e+01 e:22.541 i:25.134 v:4.993e+03
 plasma volume = 148.636256
 stored energy(e,i,b,a) = 5.050264e+01 4.642181e+01 0.000000e+00 0.000000e+00
 betan = 1.100555
*power
 Pnb(e,i) = 0.000000e+00 0.000000e+00
 Prf(e,i) = 1.306802e+01 2.695704e+01
 Prad     = -1.061572e+01 
 Pei      = -1.137668e+01 
 Pfuse    = 4.389660e+01 
 Pfusi    = 1.496501e+01 
 Poh      = 0.000000e+00 
*confinement time
 taut, tauITER98y2, H98y2 : 1.098033e+00 1.437369e+00 7.639191e-01
 taue, taui : 1.444079e+00 1.762294e+00
 taut, tau89, H89 : 1.098033e+00 7.352330e-01 1.493449e+00
*temperature
 nea, nebar : 1.902627e+01 2.170456e+01 
 tea, tia : 6.444723e+00 6.170540e+00 (1.044434e+00)
 te0, ti0 : 1.901021e+01 1.939157e+01 (9.803338e-01)
 Sn : 0.000000e+00 
*current balance
 Ip,Ibs,Inb,Irf: 1.000000e+01 1.728619e+00 0.000000e+00 3.928517e-01
 fni,fbs: 0.212 0.173

 plasma volume = 148.636256
 stored energy(e,i,b,a) = 5.050264e+01 4.642181e+01 0.000000e+00 0.000000e+00
 betan = 1.100555
*power
 Pnb(e,i) = 0.000000e+00 0.000000e+00
 Prf(e,i) = 1.306802e+01 2.695704e+01
 Prad     = -1.061572e+01 
 Pei      = -1.137668e+01 
 Pfuse    = 4.389660e+01 
 Pfusi    = 1.496501e+01 
 Poh      = 0.000000e+00 
*confinement time
 taut, tauITER98y2, H98y2 : 1.098033e+00 1.437369e+00 7.639191e-01
 taue, taui : 1.444079e+00 1.762294e+00
 taut, tau89, H89 : 1.098033e+00 7.352330e-01 1.493449e+00
*temperature
 nea, nebar : 1.902627e+01 2.170456e+01 
 tea, tia : 6.444723e+00 6.170540e+00 (1.044434e+00)
 te0, ti0 : 1.901021e+01 1.939157e+01 (9.803338e-01)
 Sn : 0.000000e+00 
*current balance
 Ip,Ibs,Inb,Irf: 1.000000e+01 1.728619e+00 0.000000e+00 3.928517e-01
 fni,fbs: 0.212 0.173
 ELAPASED TIME = 1925 sec

finalize
