NCAPTC: : NetCDF: Variable not found
Warning: ieee_overflow is signaling
Warning: ieee_underflow is signaling
Warning: ieee_inexact is signaling
FORTRAN STOP
 solver
 /global/common/software/atom/perlmutter/data/greentable/
 /global/common/software/atom/perlmutter/data/greentable/

          EFITD Version  07/09/2014


 type mode (2=file, 3=snap, 4=time, 5=input, 6=com file, 7=snap_ext):

 number of time slices?

 type input file names:
 #
 table_dir = </global/common/software/atom/perlmutter/data/greentable/>

  ----- time =     1 ms ----- ( 0)
 it=  1 chi2=0.00E+00 zm= 7.50E-03 err=4.533E+00 dz= 7.499E-03 chigam= 0.00E+00
 it=  2 chi2=0.00E+00 zm= 1.03E-02 err=9.754E-01 dz= 2.832E-03 chigam= 0.00E+00
 it=  3 chi2=0.00E+00 zm= 1.25E-02 err=5.303E-01 dz= 2.136E-03 chigam= 0.00E+00
 it=  4 chi2=0.00E+00 zm= 1.40E-02 err=2.886E-01 dz= 1.569E-03 chigam= 0.00E+00
 it=  5 chi2=0.00E+00 zm= 1.52E-02 err=1.578E-01 dz= 1.115E-03 chigam= 0.00E+00
 it=  6 chi2=0.00E+00 zm= 1.59E-02 err=8.893E-02 dz= 7.912E-04 chigam= 0.00E+00
 it=  7 chi2=0.00E+00 zm= 1.65E-02 err=5.024E-02 dz= 5.557E-04 chigam= 0.00E+00
 it=  8 chi2=0.00E+00 zm= 1.69E-02 err=2.943E-02 dz= 3.891E-04 chigam= 0.00E+00
 it=  9 chi2=0.00E+00 zm= 1.72E-02 err=1.802E-02 dz= 2.706E-04 chigam= 0.00E+00
 it= 10 chi2=0.00E+00 zm= 1.73E-02 err=1.130E-02 dz= 1.873E-04 chigam= 0.00E+00
 it= 11 chi2=0.00E+00 zm= 1.75E-02 err=8.146E-03 dz= 1.302E-04 chigam= 0.00E+00
 it= 12 chi2=0.00E+00 zm= 1.76E-02 err=5.267E-03 dz= 9.061E-05 chigam= 0.00E+00
 it= 13 chi2=0.00E+00 zm= 1.76E-02 err=3.217E-03 dz= 6.268E-05 chigam= 0.00E+00
 it= 14 chi2=0.00E+00 zm= 1.77E-02 err=2.267E-03 dz= 4.388E-05 chigam= 0.00E+00
 it= 15 chi2=0.00E+00 zm= 1.77E-02 err=1.302E-03 dz= 3.024E-05 chigam= 0.00E+00
 it= 16 chi2=0.00E+00 zm= 1.77E-02 err=8.026E-04 dz= 2.088E-05 chigam= 0.00E+00
 it= 17 chi2=0.00E+00 zm= 1.77E-02 err=5.115E-04 dz= 1.443E-05 chigam= 0.00E+00
 it= 18 chi2=0.00E+00 zm= 1.77E-02 err=5.735E-04 dz= 1.046E-05 chigam= 0.00E+00
 it= 19 chi2=0.00E+00 zm= 1.78E-02 err=2.324E-04 dz= 7.094E-06 chigam= 0.00E+00
 it= 20 chi2=0.00E+00 zm= 1.78E-02 err=8.924E-05 dz= 4.795E-06 chigam= 0.00E+00

      ******************** EFITD129 x 129  output ********************

       data used:   
  0 flux loops
  0 magnetic probes(i)
  0 full rogowski
  0 diamagnetic loop


 shot #   =          1 time(ms) =          1 chi**2   =  0.000E+00
 betat(%) =      1.035 betap    =      0.656 li       =      0.872
 vol(cm3) =  0.927E+07 rout(cm) =    170.936 zout(cm) =     -0.343
 elong    =      1.398 utriang  =     -0.519 ltriang  =     -0.490
 a(cm)    =     44.867 lin(cm)  = ********** lout(cm) =      0.905
 ltop(cm) = ********** q*       =      3.059 rc(cm)   =    177.151
 zc(cm)   =      1.404 bt0(t)   =      2.000 qout     =      2.884
