========================================================================
= FASTRAN

nonlinear model = 0
ichi = 1
ineo = 0
reading state...
read formatted input, inprof...
init geometry...
read formatted input, inmetric...
nrho in inmetric = 101
rhob in inmetric = 1.260062e+00
solve avg grad-shafranv...
solve_avg_gs::Ip_temp = 9.997809e+00 
solve_avg_gs::Ip      = 1.000000e+01 
>>> tau_he = 5.000000, nhe(0)=2.519666e+00

 plasma volume = 147.537175
 stored energy(e,i,b,a) = 4.429820e+01 4.281689e+01 0.000000e+00 0.000000e+00
 betan = 0.995386
*power
 Pnb(e,i) = 0.000000e+00 0.000000e+00
 Prf(e,i) = 1.133246e+01 2.871677e+01
 Prad     = -9.054748e+00 
 Pei      = 2.198305e+00 
 Pfuse    = 4.543705e+01 
 Pfusi    = 1.499473e+01 
 Poh      = 0.000000e+00 
*confinement time
 taut, tauITER98y2, H98y2 : 9.528452e-01 1.371176e+00 6.949110e-01
 taue, taui : 8.875069e-01 3.346004e+00
 taut, tau89, H89 : 9.528452e-01 7.171943e-01 1.328573e+00
*temperature
 nea, nebar : 1.773907e+01 2.074991e+01 
 tea, tia : 5.740456e+00 5.793892e+00 (9.907773e-01)
 te0, ti0 : 1.879515e+01 1.899462e+01 (9.894984e-01)
 Sn : 0.000000e+00 
*current balance
 Ip,Ibs,Inb,Irf: 1.000000e+01 1.626108e+00 0.000000e+00 3.285006e-01
 fni,fbs: 0.195 0.163

Time advancing...
rho_bdry 0.900000 ...
te_bdry = 0.972258
ti_bdry = 0.972455
ne_bdry = 13.087061
rv_bdry = 279.463030
nrho_tr_bdry = 18
drho_bdry = 0.000000e+00
nrhob = 90
 [    0] t = 0.0000 
>>> tau_he = 5.000000, nhe(0)=2.509714e+00
 5     -0.003   4.16e-03   1.19e-01   2.88e-03  -1.77e-02   0.00e+00 (  9.77e-01,  4.87e+01)
10     -0.001   5.51e-04  -3.06e-03  -1.16e-03  -3.55e-03   0.00e+00 (  1.67e-01,  9.64e+01)
15     -0.002   3.85e-05  -3.78e-03  -2.82e-03  -1.72e-02   0.00e+00 (  1.38e-02,  1.37e+02)
20      0.003   1.39e-02  -3.40e-02  -2.03e-03   3.01e-02   0.00e+00 (  5.63e+00,  1.69e+02)
25      0.020   8.68e-02  -1.22e-02   2.61e-03   2.16e-01   0.00e+00 (  3.79e+01,  1.97e+02)
30      0.037   1.51e-01   5.26e-02   2.50e-02   4.27e-01   0.00e+00 (  6.95e+01,  2.20e+02)
35      0.066   2.43e-01   1.90e-01   5.56e-02   8.30e-01   0.00e+00 (  1.15e+02,  2.34e+02)
40      0.094   3.10e-01   3.29e-01   6.64e-02   1.27e+00   0.00e+00 (  1.47e+02,  2.41e+02)
45      0.166   4.17e-01   5.85e-01   1.96e-01   2.38e+00   0.00e+00 (  1.94e+02,  2.42e+02)
50      0.271   5.49e-01   9.33e-01   3.85e-01   4.08e+00   0.00e+00 (  2.47e+02,  2.38e+02)
55      0.359   6.57e-01   1.25e+00   6.50e-01   5.64e+00   0.00e+00 (  2.80e+02,  2.29e+02)
60      0.416   7.26e-01   1.50e+00   9.24e-01   6.77e+00   0.00e+00 (  2.87e+02,  2.18e+02)
65      0.412   7.45e-01   1.59e+00   1.12e+00   6.91e+00   0.00e+00 (  2.68e+02,  2.05e+02)
70      0.348   7.03e-01   1.49e+00   1.13e+00   5.97e+00   0.00e+00 (  2.24e+02,  1.92e+02)
75      0.244   5.85e-01   1.20e+00   9.76e-01   4.28e+00   0.00e+00 (  1.60e+02,  1.80e+02)
80      0.142   4.06e-01   8.06e-01   6.86e-01   2.58e+00   0.00e+00 (  9.21e+01,  1.70e+02)
85      0.072   2.50e-01   4.78e-01   4.12e-01   1.47e+00   0.00e+00 (  4.43e+01,  1.60e+02)
90      0.034   1.25e-01   2.20e-01   1.83e-01   9.96e-01   0.00e+00 (  1.56e+01,  1.52e+02)
95      0.008   3.28e-02   5.03e-02   4.43e-02   3.51e-01   0.00e+00 (  2.83e+00,  1.44e+02)
 0 e: 3.441e-06 i: 1.652e-05 :: e: 0.000e+00 i: 0.000e+00 :: n: 2.763e+01 e:18.770 i:18.875 v:4.993e+03
>>> tau_he = 5.000000, nhe(0)=2.494191e+00
 5     -0.003   4.29e-03   1.55e-01   3.37e-03  -1.38e-02   0.00e+00 (  9.87e-01,  4.87e+01)
10     -0.000   1.08e-03  -4.18e-03  -1.41e-03  -3.13e-03   0.00e+00 (  3.28e-01,  9.64e+01)
15     -0.002   5.16e-05  -4.08e-03  -3.23e-03  -1.80e-02   0.00e+00 (  1.86e-02,  1.37e+02)
20      0.003   1.38e-02  -3.33e-02  -1.98e-03   2.56e-02   0.00e+00 (  5.65e+00,  1.69e+02)
25      0.022   8.95e-02  -1.03e-02   3.28e-03   2.34e-01   0.00e+00 (  3.94e+01,  1.97e+02)
30      0.040   1.57e-01   6.35e-02   2.11e-02   4.63e-01   0.00e+00 (  7.27e+01,  2.20e+02)
35      0.068   2.45e-01   1.97e-01   5.89e-02   8.63e-01   0.00e+00 (  1.16e+02,  2.34e+02)
40      0.097   3.15e-01   3.56e-01   7.75e-02   1.31e+00   0.00e+00 (  1.50e+02,  2.41e+02)
45      0.170   4.26e-01   6.11e-01   2.10e-01   2.44e+00   0.00e+00 (  1.99e+02,  2.42e+02)
50      0.256   5.41e-01   9.14e-01   3.78e-01   3.85e+00   0.00e+00 (  2.43e+02,  2.38e+02)
55      0.348   6.53e-01   1.24e+00   6.36e-01   5.47e+00   0.00e+00 (  2.76e+02,  2.29e+02)
60      0.415   7.25e-01   1.50e+00   9.22e-01   6.76e+00   0.00e+00 (  2.83e+02,  2.18e+02)
65      0.415   7.48e-01   1.60e+00   1.12e+00   6.95e+00   0.00e+00 (  2.65e+02,  2.05e+02)
70      0.349   7.07e-01   1.50e+00   1.14e+00   5.98e+00   0.00e+00 (  2.22e+02,  1.92e+02)
75      0.238   5.90e-01   1.21e+00   9.83e-01   4.17e+00   0.00e+00 (  1.60e+02,  1.80e+02)
80      0.144   4.16e-01   8.25e-01   6.99e-01   2.62e+00   0.00e+00 (  9.50e+01,  1.70e+02)
85      0.078   2.58e-01   4.90e-01   4.21e-01   1.58e+00   0.00e+00 (  4.63e+01,  1.60e+02)
90      0.034   1.28e-01   2.25e-01   1.88e-01   1.01e+00   0.00e+00 (  1.73e+01,  1.52e+02)
95      0.008   3.28e-02   5.03e-02   4.43e-02   3.51e-01   0.00e+00 (  2.83e+00,  1.44e+02)
 1 e: 1.245e-01 i: 3.472e-01 :: e: 7.994e-03 i: 1.315e-02 :: n: 2.763e+01 e:24.190 i:29.609 v:4.993e+03
>>> tau_he = 5.000000, nhe(0)=3.423579e+00
 5     -0.013   1.37e-02   6.48e-01   6.64e-03  -7.11e-02   0.00e+00 (  4.82e+00,  4.87e+01)
10     -0.058   1.01e-01   1.29e-02   6.51e-03  -3.96e-01   0.00e+00 (  6.91e+01,  9.64e+01)
15      0.035   4.86e-01   5.60e-01   2.01e-01   2.88e-01   0.00e+00 (  4.75e+02,  1.37e+02)
20      0.203   4.99e-01   5.65e-01   3.27e-01   1.91e+00   0.00e+00 (  5.23e+02,  1.69e+02)
25      0.642   4.95e-01   5.61e-01   3.53e-01   6.78e+00   0.00e+00 (  4.24e+02,  1.97e+02)
30      0.556   4.70e-01   5.88e-01   3.83e-01   6.47e+00   0.00e+00 (  3.43e+02,  2.20e+02)
35      0.252   3.83e-01   6.20e-01   2.40e-01   3.18e+00   0.00e+00 (  2.33e+02,  2.34e+02)
40      0.231   4.16e-01   8.10e-01   2.72e-01   3.12e+00   0.00e+00 (  2.22e+02,  2.41e+02)
45      0.188   4.46e-01   9.12e-01   3.65e-01   2.70e+00   0.00e+00 (  1.98e+02,  2.42e+02)
50      0.151   4.55e-01   8.90e-01   3.80e-01   2.28e+00   0.00e+00 (  1.66e+02,  2.38e+02)
55      0.206   5.35e-01   1.12e+00   5.79e-01   3.24e+00   0.00e+00 (  1.67e+02,  2.29e+02)
60      0.274   6.37e-01   1.39e+00   8.49e-01   4.46e+00   0.00e+00 (  1.76e+02,  2.18e+02)
65      0.312   7.14e-01   1.57e+00   1.09e+00   5.22e+00   0.00e+00 (  1.80e+02,  2.05e+02)
70      0.293   7.35e-01   1.58e+00   1.16e+00   5.03e+00   0.00e+00 (  1.77e+02,  1.92e+02)
75      0.222   7.02e-01   1.43e+00   1.10e+00   3.89e+00   0.00e+00 (  1.69e+02,  1.80e+02)
80      0.170   6.10e-01   1.21e+00   9.80e-01   3.08e+00   0.00e+00 (  1.56e+02,  1.70e+02)
85      0.132   4.25e-01   7.97e-01   6.66e-01   2.69e+00   0.00e+00 (  1.15e+02,  1.60e+02)
90      0.026   1.32e-01   2.27e-01   1.93e-01   7.73e-01   0.00e+00 (  2.58e+01,  1.52e+02)
95      0.008   3.28e-02   5.03e-02   4.43e-02   3.51e-01   0.00e+00 (  2.83e+00,  1.44e+02)
 2 e: 4.322e-02 i: 1.547e-02 :: e: 2.690e-01 i: 2.731e-01 :: n: 2.763e+01 e:27.624 i:32.753 v:4.993e+03
>>> tau_he = 5.000000, nhe(0)=3.584166e+00
 5     -0.037   2.00e-02   6.37e-01   1.02e-02  -1.99e-01   0.00e+00 (  1.18e+01,  4.87e+01)
10     -0.629   1.31e-01  -2.88e-03  -2.84e-02  -4.27e+00   0.00e+00 (  1.43e+02,  9.64e+01)
15     -0.158   6.55e-01   8.26e-01   4.61e-01  -1.29e+00   0.00e+00 (  8.24e+02,  1.37e+02)
20      0.163   5.74e-01   6.91e-01   5.87e-01   1.53e+00   0.00e+00 (  7.52e+02,  1.69e+02)
25      0.650   5.14e-01   5.82e-01   5.56e-01   6.86e+00   0.00e+00 (  5.82e+02,  1.97e+02)
30      0.517   4.16e-01   4.91e-01   3.71e-01   6.02e+00   0.00e+00 (  3.91e+02,  2.20e+02)
35      0.226   3.63e-01   5.13e-01   2.55e-01   2.85e+00   0.00e+00 (  2.66e+02,  2.34e+02)
40      0.171   3.57e-01   5.97e-01   2.14e-01   2.31e+00   0.00e+00 (  2.05e+02,  2.41e+02)
45      0.141   3.69e-01   6.40e-01   2.53e-01   2.02e+00   0.00e+00 (  1.60e+02,  2.42e+02)
50      0.120   3.59e-01   6.09e-01   2.66e-01   1.81e+00   0.00e+00 (  1.18e+02,  2.38e+02)
55      0.164   4.06e-01   7.58e-01   3.89e-01   2.58e+00   0.00e+00 (  1.06e+02,  2.29e+02)
60      0.224   4.88e-01   9.69e-01   5.79e-01   3.64e+00   0.00e+00 (  1.07e+02,  2.18e+02)
65      0.269   5.70e-01   1.16e+00   7.85e-01   4.51e+00   0.00e+00 (  1.11e+02,  2.05e+02)
70      0.281   6.23e-01   1.25e+00   9.18e-01   4.83e+00   0.00e+00 (  1.15e+02,  1.92e+02)
75      0.251   6.33e-01   1.24e+00   9.49e-01   4.40e+00   0.00e+00 (  1.20e+02,  1.80e+02)
80      0.229   6.08e-01   1.21e+00   9.68e-01   4.16e+00   0.00e+00 (  1.32e+02,  1.70e+02)
85      0.185   4.86e-01   9.04e-01   7.53e-01   3.78e+00   0.00e+00 (  1.36e+02,  1.60e+02)
90      0.025   1.30e-01   2.22e-01   1.89e-01   7.49e-01   0.00e+00 (  2.83e+01,  1.52e+02)
95      0.008   3.28e-02   5.03e-02   4.43e-02   3.51e-01   0.00e+00 (  2.83e+00,  1.44e+02)
 3 e: 1.453e-02 i: 1.036e-02 :: e: 3.298e-01 i: 2.748e-01 :: n: 2.763e+01 e:26.734 i:33.187 v:4.993e+03
>>> tau_he = 5.000000, nhe(0)=3.605793e+00
 5     -0.043   2.03e-02   5.47e-01   8.96e-03  -2.31e-01   0.00e+00 (  1.24e+01,  4.87e+01)
10     -0.581   1.45e-01   2.14e-02  -4.31e-02  -3.94e+00   0.00e+00 (  1.48e+02,  9.64e+01)
15      0.090   6.20e-01   7.33e-01   2.90e-01   7.29e-01   0.00e+00 (  6.19e+02,  1.37e+02)
20      0.303   5.74e-01   6.60e-01   4.16e-01   2.85e+00   0.00e+00 (  6.20e+02,  1.69e+02)
25      0.720   5.71e-01   6.56e-01   5.04e-01   7.60e+00   0.00e+00 (  5.88e+02,  1.97e+02)
30      0.587   4.68e-01   5.54e-01   4.12e-01   6.83e+00   0.00e+00 (  4.32e+02,  2.20e+02)
35      0.286   3.94e-01   5.81e-01   3.27e-01   3.61e+00   0.00e+00 (  2.98e+02,  2.34e+02)
40      0.224   3.99e-01   7.10e-01   2.47e-01   3.04e+00   0.00e+00 (  2.41e+02,  2.41e+02)
45      0.197   4.31e-01   8.37e-01   3.33e-01   2.82e+00   0.00e+00 (  1.98e+02,  2.42e+02)
50      0.166   4.30e-01   8.41e-01   3.69e-01   2.50e+00   0.00e+00 (  1.51e+02,  2.38e+02)
55      0.204   4.81e-01   9.84e-01   5.14e-01   3.20e+00   0.00e+00 (  1.34e+02,  2.29e+02)
60      0.253   5.58e-01   1.17e+00   7.13e-01   4.12e+00   0.00e+00 (  1.30e+02,  2.18e+02)
65      0.291   6.35e-01   1.34e+00   9.17e-01   4.88e+00   0.00e+00 (  1.30e+02,  2.05e+02)
70      0.297   6.82e-01   1.42e+00   1.04e+00   5.10e+00   0.00e+00 (  1.32e+02,  1.92e+02)
75      0.260   6.89e-01   1.39e+00   1.06e+00   4.57e+00   0.00e+00 (  1.36e+02,  1.80e+02)
80      0.223   6.72e-01   1.34e+00   1.07e+00   4.05e+00   0.00e+00 (  1.53e+02,  1.70e+02)
85      0.183   5.43e-01   1.02e+00   8.45e-01   3.72e+00   0.00e+00 (  1.63e+02,  1.60e+02)
90      0.018   1.29e-01   2.21e-01   1.87e-01   5.24e-01   0.00e+00 (  3.07e+01,  1.52e+02)
95      0.008   3.28e-02   5.03e-02   4.43e-02   3.51e-01   0.00e+00 (  2.83e+00,  1.44e+02)
 4 e: 7.734e-03 i: 1.067e-02 :: e: 2.720e-01 i: 2.365e-01 :: n: 2.763e+01 e:25.589 i:32.276 v:4.993e+03
>>> tau_he = 5.000000, nhe(0)=3.567169e+00
 5     -0.046   1.97e-02   5.01e-01   8.79e-03  -2.47e-01   0.00e+00 (  1.25e+01,  4.87e+01)
10     -0.489   1.45e-01   3.18e-02  -5.70e-02  -3.32e+00   0.00e+00 (  1.39e+02,  9.64e+01)
15      0.125   5.15e-01   5.57e-01   1.58e-01   1.02e+00   0.00e+00 (  4.37e+02,  1.37e+02)
20      0.253   5.07e-01   5.60e-01   2.72e-01   2.37e+00   0.00e+00 (  4.69e+02,  1.69e+02)
25      0.471   5.19e-01   5.87e-01   3.75e-01   4.97e+00   0.00e+00 (  4.80e+02,  1.97e+02)
30      0.501   4.67e-01   5.49e-01   3.84e-01   5.82e+00   0.00e+00 (  4.10e+02,  2.20e+02)
35      0.247   3.91e-01   5.35e-01   2.74e-01   3.11e+00   0.00e+00 (  2.95e+02,  2.34e+02)
40      0.192   3.83e-01   6.25e-01   2.19e-01   2.59e+00   0.00e+00 (  2.36e+02,  2.41e+02)
45      0.176   4.14e-01   7.30e-01   2.82e-01   2.52e+00   0.00e+00 (  1.96e+02,  2.42e+02)
50      0.155   4.18e-01   7.50e-01   3.16e-01   2.34e+00   0.00e+00 (  1.52e+02,  2.38e+02)
55      0.192   4.62e-01   8.87e-01   4.56e-01   3.02e+00   0.00e+00 (  1.33e+02,  2.29e+02)
60      0.243   5.32e-01   1.07e+00   6.45e-01   3.96e+00   0.00e+00 (  1.27e+02,  2.18e+02)
65      0.284   6.07e-01   1.24e+00   8.44e-01   4.76e+00   0.00e+00 (  1.26e+02,  2.05e+02)
70      0.295   6.56e-01   1.33e+00   9.72e-01   5.06e+00   0.00e+00 (  1.26e+02,  1.92e+02)
75      0.265   6.65e-01   1.32e+00   1.00e+00   4.64e+00   0.00e+00 (  1.29e+02,  1.80e+02)
80      0.237   6.34e-01   1.27e+00   1.01e+00   4.31e+00   0.00e+00 (  1.38e+02,  1.70e+02)
85      0.193   5.22e-01   9.69e-01   8.04e-01   3.94e+00   0.00e+00 (  1.50e+02,  1.60e+02)
90      0.022   1.29e-01   2.21e-01   1.88e-01   6.40e-01   0.00e+00 (  2.99e+01,  1.52e+02)
95      0.008   3.28e-02   5.03e-02   4.43e-02   3.51e-01   0.00e+00 (  2.83e+00,  1.44e+02)
 5 e: 5.210e-03 i: 5.844e-03 :: e: 2.348e-01 i: 1.914e-01 :: n: 2.763e+01 e:25.009 i:31.048 v:4.993e+03
>>> tau_he = 5.000000, nhe(0)=3.509057e+00
 5     -0.045   1.89e-02   4.59e-01   9.02e-03  -2.40e-01   0.00e+00 (  1.21e+01,  4.87e+01)
10     -0.311   1.44e-01   3.09e-02  -6.52e-02  -2.12e+00   0.00e+00 (  1.29e+02,  9.64e+01)
15     -0.045   1.75e-01   1.10e-01  -4.84e-02  -3.64e-01   0.00e+00 (  1.32e+02,  1.37e+02)
20      0.301   4.56e-01   4.95e-01   1.98e-01   2.83e+00   0.00e+00 (  3.73e+02,  1.69e+02)
25      0.468   5.02e-01   5.65e-01   2.93e-01   4.95e+00   0.00e+00 (  4.20e+02,  1.97e+02)
30      0.442   4.60e-01   5.49e-01   3.38e-01   5.15e+00   0.00e+00 (  3.77e+02,  2.20e+02)
35      0.252   4.01e-01   5.63e-01   2.63e-01   3.18e+00   0.00e+00 (  2.95e+02,  2.34e+02)
40      0.207   4.04e-01   6.81e-01   2.32e-01   2.80e+00   0.00e+00 (  2.50e+02,  2.41e+02)
45      0.200   4.48e-01   8.24e-01   3.19e-01   2.87e+00   0.00e+00 (  2.18e+02,  2.42e+02)
50      0.182   4.65e-01   8.85e-01   3.80e-01   2.74e+00   0.00e+00 (  1.78e+02,  2.38e+02)
55      0.219   5.16e-01   1.04e+00   5.41e-01   3.44e+00   0.00e+00 (  1.58e+02,  2.29e+02)
60      0.269   5.91e-01   1.23e+00   7.47e-01   4.37e+00   0.00e+00 (  1.50e+02,  2.18e+02)
65      0.308   6.67e-01   1.40e+00   9.58e-01   5.17e+00   0.00e+00 (  1.48e+02,  2.05e+02)
70      0.315   7.13e-01   1.48e+00   1.09e+00   5.40e+00   0.00e+00 (  1.46e+02,  1.92e+02)
75      0.275   7.13e-01   1.44e+00   1.10e+00   4.83e+00   0.00e+00 (  1.46e+02,  1.80e+02)
80      0.237   6.66e-01   1.35e+00   1.08e+00   4.31e+00   0.00e+00 (  1.51e+02,  1.70e+02)
85      0.187   5.44e-01   1.02e+00   8.45e-01   3.81e+00   0.00e+00 (  1.61e+02,  1.60e+02)
90      0.018   1.29e-01   2.20e-01   1.87e-01   5.28e-01   0.00e+00 (  3.09e+01,  1.52e+02)
95      0.008   3.28e-02   5.03e-02   4.43e-02   3.51e-01   0.00e+00 (  2.83e+00,  1.44e+02)
 6 e: 2.989e-03 i: 5.918e-03 :: e: 1.686e-01 i: 1.596e-01 :: n: 2.763e+01 e:24.231 i:30.701 v:4.993e+03
>>> tau_he = 5.000000, nhe(0)=3.491015e+00
 5     -0.045   1.83e-02   4.49e-01   8.67e-03  -2.39e-01   0.00e+00 (  1.18e+01,  4.87e+01)
10     -0.262   1.37e-01   2.51e-02  -6.09e-02  -1.78e+00   0.00e+00 (  1.18e+02,  9.64e+01)
15      0.245   4.57e-01   5.09e-01   9.49e-02   1.99e+00   0.00e+00 (  3.37e+02,  1.37e+02)
20      0.257   3.96e-01   4.27e-01   1.43e-01   2.41e+00   0.00e+00 (  2.98e+02,  1.69e+02)
25      0.356   4.23e-01   4.73e-01   2.25e-01   3.76e+00   0.00e+00 (  3.22e+02,  1.97e+02)
30      0.373   4.31e-01   4.98e-01   2.68e-01   4.34e+00   0.00e+00 (  3.28e+02,  2.20e+02)
35      0.202   3.67e-01   5.17e-01   2.44e-01   2.55e+00   0.00e+00 (  2.58e+02,  2.34e+02)
40      0.180   3.86e-01   6.15e-01   1.85e-01   2.44e+00   0.00e+00 (  2.32e+02,  2.41e+02)
45      0.182   4.29e-01   7.44e-01   2.84e-01   2.61e+00   0.00e+00 (  2.07e+02,  2.42e+02)
50      0.173   4.51e-01   8.12e-01   3.50e-01   2.61e+00   0.00e+00 (  1.73e+02,  2.38e+02)
55      0.211   5.01e-01   9.70e-01   5.01e-01   3.32e+00   0.00e+00 (  1.55e+02,  2.29e+02)
60      0.263   5.76e-01   1.17e+00   7.03e-01   4.28e+00   0.00e+00 (  1.48e+02,  2.18e+02)
65      0.305   6.51e-01   1.34e+00   9.16e-01   5.11e+00   0.00e+00 (  1.45e+02,  2.05e+02)
70      0.315   6.99e-01   1.43e+00   1.05e+00   5.40e+00   0.00e+00 (  1.44e+02,  1.92e+02)
75      0.279   6.99e-01   1.40e+00   1.07e+00   4.89e+00   0.00e+00 (  1.42e+02,  1.80e+02)
80      0.240   6.47e-01   1.30e+00   1.04e+00   4.37e+00   0.00e+00 (  1.44e+02,  1.70e+02)
85      0.192   5.26e-01   9.82e-01   8.13e-01   3.91e+00   0.00e+00 (  1.51e+02,  1.60e+02)
90      0.020   1.30e-01   2.21e-01   1.88e-01   6.01e-01   0.00e+00 (  3.03e+01,  1.52e+02)
95      0.008   3.28e-02   5.03e-02   4.43e-02   3.51e-01   0.00e+00 (  2.83e+00,  1.44e+02)
 7 e: 1.286e-03 i: 1.931e-03 :: e: 1.527e-01 i: 1.310e-01 :: n: 2.763e+01 e:23.992 i:29.941 v:4.993e+03
>>> tau_he = 5.000000, nhe(0)=3.451262e+00
 5     -0.045   1.78e-02   4.24e-01   8.66e-03  -2.41e-01   0.00e+00 (  1.15e+01,  4.87e+01)
10     -0.248   1.42e-01   3.20e-02  -6.27e-02  -1.69e+00   0.00e+00 (  1.18e+02,  9.64e+01)
15      0.240   4.28e-01   4.69e-01   7.46e-02   1.95e+00   0.00e+00 (  2.95e+02,  1.37e+02)
20      0.054   1.72e-01   1.40e-01  -6.84e-03   5.03e-01   0.00e+00 (  1.23e+02,  1.69e+02)
25      0.307   3.99e-01   4.58e-01   2.08e-01   3.24e+00   0.00e+00 (  2.91e+02,  1.97e+02)
30      0.337   4.14e-01   4.86e-01   2.36e-01   3.92e+00   0.00e+00 (  3.03e+02,  2.20e+02)
35      0.206   3.76e-01   5.33e-01   2.16e-01   2.61e+00   0.00e+00 (  2.59e+02,  2.34e+02)
40      0.189   3.97e-01   6.49e-01   1.92e-01   2.56e+00   0.00e+00 (  2.37e+02,  2.41e+02)
45      0.194   4.46e-01   7.99e-01   3.06e-01   2.78e+00   0.00e+00 (  2.17e+02,  2.42e+02)
50      0.187   4.76e-01   8.91e-01   3.81e-01   2.82e+00   0.00e+00 (  1.87e+02,  2.38e+02)
55      0.224   5.33e-01   1.06e+00   5.48e-01   3.52e+00   0.00e+00 (  1.70e+02,  2.29e+02)
60      0.276   6.08e-01   1.26e+00   7.62e-01   4.49e+00   0.00e+00 (  1.62e+02,  2.18e+02)
65      0.318   6.84e-01   1.43e+00   9.83e-01   5.33e+00   0.00e+00 (  1.58e+02,  2.05e+02)
70      0.324   7.25e-01   1.51e+00   1.10e+00   5.56e+00   0.00e+00 (  1.54e+02,  1.92e+02)
75      0.290   7.12e-01   1.47e+00   1.13e+00   5.08e+00   0.00e+00 (  1.49e+02,  1.80e+02)
80      0.239   6.59e-01   1.34e+00   1.07e+00   4.33e+00   0.00e+00 (  1.49e+02,  1.70e+02)
85      0.186   5.35e-01   1.01e+00   8.32e-01   3.79e+00   0.00e+00 (  1.55e+02,  1.60e+02)
90      0.018   1.29e-01   2.20e-01   1.87e-01   5.41e-01   0.00e+00 (  3.07e+01,  1.52e+02)
95      0.008   3.28e-02   5.03e-02   4.43e-02   3.51e-01   0.00e+00 (  2.83e+00,  1.44e+02)
 8 e: 1.338e-03 i: 2.170e-03 :: e: 1.211e-01 i: 1.190e-01 :: n: 2.763e+01 e:23.393 i:29.592 v:4.993e+03
>>> tau_he = 5.000000, nhe(0)=3.431908e+00
 5     -0.045   1.73e-02   4.11e-01   8.43e-03  -2.41e-01   0.00e+00 (  1.12e+01,  4.87e+01)
10     -0.210   1.35e-01   2.91e-02  -5.97e-02  -1.42e+00   0.00e+00 (  1.07e+02,  9.64e+01)
15      0.002   1.58e-01   9.48e-02  -3.84e-02   1.68e-02   0.00e+00 (  1.02e+02,  1.37e+02)
20      0.056   1.66e-01   1.37e-01  -5.68e-03   5.26e-01   0.00e+00 (  1.16e+02,  1.69e+02)
25      0.288   3.74e-01   4.14e-01   1.88e-01   3.04e+00   0.00e+00 (  2.61e+02,  1.97e+02)
30      0.290   3.75e-01   4.39e-01   2.30e-01   3.37e+00   0.00e+00 (  2.62e+02,  2.20e+02)
35      0.184   3.57e-01   4.99e-01   1.92e-01   2.33e+00   0.00e+00 (  2.37e+02,  2.34e+02)
40      0.172   3.81e-01   6.04e-01   1.76e-01   2.33e+00   0.00e+00 (  2.22e+02,  2.41e+02)
45      0.181   4.30e-01   7.44e-01   2.84e-01   2.60e+00   0.00e+00 (  2.05e+02,  2.42e+02)
50      0.180   4.62e-01   8.38e-01   3.61e-01   2.71e+00   0.00e+00 (  1.80e+02,  2.38e+02)
55      0.217   5.16e-01   1.00e+00   5.20e-01   3.42e+00   0.00e+00 (  1.64e+02,  2.29e+02)
60      0.270   5.92e-01   1.21e+00   7.30e-01   4.40e+00   0.00e+00 (  1.57e+02,  2.18e+02)
65      0.313   6.67e-01   1.38e+00   9.48e-01   5.25e+00   0.00e+00 (  1.54e+02,  2.05e+02)
70      0.322   7.09e-01   1.46e+00   1.07e+00   5.52e+00   0.00e+00 (  1.50e+02,  1.92e+02)
75      0.285   7.06e-01   1.42e+00   1.10e+00   5.00e+00   0.00e+00 (  1.46e+02,  1.80e+02)
80      0.237   6.41e-01   1.29e+00   1.03e+00   4.30e+00   0.00e+00 (  1.42e+02,  1.70e+02)
85      0.185   5.20e-01   9.72e-01   8.05e-01   3.77e+00   0.00e+00 (  1.46e+02,  1.60e+02)
90      0.020   1.30e-01   2.22e-01   1.89e-01   5.90e-01   0.00e+00 (  3.02e+01,  1.52e+02)
95      0.008   3.28e-02   5.03e-02   4.43e-02   3.51e-01   0.00e+00 (  2.83e+00,  1.44e+02)
 9 e: 4.001e-04 i: 2.074e-03 :: e: 9.385e-02 i: 9.448e-02 :: n: 2.763e+01 e:23.428 i:29.391 v:4.993e+03
>>> tau_he = 5.000000, nhe(0)=3.420567e+00
 5     -0.044   1.72e-02   4.09e-01   8.54e-03  -2.36e-01   0.00e+00 (  1.12e+01,  4.87e+01)
10     -0.187   1.29e-01   2.55e-02  -5.90e-02  -1.27e+00   0.00e+00 (  1.01e+02,  9.64e+01)
15      0.256   4.26e-01   4.57e-01   6.83e-02   2.08e+00   0.00e+00 (  2.83e+02,  1.37e+02)
20      0.269   3.79e-01   4.17e-01   1.41e-01   2.53e+00   0.00e+00 (  2.69e+02,  1.69e+02)
25      0.278   3.64e-01   4.08e-01   1.84e-01   2.93e+00   0.00e+00 (  2.50e+02,  1.97e+02)
30      0.274   3.63e-01   4.33e-01   2.18e-01   3.19e+00   0.00e+00 (  2.48e+02,  2.20e+02)
35      0.182   3.54e-01   5.06e-01   1.85e-01   2.30e+00   0.00e+00 (  2.32e+02,  2.34e+02)
40      0.175   3.85e-01   6.24e-01   1.78e-01   2.37e+00   0.00e+00 (  2.23e+02,  2.41e+02)
45      0.187   4.38e-01   7.78e-01   2.98e-01   2.68e+00   0.00e+00 (  2.09e+02,  2.42e+02)
50      0.187   4.75e-01   8.86e-01   3.79e-01   2.82e+00   0.00e+00 (  1.87e+02,  2.38e+02)
55      0.224   5.32e-01   1.06e+00   5.47e-01   3.51e+00   0.00e+00 (  1.72e+02,  2.29e+02)
60      0.276   6.06e-01   1.25e+00   7.59e-01   4.49e+00   0.00e+00 (  1.64e+02,  2.18e+02)
65      0.318   6.79e-01   1.43e+00   9.79e-01   5.32e+00   0.00e+00 (  1.59e+02,  2.05e+02)
70      0.324   7.20e-01   1.50e+00   1.10e+00   5.55e+00   0.00e+00 (  1.54e+02,  1.92e+02)
75      0.283   7.07e-01   1.44e+00   1.11e+00   4.97e+00   0.00e+00 (  1.48e+02,  1.80e+02)
80      0.233   6.40e-01   1.30e+00   1.05e+00   4.23e+00   0.00e+00 (  1.42e+02,  1.70e+02)
85      0.180   5.19e-01   9.76e-01   8.08e-01   3.66e+00   0.00e+00 (  1.46e+02,  1.60e+02)
90      0.019   1.30e-01   2.21e-01   1.88e-01   5.64e-01   0.00e+00 (  3.02e+01,  1.52e+02)
95      0.008   3.28e-02   5.03e-02   4.43e-02   3.51e-01   0.00e+00 (  2.83e+00,  1.44e+02)
10 e: 6.686e-04 i: 5.892e-04 :: e: 9.369e-02 i: 8.881e-02 :: n: 2.763e+01 e:22.973 i:29.124 v:4.993e+03
>>> tau_he = 5.000000, nhe(0)=3.405396e+00
 5     -0.045   1.69e-02   3.98e-01   8.48e-03  -2.41e-01   0.00e+00 (  1.11e+01,  4.87e+01)
10     -0.185   1.32e-01   2.85e-02  -5.76e-02  -1.25e+00   0.00e+00 (  1.01e+02,  9.64e+01)
15      0.008   1.54e-01   9.62e-02  -3.89e-02   6.71e-02   0.00e+00 (  9.76e+01,  1.37e+02)
20      0.245   3.51e-01   3.80e-01   1.17e-01   2.30e+00   0.00e+00 (  2.39e+02,  1.69e+02)
25      0.259   3.44e-01   3.83e-01   1.66e-01   2.73e+00   0.00e+00 (  2.31e+02,  1.97e+02)
30      0.249   3.45e-01   4.08e-01   1.89e-01   2.90e+00   0.00e+00 (  2.31e+02,  2.20e+02)
35      0.171   3.44e-01   4.84e-01   1.70e-01   2.16e+00   0.00e+00 (  2.21e+02,  2.34e+02)
40      0.165   3.73e-01   5.93e-01   1.70e-01   2.23e+00   0.00e+00 (  2.12e+02,  2.41e+02)
45      0.179   4.25e-01   7.40e-01   2.84e-01   2.57e+00   0.00e+00 (  2.00e+02,  2.42e+02)
50      0.182   4.63e-01   8.50e-01   3.62e-01   2.75e+00   0.00e+00 (  1.80e+02,  2.38e+02)
55      0.219   5.19e-01   1.02e+00   5.26e-01   3.44e+00   0.00e+00 (  1.67e+02,  2.29e+02)
60      0.271   5.91e-01   1.21e+00   7.34e-01   4.40e+00   0.00e+00 (  1.59e+02,  2.18e+02)
65      0.313   6.63e-01   1.38e+00   9.50e-01   5.24e+00   0.00e+00 (  1.54e+02,  2.05e+02)
70      0.319   7.02e-01   1.46e+00   1.07e+00   5.48e+00   0.00e+00 (  1.48e+02,  1.92e+02)
75      0.282   6.86e-01   1.40e+00   1.09e+00   4.94e+00   0.00e+00 (  1.41e+02,  1.80e+02)
80      0.229   6.22e-01   1.26e+00   1.01e+00   4.16e+00   0.00e+00 (  1.35e+02,  1.70e+02)
85      0.177   5.04e-01   9.45e-01   7.83e-01   3.60e+00   0.00e+00 (  1.38e+02,  1.60e+02)
90      0.020   1.30e-01   2.22e-01   1.90e-01   6.03e-01   0.00e+00 (  2.98e+01,  1.52e+02)
95      0.008   3.28e-02   5.03e-02   4.43e-02   3.51e-01   0.00e+00 (  2.83e+00,  1.44e+02)
11 e: 2.259e-04 i: 1.431e-03 :: e: 7.020e-02 i: 6.929e-02 :: n: 2.763e+01 e:22.956 i:28.863 v:4.993e+03
>>> tau_he = 5.000000, nhe(0)=3.390217e+00
 5     -0.044   1.61e-02   3.94e-01   8.68e-03  -2.36e-01   0.00e+00 (  1.05e+01,  4.87e+01)
10     -0.168   1.25e-01   2.53e-02  -5.67e-02  -1.14e+00   0.00e+00 (  9.54e+01,  9.64e+01)
15      0.262   4.09e-01   4.38e-01   6.21e-02   2.13e+00   0.00e+00 (  2.64e+02,  1.37e+02)
20      0.245   3.44e-01   3.75e-01   1.16e-01   2.30e+00   0.00e+00 (  2.31e+02,  1.69e+02)
25      0.252   3.36e-01   3.78e-01   1.63e-01   2.67e+00   0.00e+00 (  2.22e+02,  1.97e+02)
30      0.196   3.42e-01   4.35e-01   2.01e-01   2.28e+00   0.00e+00 (  2.27e+02,  2.20e+02)
35      0.171   3.44e-01   4.90e-01   1.68e-01   2.16e+00   0.00e+00 (  2.20e+02,  2.34e+02)
40      0.168   3.76e-01   6.09e-01   1.73e-01   2.27e+00   0.00e+00 (  2.13e+02,  2.41e+02)
45      0.184   4.31e-01   7.67e-01   2.95e-01   2.64e+00   0.00e+00 (  2.03e+02,  2.42e+02)
50      0.188   4.69e-01   8.85e-01   3.83e-01   2.84e+00   0.00e+00 (  1.83e+02,  2.38e+02)
55      0.222   5.28e-01   1.05e+00   5.45e-01   3.49e+00   0.00e+00 (  1.71e+02,  2.29e+02)
60      0.273   5.99e-01   1.24e+00   7.56e-01   4.44e+00   0.00e+00 (  1.62e+02,  2.18e+02)
65      0.312   6.62e-01   1.40e+00   9.52e-01   5.22e+00   0.00e+00 (  1.55e+02,  2.05e+02)
70      0.318   7.04e-01   1.47e+00   1.09e+00   5.46e+00   0.00e+00 (  1.50e+02,  1.92e+02)
75      0.279   6.84e-01   1.41e+00   1.09e+00   4.90e+00   0.00e+00 (  1.41e+02,  1.80e+02)
80      0.224   6.15e-01   1.25e+00   1.01e+00   4.07e+00   0.00e+00 (  1.33e+02,  1.70e+02)
85      0.170   5.00e-01   9.41e-01   7.80e-01   3.47e+00   0.00e+00 (  1.36e+02,  1.60e+02)
90      0.020   1.30e-01   2.22e-01   1.89e-01   5.93e-01   0.00e+00 (  2.96e+01,  1.52e+02)
95      0.008   3.28e-02   5.03e-02   4.43e-02   3.51e-01   0.00e+00 (  2.83e+00,  1.44e+02)
12 e: 4.647e-04 i: 4.714e-04 :: e: 6.443e-02 i: 6.522e-02 :: n: 2.763e+01 e:22.591 i:28.604 v:4.993e+03
>>> tau_he = 5.000000, nhe(0)=3.374841e+00
 5     -0.044   1.58e-02   3.84e-01   8.50e-03  -2.38e-01   0.00e+00 (  1.04e+01,  4.87e+01)
10     -0.168   1.28e-01   2.76e-02  -5.55e-02  -1.14e+00   0.00e+00 (  9.52e+01,  9.64e+01)
15      0.242   3.80e-01   3.99e-01   4.43e-02   1.97e+00   0.00e+00 (  2.35e+02,  1.37e+02)
20      0.069   1.65e-01   1.51e-01  -1.93e-02   6.49e-01   0.00e+00 (  1.07e+02,  1.69e+02)
25      0.241   3.23e-01   3.61e-01   1.52e-01   2.54e+00   0.00e+00 (  2.10e+02,  1.97e+02)
30      0.181   3.26e-01   4.19e-01   1.74e-01   2.10e+00   0.00e+00 (  2.13e+02,  2.20e+02)
35      0.161   3.34e-01   4.77e-01   1.83e-01   2.03e+00   0.00e+00 (  2.10e+02,  2.34e+02)
40      0.161   3.67e-01   5.87e-01   1.67e-01   2.18e+00   0.00e+00 (  2.05e+02,  2.41e+02)
45      0.178   4.21e-01   7.40e-01   2.85e-01   2.55e+00   0.00e+00 (  1.96e+02,  2.42e+02)
50      0.184   4.59e-01   8.59e-01   3.71e-01   2.78e+00   0.00e+00 (  1.78e+02,  2.38e+02)
55      0.218   5.16e-01   1.02e+00   5.29e-01   3.43e+00   0.00e+00 (  1.66e+02,  2.29e+02)
60      0.269   5.86e-01   1.21e+00   7.36e-01   4.37e+00   0.00e+00 (  1.57e+02,  2.18e+02)
65      0.307   6.47e-01   1.36e+00   9.29e-01   5.14e+00   0.00e+00 (  1.50e+02,  2.05e+02)
70      0.314   6.88e-01   1.44e+00   1.06e+00   5.38e+00   0.00e+00 (  1.44e+02,  1.92e+02)
75      0.275   6.68e-01   1.37e+00   1.06e+00   4.83e+00   0.00e+00 (  1.35e+02,  1.80e+02)
80      0.221   5.97e-01   1.22e+00   9.84e-01   4.01e+00   0.00e+00 (  1.27e+02,  1.70e+02)
85      0.167   4.87e-01   9.15e-01   7.59e-01   3.41e+00   0.00e+00 (  1.29e+02,  1.60e+02)
90      0.021   1.31e-01   2.23e-01   1.90e-01   6.24e-01   0.00e+00 (  2.92e+01,  1.52e+02)
95      0.008   3.28e-02   5.03e-02   4.43e-02   3.51e-01   0.00e+00 (  2.83e+00,  1.44e+02)
13 e: 2.294e-04 i: 9.117e-04 :: e: 5.526e-02 i: 5.189e-02 :: n: 2.763e+01 e:22.509 i:28.227 v:4.993e+03
>>> tau_he = 5.000000, nhe(0)=3.351887e+00
 5     -0.044   1.57e-02   3.73e-01   8.45e-03  -2.35e-01   0.00e+00 (  1.03e+01,  4.87e+01)
10     -0.158   1.43e-01   7.26e-02  -5.89e-02  -1.07e+00   0.00e+00 (  1.04e+02,  9.64e+01)
15      0.026   1.54e-01   9.51e-02  -3.45e-02   2.11e-01   0.00e+00 (  9.29e+01,  1.37e+02)
20      0.238   3.30e-01   3.60e-01   1.10e-01   2.24e+00   0.00e+00 (  2.17e+02,  1.69e+02)
25      0.238   3.18e-01   3.60e-01   1.54e-01   2.52e+00   0.00e+00 (  2.07e+02,  1.97e+02)
30      0.182   3.23e-01   4.20e-01   1.84e-01   2.12e+00   0.00e+00 (  2.10e+02,  2.20e+02)
35      0.160   3.32e-01   4.82e-01   1.82e-01   2.02e+00   0.00e+00 (  2.08e+02,  2.34e+02)
40      0.163   3.68e-01   6.00e-01   1.70e-01   2.20e+00   0.00e+00 (  2.05e+02,  2.41e+02)
45      0.181   4.24e-01   7.60e-01   2.94e-01   2.59e+00   0.00e+00 (  1.97e+02,  2.42e+02)
50      0.187   4.63e-01   8.82e-01   3.83e-01   2.82e+00   0.00e+00 (  1.80e+02,  2.38e+02)
55      0.220   5.21e-01   1.04e+00   5.43e-01   3.46e+00   0.00e+00 (  1.68e+02,  2.29e+02)
60      0.269   5.89e-01   1.23e+00   7.50e-01   4.38e+00   0.00e+00 (  1.59e+02,  2.18e+02)
65      0.305   6.46e-01   1.37e+00   9.31e-01   5.12e+00   0.00e+00 (  1.50e+02,  2.05e+02)
70      0.311   6.86e-01   1.44e+00   1.07e+00   5.34e+00   0.00e+00 (  1.44e+02,  1.92e+02)
75      0.271   6.63e-01   1.37e+00   1.06e+00   4.76e+00   0.00e+00 (  1.34e+02,  1.80e+02)
80      0.215   5.91e-01   1.20e+00   9.73e-01   3.90e+00   0.00e+00 (  1.25e+02,  1.70e+02)
85      0.162   4.82e-01   9.07e-01   7.53e-01   3.30e+00   0.00e+00 (  1.27e+02,  1.60e+02)
90      0.021   1.30e-01   2.23e-01   1.89e-01   6.22e-01   0.00e+00 (  2.89e+01,  1.52e+02)
95      0.008   3.28e-02   5.03e-02   4.43e-02   3.51e-01   0.00e+00 (  2.83e+00,  1.44e+02)
14 e: 3.378e-04 i: 5.195e-04 :: e: 4.795e-02 i: 5.301e-02 :: n: 2.763e+01 e:22.289 i:27.736 v:4.993e+03
>>> tau_he = 5.000000, nhe(0)=3.321012e+00
 5     -0.041   1.52e-02   3.67e-01   8.54e-03  -2.19e-01   0.00e+00 (  9.97e+00,  4.87e+01)
10     -0.108   1.28e-01   8.65e-02  -3.88e-02  -7.36e-01   0.00e+00 (  9.26e+01,  9.64e+01)
15      0.234   3.62e-01   3.80e-01   4.25e-02   1.90e+00   0.00e+00 (  2.22e+02,  1.37e+02)
20      0.071   1.63e-01   1.49e-01  -2.24e-02   6.68e-01   0.00e+00 (  1.06e+02,  1.69e+02)
25      0.220   3.04e-01   3.42e-01   1.44e-01   2.32e+00   0.00e+00 (  1.96e+02,  1.97e+02)
30      0.165   3.08e-01   4.07e-01   1.72e-01   1.92e+00   0.00e+00 (  1.99e+02,  2.20e+02)
35      0.151   3.25e-01   4.69e-01   1.77e-01   1.91e+00   0.00e+00 (  2.01e+02,  2.34e+02)
40      0.156   3.60e-01   5.84e-01   1.66e-01   2.11e+00   0.00e+00 (  1.97e+02,  2.41e+02)
45      0.175   4.15e-01   7.39e-01   2.87e-01   2.51e+00   0.00e+00 (  1.90e+02,  2.42e+02)
50      0.183   4.54e-01   8.60e-01   3.73e-01   2.76e+00   0.00e+00 (  1.74e+02,  2.38e+02)
55      0.215   5.10e-01   1.02e+00   5.30e-01   3.38e+00   0.00e+00 (  1.63e+02,  2.29e+02)
60      0.264   5.77e-01   1.20e+00   7.33e-01   4.29e+00   0.00e+00 (  1.54e+02,  2.18e+02)
65      0.300   6.32e-01   1.34e+00   9.10e-01   5.02e+00   0.00e+00 (  1.45e+02,  2.05e+02)
70      0.305   6.71e-01   1.40e+00   1.04e+00   5.24e+00   0.00e+00 (  1.39e+02,  1.92e+02)
75      0.267   6.48e-01   1.33e+00   1.04e+00   4.68e+00   0.00e+00 (  1.29e+02,  1.80e+02)
80      0.211   5.75e-01   1.17e+00   9.51e-01   3.84e+00   0.00e+00 (  1.19e+02,  1.70e+02)
85      0.159   4.71e-01   8.85e-01   7.35e-01   3.24e+00   0.00e+00 (  1.21e+02,  1.60e+02)
90      0.022   1.31e-01   2.24e-01   1.91e-01   6.46e-01   0.00e+00 (  2.87e+01,  1.52e+02)
95      0.008   3.28e-02   5.03e-02   4.43e-02   3.51e-01   0.00e+00 (  2.83e+00,  1.44e+02)
15 e: 2.277e-04 i: 1.564e-03 :: e: 5.198e-02 i: 3.957e-02 :: n: 2.763e+01 e:22.097 i:26.929 v:4.993e+03
>>> tau_he = 5.000000, nhe(0)=3.267578e+00
 5     -0.038   1.43e-02   3.49e-01   8.45e-03  -2.02e-01   0.00e+00 (  9.36e+00,  4.87e+01)
10     -0.099   1.20e-01   7.77e-02  -3.74e-02  -6.72e-01   0.00e+00 (  8.48e+01,  9.64e+01)
15      0.018   1.39e-01   8.92e-02  -3.18e-02   1.46e-01   0.00e+00 (  8.31e+01,  1.37e+02)
20      0.219   3.03e-01   3.33e-01   1.04e-01   2.05e+00   0.00e+00 (  1.97e+02,  1.69e+02)
25      0.208   2.94e-01   3.33e-01   1.41e-01   2.20e+00   0.00e+00 (  1.88e+02,  1.97e+02)
30      0.159   3.01e-01   4.04e-01   1.66e-01   1.85e+00   0.00e+00 (  1.92e+02,  2.20e+02)
35      0.148   3.20e-01   4.71e-01   1.74e-01   1.86e+00   0.00e+00 (  1.96e+02,  2.34e+02)
40      0.155   3.57e-01   5.91e-01   1.69e-01   2.10e+00   0.00e+00 (  1.94e+02,  2.41e+02)
45      0.174   4.14e-01   7.50e-01   2.93e-01   2.50e+00   0.00e+00 (  1.88e+02,  2.42e+02)
50      0.183   4.53e-01   8.72e-01   3.80e-01   2.76e+00   0.00e+00 (  1.72e+02,  2.38e+02)
55      0.214   5.09e-01   1.03e+00   5.36e-01   3.37e+00   0.00e+00 (  1.61e+02,  2.29e+02)
60      0.261   5.74e-01   1.20e+00   7.37e-01   4.25e+00   0.00e+00 (  1.53e+02,  2.18e+02)
65      0.296   6.27e-01   1.34e+00   9.10e-01   4.95e+00   0.00e+00 (  1.44e+02,  2.05e+02)
70      0.301   6.64e-01   1.40e+00   1.04e+00   5.16e+00   0.00e+00 (  1.37e+02,  1.92e+02)
75      0.262   6.39e-01   1.32e+00   1.03e+00   4.59e+00   0.00e+00 (  1.27e+02,  1.80e+02)
80      0.206   5.66e-01   1.16e+00   9.39e-01   3.74e+00   0.00e+00 (  1.16e+02,  1.70e+02)
85      0.154   4.64e-01   8.74e-01   7.27e-01   3.13e+00   0.00e+00 (  1.18e+02,  1.60e+02)
90      0.022   1.31e-01   2.24e-01   1.91e-01   6.43e-01   0.00e+00 (  2.84e+01,  1.52e+02)
95      0.008   3.28e-02   5.03e-02   4.43e-02   3.51e-01   0.00e+00 (  2.83e+00,  1.44e+02)
16 e: 4.205e-04 i: 3.792e-04 :: e: 5.215e-02 i: 3.545e-02 :: n: 2.763e+01 e:21.754 i:26.411 v:4.993e+03
>>> tau_he = 5.000000, nhe(0)=3.231408e+00
 5     -0.035   1.41e-02   3.40e-01   8.21e-03  -1.85e-01   0.00e+00 (  9.08e+00,  4.87e+01)
10     -0.117   1.08e-01   6.92e-02  -3.00e-02  -7.97e-01   0.00e+00 (  7.56e+01,  9.64e+01)
15      0.201   3.24e-01   3.37e-01   3.29e-02   1.63e+00   0.00e+00 (  1.95e+02,  1.37e+02)
20      0.067   1.52e-01   1.43e-01  -1.46e-02   6.30e-01   0.00e+00 (  9.66e+01,  1.69e+02)
25      0.141   2.71e-01   3.35e-01   1.33e-01   1.49e+00   0.00e+00 (  1.71e+02,  1.97e+02)
30      0.148   2.90e-01   3.89e-01   1.61e-01   1.72e+00   0.00e+00 (  1.82e+02,  2.20e+02)
35      0.140   3.20e-01   4.57e-01   1.63e-01   1.77e+00   0.00e+00 (  1.92e+02,  2.34e+02)
40      0.149   3.47e-01   5.76e-01   1.67e-01   2.01e+00   0.00e+00 (  1.84e+02,  2.41e+02)
45      0.169   4.02e-01   7.30e-01   2.86e-01   2.42e+00   0.00e+00 (  1.79e+02,  2.42e+02)
50      0.178   4.41e-01   8.49e-01   3.70e-01   2.69e+00   0.00e+00 (  1.65e+02,  2.38e+02)
55      0.209   4.95e-01   1.00e+00   5.22e-01   3.28e+00   0.00e+00 (  1.54e+02,  2.29e+02)
60      0.255   5.59e-01   1.17e+00   7.18e-01   4.15e+00   0.00e+00 (  1.46e+02,  2.18e+02)
65      0.289   6.10e-01   1.30e+00   8.86e-01   4.83e+00   0.00e+00 (  1.38e+02,  2.05e+02)
70      0.294   6.46e-01   1.36e+00   1.01e+00   5.04e+00   0.00e+00 (  1.31e+02,  1.92e+02)
75      0.256   6.22e-01   1.28e+00   1.00e+00   4.48e+00   0.00e+00 (  1.21e+02,  1.80e+02)
80      0.202   5.51e-01   1.13e+00   9.13e-01   3.66e+00   0.00e+00 (  1.11e+02,  1.70e+02)
85      0.150   4.53e-01   8.52e-01   7.09e-01   3.07e+00   0.00e+00 (  1.13e+02,  1.60e+02)
90      0.023   1.31e-01   2.25e-01   1.92e-01   6.74e-01   0.00e+00 (  2.80e+01,  1.52e+02)
95      0.008   3.28e-02   5.03e-02   4.43e-02   3.51e-01   0.00e+00 (  2.83e+00,  1.44e+02)
17 e: 2.087e-04 i: 8.783e-04 :: e: 6.319e-02 i: 2.454e-02 :: n: 2.763e+01 e:21.553 i:25.823 v:4.993e+03
>>> tau_he = 5.000000, nhe(0)=3.188504e+00
 5     -0.033   1.38e-02   3.30e-01   8.38e-03  -1.75e-01   0.00e+00 (  8.84e+00,  4.87e+01)
10     -0.124   1.03e-01   6.31e-02  -2.94e-02  -8.44e-01   0.00e+00 (  7.07e+01,  9.64e+01)
15      0.016   1.48e-01   1.16e-01  -6.00e-02   1.27e-01   0.00e+00 (  8.75e+01,  1.37e+02)
20      0.202   2.78e-01   3.09e-01   9.82e-02   1.89e+00   0.00e+00 (  1.78e+02,  1.69e+02)
25      0.138   2.64e-01   3.31e-01   1.33e-01   1.45e+00   0.00e+00 (  1.66e+02,  1.97e+02)
30      0.141   2.85e-01   3.86e-01   1.57e-01   1.64e+00   0.00e+00 (  1.78e+02,  2.20e+02)
35      0.137   3.15e-01   4.57e-01   1.59e-01   1.73e+00   0.00e+00 (  1.86e+02,  2.34e+02)
40      0.148   3.44e-01   5.82e-01   1.70e-01   2.00e+00   0.00e+00 (  1.80e+02,  2.41e+02)
45      0.168   3.99e-01   7.37e-01   2.90e-01   2.41e+00   0.00e+00 (  1.75e+02,  2.42e+02)
50      0.178   4.38e-01   8.55e-01   3.75e-01   2.68e+00   0.00e+00 (  1.62e+02,  2.38e+02)
55      0.207   4.91e-01   1.00e+00   5.27e-01   3.25e+00   0.00e+00 (  1.51e+02,  2.29e+02)
60      0.253   5.51e-01   1.17e+00   7.23e-01   4.11e+00   0.00e+00 (  1.42e+02,  2.18e+02)
65      0.283   6.02e-01   1.29e+00   8.80e-01   4.74e+00   0.00e+00 (  1.34e+02,  2.05e+02)
70      0.287   6.35e-01   1.34e+00   9.97e-01   4.93e+00   0.00e+00 (  1.27e+02,  1.92e+02)
75      0.249   6.10e-01   1.26e+00   9.86e-01   4.37e+00   0.00e+00 (  1.17e+02,  1.80e+02)
80      0.196   5.40e-01   1.11e+00   8.98e-01   3.57e+00   0.00e+00 (  1.08e+02,  1.70e+02)
85      0.146   4.45e-01   8.38e-01   6.99e-01   2.97e+00   0.00e+00 (  1.09e+02,  1.60e+02)
90      0.023   1.31e-01   2.25e-01   1.91e-01   6.75e-01   0.00e+00 (  2.77e+01,  1.52e+02)
95      0.008   3.28e-02   5.03e-02   4.43e-02   3.51e-01   0.00e+00 (  2.83e+00,  1.44e+02)
18 e: 3.300e-04 i: 2.617e-04 :: e: 6.590e-02 i: 2.405e-02 :: n: 2.763e+01 e:21.276 i:25.456 v:4.993e+03
>>> tau_he = 5.000000, nhe(0)=3.160715e+00
 5     -0.031   1.33e-02   3.23e-01   8.26e-03  -1.67e-01   0.00e+00 (  8.36e+00,  4.87e+01)
10     -0.123   9.74e-02   5.80e-02  -2.60e-02  -8.37e-01   0.00e+00 (  6.68e+01,  9.64e+01)
15      0.088   2.78e-01   3.25e-01   3.48e-02   7.13e-01   0.00e+00 (  1.66e+02,  1.37e+02)
20      0.123   2.47e-01   3.03e-01   9.43e-02   1.16e+00   0.00e+00 (  1.57e+02,  1.69e+02)
25      0.131   2.55e-01   3.22e-01   1.27e-01   1.39e+00   0.00e+00 (  1.59e+02,  1.97e+02)
30      0.135   2.77e-01   3.76e-01   1.54e-01   1.57e+00   0.00e+00 (  1.71e+02,  2.20e+02)
35      0.133   3.07e-01   4.47e-01   1.52e-01   1.68e+00   0.00e+00 (  1.79e+02,  2.34e+02)
40      0.144   3.36e-01   5.70e-01   1.69e-01   1.95e+00   0.00e+00 (  1.73e+02,  2.41e+02)
45      0.164   3.90e-01   7.21e-01   2.85e-01   2.35e+00   0.00e+00 (  1.68e+02,  2.42e+02)
50      0.174   4.27e-01   8.37e-01   3.67e-01   2.62e+00   0.00e+00 (  1.55e+02,  2.38e+02)
55      0.202   4.77e-01   9.74e-01   5.15e-01   3.17e+00   0.00e+00 (  1.44e+02,  2.29e+02)
60      0.246   5.36e-01   1.14e+00   7.05e-01   4.01e+00   0.00e+00 (  1.36e+02,  2.18e+02)
65      0.276   5.87e-01   1.25e+00   8.65e-01   4.62e+00   0.00e+00 (  1.29e+02,  2.05e+02)
70      0.280   6.17e-01   1.30e+00   9.69e-01   4.80e+00   0.00e+00 (  1.22e+02,  1.92e+02)
75      0.243   5.93e-01   1.22e+00   9.58e-01   4.26e+00   0.00e+00 (  1.12e+02,  1.80e+02)
80      0.192   5.26e-01   1.07e+00   8.74e-01   3.49e+00   0.00e+00 (  1.02e+02,  1.70e+02)
85      0.143   4.34e-01   8.17e-01   6.82e-01   2.91e+00   0.00e+00 (  1.04e+02,  1.60e+02)
90      0.024   1.31e-01   2.26e-01   1.92e-01   7.05e-01   0.00e+00 (  2.73e+01,  1.52e+02)
95      0.008   3.28e-02   5.03e-02   4.43e-02   3.51e-01   0.00e+00 (  2.83e+00,  1.44e+02)
19 e: 1.152e-04 i: 3.911e-04 :: e: 6.590e-02 i: 1.997e-02 :: n: 2.763e+01 e:21.100 i:24.982 v:4.993e+03
>>> tau_he = 5.000000, nhe(0)=3.123598e+00
 5     -0.030   1.28e-02   3.11e-01   8.14e-03  -1.60e-01   0.00e+00 (  8.01e+00,  4.87e+01)
10     -0.121   9.39e-02   5.63e-02  -2.59e-02  -8.21e-01   0.00e+00 (  6.41e+01,  9.64e+01)
15      0.010   1.43e-01   1.11e-01  -5.71e-02   7.78e-02   0.00e+00 (  8.41e+01,  1.37e+02)
20      0.062   1.39e-01   1.37e-01  -8.77e-03   5.82e-01   0.00e+00 (  8.74e+01,  1.69e+02)
25      0.129   2.50e-01   3.19e-01   1.28e-01   1.36e+00   0.00e+00 (  1.56e+02,  1.97e+02)
30      0.133   2.73e-01   3.75e-01   1.51e-01   1.55e+00   0.00e+00 (  1.68e+02,  2.20e+02)
35      0.131   3.03e-01   4.47e-01   1.51e-01   1.66e+00   0.00e+00 (  1.75e+02,  2.34e+02)
40      0.144   3.34e-01   5.75e-01   1.73e-01   1.95e+00   0.00e+00 (  1.70e+02,  2.41e+02)
45      0.164   3.87e-01   7.27e-01   2.89e-01   2.35e+00   0.00e+00 (  1.65e+02,  2.42e+02)
50      0.174   4.24e-01   8.41e-01   3.71e-01   2.62e+00   0.00e+00 (  1.52e+02,  2.38e+02)
55      0.200   4.72e-01   9.73e-01   5.16e-01   3.14e+00   0.00e+00 (  1.41e+02,  2.29e+02)
60      0.243   5.29e-01   1.13e+00   7.02e-01   3.95e+00   0.00e+00 (  1.33e+02,  2.18e+02)
65      0.271   5.78e-01   1.24e+00   8.57e-01   4.53e+00   0.00e+00 (  1.25e+02,  2.05e+02)
70      0.273   6.06e-01   1.28e+00   9.55e-01   4.69e+00   0.00e+00 (  1.18e+02,  1.92e+02)
75      0.237   5.81e-01   1.20e+00   9.41e-01   4.15e+00   0.00e+00 (  1.08e+02,  1.80e+02)
80      0.188   5.15e-01   1.05e+00   8.59e-01   3.41e+00   0.00e+00 (  9.92e+01,  1.70e+02)
85      0.139   4.27e-01   8.04e-01   6.71e-01   2.83e+00   0.00e+00 (  1.01e+02,  1.60e+02)
90      0.024   1.31e-01   2.26e-01   1.92e-01   7.09e-01   0.00e+00 (  2.70e+01,  1.52e+02)
95      0.008   3.28e-02   5.03e-02   4.43e-02   3.51e-01   0.00e+00 (  2.83e+00,  1.44e+02)
20 e: 2.407e-04 i: 3.239e-04 :: e: 9.489e-02 i: 3.430e-02 :: n: 2.763e+01 e:20.926 i:24.770 v:4.993e+03
>>> tau_he = 5.000000, nhe(0)=3.106565e+00
 5     -0.029   1.23e-02   3.07e-01   8.01e-03  -1.53e-01   0.00e+00 (  7.62e+00,  4.87e+01)
10     -0.103   8.99e-02   5.22e-02  -2.00e-02  -6.98e-01   0.00e+00 (  6.12e+01,  9.64e+01)
15      0.083   2.64e-01   3.11e-01   3.55e-02   6.71e-01   0.00e+00 (  1.58e+02,  1.37e+02)
20      0.120   2.36e-01   2.95e-01   9.65e-02   1.12e+00   0.00e+00 (  1.50e+02,  1.69e+02)
25      0.130   2.48e-01   3.15e-01   1.30e-01   1.38e+00   0.00e+00 (  1.54e+02,  1.97e+02)
30      0.128   2.66e-01   3.68e-01   1.50e-01   1.49e+00   0.00e+00 (  1.62e+02,  2.20e+02)
35      0.129   2.97e-01   4.42e-01   1.56e-01   1.63e+00   0.00e+00 (  1.69e+02,  2.34e+02)
40      0.141   3.28e-01   5.68e-01   1.73e-01   1.90e+00   0.00e+00 (  1.64e+02,  2.41e+02)
45      0.161   3.80e-01   7.17e-01   2.86e-01   2.31e+00   0.00e+00 (  1.59e+02,  2.42e+02)
50      0.171   4.16e-01   8.28e-01   3.66e-01   2.57e+00   0.00e+00 (  1.47e+02,  2.38e+02)
55      0.195   4.62e-01   9.53e-01   5.06e-01   3.07e+00   0.00e+00 (  1.36e+02,  2.29e+02)
60      0.237   5.17e-01   1.11e+00   6.87e-01   3.85e+00   0.00e+00 (  1.28e+02,  2.18e+02)
65      0.264   5.64e-01   1.21e+00   8.36e-01   4.42e+00   0.00e+00 (  1.20e+02,  2.05e+02)
70      0.266   5.90e-01   1.25e+00   9.31e-01   4.57e+00   0.00e+00 (  1.13e+02,  1.92e+02)
75      0.231   5.65e-01   1.17e+00   9.16e-01   4.05e+00   0.00e+00 (  1.04e+02,  1.80e+02)
80      0.184   5.02e-01   1.03e+00   8.40e-01   3.35e+00   0.00e+00 (  9.49e+01,  1.70e+02)
85      0.136   4.17e-01   7.85e-01   6.56e-01   2.78e+00   0.00e+00 (  9.66e+01,  1.60e+02)
90      0.025   1.32e-01   2.26e-01   1.93e-01   7.34e-01   0.00e+00 (  2.67e+01,  1.52e+02)
95      0.008   3.28e-02   5.03e-02   4.43e-02   3.51e-01   0.00e+00 (  2.83e+00,  1.44e+02)
21 e: 8.976e-05 i: 2.552e-04 :: e: 7.906e-02 i: 2.375e-02 :: n: 2.763e+01 e:20.799 i:24.435 v:4.993e+03
>>> tau_he = 5.000000, nhe(0)=3.078977e+00
 5     -0.028   1.20e-02   2.98e-01   7.92e-03  -1.49e-01   0.00e+00 (  7.40e+00,  4.87e+01)
10     -0.103   8.78e-02   5.16e-02  -2.04e-02  -6.97e-01   0.00e+00 (  5.98e+01,  9.64e+01)
15      0.070   2.57e-01   3.01e-01   3.32e-02   5.72e-01   0.00e+00 (  1.53e+02,  1.37e+02)
20      0.116   2.29e-01   2.88e-01   9.42e-02   1.09e+00   0.00e+00 (  1.45e+02,  1.69e+02)
25      0.128   2.45e-01   3.13e-01   1.31e-01   1.36e+00   0.00e+00 (  1.53e+02,  1.97e+02)
30      0.127   2.63e-01   3.69e-01   1.42e-01   1.48e+00   0.00e+00 (  1.60e+02,  2.20e+02)
35      0.130   2.95e-01   4.46e-01   1.78e-01   1.65e+00   0.00e+00 (  1.67e+02,  2.34e+02)
40      0.143   3.26e-01   5.72e-01   1.75e-01   1.94e+00   0.00e+00 (  1.62e+02,  2.41e+02)
45      0.161   3.77e-01   7.20e-01   2.89e-01   2.31e+00   0.00e+00 (  1.56e+02,  2.42e+02)
50      0.170   4.12e-01   8.30e-01   3.68e-01   2.57e+00   0.00e+00 (  1.44e+02,  2.38e+02)
55      0.193   4.57e-01   9.50e-01   5.06e-01   3.04e+00   0.00e+00 (  1.33e+02,  2.29e+02)
60      0.233   5.10e-01   1.10e+00   6.82e-01   3.80e+00   0.00e+00 (  1.25e+02,  2.18e+02)
65      0.259   5.55e-01   1.19e+00   8.27e-01   4.33e+00   0.00e+00 (  1.17e+02,  2.05e+02)
70      0.260   5.79e-01   1.22e+00   9.17e-01   4.47e+00   0.00e+00 (  1.10e+02,  1.92e+02)
75      0.226   5.54e-01   1.14e+00   9.00e-01   3.96e+00   0.00e+00 (  1.01e+02,  1.80e+02)
80      0.181   4.93e-01   1.01e+00   8.27e-01   3.29e+00   0.00e+00 (  9.21e+01,  1.70e+02)
85      0.133   4.09e-01   7.75e-01   6.50e-01   2.72e+00   0.00e+00 (  9.34e+01,  1.60e+02)
90      0.025   1.32e-01   2.27e-01   1.93e-01   7.42e-01   0.00e+00 (  2.64e+01,  1.52e+02)
95      0.008   3.28e-02   5.03e-02   4.43e-02   3.51e-01   0.00e+00 (  2.83e+00,  1.44e+02)
22 e: 1.233e-04 i: 1.847e-04 :: e: 8.108e-02 i: 2.304e-02 :: n: 2.763e+01 e:20.614 i:24.146 v:4.993e+03
>>> tau_he = 5.000000, nhe(0)=3.054589e+00
 5     -0.027   1.16e-02   2.91e-01   7.79e-03  -1.45e-01   0.00e+00 (  7.12e+00,  4.87e+01)
10     -0.100   8.54e-02   5.02e-02  -2.00e-02  -6.82e-01   0.00e+00 (  5.78e+01,  9.64e+01)
15      0.006   1.32e-01   1.05e-01  -4.80e-02   4.72e-02   0.00e+00 (  7.77e+01,  1.37e+02)
20      0.108   2.22e-01   2.80e-01   9.01e-02   1.01e+00   0.00e+00 (  1.40e+02,  1.69e+02)
25      0.126   2.41e-01   3.10e-01   1.29e-01   1.33e+00   0.00e+00 (  1.50e+02,  1.97e+02)
30      0.125   2.60e-01   3.65e-01   1.41e-01   1.45e+00   0.00e+00 (  1.57e+02,  2.20e+02)
35      0.128   2.91e-01   4.42e-01   1.77e-01   1.62e+00   0.00e+00 (  1.63e+02,  2.34e+02)
40      0.141   3.22e-01   5.68e-01   1.76e-01   1.91e+00   0.00e+00 (  1.58e+02,  2.41e+02)
45      0.159   3.72e-01   7.14e-01   2.87e-01   2.28e+00   0.00e+00 (  1.53e+02,  2.42e+02)
50      0.169   4.07e-01   8.22e-01   3.66e-01   2.54e+00   0.00e+00 (  1.40e+02,  2.38e+02)
55      0.191   4.50e-01   9.37e-01   5.00e-01   2.99e+00   0.00e+00 (  1.30e+02,  2.29e+02)
60      0.229   5.01e-01   1.08e+00   6.71e-01   3.73e+00   0.00e+00 (  1.22e+02,  2.18e+02)
65      0.253   5.44e-01   1.17e+00   8.11e-01   4.25e+00   0.00e+00 (  1.14e+02,  2.05e+02)
70      0.255   5.67e-01   1.20e+00   8.98e-01   4.37e+00   0.00e+00 (  1.06e+02,  1.92e+02)
75      0.221   5.42e-01   1.12e+00   8.80e-01   3.87e+00   0.00e+00 (  9.71e+01,  1.80e+02)
80      0.178   4.84e-01   9.91e-01   8.11e-01   3.24e+00   0.00e+00 (  8.91e+01,  1.70e+02)
85      0.131   4.02e-01   7.60e-01   6.39e-01   2.67e+00   0.00e+00 (  9.03e+01,  1.60e+02)
90      0.026   1.32e-01   2.27e-01   1.93e-01   7.61e-01   0.00e+00 (  2.61e+01,  1.52e+02)
95      0.008   3.28e-02   5.03e-02   4.43e-02   3.51e-01   0.00e+00 (  2.83e+00,  1.44e+02)
23 e: 9.596e-05 i: 1.931e-04 :: e: 9.987e-02 i: 3.254e-02 :: n: 2.763e+01 e:20.543 i:23.958 v:4.993e+03
>>> tau_he = 5.000000, nhe(0)=3.038448e+00
 5     -0.026   1.13e-02   2.87e-01   7.72e-03  -1.40e-01   0.00e+00 (  6.92e+00,  4.87e+01)
10     -0.056   8.08e-02   4.14e-02  -2.79e-02  -3.78e-01   0.00e+00 (  5.49e+01,  9.64e+01)
15      0.068   2.48e-01   2.93e-01   3.55e-02   5.51e-01   0.00e+00 (  1.48e+02,  1.37e+02)
20      0.106   2.18e-01   2.77e-01   9.08e-02   9.96e-01   0.00e+00 (  1.37e+02,  1.69e+02)
25      0.124   2.38e-01   3.08e-01   1.30e-01   1.31e+00   0.00e+00 (  1.48e+02,  1.97e+02)
30      0.123   2.57e-01   3.65e-01   1.41e-01   1.43e+00   0.00e+00 (  1.56e+02,  2.20e+02)
35      0.123   2.87e-01   4.37e-01   1.69e-01   1.56e+00   0.00e+00 (  1.60e+02,  2.34e+02)
40      0.141   3.20e-01   5.70e-01   1.78e-01   1.91e+00   0.00e+00 (  1.56e+02,  2.41e+02)
45      0.159   3.70e-01   7.16e-01   2.89e-01   2.28e+00   0.00e+00 (  1.51e+02,  2.42e+02)
50      0.168   4.04e-01   8.24e-01   3.68e-01   2.54e+00   0.00e+00 (  1.38e+02,  2.38e+02)
55      0.189   4.46e-01   9.34e-01   4.99e-01   2.97e+00   0.00e+00 (  1.28e+02,  2.29e+02)
60      0.226   4.96e-01   1.07e+00   6.67e-01   3.68e+00   0.00e+00 (  1.19e+02,  2.18e+02)
65      0.249   5.37e-01   1.16e+00   8.03e-01   4.17e+00   0.00e+00 (  1.11e+02,  2.05e+02)
70      0.250   5.58e-01   1.18e+00   8.86e-01   4.28e+00   0.00e+00 (  1.04e+02,  1.92e+02)
75      0.216   5.33e-01   1.10e+00   8.67e-01   3.79e+00   0.00e+00 (  9.47e+01,  1.80e+02)
80      0.175   4.77e-01   9.77e-01   8.01e-01   3.18e+00   0.00e+00 (  8.71e+01,  1.70e+02)
85      0.129   3.97e-01   7.51e-01   6.31e-01   2.63e+00   0.00e+00 (  8.81e+01,  1.60e+02)
90      0.026   1.32e-01   2.27e-01   1.93e-01   7.68e-01   0.00e+00 (  2.59e+01,  1.52e+02)
95      0.008   3.28e-02   5.03e-02   4.43e-02   3.51e-01   0.00e+00 (  2.83e+00,  1.44e+02)
24 e: 7.166e-05 i: 1.045e-04 :: e: 8.724e-02 i: 2.550e-02 :: n: 2.763e+01 e:20.422 i:23.793 v:4.993e+03
>>> tau_he = 5.000000, nhe(0)=3.024080e+00
 5     -0.026   1.11e-02   2.82e-01   7.63e-03  -1.38e-01   0.00e+00 (  6.76e+00,  4.87e+01)
10     -0.056   8.03e-02   4.15e-02  -2.80e-02  -3.80e-01   0.00e+00 (  5.45e+01,  9.64e+01)
15      0.065   2.42e-01   2.86e-01   3.26e-02   5.25e-01   0.00e+00 (  1.44e+02,  1.37e+02)
20      0.052   1.26e-01   1.30e-01  -5.16e-03   4.87e-01   0.00e+00 (  7.92e+01,  1.69e+02)
25      0.122   2.35e-01   3.06e-01   1.29e-01   1.29e+00   0.00e+00 (  1.47e+02,  1.97e+02)
30      0.122   2.54e-01   3.62e-01   1.40e-01   1.41e+00   0.00e+00 (  1.54e+02,  2.20e+02)
35      0.122   2.84e-01   4.34e-01   1.68e-01   1.54e+00   0.00e+00 (  1.58e+02,  2.34e+02)
40      0.140   3.17e-01   5.66e-01   1.78e-01   1.89e+00   0.00e+00 (  1.53e+02,  2.41e+02)
45      0.158   3.66e-01   7.11e-01   2.87e-01   2.26e+00   0.00e+00 (  1.48e+02,  2.42e+02)
50      0.167   4.00e-01   8.18e-01   3.65e-01   2.52e+00   0.00e+00 (  1.36e+02,  2.38e+02)
55      0.187   4.40e-01   9.24e-01   4.95e-01   2.94e+00   0.00e+00 (  1.25e+02,  2.29e+02)
60      0.223   4.89e-01   1.06e+00   6.59e-01   3.62e+00   0.00e+00 (  1.17e+02,  2.18e+02)
65      0.246   5.32e-01   1.14e+00   8.03e-01   4.11e+00   0.00e+00 (  1.09e+02,  2.05e+02)
70      0.245   5.49e-01   1.16e+00   8.70e-01   4.21e+00   0.00e+00 (  1.01e+02,  1.92e+02)
75      0.212   5.24e-01   1.08e+00   8.51e-01   3.72e+00   0.00e+00 (  9.22e+01,  1.80e+02)
80      0.173   4.70e-01   9.62e-01   7.89e-01   3.15e+00   0.00e+00 (  8.49e+01,  1.70e+02)
85      0.128   3.91e-01   7.40e-01   6.22e-01   2.60e+00   0.00e+00 (  8.58e+01,  1.60e+02)
90      0.026   1.32e-01   2.27e-01   1.93e-01   7.83e-01   0.00e+00 (  2.56e+01,  1.52e+02)
95      0.008   3.28e-02   5.03e-02   4.43e-02   3.51e-01   0.00e+00 (  2.83e+00,  1.44e+02)
25 e: 7.044e-05 i: 2.587e-04 :: e: 9.897e-02 i: 3.577e-02 :: n: 2.763e+01 e:20.384 i:23.667 v:4.993e+03
>>> tau_he = 5.000000, nhe(0)=3.012976e+00
 5     -0.025   1.09e-02   2.79e-01   7.56e-03  -1.35e-01   0.00e+00 (  6.60e+00,  4.87e+01)
10     -0.055   7.91e-02   4.14e-02  -2.81e-02  -3.76e-01   0.00e+00 (  5.37e+01,  9.64e+01)
15      0.064   2.39e-01   2.82e-01   3.22e-02   5.17e-01   0.00e+00 (  1.42e+02,  1.37e+02)
20      0.114   2.19e-01   2.77e-01   9.55e-02   1.07e+00   0.00e+00 (  1.40e+02,  1.69e+02)
25      0.122   2.35e-01   3.07e-01   1.32e-01   1.29e+00   0.00e+00 (  1.47e+02,  1.97e+02)
30      0.121   2.53e-01   3.63e-01   1.41e-01   1.41e+00   0.00e+00 (  1.53e+02,  2.20e+02)
35      0.122   2.83e-01   4.35e-01   1.69e-01   1.54e+00   0.00e+00 (  1.57e+02,  2.34e+02)
40      0.140   3.17e-01   5.70e-01   1.80e-01   1.89e+00   0.00e+00 (  1.52e+02,  2.41e+02)
45      0.158   3.65e-01   7.14e-01   2.89e-01   2.26e+00   0.00e+00 (  1.46e+02,  2.42e+02)
50      0.167   3.99e-01   8.20e-01   3.67e-01   2.52e+00   0.00e+00 (  1.35e+02,  2.38e+02)
55      0.186   4.38e-01   9.24e-01   4.96e-01   2.93e+00   0.00e+00 (  1.24e+02,  2.29e+02)
60      0.220   4.85e-01   1.05e+00   6.56e-01   3.58e+00   0.00e+00 (  1.15e+02,  2.18e+02)
65      0.242   5.27e-01   1.14e+00   7.97e-01   4.06e+00   0.00e+00 (  1.08e+02,  2.05e+02)
70      0.241   5.42e-01   1.15e+00   8.61e-01   4.14e+00   0.00e+00 (  9.94e+01,  1.92e+02)
75      0.209   5.18e-01   1.07e+00   8.41e-01   3.66e+00   0.00e+00 (  9.05e+01,  1.80e+02)
80      0.172   4.65e-01   9.53e-01   7.81e-01   3.12e+00   0.00e+00 (  8.36e+01,  1.70e+02)
85      0.126   3.87e-01   7.33e-01   6.16e-01   2.57e+00   0.00e+00 (  8.43e+01,  1.60e+02)
90      0.027   1.32e-01   2.27e-01   1.94e-01   7.89e-01   0.00e+00 (  2.54e+01,  1.52e+02)
95      0.008   3.28e-02   5.03e-02   4.43e-02   3.51e-01   0.00e+00 (  2.83e+00,  1.44e+02)
26 e: 3.796e-05 i: 6.503e-05 :: e: 8.176e-02 i: 2.683e-02 :: n: 2.763e+01 e:20.307 i:23.543 v:4.993e+03
>>> tau_he = 5.000000, nhe(0)=3.001917e+00
 5     -0.025   1.08e-02   2.75e-01   7.50e-03  -1.34e-01   0.00e+00 (  6.48e+00,  4.87e+01)
10     -0.056   7.89e-02   4.14e-02  -2.81e-02  -3.78e-01   0.00e+00 (  5.36e+01,  9.64e+01)
15      0.003   1.26e-01   1.02e-01  -4.38e-02   2.20e-02   0.00e+00 (  7.41e+01,  1.37e+02)
20      0.107   2.16e-01   2.73e-01   9.31e-02   1.00e+00   0.00e+00 (  1.37e+02,  1.69e+02)
25      0.121   2.34e-01   3.05e-01   1.32e-01   1.28e+00   0.00e+00 (  1.47e+02,  1.97e+02)
30      0.119   2.55e-01   3.61e-01   1.41e-01   1.39e+00   0.00e+00 (  1.54e+02,  2.20e+02)
35      0.121   2.81e-01   4.33e-01   1.68e-01   1.52e+00   0.00e+00 (  1.55e+02,  2.34e+02)
40      0.139   3.14e-01   5.66e-01   1.80e-01   1.88e+00   0.00e+00 (  1.51e+02,  2.41e+02)
45      0.157   3.62e-01   7.09e-01   2.88e-01   2.25e+00   0.00e+00 (  1.45e+02,  2.42e+02)
50      0.167   3.96e-01   8.15e-01   3.66e-01   2.51e+00   0.00e+00 (  1.33e+02,  2.38e+02)
55      0.185   4.34e-01   9.17e-01   4.92e-01   2.91e+00   0.00e+00 (  1.22e+02,  2.29e+02)
60      0.218   4.80e-01   1.04e+00   6.49e-01   3.54e+00   0.00e+00 (  1.13e+02,  2.18e+02)
65      0.239   5.20e-01   1.12e+00   7.87e-01   4.01e+00   0.00e+00 (  1.06e+02,  2.05e+02)
70      0.238   5.35e-01   1.13e+00   8.49e-01   4.08e+00   0.00e+00 (  9.75e+01,  1.92e+02)
75      0.206   5.11e-01   1.05e+00   8.29e-01   3.61e+00   0.00e+00 (  8.88e+01,  1.80e+02)
80      0.170   4.61e-01   9.42e-01   7.73e-01   3.10e+00   0.00e+00 (  8.21e+01,  1.70e+02)
85      0.126   3.83e-01   7.25e-01   6.11e-01   2.56e+00   0.00e+00 (  8.25e+01,  1.60e+02)
90      0.027   1.32e-01   2.28e-01   1.94e-01   8.02e-01   0.00e+00 (  2.53e+01,  1.52e+02)
95      0.008   3.28e-02   5.03e-02   4.43e-02   3.51e-01   0.00e+00 (  2.83e+00,  1.44e+02)
27 e: 6.254e-05 i: 1.889e-04 :: e: 9.513e-02 i: 3.676e-02 :: n: 2.763e+01 e:20.318 i:23.500 v:4.993e+03
>>> tau_he = 5.000000, nhe(0)=2.998089e+00
 5     -0.025   1.07e-02   2.75e-01   7.47e-03  -1.31e-01   0.00e+00 (  6.39e+00,  4.87e+01)
10     -0.057   7.87e-02   4.09e-02  -2.78e-02  -3.90e-01   0.00e+00 (  5.38e+01,  9.64e+01)
15      0.062   2.38e-01   2.85e-01   3.42e-02   5.05e-01   0.00e+00 (  1.43e+02,  1.37e+02)
20      0.107   2.14e-01   2.73e-01   9.44e-02   1.00e+00   0.00e+00 (  1.37e+02,  1.69e+02)
25      0.120   2.33e-01   3.05e-01   1.33e-01   1.27e+00   0.00e+00 (  1.46e+02,  1.97e+02)
30      0.119   2.54e-01   3.62e-01   1.42e-01   1.38e+00   0.00e+00 (  1.54e+02,  2.20e+02)
35      0.121   2.80e-01   4.35e-01   1.69e-01   1.52e+00   0.00e+00 (  1.54e+02,  2.34e+02)
40      0.139   3.14e-01   5.69e-01   1.82e-01   1.88e+00   0.00e+00 (  1.50e+02,  2.41e+02)
45      0.157   3.62e-01   7.12e-01   2.90e-01   2.25e+00   0.00e+00 (  1.44e+02,  2.42e+02)
50      0.167   3.95e-01   8.18e-01   3.68e-01   2.51e+00   0.00e+00 (  1.32e+02,  2.38e+02)
55      0.185   4.34e-01   9.18e-01   4.94e-01   2.90e+00   0.00e+00 (  1.21e+02,  2.29e+02)
60      0.216   4.77e-01   1.04e+00   6.48e-01   3.52e+00   0.00e+00 (  1.12e+02,  2.18e+02)
65      0.237   5.17e-01   1.11e+00   7.83e-01   3.97e+00   0.00e+00 (  1.05e+02,  2.05e+02)
70      0.235   5.31e-01   1.12e+00   8.43e-01   4.03e+00   0.00e+00 (  9.65e+01,  1.92e+02)
75      0.204   5.08e-01   1.04e+00   8.24e-01   3.57e+00   0.00e+00 (  8.80e+01,  1.80e+02)
80      0.169   4.58e-01   9.36e-01   7.69e-01   3.08e+00   0.00e+00 (  8.13e+01,  1.70e+02)
85      0.125   3.80e-01   7.20e-01   6.07e-01   2.54e+00   0.00e+00 (  8.15e+01,  1.60e+02)
90      0.027   1.32e-01   2.28e-01   1.94e-01   8.05e-01   0.00e+00 (  2.51e+01,  1.52e+02)
95      0.008   3.28e-02   5.03e-02   4.43e-02   3.51e-01   0.00e+00 (  2.83e+00,  1.44e+02)
28 e: 1.842e-05 i: 6.372e-05 :: e: 7.687e-02 i: 2.724e-02 :: n: 2.763e+01 e:20.276 i:23.413 v:4.993e+03
>>> tau_he = 5.000000, nhe(0)=2.990258e+00
 5     -0.024   1.06e-02   2.72e-01   7.44e-03  -1.31e-01   0.00e+00 (  6.34e+00,  4.87e+01)
10     -0.058   7.84e-02   4.13e-02  -2.80e-02  -3.94e-01   0.00e+00 (  5.37e+01,  9.64e+01)
15      0.060   2.34e-01   2.80e-01   3.44e-02   4.86e-01   0.00e+00 (  1.41e+02,  1.37e+02)
20      0.105   2.11e-01   2.70e-01   9.26e-02   9.85e-01   0.00e+00 (  1.34e+02,  1.69e+02)
25      0.120   2.32e-01   3.05e-01   1.33e-01   1.26e+00   0.00e+00 (  1.46e+02,  1.97e+02)
30      0.118   2.53e-01   3.61e-01   1.42e-01   1.38e+00   0.00e+00 (  1.53e+02,  2.20e+02)
35      0.120   2.79e-01   4.34e-01   1.58e-01   1.51e+00   0.00e+00 (  1.54e+02,  2.34e+02)
40      0.138   3.12e-01   5.66e-01   1.82e-01   1.86e+00   0.00e+00 (  1.49e+02,  2.41e+02)
45      0.156   3.60e-01   7.09e-01   2.88e-01   2.24e+00   0.00e+00 (  1.43e+02,  2.42e+02)
50      0.166   3.93e-01   8.15e-01   3.66e-01   2.51e+00   0.00e+00 (  1.31e+02,  2.38e+02)
55      0.184   4.31e-01   9.13e-01   4.91e-01   2.89e+00   0.00e+00 (  1.20e+02,  2.29e+02)
60      0.215   4.75e-01   1.03e+00   6.46e-01   3.49e+00   0.00e+00 (  1.11e+02,  2.18e+02)
65      0.234   5.12e-01   1.10e+00   7.75e-01   3.93e+00   0.00e+00 (  1.04e+02,  2.05e+02)
70      0.233   5.26e-01   1.11e+00   8.35e-01   3.99e+00   0.00e+00 (  9.53e+01,  1.92e+02)
75      0.202   5.03e-01   1.03e+00   8.16e-01   3.54e+00   0.00e+00 (  8.69e+01,  1.80e+02)
80      0.169   4.55e-01   9.29e-01   7.63e-01   3.07e+00   0.00e+00 (  8.04e+01,  1.70e+02)
85      0.124   3.78e-01   7.15e-01   6.03e-01   2.53e+00   0.00e+00 (  8.05e+01,  1.60e+02)
90      0.028   1.32e-01   2.28e-01   1.94e-01   8.15e-01   0.00e+00 (  2.50e+01,  1.52e+02)
95      0.008   3.28e-02   5.03e-02   4.43e-02   3.51e-01   0.00e+00 (  2.83e+00,  1.44e+02)
29 e: 7.809e-06 i: 5.774e-05 :: e: 7.359e-02 i: 2.664e-02 :: n: 2.763e+01 e:20.255 i:23.307 v:4.993e+03
>>> tau_he = 5.000000, nhe(0)=2.980548e+00
 5     -0.024   1.05e-02   2.69e-01   7.40e-03  -1.29e-01   0.00e+00 (  6.24e+00,  4.87e+01)
10     -0.058   7.80e-02   4.16e-02  -2.82e-02  -3.92e-01   0.00e+00 (  5.34e+01,  9.64e+01)
15      0.059   2.32e-01   2.76e-01   3.36e-02   4.80e-01   0.00e+00 (  1.38e+02,  1.37e+02)
20      0.100   2.10e-01   2.69e-01   9.24e-02   9.39e-01   0.00e+00 (  1.33e+02,  1.69e+02)
25      0.120   2.32e-01   3.05e-01   1.34e-01   1.26e+00   0.00e+00 (  1.46e+02,  1.97e+02)
30      0.118   2.53e-01   3.62e-01   1.43e-01   1.38e+00   0.00e+00 (  1.54e+02,  2.20e+02)
35      0.120   2.79e-01   4.35e-01   1.58e-01   1.51e+00   0.00e+00 (  1.54e+02,  2.34e+02)
40      0.138   3.12e-01   5.68e-01   1.83e-01   1.87e+00   0.00e+00 (  1.49e+02,  2.41e+02)
45      0.156   3.60e-01   7.11e-01   2.90e-01   2.24e+00   0.00e+00 (  1.42e+02,  2.42e+02)
50      0.167   3.93e-01   8.18e-01   3.68e-01   2.51e+00   0.00e+00 (  1.31e+02,  2.38e+02)
55      0.184   4.31e-01   9.16e-01   4.93e-01   2.89e+00   0.00e+00 (  1.20e+02,  2.29e+02)
60      0.214   4.74e-01   1.03e+00   6.46e-01   3.48e+00   0.00e+00 (  1.11e+02,  2.18e+02)
65      0.234   5.13e-01   1.11e+00   7.79e-01   3.92e+00   0.00e+00 (  1.04e+02,  2.05e+02)
70      0.231   5.24e-01   1.11e+00   8.31e-01   3.96e+00   0.00e+00 (  9.49e+01,  1.92e+02)
75      0.201   5.06e-01   1.04e+00   8.22e-01   3.53e+00   0.00e+00 (  8.73e+01,  1.80e+02)
80      0.168   4.53e-01   9.27e-01   7.61e-01   3.06e+00   0.00e+00 (  8.01e+01,  1.70e+02)
85      0.124   3.76e-01   7.12e-01   6.01e-01   2.52e+00   0.00e+00 (  8.00e+01,  1.60e+02)
90      0.028   1.32e-01   2.28e-01   1.94e-01   8.17e-01   0.00e+00 (  2.49e+01,  1.52e+02)
95      0.008   3.28e-02   5.03e-02   4.43e-02   3.51e-01   0.00e+00 (  2.83e+00,  1.44e+02)
30 e: 8.369e-06 i: 4.385e-05 :: e: 6.649e-02 i: 2.335e-02 :: n: 2.763e+01 e:20.213 i:23.224 v:4.993e+03
>>> tau_he = 5.000000, nhe(0)=2.972972e+00
 5     -0.024   1.05e-02   2.67e-01   7.36e-03  -1.28e-01   0.00e+00 (  6.26e+00,  4.87e+01)
10     -0.057   7.75e-02   4.15e-02  -2.82e-02  -3.89e-01   0.00e+00 (  5.30e+01,  9.64e+01)
15      0.001   1.22e-01   9.29e-02  -1.96e-02   9.76e-03   0.00e+00 (  7.26e+01,  1.37e+02)
20      0.099   2.08e-01   2.66e-01   9.09e-02   9.27e-01   0.00e+00 (  1.32e+02,  1.69e+02)
25      0.119   2.31e-01   3.04e-01   1.34e-01   1.25e+00   0.00e+00 (  1.46e+02,  1.97e+02)
30      0.118   2.52e-01   3.61e-01   1.42e-01   1.37e+00   0.00e+00 (  1.53e+02,  2.20e+02)
35      0.119   2.78e-01   4.34e-01   1.57e-01   1.51e+00   0.00e+00 (  1.53e+02,  2.34e+02)
40      0.137   3.11e-01   5.66e-01   1.83e-01   1.85e+00   0.00e+00 (  1.48e+02,  2.41e+02)
45      0.156   3.59e-01   7.09e-01   2.89e-01   2.23e+00   0.00e+00 (  1.42e+02,  2.42e+02)
50      0.166   3.92e-01   8.15e-01   3.67e-01   2.51e+00   0.00e+00 (  1.30e+02,  2.38e+02)
55      0.183   4.30e-01   9.13e-01   4.91e-01   2.88e+00   0.00e+00 (  1.20e+02,  2.29e+02)
60      0.212   4.72e-01   1.02e+00   6.42e-01   3.46e+00   0.00e+00 (  1.10e+02,  2.18e+02)
65      0.232   5.11e-01   1.10e+00   7.74e-01   3.89e+00   0.00e+00 (  1.03e+02,  2.05e+02)
70      0.229   5.21e-01   1.10e+00   8.25e-01   3.93e+00   0.00e+00 (  9.42e+01,  1.92e+02)
75      0.201   5.03e-01   1.03e+00   8.17e-01   3.52e+00   0.00e+00 (  8.68e+01,  1.80e+02)
80      0.168   4.52e-01   9.23e-01   7.59e-01   3.06e+00   0.00e+00 (  7.96e+01,  1.70e+02)
85      0.124   3.75e-01   7.09e-01   5.98e-01   2.52e+00   0.00e+00 (  7.94e+01,  1.60e+02)
90      0.028   1.32e-01   2.28e-01   1.94e-01   8.25e-01   0.00e+00 (  2.49e+01,  1.52e+02)
95      0.008   3.28e-02   5.03e-02   4.43e-02   3.51e-01   0.00e+00 (  2.83e+00,  1.44e+02)
31 e: 5.187e-05 i: 1.896e-04 :: e: 7.650e-02 i: 3.211e-02 :: n: 2.763e+01 e:20.252 i:23.237 v:4.993e+03
>>> tau_he = 5.000000, nhe(0)=2.974242e+00
 5     -0.024   1.05e-02   2.68e-01   7.35e-03  -1.26e-01   0.00e+00 (  6.21e+00,  4.87e+01)
10     -0.059   7.75e-02   4.09e-02  -2.79e-02  -3.99e-01   0.00e+00 (  5.33e+01,  9.64e+01)
15      0.059   2.33e-01   2.81e-01   3.56e-02   4.80e-01   0.00e+00 (  1.41e+02,  1.37e+02)
20      0.099   2.08e-01   2.67e-01   9.25e-02   9.28e-01   0.00e+00 (  1.32e+02,  1.69e+02)
25      0.118   2.31e-01   3.05e-01   1.34e-01   1.25e+00   0.00e+00 (  1.46e+02,  1.97e+02)
30      0.117   2.52e-01   3.62e-01   1.42e-01   1.36e+00   0.00e+00 (  1.53e+02,  2.20e+02)
35      0.119   2.78e-01   4.35e-01   1.57e-01   1.50e+00   0.00e+00 (  1.53e+02,  2.34e+02)
40      0.137   3.11e-01   5.67e-01   1.84e-01   1.85e+00   0.00e+00 (  1.48e+02,  2.41e+02)
45      0.156   3.59e-01   7.10e-01   2.90e-01   2.23e+00   0.00e+00 (  1.42e+02,  2.42e+02)
50      0.167   3.92e-01   8.18e-01   3.69e-01   2.51e+00   0.00e+00 (  1.30e+02,  2.38e+02)
55      0.183   4.30e-01   9.15e-01   4.93e-01   2.88e+00   0.00e+00 (  1.20e+02,  2.29e+02)
60      0.212   4.71e-01   1.02e+00   6.42e-01   3.45e+00   0.00e+00 (  1.10e+02,  2.18e+02)
65      0.231   5.10e-01   1.10e+00   7.73e-01   3.87e+00   0.00e+00 (  1.03e+02,  2.05e+02)
70      0.228   5.20e-01   1.10e+00   8.23e-01   3.91e+00   0.00e+00 (  9.41e+01,  1.92e+02)
75      0.200   5.02e-01   1.03e+00   8.16e-01   3.50e+00   0.00e+00 (  8.67e+01,  1.80e+02)
80      0.168   4.52e-01   9.23e-01   7.58e-01   3.06e+00   0.00e+00 (  7.96e+01,  1.70e+02)
85      0.124   3.74e-01   7.08e-01   5.97e-01   2.52e+00   0.00e+00 (  7.92e+01,  1.60e+02)
90      0.028   1.32e-01   2.28e-01   1.94e-01   8.26e-01   0.00e+00 (  2.48e+01,  1.52e+02)
95      0.008   3.28e-02   5.03e-02   4.43e-02   3.51e-01   0.00e+00 (  2.83e+00,  1.44e+02)
32 e: 5.113e-06 i: 4.819e-05 :: e: 5.857e-02 i: 2.170e-02 :: n: 2.763e+01 e:20.247 i:23.193 v:4.993e+03
>>> tau_he = 5.000000, nhe(0)=2.970123e+00
 5     -0.023   1.05e-02   2.66e-01   7.34e-03  -1.26e-01   0.00e+00 (  6.19e+00,  4.87e+01)
10     -0.059   7.75e-02   4.13e-02  -2.81e-02  -4.03e-01   0.00e+00 (  5.34e+01,  9.64e+01)
15      0.057   2.31e-01   2.77e-01   3.60e-02   4.65e-01   0.00e+00 (  1.39e+02,  1.37e+02)
20      0.098   2.07e-01   2.66e-01   9.15e-02   9.17e-01   0.00e+00 (  1.32e+02,  1.69e+02)
25      0.118   2.31e-01   3.05e-01   1.34e-01   1.25e+00   0.00e+00 (  1.47e+02,  1.97e+02)
30      0.117   2.52e-01   3.62e-01   1.42e-01   1.36e+00   0.00e+00 (  1.53e+02,  2.20e+02)
35      0.119   2.77e-01   4.34e-01   1.57e-01   1.50e+00   0.00e+00 (  1.53e+02,  2.34e+02)
40      0.136   3.10e-01   5.65e-01   1.83e-01   1.84e+00   0.00e+00 (  1.47e+02,  2.41e+02)
45      0.155   3.58e-01   7.08e-01   2.89e-01   2.22e+00   0.00e+00 (  1.41e+02,  2.42e+02)
50      0.166   3.92e-01   8.16e-01   3.68e-01   2.51e+00   0.00e+00 (  1.30e+02,  2.38e+02)
55      0.183   4.29e-01   9.13e-01   4.91e-01   2.88e+00   0.00e+00 (  1.19e+02,  2.29e+02)
60      0.211   4.70e-01   1.02e+00   6.40e-01   3.43e+00   0.00e+00 (  1.10e+02,  2.18e+02)
65      0.230   5.08e-01   1.09e+00   7.69e-01   3.85e+00   0.00e+00 (  1.03e+02,  2.05e+02)
70      0.227   5.18e-01   1.09e+00   8.19e-01   3.89e+00   0.00e+00 (  9.38e+01,  1.92e+02)
75      0.199   5.01e-01   1.03e+00   8.13e-01   3.50e+00   0.00e+00 (  8.65e+01,  1.80e+02)
80      0.168   4.51e-01   9.21e-01   7.57e-01   3.06e+00   0.00e+00 (  7.95e+01,  1.70e+02)
85      0.124   3.73e-01   7.06e-01   5.96e-01   2.52e+00   0.00e+00 (  7.89e+01,  1.60e+02)
90      0.028   1.32e-01   2.28e-01   1.94e-01   8.31e-01   0.00e+00 (  2.48e+01,  1.52e+02)
95      0.008   3.28e-02   5.03e-02   4.43e-02   3.51e-01   0.00e+00 (  2.83e+00,  1.44e+02)
33 e: 5.896e-06 i: 4.248e-05 :: e: 5.398e-02 i: 2.036e-02 :: n: 2.763e+01 e:20.246 i:23.130 v:4.993e+03
>>> tau_he = 5.000000, nhe(0)=2.964288e+00
 5     -0.023   1.04e-02   2.64e-01   7.32e-03  -1.25e-01   0.00e+00 (  6.13e+00,  4.87e+01)
10     -0.059   7.73e-02   4.15e-02  -2.83e-02  -4.00e-01   0.00e+00 (  5.32e+01,  9.64e+01)
15      0.057   2.29e-01   2.74e-01   3.50e-02   4.61e-01   0.00e+00 (  1.38e+02,  1.37e+02)
20      0.047   1.24e-01   1.29e-01  -2.50e-03   4.42e-01   0.00e+00 (  7.89e+01,  1.69e+02)
25      0.118   2.31e-01   3.05e-01   1.35e-01   1.25e+00   0.00e+00 (  1.47e+02,  1.97e+02)
30      0.117   2.52e-01   3.62e-01   1.43e-01   1.36e+00   0.00e+00 (  1.54e+02,  2.20e+02)
35      0.119   2.78e-01   4.35e-01   1.57e-01   1.50e+00   0.00e+00 (  1.53e+02,  2.34e+02)
40      0.136   3.11e-01   5.67e-01   1.84e-01   1.84e+00   0.00e+00 (  1.47e+02,  2.41e+02)
45      0.155   3.58e-01   7.10e-01   2.90e-01   2.23e+00   0.00e+00 (  1.41e+02,  2.42e+02)
50      0.167   3.92e-01   8.18e-01   3.69e-01   2.51e+00   0.00e+00 (  1.30e+02,  2.38e+02)
55      0.183   4.30e-01   9.15e-01   4.93e-01   2.88e+00   0.00e+00 (  1.20e+02,  2.29e+02)
60      0.211   4.70e-01   1.02e+00   6.40e-01   3.43e+00   0.00e+00 (  1.10e+02,  2.18e+02)
65      0.230   5.08e-01   1.09e+00   7.69e-01   3.85e+00   0.00e+00 (  1.03e+02,  2.05e+02)
70      0.226   5.18e-01   1.09e+00   8.20e-01   3.88e+00   0.00e+00 (  9.41e+01,  1.92e+02)
75      0.199   5.01e-01   1.03e+00   8.13e-01   3.49e+00   0.00e+00 (  8.67e+01,  1.80e+02)
80      0.169   4.52e-01   9.22e-01   7.58e-01   3.06e+00   0.00e+00 (  7.97e+01,  1.70e+02)
85      0.124   3.73e-01   7.06e-01   5.96e-01   2.53e+00   0.00e+00 (  7.90e+01,  1.60e+02)
90      0.028   1.32e-01   2.28e-01   1.94e-01   8.31e-01   0.00e+00 (  2.48e+01,  1.52e+02)
95      0.008   3.28e-02   5.03e-02   4.43e-02   3.51e-01   0.00e+00 (  2.83e+00,  1.44e+02)
34 e: 4.389e-05 i: 1.981e-04 :: e: 5.855e-02 i: 2.667e-02 :: n: 2.763e+01 e:20.256 i:23.129 v:4.993e+03
>>> tau_he = 5.000000, nhe(0)=2.964283e+00
 5     -0.023   1.03e-02   2.64e-01   7.29e-03  -1.24e-01   0.00e+00 (  6.07e+00,  4.87e+01)
10     -0.058   7.70e-02   4.12e-02  -2.82e-02  -3.95e-01   0.00e+00 (  5.29e+01,  9.64e+01)
15     -0.002   1.22e-01   1.01e-01  -4.20e-02  -1.32e-02   0.00e+00 (  7.32e+01,  1.37e+02)
20      0.104   2.11e-01   2.71e-01   9.61e-02   9.74e-01   0.00e+00 (  1.36e+02,  1.69e+02)
25      0.118   2.32e-01   3.06e-01   1.36e-01   1.25e+00   0.00e+00 (  1.48e+02,  1.97e+02)
30      0.116   2.52e-01   3.62e-01   1.42e-01   1.35e+00   0.00e+00 (  1.54e+02,  2.20e+02)
35      0.118   2.77e-01   4.33e-01   1.68e-01   1.49e+00   0.00e+00 (  1.53e+02,  2.34e+02)
40      0.135   3.10e-01   5.65e-01   1.84e-01   1.83e+00   0.00e+00 (  1.47e+02,  2.41e+02)
45      0.155   3.58e-01   7.08e-01   2.89e-01   2.22e+00   0.00e+00 (  1.41e+02,  2.42e+02)
50      0.167   3.92e-01   8.17e-01   3.68e-01   2.51e+00   0.00e+00 (  1.30e+02,  2.38e+02)
55      0.183   4.30e-01   9.14e-01   4.92e-01   2.88e+00   0.00e+00 (  1.20e+02,  2.29e+02)
60      0.210   4.70e-01   1.02e+00   6.39e-01   3.42e+00   0.00e+00 (  1.10e+02,  2.18e+02)
65      0.229   5.07e-01   1.09e+00   7.67e-01   3.83e+00   0.00e+00 (  1.03e+02,  2.05e+02)
70      0.225   5.18e-01   1.09e+00   8.18e-01   3.87e+00   0.00e+00 (  9.41e+01,  1.92e+02)
75      0.199   5.01e-01   1.03e+00   8.12e-01   3.49e+00   0.00e+00 (  8.67e+01,  1.80e+02)
80      0.168   4.53e-01   9.18e-01   7.51e-01   3.05e+00   0.00e+00 (  7.99e+01,  1.70e+02)
85      0.124   3.73e-01   7.06e-01   5.95e-01   2.53e+00   0.00e+00 (  7.89e+01,  1.60e+02)
90      0.028   1.32e-01   2.28e-01   1.94e-01   8.35e-01   0.00e+00 (  2.47e+01,  1.52e+02)
95      0.008   3.28e-02   5.03e-02   4.43e-02   3.51e-01   0.00e+00 (  2.83e+00,  1.44e+02)
35 e: 5.923e-05 i: 1.907e-04 :: e: 5.491e-02 i: 2.625e-02 :: n: 2.763e+01 e:20.320 i:23.185 v:4.993e+03
>>> tau_he = 5.000000, nhe(0)=2.969448e+00
 5     -0.023   1.04e-02   2.66e-01   7.31e-03  -1.23e-01   0.00e+00 (  6.08e+00,  4.87e+01)
10     -0.060   7.74e-02   4.09e-02  -2.80e-02  -4.09e-01   0.00e+00 (  5.35e+01,  9.64e+01)
15      0.056   2.34e-01   2.82e-01   3.68e-02   4.58e-01   0.00e+00 (  1.43e+02,  1.37e+02)
20      0.104   2.12e-01   2.72e-01   9.73e-02   9.72e-01   0.00e+00 (  1.37e+02,  1.69e+02)
25      0.118   2.32e-01   3.07e-01   1.36e-01   1.25e+00   0.00e+00 (  1.48e+02,  1.97e+02)
30      0.116   2.52e-01   3.62e-01   1.42e-01   1.35e+00   0.00e+00 (  1.54e+02,  2.20e+02)
35      0.118   2.78e-01   4.34e-01   1.68e-01   1.49e+00   0.00e+00 (  1.53e+02,  2.34e+02)
40      0.135   3.10e-01   5.65e-01   1.84e-01   1.83e+00   0.00e+00 (  1.47e+02,  2.41e+02)
45      0.155   3.58e-01   7.09e-01   2.89e-01   2.22e+00   0.00e+00 (  1.41e+02,  2.42e+02)
50      0.167   3.93e-01   8.18e-01   3.69e-01   2.51e+00   0.00e+00 (  1.30e+02,  2.38e+02)
55      0.183   4.31e-01   9.16e-01   4.93e-01   2.88e+00   0.00e+00 (  1.20e+02,  2.29e+02)
60      0.210   4.70e-01   1.02e+00   6.39e-01   3.42e+00   0.00e+00 (  1.10e+02,  2.18e+02)
65      0.229   5.08e-01   1.09e+00   7.67e-01   3.83e+00   0.00e+00 (  1.03e+02,  2.05e+02)
70      0.225   5.18e-01   1.09e+00   8.18e-01   3.86e+00   0.00e+00 (  9.43e+01,  1.92e+02)
75      0.199   5.02e-01   1.03e+00   8.13e-01   3.49e+00   0.00e+00 (  8.69e+01,  1.80e+02)
80      0.168   4.54e-01   9.20e-01   7.52e-01   3.06e+00   0.00e+00 (  8.02e+01,  1.70e+02)
85      0.124   3.74e-01   7.06e-01   5.95e-01   2.54e+00   0.00e+00 (  7.90e+01,  1.60e+02)
90      0.028   1.32e-01   2.28e-01   1.94e-01   8.35e-01   0.00e+00 (  2.47e+01,  1.52e+02)
95      0.008   3.28e-02   5.03e-02   4.43e-02   3.51e-01   0.00e+00 (  2.83e+00,  1.44e+02)
36 e: 5.511e-06 i: 4.332e-05 :: e: 4.002e-02 i: 1.713e-02 :: n: 2.763e+01 e:20.333 i:23.161 v:4.993e+03
>>> tau_he = 5.000000, nhe(0)=2.967237e+00
 5     -0.023   1.04e-02   2.66e-01   7.32e-03  -1.24e-01   0.00e+00 (  6.09e+00,  4.87e+01)
10     -0.061   7.76e-02   4.14e-02  -2.83e-02  -4.12e-01   0.00e+00 (  5.38e+01,  9.64e+01)
15      0.055   2.30e-01   2.79e-01   3.71e-02   4.51e-01   0.00e+00 (  1.40e+02,  1.37e+02)
20      0.103   2.10e-01   2.71e-01   9.58e-02   9.63e-01   0.00e+00 (  1.36e+02,  1.69e+02)
25      0.118   2.32e-01   3.07e-01   1.36e-01   1.25e+00   0.00e+00 (  1.49e+02,  1.97e+02)
30      0.116   2.53e-01   3.63e-01   1.42e-01   1.35e+00   0.00e+00 (  1.55e+02,  2.20e+02)
35      0.118   2.78e-01   4.34e-01   1.68e-01   1.49e+00   0.00e+00 (  1.53e+02,  2.34e+02)
40      0.135   3.10e-01   5.64e-01   1.83e-01   1.83e+00   0.00e+00 (  1.47e+02,  2.41e+02)
45      0.155   3.58e-01   7.09e-01   2.89e-01   2.22e+00   0.00e+00 (  1.41e+02,  2.42e+02)
50      0.167   3.93e-01   8.18e-01   3.69e-01   2.51e+00   0.00e+00 (  1.30e+02,  2.38e+02)
55      0.183   4.31e-01   9.16e-01   4.93e-01   2.88e+00   0.00e+00 (  1.20e+02,  2.29e+02)
60      0.209   4.72e-01   1.02e+00   6.34e-01   3.40e+00   0.00e+00 (  1.11e+02,  2.18e+02)
65      0.228   5.08e-01   1.09e+00   7.67e-01   3.83e+00   0.00e+00 (  1.03e+02,  2.05e+02)
70      0.225   5.20e-01   1.09e+00   8.22e-01   3.86e+00   0.00e+00 (  9.48e+01,  1.92e+02)
75      0.199   5.02e-01   1.03e+00   8.13e-01   3.49e+00   0.00e+00 (  8.71e+01,  1.80e+02)
80      0.169   4.54e-01   9.21e-01   7.53e-01   3.07e+00   0.00e+00 (  8.04e+01,  1.70e+02)
85      0.125   3.74e-01   7.06e-01   5.95e-01   2.54e+00   0.00e+00 (  7.91e+01,  1.60e+02)
90      0.028   1.32e-01   2.28e-01   1.94e-01   8.37e-01   0.00e+00 (  2.47e+01,  1.52e+02)
95      0.008   3.28e-02   5.03e-02   4.43e-02   3.51e-01   0.00e+00 (  2.83e+00,  1.44e+02)
37 e: 7.909e-06 i: 3.915e-05 :: e: 3.446e-02 i: 1.520e-02 :: n: 2.763e+01 e:20.334 i:23.116 v:4.993e+03
>>> tau_he = 5.000000, nhe(0)=2.963082e+00
 5     -0.023   1.03e-02   2.64e-01   7.31e-03  -1.23e-01   0.00e+00 (  6.05e+00,  4.87e+01)
10     -0.060   7.74e-02   4.17e-02  -2.85e-02  -4.08e-01   0.00e+00 (  5.36e+01,  9.64e+01)
15     -0.003   1.22e-01   1.02e-01  -4.66e-02  -2.35e-02   0.00e+00 (  7.38e+01,  1.37e+02)
20      0.098   2.09e-01   2.70e-01   9.48e-02   9.19e-01   0.00e+00 (  1.35e+02,  1.69e+02)
25      0.118   2.33e-01   3.07e-01   1.37e-01   1.25e+00   0.00e+00 (  1.49e+02,  1.97e+02)
30      0.116   2.53e-01   3.63e-01   1.43e-01   1.35e+00   0.00e+00 (  1.55e+02,  2.20e+02)
35      0.118   2.78e-01   4.34e-01   1.68e-01   1.49e+00   0.00e+00 (  1.54e+02,  2.34e+02)
40      0.135   3.11e-01   5.65e-01   1.83e-01   1.83e+00   0.00e+00 (  1.48e+02,  2.41e+02)
45      0.155   3.59e-01   7.10e-01   2.89e-01   2.22e+00   0.00e+00 (  1.42e+02,  2.42e+02)
50      0.167   3.94e-01   8.20e-01   3.69e-01   2.52e+00   0.00e+00 (  1.31e+02,  2.38e+02)
55      0.184   4.32e-01   9.18e-01   4.94e-01   2.89e+00   0.00e+00 (  1.21e+02,  2.29e+02)
60      0.209   4.74e-01   1.02e+00   6.35e-01   3.40e+00   0.00e+00 (  1.12e+02,  2.18e+02)
65      0.228   5.09e-01   1.09e+00   7.68e-01   3.83e+00   0.00e+00 (  1.04e+02,  2.05e+02)
70      0.225   5.20e-01   1.09e+00   8.23e-01   3.86e+00   0.00e+00 (  9.52e+01,  1.92e+02)
75      0.199   5.03e-01   1.03e+00   8.14e-01   3.49e+00   0.00e+00 (  8.75e+01,  1.80e+02)
80      0.169   4.56e-01   9.23e-01   7.55e-01   3.08e+00   0.00e+00 (  8.08e+01,  1.70e+02)
85      0.125   3.74e-01   7.07e-01   5.96e-01   2.55e+00   0.00e+00 (  7.94e+01,  1.60e+02)
90      0.028   1.32e-01   2.28e-01   1.94e-01   8.36e-01   0.00e+00 (  2.48e+01,  1.52e+02)
95      0.008   3.28e-02   5.03e-02   4.43e-02   3.51e-01   0.00e+00 (  2.83e+00,  1.44e+02)
38 e: 4.778e-05 i: 1.694e-04 :: e: 3.984e-02 i: 1.988e-02 :: n: 2.763e+01 e:20.378 i:23.174 v:4.993e+03
>>> tau_he = 5.000000, nhe(0)=2.968382e+00
 5     -0.023   1.03e-02   2.66e-01   7.31e-03  -1.22e-01   0.00e+00 (  6.04e+00,  4.87e+01)
10     -0.061   7.76e-02   4.11e-02  -2.81e-02  -4.17e-01   0.00e+00 (  5.39e+01,  9.64e+01)
15      0.056   2.33e-01   2.85e-01   3.80e-02   4.52e-01   0.00e+00 (  1.44e+02,  1.37e+02)
20      0.098   2.09e-01   2.70e-01   9.53e-02   9.18e-01   0.00e+00 (  1.35e+02,  1.69e+02)
25      0.118   2.32e-01   3.07e-01   1.36e-01   1.24e+00   0.00e+00 (  1.49e+02,  1.97e+02)
30      0.116   2.53e-01   3.63e-01   1.42e-01   1.35e+00   0.00e+00 (  1.55e+02,  2.20e+02)
35      0.118   2.78e-01   4.34e-01   1.67e-01   1.49e+00   0.00e+00 (  1.54e+02,  2.34e+02)
40      0.135   3.11e-01   5.64e-01   1.83e-01   1.82e+00   0.00e+00 (  1.48e+02,  2.41e+02)
45      0.155   3.59e-01   7.09e-01   2.89e-01   2.22e+00   0.00e+00 (  1.42e+02,  2.42e+02)
50      0.167   3.94e-01   8.20e-01   3.69e-01   2.52e+00   0.00e+00 (  1.31e+02,  2.38e+02)
55      0.184   4.32e-01   9.18e-01   4.94e-01   2.89e+00   0.00e+00 (  1.21e+02,  2.29e+02)
60      0.209   4.74e-01   1.02e+00   6.35e-01   3.40e+00   0.00e+00 (  1.12e+02,  2.18e+02)
65      0.228   5.09e-01   1.09e+00   7.67e-01   3.83e+00   0.00e+00 (  1.04e+02,  2.05e+02)
70      0.225   5.21e-01   1.10e+00   8.23e-01   3.86e+00   0.00e+00 (  9.55e+01,  1.92e+02)
75      0.199   5.04e-01   1.03e+00   8.15e-01   3.50e+00   0.00e+00 (  8.78e+01,  1.80e+02)
80      0.170   4.56e-01   9.25e-01   7.56e-01   3.09e+00   0.00e+00 (  8.11e+01,  1.70e+02)
85      0.126   3.75e-01   7.08e-01   5.97e-01   2.56e+00   0.00e+00 (  7.96e+01,  1.60e+02)
90      0.028   1.32e-01   2.28e-01   1.94e-01   8.38e-01   0.00e+00 (  2.48e+01,  1.52e+02)
95      0.008   3.28e-02   5.03e-02   4.43e-02   3.51e-01   0.00e+00 (  2.83e+00,  1.44e+02)
39 e: 6.683e-06 i: 4.425e-05 :: e: 2.781e-02 i: 1.292e-02 :: n: 2.763e+01 e:20.396 i:23.148 v:4.993e+03
>>> tau_he = 5.000000, nhe(0)=2.966049e+00
 5     -0.023   1.03e-02   2.65e-01   7.33e-03  -1.22e-01   0.00e+00 (  6.05e+00,  4.87e+01)
10     -0.062   7.77e-02   4.17e-02  -2.84e-02  -4.19e-01   0.00e+00 (  5.41e+01,  9.64e+01)
15      0.055   2.31e-01   2.82e-01   3.87e-02   4.44e-01   0.00e+00 (  1.42e+02,  1.37e+02)
20      0.097   2.09e-01   2.69e-01   9.43e-02   9.11e-01   0.00e+00 (  1.35e+02,  1.69e+02)
25      0.118   2.33e-01   3.07e-01   1.36e-01   1.24e+00   0.00e+00 (  1.50e+02,  1.97e+02)
30      0.116   2.54e-01   3.63e-01   1.42e-01   1.35e+00   0.00e+00 (  1.56e+02,  2.20e+02)
35      0.118   2.79e-01   4.34e-01   1.67e-01   1.49e+00   0.00e+00 (  1.54e+02,  2.34e+02)
40      0.135   3.11e-01   5.65e-01   1.82e-01   1.82e+00   0.00e+00 (  1.48e+02,  2.41e+02)
45      0.155   3.60e-01   7.10e-01   2.89e-01   2.22e+00   0.00e+00 (  1.42e+02,  2.42e+02)
50      0.167   3.95e-01   8.21e-01   3.70e-01   2.52e+00   0.00e+00 (  1.31e+02,  2.38e+02)
55      0.184   4.33e-01   9.20e-01   4.95e-01   2.89e+00   0.00e+00 (  1.21e+02,  2.29e+02)
60      0.209   4.75e-01   1.02e+00   6.36e-01   3.40e+00   0.00e+00 (  1.12e+02,  2.18e+02)
65      0.229   5.10e-01   1.10e+00   7.69e-01   3.83e+00   0.00e+00 (  1.04e+02,  2.05e+02)
70      0.225   5.23e-01   1.10e+00   8.26e-01   3.86e+00   0.00e+00 (  9.61e+01,  1.92e+02)
75      0.200   5.05e-01   1.03e+00   8.16e-01   3.50e+00   0.00e+00 (  8.83e+01,  1.80e+02)
80      0.171   4.58e-01   9.27e-01   7.58e-01   3.10e+00   0.00e+00 (  8.14e+01,  1.70e+02)
85      0.126   3.75e-01   7.09e-01   5.98e-01   2.57e+00   0.00e+00 (  7.99e+01,  1.60e+02)
90      0.028   1.32e-01   2.28e-01   1.94e-01   8.37e-01   0.00e+00 (  2.48e+01,  1.52e+02)
95      0.008   3.28e-02   5.03e-02   4.43e-02   3.51e-01   0.00e+00 (  2.83e+00,  1.44e+02)
40 e: 8.750e-06 i: 4.007e-05 :: e: 2.336e-02 i: 1.059e-02 :: n: 2.763e+01 e:20.389 i:23.113 v:4.993e+03
>>> tau_he = 5.000000, nhe(0)=2.962749e+00
 5     -0.023   1.03e-02   2.64e-01   7.31e-03  -1.22e-01   0.00e+00 (  6.01e+00,  4.87e+01)
10     -0.061   7.75e-02   4.18e-02  -2.86e-02  -4.14e-01   0.00e+00 (  5.38e+01,  9.64e+01)
15      0.054   2.29e-01   2.78e-01   3.67e-02   4.39e-01   0.00e+00 (  1.40e+02,  1.37e+02)
20      0.046   1.25e-01   1.30e-01  -2.82e-03   4.29e-01   0.00e+00 (  8.04e+01,  1.69e+02)
25      0.118   2.33e-01   3.08e-01   1.36e-01   1.24e+00   0.00e+00 (  1.50e+02,  1.97e+02)
30      0.116   2.54e-01   3.64e-01   1.42e-01   1.35e+00   0.00e+00 (  1.56e+02,  2.20e+02)
35      0.118   2.79e-01   4.34e-01   1.67e-01   1.49e+00   0.00e+00 (  1.54e+02,  2.34e+02)
40      0.135   3.11e-01   5.64e-01   1.82e-01   1.82e+00   0.00e+00 (  1.48e+02,  2.41e+02)
45      0.155   3.60e-01   7.10e-01   2.89e-01   2.22e+00   0.00e+00 (  1.42e+02,  2.42e+02)
50      0.168   3.95e-01   8.21e-01   3.70e-01   2.53e+00   0.00e+00 (  1.32e+02,  2.38e+02)
55      0.184   4.34e-01   9.21e-01   4.95e-01   2.90e+00   0.00e+00 (  1.22e+02,  2.29e+02)
60      0.209   4.76e-01   1.02e+00   6.36e-01   3.41e+00   0.00e+00 (  1.13e+02,  2.18e+02)
65      0.229   5.11e-01   1.10e+00   7.69e-01   3.83e+00   0.00e+00 (  1.05e+02,  2.05e+02)
70      0.225   5.24e-01   1.10e+00   8.27e-01   3.87e+00   0.00e+00 (  9.65e+01,  1.92e+02)
75      0.200   5.06e-01   1.03e+00   8.18e-01   3.51e+00   0.00e+00 (  8.87e+01,  1.80e+02)
80      0.171   4.59e-01   9.29e-01   7.60e-01   3.11e+00   0.00e+00 (  8.18e+01,  1.70e+02)
85      0.126   3.76e-01   7.10e-01   5.99e-01   2.58e+00   0.00e+00 (  8.02e+01,  1.60e+02)
90      0.028   1.32e-01   2.28e-01   1.94e-01   8.37e-01   0.00e+00 (  2.48e+01,  1.52e+02)
95      0.008   3.28e-02   5.03e-02   4.43e-02   3.51e-01   0.00e+00 (  2.83e+00,  1.44e+02)
41 e: 4.597e-05 i: 1.878e-04 :: e: 3.015e-02 i: 1.734e-02 :: n: 2.763e+01 e:20.411 i:23.125 v:4.993e+03
>>> tau_he = 5.000000, nhe(0)=2.963863e+00
 5     -0.023   1.02e-02   2.64e-01   7.30e-03  -1.21e-01   0.00e+00 (  5.97e+00,  4.87e+01)
10     -0.060   7.74e-02   4.15e-02  -2.85e-02  -4.07e-01   0.00e+00 (  5.35e+01,  9.64e+01)
15     -0.003   1.21e-01   9.43e-02  -2.04e-02  -2.75e-02   0.00e+00 (  7.33e+01,  1.37e+02)
20      0.103   2.14e-01   2.75e-01   9.82e-02   9.69e-01   0.00e+00 (  1.40e+02,  1.69e+02)
25      0.118   2.34e-01   3.09e-01   1.38e-01   1.25e+00   0.00e+00 (  1.51e+02,  1.97e+02)
30      0.116   2.54e-01   3.64e-01   1.42e-01   1.35e+00   0.00e+00 (  1.56e+02,  2.20e+02)
35      0.116   2.81e-01   4.34e-01   1.66e-01   1.46e+00   0.00e+00 (  1.55e+02,  2.34e+02)
40      0.135   3.11e-01   5.64e-01   1.82e-01   1.82e+00   0.00e+00 (  1.48e+02,  2.41e+02)
45      0.155   3.60e-01   7.10e-01   2.89e-01   2.22e+00   0.00e+00 (  1.43e+02,  2.42e+02)
50      0.168   3.96e-01   8.22e-01   3.70e-01   2.53e+00   0.00e+00 (  1.32e+02,  2.38e+02)
55      0.184   4.35e-01   9.22e-01   4.95e-01   2.90e+00   0.00e+00 (  1.22e+02,  2.29e+02)
60      0.209   4.77e-01   1.02e+00   6.37e-01   3.41e+00   0.00e+00 (  1.13e+02,  2.18e+02)
65      0.229   5.12e-01   1.10e+00   7.70e-01   3.84e+00   0.00e+00 (  1.05e+02,  2.05e+02)
70      0.226   5.25e-01   1.10e+00   8.28e-01   3.87e+00   0.00e+00 (  9.69e+01,  1.92e+02)
75      0.200   5.07e-01   1.04e+00   8.19e-01   3.52e+00   0.00e+00 (  8.91e+01,  1.80e+02)
80      0.172   4.60e-01   9.31e-01   7.61e-01   3.12e+00   0.00e+00 (  8.22e+01,  1.70e+02)
85      0.127   3.77e-01   7.12e-01   6.00e-01   2.59e+00   0.00e+00 (  8.05e+01,  1.60e+02)
90      0.028   1.32e-01   2.28e-01   1.94e-01   8.37e-01   0.00e+00 (  2.48e+01,  1.52e+02)
95      0.008   3.28e-02   5.03e-02   4.43e-02   3.51e-01   0.00e+00 (  2.83e+00,  1.44e+02)
42 e: 5.790e-05 i: 2.227e-04 :: e: 2.773e-02 i: 1.661e-02 :: n: 2.763e+01 e:20.469 i:23.206 v:4.993e+03
>>> tau_he = 5.000000, nhe(0)=2.971352e+00
 5     -0.023   1.03e-02   2.67e-01   7.32e-03  -1.21e-01   0.00e+00 (  6.01e+00,  4.87e+01)
10     -0.062   7.78e-02   4.11e-02  -2.82e-02  -4.20e-01   0.00e+00 (  5.42e+01,  9.64e+01)
15      0.054   2.35e-01   2.87e-01   3.84e-02   4.42e-01   0.00e+00 (  1.45e+02,  1.37e+02)
20      0.103   2.14e-01   2.75e-01   9.87e-02   9.68e-01   0.00e+00 (  1.40e+02,  1.69e+02)
25      0.118   2.34e-01   3.09e-01   1.37e-01   1.24e+00   0.00e+00 (  1.51e+02,  1.97e+02)
30      0.116   2.54e-01   3.64e-01   1.41e-01   1.35e+00   0.00e+00 (  1.56e+02,  2.20e+02)
35      0.115   2.81e-01   4.34e-01   1.65e-01   1.46e+00   0.00e+00 (  1.55e+02,  2.34e+02)
40      0.134   3.11e-01   5.64e-01   1.81e-01   1.82e+00   0.00e+00 (  1.48e+02,  2.41e+02)
45      0.155   3.60e-01   7.10e-01   2.89e-01   2.22e+00   0.00e+00 (  1.43e+02,  2.42e+02)
50      0.168   3.96e-01   8.22e-01   3.69e-01   2.52e+00   0.00e+00 (  1.32e+02,  2.38e+02)
55      0.184   4.35e-01   9.22e-01   4.95e-01   2.90e+00   0.00e+00 (  1.22e+02,  2.29e+02)
60      0.210   4.77e-01   1.02e+00   6.37e-01   3.41e+00   0.00e+00 (  1.13e+02,  2.18e+02)
65      0.229   5.13e-01   1.10e+00   7.71e-01   3.84e+00   0.00e+00 (  1.05e+02,  2.05e+02)
70      0.226   5.26e-01   1.10e+00   8.29e-01   3.87e+00   0.00e+00 (  9.72e+01,  1.92e+02)
75      0.200   5.10e-01   1.04e+00   8.15e-01   3.51e+00   0.00e+00 (  8.96e+01,  1.80e+02)
80      0.172   4.61e-01   9.33e-01   7.63e-01   3.13e+00   0.00e+00 (  8.25e+01,  1.70e+02)
85      0.127   3.78e-01   7.13e-01   6.01e-01   2.59e+00   0.00e+00 (  8.07e+01,  1.60e+02)
90      0.028   1.32e-01   2.28e-01   1.94e-01   8.37e-01   0.00e+00 (  2.49e+01,  1.52e+02)
95      0.008   3.28e-02   5.03e-02   4.43e-02   3.51e-01   0.00e+00 (  2.83e+00,  1.44e+02)
43 e: 7.515e-06 i: 4.155e-05 :: e: 1.743e-02 i: 9.555e-03 :: n: 2.763e+01 e:20.486 i:23.186 v:4.993e+03
>>> tau_he = 5.000000, nhe(0)=2.969505e+00
 5     -0.023   1.03e-02   2.66e-01   7.34e-03  -1.22e-01   0.00e+00 (  6.04e+00,  4.87e+01)
10     -0.062   7.80e-02   4.18e-02  -2.86e-02  -4.23e-01   0.00e+00 (  5.45e+01,  9.64e+01)
15      0.053   2.33e-01   2.83e-01   3.87e-02   4.34e-01   0.00e+00 (  1.44e+02,  1.37e+02)
20      0.102   2.14e-01   2.74e-01   9.72e-02   9.59e-01   0.00e+00 (  1.39e+02,  1.69e+02)
25      0.118   2.35e-01   3.09e-01   1.37e-01   1.25e+00   0.00e+00 (  1.52e+02,  1.97e+02)
30      0.116   2.55e-01   3.64e-01   1.42e-01   1.35e+00   0.00e+00 (  1.57e+02,  2.20e+02)
35      0.116   2.82e-01   4.34e-01   1.66e-01   1.46e+00   0.00e+00 (  1.56e+02,  2.34e+02)
40      0.134   3.12e-01   5.64e-01   1.81e-01   1.82e+00   0.00e+00 (  1.49e+02,  2.41e+02)
45      0.155   3.61e-01   7.11e-01   2.89e-01   2.22e+00   0.00e+00 (  1.43e+02,  2.42e+02)
50      0.168   3.97e-01   8.23e-01   3.70e-01   2.53e+00   0.00e+00 (  1.32e+02,  2.38e+02)
55      0.185   4.36e-01   9.23e-01   4.96e-01   2.90e+00   0.00e+00 (  1.22e+02,  2.29e+02)
60      0.210   4.78e-01   1.03e+00   6.38e-01   3.42e+00   0.00e+00 (  1.14e+02,  2.18e+02)
65      0.230   5.14e-01   1.10e+00   7.72e-01   3.84e+00   0.00e+00 (  1.06e+02,  2.05e+02)
70      0.226   5.27e-01   1.11e+00   8.30e-01   3.88e+00   0.00e+00 (  9.76e+01,  1.92e+02)
75      0.200   5.11e-01   1.04e+00   8.17e-01   3.51e+00   0.00e+00 (  9.00e+01,  1.80e+02)
80      0.172   4.62e-01   9.35e-01   7.64e-01   3.13e+00   0.00e+00 (  8.28e+01,  1.70e+02)
85      0.128   3.78e-01   7.14e-01   6.02e-01   2.60e+00   0.00e+00 (  8.10e+01,  1.60e+02)
90      0.028   1.32e-01   2.28e-01   1.94e-01   8.36e-01   0.00e+00 (  2.49e+01,  1.52e+02)
95      0.008   3.28e-02   5.03e-02   4.43e-02   3.51e-01   0.00e+00 (  2.83e+00,  1.44e+02)
44 e: 1.029e-05 i: 3.825e-05 :: e: 1.408e-02 i: 7.708e-03 :: n: 2.763e+01 e:20.473 i:23.150 v:4.993e+03
>>> tau_he = 5.000000, nhe(0)=2.966159e+00
 5     -0.023   1.03e-02   2.65e-01   7.33e-03  -1.21e-01   0.00e+00 (  6.01e+00,  4.87e+01)
10     -0.061   7.78e-02   4.19e-02  -2.87e-02  -4.17e-01   0.00e+00 (  5.42e+01,  9.64e+01)
15     -0.005   1.22e-01   1.03e-01  -4.60e-02  -4.35e-02   0.00e+00 (  7.48e+01,  1.37e+02)
20      0.097   2.11e-01   2.72e-01   9.56e-02   9.15e-01   0.00e+00 (  1.37e+02,  1.69e+02)
25      0.118   2.35e-01   3.09e-01   1.37e-01   1.25e+00   0.00e+00 (  1.52e+02,  1.97e+02)
30      0.116   2.55e-01   3.64e-01   1.42e-01   1.35e+00   0.00e+00 (  1.57e+02,  2.20e+02)
35      0.116   2.82e-01   4.34e-01   1.66e-01   1.46e+00   0.00e+00 (  1.56e+02,  2.34e+02)
40      0.134   3.12e-01   5.64e-01   1.81e-01   1.82e+00   0.00e+00 (  1.49e+02,  2.41e+02)
45      0.155   3.61e-01   7.11e-01   2.89e-01   2.22e+00   0.00e+00 (  1.44e+02,  2.42e+02)
50      0.168   3.97e-01   8.23e-01   3.70e-01   2.53e+00   0.00e+00 (  1.33e+02,  2.38e+02)
55      0.185   4.37e-01   9.24e-01   4.96e-01   2.90e+00   0.00e+00 (  1.23e+02,  2.29e+02)
60      0.210   4.79e-01   1.03e+00   6.38e-01   3.42e+00   0.00e+00 (  1.14e+02,  2.18e+02)
65      0.230   5.15e-01   1.10e+00   7.73e-01   3.85e+00   0.00e+00 (  1.06e+02,  2.05e+02)
70      0.226   5.28e-01   1.11e+00   8.31e-01   3.88e+00   0.00e+00 (  9.80e+01,  1.92e+02)
75      0.201   5.12e-01   1.04e+00   8.18e-01   3.52e+00   0.00e+00 (  9.03e+01,  1.80e+02)
80      0.173   4.63e-01   9.37e-01   7.66e-01   3.14e+00   0.00e+00 (  8.31e+01,  1.70e+02)
85      0.128   3.79e-01   7.15e-01   6.03e-01   2.61e+00   0.00e+00 (  8.13e+01,  1.60e+02)
90      0.028   1.32e-01   2.28e-01   1.94e-01   8.36e-01   0.00e+00 (  2.49e+01,  1.52e+02)
95      0.008   3.28e-02   5.03e-02   4.43e-02   3.51e-01   0.00e+00 (  2.83e+00,  1.44e+02)
45 e: 4.654e-05 i: 1.749e-04 :: e: 1.942e-02 i: 1.299e-02 :: n: 2.763e+01 e:20.515 i:23.208 v:4.993e+03
>>> tau_he = 5.000000, nhe(0)=2.971590e+00
 5     -0.023   1.03e-02   2.67e-01   7.33e-03  -1.21e-01   0.00e+00 (  6.01e+00,  4.87e+01)
10     -0.063   7.80e-02   4.14e-02  -2.84e-02  -4.25e-01   0.00e+00 (  5.45e+01,  9.64e+01)
15      0.054   2.36e-01   2.88e-01   3.95e-02   4.38e-01   0.00e+00 (  1.47e+02,  1.37e+02)
20      0.098   2.12e-01   2.73e-01   9.60e-02   9.15e-01   0.00e+00 (  1.38e+02,  1.69e+02)
25      0.118   2.35e-01   3.09e-01   1.36e-01   1.24e+00   0.00e+00 (  1.52e+02,  1.97e+02)
30      0.116   2.55e-01   3.64e-01   1.41e-01   1.35e+00   0.00e+00 (  1.57e+02,  2.20e+02)
35      0.116   2.82e-01   4.34e-01   1.65e-01   1.46e+00   0.00e+00 (  1.56e+02,  2.34e+02)
40      0.134   3.12e-01   5.64e-01   1.84e-01   1.82e+00   0.00e+00 (  1.49e+02,  2.41e+02)
45      0.155   3.62e-01   7.11e-01   2.89e-01   2.22e+00   0.00e+00 (  1.44e+02,  2.42e+02)
50      0.168   3.98e-01   8.24e-01   3.70e-01   2.53e+00   0.00e+00 (  1.33e+02,  2.38e+02)
55      0.185   4.37e-01   9.25e-01   4.96e-01   2.91e+00   0.00e+00 (  1.23e+02,  2.29e+02)
60      0.210   4.80e-01   1.03e+00   6.39e-01   3.42e+00   0.00e+00 (  1.15e+02,  2.18e+02)
65      0.230   5.15e-01   1.11e+00   7.74e-01   3.85e+00   0.00e+00 (  1.07e+02,  2.05e+02)
70      0.227   5.29e-01   1.11e+00   8.33e-01   3.89e+00   0.00e+00 (  9.84e+01,  1.92e+02)
75      0.201   5.13e-01   1.04e+00   8.19e-01   3.52e+00   0.00e+00 (  9.07e+01,  1.80e+02)
80      0.173   4.64e-01   9.39e-01   7.67e-01   3.15e+00   0.00e+00 (  8.34e+01,  1.70e+02)
85      0.128   3.80e-01   7.16e-01   6.04e-01   2.62e+00   0.00e+00 (  8.16e+01,  1.60e+02)
90      0.028   1.32e-01   2.28e-01   1.94e-01   8.35e-01   0.00e+00 (  2.49e+01,  1.52e+02)
95      0.008   3.28e-02   5.03e-02   4.43e-02   3.51e-01   0.00e+00 (  2.83e+00,  1.44e+02)
46 e: 6.873e-06 i: 4.232e-05 :: e: 1.107e-02 i: 7.444e-03 :: n: 2.763e+01 e:20.518 i:23.186 v:4.993e+03
>>> tau_he = 5.000000, nhe(0)=2.969508e+00
 5     -0.023   1.03e-02   2.67e-01   7.35e-03  -1.21e-01   0.00e+00 (  6.03e+00,  4.87e+01)
10     -0.063   7.82e-02   4.19e-02  -2.87e-02  -4.26e-01   0.00e+00 (  5.47e+01,  9.64e+01)
15      0.053   2.34e-01   2.84e-01   3.94e-02   4.30e-01   0.00e+00 (  1.44e+02,  1.37e+02)
20      0.045   1.26e-01   1.31e-01  -4.00e-03   4.25e-01   0.00e+00 (  8.19e+01,  1.69e+02)
25      0.118   2.35e-01   3.09e-01   1.36e-01   1.24e+00   0.00e+00 (  1.52e+02,  1.97e+02)
30      0.116   2.56e-01   3.64e-01   1.42e-01   1.35e+00   0.00e+00 (  1.58e+02,  2.20e+02)
35      0.116   2.82e-01   4.34e-01   1.65e-01   1.46e+00   0.00e+00 (  1.57e+02,  2.34e+02)
40      0.134   3.13e-01   5.63e-01   1.84e-01   1.82e+00   0.00e+00 (  1.49e+02,  2.41e+02)
45      0.155   3.62e-01   7.11e-01   2.89e-01   2.22e+00   0.00e+00 (  1.44e+02,  2.42e+02)
50      0.168   3.98e-01   8.24e-01   3.70e-01   2.53e+00   0.00e+00 (  1.33e+02,  2.38e+02)
55      0.185   4.38e-01   9.25e-01   4.96e-01   2.91e+00   0.00e+00 (  1.23e+02,  2.29e+02)
60      0.211   4.80e-01   1.03e+00   6.39e-01   3.43e+00   0.00e+00 (  1.15e+02,  2.18e+02)
65      0.230   5.16e-01   1.11e+00   7.75e-01   3.86e+00   0.00e+00 (  1.07e+02,  2.05e+02)
70      0.227   5.29e-01   1.11e+00   8.34e-01   3.89e+00   0.00e+00 (  9.87e+01,  1.92e+02)
75      0.201   5.14e-01   1.04e+00   8.20e-01   3.53e+00   0.00e+00 (  9.09e+01,  1.80e+02)
80      0.174   4.65e-01   9.40e-01   7.68e-01   3.16e+00   0.00e+00 (  8.36e+01,  1.70e+02)
85      0.129   3.80e-01   7.17e-01   6.04e-01   2.62e+00   0.00e+00 (  8.18e+01,  1.60e+02)
90      0.028   1.32e-01   2.28e-01   1.94e-01   8.35e-01   0.00e+00 (  2.50e+01,  1.52e+02)
95      0.008   3.28e-02   5.03e-02   4.43e-02   3.51e-01   0.00e+00 (  2.83e+00,  1.44e+02)
47 e: 4.857e-05 i: 1.932e-04 :: e: 1.796e-02 i: 1.432e-02 :: n: 2.763e+01 e:20.533 i:23.199 v:4.993e+03
>>> tau_he = 5.000000, nhe(0)=2.970680e+00
 5     -0.023   1.03e-02   2.67e-01   7.34e-03  -1.21e-01   0.00e+00 (  6.00e+00,  4.87e+01)
10     -0.061   7.75e-02   4.17e-02  -2.87e-02  -4.17e-01   0.00e+00 (  5.40e+01,  9.64e+01)
15     -0.006   1.24e-01   1.04e-01  -4.82e-02  -4.94e-02   0.00e+00 (  7.59e+01,  1.37e+02)
20      0.104   2.17e-01   2.78e-01   9.99e-02   9.73e-01   0.00e+00 (  1.42e+02,  1.69e+02)
25      0.118   2.36e-01   3.10e-01   1.38e-01   1.25e+00   0.00e+00 (  1.53e+02,  1.97e+02)
30      0.116   2.56e-01   3.65e-01   1.41e-01   1.35e+00   0.00e+00 (  1.58e+02,  2.20e+02)
35      0.116   2.83e-01   4.35e-01   1.65e-01   1.46e+00   0.00e+00 (  1.57e+02,  2.34e+02)
40      0.134   3.13e-01   5.64e-01   1.84e-01   1.82e+00   0.00e+00 (  1.50e+02,  2.41e+02)
45      0.155   3.62e-01   7.12e-01   2.89e-01   2.22e+00   0.00e+00 (  1.44e+02,  2.42e+02)
50      0.168   3.98e-01   8.25e-01   3.70e-01   2.53e+00   0.00e+00 (  1.33e+02,  2.38e+02)
55      0.185   4.38e-01   9.26e-01   4.97e-01   2.91e+00   0.00e+00 (  1.24e+02,  2.29e+02)
60      0.211   4.81e-01   1.03e+00   6.40e-01   3.43e+00   0.00e+00 (  1.15e+02,  2.18e+02)
65      0.231   5.17e-01   1.11e+00   7.76e-01   3.86e+00   0.00e+00 (  1.07e+02,  2.05e+02)
70      0.227   5.30e-01   1.11e+00   8.35e-01   3.90e+00   0.00e+00 (  9.90e+01,  1.92e+02)
75      0.201   5.15e-01   1.05e+00   8.21e-01   3.53e+00   0.00e+00 (  9.12e+01,  1.80e+02)
80      0.174   4.66e-01   9.42e-01   7.70e-01   3.16e+00   0.00e+00 (  8.39e+01,  1.70e+02)
85      0.129   3.81e-01   7.19e-01   6.05e-01   2.63e+00   0.00e+00 (  8.21e+01,  1.60e+02)
90      0.028   1.32e-01   2.28e-01   1.94e-01   8.33e-01   0.00e+00 (  2.50e+01,  1.52e+02)
95      0.008   3.28e-02   5.03e-02   4.43e-02   3.51e-01   0.00e+00 (  2.83e+00,  1.44e+02)
48 e: 5.089e-05 i: 1.932e-04 :: e: 1.598e-02 i: 1.324e-02 :: n: 2.763e+01 e:20.580 i:23.271 v:4.993e+03
>>> tau_he = 5.000000, nhe(0)=2.977375e+00
 5     -0.023   1.04e-02   2.69e-01   7.36e-03  -1.21e-01   0.00e+00 (  6.04e+00,  4.87e+01)
10     -0.063   7.84e-02   4.14e-02  -2.84e-02  -4.30e-01   0.00e+00 (  5.49e+01,  9.64e+01)
15      0.053   2.38e-01   2.91e-01   4.01e-02   4.31e-01   0.00e+00 (  1.49e+02,  1.37e+02)
20      0.103   2.17e-01   2.78e-01   1.00e-01   9.69e-01   0.00e+00 (  1.43e+02,  1.69e+02)
25      0.118   2.36e-01   3.10e-01   1.37e-01   1.24e+00   0.00e+00 (  1.53e+02,  1.97e+02)
30      0.116   2.56e-01   3.64e-01   1.41e-01   1.35e+00   0.00e+00 (  1.58e+02,  2.20e+02)
35      0.116   2.83e-01   4.34e-01   1.65e-01   1.46e+00   0.00e+00 (  1.57e+02,  2.34e+02)
40      0.134   3.13e-01   5.63e-01   1.84e-01   1.81e+00   0.00e+00 (  1.50e+02,  2.41e+02)
45      0.155   3.62e-01   7.11e-01   2.89e-01   2.22e+00   0.00e+00 (  1.44e+02,  2.42e+02)
50      0.168   3.98e-01   8.24e-01   3.70e-01   2.53e+00   0.00e+00 (  1.33e+02,  2.38e+02)
55      0.185   4.38e-01   9.26e-01   4.96e-01   2.91e+00   0.00e+00 (  1.24e+02,  2.29e+02)
60      0.211   4.81e-01   1.03e+00   6.40e-01   3.43e+00   0.00e+00 (  1.15e+02,  2.18e+02)
65      0.231   5.17e-01   1.11e+00   7.76e-01   3.87e+00   0.00e+00 (  1.07e+02,  2.05e+02)
70      0.227   5.31e-01   1.11e+00   8.35e-01   3.90e+00   0.00e+00 (  9.91e+01,  1.92e+02)
75      0.202   5.15e-01   1.05e+00   8.22e-01   3.54e+00   0.00e+00 (  9.13e+01,  1.80e+02)
80      0.174   4.66e-01   9.43e-01   7.70e-01   3.17e+00   0.00e+00 (  8.40e+01,  1.70e+02)
85      0.129   3.81e-01   7.19e-01   6.06e-01   2.63e+00   0.00e+00 (  8.22e+01,  1.60e+02)
90      0.028   1.32e-01   2.28e-01   1.94e-01   8.34e-01   0.00e+00 (  2.50e+01,  1.52e+02)
95      0.008   3.28e-02   5.03e-02   4.43e-02   3.51e-01   0.00e+00 (  2.83e+00,  1.44e+02)
49 e: 9.511e-06 i: 4.823e-05 :: e: 9.469e-03 i: 7.971e-03 :: n: 2.763e+01 e:20.584 i:23.244 v:4.993e+03
 plasma volume = 147.537175
 stored energy(e,i,b,a) = 3.868050e+01 3.609340e+01 0.000000e+00 0.000000e+00
 betan = 0.854374
*power
 Pnb(e,i) = 0.000000e+00 0.000000e+00
 Prf(e,i) = 1.133246e+01 2.871677e+01
 Prad     = -8.427682e+00 
 Pei      = -7.321569e+00 
 Pfuse    = 3.297772e+01 
 Pfusi    = 1.072224e+01 
 Poh      = 0.000000e+00 
*confinement time
 taut, tauITER98y2, H98y2 : 9.927298e-01 1.567321e+00 6.333926e-01
 taue, taui : 1.354315e+00 2.000321e+00
 taut, tau89, H89 : 9.927298e-01 7.901560e-01 1.256372e+00
*temperature
 nea, nebar : 1.773907e+01 2.074991e+01 
 tea, tia : 5.055829e+00 4.897418e+00 (1.032346e+00)
 te0, ti0 : 1.771037e+01 1.808049e+01 (9.795296e-01)
 Sn : 0.000000e+00 
*current balance
 Ip,Ibs,Inb,Irf: 1.000000e+01 1.415910e+00 0.000000e+00 3.285006e-01
 fni,fbs: 0.174 0.142

 plasma volume = 147.537175
 stored energy(e,i,b,a) = 3.868050e+01 3.609340e+01 0.000000e+00 0.000000e+00
 betan = 0.854374
*power
 Pnb(e,i) = 0.000000e+00 0.000000e+00
 Prf(e,i) = 1.133246e+01 2.871677e+01
 Prad     = -8.427682e+00 
 Pei      = -7.321569e+00 
 Pfuse    = 3.297772e+01 
 Pfusi    = 1.072224e+01 
 Poh      = 0.000000e+00 
*confinement time
 taut, tauITER98y2, H98y2 : 9.927298e-01 1.567321e+00 6.333926e-01
 taue, taui : 1.354315e+00 2.000321e+00
 taut, tau89, H89 : 9.927298e-01 7.901560e-01 1.256372e+00
*temperature
 nea, nebar : 1.773907e+01 2.074991e+01 
 tea, tia : 5.055829e+00 4.897418e+00 (1.032346e+00)
 te0, ti0 : 1.771037e+01 1.808049e+01 (9.795296e-01)
 Sn : 0.000000e+00 
*current balance
 Ip,Ibs,Inb,Irf: 1.000000e+01 1.415910e+00 0.000000e+00 3.285006e-01
 fni,fbs: 0.174 0.142
 ELAPASED TIME = 1928 sec

finalize
