========================================================================
= FASTRAN

nonlinear model = 1
ichi = 0
ineo = 0
reading state...
read formatted input, inprof...
init geometry...
read formatted input, inmetric...
nrho in inmetric = 101
rhob in inmetric = 1.382416e+00
solve avg grad-shafranv...
solve_avg_gs::Ip_temp = 3.268868e+00 
solve_avg_gs::Ip      = 1.000000e+01 
>>> tau_he = 5.000000, nhe(0)=2.395667e+00

 plasma volume = 177.791764
 stored energy(e,i,b) = 6.486537e+01 6.072458e+01 0.000000e+00
 betan = 1.292175
*power
 Pnb(e,i) = 0.000000e+00 0.000000e+00
 Prf(e,i) = 4.560365e+00 2.823509e+01
 Prad     = -2.217440e+01 
 Pei      = 2.520325e+00 
 Pfuse    = 6.297308e+01 
 Pfusi    = 2.038939e+01 
 Poh      = 0.000000e+00 
*confinement time
 taut, tauITER98y2, H98y2 : 1.336297e+00 1.475349e+00 9.057500e-01
 taue, taui : 1.354767e+00 3.398308e+00
 taut, tau89, H89 : 1.336297e+00 7.429501e-01 1.798637e+00
*temperature
 nea, nebar : 1.852808e+01 2.129225e+01 
 tea, tia : 7.091497e+00 7.151131e+00 (9.916609e-01)
 te0, ti0 : 1.881354e+01 1.901366e+01 (9.894750e-01)
 Sn : 0.000000e+00 
*current balance
 Ip,Ibs,Inb,Irf: 1.000000e+01 2.377342e+00 0.000000e+00 0.000000e+00
 fni,fbs: 0.238 0.238

 plasma volume = 177.791764
 stored energy(e,i,b) = 6.486537e+01 6.072458e+01 0.000000e+00
 betan = 1.292175
*power
 Pnb(e,i) = 0.000000e+00 0.000000e+00
 Prf(e,i) = 4.560365e+00 2.823509e+01
 Prad     = -2.217440e+01 
 Pei      = 2.520325e+00 
 Pfuse    = 6.297308e+01 
 Pfusi    = 2.038939e+01 
 Poh      = 0.000000e+00 
*confinement time
 taut, tauITER98y2, H98y2 : 1.336297e+00 1.475349e+00 9.057500e-01
 taue, taui : 1.354767e+00 3.398308e+00
 taut, tau89, H89 : 1.336297e+00 7.429501e-01 1.798637e+00
*temperature
 nea, nebar : 1.852808e+01 2.129225e+01 
 tea, tia : 7.091497e+00 7.151131e+00 (9.916609e-01)
 te0, ti0 : 1.881354e+01 1.901366e+01 (9.894750e-01)
 Sn : 0.000000e+00 
*current balance
 Ip,Ibs,Inb,Irf: 1.000000e+01 2.377342e+00 0.000000e+00 0.000000e+00
 fni,fbs: 0.238 0.238
 ELAPASED TIME = 0 sec
