========================================================================
= FASTRAN

nonlinear model = 0
ichi = 1
ineo = 0
reading state...
read formatted input, inprof...
init geometry...
read formatted input, inmetric...
nrho in inmetric = 101
rhob in inmetric = 1.259748e+00
solve avg grad-shafranv...
solve_avg_gs::Ip_temp = 9.985975e+00 
solve_avg_gs::Ip      = 1.000000e+01 
>>> tau_he = 5.000000, nhe(0)=2.476944e+00

 plasma volume = 147.426818
 stored energy(e,i,b,a) = 4.283529e+01 4.100934e+01 0.000000e+00 0.000000e+00
 betan = 0.958529
*power
 Pnb(e,i) = 0.000000e+00 0.000000e+00
 Prf(e,i) = 1.117817e+01 2.887257e+01
 Prad     = -1.030833e+01 
 Pei      = 3.642787e-01 
 Pfuse    = 4.153034e+01 
 Pfusi    = 1.347476e+01 
 Poh      = 0.000000e+00 
*confinement time
 taut, tauITER98y2, H98y2 : 9.893462e-01 1.444377e+00 6.849638e-01
 taue, taui : 1.001656e+00 3.127981e+00
 taut, tau89, H89 : 9.893462e-01 7.447663e-01 1.328398e+00
*temperature
 nea, nebar : 1.773599e+01 2.075087e+01 
 tea, tia : 5.566276e+00 5.566765e+00 (9.999122e-01)
 te0, ti0 : 1.852206e+01 1.876376e+01 (9.871183e-01)
 Sn : 0.000000e+00 
*current balance
 Ip,Ibs,Inb,Irf: 1.000000e+01 1.577273e+00 0.000000e+00 2.902964e-01
 fni,fbs: 0.187 0.158

Time advancing...
rho_bdry 0.900000 ...
te_bdry = 0.972258
ti_bdry = 0.972455
ne_bdry = 13.087061
rv_bdry = 279.463030
nrho_tr_bdry = 18
drho_bdry = 0.000000e+00
nrhob = 90
 [    0] t = 0.0000 
>>> tau_he = 5.000000, nhe(0)=2.467170e+00
 5     -0.003   3.95e-03   1.14e-01   2.69e-03  -1.37e-02   0.00e+00 (  8.57e-01,  4.80e+01)
10      0.000   2.60e-03  -2.86e-03  -3.43e-04   2.54e-03   0.00e+00 (  7.95e-01,  9.51e+01)
15     -0.000   1.03e-02  -2.03e-02  -5.87e-03  -2.73e-03   0.00e+00 (  3.89e+00,  1.34e+02)
20      0.010   2.95e-02  -2.15e-02  -1.08e-02   9.22e-02   0.00e+00 (  1.29e+01,  1.64e+02)
25      0.026   1.07e-01   2.48e-02   1.49e-02   2.78e-01   0.00e+00 (  5.10e+01,  1.90e+02)
30      0.069   2.14e-01   1.86e-01   6.56e-02   7.99e-01   0.00e+00 (  1.07e+02,  2.10e+02)
35      0.077   2.49e-01   2.43e-01   7.73e-02   9.74e-01   0.00e+00 (  1.23e+02,  2.19e+02)
40      0.091   2.94e-01   3.59e-01   8.33e-02   1.23e+00   0.00e+00 (  1.40e+02,  2.22e+02)
45      0.162   3.95e-01   6.01e-01   2.25e-01   2.33e+00   0.00e+00 (  1.78e+02,  2.19e+02)
50      0.243   5.02e-01   8.98e-01   3.77e-01   3.66e+00   0.00e+00 (  2.12e+02,  2.12e+02)
55      0.313   5.98e-01   1.18e+00   6.14e-01   4.92e+00   0.00e+00 (  2.33e+02,  2.02e+02)
60      0.360   6.62e-01   1.40e+00   8.63e-01   5.86e+00   0.00e+00 (  2.36e+02,  1.90e+02)
65      0.362   6.92e-01   1.49e+00   1.05e+00   6.06e+00   0.00e+00 (  2.22e+02,  1.78e+02)
70      0.313   6.59e-01   1.40e+00   1.07e+00   5.36e+00   0.00e+00 (  1.88e+02,  1.66e+02)
75      0.236   5.73e-01   1.18e+00   9.58e-01   4.12e+00   0.00e+00 (  1.43e+02,  1.55e+02)
80      0.152   4.24e-01   8.49e-01   7.16e-01   2.76e+00   0.00e+00 (  9.10e+01,  1.45e+02)
85      0.083   2.77e-01   5.27e-01   4.52e-01   1.70e+00   0.00e+00 (  5.17e+01,  1.37e+02)
90      0.030   1.26e-01   2.21e-01   1.87e-01   8.75e-01   0.00e+00 (  1.77e+01,  1.30e+02)
95      0.007   3.25e-02   4.79e-02   4.26e-02   3.18e-01   0.00e+00 (  2.79e+00,  1.23e+02)
 0 e: 2.188e-06 i: 1.505e-05 :: e: 0.000e+00 i: 0.000e+00 :: n: 2.763e+01 e:18.512 i:18.677 v:4.993e+03
>>> tau_he = 5.000000, nhe(0)=2.455772e+00
 5     -0.002   4.14e-03   1.49e-01   3.20e-03  -1.10e-02   0.00e+00 (  8.86e-01,  4.80e+01)
10     -0.001   1.50e-03  -5.39e-03  -2.33e-03  -5.64e-03   0.00e+00 (  4.59e-01,  9.51e+01)
15      0.001   1.34e-02  -2.65e-02  -5.68e-03   1.11e-02   0.00e+00 (  5.09e+00,  1.34e+02)
20      0.009   3.01e-02  -2.18e-02  -1.09e-02   8.88e-02   0.00e+00 (  1.33e+01,  1.64e+02)
25      0.029   1.10e-01   3.21e-02   1.80e-02   3.11e-01   0.00e+00 (  5.32e+01,  1.90e+02)
30      0.067   2.11e-01   1.84e-01   6.37e-02   7.84e-01   0.00e+00 (  1.05e+02,  2.10e+02)
35      0.079   2.54e-01   2.76e-01   9.10e-02   9.98e-01   0.00e+00 (  1.26e+02,  2.19e+02)
40      0.095   2.98e-01   3.78e-01   9.44e-02   1.29e+00   0.00e+00 (  1.43e+02,  2.22e+02)
45      0.168   4.00e-01   6.19e-01   2.31e-01   2.41e+00   0.00e+00 (  1.80e+02,  2.19e+02)
50      0.237   4.99e-01   8.94e-01   3.76e-01   3.58e+00   0.00e+00 (  2.10e+02,  2.12e+02)
55      0.301   5.94e-01   1.17e+00   6.02e-01   4.73e+00   0.00e+00 (  2.30e+02,  2.02e+02)
60      0.357   6.60e-01   1.39e+00   8.58e-01   5.81e+00   0.00e+00 (  2.33e+02,  1.90e+02)
65      0.363   6.92e-01   1.49e+00   1.05e+00   6.07e+00   0.00e+00 (  2.20e+02,  1.78e+02)
70      0.311   6.60e-01   1.40e+00   1.07e+00   5.32e+00   0.00e+00 (  1.86e+02,  1.66e+02)
75      0.228   5.72e-01   1.18e+00   9.53e-01   4.00e+00   0.00e+00 (  1.42e+02,  1.55e+02)
80      0.155   4.31e-01   8.61e-01   7.24e-01   2.82e+00   0.00e+00 (  9.27e+01,  1.45e+02)
85      0.088   2.84e-01   5.38e-01   4.61e-01   1.80e+00   0.00e+00 (  5.37e+01,  1.37e+02)
90      0.030   1.27e-01   2.23e-01   1.89e-01   8.97e-01   0.00e+00 (  1.88e+01,  1.30e+02)
95      0.007   3.25e-02   4.79e-02   4.26e-02   3.18e-01   0.00e+00 (  2.79e+00,  1.23e+02)
 1 e: 7.746e-02 i: 2.921e-01 :: e: 6.054e-03 i: 1.138e-02 :: n: 2.763e+01 e:22.938 i:27.901 v:4.993e+03
>>> tau_he = 5.000000, nhe(0)=3.311614e+00
 5     -0.013   1.10e-02   4.74e-01   6.19e-03  -7.07e-02   0.00e+00 (  4.01e+00,  4.80e+01)
10     -0.048   9.30e-02   2.04e-02  -4.75e-03  -3.27e-01   0.00e+00 (  6.51e+01,  9.51e+01)
15      0.104   4.15e-01   4.79e-01   1.36e-01   8.47e-01   0.00e+00 (  3.88e+02,  1.34e+02)
20      0.424   4.47e-01   5.34e-01   3.08e-01   3.99e+00   0.00e+00 (  4.33e+02,  1.64e+02)
25      0.523   4.14e-01   5.05e-01   3.18e-01   5.53e+00   0.00e+00 (  3.20e+02,  1.90e+02)
30      0.213   3.20e-01   4.57e-01   1.76e-01   2.48e+00   0.00e+00 (  1.99e+02,  2.10e+02)
35      0.203   3.23e-01   5.72e-01   2.28e-01   2.57e+00   0.00e+00 (  1.85e+02,  2.19e+02)
40      0.220   3.93e-01   7.82e-01   2.70e-01   2.98e+00   0.00e+00 (  2.05e+02,  2.22e+02)
45      0.198   4.29e-01   9.13e-01   3.71e-01   2.84e+00   0.00e+00 (  1.86e+02,  2.19e+02)
50      0.166   4.42e-01   9.27e-01   4.05e-01   2.50e+00   0.00e+00 (  1.58e+02,  2.12e+02)
55      0.179   4.85e-01   1.01e+00   5.14e-01   2.82e+00   0.00e+00 (  1.47e+02,  2.02e+02)
60      0.226   5.57e-01   1.20e+00   7.29e-01   3.68e+00   0.00e+00 (  1.48e+02,  1.90e+02)
65      0.255   6.21e-01   1.34e+00   9.17e-01   4.26e+00   0.00e+00 (  1.49e+02,  1.78e+02)
70      0.244   6.40e-01   1.35e+00   9.93e-01   4.18e+00   0.00e+00 (  1.44e+02,  1.66e+02)
75      0.199   6.20e-01   1.24e+00   9.59e-01   3.49e+00   0.00e+00 (  1.37e+02,  1.55e+02)
80      0.172   5.64e-01   1.11e+00   8.96e-01   3.12e+00   0.00e+00 (  1.30e+02,  1.45e+02)
85      0.138   4.15e-01   7.76e-01   6.49e-01   2.80e+00   0.00e+00 (  1.06e+02,  1.37e+02)
90      0.023   1.29e-01   2.22e-01   1.89e-01   6.92e-01   0.00e+00 (  2.52e+01,  1.30e+02)
95      0.007   3.25e-02   4.79e-02   4.26e-02   3.18e-01   0.00e+00 (  2.79e+00,  1.23e+02)
 2 e: 3.384e-02 i: 1.157e-02 :: e: 2.254e-01 i: 2.201e-01 :: n: 2.763e+01 e:25.796 i:29.952 v:4.993e+03
>>> tau_he = 5.000000, nhe(0)=3.433866e+00
 5     -0.031   1.63e-02   4.87e-01   9.49e-03  -1.68e-01   0.00e+00 (  9.48e+00,  4.80e+01)
10     -0.475   1.07e-01  -8.94e-03  -3.39e-02  -3.22e+00   0.00e+00 (  1.14e+02,  9.51e+01)
15     -0.042   5.01e-01   6.28e-01   3.16e-01  -3.45e-01   0.00e+00 (  6.05e+02,  1.34e+02)
20      0.302   4.82e-01   5.65e-01   4.65e-01   2.84e+00   0.00e+00 (  5.85e+02,  1.64e+02)
25      0.478   3.94e-01   4.63e-01   3.64e-01   5.06e+00   0.00e+00 (  3.93e+02,  1.90e+02)
30      0.204   3.19e-01   4.28e-01   2.25e-01   2.38e+00   0.00e+00 (  2.49e+02,  2.10e+02)
35      0.166   3.08e-01   4.77e-01   2.23e-01   2.10e+00   0.00e+00 (  2.04e+02,  2.19e+02)
40      0.167   3.35e-01   5.90e-01   2.09e-01   2.27e+00   0.00e+00 (  1.81e+02,  2.22e+02)
45      0.151   3.53e-01   6.61e-01   2.63e-01   2.17e+00   0.00e+00 (  1.45e+02,  2.19e+02)
50      0.133   3.50e-01   6.56e-01   2.80e-01   2.01e+00   0.00e+00 (  1.11e+02,  2.12e+02)
55      0.148   3.73e-01   7.16e-01   3.67e-01   2.33e+00   0.00e+00 (  9.42e+01,  2.02e+02)
60      0.190   4.32e-01   8.66e-01   5.18e-01   3.10e+00   0.00e+00 (  9.18e+01,  1.90e+02)
65      0.227   4.97e-01   1.01e+00   6.85e-01   3.80e+00   0.00e+00 (  9.32e+01,  1.78e+02)
70      0.236   5.43e-01   1.08e+00   7.91e-01   4.04e+00   0.00e+00 (  9.58e+01,  1.66e+02)
75      0.219   5.57e-01   1.09e+00   8.32e-01   3.84e+00   0.00e+00 (  9.95e+01,  1.55e+02)
80      0.216   5.52e-01   1.10e+00   8.86e-01   3.91e+00   0.00e+00 (  1.11e+02,  1.45e+02)
85      0.174   4.54e-01   8.43e-01   7.05e-01   3.54e+00   0.00e+00 (  1.18e+02,  1.37e+02)
90      0.023   1.27e-01   2.18e-01   1.87e-01   6.78e-01   0.00e+00 (  2.69e+01,  1.30e+02)
95      0.007   3.25e-02   4.79e-02   4.26e-02   3.18e-01   0.00e+00 (  2.79e+00,  1.23e+02)
 3 e: 8.351e-03 i: 7.288e-03 :: e: 2.851e-01 i: 2.527e-01 :: n: 2.763e+01 e:25.174 i:30.057 v:4.993e+03
>>> tau_he = 5.000000, nhe(0)=3.440650e+00
 5     -0.034   1.57e-02   4.35e-01   8.23e-03  -1.83e-01   0.00e+00 (  9.37e+00,  4.80e+01)
10     -0.421   1.11e-01   3.87e-03  -4.22e-02  -2.86e+00   0.00e+00 (  1.12e+02,  9.51e+01)
15      0.098   4.90e-01   5.87e-01   2.09e-01   7.98e-01   0.00e+00 (  4.92e+02,  1.34e+02)
20      0.372   4.70e-01   5.65e-01   3.49e-01   3.49e+00   0.00e+00 (  4.89e+02,  1.64e+02)
25      0.531   4.10e-01   4.94e-01   3.76e-01   5.61e+00   0.00e+00 (  3.88e+02,  1.90e+02)
30      0.323   3.61e-01   4.59e-01   2.82e-01   3.77e+00   0.00e+00 (  2.86e+02,  2.10e+02)
35      0.216   3.35e-01   5.33e-01   2.14e-01   2.73e+00   0.00e+00 (  2.29e+02,  2.19e+02)
40      0.198   3.72e-01   7.01e-01   2.42e-01   2.68e+00   0.00e+00 (  2.09e+02,  2.22e+02)
45      0.191   3.99e-01   8.19e-01   3.34e-01   2.74e+00   0.00e+00 (  1.71e+02,  2.19e+02)
50      0.168   4.01e-01   8.41e-01   3.72e-01   2.53e+00   0.00e+00 (  1.33e+02,  2.12e+02)
55      0.176   4.26e-01   8.92e-01   4.63e-01   2.77e+00   0.00e+00 (  1.13e+02,  2.02e+02)
60      0.210   4.79e-01   1.02e+00   6.13e-01   3.42e+00   0.00e+00 (  1.06e+02,  1.90e+02)
65      0.237   5.38e-01   1.13e+00   7.69e-01   3.97e+00   0.00e+00 (  1.04e+02,  1.78e+02)
70      0.241   5.76e-01   1.18e+00   8.67e-01   4.13e+00   0.00e+00 (  1.05e+02,  1.66e+02)
75      0.220   5.89e-01   1.17e+00   8.95e-01   3.84e+00   0.00e+00 (  1.08e+02,  1.55e+02)
80      0.210   5.81e-01   1.18e+00   9.50e-01   3.81e+00   0.00e+00 (  1.20e+02,  1.45e+02)
85      0.168   4.85e-01   9.11e-01   7.58e-01   3.42e+00   0.00e+00 (  1.33e+02,  1.37e+02)
90      0.017   1.27e-01   2.18e-01   1.86e-01   4.99e-01   0.00e+00 (  2.84e+01,  1.30e+02)
95      0.007   3.25e-02   4.79e-02   4.26e-02   3.18e-01   0.00e+00 (  2.79e+00,  1.23e+02)
 4 e: 5.025e-03 i: 6.798e-03 :: e: 2.319e-01 i: 1.947e-01 :: n: 2.763e+01 e:24.208 i:29.503 v:4.993e+03
>>> tau_he = 5.000000, nhe(0)=3.410787e+00
 5     -0.036   1.56e-02   4.15e-01   8.44e-03  -1.94e-01   0.00e+00 (  9.53e+00,  4.80e+01)
10     -0.355   1.04e-01   6.91e-03  -4.48e-02  -2.41e+00   0.00e+00 (  9.96e+01,  9.51e+01)
15      0.097   4.18e-01   4.64e-01   1.23e-01   7.88e-01   0.00e+00 (  3.67e+02,  1.34e+02)
20      0.263   4.09e-01   4.77e-01   2.26e-01   2.47e+00   0.00e+00 (  3.76e+02,  1.64e+02)
25      0.398   4.18e-01   4.91e-01   3.10e-01   4.21e+00   0.00e+00 (  3.71e+02,  1.90e+02)
30      0.290   3.46e-01   4.21e-01   2.38e-01   3.38e+00   0.00e+00 (  2.70e+02,  2.10e+02)
35      0.180   3.24e-01   4.94e-01   2.33e-01   2.28e+00   0.00e+00 (  2.22e+02,  2.19e+02)
40      0.178   3.49e-01   6.13e-01   2.17e-01   2.42e+00   0.00e+00 (  1.97e+02,  2.22e+02)
45      0.172   3.78e-01   7.20e-01   2.86e-01   2.47e+00   0.00e+00 (  1.64e+02,  2.19e+02)
50      0.157   3.84e-01   7.52e-01   3.31e-01   2.37e+00   0.00e+00 (  1.30e+02,  2.12e+02)
55      0.168   4.08e-01   8.13e-01   4.18e-01   2.64e+00   0.00e+00 (  1.10e+02,  2.02e+02)
60      0.200   4.54e-01   9.29e-01   5.58e-01   3.26e+00   0.00e+00 (  1.01e+02,  1.90e+02)
65      0.227   5.07e-01   1.04e+00   7.02e-01   3.80e+00   0.00e+00 (  9.77e+01,  1.78e+02)
70      0.234   5.45e-01   1.09e+00   8.00e-01   4.01e+00   0.00e+00 (  9.71e+01,  1.66e+02)
75      0.218   5.57e-01   1.09e+00   8.37e-01   3.82e+00   0.00e+00 (  9.92e+01,  1.55e+02)
80      0.212   5.48e-01   1.09e+00   8.79e-01   3.84e+00   0.00e+00 (  1.08e+02,  1.45e+02)
85      0.173   4.59e-01   8.56e-01   7.15e-01   3.53e+00   0.00e+00 (  1.18e+02,  1.37e+02)
90      0.022   1.27e-01   2.18e-01   1.86e-01   6.37e-01   0.00e+00 (  2.73e+01,  1.30e+02)
95      0.007   3.25e-02   4.79e-02   4.26e-02   3.18e-01   0.00e+00 (  2.79e+00,  1.23e+02)
 5 e: 2.885e-03 i: 3.658e-03 :: e: 2.089e-01 i: 1.738e-01 :: n: 2.763e+01 e:23.821 i:28.711 v:4.993e+03
>>> tau_he = 5.000000, nhe(0)=3.365305e+00
 5     -0.036   1.50e-02   3.88e-01   8.39e-03  -1.93e-01   0.00e+00 (  9.21e+00,  4.80e+01)
10     -0.303   1.10e-01   1.69e-02  -5.44e-02  -2.06e+00   0.00e+00 (  1.01e+02,  9.51e+01)
15      0.183   3.93e-01   4.54e-01   8.96e-02   1.49e+00   0.00e+00 (  3.11e+02,  1.34e+02)
20      0.236   3.81e-01   4.40e-01   1.78e-01   2.22e+00   0.00e+00 (  3.18e+02,  1.64e+02)
25      0.357   4.01e-01   4.78e-01   2.72e-01   3.77e+00   0.00e+00 (  3.32e+02,  1.90e+02)
30      0.291   3.51e-01   4.37e-01   2.33e-01   3.39e+00   0.00e+00 (  2.66e+02,  2.10e+02)
35      0.191   3.34e-01   5.26e-01   2.42e-01   2.42e+00   0.00e+00 (  2.27e+02,  2.19e+02)
40      0.197   3.68e-01   6.68e-01   2.33e-01   2.66e+00   0.00e+00 (  2.09e+02,  2.22e+02)
45      0.192   4.06e-01   8.06e-01   3.23e-01   2.76e+00   0.00e+00 (  1.81e+02,  2.19e+02)
50      0.180   4.21e-01   8.70e-01   3.86e-01   2.71e+00   0.00e+00 (  1.48e+02,  2.12e+02)
55      0.191   4.51e-01   9.44e-01   4.96e-01   3.00e+00   0.00e+00 (  1.27e+02,  2.02e+02)
60      0.220   4.99e-01   1.06e+00   6.42e-01   3.57e+00   0.00e+00 (  1.17e+02,  1.90e+02)
65      0.243   5.46e-01   1.15e+00   7.92e-01   4.07e+00   0.00e+00 (  1.11e+02,  1.78e+02)
70      0.244   5.79e-01   1.19e+00   8.74e-01   4.18e+00   0.00e+00 (  1.09e+02,  1.66e+02)
75      0.223   5.87e-01   1.17e+00   9.03e-01   3.91e+00   0.00e+00 (  1.09e+02,  1.55e+02)
80      0.210   5.64e-01   1.15e+00   9.29e-01   3.80e+00   0.00e+00 (  1.15e+02,  1.45e+02)
85      0.165   4.72e-01   8.85e-01   7.37e-01   3.36e+00   0.00e+00 (  1.24e+02,  1.37e+02)
90      0.018   1.28e-01   2.18e-01   1.87e-01   5.34e-01   0.00e+00 (  2.80e+01,  1.30e+02)
95      0.007   3.25e-02   4.79e-02   4.26e-02   3.18e-01   0.00e+00 (  2.79e+00,  1.23e+02)
 6 e: 2.030e-03 i: 1.937e-03 :: e: 1.606e-01 i: 1.335e-01 :: n: 2.763e+01 e:23.012 i:28.280 v:4.993e+03
>>> tau_he = 5.000000, nhe(0)=3.339211e+00
 5     -0.036   1.45e-02   3.73e-01   8.10e-03  -1.95e-01   0.00e+00 (  8.90e+00,  4.80e+01)
10     -0.258   1.07e-01   1.65e-02  -5.16e-02  -1.76e+00   0.00e+00 (  9.28e+01,  9.51e+01)
15      0.156   3.43e-01   3.85e-01   5.20e-02   1.27e+00   0.00e+00 (  2.50e+02,  1.34e+02)
20      0.249   3.46e-01   3.80e-01   1.33e-01   2.34e+00   0.00e+00 (  2.65e+02,  1.64e+02)
25      0.324   3.59e-01   4.19e-01   2.07e-01   3.43e+00   0.00e+00 (  2.76e+02,  1.90e+02)
30      0.206   3.32e-01   4.34e-01   1.98e-01   2.40e+00   0.00e+00 (  2.41e+02,  2.10e+02)
35      0.172   3.21e-01   4.90e-01   2.23e-01   2.18e+00   0.00e+00 (  2.12e+02,  2.19e+02)
40      0.173   3.52e-01   6.11e-01   2.12e-01   2.34e+00   0.00e+00 (  1.96e+02,  2.22e+02)
45      0.178   3.89e-01   7.37e-01   2.91e-01   2.55e+00   0.00e+00 (  1.72e+02,  2.19e+02)
50      0.172   4.08e-01   8.09e-01   3.54e-01   2.59e+00   0.00e+00 (  1.44e+02,  2.12e+02)
55      0.186   4.39e-01   8.91e-01   4.65e-01   2.92e+00   0.00e+00 (  1.25e+02,  2.02e+02)
60      0.214   4.84e-01   1.00e+00   6.06e-01   3.48e+00   0.00e+00 (  1.14e+02,  1.90e+02)
65      0.238   5.30e-01   1.10e+00   7.53e-01   3.98e+00   0.00e+00 (  1.08e+02,  1.78e+02)
70      0.240   5.63e-01   1.14e+00   8.37e-01   4.12e+00   0.00e+00 (  1.05e+02,  1.66e+02)
75      0.222   5.70e-01   1.13e+00   8.68e-01   3.89e+00   0.00e+00 (  1.05e+02,  1.55e+02)
80      0.209   5.46e-01   1.09e+00   8.79e-01   3.78e+00   0.00e+00 (  1.08e+02,  1.45e+02)
85      0.168   4.53e-01   8.46e-01   7.07e-01   3.41e+00   0.00e+00 (  1.15e+02,  1.37e+02)
90      0.021   1.27e-01   2.18e-01   1.87e-01   6.29e-01   0.00e+00 (  2.72e+01,  1.30e+02)
95      0.007   3.25e-02   4.79e-02   4.26e-02   3.18e-01   0.00e+00 (  2.79e+00,  1.23e+02)
 7 e: 7.962e-04 i: 1.222e-03 :: e: 1.335e-01 i: 1.062e-01 :: n: 2.763e+01 e:22.856 i:27.648 v:4.993e+03
>>> tau_he = 5.000000, nhe(0)=3.299531e+00
 5     -0.036   1.41e-02   3.55e-01   8.08e-03  -1.93e-01   0.00e+00 (  8.68e+00,  4.80e+01)
10     -0.238   1.22e-01   6.30e-02  -5.55e-02  -1.62e+00   0.00e+00 (  1.03e+02,  9.51e+01)
15      0.166   3.36e-01   3.70e-01   4.74e-02   1.35e+00   0.00e+00 (  2.32e+02,  1.34e+02)
20      0.236   3.29e-01   3.66e-01   1.25e-01   2.22e+00   0.00e+00 (  2.39e+02,  1.64e+02)
25      0.315   3.59e-01   4.17e-01   1.87e-01   3.33e+00   0.00e+00 (  2.65e+02,  1.90e+02)
30      0.203   3.29e-01   4.40e-01   1.89e-01   2.37e+00   0.00e+00 (  2.33e+02,  2.10e+02)
35      0.176   3.26e-01   5.11e-01   2.25e-01   2.23e+00   0.00e+00 (  2.13e+02,  2.19e+02)
40      0.183   3.62e-01   6.47e-01   2.23e-01   2.48e+00   0.00e+00 (  2.02e+02,  2.22e+02)
45      0.188   4.05e-01   7.90e-01   3.14e-01   2.70e+00   0.00e+00 (  1.81e+02,  2.19e+02)
50      0.185   4.30e-01   8.81e-01   3.90e-01   2.79e+00   0.00e+00 (  1.55e+02,  2.12e+02)
55      0.199   4.66e-01   9.74e-01   5.14e-01   3.12e+00   0.00e+00 (  1.37e+02,  2.02e+02)
60      0.225   5.12e-01   1.08e+00   6.59e-01   3.65e+00   0.00e+00 (  1.25e+02,  1.90e+02)
65      0.246   5.54e-01   1.17e+00   8.05e-01   4.11e+00   0.00e+00 (  1.17e+02,  1.78e+02)
70      0.246   5.84e-01   1.20e+00   8.84e-01   4.21e+00   0.00e+00 (  1.13e+02,  1.66e+02)
75      0.225   5.87e-01   1.18e+00   9.08e-01   3.94e+00   0.00e+00 (  1.11e+02,  1.55e+02)
80      0.206   5.55e-01   1.12e+00   9.04e-01   3.74e+00   0.00e+00 (  1.12e+02,  1.45e+02)
85      0.162   4.59e-01   8.64e-01   7.22e-01   3.29e+00   0.00e+00 (  1.18e+02,  1.37e+02)
90      0.019   1.28e-01   2.19e-01   1.87e-01   5.64e-01   0.00e+00 (  2.76e+01,  1.30e+02)
95      0.007   3.25e-02   4.79e-02   4.26e-02   3.18e-01   0.00e+00 (  2.79e+00,  1.23e+02)
 8 e: 8.783e-04 i: 8.541e-04 :: e: 1.076e-01 i: 9.501e-02 :: n: 2.763e+01 e:22.288 i:27.039 v:4.993e+03
>>> tau_he = 5.000000, nhe(0)=3.259356e+00
 5     -0.034   1.34e-02   3.41e-01   7.92e-03  -1.85e-01   0.00e+00 (  8.28e+00,  4.80e+01)
10     -0.210   1.14e-01   5.34e-02  -5.00e-02  -1.43e+00   0.00e+00 (  9.18e+01,  9.51e+01)
15     -0.013   1.28e-01   8.32e-02  -3.19e-02  -1.09e-01   0.00e+00 (  8.41e+01,  1.34e+02)
20      0.207   2.94e-01   3.23e-01   1.02e-01   1.94e+00   0.00e+00 (  2.04e+02,  1.64e+02)
25      0.263   3.22e-01   3.73e-01   1.69e-01   2.78e+00   0.00e+00 (  2.28e+02,  1.90e+02)
30      0.179   3.10e-01   4.15e-01   1.96e-01   2.08e+00   0.00e+00 (  2.12e+02,  2.10e+02)
35      0.160   3.15e-01   4.76e-01   1.69e-01   2.02e+00   0.00e+00 (  2.01e+02,  2.19e+02)
40      0.168   3.49e-01   6.05e-01   2.08e-01   2.27e+00   0.00e+00 (  1.90e+02,  2.22e+02)
45      0.177   3.91e-01   7.40e-01   2.92e-01   2.54e+00   0.00e+00 (  1.72e+02,  2.19e+02)
50      0.178   4.17e-01   8.33e-01   3.66e-01   2.68e+00   0.00e+00 (  1.49e+02,  2.12e+02)
55      0.193   4.54e-01   9.30e-01   4.88e-01   3.04e+00   0.00e+00 (  1.33e+02,  2.02e+02)
60      0.219   4.98e-01   1.04e+00   6.30e-01   3.56e+00   0.00e+00 (  1.22e+02,  1.90e+02)
65      0.240   5.43e-01   1.13e+00   7.69e-01   4.01e+00   0.00e+00 (  1.14e+02,  1.78e+02)
70      0.243   5.70e-01   1.17e+00   8.55e-01   4.15e+00   0.00e+00 (  1.09e+02,  1.66e+02)
75      0.223   5.74e-01   1.14e+00   8.82e-01   3.91e+00   0.00e+00 (  1.07e+02,  1.55e+02)
80      0.206   5.40e-01   1.08e+00   8.77e-01   3.73e+00   0.00e+00 (  1.07e+02,  1.45e+02)
85      0.162   4.46e-01   8.36e-01   6.99e-01   3.31e+00   0.00e+00 (  1.11e+02,  1.37e+02)
90      0.021   1.28e-01   2.19e-01   1.87e-01   6.27e-01   0.00e+00 (  2.70e+01,  1.30e+02)
95      0.007   3.25e-02   4.79e-02   4.26e-02   3.18e-01   0.00e+00 (  2.79e+00,  1.23e+02)
 9 e: 3.210e-04 i: 1.186e-03 :: e: 8.743e-02 i: 7.439e-02 :: n: 2.763e+01 e:22.200 i:26.535 v:4.993e+03
>>> tau_he = 5.000000, nhe(0)=3.224642e+00
 5     -0.033   1.33e-02   3.35e-01   8.17e-03  -1.76e-01   0.00e+00 (  8.22e+00,  4.80e+01)
10     -0.154   1.11e-01   7.59e-02  -3.27e-02  -1.04e+00   0.00e+00 (  8.80e+01,  9.51e+01)
15      0.167   3.13e-01   3.39e-01   4.01e-02   1.36e+00   0.00e+00 (  2.09e+02,  1.34e+02)
20      0.200   2.84e-01   3.18e-01   1.02e-01   1.88e+00   0.00e+00 (  1.93e+02,  1.64e+02)
25      0.239   3.06e-01   3.60e-01   1.57e-01   2.52e+00   0.00e+00 (  2.10e+02,  1.90e+02)
30      0.173   3.04e-01   4.17e-01   2.01e-01   2.02e+00   0.00e+00 (  2.05e+02,  2.10e+02)
35      0.157   3.13e-01   4.86e-01   1.78e-01   1.99e+00   0.00e+00 (  1.97e+02,  2.19e+02)
40      0.170   3.52e-01   6.25e-01   2.15e-01   2.31e+00   0.00e+00 (  1.90e+02,  2.22e+02)
45      0.181   3.98e-01   7.71e-01   3.06e-01   2.60e+00   0.00e+00 (  1.74e+02,  2.19e+02)
50      0.184   4.28e-01   8.75e-01   3.87e-01   2.78e+00   0.00e+00 (  1.54e+02,  2.12e+02)
55      0.200   4.69e-01   9.81e-01   5.15e-01   3.14e+00   0.00e+00 (  1.39e+02,  2.02e+02)
60      0.223   5.11e-01   1.08e+00   6.59e-01   3.63e+00   0.00e+00 (  1.27e+02,  1.90e+02)
65      0.244   5.52e-01   1.17e+00   8.03e-01   4.08e+00   0.00e+00 (  1.18e+02,  1.78e+02)
70      0.244   5.80e-01   1.20e+00   8.81e-01   4.18e+00   0.00e+00 (  1.13e+02,  1.66e+02)
75      0.223   5.80e-01   1.16e+00   9.00e-01   3.91e+00   0.00e+00 (  1.09e+02,  1.55e+02)
80      0.202   5.43e-01   1.10e+00   8.84e-01   3.67e+00   0.00e+00 (  1.08e+02,  1.45e+02)
85      0.157   4.48e-01   8.43e-01   7.05e-01   3.20e+00   0.00e+00 (  1.12e+02,  1.37e+02)
90      0.020   1.28e-01   2.19e-01   1.87e-01   5.88e-01   0.00e+00 (  2.72e+01,  1.30e+02)
95      0.007   3.25e-02   4.79e-02   4.26e-02   3.18e-01   0.00e+00 (  2.79e+00,  1.23e+02)
10 e: 4.870e-04 i: 5.353e-04 :: e: 6.999e-02 i: 6.410e-02 :: n: 2.763e+01 e:21.757 i:25.969 v:4.993e+03
>>> tau_he = 5.000000, nhe(0)=3.183987e+00
 5     -0.031   1.27e-02   3.22e-01   8.04e-03  -1.67e-01   0.00e+00 (  7.83e+00,  4.80e+01)
10     -0.158   1.05e-01   6.88e-02  -2.73e-02  -1.07e+00   0.00e+00 (  8.04e+01,  9.51e+01)
15     -0.014   1.35e-01   1.02e-01  -3.07e-02  -1.12e-01   0.00e+00 (  8.65e+01,  1.34e+02)
20      0.057   1.40e-01   1.37e-01  -1.08e-02   5.34e-01   0.00e+00 (  9.22e+01,  1.64e+02)
25      0.213   2.86e-01   3.34e-01   1.51e-01   2.26e+00   0.00e+00 (  1.91e+02,  1.90e+02)
30      0.154   2.90e-01   3.96e-01   1.64e-01   1.79e+00   0.00e+00 (  1.90e+02,  2.10e+02)
35      0.147   3.04e-01   4.67e-01   1.74e-01   1.86e+00   0.00e+00 (  1.86e+02,  2.19e+02)
40      0.160   3.40e-01   5.95e-01   2.06e-01   2.16e+00   0.00e+00 (  1.79e+02,  2.22e+02)
45      0.172   3.85e-01   7.34e-01   2.91e-01   2.48e+00   0.00e+00 (  1.66e+02,  2.19e+02)
50      0.178   4.16e-01   8.39e-01   3.69e-01   2.68e+00   0.00e+00 (  1.47e+02,  2.12e+02)
55      0.194   4.55e-01   9.41e-01   4.95e-01   3.05e+00   0.00e+00 (  1.33e+02,  2.02e+02)
60      0.218   4.97e-01   1.04e+00   6.34e-01   3.54e+00   0.00e+00 (  1.22e+02,  1.90e+02)
65      0.239   5.38e-01   1.13e+00   7.76e-01   3.99e+00   0.00e+00 (  1.14e+02,  1.78e+02)
70      0.240   5.65e-01   1.16e+00   8.55e-01   4.10e+00   0.00e+00 (  1.09e+02,  1.66e+02)
75      0.221   5.65e-01   1.13e+00   8.74e-01   3.86e+00   0.00e+00 (  1.05e+02,  1.55e+02)
80      0.201   5.28e-01   1.06e+00   8.60e-01   3.64e+00   0.00e+00 (  1.03e+02,  1.45e+02)
85      0.156   4.36e-01   8.19e-01   6.85e-01   3.18e+00   0.00e+00 (  1.06e+02,  1.37e+02)
90      0.021   1.28e-01   2.20e-01   1.88e-01   6.35e-01   0.00e+00 (  2.67e+01,  1.30e+02)
95      0.007   3.25e-02   4.79e-02   4.26e-02   3.18e-01   0.00e+00 (  2.79e+00,  1.23e+02)
11 e: 1.793e-04 i: 7.368e-04 :: e: 7.042e-02 i: 5.811e-02 :: n: 2.763e+01 e:21.665 i:25.524 v:4.993e+03
>>> tau_he = 5.000000, nhe(0)=3.150670e+00
 5     -0.029   1.23e-02   3.15e-01   8.00e-03  -1.57e-01   0.00e+00 (  7.49e+00,  4.80e+01)
10     -0.162   9.98e-02   6.27e-02  -2.51e-02  -1.10e+00   0.00e+00 (  7.55e+01,  9.51e+01)
15      0.066   2.72e-01   3.31e-01   3.88e-02   5.38e-01   0.00e+00 (  1.77e+02,  1.34e+02)
20      0.119   2.47e-01   3.10e-01   9.96e-02   1.12e+00   0.00e+00 (  1.64e+02,  1.64e+02)
25      0.145   2.66e-01   3.45e-01   1.51e-01   1.54e+00   0.00e+00 (  1.76e+02,  1.90e+02)
30      0.150   2.84e-01   3.96e-01   1.59e-01   1.74e+00   0.00e+00 (  1.84e+02,  2.10e+02)
35      0.145   3.01e-01   4.73e-01   1.68e-01   1.83e+00   0.00e+00 (  1.82e+02,  2.19e+02)
40      0.160   3.40e-01   6.08e-01   2.13e-01   2.17e+00   0.00e+00 (  1.77e+02,  2.22e+02)
45      0.174   3.87e-01   7.53e-01   3.00e-01   2.50e+00   0.00e+00 (  1.65e+02,  2.19e+02)
50      0.181   4.20e-01   8.62e-01   3.82e-01   2.73e+00   0.00e+00 (  1.48e+02,  2.12e+02)
55      0.197   4.61e-01   9.69e-01   5.10e-01   3.09e+00   0.00e+00 (  1.35e+02,  2.02e+02)
60      0.218   5.01e-01   1.06e+00   6.49e-01   3.55e+00   0.00e+00 (  1.23e+02,  1.90e+02)
65      0.238   5.40e-01   1.14e+00   7.89e-01   3.98e+00   0.00e+00 (  1.15e+02,  1.78e+02)
70      0.238   5.66e-01   1.17e+00   8.63e-01   4.07e+00   0.00e+00 (  1.09e+02,  1.66e+02)
75      0.218   5.64e-01   1.13e+00   8.79e-01   3.82e+00   0.00e+00 (  1.05e+02,  1.55e+02)
80      0.197   5.24e-01   1.06e+00   8.60e-01   3.57e+00   0.00e+00 (  1.02e+02,  1.45e+02)
85      0.151   4.34e-01   8.16e-01   6.84e-01   3.07e+00   0.00e+00 (  1.05e+02,  1.37e+02)
90      0.021   1.28e-01   2.20e-01   1.88e-01   6.14e-01   0.00e+00 (  2.67e+01,  1.30e+02)
95      0.007   3.25e-02   4.79e-02   4.26e-02   3.18e-01   0.00e+00 (  2.79e+00,  1.23e+02)
12 e: 3.494e-04 i: 3.068e-04 :: e: 4.704e-02 i: 4.542e-02 :: n: 2.763e+01 e:21.305 i:25.105 v:4.993e+03
>>> tau_he = 5.000000, nhe(0)=3.118248e+00
 5     -0.028   1.18e-02   3.05e-01   7.85e-03  -1.51e-01   0.00e+00 (  7.17e+00,  4.80e+01)
10     -0.151   9.53e-02   5.84e-02  -2.56e-02  -1.03e+00   0.00e+00 (  7.07e+01,  9.51e+01)
15     -0.012   1.30e-01   1.08e-01  -5.64e-02  -9.40e-02   0.00e+00 (  8.26e+01,  1.34e+02)
20      0.061   1.40e-01   1.34e-01  -1.22e-02   5.78e-01   0.00e+00 (  9.16e+01,  1.64e+02)
25      0.143   2.60e-01   3.33e-01   1.46e-01   1.51e+00   0.00e+00 (  1.70e+02,  1.90e+02)
30      0.143   2.76e-01   3.82e-01   1.52e-01   1.66e+00   0.00e+00 (  1.75e+02,  2.10e+02)
35      0.138   2.93e-01   4.57e-01   1.62e-01   1.75e+00   0.00e+00 (  1.73e+02,  2.19e+02)
40      0.151   3.29e-01   5.80e-01   1.71e-01   2.05e+00   0.00e+00 (  1.67e+02,  2.22e+02)
45      0.168   3.75e-01   7.25e-01   2.89e-01   2.41e+00   0.00e+00 (  1.57e+02,  2.19e+02)
50      0.176   4.08e-01   8.33e-01   3.69e-01   2.65e+00   0.00e+00 (  1.42e+02,  2.12e+02)
55      0.192   4.47e-01   9.35e-01   4.95e-01   3.02e+00   0.00e+00 (  1.29e+02,  2.02e+02)
60      0.213   4.87e-01   1.03e+00   6.28e-01   3.46e+00   0.00e+00 (  1.18e+02,  1.90e+02)
65      0.232   5.25e-01   1.11e+00   7.64e-01   3.89e+00   0.00e+00 (  1.10e+02,  1.78e+02)
70      0.234   5.49e-01   1.14e+00   8.43e-01   4.01e+00   0.00e+00 (  1.04e+02,  1.66e+02)
75      0.215   5.49e-01   1.10e+00   8.54e-01   3.76e+00   0.00e+00 (  1.00e+02,  1.55e+02)
80      0.194   5.10e-01   1.03e+00   8.35e-01   3.52e+00   0.00e+00 (  9.70e+01,  1.45e+02)
85      0.149   4.23e-01   7.94e-01   6.66e-01   3.03e+00   0.00e+00 (  1.00e+02,  1.37e+02)
90      0.022   1.28e-01   2.20e-01   1.88e-01   6.52e-01   0.00e+00 (  2.63e+01,  1.30e+02)
95      0.007   3.25e-02   4.79e-02   4.26e-02   3.18e-01   0.00e+00 (  2.79e+00,  1.23e+02)
13 e: 1.210e-04 i: 5.381e-04 :: e: 6.566e-02 i: 4.481e-02 :: n: 2.763e+01 e:21.231 i:24.787 v:4.993e+03
>>> tau_he = 5.000000, nhe(0)=3.092878e+00
 5     -0.027   1.15e-02   2.99e-01   7.79e-03  -1.44e-01   0.00e+00 (  6.93e+00,  4.80e+01)
10     -0.128   9.17e-02   5.47e-02  -2.07e-02  -8.68e-01   0.00e+00 (  6.74e+01,  9.51e+01)
15      0.059   2.57e-01   3.15e-01   3.84e-02   4.77e-01   0.00e+00 (  1.66e+02,  1.34e+02)
20      0.119   2.37e-01   2.98e-01   1.00e-01   1.12e+00   0.00e+00 (  1.57e+02,  1.64e+02)
25      0.140   2.55e-01   3.31e-01   1.46e-01   1.48e+00   0.00e+00 (  1.65e+02,  1.90e+02)
30      0.135   2.71e-01   3.83e-01   1.56e-01   1.57e+00   0.00e+00 (  1.71e+02,  2.10e+02)
35      0.138   2.91e-01   4.63e-01   1.70e-01   1.75e+00   0.00e+00 (  1.70e+02,  2.19e+02)
40      0.152   3.28e-01   5.91e-01   1.77e-01   2.06e+00   0.00e+00 (  1.65e+02,  2.22e+02)
45      0.169   3.76e-01   7.39e-01   2.96e-01   2.43e+00   0.00e+00 (  1.56e+02,  2.19e+02)
50      0.177   4.09e-01   8.49e-01   3.78e-01   2.68e+00   0.00e+00 (  1.41e+02,  2.12e+02)
55      0.193   4.48e-01   9.50e-01   5.05e-01   3.03e+00   0.00e+00 (  1.29e+02,  2.02e+02)
60      0.212   4.87e-01   1.04e+00   6.36e-01   3.45e+00   0.00e+00 (  1.18e+02,  1.90e+02)
65      0.230   5.22e-01   1.11e+00   7.67e-01   3.84e+00   0.00e+00 (  1.10e+02,  1.78e+02)
70      0.231   5.45e-01   1.13e+00   8.43e-01   3.95e+00   0.00e+00 (  1.03e+02,  1.66e+02)
75      0.212   5.44e-01   1.10e+00   8.52e-01   3.71e+00   0.00e+00 (  9.90e+01,  1.55e+02)
80      0.190   5.04e-01   1.02e+00   8.29e-01   3.44e+00   0.00e+00 (  9.52e+01,  1.45e+02)
85      0.144   4.18e-01   7.87e-01   6.61e-01   2.93e+00   0.00e+00 (  9.81e+01,  1.37e+02)
90      0.022   1.28e-01   2.21e-01   1.88e-01   6.42e-01   0.00e+00 (  2.62e+01,  1.30e+02)
95      0.007   3.25e-02   4.79e-02   4.26e-02   3.18e-01   0.00e+00 (  2.79e+00,  1.23e+02)
14 e: 2.578e-04 i: 1.983e-04 :: e: 4.905e-02 i: 3.169e-02 :: n: 2.763e+01 e:20.944 i:24.474 v:4.993e+03
>>> tau_he = 5.000000, nhe(0)=3.067273e+00
 5     -0.026   1.11e-02   2.91e-01   7.66e-03  -1.41e-01   0.00e+00 (  6.71e+00,  4.80e+01)
10     -0.123   8.84e-02   5.23e-02  -1.98e-02  -8.33e-01   0.00e+00 (  6.42e+01,  9.51e+01)
15      0.046   2.45e-01   2.99e-01   3.09e-02   3.73e-01   0.00e+00 (  1.55e+02,  1.34e+02)
20      0.113   2.27e-01   2.85e-01   9.21e-02   1.06e+00   0.00e+00 (  1.48e+02,  1.64e+02)
25      0.134   2.47e-01   3.21e-01   1.40e-01   1.42e+00   0.00e+00 (  1.59e+02,  1.90e+02)
30      0.130   2.64e-01   3.73e-01   1.49e-01   1.51e+00   0.00e+00 (  1.65e+02,  2.10e+02)
35      0.131   2.91e-01   4.48e-01   1.78e-01   1.66e+00   0.00e+00 (  1.67e+02,  2.19e+02)
40      0.146   3.20e-01   5.74e-01   1.75e-01   1.98e+00   0.00e+00 (  1.58e+02,  2.22e+02)
45      0.164   3.67e-01   7.17e-01   2.88e-01   2.36e+00   0.00e+00 (  1.50e+02,  2.19e+02)
50      0.174   4.00e-01   8.26e-01   3.67e-01   2.62e+00   0.00e+00 (  1.36e+02,  2.12e+02)
55      0.189   4.38e-01   9.25e-01   4.92e-01   2.98e+00   0.00e+00 (  1.24e+02,  2.02e+02)
60      0.207   4.75e-01   1.01e+00   6.18e-01   3.37e+00   0.00e+00 (  1.13e+02,  1.90e+02)
65      0.224   5.09e-01   1.08e+00   7.45e-01   3.75e+00   0.00e+00 (  1.05e+02,  1.78e+02)
70      0.225   5.30e-01   1.10e+00   8.19e-01   3.86e+00   0.00e+00 (  9.92e+01,  1.66e+02)
75      0.208   5.30e-01   1.07e+00   8.29e-01   3.65e+00   0.00e+00 (  9.48e+01,  1.55e+02)
80      0.187   4.91e-01   9.91e-01   8.07e-01   3.39e+00   0.00e+00 (  9.09e+01,  1.45e+02)
85      0.143   4.08e-01   7.67e-01   6.45e-01   2.90e+00   0.00e+00 (  9.35e+01,  1.37e+02)
90      0.023   1.28e-01   2.21e-01   1.89e-01   6.74e-01   0.00e+00 (  2.57e+01,  1.30e+02)
95      0.007   3.25e-02   4.79e-02   4.26e-02   3.18e-01   0.00e+00 (  2.79e+00,  1.23e+02)
15 e: 6.032e-05 i: 2.597e-04 :: e: 5.495e-02 i: 3.168e-02 :: n: 2.763e+01 e:20.806 i:24.087 v:4.993e+03
>>> tau_he = 5.000000, nhe(0)=3.034779e+00
 5     -0.025   1.08e-02   2.82e-01   7.55e-03  -1.36e-01   0.00e+00 (  6.44e+00,  4.80e+01)
10     -0.118   8.58e-02   5.12e-02  -2.01e-02  -7.99e-01   0.00e+00 (  6.17e+01,  9.51e+01)
15     -0.010   1.23e-01   1.04e-01  -5.09e-02  -8.29e-02   0.00e+00 (  7.69e+01,  1.34e+02)
20      0.107   2.20e-01   2.79e-01   9.11e-02   1.00e+00   0.00e+00 (  1.43e+02,  1.64e+02)
25      0.132   2.44e-01   3.20e-01   1.40e-01   1.40e+00   0.00e+00 (  1.56e+02,  1.90e+02)
30      0.129   2.62e-01   3.74e-01   1.49e-01   1.50e+00   0.00e+00 (  1.62e+02,  2.10e+02)
35      0.132   2.89e-01   4.52e-01   1.75e-01   1.67e+00   0.00e+00 (  1.65e+02,  2.19e+02)
40      0.147   3.20e-01   5.83e-01   1.79e-01   2.00e+00   0.00e+00 (  1.57e+02,  2.22e+02)
45      0.165   3.67e-01   7.28e-01   2.94e-01   2.37e+00   0.00e+00 (  1.49e+02,  2.19e+02)
50      0.175   4.00e-01   8.37e-01   3.74e-01   2.64e+00   0.00e+00 (  1.35e+02,  2.12e+02)
55      0.190   4.38e-01   9.34e-01   4.97e-01   2.99e+00   0.00e+00 (  1.23e+02,  2.02e+02)
60      0.207   4.74e-01   1.01e+00   6.24e-01   3.36e+00   0.00e+00 (  1.13e+02,  1.90e+02)
65      0.222   5.05e-01   1.08e+00   7.46e-01   3.71e+00   0.00e+00 (  1.04e+02,  1.78e+02)
70      0.222   5.25e-01   1.09e+00   8.16e-01   3.81e+00   0.00e+00 (  9.80e+01,  1.66e+02)
75      0.205   5.25e-01   1.06e+00   8.25e-01   3.59e+00   0.00e+00 (  9.34e+01,  1.55e+02)
80      0.184   4.85e-01   9.81e-01   8.00e-01   3.33e+00   0.00e+00 (  8.92e+01,  1.45e+02)
85      0.138   4.03e-01   7.60e-01   6.39e-01   2.82e+00   0.00e+00 (  9.15e+01,  1.37e+02)
90      0.023   1.28e-01   2.21e-01   1.89e-01   6.69e-01   0.00e+00 (  2.56e+01,  1.30e+02)
95      0.007   3.25e-02   4.79e-02   4.26e-02   3.18e-01   0.00e+00 (  2.79e+00,  1.23e+02)
16 e: 1.951e-04 i: 2.115e-04 :: e: 5.997e-02 i: 3.550e-02 :: n: 2.763e+01 e:20.617 i:23.919 v:4.993e+03
>>> tau_he = 5.000000, nhe(0)=3.020383e+00
 5     -0.025   1.07e-02   2.78e-01   7.43e-03  -1.31e-01   0.00e+00 (  6.34e+00,  4.80e+01)
10     -0.066   8.08e-02   4.12e-02  -2.72e-02  -4.48e-01   0.00e+00 (  5.77e+01,  9.51e+01)
15      0.047   2.36e-01   2.90e-01   3.31e-02   3.84e-01   0.00e+00 (  1.48e+02,  1.34e+02)
20      0.104   2.13e-01   2.72e-01   8.81e-02   9.76e-01   0.00e+00 (  1.37e+02,  1.64e+02)
25      0.127   2.37e-01   3.12e-01   1.36e-01   1.34e+00   0.00e+00 (  1.51e+02,  1.90e+02)
30      0.124   2.56e-01   3.66e-01   1.45e-01   1.45e+00   0.00e+00 (  1.57e+02,  2.10e+02)
35      0.124   2.82e-01   4.37e-01   1.56e-01   1.57e+00   0.00e+00 (  1.59e+02,  2.19e+02)
40      0.143   3.13e-01   5.70e-01   1.78e-01   1.94e+00   0.00e+00 (  1.52e+02,  2.22e+02)
45      0.161   3.59e-01   7.12e-01   2.87e-01   2.32e+00   0.00e+00 (  1.44e+02,  2.19e+02)
50      0.172   3.92e-01   8.19e-01   3.66e-01   2.59e+00   0.00e+00 (  1.31e+02,  2.12e+02)
55      0.187   4.30e-01   9.15e-01   4.89e-01   2.94e+00   0.00e+00 (  1.20e+02,  2.02e+02)
60      0.203   4.64e-01   9.92e-01   6.10e-01   3.30e+00   0.00e+00 (  1.09e+02,  1.90e+02)
65      0.217   4.94e-01   1.05e+00   7.28e-01   3.63e+00   0.00e+00 (  1.01e+02,  1.78e+02)
70      0.218   5.14e-01   1.07e+00   7.97e-01   3.74e+00   0.00e+00 (  9.46e+01,  1.66e+02)
75      0.202   5.13e-01   1.03e+00   8.07e-01   3.54e+00   0.00e+00 (  9.01e+01,  1.55e+02)
80      0.181   4.75e-01   9.59e-01   7.82e-01   3.28e+00   0.00e+00 (  8.58e+01,  1.45e+02)
85      0.136   3.95e-01   7.43e-01   6.26e-01   2.77e+00   0.00e+00 (  8.78e+01,  1.37e+02)
90      0.023   1.28e-01   2.22e-01   1.89e-01   6.95e-01   0.00e+00 (  2.52e+01,  1.30e+02)
95      0.007   3.25e-02   4.79e-02   4.26e-02   3.18e-01   0.00e+00 (  2.79e+00,  1.23e+02)
17 e: 3.732e-05 i: 1.353e-04 :: e: 6.114e-02 i: 3.470e-02 :: n: 2.763e+01 e:20.525 i:23.680 v:4.993e+03
>>> tau_he = 5.000000, nhe(0)=2.999500e+00
 5     -0.024   1.04e-02   2.72e-01   7.37e-03  -1.29e-01   0.00e+00 (  6.20e+00,  4.80e+01)
10     -0.065   7.96e-02   4.15e-02  -2.77e-02  -4.40e-01   0.00e+00 (  5.67e+01,  9.51e+01)
15      0.048   2.30e-01   2.84e-01   3.26e-02   3.87e-01   0.00e+00 (  1.44e+02,  1.34e+02)
20      0.099   2.09e-01   2.69e-01   8.86e-02   9.28e-01   0.00e+00 (  1.35e+02,  1.64e+02)
25      0.126   2.35e-01   3.11e-01   1.35e-01   1.33e+00   0.00e+00 (  1.49e+02,  1.90e+02)
30      0.124   2.55e-01   3.68e-01   1.44e-01   1.44e+00   0.00e+00 (  1.56e+02,  2.10e+02)
35      0.124   2.80e-01   4.40e-01   1.57e-01   1.57e+00   0.00e+00 (  1.57e+02,  2.19e+02)
40      0.144   3.13e-01   5.75e-01   1.82e-01   1.95e+00   0.00e+00 (  1.51e+02,  2.22e+02)
45      0.162   3.59e-01   7.18e-01   2.91e-01   2.33e+00   0.00e+00 (  1.43e+02,  2.19e+02)
50      0.172   3.92e-01   8.26e-01   3.71e-01   2.60e+00   0.00e+00 (  1.30e+02,  2.12e+02)
55      0.187   4.29e-01   9.20e-01   4.91e-01   2.94e+00   0.00e+00 (  1.19e+02,  2.02e+02)
60      0.202   4.62e-01   9.93e-01   6.12e-01   3.28e+00   0.00e+00 (  1.08e+02,  1.90e+02)
65      0.215   4.91e-01   1.05e+00   7.27e-01   3.59e+00   0.00e+00 (  9.98e+01,  1.78e+02)
70      0.216   5.09e-01   1.06e+00   7.94e-01   3.69e+00   0.00e+00 (  9.35e+01,  1.66e+02)
75      0.200   5.08e-01   1.03e+00   8.03e-01   3.50e+00   0.00e+00 (  8.88e+01,  1.55e+02)
80      0.178   4.69e-01   9.49e-01   7.75e-01   3.23e+00   0.00e+00 (  8.42e+01,  1.45e+02)
85      0.133   3.90e-01   7.36e-01   6.20e-01   2.71e+00   0.00e+00 (  8.61e+01,  1.37e+02)
90      0.023   1.29e-01   2.22e-01   1.89e-01   6.93e-01   0.00e+00 (  2.51e+01,  1.30e+02)
95      0.007   3.25e-02   4.79e-02   4.26e-02   3.18e-01   0.00e+00 (  2.79e+00,  1.23e+02)
18 e: 9.600e-05 i: 7.259e-05 :: e: 5.909e-02 i: 3.285e-02 :: n: 2.763e+01 e:20.364 i:23.511 v:4.993e+03
>>> tau_he = 5.000000, nhe(0)=2.984449e+00
 5     -0.024   1.02e-02   2.67e-01   7.26e-03  -1.27e-01   0.00e+00 (  6.03e+00,  4.80e+01)
10     -0.063   7.82e-02   4.07e-02  -2.74e-02  -4.26e-01   0.00e+00 (  5.53e+01,  9.51e+01)
15     -0.006   1.20e-01   1.01e-01  -4.69e-02  -5.05e-02   0.00e+00 (  7.42e+01,  1.34e+02)
20      0.048   1.24e-01   1.27e-01  -2.97e-03   4.54e-01   0.00e+00 (  7.90e+01,  1.64e+02)
25      0.123   2.31e-01   3.07e-01   1.34e-01   1.30e+00   0.00e+00 (  1.46e+02,  1.90e+02)
30      0.121   2.51e-01   3.63e-01   1.41e-01   1.42e+00   0.00e+00 (  1.53e+02,  2.10e+02)
35      0.122   2.76e-01   4.34e-01   1.54e-01   1.54e+00   0.00e+00 (  1.54e+02,  2.19e+02)
40      0.141   3.08e-01   5.66e-01   1.82e-01   1.91e+00   0.00e+00 (  1.47e+02,  2.22e+02)
45      0.159   3.54e-01   7.07e-01   2.87e-01   2.29e+00   0.00e+00 (  1.40e+02,  2.19e+02)
50      0.170   3.86e-01   8.14e-01   3.65e-01   2.56e+00   0.00e+00 (  1.27e+02,  2.12e+02)
55      0.185   4.23e-01   9.06e-01   4.84e-01   2.90e+00   0.00e+00 (  1.16e+02,  2.02e+02)
60      0.199   4.55e-01   9.77e-01   6.03e-01   3.24e+00   0.00e+00 (  1.06e+02,  1.90e+02)
65      0.212   4.83e-01   1.03e+00   7.15e-01   3.54e+00   0.00e+00 (  9.74e+01,  1.78e+02)
70      0.213   5.01e-01   1.04e+00   7.81e-01   3.64e+00   0.00e+00 (  9.12e+01,  1.66e+02)
75      0.199   4.99e-01   1.01e+00   7.94e-01   3.48e+00   0.00e+00 (  8.63e+01,  1.55e+02)
80      0.176   4.61e-01   9.32e-01   7.62e-01   3.20e+00   0.00e+00 (  8.18e+01,  1.45e+02)
85      0.131   3.84e-01   7.23e-01   6.10e-01   2.67e+00   0.00e+00 (  8.33e+01,  1.37e+02)
90      0.024   1.29e-01   2.22e-01   1.90e-01   7.12e-01   0.00e+00 (  2.48e+01,  1.30e+02)
95      0.007   3.25e-02   4.79e-02   4.26e-02   3.18e-01   0.00e+00 (  2.79e+00,  1.23e+02)
19 e: 8.751e-05 i: 3.062e-04 :: e: 8.548e-02 i: 5.393e-02 :: n: 2.763e+01 e:20.376 i:23.468 v:4.993e+03
>>> tau_he = 5.000000, nhe(0)=2.980653e+00
 5     -0.023   1.01e-02   2.67e-01   7.24e-03  -1.25e-01   0.00e+00 (  5.94e+00,  4.80e+01)
10     -0.063   7.76e-02   3.98e-02  -2.69e-02  -4.28e-01   0.00e+00 (  5.49e+01,  9.51e+01)
15      0.048   2.28e-01   2.84e-01   3.35e-02   3.89e-01   0.00e+00 (  1.43e+02,  1.34e+02)
20      0.105   2.08e-01   2.72e-01   8.81e-02   9.84e-01   0.00e+00 (  1.35e+02,  1.64e+02)
25      0.122   2.30e-01   3.08e-01   1.35e-01   1.29e+00   0.00e+00 (  1.46e+02,  1.90e+02)
30      0.120   2.50e-01   3.64e-01   1.41e-01   1.40e+00   0.00e+00 (  1.52e+02,  2.10e+02)
35      0.123   2.70e-01   4.33e-01   1.48e-01   1.56e+00   0.00e+00 (  1.50e+02,  2.19e+02)
40      0.141   3.08e-01   5.71e-01   1.85e-01   1.91e+00   0.00e+00 (  1.46e+02,  2.22e+02)
45      0.159   3.53e-01   7.11e-01   2.89e-01   2.29e+00   0.00e+00 (  1.39e+02,  2.19e+02)
50      0.170   3.86e-01   8.18e-01   3.68e-01   2.57e+00   0.00e+00 (  1.26e+02,  2.12e+02)
55      0.185   4.22e-01   9.10e-01   4.87e-01   2.90e+00   0.00e+00 (  1.16e+02,  2.02e+02)
60      0.198   4.54e-01   9.78e-01   6.04e-01   3.22e+00   0.00e+00 (  1.05e+02,  1.90e+02)
65      0.210   4.80e-01   1.03e+00   7.14e-01   3.51e+00   0.00e+00 (  9.68e+01,  1.78e+02)
70      0.211   4.98e-01   1.04e+00   7.79e-01   3.61e+00   0.00e+00 (  9.04e+01,  1.66e+02)
75      0.197   4.96e-01   1.01e+00   7.90e-01   3.45e+00   0.00e+00 (  8.54e+01,  1.55e+02)
80      0.174   4.57e-01   9.25e-01   7.56e-01   3.16e+00   0.00e+00 (  8.06e+01,  1.45e+02)
85      0.129   3.80e-01   7.17e-01   6.05e-01   2.62e+00   0.00e+00 (  8.20e+01,  1.37e+02)
90      0.024   1.29e-01   2.22e-01   1.90e-01   7.12e-01   0.00e+00 (  2.46e+01,  1.30e+02)
95      0.007   3.25e-02   4.79e-02   4.26e-02   3.18e-01   0.00e+00 (  2.79e+00,  1.23e+02)
20 e: 4.918e-05 i: 5.386e-05 :: e: 6.158e-02 i: 3.758e-02 :: n: 2.763e+01 e:20.294 i:23.372 v:4.993e+03
>>> tau_he = 5.000000, nhe(0)=2.971968e+00
 5     -0.023   1.00e-02   2.64e-01   7.20e-03  -1.24e-01   0.00e+00 (  5.90e+00,  4.80e+01)
10     -0.063   7.70e-02   3.99e-02  -2.70e-02  -4.27e-01   0.00e+00 (  5.45e+01,  9.51e+01)
15      0.046   2.24e-01   2.78e-01   3.35e-02   3.72e-01   0.00e+00 (  1.40e+02,  1.34e+02)
20      0.103   2.05e-01   2.67e-01   9.15e-02   9.73e-01   0.00e+00 (  1.33e+02,  1.64e+02)
25      0.120   2.29e-01   3.05e-01   1.34e-01   1.27e+00   0.00e+00 (  1.46e+02,  1.90e+02)
30      0.118   2.48e-01   3.60e-01   1.41e-01   1.38e+00   0.00e+00 (  1.51e+02,  2.10e+02)
35      0.120   2.73e-01   4.31e-01   1.52e-01   1.51e+00   0.00e+00 (  1.51e+02,  2.19e+02)
40      0.139   3.05e-01   5.63e-01   1.84e-01   1.88e+00   0.00e+00 (  1.44e+02,  2.22e+02)
45      0.157   3.50e-01   7.02e-01   2.86e-01   2.26e+00   0.00e+00 (  1.36e+02,  2.19e+02)
50      0.169   3.82e-01   8.08e-01   3.64e-01   2.54e+00   0.00e+00 (  1.24e+02,  2.12e+02)
55      0.183   4.17e-01   8.99e-01   4.81e-01   2.88e+00   0.00e+00 (  1.14e+02,  2.02e+02)
60      0.196   4.49e-01   9.66e-01   5.97e-01   3.19e+00   0.00e+00 (  1.04e+02,  1.90e+02)
65      0.208   4.74e-01   1.01e+00   7.05e-01   3.47e+00   0.00e+00 (  9.51e+01,  1.78e+02)
70      0.209   4.92e-01   1.02e+00   7.69e-01   3.57e+00   0.00e+00 (  8.87e+01,  1.66e+02)
75      0.196   4.88e-01   9.94e-01   7.85e-01   3.43e+00   0.00e+00 (  8.34e+01,  1.55e+02)
80      0.173   4.51e-01   9.13e-01   7.46e-01   3.13e+00   0.00e+00 (  7.88e+01,  1.45e+02)
85      0.128   3.75e-01   7.07e-01   5.97e-01   2.61e+00   0.00e+00 (  7.99e+01,  1.37e+02)
90      0.025   1.29e-01   2.22e-01   1.90e-01   7.27e-01   0.00e+00 (  2.44e+01,  1.30e+02)
95      0.007   3.25e-02   4.79e-02   4.26e-02   3.18e-01   0.00e+00 (  2.79e+00,  1.23e+02)
21 e: 1.395e-05 i: 6.289e-05 :: e: 6.217e-02 i: 3.969e-02 :: n: 2.763e+01 e:20.258 i:23.235 v:4.993e+03
>>> tau_he = 5.000000, nhe(0)=2.959515e+00
 5     -0.023   9.89e-03   2.61e-01   7.16e-03  -1.23e-01   0.00e+00 (  5.80e+00,  4.80e+01)
10     -0.062   7.65e-02   4.02e-02  -2.73e-02  -4.19e-01   0.00e+00 (  5.39e+01,  9.51e+01)
15      0.046   2.21e-01   2.74e-01   3.27e-02   3.77e-01   0.00e+00 (  1.37e+02,  1.34e+02)
20      0.099   2.04e-01   2.65e-01   9.15e-02   9.28e-01   0.00e+00 (  1.32e+02,  1.64e+02)
25      0.119   2.29e-01   3.06e-01   1.34e-01   1.26e+00   0.00e+00 (  1.45e+02,  1.90e+02)
30      0.119   2.48e-01   3.62e-01   1.40e-01   1.39e+00   0.00e+00 (  1.51e+02,  2.10e+02)
35      0.122   2.68e-01   4.31e-01   1.47e-01   1.54e+00   0.00e+00 (  1.48e+02,  2.19e+02)
40      0.139   3.05e-01   5.67e-01   1.87e-01   1.89e+00   0.00e+00 (  1.44e+02,  2.22e+02)
45      0.158   3.50e-01   7.07e-01   2.88e-01   2.27e+00   0.00e+00 (  1.36e+02,  2.19e+02)
50      0.169   3.82e-01   8.13e-01   3.67e-01   2.55e+00   0.00e+00 (  1.24e+02,  2.12e+02)
55      0.183   4.18e-01   9.03e-01   4.85e-01   2.88e+00   0.00e+00 (  1.14e+02,  2.02e+02)
60      0.196   4.49e-01   9.69e-01   6.00e-01   3.19e+00   0.00e+00 (  1.04e+02,  1.90e+02)
65      0.207   4.73e-01   1.01e+00   7.06e-01   3.46e+00   0.00e+00 (  9.50e+01,  1.78e+02)
70      0.208   4.90e-01   1.02e+00   7.69e-01   3.56e+00   0.00e+00 (  8.85e+01,  1.66e+02)
75      0.195   4.86e-01   9.91e-01   7.84e-01   3.41e+00   0.00e+00 (  8.30e+01,  1.55e+02)
80      0.171   4.49e-01   9.08e-01   7.43e-01   3.11e+00   0.00e+00 (  7.82e+01,  1.45e+02)
85      0.126   3.73e-01   7.03e-01   5.94e-01   2.57e+00   0.00e+00 (  7.90e+01,  1.37e+02)
90      0.025   1.29e-01   2.23e-01   1.90e-01   7.26e-01   0.00e+00 (  2.43e+01,  1.30e+02)
95      0.007   3.25e-02   4.79e-02   4.26e-02   3.18e-01   0.00e+00 (  2.79e+00,  1.23e+02)
22 e: 2.586e-05 i: 3.909e-05 :: e: 5.764e-02 i: 3.573e-02 :: n: 2.763e+01 e:20.179 i:23.142 v:4.993e+03
>>> tau_he = 5.000000, nhe(0)=2.950983e+00
 5     -0.023   9.75e-03   2.58e-01   7.10e-03  -1.21e-01   0.00e+00 (  5.70e+00,  4.80e+01)
10     -0.060   7.57e-02   3.98e-02  -2.71e-02  -4.10e-01   0.00e+00 (  5.31e+01,  9.51e+01)
15      0.045   2.17e-01   2.69e-01   3.06e-02   3.70e-01   0.00e+00 (  1.34e+02,  1.34e+02)
20      0.097   2.01e-01   2.62e-01   8.91e-02   9.11e-01   0.00e+00 (  1.29e+02,  1.64e+02)
25      0.118   2.28e-01   3.03e-01   1.34e-01   1.25e+00   0.00e+00 (  1.45e+02,  1.90e+02)
30      0.117   2.46e-01   3.59e-01   1.41e-01   1.37e+00   0.00e+00 (  1.50e+02,  2.10e+02)
35      0.119   2.71e-01   4.31e-01   1.52e-01   1.50e+00   0.00e+00 (  1.49e+02,  2.19e+02)
40      0.138   3.03e-01   5.62e-01   1.85e-01   1.87e+00   0.00e+00 (  1.42e+02,  2.22e+02)
45      0.157   3.48e-01   7.00e-01   2.85e-01   2.25e+00   0.00e+00 (  1.35e+02,  2.19e+02)
50      0.168   3.80e-01   8.06e-01   3.63e-01   2.53e+00   0.00e+00 (  1.23e+02,  2.12e+02)
55      0.182   4.15e-01   8.96e-01   4.81e-01   2.87e+00   0.00e+00 (  1.13e+02,  2.02e+02)
60      0.195   4.46e-01   9.61e-01   5.95e-01   3.17e+00   0.00e+00 (  1.03e+02,  1.90e+02)
65      0.205   4.70e-01   1.00e+00   7.00e-01   3.44e+00   0.00e+00 (  9.40e+01,  1.78e+02)
70      0.206   4.87e-01   1.02e+00   7.63e-01   3.53e+00   0.00e+00 (  8.76e+01,  1.66e+02)
75      0.194   4.83e-01   9.83e-01   7.78e-01   3.40e+00   0.00e+00 (  8.21e+01,  1.55e+02)
80      0.171   4.45e-01   9.00e-01   7.37e-01   3.09e+00   0.00e+00 (  7.71e+01,  1.45e+02)
85      0.126   3.69e-01   6.97e-01   5.89e-01   2.56e+00   0.00e+00 (  7.77e+01,  1.37e+02)
90      0.025   1.29e-01   2.23e-01   1.90e-01   7.38e-01   0.00e+00 (  2.42e+01,  1.30e+02)
95      0.007   3.25e-02   4.79e-02   4.26e-02   3.18e-01   0.00e+00 (  2.79e+00,  1.23e+02)
23 e: 5.643e-06 i: 3.346e-05 :: e: 5.588e-02 i: 3.630e-02 :: n: 2.763e+01 e:20.158 i:23.037 v:4.993e+03
>>> tau_he = 5.000000, nhe(0)=2.941308e+00
 5     -0.022   9.63e-03   2.56e-01   7.07e-03  -1.20e-01   0.00e+00 (  5.61e+00,  4.80e+01)
10     -0.059   7.52e-02   3.99e-02  -2.73e-02  -4.04e-01   0.00e+00 (  5.26e+01,  9.51e+01)
15     -0.005   1.15e-01   9.12e-02  -1.93e-02  -3.75e-02   0.00e+00 (  7.05e+01,  1.34e+02)
20      0.094   2.00e-01   2.61e-01   8.88e-02   8.86e-01   0.00e+00 (  1.28e+02,  1.64e+02)
25      0.117   2.27e-01   3.03e-01   1.34e-01   1.24e+00   0.00e+00 (  1.44e+02,  1.90e+02)
30      0.117   2.46e-01   3.61e-01   1.39e-01   1.37e+00   0.00e+00 (  1.50e+02,  2.10e+02)
35      0.121   2.66e-01   4.29e-01   1.46e-01   1.53e+00   0.00e+00 (  1.46e+02,  2.19e+02)
40      0.138   3.04e-01   5.64e-01   1.87e-01   1.87e+00   0.00e+00 (  1.43e+02,  2.22e+02)
45      0.157   3.48e-01   7.03e-01   2.87e-01   2.25e+00   0.00e+00 (  1.35e+02,  2.19e+02)
50      0.168   3.81e-01   8.10e-01   3.65e-01   2.54e+00   0.00e+00 (  1.23e+02,  2.12e+02)
55      0.183   4.16e-01   9.00e-01   4.83e-01   2.87e+00   0.00e+00 (  1.13e+02,  2.02e+02)
60      0.195   4.46e-01   9.64e-01   5.97e-01   3.17e+00   0.00e+00 (  1.03e+02,  1.90e+02)
65      0.205   4.70e-01   1.01e+00   7.02e-01   3.43e+00   0.00e+00 (  9.42e+01,  1.78e+02)
70      0.206   4.87e-01   1.02e+00   7.64e-01   3.53e+00   0.00e+00 (  8.77e+01,  1.66e+02)
75      0.193   4.82e-01   9.83e-01   7.79e-01   3.39e+00   0.00e+00 (  8.21e+01,  1.55e+02)
80      0.170   4.44e-01   8.98e-01   7.36e-01   3.08e+00   0.00e+00 (  7.69e+01,  1.45e+02)
85      0.125   3.68e-01   6.94e-01   5.87e-01   2.53e+00   0.00e+00 (  7.72e+01,  1.37e+02)
90      0.025   1.29e-01   2.23e-01   1.90e-01   7.36e-01   0.00e+00 (  2.41e+01,  1.30e+02)
95      0.007   3.25e-02   4.79e-02   4.26e-02   3.18e-01   0.00e+00 (  2.79e+00,  1.23e+02)
24 e: 4.762e-05 i: 1.913e-04 :: e: 6.303e-02 i: 4.131e-02 :: n: 2.763e+01 e:20.160 i:23.067 v:4.993e+03
>>> tau_he = 5.000000, nhe(0)=2.944097e+00
 5     -0.022   9.60e-03   2.57e-01   7.05e-03  -1.19e-01   0.00e+00 (  5.57e+00,  4.80e+01)
10     -0.060   7.50e-02   3.90e-02  -2.67e-02  -4.09e-01   0.00e+00 (  5.26e+01,  9.51e+01)
15      0.046   2.19e-01   2.73e-01   3.26e-02   3.76e-01   0.00e+00 (  1.36e+02,  1.34e+02)
20      0.096   1.99e-01   2.60e-01   8.91e-02   9.01e-01   0.00e+00 (  1.28e+02,  1.64e+02)
25      0.116   2.26e-01   3.02e-01   1.33e-01   1.23e+00   0.00e+00 (  1.44e+02,  1.90e+02)
30      0.116   2.45e-01   3.58e-01   1.40e-01   1.35e+00   0.00e+00 (  1.49e+02,  2.10e+02)
35      0.118   2.70e-01   4.30e-01   1.50e-01   1.49e+00   0.00e+00 (  1.48e+02,  2.19e+02)
40      0.136   3.02e-01   5.60e-01   1.86e-01   1.85e+00   0.00e+00 (  1.42e+02,  2.22e+02)
45      0.156   3.46e-01   6.98e-01   2.85e-01   2.24e+00   0.00e+00 (  1.34e+02,  2.19e+02)
50      0.168   3.79e-01   8.05e-01   3.63e-01   2.53e+00   0.00e+00 (  1.23e+02,  2.12e+02)
55      0.182   4.14e-01   8.95e-01   4.80e-01   2.86e+00   0.00e+00 (  1.12e+02,  2.02e+02)
60      0.194   4.44e-01   9.59e-01   5.94e-01   3.16e+00   0.00e+00 (  1.02e+02,  1.90e+02)
65      0.204   4.68e-01   1.00e+00   6.98e-01   3.42e+00   0.00e+00 (  9.38e+01,  1.78e+02)
70      0.205   4.85e-01   1.01e+00   7.60e-01   3.52e+00   0.00e+00 (  8.72e+01,  1.66e+02)
75      0.193   4.80e-01   9.79e-01   7.75e-01   3.38e+00   0.00e+00 (  8.16e+01,  1.55e+02)
80      0.170   4.42e-01   8.94e-01   7.32e-01   3.07e+00   0.00e+00 (  7.63e+01,  1.45e+02)
85      0.124   3.66e-01   6.90e-01   5.84e-01   2.53e+00   0.00e+00 (  7.64e+01,  1.37e+02)
90      0.025   1.29e-01   2.23e-01   1.90e-01   7.44e-01   0.00e+00 (  2.40e+01,  1.30e+02)
95      0.007   3.25e-02   4.79e-02   4.26e-02   3.18e-01   0.00e+00 (  2.79e+00,  1.23e+02)
25 e: 4.461e-06 i: 3.222e-05 :: e: 5.001e-02 i: 3.367e-02 :: n: 2.763e+01 e:20.174 i:23.011 v:4.993e+03
>>> tau_he = 5.000000, nhe(0)=2.938910e+00
 5     -0.022   9.58e-03   2.55e-01   7.06e-03  -1.19e-01   0.00e+00 (  5.57e+00,  4.80e+01)
10     -0.060   7.50e-02   3.95e-02  -2.71e-02  -4.11e-01   0.00e+00 (  5.27e+01,  9.51e+01)
15      0.046   2.18e-01   2.71e-01   3.40e-02   3.73e-01   0.00e+00 (  1.35e+02,  1.34e+02)
20      0.093   1.99e-01   2.60e-01   8.91e-02   8.77e-01   0.00e+00 (  1.28e+02,  1.64e+02)
25      0.116   2.27e-01   3.02e-01   1.33e-01   1.23e+00   0.00e+00 (  1.44e+02,  1.90e+02)
30      0.116   2.45e-01   3.59e-01   1.40e-01   1.35e+00   0.00e+00 (  1.49e+02,  2.10e+02)
35      0.118   2.70e-01   4.30e-01   1.51e-01   1.49e+00   0.00e+00 (  1.48e+02,  2.19e+02)
40      0.137   3.02e-01   5.61e-01   1.87e-01   1.85e+00   0.00e+00 (  1.42e+02,  2.22e+02)
45      0.156   3.47e-01   7.01e-01   2.86e-01   2.24e+00   0.00e+00 (  1.34e+02,  2.19e+02)
50      0.168   3.80e-01   8.07e-01   3.64e-01   2.53e+00   0.00e+00 (  1.23e+02,  2.12e+02)
55      0.182   4.15e-01   8.98e-01   4.82e-01   2.87e+00   0.00e+00 (  1.13e+02,  2.02e+02)
60      0.195   4.45e-01   9.62e-01   5.96e-01   3.16e+00   0.00e+00 (  1.03e+02,  1.90e+02)
65      0.204   4.69e-01   1.00e+00   7.00e-01   3.42e+00   0.00e+00 (  9.41e+01,  1.78e+02)
70      0.205   4.85e-01   1.01e+00   7.62e-01   3.52e+00   0.00e+00 (  8.75e+01,  1.66e+02)
75      0.193   4.81e-01   9.80e-01   7.77e-01   3.38e+00   0.00e+00 (  8.18e+01,  1.55e+02)
80      0.169   4.42e-01   8.94e-01   7.32e-01   3.07e+00   0.00e+00 (  7.63e+01,  1.45e+02)
85      0.124   3.65e-01   6.89e-01   5.83e-01   2.51e+00   0.00e+00 (  7.62e+01,  1.37e+02)
90      0.025   1.29e-01   2.23e-01   1.90e-01   7.43e-01   0.00e+00 (  2.40e+01,  1.30e+02)
95      0.007   3.25e-02   4.79e-02   4.26e-02   3.18e-01   0.00e+00 (  2.79e+00,  1.23e+02)
26 e: 7.187e-06 i: 2.972e-05 :: e: 4.427e-02 i: 2.884e-02 :: n: 2.763e+01 e:20.148 i:22.969 v:4.993e+03
>>> tau_he = 5.000000, nhe(0)=2.934932e+00
 5     -0.022   9.51e-03   2.54e-01   7.03e-03  -1.18e-01   0.00e+00 (  5.52e+00,  4.80e+01)
10     -0.060   7.47e-02   3.95e-02  -2.71e-02  -4.05e-01   0.00e+00 (  5.23e+01,  9.51e+01)
15      0.045   2.15e-01   2.67e-01   3.24e-02   3.68e-01   0.00e+00 (  1.33e+02,  1.34e+02)
20      0.092   1.98e-01   2.59e-01   8.78e-02   8.69e-01   0.00e+00 (  1.27e+02,  1.64e+02)
25      0.115   2.26e-01   3.02e-01   1.33e-01   1.22e+00   0.00e+00 (  1.44e+02,  1.90e+02)
30      0.115   2.44e-01   3.58e-01   1.40e-01   1.35e+00   0.00e+00 (  1.48e+02,  2.10e+02)
35      0.117   2.70e-01   4.29e-01   1.50e-01   1.48e+00   0.00e+00 (  1.48e+02,  2.19e+02)
40      0.136   3.02e-01   5.59e-01   1.86e-01   1.84e+00   0.00e+00 (  1.41e+02,  2.22e+02)
45      0.155   3.46e-01   6.98e-01   2.84e-01   2.23e+00   0.00e+00 (  1.34e+02,  2.19e+02)
50      0.168   3.79e-01   8.05e-01   3.63e-01   2.53e+00   0.00e+00 (  1.23e+02,  2.12e+02)
55      0.182   4.14e-01   8.96e-01   4.81e-01   2.86e+00   0.00e+00 (  1.13e+02,  2.02e+02)
60      0.194   4.45e-01   9.60e-01   5.95e-01   3.16e+00   0.00e+00 (  1.03e+02,  1.90e+02)
65      0.204   4.68e-01   1.00e+00   6.98e-01   3.41e+00   0.00e+00 (  9.41e+01,  1.78e+02)
70      0.205   4.85e-01   1.01e+00   7.61e-01   3.51e+00   0.00e+00 (  8.74e+01,  1.66e+02)
75      0.193   4.80e-01   9.78e-01   7.75e-01   3.38e+00   0.00e+00 (  8.17e+01,  1.55e+02)
80      0.169   4.41e-01   8.92e-01   7.31e-01   3.07e+00   0.00e+00 (  7.61e+01,  1.45e+02)
85      0.124   3.64e-01   6.87e-01   5.81e-01   2.51e+00   0.00e+00 (  7.58e+01,  1.37e+02)
90      0.025   1.29e-01   2.23e-01   1.90e-01   7.48e-01   0.00e+00 (  2.39e+01,  1.30e+02)
95      0.007   3.25e-02   4.79e-02   4.26e-02   3.18e-01   0.00e+00 (  2.79e+00,  1.23e+02)
27 e: 5.491e-06 i: 2.267e-05 :: e: 4.095e-02 i: 2.758e-02 :: n: 2.763e+01 e:20.150 i:22.918 v:4.993e+03
>>> tau_he = 5.000000, nhe(0)=2.930177e+00
 5     -0.022   9.45e-03   2.53e-01   7.01e-03  -1.17e-01   0.00e+00 (  5.47e+00,  4.80e+01)
10     -0.059   7.44e-02   3.95e-02  -2.72e-02  -4.00e-01   0.00e+00 (  5.20e+01,  9.51e+01)
15     -0.006   1.15e-01   9.89e-02  -4.02e-02  -5.03e-02   0.00e+00 (  7.04e+01,  1.34e+02)
20      0.045   1.20e-01   1.26e-01  -1.25e-03   4.25e-01   0.00e+00 (  7.70e+01,  1.64e+02)
25      0.115   2.27e-01   3.02e-01   1.33e-01   1.22e+00   0.00e+00 (  1.45e+02,  1.90e+02)
30      0.115   2.44e-01   3.59e-01   1.40e-01   1.34e+00   0.00e+00 (  1.49e+02,  2.10e+02)
35      0.117   2.70e-01   4.30e-01   1.50e-01   1.48e+00   0.00e+00 (  1.48e+02,  2.19e+02)
40      0.136   3.02e-01   5.60e-01   1.86e-01   1.84e+00   0.00e+00 (  1.42e+02,  2.22e+02)
45      0.156   3.47e-01   6.99e-01   2.85e-01   2.23e+00   0.00e+00 (  1.34e+02,  2.19e+02)
50      0.168   3.80e-01   8.07e-01   3.64e-01   2.53e+00   0.00e+00 (  1.23e+02,  2.12e+02)
55      0.183   4.16e-01   8.99e-01   4.83e-01   2.87e+00   0.00e+00 (  1.13e+02,  2.02e+02)
60      0.195   4.46e-01   9.63e-01   5.97e-01   3.17e+00   0.00e+00 (  1.03e+02,  1.90e+02)
65      0.204   4.69e-01   1.00e+00   7.00e-01   3.42e+00   0.00e+00 (  9.46e+01,  1.78e+02)
70      0.205   4.86e-01   1.01e+00   7.63e-01   3.52e+00   0.00e+00 (  8.79e+01,  1.66e+02)
75      0.193   4.81e-01   9.81e-01   7.78e-01   3.38e+00   0.00e+00 (  8.20e+01,  1.55e+02)
80      0.169   4.41e-01   8.93e-01   7.32e-01   3.07e+00   0.00e+00 (  7.63e+01,  1.45e+02)
85      0.123   3.64e-01   6.87e-01   5.81e-01   2.51e+00   0.00e+00 (  7.58e+01,  1.37e+02)
90      0.025   1.29e-01   2.23e-01   1.90e-01   7.47e-01   0.00e+00 (  2.39e+01,  1.30e+02)
95      0.007   3.25e-02   4.79e-02   4.26e-02   3.18e-01   0.00e+00 (  2.79e+00,  1.23e+02)
28 e: 7.224e-05 i: 2.753e-04 :: e: 5.700e-02 i: 4.076e-02 :: n: 2.763e+01 e:20.213 i:23.027 v:4.993e+03
>>> tau_he = 5.000000, nhe(0)=2.940404e+00
 5     -0.022   9.48e-03   2.56e-01   7.03e-03  -1.16e-01   0.00e+00 (  5.47e+00,  4.80e+01)
10     -0.060   7.46e-02   3.86e-02  -2.67e-02  -4.05e-01   0.00e+00 (  5.22e+01,  9.51e+01)
15      0.046   2.20e-01   2.75e-01   3.38e-02   3.71e-01   0.00e+00 (  1.38e+02,  1.34e+02)
20      0.100   2.02e-01   2.67e-01   8.83e-02   9.41e-01   0.00e+00 (  1.32e+02,  1.64e+02)
25      0.115   2.27e-01   3.03e-01   1.34e-01   1.22e+00   0.00e+00 (  1.45e+02,  1.90e+02)
30      0.114   2.44e-01   3.58e-01   1.39e-01   1.33e+00   0.00e+00 (  1.48e+02,  2.10e+02)
35      0.116   2.70e-01   4.28e-01   1.49e-01   1.47e+00   0.00e+00 (  1.48e+02,  2.19e+02)
40      0.135   3.01e-01   5.57e-01   1.85e-01   1.83e+00   0.00e+00 (  1.41e+02,  2.22e+02)
45      0.155   3.46e-01   6.97e-01   2.84e-01   2.22e+00   0.00e+00 (  1.34e+02,  2.19e+02)
50      0.167   3.79e-01   8.05e-01   3.63e-01   2.53e+00   0.00e+00 (  1.23e+02,  2.12e+02)
55      0.182   4.15e-01   8.97e-01   4.81e-01   2.86e+00   0.00e+00 (  1.13e+02,  2.02e+02)
60      0.194   4.46e-01   9.62e-01   5.96e-01   3.16e+00   0.00e+00 (  1.03e+02,  1.90e+02)
65      0.204   4.69e-01   1.00e+00   7.00e-01   3.41e+00   0.00e+00 (  9.48e+01,  1.78e+02)
70      0.206   4.86e-01   1.01e+00   7.63e-01   3.52e+00   0.00e+00 (  8.81e+01,  1.66e+02)
75      0.194   4.81e-01   9.81e-01   7.78e-01   3.39e+00   0.00e+00 (  8.22e+01,  1.55e+02)
80      0.169   4.41e-01   8.93e-01   7.32e-01   3.07e+00   0.00e+00 (  7.64e+01,  1.45e+02)
85      0.123   3.64e-01   6.86e-01   5.80e-01   2.51e+00   0.00e+00 (  7.57e+01,  1.37e+02)
90      0.025   1.29e-01   2.23e-01   1.90e-01   7.50e-01   0.00e+00 (  2.39e+01,  1.30e+02)
95      0.007   3.25e-02   4.79e-02   4.26e-02   3.18e-01   0.00e+00 (  2.79e+00,  1.23e+02)
29 e: 6.849e-06 i: 2.869e-05 :: e: 3.416e-02 i: 2.478e-02 :: n: 2.763e+01 e:20.253 i:23.019 v:4.993e+03
>>> tau_he = 5.000000, nhe(0)=2.939604e+00
 5     -0.022   9.53e-03   2.56e-01   7.06e-03  -1.17e-01   0.00e+00 (  5.52e+00,  4.80e+01)
10     -0.060   7.49e-02   3.93e-02  -2.71e-02  -4.10e-01   0.00e+00 (  5.26e+01,  9.51e+01)
15      0.045   2.19e-01   2.73e-01   3.50e-02   3.65e-01   0.00e+00 (  1.37e+02,  1.34e+02)
20      0.097   2.02e-01   2.66e-01   9.38e-02   9.07e-01   0.00e+00 (  1.33e+02,  1.64e+02)
25      0.115   2.28e-01   3.03e-01   1.34e-01   1.22e+00   0.00e+00 (  1.46e+02,  1.90e+02)
30      0.115   2.44e-01   3.58e-01   1.39e-01   1.34e+00   0.00e+00 (  1.49e+02,  2.10e+02)
35      0.117   2.70e-01   4.29e-01   1.49e-01   1.47e+00   0.00e+00 (  1.48e+02,  2.19e+02)
40      0.135   3.02e-01   5.58e-01   1.85e-01   1.83e+00   0.00e+00 (  1.42e+02,  2.22e+02)
45      0.155   3.47e-01   6.98e-01   2.84e-01   2.23e+00   0.00e+00 (  1.35e+02,  2.19e+02)
50      0.168   3.80e-01   8.07e-01   3.63e-01   2.53e+00   0.00e+00 (  1.24e+02,  2.12e+02)
55      0.183   4.16e-01   8.99e-01   4.83e-01   2.87e+00   0.00e+00 (  1.14e+02,  2.02e+02)
60      0.195   4.47e-01   9.65e-01   5.97e-01   3.17e+00   0.00e+00 (  1.04e+02,  1.90e+02)
65      0.205   4.71e-01   1.01e+00   7.02e-01   3.42e+00   0.00e+00 (  9.52e+01,  1.78e+02)
70      0.206   4.87e-01   1.02e+00   7.65e-01   3.53e+00   0.00e+00 (  8.85e+01,  1.66e+02)
75      0.194   4.83e-01   9.84e-01   7.80e-01   3.40e+00   0.00e+00 (  8.26e+01,  1.55e+02)
80      0.170   4.42e-01   8.94e-01   7.33e-01   3.08e+00   0.00e+00 (  7.67e+01,  1.45e+02)
85      0.124   3.64e-01   6.87e-01   5.81e-01   2.51e+00   0.00e+00 (  7.58e+01,  1.37e+02)
90      0.025   1.29e-01   2.23e-01   1.90e-01   7.49e-01   0.00e+00 (  2.39e+01,  1.30e+02)
95      0.007   3.25e-02   4.79e-02   4.26e-02   3.18e-01   0.00e+00 (  2.79e+00,  1.23e+02)
30 e: 9.216e-06 i: 3.016e-05 :: e: 2.925e-02 i: 2.078e-02 :: n: 2.763e+01 e:20.251 i:22.998 v:4.993e+03
>>> tau_he = 5.000000, nhe(0)=2.937649e+00
 5     -0.022   9.50e-03   2.55e-01   7.05e-03  -1.17e-01   0.00e+00 (  5.49e+00,  4.80e+01)
10     -0.060   7.48e-02   3.94e-02  -2.72e-02  -4.05e-01   0.00e+00 (  5.24e+01,  9.51e+01)
15      0.045   2.18e-01   2.70e-01   3.35e-02   3.64e-01   0.00e+00 (  1.35e+02,  1.34e+02)
20      0.096   2.01e-01   2.64e-01   9.21e-02   9.00e-01   0.00e+00 (  1.32e+02,  1.64e+02)
25      0.115   2.28e-01   3.03e-01   1.34e-01   1.22e+00   0.00e+00 (  1.47e+02,  1.90e+02)
30      0.115   2.45e-01   3.58e-01   1.39e-01   1.34e+00   0.00e+00 (  1.50e+02,  2.10e+02)
35      0.117   2.70e-01   4.29e-01   1.49e-01   1.47e+00   0.00e+00 (  1.49e+02,  2.19e+02)
40      0.135   3.02e-01   5.57e-01   1.84e-01   1.83e+00   0.00e+00 (  1.42e+02,  2.22e+02)
45      0.155   3.47e-01   6.98e-01   2.84e-01   2.23e+00   0.00e+00 (  1.35e+02,  2.19e+02)
50      0.168   3.81e-01   8.07e-01   3.63e-01   2.53e+00   0.00e+00 (  1.24e+02,  2.12e+02)
55      0.183   4.17e-01   9.00e-01   4.83e-01   2.88e+00   0.00e+00 (  1.14e+02,  2.02e+02)
60      0.195   4.48e-01   9.66e-01   5.98e-01   3.18e+00   0.00e+00 (  1.04e+02,  1.90e+02)
65      0.205   4.72e-01   1.01e+00   7.02e-01   3.43e+00   0.00e+00 (  9.57e+01,  1.78e+02)
70      0.206   4.88e-01   1.02e+00   7.66e-01   3.54e+00   0.00e+00 (  8.89e+01,  1.66e+02)
75      0.195   4.84e-01   9.86e-01   7.81e-01   3.41e+00   0.00e+00 (  8.29e+01,  1.55e+02)
80      0.170   4.43e-01   8.96e-01   7.34e-01   3.08e+00   0.00e+00 (  7.69e+01,  1.45e+02)
85      0.124   3.64e-01   6.87e-01   5.81e-01   2.52e+00   0.00e+00 (  7.60e+01,  1.37e+02)
90      0.025   1.29e-01   2.23e-01   1.90e-01   7.50e-01   0.00e+00 (  2.39e+01,  1.30e+02)
95      0.007   3.25e-02   4.79e-02   4.26e-02   3.18e-01   0.00e+00 (  2.79e+00,  1.23e+02)
31 e: 8.458e-06 i: 2.396e-05 :: e: 2.494e-02 i: 1.786e-02 :: n: 2.763e+01 e:20.255 i:22.969 v:4.993e+03
>>> tau_he = 5.000000, nhe(0)=2.934976e+00
 5     -0.022   9.46e-03   2.54e-01   7.04e-03  -1.16e-01   0.00e+00 (  5.46e+00,  4.80e+01)
10     -0.059   7.47e-02   3.95e-02  -2.73e-02  -4.00e-01   0.00e+00 (  5.22e+01,  9.51e+01)
15     -0.006   1.16e-01   9.18e-02  -1.95e-02  -4.96e-02   0.00e+00 (  7.12e+01,  1.34e+02)
20      0.093   2.01e-01   2.63e-01   9.09e-02   8.74e-01   0.00e+00 (  1.31e+02,  1.64e+02)
25      0.115   2.28e-01   3.04e-01   1.34e-01   1.22e+00   0.00e+00 (  1.47e+02,  1.90e+02)
30      0.115   2.45e-01   3.59e-01   1.39e-01   1.34e+00   0.00e+00 (  1.51e+02,  2.10e+02)
35      0.117   2.71e-01   4.29e-01   1.49e-01   1.48e+00   0.00e+00 (  1.49e+02,  2.19e+02)
40      0.135   3.03e-01   5.57e-01   1.84e-01   1.83e+00   0.00e+00 (  1.42e+02,  2.22e+02)
45      0.155   3.48e-01   6.99e-01   2.84e-01   2.23e+00   0.00e+00 (  1.36e+02,  2.19e+02)
50      0.168   3.82e-01   8.09e-01   3.64e-01   2.54e+00   0.00e+00 (  1.25e+02,  2.12e+02)
55      0.184   4.19e-01   9.03e-01   4.84e-01   2.88e+00   0.00e+00 (  1.15e+02,  2.02e+02)
60      0.196   4.50e-01   9.69e-01   5.99e-01   3.18e+00   0.00e+00 (  1.05e+02,  1.90e+02)
65      0.205   4.73e-01   1.01e+00   7.04e-01   3.44e+00   0.00e+00 (  9.63e+01,  1.78e+02)
70      0.207   4.90e-01   1.02e+00   7.69e-01   3.55e+00   0.00e+00 (  8.95e+01,  1.66e+02)
75      0.195   4.85e-01   9.89e-01   7.84e-01   3.42e+00   0.00e+00 (  8.34e+01,  1.55e+02)
80      0.171   4.44e-01   8.98e-01   7.36e-01   3.09e+00   0.00e+00 (  7.73e+01,  1.45e+02)
85      0.124   3.65e-01   6.88e-01   5.82e-01   2.52e+00   0.00e+00 (  7.62e+01,  1.37e+02)
90      0.025   1.29e-01   2.23e-01   1.90e-01   7.49e-01   0.00e+00 (  2.39e+01,  1.30e+02)
95      0.007   3.25e-02   4.79e-02   4.26e-02   3.18e-01   0.00e+00 (  2.79e+00,  1.23e+02)
32 e: 4.524e-05 i: 1.981e-04 :: e: 2.998e-02 i: 2.273e-02 :: n: 2.763e+01 e:20.305 i:23.043 v:4.993e+03
>>> tau_he = 5.000000, nhe(0)=2.941908e+00
 5     -0.022   9.49e-03   2.56e-01   7.05e-03  -1.16e-01   0.00e+00 (  5.47e+00,  4.80e+01)
10     -0.060   7.49e-02   3.90e-02  -2.70e-02  -4.07e-01   0.00e+00 (  5.25e+01,  9.51e+01)
15      0.046   2.22e-01   2.77e-01   3.48e-02   3.73e-01   0.00e+00 (  1.39e+02,  1.34e+02)
20      0.093   2.01e-01   2.64e-01   9.15e-02   8.76e-01   0.00e+00 (  1.32e+02,  1.64e+02)
25      0.115   2.28e-01   3.03e-01   1.33e-01   1.21e+00   0.00e+00 (  1.47e+02,  1.90e+02)
30      0.114   2.46e-01   3.59e-01   1.39e-01   1.33e+00   0.00e+00 (  1.51e+02,  2.10e+02)
35      0.116   2.71e-01   4.28e-01   1.53e-01   1.47e+00   0.00e+00 (  1.49e+02,  2.19e+02)
40      0.135   3.03e-01   5.57e-01   1.83e-01   1.82e+00   0.00e+00 (  1.43e+02,  2.22e+02)
45      0.155   3.49e-01   6.98e-01   2.84e-01   2.23e+00   0.00e+00 (  1.36e+02,  2.19e+02)
50      0.168   3.83e-01   8.09e-01   3.64e-01   2.54e+00   0.00e+00 (  1.25e+02,  2.12e+02)
55      0.184   4.19e-01   9.04e-01   4.84e-01   2.89e+00   0.00e+00 (  1.15e+02,  2.02e+02)
60      0.196   4.51e-01   9.70e-01   6.00e-01   3.19e+00   0.00e+00 (  1.05e+02,  1.90e+02)
65      0.206   4.74e-01   1.01e+00   7.06e-01   3.44e+00   0.00e+00 (  9.68e+01,  1.78e+02)
70      0.207   4.91e-01   1.03e+00   7.70e-01   3.55e+00   0.00e+00 (  9.00e+01,  1.66e+02)
75      0.196   4.87e-01   9.92e-01   7.86e-01   3.43e+00   0.00e+00 (  8.39e+01,  1.55e+02)
80      0.171   4.45e-01   9.00e-01   7.38e-01   3.10e+00   0.00e+00 (  7.77e+01,  1.45e+02)
85      0.124   3.66e-01   6.89e-01   5.83e-01   2.53e+00   0.00e+00 (  7.65e+01,  1.37e+02)
90      0.025   1.29e-01   2.23e-01   1.90e-01   7.49e-01   0.00e+00 (  2.39e+01,  1.30e+02)
95      0.007   3.25e-02   4.79e-02   4.26e-02   3.18e-01   0.00e+00 (  2.79e+00,  1.23e+02)
33 e: 7.092e-06 i: 3.036e-05 :: e: 1.931e-02 i: 1.384e-02 :: n: 2.763e+01 e:20.328 i:23.037 v:4.993e+03
>>> tau_he = 5.000000, nhe(0)=2.941290e+00
 5     -0.022   9.52e-03   2.56e-01   7.07e-03  -1.17e-01   0.00e+00 (  5.50e+00,  4.80e+01)
10     -0.060   7.51e-02   3.95e-02  -2.73e-02  -4.09e-01   0.00e+00 (  5.28e+01,  9.51e+01)
15      0.045   2.21e-01   2.74e-01   3.53e-02   3.68e-01   0.00e+00 (  1.38e+02,  1.34e+02)
20      0.093   2.01e-01   2.63e-01   9.06e-02   8.71e-01   0.00e+00 (  1.31e+02,  1.64e+02)
25      0.115   2.29e-01   3.04e-01   1.33e-01   1.21e+00   0.00e+00 (  1.48e+02,  1.90e+02)
30      0.115   2.46e-01   3.59e-01   1.39e-01   1.34e+00   0.00e+00 (  1.51e+02,  2.10e+02)
35      0.116   2.72e-01   4.28e-01   1.53e-01   1.47e+00   0.00e+00 (  1.50e+02,  2.19e+02)
40      0.135   3.03e-01   5.57e-01   1.83e-01   1.83e+00   0.00e+00 (  1.43e+02,  2.22e+02)
45      0.155   3.49e-01   6.99e-01   2.84e-01   2.23e+00   0.00e+00 (  1.36e+02,  2.19e+02)
50      0.169   3.83e-01   8.10e-01   3.64e-01   2.55e+00   0.00e+00 (  1.25e+02,  2.12e+02)
55      0.184   4.20e-01   9.05e-01   4.85e-01   2.89e+00   0.00e+00 (  1.16e+02,  2.02e+02)
60      0.196   4.52e-01   9.73e-01   6.01e-01   3.20e+00   0.00e+00 (  1.06e+02,  1.90e+02)
65      0.206   4.76e-01   1.02e+00   7.07e-01   3.45e+00   0.00e+00 (  9.74e+01,  1.78e+02)
70      0.208   4.93e-01   1.03e+00   7.72e-01   3.56e+00   0.00e+00 (  9.05e+01,  1.66e+02)
75      0.196   4.88e-01   9.95e-01   7.88e-01   3.44e+00   0.00e+00 (  8.44e+01,  1.55e+02)
80      0.172   4.47e-01   9.03e-01   7.40e-01   3.11e+00   0.00e+00 (  7.82e+01,  1.45e+02)
85      0.125   3.66e-01   6.91e-01   5.84e-01   2.54e+00   0.00e+00 (  7.68e+01,  1.37e+02)
90      0.025   1.29e-01   2.23e-01   1.90e-01   7.48e-01   0.00e+00 (  2.40e+01,  1.30e+02)
95      0.007   3.25e-02   4.79e-02   4.26e-02   3.18e-01   0.00e+00 (  2.79e+00,  1.23e+02)
34 e: 9.881e-06 i: 2.816e-05 :: e: 1.553e-02 i: 1.094e-02 :: n: 2.763e+01 e:20.330 i:23.019 v:4.993e+03
>>> tau_he = 5.000000, nhe(0)=2.939625e+00
 5     -0.022   9.50e-03   2.55e-01   7.06e-03  -1.16e-01   0.00e+00 (  5.48e+00,  4.80e+01)
10     -0.059   7.50e-02   3.96e-02  -2.74e-02  -4.03e-01   0.00e+00 (  5.25e+01,  9.51e+01)
15     -0.008   1.17e-01   1.01e-01  -4.42e-02  -6.12e-02   0.00e+00 (  7.28e+01,  1.34e+02)
20      0.045   1.22e-01   1.27e-01  -2.22e-03   4.19e-01   0.00e+00 (  7.91e+01,  1.64e+02)
25      0.115   2.29e-01   3.04e-01   1.33e-01   1.21e+00   0.00e+00 (  1.48e+02,  1.90e+02)
30      0.115   2.48e-01   3.59e-01   1.39e-01   1.34e+00   0.00e+00 (  1.53e+02,  2.10e+02)
35      0.116   2.72e-01   4.28e-01   1.53e-01   1.47e+00   0.00e+00 (  1.50e+02,  2.19e+02)
40      0.135   3.04e-01   5.57e-01   1.82e-01   1.83e+00   0.00e+00 (  1.43e+02,  2.22e+02)
45      0.156   3.50e-01   6.99e-01   2.84e-01   2.23e+00   0.00e+00 (  1.37e+02,  2.19e+02)
50      0.169   3.84e-01   8.11e-01   3.64e-01   2.55e+00   0.00e+00 (  1.26e+02,  2.12e+02)
55      0.184   4.22e-01   9.07e-01   4.86e-01   2.90e+00   0.00e+00 (  1.16e+02,  2.02e+02)
60      0.197   4.53e-01   9.75e-01   6.02e-01   3.20e+00   0.00e+00 (  1.07e+02,  1.90e+02)
65      0.207   4.77e-01   1.02e+00   7.09e-01   3.46e+00   0.00e+00 (  9.79e+01,  1.78e+02)
70      0.209   4.94e-01   1.03e+00   7.74e-01   3.57e+00   0.00e+00 (  9.11e+01,  1.66e+02)
75      0.197   4.90e-01   9.98e-01   7.91e-01   3.45e+00   0.00e+00 (  8.49e+01,  1.55e+02)
80      0.172   4.48e-01   9.06e-01   7.42e-01   3.12e+00   0.00e+00 (  7.86e+01,  1.45e+02)
85      0.125   3.67e-01   6.92e-01   5.85e-01   2.55e+00   0.00e+00 (  7.72e+01,  1.37e+02)
90      0.025   1.29e-01   2.23e-01   1.90e-01   7.47e-01   0.00e+00 (  2.40e+01,  1.30e+02)
95      0.007   3.25e-02   4.79e-02   4.26e-02   3.18e-01   0.00e+00 (  2.79e+00,  1.23e+02)
35 e: 7.149e-05 i: 2.715e-04 :: e: 2.969e-02 i: 2.348e-02 :: n: 2.763e+01 e:20.409 i:23.142 v:4.993e+03
>>> tau_he = 5.000000, nhe(0)=2.951007e+00
 5     -0.022   9.55e-03   2.59e-01   7.09e-03  -1.16e-01   0.00e+00 (  5.50e+00,  4.80e+01)
10     -0.060   7.53e-02   3.88e-02  -2.69e-02  -4.08e-01   0.00e+00 (  5.29e+01,  9.51e+01)
15      0.046   2.26e-01   2.82e-01   3.64e-02   3.74e-01   0.00e+00 (  1.43e+02,  1.34e+02)
20      0.101   2.07e-01   2.71e-01   9.34e-02   9.54e-01   0.00e+00 (  1.37e+02,  1.64e+02)
25      0.115   2.30e-01   3.05e-01   1.34e-01   1.22e+00   0.00e+00 (  1.49e+02,  1.90e+02)
30      0.114   2.48e-01   3.59e-01   1.38e-01   1.33e+00   0.00e+00 (  1.53e+02,  2.10e+02)
35      0.116   2.72e-01   4.28e-01   1.64e-01   1.47e+00   0.00e+00 (  1.51e+02,  2.19e+02)
40      0.134   3.04e-01   5.57e-01   1.82e-01   1.82e+00   0.00e+00 (  1.44e+02,  2.22e+02)
45      0.155   3.50e-01   7.00e-01   2.84e-01   2.23e+00   0.00e+00 (  1.37e+02,  2.19e+02)
50      0.169   3.85e-01   8.12e-01   3.65e-01   2.55e+00   0.00e+00 (  1.26e+02,  2.12e+02)
55      0.185   4.22e-01   9.08e-01   4.86e-01   2.90e+00   0.00e+00 (  1.17e+02,  2.02e+02)
60      0.197   4.54e-01   9.77e-01   6.03e-01   3.21e+00   0.00e+00 (  1.07e+02,  1.90e+02)
65      0.207   4.78e-01   1.02e+00   7.10e-01   3.46e+00   0.00e+00 (  9.84e+01,  1.78e+02)
70      0.209   4.96e-01   1.03e+00   7.76e-01   3.58e+00   0.00e+00 (  9.15e+01,  1.66e+02)
75      0.198   4.91e-01   1.00e+00   7.93e-01   3.46e+00   0.00e+00 (  8.53e+01,  1.55e+02)
80      0.173   4.49e-01   9.08e-01   7.44e-01   3.13e+00   0.00e+00 (  7.90e+01,  1.45e+02)
85      0.126   3.68e-01   6.94e-01   5.86e-01   2.56e+00   0.00e+00 (  7.75e+01,  1.37e+02)
90      0.025   1.29e-01   2.23e-01   1.90e-01   7.45e-01   0.00e+00 (  2.40e+01,  1.30e+02)
95      0.007   3.25e-02   4.79e-02   4.26e-02   3.18e-01   0.00e+00 (  2.79e+00,  1.23e+02)
36 e: 7.639e-06 i: 3.663e-05 :: e: 1.324e-02 i: 9.733e-03 :: n: 2.763e+01 e:20.437 i:23.147 v:4.993e+03
>>> tau_he = 5.000000, nhe(0)=2.951503e+00
 5     -0.022   9.62e-03   2.59e-01   7.12e-03  -1.17e-01   0.00e+00 (  5.57e+00,  4.80e+01)
10     -0.061   7.57e-02   3.95e-02  -2.73e-02  -4.13e-01   0.00e+00 (  5.33e+01,  9.51e+01)
15      0.045   2.25e-01   2.79e-01   3.67e-02   3.66e-01   0.00e+00 (  1.41e+02,  1.34e+02)
20      0.097   2.06e-01   2.70e-01   9.52e-02   9.11e-01   0.00e+00 (  1.37e+02,  1.64e+02)
25      0.115   2.31e-01   3.05e-01   1.34e-01   1.22e+00   0.00e+00 (  1.50e+02,  1.90e+02)
30      0.114   2.49e-01   3.59e-01   1.38e-01   1.33e+00   0.00e+00 (  1.54e+02,  2.10e+02)
35      0.116   2.73e-01   4.28e-01   1.64e-01   1.47e+00   0.00e+00 (  1.51e+02,  2.19e+02)
40      0.135   3.04e-01   5.56e-01   1.81e-01   1.82e+00   0.00e+00 (  1.44e+02,  2.22e+02)
45      0.156   3.51e-01   6.99e-01   2.83e-01   2.23e+00   0.00e+00 (  1.38e+02,  2.19e+02)
50      0.169   3.85e-01   8.12e-01   3.64e-01   2.55e+00   0.00e+00 (  1.27e+02,  2.12e+02)
55      0.185   4.23e-01   9.09e-01   4.86e-01   2.91e+00   0.00e+00 (  1.17e+02,  2.02e+02)
60      0.197   4.55e-01   9.78e-01   6.04e-01   3.21e+00   0.00e+00 (  1.07e+02,  1.90e+02)
65      0.207   4.79e-01   1.02e+00   7.11e-01   3.47e+00   0.00e+00 (  9.88e+01,  1.78e+02)
70      0.210   4.97e-01   1.04e+00   7.78e-01   3.59e+00   0.00e+00 (  9.19e+01,  1.66e+02)
75      0.198   4.93e-01   1.00e+00   7.95e-01   3.47e+00   0.00e+00 (  8.57e+01,  1.55e+02)
80      0.173   4.51e-01   9.10e-01   7.46e-01   3.14e+00   0.00e+00 (  7.93e+01,  1.45e+02)
85      0.126   3.69e-01   6.95e-01   5.87e-01   2.56e+00   0.00e+00 (  7.78e+01,  1.37e+02)
90      0.025   1.29e-01   2.23e-01   1.90e-01   7.45e-01   0.00e+00 (  2.41e+01,  1.30e+02)
95      0.007   3.25e-02   4.79e-02   4.26e-02   3.18e-01   0.00e+00 (  2.79e+00,  1.23e+02)
37 e: 1.386e-05 i: 3.558e-05 :: e: 1.038e-02 i: 7.892e-03 :: n: 2.763e+01 e:20.436 i:23.124 v:4.993e+03
>>> tau_he = 5.000000, nhe(0)=2.949389e+00
 5     -0.022   9.60e-03   2.58e-01   7.11e-03  -1.17e-01   0.00e+00 (  5.55e+00,  4.80e+01)
10     -0.060   7.56e-02   3.97e-02  -2.75e-02  -4.07e-01   0.00e+00 (  5.31e+01,  9.51e+01)
15      0.045   2.23e-01   2.76e-01   3.49e-02   3.68e-01   0.00e+00 (  1.39e+02,  1.34e+02)
20      0.094   2.05e-01   2.69e-01   9.35e-02   8.85e-01   0.00e+00 (  1.36e+02,  1.64e+02)
25      0.115   2.31e-01   3.06e-01   1.34e-01   1.22e+00   0.00e+00 (  1.50e+02,  1.90e+02)
30      0.115   2.50e-01   3.60e-01   1.39e-01   1.34e+00   0.00e+00 (  1.54e+02,  2.10e+02)
35      0.117   2.74e-01   4.29e-01   1.64e-01   1.48e+00   0.00e+00 (  1.52e+02,  2.19e+02)
40      0.135   3.05e-01   5.57e-01   1.81e-01   1.83e+00   0.00e+00 (  1.45e+02,  2.22e+02)
45      0.156   3.52e-01   7.01e-01   2.84e-01   2.24e+00   0.00e+00 (  1.38e+02,  2.19e+02)
50      0.170   3.87e-01   8.14e-01   3.65e-01   2.56e+00   0.00e+00 (  1.27e+02,  2.12e+02)
55      0.185   4.24e-01   9.11e-01   4.87e-01   2.91e+00   0.00e+00 (  1.18e+02,  2.02e+02)
60      0.198   4.57e-01   9.81e-01   6.05e-01   3.22e+00   0.00e+00 (  1.08e+02,  1.90e+02)
65      0.208   4.81e-01   1.03e+00   7.13e-01   3.48e+00   0.00e+00 (  9.94e+01,  1.78e+02)
70      0.210   4.99e-01   1.04e+00   7.80e-01   3.60e+00   0.00e+00 (  9.24e+01,  1.66e+02)
75      0.199   4.94e-01   1.01e+00   7.97e-01   3.48e+00   0.00e+00 (  8.62e+01,  1.55e+02)
80      0.174   4.52e-01   9.13e-01   7.48e-01   3.15e+00   0.00e+00 (  7.98e+01,  1.45e+02)
85      0.126   3.70e-01   6.97e-01   5.89e-01   2.56e+00   0.00e+00 (  7.83e+01,  1.37e+02)
90      0.025   1.29e-01   2.23e-01   1.90e-01   7.43e-01   0.00e+00 (  2.41e+01,  1.30e+02)
95      0.007   3.25e-02   4.79e-02   4.26e-02   3.18e-01   0.00e+00 (  2.79e+00,  1.23e+02)
38 e: 9.913e-06 i: 2.842e-05 :: e: 7.141e-03 i: 6.509e-03 :: n: 2.763e+01 e:20.423 i:23.098 v:4.993e+03
>>> tau_he = 5.000000, nhe(0)=2.946981e+00
 5     -0.022   9.56e-03   2.57e-01   7.10e-03  -1.17e-01   0.00e+00 (  5.52e+00,  4.80e+01)
10     -0.059   7.54e-02   3.97e-02  -2.76e-02  -4.01e-01   0.00e+00 (  5.28e+01,  9.51e+01)
15     -0.009   1.15e-01   9.22e-02  -2.08e-02  -7.62e-02   0.00e+00 (  7.10e+01,  1.34e+02)
20      0.093   2.04e-01   2.66e-01   9.15e-02   8.78e-01   0.00e+00 (  1.34e+02,  1.64e+02)
25      0.115   2.31e-01   3.06e-01   1.33e-01   1.22e+00   0.00e+00 (  1.50e+02,  1.90e+02)
30      0.115   2.50e-01   3.60e-01   1.39e-01   1.34e+00   0.00e+00 (  1.55e+02,  2.10e+02)
35      0.117   2.74e-01   4.29e-01   1.64e-01   1.48e+00   0.00e+00 (  1.52e+02,  2.19e+02)
40      0.135   3.05e-01   5.57e-01   1.80e-01   1.83e+00   0.00e+00 (  1.45e+02,  2.22e+02)
45      0.156   3.52e-01   7.01e-01   2.84e-01   2.24e+00   0.00e+00 (  1.39e+02,  2.19e+02)
50      0.170   3.87e-01   8.14e-01   3.65e-01   2.56e+00   0.00e+00 (  1.28e+02,  2.12e+02)
55      0.186   4.25e-01   9.12e-01   4.88e-01   2.92e+00   0.00e+00 (  1.18e+02,  2.02e+02)
60      0.198   4.57e-01   9.82e-01   6.06e-01   3.22e+00   0.00e+00 (  1.08e+02,  1.90e+02)
65      0.207   4.84e-01   1.03e+00   7.09e-01   3.46e+00   0.00e+00 (  1.00e+02,  1.78e+02)
70      0.211   5.00e-01   1.04e+00   7.81e-01   3.61e+00   0.00e+00 (  9.28e+01,  1.66e+02)
75      0.199   4.95e-01   1.01e+00   7.99e-01   3.49e+00   0.00e+00 (  8.66e+01,  1.55e+02)
80      0.174   4.53e-01   9.15e-01   7.50e-01   3.16e+00   0.00e+00 (  8.01e+01,  1.45e+02)
85      0.127   3.71e-01   6.98e-01   5.90e-01   2.57e+00   0.00e+00 (  7.86e+01,  1.37e+02)
90      0.025   1.29e-01   2.23e-01   1.90e-01   7.43e-01   0.00e+00 (  2.41e+01,  1.30e+02)
95      0.007   3.25e-02   4.79e-02   4.26e-02   3.18e-01   0.00e+00 (  2.79e+00,  1.23e+02)
39 e: 4.767e-05 i: 2.039e-04 :: e: 1.304e-02 i: 1.321e-02 :: n: 2.763e+01 e:20.470 i:23.167 v:4.993e+03
>>> tau_he = 5.000000, nhe(0)=2.953356e+00
 5     -0.022   9.59e-03   2.60e-01   7.11e-03  -1.16e-01   0.00e+00 (  5.53e+00,  4.80e+01)
10     -0.060   7.57e-02   3.93e-02  -2.73e-02  -4.08e-01   0.00e+00 (  5.32e+01,  9.51e+01)
15      0.046   2.26e-01   2.82e-01   3.58e-02   3.77e-01   0.00e+00 (  1.43e+02,  1.34e+02)
20      0.094   2.05e-01   2.67e-01   9.22e-02   8.80e-01   0.00e+00 (  1.35e+02,  1.64e+02)
25      0.115   2.30e-01   3.05e-01   1.33e-01   1.21e+00   0.00e+00 (  1.49e+02,  1.90e+02)
30      0.115   2.50e-01   3.60e-01   1.38e-01   1.34e+00   0.00e+00 (  1.55e+02,  2.10e+02)
35      0.117   2.74e-01   4.29e-01   1.64e-01   1.48e+00   0.00e+00 (  1.52e+02,  2.19e+02)
40      0.135   3.06e-01   5.57e-01   1.80e-01   1.83e+00   0.00e+00 (  1.45e+02,  2.22e+02)
45      0.156   3.53e-01   7.02e-01   2.84e-01   2.24e+00   0.00e+00 (  1.39e+02,  2.19e+02)
50      0.170   3.88e-01   8.16e-01   3.66e-01   2.56e+00   0.00e+00 (  1.28e+02,  2.12e+02)
55      0.186   4.26e-01   9.14e-01   4.88e-01   2.92e+00   0.00e+00 (  1.18e+02,  2.02e+02)
60      0.199   4.59e-01   9.84e-01   6.07e-01   3.23e+00   0.00e+00 (  1.09e+02,  1.90e+02)
65      0.207   4.86e-01   1.03e+00   7.10e-01   3.47e+00   0.00e+00 (  1.01e+02,  1.78e+02)
70      0.211   5.01e-01   1.04e+00   7.83e-01   3.62e+00   0.00e+00 (  9.33e+01,  1.66e+02)
75      0.200   4.97e-01   1.01e+00   8.01e-01   3.50e+00   0.00e+00 (  8.70e+01,  1.55e+02)
80      0.175   4.54e-01   9.18e-01   7.52e-01   3.16e+00   0.00e+00 (  8.05e+01,  1.45e+02)
85      0.127   3.72e-01   7.00e-01   5.91e-01   2.58e+00   0.00e+00 (  7.89e+01,  1.37e+02)
90      0.025   1.29e-01   2.23e-01   1.90e-01   7.41e-01   0.00e+00 (  2.42e+01,  1.30e+02)
95      0.007   3.25e-02   4.79e-02   4.26e-02   3.18e-01   0.00e+00 (  2.79e+00,  1.23e+02)
40 e: 6.606e-06 i: 3.268e-05 :: e: 6.631e-03 i: 7.652e-03 :: n: 2.763e+01 e:20.475 i:23.157 v:4.993e+03
>>> tau_he = 5.000000, nhe(0)=2.952398e+00
 5     -0.022   9.63e-03   2.59e-01   7.13e-03  -1.17e-01   0.00e+00 (  5.56e+00,  4.80e+01)
10     -0.060   7.58e-02   3.97e-02  -2.75e-02  -4.09e-01   0.00e+00 (  5.33e+01,  9.51e+01)
15      0.046   2.25e-01   2.79e-01   3.58e-02   3.72e-01   0.00e+00 (  1.41e+02,  1.34e+02)
20      0.045   1.23e-01   1.28e-01  -3.39e-03   4.19e-01   0.00e+00 (  8.08e+01,  1.64e+02)
25      0.115   2.31e-01   3.05e-01   1.33e-01   1.21e+00   0.00e+00 (  1.50e+02,  1.90e+02)
30      0.115   2.50e-01   3.60e-01   1.38e-01   1.34e+00   0.00e+00 (  1.55e+02,  2.10e+02)
35      0.117   2.75e-01   4.29e-01   1.64e-01   1.48e+00   0.00e+00 (  1.52e+02,  2.19e+02)
40      0.135   3.06e-01   5.57e-01   1.80e-01   1.83e+00   0.00e+00 (  1.46e+02,  2.22e+02)
45      0.156   3.53e-01   7.01e-01   2.84e-01   2.24e+00   0.00e+00 (  1.39e+02,  2.19e+02)
50      0.170   3.88e-01   8.15e-01   3.65e-01   2.57e+00   0.00e+00 (  1.28e+02,  2.12e+02)
55      0.186   4.26e-01   9.14e-01   4.88e-01   2.92e+00   0.00e+00 (  1.19e+02,  2.02e+02)
60      0.199   4.59e-01   9.84e-01   6.07e-01   3.23e+00   0.00e+00 (  1.09e+02,  1.90e+02)
65      0.208   4.86e-01   1.03e+00   7.11e-01   3.48e+00   0.00e+00 (  1.01e+02,  1.78e+02)
70      0.211   5.02e-01   1.05e+00   7.84e-01   3.62e+00   0.00e+00 (  9.35e+01,  1.66e+02)
75      0.200   4.98e-01   1.01e+00   8.02e-01   3.50e+00   0.00e+00 (  8.72e+01,  1.55e+02)
80      0.175   4.55e-01   9.19e-01   7.53e-01   3.17e+00   0.00e+00 (  8.08e+01,  1.45e+02)
85      0.127   3.72e-01   7.01e-01   5.92e-01   2.59e+00   0.00e+00 (  7.92e+01,  1.37e+02)
90      0.025   1.29e-01   2.23e-01   1.90e-01   7.41e-01   0.00e+00 (  2.42e+01,  1.30e+02)
95      0.007   3.25e-02   4.79e-02   4.26e-02   3.18e-01   0.00e+00 (  2.79e+00,  1.23e+02)
41 e: 4.571e-05 i: 1.730e-04 :: e: 1.470e-02 i: 1.473e-02 :: n: 2.763e+01 e:20.493 i:23.179 v:4.993e+03
>>> tau_he = 5.000000, nhe(0)=2.954402e+00
 5     -0.022   9.62e-03   2.60e-01   7.13e-03  -1.17e-01   0.00e+00 (  5.55e+00,  4.80e+01)
10     -0.059   7.57e-02   3.95e-02  -2.74e-02  -4.02e-01   0.00e+00 (  5.30e+01,  9.51e+01)
15     -0.008   1.20e-01   1.02e-01  -4.53e-02  -6.56e-02   0.00e+00 (  7.45e+01,  1.34e+02)
20      0.102   2.09e-01   2.73e-01   9.59e-02   9.61e-01   0.00e+00 (  1.39e+02,  1.64e+02)
25      0.116   2.32e-01   3.07e-01   1.34e-01   1.22e+00   0.00e+00 (  1.51e+02,  1.90e+02)
30      0.115   2.51e-01   3.60e-01   1.38e-01   1.34e+00   0.00e+00 (  1.55e+02,  2.10e+02)
35      0.117   2.75e-01   4.29e-01   1.64e-01   1.48e+00   0.00e+00 (  1.53e+02,  2.19e+02)
40      0.135   3.06e-01   5.58e-01   1.80e-01   1.83e+00   0.00e+00 (  1.46e+02,  2.22e+02)
45      0.156   3.54e-01   7.03e-01   2.84e-01   2.25e+00   0.00e+00 (  1.40e+02,  2.19e+02)
50      0.170   3.89e-01   8.17e-01   3.66e-01   2.57e+00   0.00e+00 (  1.29e+02,  2.12e+02)
55      0.186   4.27e-01   9.16e-01   4.89e-01   2.93e+00   0.00e+00 (  1.19e+02,  2.02e+02)
60      0.199   4.60e-01   9.86e-01   6.08e-01   3.24e+00   0.00e+00 (  1.09e+02,  1.90e+02)
65      0.208   4.87e-01   1.03e+00   7.12e-01   3.48e+00   0.00e+00 (  1.01e+02,  1.78e+02)
70      0.212   5.03e-01   1.05e+00   7.85e-01   3.63e+00   0.00e+00 (  9.39e+01,  1.66e+02)
75      0.200   4.99e-01   1.02e+00   8.04e-01   3.51e+00   0.00e+00 (  8.76e+01,  1.55e+02)
80      0.175   4.56e-01   9.21e-01   7.55e-01   3.18e+00   0.00e+00 (  8.11e+01,  1.45e+02)
85      0.127   3.73e-01   7.02e-01   5.93e-01   2.59e+00   0.00e+00 (  7.95e+01,  1.37e+02)
90      0.025   1.29e-01   2.23e-01   1.90e-01   7.39e-01   0.00e+00 (  2.42e+01,  1.30e+02)
95      0.007   3.25e-02   4.79e-02   4.26e-02   3.18e-01   0.00e+00 (  2.79e+00,  1.23e+02)
42 e: 4.632e-05 i: 1.920e-04 :: e: 1.469e-02 i: 1.493e-02 :: n: 2.763e+01 e:20.541 i:23.255 v:4.993e+03
>>> tau_he = 5.000000, nhe(0)=2.961413e+00
 5     -0.022   9.68e-03   2.62e-01   7.15e-03  -1.17e-01   0.00e+00 (  5.59e+00,  4.80e+01)
10     -0.061   7.62e-02   3.92e-02  -2.72e-02  -4.12e-01   0.00e+00 (  5.36e+01,  9.51e+01)
15      0.046   2.29e-01   2.86e-01   3.70e-02   3.75e-01   0.00e+00 (  1.46e+02,  1.34e+02)
20      0.102   2.09e-01   2.73e-01   9.59e-02   9.58e-01   0.00e+00 (  1.39e+02,  1.64e+02)
25      0.115   2.31e-01   3.06e-01   1.34e-01   1.22e+00   0.00e+00 (  1.51e+02,  1.90e+02)
30      0.115   2.51e-01   3.60e-01   1.38e-01   1.34e+00   0.00e+00 (  1.55e+02,  2.10e+02)
35      0.117   2.75e-01   4.29e-01   1.64e-01   1.48e+00   0.00e+00 (  1.53e+02,  2.19e+02)
40      0.135   3.06e-01   5.57e-01   1.79e-01   1.83e+00   0.00e+00 (  1.46e+02,  2.22e+02)
45      0.156   3.54e-01   7.02e-01   2.84e-01   2.25e+00   0.00e+00 (  1.40e+02,  2.19e+02)
50      0.170   3.89e-01   8.16e-01   3.66e-01   2.57e+00   0.00e+00 (  1.29e+02,  2.12e+02)
55      0.186   4.27e-01   9.15e-01   4.89e-01   2.92e+00   0.00e+00 (  1.19e+02,  2.02e+02)
60      0.199   4.60e-01   9.86e-01   6.08e-01   3.24e+00   0.00e+00 (  1.10e+02,  1.90e+02)
65      0.208   4.88e-01   1.03e+00   7.12e-01   3.48e+00   0.00e+00 (  1.01e+02,  1.78e+02)
70      0.212   5.03e-01   1.05e+00   7.86e-01   3.63e+00   0.00e+00 (  9.40e+01,  1.66e+02)
75      0.201   4.99e-01   1.02e+00   8.04e-01   3.51e+00   0.00e+00 (  8.77e+01,  1.55e+02)
80      0.176   4.57e-01   9.22e-01   7.55e-01   3.18e+00   0.00e+00 (  8.12e+01,  1.45e+02)
85      0.128   3.73e-01   7.03e-01   5.94e-01   2.60e+00   0.00e+00 (  7.97e+01,  1.37e+02)
90      0.025   1.29e-01   2.23e-01   1.90e-01   7.39e-01   0.00e+00 (  2.42e+01,  1.30e+02)
95      0.007   3.25e-02   4.79e-02   4.26e-02   3.18e-01   0.00e+00 (  2.79e+00,  1.23e+02)
43 e: 9.525e-06 i: 4.068e-05 :: e: 9.483e-03 i: 9.805e-03 :: n: 2.763e+01 e:20.544 i:23.235 v:4.993e+03
>>> tau_he = 5.000000, nhe(0)=2.959556e+00
 5     -0.022   9.71e-03   2.61e-01   7.17e-03  -1.18e-01   0.00e+00 (  5.62e+00,  4.80e+01)
10     -0.061   7.63e-02   3.98e-02  -2.75e-02  -4.13e-01   0.00e+00 (  5.38e+01,  9.51e+01)
15      0.046   2.27e-01   2.82e-01   3.70e-02   3.73e-01   0.00e+00 (  1.43e+02,  1.34e+02)
20      0.095   2.08e-01   2.71e-01   9.46e-02   8.90e-01   0.00e+00 (  1.38e+02,  1.64e+02)
25      0.115   2.32e-01   3.07e-01   1.34e-01   1.22e+00   0.00e+00 (  1.51e+02,  1.90e+02)
30      0.115   2.51e-01   3.61e-01   1.38e-01   1.34e+00   0.00e+00 (  1.56e+02,  2.10e+02)
35      0.117   2.75e-01   4.29e-01   1.64e-01   1.48e+00   0.00e+00 (  1.53e+02,  2.19e+02)
40      0.135   3.07e-01   5.58e-01   1.79e-01   1.83e+00   0.00e+00 (  1.46e+02,  2.22e+02)
45      0.157   3.54e-01   7.03e-01   2.84e-01   2.25e+00   0.00e+00 (  1.40e+02,  2.19e+02)
50      0.171   3.90e-01   8.18e-01   3.66e-01   2.57e+00   0.00e+00 (  1.29e+02,  2.12e+02)
55      0.186   4.28e-01   9.16e-01   4.89e-01   2.93e+00   0.00e+00 (  1.19e+02,  2.02e+02)
60      0.199   4.61e-01   9.87e-01   6.09e-01   3.24e+00   0.00e+00 (  1.10e+02,  1.90e+02)
65      0.208   4.88e-01   1.03e+00   7.13e-01   3.49e+00   0.00e+00 (  1.02e+02,  1.78e+02)
70      0.212   5.04e-01   1.05e+00   7.87e-01   3.63e+00   0.00e+00 (  9.42e+01,  1.66e+02)
75      0.201   5.00e-01   1.02e+00   8.05e-01   3.52e+00   0.00e+00 (  8.79e+01,  1.55e+02)
80      0.176   4.57e-01   9.24e-01   7.56e-01   3.19e+00   0.00e+00 (  8.14e+01,  1.45e+02)
85      0.128   3.74e-01   7.04e-01   5.94e-01   2.60e+00   0.00e+00 (  7.99e+01,  1.37e+02)
90      0.025   1.29e-01   2.23e-01   1.90e-01   7.38e-01   0.00e+00 (  2.43e+01,  1.30e+02)
95      0.007   3.25e-02   4.79e-02   4.26e-02   3.18e-01   0.00e+00 (  2.79e+00,  1.23e+02)
44 e: 1.263e-05 i: 3.725e-05 :: e: 9.175e-03 i: 9.373e-03 :: n: 2.763e+01 e:20.519 i:23.199 v:4.993e+03
>>> tau_he = 5.000000, nhe(0)=2.956211e+00
 5     -0.022   9.67e-03   2.60e-01   7.15e-03  -1.18e-01   0.00e+00 (  5.59e+00,  4.80e+01)
10     -0.060   7.61e-02   3.99e-02  -2.76e-02  -4.06e-01   0.00e+00 (  5.34e+01,  9.51e+01)
15     -0.008   1.20e-01   1.02e-01  -4.64e-02  -6.70e-02   0.00e+00 (  7.49e+01,  1.34e+02)
20      0.094   2.07e-01   2.69e-01   9.25e-02   8.83e-01   0.00e+00 (  1.36e+02,  1.64e+02)
25      0.115   2.32e-01   3.07e-01   1.33e-01   1.22e+00   0.00e+00 (  1.51e+02,  1.90e+02)
30      0.115   2.51e-01   3.61e-01   1.38e-01   1.34e+00   0.00e+00 (  1.56e+02,  2.10e+02)
35      0.117   2.76e-01   4.29e-01   1.64e-01   1.48e+00   0.00e+00 (  1.53e+02,  2.19e+02)
40      0.135   3.07e-01   5.58e-01   1.79e-01   1.84e+00   0.00e+00 (  1.47e+02,  2.22e+02)
45      0.157   3.54e-01   7.03e-01   2.84e-01   2.25e+00   0.00e+00 (  1.40e+02,  2.19e+02)
50      0.171   3.90e-01   8.18e-01   3.66e-01   2.57e+00   0.00e+00 (  1.29e+02,  2.12e+02)
55      0.187   4.28e-01   9.17e-01   4.89e-01   2.93e+00   0.00e+00 (  1.20e+02,  2.02e+02)
60      0.199   4.61e-01   9.88e-01   6.09e-01   3.24e+00   0.00e+00 (  1.10e+02,  1.90e+02)
65      0.209   4.89e-01   1.03e+00   7.13e-01   3.49e+00   0.00e+00 (  1.02e+02,  1.78e+02)
70      0.212   5.04e-01   1.05e+00   7.87e-01   3.64e+00   0.00e+00 (  9.44e+01,  1.66e+02)
75      0.201   5.01e-01   1.02e+00   8.06e-01   3.52e+00   0.00e+00 (  8.81e+01,  1.55e+02)
80      0.176   4.58e-01   9.25e-01   7.57e-01   3.19e+00   0.00e+00 (  8.16e+01,  1.45e+02)
85      0.128   3.74e-01   7.05e-01   5.95e-01   2.61e+00   0.00e+00 (  8.00e+01,  1.37e+02)
90      0.025   1.29e-01   2.23e-01   1.90e-01   7.38e-01   0.00e+00 (  2.43e+01,  1.30e+02)
95      0.007   3.25e-02   4.79e-02   4.26e-02   3.18e-01   0.00e+00 (  2.79e+00,  1.23e+02)
45 e: 3.922e-05 i: 1.701e-04 :: e: 1.460e-02 i: 1.418e-02 :: n: 2.763e+01 e:20.551 i:23.251 v:4.993e+03
>>> tau_he = 5.000000, nhe(0)=2.960987e+00
 5     -0.022   9.69e-03   2.62e-01   7.16e-03  -1.17e-01   0.00e+00 (  5.60e+00,  4.80e+01)
10     -0.061   7.63e-02   3.94e-02  -2.73e-02  -4.12e-01   0.00e+00 (  5.37e+01,  9.51e+01)
15      0.047   2.30e-01   2.86e-01   3.73e-02   3.80e-01   0.00e+00 (  1.46e+02,  1.34e+02)
20      0.094   2.07e-01   2.69e-01   9.28e-02   8.84e-01   0.00e+00 (  1.36e+02,  1.64e+02)
25      0.115   2.32e-01   3.06e-01   1.33e-01   1.22e+00   0.00e+00 (  1.50e+02,  1.90e+02)
30      0.115   2.51e-01   3.61e-01   1.38e-01   1.34e+00   0.00e+00 (  1.56e+02,  2.10e+02)
35      0.117   2.76e-01   4.30e-01   1.64e-01   1.48e+00   0.00e+00 (  1.53e+02,  2.19e+02)
40      0.136   3.07e-01   5.58e-01   1.79e-01   1.84e+00   0.00e+00 (  1.47e+02,  2.22e+02)
45      0.157   3.55e-01   7.04e-01   2.84e-01   2.25e+00   0.00e+00 (  1.41e+02,  2.19e+02)
50      0.171   3.90e-01   8.19e-01   3.67e-01   2.58e+00   0.00e+00 (  1.30e+02,  2.12e+02)
55      0.187   4.29e-01   9.18e-01   4.90e-01   2.93e+00   0.00e+00 (  1.20e+02,  2.02e+02)
60      0.199   4.62e-01   9.89e-01   6.09e-01   3.24e+00   0.00e+00 (  1.10e+02,  1.90e+02)
65      0.209   4.89e-01   1.03e+00   7.14e-01   3.49e+00   0.00e+00 (  1.02e+02,  1.78e+02)
70      0.212   5.05e-01   1.05e+00   7.88e-01   3.64e+00   0.00e+00 (  9.45e+01,  1.66e+02)
75      0.201   5.01e-01   1.02e+00   8.07e-01   3.52e+00   0.00e+00 (  8.82e+01,  1.55e+02)
80      0.176   4.58e-01   9.26e-01   7.58e-01   3.19e+00   0.00e+00 (  8.17e+01,  1.45e+02)
85      0.128   3.75e-01   7.05e-01   5.96e-01   2.61e+00   0.00e+00 (  8.02e+01,  1.37e+02)
90      0.025   1.29e-01   2.23e-01   1.90e-01   7.36e-01   0.00e+00 (  2.43e+01,  1.30e+02)
95      0.007   3.25e-02   4.79e-02   4.26e-02   3.18e-01   0.00e+00 (  2.79e+00,  1.23e+02)
46 e: 8.160e-06 i: 3.957e-05 :: e: 9.854e-03 i: 9.870e-03 :: n: 2.763e+01 e:20.539 i:23.226 v:4.993e+03
>>> tau_he = 5.000000, nhe(0)=2.958728e+00
 5     -0.022   9.71e-03   2.61e-01   7.17e-03  -1.18e-01   0.00e+00 (  5.62e+00,  4.80e+01)
10     -0.061   7.63e-02   3.98e-02  -2.76e-02  -4.12e-01   0.00e+00 (  5.37e+01,  9.51e+01)
15      0.046   2.27e-01   2.82e-01   3.70e-02   3.75e-01   0.00e+00 (  1.43e+02,  1.34e+02)
20      0.045   1.24e-01   1.29e-01  -3.69e-03   4.19e-01   0.00e+00 (  8.14e+01,  1.64e+02)
25      0.115   2.32e-01   3.06e-01   1.32e-01   1.22e+00   0.00e+00 (  1.51e+02,  1.90e+02)
30      0.115   2.51e-01   3.61e-01   1.38e-01   1.34e+00   0.00e+00 (  1.56e+02,  2.10e+02)
35      0.117   2.76e-01   4.29e-01   1.64e-01   1.49e+00   0.00e+00 (  1.53e+02,  2.19e+02)
40      0.136   3.07e-01   5.58e-01   1.79e-01   1.84e+00   0.00e+00 (  1.47e+02,  2.22e+02)
45      0.157   3.55e-01   7.03e-01   2.84e-01   2.25e+00   0.00e+00 (  1.41e+02,  2.19e+02)
50      0.171   3.90e-01   8.18e-01   3.66e-01   2.58e+00   0.00e+00 (  1.30e+02,  2.12e+02)
55      0.187   4.29e-01   9.17e-01   4.90e-01   2.93e+00   0.00e+00 (  1.20e+02,  2.02e+02)
60      0.200   4.62e-01   9.88e-01   6.09e-01   3.24e+00   0.00e+00 (  1.10e+02,  1.90e+02)
65      0.209   4.89e-01   1.03e+00   7.14e-01   3.49e+00   0.00e+00 (  1.02e+02,  1.78e+02)
70      0.213   5.05e-01   1.05e+00   7.88e-01   3.64e+00   0.00e+00 (  9.46e+01,  1.66e+02)
75      0.201   5.01e-01   1.02e+00   8.07e-01   3.53e+00   0.00e+00 (  8.83e+01,  1.55e+02)
80      0.176   4.59e-01   9.26e-01   7.58e-01   3.20e+00   0.00e+00 (  8.18e+01,  1.45e+02)
85      0.129   3.75e-01   7.06e-01   5.96e-01   2.61e+00   0.00e+00 (  8.03e+01,  1.37e+02)
90      0.025   1.29e-01   2.23e-01   1.90e-01   7.37e-01   0.00e+00 (  2.43e+01,  1.30e+02)
95      0.007   3.25e-02   4.79e-02   4.26e-02   3.18e-01   0.00e+00 (  2.79e+00,  1.23e+02)
47 e: 4.621e-05 i: 1.792e-04 :: e: 1.673e-02 i: 1.588e-02 :: n: 2.763e+01 e:20.544 i:23.235 v:4.993e+03
>>> tau_he = 5.000000, nhe(0)=2.959583e+00
 5     -0.022   9.68e-03   2.61e-01   7.16e-03  -1.17e-01   0.00e+00 (  5.59e+00,  4.80e+01)
10     -0.059   7.61e-02   3.96e-02  -2.75e-02  -4.04e-01   0.00e+00 (  5.33e+01,  9.51e+01)
15      0.046   2.26e-01   2.80e-01   3.51e-02   3.77e-01   0.00e+00 (  1.41e+02,  1.34e+02)
20      0.100   2.10e-01   2.74e-01   9.63e-02   9.43e-01   0.00e+00 (  1.40e+02,  1.64e+02)
25      0.116   2.32e-01   3.07e-01   1.34e-01   1.22e+00   0.00e+00 (  1.52e+02,  1.90e+02)
30      0.115   2.51e-01   3.61e-01   1.38e-01   1.34e+00   0.00e+00 (  1.56e+02,  2.10e+02)
35      0.117   2.76e-01   4.30e-01   1.64e-01   1.49e+00   0.00e+00 (  1.53e+02,  2.19e+02)
40      0.136   3.07e-01   5.59e-01   1.79e-01   1.84e+00   0.00e+00 (  1.47e+02,  2.22e+02)
45      0.157   3.55e-01   7.04e-01   2.85e-01   2.25e+00   0.00e+00 (  1.41e+02,  2.19e+02)
50      0.171   3.90e-01   8.19e-01   3.67e-01   2.58e+00   0.00e+00 (  1.30e+02,  2.12e+02)
55      0.187   4.29e-01   9.18e-01   4.90e-01   2.93e+00   0.00e+00 (  1.20e+02,  2.02e+02)
60      0.200   4.62e-01   9.89e-01   6.10e-01   3.24e+00   0.00e+00 (  1.10e+02,  1.90e+02)
65      0.209   4.90e-01   1.04e+00   7.14e-01   3.49e+00   0.00e+00 (  1.02e+02,  1.78e+02)
70      0.213   5.05e-01   1.05e+00   7.89e-01   3.64e+00   0.00e+00 (  9.47e+01,  1.66e+02)
75      0.202   5.02e-01   1.02e+00   8.08e-01   3.53e+00   0.00e+00 (  8.84e+01,  1.55e+02)
80      0.176   4.59e-01   9.27e-01   7.59e-01   3.20e+00   0.00e+00 (  8.19e+01,  1.45e+02)
85      0.129   3.75e-01   7.06e-01   5.96e-01   2.62e+00   0.00e+00 (  8.04e+01,  1.37e+02)
90      0.025   1.29e-01   2.23e-01   1.90e-01   7.35e-01   0.00e+00 (  2.43e+01,  1.30e+02)
95      0.007   3.25e-02   4.79e-02   4.26e-02   3.18e-01   0.00e+00 (  2.79e+00,  1.23e+02)
48 e: 7.087e-06 i: 2.898e-05 :: e: 9.630e-03 i: 9.434e-03 :: n: 2.763e+01 e:20.525 i:23.204 v:4.993e+03
>>> tau_he = 5.000000, nhe(0)=2.956727e+00
 5     -0.022   9.67e-03   2.60e-01   7.15e-03  -1.17e-01   0.00e+00 (  5.59e+00,  4.80e+01)
10     -0.059   7.60e-02   3.98e-02  -2.76e-02  -4.01e-01   0.00e+00 (  5.32e+01,  9.51e+01)
15     -0.009   1.16e-01   9.29e-02  -2.14e-02  -7.70e-02   0.00e+00 (  7.20e+01,  1.34e+02)
20      0.095   2.08e-01   2.72e-01   9.44e-02   8.93e-01   0.00e+00 (  1.38e+02,  1.64e+02)
25      0.116   2.32e-01   3.07e-01   1.34e-01   1.22e+00   0.00e+00 (  1.52e+02,  1.90e+02)
30      0.115   2.51e-01   3.61e-01   1.38e-01   1.34e+00   0.00e+00 (  1.56e+02,  2.10e+02)
35      0.117   2.76e-01   4.29e-01   1.64e-01   1.49e+00   0.00e+00 (  1.54e+02,  2.19e+02)
40      0.136   3.07e-01   5.58e-01   1.79e-01   1.84e+00   0.00e+00 (  1.47e+02,  2.22e+02)
45      0.157   3.55e-01   7.03e-01   2.84e-01   2.25e+00   0.00e+00 (  1.41e+02,  2.19e+02)
50      0.171   3.90e-01   8.18e-01   3.66e-01   2.58e+00   0.00e+00 (  1.30e+02,  2.12e+02)
55      0.187   4.29e-01   9.17e-01   4.90e-01   2.93e+00   0.00e+00 (  1.20e+02,  2.02e+02)
60      0.199   4.62e-01   9.89e-01   6.09e-01   3.24e+00   0.00e+00 (  1.10e+02,  1.90e+02)
65      0.209   4.89e-01   1.03e+00   7.14e-01   3.49e+00   0.00e+00 (  1.02e+02,  1.78e+02)
70      0.213   5.05e-01   1.05e+00   7.88e-01   3.64e+00   0.00e+00 (  9.46e+01,  1.66e+02)
75      0.202   5.02e-01   1.02e+00   8.07e-01   3.53e+00   0.00e+00 (  8.83e+01,  1.55e+02)
80      0.177   4.59e-01   9.27e-01   7.59e-01   3.20e+00   0.00e+00 (  8.19e+01,  1.45e+02)
85      0.129   3.75e-01   7.06e-01   5.96e-01   2.62e+00   0.00e+00 (  8.04e+01,  1.37e+02)
90      0.025   1.29e-01   2.23e-01   1.90e-01   7.36e-01   0.00e+00 (  2.43e+01,  1.30e+02)
95      0.007   3.25e-02   4.79e-02   4.26e-02   3.18e-01   0.00e+00 (  2.79e+00,  1.23e+02)
49 e: 4.885e-05 i: 2.150e-04 :: e: 1.558e-02 i: 1.490e-02 :: n: 2.763e+01 e:20.557 i:23.259 v:4.993e+03
 plasma volume = 147.426818
 stored energy(e,i,b,a) = 3.850561e+01 3.590486e+01 0.000000e+00 0.000000e+00
 betan = 0.850676
*power
 Pnb(e,i) = 0.000000e+00 0.000000e+00
 Prf(e,i) = 1.117817e+01 2.887257e+01
 Prad     = -9.775904e+00 
 Pei      = -6.376886e+00 
 Pfuse    = 3.271936e+01 
 Pfusi    = 1.060451e+01 
 Poh      = 0.000000e+00 
*confinement time
 taut, tauITER98y2, H98y2 : 1.011030e+00 1.592017e+00 6.350618e-01
 taue, taui : 1.387852e+00 2.114364e+00
 taut, tau89, H89 : 1.011030e+00 7.991870e-01 1.265073e+00
*temperature
 nea, nebar : 1.773599e+01 2.075087e+01 
 tea, tia : 5.037274e+00 4.890859e+00 (1.029936e+00)
 te0, ti0 : 1.767467e+01 1.810302e+01 (9.763381e-01)
 Sn : 0.000000e+00 
*current balance
 Ip,Ibs,Inb,Irf: 1.000000e+01 1.410118e+00 0.000000e+00 2.902964e-01
 fni,fbs: 0.170 0.141

 plasma volume = 147.426818
 stored energy(e,i,b,a) = 3.850561e+01 3.590486e+01 0.000000e+00 0.000000e+00
 betan = 0.850676
*power
 Pnb(e,i) = 0.000000e+00 0.000000e+00
 Prf(e,i) = 1.117817e+01 2.887257e+01
 Prad     = -9.775904e+00 
 Pei      = -6.376886e+00 
 Pfuse    = 3.271936e+01 
 Pfusi    = 1.060451e+01 
 Poh      = 0.000000e+00 
*confinement time
 taut, tauITER98y2, H98y2 : 1.011030e+00 1.592017e+00 6.350618e-01
 taue, taui : 1.387852e+00 2.114364e+00
 taut, tau89, H89 : 1.011030e+00 7.991870e-01 1.265073e+00
*temperature
 nea, nebar : 1.773599e+01 2.075087e+01 
 tea, tia : 5.037274e+00 4.890859e+00 (1.029936e+00)
 te0, ti0 : 1.767467e+01 1.810302e+01 (9.763381e-01)
 Sn : 0.000000e+00 
*current balance
 Ip,Ibs,Inb,Irf: 1.000000e+01 1.410118e+00 0.000000e+00 2.902964e-01
 fni,fbs: 0.170 0.141
 ELAPASED TIME = 1915 sec

finalize
