========================================================================
= FASTRAN

nonlinear model = 0
ichi = 0
ineo = 0
reading state...
read formatted input, inprof...
init geometry...
read formatted input, inmetric...
nrho in inmetric = 101
rhob in inmetric = 1.263845e+00
solve avg grad-shafranv...
solve_avg_gs::Ip_temp = 9.989202e+00 
solve_avg_gs::Ip      = 1.000000e+01 
>>> tau_he = 5.000000, nhe(0)=2.131137e+00

 plasma volume = 148.814483
 stored energy(e,i,b) = 5.763307e+01 5.106034e+01 0.000000e+00
 betan = 1.232641
*power
 Pnb(e,i) = 0.000000e+00 0.000000e+00
 Prf(e,i) = 6.566362e+00 1.344384e+01
 Prad     = -3.466181e+01 
 Pei      = -1.515651e+00 
 Pfuse    = 4.686005e+01 
 Pfusi    = 1.389750e+01 
 Poh      = 0.000000e+00 
*confinement time
 taut, tauITER98y2, H98y2 : 2.357470e+00 2.263762e+00 1.041395e+00
 taue, taui : 3.341250e+00 3.312777e+00
 taut, tau89, H89 : 2.357470e+00 1.019285e+00 2.312867e+00
*temperature
 nea, nebar : 1.945087e+01 2.196834e+01 
 tea, tia : 7.478198e+00 7.442798e+00 (1.004756e+00)
 te0, ti0 : 1.808664e+01 1.845596e+01 (9.799894e-01)
 Sn : 0.000000e+00 
*current balance
 Ip,Ibs,Inb,Irf: 1.000000e+01 1.898808e+00 0.000000e+00 8.228461e-02
 fni,fbs: 0.198 0.190

Time advancing...
rho_bdry 0.950000 ...
te_bdry = 3.741993
ti_bdry = 3.741797
ne_bdry = 14.453942
rv_bdry = 100.762170
nrho_tr_bdry = 19
drho_bdry = 0.000000e+00
nrhob = 95
 [    0] t = 0.0000 
>>> tau_he = 5.000000, nhe(0)=2.113732e+00
 5     -0.001   3.40e-03   1.33e-01   2.25e-03  -3.46e-03   0.00e+00 (  4.86e-01,  2.64e+01)
10      0.000   6.06e-04  -1.60e-03  -3.44e-04   4.16e-04   0.00e+00 (  1.44e-01,  5.31e+01)
15     -0.002   1.98e-04  -3.21e-03  -2.37e-03  -1.02e-02   0.00e+00 (  6.32e-02,  7.97e+01)
20      0.003   1.21e-02  -3.02e-02  -6.16e-03   2.03e-02   0.00e+00 (  4.68e+00,  9.80e+01)
25      0.021   8.64e-02   6.61e-03   1.16e-02   1.78e-01   0.00e+00 (  3.78e+01,  1.11e+02)
30      0.037   1.38e-01   7.18e-02   4.29e-02   3.52e-01   0.00e+00 (  6.46e+01,  1.21e+02)
35      0.045   1.69e-01   1.16e-01   6.58e-02   4.58e-01   0.00e+00 (  7.57e+01,  1.27e+02)
40      0.052   2.02e-01   1.53e-01   6.51e-02   5.74e-01   0.00e+00 (  8.41e+01,  1.28e+02)
45      0.063   2.29e-01   2.14e-01   1.40e-01   7.33e-01   0.00e+00 (  8.67e+01,  1.24e+02)
50      0.079   2.62e-01   2.87e-01   1.62e-01   9.75e-01   0.00e+00 (  8.92e+01,  1.18e+02)
55      0.098   3.01e-01   3.95e-01   2.17e-01   1.26e+00   0.00e+00 (  9.25e+01,  1.11e+02)
60      0.125   3.45e-01   4.87e-01   3.05e-01   1.65e+00   0.00e+00 (  9.43e+01,  1.02e+02)
65      0.177   4.22e-01   6.96e-01   4.74e-01   2.42e+00   0.00e+00 (  1.01e+02,  9.34e+01)
70      0.196   4.56e-01   7.92e-01   5.94e-01   2.74e+00   0.00e+00 (  9.72e+01,  8.48e+01)
75      0.206   4.73e-01   8.56e-01   6.96e-01   2.95e+00   0.00e+00 (  9.00e+01,  7.65e+01)
80      0.204   4.59e-01   8.71e-01   7.39e-01   2.97e+00   0.00e+00 (  7.80e+01,  6.89e+01)
85      0.185   4.03e-01   8.06e-01   7.06e-01   2.74e+00   0.00e+00 (  6.17e+01,  6.21e+01)
90      0.175   3.68e-01   7.34e-01   6.46e-01   2.85e+00   0.00e+00 (  5.00e+01,  5.59e+01)
95      1.817   4.01e+00   5.11e+00   3.59e+00   1.16e+02   0.00e+00 (  1.79e+03,  5.05e+01)
 0 e: 2.609e-07 i: 1.182e-06 :: e: 0.000e+00 i: 0.000e+00 :: n: 2.762e+01 e:18.087 i:18.456 v:4.993e+03
>>> tau_he = 5.000000, nhe(0)=2.109917e+00
 5     -0.001   3.54e-03   1.51e-01   2.28e-03  -3.10e-03   0.00e+00 (  5.01e-01,  2.64e+01)
10      0.000   5.27e-04  -1.58e-03  -4.19e-04   1.24e-04   0.00e+00 (  1.25e-01,  5.31e+01)
15     -0.002   2.12e-04  -4.15e-03  -2.96e-03  -1.23e-02   0.00e+00 (  6.81e-02,  7.97e+01)
20      0.003   1.25e-02  -3.04e-02  -6.16e-03   1.94e-02   0.00e+00 (  4.91e+00,  9.80e+01)
25      0.022   8.79e-02   8.62e-03   1.24e-02   1.86e-01   0.00e+00 (  3.86e+01,  1.11e+02)
30      0.037   1.36e-01   6.90e-02   4.18e-02   3.48e-01   0.00e+00 (  6.30e+01,  1.21e+02)
35      0.045   1.69e-01   1.15e-01   6.57e-02   4.57e-01   0.00e+00 (  7.57e+01,  1.27e+02)
40      0.053   2.03e-01   1.55e-01   6.56e-02   5.80e-01   0.00e+00 (  8.43e+01,  1.28e+02)
45      0.063   2.29e-01   2.15e-01   1.41e-01   7.36e-01   0.00e+00 (  8.69e+01,  1.24e+02)
50      0.081   2.64e-01   2.93e-01   1.63e-01   9.91e-01   0.00e+00 (  9.00e+01,  1.18e+02)
55      0.099   3.02e-01   3.97e-01   2.17e-01   1.27e+00   0.00e+00 (  9.26e+01,  1.11e+02)
60      0.127   3.48e-01   4.96e-01   3.10e-01   1.68e+00   0.00e+00 (  9.52e+01,  1.02e+02)
65      0.174   4.17e-01   6.85e-01   4.66e-01   2.37e+00   0.00e+00 (  9.97e+01,  9.34e+01)
70      0.193   4.51e-01   7.81e-01   5.86e-01   2.70e+00   0.00e+00 (  9.58e+01,  8.48e+01)
75      0.203   4.67e-01   8.42e-01   6.85e-01   2.90e+00   0.00e+00 (  8.84e+01,  7.65e+01)
80      0.201   4.53e-01   8.57e-01   7.29e-01   2.92e+00   0.00e+00 (  7.67e+01,  6.89e+01)
85      0.186   4.06e-01   8.11e-01   7.10e-01   2.76e+00   0.00e+00 (  6.22e+01,  6.21e+01)
90      0.193   4.08e-01   8.31e-01   7.25e-01   3.13e+00   0.00e+00 (  5.91e+01,  5.59e+01)
95      1.834   4.14e+00   5.20e+00   3.60e+00   1.17e+02   0.00e+00 (  1.74e+03,  5.05e+01)
 1 e: 1.292e-02 i: 3.284e-02 :: e: 1.059e-02 i: 1.717e-02 :: n: 2.762e+01 e:18.089 i:18.423 v:4.993e+03
>>> tau_he = 5.000000, nhe(0)=2.348030e+00
 5     -0.002   4.49e-03   2.93e-01   3.31e-03  -1.00e-02   0.00e+00 (  9.16e-01,  2.64e+01)
10     -0.001   3.51e-04  -2.20e-03  -1.19e-03  -4.75e-03   0.00e+00 (  1.46e-01,  5.31e+01)
15      0.004   5.85e-02  -1.61e-02   5.83e-03   2.50e-02   0.00e+00 (  3.73e+01,  7.97e+01)
20      0.003   1.12e-01   9.39e-04   1.91e-02   2.60e-02   0.00e+00 (  7.77e+01,  9.80e+01)
25      0.029   1.29e-01   1.06e-01   3.07e-02   2.48e-01   0.00e+00 (  7.13e+01,  1.11e+02)
30      0.056   1.56e-01   1.55e-01   6.66e-02   5.26e-01   0.00e+00 (  7.55e+01,  1.21e+02)
35      0.057   1.76e-01   1.81e-01   9.39e-02   5.81e-01   0.00e+00 (  8.03e+01,  1.27e+02)
40      0.069   2.08e-01   2.56e-01   1.43e-01   7.55e-01   0.00e+00 (  8.75e+01,  1.28e+02)
45      0.091   2.39e-01   3.30e-01   1.52e-01   1.06e+00   0.00e+00 (  9.18e+01,  1.24e+02)
50      0.138   3.21e-01   5.03e-01   2.14e-01   1.69e+00   0.00e+00 (  1.10e+02,  1.18e+02)
55      0.112   3.01e-01   4.74e-01   2.45e-01   1.43e+00   0.00e+00 (  8.97e+01,  1.11e+02)
60      0.120   3.19e-01   5.01e-01   3.13e-01   1.59e+00   0.00e+00 (  8.10e+01,  1.02e+02)
65      0.132   3.28e-01   5.35e-01   3.62e-01   1.81e+00   0.00e+00 (  6.91e+01,  9.34e+01)
70      0.137   3.33e-01   5.61e-01   4.27e-01   1.92e+00   0.00e+00 (  6.12e+01,  8.48e+01)
75      0.147   3.48e-01   6.10e-01   5.11e-01   2.10e+00   0.00e+00 (  5.77e+01,  7.65e+01)
80      0.158   3.71e-01   6.80e-01   5.90e-01   2.30e+00   0.00e+00 (  5.81e+01,  6.89e+01)
85      0.165   3.82e-01   7.44e-01   6.44e-01   2.44e+00   0.00e+00 (  5.94e+01,  6.21e+01)
90      0.175   3.94e-01   7.81e-01   6.83e-01   2.84e+00   0.00e+00 (  5.92e+01,  5.59e+01)
95      1.843   4.18e+00   5.25e+00   3.61e+00   1.18e+02   0.00e+00 (  1.73e+03,  5.05e+01)
 2 e: 5.224e-03 i: 2.643e-03 :: e: 1.199e-01 i: 1.694e-01 :: n: 2.762e+01 e:20.090 i:20.564 v:4.993e+03
>>> tau_he = 5.000000, nhe(0)=2.416998e+00
 5     -0.004   4.65e-03   2.99e-01   3.68e-03  -1.60e-02   0.00e+00 (  1.15e+00,  2.64e+01)
10     -0.002   5.11e-03   4.90e-03  -1.31e-03  -8.85e-03   0.00e+00 (  2.62e+00,  5.31e+01)
15     -0.015   8.49e-02   4.08e-03   1.23e-02  -9.59e-02   0.00e+00 (  6.46e+01,  7.97e+01)
20     -0.050   1.35e-01   6.01e-02   3.53e-02  -3.80e-01   0.00e+00 (  1.09e+02,  9.80e+01)
25      0.021   1.54e-01   1.27e-01   3.19e-02   1.83e-01   0.00e+00 (  1.01e+02,  1.11e+02)
30      0.033   1.70e-01   1.54e-01   6.78e-02   3.16e-01   0.00e+00 (  9.68e+01,  1.21e+02)
35      0.047   1.92e-01   1.90e-01   9.26e-02   4.81e-01   0.00e+00 (  9.92e+01,  1.27e+02)
40      0.082   2.53e-01   3.23e-01   1.68e-01   9.00e-01   0.00e+00 (  1.17e+02,  1.28e+02)
45      0.078   2.46e-01   3.13e-01   1.46e-01   9.08e-01   0.00e+00 (  9.99e+01,  1.24e+02)
50      0.117   3.07e-01   4.48e-01   1.95e-01   1.44e+00   0.00e+00 (  1.06e+02,  1.18e+02)
55      0.099   2.83e-01   4.22e-01   2.23e-01   1.27e+00   0.00e+00 (  8.25e+01,  1.11e+02)
60      0.107   2.87e-01   4.39e-01   2.75e-01   1.42e+00   0.00e+00 (  6.91e+01,  1.02e+02)
65      0.119   2.87e-01   4.56e-01   3.12e-01   1.63e+00   0.00e+00 (  5.57e+01,  9.34e+01)
70      0.124   2.87e-01   4.77e-01   3.68e-01   1.74e+00   0.00e+00 (  4.76e+01,  8.48e+01)
75      0.135   3.00e-01   5.22e-01   4.45e-01   1.94e+00   0.00e+00 (  4.43e+01,  7.65e+01)
80      0.149   3.23e-01   5.92e-01   5.23e-01   2.16e+00   0.00e+00 (  4.47e+01,  6.89e+01)
85      0.159   3.36e-01   6.61e-01   5.76e-01   2.35e+00   0.00e+00 (  4.59e+01,  6.21e+01)
90      0.170   3.53e-01   7.04e-01   6.20e-01   2.76e+00   0.00e+00 (  4.61e+01,  5.59e+01)
95      1.839   4.21e+00   5.24e+00   3.60e+00   1.17e+02   0.00e+00 (  1.70e+03,  5.05e+01)
 3 e: 3.036e-04 i: 1.169e-03 :: e: 1.770e-01 i: 2.030e-01 :: n: 2.762e+01 e:21.334 i:21.279 v:4.993e+03
>>> tau_he = 5.000000, nhe(0)=2.446953e+00
 5     -0.004   4.73e-03   3.02e-01   3.75e-03  -1.88e-02   0.00e+00 (  1.24e+00,  2.64e+01)
10     -0.002   8.74e-03   1.42e-02  -6.09e-04  -1.34e-02   0.00e+00 (  4.71e+00,  5.31e+01)
15     -0.065   9.16e-02   3.05e-02   1.40e-02  -4.32e-01   0.00e+00 (  6.97e+01,  7.97e+01)
20     -0.019   1.29e-01   5.90e-02   2.61e-02  -1.41e-01   0.00e+00 (  1.03e+02,  9.80e+01)
25      0.023   1.55e-01   1.33e-01   3.23e-02   1.97e-01   0.00e+00 (  1.03e+02,  1.11e+02)
30      0.034   1.71e-01   1.63e-01   5.80e-02   3.21e-01   0.00e+00 (  9.92e+01,  1.21e+02)
35      0.042   1.93e-01   2.06e-01   1.01e-01   4.34e-01   0.00e+00 (  1.01e+02,  1.27e+02)
40      0.087   2.53e-01   3.38e-01   1.83e-01   9.58e-01   0.00e+00 (  1.17e+02,  1.28e+02)
45      0.083   2.45e-01   3.32e-01   1.45e-01   9.71e-01   0.00e+00 (  9.87e+01,  1.24e+02)
50      0.124   3.07e-01   4.73e-01   2.03e-01   1.52e+00   0.00e+00 (  1.04e+02,  1.18e+02)
55      0.103   2.81e-01   4.43e-01   2.32e-01   1.32e+00   0.00e+00 (  8.07e+01,  1.11e+02)
60      0.110   2.87e-01   4.58e-01   2.87e-01   1.46e+00   0.00e+00 (  6.81e+01,  1.02e+02)
65      0.121   2.87e-01   4.76e-01   3.24e-01   1.66e+00   0.00e+00 (  5.52e+01,  9.34e+01)
70      0.123   2.83e-01   4.81e-01   3.71e-01   1.72e+00   0.00e+00 (  4.63e+01,  8.48e+01)
75      0.129   2.87e-01   5.04e-01   4.31e-01   1.84e+00   0.00e+00 (  4.17e+01,  7.65e+01)
80      0.136   2.99e-01   5.46e-01   4.87e-01   1.98e+00   0.00e+00 (  4.03e+01,  6.89e+01)
85      0.142   3.03e-01   5.86e-01   5.15e-01   2.09e+00   0.00e+00 (  3.99e+01,  6.21e+01)
90      0.150   3.15e-01   6.09e-01   5.41e-01   2.43e+00   0.00e+00 (  3.93e+01,  5.59e+01)
95      1.845   4.23e+00   5.27e+00   3.61e+00   1.18e+02   0.00e+00 (  1.70e+03,  5.05e+01)
 4 e: 4.324e-04 i: 2.027e-04 :: e: 1.813e-01 i: 2.153e-01 :: n: 2.762e+01 e:21.324 i:21.600 v:4.993e+03
>>> tau_he = 5.000000, nhe(0)=2.427863e+00
 5     -0.005   4.59e-03   2.97e-01   3.80e-03  -2.01e-02   0.00e+00 (  1.25e+00,  2.64e+01)
10     -0.003   1.01e-02   1.84e-02  -4.67e-04  -1.74e-02   0.00e+00 (  5.66e+00,  5.31e+01)
15     -0.052   8.85e-02   2.99e-02   7.15e-03  -3.43e-01   0.00e+00 (  6.68e+01,  7.97e+01)
20     -0.009   1.25e-01   6.03e-02   2.44e-02  -6.66e-02   0.00e+00 (  9.75e+01,  9.80e+01)
25      0.020   1.56e-01   1.31e-01   3.25e-02   1.68e-01   0.00e+00 (  1.04e+02,  1.11e+02)
30      0.030   1.73e-01   1.61e-01   5.89e-02   2.86e-01   0.00e+00 (  1.02e+02,  1.21e+02)
35      0.039   1.93e-01   2.03e-01   9.98e-02   3.96e-01   0.00e+00 (  1.02e+02,  1.27e+02)
40      0.079   2.48e-01   3.24e-01   1.73e-01   8.74e-01   0.00e+00 (  1.15e+02,  1.28e+02)
45      0.077   2.41e-01   3.17e-01   1.42e-01   9.03e-01   0.00e+00 (  9.69e+01,  1.24e+02)
50      0.112   2.94e-01   4.37e-01   1.91e-01   1.38e+00   0.00e+00 (  9.84e+01,  1.18e+02)
55      0.098   2.73e-01   4.19e-01   2.21e-01   1.25e+00   0.00e+00 (  7.74e+01,  1.11e+02)
60      0.106   2.77e-01   4.35e-01   2.73e-01   1.40e+00   0.00e+00 (  6.50e+01,  1.02e+02)
65      0.118   2.79e-01   4.57e-01   3.13e-01   1.62e+00   0.00e+00 (  5.29e+01,  9.34e+01)
70      0.121   2.75e-01   4.65e-01   3.59e-01   1.69e+00   0.00e+00 (  4.41e+01,  8.48e+01)
75      0.127   2.78e-01   4.85e-01   4.17e-01   1.81e+00   0.00e+00 (  3.91e+01,  7.65e+01)
80      0.133   2.86e-01   5.21e-01   4.66e-01   1.94e+00   0.00e+00 (  3.68e+01,  6.89e+01)
85      0.138   2.89e-01   5.52e-01   4.88e-01   2.05e+00   0.00e+00 (  3.58e+01,  6.21e+01)
90      0.147   3.02e-01   5.73e-01   5.12e-01   2.38e+00   0.00e+00 (  3.49e+01,  5.59e+01)
95      1.844   4.25e+00   5.27e+00   3.60e+00   1.18e+02   0.00e+00 (  1.69e+03,  5.05e+01)
 5 e: 2.415e-04 i: 2.342e-04 :: e: 1.754e-01 i: 2.066e-01 :: n: 2.762e+01 e:21.247 i:21.402 v:4.993e+03
>>> tau_he = 5.000000, nhe(0)=2.401829e+00
 5     -0.005   4.44e-03   2.88e-01   3.75e-03  -2.00e-02   0.00e+00 (  1.21e+00,  2.64e+01)
10     -0.003   1.01e-02   1.90e-02  -4.56e-04  -1.77e-02   0.00e+00 (  5.58e+00,  5.31e+01)
15     -0.043   8.50e-02   3.02e-02   7.55e-03  -2.87e-01   0.00e+00 (  6.16e+01,  7.97e+01)
20     -0.015   1.17e-01   6.30e-02   2.56e-02  -1.16e-01   0.00e+00 (  8.74e+01,  9.80e+01)
25      0.022   1.49e-01   1.29e-01   3.36e-02   1.85e-01   0.00e+00 (  9.66e+01,  1.11e+02)
30      0.031   1.69e-01   1.60e-01   6.00e-02   2.96e-01   0.00e+00 (  9.74e+01,  1.21e+02)
35      0.040   1.89e-01   2.03e-01   1.02e-01   4.06e-01   0.00e+00 (  9.82e+01,  1.27e+02)
40      0.054   2.13e-01   2.51e-01   1.51e-01   6.00e-01   0.00e+00 (  9.62e+01,  1.28e+02)
45      0.077   2.37e-01   3.17e-01   1.43e-01   9.04e-01   0.00e+00 (  9.35e+01,  1.24e+02)
50      0.111   2.85e-01   4.33e-01   1.90e-01   1.36e+00   0.00e+00 (  9.35e+01,  1.18e+02)
55      0.098   2.70e-01   4.21e-01   2.23e-01   1.26e+00   0.00e+00 (  7.54e+01,  1.11e+02)
60      0.106   2.76e-01   4.40e-01   2.76e-01   1.41e+00   0.00e+00 (  6.43e+01,  1.02e+02)
65      0.120   2.82e-01   4.69e-01   3.21e-01   1.64e+00   0.00e+00 (  5.34e+01,  9.34e+01)
70      0.122   2.77e-01   4.74e-01   3.66e-01   1.71e+00   0.00e+00 (  4.46e+01,  8.48e+01)
75      0.126   2.77e-01   4.87e-01   4.18e-01   1.80e+00   0.00e+00 (  3.90e+01,  7.65e+01)
80      0.130   2.80e-01   5.10e-01   4.57e-01   1.89e+00   0.00e+00 (  3.59e+01,  6.89e+01)
85      0.132   2.78e-01   5.25e-01   4.66e-01   1.95e+00   0.00e+00 (  3.40e+01,  6.21e+01)
90      0.137   2.84e-01   5.30e-01   4.74e-01   2.22e+00   0.00e+00 (  3.23e+01,  5.59e+01)
95      1.847   4.26e+00   5.28e+00   3.61e+00   1.18e+02   0.00e+00 (  1.69e+03,  5.05e+01)
 6 e: 2.276e-04 i: 2.383e-04 :: e: 1.557e-01 i: 1.856e-01 :: n: 2.762e+01 e:20.886 i:21.130 v:4.993e+03
>>> tau_he = 5.000000, nhe(0)=2.368852e+00
 5     -0.004   4.26e-03   2.79e-01   3.70e-03  -1.97e-02   0.00e+00 (  1.16e+00,  2.64e+01)
10     -0.003   9.65e-03   1.83e-02  -4.68e-04  -1.73e-02   0.00e+00 (  5.31e+00,  5.31e+01)
15     -0.036   7.96e-02   2.90e-02   8.84e-03  -2.35e-01   0.00e+00 (  5.59e+01,  7.97e+01)
20     -0.003   1.21e-01   7.34e-02   2.33e-02  -1.97e-02   0.00e+00 (  8.73e+01,  9.80e+01)
25      0.021   1.44e-01   1.23e-01   3.40e-02   1.81e-01   0.00e+00 (  9.12e+01,  1.11e+02)
30      0.031   1.65e-01   1.55e-01   7.15e-02   2.92e-01   0.00e+00 (  9.34e+01,  1.21e+02)
35      0.039   1.85e-01   1.97e-01   1.01e-01   3.97e-01   0.00e+00 (  9.47e+01,  1.27e+02)
40      0.053   2.08e-01   2.46e-01   1.45e-01   5.85e-01   0.00e+00 (  9.26e+01,  1.28e+02)
45      0.074   2.31e-01   3.03e-01   1.41e-01   8.60e-01   0.00e+00 (  8.91e+01,  1.24e+02)
50      0.083   2.45e-01   3.47e-01   1.60e-01   1.02e+00   0.00e+00 (  7.87e+01,  1.18e+02)
55      0.095   2.62e-01   4.03e-01   2.13e-01   1.21e+00   0.00e+00 (  7.20e+01,  1.11e+02)
60      0.103   2.69e-01   4.24e-01   2.67e-01   1.37e+00   0.00e+00 (  6.17e+01,  1.02e+02)
65      0.119   2.78e-01   4.58e-01   3.14e-01   1.62e+00   0.00e+00 (  5.21e+01,  9.34e+01)
70      0.122   2.75e-01   4.69e-01   3.62e-01   1.71e+00   0.00e+00 (  4.39e+01,  8.48e+01)
75      0.126   2.75e-01   4.83e-01   4.15e-01   1.81e+00   0.00e+00 (  3.84e+01,  7.65e+01)
80      0.130   2.77e-01   5.05e-01   4.53e-01   1.89e+00   0.00e+00 (  3.50e+01,  6.89e+01)
85      0.132   2.74e-01   5.17e-01   4.59e-01   1.95e+00   0.00e+00 (  3.27e+01,  6.21e+01)
90      0.137   2.81e-01   5.20e-01   4.66e-01   2.22e+00   0.00e+00 (  3.09e+01,  5.59e+01)
95      1.846   4.26e+00   5.27e+00   3.60e+00   1.18e+02   0.00e+00 (  1.68e+03,  5.05e+01)
 7 e: 1.777e-04 i: 2.119e-04 :: e: 1.507e-01 i: 1.660e-01 :: n: 2.762e+01 e:20.540 i:20.795 v:4.993e+03
>>> tau_he = 5.000000, nhe(0)=2.334970e+00
 5     -0.004   4.09e-03   2.70e-01   3.63e-03  -1.90e-02   0.00e+00 (  1.11e+00,  2.64e+01)
10     -0.003   9.10e-03   1.75e-02  -5.03e-04  -1.63e-02   0.00e+00 (  4.94e+00,  5.31e+01)
15     -0.022   7.52e-02   2.74e-02   7.66e-03  -1.47e-01   0.00e+00 (  5.09e+01,  7.97e+01)
20     -0.002   1.08e-01   7.29e-02   2.36e-02  -1.66e-02   0.00e+00 (  7.47e+01,  9.80e+01)
25      0.023   1.37e-01   1.19e-01   3.48e-02   1.96e-01   0.00e+00 (  8.42e+01,  1.11e+02)
30      0.031   1.59e-01   1.52e-01   7.12e-02   2.96e-01   0.00e+00 (  8.80e+01,  1.21e+02)
35      0.039   1.81e-01   1.95e-01   1.03e-01   4.02e-01   0.00e+00 (  9.07e+01,  1.27e+02)
40      0.053   2.04e-01   2.44e-01   1.46e-01   5.85e-01   0.00e+00 (  8.90e+01,  1.28e+02)
45      0.072   2.26e-01   2.99e-01   1.42e-01   8.45e-01   0.00e+00 (  8.58e+01,  1.24e+02)
50      0.083   2.41e-01   3.45e-01   1.61e-01   1.01e+00   0.00e+00 (  7.62e+01,  1.18e+02)
55      0.094   2.58e-01   3.99e-01   2.14e-01   1.20e+00   0.00e+00 (  6.99e+01,  1.11e+02)
60      0.102   2.66e-01   4.21e-01   2.68e-01   1.35e+00   0.00e+00 (  6.05e+01,  1.02e+02)
65      0.119   2.78e-01   4.61e-01   3.15e-01   1.62e+00   0.00e+00 (  5.19e+01,  9.34e+01)
70      0.122   2.76e-01   4.73e-01   3.65e-01   1.71e+00   0.00e+00 (  4.42e+01,  8.48e+01)
75      0.126   2.76e-01   4.86e-01   4.17e-01   1.80e+00   0.00e+00 (  3.87e+01,  7.65e+01)
80      0.129   2.76e-01   5.02e-01   4.51e-01   1.87e+00   0.00e+00 (  3.50e+01,  6.89e+01)
85      0.129   2.70e-01   5.07e-01   4.51e-01   1.91e+00   0.00e+00 (  3.21e+01,  6.21e+01)
90      0.133   2.75e-01   5.04e-01   4.53e-01   2.16e+00   0.00e+00 (  3.01e+01,  5.59e+01)
95      1.847   4.27e+00   5.28e+00   3.61e+00   1.18e+02   0.00e+00 (  1.68e+03,  5.05e+01)
 8 e: 1.631e-04 i: 1.604e-04 :: e: 1.364e-01 i: 1.501e-01 :: n: 2.762e+01 e:20.213 i:20.459 v:4.993e+03
>>> tau_he = 5.000000, nhe(0)=2.306131e+00
 5     -0.004   3.95e-03   2.63e-01   3.57e-03  -1.84e-02   0.00e+00 (  1.06e+00,  2.64e+01)
10     -0.003   8.44e-03   1.61e-02  -5.41e-04  -1.51e-02   0.00e+00 (  4.51e+00,  5.31e+01)
15     -0.018   7.13e-02   2.60e-02   8.21e-03  -1.20e-01   0.00e+00 (  4.69e+01,  7.97e+01)
20      0.001   1.05e-01   6.96e-02   2.41e-02   5.89e-03   0.00e+00 (  6.99e+01,  9.80e+01)
25      0.023   1.33e-01   1.14e-01   3.52e-02   1.95e-01   0.00e+00 (  7.96e+01,  1.11e+02)
30      0.031   1.55e-01   1.47e-01   7.06e-02   2.94e-01   0.00e+00 (  8.39e+01,  1.21e+02)
35      0.044   1.76e-01   1.84e-01   9.67e-02   4.54e-01   0.00e+00 (  8.62e+01,  1.27e+02)
40      0.051   2.02e-01   2.35e-01   1.40e-01   5.61e-01   0.00e+00 (  8.64e+01,  1.28e+02)
45      0.070   2.21e-01   2.86e-01   1.41e-01   8.13e-01   0.00e+00 (  8.19e+01,  1.24e+02)
50      0.080   2.34e-01   3.33e-01   1.58e-01   9.84e-01   0.00e+00 (  7.29e+01,  1.18e+02)
55      0.091   2.52e-01   3.85e-01   2.10e-01   1.17e+00   0.00e+00 (  6.72e+01,  1.11e+02)
60      0.100   2.60e-01   4.09e-01   2.58e-01   1.32e+00   0.00e+00 (  5.84e+01,  1.02e+02)
65      0.118   2.74e-01   4.52e-01   3.10e-01   1.61e+00   0.00e+00 (  5.08e+01,  9.34e+01)
70      0.122   2.75e-01   4.69e-01   3.63e-01   1.71e+00   0.00e+00 (  4.36e+01,  8.48e+01)
75      0.127   2.76e-01   4.85e-01   4.16e-01   1.81e+00   0.00e+00 (  3.84e+01,  7.65e+01)
80      0.129   2.76e-01   5.02e-01   4.51e-01   1.88e+00   0.00e+00 (  3.47e+01,  6.89e+01)
85      0.130   2.69e-01   5.05e-01   4.50e-01   1.92e+00   0.00e+00 (  3.17e+01,  6.21e+01)
90      0.134   2.75e-01   5.02e-01   4.51e-01   2.17e+00   0.00e+00 (  2.95e+01,  5.59e+01)
95      1.846   4.27e+00   5.28e+00   3.60e+00   1.18e+02   0.00e+00 (  1.68e+03,  5.05e+01)
 9 e: 8.782e-05 i: 1.364e-04 :: e: 1.268e-01 i: 1.365e-01 :: n: 2.762e+01 e:19.889 i:20.179 v:4.993e+03
>>> tau_he = 5.000000, nhe(0)=2.277614e+00
 5     -0.004   3.83e-03   2.55e-01   3.51e-03  -1.78e-02   0.00e+00 (  1.02e+00,  2.64e+01)
10     -0.003   7.95e-03   1.54e-02  -5.73e-04  -1.43e-02   0.00e+00 (  4.20e+00,  5.31e+01)
15     -0.015   6.89e-02   2.54e-02   8.63e-03  -9.91e-02   0.00e+00 (  4.41e+01,  7.97e+01)
20      0.003   1.02e-01   6.58e-02   2.26e-02   1.98e-02   0.00e+00 (  6.62e+01,  9.80e+01)
25      0.023   1.29e-01   1.11e-01   3.59e-02   1.98e-01   0.00e+00 (  7.55e+01,  1.11e+02)
30      0.041   1.58e-01   1.58e-01   6.75e-02   3.89e-01   0.00e+00 (  8.40e+01,  1.21e+02)
35      0.044   1.73e-01   1.83e-01   9.73e-02   4.54e-01   0.00e+00 (  8.34e+01,  1.27e+02)
40      0.051   1.99e-01   2.32e-01   1.40e-01   5.59e-01   0.00e+00 (  8.37e+01,  1.28e+02)
45      0.069   2.17e-01   2.83e-01   1.42e-01   8.01e-01   0.00e+00 (  7.95e+01,  1.24e+02)
50      0.082   2.33e-01   3.23e-01   1.56e-01   1.00e+00   0.00e+00 (  7.18e+01,  1.18e+02)
55      0.090   2.48e-01   3.82e-01   2.09e-01   1.16e+00   0.00e+00 (  6.57e+01,  1.11e+02)
60      0.099   2.57e-01   4.06e-01   2.55e-01   1.31e+00   0.00e+00 (  5.75e+01,  1.02e+02)
65      0.117   2.73e-01   4.52e-01   3.10e-01   1.61e+00   0.00e+00 (  5.07e+01,  9.34e+01)
70      0.122   2.75e-01   4.72e-01   3.65e-01   1.71e+00   0.00e+00 (  4.39e+01,  8.48e+01)
75      0.127   2.77e-01   4.87e-01   4.18e-01   1.81e+00   0.00e+00 (  3.87e+01,  7.65e+01)
80      0.129   2.76e-01   5.02e-01   4.51e-01   1.88e+00   0.00e+00 (  3.48e+01,  6.89e+01)
85      0.128   2.67e-01   5.01e-01   4.46e-01   1.90e+00   0.00e+00 (  3.15e+01,  6.21e+01)
90      0.132   2.72e-01   4.94e-01   4.45e-01   2.14e+00   0.00e+00 (  2.91e+01,  5.59e+01)
95      1.846   4.27e+00   5.28e+00   3.60e+00   1.18e+02   0.00e+00 (  1.68e+03,  5.05e+01)
10 e: 9.589e-05 i: 8.317e-05 :: e: 1.172e-01 i: 1.244e-01 :: n: 2.762e+01 e:19.659 i:19.908 v:4.993e+03
>>> tau_he = 5.000000, nhe(0)=2.257031e+00
 5     -0.004   3.74e-03   2.50e-01   3.46e-03  -1.73e-02   0.00e+00 (  9.84e-01,  2.64e+01)
10     -0.002   7.42e-03   1.42e-02  -6.04e-04  -1.32e-02   0.00e+00 (  3.86e+00,  5.31e+01)
15     -0.013   6.67e-02   2.40e-02   8.83e-03  -8.42e-02   0.00e+00 (  4.17e+01,  7.97e+01)
20      0.003   1.00e-01   6.34e-02   2.22e-02   2.53e-02   0.00e+00 (  6.32e+01,  9.80e+01)
25      0.023   1.25e-01   1.07e-01   3.60e-02   1.97e-01   0.00e+00 (  7.18e+01,  1.11e+02)
30      0.040   1.55e-01   1.53e-01   6.63e-02   3.80e-01   0.00e+00 (  8.07e+01,  1.21e+02)
35      0.044   1.70e-01   1.77e-01   9.57e-02   4.48e-01   0.00e+00 (  8.05e+01,  1.27e+02)
40      0.053   1.93e-01   2.21e-01   1.29e-01   5.81e-01   0.00e+00 (  8.01e+01,  1.28e+02)
45      0.067   2.13e-01   2.73e-01   1.41e-01   7.81e-01   0.00e+00 (  7.67e+01,  1.24e+02)
50      0.080   2.29e-01   3.14e-01   1.55e-01   9.83e-01   0.00e+00 (  6.96e+01,  1.18e+02)
55      0.089   2.44e-01   3.72e-01   2.06e-01   1.14e+00   0.00e+00 (  6.37e+01,  1.11e+02)
60      0.097   2.53e-01   3.98e-01   2.50e-01   1.29e+00   0.00e+00 (  5.60e+01,  1.02e+02)
65      0.117   2.71e-01   4.47e-01   3.07e-01   1.60e+00   0.00e+00 (  4.99e+01,  9.34e+01)
70      0.122   2.74e-01   4.70e-01   3.63e-01   1.72e+00   0.00e+00 (  4.35e+01,  8.48e+01)
75      0.127   2.77e-01   4.88e-01   4.18e-01   1.82e+00   0.00e+00 (  3.86e+01,  7.65e+01)
80      0.130   2.76e-01   5.03e-01   4.52e-01   1.89e+00   0.00e+00 (  3.47e+01,  6.89e+01)
85      0.129   2.67e-01   5.01e-01   4.47e-01   1.91e+00   0.00e+00 (  3.13e+01,  6.21e+01)
90      0.132   2.73e-01   4.94e-01   4.45e-01   2.15e+00   0.00e+00 (  2.89e+01,  5.59e+01)
95      1.846   4.27e+00   5.28e+00   3.60e+00   1.18e+02   0.00e+00 (  1.68e+03,  5.05e+01)
11 e: 3.836e-05 i: 7.416e-05 :: e: 1.091e-01 i: 1.118e-01 :: n: 2.762e+01 e:19.410 i:19.716 v:4.993e+03
>>> tau_he = 5.000000, nhe(0)=2.235737e+00
 5     -0.004   3.65e-03   2.45e-01   3.42e-03  -1.68e-02   0.00e+00 (  9.55e-01,  2.64e+01)
10     -0.002   7.10e-03   1.37e-02  -6.24e-04  -1.27e-02   0.00e+00 (  3.66e+00,  5.31e+01)
15     -0.002   6.38e-02   2.10e-02   9.73e-03  -1.40e-02   0.00e+00 (  3.91e+01,  7.97e+01)
20      0.007   9.62e-02   6.29e-02   1.97e-02   5.42e-02   0.00e+00 (  5.94e+01,  9.80e+01)
25      0.023   1.22e-01   1.05e-01   3.66e-02   1.98e-01   0.00e+00 (  6.92e+01,  1.11e+02)
30      0.040   1.53e-01   1.51e-01   6.67e-02   3.77e-01   0.00e+00 (  7.85e+01,  1.21e+02)
35      0.043   1.68e-01   1.76e-01   9.59e-02   4.46e-01   0.00e+00 (  7.87e+01,  1.27e+02)
40      0.053   1.91e-01   2.20e-01   1.29e-01   5.79e-01   0.00e+00 (  7.87e+01,  1.28e+02)
45      0.066   2.11e-01   2.71e-01   1.41e-01   7.72e-01   0.00e+00 (  7.54e+01,  1.24e+02)
50      0.080   2.27e-01   3.12e-01   1.56e-01   9.76e-01   0.00e+00 (  6.88e+01,  1.18e+02)
55      0.088   2.42e-01   3.70e-01   2.07e-01   1.13e+00   0.00e+00 (  6.30e+01,  1.11e+02)
60      0.096   2.52e-01   4.00e-01   2.45e-01   1.28e+00   0.00e+00 (  5.56e+01,  1.02e+02)
65      0.117   2.71e-01   4.48e-01   3.07e-01   1.60e+00   0.00e+00 (  5.00e+01,  9.34e+01)
70      0.123   2.75e-01   4.72e-01   3.65e-01   1.72e+00   0.00e+00 (  4.38e+01,  8.48e+01)
75      0.127   2.78e-01   4.90e-01   4.20e-01   1.82e+00   0.00e+00 (  3.89e+01,  7.65e+01)
80      0.130   2.76e-01   5.04e-01   4.52e-01   1.89e+00   0.00e+00 (  3.49e+01,  6.89e+01)
85      0.128   2.66e-01   4.99e-01   4.45e-01   1.90e+00   0.00e+00 (  3.12e+01,  6.21e+01)
90      0.131   2.71e-01   4.90e-01   4.41e-01   2.13e+00   0.00e+00 (  2.87e+01,  5.59e+01)
95      1.846   4.27e+00   5.28e+00   3.60e+00   1.18e+02   0.00e+00 (  1.68e+03,  5.05e+01)
12 e: 4.740e-05 i: 3.613e-05 :: e: 9.860e-02 i: 9.929e-02 :: n: 2.762e+01 e:19.266 i:19.521 v:4.993e+03
>>> tau_he = 5.000000, nhe(0)=2.223043e+00
 5     -0.004   3.60e-03   2.42e-01   3.38e-03  -1.65e-02   0.00e+00 (  9.33e-01,  2.64e+01)
10     -0.009   1.08e-02   4.96e-02  -2.44e-03  -5.19e-02   0.00e+00 (  5.48e+00,  5.31e+01)
15     -0.001   6.22e-02   1.99e-02   9.69e-03  -5.77e-03   0.00e+00 (  3.75e+01,  7.97e+01)
20      0.008   9.37e-02   6.11e-02   2.00e-02   6.32e-02   0.00e+00 (  5.67e+01,  9.80e+01)
25      0.029   1.18e-01   9.95e-02   3.50e-02   2.48e-01   0.00e+00 (  6.56e+01,  1.11e+02)
30      0.039   1.50e-01   1.47e-01   6.57e-02   3.73e-01   0.00e+00 (  7.62e+01,  1.21e+02)
35      0.043   1.66e-01   1.72e-01   9.41e-02   4.39e-01   0.00e+00 (  7.67e+01,  1.27e+02)
40      0.052   1.89e-01   2.16e-01   1.25e-01   5.73e-01   0.00e+00 (  7.69e+01,  1.28e+02)
45      0.070   2.12e-01   2.65e-01   1.43e-01   8.13e-01   0.00e+00 (  7.49e+01,  1.24e+02)
50      0.078   2.24e-01   3.06e-01   1.54e-01   9.63e-01   0.00e+00 (  6.73e+01,  1.18e+02)
55      0.087   2.39e-01   3.63e-01   2.04e-01   1.11e+00   0.00e+00 (  6.17e+01,  1.11e+02)
60      0.095   2.49e-01   3.94e-01   2.42e-01   1.27e+00   0.00e+00 (  5.47e+01,  1.02e+02)
65      0.117   2.70e-01   4.44e-01   3.05e-01   1.59e+00   0.00e+00 (  4.96e+01,  9.34e+01)
70      0.123   2.75e-01   4.71e-01   3.64e-01   1.72e+00   0.00e+00 (  4.37e+01,  8.48e+01)
75      0.128   2.79e-01   4.91e-01   4.21e-01   1.84e+00   0.00e+00 (  3.89e+01,  7.65e+01)
80      0.131   2.77e-01   5.06e-01   4.54e-01   1.90e+00   0.00e+00 (  3.49e+01,  6.89e+01)
85      0.129   2.67e-01   5.01e-01   4.46e-01   1.91e+00   0.00e+00 (  3.12e+01,  6.21e+01)
90      0.132   2.72e-01   4.91e-01   4.43e-01   2.14e+00   0.00e+00 (  2.86e+01,  5.59e+01)
95      1.846   4.27e+00   5.28e+00   3.60e+00   1.18e+02   0.00e+00 (  1.68e+03,  5.05e+01)
13 e: 1.404e-05 i: 5.310e-05 :: e: 9.130e-02 i: 9.369e-02 :: n: 2.762e+01 e:19.092 i:19.405 v:4.993e+03
>>> tau_he = 5.000000, nhe(0)=2.205340e+00
 5     -0.004   3.53e-03   2.39e-01   3.36e-03  -1.61e-02   0.00e+00 (  9.12e-01,  2.64e+01)
10     -0.009   1.03e-02   4.89e-02  -2.36e-03  -4.97e-02   0.00e+00 (  5.20e+00,  5.31e+01)
15      0.001   5.96e-02   1.93e-02   9.63e-03   6.79e-03   0.00e+00 (  3.55e+01,  7.97e+01)
20      0.009   9.19e-02   6.07e-02   2.06e-02   6.90e-02   0.00e+00 (  5.49e+01,  9.80e+01)
25      0.026   1.16e-01   9.87e-02   3.50e-02   2.24e-01   0.00e+00 (  6.42e+01,  1.11e+02)
30      0.039   1.49e-01   1.45e-01   6.61e-02   3.70e-01   0.00e+00 (  7.49e+01,  1.21e+02)
35      0.043   1.65e-01   1.71e-01   9.42e-02   4.38e-01   0.00e+00 (  7.57e+01,  1.27e+02)
40      0.052   1.88e-01   2.15e-01   1.24e-01   5.71e-01   0.00e+00 (  7.62e+01,  1.28e+02)
45      0.069   2.10e-01   2.64e-01   1.43e-01   8.08e-01   0.00e+00 (  7.42e+01,  1.24e+02)
50      0.078   2.24e-01   3.06e-01   1.55e-01   9.60e-01   0.00e+00 (  6.71e+01,  1.18e+02)
55      0.089   2.41e-01   3.63e-01   2.06e-01   1.13e+00   0.00e+00 (  6.21e+01,  1.11e+02)
60      0.095   2.49e-01   3.94e-01   2.42e-01   1.26e+00   0.00e+00 (  5.48e+01,  1.02e+02)
65      0.117   2.71e-01   4.46e-01   3.06e-01   1.60e+00   0.00e+00 (  4.99e+01,  9.34e+01)
70      0.123   2.77e-01   4.74e-01   3.66e-01   1.73e+00   0.00e+00 (  4.41e+01,  8.48e+01)
75      0.128   2.80e-01   4.93e-01   4.23e-01   1.84e+00   0.00e+00 (  3.93e+01,  7.65e+01)
80      0.130   2.78e-01   5.07e-01   4.55e-01   1.90e+00   0.00e+00 (  3.52e+01,  6.89e+01)
85      0.129   2.67e-01   5.00e-01   4.46e-01   1.90e+00   0.00e+00 (  3.13e+01,  6.21e+01)
90      0.131   2.71e-01   4.89e-01   4.41e-01   2.13e+00   0.00e+00 (  2.85e+01,  5.59e+01)
95      1.846   4.27e+00   5.28e+00   3.60e+00   1.18e+02   0.00e+00 (  1.68e+03,  5.05e+01)
14 e: 2.621e-05 i: 2.898e-05 :: e: 8.171e-02 i: 8.295e-02 :: n: 2.762e+01 e:19.017 i:19.247 v:4.993e+03
>>> tau_he = 5.000000, nhe(0)=2.196085e+00
 5     -0.004   3.50e-03   2.38e-01   3.33e-03  -1.58e-02   0.00e+00 (  8.96e-01,  2.64e+01)
10     -0.009   9.59e-03   4.85e-02  -2.34e-03  -4.73e-02   0.00e+00 (  4.78e+00,  5.31e+01)
15      0.002   5.81e-02   1.76e-02   9.52e-03   1.22e-02   0.00e+00 (  3.41e+01,  7.97e+01)
20      0.010   9.01e-02   5.90e-02   2.06e-02   7.46e-02   0.00e+00 (  5.30e+01,  9.80e+01)
25      0.026   1.15e-01   9.59e-02   3.46e-02   2.23e-01   0.00e+00 (  6.25e+01,  1.11e+02)
30      0.039   1.47e-01   1.42e-01   6.50e-02   3.67e-01   0.00e+00 (  7.33e+01,  1.21e+02)
35      0.042   1.63e-01   1.68e-01   9.26e-02   4.34e-01   0.00e+00 (  7.43e+01,  1.27e+02)
40      0.051   1.87e-01   2.12e-01   1.20e-01   5.66e-01   0.00e+00 (  7.49e+01,  1.28e+02)
45      0.068   2.08e-01   2.58e-01   1.42e-01   7.96e-01   0.00e+00 (  7.28e+01,  1.24e+02)
50      0.077   2.22e-01   3.01e-01   1.52e-01   9.51e-01   0.00e+00 (  6.62e+01,  1.18e+02)
55      0.088   2.39e-01   3.58e-01   2.04e-01   1.13e+00   0.00e+00 (  6.13e+01,  1.11e+02)
60      0.095   2.48e-01   3.90e-01   2.40e-01   1.26e+00   0.00e+00 (  5.43e+01,  1.02e+02)
65      0.117   2.70e-01   4.45e-01   3.05e-01   1.60e+00   0.00e+00 (  4.97e+01,  9.34e+01)
70      0.124   2.77e-01   4.74e-01   3.66e-01   1.74e+00   0.00e+00 (  4.41e+01,  8.48e+01)
75      0.129   2.81e-01   4.95e-01   4.24e-01   1.85e+00   0.00e+00 (  3.94e+01,  7.65e+01)
80      0.132   2.80e-01   5.10e-01   4.57e-01   1.92e+00   0.00e+00 (  3.53e+01,  6.89e+01)
85      0.130   2.68e-01   5.03e-01   4.49e-01   1.92e+00   0.00e+00 (  3.13e+01,  6.21e+01)
90      0.132   2.72e-01   4.92e-01   4.43e-01   2.15e+00   0.00e+00 (  2.86e+01,  5.59e+01)
95      1.845   4.27e+00   5.27e+00   3.60e+00   1.18e+02   0.00e+00 (  1.68e+03,  5.05e+01)
15 e: 7.970e-06 i: 2.750e-05 :: e: 7.457e-02 i: 7.487e-02 :: n: 2.762e+01 e:18.886 i:19.164 v:4.993e+03
>>> tau_he = 5.000000, nhe(0)=2.184019e+00
 5     -0.004   3.46e-03   2.36e-01   3.32e-03  -1.55e-02   0.00e+00 (  8.81e-01,  2.64e+01)
10     -0.008   9.29e-03   4.80e-02  -2.27e-03  -4.57e-02   0.00e+00 (  4.60e+00,  5.31e+01)
15      0.002   5.87e-02   1.68e-02   8.96e-03   1.18e-02   0.00e+00 (  3.42e+01,  7.97e+01)
20      0.004   8.60e-02   6.10e-02   2.02e-02   2.70e-02   0.00e+00 (  5.02e+01,  9.80e+01)
25      0.026   1.14e-01   9.54e-02   3.48e-02   2.22e-01   0.00e+00 (  6.17e+01,  1.11e+02)
30      0.039   1.46e-01   1.41e-01   6.53e-02   3.65e-01   0.00e+00 (  7.24e+01,  1.21e+02)
35      0.042   1.63e-01   1.68e-01   9.28e-02   4.33e-01   0.00e+00 (  7.40e+01,  1.27e+02)
40      0.051   1.87e-01   2.12e-01   1.20e-01   5.66e-01   0.00e+00 (  7.48e+01,  1.28e+02)
45      0.069   2.07e-01   2.56e-01   1.40e-01   8.00e-01   0.00e+00 (  7.24e+01,  1.24e+02)
50      0.078   2.23e-01   3.03e-01   1.53e-01   9.52e-01   0.00e+00 (  6.65e+01,  1.18e+02)
55      0.088   2.39e-01   3.59e-01   2.05e-01   1.13e+00   0.00e+00 (  6.16e+01,  1.11e+02)
60      0.095   2.49e-01   3.92e-01   2.41e-01   1.25e+00   0.00e+00 (  5.47e+01,  1.02e+02)
65      0.117   2.72e-01   4.48e-01   3.08e-01   1.60e+00   0.00e+00 (  5.03e+01,  9.34e+01)
70      0.124   2.79e-01   4.78e-01   3.69e-01   1.74e+00   0.00e+00 (  4.46e+01,  8.48e+01)
75      0.130   2.83e-01   4.99e-01   4.26e-01   1.85e+00   0.00e+00 (  3.99e+01,  7.65e+01)
80      0.132   2.81e-01   5.12e-01   4.59e-01   1.92e+00   0.00e+00 (  3.57e+01,  6.89e+01)
85      0.130   2.69e-01   5.04e-01   4.49e-01   1.92e+00   0.00e+00 (  3.15e+01,  6.21e+01)
90      0.132   2.72e-01   4.91e-01   4.43e-01   2.14e+00   0.00e+00 (  2.86e+01,  5.59e+01)
95      1.846   4.27e+00   5.28e+00   3.60e+00   1.18e+02   0.00e+00 (  1.68e+03,  5.05e+01)
16 e: 1.094e-05 i: 1.617e-05 :: e: 6.566e-02 i: 6.555e-02 :: n: 2.762e+01 e:18.854 i:19.058 v:4.993e+03
>>> tau_he = 5.000000, nhe(0)=2.180056e+00
 5     -0.004   3.45e-03   2.36e-01   3.30e-03  -1.53e-02   0.00e+00 (  8.72e-01,  2.64e+01)
10     -0.008   9.05e-03   4.77e-02  -2.20e-03  -4.40e-02   0.00e+00 (  4.44e+00,  5.31e+01)
15      0.002   5.62e-02   1.42e-02   6.97e-03   1.15e-02   0.00e+00 (  3.24e+01,  7.97e+01)
20      0.004   8.50e-02   5.95e-02   2.01e-02   3.13e-02   0.00e+00 (  4.91e+01,  9.80e+01)
25      0.026   1.13e-01   9.32e-02   3.44e-02   2.21e-01   0.00e+00 (  6.07e+01,  1.11e+02)
30      0.038   1.45e-01   1.39e-01   6.42e-02   3.62e-01   0.00e+00 (  7.14e+01,  1.21e+02)
35      0.042   1.62e-01   1.65e-01   9.13e-02   4.30e-01   0.00e+00 (  7.31e+01,  1.27e+02)
40      0.051   1.85e-01   2.09e-01   1.16e-01   5.62e-01   0.00e+00 (  7.40e+01,  1.28e+02)
45      0.068   2.06e-01   2.52e-01   1.40e-01   7.92e-01   0.00e+00 (  7.16e+01,  1.24e+02)
50      0.077   2.21e-01   2.99e-01   1.52e-01   9.46e-01   0.00e+00 (  6.60e+01,  1.18e+02)
55      0.088   2.38e-01   3.55e-01   2.03e-01   1.12e+00   0.00e+00 (  6.11e+01,  1.11e+02)
60      0.094   2.48e-01   3.89e-01   2.40e-01   1.25e+00   0.00e+00 (  5.44e+01,  1.02e+02)
65      0.118   2.72e-01   4.48e-01   3.07e-01   1.61e+00   0.00e+00 (  5.03e+01,  9.34e+01)
70      0.125   2.80e-01   4.79e-01   3.70e-01   1.75e+00   0.00e+00 (  4.47e+01,  8.48e+01)
75      0.131   2.84e-01   5.01e-01   4.28e-01   1.87e+00   0.00e+00 (  4.01e+01,  7.65e+01)
80      0.133   2.83e-01   5.16e-01   4.62e-01   1.93e+00   0.00e+00 (  3.59e+01,  6.89e+01)
85      0.131   2.70e-01   5.08e-01   4.52e-01   1.94e+00   0.00e+00 (  3.17e+01,  6.21e+01)
90      0.133   2.74e-01   4.96e-01   4.46e-01   2.16e+00   0.00e+00 (  2.87e+01,  5.59e+01)
95      1.845   4.27e+00   5.27e+00   3.60e+00   1.18e+02   0.00e+00 (  1.68e+03,  5.05e+01)
17 e: 7.507e-06 i: 1.232e-05 :: e: 5.852e-02 i: 5.890e-02 :: n: 2.762e+01 e:18.769 i:19.023 v:4.993e+03
>>> tau_he = 5.000000, nhe(0)=2.173018e+00
 5     -0.003   3.43e-03   2.35e-01   3.30e-03  -1.51e-02   0.00e+00 (  8.64e-01,  2.64e+01)
10     -0.008   7.89e-03   4.77e-02  -2.24e-03  -4.29e-02   0.00e+00 (  3.85e+00,  5.31e+01)
15      0.002   5.54e-02   1.33e-02   6.72e-03   1.12e-02   0.00e+00 (  3.17e+01,  7.97e+01)
20      0.004   8.45e-02   5.95e-02   2.04e-02   3.38e-02   0.00e+00 (  4.87e+01,  9.80e+01)
25      0.026   1.12e-01   9.31e-02   3.46e-02   2.20e-01   0.00e+00 (  6.04e+01,  1.11e+02)
30      0.038   1.45e-01   1.39e-01   6.46e-02   3.62e-01   0.00e+00 (  7.13e+01,  1.21e+02)
35      0.042   1.62e-01   1.66e-01   9.16e-02   4.30e-01   0.00e+00 (  7.32e+01,  1.27e+02)
40      0.051   1.86e-01   2.10e-01   1.16e-01   5.62e-01   0.00e+00 (  7.44e+01,  1.28e+02)
45      0.068   2.07e-01   2.53e-01   1.40e-01   7.93e-01   0.00e+00 (  7.20e+01,  1.24e+02)
50      0.077   2.23e-01   3.02e-01   1.53e-01   9.50e-01   0.00e+00 (  6.66e+01,  1.18e+02)
55      0.088   2.40e-01   3.58e-01   2.04e-01   1.12e+00   0.00e+00 (  6.17e+01,  1.11e+02)
60      0.095   2.50e-01   3.92e-01   2.41e-01   1.25e+00   0.00e+00 (  5.51e+01,  1.02e+02)
65      0.118   2.75e-01   4.52e-01   3.10e-01   1.62e+00   0.00e+00 (  5.10e+01,  9.34e+01)
70      0.125   2.82e-01   4.83e-01   3.73e-01   1.76e+00   0.00e+00 (  4.54e+01,  8.48e+01)
75      0.131   2.86e-01   5.05e-01   4.31e-01   1.88e+00   0.00e+00 (  4.06e+01,  7.65e+01)
80      0.133   2.84e-01   5.19e-01   4.65e-01   1.94e+00   0.00e+00 (  3.63e+01,  6.89e+01)
85      0.131   2.71e-01   5.10e-01   4.54e-01   1.94e+00   0.00e+00 (  3.20e+01,  6.21e+01)
90      0.133   2.74e-01   4.96e-01   4.47e-01   2.16e+00   0.00e+00 (  2.89e+01,  5.59e+01)
95      1.845   4.27e+00   5.27e+00   3.60e+00   1.18e+02   0.00e+00 (  1.68e+03,  5.05e+01)
18 e: 3.468e-06 i: 1.217e-05 :: e: 4.967e-02 i: 4.985e-02 :: n: 2.762e+01 e:18.779 i:18.962 v:4.993e+03
>>> tau_he = 5.000000, nhe(0)=2.173613e+00
 5     -0.003   3.43e-03   2.36e-01   3.29e-03  -1.50e-02   0.00e+00 (  8.61e-01,  2.64e+01)
10     -0.008   7.79e-03   4.76e-02  -2.18e-03  -4.18e-02   0.00e+00 (  3.77e+00,  5.31e+01)
15      0.003   5.45e-02   5.94e-03   7.28e-03   1.71e-02   0.00e+00 (  3.11e+01,  7.97e+01)
20      0.005   8.39e-02   5.83e-02   2.02e-02   3.65e-02   0.00e+00 (  4.80e+01,  9.80e+01)
25      0.026   1.12e-01   9.14e-02   3.41e-02   2.19e-01   0.00e+00 (  5.98e+01,  1.11e+02)
30      0.038   1.44e-01   1.37e-01   6.36e-02   3.60e-01   0.00e+00 (  7.07e+01,  1.21e+02)
35      0.042   1.61e-01   1.63e-01   9.03e-02   4.28e-01   0.00e+00 (  7.27e+01,  1.27e+02)
40      0.054   1.88e-01   2.10e-01   1.16e-01   5.94e-01   0.00e+00 (  7.51e+01,  1.28e+02)
45      0.068   2.06e-01   2.50e-01   1.40e-01   7.88e-01   0.00e+00 (  7.16e+01,  1.24e+02)
50      0.077   2.22e-01   2.99e-01   1.52e-01   9.47e-01   0.00e+00 (  6.64e+01,  1.18e+02)
55      0.088   2.39e-01   3.55e-01   2.03e-01   1.12e+00   0.00e+00 (  6.16e+01,  1.11e+02)
60      0.095   2.50e-01   3.90e-01   2.40e-01   1.25e+00   0.00e+00 (  5.51e+01,  1.02e+02)
65      0.119   2.75e-01   4.52e-01   3.10e-01   1.62e+00   0.00e+00 (  5.12e+01,  9.34e+01)
70      0.126   2.83e-01   4.85e-01   3.74e-01   1.77e+00   0.00e+00 (  4.56e+01,  8.48e+01)
75      0.132   2.88e-01   5.09e-01   4.34e-01   1.89e+00   0.00e+00 (  4.09e+01,  7.65e+01)
80      0.135   2.87e-01   5.24e-01   4.68e-01   1.96e+00   0.00e+00 (  3.67e+01,  6.89e+01)
85      0.132   2.73e-01   5.15e-01   4.58e-01   1.96e+00   0.00e+00 (  3.22e+01,  6.21e+01)
90      0.135   2.76e-01   5.02e-01   4.51e-01   2.18e+00   0.00e+00 (  2.91e+01,  5.59e+01)
95      1.845   4.27e+00   5.27e+00   3.60e+00   1.18e+02   0.00e+00 (  1.68e+03,  5.05e+01)
19 e: 1.114e-05 i: 6.392e-06 :: e: 4.261e-02 i: 4.425e-02 :: n: 2.762e+01 e:18.733 i:18.966 v:4.993e+03
>>> tau_he = 5.000000, nhe(0)=2.170845e+00
 5     -0.003   3.43e-03   2.36e-01   3.30e-03  -1.49e-02   0.00e+00 (  8.59e-01,  2.64e+01)
10     -0.007   7.69e-03   4.76e-02  -2.14e-03  -4.13e-02   0.00e+00 (  3.72e+00,  5.31e+01)
15      0.001   5.32e-02   9.98e-03   5.73e-03   6.53e-03   0.00e+00 (  3.03e+01,  7.97e+01)
20      0.005   8.39e-02   5.87e-02   2.05e-02   3.78e-02   0.00e+00 (  4.80e+01,  9.80e+01)
25      0.026   1.12e-01   9.17e-02   3.43e-02   2.19e-01   0.00e+00 (  5.99e+01,  1.11e+02)
30      0.038   1.45e-01   1.37e-01   6.40e-02   3.60e-01   0.00e+00 (  7.10e+01,  1.21e+02)
35      0.042   1.62e-01   1.64e-01   9.07e-02   4.29e-01   0.00e+00 (  7.32e+01,  1.27e+02)
40      0.054   1.89e-01   2.12e-01   1.17e-01   5.95e-01   0.00e+00 (  7.57e+01,  1.28e+02)
45      0.068   2.07e-01   2.52e-01   1.41e-01   7.92e-01   0.00e+00 (  7.24e+01,  1.24e+02)
50      0.078   2.24e-01   3.02e-01   1.53e-01   9.53e-01   0.00e+00 (  6.74e+01,  1.18e+02)
55      0.088   2.41e-01   3.59e-01   2.05e-01   1.13e+00   0.00e+00 (  6.25e+01,  1.11e+02)
60      0.095   2.52e-01   3.93e-01   2.42e-01   1.26e+00   0.00e+00 (  5.59e+01,  1.02e+02)
65      0.120   2.78e-01   4.58e-01   3.14e-01   1.64e+00   0.00e+00 (  5.21e+01,  9.34e+01)
70      0.127   2.86e-01   4.90e-01   3.78e-01   1.78e+00   0.00e+00 (  4.64e+01,  8.48e+01)
75      0.133   2.91e-01   5.13e-01   4.38e-01   1.90e+00   0.00e+00 (  4.16e+01,  7.65e+01)
80      0.135   2.89e-01   5.28e-01   4.72e-01   1.96e+00   0.00e+00 (  3.72e+01,  6.89e+01)
85      0.132   2.74e-01   5.18e-01   4.60e-01   1.96e+00   0.00e+00 (  3.26e+01,  6.21e+01)
90      0.135   2.76e-01   5.03e-01   4.52e-01   2.18e+00   0.00e+00 (  2.94e+01,  5.59e+01)
95      1.845   4.27e+00   5.27e+00   3.60e+00   1.18e+02   0.00e+00 (  1.68e+03,  5.05e+01)
20 e: 9.398e-07 i: 1.282e-05 :: e: 3.471e-02 i: 3.535e-02 :: n: 2.762e+01 e:18.774 i:18.942 v:4.993e+03
>>> tau_he = 5.000000, nhe(0)=2.174851e+00
 5     -0.003   3.45e-03   2.38e-01   3.30e-03  -1.48e-02   0.00e+00 (  8.61e-01,  2.64e+01)
10     -0.007   7.64e-03   4.77e-02  -2.09e-03  -4.06e-02   0.00e+00 (  3.68e+00,  5.31e+01)
15      0.010   5.60e-02   6.19e-03   1.11e-02   6.76e-02   0.00e+00 (  3.18e+01,  7.97e+01)
20      0.005   8.36e-02   5.77e-02   2.03e-02   3.91e-02   0.00e+00 (  4.77e+01,  9.80e+01)
25      0.025   1.12e-01   9.04e-02   3.39e-02   2.18e-01   0.00e+00 (  5.97e+01,  1.11e+02)
30      0.038   1.45e-01   1.35e-01   6.30e-02   3.59e-01   0.00e+00 (  7.08e+01,  1.21e+02)
35      0.042   1.62e-01   1.62e-01   8.97e-02   4.36e-01   0.00e+00 (  7.31e+01,  1.27e+02)
40      0.055   1.89e-01   1.98e-01   1.12e-01   6.10e-01   0.00e+00 (  7.55e+01,  1.28e+02)
45      0.068   2.07e-01   2.50e-01   1.40e-01   7.89e-01   0.00e+00 (  7.23e+01,  1.24e+02)
50      0.078   2.24e-01   3.00e-01   1.53e-01   9.52e-01   0.00e+00 (  6.75e+01,  1.18e+02)
55      0.088   2.42e-01   3.57e-01   2.04e-01   1.13e+00   0.00e+00 (  6.26e+01,  1.11e+02)
60      0.095   2.52e-01   3.92e-01   2.41e-01   1.26e+00   0.00e+00 (  5.61e+01,  1.02e+02)
65      0.120   2.80e-01   4.59e-01   3.15e-01   1.65e+00   0.00e+00 (  5.24e+01,  9.34e+01)
70      0.128   2.88e-01   4.93e-01   3.80e-01   1.80e+00   0.00e+00 (  4.68e+01,  8.48e+01)
75      0.134   2.93e-01   5.17e-01   4.41e-01   1.92e+00   0.00e+00 (  4.20e+01,  7.65e+01)
80      0.137   2.91e-01   5.33e-01   4.76e-01   1.99e+00   0.00e+00 (  3.76e+01,  6.89e+01)
85      0.134   2.77e-01   5.24e-01   4.65e-01   1.98e+00   0.00e+00 (  3.29e+01,  6.21e+01)
90      0.136   2.79e-01   5.10e-01   4.58e-01   2.21e+00   0.00e+00 (  2.97e+01,  5.59e+01)
95      1.844   4.27e+00   5.27e+00   3.60e+00   1.18e+02   0.00e+00 (  1.68e+03,  5.05e+01)
21 e: 1.582e-05 i: 4.245e-06 :: e: 2.897e-02 i: 3.178e-02 :: n: 2.762e+01 e:18.758 i:18.977 v:4.993e+03
>>> tau_he = 5.000000, nhe(0)=2.175015e+00
 5     -0.003   3.45e-03   2.39e-01   3.31e-03  -1.48e-02   0.00e+00 (  8.63e-01,  2.64e+01)
10     -0.007   7.58e-03   4.79e-02  -2.06e-03  -4.03e-02   0.00e+00 (  3.66e+00,  5.31e+01)
15      0.010   5.62e-02   6.25e-03   1.11e-02   6.84e-02   0.00e+00 (  3.18e+01,  7.97e+01)
20      0.005   8.38e-02   5.81e-02   2.05e-02   3.97e-02   0.00e+00 (  4.79e+01,  9.80e+01)
25      0.025   1.12e-01   9.09e-02   3.40e-02   2.18e-01   0.00e+00 (  6.01e+01,  1.11e+02)
30      0.038   1.45e-01   1.36e-01   6.34e-02   3.59e-01   0.00e+00 (  7.14e+01,  1.21e+02)
35      0.042   1.63e-01   1.64e-01   9.00e-02   4.29e-01   0.00e+00 (  7.38e+01,  1.27e+02)
40      0.054   1.90e-01   2.12e-01   1.16e-01   5.97e-01   0.00e+00 (  7.65e+01,  1.28e+02)
45      0.068   2.09e-01   2.53e-01   1.41e-01   7.95e-01   0.00e+00 (  7.33e+01,  1.24e+02)
50      0.078   2.26e-01   3.04e-01   1.54e-01   9.59e-01   0.00e+00 (  6.86e+01,  1.18e+02)
55      0.089   2.44e-01   3.61e-01   2.06e-01   1.13e+00   0.00e+00 (  6.37e+01,  1.11e+02)
60      0.096   2.55e-01   3.96e-01   2.44e-01   1.27e+00   0.00e+00 (  5.71e+01,  1.02e+02)
65      0.121   2.83e-01   4.65e-01   3.18e-01   1.66e+00   0.00e+00 (  5.34e+01,  9.34e+01)
70      0.129   2.91e-01   4.99e-01   3.84e-01   1.81e+00   0.00e+00 (  4.77e+01,  8.48e+01)
75      0.135   2.96e-01   5.23e-01   4.45e-01   1.93e+00   0.00e+00 (  4.27e+01,  7.65e+01)
80      0.137   2.94e-01   5.38e-01   4.80e-01   1.99e+00   0.00e+00 (  3.82e+01,  6.89e+01)
85      0.134   2.79e-01   5.28e-01   4.68e-01   1.99e+00   0.00e+00 (  3.34e+01,  6.21e+01)
90      0.136   2.80e-01   5.13e-01   4.60e-01   2.21e+00   0.00e+00 (  3.00e+01,  5.59e+01)
95      1.845   4.27e+00   5.27e+00   3.60e+00   1.18e+02   0.00e+00 (  1.68e+03,  5.05e+01)
22 e: 9.732e-07 i: 1.524e-05 :: e: 2.154e-02 i: 2.263e-02 :: n: 2.762e+01 e:18.820 i:18.979 v:4.993e+03
>>> tau_he = 5.000000, nhe(0)=2.181403e+00
 5     -0.003   3.48e-03   2.41e-01   3.31e-03  -1.48e-02   0.00e+00 (  8.68e-01,  2.64e+01)
10     -0.007   7.59e-03   4.80e-02  -1.81e-03  -3.64e-02   0.00e+00 (  3.65e+00,  5.31e+01)
15      0.011   5.62e-02   5.55e-03   1.11e-02   6.95e-02   0.00e+00 (  3.17e+01,  7.97e+01)
20      0.005   8.39e-02   5.74e-02   2.02e-02   4.07e-02   0.00e+00 (  4.78e+01,  9.80e+01)
25      0.025   1.12e-01   8.99e-02   3.36e-02   2.17e-01   0.00e+00 (  6.01e+01,  1.11e+02)
30      0.038   1.46e-01   1.35e-01   6.25e-02   3.59e-01   0.00e+00 (  7.15e+01,  1.21e+02)
35      0.042   1.63e-01   1.62e-01   8.91e-02   4.36e-01   0.00e+00 (  7.40e+01,  1.27e+02)
40      0.056   1.90e-01   1.98e-01   1.11e-01   6.13e-01   0.00e+00 (  7.66e+01,  1.28e+02)
45      0.068   2.09e-01   2.51e-01   1.41e-01   7.92e-01   0.00e+00 (  7.35e+01,  1.24e+02)
50      0.078   2.27e-01   3.03e-01   1.54e-01   9.60e-01   0.00e+00 (  6.89e+01,  1.18e+02)
55      0.089   2.45e-01   3.60e-01   2.05e-01   1.14e+00   0.00e+00 (  6.39e+01,  1.11e+02)
60      0.096   2.56e-01   3.96e-01   2.43e-01   1.27e+00   0.00e+00 (  5.74e+01,  1.02e+02)
65      0.122   2.84e-01   4.67e-01   3.20e-01   1.67e+00   0.00e+00 (  5.38e+01,  9.34e+01)
70      0.130   2.93e-01   5.02e-01   3.86e-01   1.82e+00   0.00e+00 (  4.81e+01,  8.48e+01)
75      0.136   2.98e-01   5.27e-01   4.48e-01   1.95e+00   0.00e+00 (  4.32e+01,  7.65e+01)
80      0.139   2.97e-01   5.44e-01   4.84e-01   2.02e+00   0.00e+00 (  3.87e+01,  6.89e+01)
85      0.136   2.81e-01   5.35e-01   4.74e-01   2.01e+00   0.00e+00 (  3.38e+01,  6.21e+01)
90      0.138   2.83e-01   5.20e-01   4.66e-01   2.24e+00   0.00e+00 (  3.03e+01,  5.59e+01)
95      1.844   4.27e+00   5.27e+00   3.60e+00   1.18e+02   0.00e+00 (  1.68e+03,  5.05e+01)
23 e: 1.951e-05 i: 3.865e-06 :: e: 1.628e-02 i: 1.960e-02 :: n: 2.762e+01 e:18.822 i:19.034 v:4.993e+03
>>> tau_he = 5.000000, nhe(0)=2.183484e+00
 5     -0.003   3.49e-03   2.43e-01   3.33e-03  -1.48e-02   0.00e+00 (  8.72e-01,  2.64e+01)
10     -0.007   7.56e-03   4.82e-02  -1.79e-03  -3.63e-02   0.00e+00 (  3.64e+00,  5.31e+01)
15      0.012   5.59e-02   5.66e-03   1.10e-02   7.74e-02   0.00e+00 (  3.16e+01,  7.97e+01)
20      0.005   8.42e-02   5.79e-02   2.04e-02   4.07e-02   0.00e+00 (  4.81e+01,  9.80e+01)
25      0.025   1.13e-01   9.05e-02   3.38e-02   2.18e-01   0.00e+00 (  6.07e+01,  1.11e+02)
30      0.038   1.47e-01   1.36e-01   6.29e-02   3.60e-01   0.00e+00 (  7.22e+01,  1.21e+02)
35      0.043   1.64e-01   1.63e-01   8.97e-02   4.38e-01   0.00e+00 (  7.49e+01,  1.27e+02)
40      0.051   1.89e-01   2.09e-01   1.12e-01   5.65e-01   0.00e+00 (  7.65e+01,  1.28e+02)
45      0.068   2.11e-01   2.54e-01   1.42e-01   7.99e-01   0.00e+00 (  7.47e+01,  1.24e+02)
50      0.079   2.29e-01   3.07e-01   1.56e-01   9.68e-01   0.00e+00 (  7.02e+01,  1.18e+02)
55      0.087   2.45e-01   3.64e-01   2.06e-01   1.12e+00   0.00e+00 (  6.47e+01,  1.11e+02)
60      0.096   2.59e-01   3.98e-01   2.48e-01   1.28e+00   0.00e+00 (  5.86e+01,  1.02e+02)
65      0.123   2.88e-01   4.73e-01   3.24e-01   1.68e+00   0.00e+00 (  5.49e+01,  9.34e+01)
70      0.131   2.96e-01   5.08e-01   3.90e-01   1.84e+00   0.00e+00 (  4.90e+01,  8.48e+01)
75      0.137   3.01e-01   5.33e-01   4.53e-01   1.96e+00   0.00e+00 (  4.40e+01,  7.65e+01)
80      0.139   2.99e-01   5.49e-01   4.88e-01   2.03e+00   0.00e+00 (  3.94e+01,  6.89e+01)
85      0.136   2.83e-01   5.39e-01   4.77e-01   2.02e+00   0.00e+00 (  3.43e+01,  6.21e+01)
90      0.138   2.84e-01   5.23e-01   4.69e-01   2.25e+00   0.00e+00 (  3.07e+01,  5.59e+01)
95      1.844   4.26e+00   5.27e+00   3.60e+00   1.18e+02   0.00e+00 (  1.68e+03,  5.05e+01)
24 e: 1.470e-06 i: 1.679e-05 :: e: 1.035e-02 i: 1.197e-02 :: n: 2.762e+01 e:18.899 i:19.052 v:4.993e+03
>>> tau_he = 5.000000, nhe(0)=2.191297e+00
 5     -0.003   3.52e-03   2.46e-01   3.34e-03  -1.49e-02   0.00e+00 (  8.80e-01,  2.64e+01)
10     -0.007   7.56e-03   4.85e-02  -1.75e-03  -3.61e-02   0.00e+00 (  3.64e+00,  5.31e+01)
15      0.012   5.60e-02   5.04e-03   1.10e-02   7.84e-02   0.00e+00 (  3.16e+01,  7.97e+01)
20      0.014   8.27e-02   5.46e-02   1.99e-02   1.06e-01   0.00e+00 (  4.72e+01,  9.80e+01)
25      0.025   1.13e-01   8.97e-02   3.34e-02   2.17e-01   0.00e+00 (  6.09e+01,  1.11e+02)
30      0.038   1.47e-01   1.35e-01   6.21e-02   3.60e-01   0.00e+00 (  7.25e+01,  1.21e+02)
35      0.043   1.65e-01   1.62e-01   8.87e-02   4.37e-01   0.00e+00 (  7.51e+01,  1.27e+02)
40      0.054   1.93e-01   2.11e-01   1.13e-01   5.98e-01   0.00e+00 (  7.81e+01,  1.28e+02)
45      0.068   2.11e-01   2.52e-01   1.42e-01   7.98e-01   0.00e+00 (  7.50e+01,  1.24e+02)
50      0.079   2.30e-01   3.06e-01   1.55e-01   9.69e-01   0.00e+00 (  7.05e+01,  1.18e+02)
55      0.087   2.46e-01   3.63e-01   2.05e-01   1.12e+00   0.00e+00 (  6.50e+01,  1.11e+02)
60      0.097   2.60e-01   3.98e-01   2.48e-01   1.29e+00   0.00e+00 (  5.90e+01,  1.02e+02)
65      0.124   2.89e-01   4.75e-01   3.25e-01   1.70e+00   0.00e+00 (  5.54e+01,  9.34e+01)
70      0.132   2.98e-01   5.11e-01   3.93e-01   1.85e+00   0.00e+00 (  4.95e+01,  8.48e+01)
75      0.139   3.04e-01   5.38e-01   4.56e-01   1.98e+00   0.00e+00 (  4.45e+01,  7.65e+01)
80      0.141   3.02e-01   5.55e-01   4.93e-01   2.05e+00   0.00e+00 (  3.99e+01,  6.89e+01)
85      0.138   2.86e-01   5.46e-01   4.83e-01   2.05e+00   0.00e+00 (  3.48e+01,  6.21e+01)
90      0.140   2.87e-01   5.31e-01   4.75e-01   2.28e+00   0.00e+00 (  3.11e+01,  5.59e+01)
95      1.844   4.26e+00   5.27e+00   3.60e+00   1.18e+02   0.00e+00 (  1.68e+03,  5.05e+01)
25 e: 2.152e-05 i: 3.878e-06 :: e: 5.426e-03 i: 8.359e-03 :: n: 2.762e+01 e:18.913 i:19.121 v:4.993e+03
>>> tau_he = 5.000000, nhe(0)=2.194494e+00
 5     -0.003   3.54e-03   2.47e-01   3.36e-03  -1.49e-02   0.00e+00 (  8.86e-01,  2.64e+01)
10     -0.007   7.44e-03   4.76e-02  -1.69e-03  -3.74e-02   0.00e+00 (  3.59e+00,  5.31e+01)
15      0.012   5.64e-02   5.24e-03   1.10e-02   7.92e-02   0.00e+00 (  3.19e+01,  7.97e+01)
20      0.005   8.50e-02   5.80e-02   2.03e-02   4.09e-02   0.00e+00 (  4.86e+01,  9.80e+01)
25      0.025   1.14e-01   9.06e-02   3.37e-02   2.18e-01   0.00e+00 (  6.15e+01,  1.11e+02)
30      0.038   1.48e-01   1.36e-01   6.26e-02   3.61e-01   0.00e+00 (  7.33e+01,  1.21e+02)
35      0.043   1.66e-01   1.64e-01   8.93e-02   4.39e-01   0.00e+00 (  7.61e+01,  1.27e+02)
40      0.051   1.91e-01   2.10e-01   1.11e-01   5.65e-01   0.00e+00 (  7.80e+01,  1.28e+02)
45      0.069   2.13e-01   2.56e-01   1.43e-01   8.05e-01   0.00e+00 (  7.62e+01,  1.24e+02)
50      0.080   2.33e-01   3.10e-01   1.56e-01   9.78e-01   0.00e+00 (  7.19e+01,  1.18e+02)
55      0.088   2.49e-01   3.68e-01   2.07e-01   1.13e+00   0.00e+00 (  6.64e+01,  1.11e+02)
60      0.098   2.63e-01   4.03e-01   2.51e-01   1.30e+00   0.00e+00 (  6.03e+01,  1.02e+02)
65      0.125   2.93e-01   4.82e-01   3.29e-01   1.71e+00   0.00e+00 (  5.65e+01,  9.34e+01)
70      0.133   3.02e-01   5.17e-01   3.97e-01   1.86e+00   0.00e+00 (  5.05e+01,  8.48e+01)
75      0.139   3.07e-01   5.44e-01   4.61e-01   2.00e+00   0.00e+00 (  4.54e+01,  7.65e+01)
80      0.142   3.05e-01   5.61e-01   4.98e-01   2.06e+00   0.00e+00 (  4.06e+01,  6.89e+01)
85      0.139   2.88e-01   5.51e-01   4.87e-01   2.05e+00   0.00e+00 (  3.54e+01,  6.21e+01)
90      0.141   2.88e-01   5.35e-01   4.78e-01   2.28e+00   0.00e+00 (  3.16e+01,  5.59e+01)
95      1.844   4.26e+00   5.27e+00   3.60e+00   1.18e+02   0.00e+00 (  1.68e+03,  5.05e+01)
26 e: 1.596e-06 i: 1.699e-05 :: e: 2.941e-03 i: 6.001e-03 :: n: 2.762e+01 e:19.000 i:19.149 v:4.993e+03
>>> tau_he = 5.000000, nhe(0)=2.203045e+00
 5     -0.003   3.58e-03   2.50e-01   3.37e-03  -1.50e-02   0.00e+00 (  8.95e-01,  2.64e+01)
10     -0.002   1.50e-03  -4.30e-03  -1.20e-03  -1.23e-02   0.00e+00 (  7.21e-01,  5.31e+01)
15      0.012   5.66e-02   4.72e-03   1.11e-02   8.01e-02   0.00e+00 (  3.20e+01,  7.97e+01)
20      0.014   8.35e-02   5.47e-02   1.98e-02   1.06e-01   0.00e+00 (  4.78e+01,  9.80e+01)
25      0.026   1.14e-01   8.97e-02   3.36e-02   2.20e-01   0.00e+00 (  6.17e+01,  1.11e+02)
30      0.038   1.48e-01   1.35e-01   6.18e-02   3.61e-01   0.00e+00 (  7.36e+01,  1.21e+02)
35      0.043   1.67e-01   1.62e-01   8.84e-02   4.39e-01   0.00e+00 (  7.64e+01,  1.27e+02)
40      0.051   1.92e-01   2.09e-01   1.10e-01   5.64e-01   0.00e+00 (  7.84e+01,  1.28e+02)
45      0.069   2.14e-01   2.54e-01   1.43e-01   8.04e-01   0.00e+00 (  7.65e+01,  1.24e+02)
50      0.080   2.33e-01   3.09e-01   1.56e-01   9.79e-01   0.00e+00 (  7.23e+01,  1.18e+02)
55      0.088   2.50e-01   3.67e-01   2.06e-01   1.13e+00   0.00e+00 (  6.68e+01,  1.11e+02)
60      0.099   2.65e-01   4.03e-01   2.54e-01   1.31e+00   0.00e+00 (  6.08e+01,  1.02e+02)
65      0.126   2.95e-01   4.84e-01   3.32e-01   1.72e+00   0.00e+00 (  5.70e+01,  9.34e+01)
70      0.134   3.04e-01   5.20e-01   3.99e-01   1.88e+00   0.00e+00 (  5.09e+01,  8.48e+01)
75      0.141   3.10e-01   5.48e-01   4.64e-01   2.02e+00   0.00e+00 (  4.59e+01,  7.65e+01)
80      0.144   3.08e-01   5.67e-01   5.03e-01   2.09e+00   0.00e+00 (  4.11e+01,  6.89e+01)
85      0.141   2.92e-01   5.58e-01   4.93e-01   2.08e+00   0.00e+00 (  3.58e+01,  6.21e+01)
90      0.144   2.94e-01   5.48e-01   4.91e-01   2.33e+00   0.00e+00 (  3.23e+01,  5.59e+01)
95      1.844   4.26e+00   5.26e+00   3.60e+00   1.18e+02   0.00e+00 (  1.68e+03,  5.05e+01)
27 e: 2.237e-05 i: 1.642e-05 :: e: 6.515e-03 i: 1.274e-02 :: n: 2.762e+01 e:19.019 i:19.225 v:4.993e+03
>>> tau_he = 5.000000, nhe(0)=2.209757e+00
 5     -0.003   3.61e-03   2.52e-01   3.38e-03  -1.51e-02   0.00e+00 (  9.04e-01,  2.64e+01)
10     -0.007   7.72e-03   4.95e-02  -1.78e-03  -3.71e-02   0.00e+00 (  3.74e+00,  5.31e+01)
15      0.012   5.76e-02   5.88e-03   1.13e-02   8.22e-02   0.00e+00 (  3.27e+01,  7.97e+01)
20      0.005   8.59e-02   5.83e-02   2.01e-02   4.10e-02   0.00e+00 (  4.93e+01,  9.80e+01)
25      0.026   1.15e-01   9.09e-02   3.35e-02   2.19e-01   0.00e+00 (  6.25e+01,  1.11e+02)
30      0.038   1.49e-01   1.37e-01   6.23e-02   3.64e-01   0.00e+00 (  7.45e+01,  1.21e+02)
35      0.043   1.68e-01   1.64e-01   8.91e-02   4.42e-01   0.00e+00 (  7.75e+01,  1.27e+02)
40      0.052   1.94e-01   2.11e-01   1.11e-01   5.67e-01   0.00e+00 (  7.96e+01,  1.28e+02)
45      0.070   2.16e-01   2.58e-01   1.44e-01   8.12e-01   0.00e+00 (  7.78e+01,  1.24e+02)
50      0.081   2.36e-01   3.13e-01   1.57e-01   9.88e-01   0.00e+00 (  7.36e+01,  1.18e+02)
55      0.089   2.53e-01   3.72e-01   2.08e-01   1.14e+00   0.00e+00 (  6.81e+01,  1.11e+02)
60      0.099   2.68e-01   4.08e-01   2.57e-01   1.32e+00   0.00e+00 (  6.20e+01,  1.02e+02)
65      0.127   2.98e-01   4.90e-01   3.36e-01   1.74e+00   0.00e+00 (  5.81e+01,  9.34e+01)
70      0.135   3.07e-01   5.27e-01   4.04e-01   1.89e+00   0.00e+00 (  5.19e+01,  8.48e+01)
75      0.142   3.13e-01   5.55e-01   4.69e-01   2.03e+00   0.00e+00 (  4.67e+01,  7.65e+01)
80      0.144   3.11e-01   5.73e-01   5.07e-01   2.10e+00   0.00e+00 (  4.19e+01,  6.89e+01)
85      0.141   2.94e-01   5.63e-01   4.97e-01   2.08e+00   0.00e+00 (  3.64e+01,  6.21e+01)
90      0.144   2.95e-01   5.51e-01   4.93e-01   2.34e+00   0.00e+00 (  3.27e+01,  5.59e+01)
95      1.844   4.26e+00   5.27e+00   3.60e+00   1.18e+02   0.00e+00 (  1.68e+03,  5.05e+01)
28 e: 2.148e-06 i: 1.655e-05 :: e: 9.962e-03 i: 1.218e-02 :: n: 2.762e+01 e:19.111 i:19.285 v:4.993e+03
>>> tau_he = 5.000000, nhe(0)=2.218127e+00
 5     -0.003   3.64e-03   2.55e-01   3.40e-03  -1.53e-02   0.00e+00 (  9.15e-01,  2.64e+01)
10     -0.002   1.57e-03  -4.39e-03  -1.21e-03  -1.26e-02   0.00e+00 (  7.65e-01,  5.31e+01)
15      0.012   5.91e-02   5.31e-03   1.13e-02   8.12e-02   0.00e+00 (  3.36e+01,  7.97e+01)
20      0.005   8.63e-02   5.78e-02   1.99e-02   4.04e-02   0.00e+00 (  4.96e+01,  9.80e+01)
25      0.026   1.15e-01   9.02e-02   3.35e-02   2.21e-01   0.00e+00 (  6.29e+01,  1.11e+02)
30      0.038   1.50e-01   1.36e-01   6.16e-02   3.64e-01   0.00e+00 (  7.49e+01,  1.21e+02)
35      0.043   1.69e-01   1.63e-01   8.83e-02   4.42e-01   0.00e+00 (  7.79e+01,  1.27e+02)
40      0.051   1.94e-01   2.10e-01   1.09e-01   5.66e-01   0.00e+00 (  8.01e+01,  1.28e+02)
45      0.069   2.16e-01   2.56e-01   1.43e-01   8.11e-01   0.00e+00 (  7.82e+01,  1.24e+02)
50      0.081   2.36e-01   3.12e-01   1.56e-01   9.89e-01   0.00e+00 (  7.40e+01,  1.18e+02)
55      0.089   2.53e-01   3.72e-01   2.07e-01   1.14e+00   0.00e+00 (  6.85e+01,  1.11e+02)
60      0.100   2.69e-01   4.09e-01   2.57e-01   1.33e+00   0.00e+00 (  6.25e+01,  1.02e+02)
65      0.128   3.00e-01   4.92e-01   3.37e-01   1.75e+00   0.00e+00 (  5.86e+01,  9.34e+01)
70      0.136   3.09e-01   5.30e-01   4.06e-01   1.91e+00   0.00e+00 (  5.24e+01,  8.48e+01)
75      0.143   3.16e-01   5.59e-01   4.72e-01   2.05e+00   0.00e+00 (  4.72e+01,  7.65e+01)
80      0.146   3.14e-01   5.79e-01   5.12e-01   2.12e+00   0.00e+00 (  4.24e+01,  6.89e+01)
85      0.143   2.97e-01   5.70e-01   5.02e-01   2.11e+00   0.00e+00 (  3.69e+01,  6.21e+01)
90      0.146   2.98e-01   5.59e-01   5.00e-01   2.36e+00   0.00e+00 (  3.31e+01,  5.59e+01)
95      1.843   4.26e+00   5.26e+00   3.60e+00   1.18e+02   0.00e+00 (  1.68e+03,  5.05e+01)
29 e: 1.974e-05 i: 1.661e-05 :: e: 1.346e-02 i: 1.646e-02 :: n: 2.762e+01 e:19.144 i:19.360 v:4.993e+03
>>> tau_he = 5.000000, nhe(0)=2.224966e+00
 5     -0.004   3.67e-03   2.56e-01   3.41e-03  -1.54e-02   0.00e+00 (  9.24e-01,  2.64e+01)
10     -0.007   7.90e-03   5.02e-02  -1.82e-03  -3.83e-02   0.00e+00 (  3.86e+00,  5.31e+01)
15      0.012   5.95e-02   5.67e-03   1.25e-02   8.10e-02   0.00e+00 (  3.39e+01,  7.97e+01)
20      0.005   8.69e-02   5.86e-02   2.00e-02   4.08e-02   0.00e+00 (  5.01e+01,  9.80e+01)
25      0.026   1.16e-01   9.13e-02   3.34e-02   2.20e-01   0.00e+00 (  6.36e+01,  1.11e+02)
30      0.039   1.51e-01   1.37e-01   6.21e-02   3.66e-01   0.00e+00 (  7.58e+01,  1.21e+02)
35      0.042   1.70e-01   1.66e-01   8.88e-02   4.35e-01   0.00e+00 (  7.89e+01,  1.27e+02)
40      0.052   1.96e-01   2.12e-01   1.10e-01   5.70e-01   0.00e+00 (  8.12e+01,  1.28e+02)
45      0.070   2.18e-01   2.60e-01   1.44e-01   8.19e-01   0.00e+00 (  7.95e+01,  1.24e+02)
50      0.081   2.40e-01   3.16e-01   1.58e-01   9.99e-01   0.00e+00 (  7.57e+01,  1.18e+02)
55      0.090   2.56e-01   3.76e-01   2.09e-01   1.15e+00   0.00e+00 (  6.97e+01,  1.11e+02)
60      0.101   2.72e-01   4.14e-01   2.61e-01   1.34e+00   0.00e+00 (  6.37e+01,  1.02e+02)
65      0.129   3.03e-01   4.98e-01   3.42e-01   1.76e+00   0.00e+00 (  5.97e+01,  9.34e+01)
70      0.137   3.12e-01   5.36e-01   4.10e-01   1.92e+00   0.00e+00 (  5.34e+01,  8.48e+01)
75      0.144   3.19e-01   5.65e-01   4.77e-01   2.06e+00   0.00e+00 (  4.81e+01,  7.65e+01)
80      0.146   3.17e-01   5.84e-01   5.16e-01   2.13e+00   0.00e+00 (  4.31e+01,  6.89e+01)
85      0.143   2.99e-01   5.74e-01   5.06e-01   2.12e+00   0.00e+00 (  3.75e+01,  6.21e+01)
90      0.146   2.98e-01   5.62e-01   5.02e-01   2.37e+00   0.00e+00 (  3.35e+01,  5.59e+01)
95      1.844   4.26e+00   5.26e+00   3.60e+00   1.18e+02   0.00e+00 (  1.68e+03,  5.05e+01)
30 e: 1.969e-06 i: 1.441e-05 :: e: 1.676e-02 i: 1.839e-02 :: n: 2.762e+01 e:19.230 i:19.421 v:4.993e+03
>>> tau_he = 5.000000, nhe(0)=2.232414e+00
 5     -0.004   3.70e-03   2.59e-01   3.43e-03  -1.56e-02   0.00e+00 (  9.36e-01,  2.64e+01)
10     -0.007   7.91e-03   5.06e-02  -1.78e-03  -3.83e-02   0.00e+00 (  3.88e+00,  5.31e+01)
15      0.012   5.97e-02   5.13e-03   1.25e-02   8.12e-02   0.00e+00 (  3.41e+01,  7.97e+01)
20      0.005   8.72e-02   5.82e-02   1.97e-02   4.01e-02   0.00e+00 (  5.04e+01,  9.80e+01)
25      0.026   1.17e-01   9.07e-02   3.34e-02   2.23e-01   0.00e+00 (  6.39e+01,  1.11e+02)
30      0.039   1.52e-01   1.37e-01   6.15e-02   3.66e-01   0.00e+00 (  7.62e+01,  1.21e+02)
35      0.042   1.70e-01   1.65e-01   8.80e-02   4.35e-01   0.00e+00 (  7.93e+01,  1.27e+02)
40      0.052   1.96e-01   2.11e-01   1.09e-01   5.69e-01   0.00e+00 (  8.17e+01,  1.28e+02)
45      0.070   2.19e-01   2.59e-01   1.44e-01   8.18e-01   0.00e+00 (  7.99e+01,  1.24e+02)
50      0.082   2.41e-01   3.15e-01   1.58e-01   1.00e+00   0.00e+00 (  7.60e+01,  1.18e+02)
55      0.090   2.58e-01   3.76e-01   2.08e-01   1.15e+00   0.00e+00 (  7.03e+01,  1.11e+02)
60      0.101   2.73e-01   4.14e-01   2.61e-01   1.34e+00   0.00e+00 (  6.41e+01,  1.02e+02)
65      0.130   3.05e-01   5.00e-01   3.43e-01   1.77e+00   0.00e+00 (  6.01e+01,  9.34e+01)
70      0.138   3.14e-01   5.39e-01   4.12e-01   1.93e+00   0.00e+00 (  5.37e+01,  8.48e+01)
75      0.145   3.20e-01   5.69e-01   4.80e-01   2.08e+00   0.00e+00 (  4.84e+01,  7.65e+01)
80      0.148   3.20e-01   5.88e-01   5.25e-01   2.15e+00   0.00e+00 (  4.36e+01,  6.89e+01)
85      0.145   3.01e-01   5.81e-01   5.11e-01   2.14e+00   0.00e+00 (  3.79e+01,  6.21e+01)
90      0.147   3.01e-01   5.69e-01   5.08e-01   2.39e+00   0.00e+00 (  3.39e+01,  5.59e+01)
95      1.843   4.25e+00   5.26e+00   3.60e+00   1.18e+02   0.00e+00 (  1.68e+03,  5.05e+01)
31 e: 1.495e-05 i: 3.389e-06 :: e: 1.835e-02 i: 1.884e-02 :: n: 2.762e+01 e:19.261 i:19.489 v:4.993e+03
>>> tau_he = 5.000000, nhe(0)=2.235403e+00
 5     -0.004   3.72e-03   2.61e-01   3.45e-03  -1.56e-02   0.00e+00 (  9.42e-01,  2.64e+01)
10     -0.002   1.64e-03  -4.45e-03  -1.21e-03  -1.28e-02   0.00e+00 (  8.04e-01,  5.31e+01)
15      0.012   6.01e-02   5.22e-03   1.25e-02   8.17e-02   0.00e+00 (  3.43e+01,  7.97e+01)
20      0.005   8.77e-02   5.88e-02   1.98e-02   4.03e-02   0.00e+00 (  5.08e+01,  9.80e+01)
25      0.026   1.17e-01   9.16e-02   3.36e-02   2.24e-01   0.00e+00 (  6.45e+01,  1.11e+02)
30      0.039   1.53e-01   1.38e-01   6.20e-02   3.68e-01   0.00e+00 (  7.70e+01,  1.21e+02)
35      0.043   1.71e-01   1.66e-01   8.87e-02   4.37e-01   0.00e+00 (  8.02e+01,  1.27e+02)
40      0.052   1.98e-01   2.13e-01   1.10e-01   5.72e-01   0.00e+00 (  8.27e+01,  1.28e+02)
45      0.071   2.21e-01   2.62e-01   1.45e-01   8.26e-01   0.00e+00 (  8.10e+01,  1.24e+02)
50      0.082   2.42e-01   3.19e-01   1.59e-01   1.01e+00   0.00e+00 (  7.71e+01,  1.18e+02)
55      0.090   2.60e-01   3.80e-01   2.10e-01   1.16e+00   0.00e+00 (  7.14e+01,  1.11e+02)
60      0.102   2.76e-01   4.19e-01   2.66e-01   1.35e+00   0.00e+00 (  6.52e+01,  1.02e+02)
65      0.131   3.07e-01   5.06e-01   3.46e-01   1.78e+00   0.00e+00 (  6.11e+01,  9.34e+01)
70      0.139   3.17e-01   5.44e-01   4.16e-01   1.94e+00   0.00e+00 (  5.46e+01,  8.48e+01)
75      0.146   3.23e-01   5.74e-01   4.84e-01   2.09e+00   0.00e+00 (  4.91e+01,  7.65e+01)
80      0.148   3.21e-01   5.94e-01   5.23e-01   2.16e+00   0.00e+00 (  4.41e+01,  6.89e+01)
85      0.145   3.02e-01   5.84e-01   5.14e-01   2.14e+00   0.00e+00 (  3.83e+01,  6.21e+01)
90      0.148   3.02e-01   5.71e-01   5.10e-01   2.39e+00   0.00e+00 (  3.43e+01,  5.59e+01)
95      1.844   4.25e+00   5.26e+00   3.60e+00   1.18e+02   0.00e+00 (  1.68e+03,  5.05e+01)
32 e: 9.978e-07 i: 2.493e-05 :: e: 2.116e-02 i: 2.404e-02 :: n: 2.762e+01 e:19.333 i:19.516 v:4.993e+03
>>> tau_he = 5.000000, nhe(0)=2.245065e+00
 5     -0.004   3.76e-03   2.63e-01   3.46e-03  -1.57e-02   0.00e+00 (  9.52e-01,  2.64e+01)
10     -0.007   8.06e-03   5.12e-02  -1.82e-03  -3.91e-02   0.00e+00 (  3.97e+00,  5.31e+01)
15      0.013   5.98e-02   5.84e-03   1.31e-02   8.64e-02   0.00e+00 (  3.41e+01,  7.97e+01)
20      0.005   8.75e-02   5.80e-02   2.27e-02   3.81e-02   0.00e+00 (  5.06e+01,  9.80e+01)
25      0.026   1.18e-01   9.12e-02   3.34e-02   2.24e-01   0.00e+00 (  6.47e+01,  1.11e+02)
30      0.039   1.53e-01   1.37e-01   6.14e-02   3.69e-01   0.00e+00 (  7.72e+01,  1.21e+02)
35      0.043   1.72e-01   1.66e-01   8.80e-02   4.37e-01   0.00e+00 (  8.05e+01,  1.27e+02)
40      0.052   1.98e-01   2.12e-01   1.09e-01   5.71e-01   0.00e+00 (  8.30e+01,  1.28e+02)
45      0.071   2.21e-01   2.61e-01   1.45e-01   8.25e-01   0.00e+00 (  8.12e+01,  1.24e+02)
50      0.082   2.43e-01   3.18e-01   1.58e-01   1.01e+00   0.00e+00 (  7.73e+01,  1.18e+02)
55      0.091   2.60e-01   3.79e-01   2.09e-01   1.16e+00   0.00e+00 (  7.17e+01,  1.11e+02)
60      0.103   2.77e-01   4.19e-01   2.66e-01   1.36e+00   0.00e+00 (  6.54e+01,  1.02e+02)
65      0.131   3.08e-01   5.06e-01   3.47e-01   1.79e+00   0.00e+00 (  6.13e+01,  9.34e+01)
70      0.140   3.18e-01   5.46e-01   4.17e-01   1.96e+00   0.00e+00 (  5.49e+01,  8.48e+01)
75      0.147   3.25e-01   5.77e-01   4.86e-01   2.10e+00   0.00e+00 (  4.95e+01,  7.65e+01)
80      0.150   3.25e-01   5.97e-01   5.31e-01   2.18e+00   0.00e+00 (  4.46e+01,  6.89e+01)
85      0.146   3.04e-01   5.90e-01   5.18e-01   2.16e+00   0.00e+00 (  3.86e+01,  6.21e+01)
90      0.149   3.04e-01   5.78e-01   5.15e-01   2.42e+00   0.00e+00 (  3.46e+01,  5.59e+01)
95      1.843   4.25e+00   5.26e+00   3.60e+00   1.18e+02   0.00e+00 (  1.68e+03,  5.05e+01)
33 e: 1.348e-05 i: 2.637e-06 :: e: 2.102e-02 i: 2.194e-02 :: n: 2.762e+01 e:19.349 i:19.604 v:4.993e+03
>>> tau_he = 5.000000, nhe(0)=2.246651e+00
 5     -0.004   3.77e-03   2.65e-01   3.48e-03  -1.59e-02   0.00e+00 (  9.59e-01,  2.64e+01)
10     -0.007   8.05e-03   5.14e-02  -1.79e-03  -3.93e-02   0.00e+00 (  3.98e+00,  5.31e+01)
15      0.013   6.02e-02   5.98e-03   1.32e-02   8.59e-02   0.00e+00 (  3.45e+01,  7.97e+01)
20      0.005   8.85e-02   5.91e-02   1.97e-02   3.98e-02   0.00e+00 (  5.14e+01,  9.80e+01)
25      0.026   1.18e-01   9.21e-02   3.36e-02   2.25e-01   0.00e+00 (  6.54e+01,  1.11e+02)
30      0.039   1.54e-01   1.39e-01   6.19e-02   3.70e-01   0.00e+00 (  7.80e+01,  1.21e+02)
35      0.043   1.73e-01   1.67e-01   8.87e-02   4.39e-01   0.00e+00 (  8.14e+01,  1.27e+02)
40      0.052   2.00e-01   2.14e-01   1.10e-01   5.74e-01   0.00e+00 (  8.40e+01,  1.28e+02)
45      0.071   2.23e-01   2.64e-01   1.45e-01   8.31e-01   0.00e+00 (  8.23e+01,  1.24e+02)
50      0.083   2.45e-01   3.22e-01   1.59e-01   1.02e+00   0.00e+00 (  7.84e+01,  1.18e+02)
55      0.091   2.63e-01   3.83e-01   2.11e-01   1.17e+00   0.00e+00 (  7.27e+01,  1.11e+02)
60      0.103   2.79e-01   4.23e-01   2.68e-01   1.37e+00   0.00e+00 (  6.64e+01,  1.02e+02)
65      0.132   3.11e-01   5.11e-01   3.50e-01   1.80e+00   0.00e+00 (  6.22e+01,  9.34e+01)
70      0.140   3.21e-01   5.50e-01   4.20e-01   1.96e+00   0.00e+00 (  5.57e+01,  8.48e+01)
75      0.147   3.27e-01   5.81e-01   4.89e-01   2.11e+00   0.00e+00 (  5.01e+01,  7.65e+01)
80      0.150   3.26e-01   6.01e-01   5.34e-01   2.18e+00   0.00e+00 (  4.52e+01,  6.89e+01)
85      0.146   3.06e-01   5.93e-01   5.21e-01   2.17e+00   0.00e+00 (  3.91e+01,  6.21e+01)
90      0.149   3.05e-01   5.80e-01   5.17e-01   2.42e+00   0.00e+00 (  3.50e+01,  5.59e+01)
95      1.843   4.25e+00   5.26e+00   3.60e+00   1.18e+02   0.00e+00 (  1.69e+03,  5.05e+01)
34 e: 1.658e-07 i: 8.761e-06 :: e: 2.279e-02 i: 2.413e-02 :: n: 2.762e+01 e:19.427 i:19.619 v:4.993e+03
>>> tau_he = 5.000000, nhe(0)=2.252254e+00
 5     -0.004   3.79e-03   2.68e-01   3.48e-03  -1.59e-02   0.00e+00 (  9.66e-01,  2.64e+01)
10     -0.002   1.68e-03  -4.46e-03  -1.20e-03  -1.30e-02   0.00e+00 (  8.29e-01,  5.31e+01)
15      0.013   6.02e-02   5.37e-03   1.31e-02   8.66e-02   0.00e+00 (  3.44e+01,  7.97e+01)
20      0.005   8.81e-02   5.82e-02   2.26e-02   3.77e-02   0.00e+00 (  5.11e+01,  9.80e+01)
25      0.026   1.19e-01   9.15e-02   3.33e-02   2.25e-01   0.00e+00 (  6.54e+01,  1.11e+02)
30      0.039   1.54e-01   1.38e-01   6.13e-02   3.71e-01   0.00e+00 (  7.80e+01,  1.21e+02)
35      0.043   1.73e-01   1.66e-01   8.80e-02   4.39e-01   0.00e+00 (  8.15e+01,  1.27e+02)
40      0.052   2.00e-01   2.13e-01   1.09e-01   5.73e-01   0.00e+00 (  8.41e+01,  1.28e+02)
45      0.071   2.23e-01   2.62e-01   1.45e-01   8.31e-01   0.00e+00 (  8.23e+01,  1.24e+02)
50      0.083   2.45e-01   3.20e-01   1.59e-01   1.02e+00   0.00e+00 (  7.84e+01,  1.18e+02)
55      0.091   2.63e-01   3.82e-01   2.10e-01   1.17e+00   0.00e+00 (  7.27e+01,  1.11e+02)
60      0.103   2.80e-01   4.23e-01   2.68e-01   1.37e+00   0.00e+00 (  6.65e+01,  1.02e+02)
65      0.132   3.11e-01   5.11e-01   3.50e-01   1.81e+00   0.00e+00 (  6.23e+01,  9.34e+01)
70      0.141   3.21e-01   5.52e-01   4.21e-01   1.97e+00   0.00e+00 (  5.58e+01,  8.48e+01)
75      0.148   3.28e-01   5.84e-01   4.91e-01   2.12e+00   0.00e+00 (  5.03e+01,  7.65e+01)
80      0.151   3.28e-01   6.04e-01   5.37e-01   2.20e+00   0.00e+00 (  4.54e+01,  6.89e+01)
85      0.148   3.08e-01   5.98e-01   5.25e-01   2.18e+00   0.00e+00 (  3.94e+01,  6.21e+01)
90      0.150   3.07e-01   5.85e-01   5.21e-01   2.44e+00   0.00e+00 (  3.53e+01,  5.59e+01)
95      1.843   4.25e+00   5.26e+00   3.60e+00   1.18e+02   0.00e+00 (  1.69e+03,  5.05e+01)
35 e: 9.214e-06 i: 1.368e-05 :: e: 2.259e-02 i: 2.471e-02 :: n: 2.762e+01 e:19.425 i:19.670 v:4.993e+03
>>> tau_he = 5.000000, nhe(0)=2.255884e+00
 5     -0.004   3.81e-03   2.68e-01   3.49e-03  -1.60e-02   0.00e+00 (  9.71e-01,  2.64e+01)
10     -0.007   8.17e-03   5.19e-02  -1.82e-03  -4.00e-02   0.00e+00 (  4.05e+00,  5.31e+01)
15      0.004   5.82e-02   1.09e-02   8.51e-03   2.46e-02   0.00e+00 (  3.34e+01,  7.97e+01)
20      0.005   8.43e-02   5.92e-02   2.36e-02   3.51e-02   0.00e+00 (  4.90e+01,  9.80e+01)
25      0.026   1.19e-01   9.25e-02   3.36e-02   2.27e-01   0.00e+00 (  6.59e+01,  1.11e+02)
30      0.039   1.55e-01   1.39e-01   6.18e-02   3.72e-01   0.00e+00 (  7.86e+01,  1.21e+02)
35      0.043   1.74e-01   1.68e-01   8.87e-02   4.41e-01   0.00e+00 (  8.21e+01,  1.27e+02)
40      0.052   2.01e-01   2.15e-01   1.11e-01   5.76e-01   0.00e+00 (  8.49e+01,  1.28e+02)
45      0.072   2.24e-01   2.65e-01   1.46e-01   8.37e-01   0.00e+00 (  8.32e+01,  1.24e+02)
50      0.083   2.47e-01   3.24e-01   1.60e-01   1.02e+00   0.00e+00 (  7.93e+01,  1.18e+02)
55      0.092   2.65e-01   3.86e-01   2.12e-01   1.17e+00   0.00e+00 (  7.36e+01,  1.11e+02)
60      0.104   2.82e-01   4.26e-01   2.71e-01   1.38e+00   0.00e+00 (  6.73e+01,  1.02e+02)
65      0.133   3.13e-01   5.15e-01   3.53e-01   1.81e+00   0.00e+00 (  6.30e+01,  9.34e+01)
70      0.141   3.23e-01   5.55e-01   4.24e-01   1.98e+00   0.00e+00 (  5.64e+01,  8.48e+01)
75      0.148   3.30e-01   5.87e-01   4.94e-01   2.12e+00   0.00e+00 (  5.09e+01,  7.65e+01)
80      0.151   3.30e-01   6.07e-01   5.39e-01   2.20e+00   0.00e+00 (  4.59e+01,  6.89e+01)
85      0.148   3.08e-01   6.00e-01   5.26e-01   2.18e+00   0.00e+00 (  3.97e+01,  6.21e+01)
90      0.150   3.07e-01   5.86e-01   5.22e-01   2.43e+00   0.00e+00 (  3.55e+01,  5.59e+01)
95      1.843   4.25e+00   5.26e+00   3.60e+00   1.18e+02   0.00e+00 (  1.69e+03,  5.05e+01)
36 e: 2.714e-07 i: 5.775e-06 :: e: 2.233e-02 i: 2.471e-02 :: n: 2.762e+01 e:19.486 i:19.704 v:4.993e+03
>>> tau_he = 5.000000, nhe(0)=2.259673e+00
 5     -0.004   3.82e-03   2.70e-01   3.50e-03  -1.61e-02   0.00e+00 (  9.78e-01,  2.64e+01)
10     -0.007   8.02e-03   5.08e-02  -1.74e-03  -4.12e-02   0.00e+00 (  3.99e+00,  5.31e+01)
15      0.013   6.10e-02   5.91e-03   1.33e-02   8.72e-02   0.00e+00 (  3.50e+01,  7.97e+01)
20      0.005   8.88e-02   5.85e-02   2.25e-02   3.61e-02   0.00e+00 (  5.17e+01,  9.80e+01)
25      0.026   1.19e-01   9.19e-02   3.33e-02   2.26e-01   0.00e+00 (  6.60e+01,  1.11e+02)
30      0.039   1.55e-01   1.38e-01   6.13e-02   3.72e-01   0.00e+00 (  7.87e+01,  1.21e+02)
35      0.043   1.74e-01   1.67e-01   8.80e-02   4.40e-01   0.00e+00 (  8.22e+01,  1.27e+02)
40      0.052   2.01e-01   2.14e-01   1.10e-01   5.75e-01   0.00e+00 (  8.49e+01,  1.28e+02)
45      0.072   2.24e-01   2.64e-01   1.45e-01   8.35e-01   0.00e+00 (  8.31e+01,  1.24e+02)
50      0.083   2.46e-01   3.22e-01   1.59e-01   1.02e+00   0.00e+00 (  7.93e+01,  1.18e+02)
55      0.092   2.64e-01   3.84e-01   2.11e-01   1.17e+00   0.00e+00 (  7.35e+01,  1.11e+02)
60      0.104   2.82e-01   4.25e-01   2.70e-01   1.38e+00   0.00e+00 (  6.72e+01,  1.02e+02)
65      0.133   3.14e-01   5.15e-01   3.52e-01   1.82e+00   0.00e+00 (  6.30e+01,  9.34e+01)
70      0.141   3.24e-01   5.55e-01   4.24e-01   1.98e+00   0.00e+00 (  5.65e+01,  8.48e+01)
75      0.149   3.31e-01   5.88e-01   4.95e-01   2.13e+00   0.00e+00 (  5.09e+01,  7.65e+01)
80      0.152   3.31e-01   6.10e-01   5.41e-01   2.21e+00   0.00e+00 (  4.60e+01,  6.89e+01)
85      0.149   3.10e-01   6.03e-01   5.29e-01   2.20e+00   0.00e+00 (  3.99e+01,  6.21e+01)
90      0.151   3.09e-01   5.90e-01   5.26e-01   2.45e+00   0.00e+00 (  3.57e+01,  5.59e+01)
95      1.843   4.25e+00   5.26e+00   3.60e+00   1.18e+02   0.00e+00 (  1.69e+03,  5.05e+01)
37 e: 4.832e-06 i: 1.803e-06 :: e: 2.164e-02 i: 2.238e-02 :: n: 2.762e+01 e:19.491 i:19.739 v:4.993e+03
>>> tau_he = 5.000000, nhe(0)=2.259387e+00
 5     -0.004   3.83e-03   2.71e-01   3.51e-03  -1.61e-02   0.00e+00 (  9.80e-01,  2.64e+01)
10     -0.002   1.72e-03  -4.50e-03  -1.20e-03  -1.31e-02   0.00e+00 (  8.57e-01,  5.31e+01)
15      0.005   5.91e-02   4.68e-03   9.08e-03   3.04e-02   0.00e+00 (  3.39e+01,  7.97e+01)
20      0.004   8.47e-02   5.93e-02   2.35e-02   3.39e-02   0.00e+00 (  4.94e+01,  9.80e+01)
25      0.026   1.20e-01   9.27e-02   3.36e-02   2.27e-01   0.00e+00 (  6.63e+01,  1.11e+02)
30      0.040   1.55e-01   1.39e-01   6.18e-02   3.74e-01   0.00e+00 (  7.91e+01,  1.21e+02)
35      0.043   1.75e-01   1.68e-01   8.87e-02   4.42e-01   0.00e+00 (  8.27e+01,  1.27e+02)
40      0.052   2.02e-01   2.16e-01   1.11e-01   5.78e-01   0.00e+00 (  8.55e+01,  1.28e+02)
45      0.066   2.22e-01   2.68e-01   1.47e-01   7.75e-01   0.00e+00 (  8.26e+01,  1.24e+02)
50      0.084   2.48e-01   3.25e-01   1.60e-01   1.03e+00   0.00e+00 (  7.99e+01,  1.18e+02)
55      0.092   2.66e-01   3.87e-01   2.12e-01   1.18e+00   0.00e+00 (  7.42e+01,  1.11e+02)
60      0.104   2.83e-01   4.28e-01   2.69e-01   1.38e+00   0.00e+00 (  6.78e+01,  1.02e+02)
65      0.133   3.15e-01   5.18e-01   3.54e-01   1.82e+00   0.00e+00 (  6.35e+01,  9.34e+01)
70      0.142   3.25e-01   5.58e-01   4.26e-01   1.99e+00   0.00e+00 (  5.69e+01,  8.48e+01)
75      0.149   3.32e-01   5.90e-01   4.96e-01   2.13e+00   0.00e+00 (  5.13e+01,  7.65e+01)
80      0.152   3.32e-01   6.11e-01   5.43e-01   2.21e+00   0.00e+00 (  4.63e+01,  6.89e+01)
85      0.148   3.10e-01   6.04e-01   5.30e-01   2.19e+00   0.00e+00 (  4.02e+01,  6.21e+01)
90      0.151   3.09e-01   5.90e-01   5.26e-01   2.45e+00   0.00e+00 (  3.59e+01,  5.59e+01)
95      1.843   4.25e+00   5.26e+00   3.60e+00   1.18e+02   0.00e+00 (  1.69e+03,  5.05e+01)
38 e: 7.216e-07 i: 1.660e-05 :: e: 2.088e-02 i: 2.504e-02 :: n: 2.762e+01 e:19.530 i:19.736 v:4.993e+03
>>> tau_he = 5.000000, nhe(0)=2.265450e+00
 5     -0.004   3.85e-03   2.72e-01   3.51e-03  -1.62e-02   0.00e+00 (  9.85e-01,  2.64e+01)
10     -0.007   8.25e-03   5.23e-02  -1.82e-03  -4.04e-02   0.00e+00 (  4.11e+00,  5.31e+01)
15      0.004   5.87e-02   1.09e-02   8.54e-03   2.43e-02   0.00e+00 (  3.37e+01,  7.97e+01)
20      0.005   8.92e-02   5.88e-02   2.25e-02   3.64e-02   0.00e+00 (  5.20e+01,  9.80e+01)
25      0.027   1.20e-01   9.22e-02   3.34e-02   2.27e-01   0.00e+00 (  6.63e+01,  1.11e+02)
30      0.040   1.55e-01   1.39e-01   6.13e-02   3.74e-01   0.00e+00 (  7.90e+01,  1.21e+02)
35      0.043   1.74e-01   1.67e-01   8.81e-02   4.42e-01   0.00e+00 (  8.25e+01,  1.27e+02)
40      0.052   2.01e-01   2.15e-01   1.10e-01   5.77e-01   0.00e+00 (  8.53e+01,  1.28e+02)
45      0.072   2.25e-01   2.65e-01   1.46e-01   8.38e-01   0.00e+00 (  8.36e+01,  1.24e+02)
50      0.084   2.47e-01   3.23e-01   1.59e-01   1.03e+00   0.00e+00 (  7.97e+01,  1.18e+02)
55      0.092   2.65e-01   3.86e-01   2.11e-01   1.18e+00   0.00e+00 (  7.39e+01,  1.11e+02)
60      0.104   2.83e-01   4.27e-01   2.68e-01   1.39e+00   0.00e+00 (  6.76e+01,  1.02e+02)
65      0.133   3.15e-01   5.17e-01   3.54e-01   1.82e+00   0.00e+00 (  6.33e+01,  9.34e+01)
70      0.142   3.25e-01   5.58e-01   4.25e-01   1.99e+00   0.00e+00 (  5.68e+01,  8.48e+01)
75      0.150   3.32e-01   5.91e-01   4.96e-01   2.14e+00   0.00e+00 (  5.13e+01,  7.65e+01)
80      0.153   3.32e-01   6.13e-01   5.44e-01   2.22e+00   0.00e+00 (  4.63e+01,  6.89e+01)
85      0.149   3.11e-01   6.06e-01   5.31e-01   2.20e+00   0.00e+00 (  4.02e+01,  6.21e+01)
90      0.152   3.10e-01   5.93e-01   5.28e-01   2.46e+00   0.00e+00 (  3.60e+01,  5.59e+01)
95      1.843   4.25e+00   5.26e+00   3.60e+00   1.18e+02   0.00e+00 (  1.69e+03,  5.05e+01)
39 e: 3.982e-06 i: 2.642e-06 :: e: 1.932e-02 i: 2.091e-02 :: n: 2.762e+01 e:19.519 i:19.792 v:4.993e+03
>>> tau_he = 5.000000, nhe(0)=2.263461e+00
 5     -0.004   3.84e-03   2.72e-01   3.53e-03  -1.63e-02   0.00e+00 (  9.87e-01,  2.64e+01)
10     -0.007   8.21e-03   5.24e-02  -1.79e-03  -4.04e-02   0.00e+00 (  4.10e+00,  5.31e+01)
15      0.003   5.88e-02   1.09e-02   8.53e-03   2.29e-02   0.00e+00 (  3.39e+01,  7.97e+01)
20      0.004   8.72e-02   5.95e-02   2.35e-02   3.23e-02   0.00e+00 (  5.09e+01,  9.80e+01)
25      0.026   1.20e-01   9.31e-02   3.33e-02   2.25e-01   0.00e+00 (  6.67e+01,  1.11e+02)
30      0.040   1.56e-01   1.40e-01   6.18e-02   3.75e-01   0.00e+00 (  7.94e+01,  1.21e+02)
35      0.043   1.75e-01   1.69e-01   8.88e-02   4.43e-01   0.00e+00 (  8.30e+01,  1.27e+02)
40      0.053   2.02e-01   2.17e-01   1.11e-01   5.79e-01   0.00e+00 (  8.59e+01,  1.28e+02)
45      0.067   2.22e-01   2.69e-01   1.47e-01   7.76e-01   0.00e+00 (  8.30e+01,  1.24e+02)
50      0.084   2.48e-01   3.26e-01   1.60e-01   1.03e+00   0.00e+00 (  8.03e+01,  1.18e+02)
55      0.092   2.66e-01   3.88e-01   2.12e-01   1.18e+00   0.00e+00 (  7.45e+01,  1.11e+02)
60      0.105   2.84e-01   4.29e-01   2.70e-01   1.39e+00   0.00e+00 (  6.80e+01,  1.02e+02)
65      0.133   3.16e-01   5.19e-01   3.55e-01   1.82e+00   0.00e+00 (  6.37e+01,  9.34e+01)
70      0.142   3.26e-01   5.59e-01   4.27e-01   1.99e+00   0.00e+00 (  5.71e+01,  8.48e+01)
75      0.149   3.32e-01   5.92e-01   4.97e-01   2.14e+00   0.00e+00 (  5.15e+01,  7.65e+01)
80      0.152   3.32e-01   6.13e-01   5.44e-01   2.22e+00   0.00e+00 (  4.65e+01,  6.89e+01)
85      0.149   3.11e-01   6.06e-01   5.31e-01   2.20e+00   0.00e+00 (  4.04e+01,  6.21e+01)
90      0.151   3.09e-01   5.92e-01   5.27e-01   2.45e+00   0.00e+00 (  3.61e+01,  5.59e+01)
95      1.843   4.25e+00   5.26e+00   3.60e+00   1.18e+02   0.00e+00 (  1.69e+03,  5.05e+01)
40 e: 2.007e-06 i: 2.739e-06 :: e: 1.786e-02 i: 2.098e-02 :: n: 2.762e+01 e:19.565 i:19.774 v:4.993e+03
>>> tau_he = 5.000000, nhe(0)=2.265134e+00
 5     -0.004   3.85e-03   2.74e-01   3.52e-03  -1.63e-02   0.00e+00 (  9.88e-01,  2.64e+01)
10     -0.002   1.74e-03  -4.50e-03  -1.19e-03  -1.32e-02   0.00e+00 (  8.69e-01,  5.31e+01)
15      0.013   6.14e-02   5.96e-03   1.34e-02   8.76e-02   0.00e+00 (  3.53e+01,  7.97e+01)
20      0.005   8.93e-02   5.88e-02   2.24e-02   3.58e-02   0.00e+00 (  5.21e+01,  9.80e+01)
25      0.027   1.20e-01   9.23e-02   3.34e-02   2.28e-01   0.00e+00 (  6.64e+01,  1.11e+02)
30      0.040   1.55e-01   1.39e-01   6.13e-02   3.75e-01   0.00e+00 (  7.91e+01,  1.21e+02)
35      0.043   1.75e-01   1.68e-01   8.82e-02   4.43e-01   0.00e+00 (  8.27e+01,  1.27e+02)
40      0.053   2.02e-01   2.15e-01   1.10e-01   5.78e-01   0.00e+00 (  8.55e+01,  1.28e+02)
45      0.072   2.25e-01   2.65e-01   1.46e-01   8.39e-01   0.00e+00 (  8.39e+01,  1.24e+02)
50      0.084   2.48e-01   3.24e-01   1.59e-01   1.03e+00   0.00e+00 (  7.99e+01,  1.18e+02)
55      0.092   2.66e-01   3.86e-01   2.11e-01   1.18e+00   0.00e+00 (  7.41e+01,  1.11e+02)
60      0.105   2.83e-01   4.27e-01   2.69e-01   1.39e+00   0.00e+00 (  6.77e+01,  1.02e+02)
65      0.133   3.15e-01   5.17e-01   3.54e-01   1.82e+00   0.00e+00 (  6.34e+01,  9.34e+01)
70      0.142   3.25e-01   5.58e-01   4.26e-01   1.99e+00   0.00e+00 (  5.69e+01,  8.48e+01)
75      0.150   3.32e-01   5.91e-01   4.97e-01   2.14e+00   0.00e+00 (  5.13e+01,  7.65e+01)
80      0.153   3.33e-01   6.13e-01   5.44e-01   2.23e+00   0.00e+00 (  4.64e+01,  6.89e+01)
85      0.149   3.12e-01   6.07e-01   5.32e-01   2.21e+00   0.00e+00 (  4.03e+01,  6.21e+01)
90      0.152   3.10e-01   5.94e-01   5.29e-01   2.46e+00   0.00e+00 (  3.61e+01,  5.59e+01)
95      1.843   4.25e+00   5.26e+00   3.60e+00   1.18e+02   0.00e+00 (  1.69e+03,  5.05e+01)
41 e: 2.016e-06 i: 1.355e-05 :: e: 1.715e-02 i: 1.936e-02 :: n: 2.762e+01 e:19.534 i:19.789 v:4.993e+03
>>> tau_he = 5.000000, nhe(0)=2.265677e+00
 5     -0.004   3.85e-03   2.73e-01   3.53e-03  -1.63e-02   0.00e+00 (  9.89e-01,  2.64e+01)
10     -0.007   8.28e-03   5.24e-02  -1.82e-03  -4.08e-02   0.00e+00 (  4.14e+00,  5.31e+01)
15      0.004   5.99e-02   1.26e-02   9.12e-03   2.84e-02   0.00e+00 (  3.45e+01,  7.97e+01)
20      0.004   8.72e-02   5.97e-02   2.35e-02   3.35e-02   0.00e+00 (  5.09e+01,  9.80e+01)
25      0.026   1.20e-01   9.32e-02   3.33e-02   2.26e-01   0.00e+00 (  6.66e+01,  1.11e+02)
30      0.040   1.56e-01   1.40e-01   6.19e-02   3.76e-01   0.00e+00 (  7.93e+01,  1.21e+02)
35      0.043   1.75e-01   1.69e-01   8.89e-02   4.44e-01   0.00e+00 (  8.30e+01,  1.27e+02)
40      0.053   2.02e-01   2.17e-01   1.11e-01   5.80e-01   0.00e+00 (  8.59e+01,  1.28e+02)
45      0.067   2.23e-01   2.69e-01   1.47e-01   7.77e-01   0.00e+00 (  8.30e+01,  1.24e+02)
50      0.084   2.48e-01   3.27e-01   1.60e-01   1.03e+00   0.00e+00 (  8.03e+01,  1.18e+02)
55      0.092   2.66e-01   3.89e-01   2.12e-01   1.18e+00   0.00e+00 (  7.44e+01,  1.11e+02)
60      0.105   2.84e-01   4.30e-01   2.70e-01   1.39e+00   0.00e+00 (  6.80e+01,  1.02e+02)
65      0.133   3.16e-01   5.19e-01   3.55e-01   1.82e+00   0.00e+00 (  6.37e+01,  9.34e+01)
70      0.142   3.26e-01   5.59e-01   4.26e-01   1.99e+00   0.00e+00 (  5.71e+01,  8.48e+01)
75      0.149   3.32e-01   5.92e-01   4.97e-01   2.14e+00   0.00e+00 (  5.15e+01,  7.65e+01)
80      0.152   3.32e-01   6.13e-01   5.44e-01   2.22e+00   0.00e+00 (  4.64e+01,  6.89e+01)
85      0.148   3.11e-01   6.06e-01   5.31e-01   2.20e+00   0.00e+00 (  4.04e+01,  6.21e+01)
90      0.151   3.09e-01   5.92e-01   5.27e-01   2.45e+00   0.00e+00 (  3.61e+01,  5.59e+01)
95      1.843   4.25e+00   5.26e+00   3.60e+00   1.18e+02   0.00e+00 (  1.69e+03,  5.05e+01)
42 e: 2.141e-06 i: 2.450e-06 :: e: 1.465e-02 i: 1.804e-02 :: n: 2.762e+01 e:19.560 i:19.795 v:4.993e+03
>>> tau_he = 5.000000, nhe(0)=2.265906e+00
 5     -0.004   3.85e-03   2.74e-01   3.53e-03  -1.63e-02   0.00e+00 (  9.91e-01,  2.64e+01)
10     -0.007   8.23e-03   5.24e-02  -1.79e-03  -4.05e-02   0.00e+00 (  4.12e+00,  5.31e+01)
15      0.003   5.83e-02   1.01e-02   8.28e-03   2.11e-02   0.00e+00 (  3.36e+01,  7.97e+01)
20      0.005   8.94e-02   5.90e-02   2.24e-02   3.58e-02   0.00e+00 (  5.22e+01,  9.80e+01)
25      0.027   1.20e-01   9.25e-02   3.34e-02   2.28e-01   0.00e+00 (  6.65e+01,  1.11e+02)
30      0.040   1.55e-01   1.39e-01   6.14e-02   3.75e-01   0.00e+00 (  7.91e+01,  1.21e+02)
35      0.043   1.75e-01   1.68e-01   8.84e-02   4.43e-01   0.00e+00 (  8.27e+01,  1.27e+02)
40      0.053   2.02e-01   2.15e-01   1.11e-01   5.78e-01   0.00e+00 (  8.56e+01,  1.28e+02)
45      0.066   2.22e-01   2.67e-01   1.46e-01   7.74e-01   0.00e+00 (  8.27e+01,  1.24e+02)
50      0.084   2.47e-01   3.24e-01   1.59e-01   1.03e+00   0.00e+00 (  7.98e+01,  1.18e+02)
55      0.092   2.65e-01   3.86e-01   2.11e-01   1.18e+00   0.00e+00 (  7.40e+01,  1.11e+02)
60      0.105   2.83e-01   4.27e-01   2.69e-01   1.39e+00   0.00e+00 (  6.76e+01,  1.02e+02)
65      0.133   3.14e-01   5.17e-01   3.54e-01   1.82e+00   0.00e+00 (  6.33e+01,  9.34e+01)
70      0.142   3.25e-01   5.57e-01   4.25e-01   1.99e+00   0.00e+00 (  5.67e+01,  8.48e+01)
75      0.149   3.32e-01   5.90e-01   4.96e-01   2.14e+00   0.00e+00 (  5.12e+01,  7.65e+01)
80      0.153   3.32e-01   6.12e-01   5.44e-01   2.22e+00   0.00e+00 (  4.63e+01,  6.89e+01)
85      0.149   3.11e-01   6.06e-01   5.31e-01   2.20e+00   0.00e+00 (  4.03e+01,  6.21e+01)
90      0.151   3.10e-01   5.93e-01   5.28e-01   2.46e+00   0.00e+00 (  3.61e+01,  5.59e+01)
95      1.843   4.25e+00   5.26e+00   3.60e+00   1.18e+02   0.00e+00 (  1.69e+03,  5.05e+01)
43 e: 6.110e-07 i: 4.048e-06 :: e: 1.231e-02 i: 1.439e-02 :: n: 2.762e+01 e:19.539 i:19.797 v:4.993e+03
>>> tau_he = 5.000000, nhe(0)=2.262476e+00
 5     -0.004   3.84e-03   2.73e-01   3.53e-03  -1.63e-02   0.00e+00 (  9.88e-01,  2.64e+01)
10     -0.002   1.76e-03  -4.51e-03  -1.19e-03  -1.33e-02   0.00e+00 (  8.79e-01,  5.31e+01)
15      0.003   5.82e-02   1.01e-02   8.25e-03   2.09e-02   0.00e+00 (  3.35e+01,  7.97e+01)
20      0.004   8.71e-02   5.95e-02   2.35e-02   3.32e-02   0.00e+00 (  5.08e+01,  9.80e+01)
25      0.026   1.20e-01   9.31e-02   3.33e-02   2.26e-01   0.00e+00 (  6.65e+01,  1.11e+02)
30      0.040   1.55e-01   1.40e-01   6.19e-02   3.76e-01   0.00e+00 (  7.92e+01,  1.21e+02)
35      0.043   1.75e-01   1.69e-01   8.90e-02   4.45e-01   0.00e+00 (  8.28e+01,  1.27e+02)
40      0.053   2.02e-01   2.17e-01   1.12e-01   5.80e-01   0.00e+00 (  8.57e+01,  1.28e+02)
45      0.066   2.22e-01   2.69e-01   1.47e-01   7.76e-01   0.00e+00 (  8.30e+01,  1.24e+02)
50      0.084   2.48e-01   3.26e-01   1.60e-01   1.03e+00   0.00e+00 (  8.01e+01,  1.18e+02)
55      0.092   2.66e-01   3.89e-01   2.12e-01   1.18e+00   0.00e+00 (  7.42e+01,  1.11e+02)
60      0.105   2.83e-01   4.29e-01   2.70e-01   1.39e+00   0.00e+00 (  6.78e+01,  1.02e+02)
65      0.133   3.15e-01   5.18e-01   3.54e-01   1.82e+00   0.00e+00 (  6.34e+01,  9.34e+01)
70      0.142   3.25e-01   5.58e-01   4.25e-01   1.98e+00   0.00e+00 (  5.68e+01,  8.48e+01)
75      0.149   3.31e-01   5.90e-01   4.96e-01   2.13e+00   0.00e+00 (  5.12e+01,  7.65e+01)
80      0.152   3.31e-01   6.11e-01   5.43e-01   2.21e+00   0.00e+00 (  4.62e+01,  6.89e+01)
85      0.148   3.10e-01   6.04e-01   5.30e-01   2.19e+00   0.00e+00 (  4.02e+01,  6.21e+01)
90      0.151   3.09e-01   5.91e-01   5.26e-01   2.44e+00   0.00e+00 (  3.60e+01,  5.59e+01)
95      1.844   4.25e+00   5.26e+00   3.60e+00   1.18e+02   0.00e+00 (  1.69e+03,  5.05e+01)
44 e: 3.447e-06 i: 1.296e-05 :: e: 1.119e-02 i: 1.549e-02 :: n: 2.762e+01 e:19.550 i:19.765 v:4.993e+03
>>> tau_he = 5.000000, nhe(0)=2.265440e+00
 5     -0.004   3.85e-03   2.73e-01   3.52e-03  -1.63e-02   0.00e+00 (  9.88e-01,  2.64e+01)
10     -0.007   8.28e-03   5.23e-02  -1.82e-03  -4.07e-02   0.00e+00 (  4.14e+00,  5.31e+01)
15      0.004   5.92e-02   1.16e-02   8.77e-03   2.54e-02   0.00e+00 (  3.41e+01,  7.97e+01)
20      0.005   8.92e-02   5.90e-02   2.25e-02   3.69e-02   0.00e+00 (  5.20e+01,  9.80e+01)
25      0.027   1.19e-01   9.25e-02   3.34e-02   2.28e-01   0.00e+00 (  6.62e+01,  1.11e+02)
30      0.040   1.55e-01   1.39e-01   6.15e-02   3.75e-01   0.00e+00 (  7.88e+01,  1.21e+02)
35      0.043   1.74e-01   1.68e-01   8.85e-02   4.44e-01   0.00e+00 (  8.24e+01,  1.27e+02)
40      0.053   2.01e-01   2.16e-01   1.11e-01   5.79e-01   0.00e+00 (  8.53e+01,  1.28e+02)
45      0.071   2.26e-01   2.67e-01   1.48e-01   8.31e-01   0.00e+00 (  8.40e+01,  1.24e+02)
50      0.084   2.47e-01   3.24e-01   1.59e-01   1.03e+00   0.00e+00 (  7.95e+01,  1.18e+02)
55      0.092   2.65e-01   3.86e-01   2.11e-01   1.18e+00   0.00e+00 (  7.37e+01,  1.11e+02)
60      0.105   2.82e-01   4.27e-01   2.68e-01   1.39e+00   0.00e+00 (  6.73e+01,  1.02e+02)
65      0.133   3.13e-01   5.15e-01   3.53e-01   1.82e+00   0.00e+00 (  6.29e+01,  9.34e+01)
70      0.141   3.24e-01   5.56e-01   4.24e-01   1.98e+00   0.00e+00 (  5.64e+01,  8.48e+01)
75      0.149   3.30e-01   5.88e-01   4.95e-01   2.13e+00   0.00e+00 (  5.09e+01,  7.65e+01)
80      0.152   3.31e-01   6.10e-01   5.42e-01   2.22e+00   0.00e+00 (  4.60e+01,  6.89e+01)
85      0.148   3.10e-01   6.04e-01   5.30e-01   2.20e+00   0.00e+00 (  4.01e+01,  6.21e+01)
90      0.151   3.09e-01   5.91e-01   5.27e-01   2.45e+00   0.00e+00 (  3.59e+01,  5.59e+01)
95      1.843   4.25e+00   5.26e+00   3.60e+00   1.18e+02   0.00e+00 (  1.69e+03,  5.05e+01)
45 e: 6.923e-07 i: 5.368e-06 :: e: 9.211e-03 i: 1.093e-02 :: n: 2.762e+01 e:19.515 i:19.792 v:4.993e+03
>>> tau_he = 5.000000, nhe(0)=2.261078e+00
 5     -0.004   3.83e-03   2.73e-01   3.53e-03  -1.63e-02   0.00e+00 (  9.87e-01,  2.64e+01)
10     -0.007   8.22e-03   5.23e-02  -1.79e-03  -4.06e-02   0.00e+00 (  4.12e+00,  5.31e+01)
15      0.004   5.90e-02   1.16e-02   8.73e-03   2.42e-02   0.00e+00 (  3.40e+01,  7.97e+01)
20      0.004   8.70e-02   5.96e-02   2.35e-02   3.31e-02   0.00e+00 (  5.08e+01,  9.80e+01)
25      0.026   1.20e-01   9.32e-02   3.33e-02   2.25e-01   0.00e+00 (  6.64e+01,  1.11e+02)
30      0.040   1.55e-01   1.40e-01   6.20e-02   3.75e-01   0.00e+00 (  7.90e+01,  1.21e+02)
35      0.043   1.74e-01   1.69e-01   8.91e-02   4.45e-01   0.00e+00 (  8.25e+01,  1.27e+02)
40      0.053   2.01e-01   2.17e-01   1.12e-01   5.80e-01   0.00e+00 (  8.55e+01,  1.28e+02)
45      0.066   2.22e-01   2.68e-01   1.47e-01   7.75e-01   0.00e+00 (  8.26e+01,  1.24e+02)
50      0.084   2.47e-01   3.26e-01   1.60e-01   1.03e+00   0.00e+00 (  7.97e+01,  1.18e+02)
55      0.092   2.65e-01   3.88e-01   2.12e-01   1.18e+00   0.00e+00 (  7.39e+01,  1.11e+02)
60      0.104   2.82e-01   4.28e-01   2.69e-01   1.39e+00   0.00e+00 (  6.74e+01,  1.02e+02)
65      0.133   3.14e-01   5.16e-01   3.53e-01   1.81e+00   0.00e+00 (  6.30e+01,  9.34e+01)
70      0.141   3.23e-01   5.56e-01   4.24e-01   1.98e+00   0.00e+00 (  5.65e+01,  8.48e+01)
75      0.148   3.30e-01   5.88e-01   4.94e-01   2.12e+00   0.00e+00 (  5.09e+01,  7.65e+01)
80      0.151   3.30e-01   6.09e-01   5.41e-01   2.20e+00   0.00e+00 (  4.59e+01,  6.89e+01)
85      0.148   3.09e-01   6.01e-01   5.28e-01   2.18e+00   0.00e+00 (  4.00e+01,  6.21e+01)
90      0.150   3.08e-01   5.88e-01   5.24e-01   2.44e+00   0.00e+00 (  3.58e+01,  5.59e+01)
95      1.844   4.25e+00   5.26e+00   3.60e+00   1.18e+02   0.00e+00 (  1.69e+03,  5.05e+01)
46 e: 4.950e-06 i: 2.034e-06 :: e: 7.058e-03 i: 1.016e-02 :: n: 2.762e+01 e:19.536 i:19.752 v:4.993e+03
>>> tau_he = 5.000000, nhe(0)=2.260399e+00
 5     -0.004   3.83e-03   2.73e-01   3.52e-03  -1.62e-02   0.00e+00 (  9.84e-01,  2.64e+01)
10     -0.002   1.76e-03  -4.50e-03  -1.19e-03  -1.33e-02   0.00e+00 (  8.76e-01,  5.31e+01)
15      0.004   5.91e-02   4.86e-03   9.09e-03   2.97e-02   0.00e+00 (  3.40e+01,  7.97e+01)
20      0.005   8.89e-02   5.89e-02   2.25e-02   3.67e-02   0.00e+00 (  5.18e+01,  9.80e+01)
25      0.027   1.19e-01   9.24e-02   3.34e-02   2.28e-01   0.00e+00 (  6.60e+01,  1.11e+02)
30      0.040   1.55e-01   1.39e-01   6.16e-02   3.75e-01   0.00e+00 (  7.85e+01,  1.21e+02)
35      0.043   1.74e-01   1.68e-01   8.86e-02   4.44e-01   0.00e+00 (  8.20e+01,  1.27e+02)
40      0.053   2.01e-01   2.15e-01   1.11e-01   5.79e-01   0.00e+00 (  8.49e+01,  1.28e+02)
45      0.071   2.25e-01   2.67e-01   1.48e-01   8.30e-01   0.00e+00 (  8.36e+01,  1.24e+02)
50      0.084   2.46e-01   3.24e-01   1.59e-01   1.03e+00   0.00e+00 (  7.91e+01,  1.18e+02)
55      0.092   2.64e-01   3.85e-01   2.11e-01   1.18e+00   0.00e+00 (  7.32e+01,  1.11e+02)
60      0.104   2.81e-01   4.26e-01   2.68e-01   1.38e+00   0.00e+00 (  6.68e+01,  1.02e+02)
65      0.132   3.12e-01   5.13e-01   3.51e-01   1.81e+00   0.00e+00 (  6.25e+01,  9.34e+01)
70      0.141   3.22e-01   5.53e-01   4.22e-01   1.97e+00   0.00e+00 (  5.60e+01,  8.48e+01)
75      0.148   3.29e-01   5.86e-01   4.93e-01   2.12e+00   0.00e+00 (  5.05e+01,  7.65e+01)
80      0.152   3.29e-01   6.07e-01   5.39e-01   2.21e+00   0.00e+00 (  4.56e+01,  6.89e+01)
85      0.148   3.09e-01   6.01e-01   5.27e-01   2.19e+00   0.00e+00 (  3.98e+01,  6.21e+01)
90      0.150   3.08e-01   5.88e-01   5.24e-01   2.44e+00   0.00e+00 (  3.57e+01,  5.59e+01)
95      1.843   4.25e+00   5.26e+00   3.60e+00   1.18e+02   0.00e+00 (  1.69e+03,  5.05e+01)
47 e: 4.228e-07 i: 1.361e-05 :: e: 5.821e-03 i: 8.885e-03 :: n: 2.762e+01 e:19.488 i:19.746 v:4.993e+03
>>> tau_he = 5.000000, nhe(0)=2.259374e+00
 5     -0.004   3.83e-03   2.72e-01   3.52e-03  -1.62e-02   0.00e+00 (  9.82e-01,  2.64e+01)
10     -0.007   9.31e-03   5.19e-02  -1.72e-03  -4.08e-02   0.00e+00 (  4.66e+00,  5.31e+01)
15      0.005   6.01e-02   1.36e-02   9.40e-03   3.05e-02   0.00e+00 (  3.46e+01,  7.97e+01)
20      0.005   8.67e-02   5.97e-02   2.36e-02   3.45e-02   0.00e+00 (  5.05e+01,  9.80e+01)
25      0.026   1.19e-01   9.31e-02   3.34e-02   2.26e-01   0.00e+00 (  6.60e+01,  1.11e+02)
30      0.040   1.55e-01   1.40e-01   6.20e-02   3.75e-01   0.00e+00 (  7.86e+01,  1.21e+02)
35      0.043   1.74e-01   1.69e-01   8.92e-02   4.45e-01   0.00e+00 (  8.21e+01,  1.27e+02)
40      0.053   2.01e-01   2.17e-01   1.12e-01   5.80e-01   0.00e+00 (  8.50e+01,  1.28e+02)
45      0.066   2.21e-01   2.68e-01   1.47e-01   7.74e-01   0.00e+00 (  8.21e+01,  1.24e+02)
50      0.084   2.47e-01   3.25e-01   1.60e-01   1.03e+00   0.00e+00 (  7.92e+01,  1.18e+02)
55      0.092   2.64e-01   3.87e-01   2.12e-01   1.18e+00   0.00e+00 (  7.34e+01,  1.11e+02)
60      0.104   2.81e-01   4.27e-01   2.71e-01   1.38e+00   0.00e+00 (  6.69e+01,  1.02e+02)
65      0.132   3.12e-01   5.14e-01   3.52e-01   1.81e+00   0.00e+00 (  6.25e+01,  9.34e+01)
70      0.140   3.22e-01   5.53e-01   4.22e-01   1.97e+00   0.00e+00 (  5.60e+01,  8.48e+01)
75      0.148   3.28e-01   5.85e-01   4.92e-01   2.12e+00   0.00e+00 (  5.05e+01,  7.65e+01)
80      0.151   3.28e-01   6.07e-01   5.33e-01   2.20e+00   0.00e+00 (  4.54e+01,  6.89e+01)
85      0.147   3.08e-01   5.98e-01   5.25e-01   2.17e+00   0.00e+00 (  3.97e+01,  6.21e+01)
90      0.149   3.07e-01   5.85e-01   5.21e-01   2.43e+00   0.00e+00 (  3.56e+01,  5.59e+01)
95      1.844   4.25e+00   5.26e+00   3.60e+00   1.18e+02   0.00e+00 (  1.69e+03,  5.05e+01)
48 e: 3.852e-06 i: 2.490e-06 :: e: 4.003e-03 i: 7.136e-03 :: n: 2.762e+01 e:19.498 i:19.736 v:4.993e+03
>>> tau_he = 5.000000, nhe(0)=2.257962e+00
 5     -0.004   3.82e-03   2.72e-01   3.52e-03  -1.62e-02   0.00e+00 (  9.81e-01,  2.64e+01)
10     -0.007   9.25e-03   5.18e-02  -1.69e-03  -4.03e-02   0.00e+00 (  4.62e+00,  5.31e+01)
15      0.004   5.85e-02   1.12e-02   8.59e-03   2.37e-02   0.00e+00 (  3.36e+01,  7.97e+01)
20      0.005   8.88e-02   5.90e-02   2.25e-02   3.67e-02   0.00e+00 (  5.17e+01,  9.80e+01)
25      0.027   1.19e-01   9.24e-02   3.35e-02   2.27e-01   0.00e+00 (  6.58e+01,  1.11e+02)
30      0.040   1.54e-01   1.39e-01   6.16e-02   3.74e-01   0.00e+00 (  7.82e+01,  1.21e+02)
35      0.043   1.73e-01   1.68e-01   8.87e-02   4.43e-01   0.00e+00 (  8.17e+01,  1.27e+02)
40      0.053   2.00e-01   2.15e-01   1.12e-01   5.78e-01   0.00e+00 (  8.45e+01,  1.28e+02)
45      0.072   2.24e-01   2.64e-01   1.45e-01   8.35e-01   0.00e+00 (  8.28e+01,  1.24e+02)
50      0.083   2.45e-01   3.23e-01   1.59e-01   1.02e+00   0.00e+00 (  7.86e+01,  1.18e+02)
55      0.092   2.63e-01   3.85e-01   2.11e-01   1.17e+00   0.00e+00 (  7.28e+01,  1.11e+02)
60      0.104   2.80e-01   4.25e-01   2.70e-01   1.38e+00   0.00e+00 (  6.64e+01,  1.02e+02)
65      0.132   3.11e-01   5.11e-01   3.50e-01   1.80e+00   0.00e+00 (  6.20e+01,  9.34e+01)
70      0.140   3.20e-01   5.50e-01   4.20e-01   1.97e+00   0.00e+00 (  5.55e+01,  8.48e+01)
75      0.148   3.27e-01   5.82e-01   4.90e-01   2.11e+00   0.00e+00 (  5.01e+01,  7.65e+01)
80      0.151   3.27e-01   6.03e-01   5.37e-01   2.20e+00   0.00e+00 (  4.52e+01,  6.89e+01)
85      0.147   3.07e-01   5.97e-01   5.24e-01   2.18e+00   0.00e+00 (  3.94e+01,  6.21e+01)
90      0.150   3.07e-01   5.85e-01   5.21e-01   2.43e+00   0.00e+00 (  3.54e+01,  5.59e+01)
95      1.843   4.25e+00   5.26e+00   3.60e+00   1.18e+02   0.00e+00 (  1.69e+03,  5.05e+01)
49 e: 1.707e-07 i: 5.396e-06 :: e: 2.216e-03 i: 3.602e-03 :: n: 2.762e+01 e:19.465 i:19.723 v:4.993e+03
 plasma volume = 148.814483
 stored energy(e,i,b) = 5.344344e+01 4.756900e+01 0.000000e+00
 betan = 1.145535
*power
 Pnb(e,i) = 0.000000e+00 0.000000e+00
 Prf(e,i) = 6.566362e+00 1.344384e+01
 Prad     = -3.346543e+01 
 Pei      = -1.017730e+00 
 Pfuse    = 4.173766e+01 
 Pfusi    = 1.221680e+01 
 Poh      = 0.000000e+00 
*confinement time
 taut, tauITER98y2, H98y2 : 2.494182e+00 2.475624e+00 1.007496e+00
 taue, taui : 3.866869e+00 3.594311e+00
 taut, tau89, H89 : 2.494182e+00 1.087554e+00 2.293388e+00
*temperature
 nea, nebar : 1.945087e+01 2.196834e+01 
 tea, tia : 6.941357e+00 6.923170e+00 (1.002627e+00)
 te0, ti0 : 1.729932e+01 1.786629e+01 (9.682658e-01)
 Sn : 0.000000e+00 
*current balance
 Ip,Ibs,Inb,Irf: 1.000000e+01 1.753788e+00 0.000000e+00 8.228461e-02
 fni,fbs: 0.184 0.175

 plasma volume = 148.814483
 stored energy(e,i,b) = 5.344344e+01 4.756900e+01 0.000000e+00
 betan = 1.145535
*power
 Pnb(e,i) = 0.000000e+00 0.000000e+00
 Prf(e,i) = 6.566362e+00 1.344384e+01
 Prad     = -3.346543e+01 
 Pei      = -1.017730e+00 
 Pfuse    = 4.173766e+01 
 Pfusi    = 1.221680e+01 
 Poh      = 0.000000e+00 
*confinement time
 taut, tauITER98y2, H98y2 : 2.494182e+00 2.475624e+00 1.007496e+00
 taue, taui : 3.866869e+00 3.594311e+00
 taut, tau89, H89 : 2.494182e+00 1.087554e+00 2.293388e+00
*temperature
 nea, nebar : 1.945087e+01 2.196834e+01 
 tea, tia : 6.941357e+00 6.923170e+00 (1.002627e+00)
 te0, ti0 : 1.729932e+01 1.786629e+01 (9.682658e-01)
 Sn : 0.000000e+00 
*current balance
 Ip,Ibs,Inb,Irf: 1.000000e+01 1.753788e+00 0.000000e+00 8.228461e-02
 fni,fbs: 0.184 0.175
 ELAPASED TIME = 1772 sec
