NCAPTC: : NetCDF: Variable not found
Warning: ieee_overflow is signaling
Warning: ieee_underflow is signaling
Warning: ieee_inexact is signaling
FORTRAN STOP
 solver
 /global/common/software/atom/perlmutter/data/greentable/
 /global/common/software/atom/perlmutter/data/greentable/

          EFITD Version  07/09/2014


 type mode (2=file, 3=snap, 4=time, 5=input, 6=com file, 7=snap_ext):

 number of time slices?

 type input file names:
 #
 table_dir = </global/common/software/atom/perlmutter/data/greentable/>

  ----- time =     1 ms ----- ( 0)
 it=  1 chi2=0.00E+00 zm= 7.53E-03 err=5.202E+00 dz= 7.535E-03 chigam= 0.00E+00
 it=  2 chi2=0.00E+00 zm= 1.07E-02 err=8.830E-01 dz= 3.146E-03 chigam= 0.00E+00
 it=  3 chi2=0.00E+00 zm= 1.30E-02 err=4.902E-01 dz= 2.346E-03 chigam= 0.00E+00
 it=  4 chi2=0.00E+00 zm= 1.48E-02 err=2.841E-01 dz= 1.762E-03 chigam= 0.00E+00
 it=  5 chi2=0.00E+00 zm= 1.61E-02 err=1.685E-01 dz= 1.338E-03 chigam= 0.00E+00
 it=  6 chi2=0.00E+00 zm= 1.72E-02 err=1.067E-01 dz= 1.027E-03 chigam= 0.00E+00
 it=  7 chi2=0.00E+00 zm= 1.79E-02 err=6.107E-02 dz= 7.659E-04 chigam= 0.00E+00
 it=  8 chi2=0.00E+00 zm= 1.85E-02 err=3.349E-02 dz= 5.663E-04 chigam= 0.00E+00
 it=  9 chi2=0.00E+00 zm= 1.89E-02 err=2.451E-02 dz= 4.221E-04 chigam= 0.00E+00
 it= 10 chi2=0.00E+00 zm= 1.92E-02 err=1.778E-02 dz= 3.080E-04 chigam= 0.00E+00
 it= 11 chi2=0.00E+00 zm= 1.94E-02 err=1.191E-02 dz= 2.212E-04 chigam= 0.00E+00
 it= 12 chi2=0.00E+00 zm= 1.96E-02 err=6.760E-03 dz= 1.609E-04 chigam= 0.00E+00
 it= 13 chi2=0.00E+00 zm= 1.97E-02 err=3.947E-03 dz= 1.163E-04 chigam= 0.00E+00
 it= 14 chi2=0.00E+00 zm= 1.98E-02 err=2.319E-03 dz= 8.398E-05 chigam= 0.00E+00
 it= 15 chi2=0.00E+00 zm= 1.99E-02 err=1.370E-03 dz= 6.054E-05 chigam= 0.00E+00
 it= 16 chi2=0.00E+00 zm= 1.99E-02 err=8.362E-04 dz= 4.361E-05 chigam= 0.00E+00
 it= 17 chi2=0.00E+00 zm= 1.99E-02 err=5.884E-04 dz= 3.140E-05 chigam= 0.00E+00
 it= 18 chi2=0.00E+00 zm= 2.00E-02 err=4.135E-04 dz= 2.260E-05 chigam= 0.00E+00
 it= 19 chi2=0.00E+00 zm= 2.00E-02 err=2.905E-04 dz= 1.626E-05 chigam= 0.00E+00
 it= 20 chi2=0.00E+00 zm= 2.00E-02 err=2.041E-04 dz= 1.170E-05 chigam= 0.00E+00
 it= 21 chi2=0.00E+00 zm= 2.00E-02 err=1.435E-04 dz= 8.423E-06 chigam= 0.00E+00
 it= 22 chi2=0.00E+00 zm= 2.00E-02 err=1.009E-04 dz= 6.064E-06 chigam= 0.00E+00
 it= 23 chi2=0.00E+00 zm= 2.00E-02 err=7.106E-05 dz= 4.367E-06 chigam= 0.00E+00

      ******************** EFITD129 x 129  output ********************

       data used:   
  0 flux loops
  0 magnetic probes(i)
  0 full rogowski
  0 diamagnetic loop


 shot #   =          1 time(ms) =          1 chi**2   =  0.000E+00
 betat(%) =      1.201 betap    =      0.609 li       =      0.857
 vol(cm3) =  0.780E+07 rout(cm) =    172.201 zout(cm) =      0.748
 elong    =      1.350 utriang  =     -0.372 ltriang  =     -0.307
 a(cm)    =     41.432 lin(cm)  = ********** lout(cm) =     10.543
 ltop(cm) = ********** q*       =      2.334 rc(cm)   =    176.984
 zc(cm)   =      1.802 bt0(t)   =      2.000 qout     =      2.218
