========================================================================
= FASTRAN

nonlinear model = 0
ichi = 0
ineo = 0
reading state...
read formatted input, inprof...
init geometry...
read formatted input, inmetric...
nrho in inmetric = 101
rhob in inmetric = 1.262945e+00
solve avg grad-shafranv...
solve_avg_gs::Ip_temp = 9.995193e+00 
solve_avg_gs::Ip      = 1.000000e+01 
>>> tau_he = 5.000000, nhe(0)=2.002936e+00

 plasma volume = 148.511835
 stored energy(e,i,b) = 5.400856e+01 4.755645e+01 0.000000e+00
 betan = 1.153561
*power
 Pnb(e,i) = 0.000000e+00 0.000000e+00
 Prf(e,i) = 6.546896e+00 1.347769e+01
 Prad     = -3.884791e+01 
 Pei      = 1.369409e+00 
 Pfuse    = 4.097984e+01 
 Pfusi    = 1.154772e+01 
 Poh      = 0.000000e+00 
*confinement time
 taut, tauITER98y2, H98y2 : 3.013420e+00 2.807301e+00 1.073423e+00
 taue, taui : 5.374931e+00 4.672332e+00
 taut, tau89, H89 : 3.013420e+00 1.191427e+00 2.529253e+00
*temperature
 nea, nebar : 1.944697e+01 2.196946e+01 
 tea, tia : 7.032007e+00 7.068057e+00 (9.948996e-01)
 te0, ti0 : 1.730403e+01 1.799163e+01 (9.617826e-01)
 Sn : 0.000000e+00 
*current balance
 Ip,Ibs,Inb,Irf: 1.000000e+01 1.785615e+00 0.000000e+00 7.162840e-02
 fni,fbs: 0.186 0.179

Time advancing...
rho_bdry 0.950000 ...
te_bdry = 3.741993
ti_bdry = 3.741797
ne_bdry = 14.453942
rv_bdry = 100.762170
nrho_tr_bdry = 19
drho_bdry = 0.000000e+00
nrhob = 95
 [    0] t = 0.0000 
>>> tau_he = 5.000000, nhe(0)=1.987093e+00
 5     -0.000   3.26e-03   1.32e-01   2.11e-03  -1.73e-03   0.00e+00 (  4.09e-01,  2.32e+01)
10      0.000   5.56e-04  -1.15e-03  -1.28e-04   5.45e-04   0.00e+00 (  1.28e-01,  4.78e+01)
15     -0.002   2.08e-04  -3.85e-03  -2.79e-03  -1.11e-02   0.00e+00 (  6.72e-02,  7.23e+01)
20      0.007   2.02e-02  -3.10e-02  -6.02e-03   5.62e-02   0.00e+00 (  8.03e+00,  8.89e+01)
25      0.025   8.97e-02   2.43e-02   1.96e-02   2.16e-01   0.00e+00 (  4.07e+01,  1.01e+02)
30      0.039   1.45e-01   1.01e-01   5.46e-02   3.74e-01   0.00e+00 (  7.04e+01,  1.08e+02)
35      0.046   1.67e-01   1.42e-01   8.03e-02   4.69e-01   0.00e+00 (  7.64e+01,  1.11e+02)
40      0.053   1.92e-01   1.76e-01   8.26e-02   5.81e-01   0.00e+00 (  7.94e+01,  1.09e+02)
45      0.064   2.11e-01   2.26e-01   1.39e-01   7.45e-01   0.00e+00 (  7.75e+01,  1.03e+02)
50      0.076   2.33e-01   2.85e-01   1.47e-01   9.36e-01   0.00e+00 (  7.48e+01,  9.46e+01)
55      0.088   2.56e-01   3.56e-01   1.97e-01   1.13e+00   0.00e+00 (  7.21e+01,  8.56e+01)
60      0.102   2.78e-01   4.07e-01   2.55e-01   1.36e+00   0.00e+00 (  6.79e+01,  7.67e+01)
65      0.131   3.11e-01   4.92e-01   3.41e-01   1.80e+00   0.00e+00 (  6.48e+01,  6.80e+01)
70      0.147   3.35e-01   5.73e-01   4.36e-01   2.06e+00   0.00e+00 (  6.12e+01,  5.99e+01)
75      0.155   3.44e-01   6.09e-01   5.12e-01   2.21e+00   0.00e+00 (  5.55e+01,  5.26e+01)
80      0.156   3.41e-01   6.25e-01   5.56e-01   2.27e+00   0.00e+00 (  4.93e+01,  4.60e+01)
85      0.149   3.10e-01   6.01e-01   5.31e-01   2.20e+00   0.00e+00 (  4.10e+01,  4.02e+01)
90      0.148   3.02e-01   5.74e-01   5.15e-01   2.39e+00   0.00e+00 (  3.55e+01,  3.51e+01)
95      1.480   3.33e+00   4.28e+00   2.88e+00   9.41e+01   0.00e+00 (  1.36e+03,  3.03e+01)
 0 e: 1.931e-07 i: 7.997e-07 :: e: 0.000e+00 i: 0.000e+00 :: n: 2.762e+01 e:17.304 i:17.992 v:4.993e+03
>>> tau_he = 5.000000, nhe(0)=1.986424e+00
 5     -0.000   3.34e-03   1.44e-01   2.19e-03  -1.42e-03   0.00e+00 (  4.13e-01,  2.32e+01)
10      0.000   4.94e-04  -1.16e-03  -2.04e-04   2.95e-04   0.00e+00 (  1.13e-01,  4.78e+01)
15     -0.002   2.05e-04  -3.87e-03  -2.87e-03  -1.15e-02   0.00e+00 (  6.65e-02,  7.23e+01)
20      0.008   2.15e-02  -3.15e-02  -5.10e-03   6.06e-02   0.00e+00 (  8.66e+00,  8.89e+01)
25      0.026   9.08e-02   2.64e-02   2.06e-02   2.22e-01   0.00e+00 (  4.13e+01,  1.01e+02)
30      0.039   1.42e-01   9.74e-02   5.37e-02   3.68e-01   0.00e+00 (  6.84e+01,  1.08e+02)
35      0.045   1.67e-01   1.41e-01   8.00e-02   4.67e-01   0.00e+00 (  7.63e+01,  1.11e+02)
40      0.053   1.92e-01   1.77e-01   8.31e-02   5.84e-01   0.00e+00 (  7.95e+01,  1.09e+02)
45      0.064   2.11e-01   2.27e-01   1.39e-01   7.47e-01   0.00e+00 (  7.75e+01,  1.03e+02)
50      0.077   2.34e-01   2.86e-01   1.47e-01   9.40e-01   0.00e+00 (  7.51e+01,  9.46e+01)
55      0.088   2.56e-01   3.56e-01   1.97e-01   1.13e+00   0.00e+00 (  7.20e+01,  8.56e+01)
60      0.102   2.78e-01   4.07e-01   2.55e-01   1.36e+00   0.00e+00 (  6.78e+01,  7.67e+01)
65      0.132   3.12e-01   4.96e-01   3.44e-01   1.81e+00   0.00e+00 (  6.52e+01,  6.80e+01)
70      0.146   3.33e-01   5.67e-01   4.32e-01   2.04e+00   0.00e+00 (  6.06e+01,  5.99e+01)
75      0.154   3.42e-01   6.05e-01   5.09e-01   2.20e+00   0.00e+00 (  5.51e+01,  5.26e+01)
80      0.156   3.39e-01   6.22e-01   5.53e-01   2.26e+00   0.00e+00 (  4.90e+01,  4.60e+01)
85      0.149   3.11e-01   6.02e-01   5.31e-01   2.20e+00   0.00e+00 (  4.11e+01,  4.02e+01)
90      0.153   3.12e-01   6.01e-01   5.38e-01   2.48e+00   0.00e+00 (  3.75e+01,  3.51e+01)
95      1.486   3.36e+00   4.31e+00   2.88e+00   9.45e+01   0.00e+00 (  1.35e+03,  3.03e+01)
 1 e: 8.574e-03 i: 1.684e-02 :: e: 4.045e-03 i: 6.763e-03 :: n: 2.762e+01 e:17.311 i:17.985 v:4.993e+03
>>> tau_he = 5.000000, nhe(0)=2.150165e+00
 5     -0.001   3.79e-03   2.11e-01   2.66e-03  -5.43e-03   0.00e+00 (  6.35e-01,  2.32e+01)
10     -0.001   2.71e-04  -2.50e-03  -1.11e-03  -5.97e-03   0.00e+00 (  1.03e-01,  4.78e+01)
15      0.001   4.84e-02  -1.32e-02   5.86e-03   6.87e-03   0.00e+00 (  2.89e+01,  7.23e+01)
20      0.011   9.44e-02   8.90e-03   2.00e-02   8.38e-02   0.00e+00 (  5.98e+01,  8.89e+01)
25      0.029   1.07e-01   8.56e-02   3.04e-02   2.45e-01   0.00e+00 (  5.56e+01,  1.01e+02)
30      0.042   1.33e-01   1.24e-01   5.83e-02   4.02e-01   0.00e+00 (  6.05e+01,  1.08e+02)
35      0.050   1.55e-01   1.44e-01   8.45e-02   5.17e-01   0.00e+00 (  6.59e+01,  1.11e+02)
40      0.060   1.78e-01   1.90e-01   1.10e-01   6.64e-01   0.00e+00 (  6.99e+01,  1.09e+02)
45      0.072   2.05e-01   2.49e-01   1.38e-01   8.41e-01   0.00e+00 (  7.25e+01,  1.03e+02)
50      0.082   2.30e-01   3.06e-01   1.50e-01   1.01e+00   0.00e+00 (  7.15e+01,  9.46e+01)
55      0.089   2.47e-01   3.62e-01   1.98e-01   1.14e+00   0.00e+00 (  6.69e+01,  8.56e+01)
60      0.100   2.63e-01   3.99e-01   2.49e-01   1.32e+00   0.00e+00 (  6.15e+01,  7.67e+01)
65      0.126   2.94e-01   4.81e-01   3.30e-01   1.72e+00   0.00e+00 (  5.83e+01,  6.80e+01)
70      0.126   2.88e-01   4.77e-01   3.74e-01   1.76e+00   0.00e+00 (  4.92e+01,  5.99e+01)
75      0.134   2.98e-01   5.19e-01   4.44e-01   1.91e+00   0.00e+00 (  4.52e+01,  5.26e+01)
80      0.141   3.07e-01   5.55e-01   5.01e-01   2.04e+00   0.00e+00 (  4.24e+01,  4.60e+01)
85      0.143   2.99e-01   5.75e-01   5.10e-01   2.11e+00   0.00e+00 (  3.91e+01,  4.02e+01)
90      0.149   3.04e-01   5.84e-01   5.23e-01   2.41e+00   0.00e+00 (  3.63e+01,  3.51e+01)
95      1.488   3.38e+00   4.32e+00   2.89e+00   9.46e+01   0.00e+00 (  1.34e+03,  3.03e+01)
 2 e: 1.356e-03 i: 1.201e-03 :: e: 6.247e-02 i: 5.894e-02 :: n: 2.762e+01 e:18.625 i:19.412 v:4.993e+03
>>> tau_he = 5.000000, nhe(0)=2.184678e+00
 5     -0.002   3.75e-03   2.10e-01   2.83e-03  -8.57e-03   0.00e+00 (  7.37e-01,  2.32e+01)
10     -0.006   7.35e-03   4.89e-02  -2.41e-03  -3.32e-02   0.00e+00 (  3.27e+00,  4.78e+01)
15     -0.003   6.39e-02  -3.52e-03   1.08e-02  -2.12e-02   0.00e+00 (  4.32e+01,  7.23e+01)
20      0.006   1.13e-01   5.31e-02   2.15e-02   4.93e-02   0.00e+00 (  7.92e+01,  8.89e+01)
25      0.023   1.23e-01   1.03e-01   3.46e-02   2.00e-01   0.00e+00 (  7.11e+01,  1.01e+02)
30      0.041   1.45e-01   1.36e-01   6.09e-02   3.85e-01   0.00e+00 (  7.16e+01,  1.08e+02)
35      0.043   1.60e-01   1.56e-01   8.54e-02   4.45e-01   0.00e+00 (  7.25e+01,  1.11e+02)
40      0.053   1.82e-01   2.05e-01   1.14e-01   5.83e-01   0.00e+00 (  7.46e+01,  1.09e+02)
45      0.068   2.10e-01   2.52e-01   1.38e-01   7.99e-01   0.00e+00 (  7.61e+01,  1.03e+02)
50      0.079   2.28e-01   3.02e-01   1.48e-01   9.68e-01   0.00e+00 (  7.15e+01,  9.46e+01)
55      0.085   2.41e-01   3.52e-01   1.95e-01   1.09e+00   0.00e+00 (  6.49e+01,  8.56e+01)
60      0.094   2.52e-01   3.82e-01   2.39e-01   1.25e+00   0.00e+00 (  5.77e+01,  7.67e+01)
65      0.118   2.76e-01   4.47e-01   3.06e-01   1.61e+00   0.00e+00 (  5.29e+01,  6.80e+01)
70      0.119   2.70e-01   4.45e-01   3.51e-01   1.67e+00   0.00e+00 (  4.43e+01,  5.99e+01)
75      0.127   2.79e-01   4.83e-01   4.16e-01   1.81e+00   0.00e+00 (  4.04e+01,  5.26e+01)
80      0.133   2.86e-01   5.15e-01   4.70e-01   1.94e+00   0.00e+00 (  3.77e+01,  4.60e+01)
85      0.136   2.82e-01   5.34e-01   4.76e-01   2.00e+00   0.00e+00 (  3.51e+01,  4.02e+01)
90      0.141   2.88e-01   5.41e-01   4.88e-01   2.29e+00   0.00e+00 (  3.26e+01,  3.51e+01)
95      1.489   3.39e+00   4.32e+00   2.89e+00   9.47e+01   0.00e+00 (  1.34e+03,  3.03e+01)
 3 e: 2.383e-04 i: 2.604e-04 :: e: 8.426e-02 i: 8.753e-02 :: n: 2.762e+01 e:19.423 i:19.747 v:4.993e+03
>>> tau_he = 5.000000, nhe(0)=2.206963e+00
 5     -0.002   3.79e-03   2.14e-01   2.86e-03  -9.90e-03   0.00e+00 (  7.76e-01,  2.32e+01)
10     -0.007   7.68e-03   4.95e-02  -2.47e-03  -3.65e-02   0.00e+00 (  3.52e+00,  4.78e+01)
15     -0.002   6.52e-02  -5.96e-04   1.21e-02  -1.19e-02   0.00e+00 (  4.37e+01,  7.23e+01)
20     -0.002   1.13e-01   5.76e-02   2.08e-02  -1.47e-02   0.00e+00 (  7.76e+01,  8.89e+01)
25      0.023   1.24e-01   1.02e-01   3.37e-02   2.02e-01   0.00e+00 (  7.16e+01,  1.01e+02)
30      0.041   1.45e-01   1.37e-01   6.01e-02   3.87e-01   0.00e+00 (  7.24e+01,  1.08e+02)
35      0.043   1.59e-01   1.59e-01   8.62e-02   4.45e-01   0.00e+00 (  7.25e+01,  1.11e+02)
40      0.054   1.81e-01   2.06e-01   1.21e-01   5.94e-01   0.00e+00 (  7.35e+01,  1.09e+02)
45      0.066   2.04e-01   2.54e-01   1.33e-01   7.66e-01   0.00e+00 (  7.27e+01,  1.03e+02)
50      0.080   2.24e-01   3.05e-01   1.45e-01   9.89e-01   0.00e+00 (  6.89e+01,  9.46e+01)
55      0.086   2.36e-01   3.52e-01   1.94e-01   1.11e+00   0.00e+00 (  6.21e+01,  8.56e+01)
60      0.095   2.46e-01   3.79e-01   2.37e-01   1.26e+00   0.00e+00 (  5.49e+01,  7.67e+01)
65      0.117   2.68e-01   4.38e-01   3.01e-01   1.59e+00   0.00e+00 (  5.01e+01,  6.80e+01)
70      0.117   2.62e-01   4.35e-01   3.44e-01   1.64e+00   0.00e+00 (  4.20e+01,  5.99e+01)
75      0.123   2.68e-01   4.66e-01   4.03e-01   1.76e+00   0.00e+00 (  3.79e+01,  5.26e+01)
80      0.128   2.72e-01   4.89e-01   4.48e-01   1.86e+00   0.00e+00 (  3.48e+01,  4.60e+01)
85      0.129   2.66e-01   4.99e-01   4.48e-01   1.90e+00   0.00e+00 (  3.20e+01,  4.02e+01)
90      0.134   2.73e-01   5.01e-01   4.55e-01   2.17e+00   0.00e+00 (  2.97e+01,  3.51e+01)
95      1.490   3.40e+00   4.33e+00   2.89e+00   9.47e+01   0.00e+00 (  1.34e+03,  3.03e+01)
 4 e: 1.202e-04 i: 1.321e-04 :: e: 9.405e-02 i: 9.673e-02 :: n: 2.762e+01 e:19.293 i:19.962 v:4.993e+03
>>> tau_he = 5.000000, nhe(0)=2.185930e+00
 5     -0.002   3.67e-03   2.11e-01   2.90e-03  -1.04e-02   0.00e+00 (  7.77e-01,  2.32e+01)
10     -0.007   7.74e-03   5.02e-02  -2.49e-03  -3.71e-02   0.00e+00 (  3.64e+00,  4.78e+01)
15     -0.001   6.51e-02   1.78e-03   1.21e-02  -6.25e-03   0.00e+00 (  4.34e+01,  7.23e+01)
20     -0.000   1.10e-01   6.06e-02   2.21e-02  -1.76e-03   0.00e+00 (  7.51e+01,  8.89e+01)
25      0.022   1.25e-01   1.04e-01   3.47e-02   1.89e-01   0.00e+00 (  7.29e+01,  1.01e+02)
30      0.040   1.48e-01   1.42e-01   6.20e-02   3.74e-01   0.00e+00 (  7.53e+01,  1.08e+02)
35      0.042   1.62e-01   1.64e-01   8.90e-02   4.34e-01   0.00e+00 (  7.55e+01,  1.11e+02)
40      0.053   1.84e-01   2.11e-01   1.25e-01   5.82e-01   0.00e+00 (  7.62e+01,  1.09e+02)
45      0.065   2.06e-01   2.59e-01   1.34e-01   7.54e-01   0.00e+00 (  7.45e+01,  1.03e+02)
50      0.079   2.25e-01   3.07e-01   1.46e-01   9.75e-01   0.00e+00 (  6.99e+01,  9.46e+01)
55      0.085   2.36e-01   3.52e-01   1.94e-01   1.09e+00   0.00e+00 (  6.24e+01,  8.56e+01)
60      0.092   2.44e-01   3.78e-01   2.34e-01   1.23e+00   0.00e+00 (  5.45e+01,  7.67e+01)
65      0.114   2.63e-01   4.30e-01   2.95e-01   1.55e+00   0.00e+00 (  4.91e+01,  6.80e+01)
70      0.115   2.57e-01   4.27e-01   3.38e-01   1.61e+00   0.00e+00 (  4.11e+01,  5.99e+01)
75      0.120   2.61e-01   4.53e-01   3.93e-01   1.71e+00   0.00e+00 (  3.65e+01,  5.26e+01)
80      0.123   2.62e-01   4.69e-01   4.32e-01   1.79e+00   0.00e+00 (  3.30e+01,  4.60e+01)
85      0.123   2.55e-01   4.72e-01   4.26e-01   1.82e+00   0.00e+00 (  2.99e+01,  4.02e+01)
90      0.127   2.60e-01   4.67e-01   4.25e-01   2.05e+00   0.00e+00 (  2.73e+01,  3.51e+01)
95      1.491   3.41e+00   4.34e+00   2.89e+00   9.48e+01   0.00e+00 (  1.33e+03,  3.03e+01)
 5 e: 2.265e-04 i: 3.185e-05 :: e: 9.328e-02 i: 1.019e-01 :: n: 2.762e+01 e:19.376 i:19.763 v:4.993e+03
>>> tau_he = 5.000000, nhe(0)=2.180194e+00
 5     -0.002   3.64e-03   2.11e-01   2.87e-03  -1.05e-02   0.00e+00 (  7.66e-01,  2.32e+01)
10     -0.007   7.28e-03   4.83e-02  -2.30e-03  -3.64e-02   0.00e+00 (  3.38e+00,  4.78e+01)
15      0.002   6.24e-02   2.28e-04   1.17e-02   1.14e-02   0.00e+00 (  4.01e+01,  7.23e+01)
20      0.000   1.01e-01   5.90e-02   2.15e-02   2.47e-03   0.00e+00 (  6.59e+01,  8.89e+01)
25      0.030   1.19e-01   9.65e-02   3.28e-02   2.61e-01   0.00e+00 (  6.81e+01,  1.01e+02)
30      0.039   1.45e-01   1.37e-01   6.01e-02   3.71e-01   0.00e+00 (  7.28e+01,  1.08e+02)
35      0.042   1.60e-01   1.60e-01   8.72e-02   4.33e-01   0.00e+00 (  7.32e+01,  1.11e+02)
40      0.053   1.80e-01   2.06e-01   1.23e-01   5.79e-01   0.00e+00 (  7.37e+01,  1.09e+02)
45      0.064   2.02e-01   2.52e-01   1.31e-01   7.49e-01   0.00e+00 (  7.17e+01,  1.03e+02)
50      0.079   2.20e-01   3.00e-01   1.43e-01   9.67e-01   0.00e+00 (  6.70e+01,  9.46e+01)
55      0.085   2.31e-01   3.45e-01   1.91e-01   1.08e+00   0.00e+00 (  5.99e+01,  8.56e+01)
60      0.092   2.39e-01   3.72e-01   2.30e-01   1.22e+00   0.00e+00 (  5.24e+01,  7.67e+01)
65      0.113   2.58e-01   4.23e-01   2.91e-01   1.54e+00   0.00e+00 (  4.74e+01,  6.80e+01)
70      0.115   2.54e-01   4.23e-01   3.35e-01   1.61e+00   0.00e+00 (  3.99e+01,  5.99e+01)
75      0.119   2.57e-01   4.46e-01   3.88e-01   1.71e+00   0.00e+00 (  3.53e+01,  5.26e+01)
80      0.122   2.57e-01   4.59e-01   4.24e-01   1.77e+00   0.00e+00 (  3.17e+01,  4.60e+01)
85      0.121   2.49e-01   4.58e-01   4.14e-01   1.79e+00   0.00e+00 (  2.84e+01,  4.02e+01)
90      0.124   2.54e-01   4.51e-01   4.12e-01   2.01e+00   0.00e+00 (  2.59e+01,  3.51e+01)
95      1.492   3.42e+00   4.34e+00   2.89e+00   9.49e+01   0.00e+00 (  1.33e+03,  3.03e+01)
 6 e: 3.292e-05 i: 1.476e-04 :: e: 9.137e-02 i: 9.637e-02 :: n: 2.762e+01 e:19.043 i:19.707 v:4.993e+03
>>> tau_he = 5.000000, nhe(0)=2.151440e+00
 5     -0.002   3.51e-03   2.06e-01   2.87e-03  -1.04e-02   0.00e+00 (  7.45e-01,  2.32e+01)
10     -0.006   7.04e-03   4.73e-02  -2.23e-03  -3.58e-02   0.00e+00 (  3.28e+00,  4.78e+01)
15      0.003   5.99e-02   1.06e-03   1.15e-02   1.92e-02   0.00e+00 (  3.78e+01,  7.23e+01)
20      0.002   9.87e-02   5.82e-02   2.07e-02   1.24e-02   0.00e+00 (  6.31e+01,  8.89e+01)
25      0.030   1.18e-01   9.69e-02   3.38e-02   2.57e-01   0.00e+00 (  6.68e+01,  1.01e+02)
30      0.039   1.45e-01   1.39e-01   6.21e-02   3.65e-01   0.00e+00 (  7.29e+01,  1.08e+02)
35      0.042   1.60e-01   1.63e-01   8.96e-02   4.29e-01   0.00e+00 (  7.37e+01,  1.11e+02)
40      0.052   1.81e-01   2.10e-01   1.27e-01   5.74e-01   0.00e+00 (  7.43e+01,  1.09e+02)
45      0.068   2.06e-01   2.57e-01   1.35e-01   7.99e-01   0.00e+00 (  7.36e+01,  1.03e+02)
50      0.078   2.20e-01   3.03e-01   1.46e-01   9.57e-01   0.00e+00 (  6.72e+01,  9.46e+01)
55      0.086   2.33e-01   3.47e-01   1.94e-01   1.10e+00   0.00e+00 (  6.06e+01,  8.56e+01)
60      0.091   2.39e-01   3.72e-01   2.31e-01   1.21e+00   0.00e+00 (  5.26e+01,  7.67e+01)
65      0.111   2.57e-01   4.21e-01   2.90e-01   1.52e+00   0.00e+00 (  4.73e+01,  6.80e+01)
70      0.113   2.53e-01   4.21e-01   3.34e-01   1.59e+00   0.00e+00 (  3.99e+01,  5.99e+01)
75      0.117   2.55e-01   4.42e-01   3.84e-01   1.68e+00   0.00e+00 (  3.51e+01,  5.26e+01)
80      0.119   2.52e-01   4.50e-01   4.16e-01   1.73e+00   0.00e+00 (  3.11e+01,  4.60e+01)
85      0.118   2.43e-01   4.44e-01   4.02e-01   1.74e+00   0.00e+00 (  2.76e+01,  4.02e+01)
90      0.119   2.45e-01   4.30e-01   3.90e-01   1.93e+00   0.00e+00 (  2.48e+01,  3.51e+01)
95      1.494   3.42e+00   4.34e+00   2.90e+00   9.50e+01   0.00e+00 (  1.33e+03,  3.03e+01)
 7 e: 1.867e-04 i: 2.838e-05 :: e: 8.446e-02 i: 9.340e-02 :: n: 2.762e+01 e:19.004 i:19.439 v:4.993e+03
>>> tau_he = 5.000000, nhe(0)=2.142400e+00
 5     -0.002   3.47e-03   2.05e-01   2.83e-03  -1.02e-02   0.00e+00 (  7.28e-01,  2.32e+01)
10     -0.006   6.86e-03   4.64e-02  -2.13e-03  -3.36e-02   0.00e+00 (  3.15e+00,  4.78e+01)
15      0.005   5.53e-02  -6.15e-04   1.11e-02   3.19e-02   0.00e+00 (  3.38e+01,  7.23e+01)
20      0.004   9.48e-02   5.50e-02   2.06e-02   3.15e-02   0.00e+00 (  5.85e+01,  8.89e+01)
25      0.027   1.14e-01   9.20e-02   3.31e-02   2.36e-01   0.00e+00 (  6.32e+01,  1.01e+02)
30      0.038   1.42e-01   1.33e-01   5.99e-02   3.60e-01   0.00e+00 (  7.00e+01,  1.08e+02)
35      0.041   1.56e-01   1.57e-01   8.69e-02   4.24e-01   0.00e+00 (  7.08e+01,  1.11e+02)
40      0.051   1.77e-01   2.02e-01   1.22e-01   5.66e-01   0.00e+00 (  7.12e+01,  1.09e+02)
45      0.067   2.01e-01   2.45e-01   1.32e-01   7.80e-01   0.00e+00 (  7.01e+01,  1.03e+02)
50      0.076   2.14e-01   2.91e-01   1.41e-01   9.37e-01   0.00e+00 (  6.41e+01,  9.46e+01)
55      0.085   2.27e-01   3.36e-01   1.89e-01   1.08e+00   0.00e+00 (  5.79e+01,  8.56e+01)
60      0.090   2.33e-01   3.63e-01   2.26e-01   1.20e+00   0.00e+00 (  5.05e+01,  7.67e+01)
65      0.110   2.52e-01   4.11e-01   2.84e-01   1.51e+00   0.00e+00 (  4.56e+01,  6.80e+01)
70      0.113   2.50e-01   4.17e-01   3.31e-01   1.59e+00   0.00e+00 (  3.88e+01,  5.99e+01)
75      0.118   2.52e-01   4.38e-01   3.82e-01   1.68e+00   0.00e+00 (  3.43e+01,  5.26e+01)
80      0.119   2.51e-01   4.47e-01   4.14e-01   1.74e+00   0.00e+00 (  3.04e+01,  4.60e+01)
85      0.118   2.41e-01   4.40e-01   3.99e-01   1.74e+00   0.00e+00 (  2.69e+01,  4.02e+01)
90      0.120   2.45e-01   4.27e-01   3.88e-01   1.94e+00   0.00e+00 (  2.42e+01,  3.51e+01)
95      1.493   3.42e+00   4.34e+00   2.89e+00   9.49e+01   0.00e+00 (  1.33e+03,  3.03e+01)
 8 e: 1.853e-05 i: 1.237e-04 :: e: 8.305e-02 i: 8.506e-02 :: n: 2.762e+01 e:18.679 i:19.353 v:4.993e+03
>>> tau_he = 5.000000, nhe(0)=2.115022e+00
 5     -0.002   3.36e-03   1.99e-01   2.82e-03  -1.00e-02   0.00e+00 (  7.07e-01,  2.32e+01)
10     -0.006   6.66e-03   4.55e-02  -2.08e-03  -3.29e-02   0.00e+00 (  3.05e+00,  4.78e+01)
15      0.005   5.54e-02   1.08e-03   1.03e-02   3.43e-02   0.00e+00 (  3.33e+01,  7.23e+01)
20      0.006   9.10e-02   5.63e-02   2.18e-02   4.34e-02   0.00e+00 (  5.53e+01,  8.89e+01)
25      0.025   1.12e-01   9.29e-02   3.37e-02   2.14e-01   0.00e+00 (  6.19e+01,  1.01e+02)
30      0.038   1.41e-01   1.35e-01   6.20e-02   3.58e-01   0.00e+00 (  6.96e+01,  1.08e+02)
35      0.041   1.56e-01   1.61e-01   8.94e-02   4.24e-01   0.00e+00 (  7.08e+01,  1.11e+02)
40      0.051   1.77e-01   2.06e-01   1.25e-01   5.65e-01   0.00e+00 (  7.14e+01,  1.09e+02)
45      0.067   2.01e-01   2.49e-01   1.34e-01   7.78e-01   0.00e+00 (  7.02e+01,  1.03e+02)
50      0.076   2.14e-01   2.94e-01   1.44e-01   9.32e-01   0.00e+00 (  6.43e+01,  9.46e+01)
55      0.084   2.27e-01   3.39e-01   1.92e-01   1.07e+00   0.00e+00 (  5.81e+01,  8.56e+01)
60      0.089   2.33e-01   3.65e-01   2.25e-01   1.18e+00   0.00e+00 (  5.07e+01,  7.67e+01)
65      0.109   2.52e-01   4.12e-01   2.84e-01   1.49e+00   0.00e+00 (  4.58e+01,  6.80e+01)
70      0.112   2.50e-01   4.17e-01   3.31e-01   1.57e+00   0.00e+00 (  3.91e+01,  5.99e+01)
75      0.116   2.52e-01   4.36e-01   3.80e-01   1.66e+00   0.00e+00 (  3.44e+01,  5.26e+01)
80      0.115   2.46e-01   4.37e-01   4.10e-01   1.67e+00   0.00e+00 (  3.00e+01,  4.60e+01)
85      0.115   2.37e-01   4.31e-01   3.91e-01   1.70e+00   0.00e+00 (  2.66e+01,  4.02e+01)
90      0.116   2.40e-01   4.15e-01   3.78e-01   1.88e+00   0.00e+00 (  2.38e+01,  3.51e+01)
95      1.494   3.42e+00   4.35e+00   2.90e+00   9.50e+01   0.00e+00 (  1.33e+03,  3.03e+01)
 9 e: 1.476e-04 i: 2.217e-05 :: e: 7.667e-02 i: 8.021e-02 :: n: 2.762e+01 e:18.647 i:19.104 v:4.993e+03
>>> tau_he = 5.000000, nhe(0)=2.108581e+00
 5     -0.002   3.34e-03   1.99e-01   2.78e-03  -9.86e-03   0.00e+00 (  6.93e-01,  2.32e+01)
10     -0.002   6.94e-04  -4.13e-03  -1.26e-03  -9.94e-03   0.00e+00 (  3.13e-01,  4.78e+01)
15      0.006   5.34e-02  -5.48e-04   1.01e-02   4.11e-02   0.00e+00 (  3.13e+01,  7.23e+01)
20      0.007   8.80e-02   5.32e-02   2.15e-02   5.48e-02   0.00e+00 (  5.20e+01,  8.89e+01)
25      0.025   1.09e-01   8.78e-02   3.28e-02   2.14e-01   0.00e+00 (  5.89e+01,  1.01e+02)
30      0.037   1.38e-01   1.29e-01   5.97e-02   3.52e-01   0.00e+00 (  6.69e+01,  1.08e+02)
35      0.041   1.53e-01   1.54e-01   8.62e-02   4.17e-01   0.00e+00 (  6.81e+01,  1.11e+02)
40      0.050   1.73e-01   1.97e-01   1.18e-01   5.55e-01   0.00e+00 (  6.85e+01,  1.09e+02)
45      0.065   1.95e-01   2.37e-01   1.31e-01   7.56e-01   0.00e+00 (  6.69e+01,  1.03e+02)
50      0.074   2.09e-01   2.81e-01   1.40e-01   9.10e-01   0.00e+00 (  6.14e+01,  9.46e+01)
55      0.082   2.21e-01   3.27e-01   1.87e-01   1.06e+00   0.00e+00 (  5.55e+01,  8.56e+01)
60      0.088   2.28e-01   3.55e-01   2.19e-01   1.17e+00   0.00e+00 (  4.87e+01,  7.67e+01)
65      0.108   2.47e-01   4.01e-01   2.77e-01   1.48e+00   0.00e+00 (  4.42e+01,  6.80e+01)
70      0.112   2.47e-01   4.11e-01   3.27e-01   1.57e+00   0.00e+00 (  3.81e+01,  5.99e+01)
75      0.117   2.50e-01   4.33e-01   3.78e-01   1.67e+00   0.00e+00 (  3.37e+01,  5.26e+01)
80      0.118   2.48e-01   4.41e-01   4.09e-01   1.72e+00   0.00e+00 (  2.99e+01,  4.60e+01)
85      0.117   2.38e-01   4.32e-01   3.93e-01   1.72e+00   0.00e+00 (  2.62e+01,  4.02e+01)
90      0.118   2.42e-01   4.18e-01   3.81e-01   1.91e+00   0.00e+00 (  2.35e+01,  3.51e+01)
95      1.492   3.42e+00   4.34e+00   2.89e+00   9.49e+01   0.00e+00 (  1.33e+03,  3.03e+01)
10 e: 1.714e-05 i: 8.908e-05 :: e: 7.532e-02 i: 7.439e-02 :: n: 2.762e+01 e:18.360 i:19.044 v:4.993e+03
>>> tau_he = 5.000000, nhe(0)=2.087006e+00
 5     -0.002   3.26e-03   1.94e-01   2.77e-03  -9.64e-03   0.00e+00 (  6.76e-01,  2.32e+01)
10     -0.006   6.45e-03   4.42e-02  -2.02e-03  -3.12e-02   0.00e+00 (  2.91e+00,  4.78e+01)
15      0.007   5.28e-02   1.02e-03   1.02e-02   4.57e-02   0.00e+00 (  3.07e+01,  7.23e+01)
20      0.008   8.66e-02   5.48e-02   2.26e-02   6.15e-02   0.00e+00 (  5.06e+01,  8.89e+01)
25      0.025   1.08e-01   8.92e-02   3.36e-02   2.12e-01   0.00e+00 (  5.81e+01,  1.01e+02)
30      0.037   1.38e-01   1.32e-01   6.19e-02   3.52e-01   0.00e+00 (  6.68e+01,  1.08e+02)
35      0.041   1.53e-01   1.58e-01   8.89e-02   4.19e-01   0.00e+00 (  6.83e+01,  1.11e+02)
40      0.050   1.73e-01   2.02e-01   1.22e-01   5.57e-01   0.00e+00 (  6.88e+01,  1.09e+02)
45      0.065   1.96e-01   2.42e-01   1.33e-01   7.59e-01   0.00e+00 (  6.73e+01,  1.03e+02)
50      0.074   2.10e-01   2.86e-01   1.43e-01   9.11e-01   0.00e+00 (  6.19e+01,  9.46e+01)
55      0.082   2.22e-01   3.32e-01   1.90e-01   1.05e+00   0.00e+00 (  5.61e+01,  8.56e+01)
60      0.088   2.29e-01   3.58e-01   2.21e-01   1.17e+00   0.00e+00 (  4.92e+01,  7.67e+01)
65      0.107   2.47e-01   4.04e-01   2.79e-01   1.47e+00   0.00e+00 (  4.47e+01,  6.80e+01)
70      0.111   2.48e-01   4.13e-01   3.28e-01   1.56e+00   0.00e+00 (  3.86e+01,  5.99e+01)
75      0.115   2.50e-01   4.33e-01   3.78e-01   1.65e+00   0.00e+00 (  3.40e+01,  5.26e+01)
80      0.114   2.44e-01   4.33e-01   4.06e-01   1.65e+00   0.00e+00 (  2.97e+01,  4.60e+01)
85      0.114   2.35e-01   4.25e-01   3.86e-01   1.68e+00   0.00e+00 (  2.61e+01,  4.02e+01)
90      0.115   2.38e-01   4.08e-01   3.72e-01   1.86e+00   0.00e+00 (  2.33e+01,  3.51e+01)
95      1.494   3.43e+00   4.35e+00   2.90e+00   9.50e+01   0.00e+00 (  1.33e+03,  3.03e+01)
11 e: 1.105e-04 i: 1.749e-05 :: e: 6.840e-02 i: 6.836e-02 :: n: 2.762e+01 e:18.367 i:18.852 v:4.993e+03
>>> tau_he = 5.000000, nhe(0)=2.084733e+00
 5     -0.002   3.25e-03   1.94e-01   2.75e-03  -9.57e-03   0.00e+00 (  6.67e-01,  2.32e+01)
10     -0.002   6.15e-04  -3.35e-03  -1.23e-03  -1.22e-02   0.00e+00 (  2.74e-01,  4.78e+01)
15      0.008   5.12e-02  -5.85e-04   9.98e-03   5.00e-02   0.00e+00 (  2.91e+01,  7.23e+01)
20      0.017   8.27e-02   4.95e-02   2.17e-02   1.26e-01   0.00e+00 (  4.73e+01,  8.89e+01)
25      0.025   1.06e-01   8.45e-02   3.25e-02   2.11e-01   0.00e+00 (  5.59e+01,  1.01e+02)
30      0.037   1.35e-01   1.26e-01   5.93e-02   3.46e-01   0.00e+00 (  6.46e+01,  1.08e+02)
35      0.041   1.50e-01   1.51e-01   8.56e-02   4.19e-01   0.00e+00 (  6.60e+01,  1.11e+02)
40      0.054   1.72e-01   1.86e-01   1.15e-01   5.95e-01   0.00e+00 (  6.73e+01,  1.09e+02)
45      0.064   1.88e-01   2.30e-01   1.29e-01   7.45e-01   0.00e+00 (  6.37e+01,  1.03e+02)
50      0.072   2.05e-01   2.82e-01   1.43e-01   8.89e-01   0.00e+00 (  5.96e+01,  9.46e+01)
55      0.081   2.17e-01   3.19e-01   1.84e-01   1.04e+00   0.00e+00 (  5.38e+01,  8.56e+01)
60      0.087   2.24e-01   3.48e-01   2.15e-01   1.15e+00   0.00e+00 (  4.74e+01,  7.67e+01)
65      0.107   2.43e-01   3.94e-01   2.73e-01   1.46e+00   0.00e+00 (  4.32e+01,  6.80e+01)
70      0.112   2.45e-01   4.08e-01   3.24e-01   1.56e+00   0.00e+00 (  3.76e+01,  5.99e+01)
75      0.116   2.48e-01   4.30e-01   3.76e-01   1.66e+00   0.00e+00 (  3.33e+01,  5.26e+01)
80      0.115   2.45e-01   4.34e-01   4.07e-01   1.68e+00   0.00e+00 (  2.93e+01,  4.60e+01)
85      0.116   2.36e-01   4.28e-01   3.89e-01   1.71e+00   0.00e+00 (  2.58e+01,  4.02e+01)
90      0.117   2.41e-01   4.14e-01   3.77e-01   1.90e+00   0.00e+00 (  2.32e+01,  3.51e+01)
95      1.492   3.43e+00   4.34e+00   2.89e+00   9.49e+01   0.00e+00 (  1.32e+03,  3.03e+01)
12 e: 2.279e-05 i: 6.375e-05 :: e: 6.695e-02 i: 6.557e-02 :: n: 2.762e+01 e:18.129 i:18.830 v:4.993e+03
>>> tau_he = 5.000000, nhe(0)=2.067012e+00
 5     -0.002   3.18e-03   1.90e-01   2.74e-03  -9.37e-03   0.00e+00 (  6.54e-01,  2.32e+01)
10     -0.005   6.30e-03   4.39e-02  -1.78e-03  -2.99e-02   0.00e+00 (  2.81e+00,  4.78e+01)
15      0.008   5.10e-02   9.76e-04   1.01e-02   5.35e-02   0.00e+00 (  2.89e+01,  7.23e+01)
20      0.013   7.70e-02   5.32e-02   2.17e-02   1.02e-01   0.00e+00 (  4.39e+01,  8.89e+01)
25      0.025   1.05e-01   8.64e-02   3.36e-02   2.12e-01   0.00e+00 (  5.57e+01,  1.01e+02)
30      0.037   1.36e-01   1.29e-01   6.17e-02   3.47e-01   0.00e+00 (  6.49e+01,  1.08e+02)
35      0.041   1.51e-01   1.55e-01   8.85e-02   4.23e-01   0.00e+00 (  6.65e+01,  1.11e+02)
40      0.055   1.74e-01   1.91e-01   1.21e-01   6.03e-01   0.00e+00 (  6.80e+01,  1.09e+02)
45      0.064   1.90e-01   2.37e-01   1.32e-01   7.53e-01   0.00e+00 (  6.45e+01,  1.03e+02)
50      0.073   2.07e-01   2.88e-01   1.46e-01   8.93e-01   0.00e+00 (  6.04e+01,  9.46e+01)
55      0.081   2.18e-01   3.26e-01   1.88e-01   1.04e+00   0.00e+00 (  5.45e+01,  8.56e+01)
60      0.087   2.26e-01   3.54e-01   2.18e-01   1.15e+00   0.00e+00 (  4.82e+01,  7.67e+01)
65      0.106   2.45e-01   3.99e-01   2.76e-01   1.45e+00   0.00e+00 (  4.39e+01,  6.80e+01)
70      0.111   2.46e-01   4.11e-01   3.26e-01   1.55e+00   0.00e+00 (  3.82e+01,  5.99e+01)
75      0.115   2.49e-01   4.31e-01   3.76e-01   1.64e+00   0.00e+00 (  3.38e+01,  5.26e+01)
80      0.114   2.43e-01   4.31e-01   4.05e-01   1.65e+00   0.00e+00 (  2.95e+01,  4.60e+01)
85      0.113   2.33e-01   4.22e-01   3.84e-01   1.67e+00   0.00e+00 (  2.58e+01,  4.02e+01)
90      0.114   2.36e-01   4.04e-01   3.69e-01   1.85e+00   0.00e+00 (  2.30e+01,  3.51e+01)
95      1.494   3.43e+00   4.35e+00   2.90e+00   9.50e+01   0.00e+00 (  1.33e+03,  3.03e+01)
13 e: 8.451e-05 i: 1.950e-05 :: e: 5.845e-02 i: 5.679e-02 :: n: 2.762e+01 e:18.177 i:18.675 v:4.993e+03
>>> tau_he = 5.000000, nhe(0)=2.068927e+00
 5     -0.002   3.19e-03   1.91e-01   2.72e-03  -9.34e-03   0.00e+00 (  6.50e-01,  2.32e+01)
10     -0.002   6.12e-04  -3.34e-03  -1.04e-03  -9.32e-03   0.00e+00 (  2.70e-01,  4.78e+01)
15     -0.007   5.61e-02   2.44e-03   5.78e-03  -4.46e-02   0.00e+00 (  3.13e+01,  7.23e+01)
20      0.014   7.55e-02   5.02e-02   2.06e-02   1.03e-01   0.00e+00 (  4.24e+01,  8.89e+01)
25      0.024   1.03e-01   8.20e-02   3.22e-02   2.08e-01   0.00e+00 (  5.40e+01,  1.01e+02)
30      0.035   1.34e-01   1.24e-01   5.86e-02   3.29e-01   0.00e+00 (  6.31e+01,  1.08e+02)
35      0.040   1.49e-01   1.49e-01   8.51e-02   4.15e-01   0.00e+00 (  6.46e+01,  1.11e+02)
40      0.053   1.70e-01   1.83e-01   1.13e-01   5.89e-01   0.00e+00 (  6.57e+01,  1.09e+02)
45      0.063   1.85e-01   2.24e-01   1.26e-01   7.36e-01   0.00e+00 (  6.19e+01,  1.03e+02)
50      0.071   2.02e-01   2.76e-01   1.41e-01   8.71e-01   0.00e+00 (  5.81e+01,  9.46e+01)
55      0.080   2.14e-01   3.14e-01   1.83e-01   1.02e+00   0.00e+00 (  5.26e+01,  8.56e+01)
60      0.086   2.21e-01   3.44e-01   2.13e-01   1.14e+00   0.00e+00 (  4.66e+01,  7.67e+01)
65      0.106   2.41e-01   3.90e-01   2.70e-01   1.44e+00   0.00e+00 (  4.26e+01,  6.80e+01)
70      0.111   2.44e-01   4.06e-01   3.23e-01   1.56e+00   0.00e+00 (  3.73e+01,  5.99e+01)
75      0.116   2.48e-01   4.29e-01   3.74e-01   1.66e+00   0.00e+00 (  3.32e+01,  5.26e+01)
80      0.115   2.44e-01   4.33e-01   4.07e-01   1.68e+00   0.00e+00 (  2.92e+01,  4.60e+01)
85      0.116   2.36e-01   4.27e-01   3.88e-01   1.71e+00   0.00e+00 (  2.57e+01,  4.02e+01)
90      0.117   2.41e-01   4.12e-01   3.76e-01   1.90e+00   0.00e+00 (  2.30e+01,  3.51e+01)
95      1.492   3.43e+00   4.34e+00   2.89e+00   9.49e+01   0.00e+00 (  1.32e+03,  3.03e+01)
14 e: 3.582e-05 i: 4.769e-05 :: e: 5.919e-02 i: 5.733e-02 :: n: 2.762e+01 e:17.976 i:18.690 v:4.993e+03
>>> tau_he = 5.000000, nhe(0)=2.054231e+00
 5     -0.002   3.14e-03   1.88e-01   2.72e-03  -9.18e-03   0.00e+00 (  6.40e-01,  2.32e+01)
10     -0.005   6.21e-03   4.33e-02  -1.76e-03  -2.91e-02   0.00e+00 (  2.75e+00,  4.78e+01)
15     -0.000   5.63e-02   3.32e-03   5.66e-03  -1.68e-03   0.00e+00 (  3.12e+01,  7.23e+01)
20      0.014   7.57e-02   5.27e-02   1.95e-02   1.10e-01   0.00e+00 (  4.25e+01,  8.89e+01)
25      0.024   1.03e-01   8.45e-02   3.34e-02   2.09e-01   0.00e+00 (  5.42e+01,  1.01e+02)
30      0.035   1.34e-01   1.27e-01   6.11e-02   3.32e-01   0.00e+00 (  6.38e+01,  1.08e+02)
35      0.041   1.50e-01   1.54e-01   8.82e-02   4.20e-01   0.00e+00 (  6.55e+01,  1.11e+02)
40      0.055   1.72e-01   1.90e-01   1.18e-01   6.02e-01   0.00e+00 (  6.69e+01,  1.09e+02)
45      0.064   1.88e-01   2.33e-01   1.29e-01   7.48e-01   0.00e+00 (  6.33e+01,  1.03e+02)
50      0.072   2.05e-01   2.84e-01   1.44e-01   8.81e-01   0.00e+00 (  5.94e+01,  9.46e+01)
55      0.080   2.17e-01   3.23e-01   1.87e-01   1.03e+00   0.00e+00 (  5.38e+01,  8.56e+01)
60      0.086   2.25e-01   3.51e-01   2.17e-01   1.14e+00   0.00e+00 (  4.77e+01,  7.67e+01)
65      0.106   2.44e-01   3.96e-01   2.74e-01   1.45e+00   0.00e+00 (  4.36e+01,  6.80e+01)
70      0.111   2.46e-01   4.10e-01   3.26e-01   1.55e+00   0.00e+00 (  3.81e+01,  5.99e+01)
75      0.115   2.48e-01   4.30e-01   3.76e-01   1.64e+00   0.00e+00 (  3.38e+01,  5.26e+01)
80      0.114   2.43e-01   4.31e-01   4.05e-01   1.65e+00   0.00e+00 (  2.96e+01,  4.60e+01)
85      0.113   2.33e-01   4.21e-01   3.83e-01   1.67e+00   0.00e+00 (  2.57e+01,  4.02e+01)
90      0.114   2.36e-01   4.03e-01   3.68e-01   1.85e+00   0.00e+00 (  2.28e+01,  3.51e+01)
95      1.494   3.43e+00   4.35e+00   2.90e+00   9.50e+01   0.00e+00 (  1.33e+03,  3.03e+01)
15 e: 7.113e-05 i: 2.635e-05 :: e: 5.084e-02 i: 4.757e-02 :: n: 2.762e+01 e:18.059 i:18.563 v:4.993e+03
>>> tau_he = 5.000000, nhe(0)=2.059756e+00
 5     -0.002   3.16e-03   1.90e-01   2.70e-03  -9.19e-03   0.00e+00 (  6.39e-01,  2.32e+01)
10     -0.002   5.92e-04  -3.30e-03  -1.04e-03  -9.14e-03   0.00e+00 (  2.59e-01,  4.78e+01)
15     -0.005   5.46e-02   1.96e-03   5.66e-03  -3.19e-02   0.00e+00 (  2.98e+01,  7.23e+01)
20      0.014   7.41e-02   4.93e-02   2.07e-02   1.08e-01   0.00e+00 (  4.10e+01,  8.89e+01)
25      0.024   1.04e-01   8.03e-02   3.20e-02   2.04e-01   0.00e+00 (  5.41e+01,  1.01e+02)
30      0.035   1.33e-01   1.22e-01   5.82e-02   3.28e-01   0.00e+00 (  6.23e+01,  1.08e+02)
35      0.040   1.48e-01   1.47e-01   8.44e-02   4.12e-01   0.00e+00 (  6.38e+01,  1.11e+02)
40      0.053   1.69e-01   1.81e-01   1.12e-01   5.85e-01   0.00e+00 (  6.49e+01,  1.09e+02)
45      0.062   1.84e-01   2.22e-01   1.26e-01   7.28e-01   0.00e+00 (  6.12e+01,  1.03e+02)
50      0.070   2.01e-01   2.72e-01   1.40e-01   8.61e-01   0.00e+00 (  5.74e+01,  9.46e+01)
55      0.079   2.13e-01   3.11e-01   1.82e-01   1.02e+00   0.00e+00 (  5.21e+01,  8.56e+01)
60      0.086   2.20e-01   3.41e-01   2.12e-01   1.14e+00   0.00e+00 (  4.62e+01,  7.67e+01)
65      0.105   2.40e-01   3.88e-01   2.69e-01   1.44e+00   0.00e+00 (  4.24e+01,  6.80e+01)
70      0.111   2.44e-01   4.06e-01   3.23e-01   1.56e+00   0.00e+00 (  3.73e+01,  5.99e+01)
75      0.116   2.48e-01   4.29e-01   3.75e-01   1.66e+00   0.00e+00 (  3.32e+01,  5.26e+01)
80      0.118   2.47e-01   4.39e-01   4.07e-01   1.72e+00   0.00e+00 (  2.96e+01,  4.60e+01)
85      0.116   2.36e-01   4.27e-01   3.88e-01   1.71e+00   0.00e+00 (  2.56e+01,  4.02e+01)
90      0.117   2.41e-01   4.12e-01   3.76e-01   1.90e+00   0.00e+00 (  2.29e+01,  3.51e+01)
95      1.492   3.43e+00   4.34e+00   2.89e+00   9.48e+01   0.00e+00 (  1.32e+03,  3.03e+01)
16 e: 5.233e-05 i: 3.781e-05 :: e: 4.871e-02 i: 4.827e-02 :: n: 2.762e+01 e:17.880 i:18.610 v:4.993e+03
>>> tau_he = 5.000000, nhe(0)=2.047327e+00
 5     -0.002   3.12e-03   1.87e-01   2.70e-03  -9.06e-03   0.00e+00 (  6.32e-01,  2.32e+01)
10     -0.002   6.18e-04  -3.34e-03  -1.24e-03  -1.18e-02   0.00e+00 (  2.72e-01,  4.78e+01)
15      0.002   5.35e-02   3.15e-03   5.63e-03   1.23e-02   0.00e+00 (  2.92e+01,  7.23e+01)
20      0.015   7.47e-02   5.19e-02   1.93e-02   1.12e-01   0.00e+00 (  4.15e+01,  8.89e+01)
25      0.024   1.05e-01   8.32e-02   3.33e-02   2.07e-01   0.00e+00 (  5.45e+01,  1.01e+02)
30      0.035   1.34e-01   1.26e-01   6.08e-02   3.30e-01   0.00e+00 (  6.33e+01,  1.08e+02)
35      0.041   1.49e-01   1.53e-01   8.78e-02   4.17e-01   0.00e+00 (  6.51e+01,  1.11e+02)
40      0.054   1.71e-01   1.89e-01   1.17e-01   6.00e-01   0.00e+00 (  6.65e+01,  1.09e+02)
45      0.064   1.87e-01   2.31e-01   1.29e-01   7.44e-01   0.00e+00 (  6.30e+01,  1.03e+02)
50      0.071   2.04e-01   2.82e-01   1.44e-01   8.74e-01   0.00e+00 (  5.91e+01,  9.46e+01)
55      0.080   2.16e-01   3.21e-01   1.87e-01   1.03e+00   0.00e+00 (  5.36e+01,  8.56e+01)
60      0.086   2.24e-01   3.50e-01   2.17e-01   1.14e+00   0.00e+00 (  4.77e+01,  7.67e+01)
65      0.106   2.44e-01   3.97e-01   2.74e-01   1.45e+00   0.00e+00 (  4.37e+01,  6.80e+01)
70      0.111   2.47e-01   4.12e-01   3.27e-01   1.56e+00   0.00e+00 (  3.83e+01,  5.99e+01)
75      0.115   2.49e-01   4.32e-01   3.77e-01   1.65e+00   0.00e+00 (  3.40e+01,  5.26e+01)
80      0.114   2.44e-01   4.32e-01   4.06e-01   1.65e+00   0.00e+00 (  2.97e+01,  4.60e+01)
85      0.113   2.33e-01   4.21e-01   3.84e-01   1.67e+00   0.00e+00 (  2.58e+01,  4.02e+01)
90      0.114   2.36e-01   4.04e-01   3.68e-01   1.85e+00   0.00e+00 (  2.28e+01,  3.51e+01)
95      1.494   3.43e+00   4.35e+00   2.89e+00   9.50e+01   0.00e+00 (  1.33e+03,  3.03e+01)
17 e: 6.019e-05 i: 4.021e-05 :: e: 4.028e-02 i: 3.833e-02 :: n: 2.762e+01 e:17.996 i:18.503 v:4.993e+03
>>> tau_he = 5.000000, nhe(0)=2.058629e+00
 5     -0.002   3.15e-03   1.89e-01   2.69e-03  -9.10e-03   0.00e+00 (  6.35e-01,  2.32e+01)
10     -0.002   5.98e-04  -3.31e-03  -1.23e-03  -1.17e-02   0.00e+00 (  2.61e-01,  4.78e+01)
15     -0.004   5.40e-02   2.09e-03   5.80e-03  -2.43e-02   0.00e+00 (  2.91e+01,  7.23e+01)
20      0.014   7.33e-02   4.86e-02   2.08e-02   1.10e-01   0.00e+00 (  4.02e+01,  8.89e+01)
25      0.024   1.04e-01   7.92e-02   3.17e-02   2.03e-01   0.00e+00 (  5.33e+01,  1.01e+02)
30      0.034   1.32e-01   1.21e-01   5.79e-02   3.26e-01   0.00e+00 (  6.20e+01,  1.08e+02)
35      0.040   1.47e-01   1.46e-01   8.39e-02   4.10e-01   0.00e+00 (  6.36e+01,  1.11e+02)
40      0.053   1.68e-01   1.80e-01   1.10e-01   5.83e-01   0.00e+00 (  6.46e+01,  1.09e+02)
45      0.062   1.83e-01   2.20e-01   1.26e-01   7.25e-01   0.00e+00 (  6.11e+01,  1.03e+02)
50      0.070   2.00e-01   2.70e-01   1.40e-01   8.56e-01   0.00e+00 (  5.73e+01,  9.46e+01)
55      0.079   2.13e-01   3.10e-01   1.82e-01   1.01e+00   0.00e+00 (  5.21e+01,  8.56e+01)
60      0.086   2.21e-01   3.41e-01   2.11e-01   1.14e+00   0.00e+00 (  4.63e+01,  7.67e+01)
65      0.106   2.41e-01   3.89e-01   2.69e-01   1.44e+00   0.00e+00 (  4.26e+01,  6.80e+01)
70      0.112   2.45e-01   4.07e-01   3.24e-01   1.57e+00   0.00e+00 (  3.75e+01,  5.99e+01)
75      0.117   2.49e-01   4.31e-01   3.76e-01   1.67e+00   0.00e+00 (  3.34e+01,  5.26e+01)
80      0.119   2.48e-01   4.41e-01   4.09e-01   1.73e+00   0.00e+00 (  2.98e+01,  4.60e+01)
85      0.117   2.37e-01   4.29e-01   3.90e-01   1.72e+00   0.00e+00 (  2.58e+01,  4.02e+01)
90      0.118   2.42e-01   4.15e-01   3.78e-01   1.91e+00   0.00e+00 (  2.30e+01,  3.51e+01)
95      1.492   3.43e+00   4.34e+00   2.89e+00   9.48e+01   0.00e+00 (  1.32e+03,  3.03e+01)
18 e: 7.575e-05 i: 3.084e-05 :: e: 3.880e-02 i: 3.899e-02 :: n: 2.762e+01 e:17.837 i:18.600 v:4.993e+03
>>> tau_he = 5.000000, nhe(0)=2.047924e+00
 5     -0.002   3.12e-03   1.86e-01   2.70e-03  -9.04e-03   0.00e+00 (  6.32e-01,  2.32e+01)
10     -0.005   6.22e-03   4.30e-02  -1.79e-03  -2.89e-02   0.00e+00 (  2.74e+00,  4.78e+01)
15      0.003   5.33e-02   3.49e-03   5.77e-03   1.69e-02   0.00e+00 (  2.88e+01,  7.23e+01)
20      0.015   7.42e-02   5.16e-02   1.94e-02   1.14e-01   0.00e+00 (  4.10e+01,  8.89e+01)
25      0.024   1.04e-01   8.25e-02   3.32e-02   2.06e-01   0.00e+00 (  5.42e+01,  1.01e+02)
30      0.035   1.34e-01   1.26e-01   6.07e-02   3.29e-01   0.00e+00 (  6.33e+01,  1.08e+02)
35      0.040   1.49e-01   1.52e-01   8.75e-02   4.16e-01   0.00e+00 (  6.52e+01,  1.11e+02)
40      0.054   1.71e-01   1.88e-01   1.17e-01   5.96e-01   0.00e+00 (  6.65e+01,  1.09e+02)
45      0.064   1.87e-01   2.31e-01   1.29e-01   7.43e-01   0.00e+00 (  6.32e+01,  1.03e+02)
50      0.071   2.05e-01   2.82e-01   1.44e-01   8.73e-01   0.00e+00 (  5.93e+01,  9.46e+01)
55      0.080   2.17e-01   3.22e-01   1.87e-01   1.03e+00   0.00e+00 (  5.39e+01,  8.56e+01)
60      0.086   2.25e-01   3.51e-01   2.17e-01   1.14e+00   0.00e+00 (  4.81e+01,  7.67e+01)
65      0.106   2.45e-01   3.99e-01   2.76e-01   1.45e+00   0.00e+00 (  4.41e+01,  6.80e+01)
70      0.112   2.49e-01   4.15e-01   3.29e-01   1.57e+00   0.00e+00 (  3.88e+01,  5.99e+01)
75      0.116   2.51e-01   4.35e-01   3.79e-01   1.66e+00   0.00e+00 (  3.43e+01,  5.26e+01)
80      0.114   2.45e-01   4.35e-01   4.09e-01   1.66e+00   0.00e+00 (  3.00e+01,  4.60e+01)
85      0.114   2.35e-01   4.24e-01   3.86e-01   1.68e+00   0.00e+00 (  2.60e+01,  4.02e+01)
90      0.115   2.37e-01   4.06e-01   3.71e-01   1.86e+00   0.00e+00 (  2.30e+01,  3.51e+01)
95      1.494   3.43e+00   4.35e+00   2.89e+00   9.50e+01   0.00e+00 (  1.33e+03,  3.03e+01)
19 e: 5.692e-05 i: 5.167e-05 :: e: 3.019e-02 i: 2.932e-02 :: n: 2.762e+01 e:17.994 i:18.508 v:4.993e+03
>>> tau_he = 5.000000, nhe(0)=2.059776e+00
 5     -0.002   3.16e-03   1.89e-01   2.69e-03  -9.11e-03   0.00e+00 (  6.36e-01,  2.32e+01)
10     -0.002   5.85e-04  -3.29e-03  -1.22e-03  -1.17e-02   0.00e+00 (  2.55e-01,  4.78e+01)
15     -0.002   5.19e-02   1.77e-03   5.58e-03  -1.54e-02   0.00e+00 (  2.77e+01,  7.23e+01)
20      0.015   7.29e-02   4.81e-02   2.09e-02   1.13e-01   0.00e+00 (  3.99e+01,  8.89e+01)
25      0.024   1.02e-01   7.83e-02   3.14e-02   2.03e-01   0.00e+00 (  5.24e+01,  1.01e+02)
30      0.034   1.32e-01   1.20e-01   5.75e-02   3.25e-01   0.00e+00 (  6.21e+01,  1.08e+02)
35      0.040   1.48e-01   1.46e-01   8.33e-02   4.09e-01   0.00e+00 (  6.38e+01,  1.11e+02)
40      0.053   1.69e-01   1.79e-01   1.09e-01   5.83e-01   0.00e+00 (  6.49e+01,  1.09e+02)
45      0.062   1.84e-01   2.20e-01   1.26e-01   7.24e-01   0.00e+00 (  6.14e+01,  1.03e+02)
50      0.070   2.01e-01   2.70e-01   1.40e-01   8.55e-01   0.00e+00 (  5.76e+01,  9.46e+01)
55      0.079   2.13e-01   3.10e-01   1.82e-01   1.02e+00   0.00e+00 (  5.25e+01,  8.56e+01)
60      0.086   2.22e-01   3.41e-01   2.12e-01   1.14e+00   0.00e+00 (  4.67e+01,  7.67e+01)
65      0.106   2.42e-01   3.91e-01   2.71e-01   1.45e+00   0.00e+00 (  4.31e+01,  6.80e+01)
70      0.113   2.47e-01   4.11e-01   3.27e-01   1.58e+00   0.00e+00 (  3.80e+01,  5.99e+01)
75      0.118   2.51e-01   4.35e-01   3.79e-01   1.68e+00   0.00e+00 (  3.39e+01,  5.26e+01)
80      0.120   2.50e-01   4.45e-01   4.13e-01   1.74e+00   0.00e+00 (  3.02e+01,  4.60e+01)
85      0.118   2.39e-01   4.34e-01   3.94e-01   1.74e+00   0.00e+00 (  2.61e+01,  4.02e+01)
90      0.119   2.44e-01   4.19e-01   3.81e-01   1.93e+00   0.00e+00 (  2.32e+01,  3.51e+01)
95      1.491   3.42e+00   4.34e+00   2.89e+00   9.48e+01   0.00e+00 (  1.32e+03,  3.03e+01)
20 e: 9.528e-05 i: 2.869e-05 :: e: 2.889e-02 i: 3.036e-02 :: n: 2.762e+01 e:17.840 i:18.610 v:4.993e+03
>>> tau_he = 5.000000, nhe(0)=2.049964e+00
 5     -0.002   3.13e-03   1.87e-01   2.70e-03  -9.02e-03   0.00e+00 (  6.34e-01,  2.32e+01)
10     -0.005   6.21e-03   4.31e-02  -1.78e-03  -2.87e-02   0.00e+00 (  2.73e+00,  4.78e+01)
15      0.003   5.36e-02   3.10e-03   5.64e-03   1.79e-02   0.00e+00 (  2.88e+01,  7.23e+01)
20      0.015   7.40e-02   5.13e-02   1.94e-02   1.16e-01   0.00e+00 (  4.08e+01,  8.89e+01)
25      0.024   1.04e-01   8.20e-02   3.30e-02   2.05e-01   0.00e+00 (  5.42e+01,  1.01e+02)
30      0.035   1.34e-01   1.26e-01   6.05e-02   3.29e-01   0.00e+00 (  6.36e+01,  1.08e+02)
35      0.040   1.50e-01   1.52e-01   8.72e-02   4.16e-01   0.00e+00 (  6.56e+01,  1.11e+02)
40      0.054   1.72e-01   1.89e-01   1.16e-01   5.97e-01   0.00e+00 (  6.70e+01,  1.09e+02)
45      0.064   1.88e-01   2.32e-01   1.30e-01   7.44e-01   0.00e+00 (  6.38e+01,  1.03e+02)
50      0.071   2.06e-01   2.83e-01   1.45e-01   8.74e-01   0.00e+00 (  5.99e+01,  9.46e+01)
55      0.081   2.18e-01   3.23e-01   1.88e-01   1.03e+00   0.00e+00 (  5.46e+01,  8.56e+01)
60      0.087   2.27e-01   3.53e-01   2.18e-01   1.15e+00   0.00e+00 (  4.87e+01,  7.67e+01)
65      0.107   2.48e-01   4.03e-01   2.78e-01   1.47e+00   0.00e+00 (  4.49e+01,  6.80e+01)
70      0.113   2.52e-01   4.20e-01   3.33e-01   1.58e+00   0.00e+00 (  3.95e+01,  5.99e+01)
75      0.117   2.54e-01   4.40e-01   3.83e-01   1.67e+00   0.00e+00 (  3.49e+01,  5.26e+01)
80      0.118   2.50e-01   4.45e-01   4.12e-01   1.71e+00   0.00e+00 (  3.08e+01,  4.60e+01)
85      0.115   2.37e-01   4.29e-01   3.90e-01   1.70e+00   0.00e+00 (  2.64e+01,  4.02e+01)
90      0.116   2.39e-01   4.11e-01   3.74e-01   1.88e+00   0.00e+00 (  2.33e+01,  3.51e+01)
95      1.493   3.43e+00   4.35e+00   2.89e+00   9.49e+01   0.00e+00 (  1.33e+03,  3.03e+01)
21 e: 5.650e-05 i: 6.400e-05 :: e: 1.982e-02 i: 1.968e-02 :: n: 2.762e+01 e:18.017 i:18.526 v:4.993e+03
>>> tau_he = 5.000000, nhe(0)=2.063969e+00
 5     -0.002   3.18e-03   1.91e-01   2.70e-03  -9.11e-03   0.00e+00 (  6.40e-01,  2.32e+01)
10     -0.002   5.94e-04  -3.31e-03  -1.04e-03  -9.06e-03   0.00e+00 (  2.58e-01,  4.78e+01)
15     -0.002   5.21e-02   1.16e-03   5.47e-03  -1.51e-02   0.00e+00 (  2.77e+01,  7.23e+01)
20      0.015   7.28e-02   4.77e-02   2.09e-02   1.14e-01   0.00e+00 (  3.97e+01,  8.89e+01)
25      0.024   1.02e-01   7.77e-02   3.12e-02   2.03e-01   0.00e+00 (  5.25e+01,  1.01e+02)
30      0.034   1.33e-01   1.20e-01   5.71e-02   3.25e-01   0.00e+00 (  6.24e+01,  1.08e+02)
35      0.040   1.48e-01   1.45e-01   8.29e-02   4.08e-01   0.00e+00 (  6.43e+01,  1.11e+02)
40      0.053   1.69e-01   1.79e-01   1.08e-01   5.83e-01   0.00e+00 (  6.54e+01,  1.09e+02)
45      0.062   1.85e-01   2.20e-01   1.26e-01   7.24e-01   0.00e+00 (  6.20e+01,  1.03e+02)
50      0.070   2.02e-01   2.70e-01   1.40e-01   8.56e-01   0.00e+00 (  5.82e+01,  9.46e+01)
55      0.080   2.15e-01   3.12e-01   1.82e-01   1.02e+00   0.00e+00 (  5.31e+01,  8.56e+01)
60      0.086   2.23e-01   3.43e-01   2.13e-01   1.14e+00   0.00e+00 (  4.73e+01,  7.67e+01)
65      0.107   2.45e-01   3.95e-01   2.73e-01   1.47e+00   0.00e+00 (  4.38e+01,  6.80e+01)
70      0.114   2.50e-01   4.16e-01   3.30e-01   1.60e+00   0.00e+00 (  3.87e+01,  5.99e+01)
75      0.119   2.54e-01   4.41e-01   3.84e-01   1.70e+00   0.00e+00 (  3.45e+01,  5.26e+01)
80      0.121   2.53e-01   4.51e-01   4.17e-01   1.76e+00   0.00e+00 (  3.07e+01,  4.60e+01)
85      0.119   2.42e-01   4.40e-01   3.99e-01   1.76e+00   0.00e+00 (  2.65e+01,  4.02e+01)
90      0.120   2.46e-01   4.26e-01   3.86e-01   1.95e+00   0.00e+00 (  2.36e+01,  3.51e+01)
95      1.491   3.42e+00   4.34e+00   2.89e+00   9.48e+01   0.00e+00 (  1.32e+03,  3.03e+01)
22 e: 1.153e-04 i: 2.876e-05 :: e: 1.964e-02 i: 2.236e-02 :: n: 2.762e+01 e:17.865 i:18.646 v:4.993e+03
>>> tau_he = 5.000000, nhe(0)=2.054656e+00
 5     -0.002   3.15e-03   1.88e-01   2.71e-03  -9.03e-03   0.00e+00 (  6.38e-01,  2.32e+01)
10     -0.002   6.31e-04  -3.38e-03  -1.25e-03  -1.18e-02   0.00e+00 (  2.77e-01,  4.78e+01)
15      0.003   5.35e-02   2.60e-03   5.62e-03   2.00e-02   0.00e+00 (  2.86e+01,  7.23e+01)
20      0.015   7.41e-02   5.11e-02   1.94e-02   1.17e-01   0.00e+00 (  4.08e+01,  8.89e+01)
25      0.024   1.05e-01   8.18e-02   3.29e-02   2.05e-01   0.00e+00 (  5.44e+01,  1.01e+02)
30      0.035   1.35e-01   1.26e-01   6.03e-02   3.29e-01   0.00e+00 (  6.41e+01,  1.08e+02)
35      0.041   1.51e-01   1.53e-01   8.70e-02   4.17e-01   0.00e+00 (  6.63e+01,  1.11e+02)
40      0.054   1.73e-01   1.89e-01   1.16e-01   5.98e-01   0.00e+00 (  6.78e+01,  1.09e+02)
45      0.063   1.92e-01   2.33e-01   1.31e-01   7.39e-01   0.00e+00 (  6.55e+01,  1.03e+02)
50      0.071   2.07e-01   2.84e-01   1.45e-01   8.78e-01   0.00e+00 (  6.07e+01,  9.46e+01)
55      0.081   2.21e-01   3.26e-01   1.88e-01   1.04e+00   0.00e+00 (  5.56e+01,  8.56e+01)
60      0.087   2.29e-01   3.56e-01   2.19e-01   1.16e+00   0.00e+00 (  4.96e+01,  7.67e+01)
65      0.108   2.51e-01   4.08e-01   2.81e-01   1.48e+00   0.00e+00 (  4.58e+01,  6.80e+01)
70      0.114   2.55e-01   4.26e-01   3.37e-01   1.60e+00   0.00e+00 (  4.03e+01,  5.99e+01)
75      0.118   2.57e-01   4.46e-01   3.88e-01   1.69e+00   0.00e+00 (  3.57e+01,  5.26e+01)
80      0.119   2.53e-01   4.51e-01   4.18e-01   1.73e+00   0.00e+00 (  3.14e+01,  4.60e+01)
85      0.116   2.39e-01   4.36e-01   3.96e-01   1.72e+00   0.00e+00 (  2.69e+01,  4.02e+01)
90      0.117   2.41e-01   4.17e-01   3.80e-01   1.90e+00   0.00e+00 (  2.37e+01,  3.51e+01)
95      1.493   3.42e+00   4.34e+00   2.89e+00   9.49e+01   0.00e+00 (  1.33e+03,  3.03e+01)
23 e: 5.858e-05 i: 8.039e-05 :: e: 1.010e-02 i: 1.205e-02 :: n: 2.762e+01 e:18.063 i:18.566 v:4.993e+03
>>> tau_he = 5.000000, nhe(0)=2.073117e+00
 5     -0.002   3.21e-03   1.93e-01   2.70e-03  -9.15e-03   0.00e+00 (  6.46e-01,  2.32e+01)
10     -0.002   6.05e-04  -3.34e-03  -1.24e-03  -1.18e-02   0.00e+00 (  2.64e-01,  4.78e+01)
15     -0.002   5.25e-02   1.28e-03   5.56e-03  -1.33e-02   0.00e+00 (  2.78e+01,  7.23e+01)
20      0.015   7.30e-02   4.74e-02   2.09e-02   1.15e-01   0.00e+00 (  3.98e+01,  8.89e+01)
25      0.023   1.04e-01   7.74e-02   3.10e-02   2.02e-01   0.00e+00 (  5.35e+01,  1.01e+02)
30      0.034   1.34e-01   1.20e-01   5.68e-02   3.25e-01   0.00e+00 (  6.30e+01,  1.08e+02)
35      0.040   1.49e-01   1.45e-01   8.24e-02   4.09e-01   0.00e+00 (  6.49e+01,  1.11e+02)
40      0.053   1.71e-01   1.79e-01   1.07e-01   5.84e-01   0.00e+00 (  6.61e+01,  1.09e+02)
45      0.062   1.86e-01   2.20e-01   1.27e-01   7.27e-01   0.00e+00 (  6.28e+01,  1.03e+02)
50      0.070   2.03e-01   2.71e-01   1.40e-01   8.60e-01   0.00e+00 (  5.89e+01,  9.46e+01)
55      0.080   2.17e-01   3.13e-01   1.82e-01   1.03e+00   0.00e+00 (  5.39e+01,  8.56e+01)
60      0.087   2.26e-01   3.45e-01   2.14e-01   1.15e+00   0.00e+00 (  4.81e+01,  7.67e+01)
65      0.109   2.48e-01   3.99e-01   2.76e-01   1.48e+00   0.00e+00 (  4.46e+01,  6.80e+01)
70      0.116   2.53e-01   4.22e-01   3.34e-01   1.62e+00   0.00e+00 (  3.95e+01,  5.99e+01)
75      0.121   2.58e-01   4.47e-01   3.88e-01   1.72e+00   0.00e+00 (  3.52e+01,  5.26e+01)
80      0.123   2.57e-01   4.58e-01   4.23e-01   1.78e+00   0.00e+00 (  3.13e+01,  4.60e+01)
85      0.121   2.45e-01   4.48e-01   4.05e-01   1.78e+00   0.00e+00 (  2.71e+01,  4.02e+01)
90      0.122   2.49e-01   4.33e-01   3.93e-01   1.98e+00   0.00e+00 (  2.40e+01,  3.51e+01)
95      1.491   3.42e+00   4.33e+00   2.89e+00   9.48e+01   0.00e+00 (  1.32e+03,  3.03e+01)
24 e: 1.409e-04 i: 2.999e-05 :: e: 1.092e-02 i: 1.470e-02 :: n: 2.762e+01 e:17.913 i:18.726 v:4.993e+03
>>> tau_he = 5.000000, nhe(0)=2.063800e+00
 5     -0.002   3.18e-03   1.90e-01   2.73e-03  -9.13e-03   0.00e+00 (  6.47e-01,  2.32e+01)
10     -0.005   6.33e-03   4.37e-02  -1.82e-03  -2.94e-02   0.00e+00 (  2.79e+00,  4.78e+01)
15      0.003   5.41e-02   2.96e-03   5.72e-03   2.11e-02   0.00e+00 (  2.90e+01,  7.23e+01)
20      0.015   7.46e-02   5.11e-02   1.94e-02   1.17e-01   0.00e+00 (  4.11e+01,  8.89e+01)
25      0.024   1.05e-01   8.18e-02   3.28e-02   2.06e-01   0.00e+00 (  5.50e+01,  1.01e+02)
30      0.035   1.36e-01   1.26e-01   6.02e-02   3.30e-01   0.00e+00 (  6.49e+01,  1.08e+02)
35      0.041   1.52e-01   1.53e-01   8.68e-02   4.18e-01   0.00e+00 (  6.72e+01,  1.11e+02)
40      0.055   1.75e-01   1.90e-01   1.15e-01   6.01e-01   0.00e+00 (  6.88e+01,  1.09e+02)
45      0.064   1.94e-01   2.34e-01   1.31e-01   7.43e-01   0.00e+00 (  6.66e+01,  1.03e+02)
50      0.072   2.09e-01   2.86e-01   1.46e-01   8.83e-01   0.00e+00 (  6.18e+01,  9.46e+01)
55      0.082   2.24e-01   3.29e-01   1.89e-01   1.05e+00   0.00e+00 (  5.67e+01,  8.56e+01)
60      0.088   2.32e-01   3.59e-01   2.22e-01   1.16e+00   0.00e+00 (  5.06e+01,  7.67e+01)
65      0.110   2.55e-01   4.14e-01   2.85e-01   1.50e+00   0.00e+00 (  4.68e+01,  6.80e+01)
70      0.116   2.59e-01   4.32e-01   3.42e-01   1.62e+00   0.00e+00 (  4.13e+01,  5.99e+01)
75      0.120   2.61e-01   4.53e-01   3.93e-01   1.71e+00   0.00e+00 (  3.65e+01,  5.26e+01)
80      0.121   2.57e-01   4.59e-01   4.24e-01   1.75e+00   0.00e+00 (  3.21e+01,  4.60e+01)
85      0.118   2.43e-01   4.44e-01   4.02e-01   1.74e+00   0.00e+00 (  2.75e+01,  4.02e+01)
90      0.119   2.44e-01   4.25e-01   3.86e-01   1.92e+00   0.00e+00 (  2.42e+01,  3.51e+01)
95      1.493   3.42e+00   4.34e+00   2.89e+00   9.49e+01   0.00e+00 (  1.33e+03,  3.03e+01)
25 e: 6.694e-05 i: 9.047e-05 :: e: 5.735e-03 i: 1.002e-02 :: n: 2.762e+01 e:18.141 i:18.646 v:4.993e+03
>>> tau_he = 5.000000, nhe(0)=2.081429e+00
 5     -0.002   3.25e-03   1.95e-01   2.72e-03  -9.26e-03   0.00e+00 (  6.56e-01,  2.32e+01)
10     -0.002   6.18e-04  -3.37e-03  -1.05e-03  -9.21e-03   0.00e+00 (  2.70e-01,  4.78e+01)
15     -0.002   5.27e-02   6.65e-04   5.41e-03  -1.31e-02   0.00e+00 (  2.79e+01,  7.23e+01)
20      0.015   7.34e-02   4.72e-02   2.08e-02   1.15e-01   0.00e+00 (  4.01e+01,  8.89e+01)
25      0.023   1.04e-01   7.71e-02   3.08e-02   2.02e-01   0.00e+00 (  5.40e+01,  1.01e+02)
30      0.034   1.35e-01   1.19e-01   5.64e-02   3.25e-01   0.00e+00 (  6.37e+01,  1.08e+02)
35      0.040   1.50e-01   1.45e-01   8.20e-02   4.09e-01   0.00e+00 (  6.57e+01,  1.11e+02)
40      0.053   1.72e-01   1.79e-01   1.06e-01   5.86e-01   0.00e+00 (  6.69e+01,  1.09e+02)
45      0.062   1.90e-01   2.21e-01   1.27e-01   7.22e-01   0.00e+00 (  6.45e+01,  1.03e+02)
50      0.070   2.05e-01   2.72e-01   1.40e-01   8.64e-01   0.00e+00 (  5.99e+01,  9.46e+01)
55      0.081   2.19e-01   3.15e-01   1.83e-01   1.03e+00   0.00e+00 (  5.49e+01,  8.56e+01)
60      0.087   2.28e-01   3.48e-01   2.15e-01   1.16e+00   0.00e+00 (  4.90e+01,  7.67e+01)
65      0.110   2.51e-01   4.04e-01   2.79e-01   1.50e+00   0.00e+00 (  4.55e+01,  6.80e+01)
70      0.117   2.57e-01   4.28e-01   3.39e-01   1.64e+00   0.00e+00 (  4.04e+01,  5.99e+01)
75      0.122   2.62e-01   4.54e-01   3.94e-01   1.75e+00   0.00e+00 (  3.60e+01,  5.26e+01)
80      0.124   2.61e-01   4.65e-01   4.29e-01   1.81e+00   0.00e+00 (  3.20e+01,  4.60e+01)
85      0.122   2.48e-01   4.56e-01   4.12e-01   1.81e+00   0.00e+00 (  2.77e+01,  4.02e+01)
90      0.125   2.54e-01   4.45e-01   4.07e-01   2.02e+00   0.00e+00 (  2.48e+01,  3.51e+01)
95      1.490   3.42e+00   4.33e+00   2.89e+00   9.47e+01   0.00e+00 (  1.32e+03,  3.03e+01)
26 e: 1.565e-04 i: 3.493e-05 :: e: 6.548e-03 i: 1.245e-02 :: n: 2.762e+01 e:17.979 i:18.800 v:4.993e+03
>>> tau_he = 5.000000, nhe(0)=2.071450e+00
 5     -0.002   3.21e-03   1.93e-01   2.75e-03  -9.19e-03   0.00e+00 (  6.55e-01,  2.32e+01)
10     -0.005   6.35e-03   4.40e-02  -1.81e-03  -2.94e-02   0.00e+00 (  2.80e+00,  4.78e+01)
15      0.003   5.43e-02   2.46e-03   5.68e-03   2.19e-02   0.00e+00 (  2.90e+01,  7.23e+01)
20      0.015   7.45e-02   5.07e-02   2.19e-02   1.16e-01   0.00e+00 (  4.12e+01,  8.89e+01)
25      0.024   1.04e-01   8.19e-02   3.27e-02   2.08e-01   0.00e+00 (  5.42e+01,  1.01e+02)
30      0.035   1.37e-01   1.26e-01   6.01e-02   3.31e-01   0.00e+00 (  6.58e+01,  1.08e+02)
35      0.041   1.53e-01   1.53e-01   8.67e-02   4.19e-01   0.00e+00 (  6.82e+01,  1.11e+02)
40      0.055   1.76e-01   1.91e-01   1.15e-01   6.04e-01   0.00e+00 (  6.98e+01,  1.09e+02)
45      0.064   1.96e-01   2.36e-01   1.32e-01   7.49e-01   0.00e+00 (  6.76e+01,  1.03e+02)
50      0.072   2.12e-01   2.88e-01   1.46e-01   8.89e-01   0.00e+00 (  6.29e+01,  9.46e+01)
55      0.082   2.26e-01   3.32e-01   1.91e-01   1.06e+00   0.00e+00 (  5.79e+01,  8.56e+01)
60      0.089   2.35e-01   3.63e-01   2.24e-01   1.17e+00   0.00e+00 (  5.17e+01,  7.67e+01)
65      0.111   2.58e-01   4.20e-01   2.89e-01   1.52e+00   0.00e+00 (  4.79e+01,  6.80e+01)
70      0.117   2.63e-01   4.39e-01   3.47e-01   1.64e+00   0.00e+00 (  4.23e+01,  5.99e+01)
75      0.121   2.65e-01   4.61e-01   3.99e-01   1.73e+00   0.00e+00 (  3.75e+01,  5.26e+01)
80      0.122   2.61e-01   4.67e-01   4.30e-01   1.78e+00   0.00e+00 (  3.30e+01,  4.60e+01)
85      0.119   2.46e-01   4.52e-01   4.09e-01   1.76e+00   0.00e+00 (  2.82e+01,  4.02e+01)
90      0.120   2.47e-01   4.32e-01   3.92e-01   1.95e+00   0.00e+00 (  2.47e+01,  3.51e+01)
95      1.493   3.42e+00   4.34e+00   2.89e+00   9.49e+01   0.00e+00 (  1.33e+03,  3.03e+01)
27 e: 7.777e-05 i: 9.919e-05 :: e: 9.108e-03 i: 1.211e-02 :: n: 2.762e+01 e:18.215 i:18.713 v:4.993e+03
slurmstepd: error: *** STEP 41166903.22 ON nid005794 CANCELLED AT 2025-07-30T05:44:09 DUE TO TIME LIMIT ***
